Included 22 edge cases.
Included 78 random cases.
Included 100 cases in total.
Finished formatting.
Included 0 edge cases.
Included 1000 random cases.
Included 1000 cases in total.
Finished formatting.
========================================
Setup
========================================
Search Configuration:
signature: ProgramSignature(output_stacks=['bool'], push_config=PushConfig(collection_size_cap=1000, growth_cap=500, step_limit=600, numeric_magnitude_limit=1000000000000.0, runtime_limit=10), arity=3)
evaluator: <pyshgp.gp.evaluation.DatasetEvaluator object at 0x7f96a626f8b0>
spawner: <pyshgp.gp.genome.GeneSpawner object at 0x7f96a6266e80>
population_size: 200
max_generations: 300
error_threshold: 0.0
initial_genome_size: (40, 200)
simplification_steps: 500
parallel_context: <pyshgp.gp.search.ParallelContext object at 0x7f96a626f4f0>
selection: <pyshgp.utils.DiscreteProbDistrib object at 0x7f969aa50100>
variation: <pyshgp.utils.DiscreteProbDistrib object at 0x7f969aa50980>
Instructions:
int_add, int_sub, int_mult, int_div, int_mod, int_min, int_max, int_inc, int_dec, int_lt, int_lte, int_gt, int_gte, int_from_bool, str_concat, str_insert_str, str_from_first_char, str_from_last_char, str_from_nth_char, str_contains_str, str_index_of_str, str_split_on_str, str_replace_first_str, str_replace_n_str, str_replace_all_str, str_remove_first_str, str_remove_n_str, str_remove_all_str, str_occurrences_of_str, str_reverse, str_head, str_tail, str_rest, str_but_last, str_drop, str_but_last_n, str_length, str_make_empty, str_is_empty_string, str_remove_nth, str_strip_whitespace, str_from_bool, str_from_int, bool_and, bool_or, bool_not, bool_xor, bool_invert_first_then_and, bool_second_first_then_and, bool_from_int, noop, noop_open, exec_do_range, exec_do_count, exec_while, exec_do_while, exec_if, exec_when, print_bool, println_bool, print_int, println_int, print_str, println_str, print_exec, println_exec, bool_pop, bool_dup, bool_dup_times, bool_swap, bool_rot, bool_flush, bool_eq, bool_stack_depth, bool_yank, bool_yank_dup, bool_shove, bool_shove_dup, bool_is_empty, int_pop, int_dup, int_dup_times, int_swap, int_rot, int_flush, int_eq, int_stack_depth, int_yank, int_yank_dup, int_shove, int_shove_dup, int_is_empty, str_pop, str_dup, str_dup_times, str_swap, str_rot, str_flush, str_eq, str_stack_depth, str_yank, str_yank_dup, str_shove, str_shove_dup, str_is_empty, exec_pop, exec_dup, exec_dup_times, exec_swap, exec_rot, exec_flush, exec_eq, exec_stack_depth, exec_yank, exec_yank_dup, exec_shove, exec_shove_dup, exec_is_empty
Literals:
[]
ERC Generators:
[<function rand_bool at 0x7f96a626b820>]
========================================
Start Run
========================================
2021-12-09 21:30:44.087822 | GENERATION: 1 | ERRORS: best=32, median=100000000.0, diversity=0.025 | INDIVIDUALS: n=200, avg_genome_length=116.875
2021-12-09 21:30:49.910309 | GENERATION: 2 | ERRORS: best=32, median=32.0, diversity=0.04 | INDIVIDUALS: n=200, avg_genome_length=132.29
2021-12-09 21:30:55.486061 | GENERATION: 3 | ERRORS: best=32, median=32.0, diversity=0.1 | INDIVIDUALS: n=200, avg_genome_length=156.425
2021-12-09 21:31:04.377683 | GENERATION: 4 | ERRORS: best=32, median=50.0, diversity=0.255 | INDIVIDUALS: n=200, avg_genome_length=156.745
2021-12-09 21:31:17.344120 | GENERATION: 5 | ERRORS: best=31, median=53.0, diversity=0.62 | INDIVIDUALS: n=200, avg_genome_length=154.81
2021-12-09 21:31:33.552385 | GENERATION: 6 | ERRORS: best=24, median=47.0, diversity=0.745 | INDIVIDUALS: n=200, avg_genome_length=151.855
2021-12-09 21:31:50.206395 | GENERATION: 7 | ERRORS: best=22, median=42.0, diversity=0.745 | INDIVIDUALS: n=200, avg_genome_length=149.605
2021-12-09 21:32:07.863494 | GENERATION: 8 | ERRORS: best=22, median=42.5, diversity=0.785 | INDIVIDUALS: n=200, avg_genome_length=152.7
2021-12-09 21:32:26.982391 | GENERATION: 9 | ERRORS: best=18, median=41.0, diversity=0.81 | INDIVIDUALS: n=200, avg_genome_length=153.815
2021-12-09 21:32:45.287128 | GENERATION: 10 | ERRORS: best=18, median=41.5, diversity=0.84 | INDIVIDUALS: n=200, avg_genome_length=154.575
2021-12-09 21:33:04.200914 | GENERATION: 11 | ERRORS: best=18, median=36.0, diversity=0.81 | INDIVIDUALS: n=200, avg_genome_length=155.305
2021-12-09 21:33:24.961653 | GENERATION: 12 | ERRORS: best=12, median=42.0, diversity=0.885 | INDIVIDUALS: n=200, avg_genome_length=155.67
2021-12-09 21:33:43.676069 | GENERATION: 13 | ERRORS: best=11, median=41.0, diversity=0.83 | INDIVIDUALS: n=200, avg_genome_length=156.08
2021-12-09 21:34:04.055630 | GENERATION: 14 | ERRORS: best=11, median=42.0, diversity=0.87 | INDIVIDUALS: n=200, avg_genome_length=156.7
2021-12-09 21:34:23.142071 | GENERATION: 15 | ERRORS: best=11, median=35.0, diversity=0.855 | INDIVIDUALS: n=200, avg_genome_length=156.515
2021-12-09 21:34:43.110019 | GENERATION: 16 | ERRORS: best=12, median=35.0, diversity=0.88 | INDIVIDUALS: n=200, avg_genome_length=156.285
2021-12-09 21:35:02.799690 | GENERATION: 17 | ERRORS: best=12, median=33.0, diversity=0.86 | INDIVIDUALS: n=200, avg_genome_length=156.035
2021-12-09 21:35:21.501947 | GENERATION: 18 | ERRORS: best=11, median=34.0, diversity=0.89 | INDIVIDUALS: n=200, avg_genome_length=155.515
2021-12-09 21:35:41.168733 | GENERATION: 19 | ERRORS: best=10, median=37.0, diversity=0.89 | INDIVIDUALS: n=200, avg_genome_length=155.405
2021-12-09 21:36:00.568554 | GENERATION: 20 | ERRORS: best=10, median=34.0, diversity=0.89 | INDIVIDUALS: n=200, avg_genome_length=155.19
2021-12-09 21:36:19.491328 | GENERATION: 21 | ERRORS: best=9, median=33.5, diversity=0.875 | INDIVIDUALS: n=200, avg_genome_length=154.695
2021-12-09 21:36:38.241580 | GENERATION: 22 | ERRORS: best=9, median=34.5, diversity=0.875 | INDIVIDUALS: n=200, avg_genome_length=153.645
2021-12-09 21:36:57.163289 | GENERATION: 23 | ERRORS: best=9, median=33.0, diversity=0.9 | INDIVIDUALS: n=200, avg_genome_length=153.335
2021-12-09 21:37:13.950752 | GENERATION: 24 | ERRORS: best=10, median=32.5, diversity=0.84 | INDIVIDUALS: n=200, avg_genome_length=153.04
2021-12-09 21:37:31.618826 | GENERATION: 25 | ERRORS: best=10, median=32.5, diversity=0.845 | INDIVIDUALS: n=200, avg_genome_length=152.265
2021-12-09 21:37:48.605523 | GENERATION: 26 | ERRORS: best=9, median=32.5, diversity=0.84 | INDIVIDUALS: n=200, avg_genome_length=153.045
2021-12-09 21:38:05.339100 | GENERATION: 27 | ERRORS: best=9, median=32.0, diversity=0.87 | INDIVIDUALS: n=200, avg_genome_length=150.95
2021-12-09 21:38:21.655863 | GENERATION: 28 | ERRORS: best=9, median=32.5, diversity=0.85 | INDIVIDUALS: n=200, avg_genome_length=149.865
2021-12-09 21:38:37.606849 | GENERATION: 29 | ERRORS: best=9, median=33.0, diversity=0.845 | INDIVIDUALS: n=200, avg_genome_length=148.97
2021-12-09 21:38:52.205819 | GENERATION: 30 | ERRORS: best=9, median=32.0, diversity=0.775 | INDIVIDUALS: n=200, avg_genome_length=148.245
2021-12-09 21:39:08.057184 | GENERATION: 31 | ERRORS: best=9, median=32.0, diversity=0.815 | INDIVIDUALS: n=200, avg_genome_length=147.69
2021-12-09 21:39:25.093171 | GENERATION: 32 | ERRORS: best=9, median=32.0, diversity=0.82 | INDIVIDUALS: n=200, avg_genome_length=147.555
2021-12-09 21:39:40.802995 | GENERATION: 33 | ERRORS: best=9, median=32.0, diversity=0.785 | INDIVIDUALS: n=200, avg_genome_length=147.745
2021-12-09 21:39:57.112489 | GENERATION: 34 | ERRORS: best=9, median=32.0, diversity=0.78 | INDIVIDUALS: n=200, avg_genome_length=147.7
2021-12-09 21:40:13.222544 | GENERATION: 35 | ERRORS: best=9, median=32.0, diversity=0.78 | INDIVIDUALS: n=200, avg_genome_length=148.39
2021-12-09 21:40:29.772587 | GENERATION: 36 | ERRORS: best=9, median=32.0, diversity=0.805 | INDIVIDUALS: n=200, avg_genome_length=148.74
2021-12-09 21:40:45.924924 | GENERATION: 37 | ERRORS: best=9, median=32.0, diversity=0.72 | INDIVIDUALS: n=200, avg_genome_length=149.205
2021-12-09 21:41:03.290326 | GENERATION: 38 | ERRORS: best=9, median=32.0, diversity=0.805 | INDIVIDUALS: n=200, avg_genome_length=148.03
2021-12-09 21:41:19.979392 | GENERATION: 39 | ERRORS: best=11, median=32.0, diversity=0.755 | INDIVIDUALS: n=200, avg_genome_length=148.29
2021-12-09 21:41:36.615619 | GENERATION: 40 | ERRORS: best=9, median=32.0, diversity=0.8 | INDIVIDUALS: n=200, avg_genome_length=148.4
2021-12-09 21:41:53.198040 | GENERATION: 41 | ERRORS: best=10, median=32.0, diversity=0.815 | INDIVIDUALS: n=200, avg_genome_length=148.105
2021-12-09 21:42:09.042249 | GENERATION: 42 | ERRORS: best=10, median=32.0, diversity=0.74 | INDIVIDUALS: n=200, avg_genome_length=148.09
2021-12-09 21:42:25.498900 | GENERATION: 43 | ERRORS: best=10, median=32.0, diversity=0.76 | INDIVIDUALS: n=200, avg_genome_length=147.92
2021-12-09 21:42:41.574396 | GENERATION: 44 | ERRORS: best=9, median=32.0, diversity=0.805 | INDIVIDUALS: n=200, avg_genome_length=147.76
2021-12-09 21:42:58.004688 | GENERATION: 45 | ERRORS: best=9, median=32.0, diversity=0.81 | INDIVIDUALS: n=200, avg_genome_length=147.525
2021-12-09 21:43:12.991681 | GENERATION: 46 | ERRORS: best=9, median=32.0, diversity=0.7 | INDIVIDUALS: n=200, avg_genome_length=146.825
2021-12-09 21:43:27.975638 | GENERATION: 47 | ERRORS: best=9, median=32.0, diversity=0.765 | INDIVIDUALS: n=200, avg_genome_length=147.31
2021-12-09 21:43:43.830888 | GENERATION: 48 | ERRORS: best=9, median=32.0, diversity=0.755 | INDIVIDUALS: n=200, avg_genome_length=147.975
2021-12-09 21:44:00.596993 | GENERATION: 49 | ERRORS: best=9, median=32.0, diversity=0.805 | INDIVIDUALS: n=200, avg_genome_length=148.195
2021-12-09 21:44:16.272501 | GENERATION: 50 | ERRORS: best=10, median=32.0, diversity=0.81 | INDIVIDUALS: n=200, avg_genome_length=148.155
2021-12-09 21:44:31.463996 | GENERATION: 51 | ERRORS: best=10, median=32.0, diversity=0.75 | INDIVIDUALS: n=200, avg_genome_length=147.76
2021-12-09 21:44:46.700587 | GENERATION: 52 | ERRORS: best=9, median=32.0, diversity=0.77 | INDIVIDUALS: n=200, avg_genome_length=147.175
2021-12-09 21:45:01.783980 | GENERATION: 53 | ERRORS: best=9, median=32.0, diversity=0.74 | INDIVIDUALS: n=200, avg_genome_length=147.845
2021-12-09 21:45:18.161796 | GENERATION: 54 | ERRORS: best=8, median=31.0, diversity=0.85 | INDIVIDUALS: n=200, avg_genome_length=147.8
2021-12-09 21:45:33.912065 | GENERATION: 55 | ERRORS: best=8, median=32.0, diversity=0.79 | INDIVIDUALS: n=200, avg_genome_length=148.28
2021-12-09 21:45:49.798186 | GENERATION: 56 | ERRORS: best=8, median=32.0, diversity=0.76 | INDIVIDUALS: n=200, avg_genome_length=147.93
2021-12-09 21:46:05.281638 | GENERATION: 57 | ERRORS: best=8, median=32.0, diversity=0.735 | INDIVIDUALS: n=200, avg_genome_length=148.385
2021-12-09 21:46:20.331595 | GENERATION: 58 | ERRORS: best=8, median=32.0, diversity=0.74 | INDIVIDUALS: n=200, avg_genome_length=147.01
2021-12-09 21:46:34.717446 | GENERATION: 59 | ERRORS: best=7, median=32.0, diversity=0.7 | INDIVIDUALS: n=200, avg_genome_length=145.91
2021-12-09 21:46:50.094393 | GENERATION: 60 | ERRORS: best=7, median=32.0, diversity=0.73 | INDIVIDUALS: n=200, avg_genome_length=145.655
2021-12-09 21:47:05.248297 | GENERATION: 61 | ERRORS: best=7, median=32.0, diversity=0.76 | INDIVIDUALS: n=200, avg_genome_length=145.62
2021-12-09 21:47:21.220804 | GENERATION: 62 | ERRORS: best=6, median=32.0, diversity=0.8 | INDIVIDUALS: n=200, avg_genome_length=144.85
2021-12-09 21:47:37.234062 | GENERATION: 63 | ERRORS: best=6, median=32.0, diversity=0.77 | INDIVIDUALS: n=200, avg_genome_length=144.51
2021-12-09 21:47:53.808052 | GENERATION: 64 | ERRORS: best=6, median=32.0, diversity=0.77 | INDIVIDUALS: n=200, avg_genome_length=144.37
2021-12-09 21:48:09.294519 | GENERATION: 65 | ERRORS: best=5, median=32.0, diversity=0.665 | INDIVIDUALS: n=200, avg_genome_length=143.39
2021-12-09 21:48:25.172154 | GENERATION: 66 | ERRORS: best=4, median=32.0, diversity=0.715 | INDIVIDUALS: n=200, avg_genome_length=143.515
2021-12-09 21:48:41.458293 | GENERATION: 67 | ERRORS: best=4, median=32.0, diversity=0.715 | INDIVIDUALS: n=200, avg_genome_length=143.115
2021-12-09 21:48:57.251963 | GENERATION: 68 | ERRORS: best=3, median=32.0, diversity=0.71 | INDIVIDUALS: n=200, avg_genome_length=140.36
2021-12-09 21:49:12.562055 | GENERATION: 69 | ERRORS: best=2, median=31.0, diversity=0.68 | INDIVIDUALS: n=200, avg_genome_length=140.1
2021-12-09 21:49:27.304444 | GENERATION: 70 | ERRORS: best=2, median=31.0, diversity=0.705 | INDIVIDUALS: n=200, avg_genome_length=139.985
2021-12-09 21:49:41.981022 | GENERATION: 71 | ERRORS: best=2, median=32.0, diversity=0.625 | INDIVIDUALS: n=200, avg_genome_length=139.845
2021-12-09 21:49:56.377273 | GENERATION: 72 | ERRORS: best=2, median=30.5, diversity=0.545 | INDIVIDUALS: n=200, avg_genome_length=139.295
2021-12-09 21:50:10.072741 | GENERATION: 73 | ERRORS: best=2, median=32.0, diversity=0.59 | INDIVIDUALS: n=200, avg_genome_length=139.155
2021-12-09 21:50:25.414066 | GENERATION: 74 | ERRORS: best=2, median=32.0, diversity=0.615 | INDIVIDUALS: n=200, avg_genome_length=139.945
2021-12-09 21:50:40.017440 | GENERATION: 75 | ERRORS: best=1, median=30.0, diversity=0.65 | INDIVIDUALS: n=200, avg_genome_length=140.18
2021-12-09 21:50:54.088939 | GENERATION: 76 | ERRORS: best=1, median=30.0, diversity=0.51 | INDIVIDUALS: n=200, avg_genome_length=139.845
Simplifying genome of length 142 with total error 0.
Simplified genome by 1 to length 141.
Simplified genome by 1 to length 140.
Simplified genome by 1 to length 139.
Simplified genome by 1 to length 138.
Simplified genome by 2 to length 136.
Simplified genome by 1 to length 135.
Simplified genome by 1 to length 134.
Simplified genome by 1 to length 133.
Simplified genome by 1 to length 132.
Simplified genome by 2 to length 130.
Simplified genome by 1 to length 129.
Simplified genome by 1 to length 128.
Simplified genome by 1 to length 127.
Simplified genome by 1 to length 126.
Simplified genome by 1 to length 125.
Simplified genome by 1 to length 124.
Simplified genome by 1 to length 123.
Simplified genome to length 123 and total error 0.
========================================
End Run
========================================
Solution found.
Best Seen Individual
	Genome:
	 pvector([InstructionMeta(name='int_dec', code_blocks=0), InstructionMeta(name='str_reverse', code_blocks=0), InstructionMeta(name='int_dup', code_blocks=0), InstructionMeta(name='str_occurrences_of_str', code_blocks=0), Closer(), InstructionMeta(name='exec_shove_dup', code_blocks=1), InstructionMeta(name='int_dec', code_blocks=0), InstructionMeta(name='str_remove_all_str', code_blocks=0), InstructionMeta(name='str_split_on_str', code_blocks=0), InstructionMeta(name='str_from_nth_char', code_blocks=0), InstructionMeta(name='bool_not', code_blocks=0), InstructionMeta(name='print_exec', code_blocks=0), InstructionMeta(name='exec_while', code_blocks=1), InstructionMeta(name='str_remove_first_str', code_blocks=0), InstructionMeta(name='str_concat', code_blocks=0), InstructionMeta(name='bool_pop', code_blocks=0), InstructionMeta(name='str_remove_nth', code_blocks=0), InstructionMeta(name='exec_shove_dup', code_blocks=1), InstructionMeta(name='str_from_bool', code_blocks=0), Closer(), InstructionMeta(name='str_yank', code_blocks=0), InstructionMeta(name='int_swap', code_blocks=0), InstructionMeta(name='str_occurrences_of_str', code_blocks=0), InstructionMeta(name='bool_pop', code_blocks=0), InstructionMeta(name='exec_shove_dup', code_blocks=1), InstructionMeta(name='bool_is_empty', code_blocks=0), InstructionMeta(name='str_split_on_str', code_blocks=0), InstructionMeta(name='str_from_nth_char', code_blocks=0), InstructionMeta(name='bool_not', code_blocks=0), InstructionMeta(name='print_exec', code_blocks=0), InstructionMeta(name='exec_while', code_blocks=1), Input(input_index=0), InstructionMeta(name='str_swap', code_blocks=0), Closer(), InstructionMeta(name='str_from_bool', code_blocks=0), InstructionMeta(name='bool_is_empty', code_blocks=0), InstructionMeta(name='bool_dup', code_blocks=0), InstructionMeta(name='int_min', code_blocks=0), InstructionMeta(name='str_occurrences_of_str', code_blocks=0), InstructionMeta(name='exec_is_empty', code_blocks=0), InstructionMeta(name='bool_is_empty', code_blocks=0), InstructionMeta(name='exec_while', code_blocks=1), Closer(), InstructionMeta(name='str_concat', code_blocks=0), InstructionMeta(name='str_length', code_blocks=0), InstructionMeta(name='str_occurrences_of_str', code_blocks=0), InstructionMeta(name='exec_is_empty', code_blocks=0), InstructionMeta(name='bool_is_empty', code_blocks=0), InstructionMeta(name='int_max', code_blocks=0), InstructionMeta(name='int_lt', code_blocks=0), InstructionMeta(name='str_shove', code_blocks=0), InstructionMeta(name='bool_dup', code_blocks=0), InstructionMeta(name='exec_swap', code_blocks=2), InstructionMeta(name='bool_swap', code_blocks=0), Input(input_index=1), InstructionMeta(name='str_length', code_blocks=0), InstructionMeta(name='bool_and', code_blocks=0), InstructionMeta(name='int_sub', code_blocks=0), InstructionMeta(name='bool_xor', code_blocks=0), InstructionMeta(name='str_occurrences_of_str', code_blocks=0), Closer(), InstructionMeta(name='exec_is_empty', code_blocks=0), InstructionMeta(name='bool_is_empty', code_blocks=0), InstructionMeta(name='bool_not', code_blocks=0), InstructionMeta(name='print_exec', code_blocks=0), InstructionMeta(name='exec_while', code_blocks=1), InstructionMeta(name='int_min', code_blocks=0), InstructionMeta(name='exec_when', code_blocks=1), Literal(value=False, push_type=<pyshgp.push.types.PushBoolType object at 0x7f96a4839e20>), Closer(), InstructionMeta(name='bool_swap', code_blocks=0), Input(input_index=1), Closer(), InstructionMeta(name='int_dec', code_blocks=0), InstructionMeta(name='str_remove_all_str', code_blocks=0), Closer(), InstructionMeta(name='bool_not', code_blocks=0), InstructionMeta(name='print_exec', code_blocks=0), InstructionMeta(name='exec_while', code_blocks=1), InstructionMeta(name='bool_not', code_blocks=0), Input(input_index=2), InstructionMeta(name='str_split_on_str', code_blocks=0), InstructionMeta(name='str_tail', code_blocks=0), InstructionMeta(name='str_length', code_blocks=0), InstructionMeta(name='exec_do_count', code_blocks=1), Closer(), InstructionMeta(name='exec_yank', code_blocks=0), InstructionMeta(name='str_yank', code_blocks=0), InstructionMeta(name='println_bool', code_blocks=0), InstructionMeta(name='str_split_on_str', code_blocks=0), InstructionMeta(name='noop_open', code_blocks=1), InstructionMeta(name='str_is_empty', code_blocks=0), Closer(), InstructionMeta(name='noop_open', code_blocks=1), InstructionMeta(name='bool_not', code_blocks=0), Input(input_index=1), InstructionMeta(name='str_length', code_blocks=0), InstructionMeta(name='bool_not', code_blocks=0), InstructionMeta(name='print_exec', code_blocks=0), InstructionMeta(name='exec_while', code_blocks=1), InstructionMeta(name='bool_from_int', code_blocks=0), Closer(), Closer(), InstructionMeta(name='str_drop', code_blocks=0), InstructionMeta(name='int_max', code_blocks=0), InstructionMeta(name='exec_is_empty', code_blocks=0), InstructionMeta(name='bool_is_empty', code_blocks=0), InstructionMeta(name='println_str', code_blocks=0), InstructionMeta(name='exec_do_range', code_blocks=1), InstructionMeta(name='bool_is_empty', code_blocks=0), InstructionMeta(name='exec_swap', code_blocks=2), InstructionMeta(name='bool_swap', code_blocks=0), Closer(), InstructionMeta(name='str_drop', code_blocks=0), Closer(), InstructionMeta(name='int_max', code_blocks=0), InstructionMeta(name='exec_do_while', code_blocks=1), InstructionMeta(name='str_insert_str', code_blocks=0), InstructionMeta(name='exec_do_range', code_blocks=1), Input(input_index=0), InstructionMeta(name='str_length', code_blocks=0), InstructionMeta(name='int_gte', code_blocks=0), InstructionMeta(name='int_stack_depth', code_blocks=0)])
	Program:
	 (int_dec str_reverse int_dup str_occurrences_of_str exec_shove_dup (int_dec str_remove_all_str str_split_on_str str_from_nth_char bool_not print_exec exec_while (str_remove_first_str str_concat bool_pop str_remove_nth exec_shove_dup (str_from_bool) str_yank int_swap str_occurrences_of_str bool_pop exec_shove_dup (bool_is_empty str_split_on_str str_from_nth_char bool_not print_exec exec_while (input_0 str_swap) str_from_bool bool_is_empty bool_dup int_min str_occurrences_of_str exec_is_empty bool_is_empty exec_while () str_concat str_length str_occurrences_of_str exec_is_empty bool_is_empty int_max int_lt str_shove bool_dup exec_swap (bool_swap input_1 str_length bool_and int_sub bool_xor str_occurrences_of_str) (exec_is_empty bool_is_empty bool_not print_exec exec_while (int_min exec_when (False) bool_swap input_1) int_dec str_remove_all_str) bool_not print_exec exec_while (bool_not input_2 str_split_on_str str_tail str_length exec_do_count () exec_yank str_yank println_bool str_split_on_str noop_open (str_is_empty) noop_open (bool_not input_1 str_length bool_not print_exec exec_while (bool_from_int)) str_drop int_max exec_is_empty bool_is_empty println_str exec_do_range (bool_is_empty exec_swap (bool_swap) (str_drop) int_max exec_do_while (str_insert_str exec_do_range (input_0 str_length int_gte int_stack_depth))))))))
	Error vector:
	 [0 0 0 0 0 0 0 0 0 0 0 0 0 0 0 0 0 0 0 0 0 0 0 0 0 0 0 0 0 0 0 0 0 0 0 0 0
 0 0 0 0 0 0 0 0 0 0 0 0 0 0 0 0 0 0 0 0 0 0 0 0 0 0 0 0 0 0 0 0 0 0 0 0 0
 0 0 0 0 0 0 0 0 0 0 0 0 0 0 0 0 0 0 0 0 0 0 0 0 0 0]
	Total error:
	 0
	Test error:
	 68
	Time:
	 00:23:49
