Included 22 edge cases.
Included 78 random cases.
Included 100 cases in total.
Finished formatting.
Included 0 edge cases.
Included 1000 random cases.
Included 1000 cases in total.
Finished formatting.
========================================
Setup
========================================
Search Configuration:
signature: ProgramSignature(push_config=PushConfig(runtime_limit=10, collection_size_cap=1000, growth_cap=500, numeric_magnitude_limit=1000000000000.0, step_limit=600), arity=3, output_stacks=['bool'])
evaluator: <pyshgp.gp.evaluation.DatasetEvaluator object at 0x7f4877a9c970>
spawner: <pyshgp.gp.genome.GeneSpawner object at 0x7f4883c536d0>
population_size: 200
max_generations: 300
error_threshold: 0.0
initial_genome_size: (40, 200)
simplification_steps: 500
parallel_context: <pyshgp.gp.search.ParallelContext object at 0x7f4877a9c7c0>
selection: <pyshgp.utils.DiscreteProbDistrib object at 0x7f4876b2f140>
variation: <pyshgp.utils.DiscreteProbDistrib object at 0x7f4876b2fe00>
Instructions:
int_add, int_sub, int_mult, int_div, int_mod, int_min, int_max, int_inc, int_dec, int_lt, int_lte, int_gt, int_gte, int_from_bool, str_concat, str_insert_str, str_from_first_char, str_from_last_char, str_from_nth_char, str_contains_str, str_index_of_str, str_split_on_str, str_replace_first_str, str_replace_n_str, str_replace_all_str, str_remove_first_str, str_remove_n_str, str_remove_all_str, str_occurrences_of_str, str_reverse, str_head, str_tail, str_rest, str_but_last, str_drop, str_but_last_n, str_length, str_make_empty, str_is_empty_string, str_remove_nth, str_strip_whitespace, str_from_bool, str_from_int, bool_and, bool_or, bool_not, bool_xor, bool_invert_first_then_and, bool_second_first_then_and, bool_from_int, noop, noop_open, exec_do_range, exec_do_count, exec_while, exec_do_while, exec_if, exec_when, print_bool, println_bool, print_int, println_int, print_str, println_str, print_exec, println_exec, bool_pop, bool_dup, bool_dup_times, bool_swap, bool_rot, bool_flush, bool_eq, bool_stack_depth, bool_yank, bool_yank_dup, bool_shove, bool_shove_dup, bool_is_empty, int_pop, int_dup, int_dup_times, int_swap, int_rot, int_flush, int_eq, int_stack_depth, int_yank, int_yank_dup, int_shove, int_shove_dup, int_is_empty, str_pop, str_dup, str_dup_times, str_swap, str_rot, str_flush, str_eq, str_stack_depth, str_yank, str_yank_dup, str_shove, str_shove_dup, str_is_empty, exec_pop, exec_dup, exec_dup_times, exec_swap, exec_rot, exec_flush, exec_eq, exec_stack_depth, exec_yank, exec_yank_dup, exec_shove, exec_shove_dup, exec_is_empty
Literals:
[]
ERC Generators:
[<function rand_bool at 0x7f4883c59820>]
========================================
Start Run
========================================
2021-12-10 00:10:16.311482 | GENERATION: 1 | ERRORS: best=32, median=100000000.0, diversity=0.02 | INDIVIDUALS: n=200, avg_genome_length=118.91
2021-12-10 00:10:21.755205 | GENERATION: 2 | ERRORS: best=32, median=32.0, diversity=0.055 | INDIVIDUALS: n=200, avg_genome_length=136.185
2021-12-10 00:10:28.527945 | GENERATION: 3 | ERRORS: best=28, median=47.0, diversity=0.095 | INDIVIDUALS: n=200, avg_genome_length=154.355
2021-12-10 00:10:36.150574 | GENERATION: 4 | ERRORS: best=19, median=55.0, diversity=0.315 | INDIVIDUALS: n=200, avg_genome_length=161.22
2021-12-10 00:10:44.116840 | GENERATION: 5 | ERRORS: best=15, median=32.0, diversity=0.47 | INDIVIDUALS: n=200, avg_genome_length=140.91
2021-12-10 00:10:53.805870 | GENERATION: 6 | ERRORS: best=15, median=32.0, diversity=0.42 | INDIVIDUALS: n=200, avg_genome_length=138.455
2021-12-10 00:11:04.023020 | GENERATION: 7 | ERRORS: best=15, median=32.0, diversity=0.505 | INDIVIDUALS: n=200, avg_genome_length=136.73
2021-12-10 00:11:14.956499 | GENERATION: 8 | ERRORS: best=15, median=32.0, diversity=0.51 | INDIVIDUALS: n=200, avg_genome_length=136.58
2021-12-10 00:11:26.576746 | GENERATION: 9 | ERRORS: best=15, median=32.0, diversity=0.46 | INDIVIDUALS: n=200, avg_genome_length=134.965
2021-12-10 00:11:39.472823 | GENERATION: 10 | ERRORS: best=14, median=32.0, diversity=0.5 | INDIVIDUALS: n=200, avg_genome_length=132.9
2021-12-10 00:11:52.791829 | GENERATION: 11 | ERRORS: best=14, median=32.0, diversity=0.53 | INDIVIDUALS: n=200, avg_genome_length=134.95
2021-12-10 00:12:05.215465 | GENERATION: 12 | ERRORS: best=13, median=32.0, diversity=0.555 | INDIVIDUALS: n=200, avg_genome_length=134.82
2021-12-10 00:12:18.451330 | GENERATION: 13 | ERRORS: best=13, median=32.0, diversity=0.515 | INDIVIDUALS: n=200, avg_genome_length=135.705
2021-12-10 00:12:32.327595 | GENERATION: 14 | ERRORS: best=12, median=32.0, diversity=0.525 | INDIVIDUALS: n=200, avg_genome_length=135.915
2021-12-10 00:12:47.196543 | GENERATION: 15 | ERRORS: best=6, median=32.0, diversity=0.555 | INDIVIDUALS: n=200, avg_genome_length=135.405
2021-12-10 00:13:01.379896 | GENERATION: 16 | ERRORS: best=6, median=32.0, diversity=0.535 | INDIVIDUALS: n=200, avg_genome_length=135.735
2021-12-10 00:13:15.462069 | GENERATION: 17 | ERRORS: best=6, median=32.0, diversity=0.495 | INDIVIDUALS: n=200, avg_genome_length=135.94
2021-12-10 00:13:32.140619 | GENERATION: 18 | ERRORS: best=6, median=32.0, diversity=0.47 | INDIVIDUALS: n=200, avg_genome_length=135.2
2021-12-10 00:13:48.397274 | GENERATION: 19 | ERRORS: best=6, median=32.0, diversity=0.455 | INDIVIDUALS: n=200, avg_genome_length=134.58
2021-12-10 00:14:05.284412 | GENERATION: 20 | ERRORS: best=6, median=32.0, diversity=0.505 | INDIVIDUALS: n=200, avg_genome_length=135.94
2021-12-10 00:14:22.903981 | GENERATION: 21 | ERRORS: best=6, median=32.0, diversity=0.57 | INDIVIDUALS: n=200, avg_genome_length=137.175
2021-12-10 00:14:40.826176 | GENERATION: 22 | ERRORS: best=6, median=32.0, diversity=0.56 | INDIVIDUALS: n=200, avg_genome_length=137.885
2021-12-10 00:14:59.538751 | GENERATION: 23 | ERRORS: best=6, median=32.0, diversity=0.595 | INDIVIDUALS: n=200, avg_genome_length=138.56
2021-12-10 00:15:17.110982 | GENERATION: 24 | ERRORS: best=6, median=32.0, diversity=0.56 | INDIVIDUALS: n=200, avg_genome_length=138.36
2021-12-10 00:15:34.640133 | GENERATION: 25 | ERRORS: best=6, median=32.0, diversity=0.61 | INDIVIDUALS: n=200, avg_genome_length=138.865
2021-12-10 00:15:53.011807 | GENERATION: 26 | ERRORS: best=6, median=32.0, diversity=0.56 | INDIVIDUALS: n=200, avg_genome_length=139.77
2021-12-10 00:16:11.858804 | GENERATION: 27 | ERRORS: best=6, median=32.0, diversity=0.575 | INDIVIDUALS: n=200, avg_genome_length=140.015
2021-12-10 00:16:31.834400 | GENERATION: 28 | ERRORS: best=6, median=37.0, diversity=0.67 | INDIVIDUALS: n=200, avg_genome_length=139.61
2021-12-10 00:16:52.030224 | GENERATION: 29 | ERRORS: best=6, median=32.0, diversity=0.655 | INDIVIDUALS: n=200, avg_genome_length=140.305
2021-12-10 00:17:10.956877 | GENERATION: 30 | ERRORS: best=6, median=32.0, diversity=0.63 | INDIVIDUALS: n=200, avg_genome_length=140.905
2021-12-10 00:17:30.523672 | GENERATION: 31 | ERRORS: best=6, median=32.0, diversity=0.585 | INDIVIDUALS: n=200, avg_genome_length=142.095
2021-12-10 00:17:49.737696 | GENERATION: 32 | ERRORS: best=6, median=32.0, diversity=0.635 | INDIVIDUALS: n=200, avg_genome_length=140.76
2021-12-10 00:18:08.688219 | GENERATION: 33 | ERRORS: best=6, median=32.0, diversity=0.67 | INDIVIDUALS: n=200, avg_genome_length=140.85
2021-12-10 00:18:28.485497 | GENERATION: 34 | ERRORS: best=6, median=32.0, diversity=0.665 | INDIVIDUALS: n=200, avg_genome_length=141.16
2021-12-10 00:18:47.587643 | GENERATION: 35 | ERRORS: best=6, median=32.0, diversity=0.65 | INDIVIDUALS: n=200, avg_genome_length=140.29
2021-12-10 00:19:07.063448 | GENERATION: 36 | ERRORS: best=6, median=32.0, diversity=0.68 | INDIVIDUALS: n=200, avg_genome_length=139.61
2021-12-10 00:19:27.057718 | GENERATION: 37 | ERRORS: best=6, median=32.0, diversity=0.7 | INDIVIDUALS: n=200, avg_genome_length=140.165
2021-12-10 00:19:45.635843 | GENERATION: 38 | ERRORS: best=5, median=32.0, diversity=0.63 | INDIVIDUALS: n=200, avg_genome_length=139.84
2021-12-10 00:20:01.629243 | GENERATION: 39 | ERRORS: best=5, median=32.0, diversity=0.615 | INDIVIDUALS: n=200, avg_genome_length=141.38
2021-12-10 00:20:16.413645 | GENERATION: 40 | ERRORS: best=5, median=32.0, diversity=0.675 | INDIVIDUALS: n=200, avg_genome_length=142.18
2021-12-10 00:20:32.356248 | GENERATION: 41 | ERRORS: best=5, median=32.0, diversity=0.66 | INDIVIDUALS: n=200, avg_genome_length=142.295
2021-12-10 00:20:48.074502 | GENERATION: 42 | ERRORS: best=5, median=32.0, diversity=0.7 | INDIVIDUALS: n=200, avg_genome_length=142.085
2021-12-10 00:21:04.540941 | GENERATION: 43 | ERRORS: best=5, median=32.0, diversity=0.67 | INDIVIDUALS: n=200, avg_genome_length=141.97
2021-12-10 00:21:19.583816 | GENERATION: 44 | ERRORS: best=5, median=32.0, diversity=0.715 | INDIVIDUALS: n=200, avg_genome_length=142.96
2021-12-10 00:21:34.485413 | GENERATION: 45 | ERRORS: best=5, median=32.0, diversity=0.675 | INDIVIDUALS: n=200, avg_genome_length=144.17
2021-12-10 00:21:49.916390 | GENERATION: 46 | ERRORS: best=5, median=32.0, diversity=0.71 | INDIVIDUALS: n=200, avg_genome_length=144.205
2021-12-10 00:22:04.091994 | GENERATION: 47 | ERRORS: best=4, median=32.0, diversity=0.7 | INDIVIDUALS: n=200, avg_genome_length=143.415
2021-12-10 00:22:19.008378 | GENERATION: 48 | ERRORS: best=4, median=32.0, diversity=0.72 | INDIVIDUALS: n=200, avg_genome_length=144.33
2021-12-10 00:22:33.695513 | GENERATION: 49 | ERRORS: best=4, median=32.0, diversity=0.655 | INDIVIDUALS: n=200, avg_genome_length=144.59
2021-12-10 00:22:48.457076 | GENERATION: 50 | ERRORS: best=4, median=32.0, diversity=0.675 | INDIVIDUALS: n=200, avg_genome_length=144.585
2021-12-10 00:23:03.397764 | GENERATION: 51 | ERRORS: best=2, median=32.0, diversity=0.745 | INDIVIDUALS: n=200, avg_genome_length=144.665
2021-12-10 00:23:17.597797 | GENERATION: 52 | ERRORS: best=1, median=32.0, diversity=0.57 | INDIVIDUALS: n=200, avg_genome_length=144.995
2021-12-10 00:23:31.331834 | GENERATION: 53 | ERRORS: best=1, median=32.0, diversity=0.555 | INDIVIDUALS: n=200, avg_genome_length=145.36
2021-12-10 00:23:44.988904 | GENERATION: 54 | ERRORS: best=1, median=32.0, diversity=0.595 | INDIVIDUALS: n=200, avg_genome_length=145.475
2021-12-10 00:23:58.691659 | GENERATION: 55 | ERRORS: best=1, median=32.0, diversity=0.555 | INDIVIDUALS: n=200, avg_genome_length=145.71
2021-12-10 00:24:13.209626 | GENERATION: 56 | ERRORS: best=1, median=32.0, diversity=0.58 | INDIVIDUALS: n=200, avg_genome_length=145.685
2021-12-10 00:24:26.847420 | GENERATION: 57 | ERRORS: best=1, median=32.0, diversity=0.57 | INDIVIDUALS: n=200, avg_genome_length=145.45
2021-12-10 00:24:40.275239 | GENERATION: 58 | ERRORS: best=1, median=32.0, diversity=0.555 | INDIVIDUALS: n=200, avg_genome_length=146.0
2021-12-10 00:24:53.417367 | GENERATION: 59 | ERRORS: best=1, median=32.0, diversity=0.52 | INDIVIDUALS: n=200, avg_genome_length=145.99
2021-12-10 00:25:07.014557 | GENERATION: 60 | ERRORS: best=1, median=33.0, diversity=0.67 | INDIVIDUALS: n=200, avg_genome_length=145.595
Simplifying genome of length 144 with total error 0.
Simplified genome by 3 to length 141.
Simplified genome by 1 to length 140.
Simplified genome by 2 to length 138.
Simplified genome by 3 to length 135.
Simplified genome by 1 to length 134.
Simplified genome by 2 to length 132.
Simplified genome by 3 to length 129.
Simplified genome by 1 to length 128.
Simplified genome by 1 to length 127.
Simplified genome by 2 to length 125.
Simplified genome by 1 to length 124.
Simplified genome by 3 to length 121.
Simplified genome by 1 to length 120.
Simplified genome by 1 to length 119.
Simplified genome by 3 to length 116.
Simplified genome by 3 to length 113.
Simplified genome by 1 to length 112.
Simplified genome by 1 to length 111.
Simplified genome by 3 to length 108.
Simplified genome by 3 to length 105.
Simplified genome by 1 to length 104.
Simplified genome by 1 to length 103.
Simplified genome by 1 to length 102.
Simplified genome by 1 to length 101.
Simplified genome by 2 to length 99.
Simplified genome by 1 to length 98.
Simplified genome by 1 to length 97.
Simplified genome by 1 to length 96.
Simplified genome by 3 to length 93.
Simplified genome by 1 to length 92.
Simplified genome by 2 to length 90.
Simplified genome by 3 to length 87.
Simplified genome by 1 to length 86.
Simplified genome by 1 to length 85.
Simplified genome by 3 to length 82.
Simplified genome by 1 to length 81.
Simplified genome by 1 to length 80.
Simplified genome by 1 to length 79.
Simplified genome by 1 to length 78.
Simplified genome by 1 to length 77.
Simplified genome by 3 to length 74.
Simplified genome by 1 to length 73.
Simplified genome by 1 to length 72.
Simplified genome by 1 to length 71.
Simplified genome by 2 to length 69.
Simplified genome by 1 to length 68.
Simplified genome by 2 to length 66.
Simplified genome by 1 to length 65.
Simplified genome by 2 to length 63.
Simplified genome by 1 to length 62.
Simplified genome by 1 to length 61.
Simplified genome by 2 to length 59.
Simplified genome by 1 to length 58.
Simplified genome by 1 to length 57.
Simplified genome by 2 to length 55.
Simplified genome by 1 to length 54.
Simplified genome by 2 to length 52.
Simplified genome by 2 to length 50.
Simplified genome by 3 to length 47.
Simplified genome by 2 to length 45.
Simplified genome by 1 to length 44.
Simplified genome by 1 to length 43.
Simplified genome by 1 to length 42.
Simplified genome by 3 to length 39.
Simplified genome by 2 to length 37.
Simplified genome by 2 to length 35.
Simplified genome by 1 to length 34.
Simplified genome by 1 to length 33.
Simplified genome by 3 to length 30.
Simplified genome by 1 to length 29.
Simplified genome by 1 to length 28.
Simplified genome by 3 to length 25.
Simplified genome by 3 to length 22.
Simplified genome by 1 to length 21.
Simplified genome by 1 to length 20.
Simplified genome by 1 to length 19.
Simplified genome to length 19 and total error 0.
========================================
End Run
========================================
Solution found.
Best Seen Individual
	Genome:
	 pvector([InstructionMeta(name='exec_swap', code_blocks=2), InstructionMeta(name='exec_shove_dup', code_blocks=1), Closer(), Closer(), Input(input_index=1), InstructionMeta(name='str_length', code_blocks=0), InstructionMeta(name='exec_eq', code_blocks=0), InstructionMeta(name='int_gt', code_blocks=0), Closer(), Input(input_index=2), InstructionMeta(name='str_length', code_blocks=0), InstructionMeta(name='int_lt', code_blocks=0), InstructionMeta(name='exec_while', code_blocks=1), Input(input_index=1), InstructionMeta(name='str_length', code_blocks=0), Input(input_index=0), InstructionMeta(name='str_length', code_blocks=0), InstructionMeta(name='int_gt', code_blocks=0), InstructionMeta(name='bool_is_empty', code_blocks=0)])
	Program:
	 (exec_swap (exec_shove_dup ()) (input_1 str_length exec_eq int_gt) input_2 str_length int_lt exec_while (input_1 str_length input_0 str_length int_gt bool_is_empty))
	Error vector:
	 [0 0 0 0 0 0 0 0 0 0 0 0 0 0 0 0 0 0 0 0 0 0 0 0 0 0 0 0 0 0 0 0 0 0 0 0 0
 0 0 0 0 0 0 0 0 0 0 0 0 0 0 0 0 0 0 0 0 0 0 0 0 0 0 0 0 0 0 0 0 0 0 0 0 0
 0 0 0 0 0 0 0 0 0 0 0 0 0 0 0 0 0 0 0 0 0 0 0 0 0 0]
	Total error:
	 0
	Test error:
	 0
	Time:
	 00:16:39
