Included 22 edge cases.
Included 78 random cases.
Included 100 cases in total.
Finished formatting.
Included 0 edge cases.
Included 1000 random cases.
Included 1000 cases in total.
Finished formatting.
========================================
Setup
========================================
Search Configuration:
signature: ProgramSignature(arity=3, output_stacks=['bool'], push_config=PushConfig(numeric_magnitude_limit=1000000000000.0, runtime_limit=10, collection_size_cap=1000, growth_cap=500, step_limit=600))
evaluator: <pyshgp.gp.evaluation.DatasetEvaluator object at 0x7f61525d33d0>
spawner: <pyshgp.gp.genome.GeneSpawner object at 0x7f61525d3bb0>
population_size: 200
max_generations: 300
error_threshold: 0.0
initial_genome_size: (40, 200)
simplification_steps: 500
parallel_context: <pyshgp.gp.search.ParallelContext object at 0x7f61525d36a0>
selection: <pyshgp.utils.DiscreteProbDistrib object at 0x7f614611bc40>
variation: <pyshgp.utils.DiscreteProbDistrib object at 0x7f614611b200>
Instructions:
int_add, int_sub, int_mult, int_div, int_mod, int_min, int_max, int_inc, int_dec, int_lt, int_lte, int_gt, int_gte, int_from_bool, str_concat, str_insert_str, str_from_first_char, str_from_last_char, str_from_nth_char, str_contains_str, str_index_of_str, str_split_on_str, str_replace_first_str, str_replace_n_str, str_replace_all_str, str_remove_first_str, str_remove_n_str, str_remove_all_str, str_occurrences_of_str, str_reverse, str_head, str_tail, str_rest, str_but_last, str_drop, str_but_last_n, str_length, str_make_empty, str_is_empty_string, str_remove_nth, str_strip_whitespace, str_from_bool, str_from_int, bool_and, bool_or, bool_not, bool_xor, bool_invert_first_then_and, bool_second_first_then_and, bool_from_int, noop, noop_open, exec_do_range, exec_do_count, exec_while, exec_do_while, exec_if, exec_when, print_bool, println_bool, print_int, println_int, print_str, println_str, print_exec, println_exec, bool_pop, bool_dup, bool_dup_times, bool_swap, bool_rot, bool_flush, bool_eq, bool_stack_depth, bool_yank, bool_yank_dup, bool_shove, bool_shove_dup, bool_is_empty, int_pop, int_dup, int_dup_times, int_swap, int_rot, int_flush, int_eq, int_stack_depth, int_yank, int_yank_dup, int_shove, int_shove_dup, int_is_empty, str_pop, str_dup, str_dup_times, str_swap, str_rot, str_flush, str_eq, str_stack_depth, str_yank, str_yank_dup, str_shove, str_shove_dup, str_is_empty, exec_pop, exec_dup, exec_dup_times, exec_swap, exec_rot, exec_flush, exec_eq, exec_stack_depth, exec_yank, exec_yank_dup, exec_shove, exec_shove_dup, exec_is_empty
Literals:
[]
ERC Generators:
[<function rand_bool at 0x7f6146ec41f0>]
========================================
Start Run
========================================
2021-12-20 04:04:16.360485 | GENERATION: 1 | ERRORS: best=32, median=100000000.0, diversity=0.02 | INDIVIDUALS: n=200, avg_genome_length=118.685 | VIRUSES: gene_rate=0.000
2021-12-20 04:04:21.954435 | GENERATION: 2 | ERRORS: best=32, median=32.0, diversity=0.08 | INDIVIDUALS: n=200, avg_genome_length=138.685 | VIRUSES: gene_rate=0.000
2021-12-20 04:04:30.093147 | GENERATION: 3 | ERRORS: best=31, median=36.0, diversity=0.14 | INDIVIDUALS: n=200, avg_genome_length=155.405 | VIRUSES: gene_rate=0.000
2021-12-20 04:04:39.360154 | GENERATION: 4 | ERRORS: best=25, median=36.0, diversity=0.2 | INDIVIDUALS: n=200, avg_genome_length=165.385 | VIRUSES: gene_rate=0.000
2021-12-20 04:04:50.537631 | GENERATION: 5 | ERRORS: best=25, median=32.0, diversity=0.285 | INDIVIDUALS: n=200, avg_genome_length=183.425 | VIRUSES: gene_rate=0.000
2021-12-20 04:05:02.848349 | GENERATION: 6 | ERRORS: best=25, median=40.0, diversity=0.355 | INDIVIDUALS: n=200, avg_genome_length=192.795 | VIRUSES: gene_rate=0.000
2021-12-20 04:05:15.064496 | GENERATION: 7 | ERRORS: best=24, median=36.0, diversity=0.365 | INDIVIDUALS: n=200, avg_genome_length=193.645 | VIRUSES: gene_rate=0.000
2021-12-20 04:05:27.461099 | GENERATION: 8 | ERRORS: best=24, median=35.5, diversity=0.35 | INDIVIDUALS: n=200, avg_genome_length=194.34 | VIRUSES: gene_rate=0.000
2021-12-20 04:05:40.445175 | GENERATION: 9 | ERRORS: best=24, median=35.5, diversity=0.37 | INDIVIDUALS: n=200, avg_genome_length=194.13 | VIRUSES: gene_rate=0.000
2021-12-20 04:05:53.601490 | GENERATION: 10 | ERRORS: best=24, median=35.0, diversity=0.42 | INDIVIDUALS: n=200, avg_genome_length=193.155 | VIRUSES: gene_rate=0.000
2021-12-20 04:06:06.952217 | GENERATION: 11 | ERRORS: best=24, median=37.0, diversity=0.365 | INDIVIDUALS: n=200, avg_genome_length=193.12 | VIRUSES: gene_rate=0.000
2021-12-20 04:06:21.532904 | GENERATION: 12 | ERRORS: best=24, median=32.0, diversity=0.435 | INDIVIDUALS: n=200, avg_genome_length=193.52 | VIRUSES: gene_rate=0.000
2021-12-20 04:06:36.003060 | GENERATION: 13 | ERRORS: best=22, median=36.0, diversity=0.505 | INDIVIDUALS: n=200, avg_genome_length=193.565 | VIRUSES: gene_rate=0.000
2021-12-20 04:06:49.992298 | GENERATION: 14 | ERRORS: best=20, median=36.0, diversity=0.47 | INDIVIDUALS: n=200, avg_genome_length=193.58 | VIRUSES: gene_rate=0.000
2021-12-20 04:07:03.986721 | GENERATION: 15 | ERRORS: best=21, median=37.0, diversity=0.39 | INDIVIDUALS: n=200, avg_genome_length=193.385 | VIRUSES: gene_rate=0.000
2021-12-20 04:07:17.682651 | GENERATION: 16 | ERRORS: best=21, median=32.0, diversity=0.5 | INDIVIDUALS: n=200, avg_genome_length=193.335 | VIRUSES: gene_rate=0.000
2021-12-20 04:07:31.560840 | GENERATION: 17 | ERRORS: best=21, median=40.5, diversity=0.495 | INDIVIDUALS: n=200, avg_genome_length=192.915 | VIRUSES: gene_rate=0.000
2021-12-20 04:07:45.376496 | GENERATION: 18 | ERRORS: best=21, median=36.5, diversity=0.48 | INDIVIDUALS: n=200, avg_genome_length=192.265 | VIRUSES: gene_rate=0.000
2021-12-20 04:07:59.473950 | GENERATION: 19 | ERRORS: best=22, median=32.0, diversity=0.515 | INDIVIDUALS: n=200, avg_genome_length=192.94 | VIRUSES: gene_rate=0.000
2021-12-20 04:08:13.637434 | GENERATION: 20 | ERRORS: best=21, median=37.5, diversity=0.435 | INDIVIDUALS: n=200, avg_genome_length=193.07 | VIRUSES: gene_rate=0.000
2021-12-20 04:08:27.870836 | GENERATION: 21 | ERRORS: best=21, median=39.0, diversity=0.475 | INDIVIDUALS: n=200, avg_genome_length=192.555 | VIRUSES: gene_rate=0.000
2021-12-20 04:08:42.397507 | GENERATION: 22 | ERRORS: best=21, median=41.0, diversity=0.47 | INDIVIDUALS: n=200, avg_genome_length=191.935 | VIRUSES: gene_rate=0.000
2021-12-20 04:08:56.256875 | GENERATION: 23 | ERRORS: best=21, median=41.0, diversity=0.525 | INDIVIDUALS: n=200, avg_genome_length=192.69 | VIRUSES: gene_rate=0.000
2021-12-20 04:09:11.625100 | GENERATION: 24 | ERRORS: best=21, median=41.0, diversity=0.52 | INDIVIDUALS: n=200, avg_genome_length=192.675 | VIRUSES: gene_rate=0.000
2021-12-20 04:09:25.143109 | GENERATION: 25 | ERRORS: best=21, median=46.0, diversity=0.48 | INDIVIDUALS: n=200, avg_genome_length=192.41 | VIRUSES: gene_rate=0.000
2021-12-20 04:09:40.637019 | GENERATION: 26 | ERRORS: best=21, median=48.5, diversity=0.51 | INDIVIDUALS: n=200, avg_genome_length=192.775 | VIRUSES: gene_rate=0.000
2021-12-20 04:09:56.032043 | GENERATION: 27 | ERRORS: best=21, median=38.0, diversity=0.55 | INDIVIDUALS: n=200, avg_genome_length=193.22 | VIRUSES: gene_rate=0.000
2021-12-20 04:10:11.538018 | GENERATION: 28 | ERRORS: best=21, median=40.0, diversity=0.56 | INDIVIDUALS: n=200, avg_genome_length=192.645 | VIRUSES: gene_rate=0.000
2021-12-20 04:10:25.755765 | GENERATION: 29 | ERRORS: best=21, median=50.5, diversity=0.505 | INDIVIDUALS: n=200, avg_genome_length=192.83 | VIRUSES: gene_rate=0.000
2021-12-20 04:10:40.833226 | GENERATION: 30 | ERRORS: best=20, median=43.0, diversity=0.515 | INDIVIDUALS: n=200, avg_genome_length=192.945 | VIRUSES: gene_rate=0.000
2021-12-20 04:10:54.320134 | GENERATION: 31 | ERRORS: best=20, median=61.5, diversity=0.495 | INDIVIDUALS: n=200, avg_genome_length=193.31 | VIRUSES: gene_rate=0.000
2021-12-20 04:11:08.003411 | GENERATION: 32 | ERRORS: best=20, median=38.0, diversity=0.485 | INDIVIDUALS: n=200, avg_genome_length=193.885 | VIRUSES: gene_rate=0.000
2021-12-20 04:11:21.633589 | GENERATION: 33 | ERRORS: best=20, median=41.0, diversity=0.48 | INDIVIDUALS: n=200, avg_genome_length=194.485 | VIRUSES: gene_rate=0.000
2021-12-20 04:11:35.786844 | GENERATION: 34 | ERRORS: best=20, median=41.0, diversity=0.485 | INDIVIDUALS: n=200, avg_genome_length=193.48 | VIRUSES: gene_rate=0.000
2021-12-20 04:11:51.000452 | GENERATION: 35 | ERRORS: best=20, median=36.0, diversity=0.565 | INDIVIDUALS: n=200, avg_genome_length=193.53 | VIRUSES: gene_rate=0.000
2021-12-20 04:12:04.979203 | GENERATION: 36 | ERRORS: best=20, median=42.0, diversity=0.45 | INDIVIDUALS: n=200, avg_genome_length=193.495 | VIRUSES: gene_rate=0.000
2021-12-20 04:12:19.826145 | GENERATION: 37 | ERRORS: best=20, median=40.0, diversity=0.53 | INDIVIDUALS: n=200, avg_genome_length=192.835 | VIRUSES: gene_rate=0.000
2021-12-20 04:12:34.710970 | GENERATION: 38 | ERRORS: best=18, median=43.0, diversity=0.575 | INDIVIDUALS: n=200, avg_genome_length=193.265 | VIRUSES: gene_rate=0.000
2021-12-20 04:12:49.506902 | GENERATION: 39 | ERRORS: best=18, median=40.5, diversity=0.56 | INDIVIDUALS: n=200, avg_genome_length=193.35 | VIRUSES: gene_rate=0.000
2021-12-20 04:13:04.736404 | GENERATION: 40 | ERRORS: best=18, median=38.5, diversity=0.51 | INDIVIDUALS: n=200, avg_genome_length=192.655 | VIRUSES: gene_rate=0.000
2021-12-20 04:13:19.804890 | GENERATION: 41 | ERRORS: best=18, median=43.0, diversity=0.58 | INDIVIDUALS: n=200, avg_genome_length=192.61 | VIRUSES: gene_rate=0.000
2021-12-20 04:13:34.800759 | GENERATION: 42 | ERRORS: best=20, median=59.0, diversity=0.53 | INDIVIDUALS: n=200, avg_genome_length=193.355 | VIRUSES: gene_rate=0.000
2021-12-20 04:13:50.047465 | GENERATION: 43 | ERRORS: best=22, median=55.0, diversity=0.625 | INDIVIDUALS: n=200, avg_genome_length=192.18 | VIRUSES: gene_rate=0.000
2021-12-20 04:14:05.389389 | GENERATION: 44 | ERRORS: best=20, median=38.5, diversity=0.59 | INDIVIDUALS: n=200, avg_genome_length=193.095 | VIRUSES: gene_rate=0.000
2021-12-20 04:14:21.489662 | GENERATION: 45 | ERRORS: best=20, median=40.5, diversity=0.605 | INDIVIDUALS: n=200, avg_genome_length=192.305 | VIRUSES: gene_rate=0.000
2021-12-20 04:14:39.907913 | GENERATION: 46 | ERRORS: best=22, median=38.5, diversity=0.555 | INDIVIDUALS: n=200, avg_genome_length=192.44 | VIRUSES: gene_rate=0.000
2021-12-20 04:14:55.266105 | GENERATION: 47 | ERRORS: best=22, median=36.0, diversity=0.65 | INDIVIDUALS: n=200, avg_genome_length=192.575 | VIRUSES: gene_rate=0.000
2021-12-20 04:15:09.100007 | GENERATION: 48 | ERRORS: best=22, median=40.5, diversity=0.555 | INDIVIDUALS: n=200, avg_genome_length=192.02 | VIRUSES: gene_rate=0.000
2021-12-20 04:15:21.589518 | GENERATION: 49 | ERRORS: best=20, median=41.0, diversity=0.615 | INDIVIDUALS: n=200, avg_genome_length=192.47 | VIRUSES: gene_rate=0.000
2021-12-20 04:15:33.697956 | GENERATION: 50 | ERRORS: best=20, median=37.0, diversity=0.57 | INDIVIDUALS: n=200, avg_genome_length=193.24 | VIRUSES: gene_rate=0.000
2021-12-20 04:15:46.812640 | GENERATION: 51 | ERRORS: best=19, median=35.5, diversity=0.62 | INDIVIDUALS: n=200, avg_genome_length=193.28 | VIRUSES: gene_rate=0.000
2021-12-20 04:15:58.202838 | GENERATION: 52 | ERRORS: best=19, median=36.0, diversity=0.57 | INDIVIDUALS: n=200, avg_genome_length=192.865 | VIRUSES: gene_rate=0.000
2021-12-20 04:16:10.173047 | GENERATION: 53 | ERRORS: best=19, median=55.5, diversity=0.615 | INDIVIDUALS: n=200, avg_genome_length=192.94 | VIRUSES: gene_rate=0.000
2021-12-20 04:16:22.542143 | GENERATION: 54 | ERRORS: best=19, median=36.0, diversity=0.6 | INDIVIDUALS: n=200, avg_genome_length=193.215 | VIRUSES: gene_rate=0.000
2021-12-20 04:16:34.099471 | GENERATION: 55 | ERRORS: best=20, median=34.0, diversity=0.575 | INDIVIDUALS: n=200, avg_genome_length=193.035 | VIRUSES: gene_rate=0.000
2021-12-20 04:16:45.728880 | GENERATION: 56 | ERRORS: best=21, median=42.5, diversity=0.55 | INDIVIDUALS: n=200, avg_genome_length=193.46 | VIRUSES: gene_rate=0.000
2021-12-20 04:16:58.793335 | GENERATION: 57 | ERRORS: best=18, median=45.0, diversity=0.56 | INDIVIDUALS: n=200, avg_genome_length=193.09 | VIRUSES: gene_rate=0.000
2021-12-20 04:17:11.327900 | GENERATION: 58 | ERRORS: best=18, median=38.0, diversity=0.59 | INDIVIDUALS: n=200, avg_genome_length=192.995 | VIRUSES: gene_rate=0.000
2021-12-20 04:17:23.179941 | GENERATION: 59 | ERRORS: best=18, median=58.5, diversity=0.555 | INDIVIDUALS: n=200, avg_genome_length=192.84 | VIRUSES: gene_rate=0.000
2021-12-20 04:17:35.944666 | GENERATION: 60 | ERRORS: best=18, median=48.0, diversity=0.575 | INDIVIDUALS: n=200, avg_genome_length=193.575 | VIRUSES: gene_rate=0.000
2021-12-20 04:17:47.821608 | GENERATION: 61 | ERRORS: best=18, median=36.5, diversity=0.55 | INDIVIDUALS: n=200, avg_genome_length=193.055 | VIRUSES: gene_rate=0.000
2021-12-20 04:17:59.946089 | GENERATION: 62 | ERRORS: best=18, median=42.5, diversity=0.495 | INDIVIDUALS: n=200, avg_genome_length=193.575 | VIRUSES: gene_rate=0.000
2021-12-20 04:18:11.774987 | GENERATION: 63 | ERRORS: best=18, median=64.0, diversity=0.565 | INDIVIDUALS: n=200, avg_genome_length=193.29 | VIRUSES: gene_rate=0.000
2021-12-20 04:18:24.778801 | GENERATION: 64 | ERRORS: best=18, median=43.5, diversity=0.52 | INDIVIDUALS: n=200, avg_genome_length=193.6 | VIRUSES: gene_rate=0.000
2021-12-20 04:18:37.006460 | GENERATION: 65 | ERRORS: best=18, median=52.0, diversity=0.575 | INDIVIDUALS: n=200, avg_genome_length=193.29 | VIRUSES: gene_rate=0.000
2021-12-20 04:18:49.329014 | GENERATION: 66 | ERRORS: best=17, median=45.0, diversity=0.56 | INDIVIDUALS: n=200, avg_genome_length=193.825 | VIRUSES: gene_rate=0.000
2021-12-20 04:19:01.373328 | GENERATION: 67 | ERRORS: best=16, median=44.0, diversity=0.59 | INDIVIDUALS: n=200, avg_genome_length=193.445 | VIRUSES: gene_rate=0.000
2021-12-20 04:19:13.866820 | GENERATION: 68 | ERRORS: best=17, median=39.0, diversity=0.57 | INDIVIDUALS: n=200, avg_genome_length=192.675 | VIRUSES: gene_rate=0.000
2021-12-20 04:19:26.713390 | GENERATION: 69 | ERRORS: best=19, median=37.0, diversity=0.58 | INDIVIDUALS: n=200, avg_genome_length=192.765 | VIRUSES: gene_rate=0.000
2021-12-20 04:19:40.025722 | GENERATION: 70 | ERRORS: best=15, median=35.5, diversity=0.635 | INDIVIDUALS: n=200, avg_genome_length=192.9 | VIRUSES: gene_rate=0.000
2021-12-20 04:19:52.687767 | GENERATION: 71 | ERRORS: best=15, median=45.0, diversity=0.525 | INDIVIDUALS: n=200, avg_genome_length=193.125 | VIRUSES: gene_rate=0.000
2021-12-20 04:20:07.814835 | GENERATION: 72 | ERRORS: best=15, median=33.0, diversity=0.51 | INDIVIDUALS: n=200, avg_genome_length=193.465 | VIRUSES: gene_rate=0.000
2021-12-20 04:20:21.124436 | GENERATION: 73 | ERRORS: best=15, median=41.0, diversity=0.615 | INDIVIDUALS: n=200, avg_genome_length=193.495 | VIRUSES: gene_rate=0.000
2021-12-20 04:20:34.765825 | GENERATION: 74 | ERRORS: best=15, median=41.0, diversity=0.53 | INDIVIDUALS: n=200, avg_genome_length=193.55 | VIRUSES: gene_rate=0.000
2021-12-20 04:20:47.444575 | GENERATION: 75 | ERRORS: best=15, median=41.0, diversity=0.525 | INDIVIDUALS: n=200, avg_genome_length=193.46 | VIRUSES: gene_rate=0.000
2021-12-20 04:21:00.194734 | GENERATION: 76 | ERRORS: best=15, median=46.5, diversity=0.54 | INDIVIDUALS: n=200, avg_genome_length=193.245 | VIRUSES: gene_rate=0.000
2021-12-20 04:21:12.925212 | GENERATION: 77 | ERRORS: best=15, median=41.0, diversity=0.535 | INDIVIDUALS: n=200, avg_genome_length=193.025 | VIRUSES: gene_rate=0.000
2021-12-20 04:21:26.821292 | GENERATION: 78 | ERRORS: best=15, median=39.0, diversity=0.575 | INDIVIDUALS: n=200, avg_genome_length=193.21 | VIRUSES: gene_rate=0.000
2021-12-20 04:21:39.094056 | GENERATION: 79 | ERRORS: best=15, median=56.0, diversity=0.58 | INDIVIDUALS: n=200, avg_genome_length=193.62 | VIRUSES: gene_rate=0.000
2021-12-20 04:21:50.693576 | GENERATION: 80 | ERRORS: best=15, median=51.0, diversity=0.5 | INDIVIDUALS: n=200, avg_genome_length=194.02 | VIRUSES: gene_rate=0.000
2021-12-20 04:22:02.146407 | GENERATION: 81 | ERRORS: best=15, median=38.5, diversity=0.535 | INDIVIDUALS: n=200, avg_genome_length=193.375 | VIRUSES: gene_rate=0.000
2021-12-20 04:22:14.767258 | GENERATION: 82 | ERRORS: best=15, median=40.0, diversity=0.575 | INDIVIDUALS: n=200, avg_genome_length=192.74 | VIRUSES: gene_rate=0.000
2021-12-20 04:22:26.768215 | GENERATION: 83 | ERRORS: best=15, median=41.0, diversity=0.57 | INDIVIDUALS: n=200, avg_genome_length=193.43 | VIRUSES: gene_rate=0.000
2021-12-20 04:22:37.649576 | GENERATION: 84 | ERRORS: best=15, median=45.5, diversity=0.49 | INDIVIDUALS: n=200, avg_genome_length=193.055 | VIRUSES: gene_rate=0.000
2021-12-20 04:22:48.713451 | GENERATION: 85 | ERRORS: best=15, median=45.0, diversity=0.55 | INDIVIDUALS: n=200, avg_genome_length=192.995 | VIRUSES: gene_rate=0.000
2021-12-20 04:22:59.496936 | GENERATION: 86 | ERRORS: best=15, median=41.0, diversity=0.615 | INDIVIDUALS: n=200, avg_genome_length=193.19 | VIRUSES: gene_rate=0.000
2021-12-20 04:23:09.957823 | GENERATION: 87 | ERRORS: best=15, median=34.0, diversity=0.505 | INDIVIDUALS: n=200, avg_genome_length=192.66 | VIRUSES: gene_rate=0.000
2021-12-20 04:23:20.929654 | GENERATION: 88 | ERRORS: best=16, median=45.0, diversity=0.53 | INDIVIDUALS: n=200, avg_genome_length=192.355 | VIRUSES: gene_rate=0.000
2021-12-20 04:23:31.137187 | GENERATION: 89 | ERRORS: best=16, median=41.0, diversity=0.485 | INDIVIDUALS: n=200, avg_genome_length=192.995 | VIRUSES: gene_rate=0.000
2021-12-20 04:23:42.712815 | GENERATION: 90 | ERRORS: best=16, median=42.0, diversity=0.545 | INDIVIDUALS: n=200, avg_genome_length=193.8 | VIRUSES: gene_rate=0.000
2021-12-20 04:23:53.480735 | GENERATION: 91 | ERRORS: best=16, median=35.5, diversity=0.495 | INDIVIDUALS: n=200, avg_genome_length=193.215 | VIRUSES: gene_rate=0.000
2021-12-20 04:24:04.719937 | GENERATION: 92 | ERRORS: best=16, median=43.5, diversity=0.545 | INDIVIDUALS: n=200, avg_genome_length=192.16 | VIRUSES: gene_rate=0.000
2021-12-20 04:24:15.761271 | GENERATION: 93 | ERRORS: best=16, median=40.0, diversity=0.445 | INDIVIDUALS: n=200, avg_genome_length=192.75 | VIRUSES: gene_rate=0.000
2021-12-20 04:24:26.680918 | GENERATION: 94 | ERRORS: best=16, median=42.0, diversity=0.475 | INDIVIDUALS: n=200, avg_genome_length=191.965 | VIRUSES: gene_rate=0.000
2021-12-20 04:24:37.904713 | GENERATION: 95 | ERRORS: best=16, median=33.0, diversity=0.49 | INDIVIDUALS: n=200, avg_genome_length=193.185 | VIRUSES: gene_rate=0.000
2021-12-20 04:24:49.446233 | GENERATION: 96 | ERRORS: best=16, median=41.5, diversity=0.535 | INDIVIDUALS: n=200, avg_genome_length=192.995 | VIRUSES: gene_rate=0.000
2021-12-20 04:25:01.399964 | GENERATION: 97 | ERRORS: best=16, median=37.5, diversity=0.555 | INDIVIDUALS: n=200, avg_genome_length=192.86 | VIRUSES: gene_rate=0.000
2021-12-20 04:25:12.786444 | GENERATION: 98 | ERRORS: best=16, median=41.0, diversity=0.505 | INDIVIDUALS: n=200, avg_genome_length=193.795 | VIRUSES: gene_rate=0.000
2021-12-20 04:25:23.896309 | GENERATION: 99 | ERRORS: best=17, median=68.0, diversity=0.53 | INDIVIDUALS: n=200, avg_genome_length=193.37 | VIRUSES: gene_rate=0.000
2021-12-20 04:25:34.824575 | GENERATION: 100 | ERRORS: best=16, median=46.0, diversity=0.485 | INDIVIDUALS: n=200, avg_genome_length=194.35 | VIRUSES: gene_rate=0.000
2021-12-20 04:25:45.900284 | GENERATION: 101 | ERRORS: best=16, median=54.5, diversity=0.47 | INDIVIDUALS: n=200, avg_genome_length=193.99 | VIRUSES: gene_rate=0.000
2021-12-20 04:25:57.656740 | GENERATION: 102 | ERRORS: best=16, median=64.0, diversity=0.495 | INDIVIDUALS: n=200, avg_genome_length=193.875 | VIRUSES: gene_rate=0.000
2021-12-20 04:26:09.352586 | GENERATION: 103 | ERRORS: best=16, median=64.5, diversity=0.515 | INDIVIDUALS: n=200, avg_genome_length=193.795 | VIRUSES: gene_rate=0.000
2021-12-20 04:26:20.613321 | GENERATION: 104 | ERRORS: best=16, median=68.0, diversity=0.5 | INDIVIDUALS: n=200, avg_genome_length=193.675 | VIRUSES: gene_rate=0.000
2021-12-20 04:26:32.027749 | GENERATION: 105 | ERRORS: best=17, median=53.5, diversity=0.53 | INDIVIDUALS: n=200, avg_genome_length=193.805 | VIRUSES: gene_rate=0.000
2021-12-20 04:26:42.947999 | GENERATION: 106 | ERRORS: best=17, median=68.0, diversity=0.415 | INDIVIDUALS: n=200, avg_genome_length=194.33 | VIRUSES: gene_rate=0.000
2021-12-20 04:26:54.557483 | GENERATION: 107 | ERRORS: best=17, median=48.5, diversity=0.49 | INDIVIDUALS: n=200, avg_genome_length=194.045 | VIRUSES: gene_rate=0.000
2021-12-20 04:27:05.923618 | GENERATION: 108 | ERRORS: best=17, median=52.0, diversity=0.455 | INDIVIDUALS: n=200, avg_genome_length=194.14 | VIRUSES: gene_rate=0.000
2021-12-20 04:27:16.643880 | GENERATION: 109 | ERRORS: best=17, median=68.0, diversity=0.48 | INDIVIDUALS: n=200, avg_genome_length=194.435 | VIRUSES: gene_rate=0.000
2021-12-20 04:27:27.939443 | GENERATION: 110 | ERRORS: best=17, median=56.5, diversity=0.525 | INDIVIDUALS: n=200, avg_genome_length=193.705 | VIRUSES: gene_rate=0.000
2021-12-20 04:27:39.665628 | GENERATION: 111 | ERRORS: best=15, median=54.0, diversity=0.48 | INDIVIDUALS: n=200, avg_genome_length=193.385 | VIRUSES: gene_rate=0.000
2021-12-20 04:27:50.780960 | GENERATION: 112 | ERRORS: best=15, median=68.0, diversity=0.49 | INDIVIDUALS: n=200, avg_genome_length=194.15 | VIRUSES: gene_rate=0.000
2021-12-20 04:28:01.137759 | GENERATION: 113 | ERRORS: best=17, median=68.0, diversity=0.455 | INDIVIDUALS: n=200, avg_genome_length=193.72 | VIRUSES: gene_rate=0.000
2021-12-20 04:28:10.899543 | GENERATION: 114 | ERRORS: best=17, median=66.5, diversity=0.45 | INDIVIDUALS: n=200, avg_genome_length=194.21 | VIRUSES: gene_rate=0.000
2021-12-20 04:28:22.184708 | GENERATION: 115 | ERRORS: best=17, median=55.0, diversity=0.485 | INDIVIDUALS: n=200, avg_genome_length=194.62 | VIRUSES: gene_rate=0.000
2021-12-20 04:28:32.461900 | GENERATION: 116 | ERRORS: best=17, median=54.0, diversity=0.43 | INDIVIDUALS: n=200, avg_genome_length=194.075 | VIRUSES: gene_rate=0.000
2021-12-20 04:28:42.551690 | GENERATION: 117 | ERRORS: best=16, median=55.0, diversity=0.49 | INDIVIDUALS: n=200, avg_genome_length=194.005 | VIRUSES: gene_rate=0.000
2021-12-20 04:28:53.392115 | GENERATION: 118 | ERRORS: best=16, median=54.0, diversity=0.455 | INDIVIDUALS: n=200, avg_genome_length=194.61 | VIRUSES: gene_rate=0.000
2021-12-20 04:29:03.976238 | GENERATION: 119 | ERRORS: best=16, median=60.0, diversity=0.515 | INDIVIDUALS: n=200, avg_genome_length=194.545 | VIRUSES: gene_rate=0.000
2021-12-20 04:29:13.882020 | GENERATION: 120 | ERRORS: best=16, median=57.0, diversity=0.455 | INDIVIDUALS: n=200, avg_genome_length=194.17 | VIRUSES: gene_rate=0.000
2021-12-20 04:29:24.285181 | GENERATION: 121 | ERRORS: best=16, median=61.5, diversity=0.4 | INDIVIDUALS: n=200, avg_genome_length=194.635 | VIRUSES: gene_rate=0.000
2021-12-20 04:29:35.185400 | GENERATION: 122 | ERRORS: best=16, median=68.0, diversity=0.44 | INDIVIDUALS: n=200, avg_genome_length=194.17 | VIRUSES: gene_rate=0.000
2021-12-20 04:29:44.956002 | GENERATION: 123 | ERRORS: best=17, median=68.0, diversity=0.45 | INDIVIDUALS: n=200, avg_genome_length=194.775 | VIRUSES: gene_rate=0.000
2021-12-20 04:29:55.345104 | GENERATION: 124 | ERRORS: best=17, median=58.5, diversity=0.45 | INDIVIDUALS: n=200, avg_genome_length=194.68 | VIRUSES: gene_rate=0.000
2021-12-20 04:30:04.926828 | GENERATION: 125 | ERRORS: best=17, median=52.0, diversity=0.46 | INDIVIDUALS: n=200, avg_genome_length=194.025 | VIRUSES: gene_rate=0.000
2021-12-20 04:30:14.683557 | GENERATION: 126 | ERRORS: best=16, median=68.0, diversity=0.415 | INDIVIDUALS: n=200, avg_genome_length=193.845 | VIRUSES: gene_rate=0.000
2021-12-20 04:30:23.473680 | GENERATION: 127 | ERRORS: best=16, median=60.5, diversity=0.42 | INDIVIDUALS: n=200, avg_genome_length=194.335 | VIRUSES: gene_rate=0.000
2021-12-20 04:30:32.747298 | GENERATION: 128 | ERRORS: best=16, median=49.5, diversity=0.44 | INDIVIDUALS: n=200, avg_genome_length=193.83 | VIRUSES: gene_rate=0.000
2021-12-20 04:30:43.012424 | GENERATION: 129 | ERRORS: best=16, median=53.0, diversity=0.49 | INDIVIDUALS: n=200, avg_genome_length=193.86 | VIRUSES: gene_rate=0.000
2021-12-20 04:30:52.746932 | GENERATION: 130 | ERRORS: best=16, median=68.0, diversity=0.42 | INDIVIDUALS: n=200, avg_genome_length=194.075 | VIRUSES: gene_rate=0.000
2021-12-20 04:31:02.715499 | GENERATION: 131 | ERRORS: best=16, median=54.5, diversity=0.42 | INDIVIDUALS: n=200, avg_genome_length=194.365 | VIRUSES: gene_rate=0.000
2021-12-20 04:31:12.898504 | GENERATION: 132 | ERRORS: best=16, median=63.0, diversity=0.44 | INDIVIDUALS: n=200, avg_genome_length=193.47 | VIRUSES: gene_rate=0.000
2021-12-20 04:31:22.893263 | GENERATION: 133 | ERRORS: best=16, median=62.0, diversity=0.455 | INDIVIDUALS: n=200, avg_genome_length=194.05 | VIRUSES: gene_rate=0.000
2021-12-20 04:31:32.749758 | GENERATION: 134 | ERRORS: best=16, median=59.0, diversity=0.41 | INDIVIDUALS: n=200, avg_genome_length=193.66 | VIRUSES: gene_rate=0.000
2021-12-20 04:31:42.912930 | GENERATION: 135 | ERRORS: best=16, median=54.5, diversity=0.515 | INDIVIDUALS: n=200, avg_genome_length=193.59 | VIRUSES: gene_rate=0.000
2021-12-20 04:31:52.277419 | GENERATION: 136 | ERRORS: best=12, median=54.0, diversity=0.5 | INDIVIDUALS: n=200, avg_genome_length=193.625 | VIRUSES: gene_rate=0.000
2021-12-20 04:32:01.271442 | GENERATION: 137 | ERRORS: best=12, median=59.0, diversity=0.415 | INDIVIDUALS: n=200, avg_genome_length=193.86 | VIRUSES: gene_rate=0.000
2021-12-20 04:32:10.141523 | GENERATION: 138 | ERRORS: best=12, median=68.0, diversity=0.395 | INDIVIDUALS: n=200, avg_genome_length=194.055 | VIRUSES: gene_rate=0.000
2021-12-20 04:32:19.136518 | GENERATION: 139 | ERRORS: best=12, median=44.5, diversity=0.435 | INDIVIDUALS: n=200, avg_genome_length=193.56 | VIRUSES: gene_rate=0.000
2021-12-20 04:32:28.823266 | GENERATION: 140 | ERRORS: best=12, median=68.0, diversity=0.47 | INDIVIDUALS: n=200, avg_genome_length=194.125 | VIRUSES: gene_rate=0.000
2021-12-20 04:32:38.904602 | GENERATION: 141 | ERRORS: best=12, median=65.5, diversity=0.46 | INDIVIDUALS: n=200, avg_genome_length=193.945 | VIRUSES: gene_rate=0.000
2021-12-20 04:32:48.775653 | GENERATION: 142 | ERRORS: best=12, median=54.5, diversity=0.43 | INDIVIDUALS: n=200, avg_genome_length=194.245 | VIRUSES: gene_rate=0.000
2021-12-20 04:32:57.668689 | GENERATION: 143 | ERRORS: best=12, median=59.0, diversity=0.43 | INDIVIDUALS: n=200, avg_genome_length=193.94 | VIRUSES: gene_rate=0.000
2021-12-20 04:33:06.807329 | GENERATION: 144 | ERRORS: best=12, median=51.0, diversity=0.46 | INDIVIDUALS: n=200, avg_genome_length=193.595 | VIRUSES: gene_rate=0.000
2021-12-20 04:33:15.948969 | GENERATION: 145 | ERRORS: best=12, median=59.5, diversity=0.44 | INDIVIDUALS: n=200, avg_genome_length=193.155 | VIRUSES: gene_rate=0.000
2021-12-20 04:33:25.009052 | GENERATION: 146 | ERRORS: best=12, median=55.5, diversity=0.405 | INDIVIDUALS: n=200, avg_genome_length=193.03 | VIRUSES: gene_rate=0.000
2021-12-20 04:33:34.286346 | GENERATION: 147 | ERRORS: best=12, median=51.0, diversity=0.46 | INDIVIDUALS: n=200, avg_genome_length=193.65 | VIRUSES: gene_rate=0.000
2021-12-20 04:33:43.546393 | GENERATION: 148 | ERRORS: best=12, median=48.5, diversity=0.38 | INDIVIDUALS: n=200, avg_genome_length=193.395 | VIRUSES: gene_rate=0.000
2021-12-20 04:33:52.038926 | GENERATION: 149 | ERRORS: best=12, median=68.0, diversity=0.405 | INDIVIDUALS: n=200, avg_genome_length=193.65 | VIRUSES: gene_rate=0.000
2021-12-20 04:34:01.382963 | GENERATION: 150 | ERRORS: best=12, median=52.5, diversity=0.425 | INDIVIDUALS: n=200, avg_genome_length=193.965 | VIRUSES: gene_rate=0.000
2021-12-20 04:34:09.730084 | GENERATION: 151 | ERRORS: best=12, median=55.5, diversity=0.36 | INDIVIDUALS: n=200, avg_genome_length=193.685 | VIRUSES: gene_rate=0.000
2021-12-20 04:34:18.805816 | GENERATION: 152 | ERRORS: best=12, median=47.0, diversity=0.47 | INDIVIDUALS: n=200, avg_genome_length=193.25 | VIRUSES: gene_rate=0.000
2021-12-20 04:34:27.760479 | GENERATION: 153 | ERRORS: best=12, median=51.5, diversity=0.45 | INDIVIDUALS: n=200, avg_genome_length=193.445 | VIRUSES: gene_rate=0.000
2021-12-20 04:34:37.199907 | GENERATION: 154 | ERRORS: best=12, median=39.5, diversity=0.44 | INDIVIDUALS: n=200, avg_genome_length=193.975 | VIRUSES: gene_rate=0.000
2021-12-20 04:34:46.091821 | GENERATION: 155 | ERRORS: best=12, median=56.0, diversity=0.45 | INDIVIDUALS: n=200, avg_genome_length=193.765 | VIRUSES: gene_rate=0.000
2021-12-20 04:34:56.327155 | GENERATION: 156 | ERRORS: best=12, median=48.5, diversity=0.465 | INDIVIDUALS: n=200, avg_genome_length=193.645 | VIRUSES: gene_rate=0.000
2021-12-20 04:35:07.136776 | GENERATION: 157 | ERRORS: best=12, median=65.0, diversity=0.475 | INDIVIDUALS: n=200, avg_genome_length=193.92 | VIRUSES: gene_rate=0.000
2021-12-20 04:35:16.240573 | GENERATION: 158 | ERRORS: best=12, median=57.0, diversity=0.425 | INDIVIDUALS: n=200, avg_genome_length=193.555 | VIRUSES: gene_rate=0.000
2021-12-20 04:35:26.850065 | GENERATION: 159 | ERRORS: best=12, median=56.5, diversity=0.44 | INDIVIDUALS: n=200, avg_genome_length=194.355 | VIRUSES: gene_rate=0.000
2021-12-20 04:35:35.979999 | GENERATION: 160 | ERRORS: best=12, median=55.5, diversity=0.42 | INDIVIDUALS: n=200, avg_genome_length=193.72 | VIRUSES: gene_rate=0.000
2021-12-20 04:35:45.556883 | GENERATION: 161 | ERRORS: best=12, median=65.0, diversity=0.45 | INDIVIDUALS: n=200, avg_genome_length=193.695 | VIRUSES: gene_rate=0.000
2021-12-20 04:35:54.651103 | GENERATION: 162 | ERRORS: best=12, median=49.5, diversity=0.51 | INDIVIDUALS: n=200, avg_genome_length=193.51 | VIRUSES: gene_rate=0.000
2021-12-20 04:36:03.930841 | GENERATION: 163 | ERRORS: best=12, median=68.0, diversity=0.455 | INDIVIDUALS: n=200, avg_genome_length=193.645 | VIRUSES: gene_rate=0.000
2021-12-20 04:36:12.784521 | GENERATION: 164 | ERRORS: best=12, median=54.5, diversity=0.4 | INDIVIDUALS: n=200, avg_genome_length=193.935 | VIRUSES: gene_rate=0.000
2021-12-20 04:36:21.827507 | GENERATION: 165 | ERRORS: best=12, median=50.5, diversity=0.45 | INDIVIDUALS: n=200, avg_genome_length=194.01 | VIRUSES: gene_rate=0.000
2021-12-20 04:36:30.915886 | GENERATION: 166 | ERRORS: best=12, median=45.5, diversity=0.4 | INDIVIDUALS: n=200, avg_genome_length=193.215 | VIRUSES: gene_rate=0.000
2021-12-20 04:36:40.223285 | GENERATION: 167 | ERRORS: best=12, median=55.5, diversity=0.475 | INDIVIDUALS: n=200, avg_genome_length=193.505 | VIRUSES: gene_rate=0.000
2021-12-20 04:36:49.124923 | GENERATION: 168 | ERRORS: best=12, median=68.0, diversity=0.425 | INDIVIDUALS: n=200, avg_genome_length=193.405 | VIRUSES: gene_rate=0.000
2021-12-20 04:36:58.248091 | GENERATION: 169 | ERRORS: best=12, median=54.0, diversity=0.495 | INDIVIDUALS: n=200, avg_genome_length=193.585 | VIRUSES: gene_rate=0.000
2021-12-20 04:37:07.533751 | GENERATION: 170 | ERRORS: best=12, median=36.0, diversity=0.445 | INDIVIDUALS: n=200, avg_genome_length=193.48 | VIRUSES: gene_rate=0.000
2021-12-20 04:37:16.576225 | GENERATION: 171 | ERRORS: best=12, median=66.5, diversity=0.39 | INDIVIDUALS: n=200, avg_genome_length=193.505 | VIRUSES: gene_rate=0.000
2021-12-20 04:37:25.936744 | GENERATION: 172 | ERRORS: best=12, median=53.0, diversity=0.42 | INDIVIDUALS: n=200, avg_genome_length=193.25 | VIRUSES: gene_rate=0.000
2021-12-20 04:37:35.367465 | GENERATION: 173 | ERRORS: best=12, median=66.5, diversity=0.39 | INDIVIDUALS: n=200, avg_genome_length=193.61 | VIRUSES: gene_rate=0.000
2021-12-20 04:37:45.491549 | GENERATION: 174 | ERRORS: best=12, median=68.0, diversity=0.36 | INDIVIDUALS: n=200, avg_genome_length=193.35 | VIRUSES: gene_rate=0.000
2021-12-20 04:37:55.057072 | GENERATION: 175 | ERRORS: best=12, median=56.0, diversity=0.37 | INDIVIDUALS: n=200, avg_genome_length=193.615 | VIRUSES: gene_rate=0.000
2021-12-20 04:38:04.922065 | GENERATION: 176 | ERRORS: best=12, median=45.5, diversity=0.45 | INDIVIDUALS: n=200, avg_genome_length=194.37 | VIRUSES: gene_rate=0.000
2021-12-20 04:38:14.175325 | GENERATION: 177 | ERRORS: best=12, median=64.5, diversity=0.35 | INDIVIDUALS: n=200, avg_genome_length=193.85 | VIRUSES: gene_rate=0.000
2021-12-20 04:38:23.422794 | GENERATION: 178 | ERRORS: best=12, median=44.0, diversity=0.335 | INDIVIDUALS: n=200, avg_genome_length=193.555 | VIRUSES: gene_rate=0.000
2021-12-20 04:38:32.795060 | GENERATION: 179 | ERRORS: best=11, median=54.0, diversity=0.405 | INDIVIDUALS: n=200, avg_genome_length=193.01 | VIRUSES: gene_rate=0.000
2021-12-20 04:38:41.462024 | GENERATION: 180 | ERRORS: best=11, median=68.0, diversity=0.35 | INDIVIDUALS: n=200, avg_genome_length=193.19 | VIRUSES: gene_rate=0.000
2021-12-20 04:38:50.130252 | GENERATION: 181 | ERRORS: best=11, median=48.0, diversity=0.385 | INDIVIDUALS: n=200, avg_genome_length=193.345 | VIRUSES: gene_rate=0.000
2021-12-20 04:38:59.254690 | GENERATION: 182 | ERRORS: best=11, median=68.0, diversity=0.405 | INDIVIDUALS: n=200, avg_genome_length=193.69 | VIRUSES: gene_rate=0.000
2021-12-20 04:39:08.259452 | GENERATION: 183 | ERRORS: best=11, median=45.5, diversity=0.375 | INDIVIDUALS: n=200, avg_genome_length=193.705 | VIRUSES: gene_rate=0.000
2021-12-20 04:39:17.440246 | GENERATION: 184 | ERRORS: best=11, median=45.5, diversity=0.425 | INDIVIDUALS: n=200, avg_genome_length=192.89 | VIRUSES: gene_rate=0.000
2021-12-20 04:39:26.565329 | GENERATION: 185 | ERRORS: best=11, median=48.0, diversity=0.355 | INDIVIDUALS: n=200, avg_genome_length=193.135 | VIRUSES: gene_rate=0.000
2021-12-20 04:39:35.503900 | GENERATION: 186 | ERRORS: best=11, median=45.5, diversity=0.36 | INDIVIDUALS: n=200, avg_genome_length=193.305 | VIRUSES: gene_rate=0.000
2021-12-20 04:39:45.081549 | GENERATION: 187 | ERRORS: best=11, median=46.0, diversity=0.45 | INDIVIDUALS: n=200, avg_genome_length=193.38 | VIRUSES: gene_rate=0.000
2021-12-20 04:39:54.611285 | GENERATION: 188 | ERRORS: best=11, median=32.5, diversity=0.415 | INDIVIDUALS: n=200, avg_genome_length=193.28 | VIRUSES: gene_rate=0.000
2021-12-20 04:40:03.916226 | GENERATION: 189 | ERRORS: best=11, median=38.0, diversity=0.395 | INDIVIDUALS: n=200, avg_genome_length=192.805 | VIRUSES: gene_rate=0.000
2021-12-20 04:40:13.535167 | GENERATION: 190 | ERRORS: best=11, median=32.0, diversity=0.375 | INDIVIDUALS: n=200, avg_genome_length=193.055 | VIRUSES: gene_rate=0.000
2021-12-20 04:40:22.454140 | GENERATION: 191 | ERRORS: best=11, median=34.0, diversity=0.38 | INDIVIDUALS: n=200, avg_genome_length=192.795 | VIRUSES: gene_rate=0.000
2021-12-20 04:40:31.807070 | GENERATION: 192 | ERRORS: best=11, median=41.5, diversity=0.34 | INDIVIDUALS: n=200, avg_genome_length=192.16 | VIRUSES: gene_rate=0.000
2021-12-20 04:40:40.917403 | GENERATION: 193 | ERRORS: best=11, median=41.0, diversity=0.32 | INDIVIDUALS: n=200, avg_genome_length=192.35 | VIRUSES: gene_rate=0.000
2021-12-20 04:40:50.122553 | GENERATION: 194 | ERRORS: best=11, median=36.0, diversity=0.375 | INDIVIDUALS: n=200, avg_genome_length=193.05 | VIRUSES: gene_rate=0.000
2021-12-20 04:40:59.948457 | GENERATION: 195 | ERRORS: best=11, median=51.0, diversity=0.32 | INDIVIDUALS: n=200, avg_genome_length=192.655 | VIRUSES: gene_rate=0.000
2021-12-20 04:41:09.486436 | GENERATION: 196 | ERRORS: best=11, median=35.0, diversity=0.38 | INDIVIDUALS: n=200, avg_genome_length=192.81 | VIRUSES: gene_rate=0.000
2021-12-20 04:41:18.243384 | GENERATION: 197 | ERRORS: best=11, median=35.0, diversity=0.355 | INDIVIDUALS: n=200, avg_genome_length=193.125 | VIRUSES: gene_rate=0.000
2021-12-20 04:41:26.623365 | GENERATION: 198 | ERRORS: best=11, median=46.0, diversity=0.315 | INDIVIDUALS: n=200, avg_genome_length=192.44 | VIRUSES: gene_rate=0.000
2021-12-20 04:41:35.213152 | GENERATION: 199 | ERRORS: best=11, median=41.0, diversity=0.325 | INDIVIDUALS: n=200, avg_genome_length=193.05 | VIRUSES: gene_rate=0.000
2021-12-20 04:41:44.160162 | GENERATION: 200 | ERRORS: best=11, median=50.5, diversity=0.375 | INDIVIDUALS: n=200, avg_genome_length=192.625 | VIRUSES: gene_rate=0.000
2021-12-20 04:41:52.911842 | GENERATION: 201 | ERRORS: best=11, median=35.0, diversity=0.39 | INDIVIDUALS: n=200, avg_genome_length=192.905 | VIRUSES: gene_rate=0.000
2021-12-20 04:42:02.826034 | GENERATION: 202 | ERRORS: best=11, median=34.0, diversity=0.4 | INDIVIDUALS: n=200, avg_genome_length=192.76 | VIRUSES: gene_rate=0.000
2021-12-20 04:42:13.521249 | GENERATION: 203 | ERRORS: best=11, median=35.5, diversity=0.42 | INDIVIDUALS: n=200, avg_genome_length=192.46 | VIRUSES: gene_rate=0.000
2021-12-20 04:42:22.348964 | GENERATION: 204 | ERRORS: best=11, median=32.5, diversity=0.355 | INDIVIDUALS: n=200, avg_genome_length=192.82 | VIRUSES: gene_rate=0.000
2021-12-20 04:42:30.854129 | GENERATION: 205 | ERRORS: best=11, median=35.0, diversity=0.325 | INDIVIDUALS: n=200, avg_genome_length=191.875 | VIRUSES: gene_rate=0.000
2021-12-20 04:42:40.295854 | GENERATION: 206 | ERRORS: best=11, median=40.0, diversity=0.39 | INDIVIDUALS: n=200, avg_genome_length=192.37 | VIRUSES: gene_rate=0.000
2021-12-20 04:42:49.257814 | GENERATION: 207 | ERRORS: best=11, median=40.5, diversity=0.41 | INDIVIDUALS: n=200, avg_genome_length=192.705 | VIRUSES: gene_rate=0.000
2021-12-20 04:42:58.284980 | GENERATION: 208 | ERRORS: best=11, median=35.0, diversity=0.38 | INDIVIDUALS: n=200, avg_genome_length=191.84 | VIRUSES: gene_rate=0.000
2021-12-20 04:43:07.458984 | GENERATION: 209 | ERRORS: best=11, median=44.0, diversity=0.38 | INDIVIDUALS: n=200, avg_genome_length=191.425 | VIRUSES: gene_rate=0.000
2021-12-20 04:43:16.694890 | GENERATION: 210 | ERRORS: best=11, median=41.0, diversity=0.375 | INDIVIDUALS: n=200, avg_genome_length=191.18 | VIRUSES: gene_rate=0.000
2021-12-20 04:43:25.700011 | GENERATION: 211 | ERRORS: best=11, median=38.0, diversity=0.42 | INDIVIDUALS: n=200, avg_genome_length=192.09 | VIRUSES: gene_rate=0.000
2021-12-20 04:43:34.318155 | GENERATION: 212 | ERRORS: best=11, median=41.0, diversity=0.3 | INDIVIDUALS: n=200, avg_genome_length=192.03 | VIRUSES: gene_rate=0.000
2021-12-20 04:43:43.054673 | GENERATION: 213 | ERRORS: best=11, median=41.0, diversity=0.36 | INDIVIDUALS: n=200, avg_genome_length=192.165 | VIRUSES: gene_rate=0.000
2021-12-20 04:43:52.229673 | GENERATION: 214 | ERRORS: best=11, median=44.0, diversity=0.355 | INDIVIDUALS: n=200, avg_genome_length=191.845 | VIRUSES: gene_rate=0.000
2021-12-20 04:44:00.800911 | GENERATION: 215 | ERRORS: best=11, median=49.5, diversity=0.395 | INDIVIDUALS: n=200, avg_genome_length=191.835 | VIRUSES: gene_rate=0.000
2021-12-20 04:44:10.118482 | GENERATION: 216 | ERRORS: best=11, median=44.0, diversity=0.38 | INDIVIDUALS: n=200, avg_genome_length=192.005 | VIRUSES: gene_rate=0.000
2021-12-20 04:44:18.946876 | GENERATION: 217 | ERRORS: best=11, median=55.0, diversity=0.36 | INDIVIDUALS: n=200, avg_genome_length=191.82 | VIRUSES: gene_rate=0.000
2021-12-20 04:44:28.502850 | GENERATION: 218 | ERRORS: best=11, median=47.0, diversity=0.4 | INDIVIDUALS: n=200, avg_genome_length=191.935 | VIRUSES: gene_rate=0.000
2021-12-20 04:44:37.621904 | GENERATION: 219 | ERRORS: best=11, median=35.0, diversity=0.385 | INDIVIDUALS: n=200, avg_genome_length=191.875 | VIRUSES: gene_rate=0.000
2021-12-20 04:44:46.334990 | GENERATION: 220 | ERRORS: best=11, median=41.0, diversity=0.3 | INDIVIDUALS: n=200, avg_genome_length=191.81 | VIRUSES: gene_rate=0.000
2021-12-20 04:44:56.063931 | GENERATION: 221 | ERRORS: best=11, median=49.5, diversity=0.38 | INDIVIDUALS: n=200, avg_genome_length=191.545 | VIRUSES: gene_rate=0.000
2021-12-20 04:45:05.590418 | GENERATION: 222 | ERRORS: best=11, median=47.0, diversity=0.37 | INDIVIDUALS: n=200, avg_genome_length=192.12 | VIRUSES: gene_rate=0.000
2021-12-20 04:45:14.520302 | GENERATION: 223 | ERRORS: best=11, median=62.0, diversity=0.36 | INDIVIDUALS: n=200, avg_genome_length=191.8 | VIRUSES: gene_rate=0.000
2021-12-20 04:45:23.935404 | GENERATION: 224 | ERRORS: best=11, median=41.0, diversity=0.335 | INDIVIDUALS: n=200, avg_genome_length=191.285 | VIRUSES: gene_rate=0.000
2021-12-20 04:45:32.859944 | GENERATION: 225 | ERRORS: best=11, median=57.5, diversity=0.375 | INDIVIDUALS: n=200, avg_genome_length=191.61 | VIRUSES: gene_rate=0.000
2021-12-20 04:45:42.290358 | GENERATION: 226 | ERRORS: best=11, median=32.0, diversity=0.34 | INDIVIDUALS: n=200, avg_genome_length=191.605 | VIRUSES: gene_rate=0.000
2021-12-20 04:45:51.060715 | GENERATION: 227 | ERRORS: best=11, median=42.5, diversity=0.315 | INDIVIDUALS: n=200, avg_genome_length=191.865 | VIRUSES: gene_rate=0.000
2021-12-20 04:46:00.008506 | GENERATION: 228 | ERRORS: best=11, median=41.0, diversity=0.355 | INDIVIDUALS: n=200, avg_genome_length=191.385 | VIRUSES: gene_rate=0.000
2021-12-20 04:46:08.309842 | GENERATION: 229 | ERRORS: best=11, median=41.0, diversity=0.305 | INDIVIDUALS: n=200, avg_genome_length=191.92 | VIRUSES: gene_rate=0.000
2021-12-20 04:46:16.916630 | GENERATION: 230 | ERRORS: best=11, median=60.0, diversity=0.375 | INDIVIDUALS: n=200, avg_genome_length=191.765 | VIRUSES: gene_rate=0.000
2021-12-20 04:46:25.775417 | GENERATION: 231 | ERRORS: best=11, median=41.0, diversity=0.375 | INDIVIDUALS: n=200, avg_genome_length=192.4 | VIRUSES: gene_rate=0.000
2021-12-20 04:46:35.397890 | GENERATION: 232 | ERRORS: best=11, median=34.5, diversity=0.335 | INDIVIDUALS: n=200, avg_genome_length=192.62 | VIRUSES: gene_rate=0.000
2021-12-20 04:46:44.096303 | GENERATION: 233 | ERRORS: best=11, median=37.0, diversity=0.315 | INDIVIDUALS: n=200, avg_genome_length=192.325 | VIRUSES: gene_rate=0.000
2021-12-20 04:46:52.696259 | GENERATION: 234 | ERRORS: best=11, median=68.0, diversity=0.29 | INDIVIDUALS: n=200, avg_genome_length=191.995 | VIRUSES: gene_rate=0.000
2021-12-20 04:47:01.434358 | GENERATION: 235 | ERRORS: best=11, median=32.0, diversity=0.39 | INDIVIDUALS: n=200, avg_genome_length=192.335 | VIRUSES: gene_rate=0.000
2021-12-20 04:47:10.707190 | GENERATION: 236 | ERRORS: best=11, median=47.0, diversity=0.41 | INDIVIDUALS: n=200, avg_genome_length=192.07 | VIRUSES: gene_rate=0.000
2021-12-20 04:47:20.200488 | GENERATION: 237 | ERRORS: best=10, median=47.0, diversity=0.395 | INDIVIDUALS: n=200, avg_genome_length=192.47 | VIRUSES: gene_rate=0.000
2021-12-20 04:47:29.208628 | GENERATION: 238 | ERRORS: best=10, median=52.5, diversity=0.32 | INDIVIDUALS: n=200, avg_genome_length=191.515 | VIRUSES: gene_rate=0.000
2021-12-20 04:47:37.960227 | GENERATION: 239 | ERRORS: best=10, median=68.0, diversity=0.4 | INDIVIDUALS: n=200, avg_genome_length=192.82 | VIRUSES: gene_rate=0.000
2021-12-20 04:47:47.184255 | GENERATION: 240 | ERRORS: best=10, median=61.0, diversity=0.37 | INDIVIDUALS: n=200, avg_genome_length=192.755 | VIRUSES: gene_rate=0.000
2021-12-20 04:47:56.073042 | GENERATION: 241 | ERRORS: best=10, median=32.0, diversity=0.355 | INDIVIDUALS: n=200, avg_genome_length=192.885 | VIRUSES: gene_rate=0.000
2021-12-20 04:48:05.038428 | GENERATION: 242 | ERRORS: best=10, median=59.0, diversity=0.335 | INDIVIDUALS: n=200, avg_genome_length=192.815 | VIRUSES: gene_rate=0.000
2021-12-20 04:48:15.152281 | GENERATION: 243 | ERRORS: best=10, median=41.0, diversity=0.31 | INDIVIDUALS: n=200, avg_genome_length=192.955 | VIRUSES: gene_rate=0.000
2021-12-20 04:48:24.505718 | GENERATION: 244 | ERRORS: best=10, median=52.0, diversity=0.335 | INDIVIDUALS: n=200, avg_genome_length=192.96 | VIRUSES: gene_rate=0.000
2021-12-20 04:48:33.574610 | GENERATION: 245 | ERRORS: best=10, median=67.0, diversity=0.32 | INDIVIDUALS: n=200, avg_genome_length=192.995 | VIRUSES: gene_rate=0.000
2021-12-20 04:48:42.699328 | GENERATION: 246 | ERRORS: best=10, median=51.5, diversity=0.36 | INDIVIDUALS: n=200, avg_genome_length=193.11 | VIRUSES: gene_rate=0.000
2021-12-20 04:48:51.997306 | GENERATION: 247 | ERRORS: best=10, median=40.5, diversity=0.345 | INDIVIDUALS: n=200, avg_genome_length=192.94 | VIRUSES: gene_rate=0.000
2021-12-20 04:49:00.824218 | GENERATION: 248 | ERRORS: best=10, median=58.0, diversity=0.37 | INDIVIDUALS: n=200, avg_genome_length=193.015 | VIRUSES: gene_rate=0.000
2021-12-20 04:49:10.063051 | GENERATION: 249 | ERRORS: best=10, median=56.0, diversity=0.31 | INDIVIDUALS: n=200, avg_genome_length=193.3 | VIRUSES: gene_rate=0.000
2021-12-20 04:49:18.887329 | GENERATION: 250 | ERRORS: best=10, median=62.0, diversity=0.32 | INDIVIDUALS: n=200, avg_genome_length=192.925 | VIRUSES: gene_rate=0.000
2021-12-20 04:49:27.407559 | GENERATION: 251 | ERRORS: best=10, median=68.0, diversity=0.315 | INDIVIDUALS: n=200, avg_genome_length=192.875 | VIRUSES: gene_rate=0.000
2021-12-20 04:49:36.390112 | GENERATION: 252 | ERRORS: best=10, median=35.0, diversity=0.35 | INDIVIDUALS: n=200, avg_genome_length=191.99 | VIRUSES: gene_rate=0.000
2021-12-20 04:49:45.332613 | GENERATION: 253 | ERRORS: best=10, median=48.0, diversity=0.32 | INDIVIDUALS: n=200, avg_genome_length=191.885 | VIRUSES: gene_rate=0.000
2021-12-20 04:49:53.714173 | GENERATION: 254 | ERRORS: best=10, median=55.0, diversity=0.33 | INDIVIDUALS: n=200, avg_genome_length=192.18 | VIRUSES: gene_rate=0.000
2021-12-20 04:50:02.404207 | GENERATION: 255 | ERRORS: best=10, median=48.0, diversity=0.385 | INDIVIDUALS: n=200, avg_genome_length=191.69 | VIRUSES: gene_rate=0.000
2021-12-20 04:50:11.307898 | GENERATION: 256 | ERRORS: best=10, median=68.0, diversity=0.35 | INDIVIDUALS: n=200, avg_genome_length=191.755 | VIRUSES: gene_rate=0.000
2021-12-20 04:50:19.760846 | GENERATION: 257 | ERRORS: best=10, median=66.5, diversity=0.33 | INDIVIDUALS: n=200, avg_genome_length=191.995 | VIRUSES: gene_rate=0.000
2021-12-20 04:50:28.425123 | GENERATION: 258 | ERRORS: best=10, median=36.0, diversity=0.35 | INDIVIDUALS: n=200, avg_genome_length=192.54 | VIRUSES: gene_rate=0.000
2021-12-20 04:50:37.510524 | GENERATION: 259 | ERRORS: best=10, median=50.0, diversity=0.365 | INDIVIDUALS: n=200, avg_genome_length=192.705 | VIRUSES: gene_rate=0.000
2021-12-20 04:50:46.402234 | GENERATION: 260 | ERRORS: best=10, median=59.0, diversity=0.43 | INDIVIDUALS: n=200, avg_genome_length=192.62 | VIRUSES: gene_rate=0.000
2021-12-20 04:50:55.268596 | GENERATION: 261 | ERRORS: best=10, median=32.0, diversity=0.285 | INDIVIDUALS: n=200, avg_genome_length=193.43 | VIRUSES: gene_rate=0.000
2021-12-20 04:51:03.894347 | GENERATION: 262 | ERRORS: best=10, median=35.0, diversity=0.345 | INDIVIDUALS: n=200, avg_genome_length=192.725 | VIRUSES: gene_rate=0.000
2021-12-20 04:51:12.357320 | GENERATION: 263 | ERRORS: best=10, median=57.0, diversity=0.355 | INDIVIDUALS: n=200, avg_genome_length=193.465 | VIRUSES: gene_rate=0.000
2021-12-20 04:51:21.067146 | GENERATION: 264 | ERRORS: best=10, median=41.0, diversity=0.33 | INDIVIDUALS: n=200, avg_genome_length=192.98 | VIRUSES: gene_rate=0.000
2021-12-20 04:51:29.986816 | GENERATION: 265 | ERRORS: best=10, median=68.0, diversity=0.365 | INDIVIDUALS: n=200, avg_genome_length=193.45 | VIRUSES: gene_rate=0.000
2021-12-20 04:51:39.407257 | GENERATION: 266 | ERRORS: best=10, median=48.5, diversity=0.38 | INDIVIDUALS: n=200, avg_genome_length=192.805 | VIRUSES: gene_rate=0.000
2021-12-20 04:51:47.601837 | GENERATION: 267 | ERRORS: best=10, median=41.5, diversity=0.335 | INDIVIDUALS: n=200, avg_genome_length=192.76 | VIRUSES: gene_rate=0.000
2021-12-20 04:51:56.687965 | GENERATION: 268 | ERRORS: best=10, median=67.5, diversity=0.295 | INDIVIDUALS: n=200, avg_genome_length=193.26 | VIRUSES: gene_rate=0.000
2021-12-20 04:52:05.018802 | GENERATION: 269 | ERRORS: best=10, median=65.5, diversity=0.355 | INDIVIDUALS: n=200, avg_genome_length=193.385 | VIRUSES: gene_rate=0.000
2021-12-20 04:52:13.598582 | GENERATION: 270 | ERRORS: best=10, median=40.0, diversity=0.305 | INDIVIDUALS: n=200, avg_genome_length=191.805 | VIRUSES: gene_rate=0.000
2021-12-20 04:52:22.214198 | GENERATION: 271 | ERRORS: best=10, median=37.0, diversity=0.34 | INDIVIDUALS: n=200, avg_genome_length=193.68 | VIRUSES: gene_rate=0.000
2021-12-20 04:52:31.062525 | GENERATION: 272 | ERRORS: best=10, median=41.0, diversity=0.32 | INDIVIDUALS: n=200, avg_genome_length=192.44 | VIRUSES: gene_rate=0.000
2021-12-20 04:52:39.554858 | GENERATION: 273 | ERRORS: best=10, median=57.0, diversity=0.32 | INDIVIDUALS: n=200, avg_genome_length=192.38 | VIRUSES: gene_rate=0.000
2021-12-20 04:52:47.891128 | GENERATION: 274 | ERRORS: best=10, median=56.0, diversity=0.345 | INDIVIDUALS: n=200, avg_genome_length=192.115 | VIRUSES: gene_rate=0.000
2021-12-20 04:52:56.943368 | GENERATION: 275 | ERRORS: best=10, median=39.0, diversity=0.325 | INDIVIDUALS: n=200, avg_genome_length=192.275 | VIRUSES: gene_rate=0.000
2021-12-20 04:53:06.154286 | GENERATION: 276 | ERRORS: best=10, median=43.0, diversity=0.385 | INDIVIDUALS: n=200, avg_genome_length=193.145 | VIRUSES: gene_rate=0.000
2021-12-20 04:53:15.176410 | GENERATION: 277 | ERRORS: best=10, median=68.0, diversity=0.35 | INDIVIDUALS: n=200, avg_genome_length=192.92 | VIRUSES: gene_rate=0.000
2021-12-20 04:53:23.936642 | GENERATION: 278 | ERRORS: best=10, median=68.0, diversity=0.315 | INDIVIDUALS: n=200, avg_genome_length=194.05 | VIRUSES: gene_rate=0.000
2021-12-20 04:53:33.430751 | GENERATION: 279 | ERRORS: best=10, median=50.0, diversity=0.39 | INDIVIDUALS: n=200, avg_genome_length=193.355 | VIRUSES: gene_rate=0.000
2021-12-20 04:53:42.949156 | GENERATION: 280 | ERRORS: best=10, median=67.5, diversity=0.385 | INDIVIDUALS: n=200, avg_genome_length=193.715 | VIRUSES: gene_rate=0.000
2021-12-20 04:53:52.431583 | GENERATION: 281 | ERRORS: best=10, median=68.0, diversity=0.305 | INDIVIDUALS: n=200, avg_genome_length=193.51 | VIRUSES: gene_rate=0.000
2021-12-20 04:54:02.130386 | GENERATION: 282 | ERRORS: best=10, median=33.5, diversity=0.355 | INDIVIDUALS: n=200, avg_genome_length=193.675 | VIRUSES: gene_rate=0.000
2021-12-20 04:54:11.779646 | GENERATION: 283 | ERRORS: best=10, median=46.0, diversity=0.37 | INDIVIDUALS: n=200, avg_genome_length=192.96 | VIRUSES: gene_rate=0.000
2021-12-20 04:54:21.187091 | GENERATION: 284 | ERRORS: best=10, median=40.5, diversity=0.375 | INDIVIDUALS: n=200, avg_genome_length=193.255 | VIRUSES: gene_rate=0.000
2021-12-20 04:54:30.324974 | GENERATION: 285 | ERRORS: best=10, median=41.5, diversity=0.38 | INDIVIDUALS: n=200, avg_genome_length=192.74 | VIRUSES: gene_rate=0.000
2021-12-20 04:54:38.861119 | GENERATION: 286 | ERRORS: best=10, median=68.0, diversity=0.36 | INDIVIDUALS: n=200, avg_genome_length=193.305 | VIRUSES: gene_rate=0.000
2021-12-20 04:54:47.602069 | GENERATION: 287 | ERRORS: best=10, median=52.5, diversity=0.36 | INDIVIDUALS: n=200, avg_genome_length=193.09 | VIRUSES: gene_rate=0.000
2021-12-20 04:54:55.720892 | GENERATION: 288 | ERRORS: best=10, median=56.0, diversity=0.325 | INDIVIDUALS: n=200, avg_genome_length=192.845 | VIRUSES: gene_rate=0.000
2021-12-20 04:55:04.628586 | GENERATION: 289 | ERRORS: best=10, median=59.5, diversity=0.365 | INDIVIDUALS: n=200, avg_genome_length=193.485 | VIRUSES: gene_rate=0.000
2021-12-20 04:55:13.119518 | GENERATION: 290 | ERRORS: best=10, median=46.0, diversity=0.335 | INDIVIDUALS: n=200, avg_genome_length=192.87 | VIRUSES: gene_rate=0.000
2021-12-20 04:55:21.563082 | GENERATION: 291 | ERRORS: best=10, median=46.5, diversity=0.375 | INDIVIDUALS: n=200, avg_genome_length=192.705 | VIRUSES: gene_rate=0.000
2021-12-20 04:55:31.287284 | GENERATION: 292 | ERRORS: best=10, median=62.0, diversity=0.325 | INDIVIDUALS: n=200, avg_genome_length=192.71 | VIRUSES: gene_rate=0.000
2021-12-20 04:55:39.921244 | GENERATION: 293 | ERRORS: best=10, median=48.0, diversity=0.34 | INDIVIDUALS: n=200, avg_genome_length=193.055 | VIRUSES: gene_rate=0.000
2021-12-20 04:55:48.917259 | GENERATION: 294 | ERRORS: best=10, median=35.5, diversity=0.295 | INDIVIDUALS: n=200, avg_genome_length=193.225 | VIRUSES: gene_rate=0.000
2021-12-20 04:55:57.595278 | GENERATION: 295 | ERRORS: best=10, median=68.0, diversity=0.34 | INDIVIDUALS: n=200, avg_genome_length=193.685 | VIRUSES: gene_rate=0.000
2021-12-20 04:56:05.926055 | GENERATION: 296 | ERRORS: best=10, median=61.5, diversity=0.29 | INDIVIDUALS: n=200, avg_genome_length=193.745 | VIRUSES: gene_rate=0.000
2021-12-20 04:56:14.962787 | GENERATION: 297 | ERRORS: best=10, median=68.0, diversity=0.305 | INDIVIDUALS: n=200, avg_genome_length=193.87 | VIRUSES: gene_rate=0.000
2021-12-20 04:56:24.882285 | GENERATION: 298 | ERRORS: best=10, median=67.0, diversity=0.335 | INDIVIDUALS: n=200, avg_genome_length=193.525 | VIRUSES: gene_rate=0.000
2021-12-20 04:56:33.628707 | GENERATION: 299 | ERRORS: best=10, median=2000038.0, diversity=0.33 | INDIVIDUALS: n=200, avg_genome_length=193.9 | VIRUSES: gene_rate=0.000
2021-12-20 04:56:42.545262 | GENERATION: 300 | ERRORS: best=10, median=68.0, diversity=0.33 | INDIVIDUALS: n=200, avg_genome_length=193.905 | VIRUSES: gene_rate=0.000
Simplifying genome of length 190 with total error 10.
Simplified genome by 2 to length 188.
Simplified genome by 2 to length 186.
Simplified genome by 1 to length 185.
Simplified genome by 3 to length 182.
Simplified genome by 2 to length 180.
Simplified genome by 3 to length 177.
Simplified genome by 3 to length 174.
Simplified genome by 1 to length 173.
Simplified genome by 3 to length 170.
Simplified genome by 1 to length 169.
Simplified genome by 1 to length 168.
Simplified genome by 1 to length 167.
Simplified genome by 1 to length 166.
Simplified genome by 1 to length 165.
Simplified genome by 2 to length 163.
Simplified genome by 1 to length 162.
Simplified genome by 2 to length 160.
Simplified genome by 3 to length 157.
Simplified genome by 2 to length 155.
Simplified genome by 1 to length 154.
Simplified genome by 1 to length 153.
Simplified genome by 2 to length 151.
Simplified genome by 1 to length 150.
Simplified genome by 3 to length 147.
Simplified genome by 2 to length 145.
Simplified genome by 1 to length 144.
Simplified genome by 1 to length 143.
Simplified genome by 1 to length 142.
Simplified genome by 1 to length 141.
Simplified genome by 1 to length 140.
Simplified genome by 1 to length 139.
Simplified genome by 2 to length 137.
Simplified genome by 2 to length 135.
Simplified genome by 3 to length 132.
Simplified genome by 2 to length 130.
Simplified genome by 1 to length 129.
Simplified genome by 1 to length 128.
Simplified genome by 1 to length 127.
Simplified genome by 2 to length 125.
Simplified genome by 1 to length 124.
Simplified genome by 1 to length 123.
Simplified genome by 3 to length 120.
Simplified genome by 1 to length 119.
Simplified genome by 1 to length 118.
Simplified genome by 1 to length 117.
Simplified genome by 2 to length 115.
Simplified genome by 1 to length 114.
Simplified genome by 1 to length 113.
Simplified genome by 2 to length 111.
Simplified genome by 2 to length 109.
Simplified genome by 2 to length 107.
Simplified genome by 1 to length 106.
Simplified genome by 1 to length 105.
Simplified genome by 1 to length 104.
Simplified genome by 1 to length 103.
Simplified genome by 1 to length 102.
Simplified genome by 1 to length 101.
Simplified genome by 2 to length 99.
Simplified genome by 1 to length 98.
Simplified genome by 1 to length 97.
Simplified genome by 2 to length 95.
Simplified genome by 1 to length 94.
Simplified genome by 1 to length 93.
Simplified genome by 1 to length 92.
Simplified genome by 1 to length 91.
Simplified genome by 1 to length 90.
Simplified genome by 1 to length 89.
Simplified genome by 1 to length 88.
Simplified genome by 1 to length 87.
Simplified genome by 2 to length 85.
Simplified genome by 2 to length 83.
Simplified genome by 1 to length 82.
Simplified genome by 1 to length 81.
Simplified genome by 1 to length 80.
Simplified genome by 1 to length 79.
Simplified genome by 1 to length 78.
Simplified genome by 1 to length 77.
Simplified genome by 1 to length 76.
Simplified genome by 1 to length 75.
Simplified genome by 2 to length 73.
Simplified genome to length 73 and total error 10.
========================================
End Run
========================================
No solution found.
Best Seen Individual
	Genome:
	 pvector([Literal(value=2000, push_type=<pyshgp.push.types.PushIntType object at 0x7f6150600280>), Literal(value=2000, push_type=<pyshgp.push.types.PushIntType object at 0x7f6150600220>), InstructionMeta(name='int_max', code_blocks=0), Literal(value=1000, push_type=<pyshgp.push.types.PushIntType object at 0x7f61506002e0>), Literal(value=2, push_type=<pyshgp.push.types.PushIntType object at 0x7f61506003a0>), InstructionMeta(name='int_max', code_blocks=0), InstructionMeta(name='println_int', code_blocks=0), Literal(value=1000, push_type=<pyshgp.push.types.PushIntType object at 0x7f61506004c0>), Literal(value=2000, push_type=<pyshgp.push.types.PushIntType object at 0x7f6150600520>), InstructionMeta(name='str_drop', code_blocks=0), InstructionMeta(name='exec_shove_dup', code_blocks=1), Input(input_index=0), InstructionMeta(name='exec_if', code_blocks=2), InstructionMeta(name='exec_eq', code_blocks=0), Input(input_index=2), Input(input_index=2), Input(input_index=2), Literal(value=True, push_type=<pyshgp.push.types.PushBoolType object at 0x7f61506005e0>), InstructionMeta(name='bool_invert_first_then_and', code_blocks=0), Input(input_index=0), InstructionMeta(name='str_yank_dup', code_blocks=0), InstructionMeta(name='int_max', code_blocks=0), Input(input_index=0), Literal(value=1000, push_type=<pyshgp.push.types.PushIntType object at 0x7f6150600640>), Closer(), Literal(value=1, push_type=<pyshgp.push.types.PushIntType object at 0x7f61506006a0>), InstructionMeta(name='str_from_nth_char', code_blocks=0), InstructionMeta(name='exec_if', code_blocks=2), Closer(), InstructionMeta(name='str_remove_n_str', code_blocks=0), Literal(value=1, push_type=<pyshgp.push.types.PushIntType object at 0x7f6150600760>), InstructionMeta(name='int_eq', code_blocks=0), InstructionMeta(name='print_str', code_blocks=0), InstructionMeta(name='bool_stack_depth', code_blocks=0), InstructionMeta(name='str_concat', code_blocks=0), Input(input_index=2), Input(input_index=2), Input(input_index=2), InstructionMeta(name='int_gte', code_blocks=0), InstructionMeta(name='str_concat', code_blocks=0), Literal(value=2, push_type=<pyshgp.push.types.PushIntType object at 0x7f6150600820>), InstructionMeta(name='str_is_empty_string', code_blocks=0), InstructionMeta(name='int_min', code_blocks=0), InstructionMeta(name='int_min', code_blocks=0), InstructionMeta(name='exec_dup', code_blocks=1), InstructionMeta(name='str_length', code_blocks=0), Closer(), InstructionMeta(name='int_lte', code_blocks=0), InstructionMeta(name='int_stack_depth', code_blocks=0), Literal(value=1000, push_type=<pyshgp.push.types.PushIntType object at 0x7f6150600880>), InstructionMeta(name='int_lt', code_blocks=0), Literal(value=2, push_type=<pyshgp.push.types.PushIntType object at 0x7f61506008e0>), InstructionMeta(name='bool_dup', code_blocks=0), InstructionMeta(name='exec_if', code_blocks=2), InstructionMeta(name='int_gte', code_blocks=0), InstructionMeta(name='str_from_bool', code_blocks=0), Input(input_index=2), Input(input_index=0), Literal(value=1000, push_type=<pyshgp.push.types.PushIntType object at 0x7f6150600940>), Closer(), Closer(), InstructionMeta(name='str_remove_n_str', code_blocks=0), Literal(value=1, push_type=<pyshgp.push.types.PushIntType object at 0x7f6150600a00>), InstructionMeta(name='exec_if', code_blocks=2), InstructionMeta(name='exec_if', code_blocks=2), Closer(), Input(input_index=0), Literal(value=1000, push_type=<pyshgp.push.types.PushIntType object at 0x7f6150600a60>), InstructionMeta(name='int_lt', code_blocks=0), InstructionMeta(name='bool_swap', code_blocks=0), InstructionMeta(name='exec_if', code_blocks=2), InstructionMeta(name='int_eq', code_blocks=0), Input(input_index=2)])
	Program:
	 (2000 2000 int_max 1000 2 int_max println_int 1000 2000 str_drop exec_shove_dup (input_0 exec_if (exec_eq input_2 input_2 input_2 True bool_invert_first_then_and input_0 str_yank_dup int_max input_0 1000) (1 str_from_nth_char exec_if () (str_remove_n_str 1 int_eq print_str bool_stack_depth str_concat input_2 input_2 input_2 int_gte str_concat 2 str_is_empty_string int_min int_min exec_dup (str_length) int_lte int_stack_depth 1000 int_lt 2 bool_dup exec_if (int_gte str_from_bool input_2 input_0 1000) () str_remove_n_str 1 exec_if (exec_if () (input_0 1000 int_lt bool_swap exec_if (int_eq input_2) ())) ()))))
	Error vector:
	 [0 0 0 0 0 0 0 0 0 0 0 0 0 0 0 1 1 0 0 0 0 0 0 0 0 0 0 0 0 0 0 0 0 0 1 0 0
 0 1 1 0 0 0 0 0 0 0 0 0 0 0 0 0 0 0 0 0 0 0 0 0 1 0 0 0 0 0 0 0 0 0 0 0 0
 0 0 0 0 0 0 1 0 0 0 0 0 0 1 0 0 0 0 1 0 0 1 0 0 0 0]
	Total error:
	 10
	Test error:
	 186
	Time:
	 00:53:35
