Included 22 edge cases.
Included 78 random cases.
Included 100 cases in total.
Finished formatting.
Included 0 edge cases.
Included 1000 random cases.
Included 1000 cases in total.
Finished formatting.
========================================
Setup
========================================
Search Configuration:
signature: ProgramSignature(output_stacks=['bool'], push_config=PushConfig(step_limit=600, numeric_magnitude_limit=1000000000000.0, collection_size_cap=1000, growth_cap=500, runtime_limit=10), arity=3)
evaluator: <pyshgp.gp.evaluation.DatasetEvaluator object at 0x7ff8802c6280>
spawner: <pyshgp.gp.genome.GeneSpawner object at 0x7ff8802c67c0>
population_size: 200
max_generations: 300
error_threshold: 0.0
initial_genome_size: (40, 200)
simplification_steps: 500
parallel_context: <pyshgp.gp.search.ParallelContext object at 0x7ff8802c6b20>
selection: <pyshgp.utils.DiscreteProbDistrib object at 0x7ff874bc46c0>
variation: <pyshgp.utils.DiscreteProbDistrib object at 0x7ff873dfc500>
Instructions:
int_add, int_sub, int_mult, int_div, int_mod, int_min, int_max, int_inc, int_dec, int_lt, int_lte, int_gt, int_gte, int_from_bool, str_concat, str_insert_str, str_from_first_char, str_from_last_char, str_from_nth_char, str_contains_str, str_index_of_str, str_split_on_str, str_replace_first_str, str_replace_n_str, str_replace_all_str, str_remove_first_str, str_remove_n_str, str_remove_all_str, str_occurrences_of_str, str_reverse, str_head, str_tail, str_rest, str_but_last, str_drop, str_but_last_n, str_length, str_make_empty, str_is_empty_string, str_remove_nth, str_strip_whitespace, str_from_bool, str_from_int, bool_and, bool_or, bool_not, bool_xor, bool_invert_first_then_and, bool_second_first_then_and, bool_from_int, noop, noop_open, exec_do_range, exec_do_count, exec_while, exec_do_while, exec_if, exec_when, print_bool, println_bool, print_int, println_int, print_str, println_str, print_exec, println_exec, bool_pop, bool_dup, bool_dup_times, bool_swap, bool_rot, bool_flush, bool_eq, bool_stack_depth, bool_yank, bool_yank_dup, bool_shove, bool_shove_dup, bool_is_empty, int_pop, int_dup, int_dup_times, int_swap, int_rot, int_flush, int_eq, int_stack_depth, int_yank, int_yank_dup, int_shove, int_shove_dup, int_is_empty, str_pop, str_dup, str_dup_times, str_swap, str_rot, str_flush, str_eq, str_stack_depth, str_yank, str_yank_dup, str_shove, str_shove_dup, str_is_empty, exec_pop, exec_dup, exec_dup_times, exec_swap, exec_rot, exec_flush, exec_eq, exec_stack_depth, exec_yank, exec_yank_dup, exec_shove, exec_shove_dup, exec_is_empty
Literals:
[]
ERC Generators:
[<function rand_bool at 0x7ff874bb71f0>]
========================================
Start Run
========================================
2021-12-19 23:05:51.974552 | GENERATION: 1 | ERRORS: best=17, median=21.0, diversity=0.02 | INDIVIDUALS: n=200, avg_genome_length=125.985 | VIRUSES: gene_rate=0.000
2021-12-19 23:05:56.176193 | GENERATION: 2 | ERRORS: best=17, median=17.0, diversity=0.025 | INDIVIDUALS: n=200, avg_genome_length=131.725 | VIRUSES: gene_rate=0.000
2021-12-19 23:06:01.871238 | GENERATION: 3 | ERRORS: best=17, median=17.0, diversity=0.095 | INDIVIDUALS: n=200, avg_genome_length=130.22 | VIRUSES: gene_rate=0.000
2021-12-19 23:06:11.033836 | GENERATION: 4 | ERRORS: best=17, median=24.0, diversity=0.31 | INDIVIDUALS: n=200, avg_genome_length=115.02 | VIRUSES: gene_rate=0.000
2021-12-19 23:06:23.451512 | GENERATION: 5 | ERRORS: best=16, median=31.0, diversity=0.41 | INDIVIDUALS: n=200, avg_genome_length=103.245 | VIRUSES: gene_rate=0.000
2021-12-19 23:06:37.014122 | GENERATION: 6 | ERRORS: best=16, median=36.0, diversity=0.59 | INDIVIDUALS: n=200, avg_genome_length=96.98 | VIRUSES: gene_rate=0.000
2021-12-19 23:06:51.100538 | GENERATION: 7 | ERRORS: best=16, median=27.5, diversity=0.55 | INDIVIDUALS: n=200, avg_genome_length=94.55 | VIRUSES: gene_rate=0.000
2021-12-19 23:07:05.263537 | GENERATION: 8 | ERRORS: best=16, median=26.0, diversity=0.595 | INDIVIDUALS: n=200, avg_genome_length=91.76 | VIRUSES: gene_rate=0.000
2021-12-19 23:07:18.822256 | GENERATION: 9 | ERRORS: best=16, median=25.0, diversity=0.58 | INDIVIDUALS: n=200, avg_genome_length=89.035 | VIRUSES: gene_rate=0.000
2021-12-19 23:07:33.248217 | GENERATION: 10 | ERRORS: best=16, median=22.5, diversity=0.495 | INDIVIDUALS: n=200, avg_genome_length=87.875 | VIRUSES: gene_rate=0.000
2021-12-19 23:07:46.987051 | GENERATION: 11 | ERRORS: best=15, median=22.0, diversity=0.555 | INDIVIDUALS: n=200, avg_genome_length=86.79 | VIRUSES: gene_rate=0.000
2021-12-19 23:08:02.360486 | GENERATION: 12 | ERRORS: best=15, median=24.5, diversity=0.595 | INDIVIDUALS: n=200, avg_genome_length=86.365 | VIRUSES: gene_rate=0.000
2021-12-19 23:08:17.077613 | GENERATION: 13 | ERRORS: best=15, median=22.0, diversity=0.595 | INDIVIDUALS: n=200, avg_genome_length=86.855 | VIRUSES: gene_rate=0.000
2021-12-19 23:08:32.325586 | GENERATION: 14 | ERRORS: best=15, median=23.0, diversity=0.57 | INDIVIDUALS: n=200, avg_genome_length=86.8 | VIRUSES: gene_rate=0.000
2021-12-19 23:08:47.263135 | GENERATION: 15 | ERRORS: best=15, median=23.0, diversity=0.58 | INDIVIDUALS: n=200, avg_genome_length=86.2 | VIRUSES: gene_rate=0.000
2021-12-19 23:09:02.097802 | GENERATION: 16 | ERRORS: best=15, median=22.0, diversity=0.54 | INDIVIDUALS: n=200, avg_genome_length=85.4 | VIRUSES: gene_rate=0.000
2021-12-19 23:09:17.872630 | GENERATION: 17 | ERRORS: best=15, median=21.0, diversity=0.575 | INDIVIDUALS: n=200, avg_genome_length=85.52 | VIRUSES: gene_rate=0.000
2021-12-19 23:09:34.332639 | GENERATION: 18 | ERRORS: best=15, median=21.0, diversity=0.55 | INDIVIDUALS: n=200, avg_genome_length=84.985 | VIRUSES: gene_rate=0.000
2021-12-19 23:09:49.663521 | GENERATION: 19 | ERRORS: best=15, median=23.0, diversity=0.6 | INDIVIDUALS: n=200, avg_genome_length=85.105 | VIRUSES: gene_rate=0.000
2021-12-19 23:10:04.741041 | GENERATION: 20 | ERRORS: best=15, median=23.0, diversity=0.615 | INDIVIDUALS: n=200, avg_genome_length=85.83 | VIRUSES: gene_rate=0.000
2021-12-19 23:10:20.236037 | GENERATION: 21 | ERRORS: best=15, median=23.5, diversity=0.615 | INDIVIDUALS: n=200, avg_genome_length=85.305 | VIRUSES: gene_rate=0.000
2021-12-19 23:10:35.569173 | GENERATION: 22 | ERRORS: best=16, median=25.0, diversity=0.665 | INDIVIDUALS: n=200, avg_genome_length=85.58 | VIRUSES: gene_rate=0.000
2021-12-19 23:10:51.930131 | GENERATION: 23 | ERRORS: best=16, median=22.5, diversity=0.615 | INDIVIDUALS: n=200, avg_genome_length=85.27 | VIRUSES: gene_rate=0.000
2021-12-19 23:11:07.911363 | GENERATION: 24 | ERRORS: best=16, median=23.0, diversity=0.635 | INDIVIDUALS: n=200, avg_genome_length=85.365 | VIRUSES: gene_rate=0.000
2021-12-19 23:11:23.213404 | GENERATION: 25 | ERRORS: best=16, median=21.0, diversity=0.635 | INDIVIDUALS: n=200, avg_genome_length=84.51 | VIRUSES: gene_rate=0.000
2021-12-19 23:11:38.398137 | GENERATION: 26 | ERRORS: best=15, median=23.0, diversity=0.63 | INDIVIDUALS: n=200, avg_genome_length=83.695 | VIRUSES: gene_rate=0.000
2021-12-19 23:11:53.509169 | GENERATION: 27 | ERRORS: best=15, median=23.0, diversity=0.605 | INDIVIDUALS: n=200, avg_genome_length=83.15 | VIRUSES: gene_rate=0.000
2021-12-19 23:12:08.988509 | GENERATION: 28 | ERRORS: best=15, median=22.0, diversity=0.575 | INDIVIDUALS: n=200, avg_genome_length=82.905 | VIRUSES: gene_rate=0.000
2021-12-19 23:12:23.288147 | GENERATION: 29 | ERRORS: best=15, median=23.5, diversity=0.575 | INDIVIDUALS: n=200, avg_genome_length=83.97 | VIRUSES: gene_rate=0.000
2021-12-19 23:12:38.737403 | GENERATION: 30 | ERRORS: best=14, median=22.0, diversity=0.565 | INDIVIDUALS: n=200, avg_genome_length=83.845 | VIRUSES: gene_rate=0.000
2021-12-19 23:12:54.056752 | GENERATION: 31 | ERRORS: best=14, median=22.0, diversity=0.6 | INDIVIDUALS: n=200, avg_genome_length=82.605 | VIRUSES: gene_rate=0.000
2021-12-19 23:13:10.473582 | GENERATION: 32 | ERRORS: best=14, median=21.5, diversity=0.62 | INDIVIDUALS: n=200, avg_genome_length=82.595 | VIRUSES: gene_rate=0.000
2021-12-19 23:13:26.141714 | GENERATION: 33 | ERRORS: best=14, median=22.0, diversity=0.645 | INDIVIDUALS: n=200, avg_genome_length=81.985 | VIRUSES: gene_rate=0.000
2021-12-19 23:13:43.361505 | GENERATION: 34 | ERRORS: best=14, median=22.0, diversity=0.64 | INDIVIDUALS: n=200, avg_genome_length=82.485 | VIRUSES: gene_rate=0.000
2021-12-19 23:14:01.293425 | GENERATION: 35 | ERRORS: best=14, median=23.0, diversity=0.625 | INDIVIDUALS: n=200, avg_genome_length=82.015 | VIRUSES: gene_rate=0.000
2021-12-19 23:14:19.321322 | GENERATION: 36 | ERRORS: best=14, median=23.5, diversity=0.61 | INDIVIDUALS: n=200, avg_genome_length=81.005 | VIRUSES: gene_rate=0.000
2021-12-19 23:14:36.143365 | GENERATION: 37 | ERRORS: best=14, median=22.0, diversity=0.615 | INDIVIDUALS: n=200, avg_genome_length=81.145 | VIRUSES: gene_rate=0.000
2021-12-19 23:14:52.507200 | GENERATION: 38 | ERRORS: best=14, median=21.0, diversity=0.555 | INDIVIDUALS: n=200, avg_genome_length=81.72 | VIRUSES: gene_rate=0.000
2021-12-19 23:15:09.360830 | GENERATION: 39 | ERRORS: best=15, median=21.0, diversity=0.555 | INDIVIDUALS: n=200, avg_genome_length=81.635 | VIRUSES: gene_rate=0.000
2021-12-19 23:15:27.084050 | GENERATION: 40 | ERRORS: best=16, median=23.0, diversity=0.6 | INDIVIDUALS: n=200, avg_genome_length=82.76 | VIRUSES: gene_rate=0.000
2021-12-19 23:15:46.176090 | GENERATION: 41 | ERRORS: best=16, median=22.0, diversity=0.63 | INDIVIDUALS: n=200, avg_genome_length=83.945 | VIRUSES: gene_rate=0.000
2021-12-19 23:16:05.099099 | GENERATION: 42 | ERRORS: best=16, median=23.0, diversity=0.66 | INDIVIDUALS: n=200, avg_genome_length=83.77 | VIRUSES: gene_rate=0.000
2021-12-19 23:16:26.156663 | GENERATION: 43 | ERRORS: best=15, median=24.0, diversity=0.665 | INDIVIDUALS: n=200, avg_genome_length=83.975 | VIRUSES: gene_rate=0.000
2021-12-19 23:16:46.210870 | GENERATION: 44 | ERRORS: best=15, median=22.0, diversity=0.59 | INDIVIDUALS: n=200, avg_genome_length=83.845 | VIRUSES: gene_rate=0.000
2021-12-19 23:17:08.124719 | GENERATION: 45 | ERRORS: best=15, median=23.5, diversity=0.655 | INDIVIDUALS: n=200, avg_genome_length=83.34 | VIRUSES: gene_rate=0.000
2021-12-19 23:17:25.174354 | GENERATION: 46 | ERRORS: best=15, median=23.0, diversity=0.59 | INDIVIDUALS: n=200, avg_genome_length=83.76 | VIRUSES: gene_rate=0.000
2021-12-19 23:17:40.385728 | GENERATION: 47 | ERRORS: best=16, median=23.0, diversity=0.575 | INDIVIDUALS: n=200, avg_genome_length=84.425 | VIRUSES: gene_rate=0.000
2021-12-19 23:17:55.830842 | GENERATION: 48 | ERRORS: best=16, median=23.0, diversity=0.65 | INDIVIDUALS: n=200, avg_genome_length=83.315 | VIRUSES: gene_rate=0.000
2021-12-19 23:18:11.819098 | GENERATION: 49 | ERRORS: best=16, median=23.0, diversity=0.635 | INDIVIDUALS: n=200, avg_genome_length=83.935 | VIRUSES: gene_rate=0.000
2021-12-19 23:18:26.337445 | GENERATION: 50 | ERRORS: best=16, median=23.0, diversity=0.585 | INDIVIDUALS: n=200, avg_genome_length=83.615 | VIRUSES: gene_rate=0.000
2021-12-19 23:18:43.156756 | GENERATION: 51 | ERRORS: best=16, median=23.0, diversity=0.56 | INDIVIDUALS: n=200, avg_genome_length=83.575 | VIRUSES: gene_rate=0.000
2021-12-19 23:18:58.619393 | GENERATION: 52 | ERRORS: best=16, median=25.0, diversity=0.635 | INDIVIDUALS: n=200, avg_genome_length=83.29 | VIRUSES: gene_rate=0.000
2021-12-19 23:19:14.004221 | GENERATION: 53 | ERRORS: best=16, median=25.0, diversity=0.595 | INDIVIDUALS: n=200, avg_genome_length=82.84 | VIRUSES: gene_rate=0.000
2021-12-19 23:19:29.855712 | GENERATION: 54 | ERRORS: best=16, median=25.0, diversity=0.63 | INDIVIDUALS: n=200, avg_genome_length=83.23 | VIRUSES: gene_rate=0.000
2021-12-19 23:19:46.056237 | GENERATION: 55 | ERRORS: best=16, median=25.5, diversity=0.655 | INDIVIDUALS: n=200, avg_genome_length=82.265 | VIRUSES: gene_rate=0.000
2021-12-19 23:20:01.938460 | GENERATION: 56 | ERRORS: best=16, median=22.0, diversity=0.575 | INDIVIDUALS: n=200, avg_genome_length=83.485 | VIRUSES: gene_rate=0.000
2021-12-19 23:20:18.735914 | GENERATION: 57 | ERRORS: best=16, median=23.0, diversity=0.63 | INDIVIDUALS: n=200, avg_genome_length=84.415 | VIRUSES: gene_rate=0.000
2021-12-19 23:20:35.626816 | GENERATION: 58 | ERRORS: best=16, median=23.5, diversity=0.635 | INDIVIDUALS: n=200, avg_genome_length=84.49 | VIRUSES: gene_rate=0.000
2021-12-19 23:20:53.042780 | GENERATION: 59 | ERRORS: best=16, median=24.0, diversity=0.64 | INDIVIDUALS: n=200, avg_genome_length=84.59 | VIRUSES: gene_rate=0.000
2021-12-19 23:21:08.944981 | GENERATION: 60 | ERRORS: best=16, median=23.5, diversity=0.605 | INDIVIDUALS: n=200, avg_genome_length=84.99 | VIRUSES: gene_rate=0.000
2021-12-19 23:21:25.802685 | GENERATION: 61 | ERRORS: best=16, median=23.0, diversity=0.63 | INDIVIDUALS: n=200, avg_genome_length=85.08 | VIRUSES: gene_rate=0.000
2021-12-19 23:21:42.106525 | GENERATION: 62 | ERRORS: best=16, median=21.5, diversity=0.615 | INDIVIDUALS: n=200, avg_genome_length=84.27 | VIRUSES: gene_rate=0.000
2021-12-19 23:21:59.384634 | GENERATION: 63 | ERRORS: best=16, median=24.0, diversity=0.63 | INDIVIDUALS: n=200, avg_genome_length=84.38 | VIRUSES: gene_rate=0.000
2021-12-19 23:22:16.661506 | GENERATION: 64 | ERRORS: best=15, median=23.0, diversity=0.645 | INDIVIDUALS: n=200, avg_genome_length=84.215 | VIRUSES: gene_rate=0.000
2021-12-19 23:22:33.360358 | GENERATION: 65 | ERRORS: best=15, median=25.0, diversity=0.64 | INDIVIDUALS: n=200, avg_genome_length=84.375 | VIRUSES: gene_rate=0.000
2021-12-19 23:22:51.367756 | GENERATION: 66 | ERRORS: best=15, median=24.0, diversity=0.71 | INDIVIDUALS: n=200, avg_genome_length=84.63 | VIRUSES: gene_rate=0.000
2021-12-19 23:23:08.291895 | GENERATION: 67 | ERRORS: best=15, median=23.0, diversity=0.61 | INDIVIDUALS: n=200, avg_genome_length=84.42 | VIRUSES: gene_rate=0.000
2021-12-19 23:23:23.889252 | GENERATION: 68 | ERRORS: best=15, median=25.0, diversity=0.6 | INDIVIDUALS: n=200, avg_genome_length=84.255 | VIRUSES: gene_rate=0.000
2021-12-19 23:23:39.829700 | GENERATION: 69 | ERRORS: best=15, median=24.0, diversity=0.595 | INDIVIDUALS: n=200, avg_genome_length=84.0 | VIRUSES: gene_rate=0.000
2021-12-19 23:23:55.957361 | GENERATION: 70 | ERRORS: best=16, median=21.0, diversity=0.535 | INDIVIDUALS: n=200, avg_genome_length=82.695 | VIRUSES: gene_rate=0.000
2021-12-19 23:24:12.411294 | GENERATION: 71 | ERRORS: best=16, median=25.0, diversity=0.595 | INDIVIDUALS: n=200, avg_genome_length=82.995 | VIRUSES: gene_rate=0.000
2021-12-19 23:24:29.384345 | GENERATION: 72 | ERRORS: best=15, median=24.0, diversity=0.65 | INDIVIDUALS: n=200, avg_genome_length=83.18 | VIRUSES: gene_rate=0.000
2021-12-19 23:24:45.935386 | GENERATION: 73 | ERRORS: best=15, median=24.0, diversity=0.665 | INDIVIDUALS: n=200, avg_genome_length=82.61 | VIRUSES: gene_rate=0.000
2021-12-19 23:25:02.708791 | GENERATION: 74 | ERRORS: best=15, median=25.0, diversity=0.7 | INDIVIDUALS: n=200, avg_genome_length=83.185 | VIRUSES: gene_rate=0.000
2021-12-19 23:25:19.988150 | GENERATION: 75 | ERRORS: best=15, median=25.0, diversity=0.67 | INDIVIDUALS: n=200, avg_genome_length=83.48 | VIRUSES: gene_rate=0.000
2021-12-19 23:25:36.765176 | GENERATION: 76 | ERRORS: best=15, median=25.0, diversity=0.64 | INDIVIDUALS: n=200, avg_genome_length=84.825 | VIRUSES: gene_rate=0.000
2021-12-19 23:25:53.128442 | GENERATION: 77 | ERRORS: best=15, median=24.0, diversity=0.615 | INDIVIDUALS: n=200, avg_genome_length=84.53 | VIRUSES: gene_rate=0.000
2021-12-19 23:26:09.910896 | GENERATION: 78 | ERRORS: best=15, median=25.0, diversity=0.65 | INDIVIDUALS: n=200, avg_genome_length=84.06 | VIRUSES: gene_rate=0.000
2021-12-19 23:26:27.537752 | GENERATION: 79 | ERRORS: best=15, median=24.0, diversity=0.625 | INDIVIDUALS: n=200, avg_genome_length=84.065 | VIRUSES: gene_rate=0.000
2021-12-19 23:26:44.777936 | GENERATION: 80 | ERRORS: best=15, median=24.0, diversity=0.665 | INDIVIDUALS: n=200, avg_genome_length=84.835 | VIRUSES: gene_rate=0.000
2021-12-19 23:27:01.033709 | GENERATION: 81 | ERRORS: best=16, median=25.0, diversity=0.6 | INDIVIDUALS: n=200, avg_genome_length=84.89 | VIRUSES: gene_rate=0.000
2021-12-19 23:27:18.980038 | GENERATION: 82 | ERRORS: best=16, median=25.0, diversity=0.68 | INDIVIDUALS: n=200, avg_genome_length=85.49 | VIRUSES: gene_rate=0.000
2021-12-19 23:27:35.819926 | GENERATION: 83 | ERRORS: best=16, median=25.5, diversity=0.685 | INDIVIDUALS: n=200, avg_genome_length=84.84 | VIRUSES: gene_rate=0.000
2021-12-19 23:27:52.361997 | GENERATION: 84 | ERRORS: best=16, median=24.0, diversity=0.615 | INDIVIDUALS: n=200, avg_genome_length=85.325 | VIRUSES: gene_rate=0.000
2021-12-19 23:28:07.437279 | GENERATION: 85 | ERRORS: best=16, median=24.0, diversity=0.64 | INDIVIDUALS: n=200, avg_genome_length=84.555 | VIRUSES: gene_rate=0.000
2021-12-19 23:28:24.391224 | GENERATION: 86 | ERRORS: best=16, median=22.0, diversity=0.6 | INDIVIDUALS: n=200, avg_genome_length=84.9 | VIRUSES: gene_rate=0.000
2021-12-19 23:28:41.855117 | GENERATION: 87 | ERRORS: best=15, median=25.0, diversity=0.65 | INDIVIDUALS: n=200, avg_genome_length=84.745 | VIRUSES: gene_rate=0.000
2021-12-19 23:28:59.142968 | GENERATION: 88 | ERRORS: best=14, median=24.0, diversity=0.68 | INDIVIDUALS: n=200, avg_genome_length=84.555 | VIRUSES: gene_rate=0.000
2021-12-19 23:29:15.860142 | GENERATION: 89 | ERRORS: best=15, median=21.0, diversity=0.585 | INDIVIDUALS: n=200, avg_genome_length=85.02 | VIRUSES: gene_rate=0.000
2021-12-19 23:29:33.186593 | GENERATION: 90 | ERRORS: best=15, median=21.0, diversity=0.655 | INDIVIDUALS: n=200, avg_genome_length=85.72 | VIRUSES: gene_rate=0.000
2021-12-19 23:29:49.501020 | GENERATION: 91 | ERRORS: best=14, median=22.0, diversity=0.64 | INDIVIDUALS: n=200, avg_genome_length=85.825 | VIRUSES: gene_rate=0.000
2021-12-19 23:30:04.380430 | GENERATION: 92 | ERRORS: best=13, median=20.0, diversity=0.59 | INDIVIDUALS: n=200, avg_genome_length=86.54 | VIRUSES: gene_rate=0.000
2021-12-19 23:30:19.151340 | GENERATION: 93 | ERRORS: best=12, median=21.5, diversity=0.615 | INDIVIDUALS: n=200, avg_genome_length=86.485 | VIRUSES: gene_rate=0.000
2021-12-19 23:30:34.428942 | GENERATION: 94 | ERRORS: best=12, median=22.0, diversity=0.69 | INDIVIDUALS: n=200, avg_genome_length=87.26 | VIRUSES: gene_rate=0.000
2021-12-19 23:30:48.792499 | GENERATION: 95 | ERRORS: best=12, median=18.0, diversity=0.53 | INDIVIDUALS: n=200, avg_genome_length=87.125 | VIRUSES: gene_rate=0.000
2021-12-19 23:31:03.611107 | GENERATION: 96 | ERRORS: best=12, median=22.0, diversity=0.64 | INDIVIDUALS: n=200, avg_genome_length=86.98 | VIRUSES: gene_rate=0.000
2021-12-19 23:31:18.675448 | GENERATION: 97 | ERRORS: best=12, median=21.0, diversity=0.605 | INDIVIDUALS: n=200, avg_genome_length=87.2 | VIRUSES: gene_rate=0.000
2021-12-19 23:31:33.469272 | GENERATION: 98 | ERRORS: best=12, median=21.0, diversity=0.63 | INDIVIDUALS: n=200, avg_genome_length=86.88 | VIRUSES: gene_rate=0.000
2021-12-19 23:31:48.380836 | GENERATION: 99 | ERRORS: best=12, median=22.0, diversity=0.63 | INDIVIDUALS: n=200, avg_genome_length=85.845 | VIRUSES: gene_rate=0.000
2021-12-19 23:32:02.300786 | GENERATION: 100 | ERRORS: best=12, median=20.0, diversity=0.54 | INDIVIDUALS: n=200, avg_genome_length=87.02 | VIRUSES: gene_rate=0.000
2021-12-19 23:32:16.867457 | GENERATION: 101 | ERRORS: best=12, median=21.0, diversity=0.61 | INDIVIDUALS: n=200, avg_genome_length=86.48 | VIRUSES: gene_rate=0.000
2021-12-19 23:32:30.876742 | GENERATION: 102 | ERRORS: best=12, median=22.0, diversity=0.575 | INDIVIDUALS: n=200, avg_genome_length=85.285 | VIRUSES: gene_rate=0.000
2021-12-19 23:32:46.046006 | GENERATION: 103 | ERRORS: best=12, median=22.0, diversity=0.665 | INDIVIDUALS: n=200, avg_genome_length=83.95 | VIRUSES: gene_rate=0.000
2021-12-19 23:33:01.495724 | GENERATION: 104 | ERRORS: best=12, median=20.0, diversity=0.64 | INDIVIDUALS: n=200, avg_genome_length=85.68 | VIRUSES: gene_rate=0.000
2021-12-19 23:33:15.043752 | GENERATION: 105 | ERRORS: best=9, median=19.0, diversity=0.54 | INDIVIDUALS: n=200, avg_genome_length=85.42 | VIRUSES: gene_rate=0.000
2021-12-19 23:33:28.798719 | GENERATION: 106 | ERRORS: best=9, median=18.0, diversity=0.52 | INDIVIDUALS: n=200, avg_genome_length=86.755 | VIRUSES: gene_rate=0.000
2021-12-19 23:33:43.423999 | GENERATION: 107 | ERRORS: best=9, median=18.0, diversity=0.57 | INDIVIDUALS: n=200, avg_genome_length=88.215 | VIRUSES: gene_rate=0.000
2021-12-19 23:33:57.130665 | GENERATION: 108 | ERRORS: best=8, median=17.0, diversity=0.54 | INDIVIDUALS: n=200, avg_genome_length=88.6 | VIRUSES: gene_rate=0.000
2021-12-19 23:34:11.502826 | GENERATION: 109 | ERRORS: best=8, median=18.0, diversity=0.515 | INDIVIDUALS: n=200, avg_genome_length=89.785 | VIRUSES: gene_rate=0.000
2021-12-19 23:34:26.128034 | GENERATION: 110 | ERRORS: best=8, median=19.0, diversity=0.555 | INDIVIDUALS: n=200, avg_genome_length=89.275 | VIRUSES: gene_rate=0.000
2021-12-19 23:34:41.149074 | GENERATION: 111 | ERRORS: best=8, median=17.0, diversity=0.505 | INDIVIDUALS: n=200, avg_genome_length=89.625 | VIRUSES: gene_rate=0.000
2021-12-19 23:34:55.805433 | GENERATION: 112 | ERRORS: best=7, median=19.0, diversity=0.515 | INDIVIDUALS: n=200, avg_genome_length=89.745 | VIRUSES: gene_rate=0.000
2021-12-19 23:35:10.524740 | GENERATION: 113 | ERRORS: best=7, median=24.0, diversity=0.54 | INDIVIDUALS: n=200, avg_genome_length=88.825 | VIRUSES: gene_rate=0.000
2021-12-19 23:35:26.341398 | GENERATION: 114 | ERRORS: best=7, median=19.0, diversity=0.57 | INDIVIDUALS: n=200, avg_genome_length=88.685 | VIRUSES: gene_rate=0.000
2021-12-19 23:35:42.047885 | GENERATION: 115 | ERRORS: best=7, median=19.0, diversity=0.595 | INDIVIDUALS: n=200, avg_genome_length=89.38 | VIRUSES: gene_rate=0.000
2021-12-19 23:35:56.617498 | GENERATION: 116 | ERRORS: best=7, median=18.0, diversity=0.5 | INDIVIDUALS: n=200, avg_genome_length=90.505 | VIRUSES: gene_rate=0.000
2021-12-19 23:36:11.144094 | GENERATION: 117 | ERRORS: best=7, median=17.0, diversity=0.51 | INDIVIDUALS: n=200, avg_genome_length=90.83 | VIRUSES: gene_rate=0.000
2021-12-19 23:36:27.218097 | GENERATION: 118 | ERRORS: best=7, median=17.0, diversity=0.57 | INDIVIDUALS: n=200, avg_genome_length=90.0 | VIRUSES: gene_rate=0.000
2021-12-19 23:36:42.144235 | GENERATION: 119 | ERRORS: best=7, median=17.0, diversity=0.54 | INDIVIDUALS: n=200, avg_genome_length=91.225 | VIRUSES: gene_rate=0.000
2021-12-19 23:36:57.735257 | GENERATION: 120 | ERRORS: best=7, median=19.0, diversity=0.555 | INDIVIDUALS: n=200, avg_genome_length=91.475 | VIRUSES: gene_rate=0.000
2021-12-19 23:37:13.436608 | GENERATION: 121 | ERRORS: best=7, median=19.0, diversity=0.595 | INDIVIDUALS: n=200, avg_genome_length=90.8 | VIRUSES: gene_rate=0.000
2021-12-19 23:37:27.605591 | GENERATION: 122 | ERRORS: best=7, median=17.0, diversity=0.485 | INDIVIDUALS: n=200, avg_genome_length=91.06 | VIRUSES: gene_rate=0.000
2021-12-19 23:37:41.980275 | GENERATION: 123 | ERRORS: best=7, median=17.0, diversity=0.48 | INDIVIDUALS: n=200, avg_genome_length=90.665 | VIRUSES: gene_rate=0.000
2021-12-19 23:37:57.421253 | GENERATION: 124 | ERRORS: best=6, median=19.0, diversity=0.56 | INDIVIDUALS: n=200, avg_genome_length=90.95 | VIRUSES: gene_rate=0.000
2021-12-19 23:38:12.778137 | GENERATION: 125 | ERRORS: best=6, median=18.0, diversity=0.51 | INDIVIDUALS: n=200, avg_genome_length=90.915 | VIRUSES: gene_rate=0.000
2021-12-19 23:38:29.460590 | GENERATION: 126 | ERRORS: best=6, median=18.0, diversity=0.52 | INDIVIDUALS: n=200, avg_genome_length=90.575 | VIRUSES: gene_rate=0.000
2021-12-19 23:38:45.709004 | GENERATION: 127 | ERRORS: best=6, median=17.0, diversity=0.415 | INDIVIDUALS: n=200, avg_genome_length=91.345 | VIRUSES: gene_rate=0.000
2021-12-19 23:39:02.740670 | GENERATION: 128 | ERRORS: best=6, median=18.0, diversity=0.52 | INDIVIDUALS: n=200, avg_genome_length=91.505 | VIRUSES: gene_rate=0.000
2021-12-19 23:39:18.538784 | GENERATION: 129 | ERRORS: best=6, median=17.0, diversity=0.445 | INDIVIDUALS: n=200, avg_genome_length=91.23 | VIRUSES: gene_rate=0.000
2021-12-19 23:39:36.239801 | GENERATION: 130 | ERRORS: best=6, median=21.0, diversity=0.56 | INDIVIDUALS: n=200, avg_genome_length=91.41 | VIRUSES: gene_rate=0.000
2021-12-19 23:39:52.715022 | GENERATION: 131 | ERRORS: best=6, median=19.0, diversity=0.52 | INDIVIDUALS: n=200, avg_genome_length=91.38 | VIRUSES: gene_rate=0.000
2021-12-19 23:40:08.912460 | GENERATION: 132 | ERRORS: best=6, median=19.0, diversity=0.535 | INDIVIDUALS: n=200, avg_genome_length=91.485 | VIRUSES: gene_rate=0.000
2021-12-19 23:40:23.918121 | GENERATION: 133 | ERRORS: best=6, median=19.0, diversity=0.53 | INDIVIDUALS: n=200, avg_genome_length=91.915 | VIRUSES: gene_rate=0.000
2021-12-19 23:40:40.621957 | GENERATION: 134 | ERRORS: best=6, median=19.0, diversity=0.51 | INDIVIDUALS: n=200, avg_genome_length=91.89 | VIRUSES: gene_rate=0.000
2021-12-19 23:40:57.999716 | GENERATION: 135 | ERRORS: best=6, median=19.0, diversity=0.545 | INDIVIDUALS: n=200, avg_genome_length=91.715 | VIRUSES: gene_rate=0.000
2021-12-19 23:41:15.542751 | GENERATION: 136 | ERRORS: best=6, median=19.0, diversity=0.575 | INDIVIDUALS: n=200, avg_genome_length=91.52 | VIRUSES: gene_rate=0.000
2021-12-19 23:41:32.404406 | GENERATION: 137 | ERRORS: best=6, median=18.0, diversity=0.495 | INDIVIDUALS: n=200, avg_genome_length=90.895 | VIRUSES: gene_rate=0.000
2021-12-19 23:41:48.446789 | GENERATION: 138 | ERRORS: best=6, median=17.0, diversity=0.49 | INDIVIDUALS: n=200, avg_genome_length=91.475 | VIRUSES: gene_rate=0.000
2021-12-19 23:42:04.266404 | GENERATION: 139 | ERRORS: best=6, median=17.0, diversity=0.455 | INDIVIDUALS: n=200, avg_genome_length=91.405 | VIRUSES: gene_rate=0.000
2021-12-19 23:42:21.036831 | GENERATION: 140 | ERRORS: best=6, median=17.0, diversity=0.47 | INDIVIDUALS: n=200, avg_genome_length=91.145 | VIRUSES: gene_rate=0.000
2021-12-19 23:42:38.873186 | GENERATION: 141 | ERRORS: best=6, median=18.0, diversity=0.57 | INDIVIDUALS: n=200, avg_genome_length=91.62 | VIRUSES: gene_rate=0.000
2021-12-19 23:42:55.446787 | GENERATION: 142 | ERRORS: best=6, median=19.0, diversity=0.54 | INDIVIDUALS: n=200, avg_genome_length=91.05 | VIRUSES: gene_rate=0.000
2021-12-19 23:43:13.154079 | GENERATION: 143 | ERRORS: best=6, median=19.0, diversity=0.515 | INDIVIDUALS: n=200, avg_genome_length=91.09 | VIRUSES: gene_rate=0.000
2021-12-19 23:43:30.361815 | GENERATION: 144 | ERRORS: best=6, median=19.0, diversity=0.49 | INDIVIDUALS: n=200, avg_genome_length=90.995 | VIRUSES: gene_rate=0.000
2021-12-19 23:43:48.042769 | GENERATION: 145 | ERRORS: best=6, median=19.0, diversity=0.51 | INDIVIDUALS: n=200, avg_genome_length=91.19 | VIRUSES: gene_rate=0.000
2021-12-19 23:44:05.505498 | GENERATION: 146 | ERRORS: best=6, median=17.0, diversity=0.41 | INDIVIDUALS: n=200, avg_genome_length=90.66 | VIRUSES: gene_rate=0.000
2021-12-19 23:44:23.109379 | GENERATION: 147 | ERRORS: best=6, median=17.5, diversity=0.495 | INDIVIDUALS: n=200, avg_genome_length=91.05 | VIRUSES: gene_rate=0.000
2021-12-19 23:44:39.336002 | GENERATION: 148 | ERRORS: best=6, median=18.0, diversity=0.425 | INDIVIDUALS: n=200, avg_genome_length=91.245 | VIRUSES: gene_rate=0.000
2021-12-19 23:44:55.877854 | GENERATION: 149 | ERRORS: best=6, median=17.0, diversity=0.44 | INDIVIDUALS: n=200, avg_genome_length=90.89 | VIRUSES: gene_rate=0.000
2021-12-19 23:45:13.892800 | GENERATION: 150 | ERRORS: best=6, median=18.5, diversity=0.52 | INDIVIDUALS: n=200, avg_genome_length=91.1 | VIRUSES: gene_rate=0.000
2021-12-19 23:45:31.590819 | GENERATION: 151 | ERRORS: best=6, median=17.0, diversity=0.485 | INDIVIDUALS: n=200, avg_genome_length=91.26 | VIRUSES: gene_rate=0.000
2021-12-19 23:45:49.224932 | GENERATION: 152 | ERRORS: best=6, median=17.0, diversity=0.46 | INDIVIDUALS: n=200, avg_genome_length=91.345 | VIRUSES: gene_rate=0.000
2021-12-19 23:46:07.751896 | GENERATION: 153 | ERRORS: best=6, median=17.0, diversity=0.465 | INDIVIDUALS: n=200, avg_genome_length=91.16 | VIRUSES: gene_rate=0.000
2021-12-19 23:46:24.962340 | GENERATION: 154 | ERRORS: best=6, median=19.0, diversity=0.495 | INDIVIDUALS: n=200, avg_genome_length=90.78 | VIRUSES: gene_rate=0.000
2021-12-19 23:46:42.641940 | GENERATION: 155 | ERRORS: best=6, median=18.0, diversity=0.475 | INDIVIDUALS: n=200, avg_genome_length=90.185 | VIRUSES: gene_rate=0.000
2021-12-19 23:47:00.533982 | GENERATION: 156 | ERRORS: best=6, median=17.0, diversity=0.46 | INDIVIDUALS: n=200, avg_genome_length=89.955 | VIRUSES: gene_rate=0.000
2021-12-19 23:47:15.634823 | GENERATION: 157 | ERRORS: best=6, median=17.0, diversity=0.435 | INDIVIDUALS: n=200, avg_genome_length=90.615 | VIRUSES: gene_rate=0.000
2021-12-19 23:47:32.248594 | GENERATION: 158 | ERRORS: best=6, median=17.0, diversity=0.48 | INDIVIDUALS: n=200, avg_genome_length=90.54 | VIRUSES: gene_rate=0.000
2021-12-19 23:47:48.553257 | GENERATION: 159 | ERRORS: best=6, median=17.0, diversity=0.45 | INDIVIDUALS: n=200, avg_genome_length=89.61 | VIRUSES: gene_rate=0.000
2021-12-19 23:48:05.903327 | GENERATION: 160 | ERRORS: best=6, median=18.0, diversity=0.515 | INDIVIDUALS: n=200, avg_genome_length=89.78 | VIRUSES: gene_rate=0.000
2021-12-19 23:48:23.034663 | GENERATION: 161 | ERRORS: best=6, median=17.0, diversity=0.52 | INDIVIDUALS: n=200, avg_genome_length=90.095 | VIRUSES: gene_rate=0.000
2021-12-19 23:48:40.043661 | GENERATION: 162 | ERRORS: best=6, median=17.0, diversity=0.505 | INDIVIDUALS: n=200, avg_genome_length=90.565 | VIRUSES: gene_rate=0.000
2021-12-19 23:48:56.819167 | GENERATION: 163 | ERRORS: best=6, median=18.0, diversity=0.5 | INDIVIDUALS: n=200, avg_genome_length=91.06 | VIRUSES: gene_rate=0.000
2021-12-19 23:49:13.792153 | GENERATION: 164 | ERRORS: best=6, median=18.0, diversity=0.5 | INDIVIDUALS: n=200, avg_genome_length=90.535 | VIRUSES: gene_rate=0.000
2021-12-19 23:49:29.959943 | GENERATION: 165 | ERRORS: best=6, median=17.0, diversity=0.48 | INDIVIDUALS: n=200, avg_genome_length=90.69 | VIRUSES: gene_rate=0.000
2021-12-19 23:49:46.841009 | GENERATION: 166 | ERRORS: best=6, median=17.0, diversity=0.44 | INDIVIDUALS: n=200, avg_genome_length=90.84 | VIRUSES: gene_rate=0.000
2021-12-19 23:50:02.325544 | GENERATION: 167 | ERRORS: best=6, median=17.0, diversity=0.435 | INDIVIDUALS: n=200, avg_genome_length=89.855 | VIRUSES: gene_rate=0.000
2021-12-19 23:50:19.791799 | GENERATION: 168 | ERRORS: best=6, median=17.0, diversity=0.525 | INDIVIDUALS: n=200, avg_genome_length=90.96 | VIRUSES: gene_rate=0.000
2021-12-19 23:50:37.379212 | GENERATION: 169 | ERRORS: best=6, median=17.0, diversity=0.515 | INDIVIDUALS: n=200, avg_genome_length=91.165 | VIRUSES: gene_rate=0.000
2021-12-19 23:50:55.027442 | GENERATION: 170 | ERRORS: best=6, median=17.0, diversity=0.465 | INDIVIDUALS: n=200, avg_genome_length=91.115 | VIRUSES: gene_rate=0.000
2021-12-19 23:51:11.742454 | GENERATION: 171 | ERRORS: best=6, median=17.0, diversity=0.475 | INDIVIDUALS: n=200, avg_genome_length=91.475 | VIRUSES: gene_rate=0.000
2021-12-19 23:51:29.598933 | GENERATION: 172 | ERRORS: best=6, median=17.0, diversity=0.495 | INDIVIDUALS: n=200, avg_genome_length=90.395 | VIRUSES: gene_rate=0.000
2021-12-19 23:51:46.086734 | GENERATION: 173 | ERRORS: best=6, median=18.5, diversity=0.46 | INDIVIDUALS: n=200, avg_genome_length=90.03 | VIRUSES: gene_rate=0.000
2021-12-19 23:52:03.437340 | GENERATION: 174 | ERRORS: best=6, median=17.0, diversity=0.485 | INDIVIDUALS: n=200, avg_genome_length=90.7 | VIRUSES: gene_rate=0.000
2021-12-19 23:52:21.132227 | GENERATION: 175 | ERRORS: best=6, median=17.5, diversity=0.5 | INDIVIDUALS: n=200, avg_genome_length=90.86 | VIRUSES: gene_rate=0.000
2021-12-19 23:52:37.335033 | GENERATION: 176 | ERRORS: best=6, median=19.0, diversity=0.505 | INDIVIDUALS: n=200, avg_genome_length=90.535 | VIRUSES: gene_rate=0.000
2021-12-19 23:52:54.557566 | GENERATION: 177 | ERRORS: best=6, median=17.0, diversity=0.54 | INDIVIDUALS: n=200, avg_genome_length=90.775 | VIRUSES: gene_rate=0.000
2021-12-19 23:53:11.043518 | GENERATION: 178 | ERRORS: best=6, median=17.0, diversity=0.435 | INDIVIDUALS: n=200, avg_genome_length=91.175 | VIRUSES: gene_rate=0.000
2021-12-19 23:53:28.318758 | GENERATION: 179 | ERRORS: best=6, median=17.0, diversity=0.465 | INDIVIDUALS: n=200, avg_genome_length=90.345 | VIRUSES: gene_rate=0.000
2021-12-19 23:53:45.581270 | GENERATION: 180 | ERRORS: best=6, median=21.0, diversity=0.495 | INDIVIDUALS: n=200, avg_genome_length=90.435 | VIRUSES: gene_rate=0.000
2021-12-19 23:54:01.811762 | GENERATION: 181 | ERRORS: best=6, median=17.0, diversity=0.38 | INDIVIDUALS: n=200, avg_genome_length=91.05 | VIRUSES: gene_rate=0.000
2021-12-19 23:54:18.296936 | GENERATION: 182 | ERRORS: best=6, median=19.0, diversity=0.45 | INDIVIDUALS: n=200, avg_genome_length=90.245 | VIRUSES: gene_rate=0.000
2021-12-19 23:54:34.154669 | GENERATION: 183 | ERRORS: best=6, median=17.0, diversity=0.46 | INDIVIDUALS: n=200, avg_genome_length=90.95 | VIRUSES: gene_rate=0.000
2021-12-19 23:54:50.390380 | GENERATION: 184 | ERRORS: best=6, median=17.0, diversity=0.44 | INDIVIDUALS: n=200, avg_genome_length=89.655 | VIRUSES: gene_rate=0.000
2021-12-19 23:55:07.442689 | GENERATION: 185 | ERRORS: best=6, median=17.0, diversity=0.455 | INDIVIDUALS: n=200, avg_genome_length=91.06 | VIRUSES: gene_rate=0.000
2021-12-19 23:55:22.747164 | GENERATION: 186 | ERRORS: best=6, median=17.0, diversity=0.405 | INDIVIDUALS: n=200, avg_genome_length=89.0 | VIRUSES: gene_rate=0.000
2021-12-19 23:55:40.616362 | GENERATION: 187 | ERRORS: best=6, median=20.0, diversity=0.55 | INDIVIDUALS: n=200, avg_genome_length=89.85 | VIRUSES: gene_rate=0.000
2021-12-19 23:55:56.477626 | GENERATION: 188 | ERRORS: best=6, median=18.0, diversity=0.485 | INDIVIDUALS: n=200, avg_genome_length=90.495 | VIRUSES: gene_rate=0.000
2021-12-19 23:56:13.092286 | GENERATION: 189 | ERRORS: best=6, median=17.0, diversity=0.445 | INDIVIDUALS: n=200, avg_genome_length=90.24 | VIRUSES: gene_rate=0.000
2021-12-19 23:56:28.832984 | GENERATION: 190 | ERRORS: best=6, median=17.0, diversity=0.435 | INDIVIDUALS: n=200, avg_genome_length=90.285 | VIRUSES: gene_rate=0.000
2021-12-19 23:56:45.431169 | GENERATION: 191 | ERRORS: best=6, median=21.5, diversity=0.445 | INDIVIDUALS: n=200, avg_genome_length=90.81 | VIRUSES: gene_rate=0.000
2021-12-19 23:57:00.825158 | GENERATION: 192 | ERRORS: best=6, median=23.5, diversity=0.425 | INDIVIDUALS: n=200, avg_genome_length=90.865 | VIRUSES: gene_rate=0.000
2021-12-19 23:57:14.716730 | GENERATION: 193 | ERRORS: best=6, median=17.0, diversity=0.35 | INDIVIDUALS: n=200, avg_genome_length=91.045 | VIRUSES: gene_rate=0.000
2021-12-19 23:57:30.612248 | GENERATION: 194 | ERRORS: best=6, median=17.0, diversity=0.455 | INDIVIDUALS: n=200, avg_genome_length=91.515 | VIRUSES: gene_rate=0.000
2021-12-19 23:57:43.946722 | GENERATION: 195 | ERRORS: best=6, median=17.0, diversity=0.4 | INDIVIDUALS: n=200, avg_genome_length=91.825 | VIRUSES: gene_rate=0.000
2021-12-19 23:57:58.579519 | GENERATION: 196 | ERRORS: best=6, median=19.0, diversity=0.445 | INDIVIDUALS: n=200, avg_genome_length=91.75 | VIRUSES: gene_rate=0.000
2021-12-19 23:58:13.949643 | GENERATION: 197 | ERRORS: best=6, median=19.0, diversity=0.48 | INDIVIDUALS: n=200, avg_genome_length=91.28 | VIRUSES: gene_rate=0.000
2021-12-19 23:58:29.318488 | GENERATION: 198 | ERRORS: best=6, median=17.0, diversity=0.445 | INDIVIDUALS: n=200, avg_genome_length=92.015 | VIRUSES: gene_rate=0.000
2021-12-19 23:58:43.725593 | GENERATION: 199 | ERRORS: best=6, median=18.0, diversity=0.43 | INDIVIDUALS: n=200, avg_genome_length=91.45 | VIRUSES: gene_rate=0.000
2021-12-19 23:58:58.780034 | GENERATION: 200 | ERRORS: best=6, median=19.0, diversity=0.435 | INDIVIDUALS: n=200, avg_genome_length=91.185 | VIRUSES: gene_rate=0.000
2021-12-19 23:59:13.536451 | GENERATION: 201 | ERRORS: best=6, median=17.0, diversity=0.425 | INDIVIDUALS: n=200, avg_genome_length=91.765 | VIRUSES: gene_rate=0.000
2021-12-19 23:59:28.536102 | GENERATION: 202 | ERRORS: best=6, median=19.0, diversity=0.49 | INDIVIDUALS: n=200, avg_genome_length=91.79 | VIRUSES: gene_rate=0.000
2021-12-19 23:59:42.099197 | GENERATION: 203 | ERRORS: best=6, median=20.0, diversity=0.455 | INDIVIDUALS: n=200, avg_genome_length=91.245 | VIRUSES: gene_rate=0.000
2021-12-19 23:59:55.769971 | GENERATION: 204 | ERRORS: best=6, median=17.0, diversity=0.38 | INDIVIDUALS: n=200, avg_genome_length=91.415 | VIRUSES: gene_rate=0.000
2021-12-20 00:00:10.423869 | GENERATION: 205 | ERRORS: best=6, median=17.0, diversity=0.45 | INDIVIDUALS: n=200, avg_genome_length=91.01 | VIRUSES: gene_rate=0.000
2021-12-20 00:00:24.010647 | GENERATION: 206 | ERRORS: best=6, median=17.5, diversity=0.42 | INDIVIDUALS: n=200, avg_genome_length=91.115 | VIRUSES: gene_rate=0.000
2021-12-20 00:00:38.232671 | GENERATION: 207 | ERRORS: best=6, median=17.5, diversity=0.46 | INDIVIDUALS: n=200, avg_genome_length=91.65 | VIRUSES: gene_rate=0.000
2021-12-20 00:00:53.637951 | GENERATION: 208 | ERRORS: best=6, median=17.0, diversity=0.41 | INDIVIDUALS: n=200, avg_genome_length=91.48 | VIRUSES: gene_rate=0.000
2021-12-20 00:01:09.615487 | GENERATION: 209 | ERRORS: best=6, median=17.0, diversity=0.415 | INDIVIDUALS: n=200, avg_genome_length=91.23 | VIRUSES: gene_rate=0.000
2021-12-20 00:01:24.466866 | GENERATION: 210 | ERRORS: best=6, median=17.0, diversity=0.43 | INDIVIDUALS: n=200, avg_genome_length=91.665 | VIRUSES: gene_rate=0.000
2021-12-20 00:01:39.690750 | GENERATION: 211 | ERRORS: best=6, median=18.0, diversity=0.445 | INDIVIDUALS: n=200, avg_genome_length=91.22 | VIRUSES: gene_rate=0.000
2021-12-20 00:01:54.520500 | GENERATION: 212 | ERRORS: best=6, median=17.0, diversity=0.405 | INDIVIDUALS: n=200, avg_genome_length=91.32 | VIRUSES: gene_rate=0.000
2021-12-20 00:02:10.529399 | GENERATION: 213 | ERRORS: best=6, median=17.0, diversity=0.43 | INDIVIDUALS: n=200, avg_genome_length=91.515 | VIRUSES: gene_rate=0.000
2021-12-20 00:02:24.487861 | GENERATION: 214 | ERRORS: best=6, median=17.0, diversity=0.405 | INDIVIDUALS: n=200, avg_genome_length=91.515 | VIRUSES: gene_rate=0.000
2021-12-20 00:02:39.462544 | GENERATION: 215 | ERRORS: best=6, median=17.0, diversity=0.47 | INDIVIDUALS: n=200, avg_genome_length=91.145 | VIRUSES: gene_rate=0.000
2021-12-20 00:02:53.832676 | GENERATION: 216 | ERRORS: best=6, median=17.0, diversity=0.39 | INDIVIDUALS: n=200, avg_genome_length=91.335 | VIRUSES: gene_rate=0.000
2021-12-20 00:03:10.263258 | GENERATION: 217 | ERRORS: best=6, median=17.0, diversity=0.41 | INDIVIDUALS: n=200, avg_genome_length=91.025 | VIRUSES: gene_rate=0.000
2021-12-20 00:03:24.602031 | GENERATION: 218 | ERRORS: best=6, median=17.5, diversity=0.405 | INDIVIDUALS: n=200, avg_genome_length=90.87 | VIRUSES: gene_rate=0.000
2021-12-20 00:03:39.889328 | GENERATION: 219 | ERRORS: best=6, median=17.5, diversity=0.415 | INDIVIDUALS: n=200, avg_genome_length=90.955 | VIRUSES: gene_rate=0.000
2021-12-20 00:03:53.624124 | GENERATION: 220 | ERRORS: best=6, median=17.0, diversity=0.425 | INDIVIDUALS: n=200, avg_genome_length=91.25 | VIRUSES: gene_rate=0.000
2021-12-20 00:04:08.407830 | GENERATION: 221 | ERRORS: best=6, median=17.0, diversity=0.445 | INDIVIDUALS: n=200, avg_genome_length=91.08 | VIRUSES: gene_rate=0.000
2021-12-20 00:04:22.636266 | GENERATION: 222 | ERRORS: best=6, median=17.0, diversity=0.405 | INDIVIDUALS: n=200, avg_genome_length=91.135 | VIRUSES: gene_rate=0.000
2021-12-20 00:04:36.851038 | GENERATION: 223 | ERRORS: best=6, median=17.0, diversity=0.385 | INDIVIDUALS: n=200, avg_genome_length=91.02 | VIRUSES: gene_rate=0.000
2021-12-20 00:04:50.944660 | GENERATION: 224 | ERRORS: best=6, median=20.0, diversity=0.46 | INDIVIDUALS: n=200, avg_genome_length=90.595 | VIRUSES: gene_rate=0.000
2021-12-20 00:05:03.893192 | GENERATION: 225 | ERRORS: best=6, median=17.0, diversity=0.4 | INDIVIDUALS: n=200, avg_genome_length=90.935 | VIRUSES: gene_rate=0.000
2021-12-20 00:05:17.723677 | GENERATION: 226 | ERRORS: best=6, median=17.0, diversity=0.435 | INDIVIDUALS: n=200, avg_genome_length=90.245 | VIRUSES: gene_rate=0.000
2021-12-20 00:05:29.952447 | GENERATION: 227 | ERRORS: best=6, median=17.0, diversity=0.39 | INDIVIDUALS: n=200, avg_genome_length=89.555 | VIRUSES: gene_rate=0.000
2021-12-20 00:05:43.596206 | GENERATION: 228 | ERRORS: best=6, median=17.0, diversity=0.375 | INDIVIDUALS: n=200, avg_genome_length=90.105 | VIRUSES: gene_rate=0.000
2021-12-20 00:05:57.578413 | GENERATION: 229 | ERRORS: best=6, median=17.0, diversity=0.435 | INDIVIDUALS: n=200, avg_genome_length=91.035 | VIRUSES: gene_rate=0.000
2021-12-20 00:06:11.411485 | GENERATION: 230 | ERRORS: best=6, median=17.0, diversity=0.385 | INDIVIDUALS: n=200, avg_genome_length=90.295 | VIRUSES: gene_rate=0.000
2021-12-20 00:06:24.248332 | GENERATION: 231 | ERRORS: best=6, median=17.0, diversity=0.42 | INDIVIDUALS: n=200, avg_genome_length=90.515 | VIRUSES: gene_rate=0.000
2021-12-20 00:06:36.381566 | GENERATION: 232 | ERRORS: best=6, median=17.0, diversity=0.37 | INDIVIDUALS: n=200, avg_genome_length=90.005 | VIRUSES: gene_rate=0.000
2021-12-20 00:06:49.280303 | GENERATION: 233 | ERRORS: best=6, median=18.5, diversity=0.37 | INDIVIDUALS: n=200, avg_genome_length=90.115 | VIRUSES: gene_rate=0.000
2021-12-20 00:07:03.058433 | GENERATION: 234 | ERRORS: best=6, median=19.0, diversity=0.4 | INDIVIDUALS: n=200, avg_genome_length=89.805 | VIRUSES: gene_rate=0.000
2021-12-20 00:07:15.816397 | GENERATION: 235 | ERRORS: best=6, median=17.0, diversity=0.395 | INDIVIDUALS: n=200, avg_genome_length=89.255 | VIRUSES: gene_rate=0.000
2021-12-20 00:07:29.789397 | GENERATION: 236 | ERRORS: best=6, median=17.0, diversity=0.415 | INDIVIDUALS: n=200, avg_genome_length=89.05 | VIRUSES: gene_rate=0.000
2021-12-20 00:07:42.882747 | GENERATION: 237 | ERRORS: best=6, median=17.0, diversity=0.39 | INDIVIDUALS: n=200, avg_genome_length=89.79 | VIRUSES: gene_rate=0.000
2021-12-20 00:07:56.848831 | GENERATION: 238 | ERRORS: best=6, median=17.0, diversity=0.43 | INDIVIDUALS: n=200, avg_genome_length=89.425 | VIRUSES: gene_rate=0.000
2021-12-20 00:08:10.202035 | GENERATION: 239 | ERRORS: best=6, median=17.0, diversity=0.435 | INDIVIDUALS: n=200, avg_genome_length=90.335 | VIRUSES: gene_rate=0.000
2021-12-20 00:08:24.921852 | GENERATION: 240 | ERRORS: best=6, median=17.0, diversity=0.4 | INDIVIDUALS: n=200, avg_genome_length=90.32 | VIRUSES: gene_rate=0.000
2021-12-20 00:08:37.452967 | GENERATION: 241 | ERRORS: best=6, median=17.0, diversity=0.41 | INDIVIDUALS: n=200, avg_genome_length=89.85 | VIRUSES: gene_rate=0.000
2021-12-20 00:08:50.693904 | GENERATION: 242 | ERRORS: best=6, median=17.0, diversity=0.375 | INDIVIDUALS: n=200, avg_genome_length=89.945 | VIRUSES: gene_rate=0.000
2021-12-20 00:09:04.004515 | GENERATION: 243 | ERRORS: best=6, median=17.0, diversity=0.395 | INDIVIDUALS: n=200, avg_genome_length=89.59 | VIRUSES: gene_rate=0.000
2021-12-20 00:09:17.212829 | GENERATION: 244 | ERRORS: best=6, median=17.0, diversity=0.38 | INDIVIDUALS: n=200, avg_genome_length=89.285 | VIRUSES: gene_rate=0.000
2021-12-20 00:09:30.132722 | GENERATION: 245 | ERRORS: best=6, median=17.0, diversity=0.385 | INDIVIDUALS: n=200, avg_genome_length=89.02 | VIRUSES: gene_rate=0.000
2021-12-20 00:09:42.761659 | GENERATION: 246 | ERRORS: best=6, median=17.0, diversity=0.43 | INDIVIDUALS: n=200, avg_genome_length=88.555 | VIRUSES: gene_rate=0.000
2021-12-20 00:09:56.731286 | GENERATION: 247 | ERRORS: best=6, median=17.0, diversity=0.415 | INDIVIDUALS: n=200, avg_genome_length=89.585 | VIRUSES: gene_rate=0.000
2021-12-20 00:10:09.842190 | GENERATION: 248 | ERRORS: best=6, median=17.0, diversity=0.34 | INDIVIDUALS: n=200, avg_genome_length=89.11 | VIRUSES: gene_rate=0.000
2021-12-20 00:10:22.375121 | GENERATION: 249 | ERRORS: best=6, median=19.0, diversity=0.385 | INDIVIDUALS: n=200, avg_genome_length=89.34 | VIRUSES: gene_rate=0.000
2021-12-20 00:10:35.983697 | GENERATION: 250 | ERRORS: best=6, median=17.0, diversity=0.405 | INDIVIDUALS: n=200, avg_genome_length=89.355 | VIRUSES: gene_rate=0.000
2021-12-20 00:10:47.884061 | GENERATION: 251 | ERRORS: best=6, median=17.0, diversity=0.36 | INDIVIDUALS: n=200, avg_genome_length=88.105 | VIRUSES: gene_rate=0.000
2021-12-20 00:11:00.588128 | GENERATION: 252 | ERRORS: best=6, median=17.0, diversity=0.4 | INDIVIDUALS: n=200, avg_genome_length=88.24 | VIRUSES: gene_rate=0.000
2021-12-20 00:11:12.142914 | GENERATION: 253 | ERRORS: best=6, median=18.5, diversity=0.41 | INDIVIDUALS: n=200, avg_genome_length=89.16 | VIRUSES: gene_rate=0.000
2021-12-20 00:11:25.670928 | GENERATION: 254 | ERRORS: best=6, median=17.0, diversity=0.405 | INDIVIDUALS: n=200, avg_genome_length=88.61 | VIRUSES: gene_rate=0.000
2021-12-20 00:11:38.677490 | GENERATION: 255 | ERRORS: best=6, median=17.0, diversity=0.435 | INDIVIDUALS: n=200, avg_genome_length=88.465 | VIRUSES: gene_rate=0.000
2021-12-20 00:11:51.720326 | GENERATION: 256 | ERRORS: best=6, median=17.0, diversity=0.39 | INDIVIDUALS: n=200, avg_genome_length=87.245 | VIRUSES: gene_rate=0.000
2021-12-20 00:12:04.740777 | GENERATION: 257 | ERRORS: best=6, median=17.0, diversity=0.43 | INDIVIDUALS: n=200, avg_genome_length=87.815 | VIRUSES: gene_rate=0.000
2021-12-20 00:12:17.503263 | GENERATION: 258 | ERRORS: best=6, median=17.0, diversity=0.405 | INDIVIDUALS: n=200, avg_genome_length=88.74 | VIRUSES: gene_rate=0.000
2021-12-20 00:12:30.006774 | GENERATION: 259 | ERRORS: best=6, median=17.0, diversity=0.405 | INDIVIDUALS: n=200, avg_genome_length=86.78 | VIRUSES: gene_rate=0.000
2021-12-20 00:12:44.319245 | GENERATION: 260 | ERRORS: best=6, median=17.0, diversity=0.41 | INDIVIDUALS: n=200, avg_genome_length=89.115 | VIRUSES: gene_rate=0.000
2021-12-20 00:12:56.722383 | GENERATION: 261 | ERRORS: best=6, median=17.0, diversity=0.425 | INDIVIDUALS: n=200, avg_genome_length=88.025 | VIRUSES: gene_rate=0.000
2021-12-20 00:13:09.797784 | GENERATION: 262 | ERRORS: best=6, median=17.0, diversity=0.385 | INDIVIDUALS: n=200, avg_genome_length=88.73 | VIRUSES: gene_rate=0.000
2021-12-20 00:13:21.538374 | GENERATION: 263 | ERRORS: best=6, median=17.0, diversity=0.365 | INDIVIDUALS: n=200, avg_genome_length=88.67 | VIRUSES: gene_rate=0.000
2021-12-20 00:13:34.634503 | GENERATION: 264 | ERRORS: best=6, median=20.0, diversity=0.405 | INDIVIDUALS: n=200, avg_genome_length=87.595 | VIRUSES: gene_rate=0.000
2021-12-20 00:13:47.485917 | GENERATION: 265 | ERRORS: best=6, median=19.0, diversity=0.38 | INDIVIDUALS: n=200, avg_genome_length=89.33 | VIRUSES: gene_rate=0.000
2021-12-20 00:14:01.125178 | GENERATION: 266 | ERRORS: best=6, median=21.0, diversity=0.395 | INDIVIDUALS: n=200, avg_genome_length=87.595 | VIRUSES: gene_rate=0.000
2021-12-20 00:14:13.903440 | GENERATION: 267 | ERRORS: best=6, median=19.0, diversity=0.44 | INDIVIDUALS: n=200, avg_genome_length=89.065 | VIRUSES: gene_rate=0.000
2021-12-20 00:14:27.296424 | GENERATION: 268 | ERRORS: best=6, median=20.5, diversity=0.44 | INDIVIDUALS: n=200, avg_genome_length=86.82 | VIRUSES: gene_rate=0.000
2021-12-20 00:14:41.685637 | GENERATION: 269 | ERRORS: best=6, median=17.0, diversity=0.445 | INDIVIDUALS: n=200, avg_genome_length=87.855 | VIRUSES: gene_rate=0.000
2021-12-20 00:14:55.763787 | GENERATION: 270 | ERRORS: best=6, median=17.0, diversity=0.425 | INDIVIDUALS: n=200, avg_genome_length=86.615 | VIRUSES: gene_rate=0.000
2021-12-20 00:15:08.970282 | GENERATION: 271 | ERRORS: best=6, median=17.0, diversity=0.355 | INDIVIDUALS: n=200, avg_genome_length=86.835 | VIRUSES: gene_rate=0.000
2021-12-20 00:15:21.431704 | GENERATION: 272 | ERRORS: best=6, median=17.0, diversity=0.37 | INDIVIDUALS: n=200, avg_genome_length=86.66 | VIRUSES: gene_rate=0.000
2021-12-20 00:15:33.492291 | GENERATION: 273 | ERRORS: best=6, median=17.0, diversity=0.37 | INDIVIDUALS: n=200, avg_genome_length=87.685 | VIRUSES: gene_rate=0.000
2021-12-20 00:15:46.906097 | GENERATION: 274 | ERRORS: best=6, median=17.0, diversity=0.395 | INDIVIDUALS: n=200, avg_genome_length=85.015 | VIRUSES: gene_rate=0.000
2021-12-20 00:16:01.046403 | GENERATION: 275 | ERRORS: best=6, median=17.0, diversity=0.4 | INDIVIDUALS: n=200, avg_genome_length=86.61 | VIRUSES: gene_rate=0.000
2021-12-20 00:16:13.611768 | GENERATION: 276 | ERRORS: best=6, median=17.0, diversity=0.345 | INDIVIDUALS: n=200, avg_genome_length=87.39 | VIRUSES: gene_rate=0.000
2021-12-20 00:16:26.387247 | GENERATION: 277 | ERRORS: best=6, median=17.0, diversity=0.42 | INDIVIDUALS: n=200, avg_genome_length=87.17 | VIRUSES: gene_rate=0.000
2021-12-20 00:16:38.487195 | GENERATION: 278 | ERRORS: best=6, median=17.0, diversity=0.385 | INDIVIDUALS: n=200, avg_genome_length=87.69 | VIRUSES: gene_rate=0.000
2021-12-20 00:16:51.291830 | GENERATION: 279 | ERRORS: best=6, median=20.5, diversity=0.41 | INDIVIDUALS: n=200, avg_genome_length=87.975 | VIRUSES: gene_rate=0.000
2021-12-20 00:17:03.488040 | GENERATION: 280 | ERRORS: best=6, median=17.0, diversity=0.38 | INDIVIDUALS: n=200, avg_genome_length=88.47 | VIRUSES: gene_rate=0.000
2021-12-20 00:17:16.121768 | GENERATION: 281 | ERRORS: best=6, median=17.0, diversity=0.325 | INDIVIDUALS: n=200, avg_genome_length=87.06 | VIRUSES: gene_rate=0.000
2021-12-20 00:17:28.508249 | GENERATION: 282 | ERRORS: best=6, median=17.0, diversity=0.355 | INDIVIDUALS: n=200, avg_genome_length=87.575 | VIRUSES: gene_rate=0.000
2021-12-20 00:17:39.795183 | GENERATION: 283 | ERRORS: best=6, median=17.0, diversity=0.37 | INDIVIDUALS: n=200, avg_genome_length=86.39 | VIRUSES: gene_rate=0.000
2021-12-20 00:17:51.357230 | GENERATION: 284 | ERRORS: best=6, median=17.0, diversity=0.36 | INDIVIDUALS: n=200, avg_genome_length=87.29 | VIRUSES: gene_rate=0.000
2021-12-20 00:18:03.618373 | GENERATION: 285 | ERRORS: best=6, median=17.0, diversity=0.385 | INDIVIDUALS: n=200, avg_genome_length=87.78 | VIRUSES: gene_rate=0.000
2021-12-20 00:18:15.699692 | GENERATION: 286 | ERRORS: best=6, median=17.0, diversity=0.335 | INDIVIDUALS: n=200, avg_genome_length=86.43 | VIRUSES: gene_rate=0.000
2021-12-20 00:18:27.139807 | GENERATION: 287 | ERRORS: best=6, median=17.0, diversity=0.305 | INDIVIDUALS: n=200, avg_genome_length=87.7 | VIRUSES: gene_rate=0.000
2021-12-20 00:18:37.945220 | GENERATION: 288 | ERRORS: best=6, median=17.0, diversity=0.32 | INDIVIDUALS: n=200, avg_genome_length=88.21 | VIRUSES: gene_rate=0.000
2021-12-20 00:18:49.128819 | GENERATION: 289 | ERRORS: best=6, median=17.0, diversity=0.35 | INDIVIDUALS: n=200, avg_genome_length=88.38 | VIRUSES: gene_rate=0.000
2021-12-20 00:19:01.159732 | GENERATION: 290 | ERRORS: best=6, median=17.0, diversity=0.41 | INDIVIDUALS: n=200, avg_genome_length=88.435 | VIRUSES: gene_rate=0.000
2021-12-20 00:19:14.067683 | GENERATION: 291 | ERRORS: best=6, median=17.0, diversity=0.395 | INDIVIDUALS: n=200, avg_genome_length=87.875 | VIRUSES: gene_rate=0.000
2021-12-20 00:19:25.314094 | GENERATION: 292 | ERRORS: best=6, median=17.0, diversity=0.37 | INDIVIDUALS: n=200, avg_genome_length=87.43 | VIRUSES: gene_rate=0.000
2021-12-20 00:19:37.541406 | GENERATION: 293 | ERRORS: best=6, median=17.0, diversity=0.41 | INDIVIDUALS: n=200, avg_genome_length=88.33 | VIRUSES: gene_rate=0.000
2021-12-20 00:19:49.781170 | GENERATION: 294 | ERRORS: best=6, median=17.0, diversity=0.38 | INDIVIDUALS: n=200, avg_genome_length=89.04 | VIRUSES: gene_rate=0.000
2021-12-20 00:20:00.550266 | GENERATION: 295 | ERRORS: best=6, median=17.0, diversity=0.37 | INDIVIDUALS: n=200, avg_genome_length=87.655 | VIRUSES: gene_rate=0.000
2021-12-20 00:20:12.244047 | GENERATION: 296 | ERRORS: best=6, median=18.5, diversity=0.405 | INDIVIDUALS: n=200, avg_genome_length=87.395 | VIRUSES: gene_rate=0.000
2021-12-20 00:20:24.082058 | GENERATION: 297 | ERRORS: best=6, median=17.0, diversity=0.32 | INDIVIDUALS: n=200, avg_genome_length=87.97 | VIRUSES: gene_rate=0.000
2021-12-20 00:20:35.686018 | GENERATION: 298 | ERRORS: best=6, median=17.0, diversity=0.365 | INDIVIDUALS: n=200, avg_genome_length=87.62 | VIRUSES: gene_rate=0.000
2021-12-20 00:20:46.705982 | GENERATION: 299 | ERRORS: best=6, median=17.0, diversity=0.39 | INDIVIDUALS: n=200, avg_genome_length=88.29 | VIRUSES: gene_rate=0.000
2021-12-20 00:20:58.442465 | GENERATION: 300 | ERRORS: best=6, median=17.0, diversity=0.385 | INDIVIDUALS: n=200, avg_genome_length=88.28 | VIRUSES: gene_rate=0.000
Simplifying genome of length 93 with total error 6.
Simplified genome by 3 to length 90.
Simplified genome by 1 to length 89.
Simplified genome by 2 to length 87.
Simplified genome by 1 to length 86.
Simplified genome by 1 to length 85.
Simplified genome by 1 to length 84.
Simplified genome by 1 to length 83.
Simplified genome by 1 to length 82.
Simplified genome by 1 to length 81.
Simplified genome by 1 to length 80.
Simplified genome by 1 to length 79.
Simplified genome by 1 to length 78.
Simplified genome by 1 to length 77.
Simplified genome by 1 to length 76.
Simplified genome by 2 to length 74.
Simplified genome by 1 to length 73.
Simplified genome by 2 to length 71.
Simplified genome by 1 to length 70.
Simplified genome by 1 to length 69.
Simplified genome by 1 to length 68.
Simplified genome by 1 to length 67.
Simplified genome by 1 to length 66.
Simplified genome by 1 to length 65.
Simplified genome by 1 to length 64.
Simplified genome by 1 to length 63.
Simplified genome by 1 to length 62.
Simplified genome by 3 to length 59.
Simplified genome by 1 to length 58.
Simplified genome by 1 to length 57.
Simplified genome by 1 to length 56.
Simplified genome by 1 to length 55.
Simplified genome by 1 to length 54.
Simplified genome by 2 to length 52.
Simplified genome by 1 to length 51.
Simplified genome by 1 to length 50.
Simplified genome by 1 to length 49.
Simplified genome to length 49 and total error 6.
========================================
End Run
========================================
No solution found.
Best Seen Individual
	Genome:
	 pvector([Literal(value=2000, push_type=<pyshgp.push.types.PushIntType object at 0x7ff87e6b7130>), Literal(value=1, push_type=<pyshgp.push.types.PushIntType object at 0x7ff87e6b7190>), InstructionMeta(name='int_eq', code_blocks=0), Literal(value=2000, push_type=<pyshgp.push.types.PushIntType object at 0x7ff87e6b77f0>), InstructionMeta(name='exec_swap', code_blocks=2), InstructionMeta(name='exec_shove_dup', code_blocks=1), Literal(value=1, push_type=<pyshgp.push.types.PushIntType object at 0x7ff87e6b75b0>), Closer(), Closer(), Literal(value=2000, push_type=<pyshgp.push.types.PushIntType object at 0x7ff87e6b7670>), InstructionMeta(name='int_gte', code_blocks=0), Input(input_index=0), InstructionMeta(name='exec_dup_times', code_blocks=1), InstructionMeta(name='str_length', code_blocks=0), Input(input_index=1), InstructionMeta(name='int_inc', code_blocks=0), InstructionMeta(name='exec_if', code_blocks=2), InstructionMeta(name='int_from_bool', code_blocks=0), Literal(value=1000, push_type=<pyshgp.push.types.PushIntType object at 0x7ff87e6b76d0>), InstructionMeta(name='int_shove', code_blocks=0), InstructionMeta(name='exec_yank_dup', code_blocks=0), InstructionMeta(name='str_shove', code_blocks=0), InstructionMeta(name='str_from_first_char', code_blocks=0), InstructionMeta(name='noop_open', code_blocks=1), InstructionMeta(name='int_is_empty', code_blocks=0), Closer(), Input(input_index=2), InstructionMeta(name='str_length', code_blocks=0), InstructionMeta(name='int_inc', code_blocks=0), InstructionMeta(name='bool_swap', code_blocks=0), InstructionMeta(name='int_max', code_blocks=0), InstructionMeta(name='exec_do_count', code_blocks=1), InstructionMeta(name='int_inc', code_blocks=0), InstructionMeta(name='int_mod', code_blocks=0), InstructionMeta(name='exec_do_count', code_blocks=1), InstructionMeta(name='bool_yank_dup', code_blocks=0), Closer(), InstructionMeta(name='exec_is_empty', code_blocks=0), InstructionMeta(name='bool_stack_depth', code_blocks=0), InstructionMeta(name='str_from_bool', code_blocks=0), Closer(), Input(input_index=1), Input(input_index=0), Literal(value=2000, push_type=<pyshgp.push.types.PushIntType object at 0x7ff87e6b7730>), InstructionMeta(name='int_gte', code_blocks=0), Literal(value=1, push_type=<pyshgp.push.types.PushIntType object at 0x7ff87e6b7790>), InstructionMeta(name='int_eq', code_blocks=0), InstructionMeta(name='str_contains_str', code_blocks=0), InstructionMeta(name='exec_if', code_blocks=2)])
	Program:
	 (2000 1 int_eq 2000 exec_swap (exec_shove_dup (1)) (2000 int_gte input_0 exec_dup_times (str_length input_1 int_inc exec_if (int_from_bool 1000 int_shove exec_yank_dup str_shove str_from_first_char noop_open (int_is_empty) input_2 str_length int_inc bool_swap int_max exec_do_count (int_inc int_mod exec_do_count (bool_yank_dup) exec_is_empty bool_stack_depth str_from_bool) input_1 input_0 2000 int_gte 1 int_eq str_contains_str exec_if () ()) ())))
	Error vector:
	 [0 0 0 0 0 0 0 0 0 0 0 0 0 0 0 0 0 0 0 0 0 0 0 0 0 0 0 0 0 0 0 1 0 0 0 0 0
 0 0 1 0 0 0 0 0 0 0 0 0 0 1 0 0 0 0 0 1 0 0 0 0 0 1 0 0 0 0 0 0 0 0 0 0 0
 0 0 0 0 0 0 0 0 0 0 1 0 0 0 0 0 0 0 0 0 0 0 0 0 0 0]
	Total error:
	 6
	Test error:
	 216
	Time:
	 01:19:42
