Included 22 edge cases.
Included 78 random cases.
Included 100 cases in total.
Finished formatting.
Included 0 edge cases.
Included 1000 random cases.
Included 1000 cases in total.
Finished formatting.
========================================
Setup
========================================
Search Configuration:
signature: ProgramSignature(push_config=PushConfig(step_limit=600, growth_cap=500, runtime_limit=10, numeric_magnitude_limit=1000000000000.0, collection_size_cap=1000), output_stacks=['bool'], arity=3)
evaluator: <pyshgp.gp.evaluation.DatasetEvaluator object at 0x7fc4919572b0>
spawner: <pyshgp.gp.genome.GeneSpawner object at 0x7fc49db70910>
population_size: 200
max_generations: 300
error_threshold: 0.0
initial_genome_size: (40, 200)
simplification_steps: 500
parallel_context: <pyshgp.gp.search.ParallelContext object at 0x7fc4919574c0>
selection: <pyshgp.utils.DiscreteProbDistrib object at 0x7fc490885e00>
variation: <pyshgp.utils.DiscreteProbDistrib object at 0x7fc4a3e46dc0>
Instructions:
int_add, int_sub, int_mult, int_div, int_mod, int_min, int_max, int_inc, int_dec, int_lt, int_lte, int_gt, int_gte, int_from_bool, str_concat, str_insert_str, str_from_first_char, str_from_last_char, str_from_nth_char, str_contains_str, str_index_of_str, str_split_on_str, str_replace_first_str, str_replace_n_str, str_replace_all_str, str_remove_first_str, str_remove_n_str, str_remove_all_str, str_occurrences_of_str, str_reverse, str_head, str_tail, str_rest, str_but_last, str_drop, str_but_last_n, str_length, str_make_empty, str_is_empty_string, str_remove_nth, str_strip_whitespace, str_from_bool, str_from_int, bool_and, bool_or, bool_not, bool_xor, bool_invert_first_then_and, bool_second_first_then_and, bool_from_int, noop, noop_open, exec_do_range, exec_do_count, exec_while, exec_do_while, exec_if, exec_when, print_bool, println_bool, print_int, println_int, print_str, println_str, print_exec, println_exec, bool_pop, bool_dup, bool_dup_times, bool_swap, bool_rot, bool_flush, bool_eq, bool_stack_depth, bool_yank, bool_yank_dup, bool_shove, bool_shove_dup, bool_is_empty, int_pop, int_dup, int_dup_times, int_swap, int_rot, int_flush, int_eq, int_stack_depth, int_yank, int_yank_dup, int_shove, int_shove_dup, int_is_empty, str_pop, str_dup, str_dup_times, str_swap, str_rot, str_flush, str_eq, str_stack_depth, str_yank, str_yank_dup, str_shove, str_shove_dup, str_is_empty, exec_pop, exec_dup, exec_dup_times, exec_swap, exec_rot, exec_flush, exec_eq, exec_stack_depth, exec_yank, exec_yank_dup, exec_shove, exec_shove_dup, exec_is_empty
Literals:
[]
ERC Generators:
[<function rand_bool at 0x7fc4924641f0>]
========================================
Start Run
========================================
2021-12-18 11:17:47.069505 | GENERATION: 1 | ERRORS: best=32, median=10000035.0, diversity=0.025 | INDIVIDUALS: n=200, avg_genome_length=116.995 | VIRUSES: gene_rate=0.000
2021-12-18 11:17:52.611710 | GENERATION: 2 | ERRORS: best=32, median=32.0, diversity=0.04 | INDIVIDUALS: n=200, avg_genome_length=132.83 | VIRUSES: gene_rate=0.004
2021-12-18 11:17:58.399270 | GENERATION: 3 | ERRORS: best=30, median=34.0, diversity=0.11 | INDIVIDUALS: n=200, avg_genome_length=133.715 | VIRUSES: gene_rate=0.011
2021-12-18 11:18:06.091699 | GENERATION: 4 | ERRORS: best=29, median=63.0, diversity=0.305 | INDIVIDUALS: n=200, avg_genome_length=148.27 | VIRUSES: gene_rate=0.014
2021-12-18 11:18:15.052511 | GENERATION: 5 | ERRORS: best=22, median=53.0, diversity=0.415 | INDIVIDUALS: n=200, avg_genome_length=147.475 | VIRUSES: gene_rate=0.020
2021-12-18 11:18:26.127452 | GENERATION: 6 | ERRORS: best=22, median=45.5, diversity=0.55 | INDIVIDUALS: n=200, avg_genome_length=147.435 | VIRUSES: gene_rate=0.026
2021-12-18 11:18:36.786877 | GENERATION: 7 | ERRORS: best=22, median=45.0, diversity=0.615 | INDIVIDUALS: n=200, avg_genome_length=149.625 | VIRUSES: gene_rate=0.029
2021-12-18 11:18:46.661556 | GENERATION: 8 | ERRORS: best=22, median=43.5, diversity=0.64 | INDIVIDUALS: n=200, avg_genome_length=152.3 | VIRUSES: gene_rate=0.031
2021-12-18 11:18:56.930120 | GENERATION: 9 | ERRORS: best=19, median=47.0, diversity=0.61 | INDIVIDUALS: n=200, avg_genome_length=152.45 | VIRUSES: gene_rate=0.037
2021-12-18 11:19:06.683013 | GENERATION: 10 | ERRORS: best=13, median=43.0, diversity=0.725 | INDIVIDUALS: n=200, avg_genome_length=153.2 | VIRUSES: gene_rate=0.042
2021-12-18 11:19:15.702535 | GENERATION: 11 | ERRORS: best=13, median=39.0, diversity=0.75 | INDIVIDUALS: n=200, avg_genome_length=151.0 | VIRUSES: gene_rate=0.043
2021-12-18 11:19:24.471005 | GENERATION: 12 | ERRORS: best=13, median=35.0, diversity=0.725 | INDIVIDUALS: n=200, avg_genome_length=149.285 | VIRUSES: gene_rate=0.042
2021-12-18 11:19:33.236805 | GENERATION: 13 | ERRORS: best=13, median=32.0, diversity=0.655 | INDIVIDUALS: n=200, avg_genome_length=149.135 | VIRUSES: gene_rate=0.047
2021-12-18 11:19:41.963022 | GENERATION: 14 | ERRORS: best=13, median=33.0, diversity=0.675 | INDIVIDUALS: n=200, avg_genome_length=148.605 | VIRUSES: gene_rate=0.049
2021-12-18 11:19:51.009238 | GENERATION: 15 | ERRORS: best=13, median=32.0, diversity=0.705 | INDIVIDUALS: n=200, avg_genome_length=149.01 | VIRUSES: gene_rate=0.055
2021-12-18 11:19:59.924903 | GENERATION: 16 | ERRORS: best=12, median=33.0, diversity=0.715 | INDIVIDUALS: n=200, avg_genome_length=148.51 | VIRUSES: gene_rate=0.059
2021-12-18 11:20:07.694755 | GENERATION: 17 | ERRORS: best=12, median=32.0, diversity=0.725 | INDIVIDUALS: n=200, avg_genome_length=147.025 | VIRUSES: gene_rate=0.061
2021-12-18 11:20:16.027586 | GENERATION: 18 | ERRORS: best=12, median=32.0, diversity=0.74 | INDIVIDUALS: n=200, avg_genome_length=147.73 | VIRUSES: gene_rate=0.065
2021-12-18 11:20:23.987570 | GENERATION: 19 | ERRORS: best=12, median=32.0, diversity=0.665 | INDIVIDUALS: n=200, avg_genome_length=146.995 | VIRUSES: gene_rate=0.066
2021-12-18 11:20:31.526317 | GENERATION: 20 | ERRORS: best=12, median=32.0, diversity=0.745 | INDIVIDUALS: n=200, avg_genome_length=147.075 | VIRUSES: gene_rate=0.070
2021-12-18 11:20:39.240064 | GENERATION: 21 | ERRORS: best=12, median=32.0, diversity=0.75 | INDIVIDUALS: n=200, avg_genome_length=147.65 | VIRUSES: gene_rate=0.076
2021-12-18 11:20:47.188247 | GENERATION: 22 | ERRORS: best=12, median=32.0, diversity=0.69 | INDIVIDUALS: n=200, avg_genome_length=146.98 | VIRUSES: gene_rate=0.080
2021-12-18 11:20:55.663795 | GENERATION: 23 | ERRORS: best=12, median=31.0, diversity=0.78 | INDIVIDUALS: n=200, avg_genome_length=147.605 | VIRUSES: gene_rate=0.086
2021-12-18 11:21:03.369308 | GENERATION: 24 | ERRORS: best=12, median=32.0, diversity=0.725 | INDIVIDUALS: n=200, avg_genome_length=147.04 | VIRUSES: gene_rate=0.088
2021-12-18 11:21:11.496463 | GENERATION: 25 | ERRORS: best=12, median=32.0, diversity=0.75 | INDIVIDUALS: n=200, avg_genome_length=146.86 | VIRUSES: gene_rate=0.090
2021-12-18 11:21:19.544707 | GENERATION: 26 | ERRORS: best=12, median=31.0, diversity=0.75 | INDIVIDUALS: n=200, avg_genome_length=146.46 | VIRUSES: gene_rate=0.094
2021-12-18 11:21:27.597015 | GENERATION: 27 | ERRORS: best=12, median=32.0, diversity=0.83 | INDIVIDUALS: n=200, avg_genome_length=146.75 | VIRUSES: gene_rate=0.094
2021-12-18 11:21:35.650125 | GENERATION: 28 | ERRORS: best=12, median=32.0, diversity=0.81 | INDIVIDUALS: n=200, avg_genome_length=147.02 | VIRUSES: gene_rate=0.102
2021-12-18 11:21:44.327738 | GENERATION: 29 | ERRORS: best=12, median=32.0, diversity=0.825 | INDIVIDUALS: n=200, avg_genome_length=147.88 | VIRUSES: gene_rate=0.103
2021-12-18 11:21:53.754839 | GENERATION: 30 | ERRORS: best=12, median=32.0, diversity=0.86 | INDIVIDUALS: n=200, avg_genome_length=148.475 | VIRUSES: gene_rate=0.110
2021-12-18 11:22:03.057060 | GENERATION: 31 | ERRORS: best=12, median=33.0, diversity=0.785 | INDIVIDUALS: n=200, avg_genome_length=147.935 | VIRUSES: gene_rate=0.113
2021-12-18 11:22:11.877731 | GENERATION: 32 | ERRORS: best=12, median=33.0, diversity=0.815 | INDIVIDUALS: n=200, avg_genome_length=148.185 | VIRUSES: gene_rate=0.115
2021-12-18 11:22:21.391107 | GENERATION: 33 | ERRORS: best=12, median=36.5, diversity=0.785 | INDIVIDUALS: n=200, avg_genome_length=149.045 | VIRUSES: gene_rate=0.112
2021-12-18 11:22:30.006973 | GENERATION: 34 | ERRORS: best=12, median=32.0, diversity=0.785 | INDIVIDUALS: n=200, avg_genome_length=149.925 | VIRUSES: gene_rate=0.114
2021-12-18 11:22:39.353896 | GENERATION: 35 | ERRORS: best=12, median=32.0, diversity=0.795 | INDIVIDUALS: n=200, avg_genome_length=149.29 | VIRUSES: gene_rate=0.121
2021-12-18 11:22:48.481924 | GENERATION: 36 | ERRORS: best=12, median=33.0, diversity=0.83 | INDIVIDUALS: n=200, avg_genome_length=148.885 | VIRUSES: gene_rate=0.123
2021-12-18 11:22:57.911436 | GENERATION: 37 | ERRORS: best=12, median=32.0, diversity=0.83 | INDIVIDUALS: n=200, avg_genome_length=151.155 | VIRUSES: gene_rate=0.137
2021-12-18 11:23:07.077664 | GENERATION: 38 | ERRORS: best=12, median=32.0, diversity=0.775 | INDIVIDUALS: n=200, avg_genome_length=150.145 | VIRUSES: gene_rate=0.135
2021-12-18 11:23:16.536130 | GENERATION: 39 | ERRORS: best=12, median=32.0, diversity=0.83 | INDIVIDUALS: n=200, avg_genome_length=150.45 | VIRUSES: gene_rate=0.146
2021-12-18 11:23:26.121913 | GENERATION: 40 | ERRORS: best=12, median=33.0, diversity=0.84 | INDIVIDUALS: n=200, avg_genome_length=149.895 | VIRUSES: gene_rate=0.155
2021-12-18 11:23:35.735511 | GENERATION: 41 | ERRORS: best=10, median=32.5, diversity=0.86 | INDIVIDUALS: n=200, avg_genome_length=150.005 | VIRUSES: gene_rate=0.162
2021-12-18 11:23:45.909503 | GENERATION: 42 | ERRORS: best=12, median=33.0, diversity=0.845 | INDIVIDUALS: n=200, avg_genome_length=151.07 | VIRUSES: gene_rate=0.168
2021-12-18 11:23:55.381717 | GENERATION: 43 | ERRORS: best=9, median=33.0, diversity=0.835 | INDIVIDUALS: n=200, avg_genome_length=150.685 | VIRUSES: gene_rate=0.165
2021-12-18 11:24:05.197000 | GENERATION: 44 | ERRORS: best=9, median=32.0, diversity=0.865 | INDIVIDUALS: n=200, avg_genome_length=151.105 | VIRUSES: gene_rate=0.173
2021-12-18 11:24:15.515763 | GENERATION: 45 | ERRORS: best=8, median=32.0, diversity=0.85 | INDIVIDUALS: n=200, avg_genome_length=151.935 | VIRUSES: gene_rate=0.173
2021-12-18 11:24:25.140137 | GENERATION: 46 | ERRORS: best=7, median=32.5, diversity=0.875 | INDIVIDUALS: n=200, avg_genome_length=152.9 | VIRUSES: gene_rate=0.180
2021-12-18 11:24:34.494659 | GENERATION: 47 | ERRORS: best=7, median=32.0, diversity=0.865 | INDIVIDUALS: n=200, avg_genome_length=152.975 | VIRUSES: gene_rate=0.187
2021-12-18 11:24:43.985859 | GENERATION: 48 | ERRORS: best=7, median=33.0, diversity=0.88 | INDIVIDUALS: n=200, avg_genome_length=152.96 | VIRUSES: gene_rate=0.191
2021-12-18 11:24:52.989674 | GENERATION: 49 | ERRORS: best=7, median=32.0, diversity=0.86 | INDIVIDUALS: n=200, avg_genome_length=152.9 | VIRUSES: gene_rate=0.198
2021-12-18 11:25:02.930846 | GENERATION: 50 | ERRORS: best=7, median=32.0, diversity=0.815 | INDIVIDUALS: n=200, avg_genome_length=152.93 | VIRUSES: gene_rate=0.199
2021-12-18 11:25:12.483477 | GENERATION: 51 | ERRORS: best=7, median=33.0, diversity=0.84 | INDIVIDUALS: n=200, avg_genome_length=152.805 | VIRUSES: gene_rate=0.200
2021-12-18 11:25:22.383359 | GENERATION: 52 | ERRORS: best=6, median=32.0, diversity=0.835 | INDIVIDUALS: n=200, avg_genome_length=152.91 | VIRUSES: gene_rate=0.210
2021-12-18 11:25:31.730147 | GENERATION: 53 | ERRORS: best=6, median=32.0, diversity=0.82 | INDIVIDUALS: n=200, avg_genome_length=153.275 | VIRUSES: gene_rate=0.212
2021-12-18 11:25:41.753634 | GENERATION: 54 | ERRORS: best=6, median=32.0, diversity=0.8 | INDIVIDUALS: n=200, avg_genome_length=153.845 | VIRUSES: gene_rate=0.217
2021-12-18 11:25:51.977912 | GENERATION: 55 | ERRORS: best=6, median=32.0, diversity=0.755 | INDIVIDUALS: n=200, avg_genome_length=153.205 | VIRUSES: gene_rate=0.231
2021-12-18 11:26:02.205362 | GENERATION: 56 | ERRORS: best=6, median=32.0, diversity=0.775 | INDIVIDUALS: n=200, avg_genome_length=153.895 | VIRUSES: gene_rate=0.242
2021-12-18 11:26:13.087265 | GENERATION: 57 | ERRORS: best=5, median=32.0, diversity=0.795 | INDIVIDUALS: n=200, avg_genome_length=152.34 | VIRUSES: gene_rate=0.249
2021-12-18 11:26:23.114970 | GENERATION: 58 | ERRORS: best=5, median=32.0, diversity=0.775 | INDIVIDUALS: n=200, avg_genome_length=153.365 | VIRUSES: gene_rate=0.252
2021-12-18 11:26:33.999121 | GENERATION: 59 | ERRORS: best=5, median=32.0, diversity=0.75 | INDIVIDUALS: n=200, avg_genome_length=152.865 | VIRUSES: gene_rate=0.254
2021-12-18 11:26:44.384143 | GENERATION: 60 | ERRORS: best=5, median=32.0, diversity=0.82 | INDIVIDUALS: n=200, avg_genome_length=153.465 | VIRUSES: gene_rate=0.265
2021-12-18 11:26:54.584220 | GENERATION: 61 | ERRORS: best=5, median=32.0, diversity=0.76 | INDIVIDUALS: n=200, avg_genome_length=153.81 | VIRUSES: gene_rate=0.259
2021-12-18 11:27:04.252625 | GENERATION: 62 | ERRORS: best=5, median=32.0, diversity=0.775 | INDIVIDUALS: n=200, avg_genome_length=153.3 | VIRUSES: gene_rate=0.267
2021-12-18 11:27:13.953423 | GENERATION: 63 | ERRORS: best=5, median=32.0, diversity=0.8 | INDIVIDUALS: n=200, avg_genome_length=152.625 | VIRUSES: gene_rate=0.272
2021-12-18 11:27:24.088721 | GENERATION: 64 | ERRORS: best=6, median=32.0, diversity=0.76 | INDIVIDUALS: n=200, avg_genome_length=153.48 | VIRUSES: gene_rate=0.276
2021-12-18 11:27:34.154940 | GENERATION: 65 | ERRORS: best=4, median=32.0, diversity=0.755 | INDIVIDUALS: n=200, avg_genome_length=151.93 | VIRUSES: gene_rate=0.273
2021-12-18 11:27:44.460390 | GENERATION: 66 | ERRORS: best=4, median=32.0, diversity=0.795 | INDIVIDUALS: n=200, avg_genome_length=152.505 | VIRUSES: gene_rate=0.273
2021-12-18 11:27:54.199889 | GENERATION: 67 | ERRORS: best=3, median=32.0, diversity=0.775 | INDIVIDUALS: n=200, avg_genome_length=153.755 | VIRUSES: gene_rate=0.271
2021-12-18 11:28:04.841568 | GENERATION: 68 | ERRORS: best=3, median=32.0, diversity=0.785 | INDIVIDUALS: n=200, avg_genome_length=153.33 | VIRUSES: gene_rate=0.273
2021-12-18 11:28:15.748483 | GENERATION: 69 | ERRORS: best=3, median=32.0, diversity=0.73 | INDIVIDUALS: n=200, avg_genome_length=153.505 | VIRUSES: gene_rate=0.274
2021-12-18 11:28:26.632490 | GENERATION: 70 | ERRORS: best=3, median=32.0, diversity=0.715 | INDIVIDUALS: n=200, avg_genome_length=153.255 | VIRUSES: gene_rate=0.275
2021-12-18 11:28:37.635028 | GENERATION: 71 | ERRORS: best=3, median=32.0, diversity=0.78 | INDIVIDUALS: n=200, avg_genome_length=153.44 | VIRUSES: gene_rate=0.273
2021-12-18 11:28:48.731156 | GENERATION: 72 | ERRORS: best=3, median=30.5, diversity=0.73 | INDIVIDUALS: n=200, avg_genome_length=153.7 | VIRUSES: gene_rate=0.273
2021-12-18 11:28:58.746956 | GENERATION: 73 | ERRORS: best=3, median=32.0, diversity=0.77 | INDIVIDUALS: n=200, avg_genome_length=154.215 | VIRUSES: gene_rate=0.274
2021-12-18 11:29:09.447267 | GENERATION: 74 | ERRORS: best=3, median=32.0, diversity=0.785 | INDIVIDUALS: n=200, avg_genome_length=153.965 | VIRUSES: gene_rate=0.274
2021-12-18 11:29:19.502531 | GENERATION: 75 | ERRORS: best=3, median=32.0, diversity=0.715 | INDIVIDUALS: n=200, avg_genome_length=154.315 | VIRUSES: gene_rate=0.278
2021-12-18 11:29:29.485074 | GENERATION: 76 | ERRORS: best=3, median=32.0, diversity=0.79 | INDIVIDUALS: n=200, avg_genome_length=154.69 | VIRUSES: gene_rate=0.275
2021-12-18 11:29:39.518617 | GENERATION: 77 | ERRORS: best=3, median=31.0, diversity=0.795 | INDIVIDUALS: n=200, avg_genome_length=154.425 | VIRUSES: gene_rate=0.281
2021-12-18 11:29:49.288920 | GENERATION: 78 | ERRORS: best=2, median=32.0, diversity=0.77 | INDIVIDUALS: n=200, avg_genome_length=154.345 | VIRUSES: gene_rate=0.284
2021-12-18 11:29:58.963213 | GENERATION: 79 | ERRORS: best=2, median=32.0, diversity=0.79 | INDIVIDUALS: n=200, avg_genome_length=154.18 | VIRUSES: gene_rate=0.288
2021-12-18 11:30:08.424846 | GENERATION: 80 | ERRORS: best=2, median=32.0, diversity=0.755 | INDIVIDUALS: n=200, avg_genome_length=154.225 | VIRUSES: gene_rate=0.282
2021-12-18 11:30:17.003851 | GENERATION: 81 | ERRORS: best=2, median=32.0, diversity=0.755 | INDIVIDUALS: n=200, avg_genome_length=154.155 | VIRUSES: gene_rate=0.288
2021-12-18 11:30:24.609850 | GENERATION: 82 | ERRORS: best=2, median=32.0, diversity=0.73 | INDIVIDUALS: n=200, avg_genome_length=154.57 | VIRUSES: gene_rate=0.293
2021-12-18 11:30:32.257386 | GENERATION: 83 | ERRORS: best=2, median=32.0, diversity=0.815 | INDIVIDUALS: n=200, avg_genome_length=155.18 | VIRUSES: gene_rate=0.300
2021-12-18 11:30:40.172415 | GENERATION: 84 | ERRORS: best=2, median=32.0, diversity=0.83 | INDIVIDUALS: n=200, avg_genome_length=154.48 | VIRUSES: gene_rate=0.303
2021-12-18 11:30:47.482187 | GENERATION: 85 | ERRORS: best=2, median=31.0, diversity=0.815 | INDIVIDUALS: n=200, avg_genome_length=155.1 | VIRUSES: gene_rate=0.298
2021-12-18 11:30:55.144473 | GENERATION: 86 | ERRORS: best=2, median=32.0, diversity=0.835 | INDIVIDUALS: n=200, avg_genome_length=154.735 | VIRUSES: gene_rate=0.298
2021-12-18 11:31:01.967907 | GENERATION: 87 | ERRORS: best=2, median=31.0, diversity=0.835 | INDIVIDUALS: n=200, avg_genome_length=155.545 | VIRUSES: gene_rate=0.292
2021-12-18 11:31:08.947786 | GENERATION: 88 | ERRORS: best=1, median=31.0, diversity=0.845 | INDIVIDUALS: n=200, avg_genome_length=155.87 | VIRUSES: gene_rate=0.292
2021-12-18 11:31:15.753087 | GENERATION: 89 | ERRORS: best=1, median=32.0, diversity=0.85 | INDIVIDUALS: n=200, avg_genome_length=155.825 | VIRUSES: gene_rate=0.296
2021-12-18 11:31:23.129510 | GENERATION: 90 | ERRORS: best=1, median=32.0, diversity=0.8 | INDIVIDUALS: n=200, avg_genome_length=155.815 | VIRUSES: gene_rate=0.306
2021-12-18 11:31:30.287720 | GENERATION: 91 | ERRORS: best=1, median=32.0, diversity=0.86 | INDIVIDUALS: n=200, avg_genome_length=156.075 | VIRUSES: gene_rate=0.309
2021-12-18 11:31:37.355540 | GENERATION: 92 | ERRORS: best=1, median=31.5, diversity=0.845 | INDIVIDUALS: n=200, avg_genome_length=155.62 | VIRUSES: gene_rate=0.303
2021-12-18 11:31:44.267196 | GENERATION: 93 | ERRORS: best=1, median=33.0, diversity=0.93 | INDIVIDUALS: n=200, avg_genome_length=156.3 | VIRUSES: gene_rate=0.305
2021-12-18 11:31:51.438438 | GENERATION: 94 | ERRORS: best=1, median=32.0, diversity=0.895 | INDIVIDUALS: n=200, avg_genome_length=155.915 | VIRUSES: gene_rate=0.309
2021-12-18 11:31:58.489318 | GENERATION: 95 | ERRORS: best=1, median=32.0, diversity=0.83 | INDIVIDUALS: n=200, avg_genome_length=156.315 | VIRUSES: gene_rate=0.311
2021-12-18 11:32:05.035524 | GENERATION: 96 | ERRORS: best=1, median=32.0, diversity=0.86 | INDIVIDUALS: n=200, avg_genome_length=156.415 | VIRUSES: gene_rate=0.315
2021-12-18 11:32:12.502699 | GENERATION: 97 | ERRORS: best=1, median=32.0, diversity=0.835 | INDIVIDUALS: n=200, avg_genome_length=156.41 | VIRUSES: gene_rate=0.312
2021-12-18 11:32:19.344374 | GENERATION: 98 | ERRORS: best=1, median=32.0, diversity=0.83 | INDIVIDUALS: n=200, avg_genome_length=156.61 | VIRUSES: gene_rate=0.318
2021-12-18 11:32:26.257326 | GENERATION: 99 | ERRORS: best=1, median=32.0, diversity=0.875 | INDIVIDUALS: n=200, avg_genome_length=156.72 | VIRUSES: gene_rate=0.320
2021-12-18 11:32:33.414196 | GENERATION: 100 | ERRORS: best=1, median=32.0, diversity=0.855 | INDIVIDUALS: n=200, avg_genome_length=156.395 | VIRUSES: gene_rate=0.322
2021-12-18 11:32:40.085424 | GENERATION: 101 | ERRORS: best=1, median=31.5, diversity=0.86 | INDIVIDUALS: n=200, avg_genome_length=156.135 | VIRUSES: gene_rate=0.325
2021-12-18 11:32:47.244410 | GENERATION: 102 | ERRORS: best=1, median=32.0, diversity=0.935 | INDIVIDUALS: n=200, avg_genome_length=156.245 | VIRUSES: gene_rate=0.332
2021-12-18 11:32:54.490930 | GENERATION: 103 | ERRORS: best=1, median=32.0, diversity=0.845 | INDIVIDUALS: n=200, avg_genome_length=156.535 | VIRUSES: gene_rate=0.330
2021-12-18 11:33:01.618666 | GENERATION: 104 | ERRORS: best=1, median=32.0, diversity=0.83 | INDIVIDUALS: n=200, avg_genome_length=156.33 | VIRUSES: gene_rate=0.331
2021-12-18 11:33:08.869106 | GENERATION: 105 | ERRORS: best=1, median=32.0, diversity=0.895 | INDIVIDUALS: n=200, avg_genome_length=156.205 | VIRUSES: gene_rate=0.330
2021-12-18 11:33:16.132601 | GENERATION: 106 | ERRORS: best=1, median=32.0, diversity=0.875 | INDIVIDUALS: n=200, avg_genome_length=156.53 | VIRUSES: gene_rate=0.333
2021-12-18 11:33:23.270662 | GENERATION: 107 | ERRORS: best=1, median=32.0, diversity=0.835 | INDIVIDUALS: n=200, avg_genome_length=156.23 | VIRUSES: gene_rate=0.335
2021-12-18 11:33:29.992282 | GENERATION: 108 | ERRORS: best=1, median=31.0, diversity=0.86 | INDIVIDUALS: n=200, avg_genome_length=156.395 | VIRUSES: gene_rate=0.332
2021-12-18 11:33:36.902685 | GENERATION: 109 | ERRORS: best=1, median=32.0, diversity=0.83 | INDIVIDUALS: n=200, avg_genome_length=156.145 | VIRUSES: gene_rate=0.330
2021-12-18 11:33:43.858915 | GENERATION: 110 | ERRORS: best=1, median=32.0, diversity=0.84 | INDIVIDUALS: n=200, avg_genome_length=156.23 | VIRUSES: gene_rate=0.332
2021-12-18 11:33:50.872322 | GENERATION: 111 | ERRORS: best=1, median=32.0, diversity=0.845 | INDIVIDUALS: n=200, avg_genome_length=156.15 | VIRUSES: gene_rate=0.333
2021-12-18 11:33:57.651712 | GENERATION: 112 | ERRORS: best=1, median=31.0, diversity=0.88 | INDIVIDUALS: n=200, avg_genome_length=156.605 | VIRUSES: gene_rate=0.334
2021-12-18 11:34:04.373911 | GENERATION: 113 | ERRORS: best=1, median=31.0, diversity=0.82 | INDIVIDUALS: n=200, avg_genome_length=155.965 | VIRUSES: gene_rate=0.332
2021-12-18 11:34:11.304883 | GENERATION: 114 | ERRORS: best=1, median=31.0, diversity=0.845 | INDIVIDUALS: n=200, avg_genome_length=156.065 | VIRUSES: gene_rate=0.334
2021-12-18 11:34:18.536146 | GENERATION: 115 | ERRORS: best=1, median=32.0, diversity=0.87 | INDIVIDUALS: n=200, avg_genome_length=156.545 | VIRUSES: gene_rate=0.337
2021-12-18 11:34:25.809938 | GENERATION: 116 | ERRORS: best=1, median=32.0, diversity=0.845 | INDIVIDUALS: n=200, avg_genome_length=156.225 | VIRUSES: gene_rate=0.345
2021-12-18 11:34:33.114753 | GENERATION: 117 | ERRORS: best=1, median=32.0, diversity=0.88 | INDIVIDUALS: n=200, avg_genome_length=156.0 | VIRUSES: gene_rate=0.349
2021-12-18 11:34:40.083793 | GENERATION: 118 | ERRORS: best=1, median=32.0, diversity=0.81 | INDIVIDUALS: n=200, avg_genome_length=155.91 | VIRUSES: gene_rate=0.346
2021-12-18 11:34:47.539264 | GENERATION: 119 | ERRORS: best=1, median=31.0, diversity=0.855 | INDIVIDUALS: n=200, avg_genome_length=156.34 | VIRUSES: gene_rate=0.353
2021-12-18 11:34:55.289299 | GENERATION: 120 | ERRORS: best=1, median=33.0, diversity=0.91 | INDIVIDUALS: n=200, avg_genome_length=156.84 | VIRUSES: gene_rate=0.347
2021-12-18 11:35:03.268249 | GENERATION: 121 | ERRORS: best=1, median=32.0, diversity=0.86 | INDIVIDUALS: n=200, avg_genome_length=156.17 | VIRUSES: gene_rate=0.347
2021-12-18 11:35:10.666071 | GENERATION: 122 | ERRORS: best=1, median=32.0, diversity=0.875 | INDIVIDUALS: n=200, avg_genome_length=156.675 | VIRUSES: gene_rate=0.348
2021-12-18 11:35:18.703560 | GENERATION: 123 | ERRORS: best=1, median=32.0, diversity=0.885 | INDIVIDUALS: n=200, avg_genome_length=156.01 | VIRUSES: gene_rate=0.352
2021-12-18 11:35:26.494507 | GENERATION: 124 | ERRORS: best=1, median=31.0, diversity=0.85 | INDIVIDUALS: n=200, avg_genome_length=156.635 | VIRUSES: gene_rate=0.357
2021-12-18 11:35:34.458862 | GENERATION: 125 | ERRORS: best=1, median=31.5, diversity=0.89 | INDIVIDUALS: n=200, avg_genome_length=156.655 | VIRUSES: gene_rate=0.369
2021-12-18 11:35:43.114391 | GENERATION: 126 | ERRORS: best=1, median=32.0, diversity=0.865 | INDIVIDUALS: n=200, avg_genome_length=155.895 | VIRUSES: gene_rate=0.371
2021-12-18 11:35:51.274814 | GENERATION: 127 | ERRORS: best=1, median=32.0, diversity=0.87 | INDIVIDUALS: n=200, avg_genome_length=156.045 | VIRUSES: gene_rate=0.368
2021-12-18 11:35:59.497591 | GENERATION: 128 | ERRORS: best=1, median=32.0, diversity=0.835 | INDIVIDUALS: n=200, avg_genome_length=156.26 | VIRUSES: gene_rate=0.368
2021-12-18 11:36:07.278546 | GENERATION: 129 | ERRORS: best=1, median=29.0, diversity=0.865 | INDIVIDUALS: n=200, avg_genome_length=156.645 | VIRUSES: gene_rate=0.371
2021-12-18 11:36:15.273707 | GENERATION: 130 | ERRORS: best=1, median=32.0, diversity=0.89 | INDIVIDUALS: n=200, avg_genome_length=156.595 | VIRUSES: gene_rate=0.372
2021-12-18 11:36:23.474826 | GENERATION: 131 | ERRORS: best=1, median=32.0, diversity=0.875 | INDIVIDUALS: n=200, avg_genome_length=156.36 | VIRUSES: gene_rate=0.372
2021-12-18 11:36:31.980043 | GENERATION: 132 | ERRORS: best=1, median=32.0, diversity=0.885 | INDIVIDUALS: n=200, avg_genome_length=156.625 | VIRUSES: gene_rate=0.376
2021-12-18 11:36:40.849432 | GENERATION: 133 | ERRORS: best=1, median=33.0, diversity=0.93 | INDIVIDUALS: n=200, avg_genome_length=156.56 | VIRUSES: gene_rate=0.374
2021-12-18 11:36:49.536548 | GENERATION: 134 | ERRORS: best=1, median=32.0, diversity=0.955 | INDIVIDUALS: n=200, avg_genome_length=156.175 | VIRUSES: gene_rate=0.372
2021-12-18 11:36:57.861368 | GENERATION: 135 | ERRORS: best=1, median=30.0, diversity=0.9 | INDIVIDUALS: n=200, avg_genome_length=156.305 | VIRUSES: gene_rate=0.372
2021-12-18 11:37:05.955117 | GENERATION: 136 | ERRORS: best=1, median=29.0, diversity=0.895 | INDIVIDUALS: n=200, avg_genome_length=156.08 | VIRUSES: gene_rate=0.353
2021-12-18 11:37:15.384787 | GENERATION: 137 | ERRORS: best=1, median=32.0, diversity=0.885 | INDIVIDUALS: n=200, avg_genome_length=156.52 | VIRUSES: gene_rate=0.344
2021-12-18 11:37:24.461434 | GENERATION: 138 | ERRORS: best=1, median=32.0, diversity=0.91 | INDIVIDUALS: n=200, avg_genome_length=156.23 | VIRUSES: gene_rate=0.340
2021-12-18 11:37:33.146277 | GENERATION: 139 | ERRORS: best=1, median=32.0, diversity=0.91 | INDIVIDUALS: n=200, avg_genome_length=156.3 | VIRUSES: gene_rate=0.338
Simplifying genome of length 158 with total error 0.
Simplified genome by 1 to length 157.
Simplified genome by 2 to length 155.
Simplified genome by 2 to length 153.
Simplified genome by 1 to length 152.
Simplified genome by 1 to length 151.
Simplified genome by 2 to length 149.
Simplified genome by 1 to length 148.
Simplified genome by 3 to length 145.
Simplified genome by 2 to length 143.
Simplified genome by 1 to length 142.
Simplified genome by 1 to length 141.
Simplified genome by 1 to length 140.
Simplified genome by 1 to length 139.
Simplified genome by 1 to length 138.
Simplified genome by 1 to length 137.
Simplified genome by 1 to length 136.
Simplified genome by 1 to length 135.
Simplified genome by 1 to length 134.
Simplified genome by 1 to length 133.
Simplified genome by 3 to length 130.
Simplified genome by 1 to length 129.
Simplified genome by 1 to length 128.
Simplified genome by 1 to length 127.
Simplified genome by 3 to length 124.
Simplified genome by 1 to length 123.
Simplified genome by 1 to length 122.
Simplified genome by 1 to length 121.
Simplified genome by 1 to length 120.
Simplified genome by 1 to length 119.
Simplified genome by 2 to length 117.
Simplified genome by 1 to length 116.
Simplified genome to length 116 and total error 0.
========================================
End Run
========================================
Solution found.
Best Seen Individual
	Genome:
	 pvector([InstructionMeta(name='bool_stack_depth', code_blocks=0), VirusInstructionMeta(name='int_lt', code_blocks=0), VirusInstructionMeta(name='str_length', code_blocks=0), InstructionMeta(name='bool_stack_depth', code_blocks=0), InstructionMeta(name='int_lt', code_blocks=0), Input(input_index=1), Input(input_index=1), InstructionMeta(name='int_flush', code_blocks=0), Input(input_index=1), Closer(), InstructionMeta(name='int_flush', code_blocks=0), InstructionMeta(name='str_from_bool', code_blocks=0), InstructionMeta(name='str_swap', code_blocks=0), VirusInput(input_index=2), VirusInstructionMeta(name='str_length', code_blocks=0), Input(input_index=1), InstructionMeta(name='exec_yank_dup', code_blocks=0), InstructionMeta(name='print_exec', code_blocks=0), VirusInput(input_index=0), VirusInstructionMeta(name='str_length', code_blocks=0), VirusInstructionMeta(name='bool_and', code_blocks=0), VirusInput(input_index=0), VirusInstructionMeta(name='str_length', code_blocks=0), InstructionMeta(name='exec_yank', code_blocks=0), VirusInput(input_index=0), InstructionMeta(name='bool_stack_depth', code_blocks=0), InstructionMeta(name='exec_yank', code_blocks=0), VirusInput(input_index=0), VirusInstructionMeta(name='str_length', code_blocks=0), VirusInstructionMeta(name='int_lt', code_blocks=0), InstructionMeta(name='int_flush', code_blocks=0), VirusInput(input_index=2), VirusInstructionMeta(name='str_length', code_blocks=0), VirusInstructionMeta(name='str_length', code_blocks=0), InstructionMeta(name='bool_stack_depth', code_blocks=0), InstructionMeta(name='exec_yank', code_blocks=0), InstructionMeta(name='int_swap', code_blocks=0), InstructionMeta(name='int_lt', code_blocks=0), InstructionMeta(name='str_from_bool', code_blocks=0), InstructionMeta(name='str_swap', code_blocks=0), InstructionMeta(name='str_swap', code_blocks=0), VirusInput(input_index=2), VirusInstructionMeta(name='str_length', code_blocks=0), InstructionMeta(name='exec_do_range', code_blocks=1), VirusInstructionMeta(name='int_lt', code_blocks=0), InstructionMeta(name='println_int', code_blocks=0), InstructionMeta(name='exec_do_range', code_blocks=1), VirusInput(input_index=2), VirusInstructionMeta(name='bool_and', code_blocks=0), InstructionMeta(name='int_lt', code_blocks=0), InstructionMeta(name='str_swap', code_blocks=0), Input(input_index=2), InstructionMeta(name='bool_stack_depth', code_blocks=0), InstructionMeta(name='int_swap', code_blocks=0), VirusInput(input_index=2), VirusInstructionMeta(name='str_length', code_blocks=0), Literal(value=True, push_type=<pyshgp.push.types.PushBoolType object at 0x7fc497bd0e50>), Closer(), InstructionMeta(name='str_replace_first_str', code_blocks=0), InstructionMeta(name='str_drop', code_blocks=0), InstructionMeta(name='exec_do_range', code_blocks=1), InstructionMeta(name='str_remove_all_str', code_blocks=0), InstructionMeta(name='exec_yank', code_blocks=0), InstructionMeta(name='str_shove', code_blocks=0), Input(input_index=1), Closer(), InstructionMeta(name='print_exec', code_blocks=0), VirusInput(input_index=1), VirusInstructionMeta(name='str_length', code_blocks=0), VirusInstructionMeta(name='bool_and', code_blocks=0), InstructionMeta(name='int_dup', code_blocks=0), Closer(), InstructionMeta(name='bool_from_int', code_blocks=0), VirusInput(input_index=1), VirusInstructionMeta(name='str_length', code_blocks=0), InstructionMeta(name='str_reverse', code_blocks=0), VirusInstructionMeta(name='str_length', code_blocks=0), InstructionMeta(name='str_from_last_char', code_blocks=0), InstructionMeta(name='exec_yank', code_blocks=0), InstructionMeta(name='str_head', code_blocks=0), InstructionMeta(name='str_pop', code_blocks=0), VirusInstructionMeta(name='int_lt', code_blocks=0), VirusInput(input_index=0), VirusInstructionMeta(name='str_length', code_blocks=0), VirusInput(input_index=0), VirusInstructionMeta(name='str_length', code_blocks=0), VirusInput(input_index=1), VirusInstructionMeta(name='str_length', code_blocks=0), InstructionMeta(name='bool_yank', code_blocks=0), InstructionMeta(name='str_concat', code_blocks=0), InstructionMeta(name='str_remove_all_str', code_blocks=0), Input(input_index=1), InstructionMeta(name='bool_yank_dup', code_blocks=0), InstructionMeta(name='str_index_of_str', code_blocks=0), VirusInput(input_index=0), VirusInstructionMeta(name='str_length', code_blocks=0), Closer(), InstructionMeta(name='int_inc', code_blocks=0), VirusInstructionMeta(name='str_length', code_blocks=0), VirusInstructionMeta(name='int_lt', code_blocks=0), InstructionMeta(name='bool_swap', code_blocks=0), InstructionMeta(name='int_lt', code_blocks=0), InstructionMeta(name='bool_is_empty', code_blocks=0), InstructionMeta(name='str_shove', code_blocks=0), Input(input_index=1), InstructionMeta(name='print_exec', code_blocks=0), VirusInput(input_index=1), VirusInstructionMeta(name='str_length', code_blocks=0), VirusInstructionMeta(name='str_length', code_blocks=0), VirusInstructionMeta(name='int_lt', code_blocks=0), InstructionMeta(name='str_insert_str', code_blocks=0), InstructionMeta(name='exec_do_range', code_blocks=1), VirusInstructionMeta(name='int_lt', code_blocks=0), VirusInput(input_index=0), VirusInstructionMeta(name='str_length', code_blocks=0), Closer()])
	Program:
	 (bool_stack_depth vint_lt vstr_length bool_stack_depth int_lt input_1 input_1 int_flush input_1 int_flush str_from_bool str_swap vinput_2 vstr_length input_1 exec_yank_dup print_exec vinput_0 vstr_length vbool_and vinput_0 vstr_length exec_yank vinput_0 bool_stack_depth exec_yank vinput_0 vstr_length vint_lt int_flush vinput_2 vstr_length vstr_length bool_stack_depth exec_yank int_swap int_lt str_from_bool str_swap str_swap vinput_2 vstr_length exec_do_range (vint_lt println_int exec_do_range (vinput_2 vbool_and int_lt str_swap input_2 bool_stack_depth int_swap vinput_2 vstr_length True) str_replace_first_str str_drop exec_do_range (str_remove_all_str exec_yank str_shove input_1) print_exec vinput_1 vstr_length vbool_and int_dup) bool_from_int vinput_1 vstr_length str_reverse vstr_length str_from_last_char exec_yank str_head str_pop vint_lt vinput_0 vstr_length vinput_0 vstr_length vinput_1 vstr_length bool_yank str_concat str_remove_all_str input_1 bool_yank_dup str_index_of_str vinput_0 vstr_length int_inc vstr_length vint_lt bool_swap int_lt bool_is_empty str_shove input_1 print_exec vinput_1 vstr_length vstr_length vint_lt str_insert_str exec_do_range (vint_lt vinput_0 vstr_length))
	Error vector:
	 [0 0 0 0 0 0 0 0 0 0 0 0 0 0 0 0 0 0 0 0 0 0 0 0 0 0 0 0 0 0 0 0 0 0 0 0 0
 0 0 0 0 0 0 0 0 0 0 0 0 0 0 0 0 0 0 0 0 0 0 0 0 0 0 0 0 0 0 0 0 0 0 0 0 0
 0 0 0 0 0 0 0 0 0 0 0 0 0 0 0 0 0 0 0 0 0 0 0 0 0 0]
	Total error:
	 0
	Test error:
	 196
	Time:
	 00:21:22
