Included 22 edge cases.
Included 78 random cases.
Included 100 cases in total.
Finished formatting.
Included 0 edge cases.
Included 1000 random cases.
Included 1000 cases in total.
Finished formatting.
========================================
Setup
========================================
Search Configuration:
signature: ProgramSignature(output_stacks=['bool'], arity=3, push_config=PushConfig(numeric_magnitude_limit=1000000000000.0, collection_size_cap=1000, step_limit=600, growth_cap=500, runtime_limit=10))
evaluator: <pyshgp.gp.evaluation.DatasetEvaluator object at 0x7f34e24434f0>
spawner: <pyshgp.gp.genome.GeneSpawner object at 0x7f34e24436a0>
population_size: 200
max_generations: 300
error_threshold: 0.0
initial_genome_size: (40, 200)
simplification_steps: 500
parallel_context: <pyshgp.gp.search.ParallelContext object at 0x7f34e24432e0>
selection: <pyshgp.utils.DiscreteProbDistrib object at 0x7f34d6a3d700>
variation: <pyshgp.utils.DiscreteProbDistrib object at 0x7f34e379f800>
Instructions:
int_add, int_sub, int_mult, int_div, int_mod, int_min, int_max, int_inc, int_dec, int_lt, int_lte, int_gt, int_gte, int_from_bool, str_concat, str_insert_str, str_from_first_char, str_from_last_char, str_from_nth_char, str_contains_str, str_index_of_str, str_split_on_str, str_replace_first_str, str_replace_n_str, str_replace_all_str, str_remove_first_str, str_remove_n_str, str_remove_all_str, str_occurrences_of_str, str_reverse, str_head, str_tail, str_rest, str_but_last, str_drop, str_but_last_n, str_length, str_make_empty, str_is_empty_string, str_remove_nth, str_strip_whitespace, str_from_bool, str_from_int, bool_and, bool_or, bool_not, bool_xor, bool_invert_first_then_and, bool_second_first_then_and, bool_from_int, noop, noop_open, exec_do_range, exec_do_count, exec_while, exec_do_while, exec_if, exec_when, print_bool, println_bool, print_int, println_int, print_str, println_str, print_exec, println_exec, bool_pop, bool_dup, bool_dup_times, bool_swap, bool_rot, bool_flush, bool_eq, bool_stack_depth, bool_yank, bool_yank_dup, bool_shove, bool_shove_dup, bool_is_empty, int_pop, int_dup, int_dup_times, int_swap, int_rot, int_flush, int_eq, int_stack_depth, int_yank, int_yank_dup, int_shove, int_shove_dup, int_is_empty, str_pop, str_dup, str_dup_times, str_swap, str_rot, str_flush, str_eq, str_stack_depth, str_yank, str_yank_dup, str_shove, str_shove_dup, str_is_empty, exec_pop, exec_dup, exec_dup_times, exec_swap, exec_rot, exec_flush, exec_eq, exec_stack_depth, exec_yank, exec_yank_dup, exec_shove, exec_shove_dup, exec_is_empty
Literals:
[]
ERC Generators:
[<function rand_bool at 0x7f34d6d331f0>]
========================================
Start Run
========================================
2021-12-19 14:56:42.717997 | GENERATION: 1 | ERRORS: best=25, median=2000071.0, diversity=0.03 | INDIVIDUALS: n=200, avg_genome_length=120.59 | VIRUSES: gene_rate=0.000
2021-12-19 14:56:46.432205 | GENERATION: 2 | ERRORS: best=25, median=25.0, diversity=0.075 | INDIVIDUALS: n=200, avg_genome_length=136.125 | VIRUSES: gene_rate=0.000
2021-12-19 14:56:50.753787 | GENERATION: 3 | ERRORS: best=25, median=25.0, diversity=0.16 | INDIVIDUALS: n=200, avg_genome_length=149.39 | VIRUSES: gene_rate=0.000
2021-12-19 14:56:55.677385 | GENERATION: 4 | ERRORS: best=24, median=37.5, diversity=0.29 | INDIVIDUALS: n=200, avg_genome_length=167.375 | VIRUSES: gene_rate=0.000
2021-12-19 14:57:01.121980 | GENERATION: 5 | ERRORS: best=24, median=31.5, diversity=0.37 | INDIVIDUALS: n=200, avg_genome_length=176.26 | VIRUSES: gene_rate=0.000
2021-12-19 14:57:07.375464 | GENERATION: 6 | ERRORS: best=21, median=27.0, diversity=0.48 | INDIVIDUALS: n=200, avg_genome_length=175.775 | VIRUSES: gene_rate=0.000
2021-12-19 14:57:13.412179 | GENERATION: 7 | ERRORS: best=21, median=27.5, diversity=0.505 | INDIVIDUALS: n=200, avg_genome_length=175.075 | VIRUSES: gene_rate=0.000
2021-12-19 14:57:20.528503 | GENERATION: 8 | ERRORS: best=21, median=29.0, diversity=0.545 | INDIVIDUALS: n=200, avg_genome_length=174.375 | VIRUSES: gene_rate=0.000
2021-12-19 14:57:27.784078 | GENERATION: 9 | ERRORS: best=20, median=29.0, diversity=0.535 | INDIVIDUALS: n=200, avg_genome_length=174.045 | VIRUSES: gene_rate=0.000
2021-12-19 14:57:34.530411 | GENERATION: 10 | ERRORS: best=20, median=29.0, diversity=0.575 | INDIVIDUALS: n=200, avg_genome_length=171.055 | VIRUSES: gene_rate=0.000
2021-12-19 14:57:41.375197 | GENERATION: 11 | ERRORS: best=20, median=29.0, diversity=0.585 | INDIVIDUALS: n=200, avg_genome_length=171.695 | VIRUSES: gene_rate=0.000
2021-12-19 14:57:47.984145 | GENERATION: 12 | ERRORS: best=19, median=31.0, diversity=0.58 | INDIVIDUALS: n=200, avg_genome_length=169.305 | VIRUSES: gene_rate=0.000
2021-12-19 14:57:56.421881 | GENERATION: 13 | ERRORS: best=19, median=30.5, diversity=0.65 | INDIVIDUALS: n=200, avg_genome_length=171.775 | VIRUSES: gene_rate=0.000
2021-12-19 14:58:04.641599 | GENERATION: 14 | ERRORS: best=19, median=35.0, diversity=0.68 | INDIVIDUALS: n=200, avg_genome_length=168.13 | VIRUSES: gene_rate=0.000
2021-12-19 14:58:13.419508 | GENERATION: 15 | ERRORS: best=19, median=55.0, diversity=0.7 | INDIVIDUALS: n=200, avg_genome_length=168.295 | VIRUSES: gene_rate=0.000
2021-12-19 14:58:22.412072 | GENERATION: 16 | ERRORS: best=19, median=33.5, diversity=0.69 | INDIVIDUALS: n=200, avg_genome_length=168.405 | VIRUSES: gene_rate=0.000
2021-12-19 14:58:31.801939 | GENERATION: 17 | ERRORS: best=19, median=39.0, diversity=0.675 | INDIVIDUALS: n=200, avg_genome_length=168.445 | VIRUSES: gene_rate=0.000
2021-12-19 14:58:41.945967 | GENERATION: 18 | ERRORS: best=19, median=47.0, diversity=0.68 | INDIVIDUALS: n=200, avg_genome_length=169.78 | VIRUSES: gene_rate=0.000
2021-12-19 14:58:52.005076 | GENERATION: 19 | ERRORS: best=19, median=45.0, diversity=0.64 | INDIVIDUALS: n=200, avg_genome_length=170.875 | VIRUSES: gene_rate=0.000
2021-12-19 14:59:01.238484 | GENERATION: 20 | ERRORS: best=19, median=54.0, diversity=0.7 | INDIVIDUALS: n=200, avg_genome_length=170.53 | VIRUSES: gene_rate=0.000
2021-12-19 14:59:11.036046 | GENERATION: 21 | ERRORS: best=19, median=43.5, diversity=0.685 | INDIVIDUALS: n=200, avg_genome_length=172.89 | VIRUSES: gene_rate=0.000
2021-12-19 14:59:20.745565 | GENERATION: 22 | ERRORS: best=19, median=38.5, diversity=0.74 | INDIVIDUALS: n=200, avg_genome_length=175.06 | VIRUSES: gene_rate=0.000
2021-12-19 14:59:30.373753 | GENERATION: 23 | ERRORS: best=19, median=60.0, diversity=0.77 | INDIVIDUALS: n=200, avg_genome_length=175.49 | VIRUSES: gene_rate=0.000
2021-12-19 14:59:38.746028 | GENERATION: 24 | ERRORS: best=19, median=58.5, diversity=0.715 | INDIVIDUALS: n=200, avg_genome_length=173.97 | VIRUSES: gene_rate=0.000
2021-12-19 14:59:48.351612 | GENERATION: 25 | ERRORS: best=19, median=39.0, diversity=0.73 | INDIVIDUALS: n=200, avg_genome_length=172.87 | VIRUSES: gene_rate=0.000
2021-12-19 14:59:56.747263 | GENERATION: 26 | ERRORS: best=19, median=46.5, diversity=0.655 | INDIVIDUALS: n=200, avg_genome_length=170.75 | VIRUSES: gene_rate=0.000
2021-12-19 15:00:04.429626 | GENERATION: 27 | ERRORS: best=19, median=39.5, diversity=0.655 | INDIVIDUALS: n=200, avg_genome_length=171.08 | VIRUSES: gene_rate=0.000
2021-12-19 15:00:13.402796 | GENERATION: 28 | ERRORS: best=20, median=66.0, diversity=0.675 | INDIVIDUALS: n=200, avg_genome_length=168.065 | VIRUSES: gene_rate=0.000
2021-12-19 15:00:22.906991 | GENERATION: 29 | ERRORS: best=21, median=56.0, diversity=0.675 | INDIVIDUALS: n=200, avg_genome_length=170.56 | VIRUSES: gene_rate=0.000
2021-12-19 15:00:31.696539 | GENERATION: 30 | ERRORS: best=20, median=74.0, diversity=0.65 | INDIVIDUALS: n=200, avg_genome_length=170.71 | VIRUSES: gene_rate=0.000
2021-12-19 15:00:41.734741 | GENERATION: 31 | ERRORS: best=19, median=63.0, diversity=0.665 | INDIVIDUALS: n=200, avg_genome_length=169.805 | VIRUSES: gene_rate=0.000
2021-12-19 15:00:50.803632 | GENERATION: 32 | ERRORS: best=18, median=44.5, diversity=0.665 | INDIVIDUALS: n=200, avg_genome_length=169.63 | VIRUSES: gene_rate=0.000
2021-12-19 15:01:00.852649 | GENERATION: 33 | ERRORS: best=18, median=32.0, diversity=0.705 | INDIVIDUALS: n=200, avg_genome_length=169.03 | VIRUSES: gene_rate=0.000
2021-12-19 15:01:10.763794 | GENERATION: 34 | ERRORS: best=18, median=31.0, diversity=0.695 | INDIVIDUALS: n=200, avg_genome_length=165.87 | VIRUSES: gene_rate=0.000
2021-12-19 15:01:19.826124 | GENERATION: 35 | ERRORS: best=18, median=36.0, diversity=0.68 | INDIVIDUALS: n=200, avg_genome_length=164.875 | VIRUSES: gene_rate=0.000
2021-12-19 15:01:29.525881 | GENERATION: 36 | ERRORS: best=18, median=34.5, diversity=0.7 | INDIVIDUALS: n=200, avg_genome_length=163.395 | VIRUSES: gene_rate=0.000
2021-12-19 15:01:38.023729 | GENERATION: 37 | ERRORS: best=18, median=31.5, diversity=0.675 | INDIVIDUALS: n=200, avg_genome_length=164.03 | VIRUSES: gene_rate=0.000
2021-12-19 15:01:46.973585 | GENERATION: 38 | ERRORS: best=17, median=27.0, diversity=0.61 | INDIVIDUALS: n=200, avg_genome_length=162.42 | VIRUSES: gene_rate=0.000
2021-12-19 15:01:55.783663 | GENERATION: 39 | ERRORS: best=17, median=31.0, diversity=0.715 | INDIVIDUALS: n=200, avg_genome_length=161.885 | VIRUSES: gene_rate=0.000
2021-12-19 15:02:04.142907 | GENERATION: 40 | ERRORS: best=16, median=30.0, diversity=0.7 | INDIVIDUALS: n=200, avg_genome_length=159.215 | VIRUSES: gene_rate=0.000
2021-12-19 15:02:12.512706 | GENERATION: 41 | ERRORS: best=16, median=28.0, diversity=0.66 | INDIVIDUALS: n=200, avg_genome_length=157.34 | VIRUSES: gene_rate=0.000
2021-12-19 15:02:20.399265 | GENERATION: 42 | ERRORS: best=16, median=27.0, diversity=0.695 | INDIVIDUALS: n=200, avg_genome_length=156.695 | VIRUSES: gene_rate=0.000
2021-12-19 15:02:28.284371 | GENERATION: 43 | ERRORS: best=16, median=27.0, diversity=0.63 | INDIVIDUALS: n=200, avg_genome_length=155.03 | VIRUSES: gene_rate=0.000
2021-12-19 15:02:36.365920 | GENERATION: 44 | ERRORS: best=16, median=27.0, diversity=0.65 | INDIVIDUALS: n=200, avg_genome_length=154.675 | VIRUSES: gene_rate=0.000
2021-12-19 15:02:43.982219 | GENERATION: 45 | ERRORS: best=16, median=27.0, diversity=0.7 | INDIVIDUALS: n=200, avg_genome_length=153.87 | VIRUSES: gene_rate=0.000
2021-12-19 15:02:51.743331 | GENERATION: 46 | ERRORS: best=16, median=25.0, diversity=0.605 | INDIVIDUALS: n=200, avg_genome_length=153.24 | VIRUSES: gene_rate=0.000
2021-12-19 15:03:00.882059 | GENERATION: 47 | ERRORS: best=16, median=25.5, diversity=0.6 | INDIVIDUALS: n=200, avg_genome_length=154.015 | VIRUSES: gene_rate=0.000
2021-12-19 15:03:09.302871 | GENERATION: 48 | ERRORS: best=16, median=26.0, diversity=0.665 | INDIVIDUALS: n=200, avg_genome_length=152.865 | VIRUSES: gene_rate=0.000
2021-12-19 15:03:18.336320 | GENERATION: 49 | ERRORS: best=15, median=25.0, diversity=0.57 | INDIVIDUALS: n=200, avg_genome_length=152.225 | VIRUSES: gene_rate=0.000
2021-12-19 15:03:27.202739 | GENERATION: 50 | ERRORS: best=14, median=25.0, diversity=0.645 | INDIVIDUALS: n=200, avg_genome_length=151.74 | VIRUSES: gene_rate=0.000
2021-12-19 15:03:36.661309 | GENERATION: 51 | ERRORS: best=14, median=25.0, diversity=0.605 | INDIVIDUALS: n=200, avg_genome_length=153.36 | VIRUSES: gene_rate=0.000
2021-12-19 15:03:48.090822 | GENERATION: 52 | ERRORS: best=14, median=25.0, diversity=0.685 | INDIVIDUALS: n=200, avg_genome_length=150.56 | VIRUSES: gene_rate=0.000
2021-12-19 15:04:00.505037 | GENERATION: 53 | ERRORS: best=14, median=25.0, diversity=0.65 | INDIVIDUALS: n=200, avg_genome_length=151.11 | VIRUSES: gene_rate=0.000
2021-12-19 15:04:13.588141 | GENERATION: 54 | ERRORS: best=14, median=25.0, diversity=0.705 | INDIVIDUALS: n=200, avg_genome_length=150.525 | VIRUSES: gene_rate=0.000
2021-12-19 15:04:27.523834 | GENERATION: 55 | ERRORS: best=14, median=25.0, diversity=0.655 | INDIVIDUALS: n=200, avg_genome_length=150.07 | VIRUSES: gene_rate=0.000
2021-12-19 15:04:40.767987 | GENERATION: 56 | ERRORS: best=14, median=28.0, diversity=0.71 | INDIVIDUALS: n=200, avg_genome_length=149.29 | VIRUSES: gene_rate=0.000
2021-12-19 15:04:53.806375 | GENERATION: 57 | ERRORS: best=14, median=25.0, diversity=0.685 | INDIVIDUALS: n=200, avg_genome_length=147.625 | VIRUSES: gene_rate=0.000
2021-12-19 15:05:06.531699 | GENERATION: 58 | ERRORS: best=14, median=25.0, diversity=0.655 | INDIVIDUALS: n=200, avg_genome_length=147.405 | VIRUSES: gene_rate=0.000
2021-12-19 15:05:18.029006 | GENERATION: 59 | ERRORS: best=12, median=25.0, diversity=0.69 | INDIVIDUALS: n=200, avg_genome_length=150.635 | VIRUSES: gene_rate=0.000
2021-12-19 15:05:29.624726 | GENERATION: 60 | ERRORS: best=12, median=25.0, diversity=0.68 | INDIVIDUALS: n=200, avg_genome_length=147.335 | VIRUSES: gene_rate=0.000
2021-12-19 15:05:40.636717 | GENERATION: 61 | ERRORS: best=12, median=25.0, diversity=0.7 | INDIVIDUALS: n=200, avg_genome_length=148.27 | VIRUSES: gene_rate=0.000
2021-12-19 15:05:51.527988 | GENERATION: 62 | ERRORS: best=12, median=25.0, diversity=0.675 | INDIVIDUALS: n=200, avg_genome_length=148.635 | VIRUSES: gene_rate=0.000
2021-12-19 15:06:04.091312 | GENERATION: 63 | ERRORS: best=12, median=25.0, diversity=0.665 | INDIVIDUALS: n=200, avg_genome_length=146.74 | VIRUSES: gene_rate=0.000
2021-12-19 15:06:17.895446 | GENERATION: 64 | ERRORS: best=12, median=25.0, diversity=0.66 | INDIVIDUALS: n=200, avg_genome_length=144.21 | VIRUSES: gene_rate=0.000
2021-12-19 15:06:30.760400 | GENERATION: 65 | ERRORS: best=12, median=25.0, diversity=0.675 | INDIVIDUALS: n=200, avg_genome_length=146.44 | VIRUSES: gene_rate=0.000
2021-12-19 15:06:44.618814 | GENERATION: 66 | ERRORS: best=12, median=25.0, diversity=0.72 | INDIVIDUALS: n=200, avg_genome_length=143.425 | VIRUSES: gene_rate=0.000
2021-12-19 15:06:58.403821 | GENERATION: 67 | ERRORS: best=12, median=25.0, diversity=0.7 | INDIVIDUALS: n=200, avg_genome_length=144.7 | VIRUSES: gene_rate=0.000
2021-12-19 15:07:12.264034 | GENERATION: 68 | ERRORS: best=12, median=25.0, diversity=0.665 | INDIVIDUALS: n=200, avg_genome_length=142.73 | VIRUSES: gene_rate=0.000
2021-12-19 15:07:25.845030 | GENERATION: 69 | ERRORS: best=12, median=25.0, diversity=0.705 | INDIVIDUALS: n=200, avg_genome_length=144.95 | VIRUSES: gene_rate=0.000
2021-12-19 15:07:38.238471 | GENERATION: 70 | ERRORS: best=12, median=25.0, diversity=0.63 | INDIVIDUALS: n=200, avg_genome_length=142.34 | VIRUSES: gene_rate=0.000
2021-12-19 15:07:49.431374 | GENERATION: 71 | ERRORS: best=12, median=25.0, diversity=0.7 | INDIVIDUALS: n=200, avg_genome_length=142.415 | VIRUSES: gene_rate=0.000
2021-12-19 15:08:00.650721 | GENERATION: 72 | ERRORS: best=12, median=25.0, diversity=0.65 | INDIVIDUALS: n=200, avg_genome_length=135.955 | VIRUSES: gene_rate=0.000
2021-12-19 15:08:10.585841 | GENERATION: 73 | ERRORS: best=12, median=25.0, diversity=0.655 | INDIVIDUALS: n=200, avg_genome_length=138.9 | VIRUSES: gene_rate=0.000
2021-12-19 15:08:19.899421 | GENERATION: 74 | ERRORS: best=12, median=25.0, diversity=0.71 | INDIVIDUALS: n=200, avg_genome_length=138.235 | VIRUSES: gene_rate=0.000
2021-12-19 15:08:29.118953 | GENERATION: 75 | ERRORS: best=12, median=25.0, diversity=0.695 | INDIVIDUALS: n=200, avg_genome_length=138.11 | VIRUSES: gene_rate=0.000
2021-12-19 15:08:38.599812 | GENERATION: 76 | ERRORS: best=12, median=25.0, diversity=0.68 | INDIVIDUALS: n=200, avg_genome_length=136.485 | VIRUSES: gene_rate=0.000
2021-12-19 15:08:48.341350 | GENERATION: 77 | ERRORS: best=12, median=25.0, diversity=0.66 | INDIVIDUALS: n=200, avg_genome_length=135.77 | VIRUSES: gene_rate=0.000
2021-12-19 15:08:57.113011 | GENERATION: 78 | ERRORS: best=12, median=25.0, diversity=0.665 | INDIVIDUALS: n=200, avg_genome_length=135.495 | VIRUSES: gene_rate=0.000
2021-12-19 15:09:05.977827 | GENERATION: 79 | ERRORS: best=12, median=25.0, diversity=0.67 | INDIVIDUALS: n=200, avg_genome_length=136.54 | VIRUSES: gene_rate=0.000
2021-12-19 15:09:14.464241 | GENERATION: 80 | ERRORS: best=11, median=25.0, diversity=0.59 | INDIVIDUALS: n=200, avg_genome_length=134.84 | VIRUSES: gene_rate=0.000
2021-12-19 15:09:22.887425 | GENERATION: 81 | ERRORS: best=11, median=25.0, diversity=0.68 | INDIVIDUALS: n=200, avg_genome_length=136.46 | VIRUSES: gene_rate=0.000
2021-12-19 15:09:31.830161 | GENERATION: 82 | ERRORS: best=10, median=25.0, diversity=0.69 | INDIVIDUALS: n=200, avg_genome_length=136.53 | VIRUSES: gene_rate=0.000
2021-12-19 15:09:41.239682 | GENERATION: 83 | ERRORS: best=10, median=26.5, diversity=0.735 | INDIVIDUALS: n=200, avg_genome_length=135.865 | VIRUSES: gene_rate=0.000
2021-12-19 15:09:49.501650 | GENERATION: 84 | ERRORS: best=10, median=25.0, diversity=0.675 | INDIVIDUALS: n=200, avg_genome_length=134.24 | VIRUSES: gene_rate=0.000
2021-12-19 15:09:57.208074 | GENERATION: 85 | ERRORS: best=9, median=27.0, diversity=0.695 | INDIVIDUALS: n=200, avg_genome_length=132.125 | VIRUSES: gene_rate=0.000
2021-12-19 15:10:05.927036 | GENERATION: 86 | ERRORS: best=9, median=27.0, diversity=0.67 | INDIVIDUALS: n=200, avg_genome_length=133.9 | VIRUSES: gene_rate=0.000
2021-12-19 15:10:14.767901 | GENERATION: 87 | ERRORS: best=9, median=25.0, diversity=0.67 | INDIVIDUALS: n=200, avg_genome_length=132.315 | VIRUSES: gene_rate=0.000
2021-12-19 15:10:23.915913 | GENERATION: 88 | ERRORS: best=9, median=26.0, diversity=0.72 | INDIVIDUALS: n=200, avg_genome_length=130.795 | VIRUSES: gene_rate=0.000
2021-12-19 15:10:31.743920 | GENERATION: 89 | ERRORS: best=9, median=25.0, diversity=0.7 | INDIVIDUALS: n=200, avg_genome_length=131.615 | VIRUSES: gene_rate=0.000
2021-12-19 15:10:39.544472 | GENERATION: 90 | ERRORS: best=9, median=25.0, diversity=0.715 | INDIVIDUALS: n=200, avg_genome_length=130.15 | VIRUSES: gene_rate=0.000
2021-12-19 15:10:46.985159 | GENERATION: 91 | ERRORS: best=9, median=27.0, diversity=0.675 | INDIVIDUALS: n=200, avg_genome_length=130.36 | VIRUSES: gene_rate=0.000
2021-12-19 15:10:55.461662 | GENERATION: 92 | ERRORS: best=9, median=31.0, diversity=0.74 | INDIVIDUALS: n=200, avg_genome_length=130.615 | VIRUSES: gene_rate=0.000
2021-12-19 15:11:04.032792 | GENERATION: 93 | ERRORS: best=9, median=26.0, diversity=0.695 | INDIVIDUALS: n=200, avg_genome_length=131.265 | VIRUSES: gene_rate=0.000
2021-12-19 15:11:11.934951 | GENERATION: 94 | ERRORS: best=9, median=25.0, diversity=0.61 | INDIVIDUALS: n=200, avg_genome_length=129.615 | VIRUSES: gene_rate=0.000
2021-12-19 15:11:19.460890 | GENERATION: 95 | ERRORS: best=9, median=25.0, diversity=0.675 | INDIVIDUALS: n=200, avg_genome_length=129.075 | VIRUSES: gene_rate=0.000
2021-12-19 15:11:26.732140 | GENERATION: 96 | ERRORS: best=9, median=25.0, diversity=0.66 | INDIVIDUALS: n=200, avg_genome_length=129.125 | VIRUSES: gene_rate=0.000
2021-12-19 15:11:34.389856 | GENERATION: 97 | ERRORS: best=9, median=25.5, diversity=0.715 | INDIVIDUALS: n=200, avg_genome_length=128.175 | VIRUSES: gene_rate=0.000
2021-12-19 15:11:41.979323 | GENERATION: 98 | ERRORS: best=9, median=25.0, diversity=0.665 | INDIVIDUALS: n=200, avg_genome_length=131.475 | VIRUSES: gene_rate=0.000
2021-12-19 15:11:50.840037 | GENERATION: 99 | ERRORS: best=9, median=26.0, diversity=0.635 | INDIVIDUALS: n=200, avg_genome_length=132.885 | VIRUSES: gene_rate=0.000
2021-12-19 15:11:59.149576 | GENERATION: 100 | ERRORS: best=9, median=25.5, diversity=0.68 | INDIVIDUALS: n=200, avg_genome_length=131.02 | VIRUSES: gene_rate=0.000
2021-12-19 15:12:07.037804 | GENERATION: 101 | ERRORS: best=9, median=25.0, diversity=0.69 | INDIVIDUALS: n=200, avg_genome_length=131.51 | VIRUSES: gene_rate=0.000
2021-12-19 15:12:15.129724 | GENERATION: 102 | ERRORS: best=9, median=25.0, diversity=0.625 | INDIVIDUALS: n=200, avg_genome_length=130.8 | VIRUSES: gene_rate=0.000
2021-12-19 15:12:23.294005 | GENERATION: 103 | ERRORS: best=9, median=25.0, diversity=0.645 | INDIVIDUALS: n=200, avg_genome_length=130.335 | VIRUSES: gene_rate=0.000
2021-12-19 15:12:30.676974 | GENERATION: 104 | ERRORS: best=9, median=26.0, diversity=0.68 | INDIVIDUALS: n=200, avg_genome_length=129.11 | VIRUSES: gene_rate=0.000
2021-12-19 15:12:38.397088 | GENERATION: 105 | ERRORS: best=9, median=26.0, diversity=0.675 | INDIVIDUALS: n=200, avg_genome_length=129.045 | VIRUSES: gene_rate=0.000
2021-12-19 15:12:45.972243 | GENERATION: 106 | ERRORS: best=9, median=25.0, diversity=0.63 | INDIVIDUALS: n=200, avg_genome_length=130.315 | VIRUSES: gene_rate=0.000
2021-12-19 15:12:53.877473 | GENERATION: 107 | ERRORS: best=9, median=25.0, diversity=0.665 | INDIVIDUALS: n=200, avg_genome_length=128.505 | VIRUSES: gene_rate=0.000
2021-12-19 15:13:02.222729 | GENERATION: 108 | ERRORS: best=9, median=26.0, diversity=0.71 | INDIVIDUALS: n=200, avg_genome_length=127.73 | VIRUSES: gene_rate=0.000
2021-12-19 15:13:11.154265 | GENERATION: 109 | ERRORS: best=9, median=25.0, diversity=0.705 | INDIVIDUALS: n=200, avg_genome_length=131.29 | VIRUSES: gene_rate=0.000
2021-12-19 15:13:19.059423 | GENERATION: 110 | ERRORS: best=9, median=25.0, diversity=0.615 | INDIVIDUALS: n=200, avg_genome_length=129.535 | VIRUSES: gene_rate=0.000
2021-12-19 15:13:26.535209 | GENERATION: 111 | ERRORS: best=9, median=25.0, diversity=0.65 | INDIVIDUALS: n=200, avg_genome_length=129.465 | VIRUSES: gene_rate=0.000
2021-12-19 15:13:34.764291 | GENERATION: 112 | ERRORS: best=9, median=25.0, diversity=0.62 | INDIVIDUALS: n=200, avg_genome_length=127.74 | VIRUSES: gene_rate=0.000
2021-12-19 15:13:42.800410 | GENERATION: 113 | ERRORS: best=9, median=25.0, diversity=0.605 | INDIVIDUALS: n=200, avg_genome_length=129.16 | VIRUSES: gene_rate=0.000
2021-12-19 15:13:50.774567 | GENERATION: 114 | ERRORS: best=9, median=29.0, diversity=0.745 | INDIVIDUALS: n=200, avg_genome_length=129.305 | VIRUSES: gene_rate=0.000
2021-12-19 15:13:58.768285 | GENERATION: 115 | ERRORS: best=9, median=25.0, diversity=0.655 | INDIVIDUALS: n=200, avg_genome_length=130.73 | VIRUSES: gene_rate=0.000
2021-12-19 15:14:07.074482 | GENERATION: 116 | ERRORS: best=9, median=32.5, diversity=0.695 | INDIVIDUALS: n=200, avg_genome_length=130.27 | VIRUSES: gene_rate=0.000
2021-12-19 15:14:15.017876 | GENERATION: 117 | ERRORS: best=9, median=25.0, diversity=0.665 | INDIVIDUALS: n=200, avg_genome_length=128.855 | VIRUSES: gene_rate=0.000
2021-12-19 15:14:23.644520 | GENERATION: 118 | ERRORS: best=9, median=27.0, diversity=0.72 | INDIVIDUALS: n=200, avg_genome_length=129.295 | VIRUSES: gene_rate=0.000
2021-12-19 15:14:31.119741 | GENERATION: 119 | ERRORS: best=9, median=25.0, diversity=0.74 | INDIVIDUALS: n=200, avg_genome_length=129.905 | VIRUSES: gene_rate=0.000
2021-12-19 15:14:38.812849 | GENERATION: 120 | ERRORS: best=9, median=26.0, diversity=0.65 | INDIVIDUALS: n=200, avg_genome_length=129.79 | VIRUSES: gene_rate=0.000
2021-12-19 15:14:47.360031 | GENERATION: 121 | ERRORS: best=9, median=25.5, diversity=0.68 | INDIVIDUALS: n=200, avg_genome_length=130.14 | VIRUSES: gene_rate=0.000
2021-12-19 15:14:55.828548 | GENERATION: 122 | ERRORS: best=9, median=25.0, diversity=0.675 | INDIVIDUALS: n=200, avg_genome_length=130.465 | VIRUSES: gene_rate=0.000
2021-12-19 15:15:04.080422 | GENERATION: 123 | ERRORS: best=9, median=25.0, diversity=0.685 | INDIVIDUALS: n=200, avg_genome_length=128.905 | VIRUSES: gene_rate=0.000
2021-12-19 15:15:12.361327 | GENERATION: 124 | ERRORS: best=9, median=27.0, diversity=0.72 | INDIVIDUALS: n=200, avg_genome_length=131.335 | VIRUSES: gene_rate=0.000
2021-12-19 15:15:21.057477 | GENERATION: 125 | ERRORS: best=9, median=25.0, diversity=0.65 | INDIVIDUALS: n=200, avg_genome_length=131.485 | VIRUSES: gene_rate=0.000
2021-12-19 15:15:29.009732 | GENERATION: 126 | ERRORS: best=9, median=25.0, diversity=0.64 | INDIVIDUALS: n=200, avg_genome_length=130.085 | VIRUSES: gene_rate=0.000
2021-12-19 15:15:36.853179 | GENERATION: 127 | ERRORS: best=9, median=26.0, diversity=0.65 | INDIVIDUALS: n=200, avg_genome_length=129.435 | VIRUSES: gene_rate=0.000
2021-12-19 15:15:45.265696 | GENERATION: 128 | ERRORS: best=9, median=25.0, diversity=0.66 | INDIVIDUALS: n=200, avg_genome_length=131.645 | VIRUSES: gene_rate=0.000
2021-12-19 15:15:53.273677 | GENERATION: 129 | ERRORS: best=9, median=25.0, diversity=0.62 | INDIVIDUALS: n=200, avg_genome_length=131.105 | VIRUSES: gene_rate=0.000
2021-12-19 15:16:01.426159 | GENERATION: 130 | ERRORS: best=9, median=25.0, diversity=0.7 | INDIVIDUALS: n=200, avg_genome_length=131.17 | VIRUSES: gene_rate=0.000
2021-12-19 15:16:09.444926 | GENERATION: 131 | ERRORS: best=9, median=25.0, diversity=0.665 | INDIVIDUALS: n=200, avg_genome_length=132.62 | VIRUSES: gene_rate=0.000
2021-12-19 15:16:17.324286 | GENERATION: 132 | ERRORS: best=9, median=25.0, diversity=0.63 | INDIVIDUALS: n=200, avg_genome_length=132.595 | VIRUSES: gene_rate=0.000
2021-12-19 15:16:25.569332 | GENERATION: 133 | ERRORS: best=9, median=25.0, diversity=0.685 | INDIVIDUALS: n=200, avg_genome_length=131.205 | VIRUSES: gene_rate=0.000
2021-12-19 15:16:33.603007 | GENERATION: 134 | ERRORS: best=9, median=25.0, diversity=0.62 | INDIVIDUALS: n=200, avg_genome_length=132.49 | VIRUSES: gene_rate=0.000
2021-12-19 15:16:41.792767 | GENERATION: 135 | ERRORS: best=9, median=25.0, diversity=0.65 | INDIVIDUALS: n=200, avg_genome_length=131.91 | VIRUSES: gene_rate=0.000
2021-12-19 15:16:49.925826 | GENERATION: 136 | ERRORS: best=9, median=25.0, diversity=0.605 | INDIVIDUALS: n=200, avg_genome_length=132.685 | VIRUSES: gene_rate=0.000
2021-12-19 15:16:57.666864 | GENERATION: 137 | ERRORS: best=9, median=25.0, diversity=0.69 | INDIVIDUALS: n=200, avg_genome_length=131.39 | VIRUSES: gene_rate=0.000
2021-12-19 15:17:05.780300 | GENERATION: 138 | ERRORS: best=9, median=25.0, diversity=0.67 | INDIVIDUALS: n=200, avg_genome_length=132.115 | VIRUSES: gene_rate=0.000
2021-12-19 15:17:13.618180 | GENERATION: 139 | ERRORS: best=9, median=28.0, diversity=0.635 | INDIVIDUALS: n=200, avg_genome_length=130.48 | VIRUSES: gene_rate=0.000
2021-12-19 15:17:21.953710 | GENERATION: 140 | ERRORS: best=9, median=25.0, diversity=0.635 | INDIVIDUALS: n=200, avg_genome_length=132.755 | VIRUSES: gene_rate=0.000
2021-12-19 15:17:29.580902 | GENERATION: 141 | ERRORS: best=9, median=25.0, diversity=0.665 | INDIVIDUALS: n=200, avg_genome_length=131.3 | VIRUSES: gene_rate=0.000
2021-12-19 15:17:37.852989 | GENERATION: 142 | ERRORS: best=9, median=26.0, diversity=0.705 | INDIVIDUALS: n=200, avg_genome_length=132.005 | VIRUSES: gene_rate=0.000
2021-12-19 15:17:45.730219 | GENERATION: 143 | ERRORS: best=9, median=25.0, diversity=0.665 | INDIVIDUALS: n=200, avg_genome_length=131.835 | VIRUSES: gene_rate=0.000
2021-12-19 15:17:53.341408 | GENERATION: 144 | ERRORS: best=9, median=25.0, diversity=0.64 | INDIVIDUALS: n=200, avg_genome_length=131.39 | VIRUSES: gene_rate=0.000
2021-12-19 15:18:01.684498 | GENERATION: 145 | ERRORS: best=9, median=25.0, diversity=0.695 | INDIVIDUALS: n=200, avg_genome_length=132.365 | VIRUSES: gene_rate=0.000
2021-12-19 15:18:10.064091 | GENERATION: 146 | ERRORS: best=9, median=25.0, diversity=0.7 | INDIVIDUALS: n=200, avg_genome_length=132.305 | VIRUSES: gene_rate=0.000
2021-12-19 15:18:18.365260 | GENERATION: 147 | ERRORS: best=9, median=25.0, diversity=0.695 | INDIVIDUALS: n=200, avg_genome_length=131.43 | VIRUSES: gene_rate=0.000
2021-12-19 15:18:26.880272 | GENERATION: 148 | ERRORS: best=9, median=25.0, diversity=0.66 | INDIVIDUALS: n=200, avg_genome_length=133.955 | VIRUSES: gene_rate=0.000
2021-12-19 15:18:35.528296 | GENERATION: 149 | ERRORS: best=9, median=25.0, diversity=0.625 | INDIVIDUALS: n=200, avg_genome_length=132.44 | VIRUSES: gene_rate=0.000
2021-12-19 15:18:43.648748 | GENERATION: 150 | ERRORS: best=9, median=25.0, diversity=0.66 | INDIVIDUALS: n=200, avg_genome_length=132.335 | VIRUSES: gene_rate=0.000
2021-12-19 15:18:51.948449 | GENERATION: 151 | ERRORS: best=9, median=25.0, diversity=0.705 | INDIVIDUALS: n=200, avg_genome_length=130.98 | VIRUSES: gene_rate=0.000
2021-12-19 15:19:00.833829 | GENERATION: 152 | ERRORS: best=9, median=25.0, diversity=0.62 | INDIVIDUALS: n=200, avg_genome_length=131.17 | VIRUSES: gene_rate=0.000
2021-12-19 15:19:09.784685 | GENERATION: 153 | ERRORS: best=9, median=25.0, diversity=0.705 | INDIVIDUALS: n=200, avg_genome_length=132.73 | VIRUSES: gene_rate=0.000
2021-12-19 15:19:18.772139 | GENERATION: 154 | ERRORS: best=9, median=25.0, diversity=0.67 | INDIVIDUALS: n=200, avg_genome_length=132.615 | VIRUSES: gene_rate=0.000
2021-12-19 15:19:27.856721 | GENERATION: 155 | ERRORS: best=9, median=25.0, diversity=0.65 | INDIVIDUALS: n=200, avg_genome_length=131.555 | VIRUSES: gene_rate=0.000
2021-12-19 15:19:37.185038 | GENERATION: 156 | ERRORS: best=9, median=25.0, diversity=0.575 | INDIVIDUALS: n=200, avg_genome_length=132.295 | VIRUSES: gene_rate=0.000
2021-12-19 15:19:46.660889 | GENERATION: 157 | ERRORS: best=9, median=25.0, diversity=0.63 | INDIVIDUALS: n=200, avg_genome_length=131.28 | VIRUSES: gene_rate=0.000
2021-12-19 15:19:55.056637 | GENERATION: 158 | ERRORS: best=9, median=25.0, diversity=0.665 | INDIVIDUALS: n=200, avg_genome_length=132.72 | VIRUSES: gene_rate=0.000
2021-12-19 15:20:03.686143 | GENERATION: 159 | ERRORS: best=9, median=25.0, diversity=0.695 | INDIVIDUALS: n=200, avg_genome_length=132.95 | VIRUSES: gene_rate=0.000
2021-12-19 15:20:12.217347 | GENERATION: 160 | ERRORS: best=9, median=25.0, diversity=0.6 | INDIVIDUALS: n=200, avg_genome_length=132.6 | VIRUSES: gene_rate=0.000
2021-12-19 15:20:21.078315 | GENERATION: 161 | ERRORS: best=9, median=25.0, diversity=0.68 | INDIVIDUALS: n=200, avg_genome_length=131.735 | VIRUSES: gene_rate=0.000
2021-12-19 15:20:29.179419 | GENERATION: 162 | ERRORS: best=9, median=25.0, diversity=0.65 | INDIVIDUALS: n=200, avg_genome_length=131.925 | VIRUSES: gene_rate=0.000
2021-12-19 15:20:38.538231 | GENERATION: 163 | ERRORS: best=9, median=27.0, diversity=0.72 | INDIVIDUALS: n=200, avg_genome_length=132.485 | VIRUSES: gene_rate=0.000
2021-12-19 15:20:47.438033 | GENERATION: 164 | ERRORS: best=9, median=25.0, diversity=0.62 | INDIVIDUALS: n=200, avg_genome_length=133.39 | VIRUSES: gene_rate=0.000
2021-12-19 15:20:55.878389 | GENERATION: 165 | ERRORS: best=9, median=25.0, diversity=0.65 | INDIVIDUALS: n=200, avg_genome_length=131.845 | VIRUSES: gene_rate=0.000
2021-12-19 15:21:04.294457 | GENERATION: 166 | ERRORS: best=9, median=24.0, diversity=0.635 | INDIVIDUALS: n=200, avg_genome_length=132.15 | VIRUSES: gene_rate=0.000
2021-12-19 15:21:13.053226 | GENERATION: 167 | ERRORS: best=9, median=25.0, diversity=0.62 | INDIVIDUALS: n=200, avg_genome_length=132.765 | VIRUSES: gene_rate=0.000
2021-12-19 15:21:21.904497 | GENERATION: 168 | ERRORS: best=9, median=25.5, diversity=0.68 | INDIVIDUALS: n=200, avg_genome_length=131.98 | VIRUSES: gene_rate=0.000
2021-12-19 15:21:30.747873 | GENERATION: 169 | ERRORS: best=9, median=25.0, diversity=0.73 | INDIVIDUALS: n=200, avg_genome_length=132.15 | VIRUSES: gene_rate=0.000
2021-12-19 15:21:39.547800 | GENERATION: 170 | ERRORS: best=9, median=29.0, diversity=0.66 | INDIVIDUALS: n=200, avg_genome_length=132.37 | VIRUSES: gene_rate=0.000
2021-12-19 15:21:47.685470 | GENERATION: 171 | ERRORS: best=9, median=25.0, diversity=0.66 | INDIVIDUALS: n=200, avg_genome_length=129.68 | VIRUSES: gene_rate=0.000
2021-12-19 15:21:56.355409 | GENERATION: 172 | ERRORS: best=9, median=25.0, diversity=0.665 | INDIVIDUALS: n=200, avg_genome_length=132.175 | VIRUSES: gene_rate=0.000
2021-12-19 15:22:04.698938 | GENERATION: 173 | ERRORS: best=9, median=25.0, diversity=0.67 | INDIVIDUALS: n=200, avg_genome_length=132.23 | VIRUSES: gene_rate=0.000
2021-12-19 15:22:13.020568 | GENERATION: 174 | ERRORS: best=9, median=25.0, diversity=0.665 | INDIVIDUALS: n=200, avg_genome_length=131.595 | VIRUSES: gene_rate=0.000
2021-12-19 15:22:21.514164 | GENERATION: 175 | ERRORS: best=9, median=25.0, diversity=0.67 | INDIVIDUALS: n=200, avg_genome_length=132.275 | VIRUSES: gene_rate=0.000
2021-12-19 15:22:30.727881 | GENERATION: 176 | ERRORS: best=9, median=25.0, diversity=0.605 | INDIVIDUALS: n=200, avg_genome_length=133.14 | VIRUSES: gene_rate=0.000
2021-12-19 15:22:39.340536 | GENERATION: 177 | ERRORS: best=9, median=25.0, diversity=0.685 | INDIVIDUALS: n=200, avg_genome_length=131.975 | VIRUSES: gene_rate=0.000
2021-12-19 15:22:48.246914 | GENERATION: 178 | ERRORS: best=9, median=25.0, diversity=0.665 | INDIVIDUALS: n=200, avg_genome_length=132.98 | VIRUSES: gene_rate=0.000
2021-12-19 15:22:56.715544 | GENERATION: 179 | ERRORS: best=9, median=25.0, diversity=0.645 | INDIVIDUALS: n=200, avg_genome_length=133.44 | VIRUSES: gene_rate=0.000
2021-12-19 15:23:05.276306 | GENERATION: 180 | ERRORS: best=9, median=25.0, diversity=0.69 | INDIVIDUALS: n=200, avg_genome_length=132.385 | VIRUSES: gene_rate=0.000
2021-12-19 15:23:13.956701 | GENERATION: 181 | ERRORS: best=9, median=25.0, diversity=0.66 | INDIVIDUALS: n=200, avg_genome_length=133.535 | VIRUSES: gene_rate=0.000
2021-12-19 15:23:22.479330 | GENERATION: 182 | ERRORS: best=9, median=25.0, diversity=0.695 | INDIVIDUALS: n=200, avg_genome_length=132.01 | VIRUSES: gene_rate=0.000
2021-12-19 15:23:30.833837 | GENERATION: 183 | ERRORS: best=9, median=25.0, diversity=0.71 | INDIVIDUALS: n=200, avg_genome_length=131.02 | VIRUSES: gene_rate=0.000
2021-12-19 15:23:39.170836 | GENERATION: 184 | ERRORS: best=9, median=25.0, diversity=0.63 | INDIVIDUALS: n=200, avg_genome_length=132.735 | VIRUSES: gene_rate=0.000
2021-12-19 15:23:48.113625 | GENERATION: 185 | ERRORS: best=9, median=25.0, diversity=0.66 | INDIVIDUALS: n=200, avg_genome_length=132.185 | VIRUSES: gene_rate=0.000
2021-12-19 15:23:56.807780 | GENERATION: 186 | ERRORS: best=9, median=25.0, diversity=0.595 | INDIVIDUALS: n=200, avg_genome_length=133.755 | VIRUSES: gene_rate=0.000
2021-12-19 15:24:05.283879 | GENERATION: 187 | ERRORS: best=9, median=25.0, diversity=0.605 | INDIVIDUALS: n=200, avg_genome_length=132.235 | VIRUSES: gene_rate=0.000
2021-12-19 15:24:13.873755 | GENERATION: 188 | ERRORS: best=9, median=25.0, diversity=0.72 | INDIVIDUALS: n=200, avg_genome_length=130.855 | VIRUSES: gene_rate=0.000
2021-12-19 15:24:22.705567 | GENERATION: 189 | ERRORS: best=9, median=25.0, diversity=0.7 | INDIVIDUALS: n=200, avg_genome_length=132.21 | VIRUSES: gene_rate=0.000
2021-12-19 15:24:31.480077 | GENERATION: 190 | ERRORS: best=9, median=23.0, diversity=0.645 | INDIVIDUALS: n=200, avg_genome_length=133.42 | VIRUSES: gene_rate=0.000
2021-12-19 15:24:40.015375 | GENERATION: 191 | ERRORS: best=9, median=25.0, diversity=0.66 | INDIVIDUALS: n=200, avg_genome_length=132.115 | VIRUSES: gene_rate=0.000
2021-12-19 15:24:48.320124 | GENERATION: 192 | ERRORS: best=9, median=25.0, diversity=0.675 | INDIVIDUALS: n=200, avg_genome_length=131.48 | VIRUSES: gene_rate=0.000
2021-12-19 15:24:57.404179 | GENERATION: 193 | ERRORS: best=9, median=25.0, diversity=0.68 | INDIVIDUALS: n=200, avg_genome_length=131.075 | VIRUSES: gene_rate=0.000
2021-12-19 15:25:06.437876 | GENERATION: 194 | ERRORS: best=9, median=25.0, diversity=0.64 | INDIVIDUALS: n=200, avg_genome_length=131.64 | VIRUSES: gene_rate=0.000
2021-12-19 15:25:15.121215 | GENERATION: 195 | ERRORS: best=9, median=24.0, diversity=0.625 | INDIVIDUALS: n=200, avg_genome_length=133.145 | VIRUSES: gene_rate=0.000
2021-12-19 15:25:23.758638 | GENERATION: 196 | ERRORS: best=9, median=25.0, diversity=0.695 | INDIVIDUALS: n=200, avg_genome_length=130.875 | VIRUSES: gene_rate=0.000
2021-12-19 15:25:32.562510 | GENERATION: 197 | ERRORS: best=9, median=25.0, diversity=0.635 | INDIVIDUALS: n=200, avg_genome_length=130.365 | VIRUSES: gene_rate=0.000
2021-12-19 15:25:41.488269 | GENERATION: 198 | ERRORS: best=9, median=25.0, diversity=0.64 | INDIVIDUALS: n=200, avg_genome_length=131.1 | VIRUSES: gene_rate=0.000
2021-12-19 15:25:50.447669 | GENERATION: 199 | ERRORS: best=9, median=22.5, diversity=0.64 | INDIVIDUALS: n=200, avg_genome_length=132.145 | VIRUSES: gene_rate=0.000
2021-12-19 15:25:58.703193 | GENERATION: 200 | ERRORS: best=9, median=25.0, diversity=0.665 | INDIVIDUALS: n=200, avg_genome_length=131.25 | VIRUSES: gene_rate=0.000
2021-12-19 15:26:07.800977 | GENERATION: 201 | ERRORS: best=9, median=24.0, diversity=0.61 | INDIVIDUALS: n=200, avg_genome_length=131.755 | VIRUSES: gene_rate=0.000
2021-12-19 15:26:16.401565 | GENERATION: 202 | ERRORS: best=9, median=25.0, diversity=0.615 | INDIVIDUALS: n=200, avg_genome_length=130.06 | VIRUSES: gene_rate=0.000
2021-12-19 15:26:25.055631 | GENERATION: 203 | ERRORS: best=9, median=25.0, diversity=0.63 | INDIVIDUALS: n=200, avg_genome_length=131.065 | VIRUSES: gene_rate=0.000
2021-12-19 15:26:34.076907 | GENERATION: 204 | ERRORS: best=9, median=25.0, diversity=0.645 | INDIVIDUALS: n=200, avg_genome_length=130.475 | VIRUSES: gene_rate=0.000
2021-12-19 15:26:43.535751 | GENERATION: 205 | ERRORS: best=9, median=25.0, diversity=0.655 | INDIVIDUALS: n=200, avg_genome_length=129.005 | VIRUSES: gene_rate=0.000
2021-12-19 15:26:52.320878 | GENERATION: 206 | ERRORS: best=9, median=25.0, diversity=0.635 | INDIVIDUALS: n=200, avg_genome_length=130.555 | VIRUSES: gene_rate=0.000
2021-12-19 15:27:01.027332 | GENERATION: 207 | ERRORS: best=9, median=24.0, diversity=0.63 | INDIVIDUALS: n=200, avg_genome_length=129.345 | VIRUSES: gene_rate=0.000
2021-12-19 15:27:10.140968 | GENERATION: 208 | ERRORS: best=9, median=25.0, diversity=0.65 | INDIVIDUALS: n=200, avg_genome_length=131.08 | VIRUSES: gene_rate=0.000
2021-12-19 15:27:19.236652 | GENERATION: 209 | ERRORS: best=9, median=25.0, diversity=0.625 | INDIVIDUALS: n=200, avg_genome_length=130.915 | VIRUSES: gene_rate=0.000
2021-12-19 15:27:28.153419 | GENERATION: 210 | ERRORS: best=9, median=25.0, diversity=0.66 | INDIVIDUALS: n=200, avg_genome_length=131.335 | VIRUSES: gene_rate=0.000
2021-12-19 15:27:37.129602 | GENERATION: 211 | ERRORS: best=9, median=25.0, diversity=0.685 | INDIVIDUALS: n=200, avg_genome_length=129.055 | VIRUSES: gene_rate=0.000
2021-12-19 15:27:46.145836 | GENERATION: 212 | ERRORS: best=9, median=25.0, diversity=0.62 | INDIVIDUALS: n=200, avg_genome_length=131.21 | VIRUSES: gene_rate=0.000
2021-12-19 15:27:55.324781 | GENERATION: 213 | ERRORS: best=9, median=25.0, diversity=0.675 | INDIVIDUALS: n=200, avg_genome_length=130.435 | VIRUSES: gene_rate=0.000
2021-12-19 15:28:05.332267 | GENERATION: 214 | ERRORS: best=9, median=25.0, diversity=0.66 | INDIVIDUALS: n=200, avg_genome_length=130.74 | VIRUSES: gene_rate=0.000
2021-12-19 15:28:14.985119 | GENERATION: 215 | ERRORS: best=9, median=25.0, diversity=0.64 | INDIVIDUALS: n=200, avg_genome_length=131.37 | VIRUSES: gene_rate=0.000
2021-12-19 15:28:24.417619 | GENERATION: 216 | ERRORS: best=9, median=25.0, diversity=0.715 | INDIVIDUALS: n=200, avg_genome_length=130.915 | VIRUSES: gene_rate=0.000
2021-12-19 15:28:33.144594 | GENERATION: 217 | ERRORS: best=9, median=25.0, diversity=0.62 | INDIVIDUALS: n=200, avg_genome_length=130.715 | VIRUSES: gene_rate=0.000
2021-12-19 15:28:42.873862 | GENERATION: 218 | ERRORS: best=9, median=25.0, diversity=0.685 | INDIVIDUALS: n=200, avg_genome_length=130.855 | VIRUSES: gene_rate=0.000
2021-12-19 15:28:51.527580 | GENERATION: 219 | ERRORS: best=9, median=25.0, diversity=0.625 | INDIVIDUALS: n=200, avg_genome_length=130.55 | VIRUSES: gene_rate=0.000
2021-12-19 15:29:00.247509 | GENERATION: 220 | ERRORS: best=9, median=25.0, diversity=0.65 | INDIVIDUALS: n=200, avg_genome_length=130.47 | VIRUSES: gene_rate=0.000
2021-12-19 15:29:09.195095 | GENERATION: 221 | ERRORS: best=9, median=25.0, diversity=0.59 | INDIVIDUALS: n=200, avg_genome_length=128.79 | VIRUSES: gene_rate=0.000
2021-12-19 15:29:18.499400 | GENERATION: 222 | ERRORS: best=9, median=25.0, diversity=0.63 | INDIVIDUALS: n=200, avg_genome_length=130.37 | VIRUSES: gene_rate=0.000
2021-12-19 15:29:27.957217 | GENERATION: 223 | ERRORS: best=9, median=24.0, diversity=0.685 | INDIVIDUALS: n=200, avg_genome_length=130.365 | VIRUSES: gene_rate=0.000
2021-12-19 15:29:36.702677 | GENERATION: 224 | ERRORS: best=9, median=25.0, diversity=0.68 | INDIVIDUALS: n=200, avg_genome_length=130.845 | VIRUSES: gene_rate=0.000
2021-12-19 15:29:45.766884 | GENERATION: 225 | ERRORS: best=9, median=25.0, diversity=0.62 | INDIVIDUALS: n=200, avg_genome_length=131.275 | VIRUSES: gene_rate=0.000
2021-12-19 15:29:54.888104 | GENERATION: 226 | ERRORS: best=9, median=25.0, diversity=0.635 | INDIVIDUALS: n=200, avg_genome_length=131.845 | VIRUSES: gene_rate=0.000
2021-12-19 15:30:04.588497 | GENERATION: 227 | ERRORS: best=9, median=25.0, diversity=0.675 | INDIVIDUALS: n=200, avg_genome_length=129.73 | VIRUSES: gene_rate=0.000
2021-12-19 15:30:13.260808 | GENERATION: 228 | ERRORS: best=9, median=25.0, diversity=0.63 | INDIVIDUALS: n=200, avg_genome_length=129.955 | VIRUSES: gene_rate=0.000
2021-12-19 15:30:22.571264 | GENERATION: 229 | ERRORS: best=9, median=25.0, diversity=0.63 | INDIVIDUALS: n=200, avg_genome_length=129.95 | VIRUSES: gene_rate=0.000
2021-12-19 15:30:31.971725 | GENERATION: 230 | ERRORS: best=9, median=25.0, diversity=0.615 | INDIVIDUALS: n=200, avg_genome_length=130.46 | VIRUSES: gene_rate=0.000
2021-12-19 15:30:40.999255 | GENERATION: 231 | ERRORS: best=9, median=25.0, diversity=0.635 | INDIVIDUALS: n=200, avg_genome_length=129.35 | VIRUSES: gene_rate=0.000
2021-12-19 15:30:49.952106 | GENERATION: 232 | ERRORS: best=9, median=25.0, diversity=0.67 | INDIVIDUALS: n=200, avg_genome_length=128.765 | VIRUSES: gene_rate=0.000
2021-12-19 15:30:59.284099 | GENERATION: 233 | ERRORS: best=9, median=25.0, diversity=0.685 | INDIVIDUALS: n=200, avg_genome_length=130.875 | VIRUSES: gene_rate=0.000
2021-12-19 15:31:08.476792 | GENERATION: 234 | ERRORS: best=9, median=25.0, diversity=0.635 | INDIVIDUALS: n=200, avg_genome_length=130.23 | VIRUSES: gene_rate=0.000
2021-12-19 15:31:17.934254 | GENERATION: 235 | ERRORS: best=9, median=25.0, diversity=0.71 | INDIVIDUALS: n=200, avg_genome_length=130.375 | VIRUSES: gene_rate=0.000
2021-12-19 15:31:26.798315 | GENERATION: 236 | ERRORS: best=9, median=25.0, diversity=0.665 | INDIVIDUALS: n=200, avg_genome_length=129.86 | VIRUSES: gene_rate=0.000
2021-12-19 15:31:35.225810 | GENERATION: 237 | ERRORS: best=9, median=25.0, diversity=0.57 | INDIVIDUALS: n=200, avg_genome_length=129.875 | VIRUSES: gene_rate=0.000
2021-12-19 15:31:44.180292 | GENERATION: 238 | ERRORS: best=9, median=25.0, diversity=0.64 | INDIVIDUALS: n=200, avg_genome_length=130.875 | VIRUSES: gene_rate=0.000
2021-12-19 15:31:52.629124 | GENERATION: 239 | ERRORS: best=9, median=25.0, diversity=0.62 | INDIVIDUALS: n=200, avg_genome_length=130.005 | VIRUSES: gene_rate=0.000
2021-12-19 15:32:01.810335 | GENERATION: 240 | ERRORS: best=9, median=25.0, diversity=0.64 | INDIVIDUALS: n=200, avg_genome_length=130.105 | VIRUSES: gene_rate=0.000
2021-12-19 15:32:10.477646 | GENERATION: 241 | ERRORS: best=9, median=25.0, diversity=0.63 | INDIVIDUALS: n=200, avg_genome_length=130.475 | VIRUSES: gene_rate=0.000
2021-12-19 15:32:19.956028 | GENERATION: 242 | ERRORS: best=9, median=25.0, diversity=0.665 | INDIVIDUALS: n=200, avg_genome_length=128.795 | VIRUSES: gene_rate=0.000
2021-12-19 15:32:29.851964 | GENERATION: 243 | ERRORS: best=9, median=25.0, diversity=0.65 | INDIVIDUALS: n=200, avg_genome_length=129.225 | VIRUSES: gene_rate=0.000
2021-12-19 15:32:39.220279 | GENERATION: 244 | ERRORS: best=9, median=25.0, diversity=0.7 | INDIVIDUALS: n=200, avg_genome_length=129.615 | VIRUSES: gene_rate=0.000
2021-12-19 15:32:48.789365 | GENERATION: 245 | ERRORS: best=9, median=25.0, diversity=0.73 | INDIVIDUALS: n=200, avg_genome_length=129.29 | VIRUSES: gene_rate=0.000
2021-12-19 15:32:57.858298 | GENERATION: 246 | ERRORS: best=9, median=25.0, diversity=0.655 | INDIVIDUALS: n=200, avg_genome_length=129.305 | VIRUSES: gene_rate=0.000
2021-12-19 15:33:06.319713 | GENERATION: 247 | ERRORS: best=9, median=26.0, diversity=0.655 | INDIVIDUALS: n=200, avg_genome_length=130.425 | VIRUSES: gene_rate=0.000
2021-12-19 15:33:15.620198 | GENERATION: 248 | ERRORS: best=9, median=25.0, diversity=0.665 | INDIVIDUALS: n=200, avg_genome_length=129.325 | VIRUSES: gene_rate=0.000
2021-12-19 15:33:24.725313 | GENERATION: 249 | ERRORS: best=9, median=25.0, diversity=0.65 | INDIVIDUALS: n=200, avg_genome_length=130.695 | VIRUSES: gene_rate=0.000
2021-12-19 15:33:33.713454 | GENERATION: 250 | ERRORS: best=9, median=25.0, diversity=0.67 | INDIVIDUALS: n=200, avg_genome_length=131.13 | VIRUSES: gene_rate=0.000
2021-12-19 15:33:43.207892 | GENERATION: 251 | ERRORS: best=9, median=25.0, diversity=0.63 | INDIVIDUALS: n=200, avg_genome_length=129.635 | VIRUSES: gene_rate=0.000
2021-12-19 15:33:52.352216 | GENERATION: 252 | ERRORS: best=8, median=25.0, diversity=0.72 | INDIVIDUALS: n=200, avg_genome_length=130.14 | VIRUSES: gene_rate=0.000
2021-12-19 15:34:02.366773 | GENERATION: 253 | ERRORS: best=8, median=25.0, diversity=0.655 | INDIVIDUALS: n=200, avg_genome_length=131.74 | VIRUSES: gene_rate=0.000
2021-12-19 15:34:11.998776 | GENERATION: 254 | ERRORS: best=8, median=25.0, diversity=0.64 | INDIVIDUALS: n=200, avg_genome_length=130.55 | VIRUSES: gene_rate=0.000
2021-12-19 15:34:21.128456 | GENERATION: 255 | ERRORS: best=8, median=25.0, diversity=0.605 | INDIVIDUALS: n=200, avg_genome_length=129.74 | VIRUSES: gene_rate=0.000
2021-12-19 15:34:29.975076 | GENERATION: 256 | ERRORS: best=8, median=25.0, diversity=0.68 | INDIVIDUALS: n=200, avg_genome_length=130.765 | VIRUSES: gene_rate=0.000
2021-12-19 15:34:38.801300 | GENERATION: 257 | ERRORS: best=8, median=25.0, diversity=0.68 | INDIVIDUALS: n=200, avg_genome_length=131.35 | VIRUSES: gene_rate=0.000
2021-12-19 15:34:48.751927 | GENERATION: 258 | ERRORS: best=8, median=25.0, diversity=0.635 | INDIVIDUALS: n=200, avg_genome_length=130.03 | VIRUSES: gene_rate=0.000
2021-12-19 15:34:57.450102 | GENERATION: 259 | ERRORS: best=8, median=25.0, diversity=0.645 | INDIVIDUALS: n=200, avg_genome_length=130.62 | VIRUSES: gene_rate=0.000
2021-12-19 15:35:06.429543 | GENERATION: 260 | ERRORS: best=8, median=25.0, diversity=0.615 | INDIVIDUALS: n=200, avg_genome_length=130.77 | VIRUSES: gene_rate=0.000
2021-12-19 15:35:15.395958 | GENERATION: 261 | ERRORS: best=8, median=25.0, diversity=0.625 | INDIVIDUALS: n=200, avg_genome_length=132.205 | VIRUSES: gene_rate=0.000
2021-12-19 15:35:23.926858 | GENERATION: 262 | ERRORS: best=8, median=26.0, diversity=0.67 | INDIVIDUALS: n=200, avg_genome_length=131.645 | VIRUSES: gene_rate=0.000
2021-12-19 15:35:32.388825 | GENERATION: 263 | ERRORS: best=8, median=25.0, diversity=0.68 | INDIVIDUALS: n=200, avg_genome_length=130.51 | VIRUSES: gene_rate=0.000
2021-12-19 15:35:40.864849 | GENERATION: 264 | ERRORS: best=8, median=25.0, diversity=0.64 | INDIVIDUALS: n=200, avg_genome_length=130.875 | VIRUSES: gene_rate=0.000
2021-12-19 15:35:49.497121 | GENERATION: 265 | ERRORS: best=8, median=25.0, diversity=0.625 | INDIVIDUALS: n=200, avg_genome_length=131.56 | VIRUSES: gene_rate=0.000
2021-12-19 15:35:58.418646 | GENERATION: 266 | ERRORS: best=8, median=25.0, diversity=0.625 | INDIVIDUALS: n=200, avg_genome_length=130.335 | VIRUSES: gene_rate=0.000
2021-12-19 15:36:07.705724 | GENERATION: 267 | ERRORS: best=8, median=25.0, diversity=0.625 | INDIVIDUALS: n=200, avg_genome_length=129.98 | VIRUSES: gene_rate=0.000
2021-12-19 15:36:16.398334 | GENERATION: 268 | ERRORS: best=8, median=25.0, diversity=0.695 | INDIVIDUALS: n=200, avg_genome_length=130.01 | VIRUSES: gene_rate=0.000
2021-12-19 15:36:24.950269 | GENERATION: 269 | ERRORS: best=8, median=25.0, diversity=0.64 | INDIVIDUALS: n=200, avg_genome_length=130.825 | VIRUSES: gene_rate=0.000
2021-12-19 15:36:33.318412 | GENERATION: 270 | ERRORS: best=8, median=25.0, diversity=0.61 | INDIVIDUALS: n=200, avg_genome_length=130.34 | VIRUSES: gene_rate=0.000
2021-12-19 15:36:42.807251 | GENERATION: 271 | ERRORS: best=8, median=25.0, diversity=0.65 | INDIVIDUALS: n=200, avg_genome_length=129.88 | VIRUSES: gene_rate=0.000
2021-12-19 15:36:51.752570 | GENERATION: 272 | ERRORS: best=8, median=25.0, diversity=0.655 | INDIVIDUALS: n=200, avg_genome_length=131.135 | VIRUSES: gene_rate=0.000
2021-12-19 15:37:01.355533 | GENERATION: 273 | ERRORS: best=8, median=25.0, diversity=0.665 | INDIVIDUALS: n=200, avg_genome_length=130.765 | VIRUSES: gene_rate=0.000
2021-12-19 15:37:10.451617 | GENERATION: 274 | ERRORS: best=8, median=25.0, diversity=0.64 | INDIVIDUALS: n=200, avg_genome_length=130.445 | VIRUSES: gene_rate=0.000
2021-12-19 15:37:19.296353 | GENERATION: 275 | ERRORS: best=8, median=25.0, diversity=0.575 | INDIVIDUALS: n=200, avg_genome_length=128.3 | VIRUSES: gene_rate=0.000
2021-12-19 15:37:27.675601 | GENERATION: 276 | ERRORS: best=8, median=25.0, diversity=0.63 | INDIVIDUALS: n=200, avg_genome_length=128.175 | VIRUSES: gene_rate=0.000
2021-12-19 15:37:36.441278 | GENERATION: 277 | ERRORS: best=8, median=25.0, diversity=0.7 | INDIVIDUALS: n=200, avg_genome_length=129.575 | VIRUSES: gene_rate=0.000
2021-12-19 15:37:45.273461 | GENERATION: 278 | ERRORS: best=8, median=25.0, diversity=0.65 | INDIVIDUALS: n=200, avg_genome_length=128.2 | VIRUSES: gene_rate=0.000
2021-12-19 15:37:54.242554 | GENERATION: 279 | ERRORS: best=8, median=25.0, diversity=0.62 | INDIVIDUALS: n=200, avg_genome_length=128.675 | VIRUSES: gene_rate=0.000
2021-12-19 15:38:02.554970 | GENERATION: 280 | ERRORS: best=8, median=25.0, diversity=0.635 | INDIVIDUALS: n=200, avg_genome_length=127.745 | VIRUSES: gene_rate=0.000
2021-12-19 15:38:10.996396 | GENERATION: 281 | ERRORS: best=8, median=25.0, diversity=0.585 | INDIVIDUALS: n=200, avg_genome_length=128.02 | VIRUSES: gene_rate=0.000
2021-12-19 15:38:19.933216 | GENERATION: 282 | ERRORS: best=8, median=24.0, diversity=0.645 | INDIVIDUALS: n=200, avg_genome_length=129.385 | VIRUSES: gene_rate=0.000
2021-12-19 15:38:28.662601 | GENERATION: 283 | ERRORS: best=8, median=24.5, diversity=0.61 | INDIVIDUALS: n=200, avg_genome_length=128.585 | VIRUSES: gene_rate=0.000
2021-12-19 15:38:37.923604 | GENERATION: 284 | ERRORS: best=8, median=25.0, diversity=0.66 | INDIVIDUALS: n=200, avg_genome_length=128.835 | VIRUSES: gene_rate=0.000
2021-12-19 15:38:47.580161 | GENERATION: 285 | ERRORS: best=8, median=24.0, diversity=0.6 | INDIVIDUALS: n=200, avg_genome_length=129.52 | VIRUSES: gene_rate=0.000
2021-12-19 15:38:56.771377 | GENERATION: 286 | ERRORS: best=8, median=26.0, diversity=0.705 | INDIVIDUALS: n=200, avg_genome_length=128.06 | VIRUSES: gene_rate=0.000
2021-12-19 15:39:05.784184 | GENERATION: 287 | ERRORS: best=8, median=25.0, diversity=0.65 | INDIVIDUALS: n=200, avg_genome_length=126.575 | VIRUSES: gene_rate=0.000
2021-12-19 15:39:14.333714 | GENERATION: 288 | ERRORS: best=8, median=25.0, diversity=0.665 | INDIVIDUALS: n=200, avg_genome_length=126.68 | VIRUSES: gene_rate=0.000
2021-12-19 15:39:23.654605 | GENERATION: 289 | ERRORS: best=8, median=25.0, diversity=0.6 | INDIVIDUALS: n=200, avg_genome_length=125.825 | VIRUSES: gene_rate=0.000
2021-12-19 15:39:32.300585 | GENERATION: 290 | ERRORS: best=8, median=25.0, diversity=0.64 | INDIVIDUALS: n=200, avg_genome_length=125.09 | VIRUSES: gene_rate=0.000
2021-12-19 15:39:40.601522 | GENERATION: 291 | ERRORS: best=8, median=25.0, diversity=0.58 | INDIVIDUALS: n=200, avg_genome_length=126.57 | VIRUSES: gene_rate=0.000
2021-12-19 15:39:48.827376 | GENERATION: 292 | ERRORS: best=8, median=25.0, diversity=0.64 | INDIVIDUALS: n=200, avg_genome_length=127.0 | VIRUSES: gene_rate=0.000
2021-12-19 15:39:57.283402 | GENERATION: 293 | ERRORS: best=8, median=25.0, diversity=0.67 | INDIVIDUALS: n=200, avg_genome_length=126.86 | VIRUSES: gene_rate=0.000
2021-12-19 15:40:06.276357 | GENERATION: 294 | ERRORS: best=8, median=25.0, diversity=0.74 | INDIVIDUALS: n=200, avg_genome_length=127.445 | VIRUSES: gene_rate=0.000
2021-12-19 15:40:15.224500 | GENERATION: 295 | ERRORS: best=8, median=25.0, diversity=0.635 | INDIVIDUALS: n=200, avg_genome_length=127.695 | VIRUSES: gene_rate=0.000
2021-12-19 15:40:24.155627 | GENERATION: 296 | ERRORS: best=8, median=25.0, diversity=0.65 | INDIVIDUALS: n=200, avg_genome_length=126.785 | VIRUSES: gene_rate=0.000
2021-12-19 15:40:33.276049 | GENERATION: 297 | ERRORS: best=8, median=28.0, diversity=0.645 | INDIVIDUALS: n=200, avg_genome_length=127.32 | VIRUSES: gene_rate=0.000
2021-12-19 15:40:42.372403 | GENERATION: 298 | ERRORS: best=8, median=25.0, diversity=0.565 | INDIVIDUALS: n=200, avg_genome_length=126.92 | VIRUSES: gene_rate=0.000
2021-12-19 15:40:52.416476 | GENERATION: 299 | ERRORS: best=8, median=25.0, diversity=0.645 | INDIVIDUALS: n=200, avg_genome_length=127.54 | VIRUSES: gene_rate=0.000
2021-12-19 15:41:01.707406 | GENERATION: 300 | ERRORS: best=8, median=25.0, diversity=0.645 | INDIVIDUALS: n=200, avg_genome_length=127.64 | VIRUSES: gene_rate=0.000
Simplifying genome of length 139 with total error 8.
Simplified genome by 2 to length 137.
Simplified genome by 1 to length 136.
Simplified genome by 1 to length 135.
Simplified genome by 2 to length 133.
Simplified genome by 1 to length 132.
Simplified genome by 3 to length 129.
Simplified genome by 2 to length 127.
Simplified genome by 3 to length 124.
Simplified genome by 1 to length 123.
Simplified genome by 1 to length 122.
Simplified genome by 2 to length 120.
Simplified genome by 2 to length 118.
Simplified genome by 2 to length 116.
Simplified genome by 1 to length 115.
Simplified genome by 2 to length 113.
Simplified genome by 1 to length 112.
Simplified genome by 1 to length 111.
Simplified genome by 1 to length 110.
Simplified genome by 1 to length 109.
Simplified genome by 2 to length 107.
Simplified genome by 1 to length 106.
Simplified genome by 1 to length 105.
Simplified genome by 1 to length 104.
Simplified genome by 2 to length 102.
Simplified genome by 1 to length 101.
Simplified genome by 1 to length 100.
Simplified genome by 1 to length 99.
Simplified genome by 1 to length 98.
Simplified genome by 1 to length 97.
Simplified genome by 1 to length 96.
Simplified genome by 1 to length 95.
Simplified genome by 3 to length 92.
Simplified genome by 2 to length 90.
Simplified genome by 1 to length 89.
Simplified genome by 1 to length 88.
Simplified genome by 1 to length 87.
Simplified genome by 2 to length 85.
Simplified genome by 1 to length 84.
Simplified genome by 1 to length 83.
Simplified genome by 1 to length 82.
Simplified genome by 1 to length 81.
Simplified genome by 1 to length 80.
Simplified genome by 1 to length 79.
Simplified genome by 3 to length 76.
Simplified genome by 1 to length 75.
Simplified genome by 1 to length 74.
Simplified genome by 1 to length 73.
Simplified genome by 1 to length 72.
Simplified genome to length 72 and total error 8.
========================================
End Run
========================================
No solution found.
Best Seen Individual
	Genome:
	 pvector([Input(input_index=0), InstructionMeta(name='int_inc', code_blocks=0), InstructionMeta(name='int_min', code_blocks=0), InstructionMeta(name='int_min', code_blocks=0), InstructionMeta(name='int_max', code_blocks=0), InstructionMeta(name='bool_eq', code_blocks=0), Input(input_index=2), InstructionMeta(name='bool_rot', code_blocks=0), InstructionMeta(name='str_length', code_blocks=0), InstructionMeta(name='str_length', code_blocks=0), InstructionMeta(name='str_contains_str', code_blocks=0), InstructionMeta(name='str_is_empty', code_blocks=0), InstructionMeta(name='exec_yank', code_blocks=0), InstructionMeta(name='int_shove_dup', code_blocks=0), InstructionMeta(name='str_flush', code_blocks=0), InstructionMeta(name='int_inc', code_blocks=0), InstructionMeta(name='exec_do_count', code_blocks=1), Input(input_index=2), Literal(value=1, push_type=<pyshgp.push.types.PushIntType object at 0x7f34e09d11c0>), InstructionMeta(name='int_eq', code_blocks=0), Input(input_index=1), Input(input_index=0), Literal(value=1000, push_type=<pyshgp.push.types.PushIntType object at 0x7f34e09d1220>), InstructionMeta(name='int_lt', code_blocks=0), InstructionMeta(name='int_gte', code_blocks=0), InstructionMeta(name='int_min', code_blocks=0), InstructionMeta(name='str_reverse', code_blocks=0), Literal(value=True, push_type=<pyshgp.push.types.PushBoolType object at 0x7f34e09d1280>), Closer(), InstructionMeta(name='str_concat', code_blocks=0), Input(input_index=1), Literal(value=2, push_type=<pyshgp.push.types.PushIntType object at 0x7f34e09d12b0>), InstructionMeta(name='int_mod', code_blocks=0), Literal(value=2000, push_type=<pyshgp.push.types.PushIntType object at 0x7f34e09d1340>), InstructionMeta(name='int_gte', code_blocks=0), Input(input_index=1), Literal(value=2, push_type=<pyshgp.push.types.PushIntType object at 0x7f34e09d13a0>), InstructionMeta(name='int_mod', code_blocks=0), InstructionMeta(name='int_gte', code_blocks=0), InstructionMeta(name='int_min', code_blocks=0), InstructionMeta(name='int_max', code_blocks=0), InstructionMeta(name='int_max', code_blocks=0), InstructionMeta(name='int_min', code_blocks=0), InstructionMeta(name='int_min', code_blocks=0), InstructionMeta(name='exec_flush', code_blocks=0), InstructionMeta(name='exec_shove_dup', code_blocks=1), Closer(), Input(input_index=2), InstructionMeta(name='exec_if', code_blocks=2), Literal(value=2, push_type=<pyshgp.push.types.PushIntType object at 0x7f34e09d15e0>), InstructionMeta(name='int_gte', code_blocks=0), Closer(), InstructionMeta(name='exec_when', code_blocks=1), Input(input_index=1), InstructionMeta(name='exec_if', code_blocks=2), Closer(), Closer(), Closer(), InstructionMeta(name='int_mod', code_blocks=0), Closer(), InstructionMeta(name='int_inc', code_blocks=0), Input(input_index=0), Literal(value=1000, push_type=<pyshgp.push.types.PushIntType object at 0x7f34e09d1760>), InstructionMeta(name='int_lt', code_blocks=0), Input(input_index=0), Literal(value=1000, push_type=<pyshgp.push.types.PushIntType object at 0x7f34e09d1820>), InstructionMeta(name='int_lt', code_blocks=0), InstructionMeta(name='exec_do_while', code_blocks=1), InstructionMeta(name='int_mod', code_blocks=0), Literal(value=1000, push_type=<pyshgp.push.types.PushIntType object at 0x7f34e09d1b20>), InstructionMeta(name='int_gte', code_blocks=0), InstructionMeta(name='bool_swap', code_blocks=0)])
	Program:
	 (input_0 int_inc int_min int_min int_max bool_eq input_2 bool_rot str_length str_length str_contains_str str_is_empty exec_yank int_shove_dup str_flush int_inc exec_do_count (input_2 1 int_eq input_1 input_0 1000 int_lt int_gte int_min str_reverse True) str_concat input_1 2 int_mod 2000 int_gte input_1 2 int_mod int_gte int_min int_max int_max int_min int_min exec_flush exec_shove_dup () input_2 exec_if (2 int_gte) (exec_when (input_1 exec_if () ()) int_mod) int_inc input_0 1000 int_lt input_0 1000 int_lt exec_do_while (int_mod 1000 int_gte bool_swap))
	Error vector:
	 [0 0 0 0 0 0 0 0 0 0 0 0 1 0 0 0 0 0 1 0 0 0 0 0 0 0 0 0 0 0 1 0 0 0 0 0 0
 0 0 1 0 0 0 1 0 0 0 0 0 0 0 0 0 0 0 0 0 0 0 1 0 0 0 1 0 0 0 0 0 0 0 0 0 0
 0 0 0 0 0 0 0 0 0 0 0 0 0 0 0 1 0 0 0 0 0 0 0 0 0 0]
	Total error:
	 8
	Test error:
	 234
	Time:
	 00:47:00
