Included 22 edge cases.
Included 78 random cases.
Included 100 cases in total.
Finished formatting.
Included 0 edge cases.
Included 1000 random cases.
Included 1000 cases in total.
Finished formatting.
========================================
Setup
========================================
Search Configuration:
signature: ProgramSignature(push_config=PushConfig(growth_cap=500, collection_size_cap=1000, numeric_magnitude_limit=1000000000000.0, step_limit=600, runtime_limit=10), output_stacks=['bool'], arity=3)
evaluator: <pyshgp.gp.evaluation.DatasetEvaluator object at 0x7f162b0005e0>
spawner: <pyshgp.gp.genome.GeneSpawner object at 0x7f16371b2a30>
population_size: 200
max_generations: 300
error_threshold: 0.0
initial_genome_size: (40, 200)
simplification_steps: 500
parallel_context: <pyshgp.gp.search.ParallelContext object at 0x7f162b0004c0>
selection: <pyshgp.utils.DiscreteProbDistrib object at 0x7f1629b87a40>
variation: <pyshgp.utils.DiscreteProbDistrib object at 0x7f1629b87940>
Instructions:
int_add, int_sub, int_mult, int_div, int_mod, int_min, int_max, int_inc, int_dec, int_lt, int_lte, int_gt, int_gte, int_from_bool, str_concat, str_insert_str, str_from_first_char, str_from_last_char, str_from_nth_char, str_contains_str, str_index_of_str, str_split_on_str, str_replace_first_str, str_replace_n_str, str_replace_all_str, str_remove_first_str, str_remove_n_str, str_remove_all_str, str_occurrences_of_str, str_reverse, str_head, str_tail, str_rest, str_but_last, str_drop, str_but_last_n, str_length, str_make_empty, str_is_empty_string, str_remove_nth, str_strip_whitespace, str_from_bool, str_from_int, bool_and, bool_or, bool_not, bool_xor, bool_invert_first_then_and, bool_second_first_then_and, bool_from_int, noop, noop_open, exec_do_range, exec_do_count, exec_while, exec_do_while, exec_if, exec_when, print_bool, println_bool, print_int, println_int, print_str, println_str, print_exec, println_exec, bool_pop, bool_dup, bool_dup_times, bool_swap, bool_rot, bool_flush, bool_eq, bool_stack_depth, bool_yank, bool_yank_dup, bool_shove, bool_shove_dup, bool_is_empty, int_pop, int_dup, int_dup_times, int_swap, int_rot, int_flush, int_eq, int_stack_depth, int_yank, int_yank_dup, int_shove, int_shove_dup, int_is_empty, str_pop, str_dup, str_dup_times, str_swap, str_rot, str_flush, str_eq, str_stack_depth, str_yank, str_yank_dup, str_shove, str_shove_dup, str_is_empty, exec_pop, exec_dup, exec_dup_times, exec_swap, exec_rot, exec_flush, exec_eq, exec_stack_depth, exec_yank, exec_yank_dup, exec_shove, exec_shove_dup, exec_is_empty
Literals:
[]
ERC Generators:
[<function rand_bool at 0x7f16371b7820>]
========================================
Start Run
========================================
2021-12-09 12:29:37.732548 | GENERATION: 1 | ERRORS: best=25, median=75.0, diversity=0.025 | INDIVIDUALS: n=200, avg_genome_length=130.49
2021-12-09 12:29:41.959374 | GENERATION: 2 | ERRORS: best=25, median=25.0, diversity=0.035 | INDIVIDUALS: n=200, avg_genome_length=123.305
2021-12-09 12:29:46.182216 | GENERATION: 3 | ERRORS: best=24, median=25.0, diversity=0.045 | INDIVIDUALS: n=200, avg_genome_length=127.815
2021-12-09 12:29:58.194120 | GENERATION: 4 | ERRORS: best=24, median=58.0, diversity=0.295 | INDIVIDUALS: n=200, avg_genome_length=170.225
2021-12-09 12:30:11.928611 | GENERATION: 5 | ERRORS: best=24, median=41.0, diversity=0.425 | INDIVIDUALS: n=200, avg_genome_length=173.105
2021-12-09 12:30:27.074450 | GENERATION: 6 | ERRORS: best=21, median=37.5, diversity=0.55 | INDIVIDUALS: n=200, avg_genome_length=172.105
2021-12-09 12:30:41.758215 | GENERATION: 7 | ERRORS: best=21, median=37.0, diversity=0.605 | INDIVIDUALS: n=200, avg_genome_length=171.38
2021-12-09 12:30:56.816511 | GENERATION: 8 | ERRORS: best=20, median=32.0, diversity=0.585 | INDIVIDUALS: n=200, avg_genome_length=171.455
2021-12-09 12:31:12.559059 | GENERATION: 9 | ERRORS: best=20, median=31.0, diversity=0.625 | INDIVIDUALS: n=200, avg_genome_length=171.215
2021-12-09 12:31:28.520462 | GENERATION: 10 | ERRORS: best=19, median=31.5, diversity=0.635 | INDIVIDUALS: n=200, avg_genome_length=171.955
2021-12-09 12:31:45.365598 | GENERATION: 11 | ERRORS: best=19, median=32.0, diversity=0.63 | INDIVIDUALS: n=200, avg_genome_length=171.02
2021-12-09 12:32:04.084265 | GENERATION: 12 | ERRORS: best=19, median=31.0, diversity=0.69 | INDIVIDUALS: n=200, avg_genome_length=170.035
2021-12-09 12:32:22.523255 | GENERATION: 13 | ERRORS: best=19, median=29.0, diversity=0.675 | INDIVIDUALS: n=200, avg_genome_length=168.26
2021-12-09 12:32:41.486223 | GENERATION: 14 | ERRORS: best=19, median=32.0, diversity=0.695 | INDIVIDUALS: n=200, avg_genome_length=167.81
2021-12-09 12:33:00.909906 | GENERATION: 15 | ERRORS: best=18, median=32.0, diversity=0.715 | INDIVIDUALS: n=200, avg_genome_length=166.33
2021-12-09 12:33:20.847172 | GENERATION: 16 | ERRORS: best=17, median=35.0, diversity=0.785 | INDIVIDUALS: n=200, avg_genome_length=166.605
2021-12-09 12:33:42.022674 | GENERATION: 17 | ERRORS: best=16, median=35.0, diversity=0.755 | INDIVIDUALS: n=200, avg_genome_length=165.13
2021-12-09 12:34:03.124722 | GENERATION: 18 | ERRORS: best=16, median=35.0, diversity=0.75 | INDIVIDUALS: n=200, avg_genome_length=165.295
2021-12-09 12:34:25.650703 | GENERATION: 19 | ERRORS: best=16, median=30.0, diversity=0.76 | INDIVIDUALS: n=200, avg_genome_length=165.33
2021-12-09 12:34:48.332680 | GENERATION: 20 | ERRORS: best=16, median=32.0, diversity=0.745 | INDIVIDUALS: n=200, avg_genome_length=163.79
2021-12-09 12:35:10.496891 | GENERATION: 21 | ERRORS: best=17, median=32.0, diversity=0.74 | INDIVIDUALS: n=200, avg_genome_length=162.03
2021-12-09 12:35:33.741697 | GENERATION: 22 | ERRORS: best=17, median=32.0, diversity=0.755 | INDIVIDUALS: n=200, avg_genome_length=161.88
2021-12-09 12:35:57.204967 | GENERATION: 23 | ERRORS: best=17, median=32.0, diversity=0.72 | INDIVIDUALS: n=200, avg_genome_length=161.74
2021-12-09 12:36:21.173086 | GENERATION: 24 | ERRORS: best=16, median=29.0, diversity=0.8 | INDIVIDUALS: n=200, avg_genome_length=161.13
2021-12-09 12:36:43.983931 | GENERATION: 25 | ERRORS: best=16, median=30.0, diversity=0.77 | INDIVIDUALS: n=200, avg_genome_length=161.06
2021-12-09 12:37:07.410946 | GENERATION: 26 | ERRORS: best=15, median=30.0, diversity=0.775 | INDIVIDUALS: n=200, avg_genome_length=161.32
2021-12-09 12:37:30.509766 | GENERATION: 27 | ERRORS: best=15, median=32.0, diversity=0.705 | INDIVIDUALS: n=200, avg_genome_length=160.575
2021-12-09 12:37:53.035541 | GENERATION: 28 | ERRORS: best=15, median=32.0, diversity=0.76 | INDIVIDUALS: n=200, avg_genome_length=160.85
2021-12-09 12:38:16.332056 | GENERATION: 29 | ERRORS: best=15, median=30.0, diversity=0.77 | INDIVIDUALS: n=200, avg_genome_length=160.575
2021-12-09 12:38:38.535223 | GENERATION: 30 | ERRORS: best=17, median=31.0, diversity=0.74 | INDIVIDUALS: n=200, avg_genome_length=160.655
2021-12-09 12:39:00.009105 | GENERATION: 31 | ERRORS: best=17, median=31.5, diversity=0.715 | INDIVIDUALS: n=200, avg_genome_length=159.98
2021-12-09 12:39:21.283880 | GENERATION: 32 | ERRORS: best=16, median=27.0, diversity=0.6 | INDIVIDUALS: n=200, avg_genome_length=159.835
2021-12-09 12:39:43.302477 | GENERATION: 33 | ERRORS: best=14, median=28.0, diversity=0.68 | INDIVIDUALS: n=200, avg_genome_length=159.81
2021-12-09 12:40:04.964282 | GENERATION: 34 | ERRORS: best=14, median=25.0, diversity=0.615 | INDIVIDUALS: n=200, avg_genome_length=159.585
2021-12-09 12:40:26.407849 | GENERATION: 35 | ERRORS: best=14, median=28.5, diversity=0.705 | INDIVIDUALS: n=200, avg_genome_length=159.385
2021-12-09 12:40:48.567220 | GENERATION: 36 | ERRORS: best=14, median=27.0, diversity=0.675 | INDIVIDUALS: n=200, avg_genome_length=159.59
2021-12-09 12:41:09.926184 | GENERATION: 37 | ERRORS: best=14, median=31.0, diversity=0.64 | INDIVIDUALS: n=200, avg_genome_length=160.29
2021-12-09 12:41:31.601095 | GENERATION: 38 | ERRORS: best=14, median=31.0, diversity=0.7 | INDIVIDUALS: n=200, avg_genome_length=159.745
2021-12-09 12:41:53.568504 | GENERATION: 39 | ERRORS: best=14, median=32.0, diversity=0.665 | INDIVIDUALS: n=200, avg_genome_length=159.415
2021-12-09 12:42:15.108644 | GENERATION: 40 | ERRORS: best=14, median=28.0, diversity=0.63 | INDIVIDUALS: n=200, avg_genome_length=159.11
2021-12-09 12:42:37.810152 | GENERATION: 41 | ERRORS: best=14, median=31.0, diversity=0.705 | INDIVIDUALS: n=200, avg_genome_length=159.645
2021-12-09 12:42:59.061441 | GENERATION: 42 | ERRORS: best=14, median=28.5, diversity=0.69 | INDIVIDUALS: n=200, avg_genome_length=159.115
2021-12-09 12:43:18.726008 | GENERATION: 43 | ERRORS: best=14, median=27.5, diversity=0.64 | INDIVIDUALS: n=200, avg_genome_length=158.8
2021-12-09 12:43:39.185091 | GENERATION: 44 | ERRORS: best=14, median=27.0, diversity=0.585 | INDIVIDUALS: n=200, avg_genome_length=158.68
2021-12-09 12:43:59.636134 | GENERATION: 45 | ERRORS: best=14, median=26.5, diversity=0.605 | INDIVIDUALS: n=200, avg_genome_length=156.24
2021-12-09 12:44:19.888610 | GENERATION: 46 | ERRORS: best=14, median=25.0, diversity=0.605 | INDIVIDUALS: n=200, avg_genome_length=159.01
2021-12-09 12:44:41.070343 | GENERATION: 47 | ERRORS: best=14, median=25.0, diversity=0.655 | INDIVIDUALS: n=200, avg_genome_length=158.435
2021-12-09 12:45:02.118607 | GENERATION: 48 | ERRORS: best=14, median=25.0, diversity=0.615 | INDIVIDUALS: n=200, avg_genome_length=157.955
2021-12-09 12:45:23.785710 | GENERATION: 49 | ERRORS: best=14, median=27.5, diversity=0.68 | INDIVIDUALS: n=200, avg_genome_length=157.38
2021-12-09 12:45:45.733259 | GENERATION: 50 | ERRORS: best=14, median=26.0, diversity=0.7 | INDIVIDUALS: n=200, avg_genome_length=158.705
2021-12-09 12:46:06.798128 | GENERATION: 51 | ERRORS: best=14, median=28.0, diversity=0.695 | INDIVIDUALS: n=200, avg_genome_length=158.295
2021-12-09 12:46:28.724821 | GENERATION: 52 | ERRORS: best=14, median=27.0, diversity=0.64 | INDIVIDUALS: n=200, avg_genome_length=157.775
2021-12-09 12:46:45.422561 | GENERATION: 53 | ERRORS: best=14, median=26.0, diversity=0.64 | INDIVIDUALS: n=200, avg_genome_length=157.745
2021-12-09 12:47:01.046468 | GENERATION: 54 | ERRORS: best=13, median=26.5, diversity=0.605 | INDIVIDUALS: n=200, avg_genome_length=158.605
2021-12-09 12:47:16.978376 | GENERATION: 55 | ERRORS: best=13, median=28.0, diversity=0.705 | INDIVIDUALS: n=200, avg_genome_length=157.04
2021-12-09 12:47:33.807065 | GENERATION: 56 | ERRORS: best=13, median=27.5, diversity=0.69 | INDIVIDUALS: n=200, avg_genome_length=158.34
2021-12-09 12:47:49.923505 | GENERATION: 57 | ERRORS: best=13, median=28.0, diversity=0.685 | INDIVIDUALS: n=200, avg_genome_length=158.505
2021-12-09 12:48:05.658047 | GENERATION: 58 | ERRORS: best=13, median=27.0, diversity=0.65 | INDIVIDUALS: n=200, avg_genome_length=158.54
2021-12-09 12:48:22.423474 | GENERATION: 59 | ERRORS: best=13, median=25.0, diversity=0.645 | INDIVIDUALS: n=200, avg_genome_length=159.39
2021-12-09 12:48:39.437432 | GENERATION: 60 | ERRORS: best=13, median=27.0, diversity=0.675 | INDIVIDUALS: n=200, avg_genome_length=158.1
2021-12-09 12:48:55.984088 | GENERATION: 61 | ERRORS: best=13, median=26.0, diversity=0.645 | INDIVIDUALS: n=200, avg_genome_length=158.325
2021-12-09 12:49:13.177566 | GENERATION: 62 | ERRORS: best=13, median=27.0, diversity=0.675 | INDIVIDUALS: n=200, avg_genome_length=158.43
2021-12-09 12:49:30.919007 | GENERATION: 63 | ERRORS: best=13, median=25.0, diversity=0.615 | INDIVIDUALS: n=200, avg_genome_length=158.95
2021-12-09 12:49:47.835998 | GENERATION: 64 | ERRORS: best=13, median=27.0, diversity=0.72 | INDIVIDUALS: n=200, avg_genome_length=159.06
2021-12-09 12:50:04.311157 | GENERATION: 65 | ERRORS: best=13, median=26.0, diversity=0.665 | INDIVIDUALS: n=200, avg_genome_length=157.465
2021-12-09 12:50:20.649760 | GENERATION: 66 | ERRORS: best=13, median=25.0, diversity=0.61 | INDIVIDUALS: n=200, avg_genome_length=157.6
2021-12-09 12:50:36.824589 | GENERATION: 67 | ERRORS: best=13, median=25.0, diversity=0.68 | INDIVIDUALS: n=200, avg_genome_length=157.12
2021-12-09 12:50:52.796891 | GENERATION: 68 | ERRORS: best=13, median=25.0, diversity=0.59 | INDIVIDUALS: n=200, avg_genome_length=157.735
2021-12-09 12:51:08.894587 | GENERATION: 69 | ERRORS: best=13, median=25.0, diversity=0.62 | INDIVIDUALS: n=200, avg_genome_length=155.605
2021-12-09 12:51:26.092029 | GENERATION: 70 | ERRORS: best=13, median=25.0, diversity=0.63 | INDIVIDUALS: n=200, avg_genome_length=157.19
2021-12-09 12:51:42.177869 | GENERATION: 71 | ERRORS: best=13, median=25.0, diversity=0.65 | INDIVIDUALS: n=200, avg_genome_length=157.02
2021-12-09 12:51:59.822896 | GENERATION: 72 | ERRORS: best=13, median=26.0, diversity=0.685 | INDIVIDUALS: n=200, avg_genome_length=156.9
2021-12-09 12:52:17.534290 | GENERATION: 73 | ERRORS: best=13, median=25.0, diversity=0.67 | INDIVIDUALS: n=200, avg_genome_length=156.92
2021-12-09 12:52:34.387904 | GENERATION: 74 | ERRORS: best=13, median=25.0, diversity=0.64 | INDIVIDUALS: n=200, avg_genome_length=156.705
2021-12-09 12:52:51.435064 | GENERATION: 75 | ERRORS: best=13, median=28.0, diversity=0.71 | INDIVIDUALS: n=200, avg_genome_length=157.505
2021-12-09 12:53:08.984810 | GENERATION: 76 | ERRORS: best=13, median=25.0, diversity=0.69 | INDIVIDUALS: n=200, avg_genome_length=156.8
2021-12-09 12:53:25.298164 | GENERATION: 77 | ERRORS: best=13, median=29.0, diversity=0.695 | INDIVIDUALS: n=200, avg_genome_length=157.295
2021-12-09 12:53:42.159688 | GENERATION: 78 | ERRORS: best=13, median=26.5, diversity=0.69 | INDIVIDUALS: n=200, avg_genome_length=158.075
2021-12-09 12:54:00.503335 | GENERATION: 79 | ERRORS: best=13, median=27.0, diversity=0.72 | INDIVIDUALS: n=200, avg_genome_length=156.19
2021-12-09 12:54:17.628307 | GENERATION: 80 | ERRORS: best=13, median=25.0, diversity=0.665 | INDIVIDUALS: n=200, avg_genome_length=156.635
2021-12-09 12:54:34.185047 | GENERATION: 81 | ERRORS: best=13, median=25.0, diversity=0.665 | INDIVIDUALS: n=200, avg_genome_length=157.365
2021-12-09 12:54:51.029173 | GENERATION: 82 | ERRORS: best=13, median=25.5, diversity=0.68 | INDIVIDUALS: n=200, avg_genome_length=157.175
2021-12-09 12:55:08.118296 | GENERATION: 83 | ERRORS: best=13, median=29.0, diversity=0.68 | INDIVIDUALS: n=200, avg_genome_length=157.385
2021-12-09 12:55:25.404230 | GENERATION: 84 | ERRORS: best=13, median=25.0, diversity=0.68 | INDIVIDUALS: n=200, avg_genome_length=156.985
2021-12-09 12:55:42.039315 | GENERATION: 85 | ERRORS: best=13, median=25.5, diversity=0.71 | INDIVIDUALS: n=200, avg_genome_length=156.525
2021-12-09 12:55:58.165965 | GENERATION: 86 | ERRORS: best=13, median=25.5, diversity=0.68 | INDIVIDUALS: n=200, avg_genome_length=156.605
2021-12-09 12:56:14.280471 | GENERATION: 87 | ERRORS: best=13, median=26.0, diversity=0.73 | INDIVIDUALS: n=200, avg_genome_length=156.795
2021-12-09 12:56:31.354040 | GENERATION: 88 | ERRORS: best=13, median=26.0, diversity=0.71 | INDIVIDUALS: n=200, avg_genome_length=156.86
2021-12-09 12:56:48.788893 | GENERATION: 89 | ERRORS: best=14, median=26.0, diversity=0.71 | INDIVIDUALS: n=200, avg_genome_length=156.16
2021-12-09 12:57:06.302741 | GENERATION: 90 | ERRORS: best=13, median=25.0, diversity=0.615 | INDIVIDUALS: n=200, avg_genome_length=157.095
2021-12-09 12:57:23.557515 | GENERATION: 91 | ERRORS: best=13, median=25.0, diversity=0.65 | INDIVIDUALS: n=200, avg_genome_length=156.35
2021-12-09 12:57:40.437007 | GENERATION: 92 | ERRORS: best=13, median=25.0, diversity=0.665 | INDIVIDUALS: n=200, avg_genome_length=156.34
2021-12-09 12:57:57.971208 | GENERATION: 93 | ERRORS: best=13, median=26.0, diversity=0.75 | INDIVIDUALS: n=200, avg_genome_length=155.925
2021-12-09 12:58:16.237898 | GENERATION: 94 | ERRORS: best=13, median=25.0, diversity=0.725 | INDIVIDUALS: n=200, avg_genome_length=156.785
2021-12-09 12:58:35.006561 | GENERATION: 95 | ERRORS: best=13, median=25.0, diversity=0.7 | INDIVIDUALS: n=200, avg_genome_length=155.935
2021-12-09 12:58:50.931061 | GENERATION: 96 | ERRORS: best=13, median=26.0, diversity=0.71 | INDIVIDUALS: n=200, avg_genome_length=156.475
2021-12-09 12:59:07.759630 | GENERATION: 97 | ERRORS: best=13, median=27.0, diversity=0.765 | INDIVIDUALS: n=200, avg_genome_length=156.26
2021-12-09 12:59:24.712988 | GENERATION: 98 | ERRORS: best=13, median=27.0, diversity=0.735 | INDIVIDUALS: n=200, avg_genome_length=156.385
2021-12-09 12:59:41.217811 | GENERATION: 99 | ERRORS: best=13, median=28.0, diversity=0.72 | INDIVIDUALS: n=200, avg_genome_length=154.54
2021-12-09 12:59:58.236328 | GENERATION: 100 | ERRORS: best=13, median=28.0, diversity=0.715 | INDIVIDUALS: n=200, avg_genome_length=154.875
2021-12-09 13:00:16.306269 | GENERATION: 101 | ERRORS: best=13, median=25.0, diversity=0.72 | INDIVIDUALS: n=200, avg_genome_length=154.76
2021-12-09 13:00:32.844983 | GENERATION: 102 | ERRORS: best=13, median=25.0, diversity=0.635 | INDIVIDUALS: n=200, avg_genome_length=154.065
2021-12-09 13:00:48.574709 | GENERATION: 103 | ERRORS: best=13, median=26.5, diversity=0.715 | INDIVIDUALS: n=200, avg_genome_length=155.415
2021-12-09 13:01:05.133898 | GENERATION: 104 | ERRORS: best=13, median=28.0, diversity=0.74 | INDIVIDUALS: n=200, avg_genome_length=155.52
2021-12-09 13:01:22.639163 | GENERATION: 105 | ERRORS: best=13, median=26.0, diversity=0.705 | INDIVIDUALS: n=200, avg_genome_length=155.845
2021-12-09 13:01:39.137712 | GENERATION: 106 | ERRORS: best=13, median=26.0, diversity=0.68 | INDIVIDUALS: n=200, avg_genome_length=155.795
2021-12-09 13:01:56.802659 | GENERATION: 107 | ERRORS: best=13, median=27.5, diversity=0.81 | INDIVIDUALS: n=200, avg_genome_length=155.955
2021-12-09 13:02:13.889733 | GENERATION: 108 | ERRORS: best=13, median=28.0, diversity=0.705 | INDIVIDUALS: n=200, avg_genome_length=154.345
2021-12-09 13:02:30.938679 | GENERATION: 109 | ERRORS: best=13, median=27.0, diversity=0.685 | INDIVIDUALS: n=200, avg_genome_length=156.425
2021-12-09 13:02:48.881095 | GENERATION: 110 | ERRORS: best=13, median=26.0, diversity=0.7 | INDIVIDUALS: n=200, avg_genome_length=155.905
2021-12-09 13:03:06.325665 | GENERATION: 111 | ERRORS: best=13, median=27.0, diversity=0.675 | INDIVIDUALS: n=200, avg_genome_length=155.56
2021-12-09 13:03:24.384860 | GENERATION: 112 | ERRORS: best=13, median=26.0, diversity=0.69 | INDIVIDUALS: n=200, avg_genome_length=155.155
2021-12-09 13:03:44.855319 | GENERATION: 113 | ERRORS: best=13, median=25.0, diversity=0.675 | INDIVIDUALS: n=200, avg_genome_length=155.0
2021-12-09 13:04:01.656524 | GENERATION: 114 | ERRORS: best=13, median=27.0, diversity=0.735 | INDIVIDUALS: n=200, avg_genome_length=155.65
2021-12-09 13:04:18.547297 | GENERATION: 115 | ERRORS: best=13, median=26.0, diversity=0.645 | INDIVIDUALS: n=200, avg_genome_length=155.58
2021-12-09 13:04:34.845450 | GENERATION: 116 | ERRORS: best=13, median=27.0, diversity=0.7 | INDIVIDUALS: n=200, avg_genome_length=156.395
2021-12-09 13:04:50.873300 | GENERATION: 117 | ERRORS: best=13, median=28.0, diversity=0.715 | INDIVIDUALS: n=200, avg_genome_length=154.905
2021-12-09 13:05:07.437213 | GENERATION: 118 | ERRORS: best=13, median=29.5, diversity=0.775 | INDIVIDUALS: n=200, avg_genome_length=155.255
2021-12-09 13:05:23.050250 | GENERATION: 119 | ERRORS: best=13, median=27.0, diversity=0.695 | INDIVIDUALS: n=200, avg_genome_length=155.525
2021-12-09 13:05:39.362021 | GENERATION: 120 | ERRORS: best=13, median=26.0, diversity=0.69 | INDIVIDUALS: n=200, avg_genome_length=155.22
2021-12-09 13:05:56.953842 | GENERATION: 121 | ERRORS: best=13, median=28.0, diversity=0.76 | INDIVIDUALS: n=200, avg_genome_length=155.725
2021-12-09 13:06:13.987613 | GENERATION: 122 | ERRORS: best=13, median=28.0, diversity=0.765 | INDIVIDUALS: n=200, avg_genome_length=156.48
2021-12-09 13:06:30.042841 | GENERATION: 123 | ERRORS: best=13, median=29.0, diversity=0.75 | INDIVIDUALS: n=200, avg_genome_length=156.545
2021-12-09 13:06:46.516218 | GENERATION: 124 | ERRORS: best=13, median=28.5, diversity=0.765 | INDIVIDUALS: n=200, avg_genome_length=157.035
2021-12-09 13:07:02.460141 | GENERATION: 125 | ERRORS: best=13, median=25.0, diversity=0.59 | INDIVIDUALS: n=200, avg_genome_length=157.6
2021-12-09 13:07:18.415565 | GENERATION: 126 | ERRORS: best=13, median=25.0, diversity=0.68 | INDIVIDUALS: n=200, avg_genome_length=157.895
2021-12-09 13:07:34.972821 | GENERATION: 127 | ERRORS: best=13, median=27.0, diversity=0.755 | INDIVIDUALS: n=200, avg_genome_length=158.39
2021-12-09 13:07:50.727650 | GENERATION: 128 | ERRORS: best=13, median=26.0, diversity=0.7 | INDIVIDUALS: n=200, avg_genome_length=158.215
2021-12-09 13:08:07.117533 | GENERATION: 129 | ERRORS: best=13, median=28.0, diversity=0.715 | INDIVIDUALS: n=200, avg_genome_length=157.59
2021-12-09 13:08:25.032104 | GENERATION: 130 | ERRORS: best=13, median=27.0, diversity=0.76 | INDIVIDUALS: n=200, avg_genome_length=158.135
2021-12-09 13:08:42.109839 | GENERATION: 131 | ERRORS: best=13, median=26.0, diversity=0.695 | INDIVIDUALS: n=200, avg_genome_length=157.605
2021-12-09 13:08:59.463774 | GENERATION: 132 | ERRORS: best=13, median=25.5, diversity=0.665 | INDIVIDUALS: n=200, avg_genome_length=159.39
2021-12-09 13:09:16.332731 | GENERATION: 133 | ERRORS: best=13, median=26.0, diversity=0.665 | INDIVIDUALS: n=200, avg_genome_length=159.065
2021-12-09 13:09:33.256008 | GENERATION: 134 | ERRORS: best=13, median=28.0, diversity=0.715 | INDIVIDUALS: n=200, avg_genome_length=157.915
2021-12-09 13:09:49.587757 | GENERATION: 135 | ERRORS: best=13, median=25.0, diversity=0.65 | INDIVIDUALS: n=200, avg_genome_length=158.135
2021-12-09 13:10:07.236544 | GENERATION: 136 | ERRORS: best=13, median=25.0, diversity=0.665 | INDIVIDUALS: n=200, avg_genome_length=156.635
2021-12-09 13:10:24.719546 | GENERATION: 137 | ERRORS: best=13, median=25.0, diversity=0.58 | INDIVIDUALS: n=200, avg_genome_length=156.435
2021-12-09 13:10:44.168262 | GENERATION: 138 | ERRORS: best=13, median=26.0, diversity=0.68 | INDIVIDUALS: n=200, avg_genome_length=154.965
2021-12-09 13:11:04.005152 | GENERATION: 139 | ERRORS: best=13, median=27.0, diversity=0.69 | INDIVIDUALS: n=200, avg_genome_length=154.015
2021-12-09 13:11:23.497372 | GENERATION: 140 | ERRORS: best=13, median=25.5, diversity=0.64 | INDIVIDUALS: n=200, avg_genome_length=154.785
2021-12-09 13:11:43.922352 | GENERATION: 141 | ERRORS: best=13, median=28.0, diversity=0.64 | INDIVIDUALS: n=200, avg_genome_length=154.985
2021-12-09 13:12:03.418857 | GENERATION: 142 | ERRORS: best=13, median=25.0, diversity=0.665 | INDIVIDUALS: n=200, avg_genome_length=156.165
2021-12-09 13:12:24.025221 | GENERATION: 143 | ERRORS: best=13, median=25.0, diversity=0.63 | INDIVIDUALS: n=200, avg_genome_length=154.82
2021-12-09 13:12:44.821554 | GENERATION: 144 | ERRORS: best=13, median=26.0, diversity=0.665 | INDIVIDUALS: n=200, avg_genome_length=154.755
2021-12-09 13:13:05.573492 | GENERATION: 145 | ERRORS: best=13, median=25.0, diversity=0.675 | INDIVIDUALS: n=200, avg_genome_length=155.61
2021-12-09 13:13:25.646162 | GENERATION: 146 | ERRORS: best=13, median=25.0, diversity=0.68 | INDIVIDUALS: n=200, avg_genome_length=155.565
2021-12-09 13:13:44.997282 | GENERATION: 147 | ERRORS: best=13, median=26.0, diversity=0.655 | INDIVIDUALS: n=200, avg_genome_length=155.82
2021-12-09 13:14:04.557788 | GENERATION: 148 | ERRORS: best=13, median=26.0, diversity=0.655 | INDIVIDUALS: n=200, avg_genome_length=156.075
2021-12-09 13:14:24.395250 | GENERATION: 149 | ERRORS: best=13, median=27.5, diversity=0.71 | INDIVIDUALS: n=200, avg_genome_length=154.14
2021-12-09 13:14:43.841367 | GENERATION: 150 | ERRORS: best=13, median=27.0, diversity=0.7 | INDIVIDUALS: n=200, avg_genome_length=153.97
2021-12-09 13:15:01.605327 | GENERATION: 151 | ERRORS: best=13, median=26.0, diversity=0.655 | INDIVIDUALS: n=200, avg_genome_length=155.56
2021-12-09 13:15:20.966317 | GENERATION: 152 | ERRORS: best=14, median=26.5, diversity=0.7 | INDIVIDUALS: n=200, avg_genome_length=156.775
2021-12-09 13:15:40.644929 | GENERATION: 153 | ERRORS: best=14, median=26.0, diversity=0.7 | INDIVIDUALS: n=200, avg_genome_length=155.95
2021-12-09 13:15:58.496031 | GENERATION: 154 | ERRORS: best=14, median=27.5, diversity=0.72 | INDIVIDUALS: n=200, avg_genome_length=154.62
2021-12-09 13:16:18.633270 | GENERATION: 155 | ERRORS: best=13, median=27.0, diversity=0.72 | INDIVIDUALS: n=200, avg_genome_length=154.515
2021-12-09 13:16:38.097968 | GENERATION: 156 | ERRORS: best=13, median=27.0, diversity=0.675 | INDIVIDUALS: n=200, avg_genome_length=154.565
2021-12-09 13:16:55.721166 | GENERATION: 157 | ERRORS: best=13, median=25.5, diversity=0.695 | INDIVIDUALS: n=200, avg_genome_length=154.71
2021-12-09 13:17:12.710451 | GENERATION: 158 | ERRORS: best=13, median=27.5, diversity=0.72 | INDIVIDUALS: n=200, avg_genome_length=155.905
2021-12-09 13:17:30.241064 | GENERATION: 159 | ERRORS: best=13, median=30.0, diversity=0.685 | INDIVIDUALS: n=200, avg_genome_length=154.665
2021-12-09 13:17:47.564135 | GENERATION: 160 | ERRORS: best=12, median=26.0, diversity=0.685 | INDIVIDUALS: n=200, avg_genome_length=155.105
2021-12-09 13:18:04.345842 | GENERATION: 161 | ERRORS: best=12, median=26.5, diversity=0.675 | INDIVIDUALS: n=200, avg_genome_length=156.15
2021-12-09 13:18:20.690544 | GENERATION: 162 | ERRORS: best=10, median=25.0, diversity=0.655 | INDIVIDUALS: n=200, avg_genome_length=156.485
2021-12-09 13:18:36.437662 | GENERATION: 163 | ERRORS: best=10, median=26.0, diversity=0.55 | INDIVIDUALS: n=200, avg_genome_length=156.52
2021-12-09 13:18:52.433398 | GENERATION: 164 | ERRORS: best=10, median=25.0, diversity=0.61 | INDIVIDUALS: n=200, avg_genome_length=156.115
2021-12-09 13:19:07.629976 | GENERATION: 165 | ERRORS: best=10, median=25.5, diversity=0.64 | INDIVIDUALS: n=200, avg_genome_length=156.42
2021-12-09 13:19:23.507968 | GENERATION: 166 | ERRORS: best=10, median=25.0, diversity=0.63 | INDIVIDUALS: n=200, avg_genome_length=154.635
2021-12-09 13:19:38.698644 | GENERATION: 167 | ERRORS: best=10, median=25.0, diversity=0.58 | INDIVIDUALS: n=200, avg_genome_length=155.16
2021-12-09 13:19:53.329733 | GENERATION: 168 | ERRORS: best=10, median=25.0, diversity=0.635 | INDIVIDUALS: n=200, avg_genome_length=155.035
2021-12-09 13:20:07.381927 | GENERATION: 169 | ERRORS: best=8, median=25.0, diversity=0.615 | INDIVIDUALS: n=200, avg_genome_length=155.18
2021-12-09 13:20:22.124060 | GENERATION: 170 | ERRORS: best=7, median=25.0, diversity=0.605 | INDIVIDUALS: n=200, avg_genome_length=155.815
2021-12-09 13:20:36.650383 | GENERATION: 171 | ERRORS: best=7, median=25.0, diversity=0.545 | INDIVIDUALS: n=200, avg_genome_length=156.85
2021-12-09 13:20:51.210552 | GENERATION: 172 | ERRORS: best=7, median=25.0, diversity=0.57 | INDIVIDUALS: n=200, avg_genome_length=156.305
2021-12-09 13:21:05.274568 | GENERATION: 173 | ERRORS: best=7, median=25.0, diversity=0.555 | INDIVIDUALS: n=200, avg_genome_length=157.825
2021-12-09 13:21:19.889060 | GENERATION: 174 | ERRORS: best=7, median=25.0, diversity=0.56 | INDIVIDUALS: n=200, avg_genome_length=157.09
2021-12-09 13:21:33.982138 | GENERATION: 175 | ERRORS: best=7, median=25.0, diversity=0.565 | INDIVIDUALS: n=200, avg_genome_length=156.805
2021-12-09 13:21:47.863209 | GENERATION: 176 | ERRORS: best=7, median=25.0, diversity=0.595 | INDIVIDUALS: n=200, avg_genome_length=156.365
2021-12-09 13:22:02.999339 | GENERATION: 177 | ERRORS: best=7, median=25.0, diversity=0.615 | INDIVIDUALS: n=200, avg_genome_length=156.57
2021-12-09 13:22:17.344620 | GENERATION: 178 | ERRORS: best=7, median=25.0, diversity=0.615 | INDIVIDUALS: n=200, avg_genome_length=154.91
2021-12-09 13:22:30.952055 | GENERATION: 179 | ERRORS: best=7, median=25.0, diversity=0.65 | INDIVIDUALS: n=200, avg_genome_length=153.5
2021-12-09 13:22:44.767046 | GENERATION: 180 | ERRORS: best=7, median=26.0, diversity=0.675 | INDIVIDUALS: n=200, avg_genome_length=153.505
2021-12-09 13:22:56.865353 | GENERATION: 181 | ERRORS: best=7, median=25.0, diversity=0.625 | INDIVIDUALS: n=200, avg_genome_length=152.03
2021-12-09 13:23:08.217671 | GENERATION: 182 | ERRORS: best=6, median=25.0, diversity=0.69 | INDIVIDUALS: n=200, avg_genome_length=149.565
2021-12-09 13:23:19.209645 | GENERATION: 183 | ERRORS: best=6, median=25.0, diversity=0.635 | INDIVIDUALS: n=200, avg_genome_length=147.94
2021-12-09 13:23:29.360837 | GENERATION: 184 | ERRORS: best=5, median=25.0, diversity=0.675 | INDIVIDUALS: n=200, avg_genome_length=146.65
2021-12-09 13:23:39.923828 | GENERATION: 185 | ERRORS: best=5, median=25.0, diversity=0.73 | INDIVIDUALS: n=200, avg_genome_length=147.95
2021-12-09 13:23:51.129323 | GENERATION: 186 | ERRORS: best=5, median=25.0, diversity=0.705 | INDIVIDUALS: n=200, avg_genome_length=147.295
2021-12-09 13:24:02.694956 | GENERATION: 187 | ERRORS: best=5, median=25.0, diversity=0.78 | INDIVIDUALS: n=200, avg_genome_length=146.545
2021-12-09 13:24:14.109593 | GENERATION: 188 | ERRORS: best=5, median=25.0, diversity=0.62 | INDIVIDUALS: n=200, avg_genome_length=146.175
2021-12-09 13:24:24.904155 | GENERATION: 189 | ERRORS: best=5, median=25.0, diversity=0.695 | INDIVIDUALS: n=200, avg_genome_length=145.705
2021-12-09 13:24:35.202789 | GENERATION: 190 | ERRORS: best=5, median=25.0, diversity=0.595 | INDIVIDUALS: n=200, avg_genome_length=145.56
2021-12-09 13:24:44.255538 | GENERATION: 191 | ERRORS: best=5, median=25.0, diversity=0.65 | INDIVIDUALS: n=200, avg_genome_length=143.295
2021-12-09 13:24:53.225077 | GENERATION: 192 | ERRORS: best=5, median=25.0, diversity=0.61 | INDIVIDUALS: n=200, avg_genome_length=144.045
2021-12-09 13:25:03.166050 | GENERATION: 193 | ERRORS: best=5, median=25.0, diversity=0.645 | INDIVIDUALS: n=200, avg_genome_length=145.855
2021-12-09 13:25:13.098554 | GENERATION: 194 | ERRORS: best=5, median=25.0, diversity=0.61 | INDIVIDUALS: n=200, avg_genome_length=145.34
2021-12-09 13:25:23.204665 | GENERATION: 195 | ERRORS: best=5, median=25.0, diversity=0.66 | INDIVIDUALS: n=200, avg_genome_length=145.025
2021-12-09 13:25:32.021622 | GENERATION: 196 | ERRORS: best=5, median=25.0, diversity=0.62 | INDIVIDUALS: n=200, avg_genome_length=145.41
2021-12-09 13:25:41.147145 | GENERATION: 197 | ERRORS: best=5, median=25.0, diversity=0.615 | INDIVIDUALS: n=200, avg_genome_length=143.88
2021-12-09 13:25:51.070134 | GENERATION: 198 | ERRORS: best=4, median=25.0, diversity=0.63 | INDIVIDUALS: n=200, avg_genome_length=144.795
2021-12-09 13:25:59.949498 | GENERATION: 199 | ERRORS: best=4, median=25.0, diversity=0.625 | INDIVIDUALS: n=200, avg_genome_length=145.72
2021-12-09 13:26:09.231259 | GENERATION: 200 | ERRORS: best=4, median=25.0, diversity=0.645 | INDIVIDUALS: n=200, avg_genome_length=146.2
2021-12-09 13:26:18.645190 | GENERATION: 201 | ERRORS: best=4, median=25.0, diversity=0.685 | INDIVIDUALS: n=200, avg_genome_length=145.415
2021-12-09 13:26:28.795549 | GENERATION: 202 | ERRORS: best=4, median=25.0, diversity=0.66 | INDIVIDUALS: n=200, avg_genome_length=145.435
2021-12-09 13:26:38.676612 | GENERATION: 203 | ERRORS: best=4, median=25.0, diversity=0.705 | INDIVIDUALS: n=200, avg_genome_length=145.065
2021-12-09 13:26:49.458077 | GENERATION: 204 | ERRORS: best=5, median=25.0, diversity=0.745 | INDIVIDUALS: n=200, avg_genome_length=145.52
2021-12-09 13:26:59.431349 | GENERATION: 205 | ERRORS: best=5, median=25.0, diversity=0.65 | INDIVIDUALS: n=200, avg_genome_length=144.545
2021-12-09 13:27:08.762213 | GENERATION: 206 | ERRORS: best=5, median=25.0, diversity=0.75 | INDIVIDUALS: n=200, avg_genome_length=144.135
2021-12-09 13:27:18.415613 | GENERATION: 207 | ERRORS: best=5, median=25.0, diversity=0.72 | INDIVIDUALS: n=200, avg_genome_length=144.51
2021-12-09 13:27:27.260241 | GENERATION: 208 | ERRORS: best=5, median=25.0, diversity=0.74 | INDIVIDUALS: n=200, avg_genome_length=143.76
2021-12-09 13:27:36.805231 | GENERATION: 209 | ERRORS: best=5, median=25.0, diversity=0.825 | INDIVIDUALS: n=200, avg_genome_length=144.775
2021-12-09 13:27:45.838530 | GENERATION: 210 | ERRORS: best=5, median=25.0, diversity=0.755 | INDIVIDUALS: n=200, avg_genome_length=143.505
2021-12-09 13:27:54.665743 | GENERATION: 211 | ERRORS: best=5, median=25.0, diversity=0.735 | INDIVIDUALS: n=200, avg_genome_length=144.245
2021-12-09 13:28:03.871241 | GENERATION: 212 | ERRORS: best=5, median=25.0, diversity=0.715 | INDIVIDUALS: n=200, avg_genome_length=144.505
2021-12-09 13:28:12.541631 | GENERATION: 213 | ERRORS: best=5, median=25.0, diversity=0.775 | INDIVIDUALS: n=200, avg_genome_length=143.565
2021-12-09 13:28:21.557442 | GENERATION: 214 | ERRORS: best=3, median=25.0, diversity=0.765 | INDIVIDUALS: n=200, avg_genome_length=143.175
2021-12-09 13:28:31.280314 | GENERATION: 215 | ERRORS: best=3, median=25.0, diversity=0.745 | INDIVIDUALS: n=200, avg_genome_length=144.17
2021-12-09 13:28:40.014998 | GENERATION: 216 | ERRORS: best=3, median=25.0, diversity=0.7 | INDIVIDUALS: n=200, avg_genome_length=144.925
2021-12-09 13:28:49.662511 | GENERATION: 217 | ERRORS: best=3, median=26.0, diversity=0.75 | INDIVIDUALS: n=200, avg_genome_length=145.22
2021-12-09 13:28:58.235109 | GENERATION: 218 | ERRORS: best=3, median=26.0, diversity=0.71 | INDIVIDUALS: n=200, avg_genome_length=144.47
2021-12-09 13:29:07.053950 | GENERATION: 219 | ERRORS: best=3, median=25.0, diversity=0.685 | INDIVIDUALS: n=200, avg_genome_length=146.06
2021-12-09 13:29:16.342044 | GENERATION: 220 | ERRORS: best=3, median=25.0, diversity=0.715 | INDIVIDUALS: n=200, avg_genome_length=145.07
2021-12-09 13:29:26.141161 | GENERATION: 221 | ERRORS: best=3, median=25.0, diversity=0.7 | INDIVIDUALS: n=200, avg_genome_length=146.565
2021-12-09 13:29:35.371897 | GENERATION: 222 | ERRORS: best=3, median=25.0, diversity=0.615 | INDIVIDUALS: n=200, avg_genome_length=146.73
2021-12-09 13:29:44.998849 | GENERATION: 223 | ERRORS: best=3, median=25.0, diversity=0.655 | INDIVIDUALS: n=200, avg_genome_length=147.08
2021-12-09 13:29:54.185416 | GENERATION: 224 | ERRORS: best=3, median=25.0, diversity=0.66 | INDIVIDUALS: n=200, avg_genome_length=145.705
2021-12-09 13:30:03.057952 | GENERATION: 225 | ERRORS: best=3, median=25.0, diversity=0.64 | INDIVIDUALS: n=200, avg_genome_length=145.93
2021-12-09 13:30:11.978055 | GENERATION: 226 | ERRORS: best=3, median=25.0, diversity=0.63 | INDIVIDUALS: n=200, avg_genome_length=145.975
2021-12-09 13:30:20.721605 | GENERATION: 227 | ERRORS: best=3, median=25.0, diversity=0.635 | INDIVIDUALS: n=200, avg_genome_length=144.54
2021-12-09 13:30:29.370446 | GENERATION: 228 | ERRORS: best=3, median=25.0, diversity=0.605 | INDIVIDUALS: n=200, avg_genome_length=145.075
2021-12-09 13:30:38.110570 | GENERATION: 229 | ERRORS: best=3, median=25.0, diversity=0.655 | INDIVIDUALS: n=200, avg_genome_length=144.625
2021-12-09 13:30:47.000739 | GENERATION: 230 | ERRORS: best=3, median=25.0, diversity=0.6 | INDIVIDUALS: n=200, avg_genome_length=145.38
2021-12-09 13:30:56.148764 | GENERATION: 231 | ERRORS: best=3, median=25.0, diversity=0.67 | INDIVIDUALS: n=200, avg_genome_length=145.81
2021-12-09 13:31:05.091177 | GENERATION: 232 | ERRORS: best=3, median=25.0, diversity=0.67 | INDIVIDUALS: n=200, avg_genome_length=145.62
2021-12-09 13:31:14.245892 | GENERATION: 233 | ERRORS: best=3, median=25.0, diversity=0.72 | INDIVIDUALS: n=200, avg_genome_length=145.365
2021-12-09 13:31:23.680005 | GENERATION: 234 | ERRORS: best=3, median=25.0, diversity=0.7 | INDIVIDUALS: n=200, avg_genome_length=145.89
2021-12-09 13:31:33.080446 | GENERATION: 235 | ERRORS: best=3, median=25.0, diversity=0.695 | INDIVIDUALS: n=200, avg_genome_length=145.79
2021-12-09 13:31:42.069085 | GENERATION: 236 | ERRORS: best=3, median=25.0, diversity=0.655 | INDIVIDUALS: n=200, avg_genome_length=146.705
2021-12-09 13:31:52.501633 | GENERATION: 237 | ERRORS: best=3, median=25.0, diversity=0.645 | INDIVIDUALS: n=200, avg_genome_length=146.78
2021-12-09 13:32:01.915236 | GENERATION: 238 | ERRORS: best=3, median=24.0, diversity=0.69 | INDIVIDUALS: n=200, avg_genome_length=146.07
2021-12-09 13:32:10.241599 | GENERATION: 239 | ERRORS: best=3, median=25.0, diversity=0.63 | INDIVIDUALS: n=200, avg_genome_length=145.455
2021-12-09 13:32:19.673099 | GENERATION: 240 | ERRORS: best=3, median=25.0, diversity=0.645 | INDIVIDUALS: n=200, avg_genome_length=146.475
2021-12-09 13:32:29.094368 | GENERATION: 241 | ERRORS: best=3, median=25.0, diversity=0.63 | INDIVIDUALS: n=200, avg_genome_length=145.765
2021-12-09 13:32:38.747864 | GENERATION: 242 | ERRORS: best=3, median=25.0, diversity=0.645 | INDIVIDUALS: n=200, avg_genome_length=146.22
2021-12-09 13:32:47.938612 | GENERATION: 243 | ERRORS: best=3, median=25.0, diversity=0.59 | INDIVIDUALS: n=200, avg_genome_length=145.06
2021-12-09 13:32:56.446798 | GENERATION: 244 | ERRORS: best=3, median=25.0, diversity=0.625 | INDIVIDUALS: n=200, avg_genome_length=145.205
2021-12-09 13:33:05.457997 | GENERATION: 245 | ERRORS: best=3, median=25.0, diversity=0.63 | INDIVIDUALS: n=200, avg_genome_length=145.805
2021-12-09 13:33:13.980840 | GENERATION: 246 | ERRORS: best=3, median=25.0, diversity=0.675 | INDIVIDUALS: n=200, avg_genome_length=145.38
2021-12-09 13:33:23.060611 | GENERATION: 247 | ERRORS: best=3, median=22.0, diversity=0.6 | INDIVIDUALS: n=200, avg_genome_length=145.2
2021-12-09 13:33:31.604447 | GENERATION: 248 | ERRORS: best=3, median=25.0, diversity=0.65 | INDIVIDUALS: n=200, avg_genome_length=145.055
2021-12-09 13:33:40.380252 | GENERATION: 249 | ERRORS: best=3, median=25.0, diversity=0.58 | INDIVIDUALS: n=200, avg_genome_length=146.595
2021-12-09 13:33:48.426978 | GENERATION: 250 | ERRORS: best=3, median=25.0, diversity=0.64 | INDIVIDUALS: n=200, avg_genome_length=145.435
2021-12-09 13:33:57.312191 | GENERATION: 251 | ERRORS: best=3, median=25.0, diversity=0.655 | INDIVIDUALS: n=200, avg_genome_length=146.125
2021-12-09 13:34:05.629489 | GENERATION: 252 | ERRORS: best=3, median=24.0, diversity=0.615 | INDIVIDUALS: n=200, avg_genome_length=145.645
2021-12-09 13:34:15.016425 | GENERATION: 253 | ERRORS: best=3, median=24.0, diversity=0.575 | INDIVIDUALS: n=200, avg_genome_length=146.18
2021-12-09 13:34:24.021322 | GENERATION: 254 | ERRORS: best=3, median=25.0, diversity=0.64 | INDIVIDUALS: n=200, avg_genome_length=145.95
2021-12-09 13:34:32.842307 | GENERATION: 255 | ERRORS: best=3, median=25.0, diversity=0.625 | INDIVIDUALS: n=200, avg_genome_length=145.88
2021-12-09 13:34:41.151987 | GENERATION: 256 | ERRORS: best=3, median=25.0, diversity=0.67 | INDIVIDUALS: n=200, avg_genome_length=145.005
2021-12-09 13:34:49.498059 | GENERATION: 257 | ERRORS: best=3, median=25.0, diversity=0.695 | INDIVIDUALS: n=200, avg_genome_length=145.295
2021-12-09 13:34:58.021799 | GENERATION: 258 | ERRORS: best=3, median=24.0, diversity=0.63 | INDIVIDUALS: n=200, avg_genome_length=145.11
2021-12-09 13:35:06.099484 | GENERATION: 259 | ERRORS: best=3, median=25.0, diversity=0.605 | INDIVIDUALS: n=200, avg_genome_length=146.73
2021-12-09 13:35:14.839520 | GENERATION: 260 | ERRORS: best=3, median=25.0, diversity=0.635 | INDIVIDUALS: n=200, avg_genome_length=146.16
2021-12-09 13:35:23.455677 | GENERATION: 261 | ERRORS: best=3, median=25.0, diversity=0.58 | INDIVIDUALS: n=200, avg_genome_length=145.675
2021-12-09 13:35:31.857683 | GENERATION: 262 | ERRORS: best=3, median=25.0, diversity=0.63 | INDIVIDUALS: n=200, avg_genome_length=145.215
2021-12-09 13:35:40.408738 | GENERATION: 263 | ERRORS: best=3, median=25.0, diversity=0.64 | INDIVIDUALS: n=200, avg_genome_length=145.495
2021-12-09 13:35:49.006798 | GENERATION: 264 | ERRORS: best=3, median=25.0, diversity=0.64 | INDIVIDUALS: n=200, avg_genome_length=145.8
2021-12-09 13:35:57.436603 | GENERATION: 265 | ERRORS: best=3, median=25.0, diversity=0.64 | INDIVIDUALS: n=200, avg_genome_length=146.445
2021-12-09 13:36:07.173609 | GENERATION: 266 | ERRORS: best=3, median=25.0, diversity=0.66 | INDIVIDUALS: n=200, avg_genome_length=146.77
2021-12-09 13:36:16.930387 | GENERATION: 267 | ERRORS: best=3, median=25.0, diversity=0.6 | INDIVIDUALS: n=200, avg_genome_length=146.875
2021-12-09 13:36:26.991500 | GENERATION: 268 | ERRORS: best=3, median=25.0, diversity=0.685 | INDIVIDUALS: n=200, avg_genome_length=145.985
2021-12-09 13:36:36.701556 | GENERATION: 269 | ERRORS: best=3, median=25.0, diversity=0.66 | INDIVIDUALS: n=200, avg_genome_length=145.57
2021-12-09 13:36:45.751655 | GENERATION: 270 | ERRORS: best=3, median=25.0, diversity=0.645 | INDIVIDUALS: n=200, avg_genome_length=145.165
2021-12-09 13:36:54.406935 | GENERATION: 271 | ERRORS: best=3, median=25.0, diversity=0.62 | INDIVIDUALS: n=200, avg_genome_length=145.19
2021-12-09 13:37:03.722522 | GENERATION: 272 | ERRORS: best=3, median=25.0, diversity=0.655 | INDIVIDUALS: n=200, avg_genome_length=145.885
2021-12-09 13:37:12.344557 | GENERATION: 273 | ERRORS: best=3, median=25.0, diversity=0.615 | INDIVIDUALS: n=200, avg_genome_length=145.715
2021-12-09 13:37:21.252240 | GENERATION: 274 | ERRORS: best=3, median=25.0, diversity=0.63 | INDIVIDUALS: n=200, avg_genome_length=145.44
2021-12-09 13:37:30.953930 | GENERATION: 275 | ERRORS: best=3, median=25.0, diversity=0.605 | INDIVIDUALS: n=200, avg_genome_length=145.03
2021-12-09 13:37:40.537190 | GENERATION: 276 | ERRORS: best=3, median=25.0, diversity=0.69 | INDIVIDUALS: n=200, avg_genome_length=145.525
2021-12-09 13:37:49.751792 | GENERATION: 277 | ERRORS: best=3, median=25.0, diversity=0.66 | INDIVIDUALS: n=200, avg_genome_length=145.29
2021-12-09 13:37:59.959561 | GENERATION: 278 | ERRORS: best=3, median=25.0, diversity=0.64 | INDIVIDUALS: n=200, avg_genome_length=146.44
2021-12-09 13:38:08.870455 | GENERATION: 279 | ERRORS: best=3, median=25.0, diversity=0.63 | INDIVIDUALS: n=200, avg_genome_length=145.275
2021-12-09 13:38:18.375810 | GENERATION: 280 | ERRORS: best=3, median=25.0, diversity=0.695 | INDIVIDUALS: n=200, avg_genome_length=145.835
2021-12-09 13:38:27.659984 | GENERATION: 281 | ERRORS: best=3, median=25.0, diversity=0.615 | INDIVIDUALS: n=200, avg_genome_length=145.255
2021-12-09 13:38:36.492139 | GENERATION: 282 | ERRORS: best=3, median=25.0, diversity=0.615 | INDIVIDUALS: n=200, avg_genome_length=144.725
2021-12-09 13:38:45.442649 | GENERATION: 283 | ERRORS: best=3, median=25.0, diversity=0.635 | INDIVIDUALS: n=200, avg_genome_length=144.88
2021-12-09 13:38:55.320991 | GENERATION: 284 | ERRORS: best=3, median=25.0, diversity=0.68 | INDIVIDUALS: n=200, avg_genome_length=145.925
2021-12-09 13:39:04.833408 | GENERATION: 285 | ERRORS: best=3, median=25.0, diversity=0.605 | INDIVIDUALS: n=200, avg_genome_length=146.055
2021-12-09 13:39:13.766182 | GENERATION: 286 | ERRORS: best=3, median=25.0, diversity=0.635 | INDIVIDUALS: n=200, avg_genome_length=145.66
2021-12-09 13:39:22.349803 | GENERATION: 287 | ERRORS: best=3, median=25.0, diversity=0.63 | INDIVIDUALS: n=200, avg_genome_length=144.62
2021-12-09 13:39:31.309465 | GENERATION: 288 | ERRORS: best=3, median=25.0, diversity=0.67 | INDIVIDUALS: n=200, avg_genome_length=144.735
2021-12-09 13:39:40.256417 | GENERATION: 289 | ERRORS: best=3, median=25.0, diversity=0.655 | INDIVIDUALS: n=200, avg_genome_length=145.32
2021-12-09 13:39:49.347936 | GENERATION: 290 | ERRORS: best=3, median=25.0, diversity=0.645 | INDIVIDUALS: n=200, avg_genome_length=145.16
2021-12-09 13:39:57.818733 | GENERATION: 291 | ERRORS: best=3, median=25.0, diversity=0.615 | INDIVIDUALS: n=200, avg_genome_length=145.755
2021-12-09 13:40:06.852848 | GENERATION: 292 | ERRORS: best=3, median=25.0, diversity=0.59 | INDIVIDUALS: n=200, avg_genome_length=144.945
2021-12-09 13:40:16.282660 | GENERATION: 293 | ERRORS: best=3, median=25.0, diversity=0.64 | INDIVIDUALS: n=200, avg_genome_length=145.64
2021-12-09 13:40:25.635129 | GENERATION: 294 | ERRORS: best=3, median=25.0, diversity=0.635 | INDIVIDUALS: n=200, avg_genome_length=144.99
2021-12-09 13:40:35.769318 | GENERATION: 295 | ERRORS: best=3, median=25.0, diversity=0.6 | INDIVIDUALS: n=200, avg_genome_length=145.75
2021-12-09 13:40:45.694228 | GENERATION: 296 | ERRORS: best=3, median=25.0, diversity=0.655 | INDIVIDUALS: n=200, avg_genome_length=146.85
2021-12-09 13:40:55.057656 | GENERATION: 297 | ERRORS: best=3, median=25.0, diversity=0.68 | INDIVIDUALS: n=200, avg_genome_length=146.265
2021-12-09 13:41:04.981649 | GENERATION: 298 | ERRORS: best=3, median=25.0, diversity=0.67 | INDIVIDUALS: n=200, avg_genome_length=146.47
2021-12-09 13:41:14.987547 | GENERATION: 299 | ERRORS: best=3, median=25.0, diversity=0.645 | INDIVIDUALS: n=200, avg_genome_length=145.955
2021-12-09 13:41:25.542204 | GENERATION: 300 | ERRORS: best=3, median=25.0, diversity=0.635 | INDIVIDUALS: n=200, avg_genome_length=147.015
Simplifying genome of length 147 with total error 3.
Simplified genome by 1 to length 146.
Simplified genome by 3 to length 143.
Simplified genome by 2 to length 141.
Simplified genome by 1 to length 140.
Simplified genome by 1 to length 139.
Simplified genome by 2 to length 137.
Simplified genome by 2 to length 135.
Simplified genome by 2 to length 133.
Simplified genome by 1 to length 132.
Simplified genome by 1 to length 131.
Simplified genome by 2 to length 129.
Simplified genome by 1 to length 128.
Simplified genome by 1 to length 127.
Simplified genome by 1 to length 126.
Simplified genome by 1 to length 125.
Simplified genome by 3 to length 122.
Simplified genome by 1 to length 121.
Simplified genome by 3 to length 118.
Simplified genome by 1 to length 117.
Simplified genome by 1 to length 116.
Simplified genome by 1 to length 115.
Simplified genome by 3 to length 112.
Simplified genome by 1 to length 111.
Simplified genome by 1 to length 110.
Simplified genome by 1 to length 109.
Simplified genome by 3 to length 106.
Simplified genome by 1 to length 105.
Simplified genome by 1 to length 104.
Simplified genome by 3 to length 101.
Simplified genome by 1 to length 100.
Simplified genome by 1 to length 99.
Simplified genome by 1 to length 98.
Simplified genome by 2 to length 96.
Simplified genome by 1 to length 95.
Simplified genome by 1 to length 94.
Simplified genome by 1 to length 93.
Simplified genome by 3 to length 90.
Simplified genome by 1 to length 89.
Simplified genome by 1 to length 88.
Simplified genome by 1 to length 87.
Simplified genome by 2 to length 85.
Simplified genome by 1 to length 84.
Simplified genome by 1 to length 83.
Simplified genome by 2 to length 81.
Simplified genome by 1 to length 80.
Simplified genome by 2 to length 78.
Simplified genome by 1 to length 77.
Simplified genome to length 77 and total error 3.
========================================
End Run
========================================
No solution found.
Best Seen Individual
	Genome:
	 pvector([InstructionMeta(name='str_length', code_blocks=0), Closer(), InstructionMeta(name='str_insert_str', code_blocks=0), InstructionMeta(name='exec_dup', code_blocks=1), Input(input_index=0), InstructionMeta(name='str_length', code_blocks=0), Input(input_index=0), InstructionMeta(name='int_lt', code_blocks=0), InstructionMeta(name='exec_swap', code_blocks=2), Closer(), InstructionMeta(name='exec_swap', code_blocks=2), InstructionMeta(name='str_from_int', code_blocks=0), InstructionMeta(name='bool_stack_depth', code_blocks=0), Closer(), InstructionMeta(name='exec_shove_dup', code_blocks=1), Input(input_index=2), InstructionMeta(name='str_length', code_blocks=0), InstructionMeta(name='int_is_empty', code_blocks=0), Closer(), Closer(), InstructionMeta(name='str_replace_first_str', code_blocks=0), InstructionMeta(name='str_strip_whitespace', code_blocks=0), InstructionMeta(name='int_yank', code_blocks=0), Closer(), Closer(), InstructionMeta(name='str_insert_str', code_blocks=0), InstructionMeta(name='str_shove_dup', code_blocks=0), InstructionMeta(name='int_is_empty', code_blocks=0), InstructionMeta(name='bool_pop', code_blocks=0), InstructionMeta(name='str_make_empty', code_blocks=0), InstructionMeta(name='str_rot', code_blocks=0), InstructionMeta(name='str_swap', code_blocks=0), InstructionMeta(name='bool_xor', code_blocks=0), InstructionMeta(name='int_dup_times', code_blocks=0), InstructionMeta(name='int_dup_times', code_blocks=0), InstructionMeta(name='str_concat', code_blocks=0), InstructionMeta(name='str_but_last', code_blocks=0), InstructionMeta(name='noop', code_blocks=0), InstructionMeta(name='int_min', code_blocks=0), Input(input_index=2), InstructionMeta(name='str_length', code_blocks=0), InstructionMeta(name='exec_rot', code_blocks=3), Input(input_index=1), Closer(), InstructionMeta(name='exec_stack_depth', code_blocks=0), InstructionMeta(name='print_exec', code_blocks=0), InstructionMeta(name='str_remove_first_str', code_blocks=0), InstructionMeta(name='str_rest', code_blocks=0), InstructionMeta(name='str_length', code_blocks=0), InstructionMeta(name='exec_swap', code_blocks=2), InstructionMeta(name='bool_second_first_then_and', code_blocks=0), Closer(), InstructionMeta(name='exec_yank', code_blocks=0), InstructionMeta(name='str_length', code_blocks=0), InstructionMeta(name='str_is_empty', code_blocks=0), InstructionMeta(name='int_swap', code_blocks=0), InstructionMeta(name='int_min', code_blocks=0), InstructionMeta(name='bool_dup_times', code_blocks=0), InstructionMeta(name='exec_rot', code_blocks=3), InstructionMeta(name='int_is_empty', code_blocks=0), InstructionMeta(name='str_insert_str', code_blocks=0), InstructionMeta(name='str_length', code_blocks=0), Input(input_index=1), InstructionMeta(name='str_length', code_blocks=0), Input(input_index=1), InstructionMeta(name='str_length', code_blocks=0), InstructionMeta(name='bool_not', code_blocks=0), Input(input_index=2), InstructionMeta(name='str_index_of_str', code_blocks=0), InstructionMeta(name='str_length', code_blocks=0), InstructionMeta(name='bool_and', code_blocks=0), InstructionMeta(name='bool_and', code_blocks=0), InstructionMeta(name='print_exec', code_blocks=0), InstructionMeta(name='str_stack_depth', code_blocks=0), InstructionMeta(name='int_lt', code_blocks=0), InstructionMeta(name='bool_dup_times', code_blocks=0), InstructionMeta(name='str_length', code_blocks=0)])
	Program:
	 (str_length str_insert_str exec_dup (input_0 str_length input_0 int_lt exec_swap () (exec_swap (str_from_int bool_stack_depth) (exec_shove_dup (input_2 str_length int_is_empty)) str_replace_first_str str_strip_whitespace int_yank)) str_insert_str str_shove_dup int_is_empty bool_pop str_make_empty str_rot str_swap bool_xor int_dup_times int_dup_times str_concat str_but_last noop int_min input_2 str_length exec_rot (input_1) (exec_stack_depth print_exec str_remove_first_str str_rest str_length exec_swap (bool_second_first_then_and) (exec_yank str_length str_is_empty int_swap int_min bool_dup_times exec_rot (int_is_empty str_insert_str str_length input_1 str_length input_1 str_length bool_not input_2 str_index_of_str str_length bool_and bool_and print_exec str_stack_depth int_lt bool_dup_times str_length) () ())) ())
	Error vector:
	 [1 0 0 0 0 0 0 0 0 0 0 0 0 0 0 0 0 0 0 0 0 0 0 0 0 0 0 0 0 0 0 0 0 0 0 0 0
 0 0 0 0 0 0 0 0 0 0 0 0 0 0 0 0 0 0 0 0 0 0 0 0 0 0 1 0 0 1 0 0 0 0 0 0 0
 0 0 0 0 0 0 0 0 0 0 0 0 0 0 0 0 0 0 0 0 0 0 0 0 0 0]
	Total error:
	 3
	Test error:
	 89
	Time:
	 01:13:06
