Included 22 edge cases.
Included 78 random cases.
Included 100 cases in total.
Finished formatting.
Included 0 edge cases.
Included 1000 random cases.
Included 1000 cases in total.
Finished formatting.
========================================
Setup
========================================
Search Configuration:
signature: ProgramSignature(output_stacks=['bool'], arity=3, push_config=PushConfig(numeric_magnitude_limit=1000000000000.0, growth_cap=500, runtime_limit=10, collection_size_cap=1000, step_limit=600))
evaluator: <pyshgp.gp.evaluation.DatasetEvaluator object at 0x7fe20eaf8130>
spawner: <pyshgp.gp.genome.GeneSpawner object at 0x7fe21ad07fa0>
population_size: 200
max_generations: 300
error_threshold: 0.0
initial_genome_size: (40, 200)
simplification_steps: 500
parallel_context: <pyshgp.gp.search.ParallelContext object at 0x7fe20eaf8190>
selection: <pyshgp.utils.DiscreteProbDistrib object at 0x7fe20e9baa80>
variation: <pyshgp.utils.DiscreteProbDistrib object at 0x7fe20e9baf40>
Instructions:
int_add, int_sub, int_mult, int_div, int_mod, int_min, int_max, int_inc, int_dec, int_lt, int_lte, int_gt, int_gte, int_from_bool, str_concat, str_insert_str, str_from_first_char, str_from_last_char, str_from_nth_char, str_contains_str, str_index_of_str, str_split_on_str, str_replace_first_str, str_replace_n_str, str_replace_all_str, str_remove_first_str, str_remove_n_str, str_remove_all_str, str_occurrences_of_str, str_reverse, str_head, str_tail, str_rest, str_but_last, str_drop, str_but_last_n, str_length, str_make_empty, str_is_empty_string, str_remove_nth, str_strip_whitespace, str_from_bool, str_from_int, bool_and, bool_or, bool_not, bool_xor, bool_invert_first_then_and, bool_second_first_then_and, bool_from_int, noop, noop_open, exec_do_range, exec_do_count, exec_while, exec_do_while, exec_if, exec_when, print_bool, println_bool, print_int, println_int, print_str, println_str, print_exec, println_exec, bool_pop, bool_dup, bool_dup_times, bool_swap, bool_rot, bool_flush, bool_eq, bool_stack_depth, bool_yank, bool_yank_dup, bool_shove, bool_shove_dup, bool_is_empty, int_pop, int_dup, int_dup_times, int_swap, int_rot, int_flush, int_eq, int_stack_depth, int_yank, int_yank_dup, int_shove, int_shove_dup, int_is_empty, str_pop, str_dup, str_dup_times, str_swap, str_rot, str_flush, str_eq, str_stack_depth, str_yank, str_yank_dup, str_shove, str_shove_dup, str_is_empty, exec_pop, exec_dup, exec_dup_times, exec_swap, exec_rot, exec_flush, exec_eq, exec_stack_depth, exec_yank, exec_yank_dup, exec_shove, exec_shove_dup, exec_is_empty
Literals:
[]
ERC Generators:
[<function rand_bool at 0x7fe21ad0d790>]
========================================
Start Run
========================================
2021-12-06 21:23:26.490520 | GENERATION: 1 | ERRORS: best=17, median=25.0, diversity=0.02 | INDIVIDUALS: n=200, avg_genome_length=125.025
2021-12-06 21:23:31.710567 | GENERATION: 2 | ERRORS: best=17, median=17.0, diversity=0.04 | INDIVIDUALS: n=200, avg_genome_length=129.42
2021-12-06 21:23:37.829797 | GENERATION: 3 | ERRORS: best=17, median=17.0, diversity=0.11 | INDIVIDUALS: n=200, avg_genome_length=126.455
2021-12-06 21:23:44.897296 | GENERATION: 4 | ERRORS: best=17, median=40.5, diversity=0.235 | INDIVIDUALS: n=200, avg_genome_length=136.335
2021-12-06 21:23:53.147269 | GENERATION: 5 | ERRORS: best=17, median=45.5, diversity=0.285 | INDIVIDUALS: n=200, avg_genome_length=131.545
2021-12-06 21:24:03.341988 | GENERATION: 6 | ERRORS: best=16, median=34.0, diversity=0.345 | INDIVIDUALS: n=200, avg_genome_length=110.3
2021-12-06 21:24:14.867288 | GENERATION: 7 | ERRORS: best=17, median=64.0, diversity=0.455 | INDIVIDUALS: n=200, avg_genome_length=104.555
2021-12-06 21:24:26.192465 | GENERATION: 8 | ERRORS: best=17, median=49.0, diversity=0.4 | INDIVIDUALS: n=200, avg_genome_length=101.43
2021-12-06 21:24:36.791835 | GENERATION: 9 | ERRORS: best=16, median=26.0, diversity=0.345 | INDIVIDUALS: n=200, avg_genome_length=96.535
2021-12-06 21:24:49.402462 | GENERATION: 10 | ERRORS: best=15, median=31.5, diversity=0.47 | INDIVIDUALS: n=200, avg_genome_length=92.955
2021-12-06 21:25:01.004710 | GENERATION: 11 | ERRORS: best=14, median=21.0, diversity=0.385 | INDIVIDUALS: n=200, avg_genome_length=89.985
2021-12-06 21:25:13.488305 | GENERATION: 12 | ERRORS: best=14, median=23.0, diversity=0.41 | INDIVIDUALS: n=200, avg_genome_length=90.09
2021-12-06 21:25:23.089695 | GENERATION: 13 | ERRORS: best=14, median=19.0, diversity=0.275 | INDIVIDUALS: n=200, avg_genome_length=85.325
2021-12-06 21:25:33.631796 | GENERATION: 14 | ERRORS: best=14, median=17.0, diversity=0.325 | INDIVIDUALS: n=200, avg_genome_length=83.16
2021-12-06 21:25:45.157741 | GENERATION: 15 | ERRORS: best=14, median=17.0, diversity=0.315 | INDIVIDUALS: n=200, avg_genome_length=78.81
2021-12-06 21:25:55.956700 | GENERATION: 16 | ERRORS: best=15, median=17.0, diversity=0.33 | INDIVIDUALS: n=200, avg_genome_length=76.075
2021-12-06 21:26:07.725980 | GENERATION: 17 | ERRORS: best=15, median=17.0, diversity=0.285 | INDIVIDUALS: n=200, avg_genome_length=74.85
2021-12-06 21:26:20.517498 | GENERATION: 18 | ERRORS: best=15, median=18.0, diversity=0.38 | INDIVIDUALS: n=200, avg_genome_length=71.01
2021-12-06 21:26:32.182862 | GENERATION: 19 | ERRORS: best=13, median=17.5, diversity=0.375 | INDIVIDUALS: n=200, avg_genome_length=67.275
2021-12-06 21:26:45.171680 | GENERATION: 20 | ERRORS: best=13, median=17.5, diversity=0.41 | INDIVIDUALS: n=200, avg_genome_length=66.22
2021-12-06 21:26:55.946253 | GENERATION: 21 | ERRORS: best=14, median=17.0, diversity=0.285 | INDIVIDUALS: n=200, avg_genome_length=64.92
2021-12-06 21:27:07.185961 | GENERATION: 22 | ERRORS: best=14, median=17.0, diversity=0.35 | INDIVIDUALS: n=200, avg_genome_length=63.925
2021-12-06 21:27:17.441231 | GENERATION: 23 | ERRORS: best=15, median=17.0, diversity=0.34 | INDIVIDUALS: n=200, avg_genome_length=60.67
2021-12-06 21:27:26.645892 | GENERATION: 24 | ERRORS: best=14, median=17.0, diversity=0.31 | INDIVIDUALS: n=200, avg_genome_length=59.51
2021-12-06 21:27:37.908978 | GENERATION: 25 | ERRORS: best=15, median=17.0, diversity=0.38 | INDIVIDUALS: n=200, avg_genome_length=57.065
2021-12-06 21:27:50.299276 | GENERATION: 26 | ERRORS: best=12, median=17.0, diversity=0.4 | INDIVIDUALS: n=200, avg_genome_length=58.205
2021-12-06 21:28:01.560607 | GENERATION: 27 | ERRORS: best=13, median=17.0, diversity=0.335 | INDIVIDUALS: n=200, avg_genome_length=53.575
2021-12-06 21:28:13.764817 | GENERATION: 28 | ERRORS: best=12, median=18.0, diversity=0.355 | INDIVIDUALS: n=200, avg_genome_length=56.275
2021-12-06 21:28:25.252376 | GENERATION: 29 | ERRORS: best=15, median=17.0, diversity=0.345 | INDIVIDUALS: n=200, avg_genome_length=56.2
2021-12-06 21:28:34.975152 | GENERATION: 30 | ERRORS: best=15, median=17.0, diversity=0.275 | INDIVIDUALS: n=200, avg_genome_length=54.88
2021-12-06 21:28:46.298357 | GENERATION: 31 | ERRORS: best=16, median=19.0, diversity=0.39 | INDIVIDUALS: n=200, avg_genome_length=55.29
2021-12-06 21:28:56.714802 | GENERATION: 32 | ERRORS: best=16, median=19.0, diversity=0.355 | INDIVIDUALS: n=200, avg_genome_length=53.35
2021-12-06 21:29:07.979324 | GENERATION: 33 | ERRORS: best=16, median=26.5, diversity=0.38 | INDIVIDUALS: n=200, avg_genome_length=51.885
2021-12-06 21:29:21.636491 | GENERATION: 34 | ERRORS: best=14, median=19.0, diversity=0.395 | INDIVIDUALS: n=200, avg_genome_length=51.95
2021-12-06 21:29:34.120557 | GENERATION: 35 | ERRORS: best=14, median=18.0, diversity=0.385 | INDIVIDUALS: n=200, avg_genome_length=53.77
2021-12-06 21:29:47.019290 | GENERATION: 36 | ERRORS: best=14, median=18.0, diversity=0.38 | INDIVIDUALS: n=200, avg_genome_length=53.225
2021-12-06 21:29:58.958557 | GENERATION: 37 | ERRORS: best=15, median=18.0, diversity=0.38 | INDIVIDUALS: n=200, avg_genome_length=53.645
2021-12-06 21:30:13.154224 | GENERATION: 38 | ERRORS: best=15, median=19.0, diversity=0.475 | INDIVIDUALS: n=200, avg_genome_length=50.34
2021-12-06 21:30:26.058762 | GENERATION: 39 | ERRORS: best=15, median=25.0, diversity=0.4 | INDIVIDUALS: n=200, avg_genome_length=48.68
2021-12-06 21:30:39.990497 | GENERATION: 40 | ERRORS: best=15, median=20.0, diversity=0.47 | INDIVIDUALS: n=200, avg_genome_length=49.65
2021-12-06 21:30:53.078429 | GENERATION: 41 | ERRORS: best=14, median=26.0, diversity=0.465 | INDIVIDUALS: n=200, avg_genome_length=48.18
2021-12-06 21:31:08.377976 | GENERATION: 42 | ERRORS: best=15, median=19.0, diversity=0.465 | INDIVIDUALS: n=200, avg_genome_length=50.925
2021-12-06 21:31:22.316336 | GENERATION: 43 | ERRORS: best=15, median=25.5, diversity=0.425 | INDIVIDUALS: n=200, avg_genome_length=48.405
2021-12-06 21:31:35.619058 | GENERATION: 44 | ERRORS: best=15, median=18.0, diversity=0.405 | INDIVIDUALS: n=200, avg_genome_length=45.715
2021-12-06 21:31:48.545460 | GENERATION: 45 | ERRORS: best=15, median=17.5, diversity=0.385 | INDIVIDUALS: n=200, avg_genome_length=43.485
2021-12-06 21:32:01.668210 | GENERATION: 46 | ERRORS: best=16, median=37.5, diversity=0.44 | INDIVIDUALS: n=200, avg_genome_length=45.625
2021-12-06 21:32:16.612795 | GENERATION: 47 | ERRORS: best=14, median=29.0, diversity=0.455 | INDIVIDUALS: n=200, avg_genome_length=48.765
2021-12-06 21:32:30.043679 | GENERATION: 48 | ERRORS: best=14, median=18.5, diversity=0.41 | INDIVIDUALS: n=200, avg_genome_length=47.605
2021-12-06 21:32:45.592523 | GENERATION: 49 | ERRORS: best=15, median=19.5, diversity=0.42 | INDIVIDUALS: n=200, avg_genome_length=43.63
2021-12-06 21:33:02.098864 | GENERATION: 50 | ERRORS: best=15, median=39.5, diversity=0.485 | INDIVIDUALS: n=200, avg_genome_length=43.225
2021-12-06 21:33:15.985527 | GENERATION: 51 | ERRORS: best=15, median=20.5, diversity=0.415 | INDIVIDUALS: n=200, avg_genome_length=39.37
2021-12-06 21:33:29.693707 | GENERATION: 52 | ERRORS: best=15, median=24.5, diversity=0.425 | INDIVIDUALS: n=200, avg_genome_length=37.505
2021-12-06 21:33:44.255794 | GENERATION: 53 | ERRORS: best=15, median=18.5, diversity=0.435 | INDIVIDUALS: n=200, avg_genome_length=35.355
2021-12-06 21:33:55.575351 | GENERATION: 54 | ERRORS: best=16, median=18.0, diversity=0.36 | INDIVIDUALS: n=200, avg_genome_length=32.295
2021-12-06 21:34:06.458051 | GENERATION: 55 | ERRORS: best=15, median=18.0, diversity=0.405 | INDIVIDUALS: n=200, avg_genome_length=33.545
2021-12-06 21:34:16.482127 | GENERATION: 56 | ERRORS: best=14, median=17.0, diversity=0.375 | INDIVIDUALS: n=200, avg_genome_length=34.085
2021-12-06 21:34:26.224721 | GENERATION: 57 | ERRORS: best=15, median=20.0, diversity=0.41 | INDIVIDUALS: n=200, avg_genome_length=35.31
2021-12-06 21:34:37.244406 | GENERATION: 58 | ERRORS: best=15, median=18.0, diversity=0.44 | INDIVIDUALS: n=200, avg_genome_length=35.47
2021-12-06 21:34:47.013940 | GENERATION: 59 | ERRORS: best=14, median=17.0, diversity=0.365 | INDIVIDUALS: n=200, avg_genome_length=33.65
2021-12-06 21:34:57.642031 | GENERATION: 60 | ERRORS: best=15, median=18.0, diversity=0.415 | INDIVIDUALS: n=200, avg_genome_length=31.965
2021-12-06 21:35:08.141577 | GENERATION: 61 | ERRORS: best=13, median=18.0, diversity=0.38 | INDIVIDUALS: n=200, avg_genome_length=31.88
2021-12-06 21:35:18.060063 | GENERATION: 62 | ERRORS: best=15, median=17.5, diversity=0.335 | INDIVIDUALS: n=200, avg_genome_length=33.035
2021-12-06 21:35:28.448200 | GENERATION: 63 | ERRORS: best=15, median=19.0, diversity=0.38 | INDIVIDUALS: n=200, avg_genome_length=32.005
2021-12-06 21:35:38.612098 | GENERATION: 64 | ERRORS: best=15, median=18.0, diversity=0.33 | INDIVIDUALS: n=200, avg_genome_length=30.105
2021-12-06 21:35:47.210484 | GENERATION: 65 | ERRORS: best=14, median=17.0, diversity=0.27 | INDIVIDUALS: n=200, avg_genome_length=29.21
2021-12-06 21:35:54.941634 | GENERATION: 66 | ERRORS: best=14, median=17.0, diversity=0.26 | INDIVIDUALS: n=200, avg_genome_length=26.625
2021-12-06 21:36:03.749765 | GENERATION: 67 | ERRORS: best=14, median=17.0, diversity=0.285 | INDIVIDUALS: n=200, avg_genome_length=25.66
2021-12-06 21:36:09.986787 | GENERATION: 68 | ERRORS: best=14, median=17.0, diversity=0.185 | INDIVIDUALS: n=200, avg_genome_length=24.115
2021-12-06 21:36:16.787210 | GENERATION: 69 | ERRORS: best=16, median=17.0, diversity=0.215 | INDIVIDUALS: n=200, avg_genome_length=24.535
2021-12-06 21:36:23.990825 | GENERATION: 70 | ERRORS: best=16, median=17.0, diversity=0.245 | INDIVIDUALS: n=200, avg_genome_length=22.6
2021-12-06 21:36:32.504656 | GENERATION: 71 | ERRORS: best=15, median=17.0, diversity=0.295 | INDIVIDUALS: n=200, avg_genome_length=22.275
2021-12-06 21:36:39.737171 | GENERATION: 72 | ERRORS: best=16, median=17.0, diversity=0.27 | INDIVIDUALS: n=200, avg_genome_length=22.905
2021-12-06 21:36:47.627370 | GENERATION: 73 | ERRORS: best=16, median=17.0, diversity=0.27 | INDIVIDUALS: n=200, avg_genome_length=24.03
2021-12-06 21:36:56.435715 | GENERATION: 74 | ERRORS: best=14, median=18.5, diversity=0.35 | INDIVIDUALS: n=200, avg_genome_length=22.335
2021-12-06 21:37:03.139627 | GENERATION: 75 | ERRORS: best=17, median=17.0, diversity=0.265 | INDIVIDUALS: n=200, avg_genome_length=20.015
2021-12-06 21:37:10.764923 | GENERATION: 76 | ERRORS: best=15, median=21.5, diversity=0.275 | INDIVIDUALS: n=200, avg_genome_length=22.705
2021-12-06 21:37:19.645181 | GENERATION: 77 | ERRORS: best=15, median=20.0, diversity=0.39 | INDIVIDUALS: n=200, avg_genome_length=28.805
2021-12-06 21:37:28.248313 | GENERATION: 78 | ERRORS: best=16, median=17.0, diversity=0.275 | INDIVIDUALS: n=200, avg_genome_length=29.41
2021-12-06 21:37:37.558702 | GENERATION: 79 | ERRORS: best=14, median=17.0, diversity=0.36 | INDIVIDUALS: n=200, avg_genome_length=27.03
2021-12-06 21:37:46.205289 | GENERATION: 80 | ERRORS: best=13, median=17.0, diversity=0.295 | INDIVIDUALS: n=200, avg_genome_length=25.055
2021-12-06 21:37:53.299962 | GENERATION: 81 | ERRORS: best=13, median=17.0, diversity=0.245 | INDIVIDUALS: n=200, avg_genome_length=23.35
2021-12-06 21:38:01.015228 | GENERATION: 82 | ERRORS: best=15, median=17.5, diversity=0.28 | INDIVIDUALS: n=200, avg_genome_length=22.965
2021-12-06 21:38:09.508918 | GENERATION: 83 | ERRORS: best=15, median=19.0, diversity=0.26 | INDIVIDUALS: n=200, avg_genome_length=22.275
2021-12-06 21:38:17.640012 | GENERATION: 84 | ERRORS: best=15, median=17.0, diversity=0.29 | INDIVIDUALS: n=200, avg_genome_length=24.14
2021-12-06 21:38:25.918256 | GENERATION: 85 | ERRORS: best=13, median=17.0, diversity=0.3 | INDIVIDUALS: n=200, avg_genome_length=23.025
2021-12-06 21:38:34.078185 | GENERATION: 86 | ERRORS: best=17, median=17.0, diversity=0.285 | INDIVIDUALS: n=200, avg_genome_length=23.765
2021-12-06 21:38:43.507871 | GENERATION: 87 | ERRORS: best=14, median=18.0, diversity=0.365 | INDIVIDUALS: n=200, avg_genome_length=23.615
2021-12-06 21:38:51.586593 | GENERATION: 88 | ERRORS: best=14, median=17.0, diversity=0.32 | INDIVIDUALS: n=200, avg_genome_length=23.22
2021-12-06 21:39:00.718649 | GENERATION: 89 | ERRORS: best=15, median=17.0, diversity=0.395 | INDIVIDUALS: n=200, avg_genome_length=22.265
2021-12-06 21:39:09.347745 | GENERATION: 90 | ERRORS: best=14, median=17.0, diversity=0.305 | INDIVIDUALS: n=200, avg_genome_length=20.6
2021-12-06 21:39:17.687173 | GENERATION: 91 | ERRORS: best=15, median=17.0, diversity=0.26 | INDIVIDUALS: n=200, avg_genome_length=19.93
2021-12-06 21:39:25.892383 | GENERATION: 92 | ERRORS: best=13, median=17.0, diversity=0.28 | INDIVIDUALS: n=200, avg_genome_length=17.76
2021-12-06 21:39:33.115205 | GENERATION: 93 | ERRORS: best=15, median=17.0, diversity=0.23 | INDIVIDUALS: n=200, avg_genome_length=19.135
2021-12-06 21:39:42.177223 | GENERATION: 94 | ERRORS: best=14, median=17.0, diversity=0.31 | INDIVIDUALS: n=200, avg_genome_length=20.82
2021-12-06 21:39:52.039193 | GENERATION: 95 | ERRORS: best=15, median=17.0, diversity=0.385 | INDIVIDUALS: n=200, avg_genome_length=19.605
2021-12-06 21:40:01.479711 | GENERATION: 96 | ERRORS: best=14, median=18.5, diversity=0.35 | INDIVIDUALS: n=200, avg_genome_length=18.675
2021-12-06 21:40:11.055343 | GENERATION: 97 | ERRORS: best=15, median=18.0, diversity=0.32 | INDIVIDUALS: n=200, avg_genome_length=18.625
2021-12-06 21:40:18.658871 | GENERATION: 98 | ERRORS: best=15, median=17.0, diversity=0.23 | INDIVIDUALS: n=200, avg_genome_length=16.41
2021-12-06 21:40:26.225318 | GENERATION: 99 | ERRORS: best=15, median=17.0, diversity=0.245 | INDIVIDUALS: n=200, avg_genome_length=18.265
2021-12-06 21:40:33.369904 | GENERATION: 100 | ERRORS: best=14, median=17.0, diversity=0.24 | INDIVIDUALS: n=200, avg_genome_length=16.93
2021-12-06 21:40:41.751942 | GENERATION: 101 | ERRORS: best=15, median=18.0, diversity=0.31 | INDIVIDUALS: n=200, avg_genome_length=22.665
2021-12-06 21:40:50.654983 | GENERATION: 102 | ERRORS: best=15, median=17.0, diversity=0.375 | INDIVIDUALS: n=200, avg_genome_length=25.98
2021-12-06 21:41:00.433457 | GENERATION: 103 | ERRORS: best=15, median=17.0, diversity=0.34 | INDIVIDUALS: n=200, avg_genome_length=23.96
2021-12-06 21:41:10.049154 | GENERATION: 104 | ERRORS: best=15, median=17.0, diversity=0.41 | INDIVIDUALS: n=200, avg_genome_length=23.67
2021-12-06 21:41:18.787542 | GENERATION: 105 | ERRORS: best=15, median=17.0, diversity=0.295 | INDIVIDUALS: n=200, avg_genome_length=20.51
2021-12-06 21:41:26.346363 | GENERATION: 106 | ERRORS: best=13, median=17.0, diversity=0.225 | INDIVIDUALS: n=200, avg_genome_length=20.41
2021-12-06 21:41:33.805842 | GENERATION: 107 | ERRORS: best=14, median=17.0, diversity=0.23 | INDIVIDUALS: n=200, avg_genome_length=19.54
2021-12-06 21:41:42.082751 | GENERATION: 108 | ERRORS: best=14, median=17.0, diversity=0.27 | INDIVIDUALS: n=200, avg_genome_length=20.39
2021-12-06 21:41:50.762868 | GENERATION: 109 | ERRORS: best=16, median=17.0, diversity=0.235 | INDIVIDUALS: n=200, avg_genome_length=19.465
2021-12-06 21:41:58.022355 | GENERATION: 110 | ERRORS: best=15, median=17.0, diversity=0.22 | INDIVIDUALS: n=200, avg_genome_length=18.75
2021-12-06 21:42:05.092109 | GENERATION: 111 | ERRORS: best=15, median=34.0, diversity=0.235 | INDIVIDUALS: n=200, avg_genome_length=18.12
2021-12-06 21:42:13.187582 | GENERATION: 112 | ERRORS: best=15, median=18.0, diversity=0.27 | INDIVIDUALS: n=200, avg_genome_length=17.125
2021-12-06 21:42:21.249981 | GENERATION: 113 | ERRORS: best=14, median=21.5, diversity=0.23 | INDIVIDUALS: n=200, avg_genome_length=16.985
2021-12-06 21:42:28.773613 | GENERATION: 114 | ERRORS: best=14, median=22.0, diversity=0.265 | INDIVIDUALS: n=200, avg_genome_length=19.305
2021-12-06 21:42:35.939485 | GENERATION: 115 | ERRORS: best=16, median=17.0, diversity=0.19 | INDIVIDUALS: n=200, avg_genome_length=18.445
2021-12-06 21:42:44.503800 | GENERATION: 116 | ERRORS: best=16, median=21.0, diversity=0.355 | INDIVIDUALS: n=200, avg_genome_length=22.805
2021-12-06 21:42:52.235696 | GENERATION: 117 | ERRORS: best=14, median=17.0, diversity=0.3 | INDIVIDUALS: n=200, avg_genome_length=21.335
2021-12-06 21:43:00.426185 | GENERATION: 118 | ERRORS: best=14, median=17.0, diversity=0.305 | INDIVIDUALS: n=200, avg_genome_length=20.975
2021-12-06 21:43:07.676433 | GENERATION: 119 | ERRORS: best=14, median=17.0, diversity=0.19 | INDIVIDUALS: n=200, avg_genome_length=19.465
2021-12-06 21:43:14.599604 | GENERATION: 120 | ERRORS: best=16, median=35.0, diversity=0.16 | INDIVIDUALS: n=200, avg_genome_length=18.485
2021-12-06 21:43:21.919223 | GENERATION: 121 | ERRORS: best=17, median=26.0, diversity=0.205 | INDIVIDUALS: n=200, avg_genome_length=15.885
2021-12-06 21:43:27.639202 | GENERATION: 122 | ERRORS: best=17, median=67.5, diversity=0.16 | INDIVIDUALS: n=200, avg_genome_length=15.785
2021-12-06 21:43:32.479634 | GENERATION: 123 | ERRORS: best=17, median=83.0, diversity=0.11 | INDIVIDUALS: n=200, avg_genome_length=14.645
2021-12-06 21:43:37.698731 | GENERATION: 124 | ERRORS: best=16, median=83.0, diversity=0.095 | INDIVIDUALS: n=200, avg_genome_length=13.23
2021-12-06 21:43:42.323840 | GENERATION: 125 | ERRORS: best=16, median=83.0, diversity=0.135 | INDIVIDUALS: n=200, avg_genome_length=13.5
2021-12-06 21:43:48.236206 | GENERATION: 126 | ERRORS: best=15, median=35.0, diversity=0.165 | INDIVIDUALS: n=200, avg_genome_length=14.385
2021-12-06 21:43:53.473932 | GENERATION: 127 | ERRORS: best=15, median=83.0, diversity=0.12 | INDIVIDUALS: n=200, avg_genome_length=13.99
2021-12-06 21:43:58.463913 | GENERATION: 128 | ERRORS: best=14, median=83.0, diversity=0.15 | INDIVIDUALS: n=200, avg_genome_length=13.5
2021-12-06 21:44:05.266271 | GENERATION: 129 | ERRORS: best=14, median=18.0, diversity=0.17 | INDIVIDUALS: n=200, avg_genome_length=16.915
2021-12-06 21:44:12.541082 | GENERATION: 130 | ERRORS: best=15, median=17.0, diversity=0.195 | INDIVIDUALS: n=200, avg_genome_length=18.185
2021-12-06 21:44:19.242518 | GENERATION: 131 | ERRORS: best=14, median=17.5, diversity=0.19 | INDIVIDUALS: n=200, avg_genome_length=18.245
2021-12-06 21:44:24.524007 | GENERATION: 132 | ERRORS: best=15, median=17.0, diversity=0.13 | INDIVIDUALS: n=200, avg_genome_length=16.495
2021-12-06 21:44:29.702451 | GENERATION: 133 | ERRORS: best=15, median=21.0, diversity=0.115 | INDIVIDUALS: n=200, avg_genome_length=15.565
2021-12-06 21:44:34.360656 | GENERATION: 134 | ERRORS: best=16, median=17.0, diversity=0.14 | INDIVIDUALS: n=200, avg_genome_length=14.185
2021-12-06 21:44:41.618897 | GENERATION: 135 | ERRORS: best=15, median=17.0, diversity=0.215 | INDIVIDUALS: n=200, avg_genome_length=15.56
2021-12-06 21:44:48.215721 | GENERATION: 136 | ERRORS: best=15, median=17.0, diversity=0.205 | INDIVIDUALS: n=200, avg_genome_length=15.99
2021-12-06 21:44:55.789790 | GENERATION: 137 | ERRORS: best=15, median=17.0, diversity=0.21 | INDIVIDUALS: n=200, avg_genome_length=15.655
2021-12-06 21:45:03.547853 | GENERATION: 138 | ERRORS: best=16, median=19.0, diversity=0.275 | INDIVIDUALS: n=200, avg_genome_length=17.73
2021-12-06 21:45:11.619902 | GENERATION: 139 | ERRORS: best=14, median=17.0, diversity=0.235 | INDIVIDUALS: n=200, avg_genome_length=18.01
2021-12-06 21:45:18.223604 | GENERATION: 140 | ERRORS: best=14, median=17.0, diversity=0.155 | INDIVIDUALS: n=200, avg_genome_length=16.22
2021-12-06 21:45:24.272982 | GENERATION: 141 | ERRORS: best=15, median=17.0, diversity=0.16 | INDIVIDUALS: n=200, avg_genome_length=15.425
2021-12-06 21:45:31.289992 | GENERATION: 142 | ERRORS: best=15, median=17.0, diversity=0.19 | INDIVIDUALS: n=200, avg_genome_length=15.545
2021-12-06 21:45:39.490106 | GENERATION: 143 | ERRORS: best=15, median=17.0, diversity=0.205 | INDIVIDUALS: n=200, avg_genome_length=19.21
2021-12-06 21:45:49.118049 | GENERATION: 144 | ERRORS: best=14, median=17.0, diversity=0.25 | INDIVIDUALS: n=200, avg_genome_length=17.745
2021-12-06 21:45:57.402249 | GENERATION: 145 | ERRORS: best=13, median=17.0, diversity=0.215 | INDIVIDUALS: n=200, avg_genome_length=19.08
2021-12-06 21:46:05.879777 | GENERATION: 146 | ERRORS: best=14, median=17.0, diversity=0.29 | INDIVIDUALS: n=200, avg_genome_length=19.975
2021-12-06 21:46:14.272489 | GENERATION: 147 | ERRORS: best=13, median=17.0, diversity=0.22 | INDIVIDUALS: n=200, avg_genome_length=21.72
2021-12-06 21:46:23.121694 | GENERATION: 148 | ERRORS: best=13, median=17.0, diversity=0.27 | INDIVIDUALS: n=200, avg_genome_length=21.8
2021-12-06 21:46:31.126123 | GENERATION: 149 | ERRORS: best=13, median=17.0, diversity=0.225 | INDIVIDUALS: n=200, avg_genome_length=22.015
2021-12-06 21:46:40.126556 | GENERATION: 150 | ERRORS: best=15, median=17.0, diversity=0.19 | INDIVIDUALS: n=200, avg_genome_length=22.315
2021-12-06 21:46:47.720419 | GENERATION: 151 | ERRORS: best=15, median=17.0, diversity=0.195 | INDIVIDUALS: n=200, avg_genome_length=21.22
2021-12-06 21:46:55.629443 | GENERATION: 152 | ERRORS: best=15, median=17.0, diversity=0.195 | INDIVIDUALS: n=200, avg_genome_length=19.445
2021-12-06 21:47:02.224220 | GENERATION: 153 | ERRORS: best=15, median=18.0, diversity=0.18 | INDIVIDUALS: n=200, avg_genome_length=18.625
2021-12-06 21:47:11.027515 | GENERATION: 154 | ERRORS: best=12, median=17.0, diversity=0.22 | INDIVIDUALS: n=200, avg_genome_length=21.56
2021-12-06 21:47:19.059824 | GENERATION: 155 | ERRORS: best=12, median=19.5, diversity=0.22 | INDIVIDUALS: n=200, avg_genome_length=23.2
2021-12-06 21:47:26.719042 | GENERATION: 156 | ERRORS: best=15, median=35.5, diversity=0.27 | INDIVIDUALS: n=200, avg_genome_length=21.565
2021-12-06 21:47:35.571528 | GENERATION: 157 | ERRORS: best=15, median=30.5, diversity=0.26 | INDIVIDUALS: n=200, avg_genome_length=19.93
2021-12-06 21:47:43.269021 | GENERATION: 158 | ERRORS: best=16, median=33.0, diversity=0.215 | INDIVIDUALS: n=200, avg_genome_length=17.75
2021-12-06 21:47:52.337726 | GENERATION: 159 | ERRORS: best=14, median=34.0, diversity=0.27 | INDIVIDUALS: n=200, avg_genome_length=18.775
2021-12-06 21:48:01.402819 | GENERATION: 160 | ERRORS: best=15, median=33.0, diversity=0.26 | INDIVIDUALS: n=200, avg_genome_length=19.22
2021-12-06 21:48:10.261040 | GENERATION: 161 | ERRORS: best=15, median=63.5, diversity=0.275 | INDIVIDUALS: n=200, avg_genome_length=19.84
2021-12-06 21:48:18.994659 | GENERATION: 162 | ERRORS: best=14, median=33.0, diversity=0.26 | INDIVIDUALS: n=200, avg_genome_length=19.47
2021-12-06 21:48:26.719381 | GENERATION: 163 | ERRORS: best=14, median=33.0, diversity=0.225 | INDIVIDUALS: n=200, avg_genome_length=19.15
2021-12-06 21:48:34.506828 | GENERATION: 164 | ERRORS: best=15, median=18.0, diversity=0.245 | INDIVIDUALS: n=200, avg_genome_length=18.755
2021-12-06 21:48:41.606576 | GENERATION: 165 | ERRORS: best=16, median=31.5, diversity=0.185 | INDIVIDUALS: n=200, avg_genome_length=16.395
2021-12-06 21:48:49.033260 | GENERATION: 166 | ERRORS: best=14, median=33.0, diversity=0.215 | INDIVIDUALS: n=200, avg_genome_length=14.955
2021-12-06 21:48:55.020510 | GENERATION: 167 | ERRORS: best=16, median=33.0, diversity=0.14 | INDIVIDUALS: n=200, avg_genome_length=12.86
2021-12-06 21:49:02.622780 | GENERATION: 168 | ERRORS: best=14, median=35.0, diversity=0.15 | INDIVIDUALS: n=200, avg_genome_length=12.83
2021-12-06 21:49:10.311668 | GENERATION: 169 | ERRORS: best=15, median=17.0, diversity=0.2 | INDIVIDUALS: n=200, avg_genome_length=13.405
2021-12-06 21:49:18.247780 | GENERATION: 170 | ERRORS: best=16, median=17.0, diversity=0.19 | INDIVIDUALS: n=200, avg_genome_length=12.74
2021-12-06 21:49:25.885121 | GENERATION: 171 | ERRORS: best=14, median=17.0, diversity=0.18 | INDIVIDUALS: n=200, avg_genome_length=13.065
2021-12-06 21:49:33.915509 | GENERATION: 172 | ERRORS: best=14, median=25.0, diversity=0.205 | INDIVIDUALS: n=200, avg_genome_length=13.825
2021-12-06 21:49:41.986535 | GENERATION: 173 | ERRORS: best=16, median=33.0, diversity=0.205 | INDIVIDUALS: n=200, avg_genome_length=12.565
2021-12-06 21:49:50.544339 | GENERATION: 174 | ERRORS: best=15, median=27.0, diversity=0.22 | INDIVIDUALS: n=200, avg_genome_length=12.885
2021-12-06 21:49:58.613482 | GENERATION: 175 | ERRORS: best=14, median=23.0, diversity=0.245 | INDIVIDUALS: n=200, avg_genome_length=13.405
2021-12-06 21:50:05.747624 | GENERATION: 176 | ERRORS: best=17, median=23.0, diversity=0.21 | INDIVIDUALS: n=200, avg_genome_length=12.635
2021-12-06 21:50:12.824825 | GENERATION: 177 | ERRORS: best=15, median=34.0, diversity=0.18 | INDIVIDUALS: n=200, avg_genome_length=11.885
2021-12-06 21:50:19.891625 | GENERATION: 178 | ERRORS: best=13, median=33.0, diversity=0.195 | INDIVIDUALS: n=200, avg_genome_length=12.2
2021-12-06 21:50:26.826979 | GENERATION: 179 | ERRORS: best=15, median=33.0, diversity=0.14 | INDIVIDUALS: n=200, avg_genome_length=10.375
2021-12-06 21:50:32.975598 | GENERATION: 180 | ERRORS: best=14, median=33.0, diversity=0.14 | INDIVIDUALS: n=200, avg_genome_length=10.02
2021-12-06 21:50:39.524962 | GENERATION: 181 | ERRORS: best=15, median=33.0, diversity=0.115 | INDIVIDUALS: n=200, avg_genome_length=10.595
2021-12-06 21:50:45.535159 | GENERATION: 182 | ERRORS: best=15, median=51.0, diversity=0.12 | INDIVIDUALS: n=200, avg_genome_length=10.68
2021-12-06 21:50:50.930199 | GENERATION: 183 | ERRORS: best=15, median=33.0, diversity=0.09 | INDIVIDUALS: n=200, avg_genome_length=10.43
2021-12-06 21:50:56.024906 | GENERATION: 184 | ERRORS: best=15, median=33.0, diversity=0.105 | INDIVIDUALS: n=200, avg_genome_length=11.69
2021-12-06 21:51:00.577375 | GENERATION: 185 | ERRORS: best=15, median=83.0, diversity=0.075 | INDIVIDUALS: n=200, avg_genome_length=10.395
2021-12-06 21:51:05.886397 | GENERATION: 186 | ERRORS: best=15, median=33.0, diversity=0.09 | INDIVIDUALS: n=200, avg_genome_length=12.115
2021-12-06 21:51:11.063490 | GENERATION: 187 | ERRORS: best=15, median=34.0, diversity=0.095 | INDIVIDUALS: n=200, avg_genome_length=10.5
2021-12-06 21:51:15.457031 | GENERATION: 188 | ERRORS: best=15, median=83.0, diversity=0.07 | INDIVIDUALS: n=200, avg_genome_length=10.29
2021-12-06 21:51:19.361341 | GENERATION: 189 | ERRORS: best=17, median=83.0, diversity=0.045 | INDIVIDUALS: n=200, avg_genome_length=9.855
2021-12-06 21:51:22.824579 | GENERATION: 190 | ERRORS: best=17, median=40.0, diversity=0.055 | INDIVIDUALS: n=200, avg_genome_length=9.515
2021-12-06 21:51:26.512052 | GENERATION: 191 | ERRORS: best=15, median=83.0, diversity=0.075 | INDIVIDUALS: n=200, avg_genome_length=9.435
2021-12-06 21:51:30.100696 | GENERATION: 192 | ERRORS: best=17, median=83.0, diversity=0.07 | INDIVIDUALS: n=200, avg_genome_length=10.07
2021-12-06 21:51:34.041521 | GENERATION: 193 | ERRORS: best=17, median=83.0, diversity=0.08 | INDIVIDUALS: n=200, avg_genome_length=10.39
2021-12-06 21:51:38.059331 | GENERATION: 194 | ERRORS: best=17, median=83.0, diversity=0.065 | INDIVIDUALS: n=200, avg_genome_length=12.39
2021-12-06 21:51:41.943716 | GENERATION: 195 | ERRORS: best=17, median=83.0, diversity=0.08 | INDIVIDUALS: n=200, avg_genome_length=12.365
2021-12-06 21:51:46.634041 | GENERATION: 196 | ERRORS: best=17, median=83.0, diversity=0.075 | INDIVIDUALS: n=200, avg_genome_length=14.3
2021-12-06 21:51:51.236512 | GENERATION: 197 | ERRORS: best=17, median=83.0, diversity=0.065 | INDIVIDUALS: n=200, avg_genome_length=13.315
2021-12-06 21:51:54.905659 | GENERATION: 198 | ERRORS: best=17, median=83.0, diversity=0.1 | INDIVIDUALS: n=200, avg_genome_length=12.745
2021-12-06 21:51:57.990956 | GENERATION: 199 | ERRORS: best=17, median=83.0, diversity=0.06 | INDIVIDUALS: n=200, avg_genome_length=11.555
2021-12-06 21:52:00.858816 | GENERATION: 200 | ERRORS: best=15, median=83.0, diversity=0.085 | INDIVIDUALS: n=200, avg_genome_length=12.585
2021-12-06 21:52:04.272760 | GENERATION: 201 | ERRORS: best=17, median=83.0, diversity=0.06 | INDIVIDUALS: n=200, avg_genome_length=10.535
2021-12-06 21:52:08.397228 | GENERATION: 202 | ERRORS: best=17, median=55.0, diversity=0.055 | INDIVIDUALS: n=200, avg_genome_length=10.46
2021-12-06 21:52:12.607032 | GENERATION: 203 | ERRORS: best=15, median=17.0, diversity=0.075 | INDIVIDUALS: n=200, avg_genome_length=9.52
2021-12-06 21:52:16.694023 | GENERATION: 204 | ERRORS: best=17, median=33.0, diversity=0.055 | INDIVIDUALS: n=200, avg_genome_length=8.995
2021-12-06 21:52:21.459015 | GENERATION: 205 | ERRORS: best=17, median=83.0, diversity=0.06 | INDIVIDUALS: n=200, avg_genome_length=9.12
2021-12-06 21:52:24.704684 | GENERATION: 206 | ERRORS: best=15, median=83.0, diversity=0.065 | INDIVIDUALS: n=200, avg_genome_length=8.4
2021-12-06 21:52:28.815605 | GENERATION: 207 | ERRORS: best=17, median=83.0, diversity=0.065 | INDIVIDUALS: n=200, avg_genome_length=8.44
2021-12-06 21:52:32.272255 | GENERATION: 208 | ERRORS: best=17, median=83.0, diversity=0.06 | INDIVIDUALS: n=200, avg_genome_length=8.17
2021-12-06 21:52:35.485172 | GENERATION: 209 | ERRORS: best=17, median=83.0, diversity=0.055 | INDIVIDUALS: n=200, avg_genome_length=9.25
2021-12-06 21:52:38.928766 | GENERATION: 210 | ERRORS: best=17, median=33.0, diversity=0.075 | INDIVIDUALS: n=200, avg_genome_length=9.075
2021-12-06 21:52:41.138391 | GENERATION: 211 | ERRORS: best=17, median=65.0, diversity=0.065 | INDIVIDUALS: n=200, avg_genome_length=8.705
2021-12-06 21:52:42.202264 | GENERATION: 212 | ERRORS: best=17, median=17.0, diversity=0.08 | INDIVIDUALS: n=200, avg_genome_length=8.62
2021-12-06 21:52:43.290367 | GENERATION: 213 | ERRORS: best=17, median=17.0, diversity=0.065 | INDIVIDUALS: n=200, avg_genome_length=8.515
2021-12-06 21:52:44.540097 | GENERATION: 214 | ERRORS: best=17, median=17.0, diversity=0.075 | INDIVIDUALS: n=200, avg_genome_length=8.76
2021-12-06 21:52:45.598531 | GENERATION: 215 | ERRORS: best=17, median=17.0, diversity=0.05 | INDIVIDUALS: n=200, avg_genome_length=8.425
2021-12-06 21:52:46.674593 | GENERATION: 216 | ERRORS: best=17, median=17.0, diversity=0.065 | INDIVIDUALS: n=200, avg_genome_length=8.585
2021-12-06 21:52:47.742128 | GENERATION: 217 | ERRORS: best=17, median=17.0, diversity=0.075 | INDIVIDUALS: n=200, avg_genome_length=8.88
2021-12-06 21:52:48.829186 | GENERATION: 218 | ERRORS: best=17, median=17.0, diversity=0.115 | INDIVIDUALS: n=200, avg_genome_length=9.71
2021-12-06 21:52:50.259115 | GENERATION: 219 | ERRORS: best=17, median=17.0, diversity=0.09 | INDIVIDUALS: n=200, avg_genome_length=10.835
2021-12-06 21:52:51.437930 | GENERATION: 220 | ERRORS: best=17, median=17.0, diversity=0.095 | INDIVIDUALS: n=200, avg_genome_length=11.225
2021-12-06 21:52:52.642018 | GENERATION: 221 | ERRORS: best=17, median=17.0, diversity=0.08 | INDIVIDUALS: n=200, avg_genome_length=12.53
2021-12-06 21:52:53.945758 | GENERATION: 222 | ERRORS: best=17, median=17.0, diversity=0.11 | INDIVIDUALS: n=200, avg_genome_length=15.1
2021-12-06 21:52:55.499346 | GENERATION: 223 | ERRORS: best=17, median=17.0, diversity=0.12 | INDIVIDUALS: n=200, avg_genome_length=16.145
2021-12-06 21:52:56.890256 | GENERATION: 224 | ERRORS: best=17, median=17.0, diversity=0.075 | INDIVIDUALS: n=200, avg_genome_length=17.035
2021-12-06 21:52:58.343570 | GENERATION: 225 | ERRORS: best=17, median=17.0, diversity=0.11 | INDIVIDUALS: n=200, avg_genome_length=16.87
2021-12-06 21:52:59.781737 | GENERATION: 226 | ERRORS: best=17, median=17.0, diversity=0.15 | INDIVIDUALS: n=200, avg_genome_length=18.385
2021-12-06 21:53:01.213833 | GENERATION: 227 | ERRORS: best=17, median=17.0, diversity=0.135 | INDIVIDUALS: n=200, avg_genome_length=18.56
2021-12-06 21:53:02.754862 | GENERATION: 228 | ERRORS: best=16, median=17.0, diversity=0.12 | INDIVIDUALS: n=200, avg_genome_length=20.975
2021-12-06 21:53:05.107992 | GENERATION: 229 | ERRORS: best=15, median=17.0, diversity=0.31 | INDIVIDUALS: n=200, avg_genome_length=29.88
2021-12-06 21:53:07.600820 | GENERATION: 230 | ERRORS: best=15, median=17.0, diversity=0.285 | INDIVIDUALS: n=200, avg_genome_length=27.32
2021-12-06 21:53:10.201718 | GENERATION: 231 | ERRORS: best=16, median=17.0, diversity=0.305 | INDIVIDUALS: n=200, avg_genome_length=25.94
2021-12-06 21:53:12.950181 | GENERATION: 232 | ERRORS: best=15, median=17.0, diversity=0.27 | INDIVIDUALS: n=200, avg_genome_length=26.195
2021-12-06 21:53:15.322113 | GENERATION: 233 | ERRORS: best=15, median=17.0, diversity=0.3 | INDIVIDUALS: n=200, avg_genome_length=26.725
2021-12-06 21:53:17.751144 | GENERATION: 234 | ERRORS: best=15, median=17.0, diversity=0.28 | INDIVIDUALS: n=200, avg_genome_length=27.01
2021-12-06 21:53:20.587467 | GENERATION: 235 | ERRORS: best=16, median=17.0, diversity=0.26 | INDIVIDUALS: n=200, avg_genome_length=25.895
2021-12-06 21:53:23.321852 | GENERATION: 236 | ERRORS: best=15, median=18.0, diversity=0.335 | INDIVIDUALS: n=200, avg_genome_length=26.675
2021-12-06 21:53:26.021521 | GENERATION: 237 | ERRORS: best=17, median=17.0, diversity=0.3 | INDIVIDUALS: n=200, avg_genome_length=25.69
2021-12-06 21:53:28.530008 | GENERATION: 238 | ERRORS: best=17, median=17.0, diversity=0.26 | INDIVIDUALS: n=200, avg_genome_length=24.765
2021-12-06 21:53:30.765720 | GENERATION: 239 | ERRORS: best=17, median=17.0, diversity=0.235 | INDIVIDUALS: n=200, avg_genome_length=24.345
2021-12-06 21:53:32.972400 | GENERATION: 240 | ERRORS: best=17, median=17.0, diversity=0.2 | INDIVIDUALS: n=200, avg_genome_length=22.955
2021-12-06 21:53:35.306166 | GENERATION: 241 | ERRORS: best=16, median=17.0, diversity=0.26 | INDIVIDUALS: n=200, avg_genome_length=23.18
2021-12-06 21:53:37.331006 | GENERATION: 242 | ERRORS: best=15, median=17.0, diversity=0.25 | INDIVIDUALS: n=200, avg_genome_length=23.06
2021-12-06 21:53:39.408344 | GENERATION: 243 | ERRORS: best=15, median=17.0, diversity=0.23 | INDIVIDUALS: n=200, avg_genome_length=25.17
2021-12-06 21:53:41.483541 | GENERATION: 244 | ERRORS: best=15, median=17.0, diversity=0.25 | INDIVIDUALS: n=200, avg_genome_length=25.66
2021-12-06 21:53:43.657030 | GENERATION: 245 | ERRORS: best=15, median=17.0, diversity=0.285 | INDIVIDUALS: n=200, avg_genome_length=27.465
2021-12-06 21:53:45.949628 | GENERATION: 246 | ERRORS: best=15, median=17.0, diversity=0.25 | INDIVIDUALS: n=200, avg_genome_length=27.765
2021-12-06 21:53:48.214644 | GENERATION: 247 | ERRORS: best=15, median=17.0, diversity=0.225 | INDIVIDUALS: n=200, avg_genome_length=28.205
2021-12-06 21:53:50.429399 | GENERATION: 248 | ERRORS: best=15, median=17.0, diversity=0.27 | INDIVIDUALS: n=200, avg_genome_length=27.61
2021-12-06 21:53:52.560097 | GENERATION: 249 | ERRORS: best=16, median=17.0, diversity=0.195 | INDIVIDUALS: n=200, avg_genome_length=27.12
2021-12-06 21:53:54.681399 | GENERATION: 250 | ERRORS: best=15, median=17.0, diversity=0.175 | INDIVIDUALS: n=200, avg_genome_length=28.495
2021-12-06 21:53:57.191982 | GENERATION: 251 | ERRORS: best=15, median=17.0, diversity=0.21 | INDIVIDUALS: n=200, avg_genome_length=29.295
2021-12-06 21:54:00.139745 | GENERATION: 252 | ERRORS: best=15, median=17.0, diversity=0.22 | INDIVIDUALS: n=200, avg_genome_length=30.3
2021-12-06 21:54:02.827119 | GENERATION: 253 | ERRORS: best=16, median=17.0, diversity=0.215 | INDIVIDUALS: n=200, avg_genome_length=28.82
2021-12-06 21:54:05.798634 | GENERATION: 254 | ERRORS: best=15, median=20.0, diversity=0.325 | INDIVIDUALS: n=200, avg_genome_length=29.725
2021-12-06 21:54:08.929371 | GENERATION: 255 | ERRORS: best=15, median=21.0, diversity=0.34 | INDIVIDUALS: n=200, avg_genome_length=30.925
2021-12-06 21:54:12.424664 | GENERATION: 256 | ERRORS: best=16, median=19.0, diversity=0.295 | INDIVIDUALS: n=200, avg_genome_length=30.93
2021-12-06 21:54:16.186692 | GENERATION: 257 | ERRORS: best=15, median=19.0, diversity=0.28 | INDIVIDUALS: n=200, avg_genome_length=28.065
2021-12-06 21:54:18.835937 | GENERATION: 258 | ERRORS: best=16, median=19.0, diversity=0.285 | INDIVIDUALS: n=200, avg_genome_length=27.28
2021-12-06 21:54:22.493465 | GENERATION: 259 | ERRORS: best=15, median=19.0, diversity=0.265 | INDIVIDUALS: n=200, avg_genome_length=26.6
2021-12-06 21:54:24.885554 | GENERATION: 260 | ERRORS: best=14, median=20.0, diversity=0.305 | INDIVIDUALS: n=200, avg_genome_length=26.51
2021-12-06 21:54:27.439630 | GENERATION: 261 | ERRORS: best=13, median=19.0, diversity=0.35 | INDIVIDUALS: n=200, avg_genome_length=28.98
2021-12-06 21:54:29.902349 | GENERATION: 262 | ERRORS: best=14, median=26.0, diversity=0.375 | INDIVIDUALS: n=200, avg_genome_length=29.825
2021-12-06 21:54:32.137702 | GENERATION: 263 | ERRORS: best=14, median=33.5, diversity=0.28 | INDIVIDUALS: n=200, avg_genome_length=29.75
2021-12-06 21:54:35.147408 | GENERATION: 264 | ERRORS: best=13, median=19.0, diversity=0.31 | INDIVIDUALS: n=200, avg_genome_length=30.06
2021-12-06 21:54:37.371964 | GENERATION: 265 | ERRORS: best=13, median=17.0, diversity=0.295 | INDIVIDUALS: n=200, avg_genome_length=28.8
2021-12-06 21:54:39.707536 | GENERATION: 266 | ERRORS: best=15, median=17.5, diversity=0.32 | INDIVIDUALS: n=200, avg_genome_length=29.855
2021-12-06 21:54:42.515869 | GENERATION: 267 | ERRORS: best=15, median=18.0, diversity=0.275 | INDIVIDUALS: n=200, avg_genome_length=29.0
2021-12-06 21:54:44.996757 | GENERATION: 268 | ERRORS: best=16, median=17.0, diversity=0.275 | INDIVIDUALS: n=200, avg_genome_length=27.495
2021-12-06 21:54:47.668072 | GENERATION: 269 | ERRORS: best=16, median=19.0, diversity=0.29 | INDIVIDUALS: n=200, avg_genome_length=27.185
2021-12-06 21:54:49.660584 | GENERATION: 270 | ERRORS: best=16, median=18.0, diversity=0.295 | INDIVIDUALS: n=200, avg_genome_length=25.52
2021-12-06 21:54:51.761295 | GENERATION: 271 | ERRORS: best=15, median=18.0, diversity=0.28 | INDIVIDUALS: n=200, avg_genome_length=25.9
2021-12-06 21:54:54.042260 | GENERATION: 272 | ERRORS: best=16, median=17.0, diversity=0.255 | INDIVIDUALS: n=200, avg_genome_length=26.92
2021-12-06 21:54:56.632534 | GENERATION: 273 | ERRORS: best=15, median=18.0, diversity=0.3 | INDIVIDUALS: n=200, avg_genome_length=28.52
2021-12-06 21:54:59.157918 | GENERATION: 274 | ERRORS: best=15, median=17.0, diversity=0.31 | INDIVIDUALS: n=200, avg_genome_length=28.195
2021-12-06 21:55:01.891496 | GENERATION: 275 | ERRORS: best=16, median=17.0, diversity=0.25 | INDIVIDUALS: n=200, avg_genome_length=28.645
2021-12-06 21:55:04.987959 | GENERATION: 276 | ERRORS: best=15, median=17.0, diversity=0.23 | INDIVIDUALS: n=200, avg_genome_length=27.765
2021-12-06 21:55:08.408074 | GENERATION: 277 | ERRORS: best=15, median=17.0, diversity=0.23 | INDIVIDUALS: n=200, avg_genome_length=26.73
2021-12-06 21:55:11.573039 | GENERATION: 278 | ERRORS: best=15, median=17.0, diversity=0.215 | INDIVIDUALS: n=200, avg_genome_length=27.01
2021-12-06 21:55:14.223161 | GENERATION: 279 | ERRORS: best=15, median=17.0, diversity=0.205 | INDIVIDUALS: n=200, avg_genome_length=26.07
2021-12-06 21:55:16.352407 | GENERATION: 280 | ERRORS: best=15, median=18.0, diversity=0.265 | INDIVIDUALS: n=200, avg_genome_length=25.555
2021-12-06 21:55:18.678402 | GENERATION: 281 | ERRORS: best=15, median=17.0, diversity=0.19 | INDIVIDUALS: n=200, avg_genome_length=24.87
2021-12-06 21:55:21.021872 | GENERATION: 282 | ERRORS: best=15, median=17.0, diversity=0.265 | INDIVIDUALS: n=200, avg_genome_length=23.745
2021-12-06 21:55:23.246454 | GENERATION: 283 | ERRORS: best=15, median=17.0, diversity=0.305 | INDIVIDUALS: n=200, avg_genome_length=25.04
2021-12-06 21:55:25.849978 | GENERATION: 284 | ERRORS: best=14, median=17.0, diversity=0.315 | INDIVIDUALS: n=200, avg_genome_length=26.36
2021-12-06 21:55:28.573284 | GENERATION: 285 | ERRORS: best=15, median=17.0, diversity=0.285 | INDIVIDUALS: n=200, avg_genome_length=25.95
2021-12-06 21:55:31.070729 | GENERATION: 286 | ERRORS: best=15, median=17.5, diversity=0.31 | INDIVIDUALS: n=200, avg_genome_length=26.645
2021-12-06 21:55:33.521105 | GENERATION: 287 | ERRORS: best=16, median=17.0, diversity=0.275 | INDIVIDUALS: n=200, avg_genome_length=27.695
2021-12-06 21:55:35.780111 | GENERATION: 288 | ERRORS: best=16, median=17.0, diversity=0.215 | INDIVIDUALS: n=200, avg_genome_length=24.34
2021-12-06 21:55:37.825595 | GENERATION: 289 | ERRORS: best=16, median=17.0, diversity=0.195 | INDIVIDUALS: n=200, avg_genome_length=21.505
2021-12-06 21:55:40.058442 | GENERATION: 290 | ERRORS: best=17, median=18.0, diversity=0.225 | INDIVIDUALS: n=200, avg_genome_length=23.155
2021-12-06 21:55:41.880184 | GENERATION: 291 | ERRORS: best=16, median=17.5, diversity=0.235 | INDIVIDUALS: n=200, avg_genome_length=22.96
2021-12-06 21:55:43.902529 | GENERATION: 292 | ERRORS: best=16, median=17.0, diversity=0.19 | INDIVIDUALS: n=200, avg_genome_length=24.235
2021-12-06 21:55:46.280905 | GENERATION: 293 | ERRORS: best=15, median=17.0, diversity=0.2 | INDIVIDUALS: n=200, avg_genome_length=26.405
2021-12-06 21:55:48.473524 | GENERATION: 294 | ERRORS: best=15, median=18.0, diversity=0.225 | INDIVIDUALS: n=200, avg_genome_length=25.85
2021-12-06 21:55:51.036265 | GENERATION: 295 | ERRORS: best=15, median=18.0, diversity=0.255 | INDIVIDUALS: n=200, avg_genome_length=27.335
2021-12-06 21:55:53.485104 | GENERATION: 296 | ERRORS: best=15, median=17.0, diversity=0.22 | INDIVIDUALS: n=200, avg_genome_length=27.65
2021-12-06 21:55:55.637327 | GENERATION: 297 | ERRORS: best=16, median=18.0, diversity=0.19 | INDIVIDUALS: n=200, avg_genome_length=26.785
2021-12-06 21:55:57.845036 | GENERATION: 298 | ERRORS: best=17, median=22.0, diversity=0.275 | INDIVIDUALS: n=200, avg_genome_length=26.08
2021-12-06 21:56:00.080995 | GENERATION: 299 | ERRORS: best=17, median=19.0, diversity=0.225 | INDIVIDUALS: n=200, avg_genome_length=25.22
2021-12-06 21:56:02.344984 | GENERATION: 300 | ERRORS: best=17, median=17.0, diversity=0.19 | INDIVIDUALS: n=200, avg_genome_length=23.88
Simplifying genome of length 63 with total error 12.
Simplified genome by 1 to length 62.
Simplified genome by 2 to length 60.
Simplified genome by 1 to length 59.
Simplified genome by 1 to length 58.
Simplified genome by 1 to length 57.
Simplified genome by 1 to length 56.
Simplified genome by 1 to length 55.
Simplified genome by 1 to length 54.
Simplified genome by 1 to length 53.
Simplified genome by 2 to length 51.
Simplified genome by 2 to length 49.
Simplified genome by 1 to length 48.
Simplified genome by 1 to length 47.
Simplified genome by 1 to length 46.
Simplified genome by 1 to length 45.
Simplified genome by 1 to length 44.
Simplified genome by 1 to length 43.
Simplified genome by 1 to length 42.
Simplified genome to length 42 and total error 12.
========================================
End Run
========================================
No solution found.
Best Seen Individual
	Genome:
	 pvector([InstructionMeta(name='int_swap', code_blocks=0), InstructionMeta(name='exec_yank', code_blocks=0), InstructionMeta(name='str_shove', code_blocks=0), InstructionMeta(name='int_from_bool', code_blocks=0), InstructionMeta(name='int_gte', code_blocks=0), InstructionMeta(name='noop', code_blocks=0), InstructionMeta(name='str_rest', code_blocks=0), InstructionMeta(name='int_pop', code_blocks=0), InstructionMeta(name='str_is_empty', code_blocks=0), InstructionMeta(name='str_yank', code_blocks=0), InstructionMeta(name='str_from_bool', code_blocks=0), InstructionMeta(name='str_shove', code_blocks=0), InstructionMeta(name='bool_yank', code_blocks=0), InstructionMeta(name='int_dup', code_blocks=0), InstructionMeta(name='exec_yank', code_blocks=0), InstructionMeta(name='bool_swap', code_blocks=0), Input(input_index=2), InstructionMeta(name='int_gte', code_blocks=0), InstructionMeta(name='exec_is_empty', code_blocks=0), InstructionMeta(name='int_inc', code_blocks=0), InstructionMeta(name='println_int', code_blocks=0), InstructionMeta(name='str_length', code_blocks=0), InstructionMeta(name='exec_do_count', code_blocks=1), Literal(value=False, push_type=<pyshgp.push.types.PushBoolType object at 0x7fe2191eadc0>), Closer(), InstructionMeta(name='int_gte', code_blocks=0), InstructionMeta(name='str_tail', code_blocks=0), InstructionMeta(name='bool_and', code_blocks=0), InstructionMeta(name='str_split_on_str', code_blocks=0), InstructionMeta(name='str_remove_n_str', code_blocks=0), InstructionMeta(name='exec_do_count', code_blocks=1), InstructionMeta(name='bool_yank', code_blocks=0), InstructionMeta(name='int_dec', code_blocks=0), InstructionMeta(name='str_eq', code_blocks=0), InstructionMeta(name='str_swap', code_blocks=0), InstructionMeta(name='int_dup_times', code_blocks=0), Input(input_index=1), InstructionMeta(name='bool_yank_dup', code_blocks=0), InstructionMeta(name='int_add', code_blocks=0), Closer(), InstructionMeta(name='exec_is_empty', code_blocks=0), InstructionMeta(name='exec_flush', code_blocks=0)])
	Program:
	 (int_swap exec_yank str_shove int_from_bool int_gte noop str_rest int_pop str_is_empty str_yank str_from_bool str_shove bool_yank int_dup exec_yank bool_swap input_2 int_gte exec_is_empty int_inc println_int str_length exec_do_count (False) int_gte str_tail bool_and str_split_on_str str_remove_n_str exec_do_count (bool_yank int_dec str_eq str_swap int_dup_times input_1 bool_yank_dup int_add) exec_is_empty exec_flush)
	Error vector:
	 [0 0 0 0 0 0 0 0 0 0 0 0 0 0 0 0 0 0 0 0 0 0 0 0 0 0 1 0 0 0 0 1 0 0 0 0 0
 0 0 0 0 0 0 0 0 0 0 1 0 1 1 0 0 0 0 0 1 0 0 0 0 1 0 0 0 0 0 0 0 0 0 0 0 1
 0 1 0 0 0 0 0 1 0 0 1 0 0 0 0 1 0 0 0 0 0 0 0 0 0 0]
	Total error:
	 12
	Test error:
	 299
	Time:
	 00:36:43
