Included 22 edge cases.
Included 78 random cases.
Included 100 cases in total.
Finished formatting.
Included 0 edge cases.
Included 1000 random cases.
Included 1000 cases in total.
Finished formatting.
========================================
Setup
========================================
Search Configuration:
signature: ProgramSignature(output_stacks=['bool'], arity=3, push_config=PushConfig(step_limit=600, numeric_magnitude_limit=1000000000000.0, collection_size_cap=1000, growth_cap=500, runtime_limit=10))
evaluator: <pyshgp.gp.evaluation.DatasetEvaluator object at 0x7f317e75f490>
spawner: <pyshgp.gp.genome.GeneSpawner object at 0x7f317e75fa60>
population_size: 200
max_generations: 300
error_threshold: 0.0
initial_genome_size: (40, 200)
simplification_steps: 500
parallel_context: <pyshgp.gp.search.ParallelContext object at 0x7f317e75f310>
selection: <pyshgp.utils.DiscreteProbDistrib object at 0x7f317e7e3f80>
variation: <pyshgp.utils.DiscreteProbDistrib object at 0x7f3171a7c100>
Instructions:
int_add, int_sub, int_mult, int_div, int_mod, int_min, int_max, int_inc, int_dec, int_lt, int_lte, int_gt, int_gte, int_from_bool, str_concat, str_insert_str, str_from_first_char, str_from_last_char, str_from_nth_char, str_contains_str, str_index_of_str, str_split_on_str, str_replace_first_str, str_replace_n_str, str_replace_all_str, str_remove_first_str, str_remove_n_str, str_remove_all_str, str_occurrences_of_str, str_reverse, str_head, str_tail, str_rest, str_but_last, str_drop, str_but_last_n, str_length, str_make_empty, str_is_empty_string, str_remove_nth, str_strip_whitespace, str_from_bool, str_from_int, bool_and, bool_or, bool_not, bool_xor, bool_invert_first_then_and, bool_second_first_then_and, bool_from_int, noop, noop_open, exec_do_range, exec_do_count, exec_while, exec_do_while, exec_if, exec_when, print_bool, println_bool, print_int, println_int, print_str, println_str, print_exec, println_exec, bool_pop, bool_dup, bool_dup_times, bool_swap, bool_rot, bool_flush, bool_eq, bool_stack_depth, bool_yank, bool_yank_dup, bool_shove, bool_shove_dup, bool_is_empty, int_pop, int_dup, int_dup_times, int_swap, int_rot, int_flush, int_eq, int_stack_depth, int_yank, int_yank_dup, int_shove, int_shove_dup, int_is_empty, str_pop, str_dup, str_dup_times, str_swap, str_rot, str_flush, str_eq, str_stack_depth, str_yank, str_yank_dup, str_shove, str_shove_dup, str_is_empty, exec_pop, exec_dup, exec_dup_times, exec_swap, exec_rot, exec_flush, exec_eq, exec_stack_depth, exec_yank, exec_yank_dup, exec_shove, exec_shove_dup, exec_is_empty
Literals:
[]
ERC Generators:
[<function rand_bool at 0x7f317e762c10>]
========================================
Start Run
========================================
2021-12-16 01:52:03.925417 | GENERATION: 1 | ERRORS: best=24, median=76.0, diversity=0.02 | INDIVIDUALS: n=200, avg_genome_length=126.19
2021-12-16 01:52:09.146272 | GENERATION: 2 | ERRORS: best=24, median=76.0, diversity=0.07 | INDIVIDUALS: n=200, avg_genome_length=138.5
2021-12-16 01:52:13.482887 | GENERATION: 3 | ERRORS: best=24, median=66.0, diversity=0.09 | INDIVIDUALS: n=200, avg_genome_length=140.12
2021-12-16 01:52:17.700630 | GENERATION: 4 | ERRORS: best=24, median=28.0, diversity=0.12 | INDIVIDUALS: n=200, avg_genome_length=107.255
2021-12-16 01:52:21.559441 | GENERATION: 5 | ERRORS: best=24, median=34.0, diversity=0.14 | INDIVIDUALS: n=200, avg_genome_length=96.555
2021-12-16 01:52:25.415062 | GENERATION: 6 | ERRORS: best=24, median=33.0, diversity=0.215 | INDIVIDUALS: n=200, avg_genome_length=75.73
2021-12-16 01:52:29.109463 | GENERATION: 7 | ERRORS: best=22, median=28.0, diversity=0.25 | INDIVIDUALS: n=200, avg_genome_length=72.685
2021-12-16 01:52:32.024454 | GENERATION: 8 | ERRORS: best=22, median=28.0, diversity=0.345 | INDIVIDUALS: n=200, avg_genome_length=62.565
2021-12-16 01:52:35.256069 | GENERATION: 9 | ERRORS: best=22, median=34.0, diversity=0.365 | INDIVIDUALS: n=200, avg_genome_length=56.065
2021-12-16 01:52:38.038304 | GENERATION: 10 | ERRORS: best=22, median=34.0, diversity=0.405 | INDIVIDUALS: n=200, avg_genome_length=56.11
2021-12-16 01:52:41.048332 | GENERATION: 11 | ERRORS: best=23, median=33.0, diversity=0.385 | INDIVIDUALS: n=200, avg_genome_length=57.17
2021-12-16 01:52:43.845666 | GENERATION: 12 | ERRORS: best=22, median=33.0, diversity=0.355 | INDIVIDUALS: n=200, avg_genome_length=57.78
2021-12-16 01:52:46.796110 | GENERATION: 13 | ERRORS: best=22, median=33.0, diversity=0.39 | INDIVIDUALS: n=200, avg_genome_length=56.36
2021-12-16 01:52:50.221674 | GENERATION: 14 | ERRORS: best=23, median=31.0, diversity=0.39 | INDIVIDUALS: n=200, avg_genome_length=54.435
2021-12-16 01:52:53.887846 | GENERATION: 15 | ERRORS: best=23, median=41.0, diversity=0.4 | INDIVIDUALS: n=200, avg_genome_length=52.785
2021-12-16 01:52:58.543980 | GENERATION: 16 | ERRORS: best=22, median=62.5, diversity=0.42 | INDIVIDUALS: n=200, avg_genome_length=50.635
2021-12-16 01:53:01.906256 | GENERATION: 17 | ERRORS: best=22, median=45.0, diversity=0.45 | INDIVIDUALS: n=200, avg_genome_length=54.765
2021-12-16 01:53:05.447002 | GENERATION: 18 | ERRORS: best=19, median=33.0, diversity=0.415 | INDIVIDUALS: n=200, avg_genome_length=52.555
2021-12-16 01:53:09.233189 | GENERATION: 19 | ERRORS: best=19, median=28.0, diversity=0.34 | INDIVIDUALS: n=200, avg_genome_length=53.12
2021-12-16 01:53:12.902782 | GENERATION: 20 | ERRORS: best=19, median=34.0, diversity=0.38 | INDIVIDUALS: n=200, avg_genome_length=50.57
2021-12-16 01:53:17.526589 | GENERATION: 21 | ERRORS: best=19, median=30.5, diversity=0.34 | INDIVIDUALS: n=200, avg_genome_length=52.915
2021-12-16 01:53:21.250739 | GENERATION: 22 | ERRORS: best=18, median=24.0, diversity=0.265 | INDIVIDUALS: n=200, avg_genome_length=51.975
2021-12-16 01:53:24.978098 | GENERATION: 23 | ERRORS: best=17, median=24.0, diversity=0.325 | INDIVIDUALS: n=200, avg_genome_length=51.275
2021-12-16 01:53:28.612561 | GENERATION: 24 | ERRORS: best=19, median=29.5, diversity=0.4 | INDIVIDUALS: n=200, avg_genome_length=49.985
2021-12-16 01:53:32.670188 | GENERATION: 25 | ERRORS: best=18, median=27.0, diversity=0.36 | INDIVIDUALS: n=200, avg_genome_length=50.475
2021-12-16 01:53:37.281477 | GENERATION: 26 | ERRORS: best=19, median=36.0, diversity=0.415 | INDIVIDUALS: n=200, avg_genome_length=49.315
2021-12-16 01:53:41.888384 | GENERATION: 27 | ERRORS: best=17, median=34.5, diversity=0.3 | INDIVIDUALS: n=200, avg_genome_length=49.905
2021-12-16 01:53:46.545391 | GENERATION: 28 | ERRORS: best=17, median=32.5, diversity=0.33 | INDIVIDUALS: n=200, avg_genome_length=47.05
2021-12-16 01:53:51.130796 | GENERATION: 29 | ERRORS: best=17, median=27.0, diversity=0.325 | INDIVIDUALS: n=200, avg_genome_length=48.12
2021-12-16 01:53:53.877515 | GENERATION: 30 | ERRORS: best=17, median=29.5, diversity=0.31 | INDIVIDUALS: n=200, avg_genome_length=46.93
2021-12-16 01:53:57.663480 | GENERATION: 31 | ERRORS: best=17, median=33.5, diversity=0.33 | INDIVIDUALS: n=200, avg_genome_length=46.16
2021-12-16 01:54:00.374375 | GENERATION: 32 | ERRORS: best=17, median=25.5, diversity=0.29 | INDIVIDUALS: n=200, avg_genome_length=43.81
2021-12-16 01:54:04.464368 | GENERATION: 33 | ERRORS: best=16, median=34.0, diversity=0.305 | INDIVIDUALS: n=200, avg_genome_length=43.015
2021-12-16 01:54:07.897858 | GENERATION: 34 | ERRORS: best=16, median=25.5, diversity=0.29 | INDIVIDUALS: n=200, avg_genome_length=43.115
2021-12-16 01:54:10.983422 | GENERATION: 35 | ERRORS: best=15, median=28.0, diversity=0.285 | INDIVIDUALS: n=200, avg_genome_length=38.225
2021-12-16 01:54:15.227703 | GENERATION: 36 | ERRORS: best=16, median=39.0, diversity=0.28 | INDIVIDUALS: n=200, avg_genome_length=37.12
2021-12-16 01:54:20.117355 | GENERATION: 37 | ERRORS: best=15, median=24.0, diversity=0.285 | INDIVIDUALS: n=200, avg_genome_length=36.725
2021-12-16 01:54:24.903235 | GENERATION: 38 | ERRORS: best=14, median=33.5, diversity=0.275 | INDIVIDUALS: n=200, avg_genome_length=33.905
2021-12-16 01:54:30.868650 | GENERATION: 39 | ERRORS: best=14, median=33.0, diversity=0.28 | INDIVIDUALS: n=200, avg_genome_length=32.83
2021-12-16 01:54:35.818315 | GENERATION: 40 | ERRORS: best=14, median=61.0, diversity=0.235 | INDIVIDUALS: n=200, avg_genome_length=33.685
2021-12-16 01:54:40.750942 | GENERATION: 41 | ERRORS: best=14, median=57.5, diversity=0.265 | INDIVIDUALS: n=200, avg_genome_length=31.28
2021-12-16 01:54:45.569849 | GENERATION: 42 | ERRORS: best=14, median=30.0, diversity=0.275 | INDIVIDUALS: n=200, avg_genome_length=29.55
2021-12-16 01:54:49.056011 | GENERATION: 43 | ERRORS: best=14, median=65.0, diversity=0.24 | INDIVIDUALS: n=200, avg_genome_length=27.99
2021-12-16 01:54:51.984377 | GENERATION: 44 | ERRORS: best=14, median=55.5, diversity=0.235 | INDIVIDUALS: n=200, avg_genome_length=28.95
2021-12-16 01:54:54.683395 | GENERATION: 45 | ERRORS: best=14, median=65.0, diversity=0.28 | INDIVIDUALS: n=200, avg_genome_length=28.735
2021-12-16 01:54:57.771539 | GENERATION: 46 | ERRORS: best=14, median=61.0, diversity=0.19 | INDIVIDUALS: n=200, avg_genome_length=25.535
2021-12-16 01:55:00.450861 | GENERATION: 47 | ERRORS: best=14, median=59.0, diversity=0.19 | INDIVIDUALS: n=200, avg_genome_length=23.58
2021-12-16 01:55:03.290155 | GENERATION: 48 | ERRORS: best=14, median=44.0, diversity=0.18 | INDIVIDUALS: n=200, avg_genome_length=22.065
2021-12-16 01:55:06.207374 | GENERATION: 49 | ERRORS: best=14, median=62.0, diversity=0.24 | INDIVIDUALS: n=200, avg_genome_length=21.16
2021-12-16 01:55:08.904430 | GENERATION: 50 | ERRORS: best=14, median=76.0, diversity=0.21 | INDIVIDUALS: n=200, avg_genome_length=21.18
2021-12-16 01:55:11.393227 | GENERATION: 51 | ERRORS: best=14, median=76.0, diversity=0.225 | INDIVIDUALS: n=200, avg_genome_length=20.875
2021-12-16 01:55:14.061827 | GENERATION: 52 | ERRORS: best=14, median=75.0, diversity=0.24 | INDIVIDUALS: n=200, avg_genome_length=19.44
2021-12-16 01:55:16.148413 | GENERATION: 53 | ERRORS: best=14, median=61.0, diversity=0.195 | INDIVIDUALS: n=200, avg_genome_length=19.22
2021-12-16 01:55:18.240006 | GENERATION: 54 | ERRORS: best=14, median=66.0, diversity=0.25 | INDIVIDUALS: n=200, avg_genome_length=18.915
2021-12-16 01:55:20.009735 | GENERATION: 55 | ERRORS: best=14, median=63.5, diversity=0.28 | INDIVIDUALS: n=200, avg_genome_length=18.535
2021-12-16 01:55:22.168317 | GENERATION: 56 | ERRORS: best=14, median=66.0, diversity=0.285 | INDIVIDUALS: n=200, avg_genome_length=20.27
2021-12-16 01:55:24.944420 | GENERATION: 57 | ERRORS: best=14, median=20000043.0, diversity=0.255 | INDIVIDUALS: n=200, avg_genome_length=21.595
2021-12-16 01:55:28.312670 | GENERATION: 58 | ERRORS: best=14, median=76.0, diversity=0.275 | INDIVIDUALS: n=200, avg_genome_length=21.72
2021-12-16 01:55:31.442882 | GENERATION: 59 | ERRORS: best=14, median=52.5, diversity=0.305 | INDIVIDUALS: n=200, avg_genome_length=21.69
2021-12-16 01:55:36.466838 | GENERATION: 60 | ERRORS: best=14, median=40.0, diversity=0.305 | INDIVIDUALS: n=200, avg_genome_length=23.33
2021-12-16 01:55:41.155210 | GENERATION: 61 | ERRORS: best=14, median=65.0, diversity=0.335 | INDIVIDUALS: n=200, avg_genome_length=22.92
2021-12-16 01:55:45.356792 | GENERATION: 62 | ERRORS: best=14, median=56.5, diversity=0.34 | INDIVIDUALS: n=200, avg_genome_length=23.155
2021-12-16 01:55:48.777507 | GENERATION: 63 | ERRORS: best=14, median=56.5, diversity=0.325 | INDIVIDUALS: n=200, avg_genome_length=21.85
2021-12-16 01:55:51.718780 | GENERATION: 64 | ERRORS: best=14, median=65.5, diversity=0.315 | INDIVIDUALS: n=200, avg_genome_length=21.93
2021-12-16 01:55:56.414907 | GENERATION: 65 | ERRORS: best=14, median=58.5, diversity=0.32 | INDIVIDUALS: n=200, avg_genome_length=22.865
2021-12-16 01:56:01.486732 | GENERATION: 66 | ERRORS: best=14, median=65.5, diversity=0.345 | INDIVIDUALS: n=200, avg_genome_length=22.965
2021-12-16 01:56:05.808169 | GENERATION: 67 | ERRORS: best=15, median=71.0, diversity=0.31 | INDIVIDUALS: n=200, avg_genome_length=22.9
2021-12-16 01:56:08.573264 | GENERATION: 68 | ERRORS: best=15, median=66.0, diversity=0.295 | INDIVIDUALS: n=200, avg_genome_length=19.58
2021-12-16 01:56:11.318472 | GENERATION: 69 | ERRORS: best=15, median=76.0, diversity=0.265 | INDIVIDUALS: n=200, avg_genome_length=18.495
2021-12-16 01:56:14.594632 | GENERATION: 70 | ERRORS: best=14, median=65.5, diversity=0.325 | INDIVIDUALS: n=200, avg_genome_length=17.615
2021-12-16 01:56:18.641927 | GENERATION: 71 | ERRORS: best=15, median=76.0, diversity=0.245 | INDIVIDUALS: n=200, avg_genome_length=16.155
2021-12-16 01:56:23.064976 | GENERATION: 72 | ERRORS: best=17, median=76.0, diversity=0.245 | INDIVIDUALS: n=200, avg_genome_length=15.975
2021-12-16 01:56:27.167931 | GENERATION: 73 | ERRORS: best=14, median=69.0, diversity=0.31 | INDIVIDUALS: n=200, avg_genome_length=17.175
2021-12-16 01:56:29.891735 | GENERATION: 74 | ERRORS: best=14, median=76.0, diversity=0.245 | INDIVIDUALS: n=200, avg_genome_length=16.32
2021-12-16 01:56:32.353639 | GENERATION: 75 | ERRORS: best=14, median=67.0, diversity=0.255 | INDIVIDUALS: n=200, avg_genome_length=17.725
2021-12-16 01:56:34.577334 | GENERATION: 76 | ERRORS: best=14, median=76.0, diversity=0.2 | INDIVIDUALS: n=200, avg_genome_length=15.805
2021-12-16 01:56:37.060756 | GENERATION: 77 | ERRORS: best=14, median=76.0, diversity=0.22 | INDIVIDUALS: n=200, avg_genome_length=15.015
2021-12-16 01:56:39.778134 | GENERATION: 78 | ERRORS: best=14, median=76.0, diversity=0.25 | INDIVIDUALS: n=200, avg_genome_length=15.425
2021-12-16 01:56:42.565376 | GENERATION: 79 | ERRORS: best=14, median=66.0, diversity=0.24 | INDIVIDUALS: n=200, avg_genome_length=17.24
2021-12-16 01:56:45.461611 | GENERATION: 80 | ERRORS: best=14, median=76.0, diversity=0.265 | INDIVIDUALS: n=200, avg_genome_length=16.895
2021-12-16 01:56:47.757938 | GENERATION: 81 | ERRORS: best=14, median=67.5, diversity=0.22 | INDIVIDUALS: n=200, avg_genome_length=15.455
2021-12-16 01:56:49.424752 | GENERATION: 82 | ERRORS: best=14, median=5000071.0, diversity=0.235 | INDIVIDUALS: n=200, avg_genome_length=15.745
2021-12-16 01:56:50.897705 | GENERATION: 83 | ERRORS: best=14, median=76.0, diversity=0.23 | INDIVIDUALS: n=200, avg_genome_length=14.16
2021-12-16 01:56:52.896363 | GENERATION: 84 | ERRORS: best=14, median=65.5, diversity=0.2 | INDIVIDUALS: n=200, avg_genome_length=14.615
2021-12-16 01:56:54.834301 | GENERATION: 85 | ERRORS: best=14, median=65.5, diversity=0.195 | INDIVIDUALS: n=200, avg_genome_length=14.015
2021-12-16 01:56:56.524383 | GENERATION: 86 | ERRORS: best=14, median=60.0, diversity=0.255 | INDIVIDUALS: n=200, avg_genome_length=13.385
2021-12-16 01:56:58.065919 | GENERATION: 87 | ERRORS: best=14, median=76.0, diversity=0.205 | INDIVIDUALS: n=200, avg_genome_length=12.28
2021-12-16 01:56:59.484451 | GENERATION: 88 | ERRORS: best=14, median=66.0, diversity=0.185 | INDIVIDUALS: n=200, avg_genome_length=12.105
2021-12-16 01:57:01.197034 | GENERATION: 89 | ERRORS: best=14, median=100000000.0, diversity=0.18 | INDIVIDUALS: n=200, avg_genome_length=11.445
2021-12-16 01:57:03.043798 | GENERATION: 90 | ERRORS: best=14, median=76.0, diversity=0.155 | INDIVIDUALS: n=200, avg_genome_length=11.665
2021-12-16 01:57:04.556538 | GENERATION: 91 | ERRORS: best=10, median=76.0, diversity=0.14 | INDIVIDUALS: n=200, avg_genome_length=11.22
2021-12-16 01:57:06.638535 | GENERATION: 92 | ERRORS: best=9, median=76.0, diversity=0.175 | INDIVIDUALS: n=200, avg_genome_length=13.245
2021-12-16 01:57:08.736967 | GENERATION: 93 | ERRORS: best=9, median=34.5, diversity=0.14 | INDIVIDUALS: n=200, avg_genome_length=13.415
2021-12-16 01:57:10.576411 | GENERATION: 94 | ERRORS: best=9, median=24.0, diversity=0.105 | INDIVIDUALS: n=200, avg_genome_length=14.15
2021-12-16 01:57:12.327068 | GENERATION: 95 | ERRORS: best=9, median=60.0, diversity=0.14 | INDIVIDUALS: n=200, avg_genome_length=12.795
2021-12-16 01:57:13.800975 | GENERATION: 96 | ERRORS: best=9, median=68.5, diversity=0.115 | INDIVIDUALS: n=200, avg_genome_length=11.905
2021-12-16 01:57:15.191923 | GENERATION: 97 | ERRORS: best=9, median=58.0, diversity=0.1 | INDIVIDUALS: n=200, avg_genome_length=11.55
2021-12-16 01:57:16.738915 | GENERATION: 98 | ERRORS: best=18, median=29.0, diversity=0.145 | INDIVIDUALS: n=200, avg_genome_length=12.295
2021-12-16 01:57:18.309403 | GENERATION: 99 | ERRORS: best=17, median=24.0, diversity=0.175 | INDIVIDUALS: n=200, avg_genome_length=13.185
2021-12-16 01:57:20.237092 | GENERATION: 100 | ERRORS: best=9, median=24.0, diversity=0.15 | INDIVIDUALS: n=200, avg_genome_length=13.695
2021-12-16 01:57:21.817048 | GENERATION: 101 | ERRORS: best=9, median=24.0, diversity=0.1 | INDIVIDUALS: n=200, avg_genome_length=11.31
2021-12-16 01:57:23.374289 | GENERATION: 102 | ERRORS: best=9, median=58.0, diversity=0.11 | INDIVIDUALS: n=200, avg_genome_length=9.56
2021-12-16 01:57:24.641655 | GENERATION: 103 | ERRORS: best=9, median=61.0, diversity=0.115 | INDIVIDUALS: n=200, avg_genome_length=8.875
2021-12-16 01:57:26.056739 | GENERATION: 104 | ERRORS: best=9, median=31.5, diversity=0.085 | INDIVIDUALS: n=200, avg_genome_length=8.575
2021-12-16 01:57:27.616530 | GENERATION: 105 | ERRORS: best=20, median=24.0, diversity=0.1 | INDIVIDUALS: n=200, avg_genome_length=8.395
2021-12-16 01:57:28.830530 | GENERATION: 106 | ERRORS: best=18, median=24.0, diversity=0.1 | INDIVIDUALS: n=200, avg_genome_length=9.605
2021-12-16 01:57:30.228042 | GENERATION: 107 | ERRORS: best=18, median=24.0, diversity=0.1 | INDIVIDUALS: n=200, avg_genome_length=10.59
2021-12-16 01:57:31.465890 | GENERATION: 108 | ERRORS: best=18, median=24.0, diversity=0.07 | INDIVIDUALS: n=200, avg_genome_length=11.13
2021-12-16 01:57:33.061991 | GENERATION: 109 | ERRORS: best=18, median=24.0, diversity=0.095 | INDIVIDUALS: n=200, avg_genome_length=11.855
2021-12-16 01:57:34.638528 | GENERATION: 110 | ERRORS: best=18, median=57.0, diversity=0.14 | INDIVIDUALS: n=200, avg_genome_length=11.185
2021-12-16 01:57:35.989755 | GENERATION: 111 | ERRORS: best=18, median=56000034.0, diversity=0.115 | INDIVIDUALS: n=200, avg_genome_length=10.415
2021-12-16 01:57:37.262967 | GENERATION: 112 | ERRORS: best=17, median=53000013.5, diversity=0.165 | INDIVIDUALS: n=200, avg_genome_length=10.87
2021-12-16 01:57:38.475770 | GENERATION: 113 | ERRORS: best=17, median=100000000.0, diversity=0.105 | INDIVIDUALS: n=200, avg_genome_length=10.795
2021-12-16 01:57:39.726811 | GENERATION: 114 | ERRORS: best=17, median=100000000.0, diversity=0.115 | INDIVIDUALS: n=200, avg_genome_length=11.28
2021-12-16 01:57:41.035937 | GENERATION: 115 | ERRORS: best=14, median=55000012.0, diversity=0.15 | INDIVIDUALS: n=200, avg_genome_length=11.73
2021-12-16 01:57:42.328736 | GENERATION: 116 | ERRORS: best=14, median=76.0, diversity=0.175 | INDIVIDUALS: n=200, avg_genome_length=10.96
2021-12-16 01:57:43.594986 | GENERATION: 117 | ERRORS: best=14, median=100000000.0, diversity=0.195 | INDIVIDUALS: n=200, avg_genome_length=11.055
2021-12-16 01:57:45.010556 | GENERATION: 118 | ERRORS: best=17, median=76.0, diversity=0.175 | INDIVIDUALS: n=200, avg_genome_length=9.915
2021-12-16 01:57:46.098876 | GENERATION: 119 | ERRORS: best=16, median=100000000.0, diversity=0.115 | INDIVIDUALS: n=200, avg_genome_length=9.385
2021-12-16 01:57:47.249081 | GENERATION: 120 | ERRORS: best=16, median=100000000.0, diversity=0.135 | INDIVIDUALS: n=200, avg_genome_length=9.64
2021-12-16 01:57:48.562175 | GENERATION: 121 | ERRORS: best=19, median=100000000.0, diversity=0.105 | INDIVIDUALS: n=200, avg_genome_length=9.455
2021-12-16 01:57:49.807899 | GENERATION: 122 | ERRORS: best=19, median=100000000.0, diversity=0.115 | INDIVIDUALS: n=200, avg_genome_length=10.255
2021-12-16 01:57:51.151851 | GENERATION: 123 | ERRORS: best=22, median=100000000.0, diversity=0.115 | INDIVIDUALS: n=200, avg_genome_length=10.5
2021-12-16 01:57:52.284216 | GENERATION: 124 | ERRORS: best=22, median=100000000.0, diversity=0.115 | INDIVIDUALS: n=200, avg_genome_length=10.22
2021-12-16 01:57:53.490542 | GENERATION: 125 | ERRORS: best=22, median=100000000.0, diversity=0.105 | INDIVIDUALS: n=200, avg_genome_length=10.76
2021-12-16 01:57:54.974462 | GENERATION: 126 | ERRORS: best=22, median=76.0, diversity=0.105 | INDIVIDUALS: n=200, avg_genome_length=11.26
2021-12-16 01:57:56.366234 | GENERATION: 127 | ERRORS: best=22, median=76.0, diversity=0.12 | INDIVIDUALS: n=200, avg_genome_length=11.345
2021-12-16 01:57:57.580216 | GENERATION: 128 | ERRORS: best=22, median=100000000.0, diversity=0.115 | INDIVIDUALS: n=200, avg_genome_length=10.08
2021-12-16 01:57:59.215999 | GENERATION: 129 | ERRORS: best=22, median=76.0, diversity=0.1 | INDIVIDUALS: n=200, avg_genome_length=9.775
2021-12-16 01:58:00.493606 | GENERATION: 130 | ERRORS: best=22, median=72.0, diversity=0.12 | INDIVIDUALS: n=200, avg_genome_length=11.25
2021-12-16 01:58:02.205726 | GENERATION: 131 | ERRORS: best=19, median=76.0, diversity=0.11 | INDIVIDUALS: n=200, avg_genome_length=11.17
2021-12-16 01:58:03.447961 | GENERATION: 132 | ERRORS: best=19, median=76.0, diversity=0.105 | INDIVIDUALS: n=200, avg_genome_length=11.075
2021-12-16 01:58:04.799880 | GENERATION: 133 | ERRORS: best=19, median=76.0, diversity=0.11 | INDIVIDUALS: n=200, avg_genome_length=10.59
2021-12-16 01:58:05.981295 | GENERATION: 134 | ERRORS: best=19, median=76.0, diversity=0.14 | INDIVIDUALS: n=200, avg_genome_length=10.49
2021-12-16 01:58:07.565357 | GENERATION: 135 | ERRORS: best=19, median=100000000.0, diversity=0.11 | INDIVIDUALS: n=200, avg_genome_length=9.62
2021-12-16 01:58:08.689491 | GENERATION: 136 | ERRORS: best=19, median=100000000.0, diversity=0.125 | INDIVIDUALS: n=200, avg_genome_length=9.98
2021-12-16 01:58:10.168497 | GENERATION: 137 | ERRORS: best=19, median=95000000.0, diversity=0.165 | INDIVIDUALS: n=200, avg_genome_length=9.725
2021-12-16 01:58:11.757997 | GENERATION: 138 | ERRORS: best=22, median=76.0, diversity=0.11 | INDIVIDUALS: n=200, avg_genome_length=9.265
2021-12-16 01:58:13.233341 | GENERATION: 139 | ERRORS: best=22, median=100000000.0, diversity=0.08 | INDIVIDUALS: n=200, avg_genome_length=8.275
2021-12-16 01:58:14.297814 | GENERATION: 140 | ERRORS: best=22, median=100000000.0, diversity=0.105 | INDIVIDUALS: n=200, avg_genome_length=8.27
2021-12-16 01:58:15.768963 | GENERATION: 141 | ERRORS: best=22, median=100000000.0, diversity=0.12 | INDIVIDUALS: n=200, avg_genome_length=8.41
2021-12-16 01:58:16.897194 | GENERATION: 142 | ERRORS: best=23, median=100000000.0, diversity=0.095 | INDIVIDUALS: n=200, avg_genome_length=8.37
2021-12-16 01:58:18.249249 | GENERATION: 143 | ERRORS: best=23, median=100000000.0, diversity=0.075 | INDIVIDUALS: n=200, avg_genome_length=8.505
2021-12-16 01:58:19.351328 | GENERATION: 144 | ERRORS: best=23, median=76.0, diversity=0.08 | INDIVIDUALS: n=200, avg_genome_length=8.595
2021-12-16 01:58:20.483951 | GENERATION: 145 | ERRORS: best=23, median=100000000.0, diversity=0.075 | INDIVIDUALS: n=200, avg_genome_length=8.265
2021-12-16 01:58:21.655960 | GENERATION: 146 | ERRORS: best=23, median=100000000.0, diversity=0.085 | INDIVIDUALS: n=200, avg_genome_length=9.86
2021-12-16 01:58:22.799002 | GENERATION: 147 | ERRORS: best=23, median=100000000.0, diversity=0.055 | INDIVIDUALS: n=200, avg_genome_length=9.78
2021-12-16 01:58:24.254504 | GENERATION: 148 | ERRORS: best=23, median=100000000.0, diversity=0.07 | INDIVIDUALS: n=200, avg_genome_length=8.675
2021-12-16 01:58:25.511138 | GENERATION: 149 | ERRORS: best=23, median=100000000.0, diversity=0.075 | INDIVIDUALS: n=200, avg_genome_length=8.4
2021-12-16 01:58:26.753088 | GENERATION: 150 | ERRORS: best=22, median=100000000.0, diversity=0.105 | INDIVIDUALS: n=200, avg_genome_length=8.64
2021-12-16 01:58:27.877105 | GENERATION: 151 | ERRORS: best=22, median=100000000.0, diversity=0.09 | INDIVIDUALS: n=200, avg_genome_length=10.09
2021-12-16 01:58:29.373324 | GENERATION: 152 | ERRORS: best=19, median=76.0, diversity=0.095 | INDIVIDUALS: n=200, avg_genome_length=10.775
2021-12-16 01:58:30.840082 | GENERATION: 153 | ERRORS: best=19, median=32000032.0, diversity=0.12 | INDIVIDUALS: n=200, avg_genome_length=11.305
2021-12-16 01:58:32.374358 | GENERATION: 154 | ERRORS: best=19, median=76.0, diversity=0.11 | INDIVIDUALS: n=200, avg_genome_length=11.705
2021-12-16 01:58:34.263657 | GENERATION: 155 | ERRORS: best=19, median=100000000.0, diversity=0.115 | INDIVIDUALS: n=200, avg_genome_length=10.565
2021-12-16 01:58:35.753443 | GENERATION: 156 | ERRORS: best=19, median=100000000.0, diversity=0.14 | INDIVIDUALS: n=200, avg_genome_length=10.885
2021-12-16 01:58:36.931987 | GENERATION: 157 | ERRORS: best=19, median=76.0, diversity=0.16 | INDIVIDUALS: n=200, avg_genome_length=10.44
2021-12-16 01:58:38.228799 | GENERATION: 158 | ERRORS: best=19, median=100000000.0, diversity=0.14 | INDIVIDUALS: n=200, avg_genome_length=11.58
2021-12-16 01:58:39.448597 | GENERATION: 159 | ERRORS: best=19, median=100000000.0, diversity=0.12 | INDIVIDUALS: n=200, avg_genome_length=11.325
2021-12-16 01:58:40.870273 | GENERATION: 160 | ERRORS: best=18, median=76.0, diversity=0.135 | INDIVIDUALS: n=200, avg_genome_length=13.525
2021-12-16 01:58:42.502325 | GENERATION: 161 | ERRORS: best=17, median=76.0, diversity=0.145 | INDIVIDUALS: n=200, avg_genome_length=15.13
2021-12-16 01:58:44.127272 | GENERATION: 162 | ERRORS: best=17, median=13500046.0, diversity=0.155 | INDIVIDUALS: n=200, avg_genome_length=15.655
2021-12-16 01:58:45.602756 | GENERATION: 163 | ERRORS: best=17, median=76.0, diversity=0.18 | INDIVIDUALS: n=200, avg_genome_length=15.315
2021-12-16 01:58:47.404209 | GENERATION: 164 | ERRORS: best=17, median=100000000.0, diversity=0.165 | INDIVIDUALS: n=200, avg_genome_length=15.715
2021-12-16 01:58:48.949591 | GENERATION: 165 | ERRORS: best=17, median=100000000.0, diversity=0.18 | INDIVIDUALS: n=200, avg_genome_length=14.735
2021-12-16 01:58:50.372285 | GENERATION: 166 | ERRORS: best=18, median=100000000.0, diversity=0.17 | INDIVIDUALS: n=200, avg_genome_length=14.225
2021-12-16 01:58:51.839101 | GENERATION: 167 | ERRORS: best=18, median=10000040.0, diversity=0.215 | INDIVIDUALS: n=200, avg_genome_length=14.24
2021-12-16 01:58:53.200469 | GENERATION: 168 | ERRORS: best=18, median=75.5, diversity=0.23 | INDIVIDUALS: n=200, avg_genome_length=14.255
2021-12-16 01:58:54.871984 | GENERATION: 169 | ERRORS: best=18, median=76.0, diversity=0.195 | INDIVIDUALS: n=200, avg_genome_length=14.96
2021-12-16 01:58:56.401607 | GENERATION: 170 | ERRORS: best=18, median=76.0, diversity=0.21 | INDIVIDUALS: n=200, avg_genome_length=14.24
2021-12-16 01:58:57.838819 | GENERATION: 171 | ERRORS: best=18, median=100000000.0, diversity=0.18 | INDIVIDUALS: n=200, avg_genome_length=15.32
2021-12-16 01:58:59.258859 | GENERATION: 172 | ERRORS: best=18, median=100000000.0, diversity=0.205 | INDIVIDUALS: n=200, avg_genome_length=15.595
2021-12-16 01:59:01.024116 | GENERATION: 173 | ERRORS: best=18, median=12000068.0, diversity=0.17 | INDIVIDUALS: n=200, avg_genome_length=14.175
2021-12-16 01:59:02.565547 | GENERATION: 174 | ERRORS: best=18, median=100000000.0, diversity=0.165 | INDIVIDUALS: n=200, avg_genome_length=13.55
2021-12-16 01:59:03.974664 | GENERATION: 175 | ERRORS: best=18, median=100000000.0, diversity=0.135 | INDIVIDUALS: n=200, avg_genome_length=12.88
2021-12-16 01:59:05.310489 | GENERATION: 176 | ERRORS: best=19, median=100000000.0, diversity=0.135 | INDIVIDUALS: n=200, avg_genome_length=12.905
2021-12-16 01:59:06.677658 | GENERATION: 177 | ERRORS: best=22, median=100000000.0, diversity=0.17 | INDIVIDUALS: n=200, avg_genome_length=10.96
2021-12-16 01:59:08.466490 | GENERATION: 178 | ERRORS: best=19, median=100000000.0, diversity=0.14 | INDIVIDUALS: n=200, avg_genome_length=12.605
2021-12-16 01:59:10.182356 | GENERATION: 179 | ERRORS: best=19, median=76.0, diversity=0.17 | INDIVIDUALS: n=200, avg_genome_length=14.145
2021-12-16 01:59:11.629242 | GENERATION: 180 | ERRORS: best=19, median=76.0, diversity=0.18 | INDIVIDUALS: n=200, avg_genome_length=13.06
2021-12-16 01:59:13.578216 | GENERATION: 181 | ERRORS: best=20, median=76.0, diversity=0.25 | INDIVIDUALS: n=200, avg_genome_length=13.44
2021-12-16 01:59:15.414596 | GENERATION: 182 | ERRORS: best=20, median=100000000.0, diversity=0.145 | INDIVIDUALS: n=200, avg_genome_length=12.425
2021-12-16 01:59:16.626458 | GENERATION: 183 | ERRORS: best=18, median=100000000.0, diversity=0.16 | INDIVIDUALS: n=200, avg_genome_length=11.385
2021-12-16 01:59:17.860997 | GENERATION: 184 | ERRORS: best=20, median=100000000.0, diversity=0.11 | INDIVIDUALS: n=200, avg_genome_length=9.235
2021-12-16 01:59:18.996617 | GENERATION: 185 | ERRORS: best=23, median=95000000.0, diversity=0.13 | INDIVIDUALS: n=200, avg_genome_length=9.89
2021-12-16 01:59:20.217394 | GENERATION: 186 | ERRORS: best=23, median=100000000.0, diversity=0.115 | INDIVIDUALS: n=200, avg_genome_length=9.835
2021-12-16 01:59:21.361721 | GENERATION: 187 | ERRORS: best=23, median=100000000.0, diversity=0.12 | INDIVIDUALS: n=200, avg_genome_length=10.07
2021-12-16 01:59:23.067328 | GENERATION: 188 | ERRORS: best=23, median=100000000.0, diversity=0.11 | INDIVIDUALS: n=200, avg_genome_length=9.855
2021-12-16 01:59:24.594240 | GENERATION: 189 | ERRORS: best=23, median=100000000.0, diversity=0.095 | INDIVIDUALS: n=200, avg_genome_length=11.09
2021-12-16 01:59:26.019610 | GENERATION: 190 | ERRORS: best=23, median=76.0, diversity=0.105 | INDIVIDUALS: n=200, avg_genome_length=10.26
2021-12-16 01:59:27.133234 | GENERATION: 191 | ERRORS: best=23, median=100000000.0, diversity=0.085 | INDIVIDUALS: n=200, avg_genome_length=9.79
2021-12-16 01:59:28.297447 | GENERATION: 192 | ERRORS: best=23, median=100000000.0, diversity=0.09 | INDIVIDUALS: n=200, avg_genome_length=9.655
2021-12-16 01:59:29.412394 | GENERATION: 193 | ERRORS: best=23, median=100000000.0, diversity=0.11 | INDIVIDUALS: n=200, avg_genome_length=9.35
2021-12-16 01:59:30.841272 | GENERATION: 194 | ERRORS: best=20, median=100000000.0, diversity=0.09 | INDIVIDUALS: n=200, avg_genome_length=8.735
2021-12-16 01:59:31.991504 | GENERATION: 195 | ERRORS: best=20, median=100000000.0, diversity=0.085 | INDIVIDUALS: n=200, avg_genome_length=9.75
2021-12-16 01:59:33.145122 | GENERATION: 196 | ERRORS: best=20, median=100000000.0, diversity=0.085 | INDIVIDUALS: n=200, avg_genome_length=10.34
2021-12-16 01:59:34.328406 | GENERATION: 197 | ERRORS: best=18, median=76.0, diversity=0.115 | INDIVIDUALS: n=200, avg_genome_length=11.72
2021-12-16 01:59:35.642516 | GENERATION: 198 | ERRORS: best=18, median=76.0, diversity=0.145 | INDIVIDUALS: n=200, avg_genome_length=12.5
2021-12-16 01:59:36.852727 | GENERATION: 199 | ERRORS: best=18, median=100000000.0, diversity=0.085 | INDIVIDUALS: n=200, avg_genome_length=10.975
2021-12-16 01:59:38.100652 | GENERATION: 200 | ERRORS: best=18, median=18000018.0, diversity=0.125 | INDIVIDUALS: n=200, avg_genome_length=10.17
2021-12-16 01:59:39.782313 | GENERATION: 201 | ERRORS: best=18, median=100000000.0, diversity=0.165 | INDIVIDUALS: n=200, avg_genome_length=10.3
2021-12-16 01:59:41.483627 | GENERATION: 202 | ERRORS: best=19, median=11500044.0, diversity=0.16 | INDIVIDUALS: n=200, avg_genome_length=11.285
2021-12-16 01:59:43.348404 | GENERATION: 203 | ERRORS: best=19, median=71.0, diversity=0.175 | INDIVIDUALS: n=200, avg_genome_length=11.805
2021-12-16 01:59:44.892019 | GENERATION: 204 | ERRORS: best=18, median=76.0, diversity=0.145 | INDIVIDUALS: n=200, avg_genome_length=11.915
2021-12-16 01:59:46.297130 | GENERATION: 205 | ERRORS: best=18, median=100000000.0, diversity=0.11 | INDIVIDUALS: n=200, avg_genome_length=13.255
2021-12-16 01:59:47.526159 | GENERATION: 206 | ERRORS: best=18, median=76.0, diversity=0.115 | INDIVIDUALS: n=200, avg_genome_length=12.265
2021-12-16 01:59:48.803095 | GENERATION: 207 | ERRORS: best=18, median=76.0, diversity=0.14 | INDIVIDUALS: n=200, avg_genome_length=12.81
2021-12-16 01:59:50.094785 | GENERATION: 208 | ERRORS: best=17, median=6000048.0, diversity=0.14 | INDIVIDUALS: n=200, avg_genome_length=13.075
2021-12-16 01:59:51.445750 | GENERATION: 209 | ERRORS: best=17, median=100000000.0, diversity=0.125 | INDIVIDUALS: n=200, avg_genome_length=13.345
2021-12-16 01:59:52.768643 | GENERATION: 210 | ERRORS: best=17, median=100000000.0, diversity=0.155 | INDIVIDUALS: n=200, avg_genome_length=13.13
2021-12-16 01:59:54.168454 | GENERATION: 211 | ERRORS: best=17, median=100000000.0, diversity=0.16 | INDIVIDUALS: n=200, avg_genome_length=12.75
2021-12-16 01:59:55.835681 | GENERATION: 212 | ERRORS: best=17, median=76.0, diversity=0.145 | INDIVIDUALS: n=200, avg_genome_length=14.265
2021-12-16 01:59:57.693606 | GENERATION: 213 | ERRORS: best=17, median=76.0, diversity=0.155 | INDIVIDUALS: n=200, avg_genome_length=14.96
2021-12-16 01:59:59.110213 | GENERATION: 214 | ERRORS: best=17, median=70500013.0, diversity=0.15 | INDIVIDUALS: n=200, avg_genome_length=14.515
2021-12-16 02:00:00.713491 | GENERATION: 215 | ERRORS: best=17, median=10500045.0, diversity=0.155 | INDIVIDUALS: n=200, avg_genome_length=14.17
2021-12-16 02:00:02.164707 | GENERATION: 216 | ERRORS: best=17, median=76.0, diversity=0.155 | INDIVIDUALS: n=200, avg_genome_length=13.825
2021-12-16 02:00:03.845154 | GENERATION: 217 | ERRORS: best=17, median=76.0, diversity=0.14 | INDIVIDUALS: n=200, avg_genome_length=12.69
2021-12-16 02:00:05.223608 | GENERATION: 218 | ERRORS: best=17, median=76.0, diversity=0.16 | INDIVIDUALS: n=200, avg_genome_length=11.88
2021-12-16 02:00:06.574174 | GENERATION: 219 | ERRORS: best=17, median=76.0, diversity=0.115 | INDIVIDUALS: n=200, avg_genome_length=11.835
2021-12-16 02:00:07.853388 | GENERATION: 220 | ERRORS: best=17, median=76.0, diversity=0.11 | INDIVIDUALS: n=200, avg_genome_length=11.81
2021-12-16 02:00:09.191023 | GENERATION: 221 | ERRORS: best=18, median=76.0, diversity=0.13 | INDIVIDUALS: n=200, avg_genome_length=11.59
2021-12-16 02:00:10.526737 | GENERATION: 222 | ERRORS: best=19, median=76.0, diversity=0.15 | INDIVIDUALS: n=200, avg_genome_length=11.39
2021-12-16 02:00:12.067828 | GENERATION: 223 | ERRORS: best=19, median=100000000.0, diversity=0.11 | INDIVIDUALS: n=200, avg_genome_length=11.01
2021-12-16 02:00:13.465365 | GENERATION: 224 | ERRORS: best=19, median=100000000.0, diversity=0.13 | INDIVIDUALS: n=200, avg_genome_length=10.18
2021-12-16 02:00:14.951699 | GENERATION: 225 | ERRORS: best=19, median=100000000.0, diversity=0.1 | INDIVIDUALS: n=200, avg_genome_length=10.325
2021-12-16 02:00:16.218893 | GENERATION: 226 | ERRORS: best=19, median=100000000.0, diversity=0.13 | INDIVIDUALS: n=200, avg_genome_length=10.71
2021-12-16 02:00:17.511144 | GENERATION: 227 | ERRORS: best=18, median=94500000.0, diversity=0.11 | INDIVIDUALS: n=200, avg_genome_length=10.99
2021-12-16 02:00:18.853046 | GENERATION: 228 | ERRORS: best=18, median=100000000.0, diversity=0.115 | INDIVIDUALS: n=200, avg_genome_length=11.155
2021-12-16 02:00:20.512094 | GENERATION: 229 | ERRORS: best=18, median=76.0, diversity=0.1 | INDIVIDUALS: n=200, avg_genome_length=12.29
2021-12-16 02:00:21.748334 | GENERATION: 230 | ERRORS: best=18, median=100000000.0, diversity=0.14 | INDIVIDUALS: n=200, avg_genome_length=11.89
2021-12-16 02:00:23.043637 | GENERATION: 231 | ERRORS: best=19, median=100000000.0, diversity=0.12 | INDIVIDUALS: n=200, avg_genome_length=12.485
2021-12-16 02:00:24.760044 | GENERATION: 232 | ERRORS: best=19, median=76.0, diversity=0.16 | INDIVIDUALS: n=200, avg_genome_length=13.485
2021-12-16 02:00:26.661760 | GENERATION: 233 | ERRORS: best=18, median=76.0, diversity=0.145 | INDIVIDUALS: n=200, avg_genome_length=13.08
2021-12-16 02:00:28.202049 | GENERATION: 234 | ERRORS: best=18, median=100000000.0, diversity=0.195 | INDIVIDUALS: n=200, avg_genome_length=13.5
2021-12-16 02:00:29.765224 | GENERATION: 235 | ERRORS: best=18, median=76.0, diversity=0.18 | INDIVIDUALS: n=200, avg_genome_length=13.425
2021-12-16 02:00:31.602181 | GENERATION: 236 | ERRORS: best=18, median=100000000.0, diversity=0.175 | INDIVIDUALS: n=200, avg_genome_length=14.235
2021-12-16 02:00:33.058794 | GENERATION: 237 | ERRORS: best=18, median=100000000.0, diversity=0.19 | INDIVIDUALS: n=200, avg_genome_length=14.245
2021-12-16 02:00:35.003438 | GENERATION: 238 | ERRORS: best=18, median=100000000.0, diversity=0.205 | INDIVIDUALS: n=200, avg_genome_length=12.39
2021-12-16 02:00:36.654178 | GENERATION: 239 | ERRORS: best=18, median=100000000.0, diversity=0.18 | INDIVIDUALS: n=200, avg_genome_length=13.095
2021-12-16 02:00:38.582305 | GENERATION: 240 | ERRORS: best=18, median=100000000.0, diversity=0.17 | INDIVIDUALS: n=200, avg_genome_length=13.565
2021-12-16 02:00:39.891614 | GENERATION: 241 | ERRORS: best=18, median=100000000.0, diversity=0.14 | INDIVIDUALS: n=200, avg_genome_length=12.245
2021-12-16 02:00:42.219906 | GENERATION: 242 | ERRORS: best=17, median=76.0, diversity=0.165 | INDIVIDUALS: n=200, avg_genome_length=16.755
2021-12-16 02:00:44.078083 | GENERATION: 243 | ERRORS: best=17, median=76.0, diversity=0.17 | INDIVIDUALS: n=200, avg_genome_length=16.99
2021-12-16 02:00:46.989900 | GENERATION: 244 | ERRORS: best=17, median=67.0, diversity=0.27 | INDIVIDUALS: n=200, avg_genome_length=18.36
2021-12-16 02:00:52.664786 | GENERATION: 245 | ERRORS: best=17, median=76.0, diversity=0.305 | INDIVIDUALS: n=200, avg_genome_length=19.715
2021-12-16 02:00:57.608649 | GENERATION: 246 | ERRORS: best=17, median=76.0, diversity=0.245 | INDIVIDUALS: n=200, avg_genome_length=17.825
2021-12-16 02:01:02.213926 | GENERATION: 247 | ERRORS: best=18, median=76.0, diversity=0.22 | INDIVIDUALS: n=200, avg_genome_length=16.4
2021-12-16 02:01:06.931273 | GENERATION: 248 | ERRORS: best=18, median=76.0, diversity=0.27 | INDIVIDUALS: n=200, avg_genome_length=14.75
2021-12-16 02:01:12.341428 | GENERATION: 249 | ERRORS: best=17, median=76.0, diversity=0.26 | INDIVIDUALS: n=200, avg_genome_length=13.975
2021-12-16 02:01:17.203784 | GENERATION: 250 | ERRORS: best=17, median=76.0, diversity=0.235 | INDIVIDUALS: n=200, avg_genome_length=12.215
2021-12-16 02:01:21.612996 | GENERATION: 251 | ERRORS: best=17, median=74.0, diversity=0.19 | INDIVIDUALS: n=200, avg_genome_length=12.74
2021-12-16 02:01:25.565084 | GENERATION: 252 | ERRORS: best=17, median=57.0, diversity=0.17 | INDIVIDUALS: n=200, avg_genome_length=12.175
2021-12-16 02:01:31.729003 | GENERATION: 253 | ERRORS: best=17, median=66.0, diversity=0.2 | INDIVIDUALS: n=200, avg_genome_length=13.465
2021-12-16 02:01:36.465427 | GENERATION: 254 | ERRORS: best=19, median=61.0, diversity=0.18 | INDIVIDUALS: n=200, avg_genome_length=13.135
2021-12-16 02:01:40.562879 | GENERATION: 255 | ERRORS: best=19, median=27.5, diversity=0.205 | INDIVIDUALS: n=200, avg_genome_length=14.6
2021-12-16 02:01:44.973180 | GENERATION: 256 | ERRORS: best=19, median=27.0, diversity=0.215 | INDIVIDUALS: n=200, avg_genome_length=15.01
2021-12-16 02:01:49.300893 | GENERATION: 257 | ERRORS: best=19, median=24.0, diversity=0.205 | INDIVIDUALS: n=200, avg_genome_length=12.94
2021-12-16 02:01:51.532885 | GENERATION: 258 | ERRORS: best=19, median=27.5, diversity=0.14 | INDIVIDUALS: n=200, avg_genome_length=10.905
2021-12-16 02:01:53.677815 | GENERATION: 259 | ERRORS: best=19, median=27.0, diversity=0.14 | INDIVIDUALS: n=200, avg_genome_length=10.85
2021-12-16 02:01:55.508005 | GENERATION: 260 | ERRORS: best=19, median=40.5, diversity=0.125 | INDIVIDUALS: n=200, avg_genome_length=9.76
2021-12-16 02:01:57.435760 | GENERATION: 261 | ERRORS: best=23, median=27.0, diversity=0.115 | INDIVIDUALS: n=200, avg_genome_length=8.965
2021-12-16 02:01:59.255968 | GENERATION: 262 | ERRORS: best=23, median=40.0, diversity=0.09 | INDIVIDUALS: n=200, avg_genome_length=8.465
2021-12-16 02:02:01.074756 | GENERATION: 263 | ERRORS: best=23, median=76.0, diversity=0.095 | INDIVIDUALS: n=200, avg_genome_length=8.53
2021-12-16 02:02:02.372118 | GENERATION: 264 | ERRORS: best=23, median=76.0, diversity=0.055 | INDIVIDUALS: n=200, avg_genome_length=8.75
2021-12-16 02:02:03.415578 | GENERATION: 265 | ERRORS: best=23, median=100000000.0, diversity=0.065 | INDIVIDUALS: n=200, avg_genome_length=8.405
2021-12-16 02:02:04.919971 | GENERATION: 266 | ERRORS: best=23, median=100000000.0, diversity=0.08 | INDIVIDUALS: n=200, avg_genome_length=7.845
2021-12-16 02:02:05.866213 | GENERATION: 267 | ERRORS: best=23, median=100000000.0, diversity=0.05 | INDIVIDUALS: n=200, avg_genome_length=7.015
2021-12-16 02:02:06.967001 | GENERATION: 268 | ERRORS: best=23, median=100000000.0, diversity=0.085 | INDIVIDUALS: n=200, avg_genome_length=6.89
2021-12-16 02:02:08.349280 | GENERATION: 269 | ERRORS: best=23, median=100000000.0, diversity=0.075 | INDIVIDUALS: n=200, avg_genome_length=7.32
2021-12-16 02:02:09.553529 | GENERATION: 270 | ERRORS: best=23, median=100000000.0, diversity=0.065 | INDIVIDUALS: n=200, avg_genome_length=9.64
2021-12-16 02:02:10.988437 | GENERATION: 271 | ERRORS: best=22, median=100000000.0, diversity=0.095 | INDIVIDUALS: n=200, avg_genome_length=9.295
2021-12-16 02:02:12.555281 | GENERATION: 272 | ERRORS: best=22, median=76.0, diversity=0.09 | INDIVIDUALS: n=200, avg_genome_length=11.195
2021-12-16 02:02:14.058850 | GENERATION: 273 | ERRORS: best=22, median=100000000.0, diversity=0.085 | INDIVIDUALS: n=200, avg_genome_length=11.69
2021-12-16 02:02:15.810780 | GENERATION: 274 | ERRORS: best=22, median=100000000.0, diversity=0.115 | INDIVIDUALS: n=200, avg_genome_length=11.25
2021-12-16 02:02:17.049574 | GENERATION: 275 | ERRORS: best=22, median=100000000.0, diversity=0.07 | INDIVIDUALS: n=200, avg_genome_length=10.73
2021-12-16 02:02:18.404034 | GENERATION: 276 | ERRORS: best=20, median=76.0, diversity=0.1 | INDIVIDUALS: n=200, avg_genome_length=11.17
2021-12-16 02:02:19.925748 | GENERATION: 277 | ERRORS: best=20, median=76.0, diversity=0.15 | INDIVIDUALS: n=200, avg_genome_length=12.0
2021-12-16 02:02:21.318358 | GENERATION: 278 | ERRORS: best=18, median=76.0, diversity=0.135 | INDIVIDUALS: n=200, avg_genome_length=12.065
2021-12-16 02:02:22.709954 | GENERATION: 279 | ERRORS: best=17, median=76.0, diversity=0.14 | INDIVIDUALS: n=200, avg_genome_length=12.115
2021-12-16 02:02:24.157206 | GENERATION: 280 | ERRORS: best=17, median=76.0, diversity=0.155 | INDIVIDUALS: n=200, avg_genome_length=12.8
2021-12-16 02:02:25.944438 | GENERATION: 281 | ERRORS: best=17, median=76.0, diversity=0.195 | INDIVIDUALS: n=200, avg_genome_length=12.07
2021-12-16 02:02:27.254341 | GENERATION: 282 | ERRORS: best=15, median=76.0, diversity=0.2 | INDIVIDUALS: n=200, avg_genome_length=11.635
2021-12-16 02:02:28.734995 | GENERATION: 283 | ERRORS: best=14, median=76.0, diversity=0.21 | INDIVIDUALS: n=200, avg_genome_length=11.675
2021-12-16 02:02:30.060782 | GENERATION: 284 | ERRORS: best=14, median=76.0, diversity=0.22 | INDIVIDUALS: n=200, avg_genome_length=12.025
2021-12-16 02:02:31.856997 | GENERATION: 285 | ERRORS: best=15, median=100000000.0, diversity=0.18 | INDIVIDUALS: n=200, avg_genome_length=11.165
2021-12-16 02:02:33.613381 | GENERATION: 286 | ERRORS: best=14, median=76.0, diversity=0.175 | INDIVIDUALS: n=200, avg_genome_length=11.875
2021-12-16 02:02:35.560626 | GENERATION: 287 | ERRORS: best=15, median=76.0, diversity=0.185 | INDIVIDUALS: n=200, avg_genome_length=11.25
2021-12-16 02:02:37.089985 | GENERATION: 288 | ERRORS: best=15, median=100000000.0, diversity=0.155 | INDIVIDUALS: n=200, avg_genome_length=10.985
2021-12-16 02:02:38.584680 | GENERATION: 289 | ERRORS: best=16, median=76.0, diversity=0.16 | INDIVIDUALS: n=200, avg_genome_length=12.285
2021-12-16 02:02:40.447995 | GENERATION: 290 | ERRORS: best=15, median=67.0, diversity=0.215 | INDIVIDUALS: n=200, avg_genome_length=12.66
2021-12-16 02:02:42.664243 | GENERATION: 291 | ERRORS: best=14, median=65.5, diversity=0.205 | INDIVIDUALS: n=200, avg_genome_length=14.935
2021-12-16 02:02:44.707975 | GENERATION: 292 | ERRORS: best=14, median=65.5, diversity=0.19 | INDIVIDUALS: n=200, avg_genome_length=15.25
2021-12-16 02:02:46.900767 | GENERATION: 293 | ERRORS: best=14, median=76.0, diversity=0.25 | INDIVIDUALS: n=200, avg_genome_length=16.385
2021-12-16 02:02:48.389412 | GENERATION: 294 | ERRORS: best=14, median=72.0, diversity=0.24 | INDIVIDUALS: n=200, avg_genome_length=15.055
2021-12-16 02:02:50.307909 | GENERATION: 295 | ERRORS: best=14, median=67.0, diversity=0.25 | INDIVIDUALS: n=200, avg_genome_length=14.22
2021-12-16 02:02:52.034980 | GENERATION: 296 | ERRORS: best=14, median=76.0, diversity=0.24 | INDIVIDUALS: n=200, avg_genome_length=13.425
2021-12-16 02:02:53.819304 | GENERATION: 297 | ERRORS: best=15, median=76.0, diversity=0.24 | INDIVIDUALS: n=200, avg_genome_length=13.17
2021-12-16 02:02:55.438286 | GENERATION: 298 | ERRORS: best=15, median=67.0, diversity=0.265 | INDIVIDUALS: n=200, avg_genome_length=13.13
2021-12-16 02:02:57.161417 | GENERATION: 299 | ERRORS: best=15, median=65.5, diversity=0.205 | INDIVIDUALS: n=200, avg_genome_length=12.725
2021-12-16 02:02:58.661223 | GENERATION: 300 | ERRORS: best=15, median=76.0, diversity=0.195 | INDIVIDUALS: n=200, avg_genome_length=11.83
Simplifying genome of length 16 with total error 9.
Simplified genome by 1 to length 15.
Simplified genome by 1 to length 14.
Simplified genome by 1 to length 13.
Simplified genome by 1 to length 12.
Simplified genome by 1 to length 11.
Simplified genome by 1 to length 10.
Simplified genome by 1 to length 9.
Simplified genome to length 9 and total error 9.
========================================
End Run
========================================
No solution found.
Best Seen Individual
	Genome:
	 pvector([Input(input_index=2), InstructionMeta(name='exec_dup', code_blocks=1), InstructionMeta(name='exec_when', code_blocks=1), Input(input_index=0), InstructionMeta(name='str_length', code_blocks=0), InstructionMeta(name='str_length', code_blocks=0), Input(input_index=1), Literal(value=False, push_type=<pyshgp.push.types.PushBoolType object at 0x7f317c970970>), InstructionMeta(name='int_lt', code_blocks=0)])
	Program:
	 (input_2 exec_dup (exec_when (input_0 str_length str_length input_1 False int_lt)))
	Error vector:
	 [0 0 0 0 0 0 0 0 0 1 0 0 0 1 0 0 0 0 0 0 0 0 0 1 0 0 1 0 0 0 0 0 0 0 0 0 0
 1 0 0 0 0 0 0 0 0 1 0 0 0 1 0 0 0 0 0 0 0 0 0 0 0 0 0 0 1 0 0 0 0 0 0 0 0
 0 0 0 0 0 0 0 0 0 0 0 0 0 1 0 0 0 0 0 0 0 0 0 0 0 0]
	Total error:
	 9
	Test error:
	 125
	Time:
	 00:11:13
