Included 22 edge cases.
Included 78 random cases.
Included 100 cases in total.
Finished formatting.
Included 0 edge cases.
Included 1000 random cases.
Included 1000 cases in total.
Finished formatting.
========================================
Setup
========================================
Search Configuration:
signature: ProgramSignature(output_stacks=['bool'], arity=3, push_config=PushConfig(step_limit=600, growth_cap=500, collection_size_cap=1000, runtime_limit=10, numeric_magnitude_limit=1000000000000.0))
evaluator: <pyshgp.gp.evaluation.DatasetEvaluator object at 0x7f1e50978a60>
spawner: <pyshgp.gp.genome.GeneSpawner object at 0x7f1e509785b0>
population_size: 200
max_generations: 300
error_threshold: 0.0
initial_genome_size: (40, 200)
simplification_steps: 500
parallel_context: <pyshgp.gp.search.ParallelContext object at 0x7f1e4475e520>
selection: <pyshgp.utils.DiscreteProbDistrib object at 0x7f1e4475df00>
variation: <pyshgp.utils.DiscreteProbDistrib object at 0x7f1e44f78300>
Instructions:
int_add, int_sub, int_mult, int_div, int_mod, int_min, int_max, int_inc, int_dec, int_lt, int_lte, int_gt, int_gte, int_from_bool, str_concat, str_insert_str, str_from_first_char, str_from_last_char, str_from_nth_char, str_contains_str, str_index_of_str, str_split_on_str, str_replace_first_str, str_replace_n_str, str_replace_all_str, str_remove_first_str, str_remove_n_str, str_remove_all_str, str_occurrences_of_str, str_reverse, str_head, str_tail, str_rest, str_but_last, str_drop, str_but_last_n, str_length, str_make_empty, str_is_empty_string, str_remove_nth, str_strip_whitespace, str_from_bool, str_from_int, bool_and, bool_or, bool_not, bool_xor, bool_invert_first_then_and, bool_second_first_then_and, bool_from_int, noop, noop_open, exec_do_range, exec_do_count, exec_while, exec_do_while, exec_if, exec_when, print_bool, println_bool, print_int, println_int, print_str, println_str, print_exec, println_exec, bool_pop, bool_dup, bool_dup_times, bool_swap, bool_rot, bool_flush, bool_eq, bool_stack_depth, bool_yank, bool_yank_dup, bool_shove, bool_shove_dup, bool_is_empty, int_pop, int_dup, int_dup_times, int_swap, int_rot, int_flush, int_eq, int_stack_depth, int_yank, int_yank_dup, int_shove, int_shove_dup, int_is_empty, str_pop, str_dup, str_dup_times, str_swap, str_rot, str_flush, str_eq, str_stack_depth, str_yank, str_yank_dup, str_shove, str_shove_dup, str_is_empty, exec_pop, exec_dup, exec_dup_times, exec_swap, exec_rot, exec_flush, exec_eq, exec_stack_depth, exec_yank, exec_yank_dup, exec_shove, exec_shove_dup, exec_is_empty
Literals:
[]
ERC Generators:
[<function rand_bool at 0x7f1e4526c1f0>]
========================================
Start Run
========================================
2021-12-18 06:07:24.111600 | GENERATION: 1 | ERRORS: best=25, median=2000071.0, diversity=0.03 | INDIVIDUALS: n=200, avg_genome_length=120.725 | VIRUSES: gene_rate=0.000
2021-12-18 06:07:29.064426 | GENERATION: 2 | ERRORS: best=22, median=35.5, diversity=0.14 | INDIVIDUALS: n=200, avg_genome_length=131.95 | VIRUSES: gene_rate=0.005
2021-12-18 06:07:34.912876 | GENERATION: 3 | ERRORS: best=24, median=35.0, diversity=0.37 | INDIVIDUALS: n=200, avg_genome_length=152.9 | VIRUSES: gene_rate=0.011
2021-12-18 06:07:39.854166 | GENERATION: 4 | ERRORS: best=22, median=31.0, diversity=0.475 | INDIVIDUALS: n=200, avg_genome_length=157.4 | VIRUSES: gene_rate=0.014
2021-12-18 06:07:45.405791 | GENERATION: 5 | ERRORS: best=19, median=33.5, diversity=0.55 | INDIVIDUALS: n=200, avg_genome_length=158.515 | VIRUSES: gene_rate=0.017
2021-12-18 06:07:51.389980 | GENERATION: 6 | ERRORS: best=21, median=32.5, diversity=0.515 | INDIVIDUALS: n=200, avg_genome_length=144.105 | VIRUSES: gene_rate=0.028
2021-12-18 06:07:56.158728 | GENERATION: 7 | ERRORS: best=18, median=30.0, diversity=0.54 | INDIVIDUALS: n=200, avg_genome_length=144.08 | VIRUSES: gene_rate=0.032
2021-12-18 06:08:00.760775 | GENERATION: 8 | ERRORS: best=21, median=34.0, diversity=0.545 | INDIVIDUALS: n=200, avg_genome_length=142.09 | VIRUSES: gene_rate=0.036
2021-12-18 06:08:05.685172 | GENERATION: 9 | ERRORS: best=19, median=38.5, diversity=0.535 | INDIVIDUALS: n=200, avg_genome_length=136.4 | VIRUSES: gene_rate=0.042
2021-12-18 06:08:10.809469 | GENERATION: 10 | ERRORS: best=18, median=29.5, diversity=0.57 | INDIVIDUALS: n=200, avg_genome_length=140.655 | VIRUSES: gene_rate=0.044
2021-12-18 06:08:15.544301 | GENERATION: 11 | ERRORS: best=20, median=37.0, diversity=0.64 | INDIVIDUALS: n=200, avg_genome_length=139.995 | VIRUSES: gene_rate=0.052
2021-12-18 06:08:20.025861 | GENERATION: 12 | ERRORS: best=19, median=36.0, diversity=0.605 | INDIVIDUALS: n=200, avg_genome_length=126.825 | VIRUSES: gene_rate=0.058
2021-12-18 06:08:24.464619 | GENERATION: 13 | ERRORS: best=18, median=28.5, diversity=0.57 | INDIVIDUALS: n=200, avg_genome_length=125.37 | VIRUSES: gene_rate=0.060
2021-12-18 06:08:28.958845 | GENERATION: 14 | ERRORS: best=19, median=32.0, diversity=0.6 | INDIVIDUALS: n=200, avg_genome_length=126.76 | VIRUSES: gene_rate=0.059
2021-12-18 06:08:33.718327 | GENERATION: 15 | ERRORS: best=18, median=29.5, diversity=0.625 | INDIVIDUALS: n=200, avg_genome_length=111.885 | VIRUSES: gene_rate=0.064
2021-12-18 06:08:37.668439 | GENERATION: 16 | ERRORS: best=20, median=28.0, diversity=0.58 | INDIVIDUALS: n=200, avg_genome_length=127.525 | VIRUSES: gene_rate=0.061
2021-12-18 06:08:42.601487 | GENERATION: 17 | ERRORS: best=19, median=29.0, diversity=0.66 | INDIVIDUALS: n=200, avg_genome_length=112.465 | VIRUSES: gene_rate=0.073
2021-12-18 06:08:48.404908 | GENERATION: 18 | ERRORS: best=18, median=27.5, diversity=0.645 | INDIVIDUALS: n=200, avg_genome_length=109.68 | VIRUSES: gene_rate=0.072
2021-12-18 06:08:54.320863 | GENERATION: 19 | ERRORS: best=18, median=31.0, diversity=0.695 | INDIVIDUALS: n=200, avg_genome_length=112.895 | VIRUSES: gene_rate=0.073
2021-12-18 06:09:00.362169 | GENERATION: 20 | ERRORS: best=19, median=27.0, diversity=0.595 | INDIVIDUALS: n=200, avg_genome_length=112.68 | VIRUSES: gene_rate=0.075
2021-12-18 06:09:06.038781 | GENERATION: 21 | ERRORS: best=19, median=28.0, diversity=0.615 | INDIVIDUALS: n=200, avg_genome_length=89.29 | VIRUSES: gene_rate=0.095
2021-12-18 06:09:13.085680 | GENERATION: 22 | ERRORS: best=15, median=28.5, diversity=0.62 | INDIVIDUALS: n=200, avg_genome_length=90.33 | VIRUSES: gene_rate=0.094
2021-12-18 06:09:19.420614 | GENERATION: 23 | ERRORS: best=18, median=25.0, diversity=0.545 | INDIVIDUALS: n=200, avg_genome_length=90.84 | VIRUSES: gene_rate=0.093
2021-12-18 06:09:25.527091 | GENERATION: 24 | ERRORS: best=15, median=27.0, diversity=0.615 | INDIVIDUALS: n=200, avg_genome_length=101.575 | VIRUSES: gene_rate=0.088
2021-12-18 06:09:32.328874 | GENERATION: 25 | ERRORS: best=16, median=26.0, diversity=0.585 | INDIVIDUALS: n=200, avg_genome_length=95.95 | VIRUSES: gene_rate=0.088
2021-12-18 06:09:39.861225 | GENERATION: 26 | ERRORS: best=17, median=26.0, diversity=0.58 | INDIVIDUALS: n=200, avg_genome_length=96.945 | VIRUSES: gene_rate=0.087
2021-12-18 06:09:46.934131 | GENERATION: 27 | ERRORS: best=16, median=31.0, diversity=0.625 | INDIVIDUALS: n=200, avg_genome_length=77.54 | VIRUSES: gene_rate=0.101
2021-12-18 06:09:53.982219 | GENERATION: 28 | ERRORS: best=17, median=27.0, diversity=0.56 | INDIVIDUALS: n=200, avg_genome_length=70.0 | VIRUSES: gene_rate=0.104
2021-12-18 06:10:01.246412 | GENERATION: 29 | ERRORS: best=17, median=28.0, diversity=0.595 | INDIVIDUALS: n=200, avg_genome_length=64.52 | VIRUSES: gene_rate=0.113
2021-12-18 06:10:08.059023 | GENERATION: 30 | ERRORS: best=17, median=26.0, diversity=0.555 | INDIVIDUALS: n=200, avg_genome_length=68.215 | VIRUSES: gene_rate=0.109
2021-12-18 06:10:14.458503 | GENERATION: 31 | ERRORS: best=18, median=30.5, diversity=0.56 | INDIVIDUALS: n=200, avg_genome_length=68.575 | VIRUSES: gene_rate=0.115
2021-12-18 06:10:20.860418 | GENERATION: 32 | ERRORS: best=18, median=29.0, diversity=0.66 | INDIVIDUALS: n=200, avg_genome_length=73.85 | VIRUSES: gene_rate=0.117
2021-12-18 06:10:27.981268 | GENERATION: 33 | ERRORS: best=15, median=29.0, diversity=0.605 | INDIVIDUALS: n=200, avg_genome_length=71.33 | VIRUSES: gene_rate=0.115
2021-12-18 06:10:34.746953 | GENERATION: 34 | ERRORS: best=15, median=31.0, diversity=0.535 | INDIVIDUALS: n=200, avg_genome_length=75.89 | VIRUSES: gene_rate=0.106
2021-12-18 06:10:42.494576 | GENERATION: 35 | ERRORS: best=15, median=31.0, diversity=0.58 | INDIVIDUALS: n=200, avg_genome_length=76.045 | VIRUSES: gene_rate=0.103
2021-12-18 06:10:48.823946 | GENERATION: 36 | ERRORS: best=15, median=27.0, diversity=0.445 | INDIVIDUALS: n=200, avg_genome_length=75.525 | VIRUSES: gene_rate=0.100
2021-12-18 06:10:55.214573 | GENERATION: 37 | ERRORS: best=16, median=25.0, diversity=0.45 | INDIVIDUALS: n=200, avg_genome_length=81.69 | VIRUSES: gene_rate=0.096
2021-12-18 06:11:02.226559 | GENERATION: 38 | ERRORS: best=12, median=27.0, diversity=0.49 | INDIVIDUALS: n=200, avg_genome_length=73.05 | VIRUSES: gene_rate=0.111
2021-12-18 06:11:08.805238 | GENERATION: 39 | ERRORS: best=12, median=27.0, diversity=0.44 | INDIVIDUALS: n=200, avg_genome_length=71.66 | VIRUSES: gene_rate=0.122
2021-12-18 06:11:15.581402 | GENERATION: 40 | ERRORS: best=12, median=29.0, diversity=0.44 | INDIVIDUALS: n=200, avg_genome_length=69.83 | VIRUSES: gene_rate=0.129
2021-12-18 06:11:22.172448 | GENERATION: 41 | ERRORS: best=12, median=25.5, diversity=0.385 | INDIVIDUALS: n=200, avg_genome_length=67.675 | VIRUSES: gene_rate=0.131
2021-12-18 06:11:28.365519 | GENERATION: 42 | ERRORS: best=12, median=25.0, diversity=0.41 | INDIVIDUALS: n=200, avg_genome_length=72.2 | VIRUSES: gene_rate=0.120
2021-12-18 06:11:34.946133 | GENERATION: 43 | ERRORS: best=12, median=26.0, diversity=0.32 | INDIVIDUALS: n=200, avg_genome_length=64.395 | VIRUSES: gene_rate=0.133
2021-12-18 06:11:40.154648 | GENERATION: 44 | ERRORS: best=12, median=27.0, diversity=0.405 | INDIVIDUALS: n=200, avg_genome_length=74.35 | VIRUSES: gene_rate=0.125
2021-12-18 06:11:45.209539 | GENERATION: 45 | ERRORS: best=12, median=46.0, diversity=0.495 | INDIVIDUALS: n=200, avg_genome_length=72.725 | VIRUSES: gene_rate=0.144
2021-12-18 06:11:50.007260 | GENERATION: 46 | ERRORS: best=12, median=42.0, diversity=0.42 | INDIVIDUALS: n=200, avg_genome_length=71.3 | VIRUSES: gene_rate=0.145
2021-12-18 06:11:54.865790 | GENERATION: 47 | ERRORS: best=12, median=60.0, diversity=0.425 | INDIVIDUALS: n=200, avg_genome_length=71.505 | VIRUSES: gene_rate=0.147
2021-12-18 06:11:59.759990 | GENERATION: 48 | ERRORS: best=12, median=30.5, diversity=0.44 | INDIVIDUALS: n=200, avg_genome_length=68.615 | VIRUSES: gene_rate=0.161
2021-12-18 06:12:04.687025 | GENERATION: 49 | ERRORS: best=12, median=66.0, diversity=0.455 | INDIVIDUALS: n=200, avg_genome_length=65.25 | VIRUSES: gene_rate=0.170
2021-12-18 06:12:10.266237 | GENERATION: 50 | ERRORS: best=12, median=55.5, diversity=0.495 | INDIVIDUALS: n=200, avg_genome_length=68.365 | VIRUSES: gene_rate=0.166
2021-12-18 06:12:15.151887 | GENERATION: 51 | ERRORS: best=12, median=61.0, diversity=0.445 | INDIVIDUALS: n=200, avg_genome_length=69.61 | VIRUSES: gene_rate=0.174
2021-12-18 06:12:20.204265 | GENERATION: 52 | ERRORS: best=12, median=61.5, diversity=0.485 | INDIVIDUALS: n=200, avg_genome_length=65.355 | VIRUSES: gene_rate=0.205
2021-12-18 06:12:25.691630 | GENERATION: 53 | ERRORS: best=12, median=66.0, diversity=0.47 | INDIVIDUALS: n=200, avg_genome_length=63.865 | VIRUSES: gene_rate=0.215
2021-12-18 06:12:30.759914 | GENERATION: 54 | ERRORS: best=12, median=58.0, diversity=0.475 | INDIVIDUALS: n=200, avg_genome_length=70.59 | VIRUSES: gene_rate=0.184
2021-12-18 06:12:35.397842 | GENERATION: 55 | ERRORS: best=12, median=47.0, diversity=0.435 | INDIVIDUALS: n=200, avg_genome_length=70.115 | VIRUSES: gene_rate=0.192
2021-12-18 06:12:39.738171 | GENERATION: 56 | ERRORS: best=12, median=64.0, diversity=0.475 | INDIVIDUALS: n=200, avg_genome_length=71.855 | VIRUSES: gene_rate=0.174
2021-12-18 06:12:43.787811 | GENERATION: 57 | ERRORS: best=12, median=55.0, diversity=0.38 | INDIVIDUALS: n=200, avg_genome_length=69.455 | VIRUSES: gene_rate=0.171
2021-12-18 06:12:48.050973 | GENERATION: 58 | ERRORS: best=11, median=62.0, diversity=0.395 | INDIVIDUALS: n=200, avg_genome_length=73.185 | VIRUSES: gene_rate=0.148
2021-12-18 06:12:51.956437 | GENERATION: 59 | ERRORS: best=11, median=34.0, diversity=0.45 | INDIVIDUALS: n=200, avg_genome_length=75.98 | VIRUSES: gene_rate=0.148
2021-12-18 06:12:56.895248 | GENERATION: 60 | ERRORS: best=12, median=60.5, diversity=0.45 | INDIVIDUALS: n=200, avg_genome_length=76.045 | VIRUSES: gene_rate=0.149
2021-12-18 06:13:01.231037 | GENERATION: 61 | ERRORS: best=12, median=27.5, diversity=0.39 | INDIVIDUALS: n=200, avg_genome_length=71.5 | VIRUSES: gene_rate=0.164
2021-12-18 06:13:05.622774 | GENERATION: 62 | ERRORS: best=12, median=28.0, diversity=0.375 | INDIVIDUALS: n=200, avg_genome_length=74.215 | VIRUSES: gene_rate=0.158
2021-12-18 06:13:09.327924 | GENERATION: 63 | ERRORS: best=12, median=50.5, diversity=0.455 | INDIVIDUALS: n=200, avg_genome_length=74.015 | VIRUSES: gene_rate=0.155
2021-12-18 06:13:13.465324 | GENERATION: 64 | ERRORS: best=12, median=60.0, diversity=0.38 | INDIVIDUALS: n=200, avg_genome_length=72.22 | VIRUSES: gene_rate=0.162
2021-12-18 06:13:18.421560 | GENERATION: 65 | ERRORS: best=12, median=31.0, diversity=0.375 | INDIVIDUALS: n=200, avg_genome_length=79.05 | VIRUSES: gene_rate=0.133
2021-12-18 06:13:23.579000 | GENERATION: 66 | ERRORS: best=12, median=43.0, diversity=0.45 | INDIVIDUALS: n=200, avg_genome_length=75.96 | VIRUSES: gene_rate=0.148
2021-12-18 06:13:28.846130 | GENERATION: 67 | ERRORS: best=12, median=60.5, diversity=0.485 | INDIVIDUALS: n=200, avg_genome_length=76.205 | VIRUSES: gene_rate=0.156
2021-12-18 06:13:34.092083 | GENERATION: 68 | ERRORS: best=12, median=57.0, diversity=0.545 | INDIVIDUALS: n=200, avg_genome_length=75.795 | VIRUSES: gene_rate=0.161
2021-12-18 06:13:39.146380 | GENERATION: 69 | ERRORS: best=12, median=39.0, diversity=0.465 | INDIVIDUALS: n=200, avg_genome_length=75.785 | VIRUSES: gene_rate=0.171
2021-12-18 06:13:43.923698 | GENERATION: 70 | ERRORS: best=12, median=47.0, diversity=0.555 | INDIVIDUALS: n=200, avg_genome_length=72.225 | VIRUSES: gene_rate=0.189
2021-12-18 06:13:48.045007 | GENERATION: 71 | ERRORS: best=3, median=59.5, diversity=0.435 | INDIVIDUALS: n=200, avg_genome_length=70.155 | VIRUSES: gene_rate=0.188
2021-12-18 06:13:50.935030 | GENERATION: 72 | ERRORS: best=1, median=71.0, diversity=0.39 | INDIVIDUALS: n=200, avg_genome_length=53.615 | VIRUSES: gene_rate=0.225
2021-12-18 06:13:53.210427 | GENERATION: 73 | ERRORS: best=1, median=75.0, diversity=0.205 | INDIVIDUALS: n=200, avg_genome_length=44.775 | VIRUSES: gene_rate=0.225
2021-12-18 06:13:55.481159 | GENERATION: 74 | ERRORS: best=1, median=33.0, diversity=0.215 | INDIVIDUALS: n=200, avg_genome_length=45.055 | VIRUSES: gene_rate=0.222
2021-12-18 06:13:57.874063 | GENERATION: 75 | ERRORS: best=1, median=59.0, diversity=0.24 | INDIVIDUALS: n=200, avg_genome_length=45.78 | VIRUSES: gene_rate=0.228
2021-12-18 06:14:00.380150 | GENERATION: 76 | ERRORS: best=1, median=57.0, diversity=0.245 | INDIVIDUALS: n=200, avg_genome_length=44.55 | VIRUSES: gene_rate=0.221
2021-12-18 06:14:02.648573 | GENERATION: 77 | ERRORS: best=1, median=27.0, diversity=0.25 | INDIVIDUALS: n=200, avg_genome_length=44.34 | VIRUSES: gene_rate=0.229
2021-12-18 06:14:05.069310 | GENERATION: 78 | ERRORS: best=1, median=60.5, diversity=0.21 | INDIVIDUALS: n=200, avg_genome_length=43.105 | VIRUSES: gene_rate=0.234
2021-12-18 06:14:07.604657 | GENERATION: 79 | ERRORS: best=1, median=30.5, diversity=0.345 | INDIVIDUALS: n=200, avg_genome_length=41.6 | VIRUSES: gene_rate=0.247
2021-12-18 06:14:09.885468 | GENERATION: 80 | ERRORS: best=1, median=27.0, diversity=0.235 | INDIVIDUALS: n=200, avg_genome_length=42.74 | VIRUSES: gene_rate=0.231
2021-12-18 06:14:12.327414 | GENERATION: 81 | ERRORS: best=1, median=61.0, diversity=0.215 | INDIVIDUALS: n=200, avg_genome_length=41.91 | VIRUSES: gene_rate=0.225
2021-12-18 06:14:14.539383 | GENERATION: 82 | ERRORS: best=1, median=49.0, diversity=0.19 | INDIVIDUALS: n=200, avg_genome_length=42.295 | VIRUSES: gene_rate=0.240
2021-12-18 06:14:16.909909 | GENERATION: 83 | ERRORS: best=1, median=27.0, diversity=0.2 | INDIVIDUALS: n=200, avg_genome_length=41.86 | VIRUSES: gene_rate=0.246
2021-12-18 06:14:19.731718 | GENERATION: 84 | ERRORS: best=1, median=27.0, diversity=0.27 | INDIVIDUALS: n=200, avg_genome_length=41.225 | VIRUSES: gene_rate=0.246
2021-12-18 06:14:22.047066 | GENERATION: 85 | ERRORS: best=1, median=27.0, diversity=0.205 | INDIVIDUALS: n=200, avg_genome_length=38.645 | VIRUSES: gene_rate=0.249
2021-12-18 06:14:24.670625 | GENERATION: 86 | ERRORS: best=1, median=27.0, diversity=0.255 | INDIVIDUALS: n=200, avg_genome_length=37.765 | VIRUSES: gene_rate=0.260
2021-12-18 06:14:26.998477 | GENERATION: 87 | ERRORS: best=1, median=27.0, diversity=0.24 | INDIVIDUALS: n=200, avg_genome_length=36.24 | VIRUSES: gene_rate=0.265
2021-12-18 06:14:29.145105 | GENERATION: 88 | ERRORS: best=1, median=27.0, diversity=0.19 | INDIVIDUALS: n=200, avg_genome_length=32.465 | VIRUSES: gene_rate=0.292
2021-12-18 06:14:31.254543 | GENERATION: 89 | ERRORS: best=1, median=60.0, diversity=0.25 | INDIVIDUALS: n=200, avg_genome_length=31.14 | VIRUSES: gene_rate=0.319
2021-12-18 06:14:33.201659 | GENERATION: 90 | ERRORS: best=1, median=27.0, diversity=0.195 | INDIVIDUALS: n=200, avg_genome_length=31.31 | VIRUSES: gene_rate=0.323
2021-12-18 06:14:35.400115 | GENERATION: 91 | ERRORS: best=1, median=46.0, diversity=0.25 | INDIVIDUALS: n=200, avg_genome_length=30.88 | VIRUSES: gene_rate=0.318
2021-12-18 06:14:37.540699 | GENERATION: 92 | ERRORS: best=1, median=27.0, diversity=0.225 | INDIVIDUALS: n=200, avg_genome_length=30.815 | VIRUSES: gene_rate=0.312
Simplifying genome of length 38 with total error 0.
Simplified genome by 2 to length 36.
Simplified genome by 1 to length 35.
Simplified genome by 3 to length 32.
Simplified genome by 2 to length 30.
Simplified genome by 3 to length 27.
Simplified genome by 1 to length 26.
Simplified genome by 1 to length 25.
Simplified genome by 1 to length 24.
Simplified genome by 1 to length 23.
Simplified genome by 1 to length 22.
Simplified genome by 1 to length 21.
Simplified genome by 2 to length 19.
Simplified genome by 1 to length 18.
Simplified genome by 1 to length 17.
Simplified genome by 1 to length 16.
Simplified genome by 1 to length 15.
Simplified genome by 1 to length 14.
Simplified genome by 1 to length 13.
Simplified genome to length 13 and total error 0.
========================================
End Run
========================================
Solution found.
Best Seen Individual
	Genome:
	 pvector([InstructionMeta(name='exec_swap', code_blocks=2), VirusInput(input_index=1), VirusInstructionMeta(name='str_length', code_blocks=0), InstructionMeta(name='int_min', code_blocks=0), Input(input_index=2), InstructionMeta(name='str_head', code_blocks=0), VirusInput(input_index=0), VirusInstructionMeta(name='str_length', code_blocks=0), VirusInstructionMeta(name='str_length', code_blocks=0), VirusInstructionMeta(name='int_lt', code_blocks=0), Closer(), VirusInput(input_index=2), VirusInstructionMeta(name='str_length', code_blocks=0)])
	Program:
	 (exec_swap (vinput_1 vstr_length int_min input_2 str_head vinput_0 vstr_length vstr_length vint_lt) (vinput_2 vstr_length))
	Error vector:
	 [0 0 0 0 0 0 0 0 0 0 0 0 0 0 0 0 0 0 0 0 0 0 0 0 0 0 0 0 0 0 0 0 0 0 0 0 0
 0 0 0 0 0 0 0 0 0 0 0 0 0 0 0 0 0 0 0 0 0 0 0 0 0 0 0 0 0 0 0 0 0 0 0 0 0
 0 0 0 0 0 0 0 0 0 0 0 0 0 0 0 0 0 0 0 0 0 0 0 0 0 0]
	Total error:
	 0
	Test error:
	 0
	Time:
	 00:07:33
