Included 22 edge cases.
Included 78 random cases.
Included 100 cases in total.
Finished formatting.
Included 0 edge cases.
Included 1000 random cases.
Included 1000 cases in total.
Finished formatting.
========================================
Setup
========================================
Search Configuration:
signature: ProgramSignature(arity=3, output_stacks=['bool'], push_config=PushConfig(collection_size_cap=1000, runtime_limit=10, step_limit=600, numeric_magnitude_limit=1000000000000.0, growth_cap=500))
evaluator: <pyshgp.gp.evaluation.DatasetEvaluator object at 0x7f2305308940>
spawner: <pyshgp.gp.genome.GeneSpawner object at 0x7f23114eadf0>
population_size: 200
max_generations: 300
error_threshold: 0.0
initial_genome_size: (40, 200)
simplification_steps: 500
parallel_context: <pyshgp.gp.search.ParallelContext object at 0x7f2305308160>
selection: <pyshgp.utils.DiscreteProbDistrib object at 0x7f230405c640>
variation: <pyshgp.utils.DiscreteProbDistrib object at 0x7f2304050ec0>
Instructions:
int_add, int_sub, int_mult, int_div, int_mod, int_min, int_max, int_inc, int_dec, int_lt, int_lte, int_gt, int_gte, int_from_bool, str_concat, str_insert_str, str_from_first_char, str_from_last_char, str_from_nth_char, str_contains_str, str_index_of_str, str_split_on_str, str_replace_first_str, str_replace_n_str, str_replace_all_str, str_remove_first_str, str_remove_n_str, str_remove_all_str, str_occurrences_of_str, str_reverse, str_head, str_tail, str_rest, str_but_last, str_drop, str_but_last_n, str_length, str_make_empty, str_is_empty_string, str_remove_nth, str_strip_whitespace, str_from_bool, str_from_int, bool_and, bool_or, bool_not, bool_xor, bool_invert_first_then_and, bool_second_first_then_and, bool_from_int, noop, noop_open, exec_do_range, exec_do_count, exec_while, exec_do_while, exec_if, exec_when, print_bool, println_bool, print_int, println_int, print_str, println_str, print_exec, println_exec, bool_pop, bool_dup, bool_dup_times, bool_swap, bool_rot, bool_flush, bool_eq, bool_stack_depth, bool_yank, bool_yank_dup, bool_shove, bool_shove_dup, bool_is_empty, int_pop, int_dup, int_dup_times, int_swap, int_rot, int_flush, int_eq, int_stack_depth, int_yank, int_yank_dup, int_shove, int_shove_dup, int_is_empty, str_pop, str_dup, str_dup_times, str_swap, str_rot, str_flush, str_eq, str_stack_depth, str_yank, str_yank_dup, str_shove, str_shove_dup, str_is_empty, exec_pop, exec_dup, exec_dup_times, exec_swap, exec_rot, exec_flush, exec_eq, exec_stack_depth, exec_yank, exec_yank_dup, exec_shove, exec_shove_dup, exec_is_empty
Literals:
[]
ERC Generators:
[<function rand_bool at 0x7f23114f0790>]
========================================
Start Run
========================================
2021-12-07 02:47:36.310245 | GENERATION: 1 | ERRORS: best=28, median=100000000.0, diversity=0.03 | INDIVIDUALS: n=200, avg_genome_length=112.67
2021-12-07 02:47:43.880480 | GENERATION: 2 | ERRORS: best=28, median=72.0, diversity=0.05 | INDIVIDUALS: n=200, avg_genome_length=142.975
2021-12-07 02:47:52.212736 | GENERATION: 3 | ERRORS: best=28, median=32.0, diversity=0.215 | INDIVIDUALS: n=200, avg_genome_length=126.115
2021-12-07 02:47:58.539505 | GENERATION: 4 | ERRORS: best=28, median=32.0, diversity=0.295 | INDIVIDUALS: n=200, avg_genome_length=109.085
2021-12-07 02:48:05.603309 | GENERATION: 5 | ERRORS: best=28, median=72.0, diversity=0.475 | INDIVIDUALS: n=200, avg_genome_length=99.36
2021-12-07 02:48:12.926932 | GENERATION: 6 | ERRORS: best=27, median=65.0, diversity=0.48 | INDIVIDUALS: n=200, avg_genome_length=96.495
2021-12-07 02:48:19.994260 | GENERATION: 7 | ERRORS: best=26, median=65.0, diversity=0.45 | INDIVIDUALS: n=200, avg_genome_length=93.19
2021-12-07 02:48:26.525053 | GENERATION: 8 | ERRORS: best=27, median=64.0, diversity=0.46 | INDIVIDUALS: n=200, avg_genome_length=90.56
2021-12-07 02:48:33.570137 | GENERATION: 9 | ERRORS: best=25, median=59.5, diversity=0.52 | INDIVIDUALS: n=200, avg_genome_length=90.29
2021-12-07 02:48:40.431797 | GENERATION: 10 | ERRORS: best=24, median=42.0, diversity=0.515 | INDIVIDUALS: n=200, avg_genome_length=89.865
2021-12-07 02:48:46.617138 | GENERATION: 11 | ERRORS: best=25, median=43.0, diversity=0.46 | INDIVIDUALS: n=200, avg_genome_length=88.28
2021-12-07 02:48:53.201282 | GENERATION: 12 | ERRORS: best=25, median=44.5, diversity=0.475 | INDIVIDUALS: n=200, avg_genome_length=87.265
2021-12-07 02:48:59.439288 | GENERATION: 13 | ERRORS: best=26, median=39.5, diversity=0.515 | INDIVIDUALS: n=200, avg_genome_length=89.185
2021-12-07 02:49:04.941207 | GENERATION: 14 | ERRORS: best=23, median=50.5, diversity=0.63 | INDIVIDUALS: n=200, avg_genome_length=92.025
2021-12-07 02:49:11.976064 | GENERATION: 15 | ERRORS: best=24, median=40.0, diversity=0.555 | INDIVIDUALS: n=200, avg_genome_length=92.865
2021-12-07 02:49:18.233896 | GENERATION: 16 | ERRORS: best=23, median=35.0, diversity=0.565 | INDIVIDUALS: n=200, avg_genome_length=92.435
2021-12-07 02:49:25.535139 | GENERATION: 17 | ERRORS: best=23, median=38.5, diversity=0.56 | INDIVIDUALS: n=200, avg_genome_length=91.595
2021-12-07 02:49:32.019782 | GENERATION: 18 | ERRORS: best=23, median=30.0, diversity=0.435 | INDIVIDUALS: n=200, avg_genome_length=87.92
2021-12-07 02:49:37.988317 | GENERATION: 19 | ERRORS: best=24, median=34.0, diversity=0.53 | INDIVIDUALS: n=200, avg_genome_length=89.335
2021-12-07 02:49:44.599409 | GENERATION: 20 | ERRORS: best=24, median=37.5, diversity=0.51 | INDIVIDUALS: n=200, avg_genome_length=90.055
2021-12-07 02:49:50.879092 | GENERATION: 21 | ERRORS: best=23, median=32.5, diversity=0.485 | INDIVIDUALS: n=200, avg_genome_length=89.43
2021-12-07 02:49:56.663725 | GENERATION: 22 | ERRORS: best=23, median=35.5, diversity=0.435 | INDIVIDUALS: n=200, avg_genome_length=88.955
2021-12-07 02:50:02.083255 | GENERATION: 23 | ERRORS: best=22, median=33.5, diversity=0.425 | INDIVIDUALS: n=200, avg_genome_length=87.295
2021-12-07 02:50:07.681289 | GENERATION: 24 | ERRORS: best=23, median=33.5, diversity=0.45 | INDIVIDUALS: n=200, avg_genome_length=89.83
2021-12-07 02:50:13.370643 | GENERATION: 25 | ERRORS: best=23, median=33.5, diversity=0.44 | INDIVIDUALS: n=200, avg_genome_length=87.815
2021-12-07 02:50:19.286201 | GENERATION: 26 | ERRORS: best=23, median=39.5, diversity=0.48 | INDIVIDUALS: n=200, avg_genome_length=87.435
2021-12-07 02:50:24.682840 | GENERATION: 27 | ERRORS: best=24, median=40.5, diversity=0.5 | INDIVIDUALS: n=200, avg_genome_length=83.91
2021-12-07 02:50:29.032850 | GENERATION: 28 | ERRORS: best=23, median=42.0, diversity=0.485 | INDIVIDUALS: n=200, avg_genome_length=80.73
2021-12-07 02:50:33.048904 | GENERATION: 29 | ERRORS: best=24, median=49.5, diversity=0.51 | INDIVIDUALS: n=200, avg_genome_length=81.105
2021-12-07 02:50:37.900157 | GENERATION: 30 | ERRORS: best=23, median=41.5, diversity=0.48 | INDIVIDUALS: n=200, avg_genome_length=79.56
2021-12-07 02:50:42.582595 | GENERATION: 31 | ERRORS: best=23, median=46.5, diversity=0.46 | INDIVIDUALS: n=200, avg_genome_length=79.0
2021-12-07 02:50:46.352450 | GENERATION: 32 | ERRORS: best=23, median=62.0, diversity=0.44 | INDIVIDUALS: n=200, avg_genome_length=77.05
2021-12-07 02:50:50.094846 | GENERATION: 33 | ERRORS: best=23, median=38.0, diversity=0.48 | INDIVIDUALS: n=200, avg_genome_length=74.72
2021-12-07 02:50:53.758172 | GENERATION: 34 | ERRORS: best=23, median=42.5, diversity=0.535 | INDIVIDUALS: n=200, avg_genome_length=70.65
2021-12-07 02:50:57.398201 | GENERATION: 35 | ERRORS: best=23, median=49.5, diversity=0.52 | INDIVIDUALS: n=200, avg_genome_length=69.625
2021-12-07 02:51:01.495421 | GENERATION: 36 | ERRORS: best=23, median=34.0, diversity=0.475 | INDIVIDUALS: n=200, avg_genome_length=68.115
2021-12-07 02:51:05.121776 | GENERATION: 37 | ERRORS: best=23, median=63.0, diversity=0.5 | INDIVIDUALS: n=200, avg_genome_length=69.74
2021-12-07 02:51:09.369059 | GENERATION: 38 | ERRORS: best=23, median=63.5, diversity=0.55 | INDIVIDUALS: n=200, avg_genome_length=72.685
2021-12-07 02:51:13.562218 | GENERATION: 39 | ERRORS: best=23, median=40.5, diversity=0.53 | INDIVIDUALS: n=200, avg_genome_length=70.01
2021-12-07 02:51:17.349413 | GENERATION: 40 | ERRORS: best=23, median=38.0, diversity=0.485 | INDIVIDUALS: n=200, avg_genome_length=69.185
2021-12-07 02:51:21.435818 | GENERATION: 41 | ERRORS: best=23, median=35.0, diversity=0.495 | INDIVIDUALS: n=200, avg_genome_length=68.16
2021-12-07 02:51:25.959158 | GENERATION: 42 | ERRORS: best=23, median=47.0, diversity=0.46 | INDIVIDUALS: n=200, avg_genome_length=69.265
2021-12-07 02:51:30.817740 | GENERATION: 43 | ERRORS: best=23, median=56.0, diversity=0.45 | INDIVIDUALS: n=200, avg_genome_length=68.435
2021-12-07 02:51:34.841458 | GENERATION: 44 | ERRORS: best=23, median=37.5, diversity=0.535 | INDIVIDUALS: n=200, avg_genome_length=67.41
2021-12-07 02:51:39.176782 | GENERATION: 45 | ERRORS: best=23, median=45.0, diversity=0.46 | INDIVIDUALS: n=200, avg_genome_length=67.965
2021-12-07 02:51:43.545411 | GENERATION: 46 | ERRORS: best=24, median=32.0, diversity=0.425 | INDIVIDUALS: n=200, avg_genome_length=70.08
2021-12-07 02:51:47.890673 | GENERATION: 47 | ERRORS: best=23, median=35.0, diversity=0.465 | INDIVIDUALS: n=200, avg_genome_length=68.07
2021-12-07 02:51:52.936605 | GENERATION: 48 | ERRORS: best=23, median=32.0, diversity=0.455 | INDIVIDUALS: n=200, avg_genome_length=71.66
2021-12-07 02:51:58.636869 | GENERATION: 49 | ERRORS: best=23, median=32.0, diversity=0.505 | INDIVIDUALS: n=200, avg_genome_length=70.745
2021-12-07 02:52:05.058833 | GENERATION: 50 | ERRORS: best=23, median=28.0, diversity=0.465 | INDIVIDUALS: n=200, avg_genome_length=70.85
2021-12-07 02:52:10.815185 | GENERATION: 51 | ERRORS: best=23, median=31.5, diversity=0.5 | INDIVIDUALS: n=200, avg_genome_length=72.12
2021-12-07 02:52:15.841336 | GENERATION: 52 | ERRORS: best=23, median=29.0, diversity=0.495 | INDIVIDUALS: n=200, avg_genome_length=70.535
2021-12-07 02:52:20.807221 | GENERATION: 53 | ERRORS: best=23, median=29.5, diversity=0.4 | INDIVIDUALS: n=200, avg_genome_length=70.11
2021-12-07 02:52:26.253626 | GENERATION: 54 | ERRORS: best=24, median=31.5, diversity=0.47 | INDIVIDUALS: n=200, avg_genome_length=70.295
2021-12-07 02:52:31.189865 | GENERATION: 55 | ERRORS: best=23, median=28.0, diversity=0.455 | INDIVIDUALS: n=200, avg_genome_length=68.375
2021-12-07 02:52:36.284483 | GENERATION: 56 | ERRORS: best=24, median=29.0, diversity=0.4 | INDIVIDUALS: n=200, avg_genome_length=67.165
2021-12-07 02:52:41.801190 | GENERATION: 57 | ERRORS: best=23, median=32.0, diversity=0.52 | INDIVIDUALS: n=200, avg_genome_length=68.415
2021-12-07 02:52:47.075407 | GENERATION: 58 | ERRORS: best=23, median=29.0, diversity=0.455 | INDIVIDUALS: n=200, avg_genome_length=65.215
2021-12-07 02:52:52.105222 | GENERATION: 59 | ERRORS: best=23, median=33.5, diversity=0.445 | INDIVIDUALS: n=200, avg_genome_length=64.32
2021-12-07 02:52:57.512393 | GENERATION: 60 | ERRORS: best=24, median=28.0, diversity=0.35 | INDIVIDUALS: n=200, avg_genome_length=66.3
2021-12-07 02:53:03.185299 | GENERATION: 61 | ERRORS: best=23, median=30.5, diversity=0.35 | INDIVIDUALS: n=200, avg_genome_length=66.815
2021-12-07 02:53:08.941365 | GENERATION: 62 | ERRORS: best=23, median=30.0, diversity=0.425 | INDIVIDUALS: n=200, avg_genome_length=67.435
2021-12-07 02:53:13.916416 | GENERATION: 63 | ERRORS: best=24, median=29.0, diversity=0.445 | INDIVIDUALS: n=200, avg_genome_length=67.745
2021-12-07 02:53:19.356608 | GENERATION: 64 | ERRORS: best=23, median=29.0, diversity=0.4 | INDIVIDUALS: n=200, avg_genome_length=65.565
2021-12-07 02:53:24.371822 | GENERATION: 65 | ERRORS: best=23, median=29.0, diversity=0.355 | INDIVIDUALS: n=200, avg_genome_length=62.535
2021-12-07 02:53:29.153512 | GENERATION: 66 | ERRORS: best=23, median=28.5, diversity=0.4 | INDIVIDUALS: n=200, avg_genome_length=60.52
2021-12-07 02:53:33.953186 | GENERATION: 67 | ERRORS: best=24, median=32.5, diversity=0.415 | INDIVIDUALS: n=200, avg_genome_length=60.41
2021-12-07 02:53:38.466069 | GENERATION: 68 | ERRORS: best=23, median=32.5, diversity=0.39 | INDIVIDUALS: n=200, avg_genome_length=56.215
2021-12-07 02:53:42.835882 | GENERATION: 69 | ERRORS: best=23, median=32.0, diversity=0.4 | INDIVIDUALS: n=200, avg_genome_length=57.23
2021-12-07 02:53:46.891235 | GENERATION: 70 | ERRORS: best=24, median=30.5, diversity=0.415 | INDIVIDUALS: n=200, avg_genome_length=56.695
2021-12-07 02:53:50.802453 | GENERATION: 71 | ERRORS: best=25, median=29.0, diversity=0.345 | INDIVIDUALS: n=200, avg_genome_length=53.085
2021-12-07 02:53:55.171542 | GENERATION: 72 | ERRORS: best=26, median=30.5, diversity=0.365 | INDIVIDUALS: n=200, avg_genome_length=52.065
2021-12-07 02:53:59.666292 | GENERATION: 73 | ERRORS: best=26, median=30.5, diversity=0.425 | INDIVIDUALS: n=200, avg_genome_length=53.125
2021-12-07 02:54:04.333041 | GENERATION: 74 | ERRORS: best=25, median=34.0, diversity=0.41 | INDIVIDUALS: n=200, avg_genome_length=52.205
2021-12-07 02:54:09.774644 | GENERATION: 75 | ERRORS: best=25, median=38.0, diversity=0.41 | INDIVIDUALS: n=200, avg_genome_length=51.66
2021-12-07 02:54:14.962280 | GENERATION: 76 | ERRORS: best=26, median=36.0, diversity=0.425 | INDIVIDUALS: n=200, avg_genome_length=52.045
2021-12-07 02:54:19.452893 | GENERATION: 77 | ERRORS: best=26, median=38.5, diversity=0.44 | INDIVIDUALS: n=200, avg_genome_length=49.695
2021-12-07 02:54:24.249340 | GENERATION: 78 | ERRORS: best=22, median=39.0, diversity=0.5 | INDIVIDUALS: n=200, avg_genome_length=50.645
2021-12-07 02:54:29.445775 | GENERATION: 79 | ERRORS: best=25, median=34.5, diversity=0.485 | INDIVIDUALS: n=200, avg_genome_length=51.6
2021-12-07 02:54:35.003425 | GENERATION: 80 | ERRORS: best=26, median=30.5, diversity=0.43 | INDIVIDUALS: n=200, avg_genome_length=51.73
2021-12-07 02:54:41.590147 | GENERATION: 81 | ERRORS: best=25, median=32.0, diversity=0.47 | INDIVIDUALS: n=200, avg_genome_length=51.195
2021-12-07 02:54:48.072804 | GENERATION: 82 | ERRORS: best=24, median=32.0, diversity=0.455 | INDIVIDUALS: n=200, avg_genome_length=49.71
2021-12-07 02:54:53.211916 | GENERATION: 83 | ERRORS: best=23, median=32.0, diversity=0.5 | INDIVIDUALS: n=200, avg_genome_length=50.68
2021-12-07 02:54:58.265695 | GENERATION: 84 | ERRORS: best=23, median=29.5, diversity=0.45 | INDIVIDUALS: n=200, avg_genome_length=50.685
2021-12-07 02:55:03.933720 | GENERATION: 85 | ERRORS: best=23, median=29.5, diversity=0.42 | INDIVIDUALS: n=200, avg_genome_length=50.155
2021-12-07 02:55:09.755680 | GENERATION: 86 | ERRORS: best=24, median=29.0, diversity=0.455 | INDIVIDUALS: n=200, avg_genome_length=48.81
2021-12-07 02:55:15.877840 | GENERATION: 87 | ERRORS: best=23, median=31.5, diversity=0.465 | INDIVIDUALS: n=200, avg_genome_length=49.71
2021-12-07 02:55:20.839708 | GENERATION: 88 | ERRORS: best=25, median=29.0, diversity=0.42 | INDIVIDUALS: n=200, avg_genome_length=47.605
2021-12-07 02:55:26.565086 | GENERATION: 89 | ERRORS: best=25, median=28.5, diversity=0.395 | INDIVIDUALS: n=200, avg_genome_length=45.095
2021-12-07 02:55:31.980125 | GENERATION: 90 | ERRORS: best=24, median=30.5, diversity=0.365 | INDIVIDUALS: n=200, avg_genome_length=44.465
2021-12-07 02:55:37.262512 | GENERATION: 91 | ERRORS: best=23, median=28.0, diversity=0.415 | INDIVIDUALS: n=200, avg_genome_length=45.18
2021-12-07 02:55:42.279048 | GENERATION: 92 | ERRORS: best=24, median=30.0, diversity=0.35 | INDIVIDUALS: n=200, avg_genome_length=43.925
2021-12-07 02:55:46.883776 | GENERATION: 93 | ERRORS: best=23, median=30.5, diversity=0.365 | INDIVIDUALS: n=200, avg_genome_length=45.73
2021-12-07 02:55:51.263677 | GENERATION: 94 | ERRORS: best=24, median=28.0, diversity=0.32 | INDIVIDUALS: n=200, avg_genome_length=44.67
2021-12-07 02:55:55.814879 | GENERATION: 95 | ERRORS: best=23, median=29.0, diversity=0.355 | INDIVIDUALS: n=200, avg_genome_length=42.815
2021-12-07 02:56:01.391126 | GENERATION: 96 | ERRORS: best=23, median=28.0, diversity=0.33 | INDIVIDUALS: n=200, avg_genome_length=41.145
2021-12-07 02:56:06.622736 | GENERATION: 97 | ERRORS: best=26, median=34.5, diversity=0.385 | INDIVIDUALS: n=200, avg_genome_length=43.07
2021-12-07 02:56:11.924543 | GENERATION: 98 | ERRORS: best=26, median=32.0, diversity=0.29 | INDIVIDUALS: n=200, avg_genome_length=44.855
2021-12-07 02:56:17.006435 | GENERATION: 99 | ERRORS: best=26, median=37.0, diversity=0.325 | INDIVIDUALS: n=200, avg_genome_length=44.6
2021-12-07 02:56:22.036974 | GENERATION: 100 | ERRORS: best=26, median=37.0, diversity=0.4 | INDIVIDUALS: n=200, avg_genome_length=44.48
2021-12-07 02:56:27.321844 | GENERATION: 101 | ERRORS: best=25, median=38.0, diversity=0.355 | INDIVIDUALS: n=200, avg_genome_length=40.45
2021-12-07 02:56:32.425609 | GENERATION: 102 | ERRORS: best=23, median=56.5, diversity=0.36 | INDIVIDUALS: n=200, avg_genome_length=39.565
2021-12-07 02:56:36.911208 | GENERATION: 103 | ERRORS: best=25, median=37.0, diversity=0.32 | INDIVIDUALS: n=200, avg_genome_length=41.4
2021-12-07 02:56:40.903746 | GENERATION: 104 | ERRORS: best=25, median=59.0, diversity=0.38 | INDIVIDUALS: n=200, avg_genome_length=37.475
2021-12-07 02:56:45.735088 | GENERATION: 105 | ERRORS: best=26, median=44.5, diversity=0.35 | INDIVIDUALS: n=200, avg_genome_length=39.265
2021-12-07 02:56:50.742995 | GENERATION: 106 | ERRORS: best=25, median=44.0, diversity=0.29 | INDIVIDUALS: n=200, avg_genome_length=39.525
2021-12-07 02:56:55.128459 | GENERATION: 107 | ERRORS: best=25, median=31.5, diversity=0.23 | INDIVIDUALS: n=200, avg_genome_length=37.565
2021-12-07 02:56:58.882775 | GENERATION: 108 | ERRORS: best=26, median=30.0, diversity=0.36 | INDIVIDUALS: n=200, avg_genome_length=41.81
2021-12-07 02:57:02.864064 | GENERATION: 109 | ERRORS: best=24, median=30.0, diversity=0.32 | INDIVIDUALS: n=200, avg_genome_length=42.79
2021-12-07 02:57:07.027902 | GENERATION: 110 | ERRORS: best=25, median=32.0, diversity=0.335 | INDIVIDUALS: n=200, avg_genome_length=40.86
2021-12-07 02:57:10.850178 | GENERATION: 111 | ERRORS: best=24, median=28.0, diversity=0.285 | INDIVIDUALS: n=200, avg_genome_length=42.575
2021-12-07 02:57:14.236474 | GENERATION: 112 | ERRORS: best=23, median=32.5, diversity=0.37 | INDIVIDUALS: n=200, avg_genome_length=41.735
2021-12-07 02:57:17.670437 | GENERATION: 113 | ERRORS: best=22, median=36.0, diversity=0.32 | INDIVIDUALS: n=200, avg_genome_length=38.725
2021-12-07 02:57:21.370901 | GENERATION: 114 | ERRORS: best=26, median=33.5, diversity=0.37 | INDIVIDUALS: n=200, avg_genome_length=36.91
2021-12-07 02:57:25.670007 | GENERATION: 115 | ERRORS: best=26, median=35.0, diversity=0.385 | INDIVIDUALS: n=200, avg_genome_length=37.655
2021-12-07 02:57:29.178043 | GENERATION: 116 | ERRORS: best=25, median=34.0, diversity=0.37 | INDIVIDUALS: n=200, avg_genome_length=39.24
2021-12-07 02:57:32.828296 | GENERATION: 117 | ERRORS: best=25, median=30.0, diversity=0.305 | INDIVIDUALS: n=200, avg_genome_length=37.215
2021-12-07 02:57:37.352305 | GENERATION: 118 | ERRORS: best=26, median=29.5, diversity=0.37 | INDIVIDUALS: n=200, avg_genome_length=38.285
2021-12-07 02:57:42.025636 | GENERATION: 119 | ERRORS: best=26, median=31.5, diversity=0.36 | INDIVIDUALS: n=200, avg_genome_length=41.065
2021-12-07 02:57:46.281666 | GENERATION: 120 | ERRORS: best=26, median=32.0, diversity=0.35 | INDIVIDUALS: n=200, avg_genome_length=43.645
2021-12-07 02:57:50.067753 | GENERATION: 121 | ERRORS: best=26, median=31.0, diversity=0.455 | INDIVIDUALS: n=200, avg_genome_length=46.045
2021-12-07 02:57:53.731282 | GENERATION: 122 | ERRORS: best=24, median=34.0, diversity=0.425 | INDIVIDUALS: n=200, avg_genome_length=46.005
2021-12-07 02:57:57.452724 | GENERATION: 123 | ERRORS: best=26, median=31.0, diversity=0.37 | INDIVIDUALS: n=200, avg_genome_length=46.29
2021-12-07 02:58:01.698989 | GENERATION: 124 | ERRORS: best=26, median=33.0, diversity=0.415 | INDIVIDUALS: n=200, avg_genome_length=46.675
2021-12-07 02:58:06.175425 | GENERATION: 125 | ERRORS: best=26, median=37.5, diversity=0.455 | INDIVIDUALS: n=200, avg_genome_length=48.835
2021-12-07 02:58:10.055466 | GENERATION: 126 | ERRORS: best=27, median=32.0, diversity=0.42 | INDIVIDUALS: n=200, avg_genome_length=46.655
2021-12-07 02:58:13.844577 | GENERATION: 127 | ERRORS: best=26, median=33.0, diversity=0.45 | INDIVIDUALS: n=200, avg_genome_length=47.32
2021-12-07 02:58:17.524174 | GENERATION: 128 | ERRORS: best=25, median=31.0, diversity=0.41 | INDIVIDUALS: n=200, avg_genome_length=45.55
2021-12-07 02:58:21.270825 | GENERATION: 129 | ERRORS: best=27, median=33.5, diversity=0.395 | INDIVIDUALS: n=200, avg_genome_length=44.68
2021-12-07 02:58:24.913043 | GENERATION: 130 | ERRORS: best=26, median=33.0, diversity=0.365 | INDIVIDUALS: n=200, avg_genome_length=44.575
2021-12-07 02:58:28.659556 | GENERATION: 131 | ERRORS: best=26, median=32.0, diversity=0.37 | INDIVIDUALS: n=200, avg_genome_length=45.83
2021-12-07 02:58:32.052151 | GENERATION: 132 | ERRORS: best=26, median=32.0, diversity=0.35 | INDIVIDUALS: n=200, avg_genome_length=44.74
2021-12-07 02:58:35.658749 | GENERATION: 133 | ERRORS: best=26, median=29.0, diversity=0.365 | INDIVIDUALS: n=200, avg_genome_length=43.57
2021-12-07 02:58:39.001137 | GENERATION: 134 | ERRORS: best=25, median=34.0, diversity=0.4 | INDIVIDUALS: n=200, avg_genome_length=43.99
2021-12-07 02:58:42.574918 | GENERATION: 135 | ERRORS: best=26, median=30.5, diversity=0.41 | INDIVIDUALS: n=200, avg_genome_length=43.22
2021-12-07 02:58:45.999145 | GENERATION: 136 | ERRORS: best=27, median=38.0, diversity=0.385 | INDIVIDUALS: n=200, avg_genome_length=42.13
2021-12-07 02:58:49.826117 | GENERATION: 137 | ERRORS: best=26, median=33.5, diversity=0.36 | INDIVIDUALS: n=200, avg_genome_length=41.955
2021-12-07 02:58:53.386710 | GENERATION: 138 | ERRORS: best=23, median=32.0, diversity=0.38 | INDIVIDUALS: n=200, avg_genome_length=42.095
2021-12-07 02:58:57.746781 | GENERATION: 139 | ERRORS: best=26, median=28.0, diversity=0.3 | INDIVIDUALS: n=200, avg_genome_length=43.995
2021-12-07 02:59:01.197587 | GENERATION: 140 | ERRORS: best=26, median=33.5, diversity=0.455 | INDIVIDUALS: n=200, avg_genome_length=40.03
2021-12-07 02:59:04.879014 | GENERATION: 141 | ERRORS: best=25, median=32.0, diversity=0.48 | INDIVIDUALS: n=200, avg_genome_length=39.715
2021-12-07 02:59:08.157814 | GENERATION: 142 | ERRORS: best=25, median=35.0, diversity=0.375 | INDIVIDUALS: n=200, avg_genome_length=40.27
2021-12-07 02:59:11.444047 | GENERATION: 143 | ERRORS: best=25, median=31.0, diversity=0.42 | INDIVIDUALS: n=200, avg_genome_length=41.76
2021-12-07 02:59:14.923500 | GENERATION: 144 | ERRORS: best=25, median=30.5, diversity=0.475 | INDIVIDUALS: n=200, avg_genome_length=43.965
2021-12-07 02:59:18.753471 | GENERATION: 145 | ERRORS: best=25, median=32.0, diversity=0.42 | INDIVIDUALS: n=200, avg_genome_length=43.785
2021-12-07 02:59:22.397967 | GENERATION: 146 | ERRORS: best=25, median=34.0, diversity=0.39 | INDIVIDUALS: n=200, avg_genome_length=41.82
2021-12-07 02:59:26.313305 | GENERATION: 147 | ERRORS: best=24, median=29.0, diversity=0.39 | INDIVIDUALS: n=200, avg_genome_length=44.92
2021-12-07 02:59:31.823798 | GENERATION: 148 | ERRORS: best=24, median=31.0, diversity=0.485 | INDIVIDUALS: n=200, avg_genome_length=46.245
2021-12-07 02:59:37.579924 | GENERATION: 149 | ERRORS: best=24, median=29.5, diversity=0.455 | INDIVIDUALS: n=200, avg_genome_length=45.085
2021-12-07 02:59:43.203272 | GENERATION: 150 | ERRORS: best=23, median=30.5, diversity=0.435 | INDIVIDUALS: n=200, avg_genome_length=44.82
2021-12-07 02:59:47.897559 | GENERATION: 151 | ERRORS: best=23, median=31.5, diversity=0.395 | INDIVIDUALS: n=200, avg_genome_length=50.84
2021-12-07 02:59:51.944050 | GENERATION: 152 | ERRORS: best=23, median=35.0, diversity=0.475 | INDIVIDUALS: n=200, avg_genome_length=45.27
2021-12-07 02:59:56.373071 | GENERATION: 153 | ERRORS: best=23, median=35.0, diversity=0.44 | INDIVIDUALS: n=200, avg_genome_length=47.97
2021-12-07 02:59:59.802292 | GENERATION: 154 | ERRORS: best=23, median=35.5, diversity=0.425 | INDIVIDUALS: n=200, avg_genome_length=45.425
2021-12-07 03:00:03.510032 | GENERATION: 155 | ERRORS: best=24, median=33.5, diversity=0.415 | INDIVIDUALS: n=200, avg_genome_length=47.03
2021-12-07 03:00:07.181518 | GENERATION: 156 | ERRORS: best=23, median=34.5, diversity=0.42 | INDIVIDUALS: n=200, avg_genome_length=47.355
2021-12-07 03:00:10.929639 | GENERATION: 157 | ERRORS: best=23, median=34.0, diversity=0.36 | INDIVIDUALS: n=200, avg_genome_length=50.295
2021-12-07 03:00:14.844784 | GENERATION: 158 | ERRORS: best=23, median=35.0, diversity=0.42 | INDIVIDUALS: n=200, avg_genome_length=50.94
2021-12-07 03:00:18.948765 | GENERATION: 159 | ERRORS: best=23, median=28.0, diversity=0.385 | INDIVIDUALS: n=200, avg_genome_length=53.32
2021-12-07 03:00:23.113832 | GENERATION: 160 | ERRORS: best=22, median=33.0, diversity=0.395 | INDIVIDUALS: n=200, avg_genome_length=53.485
2021-12-07 03:00:26.897534 | GENERATION: 161 | ERRORS: best=22, median=28.0, diversity=0.44 | INDIVIDUALS: n=200, avg_genome_length=56.725
2021-12-07 03:00:31.198313 | GENERATION: 162 | ERRORS: best=23, median=31.0, diversity=0.465 | INDIVIDUALS: n=200, avg_genome_length=61.34
2021-12-07 03:00:35.645929 | GENERATION: 163 | ERRORS: best=23, median=28.0, diversity=0.42 | INDIVIDUALS: n=200, avg_genome_length=61.62
2021-12-07 03:00:40.056381 | GENERATION: 164 | ERRORS: best=22, median=29.0, diversity=0.42 | INDIVIDUALS: n=200, avg_genome_length=63.3
2021-12-07 03:00:44.904100 | GENERATION: 165 | ERRORS: best=23, median=28.0, diversity=0.45 | INDIVIDUALS: n=200, avg_genome_length=59.285
2021-12-07 03:00:49.455962 | GENERATION: 166 | ERRORS: best=23, median=30.0, diversity=0.48 | INDIVIDUALS: n=200, avg_genome_length=61.35
2021-12-07 03:00:54.784630 | GENERATION: 167 | ERRORS: best=22, median=31.0, diversity=0.515 | INDIVIDUALS: n=200, avg_genome_length=63.755
2021-12-07 03:01:00.492844 | GENERATION: 168 | ERRORS: best=23, median=33.5, diversity=0.47 | INDIVIDUALS: n=200, avg_genome_length=66.145
2021-12-07 03:01:05.873073 | GENERATION: 169 | ERRORS: best=23, median=28.0, diversity=0.4 | INDIVIDUALS: n=200, avg_genome_length=65.065
2021-12-07 03:01:11.095122 | GENERATION: 170 | ERRORS: best=23, median=29.0, diversity=0.43 | INDIVIDUALS: n=200, avg_genome_length=65.275
2021-12-07 03:01:15.820248 | GENERATION: 171 | ERRORS: best=20, median=28.0, diversity=0.45 | INDIVIDUALS: n=200, avg_genome_length=66.065
2021-12-07 03:01:23.213013 | GENERATION: 172 | ERRORS: best=22, median=30.0, diversity=0.48 | INDIVIDUALS: n=200, avg_genome_length=65.92
2021-12-07 03:01:30.829727 | GENERATION: 173 | ERRORS: best=22, median=29.0, diversity=0.495 | INDIVIDUALS: n=200, avg_genome_length=66.67
2021-12-07 03:01:39.256130 | GENERATION: 174 | ERRORS: best=19, median=28.0, diversity=0.435 | INDIVIDUALS: n=200, avg_genome_length=68.695
2021-12-07 03:01:46.415123 | GENERATION: 175 | ERRORS: best=21, median=29.0, diversity=0.485 | INDIVIDUALS: n=200, avg_genome_length=69.12
2021-12-07 03:01:53.655831 | GENERATION: 176 | ERRORS: best=20, median=29.0, diversity=0.54 | INDIVIDUALS: n=200, avg_genome_length=66.18
2021-12-07 03:02:01.124666 | GENERATION: 177 | ERRORS: best=21, median=28.0, diversity=0.48 | INDIVIDUALS: n=200, avg_genome_length=64.49
2021-12-07 03:02:08.335610 | GENERATION: 178 | ERRORS: best=21, median=30.0, diversity=0.46 | INDIVIDUALS: n=200, avg_genome_length=65.63
2021-12-07 03:02:15.006077 | GENERATION: 179 | ERRORS: best=23, median=31.5, diversity=0.45 | INDIVIDUALS: n=200, avg_genome_length=61.74
2021-12-07 03:02:22.466314 | GENERATION: 180 | ERRORS: best=23, median=30.0, diversity=0.52 | INDIVIDUALS: n=200, avg_genome_length=59.205
2021-12-07 03:02:29.482191 | GENERATION: 181 | ERRORS: best=21, median=30.5, diversity=0.54 | INDIVIDUALS: n=200, avg_genome_length=58.21
2021-12-07 03:02:36.290522 | GENERATION: 182 | ERRORS: best=23, median=34.0, diversity=0.5 | INDIVIDUALS: n=200, avg_genome_length=56.56
2021-12-07 03:02:43.592624 | GENERATION: 183 | ERRORS: best=23, median=32.0, diversity=0.445 | INDIVIDUALS: n=200, avg_genome_length=57.42
2021-12-07 03:02:48.816908 | GENERATION: 184 | ERRORS: best=23, median=33.0, diversity=0.475 | INDIVIDUALS: n=200, avg_genome_length=56.56
2021-12-07 03:02:54.342174 | GENERATION: 185 | ERRORS: best=20, median=32.0, diversity=0.39 | INDIVIDUALS: n=200, avg_genome_length=56.01
2021-12-07 03:02:59.715659 | GENERATION: 186 | ERRORS: best=23, median=36.0, diversity=0.45 | INDIVIDUALS: n=200, avg_genome_length=57.38
2021-12-07 03:03:05.216467 | GENERATION: 187 | ERRORS: best=23, median=31.0, diversity=0.485 | INDIVIDUALS: n=200, avg_genome_length=57.76
2021-12-07 03:03:11.061317 | GENERATION: 188 | ERRORS: best=22, median=29.0, diversity=0.43 | INDIVIDUALS: n=200, avg_genome_length=56.14
2021-12-07 03:03:16.880092 | GENERATION: 189 | ERRORS: best=22, median=28.0, diversity=0.415 | INDIVIDUALS: n=200, avg_genome_length=55.385
2021-12-07 03:03:22.626732 | GENERATION: 190 | ERRORS: best=22, median=28.5, diversity=0.445 | INDIVIDUALS: n=200, avg_genome_length=53.98
2021-12-07 03:03:28.882624 | GENERATION: 191 | ERRORS: best=23, median=29.0, diversity=0.455 | INDIVIDUALS: n=200, avg_genome_length=52.435
2021-12-07 03:03:35.545672 | GENERATION: 192 | ERRORS: best=21, median=28.0, diversity=0.47 | INDIVIDUALS: n=200, avg_genome_length=52.32
2021-12-07 03:03:43.078332 | GENERATION: 193 | ERRORS: best=18, median=28.0, diversity=0.465 | INDIVIDUALS: n=200, avg_genome_length=51.965
2021-12-07 03:03:49.373511 | GENERATION: 194 | ERRORS: best=19, median=30.0, diversity=0.505 | INDIVIDUALS: n=200, avg_genome_length=54.97
2021-12-07 03:03:55.813619 | GENERATION: 195 | ERRORS: best=20, median=29.0, diversity=0.52 | INDIVIDUALS: n=200, avg_genome_length=53.925
2021-12-07 03:04:02.769627 | GENERATION: 196 | ERRORS: best=21, median=37.0, diversity=0.565 | INDIVIDUALS: n=200, avg_genome_length=52.625
2021-12-07 03:04:09.998718 | GENERATION: 197 | ERRORS: best=19, median=33.5, diversity=0.555 | INDIVIDUALS: n=200, avg_genome_length=51.49
2021-12-07 03:04:16.158486 | GENERATION: 198 | ERRORS: best=20, median=30.0, diversity=0.535 | INDIVIDUALS: n=200, avg_genome_length=52.11
2021-12-07 03:04:21.719489 | GENERATION: 199 | ERRORS: best=19, median=34.0, diversity=0.555 | INDIVIDUALS: n=200, avg_genome_length=52.37
2021-12-07 03:04:26.854967 | GENERATION: 200 | ERRORS: best=20, median=37.0, diversity=0.555 | INDIVIDUALS: n=200, avg_genome_length=52.615
2021-12-07 03:04:31.149109 | GENERATION: 201 | ERRORS: best=19, median=33.5, diversity=0.535 | INDIVIDUALS: n=200, avg_genome_length=55.795
2021-12-07 03:04:35.737162 | GENERATION: 202 | ERRORS: best=18, median=35.0, diversity=0.59 | INDIVIDUALS: n=200, avg_genome_length=55.73
2021-12-07 03:04:40.138778 | GENERATION: 203 | ERRORS: best=15, median=35.5, diversity=0.6 | INDIVIDUALS: n=200, avg_genome_length=53.455
2021-12-07 03:04:43.990418 | GENERATION: 204 | ERRORS: best=15, median=29.0, diversity=0.54 | INDIVIDUALS: n=200, avg_genome_length=56.775
2021-12-07 03:04:47.787342 | GENERATION: 205 | ERRORS: best=16, median=28.0, diversity=0.53 | INDIVIDUALS: n=200, avg_genome_length=58.96
2021-12-07 03:04:51.398648 | GENERATION: 206 | ERRORS: best=17, median=30.0, diversity=0.585 | INDIVIDUALS: n=200, avg_genome_length=60.635
2021-12-07 03:04:54.801338 | GENERATION: 207 | ERRORS: best=13, median=30.0, diversity=0.6 | INDIVIDUALS: n=200, avg_genome_length=58.93
2021-12-07 03:04:58.389503 | GENERATION: 208 | ERRORS: best=15, median=33.0, diversity=0.615 | INDIVIDUALS: n=200, avg_genome_length=57.82
2021-12-07 03:05:01.820807 | GENERATION: 209 | ERRORS: best=14, median=30.0, diversity=0.605 | INDIVIDUALS: n=200, avg_genome_length=57.06
2021-12-07 03:05:05.124993 | GENERATION: 210 | ERRORS: best=16, median=28.0, diversity=0.54 | INDIVIDUALS: n=200, avg_genome_length=58.335
2021-12-07 03:05:08.439850 | GENERATION: 211 | ERRORS: best=16, median=28.0, diversity=0.58 | INDIVIDUALS: n=200, avg_genome_length=58.205
2021-12-07 03:05:11.526840 | GENERATION: 212 | ERRORS: best=15, median=30.0, diversity=0.685 | INDIVIDUALS: n=200, avg_genome_length=57.59
2021-12-07 03:05:14.557025 | GENERATION: 213 | ERRORS: best=16, median=32.0, diversity=0.57 | INDIVIDUALS: n=200, avg_genome_length=55.91
2021-12-07 03:05:17.525798 | GENERATION: 214 | ERRORS: best=16, median=32.0, diversity=0.58 | INDIVIDUALS: n=200, avg_genome_length=54.91
2021-12-07 03:05:20.459203 | GENERATION: 215 | ERRORS: best=15, median=31.0, diversity=0.575 | INDIVIDUALS: n=200, avg_genome_length=54.825
2021-12-07 03:05:23.935488 | GENERATION: 216 | ERRORS: best=17, median=30.0, diversity=0.605 | INDIVIDUALS: n=200, avg_genome_length=52.84
2021-12-07 03:05:26.808243 | GENERATION: 217 | ERRORS: best=17, median=33.5, diversity=0.565 | INDIVIDUALS: n=200, avg_genome_length=52.855
2021-12-07 03:05:30.040957 | GENERATION: 218 | ERRORS: best=20, median=31.0, diversity=0.58 | INDIVIDUALS: n=200, avg_genome_length=51.495
2021-12-07 03:05:32.888847 | GENERATION: 219 | ERRORS: best=18, median=28.0, diversity=0.5 | INDIVIDUALS: n=200, avg_genome_length=51.64
2021-12-07 03:05:35.716745 | GENERATION: 220 | ERRORS: best=17, median=30.5, diversity=0.485 | INDIVIDUALS: n=200, avg_genome_length=50.49
2021-12-07 03:05:38.460312 | GENERATION: 221 | ERRORS: best=16, median=30.0, diversity=0.575 | INDIVIDUALS: n=200, avg_genome_length=52.22
2021-12-07 03:05:41.791242 | GENERATION: 222 | ERRORS: best=20, median=34.0, diversity=0.63 | INDIVIDUALS: n=200, avg_genome_length=56.175
2021-12-07 03:05:44.785989 | GENERATION: 223 | ERRORS: best=20, median=37.0, diversity=0.59 | INDIVIDUALS: n=200, avg_genome_length=57.905
2021-12-07 03:05:47.946120 | GENERATION: 224 | ERRORS: best=16, median=37.5, diversity=0.59 | INDIVIDUALS: n=200, avg_genome_length=59.27
2021-12-07 03:05:51.424164 | GENERATION: 225 | ERRORS: best=16, median=34.0, diversity=0.575 | INDIVIDUALS: n=200, avg_genome_length=60.785
2021-12-07 03:05:54.692283 | GENERATION: 226 | ERRORS: best=15, median=29.0, diversity=0.555 | INDIVIDUALS: n=200, avg_genome_length=59.46
2021-12-07 03:05:58.091455 | GENERATION: 227 | ERRORS: best=20, median=30.0, diversity=0.495 | INDIVIDUALS: n=200, avg_genome_length=61.96
2021-12-07 03:06:02.202775 | GENERATION: 228 | ERRORS: best=17, median=32.5, diversity=0.53 | INDIVIDUALS: n=200, avg_genome_length=63.085
2021-12-07 03:06:06.214115 | GENERATION: 229 | ERRORS: best=22, median=31.0, diversity=0.525 | INDIVIDUALS: n=200, avg_genome_length=64.96
2021-12-07 03:06:10.266453 | GENERATION: 230 | ERRORS: best=22, median=31.0, diversity=0.58 | INDIVIDUALS: n=200, avg_genome_length=66.225
2021-12-07 03:06:14.245311 | GENERATION: 231 | ERRORS: best=19, median=34.0, diversity=0.61 | INDIVIDUALS: n=200, avg_genome_length=66.025
2021-12-07 03:06:18.338200 | GENERATION: 232 | ERRORS: best=21, median=32.0, diversity=0.53 | INDIVIDUALS: n=200, avg_genome_length=64.325
2021-12-07 03:06:21.942615 | GENERATION: 233 | ERRORS: best=21, median=29.0, diversity=0.595 | INDIVIDUALS: n=200, avg_genome_length=67.9
2021-12-07 03:06:25.596095 | GENERATION: 234 | ERRORS: best=21, median=28.0, diversity=0.52 | INDIVIDUALS: n=200, avg_genome_length=68.915
2021-12-07 03:06:29.298274 | GENERATION: 235 | ERRORS: best=20, median=29.0, diversity=0.525 | INDIVIDUALS: n=200, avg_genome_length=67.63
2021-12-07 03:06:32.864522 | GENERATION: 236 | ERRORS: best=20, median=29.0, diversity=0.515 | INDIVIDUALS: n=200, avg_genome_length=65.21
2021-12-07 03:06:37.020749 | GENERATION: 237 | ERRORS: best=16, median=30.5, diversity=0.515 | INDIVIDUALS: n=200, avg_genome_length=64.56
2021-12-07 03:06:40.864143 | GENERATION: 238 | ERRORS: best=17, median=28.0, diversity=0.49 | INDIVIDUALS: n=200, avg_genome_length=63.13
2021-12-07 03:06:44.376574 | GENERATION: 239 | ERRORS: best=18, median=28.0, diversity=0.455 | INDIVIDUALS: n=200, avg_genome_length=62.67
2021-12-07 03:06:48.121772 | GENERATION: 240 | ERRORS: best=17, median=28.0, diversity=0.555 | INDIVIDUALS: n=200, avg_genome_length=64.445
2021-12-07 03:06:51.725812 | GENERATION: 241 | ERRORS: best=18, median=30.0, diversity=0.545 | INDIVIDUALS: n=200, avg_genome_length=62.075
2021-12-07 03:06:55.483107 | GENERATION: 242 | ERRORS: best=16, median=29.0, diversity=0.57 | INDIVIDUALS: n=200, avg_genome_length=61.78
2021-12-07 03:06:59.246009 | GENERATION: 243 | ERRORS: best=17, median=32.5, diversity=0.66 | INDIVIDUALS: n=200, avg_genome_length=60.295
2021-12-07 03:07:02.681043 | GENERATION: 244 | ERRORS: best=19, median=32.5, diversity=0.605 | INDIVIDUALS: n=200, avg_genome_length=59.785
2021-12-07 03:07:06.050387 | GENERATION: 245 | ERRORS: best=18, median=28.0, diversity=0.59 | INDIVIDUALS: n=200, avg_genome_length=62.555
2021-12-07 03:07:09.352013 | GENERATION: 246 | ERRORS: best=17, median=30.5, diversity=0.57 | INDIVIDUALS: n=200, avg_genome_length=61.335
2021-12-07 03:07:12.705342 | GENERATION: 247 | ERRORS: best=17, median=29.0, diversity=0.575 | INDIVIDUALS: n=200, avg_genome_length=61.535
2021-12-07 03:07:16.202030 | GENERATION: 248 | ERRORS: best=17, median=28.0, diversity=0.47 | INDIVIDUALS: n=200, avg_genome_length=60.98
2021-12-07 03:07:19.698949 | GENERATION: 249 | ERRORS: best=16, median=36.5, diversity=0.56 | INDIVIDUALS: n=200, avg_genome_length=62.25
2021-12-07 03:07:23.191609 | GENERATION: 250 | ERRORS: best=16, median=34.0, diversity=0.59 | INDIVIDUALS: n=200, avg_genome_length=60.48
2021-12-07 03:07:26.201153 | GENERATION: 251 | ERRORS: best=16, median=35.0, diversity=0.605 | INDIVIDUALS: n=200, avg_genome_length=57.39
2021-12-07 03:07:29.051867 | GENERATION: 252 | ERRORS: best=16, median=28.5, diversity=0.515 | INDIVIDUALS: n=200, avg_genome_length=56.87
2021-12-07 03:07:32.024075 | GENERATION: 253 | ERRORS: best=16, median=30.0, diversity=0.475 | INDIVIDUALS: n=200, avg_genome_length=57.425
2021-12-07 03:07:34.934626 | GENERATION: 254 | ERRORS: best=16, median=28.0, diversity=0.47 | INDIVIDUALS: n=200, avg_genome_length=56.425
2021-12-07 03:07:38.324494 | GENERATION: 255 | ERRORS: best=17, median=28.0, diversity=0.525 | INDIVIDUALS: n=200, avg_genome_length=56.59
2021-12-07 03:07:41.399125 | GENERATION: 256 | ERRORS: best=19, median=30.0, diversity=0.505 | INDIVIDUALS: n=200, avg_genome_length=55.035
2021-12-07 03:07:44.645533 | GENERATION: 257 | ERRORS: best=20, median=28.0, diversity=0.45 | INDIVIDUALS: n=200, avg_genome_length=53.96
2021-12-07 03:07:47.558357 | GENERATION: 258 | ERRORS: best=20, median=28.0, diversity=0.47 | INDIVIDUALS: n=200, avg_genome_length=54.03
2021-12-07 03:07:50.521170 | GENERATION: 259 | ERRORS: best=20, median=32.0, diversity=0.485 | INDIVIDUALS: n=200, avg_genome_length=53.9
2021-12-07 03:07:53.571145 | GENERATION: 260 | ERRORS: best=17, median=32.0, diversity=0.47 | INDIVIDUALS: n=200, avg_genome_length=54.62
2021-12-07 03:07:56.552749 | GENERATION: 261 | ERRORS: best=21, median=35.0, diversity=0.52 | INDIVIDUALS: n=200, avg_genome_length=54.62
2021-12-07 03:07:59.812801 | GENERATION: 262 | ERRORS: best=19, median=32.5, diversity=0.53 | INDIVIDUALS: n=200, avg_genome_length=55.66
2021-12-07 03:08:03.932744 | GENERATION: 263 | ERRORS: best=17, median=30.0, diversity=0.53 | INDIVIDUALS: n=200, avg_genome_length=57.09
2021-12-07 03:08:08.433673 | GENERATION: 264 | ERRORS: best=20, median=36.0, diversity=0.55 | INDIVIDUALS: n=200, avg_genome_length=58.07
2021-12-07 03:08:13.127751 | GENERATION: 265 | ERRORS: best=20, median=28.0, diversity=0.46 | INDIVIDUALS: n=200, avg_genome_length=57.59
2021-12-07 03:08:17.048050 | GENERATION: 266 | ERRORS: best=19, median=28.0, diversity=0.44 | INDIVIDUALS: n=200, avg_genome_length=57.685
2021-12-07 03:08:20.665377 | GENERATION: 267 | ERRORS: best=16, median=28.0, diversity=0.445 | INDIVIDUALS: n=200, avg_genome_length=55.79
2021-12-07 03:08:24.016500 | GENERATION: 268 | ERRORS: best=20, median=28.0, diversity=0.415 | INDIVIDUALS: n=200, avg_genome_length=56.94
2021-12-07 03:08:27.729819 | GENERATION: 269 | ERRORS: best=19, median=28.0, diversity=0.405 | INDIVIDUALS: n=200, avg_genome_length=58.245
2021-12-07 03:08:31.325064 | GENERATION: 270 | ERRORS: best=16, median=28.0, diversity=0.45 | INDIVIDUALS: n=200, avg_genome_length=59.165
2021-12-07 03:08:35.464467 | GENERATION: 271 | ERRORS: best=18, median=28.0, diversity=0.44 | INDIVIDUALS: n=200, avg_genome_length=61.045
2021-12-07 03:08:39.096896 | GENERATION: 272 | ERRORS: best=18, median=28.0, diversity=0.445 | INDIVIDUALS: n=200, avg_genome_length=61.615
2021-12-07 03:08:42.634092 | GENERATION: 273 | ERRORS: best=22, median=28.0, diversity=0.365 | INDIVIDUALS: n=200, avg_genome_length=59.615
2021-12-07 03:08:46.424058 | GENERATION: 274 | ERRORS: best=22, median=29.0, diversity=0.46 | INDIVIDUALS: n=200, avg_genome_length=56.445
2021-12-07 03:08:49.766968 | GENERATION: 275 | ERRORS: best=23, median=29.0, diversity=0.49 | INDIVIDUALS: n=200, avg_genome_length=55.595
2021-12-07 03:08:53.554702 | GENERATION: 276 | ERRORS: best=25, median=35.0, diversity=0.445 | INDIVIDUALS: n=200, avg_genome_length=56.14
2021-12-07 03:08:57.592303 | GENERATION: 277 | ERRORS: best=24, median=35.0, diversity=0.43 | INDIVIDUALS: n=200, avg_genome_length=56.05
2021-12-07 03:09:01.515607 | GENERATION: 278 | ERRORS: best=25, median=35.0, diversity=0.41 | INDIVIDUALS: n=200, avg_genome_length=51.165
2021-12-07 03:09:04.958747 | GENERATION: 279 | ERRORS: best=25, median=38.0, diversity=0.44 | INDIVIDUALS: n=200, avg_genome_length=50.295
2021-12-07 03:09:08.357582 | GENERATION: 280 | ERRORS: best=25, median=37.0, diversity=0.35 | INDIVIDUALS: n=200, avg_genome_length=47.185
2021-12-07 03:09:11.469349 | GENERATION: 281 | ERRORS: best=25, median=40.0, diversity=0.35 | INDIVIDUALS: n=200, avg_genome_length=45.38
2021-12-07 03:09:14.685210 | GENERATION: 282 | ERRORS: best=25, median=33.5, diversity=0.365 | INDIVIDUALS: n=200, avg_genome_length=44.755
2021-12-07 03:09:17.790583 | GENERATION: 283 | ERRORS: best=25, median=35.0, diversity=0.37 | INDIVIDUALS: n=200, avg_genome_length=42.12
2021-12-07 03:09:20.901502 | GENERATION: 284 | ERRORS: best=25, median=45.5, diversity=0.325 | INDIVIDUALS: n=200, avg_genome_length=41.74
2021-12-07 03:09:23.588609 | GENERATION: 285 | ERRORS: best=25, median=35.0, diversity=0.355 | INDIVIDUALS: n=200, avg_genome_length=43.545
2021-12-07 03:09:26.105851 | GENERATION: 286 | ERRORS: best=25, median=32.0, diversity=0.295 | INDIVIDUALS: n=200, avg_genome_length=41.85
2021-12-07 03:09:28.811270 | GENERATION: 287 | ERRORS: best=25, median=32.0, diversity=0.325 | INDIVIDUALS: n=200, avg_genome_length=40.925
2021-12-07 03:09:31.220075 | GENERATION: 288 | ERRORS: best=25, median=37.0, diversity=0.35 | INDIVIDUALS: n=200, avg_genome_length=41.485
2021-12-07 03:09:33.678073 | GENERATION: 289 | ERRORS: best=25, median=38.0, diversity=0.34 | INDIVIDUALS: n=200, avg_genome_length=40.6
2021-12-07 03:09:36.346801 | GENERATION: 290 | ERRORS: best=25, median=35.0, diversity=0.345 | INDIVIDUALS: n=200, avg_genome_length=43.52
2021-12-07 03:09:39.016181 | GENERATION: 291 | ERRORS: best=25, median=33.0, diversity=0.325 | INDIVIDUALS: n=200, avg_genome_length=45.23
2021-12-07 03:09:41.777589 | GENERATION: 292 | ERRORS: best=23, median=31.0, diversity=0.355 | INDIVIDUALS: n=200, avg_genome_length=43.73
2021-12-07 03:09:44.734271 | GENERATION: 293 | ERRORS: best=23, median=32.0, diversity=0.365 | INDIVIDUALS: n=200, avg_genome_length=45.76
2021-12-07 03:09:47.518470 | GENERATION: 294 | ERRORS: best=23, median=28.0, diversity=0.36 | INDIVIDUALS: n=200, avg_genome_length=47.25
2021-12-07 03:09:50.408311 | GENERATION: 295 | ERRORS: best=23, median=28.0, diversity=0.325 | INDIVIDUALS: n=200, avg_genome_length=50.005
2021-12-07 03:09:53.227599 | GENERATION: 296 | ERRORS: best=23, median=28.5, diversity=0.385 | INDIVIDUALS: n=200, avg_genome_length=48.905
2021-12-07 03:09:56.187708 | GENERATION: 297 | ERRORS: best=23, median=29.0, diversity=0.385 | INDIVIDUALS: n=200, avg_genome_length=50.795
2021-12-07 03:09:59.216814 | GENERATION: 298 | ERRORS: best=23, median=28.0, diversity=0.375 | INDIVIDUALS: n=200, avg_genome_length=51.92
2021-12-07 03:10:02.571097 | GENERATION: 299 | ERRORS: best=23, median=30.0, diversity=0.39 | INDIVIDUALS: n=200, avg_genome_length=53.775
2021-12-07 03:10:05.678344 | GENERATION: 300 | ERRORS: best=24, median=30.0, diversity=0.375 | INDIVIDUALS: n=200, avg_genome_length=55.355
Simplifying genome of length 57 with total error 13.
Simplified genome by 1 to length 56.
Simplified genome by 1 to length 55.
Simplified genome by 1 to length 54.
Simplified genome by 1 to length 53.
Simplified genome by 1 to length 52.
Simplified genome by 1 to length 51.
Simplified genome by 1 to length 50.
Simplified genome by 1 to length 49.
Simplified genome by 1 to length 48.
Simplified genome by 1 to length 47.
Simplified genome by 1 to length 46.
Simplified genome by 1 to length 45.
Simplified genome to length 45 and total error 13.
========================================
End Run
========================================
No solution found.
Best Seen Individual
	Genome:
	 pvector([Input(input_index=2), InstructionMeta(name='str_length', code_blocks=0), InstructionMeta(name='exec_shove', code_blocks=1), InstructionMeta(name='bool_not', code_blocks=0), Closer(), InstructionMeta(name='bool_dup', code_blocks=0), InstructionMeta(name='bool_stack_depth', code_blocks=0), InstructionMeta(name='str_is_empty', code_blocks=0), InstructionMeta(name='noop_open', code_blocks=1), Closer(), InstructionMeta(name='str_yank_dup', code_blocks=0), InstructionMeta(name='noop', code_blocks=0), Input(input_index=0), InstructionMeta(name='str_replace_all_str', code_blocks=0), InstructionMeta(name='str_shove', code_blocks=0), InstructionMeta(name='print_int', code_blocks=0), InstructionMeta(name='str_replace_all_str', code_blocks=0), InstructionMeta(name='int_lte', code_blocks=0), InstructionMeta(name='str_length', code_blocks=0), InstructionMeta(name='exec_shove', code_blocks=1), Literal(value=False, push_type=<pyshgp.push.types.PushBoolType object at 0x7f2310193310>), Closer(), InstructionMeta(name='print_exec', code_blocks=0), InstructionMeta(name='println_exec', code_blocks=0), InstructionMeta(name='str_swap', code_blocks=0), InstructionMeta(name='bool_not', code_blocks=0), InstructionMeta(name='str_shove', code_blocks=0), InstructionMeta(name='bool_yank_dup', code_blocks=0), Input(input_index=2), Closer(), InstructionMeta(name='bool_yank_dup', code_blocks=0), InstructionMeta(name='bool_flush', code_blocks=0), InstructionMeta(name='noop', code_blocks=0), InstructionMeta(name='str_occurrences_of_str', code_blocks=0), InstructionMeta(name='bool_shove_dup', code_blocks=0), InstructionMeta(name='exec_is_empty', code_blocks=0), InstructionMeta(name='println_exec', code_blocks=0), InstructionMeta(name='str_split_on_str', code_blocks=0), InstructionMeta(name='int_swap', code_blocks=0), InstructionMeta(name='int_sub', code_blocks=0), Input(input_index=1), InstructionMeta(name='str_reverse', code_blocks=0), InstructionMeta(name='println_exec', code_blocks=0), InstructionMeta(name='str_swap', code_blocks=0), InstructionMeta(name='exec_dup', code_blocks=1)])
	Program:
	 (input_2 str_length exec_shove (bool_not) bool_dup bool_stack_depth str_is_empty noop_open () str_yank_dup noop input_0 str_replace_all_str str_shove print_int str_replace_all_str int_lte str_length exec_shove (False) print_exec println_exec str_swap bool_not str_shove bool_yank_dup input_2 bool_yank_dup bool_flush noop str_occurrences_of_str bool_shove_dup exec_is_empty println_exec str_split_on_str int_swap int_sub input_1 str_reverse println_exec str_swap exec_dup ())
	Error vector:
	 [0 0 0 0 0 1 0 0 0 0 0 0 0 0 0 0 0 0 0 0 0 0 0 0 0 0 0 0 1 0 0 0 0 0 0 0 0
 0 0 0 0 0 0 0 0 0 0 0 0 0 1 0 0 1 0 0 0 0 0 0 0 0 0 0 1 0 0 0 0 1 0 1 0 0
 0 0 1 1 0 0 0 1 0 0 0 1 0 0 0 0 1 0 0 0 0 0 0 1 0 0]
	Total error:
	 13
	Test error:
	 197
	Time:
	 00:23:02
