Included 22 edge cases.
Included 78 random cases.
Included 100 cases in total.
Finished formatting.
Included 0 edge cases.
Included 1000 random cases.
Included 1000 cases in total.
Finished formatting.
========================================
Setup
========================================
Search Configuration:
signature: ProgramSignature(output_stacks=['bool'], arity=3, push_config=PushConfig(growth_cap=500, numeric_magnitude_limit=1000000000000.0, step_limit=600, collection_size_cap=1000, runtime_limit=10))
evaluator: <pyshgp.gp.evaluation.DatasetEvaluator object at 0x7f4073599130>
spawner: <pyshgp.gp.genome.GeneSpawner object at 0x7f4073599d90>
population_size: 200
max_generations: 300
error_threshold: 0.0
initial_genome_size: (40, 200)
simplification_steps: 500
parallel_context: <pyshgp.gp.search.ParallelContext object at 0x7f4073599a60>
selection: <pyshgp.utils.DiscreteProbDistrib object at 0x7f4066d47e40>
variation: <pyshgp.utils.DiscreteProbDistrib object at 0x7f4066d47800>
Instructions:
int_add, int_sub, int_mult, int_div, int_mod, int_min, int_max, int_inc, int_dec, int_lt, int_lte, int_gt, int_gte, int_from_bool, str_concat, str_insert_str, str_from_first_char, str_from_last_char, str_from_nth_char, str_contains_str, str_index_of_str, str_split_on_str, str_replace_first_str, str_replace_n_str, str_replace_all_str, str_remove_first_str, str_remove_n_str, str_remove_all_str, str_occurrences_of_str, str_reverse, str_head, str_tail, str_rest, str_but_last, str_drop, str_but_last_n, str_length, str_make_empty, str_is_empty_string, str_remove_nth, str_strip_whitespace, str_from_bool, str_from_int, bool_and, bool_or, bool_not, bool_xor, bool_invert_first_then_and, bool_second_first_then_and, bool_from_int, noop, noop_open, exec_do_range, exec_do_count, exec_while, exec_do_while, exec_if, exec_when, print_bool, println_bool, print_int, println_int, print_str, println_str, print_exec, println_exec, bool_pop, bool_dup, bool_dup_times, bool_swap, bool_rot, bool_flush, bool_eq, bool_stack_depth, bool_yank, bool_yank_dup, bool_shove, bool_shove_dup, bool_is_empty, int_pop, int_dup, int_dup_times, int_swap, int_rot, int_flush, int_eq, int_stack_depth, int_yank, int_yank_dup, int_shove, int_shove_dup, int_is_empty, str_pop, str_dup, str_dup_times, str_swap, str_rot, str_flush, str_eq, str_stack_depth, str_yank, str_yank_dup, str_shove, str_shove_dup, str_is_empty, exec_pop, exec_dup, exec_dup_times, exec_swap, exec_rot, exec_flush, exec_eq, exec_stack_depth, exec_yank, exec_yank_dup, exec_shove, exec_shove_dup, exec_is_empty
Literals:
[]
ERC Generators:
[<function rand_bool at 0x7f407359cc10>]
========================================
Start Run
========================================
2021-12-16 16:13:32.129339 | GENERATION: 1 | ERRORS: best=23, median=100000000.0, diversity=0.015 | INDIVIDUALS: n=200, avg_genome_length=116.0
2021-12-16 16:13:37.222796 | GENERATION: 2 | ERRORS: best=21, median=77.0, diversity=0.075 | INDIVIDUALS: n=200, avg_genome_length=107.38
2021-12-16 16:13:42.412341 | GENERATION: 3 | ERRORS: best=21, median=77.0, diversity=0.38 | INDIVIDUALS: n=200, avg_genome_length=110.185
2021-12-16 16:13:48.299856 | GENERATION: 4 | ERRORS: best=23, median=77.0, diversity=0.47 | INDIVIDUALS: n=200, avg_genome_length=111.06
2021-12-16 16:13:54.103974 | GENERATION: 5 | ERRORS: best=21, median=75.5, diversity=0.44 | INDIVIDUALS: n=200, avg_genome_length=115.98
2021-12-16 16:14:00.534200 | GENERATION: 6 | ERRORS: best=23, median=74.0, diversity=0.55 | INDIVIDUALS: n=200, avg_genome_length=114.52
2021-12-16 16:14:07.954226 | GENERATION: 7 | ERRORS: best=20, median=58.5, diversity=0.575 | INDIVIDUALS: n=200, avg_genome_length=116.065
2021-12-16 16:14:15.505806 | GENERATION: 8 | ERRORS: best=22, median=32.5, diversity=0.475 | INDIVIDUALS: n=200, avg_genome_length=120.12
2021-12-16 16:14:23.870866 | GENERATION: 9 | ERRORS: best=21, median=31.0, diversity=0.475 | INDIVIDUALS: n=200, avg_genome_length=123.24
2021-12-16 16:14:32.197899 | GENERATION: 10 | ERRORS: best=20, median=41.0, diversity=0.64 | INDIVIDUALS: n=200, avg_genome_length=124.41
2021-12-16 16:14:42.179965 | GENERATION: 11 | ERRORS: best=22, median=54.5, diversity=0.545 | INDIVIDUALS: n=200, avg_genome_length=124.84
2021-12-16 16:14:51.348186 | GENERATION: 12 | ERRORS: best=20, median=39.0, diversity=0.605 | INDIVIDUALS: n=200, avg_genome_length=121.125
2021-12-16 16:15:01.902860 | GENERATION: 13 | ERRORS: best=22, median=34.5, diversity=0.57 | INDIVIDUALS: n=200, avg_genome_length=117.92
2021-12-16 16:15:12.050213 | GENERATION: 14 | ERRORS: best=22, median=36.0, diversity=0.5 | INDIVIDUALS: n=200, avg_genome_length=114.5
2021-12-16 16:15:20.944846 | GENERATION: 15 | ERRORS: best=21, median=43.5, diversity=0.58 | INDIVIDUALS: n=200, avg_genome_length=114.74
2021-12-16 16:15:31.446902 | GENERATION: 16 | ERRORS: best=20, median=49.0, diversity=0.55 | INDIVIDUALS: n=200, avg_genome_length=116.55
2021-12-16 16:15:42.119724 | GENERATION: 17 | ERRORS: best=20, median=48.5, diversity=0.66 | INDIVIDUALS: n=200, avg_genome_length=114.7
2021-12-16 16:15:52.507737 | GENERATION: 18 | ERRORS: best=22, median=51.0, diversity=0.515 | INDIVIDUALS: n=200, avg_genome_length=110.72
2021-12-16 16:16:03.674746 | GENERATION: 19 | ERRORS: best=21, median=37.5, diversity=0.53 | INDIVIDUALS: n=200, avg_genome_length=101.755
2021-12-16 16:16:14.511020 | GENERATION: 20 | ERRORS: best=20, median=33.5, diversity=0.535 | INDIVIDUALS: n=200, avg_genome_length=95.105
2021-12-16 16:16:24.597067 | GENERATION: 21 | ERRORS: best=23, median=39.5, diversity=0.585 | INDIVIDUALS: n=200, avg_genome_length=94.26
2021-12-16 16:16:35.155992 | GENERATION: 22 | ERRORS: best=21, median=33.0, diversity=0.555 | INDIVIDUALS: n=200, avg_genome_length=92.48
2021-12-16 16:16:44.503609 | GENERATION: 23 | ERRORS: best=22, median=36.0, diversity=0.58 | INDIVIDUALS: n=200, avg_genome_length=93.595
2021-12-16 16:16:53.865135 | GENERATION: 24 | ERRORS: best=22, median=35.0, diversity=0.575 | INDIVIDUALS: n=200, avg_genome_length=91.955
2021-12-16 16:17:03.503497 | GENERATION: 25 | ERRORS: best=23, median=50.5, diversity=0.555 | INDIVIDUALS: n=200, avg_genome_length=89.455
2021-12-16 16:17:13.627674 | GENERATION: 26 | ERRORS: best=23, median=46.0, diversity=0.545 | INDIVIDUALS: n=200, avg_genome_length=87.45
2021-12-16 16:17:22.107167 | GENERATION: 27 | ERRORS: best=16, median=37.5, diversity=0.57 | INDIVIDUALS: n=200, avg_genome_length=84.705
2021-12-16 16:17:30.471880 | GENERATION: 28 | ERRORS: best=21, median=33.0, diversity=0.595 | INDIVIDUALS: n=200, avg_genome_length=85.98
2021-12-16 16:17:39.596375 | GENERATION: 29 | ERRORS: best=20, median=57.5, diversity=0.665 | INDIVIDUALS: n=200, avg_genome_length=88.98
2021-12-16 16:17:46.924757 | GENERATION: 30 | ERRORS: best=22, median=31.0, diversity=0.55 | INDIVIDUALS: n=200, avg_genome_length=82.89
2021-12-16 16:17:54.490853 | GENERATION: 31 | ERRORS: best=22, median=57.5, diversity=0.575 | INDIVIDUALS: n=200, avg_genome_length=79.6
2021-12-16 16:18:03.163864 | GENERATION: 32 | ERRORS: best=23, median=52.0, diversity=0.565 | INDIVIDUALS: n=200, avg_genome_length=80.9
2021-12-16 16:18:11.090373 | GENERATION: 33 | ERRORS: best=22, median=51.0, diversity=0.555 | INDIVIDUALS: n=200, avg_genome_length=84.12
2021-12-16 16:18:18.682149 | GENERATION: 34 | ERRORS: best=20, median=33.5, diversity=0.48 | INDIVIDUALS: n=200, avg_genome_length=79.58
2021-12-16 16:18:26.589810 | GENERATION: 35 | ERRORS: best=20, median=38.5, diversity=0.465 | INDIVIDUALS: n=200, avg_genome_length=77.46
2021-12-16 16:18:35.437587 | GENERATION: 36 | ERRORS: best=20, median=32.0, diversity=0.59 | INDIVIDUALS: n=200, avg_genome_length=75.225
2021-12-16 16:18:43.472533 | GENERATION: 37 | ERRORS: best=22, median=36.5, diversity=0.58 | INDIVIDUALS: n=200, avg_genome_length=73.57
2021-12-16 16:18:52.525293 | GENERATION: 38 | ERRORS: best=22, median=34.0, diversity=0.595 | INDIVIDUALS: n=200, avg_genome_length=73.2
2021-12-16 16:19:02.473470 | GENERATION: 39 | ERRORS: best=22, median=44.5, diversity=0.535 | INDIVIDUALS: n=200, avg_genome_length=71.0
2021-12-16 16:19:13.052770 | GENERATION: 40 | ERRORS: best=21, median=35.0, diversity=0.59 | INDIVIDUALS: n=200, avg_genome_length=73.105
2021-12-16 16:19:23.426407 | GENERATION: 41 | ERRORS: best=20, median=38.0, diversity=0.605 | INDIVIDUALS: n=200, avg_genome_length=70.44
2021-12-16 16:19:29.836992 | GENERATION: 42 | ERRORS: best=20, median=31.5, diversity=0.495 | INDIVIDUALS: n=200, avg_genome_length=66.015
2021-12-16 16:19:36.510059 | GENERATION: 43 | ERRORS: best=20, median=32.0, diversity=0.49 | INDIVIDUALS: n=200, avg_genome_length=61.825
2021-12-16 16:19:41.926998 | GENERATION: 44 | ERRORS: best=22, median=34.5, diversity=0.545 | INDIVIDUALS: n=200, avg_genome_length=61.35
2021-12-16 16:19:47.353663 | GENERATION: 45 | ERRORS: best=19, median=63.5, diversity=0.54 | INDIVIDUALS: n=200, avg_genome_length=61.39
2021-12-16 16:19:52.783197 | GENERATION: 46 | ERRORS: best=19, median=35.5, diversity=0.51 | INDIVIDUALS: n=200, avg_genome_length=61.615
2021-12-16 16:19:58.552933 | GENERATION: 47 | ERRORS: best=16, median=26.0, diversity=0.535 | INDIVIDUALS: n=200, avg_genome_length=62.5
2021-12-16 16:20:04.316095 | GENERATION: 48 | ERRORS: best=16, median=28.0, diversity=0.46 | INDIVIDUALS: n=200, avg_genome_length=59.53
2021-12-16 16:20:10.743638 | GENERATION: 49 | ERRORS: best=16, median=26.0, diversity=0.475 | INDIVIDUALS: n=200, avg_genome_length=58.69
2021-12-16 16:20:17.120837 | GENERATION: 50 | ERRORS: best=15, median=26.5, diversity=0.5 | INDIVIDUALS: n=200, avg_genome_length=58.11
2021-12-16 16:20:24.714335 | GENERATION: 51 | ERRORS: best=17, median=25.0, diversity=0.485 | INDIVIDUALS: n=200, avg_genome_length=57.27
2021-12-16 16:20:32.322620 | GENERATION: 52 | ERRORS: best=15, median=24.0, diversity=0.495 | INDIVIDUALS: n=200, avg_genome_length=60.82
2021-12-16 16:20:39.880099 | GENERATION: 53 | ERRORS: best=15, median=23.0, diversity=0.44 | INDIVIDUALS: n=200, avg_genome_length=64.335
2021-12-16 16:20:47.570410 | GENERATION: 54 | ERRORS: best=16, median=25.0, diversity=0.47 | INDIVIDUALS: n=200, avg_genome_length=66.775
2021-12-16 16:20:54.968107 | GENERATION: 55 | ERRORS: best=16, median=26.0, diversity=0.575 | INDIVIDUALS: n=200, avg_genome_length=66.43
2021-12-16 16:21:03.177870 | GENERATION: 56 | ERRORS: best=17, median=26.0, diversity=0.505 | INDIVIDUALS: n=200, avg_genome_length=65.99
2021-12-16 16:21:11.159073 | GENERATION: 57 | ERRORS: best=15, median=23.0, diversity=0.47 | INDIVIDUALS: n=200, avg_genome_length=66.915
2021-12-16 16:21:19.188594 | GENERATION: 58 | ERRORS: best=15, median=24.0, diversity=0.535 | INDIVIDUALS: n=200, avg_genome_length=64.32
2021-12-16 16:21:28.933098 | GENERATION: 59 | ERRORS: best=15, median=23.0, diversity=0.54 | INDIVIDUALS: n=200, avg_genome_length=62.86
2021-12-16 16:21:37.920778 | GENERATION: 60 | ERRORS: best=16, median=24.0, diversity=0.475 | INDIVIDUALS: n=200, avg_genome_length=59.065
2021-12-16 16:21:45.429056 | GENERATION: 61 | ERRORS: best=17, median=24.0, diversity=0.49 | INDIVIDUALS: n=200, avg_genome_length=58.525
2021-12-16 16:21:52.071338 | GENERATION: 62 | ERRORS: best=13, median=27.0, diversity=0.505 | INDIVIDUALS: n=200, avg_genome_length=56.725
2021-12-16 16:21:58.180717 | GENERATION: 63 | ERRORS: best=16, median=26.0, diversity=0.45 | INDIVIDUALS: n=200, avg_genome_length=54.51
2021-12-16 16:22:03.396483 | GENERATION: 64 | ERRORS: best=16, median=26.0, diversity=0.415 | INDIVIDUALS: n=200, avg_genome_length=52.745
2021-12-16 16:22:09.299978 | GENERATION: 65 | ERRORS: best=15, median=23.0, diversity=0.46 | INDIVIDUALS: n=200, avg_genome_length=54.605
2021-12-16 16:22:14.811634 | GENERATION: 66 | ERRORS: best=17, median=26.5, diversity=0.425 | INDIVIDUALS: n=200, avg_genome_length=55.25
2021-12-16 16:22:20.560203 | GENERATION: 67 | ERRORS: best=14, median=26.0, diversity=0.34 | INDIVIDUALS: n=200, avg_genome_length=55.635
2021-12-16 16:22:26.222418 | GENERATION: 68 | ERRORS: best=15, median=26.5, diversity=0.445 | INDIVIDUALS: n=200, avg_genome_length=49.46
2021-12-16 16:22:32.636444 | GENERATION: 69 | ERRORS: best=18, median=24.0, diversity=0.46 | INDIVIDUALS: n=200, avg_genome_length=48.47
2021-12-16 16:22:38.420337 | GENERATION: 70 | ERRORS: best=16, median=35.5, diversity=0.42 | INDIVIDUALS: n=200, avg_genome_length=48.15
2021-12-16 16:22:43.574124 | GENERATION: 71 | ERRORS: best=16, median=23.0, diversity=0.445 | INDIVIDUALS: n=200, avg_genome_length=42.32
2021-12-16 16:22:49.235762 | GENERATION: 72 | ERRORS: best=16, median=23.0, diversity=0.43 | INDIVIDUALS: n=200, avg_genome_length=40.265
2021-12-16 16:22:54.967286 | GENERATION: 73 | ERRORS: best=16, median=23.0, diversity=0.405 | INDIVIDUALS: n=200, avg_genome_length=39.995
2021-12-16 16:23:01.158836 | GENERATION: 74 | ERRORS: best=16, median=24.5, diversity=0.465 | INDIVIDUALS: n=200, avg_genome_length=37.37
2021-12-16 16:23:06.297808 | GENERATION: 75 | ERRORS: best=15, median=24.0, diversity=0.455 | INDIVIDUALS: n=200, avg_genome_length=37.695
2021-12-16 16:23:11.826452 | GENERATION: 76 | ERRORS: best=15, median=23.0, diversity=0.41 | INDIVIDUALS: n=200, avg_genome_length=41.505
2021-12-16 16:23:17.294849 | GENERATION: 77 | ERRORS: best=16, median=24.0, diversity=0.415 | INDIVIDUALS: n=200, avg_genome_length=39.74
2021-12-16 16:23:23.530917 | GENERATION: 78 | ERRORS: best=16, median=31.0, diversity=0.465 | INDIVIDUALS: n=200, avg_genome_length=37.33
2021-12-16 16:23:28.976797 | GENERATION: 79 | ERRORS: best=16, median=28.5, diversity=0.385 | INDIVIDUALS: n=200, avg_genome_length=34.42
2021-12-16 16:23:34.230873 | GENERATION: 80 | ERRORS: best=17, median=28.0, diversity=0.375 | INDIVIDUALS: n=200, avg_genome_length=35.74
2021-12-16 16:23:39.024370 | GENERATION: 81 | ERRORS: best=17, median=28.0, diversity=0.41 | INDIVIDUALS: n=200, avg_genome_length=32.43
2021-12-16 16:23:44.232018 | GENERATION: 82 | ERRORS: best=17, median=23.0, diversity=0.4 | INDIVIDUALS: n=200, avg_genome_length=31.535
2021-12-16 16:23:49.586627 | GENERATION: 83 | ERRORS: best=17, median=23.0, diversity=0.3 | INDIVIDUALS: n=200, avg_genome_length=28.81
2021-12-16 16:23:54.667885 | GENERATION: 84 | ERRORS: best=17, median=23.0, diversity=0.26 | INDIVIDUALS: n=200, avg_genome_length=27.025
2021-12-16 16:23:59.613483 | GENERATION: 85 | ERRORS: best=17, median=24.0, diversity=0.3 | INDIVIDUALS: n=200, avg_genome_length=25.42
2021-12-16 16:24:05.378834 | GENERATION: 86 | ERRORS: best=18, median=24.0, diversity=0.345 | INDIVIDUALS: n=200, avg_genome_length=23.93
2021-12-16 16:24:11.560988 | GENERATION: 87 | ERRORS: best=16, median=24.0, diversity=0.4 | INDIVIDUALS: n=200, avg_genome_length=24.345
2021-12-16 16:24:17.470693 | GENERATION: 88 | ERRORS: best=18, median=23.0, diversity=0.305 | INDIVIDUALS: n=200, avg_genome_length=23.31
2021-12-16 16:24:24.087610 | GENERATION: 89 | ERRORS: best=16, median=24.0, diversity=0.385 | INDIVIDUALS: n=200, avg_genome_length=23.395
2021-12-16 16:24:30.332154 | GENERATION: 90 | ERRORS: best=18, median=23.0, diversity=0.355 | INDIVIDUALS: n=200, avg_genome_length=23.1
2021-12-16 16:24:35.497207 | GENERATION: 91 | ERRORS: best=16, median=23.0, diversity=0.31 | INDIVIDUALS: n=200, avg_genome_length=20.305
2021-12-16 16:24:40.485864 | GENERATION: 92 | ERRORS: best=16, median=23.0, diversity=0.285 | INDIVIDUALS: n=200, avg_genome_length=20.59
2021-12-16 16:24:45.095615 | GENERATION: 93 | ERRORS: best=16, median=23.0, diversity=0.325 | INDIVIDUALS: n=200, avg_genome_length=21.89
2021-12-16 16:24:49.770897 | GENERATION: 94 | ERRORS: best=18, median=23.0, diversity=0.28 | INDIVIDUALS: n=200, avg_genome_length=21.445
2021-12-16 16:24:54.579488 | GENERATION: 95 | ERRORS: best=19, median=23.0, diversity=0.27 | INDIVIDUALS: n=200, avg_genome_length=18.945
2021-12-16 16:24:59.706843 | GENERATION: 96 | ERRORS: best=20, median=24.5, diversity=0.325 | INDIVIDUALS: n=200, avg_genome_length=18.715
2021-12-16 16:25:04.116104 | GENERATION: 97 | ERRORS: best=19, median=26.5, diversity=0.285 | INDIVIDUALS: n=200, avg_genome_length=17.635
2021-12-16 16:25:10.096380 | GENERATION: 98 | ERRORS: best=18, median=25.5, diversity=0.295 | INDIVIDUALS: n=200, avg_genome_length=19.925
2021-12-16 16:25:16.063546 | GENERATION: 99 | ERRORS: best=18, median=23.0, diversity=0.325 | INDIVIDUALS: n=200, avg_genome_length=22.81
2021-12-16 16:25:21.483395 | GENERATION: 100 | ERRORS: best=20, median=23.0, diversity=0.305 | INDIVIDUALS: n=200, avg_genome_length=22.87
2021-12-16 16:25:26.647913 | GENERATION: 101 | ERRORS: best=19, median=24.5, diversity=0.325 | INDIVIDUALS: n=200, avg_genome_length=22.53
2021-12-16 16:25:32.534992 | GENERATION: 102 | ERRORS: best=19, median=23.0, diversity=0.23 | INDIVIDUALS: n=200, avg_genome_length=21.315
2021-12-16 16:25:38.126848 | GENERATION: 103 | ERRORS: best=19, median=23.0, diversity=0.3 | INDIVIDUALS: n=200, avg_genome_length=22.16
2021-12-16 16:25:42.796982 | GENERATION: 104 | ERRORS: best=19, median=23.0, diversity=0.225 | INDIVIDUALS: n=200, avg_genome_length=20.9
2021-12-16 16:25:47.466858 | GENERATION: 105 | ERRORS: best=21, median=23.0, diversity=0.32 | INDIVIDUALS: n=200, avg_genome_length=21.85
2021-12-16 16:25:51.918548 | GENERATION: 106 | ERRORS: best=18, median=25.0, diversity=0.34 | INDIVIDUALS: n=200, avg_genome_length=21.98
2021-12-16 16:25:56.916109 | GENERATION: 107 | ERRORS: best=16, median=23.0, diversity=0.275 | INDIVIDUALS: n=200, avg_genome_length=20.77
2021-12-16 16:26:00.970827 | GENERATION: 108 | ERRORS: best=16, median=23.0, diversity=0.235 | INDIVIDUALS: n=200, avg_genome_length=21.385
2021-12-16 16:26:06.376017 | GENERATION: 109 | ERRORS: best=16, median=23.0, diversity=0.29 | INDIVIDUALS: n=200, avg_genome_length=21.575
2021-12-16 16:26:12.635278 | GENERATION: 110 | ERRORS: best=16, median=23.0, diversity=0.325 | INDIVIDUALS: n=200, avg_genome_length=23.065
2021-12-16 16:26:18.169557 | GENERATION: 111 | ERRORS: best=16, median=23.0, diversity=0.34 | INDIVIDUALS: n=200, avg_genome_length=21.96
2021-12-16 16:26:22.865320 | GENERATION: 112 | ERRORS: best=21, median=24.0, diversity=0.295 | INDIVIDUALS: n=200, avg_genome_length=20.035
2021-12-16 16:26:26.964494 | GENERATION: 113 | ERRORS: best=17, median=31.0, diversity=0.345 | INDIVIDUALS: n=200, avg_genome_length=18.06
2021-12-16 16:26:31.097797 | GENERATION: 114 | ERRORS: best=17, median=32.0, diversity=0.315 | INDIVIDUALS: n=200, avg_genome_length=17.135
2021-12-16 16:26:34.979738 | GENERATION: 115 | ERRORS: best=19, median=40.5, diversity=0.33 | INDIVIDUALS: n=200, avg_genome_length=16.905
2021-12-16 16:26:39.149184 | GENERATION: 116 | ERRORS: best=19, median=24.0, diversity=0.28 | INDIVIDUALS: n=200, avg_genome_length=17.545
2021-12-16 16:26:43.033026 | GENERATION: 117 | ERRORS: best=21, median=46.5, diversity=0.285 | INDIVIDUALS: n=200, avg_genome_length=17.7
2021-12-16 16:26:46.424817 | GENERATION: 118 | ERRORS: best=21, median=45.0, diversity=0.305 | INDIVIDUALS: n=200, avg_genome_length=17.825
2021-12-16 16:26:49.490284 | GENERATION: 119 | ERRORS: best=22, median=28.0, diversity=0.245 | INDIVIDUALS: n=200, avg_genome_length=17.735
2021-12-16 16:26:52.649334 | GENERATION: 120 | ERRORS: best=22, median=42.5, diversity=0.25 | INDIVIDUALS: n=200, avg_genome_length=17.17
2021-12-16 16:26:56.268560 | GENERATION: 121 | ERRORS: best=21, median=45.5, diversity=0.24 | INDIVIDUALS: n=200, avg_genome_length=17.395
2021-12-16 16:27:00.329543 | GENERATION: 122 | ERRORS: best=22, median=69.0, diversity=0.26 | INDIVIDUALS: n=200, avg_genome_length=15.25
2021-12-16 16:27:03.641243 | GENERATION: 123 | ERRORS: best=22, median=45.0, diversity=0.27 | INDIVIDUALS: n=200, avg_genome_length=15.31
2021-12-16 16:27:06.084729 | GENERATION: 124 | ERRORS: best=23, median=62.5, diversity=0.22 | INDIVIDUALS: n=200, avg_genome_length=13.675
2021-12-16 16:27:08.441209 | GENERATION: 125 | ERRORS: best=22, median=33.0, diversity=0.29 | INDIVIDUALS: n=200, avg_genome_length=13.92
2021-12-16 16:27:10.805999 | GENERATION: 126 | ERRORS: best=22, median=77.0, diversity=0.22 | INDIVIDUALS: n=200, avg_genome_length=14.2
2021-12-16 16:27:13.356461 | GENERATION: 127 | ERRORS: best=22, median=77.0, diversity=0.19 | INDIVIDUALS: n=200, avg_genome_length=15.025
2021-12-16 16:27:15.515965 | GENERATION: 128 | ERRORS: best=23, median=37.5, diversity=0.22 | INDIVIDUALS: n=200, avg_genome_length=14.855
2021-12-16 16:27:17.149402 | GENERATION: 129 | ERRORS: best=23, median=77.0, diversity=0.2 | INDIVIDUALS: n=200, avg_genome_length=13.745
2021-12-16 16:27:18.814863 | GENERATION: 130 | ERRORS: best=23, median=70.0, diversity=0.225 | INDIVIDUALS: n=200, avg_genome_length=14.14
2021-12-16 16:27:20.953113 | GENERATION: 131 | ERRORS: best=23, median=77.0, diversity=0.22 | INDIVIDUALS: n=200, avg_genome_length=13.21
2021-12-16 16:27:22.643886 | GENERATION: 132 | ERRORS: best=23, median=77.0, diversity=0.175 | INDIVIDUALS: n=200, avg_genome_length=12.555
2021-12-16 16:27:23.844317 | GENERATION: 133 | ERRORS: best=23, median=100000000.0, diversity=0.175 | INDIVIDUALS: n=200, avg_genome_length=13.585
2021-12-16 16:27:24.998621 | GENERATION: 134 | ERRORS: best=23, median=77.0, diversity=0.13 | INDIVIDUALS: n=200, avg_genome_length=12.515
2021-12-16 16:27:26.266638 | GENERATION: 135 | ERRORS: best=23, median=77.0, diversity=0.11 | INDIVIDUALS: n=200, avg_genome_length=12.33
2021-12-16 16:27:27.247151 | GENERATION: 136 | ERRORS: best=23, median=96500000.5, diversity=0.12 | INDIVIDUALS: n=200, avg_genome_length=11.71
2021-12-16 16:27:29.044714 | GENERATION: 137 | ERRORS: best=23, median=77.0, diversity=0.115 | INDIVIDUALS: n=200, avg_genome_length=11.17
2021-12-16 16:27:29.967647 | GENERATION: 138 | ERRORS: best=23, median=77.0, diversity=0.11 | INDIVIDUALS: n=200, avg_genome_length=10.72
2021-12-16 16:27:30.878326 | GENERATION: 139 | ERRORS: best=23, median=100000000.0, diversity=0.09 | INDIVIDUALS: n=200, avg_genome_length=9.595
2021-12-16 16:27:31.776792 | GENERATION: 140 | ERRORS: best=22, median=100000000.0, diversity=0.105 | INDIVIDUALS: n=200, avg_genome_length=9.605
2021-12-16 16:27:32.753203 | GENERATION: 141 | ERRORS: best=22, median=77.0, diversity=0.105 | INDIVIDUALS: n=200, avg_genome_length=10.385
2021-12-16 16:27:33.714008 | GENERATION: 142 | ERRORS: best=23, median=100000000.0, diversity=0.11 | INDIVIDUALS: n=200, avg_genome_length=9.285
2021-12-16 16:27:34.607247 | GENERATION: 143 | ERRORS: best=23, median=100000000.0, diversity=0.105 | INDIVIDUALS: n=200, avg_genome_length=9.25
2021-12-16 16:27:35.574930 | GENERATION: 144 | ERRORS: best=23, median=77.0, diversity=0.125 | INDIVIDUALS: n=200, avg_genome_length=9.69
2021-12-16 16:27:36.518783 | GENERATION: 145 | ERRORS: best=23, median=77.0, diversity=0.11 | INDIVIDUALS: n=200, avg_genome_length=9.495
2021-12-16 16:27:37.583440 | GENERATION: 146 | ERRORS: best=23, median=100000000.0, diversity=0.135 | INDIVIDUALS: n=200, avg_genome_length=9.12
2021-12-16 16:27:38.496085 | GENERATION: 147 | ERRORS: best=23, median=46000041.0, diversity=0.12 | INDIVIDUALS: n=200, avg_genome_length=9.355
2021-12-16 16:27:39.950394 | GENERATION: 148 | ERRORS: best=23, median=100000000.0, diversity=0.07 | INDIVIDUALS: n=200, avg_genome_length=9.505
2021-12-16 16:27:40.905264 | GENERATION: 149 | ERRORS: best=23, median=77.0, diversity=0.11 | INDIVIDUALS: n=200, avg_genome_length=11.215
2021-12-16 16:27:42.406438 | GENERATION: 150 | ERRORS: best=23, median=67.0, diversity=0.14 | INDIVIDUALS: n=200, avg_genome_length=12.37
2021-12-16 16:27:43.432271 | GENERATION: 151 | ERRORS: best=23, median=55.5, diversity=0.125 | INDIVIDUALS: n=200, avg_genome_length=12.22
2021-12-16 16:27:44.798473 | GENERATION: 152 | ERRORS: best=23, median=77.0, diversity=0.145 | INDIVIDUALS: n=200, avg_genome_length=11.82
2021-12-16 16:27:46.158463 | GENERATION: 153 | ERRORS: best=22, median=77.0, diversity=0.095 | INDIVIDUALS: n=200, avg_genome_length=12.16
2021-12-16 16:27:47.973658 | GENERATION: 154 | ERRORS: best=18, median=33.0, diversity=0.155 | INDIVIDUALS: n=200, avg_genome_length=12.095
2021-12-16 16:27:49.824637 | GENERATION: 155 | ERRORS: best=18, median=70.0, diversity=0.15 | INDIVIDUALS: n=200, avg_genome_length=13.4
2021-12-16 16:27:51.668530 | GENERATION: 156 | ERRORS: best=18, median=70.5, diversity=0.19 | INDIVIDUALS: n=200, avg_genome_length=13.545
2021-12-16 16:27:53.294477 | GENERATION: 157 | ERRORS: best=18, median=77.0, diversity=0.115 | INDIVIDUALS: n=200, avg_genome_length=13.5
2021-12-16 16:27:54.912930 | GENERATION: 158 | ERRORS: best=18, median=69.5, diversity=0.13 | INDIVIDUALS: n=200, avg_genome_length=11.05
2021-12-16 16:27:56.667827 | GENERATION: 159 | ERRORS: best=18, median=77.0, diversity=0.16 | INDIVIDUALS: n=200, avg_genome_length=10.685
2021-12-16 16:27:58.774330 | GENERATION: 160 | ERRORS: best=17, median=12000022.0, diversity=0.135 | INDIVIDUALS: n=200, avg_genome_length=10.05
2021-12-16 16:28:01.070580 | GENERATION: 161 | ERRORS: best=18, median=100000000.0, diversity=0.17 | INDIVIDUALS: n=200, avg_genome_length=9.79
2021-12-16 16:28:02.497044 | GENERATION: 162 | ERRORS: best=18, median=100000000.0, diversity=0.1 | INDIVIDUALS: n=200, avg_genome_length=11.2
2021-12-16 16:28:03.957521 | GENERATION: 163 | ERRORS: best=18, median=100000000.0, diversity=0.115 | INDIVIDUALS: n=200, avg_genome_length=10.62
2021-12-16 16:28:05.598482 | GENERATION: 164 | ERRORS: best=18, median=63.5, diversity=0.15 | INDIVIDUALS: n=200, avg_genome_length=10.615
2021-12-16 16:28:07.026430 | GENERATION: 165 | ERRORS: best=18, median=100000000.0, diversity=0.135 | INDIVIDUALS: n=200, avg_genome_length=10.29
2021-12-16 16:28:08.882931 | GENERATION: 166 | ERRORS: best=18, median=12000022.0, diversity=0.135 | INDIVIDUALS: n=200, avg_genome_length=10.33
2021-12-16 16:28:10.505898 | GENERATION: 167 | ERRORS: best=18, median=75500006.5, diversity=0.16 | INDIVIDUALS: n=200, avg_genome_length=10.545
2021-12-16 16:28:12.389413 | GENERATION: 168 | ERRORS: best=18, median=55.0, diversity=0.17 | INDIVIDUALS: n=200, avg_genome_length=12.275
2021-12-16 16:28:14.338380 | GENERATION: 169 | ERRORS: best=21, median=41.5, diversity=0.16 | INDIVIDUALS: n=200, avg_genome_length=12.415
2021-12-16 16:28:16.824018 | GENERATION: 170 | ERRORS: best=21, median=77.0, diversity=0.195 | INDIVIDUALS: n=200, avg_genome_length=11.265
2021-12-16 16:28:19.268531 | GENERATION: 171 | ERRORS: best=21, median=36500033.0, diversity=0.13 | INDIVIDUALS: n=200, avg_genome_length=10.06
2021-12-16 16:28:21.473161 | GENERATION: 172 | ERRORS: best=21, median=77.0, diversity=0.14 | INDIVIDUALS: n=200, avg_genome_length=10.6
2021-12-16 16:28:24.165257 | GENERATION: 173 | ERRORS: best=21, median=72.0, diversity=0.24 | INDIVIDUALS: n=200, avg_genome_length=10.405
2021-12-16 16:28:26.203437 | GENERATION: 174 | ERRORS: best=22, median=100000000.0, diversity=0.165 | INDIVIDUALS: n=200, avg_genome_length=9.36
2021-12-16 16:28:29.119711 | GENERATION: 175 | ERRORS: best=18, median=69.0, diversity=0.18 | INDIVIDUALS: n=200, avg_genome_length=10.73
2021-12-16 16:28:32.274668 | GENERATION: 176 | ERRORS: best=18, median=65.5, diversity=0.215 | INDIVIDUALS: n=200, avg_genome_length=10.43
2021-12-16 16:28:33.890337 | GENERATION: 177 | ERRORS: best=23, median=73.0, diversity=0.17 | INDIVIDUALS: n=200, avg_genome_length=8.805
2021-12-16 16:28:35.674084 | GENERATION: 178 | ERRORS: best=23, median=77.0, diversity=0.16 | INDIVIDUALS: n=200, avg_genome_length=9.755
2021-12-16 16:28:37.402688 | GENERATION: 179 | ERRORS: best=23, median=77.0, diversity=0.135 | INDIVIDUALS: n=200, avg_genome_length=9.775
2021-12-16 16:28:39.506777 | GENERATION: 180 | ERRORS: best=22, median=43.5, diversity=0.21 | INDIVIDUALS: n=200, avg_genome_length=10.22
2021-12-16 16:28:41.534167 | GENERATION: 181 | ERRORS: best=22, median=42.0, diversity=0.185 | INDIVIDUALS: n=200, avg_genome_length=10.86
2021-12-16 16:28:43.482784 | GENERATION: 182 | ERRORS: best=22, median=55.0, diversity=0.17 | INDIVIDUALS: n=200, avg_genome_length=11.51
2021-12-16 16:28:45.423335 | GENERATION: 183 | ERRORS: best=21, median=60.5, diversity=0.185 | INDIVIDUALS: n=200, avg_genome_length=11.465
2021-12-16 16:28:47.215610 | GENERATION: 184 | ERRORS: best=16, median=59.5, diversity=0.17 | INDIVIDUALS: n=200, avg_genome_length=11.695
2021-12-16 16:28:50.926015 | GENERATION: 185 | ERRORS: best=16, median=77.0, diversity=0.21 | INDIVIDUALS: n=200, avg_genome_length=12.71
2021-12-16 16:28:54.087679 | GENERATION: 186 | ERRORS: best=16, median=55.5, diversity=0.205 | INDIVIDUALS: n=200, avg_genome_length=13.165
2021-12-16 16:28:57.378477 | GENERATION: 187 | ERRORS: best=16, median=73.0, diversity=0.215 | INDIVIDUALS: n=200, avg_genome_length=12.14
2021-12-16 16:29:00.425772 | GENERATION: 188 | ERRORS: best=16, median=100000000.0, diversity=0.205 | INDIVIDUALS: n=200, avg_genome_length=10.48
2021-12-16 16:29:04.415819 | GENERATION: 189 | ERRORS: best=16, median=10000023.0, diversity=0.205 | INDIVIDUALS: n=200, avg_genome_length=10.97
2021-12-16 16:29:08.714979 | GENERATION: 190 | ERRORS: best=16, median=100000000.0, diversity=0.205 | INDIVIDUALS: n=200, avg_genome_length=10.98
2021-12-16 16:29:13.795685 | GENERATION: 191 | ERRORS: best=16, median=12000022.0, diversity=0.195 | INDIVIDUALS: n=200, avg_genome_length=11.82
2021-12-16 16:29:17.950419 | GENERATION: 192 | ERRORS: best=16, median=69500019.0, diversity=0.19 | INDIVIDUALS: n=200, avg_genome_length=12.135
2021-12-16 16:29:24.153280 | GENERATION: 193 | ERRORS: best=16, median=77.0, diversity=0.205 | INDIVIDUALS: n=200, avg_genome_length=13.33
2021-12-16 16:29:30.392143 | GENERATION: 194 | ERRORS: best=16, median=2000049.0, diversity=0.22 | INDIVIDUALS: n=200, avg_genome_length=13.35
2021-12-16 16:29:36.346346 | GENERATION: 195 | ERRORS: best=18, median=68.0, diversity=0.27 | INDIVIDUALS: n=200, avg_genome_length=12.5
2021-12-16 16:29:42.269009 | GENERATION: 196 | ERRORS: best=17, median=8000025.5, diversity=0.23 | INDIVIDUALS: n=200, avg_genome_length=12.3
2021-12-16 16:29:47.956035 | GENERATION: 197 | ERRORS: best=16, median=27.0, diversity=0.245 | INDIVIDUALS: n=200, avg_genome_length=14.29
2021-12-16 16:29:54.596542 | GENERATION: 198 | ERRORS: best=16, median=28.0, diversity=0.245 | INDIVIDUALS: n=200, avg_genome_length=14.1
2021-12-16 16:30:02.012798 | GENERATION: 199 | ERRORS: best=16, median=27.5, diversity=0.275 | INDIVIDUALS: n=200, avg_genome_length=13.975
2021-12-16 16:30:08.792010 | GENERATION: 200 | ERRORS: best=19, median=25.5, diversity=0.3 | INDIVIDUALS: n=200, avg_genome_length=13.895
2021-12-16 16:30:15.226457 | GENERATION: 201 | ERRORS: best=18, median=26.5, diversity=0.245 | INDIVIDUALS: n=200, avg_genome_length=15.105
2021-12-16 16:30:20.824252 | GENERATION: 202 | ERRORS: best=18, median=28.5, diversity=0.285 | INDIVIDUALS: n=200, avg_genome_length=15.35
2021-12-16 16:30:27.513678 | GENERATION: 203 | ERRORS: best=17, median=33.0, diversity=0.275 | INDIVIDUALS: n=200, avg_genome_length=15.33
2021-12-16 16:30:34.009256 | GENERATION: 204 | ERRORS: best=17, median=43.0, diversity=0.295 | INDIVIDUALS: n=200, avg_genome_length=12.89
2021-12-16 16:30:40.430373 | GENERATION: 205 | ERRORS: best=17, median=30.5, diversity=0.22 | INDIVIDUALS: n=200, avg_genome_length=13.55
2021-12-16 16:30:45.017208 | GENERATION: 206 | ERRORS: best=17, median=32.5, diversity=0.225 | INDIVIDUALS: n=200, avg_genome_length=12.85
2021-12-16 16:30:49.501869 | GENERATION: 207 | ERRORS: best=20, median=32.5, diversity=0.245 | INDIVIDUALS: n=200, avg_genome_length=14.135
2021-12-16 16:30:53.108985 | GENERATION: 208 | ERRORS: best=20, median=63.0, diversity=0.145 | INDIVIDUALS: n=200, avg_genome_length=11.955
2021-12-16 16:30:56.482846 | GENERATION: 209 | ERRORS: best=20, median=57500009.0, diversity=0.155 | INDIVIDUALS: n=200, avg_genome_length=11.375
2021-12-16 16:30:59.392208 | GENERATION: 210 | ERRORS: best=20, median=55.0, diversity=0.17 | INDIVIDUALS: n=200, avg_genome_length=9.545
2021-12-16 16:31:02.036197 | GENERATION: 211 | ERRORS: best=18, median=67.5, diversity=0.165 | INDIVIDUALS: n=200, avg_genome_length=9.23
2021-12-16 16:31:04.686915 | GENERATION: 212 | ERRORS: best=22, median=65.0, diversity=0.17 | INDIVIDUALS: n=200, avg_genome_length=9.7
2021-12-16 16:31:06.875981 | GENERATION: 213 | ERRORS: best=22, median=77.0, diversity=0.13 | INDIVIDUALS: n=200, avg_genome_length=10.005
2021-12-16 16:31:08.635186 | GENERATION: 214 | ERRORS: best=22, median=77.0, diversity=0.155 | INDIVIDUALS: n=200, avg_genome_length=11.09
2021-12-16 16:31:10.436369 | GENERATION: 215 | ERRORS: best=22, median=100000000.0, diversity=0.13 | INDIVIDUALS: n=200, avg_genome_length=11.37
2021-12-16 16:31:12.242837 | GENERATION: 216 | ERRORS: best=22, median=100000000.0, diversity=0.15 | INDIVIDUALS: n=200, avg_genome_length=9.56
2021-12-16 16:31:13.788283 | GENERATION: 217 | ERRORS: best=22, median=100000000.0, diversity=0.15 | INDIVIDUALS: n=200, avg_genome_length=8.79
2021-12-16 16:31:15.172716 | GENERATION: 218 | ERRORS: best=22, median=100000000.0, diversity=0.135 | INDIVIDUALS: n=200, avg_genome_length=8.715
2021-12-16 16:31:17.334483 | GENERATION: 219 | ERRORS: best=22, median=6000049.5, diversity=0.19 | INDIVIDUALS: n=200, avg_genome_length=9.33
2021-12-16 16:31:19.436451 | GENERATION: 220 | ERRORS: best=22, median=13000022.5, diversity=0.145 | INDIVIDUALS: n=200, avg_genome_length=10.085
2021-12-16 16:31:20.958641 | GENERATION: 221 | ERRORS: best=22, median=60.5, diversity=0.18 | INDIVIDUALS: n=200, avg_genome_length=12.075
2021-12-16 16:31:22.650149 | GENERATION: 222 | ERRORS: best=22, median=77.0, diversity=0.185 | INDIVIDUALS: n=200, avg_genome_length=12.51
2021-12-16 16:31:24.041804 | GENERATION: 223 | ERRORS: best=11, median=15000018.0, diversity=0.165 | INDIVIDUALS: n=200, avg_genome_length=11.82
2021-12-16 16:31:25.053605 | GENERATION: 224 | ERRORS: best=11, median=77.0, diversity=0.155 | INDIVIDUALS: n=200, avg_genome_length=10.445
2021-12-16 16:31:26.004013 | GENERATION: 225 | ERRORS: best=11, median=50000018.5, diversity=0.16 | INDIVIDUALS: n=200, avg_genome_length=10.335
2021-12-16 16:31:27.422196 | GENERATION: 226 | ERRORS: best=11, median=8000023.0, diversity=0.205 | INDIVIDUALS: n=200, avg_genome_length=10.89
2021-12-16 16:31:28.748969 | GENERATION: 227 | ERRORS: best=11, median=77.0, diversity=0.215 | INDIVIDUALS: n=200, avg_genome_length=11.425
2021-12-16 16:31:30.194063 | GENERATION: 228 | ERRORS: best=11, median=55.5, diversity=0.2 | INDIVIDUALS: n=200, avg_genome_length=11.845
2021-12-16 16:31:31.335403 | GENERATION: 229 | ERRORS: best=11, median=53.0, diversity=0.245 | INDIVIDUALS: n=200, avg_genome_length=11.895
2021-12-16 16:31:32.444556 | GENERATION: 230 | ERRORS: best=11, median=56.5, diversity=0.185 | INDIVIDUALS: n=200, avg_genome_length=11.16
2021-12-16 16:31:33.905812 | GENERATION: 231 | ERRORS: best=11, median=73.0, diversity=0.16 | INDIVIDUALS: n=200, avg_genome_length=10.335
2021-12-16 16:31:35.148811 | GENERATION: 232 | ERRORS: best=11, median=77.0, diversity=0.19 | INDIVIDUALS: n=200, avg_genome_length=9.475
2021-12-16 16:31:36.224640 | GENERATION: 233 | ERRORS: best=11, median=31.0, diversity=0.135 | INDIVIDUALS: n=200, avg_genome_length=11.345
2021-12-16 16:31:37.539509 | GENERATION: 234 | ERRORS: best=11, median=32.0, diversity=0.155 | INDIVIDUALS: n=200, avg_genome_length=11.08
2021-12-16 16:31:38.735733 | GENERATION: 235 | ERRORS: best=11, median=68.5, diversity=0.155 | INDIVIDUALS: n=200, avg_genome_length=10.34
2021-12-16 16:31:39.997870 | GENERATION: 236 | ERRORS: best=11, median=55.0, diversity=0.15 | INDIVIDUALS: n=200, avg_genome_length=10.225
2021-12-16 16:31:41.328291 | GENERATION: 237 | ERRORS: best=11, median=77.0, diversity=0.16 | INDIVIDUALS: n=200, avg_genome_length=11.17
2021-12-16 16:31:42.631990 | GENERATION: 238 | ERRORS: best=11, median=57.5, diversity=0.155 | INDIVIDUALS: n=200, avg_genome_length=12.57
2021-12-16 16:31:43.720770 | GENERATION: 239 | ERRORS: best=11, median=96500001.5, diversity=0.17 | INDIVIDUALS: n=200, avg_genome_length=12.845
2021-12-16 16:31:44.804326 | GENERATION: 240 | ERRORS: best=11, median=77.0, diversity=0.205 | INDIVIDUALS: n=200, avg_genome_length=13.135
2021-12-16 16:31:45.983014 | GENERATION: 241 | ERRORS: best=11, median=67.0, diversity=0.215 | INDIVIDUALS: n=200, avg_genome_length=13.255
2021-12-16 16:31:47.872820 | GENERATION: 242 | ERRORS: best=11, median=8000036.5, diversity=0.165 | INDIVIDUALS: n=200, avg_genome_length=11.415
2021-12-16 16:31:49.017797 | GENERATION: 243 | ERRORS: best=11, median=56500011.5, diversity=0.16 | INDIVIDUALS: n=200, avg_genome_length=10.62
2021-12-16 16:31:49.985608 | GENERATION: 244 | ERRORS: best=11, median=54000012.0, diversity=0.135 | INDIVIDUALS: n=200, avg_genome_length=10.025
2021-12-16 16:31:51.136500 | GENERATION: 245 | ERRORS: best=11, median=77.0, diversity=0.165 | INDIVIDUALS: n=200, avg_genome_length=9.16
2021-12-16 16:31:52.075359 | GENERATION: 246 | ERRORS: best=11, median=77.0, diversity=0.135 | INDIVIDUALS: n=200, avg_genome_length=9.03
2021-12-16 16:31:53.063947 | GENERATION: 247 | ERRORS: best=11, median=77.0, diversity=0.16 | INDIVIDUALS: n=200, avg_genome_length=9.12
2021-12-16 16:31:54.085663 | GENERATION: 248 | ERRORS: best=11, median=100000000.0, diversity=0.115 | INDIVIDUALS: n=200, avg_genome_length=10.205
2021-12-16 16:31:55.098073 | GENERATION: 249 | ERRORS: best=11, median=75.0, diversity=0.135 | INDIVIDUALS: n=200, avg_genome_length=11.05
2021-12-16 16:31:56.575002 | GENERATION: 250 | ERRORS: best=11, median=55.0, diversity=0.15 | INDIVIDUALS: n=200, avg_genome_length=11.61
2021-12-16 16:31:57.770981 | GENERATION: 251 | ERRORS: best=11, median=55.0, diversity=0.175 | INDIVIDUALS: n=200, avg_genome_length=11.965
2021-12-16 16:31:59.027031 | GENERATION: 252 | ERRORS: best=11, median=41.0, diversity=0.21 | INDIVIDUALS: n=200, avg_genome_length=13.27
2021-12-16 16:32:00.906481 | GENERATION: 253 | ERRORS: best=11, median=63.5, diversity=0.21 | INDIVIDUALS: n=200, avg_genome_length=13.625
2021-12-16 16:32:02.131865 | GENERATION: 254 | ERRORS: best=11, median=55.0, diversity=0.165 | INDIVIDUALS: n=200, avg_genome_length=12.215
2021-12-16 16:32:03.554804 | GENERATION: 255 | ERRORS: best=11, median=71.5, diversity=0.21 | INDIVIDUALS: n=200, avg_genome_length=12.725
2021-12-16 16:32:05.221444 | GENERATION: 256 | ERRORS: best=11, median=38.0, diversity=0.205 | INDIVIDUALS: n=200, avg_genome_length=13.035
2021-12-16 16:32:06.677006 | GENERATION: 257 | ERRORS: best=11, median=36.0, diversity=0.2 | INDIVIDUALS: n=200, avg_genome_length=12.53
2021-12-16 16:32:08.160406 | GENERATION: 258 | ERRORS: best=11, median=37.5, diversity=0.22 | INDIVIDUALS: n=200, avg_genome_length=13.215
2021-12-16 16:32:09.538126 | GENERATION: 259 | ERRORS: best=11, median=72.5, diversity=0.225 | INDIVIDUALS: n=200, avg_genome_length=12.8
2021-12-16 16:32:11.410909 | GENERATION: 260 | ERRORS: best=11, median=28.0, diversity=0.22 | INDIVIDUALS: n=200, avg_genome_length=14.18
2021-12-16 16:32:12.934029 | GENERATION: 261 | ERRORS: best=11, median=31.0, diversity=0.245 | INDIVIDUALS: n=200, avg_genome_length=14.345
2021-12-16 16:32:14.193590 | GENERATION: 262 | ERRORS: best=11, median=45.5, diversity=0.225 | INDIVIDUALS: n=200, avg_genome_length=13.565
2021-12-16 16:32:15.535577 | GENERATION: 263 | ERRORS: best=11, median=55.0, diversity=0.19 | INDIVIDUALS: n=200, avg_genome_length=13.335
2021-12-16 16:32:17.047049 | GENERATION: 264 | ERRORS: best=11, median=26.0, diversity=0.19 | INDIVIDUALS: n=200, avg_genome_length=15.055
2021-12-16 16:32:18.388056 | GENERATION: 265 | ERRORS: best=11, median=27.0, diversity=0.21 | INDIVIDUALS: n=200, avg_genome_length=15.155
2021-12-16 16:32:19.776869 | GENERATION: 266 | ERRORS: best=11, median=28.0, diversity=0.23 | INDIVIDUALS: n=200, avg_genome_length=15.545
2021-12-16 16:32:21.156138 | GENERATION: 267 | ERRORS: best=11, median=35.0, diversity=0.235 | INDIVIDUALS: n=200, avg_genome_length=14.975
2021-12-16 16:32:22.545219 | GENERATION: 268 | ERRORS: best=11, median=35.0, diversity=0.225 | INDIVIDUALS: n=200, avg_genome_length=14.43
2021-12-16 16:32:23.722138 | GENERATION: 269 | ERRORS: best=10, median=31.0, diversity=0.18 | INDIVIDUALS: n=200, avg_genome_length=13.525
2021-12-16 16:32:25.461214 | GENERATION: 270 | ERRORS: best=10, median=36.5, diversity=0.26 | INDIVIDUALS: n=200, avg_genome_length=19.73
2021-12-16 16:32:26.990873 | GENERATION: 271 | ERRORS: best=10, median=27.5, diversity=0.38 | INDIVIDUALS: n=200, avg_genome_length=22.83
2021-12-16 16:32:28.635429 | GENERATION: 272 | ERRORS: best=10, median=32.5, diversity=0.27 | INDIVIDUALS: n=200, avg_genome_length=24.2
2021-12-16 16:32:30.696453 | GENERATION: 273 | ERRORS: best=10, median=32.0, diversity=0.29 | INDIVIDUALS: n=200, avg_genome_length=25.19
2021-12-16 16:32:32.963468 | GENERATION: 274 | ERRORS: best=10, median=37.0, diversity=0.265 | INDIVIDUALS: n=200, avg_genome_length=23.125
2021-12-16 16:32:34.998310 | GENERATION: 275 | ERRORS: best=10, median=31.5, diversity=0.335 | INDIVIDUALS: n=200, avg_genome_length=22.915
2021-12-16 16:32:36.925470 | GENERATION: 276 | ERRORS: best=10, median=37.5, diversity=0.3 | INDIVIDUALS: n=200, avg_genome_length=21.595
2021-12-16 16:32:39.103530 | GENERATION: 277 | ERRORS: best=10, median=71.5, diversity=0.255 | INDIVIDUALS: n=200, avg_genome_length=21.58
2021-12-16 16:32:40.404505 | GENERATION: 278 | ERRORS: best=10, median=31.5, diversity=0.29 | INDIVIDUALS: n=200, avg_genome_length=20.145
2021-12-16 16:32:41.961936 | GENERATION: 279 | ERRORS: best=10, median=38.0, diversity=0.25 | INDIVIDUALS: n=200, avg_genome_length=20.465
2021-12-16 16:32:44.141376 | GENERATION: 280 | ERRORS: best=10, median=40.5, diversity=0.245 | INDIVIDUALS: n=200, avg_genome_length=17.7
2021-12-16 16:32:45.949661 | GENERATION: 281 | ERRORS: best=18, median=64.0, diversity=0.19 | INDIVIDUALS: n=200, avg_genome_length=17.255
2021-12-16 16:32:47.039059 | GENERATION: 282 | ERRORS: best=18, median=77.0, diversity=0.22 | INDIVIDUALS: n=200, avg_genome_length=14.38
2021-12-16 16:32:48.641260 | GENERATION: 283 | ERRORS: best=18, median=77.0, diversity=0.24 | INDIVIDUALS: n=200, avg_genome_length=15.825
2021-12-16 16:32:49.977095 | GENERATION: 284 | ERRORS: best=18, median=69.0, diversity=0.175 | INDIVIDUALS: n=200, avg_genome_length=15.05
2021-12-16 16:32:51.288065 | GENERATION: 285 | ERRORS: best=18, median=53.5, diversity=0.29 | INDIVIDUALS: n=200, avg_genome_length=16.665
2021-12-16 16:32:52.821031 | GENERATION: 286 | ERRORS: best=18, median=64.0, diversity=0.21 | INDIVIDUALS: n=200, avg_genome_length=16.06
2021-12-16 16:32:53.921731 | GENERATION: 287 | ERRORS: best=18, median=74.5, diversity=0.185 | INDIVIDUALS: n=200, avg_genome_length=13.935
2021-12-16 16:32:55.187560 | GENERATION: 288 | ERRORS: best=17, median=72.0, diversity=0.26 | INDIVIDUALS: n=200, avg_genome_length=14.5
2021-12-16 16:32:56.684577 | GENERATION: 289 | ERRORS: best=17, median=64.0, diversity=0.275 | INDIVIDUALS: n=200, avg_genome_length=15.655
2021-12-16 16:32:58.060044 | GENERATION: 290 | ERRORS: best=17, median=71.5, diversity=0.225 | INDIVIDUALS: n=200, avg_genome_length=15.355
2021-12-16 16:32:59.577475 | GENERATION: 291 | ERRORS: best=17, median=69.0, diversity=0.23 | INDIVIDUALS: n=200, avg_genome_length=16.075
2021-12-16 16:33:01.447322 | GENERATION: 292 | ERRORS: best=18, median=32.0, diversity=0.27 | INDIVIDUALS: n=200, avg_genome_length=17.565
2021-12-16 16:33:02.924443 | GENERATION: 293 | ERRORS: best=11, median=36.5, diversity=0.235 | INDIVIDUALS: n=200, avg_genome_length=15.72
2021-12-16 16:33:04.863411 | GENERATION: 294 | ERRORS: best=10, median=31.0, diversity=0.27 | INDIVIDUALS: n=200, avg_genome_length=16.215
2021-12-16 16:33:06.639197 | GENERATION: 295 | ERRORS: best=10, median=46.0, diversity=0.24 | INDIVIDUALS: n=200, avg_genome_length=15.805
2021-12-16 16:33:07.900350 | GENERATION: 296 | ERRORS: best=10, median=77.0, diversity=0.225 | INDIVIDUALS: n=200, avg_genome_length=14.64
2021-12-16 16:33:09.836067 | GENERATION: 297 | ERRORS: best=10, median=69.0, diversity=0.2 | INDIVIDUALS: n=200, avg_genome_length=15.325
2021-12-16 16:33:11.648302 | GENERATION: 298 | ERRORS: best=10, median=60.0, diversity=0.23 | INDIVIDUALS: n=200, avg_genome_length=15.25
2021-12-16 16:33:13.137310 | GENERATION: 299 | ERRORS: best=10, median=38.5, diversity=0.22 | INDIVIDUALS: n=200, avg_genome_length=15.88
2021-12-16 16:33:14.923473 | GENERATION: 300 | ERRORS: best=10, median=69.0, diversity=0.21 | INDIVIDUALS: n=200, avg_genome_length=15.4
Simplifying genome of length 30 with total error 10.
Simplified genome by 2 to length 28.
Simplified genome by 2 to length 26.
Simplified genome by 3 to length 23.
Simplified genome by 3 to length 20.
Simplified genome by 1 to length 19.
Simplified genome by 1 to length 18.
Simplified genome by 1 to length 17.
Simplified genome by 2 to length 15.
Simplified genome by 1 to length 14.
Simplified genome by 1 to length 13.
Simplified genome by 2 to length 11.
Simplified genome by 1 to length 10.
Simplified genome by 1 to length 9.
Simplified genome to length 9 and total error 10.
========================================
End Run
========================================
No solution found.
Best Seen Individual
	Genome:
	 pvector([Input(input_index=1), InstructionMeta(name='str_length', code_blocks=0), Input(input_index=2), InstructionMeta(name='str_rest', code_blocks=0), InstructionMeta(name='str_length', code_blocks=0), InstructionMeta(name='int_min', code_blocks=0), Input(input_index=0), InstructionMeta(name='str_length', code_blocks=0), InstructionMeta(name='int_gt', code_blocks=0)])
	Program:
	 (input_1 str_length input_2 str_rest str_length int_min input_0 str_length int_gt)
	Error vector:
	 [0 0 0 0 0 0 0 0 0 0 0 0 0 0 0 0 0 0 0 0 0 0 0 1 0 1 0 0 0 0 0 0 0 0 0 0 0
 0 0 1 0 0 0 0 1 0 0 0 0 0 0 0 0 0 0 0 0 0 0 0 0 0 0 0 0 0 1 0 0 0 0 0 0 0
 0 0 0 0 0 0 0 0 0 0 0 1 1 0 0 0 0 1 0 0 0 0 0 0 1 1]
	Total error:
	 10
	Test error:
	 116
	Time:
	 00:19:56
