Included 22 edge cases.
Included 78 random cases.
Included 100 cases in total.
Finished formatting.
Included 0 edge cases.
Included 1000 random cases.
Included 1000 cases in total.
Finished formatting.
========================================
Setup
========================================
Search Configuration:
signature: ProgramSignature(output_stacks=['bool'], arity=3, push_config=PushConfig(runtime_limit=10, collection_size_cap=1000, growth_cap=500, numeric_magnitude_limit=1000000000000.0, step_limit=600))
evaluator: <pyshgp.gp.evaluation.DatasetEvaluator object at 0x7f98da7546d0>
spawner: <pyshgp.gp.genome.GeneSpawner object at 0x7f98e692ad60>
population_size: 200
max_generations: 300
error_threshold: 0.0
initial_genome_size: (40, 200)
simplification_steps: 500
parallel_context: <pyshgp.gp.search.ParallelContext object at 0x7f98da7543a0>
selection: <pyshgp.utils.DiscreteProbDistrib object at 0x7f98db0cdb00>
variation: <pyshgp.utils.DiscreteProbDistrib object at 0x7f98db0cdc40>
Instructions:
int_add, int_sub, int_mult, int_div, int_mod, int_min, int_max, int_inc, int_dec, int_lt, int_lte, int_gt, int_gte, int_from_bool, str_concat, str_insert_str, str_from_first_char, str_from_last_char, str_from_nth_char, str_contains_str, str_index_of_str, str_split_on_str, str_replace_first_str, str_replace_n_str, str_replace_all_str, str_remove_first_str, str_remove_n_str, str_remove_all_str, str_occurrences_of_str, str_reverse, str_head, str_tail, str_rest, str_but_last, str_drop, str_but_last_n, str_length, str_make_empty, str_is_empty_string, str_remove_nth, str_strip_whitespace, str_from_bool, str_from_int, bool_and, bool_or, bool_not, bool_xor, bool_invert_first_then_and, bool_second_first_then_and, bool_from_int, noop, noop_open, exec_do_range, exec_do_count, exec_while, exec_do_while, exec_if, exec_when, print_bool, println_bool, print_int, println_int, print_str, println_str, print_exec, println_exec, bool_pop, bool_dup, bool_dup_times, bool_swap, bool_rot, bool_flush, bool_eq, bool_stack_depth, bool_yank, bool_yank_dup, bool_shove, bool_shove_dup, bool_is_empty, int_pop, int_dup, int_dup_times, int_swap, int_rot, int_flush, int_eq, int_stack_depth, int_yank, int_yank_dup, int_shove, int_shove_dup, int_is_empty, str_pop, str_dup, str_dup_times, str_swap, str_rot, str_flush, str_eq, str_stack_depth, str_yank, str_yank_dup, str_shove, str_shove_dup, str_is_empty, exec_pop, exec_dup, exec_dup_times, exec_swap, exec_rot, exec_flush, exec_eq, exec_stack_depth, exec_yank, exec_yank_dup, exec_shove, exec_shove_dup, exec_is_empty
Literals:
[]
ERC Generators:
[<function rand_bool at 0x7f98e6930790>]
========================================
Start Run
========================================
2021-12-05 15:42:59.458509 | GENERATION: 1 | ERRORS: best=22, median=100000000.0, diversity=0.015 | INDIVIDUALS: n=200, avg_genome_length=130.94
2021-12-05 15:43:05.203354 | GENERATION: 2 | ERRORS: best=22, median=78.0, diversity=0.07 | INDIVIDUALS: n=200, avg_genome_length=119.085
2021-12-05 15:43:11.634859 | GENERATION: 3 | ERRORS: best=22, median=78.0, diversity=0.14 | INDIVIDUALS: n=200, avg_genome_length=128.715
2021-12-05 15:43:19.943269 | GENERATION: 4 | ERRORS: best=20, median=78.0, diversity=0.2 | INDIVIDUALS: n=200, avg_genome_length=135.205
2021-12-05 15:43:30.617712 | GENERATION: 5 | ERRORS: best=20, median=78.0, diversity=0.345 | INDIVIDUALS: n=200, avg_genome_length=141.605
2021-12-05 15:43:41.338503 | GENERATION: 6 | ERRORS: best=21, median=78.0, diversity=0.39 | INDIVIDUALS: n=200, avg_genome_length=141.955
2021-12-05 15:43:52.504843 | GENERATION: 7 | ERRORS: best=17, median=76.5, diversity=0.495 | INDIVIDUALS: n=200, avg_genome_length=141.09
2021-12-05 15:44:01.636713 | GENERATION: 8 | ERRORS: best=17, median=32.0, diversity=0.41 | INDIVIDUALS: n=200, avg_genome_length=140.47
2021-12-05 15:44:11.950991 | GENERATION: 9 | ERRORS: best=18, median=27.5, diversity=0.445 | INDIVIDUALS: n=200, avg_genome_length=138.525
2021-12-05 15:44:21.735434 | GENERATION: 10 | ERRORS: best=17, median=25.5, diversity=0.365 | INDIVIDUALS: n=200, avg_genome_length=138.03
2021-12-05 15:44:32.730226 | GENERATION: 11 | ERRORS: best=17, median=24.0, diversity=0.38 | INDIVIDUALS: n=200, avg_genome_length=139.745
2021-12-05 15:44:44.139797 | GENERATION: 12 | ERRORS: best=18, median=43.0, diversity=0.485 | INDIVIDUALS: n=200, avg_genome_length=135.815
2021-12-05 15:44:57.686517 | GENERATION: 13 | ERRORS: best=18, median=37.0, diversity=0.485 | INDIVIDUALS: n=200, avg_genome_length=133.39
2021-12-05 15:45:10.667728 | GENERATION: 14 | ERRORS: best=17, median=38.5, diversity=0.485 | INDIVIDUALS: n=200, avg_genome_length=133.705
2021-12-05 15:45:22.414405 | GENERATION: 15 | ERRORS: best=17, median=31.0, diversity=0.51 | INDIVIDUALS: n=200, avg_genome_length=131.635
2021-12-05 15:45:33.484195 | GENERATION: 16 | ERRORS: best=15, median=27.0, diversity=0.475 | INDIVIDUALS: n=200, avg_genome_length=136.515
2021-12-05 15:45:45.247625 | GENERATION: 17 | ERRORS: best=15, median=30.5, diversity=0.505 | INDIVIDUALS: n=200, avg_genome_length=140.38
2021-12-05 15:45:59.432472 | GENERATION: 18 | ERRORS: best=14, median=27.5, diversity=0.52 | INDIVIDUALS: n=200, avg_genome_length=143.28
2021-12-05 15:46:13.696785 | GENERATION: 19 | ERRORS: best=12, median=26.5, diversity=0.535 | INDIVIDUALS: n=200, avg_genome_length=145.655
2021-12-05 15:46:27.448639 | GENERATION: 20 | ERRORS: best=12, median=28.5, diversity=0.555 | INDIVIDUALS: n=200, avg_genome_length=147.12
2021-12-05 15:46:41.979866 | GENERATION: 21 | ERRORS: best=13, median=27.0, diversity=0.575 | INDIVIDUALS: n=200, avg_genome_length=156.915
2021-12-05 15:46:56.733568 | GENERATION: 22 | ERRORS: best=11, median=27.5, diversity=0.555 | INDIVIDUALS: n=200, avg_genome_length=156.055
2021-12-05 15:47:10.589732 | GENERATION: 23 | ERRORS: best=15, median=27.0, diversity=0.52 | INDIVIDUALS: n=200, avg_genome_length=151.575
2021-12-05 15:47:23.146408 | GENERATION: 24 | ERRORS: best=12, median=26.5, diversity=0.575 | INDIVIDUALS: n=200, avg_genome_length=147.62
2021-12-05 15:47:37.036117 | GENERATION: 25 | ERRORS: best=14, median=25.0, diversity=0.64 | INDIVIDUALS: n=200, avg_genome_length=146.745
2021-12-05 15:47:51.340604 | GENERATION: 26 | ERRORS: best=13, median=27.5, diversity=0.555 | INDIVIDUALS: n=200, avg_genome_length=144.93
2021-12-05 15:48:05.946214 | GENERATION: 27 | ERRORS: best=13, median=26.0, diversity=0.63 | INDIVIDUALS: n=200, avg_genome_length=143.78
2021-12-05 15:48:19.395952 | GENERATION: 28 | ERRORS: best=16, median=27.0, diversity=0.52 | INDIVIDUALS: n=200, avg_genome_length=143.87
2021-12-05 15:48:32.621177 | GENERATION: 29 | ERRORS: best=13, median=23.5, diversity=0.465 | INDIVIDUALS: n=200, avg_genome_length=144.05
2021-12-05 15:48:44.355710 | GENERATION: 30 | ERRORS: best=14, median=22.0, diversity=0.43 | INDIVIDUALS: n=200, avg_genome_length=137.235
2021-12-05 15:48:56.450120 | GENERATION: 31 | ERRORS: best=13, median=25.0, diversity=0.49 | INDIVIDUALS: n=200, avg_genome_length=135.51
2021-12-05 15:49:07.443867 | GENERATION: 32 | ERRORS: best=14, median=26.5, diversity=0.51 | INDIVIDUALS: n=200, avg_genome_length=133.195
2021-12-05 15:49:18.850372 | GENERATION: 33 | ERRORS: best=14, median=22.0, diversity=0.47 | INDIVIDUALS: n=200, avg_genome_length=130.58
2021-12-05 15:49:30.817225 | GENERATION: 34 | ERRORS: best=15, median=23.0, diversity=0.515 | INDIVIDUALS: n=200, avg_genome_length=126.815
2021-12-05 15:49:42.187438 | GENERATION: 35 | ERRORS: best=13, median=25.5, diversity=0.515 | INDIVIDUALS: n=200, avg_genome_length=126.395
2021-12-05 15:49:53.810416 | GENERATION: 36 | ERRORS: best=13, median=24.0, diversity=0.55 | INDIVIDUALS: n=200, avg_genome_length=124.84
2021-12-05 15:50:05.585189 | GENERATION: 37 | ERRORS: best=12, median=27.0, diversity=0.59 | INDIVIDUALS: n=200, avg_genome_length=124.79
2021-12-05 15:50:18.443042 | GENERATION: 38 | ERRORS: best=12, median=30.0, diversity=0.59 | INDIVIDUALS: n=200, avg_genome_length=123.305
2021-12-05 15:50:29.798427 | GENERATION: 39 | ERRORS: best=12, median=35.0, diversity=0.605 | INDIVIDUALS: n=200, avg_genome_length=122.785
2021-12-05 15:50:41.786051 | GENERATION: 40 | ERRORS: best=14, median=34.0, diversity=0.585 | INDIVIDUALS: n=200, avg_genome_length=120.185
2021-12-05 15:50:53.721374 | GENERATION: 41 | ERRORS: best=12, median=29.0, diversity=0.555 | INDIVIDUALS: n=200, avg_genome_length=121.315
2021-12-05 15:51:07.244422 | GENERATION: 42 | ERRORS: best=13, median=33.0, diversity=0.63 | INDIVIDUALS: n=200, avg_genome_length=118.005
2021-12-05 15:51:20.392255 | GENERATION: 43 | ERRORS: best=12, median=39.0, diversity=0.665 | INDIVIDUALS: n=200, avg_genome_length=120.43
2021-12-05 15:51:33.552549 | GENERATION: 44 | ERRORS: best=12, median=35.0, diversity=0.625 | INDIVIDUALS: n=200, avg_genome_length=117.465
2021-12-05 15:51:47.559542 | GENERATION: 45 | ERRORS: best=13, median=31.0, diversity=0.655 | INDIVIDUALS: n=200, avg_genome_length=115.405
2021-12-05 15:52:00.437906 | GENERATION: 46 | ERRORS: best=15, median=31.0, diversity=0.615 | INDIVIDUALS: n=200, avg_genome_length=111.57
2021-12-05 15:52:12.853183 | GENERATION: 47 | ERRORS: best=15, median=30.0, diversity=0.535 | INDIVIDUALS: n=200, avg_genome_length=107.195
2021-12-05 15:52:25.792888 | GENERATION: 48 | ERRORS: best=12, median=39.5, diversity=0.655 | INDIVIDUALS: n=200, avg_genome_length=106.015
2021-12-05 15:52:38.631780 | GENERATION: 49 | ERRORS: best=12, median=34.5, diversity=0.6 | INDIVIDUALS: n=200, avg_genome_length=103.995
2021-12-05 15:52:50.875789 | GENERATION: 50 | ERRORS: best=13, median=30.5, diversity=0.56 | INDIVIDUALS: n=200, avg_genome_length=104.535
2021-12-05 15:53:02.782007 | GENERATION: 51 | ERRORS: best=13, median=42.0, diversity=0.505 | INDIVIDUALS: n=200, avg_genome_length=100.04
2021-12-05 15:53:15.407472 | GENERATION: 52 | ERRORS: best=13, median=35.5, diversity=0.54 | INDIVIDUALS: n=200, avg_genome_length=100.53
2021-12-05 15:53:27.489792 | GENERATION: 53 | ERRORS: best=13, median=53.0, diversity=0.555 | INDIVIDUALS: n=200, avg_genome_length=99.165
2021-12-05 15:53:39.019421 | GENERATION: 54 | ERRORS: best=13, median=32.0, diversity=0.545 | INDIVIDUALS: n=200, avg_genome_length=96.31
2021-12-05 15:53:50.620141 | GENERATION: 55 | ERRORS: best=13, median=30.5, diversity=0.495 | INDIVIDUALS: n=200, avg_genome_length=94.71
2021-12-05 15:54:04.519885 | GENERATION: 56 | ERRORS: best=13, median=31.5, diversity=0.555 | INDIVIDUALS: n=200, avg_genome_length=98.695
2021-12-05 15:54:18.024388 | GENERATION: 57 | ERRORS: best=13, median=40.0, diversity=0.555 | INDIVIDUALS: n=200, avg_genome_length=96.935
2021-12-05 15:54:31.632623 | GENERATION: 58 | ERRORS: best=12, median=30.0, diversity=0.575 | INDIVIDUALS: n=200, avg_genome_length=94.87
2021-12-05 15:54:45.328744 | GENERATION: 59 | ERRORS: best=13, median=33.5, diversity=0.59 | INDIVIDUALS: n=200, avg_genome_length=87.94
2021-12-05 15:54:58.474164 | GENERATION: 60 | ERRORS: best=13, median=37.0, diversity=0.635 | INDIVIDUALS: n=200, avg_genome_length=84.555
2021-12-05 15:55:09.645442 | GENERATION: 61 | ERRORS: best=9, median=31.0, diversity=0.555 | INDIVIDUALS: n=200, avg_genome_length=76.915
2021-12-05 15:55:20.787953 | GENERATION: 62 | ERRORS: best=9, median=37.5, diversity=0.615 | INDIVIDUALS: n=200, avg_genome_length=72.815
2021-12-05 15:55:31.865013 | GENERATION: 63 | ERRORS: best=11, median=29.0, diversity=0.59 | INDIVIDUALS: n=200, avg_genome_length=67.42
2021-12-05 15:55:43.091850 | GENERATION: 64 | ERRORS: best=11, median=28.5, diversity=0.62 | INDIVIDUALS: n=200, avg_genome_length=63.405
2021-12-05 15:55:56.460917 | GENERATION: 65 | ERRORS: best=11, median=31.5, diversity=0.605 | INDIVIDUALS: n=200, avg_genome_length=65.67
2021-12-05 15:56:08.541392 | GENERATION: 66 | ERRORS: best=15, median=25.0, diversity=0.605 | INDIVIDUALS: n=200, avg_genome_length=60.21
2021-12-05 15:56:20.422872 | GENERATION: 67 | ERRORS: best=12, median=27.0, diversity=0.64 | INDIVIDUALS: n=200, avg_genome_length=56.86
2021-12-05 15:56:31.988680 | GENERATION: 68 | ERRORS: best=12, median=27.5, diversity=0.685 | INDIVIDUALS: n=200, avg_genome_length=57.625
2021-12-05 15:56:41.230653 | GENERATION: 69 | ERRORS: best=14, median=35.0, diversity=0.585 | INDIVIDUALS: n=200, avg_genome_length=56.56
2021-12-05 15:56:51.579492 | GENERATION: 70 | ERRORS: best=10, median=31.0, diversity=0.55 | INDIVIDUALS: n=200, avg_genome_length=57.76
2021-12-05 15:57:02.372720 | GENERATION: 71 | ERRORS: best=9, median=26.5, diversity=0.54 | INDIVIDUALS: n=200, avg_genome_length=57.665
2021-12-05 15:57:11.327546 | GENERATION: 72 | ERRORS: best=9, median=25.0, diversity=0.54 | INDIVIDUALS: n=200, avg_genome_length=53.315
2021-12-05 15:57:19.489697 | GENERATION: 73 | ERRORS: best=9, median=23.0, diversity=0.465 | INDIVIDUALS: n=200, avg_genome_length=50.91
2021-12-05 15:57:28.524999 | GENERATION: 74 | ERRORS: best=12, median=22.0, diversity=0.495 | INDIVIDUALS: n=200, avg_genome_length=53.61
2021-12-05 15:57:37.978680 | GENERATION: 75 | ERRORS: best=11, median=22.0, diversity=0.53 | INDIVIDUALS: n=200, avg_genome_length=54.915
2021-12-05 15:57:47.231689 | GENERATION: 76 | ERRORS: best=10, median=22.0, diversity=0.455 | INDIVIDUALS: n=200, avg_genome_length=52.375
2021-12-05 15:57:57.207520 | GENERATION: 77 | ERRORS: best=10, median=22.0, diversity=0.42 | INDIVIDUALS: n=200, avg_genome_length=50.955
2021-12-05 15:58:06.341864 | GENERATION: 78 | ERRORS: best=11, median=22.0, diversity=0.39 | INDIVIDUALS: n=200, avg_genome_length=48.65
2021-12-05 15:58:14.331663 | GENERATION: 79 | ERRORS: best=11, median=22.0, diversity=0.415 | INDIVIDUALS: n=200, avg_genome_length=47.195
2021-12-05 15:58:23.190601 | GENERATION: 80 | ERRORS: best=11, median=24.0, diversity=0.46 | INDIVIDUALS: n=200, avg_genome_length=45.085
2021-12-05 15:58:32.005985 | GENERATION: 81 | ERRORS: best=11, median=24.0, diversity=0.51 | INDIVIDUALS: n=200, avg_genome_length=46.655
2021-12-05 15:58:40.866959 | GENERATION: 82 | ERRORS: best=10, median=22.0, diversity=0.51 | INDIVIDUALS: n=200, avg_genome_length=47.36
2021-12-05 15:58:50.971322 | GENERATION: 83 | ERRORS: best=10, median=25.0, diversity=0.58 | INDIVIDUALS: n=200, avg_genome_length=47.18
2021-12-05 15:58:59.114169 | GENERATION: 84 | ERRORS: best=9, median=22.5, diversity=0.56 | INDIVIDUALS: n=200, avg_genome_length=45.585
2021-12-05 15:59:07.609340 | GENERATION: 85 | ERRORS: best=11, median=26.0, diversity=0.57 | INDIVIDUALS: n=200, avg_genome_length=45.835
2021-12-05 15:59:16.596406 | GENERATION: 86 | ERRORS: best=11, median=24.0, diversity=0.525 | INDIVIDUALS: n=200, avg_genome_length=44.245
2021-12-05 15:59:25.902030 | GENERATION: 87 | ERRORS: best=10, median=24.0, diversity=0.56 | INDIVIDUALS: n=200, avg_genome_length=43.3
2021-12-05 15:59:35.215250 | GENERATION: 88 | ERRORS: best=11, median=24.0, diversity=0.535 | INDIVIDUALS: n=200, avg_genome_length=42.245
2021-12-05 15:59:44.441046 | GENERATION: 89 | ERRORS: best=12, median=25.0, diversity=0.54 | INDIVIDUALS: n=200, avg_genome_length=42.285
2021-12-05 15:59:54.219881 | GENERATION: 90 | ERRORS: best=11, median=25.0, diversity=0.55 | INDIVIDUALS: n=200, avg_genome_length=43.435
2021-12-05 16:00:05.677276 | GENERATION: 91 | ERRORS: best=11, median=27.0, diversity=0.52 | INDIVIDUALS: n=200, avg_genome_length=43.205
2021-12-05 16:00:14.779654 | GENERATION: 92 | ERRORS: best=11, median=27.0, diversity=0.565 | INDIVIDUALS: n=200, avg_genome_length=45.59
2021-12-05 16:00:24.446174 | GENERATION: 93 | ERRORS: best=11, median=27.0, diversity=0.565 | INDIVIDUALS: n=200, avg_genome_length=46.245
2021-12-05 16:00:32.967545 | GENERATION: 94 | ERRORS: best=11, median=26.0, diversity=0.575 | INDIVIDUALS: n=200, avg_genome_length=45.565
2021-12-05 16:00:41.879068 | GENERATION: 95 | ERRORS: best=11, median=28.5, diversity=0.595 | INDIVIDUALS: n=200, avg_genome_length=45.69
2021-12-05 16:00:49.971366 | GENERATION: 96 | ERRORS: best=10, median=27.0, diversity=0.505 | INDIVIDUALS: n=200, avg_genome_length=46.0
2021-12-05 16:00:59.443910 | GENERATION: 97 | ERRORS: best=11, median=27.0, diversity=0.595 | INDIVIDUALS: n=200, avg_genome_length=47.455
2021-12-05 16:01:09.223300 | GENERATION: 98 | ERRORS: best=9, median=27.0, diversity=0.56 | INDIVIDUALS: n=200, avg_genome_length=48.55
2021-12-05 16:01:20.385439 | GENERATION: 99 | ERRORS: best=11, median=30.0, diversity=0.65 | INDIVIDUALS: n=200, avg_genome_length=50.125
2021-12-05 16:01:30.548144 | GENERATION: 100 | ERRORS: best=11, median=35.0, diversity=0.665 | INDIVIDUALS: n=200, avg_genome_length=49.675
2021-12-05 16:01:40.014648 | GENERATION: 101 | ERRORS: best=11, median=37.5, diversity=0.66 | INDIVIDUALS: n=200, avg_genome_length=47.61
2021-12-05 16:01:49.258125 | GENERATION: 102 | ERRORS: best=10, median=32.5, diversity=0.6 | INDIVIDUALS: n=200, avg_genome_length=45.72
2021-12-05 16:01:58.733415 | GENERATION: 103 | ERRORS: best=11, median=26.5, diversity=0.63 | INDIVIDUALS: n=200, avg_genome_length=45.365
2021-12-05 16:02:06.927158 | GENERATION: 104 | ERRORS: best=11, median=32.0, diversity=0.58 | INDIVIDUALS: n=200, avg_genome_length=45.365
2021-12-05 16:02:16.702042 | GENERATION: 105 | ERRORS: best=11, median=26.5, diversity=0.56 | INDIVIDUALS: n=200, avg_genome_length=45.495
2021-12-05 16:02:24.522916 | GENERATION: 106 | ERRORS: best=11, median=31.0, diversity=0.61 | INDIVIDUALS: n=200, avg_genome_length=45.04
2021-12-05 16:02:31.572836 | GENERATION: 107 | ERRORS: best=12, median=27.0, diversity=0.53 | INDIVIDUALS: n=200, avg_genome_length=44.845
2021-12-05 16:02:38.201774 | GENERATION: 108 | ERRORS: best=12, median=31.0, diversity=0.485 | INDIVIDUALS: n=200, avg_genome_length=47.315
2021-12-05 16:02:45.277162 | GENERATION: 109 | ERRORS: best=11, median=29.0, diversity=0.54 | INDIVIDUALS: n=200, avg_genome_length=46.75
2021-12-05 16:02:52.578858 | GENERATION: 110 | ERRORS: best=11, median=26.0, diversity=0.48 | INDIVIDUALS: n=200, avg_genome_length=46.33
2021-12-05 16:02:57.822975 | GENERATION: 111 | ERRORS: best=11, median=26.0, diversity=0.575 | INDIVIDUALS: n=200, avg_genome_length=44.475
2021-12-05 16:03:02.588489 | GENERATION: 112 | ERRORS: best=11, median=27.0, diversity=0.54 | INDIVIDUALS: n=200, avg_genome_length=41.97
2021-12-05 16:03:07.234130 | GENERATION: 113 | ERRORS: best=11, median=30.0, diversity=0.53 | INDIVIDUALS: n=200, avg_genome_length=42.14
2021-12-05 16:03:11.691445 | GENERATION: 114 | ERRORS: best=11, median=25.0, diversity=0.505 | INDIVIDUALS: n=200, avg_genome_length=40.365
2021-12-05 16:03:15.877948 | GENERATION: 115 | ERRORS: best=11, median=22.5, diversity=0.46 | INDIVIDUALS: n=200, avg_genome_length=42.305
2021-12-05 16:03:19.663793 | GENERATION: 116 | ERRORS: best=11, median=23.0, diversity=0.52 | INDIVIDUALS: n=200, avg_genome_length=41.91
2021-12-05 16:03:23.673609 | GENERATION: 117 | ERRORS: best=11, median=26.0, diversity=0.48 | INDIVIDUALS: n=200, avg_genome_length=41.215
2021-12-05 16:03:27.773316 | GENERATION: 118 | ERRORS: best=9, median=26.5, diversity=0.49 | INDIVIDUALS: n=200, avg_genome_length=40.195
2021-12-05 16:03:31.389298 | GENERATION: 119 | ERRORS: best=11, median=28.0, diversity=0.505 | INDIVIDUALS: n=200, avg_genome_length=38.81
2021-12-05 16:03:35.615494 | GENERATION: 120 | ERRORS: best=11, median=22.0, diversity=0.41 | INDIVIDUALS: n=200, avg_genome_length=39.77
2021-12-05 16:03:39.334728 | GENERATION: 121 | ERRORS: best=11, median=23.5, diversity=0.485 | INDIVIDUALS: n=200, avg_genome_length=40.495
2021-12-05 16:03:42.759812 | GENERATION: 122 | ERRORS: best=11, median=32.0, diversity=0.465 | INDIVIDUALS: n=200, avg_genome_length=38.735
2021-12-05 16:03:45.747728 | GENERATION: 123 | ERRORS: best=11, median=29.0, diversity=0.535 | INDIVIDUALS: n=200, avg_genome_length=39.545
2021-12-05 16:03:49.865693 | GENERATION: 124 | ERRORS: best=12, median=28.0, diversity=0.515 | INDIVIDUALS: n=200, avg_genome_length=36.745
2021-12-05 16:03:53.902398 | GENERATION: 125 | ERRORS: best=11, median=29.5, diversity=0.45 | INDIVIDUALS: n=200, avg_genome_length=36.325
2021-12-05 16:03:57.989716 | GENERATION: 126 | ERRORS: best=11, median=27.0, diversity=0.44 | INDIVIDUALS: n=200, avg_genome_length=36.24
2021-12-05 16:04:01.027763 | GENERATION: 127 | ERRORS: best=11, median=37.5, diversity=0.575 | INDIVIDUALS: n=200, avg_genome_length=34.45
2021-12-05 16:04:03.879258 | GENERATION: 128 | ERRORS: best=6, median=32.0, diversity=0.565 | INDIVIDUALS: n=200, avg_genome_length=32.83
2021-12-05 16:04:06.470316 | GENERATION: 129 | ERRORS: best=6, median=51.0, diversity=0.465 | INDIVIDUALS: n=200, avg_genome_length=28.26
2021-12-05 16:04:09.511487 | GENERATION: 130 | ERRORS: best=6, median=78.0, diversity=0.465 | INDIVIDUALS: n=200, avg_genome_length=26.635
2021-12-05 16:04:12.049069 | GENERATION: 131 | ERRORS: best=3, median=9000020.0, diversity=0.36 | INDIVIDUALS: n=200, avg_genome_length=25.345
2021-12-05 16:04:14.963903 | GENERATION: 132 | ERRORS: best=3, median=48.5, diversity=0.36 | INDIVIDUALS: n=200, avg_genome_length=25.595
2021-12-05 16:04:18.009428 | GENERATION: 133 | ERRORS: best=3, median=28.0, diversity=0.35 | INDIVIDUALS: n=200, avg_genome_length=25.845
2021-12-05 16:04:20.905278 | GENERATION: 134 | ERRORS: best=2, median=28.0, diversity=0.355 | INDIVIDUALS: n=200, avg_genome_length=26.62
2021-12-05 16:04:23.174825 | GENERATION: 135 | ERRORS: best=2, median=23.0, diversity=0.315 | INDIVIDUALS: n=200, avg_genome_length=24.79
2021-12-05 16:04:25.334931 | GENERATION: 136 | ERRORS: best=2, median=28.0, diversity=0.305 | INDIVIDUALS: n=200, avg_genome_length=23.225
2021-12-05 16:04:27.192006 | GENERATION: 137 | ERRORS: best=2, median=78.0, diversity=0.275 | INDIVIDUALS: n=200, avg_genome_length=21.475
2021-12-05 16:04:29.024442 | GENERATION: 138 | ERRORS: best=2, median=78.0, diversity=0.25 | INDIVIDUALS: n=200, avg_genome_length=20.425
2021-12-05 16:04:31.022014 | GENERATION: 139 | ERRORS: best=2, median=78.0, diversity=0.32 | INDIVIDUALS: n=200, avg_genome_length=19.825
2021-12-05 16:04:32.989660 | GENERATION: 140 | ERRORS: best=2, median=78.0, diversity=0.29 | INDIVIDUALS: n=200, avg_genome_length=19.175
2021-12-05 16:04:34.763937 | GENERATION: 141 | ERRORS: best=2, median=78.0, diversity=0.23 | INDIVIDUALS: n=200, avg_genome_length=17.76
2021-12-05 16:04:36.715727 | GENERATION: 142 | ERRORS: best=2, median=68.5, diversity=0.245 | INDIVIDUALS: n=200, avg_genome_length=18.05
2021-12-05 16:04:38.684701 | GENERATION: 143 | ERRORS: best=2, median=27.0, diversity=0.165 | INDIVIDUALS: n=200, avg_genome_length=17.35
2021-12-05 16:04:41.116404 | GENERATION: 144 | ERRORS: best=2, median=28.0, diversity=0.2 | INDIVIDUALS: n=200, avg_genome_length=17.98
2021-12-05 16:04:43.057411 | GENERATION: 145 | ERRORS: best=2, median=28.0, diversity=0.195 | INDIVIDUALS: n=200, avg_genome_length=17.33
2021-12-05 16:04:45.682093 | GENERATION: 146 | ERRORS: best=2, median=30.5, diversity=0.205 | INDIVIDUALS: n=200, avg_genome_length=20.4
Simplifying genome of length 26 with total error 0.
Simplified genome by 1 to length 25.
Simplified genome by 1 to length 24.
Simplified genome by 1 to length 23.
Simplified genome by 2 to length 21.
Simplified genome by 1 to length 20.
Simplified genome to length 20 and total error 0.
========================================
End Run
========================================
Solution found.
Best Seen Individual
	Genome:
	 pvector([Input(input_index=1), InstructionMeta(name='str_length', code_blocks=0), Input(input_index=1), Input(input_index=2), InstructionMeta(name='str_length', code_blocks=0), InstructionMeta(name='str_length', code_blocks=0), InstructionMeta(name='exec_stack_depth', code_blocks=0), InstructionMeta(name='exec_shove', code_blocks=1), InstructionMeta(name='str_length', code_blocks=0), InstructionMeta(name='bool_and', code_blocks=0), InstructionMeta(name='exec_do_range', code_blocks=1), InstructionMeta(name='bool_second_first_then_and', code_blocks=0), Input(input_index=0), InstructionMeta(name='str_length', code_blocks=0), InstructionMeta(name='int_gt', code_blocks=0), Closer(), Closer(), Input(input_index=2), InstructionMeta(name='str_head', code_blocks=0), InstructionMeta(name='exec_yank_dup', code_blocks=0)])
	Program:
	 (input_1 str_length input_1 input_2 str_length str_length exec_stack_depth exec_shove (str_length bool_and exec_do_range (bool_second_first_then_and input_0 str_length int_gt)) input_2 str_head exec_yank_dup)
	Error vector:
	 [0 0 0 0 0 0 0 0 0 0 0 0 0 0 0 0 0 0 0 0 0 0 0 0 0 0 0 0 0 0 0 0 0 0 0 0 0
 0 0 0 0 0 0 0 0 0 0 0 0 0 0 0 0 0 0 0 0 0 0 0 0 0 0 0 0 0 0 0 0 0 0 0 0 0
 0 0 0 0 0 0 0 0 0 0 0 0 0 0 0 0 0 0 0 0 0 0 0 0 0 0]
	Total error:
	 0
	Test error:
	 13
	Time:
	 00:23:14
