Included 22 edge cases.
Included 78 random cases.
Included 100 cases in total.
Finished formatting.
Included 0 edge cases.
Included 1000 random cases.
Included 1000 cases in total.
Finished formatting.
========================================
Setup
========================================
Search Configuration:
signature: ProgramSignature(output_stacks=['bool'], arity=3, push_config=PushConfig(numeric_magnitude_limit=1000000000000.0, runtime_limit=10, step_limit=600, collection_size_cap=1000, growth_cap=500))
evaluator: <pyshgp.gp.evaluation.DatasetEvaluator object at 0x7f4cbadcf4f0>
spawner: <pyshgp.gp.genome.GeneSpawner object at 0x7f4cbadcfdf0>
population_size: 200
max_generations: 300
error_threshold: 0.0
initial_genome_size: (40, 200)
simplification_steps: 500
parallel_context: <pyshgp.gp.search.ParallelContext object at 0x7f4caebb4520>
selection: <pyshgp.utils.DiscreteProbDistrib object at 0x7f4cae078180>
variation: <pyshgp.utils.DiscreteProbDistrib object at 0x7f4cae078580>
Instructions:
int_add, int_sub, int_mult, int_div, int_mod, int_min, int_max, int_inc, int_dec, int_lt, int_lte, int_gt, int_gte, int_from_bool, str_concat, str_insert_str, str_from_first_char, str_from_last_char, str_from_nth_char, str_contains_str, str_index_of_str, str_split_on_str, str_replace_first_str, str_replace_n_str, str_replace_all_str, str_remove_first_str, str_remove_n_str, str_remove_all_str, str_occurrences_of_str, str_reverse, str_head, str_tail, str_rest, str_but_last, str_drop, str_but_last_n, str_length, str_make_empty, str_is_empty_string, str_remove_nth, str_strip_whitespace, str_from_bool, str_from_int, bool_and, bool_or, bool_not, bool_xor, bool_invert_first_then_and, bool_second_first_then_and, bool_from_int, noop, noop_open, exec_do_range, exec_do_count, exec_while, exec_do_while, exec_if, exec_when, print_bool, println_bool, print_int, println_int, print_str, println_str, print_exec, println_exec, bool_pop, bool_dup, bool_dup_times, bool_swap, bool_rot, bool_flush, bool_eq, bool_stack_depth, bool_yank, bool_yank_dup, bool_shove, bool_shove_dup, bool_is_empty, int_pop, int_dup, int_dup_times, int_swap, int_rot, int_flush, int_eq, int_stack_depth, int_yank, int_yank_dup, int_shove, int_shove_dup, int_is_empty, str_pop, str_dup, str_dup_times, str_swap, str_rot, str_flush, str_eq, str_stack_depth, str_yank, str_yank_dup, str_shove, str_shove_dup, str_is_empty, exec_pop, exec_dup, exec_dup_times, exec_swap, exec_rot, exec_flush, exec_eq, exec_stack_depth, exec_yank, exec_yank_dup, exec_shove, exec_shove_dup, exec_is_empty
Literals:
[]
ERC Generators:
[<function rand_bool at 0x7f4caf6c31f0>]
========================================
Start Run
========================================
2021-12-17 21:25:26.745800 | GENERATION: 1 | ERRORS: best=24, median=76.0, diversity=0.02 | INDIVIDUALS: n=200, avg_genome_length=126.23 | VIRUSES: gene_rate=0.000
2021-12-17 21:25:31.509526 | GENERATION: 2 | ERRORS: best=24, median=76.0, diversity=0.075 | INDIVIDUALS: n=200, avg_genome_length=140.545 | VIRUSES: gene_rate=0.006
2021-12-17 21:25:38.407044 | GENERATION: 3 | ERRORS: best=19, median=46.5, diversity=0.215 | INDIVIDUALS: n=200, avg_genome_length=116.645 | VIRUSES: gene_rate=0.016
2021-12-17 21:25:46.529307 | GENERATION: 4 | ERRORS: best=16, median=68.5, diversity=0.455 | INDIVIDUALS: n=200, avg_genome_length=111.095 | VIRUSES: gene_rate=0.026
2021-12-17 21:25:54.554728 | GENERATION: 5 | ERRORS: best=16, median=61.0, diversity=0.475 | INDIVIDUALS: n=200, avg_genome_length=96.325 | VIRUSES: gene_rate=0.037
2021-12-17 21:26:01.377954 | GENERATION: 6 | ERRORS: best=17, median=65.0, diversity=0.41 | INDIVIDUALS: n=200, avg_genome_length=72.355 | VIRUSES: gene_rate=0.059
2021-12-17 21:26:08.732392 | GENERATION: 7 | ERRORS: best=17, median=72.0, diversity=0.445 | INDIVIDUALS: n=200, avg_genome_length=71.16 | VIRUSES: gene_rate=0.076
2021-12-17 21:26:15.569948 | GENERATION: 8 | ERRORS: best=17, median=56.5, diversity=0.465 | INDIVIDUALS: n=200, avg_genome_length=71.845 | VIRUSES: gene_rate=0.087
2021-12-17 21:26:21.607842 | GENERATION: 9 | ERRORS: best=17, median=44.5, diversity=0.41 | INDIVIDUALS: n=200, avg_genome_length=68.425 | VIRUSES: gene_rate=0.091
2021-12-17 21:26:28.390270 | GENERATION: 10 | ERRORS: best=17, median=64.5, diversity=0.54 | INDIVIDUALS: n=200, avg_genome_length=67.215 | VIRUSES: gene_rate=0.089
2021-12-17 21:26:34.204865 | GENERATION: 11 | ERRORS: best=17, median=59.5, diversity=0.51 | INDIVIDUALS: n=200, avg_genome_length=65.445 | VIRUSES: gene_rate=0.088
2021-12-17 21:26:39.581625 | GENERATION: 12 | ERRORS: best=17, median=53.5, diversity=0.585 | INDIVIDUALS: n=200, avg_genome_length=62.545 | VIRUSES: gene_rate=0.096
2021-12-17 21:26:43.828340 | GENERATION: 13 | ERRORS: best=18, median=59.0, diversity=0.595 | INDIVIDUALS: n=200, avg_genome_length=63.36 | VIRUSES: gene_rate=0.110
2021-12-17 21:26:48.745452 | GENERATION: 14 | ERRORS: best=17, median=45.0, diversity=0.53 | INDIVIDUALS: n=200, avg_genome_length=62.24 | VIRUSES: gene_rate=0.118
2021-12-17 21:26:53.987648 | GENERATION: 15 | ERRORS: best=16, median=39.0, diversity=0.565 | INDIVIDUALS: n=200, avg_genome_length=60.375 | VIRUSES: gene_rate=0.129
2021-12-17 21:26:59.490305 | GENERATION: 16 | ERRORS: best=16, median=50.5, diversity=0.575 | INDIVIDUALS: n=200, avg_genome_length=58.665 | VIRUSES: gene_rate=0.144
2021-12-17 21:27:04.950244 | GENERATION: 17 | ERRORS: best=14, median=35.5, diversity=0.525 | INDIVIDUALS: n=200, avg_genome_length=55.17 | VIRUSES: gene_rate=0.158
2021-12-17 21:27:10.011636 | GENERATION: 18 | ERRORS: best=11, median=52.0, diversity=0.58 | INDIVIDUALS: n=200, avg_genome_length=52.43 | VIRUSES: gene_rate=0.158
2021-12-17 21:27:15.091433 | GENERATION: 19 | ERRORS: best=11, median=55.0, diversity=0.55 | INDIVIDUALS: n=200, avg_genome_length=49.985 | VIRUSES: gene_rate=0.157
2021-12-17 21:27:20.555013 | GENERATION: 20 | ERRORS: best=11, median=40.5, diversity=0.515 | INDIVIDUALS: n=200, avg_genome_length=48.745 | VIRUSES: gene_rate=0.160
2021-12-17 21:27:25.809251 | GENERATION: 21 | ERRORS: best=11, median=56.5, diversity=0.595 | INDIVIDUALS: n=200, avg_genome_length=44.295 | VIRUSES: gene_rate=0.161
2021-12-17 21:27:31.278923 | GENERATION: 22 | ERRORS: best=11, median=51.0, diversity=0.585 | INDIVIDUALS: n=200, avg_genome_length=43.265 | VIRUSES: gene_rate=0.164
2021-12-17 21:27:36.538558 | GENERATION: 23 | ERRORS: best=11, median=64.0, diversity=0.555 | INDIVIDUALS: n=200, avg_genome_length=43.325 | VIRUSES: gene_rate=0.154
2021-12-17 21:27:40.823713 | GENERATION: 24 | ERRORS: best=10, median=52.0, diversity=0.475 | INDIVIDUALS: n=200, avg_genome_length=44.545 | VIRUSES: gene_rate=0.171
2021-12-17 21:27:45.982489 | GENERATION: 25 | ERRORS: best=10, median=50.5, diversity=0.485 | INDIVIDUALS: n=200, avg_genome_length=42.8 | VIRUSES: gene_rate=0.169
2021-12-17 21:27:51.759674 | GENERATION: 26 | ERRORS: best=10, median=54.5, diversity=0.555 | INDIVIDUALS: n=200, avg_genome_length=41.93 | VIRUSES: gene_rate=0.182
2021-12-17 21:27:56.756891 | GENERATION: 27 | ERRORS: best=10, median=51.0, diversity=0.555 | INDIVIDUALS: n=200, avg_genome_length=40.865 | VIRUSES: gene_rate=0.185
2021-12-17 21:28:02.122158 | GENERATION: 28 | ERRORS: best=10, median=50.5, diversity=0.595 | INDIVIDUALS: n=200, avg_genome_length=40.095 | VIRUSES: gene_rate=0.192
2021-12-17 21:28:07.233437 | GENERATION: 29 | ERRORS: best=10, median=59.0, diversity=0.545 | INDIVIDUALS: n=200, avg_genome_length=39.495 | VIRUSES: gene_rate=0.210
2021-12-17 21:28:12.758993 | GENERATION: 30 | ERRORS: best=2, median=48.0, diversity=0.58 | INDIVIDUALS: n=200, avg_genome_length=38.245 | VIRUSES: gene_rate=0.215
2021-12-17 21:28:16.827571 | GENERATION: 31 | ERRORS: best=2, median=42.0, diversity=0.335 | INDIVIDUALS: n=200, avg_genome_length=34.84 | VIRUSES: gene_rate=0.224
2021-12-17 21:28:19.236830 | GENERATION: 32 | ERRORS: best=2, median=42.0, diversity=0.28 | INDIVIDUALS: n=200, avg_genome_length=33.815 | VIRUSES: gene_rate=0.247
2021-12-17 21:28:21.853931 | GENERATION: 33 | ERRORS: best=2, median=42.0, diversity=0.39 | INDIVIDUALS: n=200, avg_genome_length=32.715 | VIRUSES: gene_rate=0.275
2021-12-17 21:28:24.443963 | GENERATION: 34 | ERRORS: best=2, median=36.5, diversity=0.31 | INDIVIDUALS: n=200, avg_genome_length=33.41 | VIRUSES: gene_rate=0.266
2021-12-17 21:28:26.909752 | GENERATION: 35 | ERRORS: best=2, median=28.5, diversity=0.33 | INDIVIDUALS: n=200, avg_genome_length=32.6 | VIRUSES: gene_rate=0.287
2021-12-17 21:28:29.582021 | GENERATION: 36 | ERRORS: best=2, median=29.0, diversity=0.275 | INDIVIDUALS: n=200, avg_genome_length=32.15 | VIRUSES: gene_rate=0.284
2021-12-17 21:28:32.393966 | GENERATION: 37 | ERRORS: best=2, median=42.0, diversity=0.305 | INDIVIDUALS: n=200, avg_genome_length=31.705 | VIRUSES: gene_rate=0.270
Simplifying genome of length 35 with total error 0.
Simplified genome by 1 to length 34.
Simplified genome by 1 to length 33.
Simplified genome by 1 to length 32.
Simplified genome by 2 to length 30.
Simplified genome by 2 to length 28.
Simplified genome by 1 to length 27.
Simplified genome by 2 to length 25.
Simplified genome by 1 to length 24.
Simplified genome by 3 to length 21.
Simplified genome by 2 to length 19.
Simplified genome by 1 to length 18.
Simplified genome by 2 to length 16.
Simplified genome by 1 to length 15.
Simplified genome by 2 to length 13.
Simplified genome by 1 to length 12.
Simplified genome to length 12 and total error 0.
========================================
End Run
========================================
Solution found.
Best Seen Individual
	Genome:
	 pvector([VirusInput(input_index=2), VirusInstructionMeta(name='str_length', code_blocks=0), VirusInput(input_index=0), VirusInstructionMeta(name='str_length', code_blocks=0), Input(input_index=1), VirusInstructionMeta(name='str_length', code_blocks=0), InstructionMeta(name='int_lt', code_blocks=0), VirusInput(input_index=1), VirusInstructionMeta(name='str_length', code_blocks=0), InstructionMeta(name='int_inc', code_blocks=0), InstructionMeta(name='int_gte', code_blocks=0), VirusInstructionMeta(name='bool_and', code_blocks=0)])
	Program:
	 (vinput_2 vstr_length vinput_0 vstr_length input_1 vstr_length int_lt vinput_1 vstr_length int_inc int_gte vbool_and)
	Error vector:
	 [0 0 0 0 0 0 0 0 0 0 0 0 0 0 0 0 0 0 0 0 0 0 0 0 0 0 0 0 0 0 0 0 0 0 0 0 0
 0 0 0 0 0 0 0 0 0 0 0 0 0 0 0 0 0 0 0 0 0 0 0 0 0 0 0 0 0 0 0 0 0 0 0 0 0
 0 0 0 0 0 0 0 0 0 0 0 0 0 0 0 0 0 0 0 0 0 0 0 0 0 0]
	Total error:
	 0
	Test error:
	 0
	Time:
	 00:03:26
