Included 22 edge cases.
Included 78 random cases.
Included 100 cases in total.
Finished formatting.
Included 0 edge cases.
Included 1000 random cases.
Included 1000 cases in total.
Finished formatting.
========================================
Setup
========================================
Search Configuration:
signature: ProgramSignature(output_stacks=['bool'], arity=3, push_config=PushConfig(collection_size_cap=1000, growth_cap=500, step_limit=600, numeric_magnitude_limit=1000000000000.0, runtime_limit=10))
evaluator: <pyshgp.gp.evaluation.DatasetEvaluator object at 0x7f6f1a979340>
spawner: <pyshgp.gp.genome.GeneSpawner object at 0x7f6f1a979a60>
population_size: 200
max_generations: 300
error_threshold: 0.0
initial_genome_size: (40, 200)
simplification_steps: 500
parallel_context: <pyshgp.gp.search.ParallelContext object at 0x7f6f1a979310>
selection: <pyshgp.utils.DiscreteProbDistrib object at 0x7f6f0dd25e80>
variation: <pyshgp.utils.DiscreteProbDistrib object at 0x7f6f0dd25fc0>
Instructions:
int_add, int_sub, int_mult, int_div, int_mod, int_min, int_max, int_inc, int_dec, int_lt, int_lte, int_gt, int_gte, int_from_bool, str_concat, str_insert_str, str_from_first_char, str_from_last_char, str_from_nth_char, str_contains_str, str_index_of_str, str_split_on_str, str_replace_first_str, str_replace_n_str, str_replace_all_str, str_remove_first_str, str_remove_n_str, str_remove_all_str, str_occurrences_of_str, str_reverse, str_head, str_tail, str_rest, str_but_last, str_drop, str_but_last_n, str_length, str_make_empty, str_is_empty_string, str_remove_nth, str_strip_whitespace, str_from_bool, str_from_int, bool_and, bool_or, bool_not, bool_xor, bool_invert_first_then_and, bool_second_first_then_and, bool_from_int, noop, noop_open, exec_do_range, exec_do_count, exec_while, exec_do_while, exec_if, exec_when, print_bool, println_bool, print_int, println_int, print_str, println_str, print_exec, println_exec, bool_pop, bool_dup, bool_dup_times, bool_swap, bool_rot, bool_flush, bool_eq, bool_stack_depth, bool_yank, bool_yank_dup, bool_shove, bool_shove_dup, bool_is_empty, int_pop, int_dup, int_dup_times, int_swap, int_rot, int_flush, int_eq, int_stack_depth, int_yank, int_yank_dup, int_shove, int_shove_dup, int_is_empty, str_pop, str_dup, str_dup_times, str_swap, str_rot, str_flush, str_eq, str_stack_depth, str_yank, str_yank_dup, str_shove, str_shove_dup, str_is_empty, exec_pop, exec_dup, exec_dup_times, exec_swap, exec_rot, exec_flush, exec_eq, exec_stack_depth, exec_yank, exec_yank_dup, exec_shove, exec_shove_dup, exec_is_empty
Literals:
[]
ERC Generators:
[<function rand_bool at 0x7f6f1a97dc10>]
========================================
Start Run
========================================
2021-12-16 05:21:42.713412 | GENERATION: 1 | ERRORS: best=22, median=100000000.0, diversity=0.015 | INDIVIDUALS: n=200, avg_genome_length=131.985
2021-12-16 05:21:48.391088 | GENERATION: 2 | ERRORS: best=22, median=78.0, diversity=0.075 | INDIVIDUALS: n=200, avg_genome_length=118.69
2021-12-16 05:21:54.137417 | GENERATION: 3 | ERRORS: best=22, median=65.0, diversity=0.1 | INDIVIDUALS: n=200, avg_genome_length=121.8
2021-12-16 05:22:00.322490 | GENERATION: 4 | ERRORS: best=22, median=53.0, diversity=0.155 | INDIVIDUALS: n=200, avg_genome_length=119.755
2021-12-16 05:22:09.322671 | GENERATION: 5 | ERRORS: best=22, median=78.0, diversity=0.385 | INDIVIDUALS: n=200, avg_genome_length=135.18
2021-12-16 05:22:19.642294 | GENERATION: 6 | ERRORS: best=20, median=78.0, diversity=0.395 | INDIVIDUALS: n=200, avg_genome_length=142.78
2021-12-16 05:22:31.600737 | GENERATION: 7 | ERRORS: best=22, median=78.0, diversity=0.555 | INDIVIDUALS: n=200, avg_genome_length=148.69
2021-12-16 05:22:43.051319 | GENERATION: 8 | ERRORS: best=18, median=78.0, diversity=0.565 | INDIVIDUALS: n=200, avg_genome_length=145.14
2021-12-16 05:22:54.677830 | GENERATION: 9 | ERRORS: best=17, median=67.0, diversity=0.565 | INDIVIDUALS: n=200, avg_genome_length=142.225
2021-12-16 05:23:03.815903 | GENERATION: 10 | ERRORS: best=17, median=44.0, diversity=0.535 | INDIVIDUALS: n=200, avg_genome_length=136.455
2021-12-16 05:23:13.231310 | GENERATION: 11 | ERRORS: best=17, median=40.5, diversity=0.525 | INDIVIDUALS: n=200, avg_genome_length=138.58
2021-12-16 05:23:22.779414 | GENERATION: 12 | ERRORS: best=17, median=49.0, diversity=0.53 | INDIVIDUALS: n=200, avg_genome_length=136.505
2021-12-16 05:23:30.610238 | GENERATION: 13 | ERRORS: best=16, median=34.0, diversity=0.485 | INDIVIDUALS: n=200, avg_genome_length=131.665
2021-12-16 05:23:38.964329 | GENERATION: 14 | ERRORS: best=16, median=31.5, diversity=0.52 | INDIVIDUALS: n=200, avg_genome_length=130.32
2021-12-16 05:23:47.026010 | GENERATION: 15 | ERRORS: best=16, median=31.0, diversity=0.57 | INDIVIDUALS: n=200, avg_genome_length=127.925
2021-12-16 05:23:55.925244 | GENERATION: 16 | ERRORS: best=14, median=69.0, diversity=0.6 | INDIVIDUALS: n=200, avg_genome_length=124.485
2021-12-16 05:24:04.088821 | GENERATION: 17 | ERRORS: best=17, median=38.0, diversity=0.485 | INDIVIDUALS: n=200, avg_genome_length=120.055
2021-12-16 05:24:12.616614 | GENERATION: 18 | ERRORS: best=16, median=25.0, diversity=0.5 | INDIVIDUALS: n=200, avg_genome_length=118.16
2021-12-16 05:24:21.425103 | GENERATION: 19 | ERRORS: best=16, median=31.5, diversity=0.515 | INDIVIDUALS: n=200, avg_genome_length=113.275
2021-12-16 05:24:29.816503 | GENERATION: 20 | ERRORS: best=17, median=27.0, diversity=0.52 | INDIVIDUALS: n=200, avg_genome_length=110.22
2021-12-16 05:24:38.754803 | GENERATION: 21 | ERRORS: best=14, median=26.5, diversity=0.555 | INDIVIDUALS: n=200, avg_genome_length=108.53
2021-12-16 05:24:47.708180 | GENERATION: 22 | ERRORS: best=14, median=28.5, diversity=0.635 | INDIVIDUALS: n=200, avg_genome_length=103.82
2021-12-16 05:24:56.467774 | GENERATION: 23 | ERRORS: best=14, median=27.5, diversity=0.625 | INDIVIDUALS: n=200, avg_genome_length=102.5
2021-12-16 05:25:04.233187 | GENERATION: 24 | ERRORS: best=13, median=31.0, diversity=0.61 | INDIVIDUALS: n=200, avg_genome_length=97.71
2021-12-16 05:25:12.554248 | GENERATION: 25 | ERRORS: best=13, median=28.0, diversity=0.61 | INDIVIDUALS: n=200, avg_genome_length=92.545
2021-12-16 05:25:20.957570 | GENERATION: 26 | ERRORS: best=15, median=27.0, diversity=0.575 | INDIVIDUALS: n=200, avg_genome_length=89.34
2021-12-16 05:25:28.046172 | GENERATION: 27 | ERRORS: best=13, median=28.5, diversity=0.55 | INDIVIDUALS: n=200, avg_genome_length=84.41
2021-12-16 05:25:34.075514 | GENERATION: 28 | ERRORS: best=13, median=25.0, diversity=0.545 | INDIVIDUALS: n=200, avg_genome_length=80.76
2021-12-16 05:25:40.036621 | GENERATION: 29 | ERRORS: best=12, median=27.0, diversity=0.58 | INDIVIDUALS: n=200, avg_genome_length=74.98
2021-12-16 05:25:46.125417 | GENERATION: 30 | ERRORS: best=12, median=29.0, diversity=0.595 | INDIVIDUALS: n=200, avg_genome_length=71.485
2021-12-16 05:25:51.465919 | GENERATION: 31 | ERRORS: best=12, median=26.0, diversity=0.52 | INDIVIDUALS: n=200, avg_genome_length=66.58
2021-12-16 05:25:57.056243 | GENERATION: 32 | ERRORS: best=12, median=25.0, diversity=0.53 | INDIVIDUALS: n=200, avg_genome_length=65.865
2021-12-16 05:26:02.672134 | GENERATION: 33 | ERRORS: best=12, median=25.0, diversity=0.545 | INDIVIDUALS: n=200, avg_genome_length=67.405
2021-12-16 05:26:08.029039 | GENERATION: 34 | ERRORS: best=12, median=26.0, diversity=0.48 | INDIVIDUALS: n=200, avg_genome_length=68.02
2021-12-16 05:26:12.955279 | GENERATION: 35 | ERRORS: best=12, median=23.5, diversity=0.51 | INDIVIDUALS: n=200, avg_genome_length=67.56
2021-12-16 05:26:18.266579 | GENERATION: 36 | ERRORS: best=12, median=24.5, diversity=0.495 | INDIVIDUALS: n=200, avg_genome_length=67.97
2021-12-16 05:26:24.015766 | GENERATION: 37 | ERRORS: best=12, median=25.5, diversity=0.525 | INDIVIDUALS: n=200, avg_genome_length=68.785
2021-12-16 05:26:29.261126 | GENERATION: 38 | ERRORS: best=12, median=22.0, diversity=0.495 | INDIVIDUALS: n=200, avg_genome_length=68.175
2021-12-16 05:26:34.025219 | GENERATION: 39 | ERRORS: best=12, median=22.0, diversity=0.49 | INDIVIDUALS: n=200, avg_genome_length=66.585
2021-12-16 05:26:38.087225 | GENERATION: 40 | ERRORS: best=12, median=23.5, diversity=0.43 | INDIVIDUALS: n=200, avg_genome_length=61.825
2021-12-16 05:26:42.177430 | GENERATION: 41 | ERRORS: best=12, median=22.0, diversity=0.42 | INDIVIDUALS: n=200, avg_genome_length=61.355
2021-12-16 05:26:46.532202 | GENERATION: 42 | ERRORS: best=13, median=24.0, diversity=0.48 | INDIVIDUALS: n=200, avg_genome_length=60.855
2021-12-16 05:26:50.418802 | GENERATION: 43 | ERRORS: best=13, median=25.5, diversity=0.525 | INDIVIDUALS: n=200, avg_genome_length=57.93
2021-12-16 05:26:54.894121 | GENERATION: 44 | ERRORS: best=13, median=22.0, diversity=0.475 | INDIVIDUALS: n=200, avg_genome_length=57.02
2021-12-16 05:26:59.033860 | GENERATION: 45 | ERRORS: best=12, median=22.0, diversity=0.455 | INDIVIDUALS: n=200, avg_genome_length=57.915
2021-12-16 05:27:03.442770 | GENERATION: 46 | ERRORS: best=13, median=27.0, diversity=0.51 | INDIVIDUALS: n=200, avg_genome_length=54.685
2021-12-16 05:27:07.578890 | GENERATION: 47 | ERRORS: best=12, median=24.5, diversity=0.555 | INDIVIDUALS: n=200, avg_genome_length=53.845
2021-12-16 05:27:11.612168 | GENERATION: 48 | ERRORS: best=13, median=25.0, diversity=0.47 | INDIVIDUALS: n=200, avg_genome_length=53.035
2021-12-16 05:27:16.236517 | GENERATION: 49 | ERRORS: best=14, median=27.0, diversity=0.51 | INDIVIDUALS: n=200, avg_genome_length=53.695
2021-12-16 05:27:20.153489 | GENERATION: 50 | ERRORS: best=12, median=22.0, diversity=0.505 | INDIVIDUALS: n=200, avg_genome_length=51.75
2021-12-16 05:27:23.961059 | GENERATION: 51 | ERRORS: best=14, median=22.0, diversity=0.44 | INDIVIDUALS: n=200, avg_genome_length=50.515
2021-12-16 05:27:27.179318 | GENERATION: 52 | ERRORS: best=12, median=22.5, diversity=0.505 | INDIVIDUALS: n=200, avg_genome_length=50.8
2021-12-16 05:27:30.825170 | GENERATION: 53 | ERRORS: best=13, median=25.0, diversity=0.49 | INDIVIDUALS: n=200, avg_genome_length=51.225
2021-12-16 05:27:34.113832 | GENERATION: 54 | ERRORS: best=12, median=26.0, diversity=0.58 | INDIVIDUALS: n=200, avg_genome_length=50.315
2021-12-16 05:27:37.911484 | GENERATION: 55 | ERRORS: best=12, median=27.0, diversity=0.53 | INDIVIDUALS: n=200, avg_genome_length=49.195
2021-12-16 05:27:40.878464 | GENERATION: 56 | ERRORS: best=12, median=27.0, diversity=0.525 | INDIVIDUALS: n=200, avg_genome_length=49.425
2021-12-16 05:27:43.781108 | GENERATION: 57 | ERRORS: best=12, median=22.0, diversity=0.49 | INDIVIDUALS: n=200, avg_genome_length=50.11
2021-12-16 05:27:47.009322 | GENERATION: 58 | ERRORS: best=12, median=22.0, diversity=0.49 | INDIVIDUALS: n=200, avg_genome_length=49.135
2021-12-16 05:27:50.073046 | GENERATION: 59 | ERRORS: best=12, median=23.0, diversity=0.49 | INDIVIDUALS: n=200, avg_genome_length=48.55
2021-12-16 05:27:52.941605 | GENERATION: 60 | ERRORS: best=12, median=22.0, diversity=0.495 | INDIVIDUALS: n=200, avg_genome_length=48.98
2021-12-16 05:27:56.181385 | GENERATION: 61 | ERRORS: best=12, median=24.0, diversity=0.565 | INDIVIDUALS: n=200, avg_genome_length=47.27
2021-12-16 05:27:59.769445 | GENERATION: 62 | ERRORS: best=12, median=22.0, diversity=0.5 | INDIVIDUALS: n=200, avg_genome_length=46.325
2021-12-16 05:28:03.213991 | GENERATION: 63 | ERRORS: best=12, median=24.0, diversity=0.515 | INDIVIDUALS: n=200, avg_genome_length=45.0
2021-12-16 05:28:06.090848 | GENERATION: 64 | ERRORS: best=12, median=24.0, diversity=0.45 | INDIVIDUALS: n=200, avg_genome_length=44.25
2021-12-16 05:28:10.082670 | GENERATION: 65 | ERRORS: best=12, median=22.0, diversity=0.53 | INDIVIDUALS: n=200, avg_genome_length=43.335
2021-12-16 05:28:13.802714 | GENERATION: 66 | ERRORS: best=12, median=22.0, diversity=0.46 | INDIVIDUALS: n=200, avg_genome_length=42.66
2021-12-16 05:28:16.496838 | GENERATION: 67 | ERRORS: best=12, median=22.0, diversity=0.46 | INDIVIDUALS: n=200, avg_genome_length=41.685
2021-12-16 05:28:19.729885 | GENERATION: 68 | ERRORS: best=12, median=22.5, diversity=0.51 | INDIVIDUALS: n=200, avg_genome_length=39.82
2021-12-16 05:28:23.153658 | GENERATION: 69 | ERRORS: best=12, median=22.0, diversity=0.55 | INDIVIDUALS: n=200, avg_genome_length=38.71
2021-12-16 05:28:25.947019 | GENERATION: 70 | ERRORS: best=13, median=22.0, diversity=0.49 | INDIVIDUALS: n=200, avg_genome_length=39.01
2021-12-16 05:28:28.919757 | GENERATION: 71 | ERRORS: best=13, median=22.0, diversity=0.43 | INDIVIDUALS: n=200, avg_genome_length=38.415
2021-12-16 05:28:31.438331 | GENERATION: 72 | ERRORS: best=12, median=22.0, diversity=0.455 | INDIVIDUALS: n=200, avg_genome_length=39.77
2021-12-16 05:28:34.595096 | GENERATION: 73 | ERRORS: best=13, median=22.0, diversity=0.435 | INDIVIDUALS: n=200, avg_genome_length=37.655
2021-12-16 05:28:37.756551 | GENERATION: 74 | ERRORS: best=13, median=23.0, diversity=0.495 | INDIVIDUALS: n=200, avg_genome_length=36.63
2021-12-16 05:28:41.408832 | GENERATION: 75 | ERRORS: best=13, median=22.0, diversity=0.435 | INDIVIDUALS: n=200, avg_genome_length=36.655
2021-12-16 05:28:45.915630 | GENERATION: 76 | ERRORS: best=12, median=22.0, diversity=0.53 | INDIVIDUALS: n=200, avg_genome_length=37.125
2021-12-16 05:28:49.862261 | GENERATION: 77 | ERRORS: best=12, median=22.0, diversity=0.495 | INDIVIDUALS: n=200, avg_genome_length=38.92
2021-12-16 05:28:53.914308 | GENERATION: 78 | ERRORS: best=12, median=22.0, diversity=0.455 | INDIVIDUALS: n=200, avg_genome_length=37.23
2021-12-16 05:28:57.831362 | GENERATION: 79 | ERRORS: best=12, median=24.0, diversity=0.495 | INDIVIDUALS: n=200, avg_genome_length=38.865
2021-12-16 05:29:01.258669 | GENERATION: 80 | ERRORS: best=12, median=22.0, diversity=0.535 | INDIVIDUALS: n=200, avg_genome_length=39.325
2021-12-16 05:29:05.137702 | GENERATION: 81 | ERRORS: best=12, median=23.0, diversity=0.505 | INDIVIDUALS: n=200, avg_genome_length=39.635
2021-12-16 05:29:09.586551 | GENERATION: 82 | ERRORS: best=12, median=25.0, diversity=0.555 | INDIVIDUALS: n=200, avg_genome_length=39.135
2021-12-16 05:29:13.870849 | GENERATION: 83 | ERRORS: best=13, median=22.0, diversity=0.485 | INDIVIDUALS: n=200, avg_genome_length=40.19
2021-12-16 05:29:17.824085 | GENERATION: 84 | ERRORS: best=13, median=24.0, diversity=0.52 | INDIVIDUALS: n=200, avg_genome_length=38.32
2021-12-16 05:29:21.366895 | GENERATION: 85 | ERRORS: best=12, median=23.5, diversity=0.52 | INDIVIDUALS: n=200, avg_genome_length=39.35
2021-12-16 05:29:24.578073 | GENERATION: 86 | ERRORS: best=12, median=26.0, diversity=0.485 | INDIVIDUALS: n=200, avg_genome_length=37.385
2021-12-16 05:29:27.954770 | GENERATION: 87 | ERRORS: best=12, median=31.0, diversity=0.555 | INDIVIDUALS: n=200, avg_genome_length=38.58
2021-12-16 05:29:30.856546 | GENERATION: 88 | ERRORS: best=12, median=29.0, diversity=0.52 | INDIVIDUALS: n=200, avg_genome_length=38.755
2021-12-16 05:29:33.478099 | GENERATION: 89 | ERRORS: best=12, median=22.0, diversity=0.46 | INDIVIDUALS: n=200, avg_genome_length=38.055
2021-12-16 05:29:36.050541 | GENERATION: 90 | ERRORS: best=12, median=27.0, diversity=0.45 | INDIVIDUALS: n=200, avg_genome_length=37.01
2021-12-16 05:29:38.764761 | GENERATION: 91 | ERRORS: best=12, median=24.0, diversity=0.365 | INDIVIDUALS: n=200, avg_genome_length=36.54
2021-12-16 05:29:41.165691 | GENERATION: 92 | ERRORS: best=12, median=24.0, diversity=0.405 | INDIVIDUALS: n=200, avg_genome_length=36.5
2021-12-16 05:29:44.196078 | GENERATION: 93 | ERRORS: best=13, median=25.0, diversity=0.465 | INDIVIDUALS: n=200, avg_genome_length=38.885
2021-12-16 05:29:47.028829 | GENERATION: 94 | ERRORS: best=13, median=27.0, diversity=0.475 | INDIVIDUALS: n=200, avg_genome_length=43.915
2021-12-16 05:29:50.113723 | GENERATION: 95 | ERRORS: best=13, median=24.5, diversity=0.55 | INDIVIDUALS: n=200, avg_genome_length=41.965
2021-12-16 05:29:53.652465 | GENERATION: 96 | ERRORS: best=12, median=27.5, diversity=0.58 | INDIVIDUALS: n=200, avg_genome_length=40.83
2021-12-16 05:29:56.732219 | GENERATION: 97 | ERRORS: best=13, median=28.0, diversity=0.545 | INDIVIDUALS: n=200, avg_genome_length=42.395
2021-12-16 05:29:59.663098 | GENERATION: 98 | ERRORS: best=13, median=25.0, diversity=0.48 | INDIVIDUALS: n=200, avg_genome_length=41.8
2021-12-16 05:30:02.539688 | GENERATION: 99 | ERRORS: best=13, median=27.5, diversity=0.58 | INDIVIDUALS: n=200, avg_genome_length=45.095
2021-12-16 05:30:05.513973 | GENERATION: 100 | ERRORS: best=12, median=25.5, diversity=0.515 | INDIVIDUALS: n=200, avg_genome_length=46.52
2021-12-16 05:30:09.084433 | GENERATION: 101 | ERRORS: best=12, median=23.0, diversity=0.54 | INDIVIDUALS: n=200, avg_genome_length=46.425
2021-12-16 05:30:12.275344 | GENERATION: 102 | ERRORS: best=12, median=24.5, diversity=0.505 | INDIVIDUALS: n=200, avg_genome_length=43.2
2021-12-16 05:30:15.081456 | GENERATION: 103 | ERRORS: best=13, median=24.5, diversity=0.46 | INDIVIDUALS: n=200, avg_genome_length=41.94
2021-12-16 05:30:18.286079 | GENERATION: 104 | ERRORS: best=12, median=26.0, diversity=0.47 | INDIVIDUALS: n=200, avg_genome_length=43.055
2021-12-16 05:30:21.830618 | GENERATION: 105 | ERRORS: best=13, median=22.0, diversity=0.415 | INDIVIDUALS: n=200, avg_genome_length=42.125
2021-12-16 05:30:26.382640 | GENERATION: 106 | ERRORS: best=12, median=23.0, diversity=0.45 | INDIVIDUALS: n=200, avg_genome_length=44.095
2021-12-16 05:30:30.687672 | GENERATION: 107 | ERRORS: best=12, median=24.0, diversity=0.455 | INDIVIDUALS: n=200, avg_genome_length=44.11
2021-12-16 05:30:33.568496 | GENERATION: 108 | ERRORS: best=12, median=24.0, diversity=0.475 | INDIVIDUALS: n=200, avg_genome_length=39.04
2021-12-16 05:30:36.053449 | GENERATION: 109 | ERRORS: best=13, median=22.0, diversity=0.445 | INDIVIDUALS: n=200, avg_genome_length=40.155
2021-12-16 05:30:38.558954 | GENERATION: 110 | ERRORS: best=13, median=22.0, diversity=0.455 | INDIVIDUALS: n=200, avg_genome_length=41.465
2021-12-16 05:30:41.056605 | GENERATION: 111 | ERRORS: best=12, median=24.0, diversity=0.495 | INDIVIDUALS: n=200, avg_genome_length=41.01
2021-12-16 05:30:43.843661 | GENERATION: 112 | ERRORS: best=13, median=25.0, diversity=0.565 | INDIVIDUALS: n=200, avg_genome_length=44.345
2021-12-16 05:30:46.553445 | GENERATION: 113 | ERRORS: best=11, median=24.0, diversity=0.515 | INDIVIDUALS: n=200, avg_genome_length=42.39
2021-12-16 05:30:49.151904 | GENERATION: 114 | ERRORS: best=13, median=24.0, diversity=0.495 | INDIVIDUALS: n=200, avg_genome_length=41.13
2021-12-16 05:30:51.911119 | GENERATION: 115 | ERRORS: best=11, median=24.0, diversity=0.475 | INDIVIDUALS: n=200, avg_genome_length=39.615
2021-12-16 05:30:54.403537 | GENERATION: 116 | ERRORS: best=11, median=23.5, diversity=0.435 | INDIVIDUALS: n=200, avg_genome_length=38.26
2021-12-16 05:30:57.294100 | GENERATION: 117 | ERRORS: best=11, median=26.5, diversity=0.44 | INDIVIDUALS: n=200, avg_genome_length=37.125
2021-12-16 05:30:59.569186 | GENERATION: 118 | ERRORS: best=11, median=34.0, diversity=0.465 | INDIVIDUALS: n=200, avg_genome_length=35.945
2021-12-16 05:31:02.410688 | GENERATION: 119 | ERRORS: best=11, median=22.5, diversity=0.46 | INDIVIDUALS: n=200, avg_genome_length=37.235
2021-12-16 05:31:04.997741 | GENERATION: 120 | ERRORS: best=11, median=22.0, diversity=0.395 | INDIVIDUALS: n=200, avg_genome_length=35.105
2021-12-16 05:31:07.668110 | GENERATION: 121 | ERRORS: best=11, median=22.0, diversity=0.465 | INDIVIDUALS: n=200, avg_genome_length=36.03
2021-12-16 05:31:10.088997 | GENERATION: 122 | ERRORS: best=11, median=24.0, diversity=0.495 | INDIVIDUALS: n=200, avg_genome_length=36.39
2021-12-16 05:31:12.453498 | GENERATION: 123 | ERRORS: best=11, median=22.0, diversity=0.375 | INDIVIDUALS: n=200, avg_genome_length=34.47
2021-12-16 05:31:14.860399 | GENERATION: 124 | ERRORS: best=11, median=32.0, diversity=0.415 | INDIVIDUALS: n=200, avg_genome_length=34.36
2021-12-16 05:31:17.339848 | GENERATION: 125 | ERRORS: best=11, median=34.0, diversity=0.425 | INDIVIDUALS: n=200, avg_genome_length=34.125
2021-12-16 05:31:19.841157 | GENERATION: 126 | ERRORS: best=11, median=24.5, diversity=0.435 | INDIVIDUALS: n=200, avg_genome_length=35.47
2021-12-16 05:31:22.267108 | GENERATION: 127 | ERRORS: best=11, median=22.0, diversity=0.445 | INDIVIDUALS: n=200, avg_genome_length=32.19
2021-12-16 05:31:24.685152 | GENERATION: 128 | ERRORS: best=11, median=25.0, diversity=0.465 | INDIVIDUALS: n=200, avg_genome_length=31.7
2021-12-16 05:31:27.288897 | GENERATION: 129 | ERRORS: best=11, median=24.5, diversity=0.4 | INDIVIDUALS: n=200, avg_genome_length=32.15
2021-12-16 05:31:29.784319 | GENERATION: 130 | ERRORS: best=11, median=33.5, diversity=0.45 | INDIVIDUALS: n=200, avg_genome_length=32.33
2021-12-16 05:31:32.537143 | GENERATION: 131 | ERRORS: best=11, median=28.5, diversity=0.475 | INDIVIDUALS: n=200, avg_genome_length=33.725
2021-12-16 05:31:35.751168 | GENERATION: 132 | ERRORS: best=11, median=22.0, diversity=0.35 | INDIVIDUALS: n=200, avg_genome_length=33.3
2021-12-16 05:31:39.021356 | GENERATION: 133 | ERRORS: best=11, median=22.0, diversity=0.43 | INDIVIDUALS: n=200, avg_genome_length=34.885
2021-12-16 05:31:41.660035 | GENERATION: 134 | ERRORS: best=11, median=22.0, diversity=0.4 | INDIVIDUALS: n=200, avg_genome_length=35.76
2021-12-16 05:31:44.717312 | GENERATION: 135 | ERRORS: best=11, median=22.0, diversity=0.405 | INDIVIDUALS: n=200, avg_genome_length=36.13
2021-12-16 05:31:48.317994 | GENERATION: 136 | ERRORS: best=11, median=27.5, diversity=0.425 | INDIVIDUALS: n=200, avg_genome_length=35.36
2021-12-16 05:31:51.856609 | GENERATION: 137 | ERRORS: best=11, median=22.0, diversity=0.405 | INDIVIDUALS: n=200, avg_genome_length=32.37
2021-12-16 05:31:54.175077 | GENERATION: 138 | ERRORS: best=11, median=22.0, diversity=0.39 | INDIVIDUALS: n=200, avg_genome_length=30.465
2021-12-16 05:31:56.722496 | GENERATION: 139 | ERRORS: best=11, median=22.0, diversity=0.4 | INDIVIDUALS: n=200, avg_genome_length=29.91
2021-12-16 05:31:58.762267 | GENERATION: 140 | ERRORS: best=11, median=28.0, diversity=0.395 | INDIVIDUALS: n=200, avg_genome_length=28.52
2021-12-16 05:32:00.933519 | GENERATION: 141 | ERRORS: best=11, median=22.0, diversity=0.4 | INDIVIDUALS: n=200, avg_genome_length=27.3
2021-12-16 05:32:03.238686 | GENERATION: 142 | ERRORS: best=12, median=22.0, diversity=0.285 | INDIVIDUALS: n=200, avg_genome_length=27.885
2021-12-16 05:32:05.332253 | GENERATION: 143 | ERRORS: best=11, median=28.0, diversity=0.37 | INDIVIDUALS: n=200, avg_genome_length=26.495
2021-12-16 05:32:07.493387 | GENERATION: 144 | ERRORS: best=11, median=25.0, diversity=0.335 | INDIVIDUALS: n=200, avg_genome_length=27.635
2021-12-16 05:32:10.150332 | GENERATION: 145 | ERRORS: best=11, median=23.0, diversity=0.33 | INDIVIDUALS: n=200, avg_genome_length=28.94
2021-12-16 05:32:13.613691 | GENERATION: 146 | ERRORS: best=11, median=25.0, diversity=0.425 | INDIVIDUALS: n=200, avg_genome_length=33.135
2021-12-16 05:32:16.611683 | GENERATION: 147 | ERRORS: best=10, median=22.0, diversity=0.34 | INDIVIDUALS: n=200, avg_genome_length=30.945
2021-12-16 05:32:20.652873 | GENERATION: 148 | ERRORS: best=11, median=26.0, diversity=0.32 | INDIVIDUALS: n=200, avg_genome_length=31.295
2021-12-16 05:32:22.865464 | GENERATION: 149 | ERRORS: best=11, median=24.0, diversity=0.31 | INDIVIDUALS: n=200, avg_genome_length=29.125
2021-12-16 05:32:24.940369 | GENERATION: 150 | ERRORS: best=11, median=28.5, diversity=0.385 | INDIVIDUALS: n=200, avg_genome_length=29.28
2021-12-16 05:32:26.833057 | GENERATION: 151 | ERRORS: best=11, median=33.0, diversity=0.335 | INDIVIDUALS: n=200, avg_genome_length=27.815
2021-12-16 05:32:28.871820 | GENERATION: 152 | ERRORS: best=10, median=26.0, diversity=0.31 | INDIVIDUALS: n=200, avg_genome_length=27.375
2021-12-16 05:32:30.952492 | GENERATION: 153 | ERRORS: best=10, median=39.0, diversity=0.38 | INDIVIDUALS: n=200, avg_genome_length=28.53
2021-12-16 05:32:33.076513 | GENERATION: 154 | ERRORS: best=10, median=25.5, diversity=0.365 | INDIVIDUALS: n=200, avg_genome_length=27.3
2021-12-16 05:32:35.653685 | GENERATION: 155 | ERRORS: best=11, median=34.5, diversity=0.355 | INDIVIDUALS: n=200, avg_genome_length=25.63
2021-12-16 05:32:38.076056 | GENERATION: 156 | ERRORS: best=11, median=27.0, diversity=0.32 | INDIVIDUALS: n=200, avg_genome_length=25.435
2021-12-16 05:32:40.349067 | GENERATION: 157 | ERRORS: best=11, median=38.5, diversity=0.345 | INDIVIDUALS: n=200, avg_genome_length=24.855
2021-12-16 05:32:42.718755 | GENERATION: 158 | ERRORS: best=11, median=36.5, diversity=0.345 | INDIVIDUALS: n=200, avg_genome_length=24.725
2021-12-16 05:32:44.579078 | GENERATION: 159 | ERRORS: best=10, median=38.0, diversity=0.37 | INDIVIDUALS: n=200, avg_genome_length=25.425
2021-12-16 05:32:46.640131 | GENERATION: 160 | ERRORS: best=11, median=44.5, diversity=0.355 | INDIVIDUALS: n=200, avg_genome_length=25.31
2021-12-16 05:32:48.786572 | GENERATION: 161 | ERRORS: best=12, median=48.5, diversity=0.33 | INDIVIDUALS: n=200, avg_genome_length=25.49
2021-12-16 05:32:51.267296 | GENERATION: 162 | ERRORS: best=11, median=39.5, diversity=0.345 | INDIVIDUALS: n=200, avg_genome_length=27.845
2021-12-16 05:32:53.268519 | GENERATION: 163 | ERRORS: best=12, median=39.5, diversity=0.41 | INDIVIDUALS: n=200, avg_genome_length=27.77
2021-12-16 05:32:55.289326 | GENERATION: 164 | ERRORS: best=10, median=30.5, diversity=0.425 | INDIVIDUALS: n=200, avg_genome_length=28.2
2021-12-16 05:32:57.319355 | GENERATION: 165 | ERRORS: best=12, median=35.0, diversity=0.45 | INDIVIDUALS: n=200, avg_genome_length=28.005
2021-12-16 05:32:59.451610 | GENERATION: 166 | ERRORS: best=12, median=38.5, diversity=0.475 | INDIVIDUALS: n=200, avg_genome_length=27.24
2021-12-16 05:33:01.670847 | GENERATION: 167 | ERRORS: best=12, median=40.0, diversity=0.435 | INDIVIDUALS: n=200, avg_genome_length=28.08
2021-12-16 05:33:04.074386 | GENERATION: 168 | ERRORS: best=12, median=32.5, diversity=0.445 | INDIVIDUALS: n=200, avg_genome_length=29.17
2021-12-16 05:33:06.517592 | GENERATION: 169 | ERRORS: best=11, median=25.5, diversity=0.445 | INDIVIDUALS: n=200, avg_genome_length=28.39
2021-12-16 05:33:08.817460 | GENERATION: 170 | ERRORS: best=11, median=35.5, diversity=0.415 | INDIVIDUALS: n=200, avg_genome_length=28.245
2021-12-16 05:33:10.942269 | GENERATION: 171 | ERRORS: best=11, median=41.0, diversity=0.48 | INDIVIDUALS: n=200, avg_genome_length=27.82
2021-12-16 05:33:12.947971 | GENERATION: 172 | ERRORS: best=11, median=45.5, diversity=0.375 | INDIVIDUALS: n=200, avg_genome_length=28.21
2021-12-16 05:33:15.136510 | GENERATION: 173 | ERRORS: best=11, median=33.0, diversity=0.375 | INDIVIDUALS: n=200, avg_genome_length=26.4
2021-12-16 05:33:17.700091 | GENERATION: 174 | ERRORS: best=11, median=38.0, diversity=0.425 | INDIVIDUALS: n=200, avg_genome_length=26.19
2021-12-16 05:33:19.784943 | GENERATION: 175 | ERRORS: best=11, median=45.5, diversity=0.405 | INDIVIDUALS: n=200, avg_genome_length=25.855
2021-12-16 05:33:21.733339 | GENERATION: 176 | ERRORS: best=11, median=22.0, diversity=0.34 | INDIVIDUALS: n=200, avg_genome_length=26.06
2021-12-16 05:33:23.920235 | GENERATION: 177 | ERRORS: best=10, median=33.5, diversity=0.405 | INDIVIDUALS: n=200, avg_genome_length=27.635
2021-12-16 05:33:25.954302 | GENERATION: 178 | ERRORS: best=11, median=35.5, diversity=0.31 | INDIVIDUALS: n=200, avg_genome_length=26.375
2021-12-16 05:33:28.611488 | GENERATION: 179 | ERRORS: best=10, median=28.5, diversity=0.355 | INDIVIDUALS: n=200, avg_genome_length=27.65
2021-12-16 05:33:30.858195 | GENERATION: 180 | ERRORS: best=13, median=31.0, diversity=0.395 | INDIVIDUALS: n=200, avg_genome_length=26.775
2021-12-16 05:33:33.639188 | GENERATION: 181 | ERRORS: best=10, median=43.0, diversity=0.405 | INDIVIDUALS: n=200, avg_genome_length=26.4
2021-12-16 05:33:35.641935 | GENERATION: 182 | ERRORS: best=12, median=48.0, diversity=0.345 | INDIVIDUALS: n=200, avg_genome_length=24.38
2021-12-16 05:33:37.428675 | GENERATION: 183 | ERRORS: best=11, median=51.0, diversity=0.355 | INDIVIDUALS: n=200, avg_genome_length=22.96
2021-12-16 05:33:39.612419 | GENERATION: 184 | ERRORS: best=11, median=37.0, diversity=0.325 | INDIVIDUALS: n=200, avg_genome_length=22.635
2021-12-16 05:33:41.785949 | GENERATION: 185 | ERRORS: best=11, median=28.0, diversity=0.37 | INDIVIDUALS: n=200, avg_genome_length=24.36
2021-12-16 05:33:43.586420 | GENERATION: 186 | ERRORS: best=10, median=27.0, diversity=0.305 | INDIVIDUALS: n=200, avg_genome_length=23.685
2021-12-16 05:33:45.546309 | GENERATION: 187 | ERRORS: best=12, median=22.0, diversity=0.28 | INDIVIDUALS: n=200, avg_genome_length=21.985
2021-12-16 05:33:47.289483 | GENERATION: 188 | ERRORS: best=11, median=22.0, diversity=0.265 | INDIVIDUALS: n=200, avg_genome_length=22.345
2021-12-16 05:33:49.370394 | GENERATION: 189 | ERRORS: best=10, median=27.0, diversity=0.3 | INDIVIDUALS: n=200, avg_genome_length=23.43
2021-12-16 05:33:51.480805 | GENERATION: 190 | ERRORS: best=10, median=25.0, diversity=0.34 | INDIVIDUALS: n=200, avg_genome_length=24.805
2021-12-16 05:33:53.925460 | GENERATION: 191 | ERRORS: best=11, median=34.5, diversity=0.285 | INDIVIDUALS: n=200, avg_genome_length=24.67
2021-12-16 05:33:55.837344 | GENERATION: 192 | ERRORS: best=11, median=28.0, diversity=0.315 | INDIVIDUALS: n=200, avg_genome_length=23.81
2021-12-16 05:33:57.661899 | GENERATION: 193 | ERRORS: best=11, median=41.0, diversity=0.29 | INDIVIDUALS: n=200, avg_genome_length=23.58
2021-12-16 05:33:59.743804 | GENERATION: 194 | ERRORS: best=11, median=39.5, diversity=0.335 | INDIVIDUALS: n=200, avg_genome_length=23.87
2021-12-16 05:34:01.995620 | GENERATION: 195 | ERRORS: best=11, median=40.0, diversity=0.37 | INDIVIDUALS: n=200, avg_genome_length=23.94
2021-12-16 05:34:03.898415 | GENERATION: 196 | ERRORS: best=11, median=23.5, diversity=0.3 | INDIVIDUALS: n=200, avg_genome_length=23.3
2021-12-16 05:34:05.707185 | GENERATION: 197 | ERRORS: best=11, median=33.0, diversity=0.295 | INDIVIDUALS: n=200, avg_genome_length=23.53
2021-12-16 05:34:07.953611 | GENERATION: 198 | ERRORS: best=11, median=39.5, diversity=0.395 | INDIVIDUALS: n=200, avg_genome_length=24.45
2021-12-16 05:34:10.379107 | GENERATION: 199 | ERRORS: best=11, median=41.0, diversity=0.4 | INDIVIDUALS: n=200, avg_genome_length=24.73
2021-12-16 05:34:12.292524 | GENERATION: 200 | ERRORS: best=8, median=34.0, diversity=0.345 | INDIVIDUALS: n=200, avg_genome_length=24.14
2021-12-16 05:34:14.368404 | GENERATION: 201 | ERRORS: best=8, median=47.0, diversity=0.36 | INDIVIDUALS: n=200, avg_genome_length=25.52
2021-12-16 05:34:16.611468 | GENERATION: 202 | ERRORS: best=4, median=38.0, diversity=0.37 | INDIVIDUALS: n=200, avg_genome_length=25.585
2021-12-16 05:34:18.589136 | GENERATION: 203 | ERRORS: best=2, median=66.5, diversity=0.27 | INDIVIDUALS: n=200, avg_genome_length=22.275
2021-12-16 05:34:20.092873 | GENERATION: 204 | ERRORS: best=2, median=78.0, diversity=0.205 | INDIVIDUALS: n=200, avg_genome_length=17.975
2021-12-16 05:34:21.559637 | GENERATION: 205 | ERRORS: best=2, median=78.0, diversity=0.175 | INDIVIDUALS: n=200, avg_genome_length=16.62
2021-12-16 05:34:22.902283 | GENERATION: 206 | ERRORS: best=2, median=78.0, diversity=0.15 | INDIVIDUALS: n=200, avg_genome_length=14.975
2021-12-16 05:34:24.298193 | GENERATION: 207 | ERRORS: best=2, median=83.5, diversity=0.22 | INDIVIDUALS: n=200, avg_genome_length=14.835
2021-12-16 05:34:25.838605 | GENERATION: 208 | ERRORS: best=2, median=100000000.0, diversity=0.155 | INDIVIDUALS: n=200, avg_genome_length=13.9
2021-12-16 05:34:27.799856 | GENERATION: 209 | ERRORS: best=2, median=100000000.0, diversity=0.145 | INDIVIDUALS: n=200, avg_genome_length=14.79
2021-12-16 05:34:29.871703 | GENERATION: 210 | ERRORS: best=2, median=100000000.0, diversity=0.165 | INDIVIDUALS: n=200, avg_genome_length=15.9
2021-12-16 05:34:32.104269 | GENERATION: 211 | ERRORS: best=2, median=78.0, diversity=0.21 | INDIVIDUALS: n=200, avg_genome_length=16.57
2021-12-16 05:34:34.081845 | GENERATION: 212 | ERRORS: best=2, median=16000002.0, diversity=0.17 | INDIVIDUALS: n=200, avg_genome_length=16.59
2021-12-16 05:34:35.840659 | GENERATION: 213 | ERRORS: best=2, median=78.0, diversity=0.165 | INDIVIDUALS: n=200, avg_genome_length=19.37
2021-12-16 05:34:37.785065 | GENERATION: 214 | ERRORS: best=2, median=78.0, diversity=0.21 | INDIVIDUALS: n=200, avg_genome_length=21.69
2021-12-16 05:34:39.838419 | GENERATION: 215 | ERRORS: best=2, median=81.0, diversity=0.19 | INDIVIDUALS: n=200, avg_genome_length=22.845
2021-12-16 05:34:41.485482 | GENERATION: 216 | ERRORS: best=2, median=1500055.0, diversity=0.2 | INDIVIDUALS: n=200, avg_genome_length=20.91
2021-12-16 05:34:43.597924 | GENERATION: 217 | ERRORS: best=2, median=500051.5, diversity=0.23 | INDIVIDUALS: n=200, avg_genome_length=21.735
2021-12-16 05:34:45.898812 | GENERATION: 218 | ERRORS: best=2, median=65.0, diversity=0.25 | INDIVIDUALS: n=200, avg_genome_length=21.73
2021-12-16 05:34:47.667478 | GENERATION: 219 | ERRORS: best=2, median=58.5, diversity=0.25 | INDIVIDUALS: n=200, avg_genome_length=19.23
2021-12-16 05:34:49.406510 | GENERATION: 220 | ERRORS: best=2, median=67.5, diversity=0.205 | INDIVIDUALS: n=200, avg_genome_length=19.695
2021-12-16 05:34:50.937721 | GENERATION: 221 | ERRORS: best=2, median=78.0, diversity=0.175 | INDIVIDUALS: n=200, avg_genome_length=17.695
2021-12-16 05:34:52.535988 | GENERATION: 222 | ERRORS: best=2, median=78.0, diversity=0.2 | INDIVIDUALS: n=200, avg_genome_length=18.7
2021-12-16 05:34:54.511470 | GENERATION: 223 | ERRORS: best=2, median=67.0, diversity=0.21 | INDIVIDUALS: n=200, avg_genome_length=18.99
2021-12-16 05:34:56.416084 | GENERATION: 224 | ERRORS: best=2, median=78.0, diversity=0.17 | INDIVIDUALS: n=200, avg_genome_length=19.29
2021-12-16 05:34:58.703802 | GENERATION: 225 | ERRORS: best=2, median=98.0, diversity=0.185 | INDIVIDUALS: n=200, avg_genome_length=20.655
2021-12-16 05:35:00.801995 | GENERATION: 226 | ERRORS: best=2, median=78.0, diversity=0.19 | INDIVIDUALS: n=200, avg_genome_length=20.135
2021-12-16 05:35:02.545260 | GENERATION: 227 | ERRORS: best=2, median=100000000.0, diversity=0.11 | INDIVIDUALS: n=200, avg_genome_length=19.71
2021-12-16 05:35:04.285056 | GENERATION: 228 | ERRORS: best=2, median=73.0, diversity=0.17 | INDIVIDUALS: n=200, avg_genome_length=19.605
2021-12-16 05:35:06.074203 | GENERATION: 229 | ERRORS: best=2, median=64.0, diversity=0.14 | INDIVIDUALS: n=200, avg_genome_length=19.45
2021-12-16 05:35:07.820609 | GENERATION: 230 | ERRORS: best=2, median=62.0, diversity=0.17 | INDIVIDUALS: n=200, avg_genome_length=19.5
2021-12-16 05:35:10.173813 | GENERATION: 231 | ERRORS: best=2, median=73.0, diversity=0.17 | INDIVIDUALS: n=200, avg_genome_length=20.09
2021-12-16 05:35:12.334062 | GENERATION: 232 | ERRORS: best=2, median=46.0, diversity=0.215 | INDIVIDUALS: n=200, avg_genome_length=21.19
2021-12-16 05:35:14.300939 | GENERATION: 233 | ERRORS: best=1, median=43.0, diversity=0.185 | INDIVIDUALS: n=200, avg_genome_length=19.765
2021-12-16 05:35:16.590992 | GENERATION: 234 | ERRORS: best=1, median=57.0, diversity=0.175 | INDIVIDUALS: n=200, avg_genome_length=19.025
2021-12-16 05:35:19.066197 | GENERATION: 235 | ERRORS: best=1, median=59.0, diversity=0.225 | INDIVIDUALS: n=200, avg_genome_length=17.9
2021-12-16 05:35:21.165625 | GENERATION: 236 | ERRORS: best=1, median=57.0, diversity=0.205 | INDIVIDUALS: n=200, avg_genome_length=18.675
2021-12-16 05:35:23.526664 | GENERATION: 237 | ERRORS: best=1, median=73.0, diversity=0.175 | INDIVIDUALS: n=200, avg_genome_length=18.985
2021-12-16 05:35:25.734025 | GENERATION: 238 | ERRORS: best=1, median=57.0, diversity=0.235 | INDIVIDUALS: n=200, avg_genome_length=17.945
2021-12-16 05:35:27.874552 | GENERATION: 239 | ERRORS: best=1, median=44.0, diversity=0.205 | INDIVIDUALS: n=200, avg_genome_length=19.125
2021-12-16 05:35:29.835603 | GENERATION: 240 | ERRORS: best=1, median=57.0, diversity=0.205 | INDIVIDUALS: n=200, avg_genome_length=18.99
2021-12-16 05:35:32.104461 | GENERATION: 241 | ERRORS: best=1, median=69.0, diversity=0.19 | INDIVIDUALS: n=200, avg_genome_length=22.18
2021-12-16 05:35:34.115704 | GENERATION: 242 | ERRORS: best=1, median=63.5, diversity=0.215 | INDIVIDUALS: n=200, avg_genome_length=20.785
2021-12-16 05:35:36.324496 | GENERATION: 243 | ERRORS: best=1, median=68.0, diversity=0.165 | INDIVIDUALS: n=200, avg_genome_length=20.71
2021-12-16 05:35:38.482957 | GENERATION: 244 | ERRORS: best=1, median=69.0, diversity=0.215 | INDIVIDUALS: n=200, avg_genome_length=21.115
2021-12-16 05:35:40.839307 | GENERATION: 245 | ERRORS: best=1, median=57.0, diversity=0.195 | INDIVIDUALS: n=200, avg_genome_length=19.695
2021-12-16 05:35:43.147082 | GENERATION: 246 | ERRORS: best=1, median=73.0, diversity=0.19 | INDIVIDUALS: n=200, avg_genome_length=19.265
2021-12-16 05:35:46.501541 | GENERATION: 247 | ERRORS: best=1, median=63.0, diversity=0.18 | INDIVIDUALS: n=200, avg_genome_length=20.905
2021-12-16 05:35:49.509754 | GENERATION: 248 | ERRORS: best=1, median=71.0, diversity=0.2 | INDIVIDUALS: n=200, avg_genome_length=20.4
2021-12-16 05:35:52.627219 | GENERATION: 249 | ERRORS: best=1, median=66.0, diversity=0.235 | INDIVIDUALS: n=200, avg_genome_length=20.67
2021-12-16 05:35:55.832738 | GENERATION: 250 | ERRORS: best=1, median=72.0, diversity=0.215 | INDIVIDUALS: n=200, avg_genome_length=21.405
2021-12-16 05:35:59.025311 | GENERATION: 251 | ERRORS: best=1, median=73.0, diversity=0.23 | INDIVIDUALS: n=200, avg_genome_length=20.34
2021-12-16 05:36:01.002448 | GENERATION: 252 | ERRORS: best=1, median=65.0, diversity=0.255 | INDIVIDUALS: n=200, avg_genome_length=19.045
2021-12-16 05:36:02.932529 | GENERATION: 253 | ERRORS: best=1, median=44.5, diversity=0.26 | INDIVIDUALS: n=200, avg_genome_length=17.615
2021-12-16 05:36:04.977036 | GENERATION: 254 | ERRORS: best=1, median=57.0, diversity=0.225 | INDIVIDUALS: n=200, avg_genome_length=19.21
2021-12-16 05:36:06.800210 | GENERATION: 255 | ERRORS: best=1, median=57.0, diversity=0.195 | INDIVIDUALS: n=200, avg_genome_length=21.07
2021-12-16 05:36:08.857582 | GENERATION: 256 | ERRORS: best=1, median=69.0, diversity=0.195 | INDIVIDUALS: n=200, avg_genome_length=21.455
2021-12-16 05:36:10.817014 | GENERATION: 257 | ERRORS: best=1, median=57.0, diversity=0.195 | INDIVIDUALS: n=200, avg_genome_length=21.44
2021-12-16 05:36:12.986117 | GENERATION: 258 | ERRORS: best=1, median=59.0, diversity=0.18 | INDIVIDUALS: n=200, avg_genome_length=21.58
2021-12-16 05:36:14.813176 | GENERATION: 259 | ERRORS: best=1, median=59.0, diversity=0.155 | INDIVIDUALS: n=200, avg_genome_length=21.375
2021-12-16 05:36:16.625433 | GENERATION: 260 | ERRORS: best=1, median=69.0, diversity=0.2 | INDIVIDUALS: n=200, avg_genome_length=20.75
2021-12-16 05:36:18.848212 | GENERATION: 261 | ERRORS: best=1, median=59.0, diversity=0.15 | INDIVIDUALS: n=200, avg_genome_length=19.38
2021-12-16 05:36:21.291681 | GENERATION: 262 | ERRORS: best=1, median=78.0, diversity=0.155 | INDIVIDUALS: n=200, avg_genome_length=19.325
2021-12-16 05:36:23.712577 | GENERATION: 263 | ERRORS: best=1, median=58.5, diversity=0.2 | INDIVIDUALS: n=200, avg_genome_length=19.7
2021-12-16 05:36:25.667468 | GENERATION: 264 | ERRORS: best=1, median=65.5, diversity=0.16 | INDIVIDUALS: n=200, avg_genome_length=19.88
2021-12-16 05:36:28.015352 | GENERATION: 265 | ERRORS: best=1, median=57.0, diversity=0.17 | INDIVIDUALS: n=200, avg_genome_length=20.5
2021-12-16 05:36:29.775981 | GENERATION: 266 | ERRORS: best=1, median=40.5, diversity=0.225 | INDIVIDUALS: n=200, avg_genome_length=21.4
2021-12-16 05:36:31.546094 | GENERATION: 267 | ERRORS: best=1, median=57.0, diversity=0.215 | INDIVIDUALS: n=200, avg_genome_length=21.725
2021-12-16 05:36:33.259375 | GENERATION: 268 | ERRORS: best=1, median=38.5, diversity=0.235 | INDIVIDUALS: n=200, avg_genome_length=20.98
2021-12-16 05:36:35.466977 | GENERATION: 269 | ERRORS: best=1, median=57.0, diversity=0.24 | INDIVIDUALS: n=200, avg_genome_length=21.36
2021-12-16 05:36:37.525078 | GENERATION: 270 | ERRORS: best=1, median=57.0, diversity=0.225 | INDIVIDUALS: n=200, avg_genome_length=21.21
2021-12-16 05:36:39.251793 | GENERATION: 271 | ERRORS: best=1, median=57.0, diversity=0.19 | INDIVIDUALS: n=200, avg_genome_length=20.955
2021-12-16 05:36:40.918429 | GENERATION: 272 | ERRORS: best=1, median=57.0, diversity=0.22 | INDIVIDUALS: n=200, avg_genome_length=19.48
2021-12-16 05:36:42.929100 | GENERATION: 273 | ERRORS: best=1, median=57.0, diversity=0.205 | INDIVIDUALS: n=200, avg_genome_length=19.115
2021-12-16 05:36:45.064951 | GENERATION: 274 | ERRORS: best=1, median=57.0, diversity=0.24 | INDIVIDUALS: n=200, avg_genome_length=19.69
2021-12-16 05:36:47.263928 | GENERATION: 275 | ERRORS: best=1, median=58.5, diversity=0.185 | INDIVIDUALS: n=200, avg_genome_length=24.345
2021-12-16 05:36:49.092840 | GENERATION: 276 | ERRORS: best=1, median=59.0, diversity=0.17 | INDIVIDUALS: n=200, avg_genome_length=23.93
2021-12-16 05:36:51.288614 | GENERATION: 277 | ERRORS: best=1, median=53000033.5, diversity=0.135 | INDIVIDUALS: n=200, avg_genome_length=26.155
2021-12-16 05:36:53.201619 | GENERATION: 278 | ERRORS: best=1, median=70.5, diversity=0.155 | INDIVIDUALS: n=200, avg_genome_length=25.12
2021-12-16 05:36:55.258143 | GENERATION: 279 | ERRORS: best=1, median=91000002.0, diversity=0.185 | INDIVIDUALS: n=200, avg_genome_length=23.78
2021-12-16 05:36:57.394210 | GENERATION: 280 | ERRORS: best=1, median=78.0, diversity=0.145 | INDIVIDUALS: n=200, avg_genome_length=24.75
2021-12-16 05:36:59.275807 | GENERATION: 281 | ERRORS: best=1, median=78.0, diversity=0.18 | INDIVIDUALS: n=200, avg_genome_length=25.885
2021-12-16 05:37:01.128834 | GENERATION: 282 | ERRORS: best=1, median=78.0, diversity=0.205 | INDIVIDUALS: n=200, avg_genome_length=23.88
2021-12-16 05:37:03.143850 | GENERATION: 283 | ERRORS: best=1, median=67.5, diversity=0.21 | INDIVIDUALS: n=200, avg_genome_length=25.085
2021-12-16 05:37:05.140315 | GENERATION: 284 | ERRORS: best=1, median=41.5, diversity=0.215 | INDIVIDUALS: n=200, avg_genome_length=25.035
2021-12-16 05:37:07.215832 | GENERATION: 285 | ERRORS: best=1, median=55.0, diversity=0.2 | INDIVIDUALS: n=200, avg_genome_length=23.19
2021-12-16 05:37:09.269816 | GENERATION: 286 | ERRORS: best=1, median=22.0, diversity=0.225 | INDIVIDUALS: n=200, avg_genome_length=22.83
2021-12-16 05:37:11.070808 | GENERATION: 287 | ERRORS: best=1, median=29.0, diversity=0.23 | INDIVIDUALS: n=200, avg_genome_length=22.775
2021-12-16 05:37:13.043915 | GENERATION: 288 | ERRORS: best=1, median=24.0, diversity=0.21 | INDIVIDUALS: n=200, avg_genome_length=24.585
2021-12-16 05:37:15.081435 | GENERATION: 289 | ERRORS: best=1, median=26.5, diversity=0.215 | INDIVIDUALS: n=200, avg_genome_length=25.06
2021-12-16 05:37:17.331315 | GENERATION: 290 | ERRORS: best=1, median=37.5, diversity=0.205 | INDIVIDUALS: n=200, avg_genome_length=25.2
2021-12-16 05:37:19.444169 | GENERATION: 291 | ERRORS: best=1, median=57.0, diversity=0.2 | INDIVIDUALS: n=200, avg_genome_length=23.845
2021-12-16 05:37:21.246498 | GENERATION: 292 | ERRORS: best=1, median=33.5, diversity=0.175 | INDIVIDUALS: n=200, avg_genome_length=22.2
2021-12-16 05:37:23.032780 | GENERATION: 293 | ERRORS: best=1, median=57.0, diversity=0.2 | INDIVIDUALS: n=200, avg_genome_length=23.685
2021-12-16 05:37:24.933919 | GENERATION: 294 | ERRORS: best=1, median=57.0, diversity=0.2 | INDIVIDUALS: n=200, avg_genome_length=23.31
2021-12-16 05:37:26.961441 | GENERATION: 295 | ERRORS: best=1, median=57.0, diversity=0.245 | INDIVIDUALS: n=200, avg_genome_length=23.52
2021-12-16 05:37:29.474929 | GENERATION: 296 | ERRORS: best=1, median=73.0, diversity=0.235 | INDIVIDUALS: n=200, avg_genome_length=23.885
2021-12-16 05:37:31.862330 | GENERATION: 297 | ERRORS: best=1, median=59.0, diversity=0.29 | INDIVIDUALS: n=200, avg_genome_length=27.92
2021-12-16 05:37:34.351807 | GENERATION: 298 | ERRORS: best=1, median=76.5, diversity=0.275 | INDIVIDUALS: n=200, avg_genome_length=32.305
2021-12-16 05:37:37.578263 | GENERATION: 299 | ERRORS: best=1, median=76.0, diversity=0.275 | INDIVIDUALS: n=200, avg_genome_length=31.125
2021-12-16 05:37:40.019292 | GENERATION: 300 | ERRORS: best=1, median=78.0, diversity=0.315 | INDIVIDUALS: n=200, avg_genome_length=30.735
Simplifying genome of length 21 with total error 1.
Simplified genome by 1 to length 20.
Simplified genome by 1 to length 19.
Simplified genome by 1 to length 18.
Simplified genome by 2 to length 16.
Simplified genome by 1 to length 15.
Simplified genome by 1 to length 14.
Simplified genome by 1 to length 13.
Simplified genome by 1 to length 12.
Simplified genome by 1 to length 11.
Simplified genome to length 11 and total error 1.
========================================
End Run
========================================
No solution found.
Best Seen Individual
	Genome:
	 pvector([Input(input_index=2), Input(input_index=1), InstructionMeta(name='str_length', code_blocks=0), Input(input_index=1), InstructionMeta(name='str_length', code_blocks=0), InstructionMeta(name='str_head', code_blocks=0), InstructionMeta(name='str_tail', code_blocks=0), Input(input_index=0), InstructionMeta(name='str_length', code_blocks=0), InstructionMeta(name='str_length', code_blocks=0), InstructionMeta(name='int_lt', code_blocks=0)])
	Program:
	 (input_2 input_1 str_length input_1 str_length str_head str_tail input_0 str_length str_length int_lt)
	Error vector:
	 [0 0 0 0 0 0 0 0 0 0 0 0 0 0 0 0 0 0 0 0 0 0 0 0 0 0 0 0 0 0 0 0 1 0 0 0 0
 0 0 0 0 0 0 0 0 0 0 0 0 0 0 0 0 0 0 0 0 0 0 0 0 0 0 0 0 0 0 0 0 0 0 0 0 0
 0 0 0 0 0 0 0 0 0 0 0 0 0 0 0 0 0 0 0 0 0 0 0 0 0 0]
	Total error:
	 1
	Test error:
	 22
	Time:
	 00:16:15
