Included 22 edge cases.
Included 78 random cases.
Included 100 cases in total.
Finished formatting.
Included 0 edge cases.
Included 1000 random cases.
Included 1000 cases in total.
Finished formatting.
========================================
Setup
========================================
Search Configuration:
signature: ProgramSignature(push_config=PushConfig(growth_cap=500, numeric_magnitude_limit=1000000000000.0, step_limit=600, collection_size_cap=1000, runtime_limit=10), arity=3, output_stacks=['bool'])
evaluator: <pyshgp.gp.evaluation.DatasetEvaluator object at 0x7fe6fa0b4610>
spawner: <pyshgp.gp.genome.GeneSpawner object at 0x7fe6fa0abe80>
population_size: 200
max_generations: 300
error_threshold: 0.0
initial_genome_size: (40, 200)
simplification_steps: 500
parallel_context: <pyshgp.gp.search.ParallelContext object at 0x7fe6fa0b4640>
selection: <pyshgp.utils.DiscreteProbDistrib object at 0x7fe6ee8a4540>
variation: <pyshgp.utils.DiscreteProbDistrib object at 0x7fe6ee8a4300>
Instructions:
int_add, int_sub, int_mult, int_div, int_mod, int_min, int_max, int_inc, int_dec, int_lt, int_lte, int_gt, int_gte, int_from_bool, str_concat, str_insert_str, str_from_first_char, str_from_last_char, str_from_nth_char, str_contains_str, str_index_of_str, str_split_on_str, str_replace_first_str, str_replace_n_str, str_replace_all_str, str_remove_first_str, str_remove_n_str, str_remove_all_str, str_occurrences_of_str, str_reverse, str_head, str_tail, str_rest, str_but_last, str_drop, str_but_last_n, str_length, str_make_empty, str_is_empty_string, str_remove_nth, str_strip_whitespace, str_from_bool, str_from_int, bool_and, bool_or, bool_not, bool_xor, bool_invert_first_then_and, bool_second_first_then_and, bool_from_int, noop, noop_open, exec_do_range, exec_do_count, exec_while, exec_do_while, exec_if, exec_when, print_bool, println_bool, print_int, println_int, print_str, println_str, print_exec, println_exec, bool_pop, bool_dup, bool_dup_times, bool_swap, bool_rot, bool_flush, bool_eq, bool_stack_depth, bool_yank, bool_yank_dup, bool_shove, bool_shove_dup, bool_is_empty, int_pop, int_dup, int_dup_times, int_swap, int_rot, int_flush, int_eq, int_stack_depth, int_yank, int_yank_dup, int_shove, int_shove_dup, int_is_empty, str_pop, str_dup, str_dup_times, str_swap, str_rot, str_flush, str_eq, str_stack_depth, str_yank, str_yank_dup, str_shove, str_shove_dup, str_is_empty, exec_pop, exec_dup, exec_dup_times, exec_swap, exec_rot, exec_flush, exec_eq, exec_stack_depth, exec_yank, exec_yank_dup, exec_shove, exec_shove_dup, exec_is_empty
Literals:
[]
ERC Generators:
[<function rand_bool at 0x7fe6fa0b0790>]
========================================
Start Run
========================================
2021-12-06 23:28:26.190263 | GENERATION: 1 | ERRORS: best=32, median=55000017.5, diversity=0.025 | INDIVIDUALS: n=200, avg_genome_length=117.215
2021-12-06 23:28:32.094056 | GENERATION: 2 | ERRORS: best=32, median=32.0, diversity=0.035 | INDIVIDUALS: n=200, avg_genome_length=140.845
2021-12-06 23:28:37.406349 | GENERATION: 3 | ERRORS: best=32, median=42.0, diversity=0.1 | INDIVIDUALS: n=200, avg_genome_length=123.29
2021-12-06 23:28:43.968150 | GENERATION: 4 | ERRORS: best=30, median=68.0, diversity=0.13 | INDIVIDUALS: n=200, avg_genome_length=129.42
2021-12-06 23:28:52.462523 | GENERATION: 5 | ERRORS: best=28, median=59.5, diversity=0.23 | INDIVIDUALS: n=200, avg_genome_length=133.475
2021-12-06 23:29:03.462379 | GENERATION: 6 | ERRORS: best=30, median=50.0, diversity=0.425 | INDIVIDUALS: n=200, avg_genome_length=141.44
2021-12-06 23:29:14.626569 | GENERATION: 7 | ERRORS: best=31, median=63.5, diversity=0.5 | INDIVIDUALS: n=200, avg_genome_length=139.085
2021-12-06 23:29:26.591929 | GENERATION: 8 | ERRORS: best=27, median=61.5, diversity=0.53 | INDIVIDUALS: n=200, avg_genome_length=133.805
2021-12-06 23:29:36.161393 | GENERATION: 9 | ERRORS: best=27, median=60.0, diversity=0.475 | INDIVIDUALS: n=200, avg_genome_length=134.0
2021-12-06 23:29:45.702551 | GENERATION: 10 | ERRORS: best=22, median=62.5, diversity=0.545 | INDIVIDUALS: n=200, avg_genome_length=132.415
2021-12-06 23:29:56.004966 | GENERATION: 11 | ERRORS: best=19, median=64.0, diversity=0.535 | INDIVIDUALS: n=200, avg_genome_length=130.44
2021-12-06 23:30:07.461866 | GENERATION: 12 | ERRORS: best=19, median=60.0, diversity=0.5 | INDIVIDUALS: n=200, avg_genome_length=131.91
2021-12-06 23:30:20.498362 | GENERATION: 13 | ERRORS: best=15, median=66.5, diversity=0.5 | INDIVIDUALS: n=200, avg_genome_length=125.915
2021-12-06 23:30:34.693318 | GENERATION: 14 | ERRORS: best=21, median=62.5, diversity=0.46 | INDIVIDUALS: n=200, avg_genome_length=119.745
2021-12-06 23:30:47.375315 | GENERATION: 15 | ERRORS: best=22, median=65.5, diversity=0.465 | INDIVIDUALS: n=200, avg_genome_length=116.525
2021-12-06 23:31:00.185584 | GENERATION: 16 | ERRORS: best=18, median=58.0, diversity=0.43 | INDIVIDUALS: n=200, avg_genome_length=111.73
2021-12-06 23:31:13.642852 | GENERATION: 17 | ERRORS: best=18, median=62.0, diversity=0.51 | INDIVIDUALS: n=200, avg_genome_length=110.77
2021-12-06 23:31:28.191956 | GENERATION: 18 | ERRORS: best=17, median=37.5, diversity=0.475 | INDIVIDUALS: n=200, avg_genome_length=110.58
2021-12-06 23:31:44.189778 | GENERATION: 19 | ERRORS: best=17, median=46.5, diversity=0.49 | INDIVIDUALS: n=200, avg_genome_length=111.095
2021-12-06 23:32:01.798712 | GENERATION: 20 | ERRORS: best=16, median=46.5, diversity=0.585 | INDIVIDUALS: n=200, avg_genome_length=108.33
2021-12-06 23:32:17.099419 | GENERATION: 21 | ERRORS: best=15, median=35.5, diversity=0.575 | INDIVIDUALS: n=200, avg_genome_length=108.67
2021-12-06 23:32:30.656412 | GENERATION: 22 | ERRORS: best=13, median=43.0, diversity=0.575 | INDIVIDUALS: n=200, avg_genome_length=104.645
2021-12-06 23:32:42.399717 | GENERATION: 23 | ERRORS: best=14, median=35.0, diversity=0.535 | INDIVIDUALS: n=200, avg_genome_length=102.14
2021-12-06 23:32:53.146868 | GENERATION: 24 | ERRORS: best=19, median=32.0, diversity=0.505 | INDIVIDUALS: n=200, avg_genome_length=99.18
2021-12-06 23:33:01.589396 | GENERATION: 25 | ERRORS: best=15, median=32.0, diversity=0.505 | INDIVIDUALS: n=200, avg_genome_length=98.315
2021-12-06 23:33:09.753308 | GENERATION: 26 | ERRORS: best=16, median=35.5, diversity=0.555 | INDIVIDUALS: n=200, avg_genome_length=100.225
2021-12-06 23:33:19.314890 | GENERATION: 27 | ERRORS: best=13, median=34.0, diversity=0.575 | INDIVIDUALS: n=200, avg_genome_length=102.84
2021-12-06 23:33:30.446886 | GENERATION: 28 | ERRORS: best=16, median=33.0, diversity=0.565 | INDIVIDUALS: n=200, avg_genome_length=100.895
2021-12-06 23:33:42.301725 | GENERATION: 29 | ERRORS: best=16, median=32.0, diversity=0.59 | INDIVIDUALS: n=200, avg_genome_length=96.9
2021-12-06 23:33:53.610209 | GENERATION: 30 | ERRORS: best=15, median=33.5, diversity=0.55 | INDIVIDUALS: n=200, avg_genome_length=95.03
2021-12-06 23:34:05.792349 | GENERATION: 31 | ERRORS: best=13, median=38.0, diversity=0.655 | INDIVIDUALS: n=200, avg_genome_length=93.82
2021-12-06 23:34:18.484760 | GENERATION: 32 | ERRORS: best=13, median=34.0, diversity=0.63 | INDIVIDUALS: n=200, avg_genome_length=90.955
2021-12-06 23:34:31.008357 | GENERATION: 33 | ERRORS: best=14, median=36.0, diversity=0.625 | INDIVIDUALS: n=200, avg_genome_length=86.19
2021-12-06 23:34:43.512524 | GENERATION: 34 | ERRORS: best=14, median=34.0, diversity=0.68 | INDIVIDUALS: n=200, avg_genome_length=82.485
2021-12-06 23:34:56.267445 | GENERATION: 35 | ERRORS: best=14, median=34.0, diversity=0.65 | INDIVIDUALS: n=200, avg_genome_length=81.585
2021-12-06 23:35:09.948687 | GENERATION: 36 | ERRORS: best=12, median=38.0, diversity=0.72 | INDIVIDUALS: n=200, avg_genome_length=82.245
2021-12-06 23:35:23.294904 | GENERATION: 37 | ERRORS: best=13, median=32.5, diversity=0.705 | INDIVIDUALS: n=200, avg_genome_length=84.49
2021-12-06 23:35:35.802717 | GENERATION: 38 | ERRORS: best=13, median=32.0, diversity=0.645 | INDIVIDUALS: n=200, avg_genome_length=81.055
2021-12-06 23:35:47.333982 | GENERATION: 39 | ERRORS: best=13, median=33.0, diversity=0.595 | INDIVIDUALS: n=200, avg_genome_length=78.15
2021-12-06 23:36:01.450461 | GENERATION: 40 | ERRORS: best=16, median=38.0, diversity=0.67 | INDIVIDUALS: n=200, avg_genome_length=80.235
2021-12-06 23:36:14.331295 | GENERATION: 41 | ERRORS: best=14, median=33.0, diversity=0.675 | INDIVIDUALS: n=200, avg_genome_length=78.16
2021-12-06 23:36:27.496461 | GENERATION: 42 | ERRORS: best=16, median=39.5, diversity=0.73 | INDIVIDUALS: n=200, avg_genome_length=79.695
2021-12-06 23:36:38.397185 | GENERATION: 43 | ERRORS: best=18, median=32.0, diversity=0.605 | INDIVIDUALS: n=200, avg_genome_length=76.56
2021-12-06 23:36:50.824224 | GENERATION: 44 | ERRORS: best=19, median=43.5, diversity=0.71 | INDIVIDUALS: n=200, avg_genome_length=75.9
2021-12-06 23:37:00.159306 | GENERATION: 45 | ERRORS: best=15, median=43.0, diversity=0.605 | INDIVIDUALS: n=200, avg_genome_length=75.99
2021-12-06 23:37:07.328839 | GENERATION: 46 | ERRORS: best=15, median=36.5, diversity=0.615 | INDIVIDUALS: n=200, avg_genome_length=72.26
2021-12-06 23:37:14.553977 | GENERATION: 47 | ERRORS: best=13, median=38.0, diversity=0.535 | INDIVIDUALS: n=200, avg_genome_length=70.485
2021-12-06 23:37:21.010863 | GENERATION: 48 | ERRORS: best=15, median=34.0, diversity=0.505 | INDIVIDUALS: n=200, avg_genome_length=68.99
2021-12-06 23:37:27.141208 | GENERATION: 49 | ERRORS: best=13, median=33.0, diversity=0.555 | INDIVIDUALS: n=200, avg_genome_length=67.23
2021-12-06 23:37:32.364333 | GENERATION: 50 | ERRORS: best=13, median=33.5, diversity=0.665 | INDIVIDUALS: n=200, avg_genome_length=67.71
2021-12-06 23:37:37.453714 | GENERATION: 51 | ERRORS: best=12, median=33.5, diversity=0.59 | INDIVIDUALS: n=200, avg_genome_length=69.195
2021-12-06 23:37:41.948730 | GENERATION: 52 | ERRORS: best=13, median=32.0, diversity=0.655 | INDIVIDUALS: n=200, avg_genome_length=68.41
2021-12-06 23:37:46.430133 | GENERATION: 53 | ERRORS: best=12, median=32.0, diversity=0.58 | INDIVIDUALS: n=200, avg_genome_length=65.185
2021-12-06 23:37:50.774269 | GENERATION: 54 | ERRORS: best=13, median=35.0, diversity=0.605 | INDIVIDUALS: n=200, avg_genome_length=62.485
2021-12-06 23:37:54.526345 | GENERATION: 55 | ERRORS: best=13, median=35.5, diversity=0.545 | INDIVIDUALS: n=200, avg_genome_length=58.95
2021-12-06 23:37:58.244447 | GENERATION: 56 | ERRORS: best=12, median=38.5, diversity=0.615 | INDIVIDUALS: n=200, avg_genome_length=57.125
2021-12-06 23:38:01.747851 | GENERATION: 57 | ERRORS: best=13, median=34.0, diversity=0.625 | INDIVIDUALS: n=200, avg_genome_length=54.805
2021-12-06 23:38:05.767365 | GENERATION: 58 | ERRORS: best=15, median=35.0, diversity=0.585 | INDIVIDUALS: n=200, avg_genome_length=54.6
2021-12-06 23:38:09.879880 | GENERATION: 59 | ERRORS: best=15, median=32.0, diversity=0.585 | INDIVIDUALS: n=200, avg_genome_length=55.04
2021-12-06 23:38:13.220337 | GENERATION: 60 | ERRORS: best=14, median=32.0, diversity=0.535 | INDIVIDUALS: n=200, avg_genome_length=53.115
2021-12-06 23:38:16.423996 | GENERATION: 61 | ERRORS: best=14, median=32.0, diversity=0.545 | INDIVIDUALS: n=200, avg_genome_length=51.96
2021-12-06 23:38:19.957839 | GENERATION: 62 | ERRORS: best=13, median=32.0, diversity=0.56 | INDIVIDUALS: n=200, avg_genome_length=52.035
2021-12-06 23:38:23.357597 | GENERATION: 63 | ERRORS: best=14, median=32.0, diversity=0.58 | INDIVIDUALS: n=200, avg_genome_length=50.555
2021-12-06 23:38:26.532694 | GENERATION: 64 | ERRORS: best=15, median=32.0, diversity=0.56 | INDIVIDUALS: n=200, avg_genome_length=49.92
2021-12-06 23:38:30.035908 | GENERATION: 65 | ERRORS: best=15, median=32.5, diversity=0.535 | INDIVIDUALS: n=200, avg_genome_length=49.23
2021-12-06 23:38:33.212734 | GENERATION: 66 | ERRORS: best=13, median=34.0, diversity=0.54 | INDIVIDUALS: n=200, avg_genome_length=48.355
2021-12-06 23:38:36.905032 | GENERATION: 67 | ERRORS: best=15, median=39.0, diversity=0.535 | INDIVIDUALS: n=200, avg_genome_length=47.67
2021-12-06 23:38:40.456345 | GENERATION: 68 | ERRORS: best=15, median=32.0, diversity=0.555 | INDIVIDUALS: n=200, avg_genome_length=48.535
2021-12-06 23:38:43.814576 | GENERATION: 69 | ERRORS: best=16, median=36.0, diversity=0.525 | INDIVIDUALS: n=200, avg_genome_length=48.13
2021-12-06 23:38:47.152453 | GENERATION: 70 | ERRORS: best=17, median=33.0, diversity=0.55 | INDIVIDUALS: n=200, avg_genome_length=46.475
2021-12-06 23:38:50.462893 | GENERATION: 71 | ERRORS: best=17, median=32.0, diversity=0.5 | INDIVIDUALS: n=200, avg_genome_length=45.73
2021-12-06 23:38:54.573727 | GENERATION: 72 | ERRORS: best=14, median=49.0, diversity=0.49 | INDIVIDUALS: n=200, avg_genome_length=45.305
2021-12-06 23:38:58.747876 | GENERATION: 73 | ERRORS: best=13, median=49.5, diversity=0.55 | INDIVIDUALS: n=200, avg_genome_length=46.715
2021-12-06 23:39:03.316330 | GENERATION: 74 | ERRORS: best=14, median=56.0, diversity=0.54 | INDIVIDUALS: n=200, avg_genome_length=48.57
2021-12-06 23:39:07.135747 | GENERATION: 75 | ERRORS: best=14, median=45.5, diversity=0.55 | INDIVIDUALS: n=200, avg_genome_length=49.05
2021-12-06 23:39:11.058070 | GENERATION: 76 | ERRORS: best=13, median=62.5, diversity=0.465 | INDIVIDUALS: n=200, avg_genome_length=50.06
2021-12-06 23:39:15.218007 | GENERATION: 77 | ERRORS: best=13, median=36.0, diversity=0.495 | INDIVIDUALS: n=200, avg_genome_length=49.995
2021-12-06 23:39:18.919126 | GENERATION: 78 | ERRORS: best=13, median=32.5, diversity=0.565 | INDIVIDUALS: n=200, avg_genome_length=49.455
2021-12-06 23:39:22.915821 | GENERATION: 79 | ERRORS: best=13, median=33.0, diversity=0.53 | INDIVIDUALS: n=200, avg_genome_length=51.45
2021-12-06 23:39:26.968164 | GENERATION: 80 | ERRORS: best=13, median=32.0, diversity=0.52 | INDIVIDUALS: n=200, avg_genome_length=53.355
2021-12-06 23:39:30.791902 | GENERATION: 81 | ERRORS: best=14, median=32.0, diversity=0.55 | INDIVIDUALS: n=200, avg_genome_length=53.92
2021-12-06 23:39:34.973926 | GENERATION: 82 | ERRORS: best=14, median=68.0, diversity=0.53 | INDIVIDUALS: n=200, avg_genome_length=52.91
2021-12-06 23:39:39.166117 | GENERATION: 83 | ERRORS: best=13, median=68.0, diversity=0.565 | INDIVIDUALS: n=200, avg_genome_length=55.02
2021-12-06 23:39:44.947706 | GENERATION: 84 | ERRORS: best=13, median=60.0, diversity=0.58 | INDIVIDUALS: n=200, avg_genome_length=55.055
2021-12-06 23:39:49.711212 | GENERATION: 85 | ERRORS: best=13, median=55.0, diversity=0.615 | INDIVIDUALS: n=200, avg_genome_length=56.585
2021-12-06 23:39:54.041569 | GENERATION: 86 | ERRORS: best=14, median=39.0, diversity=0.57 | INDIVIDUALS: n=200, avg_genome_length=57.15
2021-12-06 23:39:58.394893 | GENERATION: 87 | ERRORS: best=15, median=40.0, diversity=0.65 | INDIVIDUALS: n=200, avg_genome_length=57.835
2021-12-06 23:40:03.160404 | GENERATION: 88 | ERRORS: best=13, median=34.0, diversity=0.56 | INDIVIDUALS: n=200, avg_genome_length=57.99
2021-12-06 23:40:07.504460 | GENERATION: 89 | ERRORS: best=13, median=37.0, diversity=0.54 | INDIVIDUALS: n=200, avg_genome_length=59.375
2021-12-06 23:40:12.582002 | GENERATION: 90 | ERRORS: best=13, median=34.0, diversity=0.555 | INDIVIDUALS: n=200, avg_genome_length=57.955
2021-12-06 23:40:17.873888 | GENERATION: 91 | ERRORS: best=13, median=37.5, diversity=0.605 | INDIVIDUALS: n=200, avg_genome_length=56.575
2021-12-06 23:40:22.135864 | GENERATION: 92 | ERRORS: best=12, median=34.5, diversity=0.54 | INDIVIDUALS: n=200, avg_genome_length=57.41
2021-12-06 23:40:27.399464 | GENERATION: 93 | ERRORS: best=13, median=35.5, diversity=0.565 | INDIVIDUALS: n=200, avg_genome_length=59.88
2021-12-06 23:40:31.622249 | GENERATION: 94 | ERRORS: best=14, median=52.0, diversity=0.585 | INDIVIDUALS: n=200, avg_genome_length=58.165
2021-12-06 23:40:35.819282 | GENERATION: 95 | ERRORS: best=12, median=48.0, diversity=0.535 | INDIVIDUALS: n=200, avg_genome_length=58.42
2021-12-06 23:40:39.953487 | GENERATION: 96 | ERRORS: best=12, median=67.0, diversity=0.525 | INDIVIDUALS: n=200, avg_genome_length=52.71
2021-12-06 23:40:44.681381 | GENERATION: 97 | ERRORS: best=13, median=67.0, diversity=0.59 | INDIVIDUALS: n=200, avg_genome_length=51.63
2021-12-06 23:40:49.074755 | GENERATION: 98 | ERRORS: best=12, median=34.0, diversity=0.555 | INDIVIDUALS: n=200, avg_genome_length=49.29
2021-12-06 23:40:52.945383 | GENERATION: 99 | ERRORS: best=12, median=36.0, diversity=0.525 | INDIVIDUALS: n=200, avg_genome_length=49.26
2021-12-06 23:40:56.557874 | GENERATION: 100 | ERRORS: best=12, median=52.5, diversity=0.545 | INDIVIDUALS: n=200, avg_genome_length=52.01
2021-12-06 23:41:00.916713 | GENERATION: 101 | ERRORS: best=12, median=51.0, diversity=0.56 | INDIVIDUALS: n=200, avg_genome_length=51.06
2021-12-06 23:41:04.320052 | GENERATION: 102 | ERRORS: best=12, median=33.0, diversity=0.525 | INDIVIDUALS: n=200, avg_genome_length=50.715
2021-12-06 23:41:07.563142 | GENERATION: 103 | ERRORS: best=12, median=39.5, diversity=0.62 | INDIVIDUALS: n=200, avg_genome_length=52.83
2021-12-06 23:41:11.154165 | GENERATION: 104 | ERRORS: best=12, median=34.0, diversity=0.575 | INDIVIDUALS: n=200, avg_genome_length=56.535
2021-12-06 23:41:15.202583 | GENERATION: 105 | ERRORS: best=14, median=36.0, diversity=0.645 | INDIVIDUALS: n=200, avg_genome_length=57.755
2021-12-06 23:41:19.065037 | GENERATION: 106 | ERRORS: best=14, median=34.5, diversity=0.56 | INDIVIDUALS: n=200, avg_genome_length=59.66
2021-12-06 23:41:22.976360 | GENERATION: 107 | ERRORS: best=13, median=41.5, diversity=0.575 | INDIVIDUALS: n=200, avg_genome_length=62.57
2021-12-06 23:41:27.403346 | GENERATION: 108 | ERRORS: best=13, median=34.5, diversity=0.625 | INDIVIDUALS: n=200, avg_genome_length=63.325
2021-12-06 23:41:31.842917 | GENERATION: 109 | ERRORS: best=15, median=36.5, diversity=0.535 | INDIVIDUALS: n=200, avg_genome_length=65.165
2021-12-06 23:41:36.042643 | GENERATION: 110 | ERRORS: best=12, median=48.0, diversity=0.49 | INDIVIDUALS: n=200, avg_genome_length=65.39
2021-12-06 23:41:40.153628 | GENERATION: 111 | ERRORS: best=13, median=41.5, diversity=0.505 | INDIVIDUALS: n=200, avg_genome_length=63.7
2021-12-06 23:41:43.908666 | GENERATION: 112 | ERRORS: best=13, median=64.5, diversity=0.52 | INDIVIDUALS: n=200, avg_genome_length=63.47
2021-12-06 23:41:48.135561 | GENERATION: 113 | ERRORS: best=13, median=68.0, diversity=0.555 | INDIVIDUALS: n=200, avg_genome_length=64.22
2021-12-06 23:41:52.449917 | GENERATION: 114 | ERRORS: best=16, median=68.0, diversity=0.58 | INDIVIDUALS: n=200, avg_genome_length=64.29
2021-12-06 23:41:56.889709 | GENERATION: 115 | ERRORS: best=14, median=68.0, diversity=0.575 | INDIVIDUALS: n=200, avg_genome_length=65.92
2021-12-06 23:42:01.206781 | GENERATION: 116 | ERRORS: best=12, median=68.0, diversity=0.635 | INDIVIDUALS: n=200, avg_genome_length=67.54
2021-12-06 23:42:06.238497 | GENERATION: 117 | ERRORS: best=13, median=32.0, diversity=0.58 | INDIVIDUALS: n=200, avg_genome_length=68.4
2021-12-06 23:42:11.171047 | GENERATION: 118 | ERRORS: best=13, median=61.0, diversity=0.58 | INDIVIDUALS: n=200, avg_genome_length=68.415
2021-12-06 23:42:15.469910 | GENERATION: 119 | ERRORS: best=13, median=51.0, diversity=0.645 | INDIVIDUALS: n=200, avg_genome_length=66.235
2021-12-06 23:42:20.079140 | GENERATION: 120 | ERRORS: best=13, median=61.5, diversity=0.55 | INDIVIDUALS: n=200, avg_genome_length=67.335
2021-12-06 23:42:24.486940 | GENERATION: 121 | ERRORS: best=13, median=44.0, diversity=0.615 | INDIVIDUALS: n=200, avg_genome_length=66.575
2021-12-06 23:42:28.201102 | GENERATION: 122 | ERRORS: best=13, median=43.5, diversity=0.65 | INDIVIDUALS: n=200, avg_genome_length=61.96
2021-12-06 23:42:31.877481 | GENERATION: 123 | ERRORS: best=13, median=33.0, diversity=0.605 | INDIVIDUALS: n=200, avg_genome_length=60.67
2021-12-06 23:42:35.882540 | GENERATION: 124 | ERRORS: best=12, median=37.0, diversity=0.66 | INDIVIDUALS: n=200, avg_genome_length=59.155
2021-12-06 23:42:39.838674 | GENERATION: 125 | ERRORS: best=14, median=39.0, diversity=0.635 | INDIVIDUALS: n=200, avg_genome_length=55.15
2021-12-06 23:42:43.829817 | GENERATION: 126 | ERRORS: best=14, median=35.0, diversity=0.61 | INDIVIDUALS: n=200, avg_genome_length=54.555
2021-12-06 23:42:48.202005 | GENERATION: 127 | ERRORS: best=13, median=40.5, diversity=0.62 | INDIVIDUALS: n=200, avg_genome_length=54.295
2021-12-06 23:42:52.668790 | GENERATION: 128 | ERRORS: best=13, median=32.5, diversity=0.545 | INDIVIDUALS: n=200, avg_genome_length=54.575
2021-12-06 23:42:56.931829 | GENERATION: 129 | ERRORS: best=14, median=32.0, diversity=0.545 | INDIVIDUALS: n=200, avg_genome_length=52.785
2021-12-06 23:43:00.610380 | GENERATION: 130 | ERRORS: best=13, median=33.5, diversity=0.56 | INDIVIDUALS: n=200, avg_genome_length=52.86
2021-12-06 23:43:03.889756 | GENERATION: 131 | ERRORS: best=14, median=32.0, diversity=0.525 | INDIVIDUALS: n=200, avg_genome_length=49.085
2021-12-06 23:43:07.057492 | GENERATION: 132 | ERRORS: best=15, median=43.0, diversity=0.55 | INDIVIDUALS: n=200, avg_genome_length=48.49
2021-12-06 23:43:10.698789 | GENERATION: 133 | ERRORS: best=13, median=37.0, diversity=0.55 | INDIVIDUALS: n=200, avg_genome_length=48.86
2021-12-06 23:43:14.099266 | GENERATION: 134 | ERRORS: best=14, median=34.0, diversity=0.505 | INDIVIDUALS: n=200, avg_genome_length=48.39
2021-12-06 23:43:17.270964 | GENERATION: 135 | ERRORS: best=13, median=32.0, diversity=0.575 | INDIVIDUALS: n=200, avg_genome_length=47.055
2021-12-06 23:43:20.719528 | GENERATION: 136 | ERRORS: best=13, median=42.0, diversity=0.615 | INDIVIDUALS: n=200, avg_genome_length=47.51
2021-12-06 23:43:23.762486 | GENERATION: 137 | ERRORS: best=13, median=32.0, diversity=0.57 | INDIVIDUALS: n=200, avg_genome_length=46.805
2021-12-06 23:43:27.107043 | GENERATION: 138 | ERRORS: best=13, median=34.5, diversity=0.605 | INDIVIDUALS: n=200, avg_genome_length=47.72
2021-12-06 23:43:30.388334 | GENERATION: 139 | ERRORS: best=13, median=35.5, diversity=0.645 | INDIVIDUALS: n=200, avg_genome_length=49.215
2021-12-06 23:43:33.740764 | GENERATION: 140 | ERRORS: best=15, median=32.0, diversity=0.64 | INDIVIDUALS: n=200, avg_genome_length=51.075
2021-12-06 23:43:37.087481 | GENERATION: 141 | ERRORS: best=12, median=34.5, diversity=0.555 | INDIVIDUALS: n=200, avg_genome_length=51.11
2021-12-06 23:43:40.978609 | GENERATION: 142 | ERRORS: best=12, median=35.0, diversity=0.565 | INDIVIDUALS: n=200, avg_genome_length=51.055
2021-12-06 23:43:44.082420 | GENERATION: 143 | ERRORS: best=13, median=34.5, diversity=0.58 | INDIVIDUALS: n=200, avg_genome_length=51.71
2021-12-06 23:43:47.970879 | GENERATION: 144 | ERRORS: best=13, median=32.0, diversity=0.605 | INDIVIDUALS: n=200, avg_genome_length=52.32
2021-12-06 23:43:51.395317 | GENERATION: 145 | ERRORS: best=12, median=37.5, diversity=0.51 | INDIVIDUALS: n=200, avg_genome_length=50.655
2021-12-06 23:43:54.864332 | GENERATION: 146 | ERRORS: best=12, median=32.0, diversity=0.58 | INDIVIDUALS: n=200, avg_genome_length=50.895
2021-12-06 23:43:58.857696 | GENERATION: 147 | ERRORS: best=14, median=33.0, diversity=0.52 | INDIVIDUALS: n=200, avg_genome_length=49.375
2021-12-06 23:44:02.151521 | GENERATION: 148 | ERRORS: best=13, median=33.0, diversity=0.59 | INDIVIDUALS: n=200, avg_genome_length=48.69
2021-12-06 23:44:05.415149 | GENERATION: 149 | ERRORS: best=12, median=32.0, diversity=0.6 | INDIVIDUALS: n=200, avg_genome_length=50.32
2021-12-06 23:44:08.659320 | GENERATION: 150 | ERRORS: best=18, median=35.5, diversity=0.585 | INDIVIDUALS: n=200, avg_genome_length=50.52
2021-12-06 23:44:12.121260 | GENERATION: 151 | ERRORS: best=15, median=32.5, diversity=0.64 | INDIVIDUALS: n=200, avg_genome_length=49.195
2021-12-06 23:44:15.535032 | GENERATION: 152 | ERRORS: best=15, median=33.0, diversity=0.58 | INDIVIDUALS: n=200, avg_genome_length=47.64
2021-12-06 23:44:18.965694 | GENERATION: 153 | ERRORS: best=15, median=33.0, diversity=0.555 | INDIVIDUALS: n=200, avg_genome_length=47.38
2021-12-06 23:44:22.396532 | GENERATION: 154 | ERRORS: best=16, median=32.0, diversity=0.555 | INDIVIDUALS: n=200, avg_genome_length=47.97
2021-12-06 23:44:25.797994 | GENERATION: 155 | ERRORS: best=17, median=32.0, diversity=0.585 | INDIVIDUALS: n=200, avg_genome_length=49.39
2021-12-06 23:44:29.820417 | GENERATION: 156 | ERRORS: best=15, median=39.0, diversity=0.54 | INDIVIDUALS: n=200, avg_genome_length=48.5
2021-12-06 23:44:33.539439 | GENERATION: 157 | ERRORS: best=14, median=36.0, diversity=0.59 | INDIVIDUALS: n=200, avg_genome_length=47.82
2021-12-06 23:44:37.119251 | GENERATION: 158 | ERRORS: best=13, median=33.0, diversity=0.55 | INDIVIDUALS: n=200, avg_genome_length=46.645
2021-12-06 23:44:40.238958 | GENERATION: 159 | ERRORS: best=13, median=38.0, diversity=0.54 | INDIVIDUALS: n=200, avg_genome_length=44.255
2021-12-06 23:44:43.479809 | GENERATION: 160 | ERRORS: best=14, median=33.5, diversity=0.545 | INDIVIDUALS: n=200, avg_genome_length=42.86
2021-12-06 23:44:46.497244 | GENERATION: 161 | ERRORS: best=14, median=34.0, diversity=0.475 | INDIVIDUALS: n=200, avg_genome_length=41.155
2021-12-06 23:44:49.755831 | GENERATION: 162 | ERRORS: best=12, median=35.0, diversity=0.575 | INDIVIDUALS: n=200, avg_genome_length=41.245
2021-12-06 23:44:53.132738 | GENERATION: 163 | ERRORS: best=12, median=32.5, diversity=0.5 | INDIVIDUALS: n=200, avg_genome_length=40.945
2021-12-06 23:44:56.471701 | GENERATION: 164 | ERRORS: best=13, median=32.0, diversity=0.57 | INDIVIDUALS: n=200, avg_genome_length=41.76
2021-12-06 23:44:59.296765 | GENERATION: 165 | ERRORS: best=13, median=34.0, diversity=0.58 | INDIVIDUALS: n=200, avg_genome_length=43.37
2021-12-06 23:45:02.155057 | GENERATION: 166 | ERRORS: best=12, median=37.5, diversity=0.59 | INDIVIDUALS: n=200, avg_genome_length=43.975
2021-12-06 23:45:05.457619 | GENERATION: 167 | ERRORS: best=13, median=32.5, diversity=0.605 | INDIVIDUALS: n=200, avg_genome_length=45.67
2021-12-06 23:45:09.032007 | GENERATION: 168 | ERRORS: best=14, median=35.0, diversity=0.605 | INDIVIDUALS: n=200, avg_genome_length=44.815
2021-12-06 23:45:11.976940 | GENERATION: 169 | ERRORS: best=13, median=39.5, diversity=0.57 | INDIVIDUALS: n=200, avg_genome_length=45.93
2021-12-06 23:45:15.115534 | GENERATION: 170 | ERRORS: best=13, median=34.5, diversity=0.56 | INDIVIDUALS: n=200, avg_genome_length=46.95
2021-12-06 23:45:19.247861 | GENERATION: 171 | ERRORS: best=14, median=33.0, diversity=0.54 | INDIVIDUALS: n=200, avg_genome_length=49.355
2021-12-06 23:45:22.896212 | GENERATION: 172 | ERRORS: best=13, median=35.0, diversity=0.565 | INDIVIDUALS: n=200, avg_genome_length=50.235
2021-12-06 23:45:26.663634 | GENERATION: 173 | ERRORS: best=13, median=40.5, diversity=0.525 | INDIVIDUALS: n=200, avg_genome_length=50.98
2021-12-06 23:45:30.573742 | GENERATION: 174 | ERRORS: best=14, median=32.0, diversity=0.485 | INDIVIDUALS: n=200, avg_genome_length=51.55
2021-12-06 23:45:34.236934 | GENERATION: 175 | ERRORS: best=13, median=32.0, diversity=0.525 | INDIVIDUALS: n=200, avg_genome_length=52.475
2021-12-06 23:45:37.447793 | GENERATION: 176 | ERRORS: best=13, median=32.0, diversity=0.56 | INDIVIDUALS: n=200, avg_genome_length=52.615
2021-12-06 23:45:40.815622 | GENERATION: 177 | ERRORS: best=13, median=32.0, diversity=0.545 | INDIVIDUALS: n=200, avg_genome_length=51.32
2021-12-06 23:45:44.013423 | GENERATION: 178 | ERRORS: best=13, median=32.0, diversity=0.52 | INDIVIDUALS: n=200, avg_genome_length=49.635
2021-12-06 23:45:47.269425 | GENERATION: 179 | ERRORS: best=13, median=32.0, diversity=0.515 | INDIVIDUALS: n=200, avg_genome_length=48.005
2021-12-06 23:45:50.450868 | GENERATION: 180 | ERRORS: best=13, median=32.0, diversity=0.465 | INDIVIDUALS: n=200, avg_genome_length=49.445
2021-12-06 23:45:53.560539 | GENERATION: 181 | ERRORS: best=13, median=32.0, diversity=0.455 | INDIVIDUALS: n=200, avg_genome_length=48.1
2021-12-06 23:45:57.168842 | GENERATION: 182 | ERRORS: best=13, median=32.0, diversity=0.51 | INDIVIDUALS: n=200, avg_genome_length=50.565
2021-12-06 23:46:00.462175 | GENERATION: 183 | ERRORS: best=13, median=32.0, diversity=0.41 | INDIVIDUALS: n=200, avg_genome_length=50.15
2021-12-06 23:46:03.764191 | GENERATION: 184 | ERRORS: best=12, median=32.0, diversity=0.49 | INDIVIDUALS: n=200, avg_genome_length=50.475
2021-12-06 23:46:07.682876 | GENERATION: 185 | ERRORS: best=13, median=32.0, diversity=0.48 | INDIVIDUALS: n=200, avg_genome_length=49.655
2021-12-06 23:46:12.008582 | GENERATION: 186 | ERRORS: best=14, median=32.0, diversity=0.5 | INDIVIDUALS: n=200, avg_genome_length=50.535
2021-12-06 23:46:16.325900 | GENERATION: 187 | ERRORS: best=14, median=32.0, diversity=0.56 | INDIVIDUALS: n=200, avg_genome_length=51.375
2021-12-06 23:46:20.853876 | GENERATION: 188 | ERRORS: best=13, median=32.0, diversity=0.555 | INDIVIDUALS: n=200, avg_genome_length=54.055
2021-12-06 23:46:25.043521 | GENERATION: 189 | ERRORS: best=13, median=32.0, diversity=0.535 | INDIVIDUALS: n=200, avg_genome_length=56.275
2021-12-06 23:46:28.840028 | GENERATION: 190 | ERRORS: best=13, median=32.0, diversity=0.55 | INDIVIDUALS: n=200, avg_genome_length=55.475
2021-12-06 23:46:33.212808 | GENERATION: 191 | ERRORS: best=13, median=32.0, diversity=0.49 | INDIVIDUALS: n=200, avg_genome_length=56.205
2021-12-06 23:46:37.683899 | GENERATION: 192 | ERRORS: best=15, median=34.0, diversity=0.575 | INDIVIDUALS: n=200, avg_genome_length=56.82
2021-12-06 23:46:41.942440 | GENERATION: 193 | ERRORS: best=14, median=32.5, diversity=0.575 | INDIVIDUALS: n=200, avg_genome_length=55.98
2021-12-06 23:46:46.226533 | GENERATION: 194 | ERRORS: best=14, median=32.0, diversity=0.53 | INDIVIDUALS: n=200, avg_genome_length=54.06
2021-12-06 23:46:51.512021 | GENERATION: 195 | ERRORS: best=15, median=32.0, diversity=0.55 | INDIVIDUALS: n=200, avg_genome_length=53.015
2021-12-06 23:46:56.894088 | GENERATION: 196 | ERRORS: best=16, median=32.0, diversity=0.555 | INDIVIDUALS: n=200, avg_genome_length=51.955
2021-12-06 23:47:01.316285 | GENERATION: 197 | ERRORS: best=14, median=32.0, diversity=0.6 | INDIVIDUALS: n=200, avg_genome_length=51.82
2021-12-06 23:47:06.174636 | GENERATION: 198 | ERRORS: best=13, median=32.0, diversity=0.515 | INDIVIDUALS: n=200, avg_genome_length=48.56
2021-12-06 23:47:10.624105 | GENERATION: 199 | ERRORS: best=13, median=32.0, diversity=0.555 | INDIVIDUALS: n=200, avg_genome_length=46.58
2021-12-06 23:47:14.211523 | GENERATION: 200 | ERRORS: best=13, median=33.0, diversity=0.555 | INDIVIDUALS: n=200, avg_genome_length=44.285
2021-12-06 23:47:17.703514 | GENERATION: 201 | ERRORS: best=13, median=32.0, diversity=0.525 | INDIVIDUALS: n=200, avg_genome_length=46.49
2021-12-06 23:47:21.015215 | GENERATION: 202 | ERRORS: best=13, median=32.0, diversity=0.49 | INDIVIDUALS: n=200, avg_genome_length=46.01
2021-12-06 23:47:23.694686 | GENERATION: 203 | ERRORS: best=13, median=32.0, diversity=0.505 | INDIVIDUALS: n=200, avg_genome_length=43.99
2021-12-06 23:47:26.931440 | GENERATION: 204 | ERRORS: best=13, median=32.0, diversity=0.52 | INDIVIDUALS: n=200, avg_genome_length=45.035
2021-12-06 23:47:30.145287 | GENERATION: 205 | ERRORS: best=13, median=32.0, diversity=0.495 | INDIVIDUALS: n=200, avg_genome_length=47.12
2021-12-06 23:47:32.774291 | GENERATION: 206 | ERRORS: best=13, median=32.0, diversity=0.54 | INDIVIDUALS: n=200, avg_genome_length=47.155
2021-12-06 23:47:35.702108 | GENERATION: 207 | ERRORS: best=13, median=32.0, diversity=0.515 | INDIVIDUALS: n=200, avg_genome_length=48.33
2021-12-06 23:47:38.657430 | GENERATION: 208 | ERRORS: best=13, median=32.0, diversity=0.505 | INDIVIDUALS: n=200, avg_genome_length=47.465
2021-12-06 23:47:41.267683 | GENERATION: 209 | ERRORS: best=13, median=32.0, diversity=0.5 | INDIVIDUALS: n=200, avg_genome_length=48.83
2021-12-06 23:47:44.484284 | GENERATION: 210 | ERRORS: best=14, median=32.0, diversity=0.54 | INDIVIDUALS: n=200, avg_genome_length=47.91
2021-12-06 23:47:47.421314 | GENERATION: 211 | ERRORS: best=14, median=32.0, diversity=0.56 | INDIVIDUALS: n=200, avg_genome_length=47.24
2021-12-06 23:47:50.372951 | GENERATION: 212 | ERRORS: best=12, median=32.0, diversity=0.51 | INDIVIDUALS: n=200, avg_genome_length=46.49
2021-12-06 23:47:52.994715 | GENERATION: 213 | ERRORS: best=12, median=32.0, diversity=0.595 | INDIVIDUALS: n=200, avg_genome_length=47.9
2021-12-06 23:47:55.797960 | GENERATION: 214 | ERRORS: best=17, median=34.0, diversity=0.575 | INDIVIDUALS: n=200, avg_genome_length=46.335
2021-12-06 23:47:58.814984 | GENERATION: 215 | ERRORS: best=13, median=33.5, diversity=0.515 | INDIVIDUALS: n=200, avg_genome_length=49.7
2021-12-06 23:48:01.794451 | GENERATION: 216 | ERRORS: best=13, median=32.0, diversity=0.51 | INDIVIDUALS: n=200, avg_genome_length=49.03
2021-12-06 23:48:04.643125 | GENERATION: 217 | ERRORS: best=13, median=32.0, diversity=0.48 | INDIVIDUALS: n=200, avg_genome_length=51.825
2021-12-06 23:48:07.741910 | GENERATION: 218 | ERRORS: best=12, median=32.0, diversity=0.475 | INDIVIDUALS: n=200, avg_genome_length=51.85
2021-12-06 23:48:10.815945 | GENERATION: 219 | ERRORS: best=13, median=32.0, diversity=0.55 | INDIVIDUALS: n=200, avg_genome_length=51.69
2021-12-06 23:48:14.403272 | GENERATION: 220 | ERRORS: best=14, median=32.0, diversity=0.51 | INDIVIDUALS: n=200, avg_genome_length=49.545
2021-12-06 23:48:17.360142 | GENERATION: 221 | ERRORS: best=14, median=32.0, diversity=0.52 | INDIVIDUALS: n=200, avg_genome_length=49.005
2021-12-06 23:48:20.407704 | GENERATION: 222 | ERRORS: best=12, median=32.0, diversity=0.58 | INDIVIDUALS: n=200, avg_genome_length=47.84
2021-12-06 23:48:23.047235 | GENERATION: 223 | ERRORS: best=12, median=32.0, diversity=0.53 | INDIVIDUALS: n=200, avg_genome_length=47.645
2021-12-06 23:48:26.023991 | GENERATION: 224 | ERRORS: best=12, median=32.0, diversity=0.515 | INDIVIDUALS: n=200, avg_genome_length=47.51
2021-12-06 23:48:28.556753 | GENERATION: 225 | ERRORS: best=13, median=32.0, diversity=0.545 | INDIVIDUALS: n=200, avg_genome_length=47.56
2021-12-06 23:48:31.033764 | GENERATION: 226 | ERRORS: best=13, median=32.0, diversity=0.48 | INDIVIDUALS: n=200, avg_genome_length=48.19
2021-12-06 23:48:33.828230 | GENERATION: 227 | ERRORS: best=12, median=32.0, diversity=0.545 | INDIVIDUALS: n=200, avg_genome_length=46.285
2021-12-06 23:48:36.343108 | GENERATION: 228 | ERRORS: best=11, median=32.0, diversity=0.46 | INDIVIDUALS: n=200, avg_genome_length=45.175
2021-12-06 23:48:39.137985 | GENERATION: 229 | ERRORS: best=13, median=32.0, diversity=0.5 | INDIVIDUALS: n=200, avg_genome_length=46.57
2021-12-06 23:48:41.693691 | GENERATION: 230 | ERRORS: best=12, median=32.0, diversity=0.48 | INDIVIDUALS: n=200, avg_genome_length=45.79
2021-12-06 23:48:44.520989 | GENERATION: 231 | ERRORS: best=14, median=32.0, diversity=0.455 | INDIVIDUALS: n=200, avg_genome_length=44.94
2021-12-06 23:48:47.750701 | GENERATION: 232 | ERRORS: best=12, median=32.0, diversity=0.555 | INDIVIDUALS: n=200, avg_genome_length=44.945
2021-12-06 23:48:50.467389 | GENERATION: 233 | ERRORS: best=11, median=32.0, diversity=0.455 | INDIVIDUALS: n=200, avg_genome_length=45.905
2021-12-06 23:48:53.461170 | GENERATION: 234 | ERRORS: best=12, median=32.0, diversity=0.51 | INDIVIDUALS: n=200, avg_genome_length=46.89
2021-12-06 23:48:56.152275 | GENERATION: 235 | ERRORS: best=13, median=32.0, diversity=0.5 | INDIVIDUALS: n=200, avg_genome_length=47.87
2021-12-06 23:48:59.099643 | GENERATION: 236 | ERRORS: best=13, median=32.0, diversity=0.515 | INDIVIDUALS: n=200, avg_genome_length=48.59
2021-12-06 23:49:02.167495 | GENERATION: 237 | ERRORS: best=13, median=32.0, diversity=0.525 | INDIVIDUALS: n=200, avg_genome_length=48.05
2021-12-06 23:49:05.407954 | GENERATION: 238 | ERRORS: best=13, median=32.0, diversity=0.495 | INDIVIDUALS: n=200, avg_genome_length=49.815
2021-12-06 23:49:09.041735 | GENERATION: 239 | ERRORS: best=12, median=32.0, diversity=0.54 | INDIVIDUALS: n=200, avg_genome_length=51.495
2021-12-06 23:49:12.096353 | GENERATION: 240 | ERRORS: best=14, median=32.0, diversity=0.52 | INDIVIDUALS: n=200, avg_genome_length=49.895
2021-12-06 23:49:15.692128 | GENERATION: 241 | ERRORS: best=13, median=33.5, diversity=0.56 | INDIVIDUALS: n=200, avg_genome_length=52.11
2021-12-06 23:49:18.650953 | GENERATION: 242 | ERRORS: best=16, median=32.0, diversity=0.5 | INDIVIDUALS: n=200, avg_genome_length=48.285
2021-12-06 23:49:21.801288 | GENERATION: 243 | ERRORS: best=16, median=32.0, diversity=0.48 | INDIVIDUALS: n=200, avg_genome_length=49.435
2021-12-06 23:49:24.937922 | GENERATION: 244 | ERRORS: best=11, median=32.0, diversity=0.53 | INDIVIDUALS: n=200, avg_genome_length=48.475
2021-12-06 23:49:28.749637 | GENERATION: 245 | ERRORS: best=15, median=32.0, diversity=0.55 | INDIVIDUALS: n=200, avg_genome_length=51.27
2021-12-06 23:49:32.063021 | GENERATION: 246 | ERRORS: best=14, median=32.0, diversity=0.6 | INDIVIDUALS: n=200, avg_genome_length=49.325
2021-12-06 23:49:35.326262 | GENERATION: 247 | ERRORS: best=14, median=32.0, diversity=0.61 | INDIVIDUALS: n=200, avg_genome_length=49.255
2021-12-06 23:49:38.466485 | GENERATION: 248 | ERRORS: best=16, median=32.0, diversity=0.53 | INDIVIDUALS: n=200, avg_genome_length=50.225
2021-12-06 23:49:42.227899 | GENERATION: 249 | ERRORS: best=11, median=32.0, diversity=0.62 | INDIVIDUALS: n=200, avg_genome_length=49.51
2021-12-06 23:49:45.614535 | GENERATION: 250 | ERRORS: best=14, median=33.0, diversity=0.56 | INDIVIDUALS: n=200, avg_genome_length=51.81
2021-12-06 23:49:49.216828 | GENERATION: 251 | ERRORS: best=15, median=32.0, diversity=0.57 | INDIVIDUALS: n=200, avg_genome_length=51.975
2021-12-06 23:49:52.078039 | GENERATION: 252 | ERRORS: best=11, median=32.0, diversity=0.57 | INDIVIDUALS: n=200, avg_genome_length=48.755
2021-12-06 23:49:55.071215 | GENERATION: 253 | ERRORS: best=12, median=32.0, diversity=0.65 | INDIVIDUALS: n=200, avg_genome_length=48.695
2021-12-06 23:49:58.005770 | GENERATION: 254 | ERRORS: best=11, median=32.0, diversity=0.605 | INDIVIDUALS: n=200, avg_genome_length=47.94
2021-12-06 23:50:01.167063 | GENERATION: 255 | ERRORS: best=11, median=32.0, diversity=0.525 | INDIVIDUALS: n=200, avg_genome_length=48.965
2021-12-06 23:50:04.285107 | GENERATION: 256 | ERRORS: best=12, median=32.0, diversity=0.585 | INDIVIDUALS: n=200, avg_genome_length=49.07
2021-12-06 23:50:07.062639 | GENERATION: 257 | ERRORS: best=14, median=32.0, diversity=0.62 | INDIVIDUALS: n=200, avg_genome_length=48.19
2021-12-06 23:50:10.165912 | GENERATION: 258 | ERRORS: best=16, median=32.0, diversity=0.56 | INDIVIDUALS: n=200, avg_genome_length=50.45
2021-12-06 23:50:13.060889 | GENERATION: 259 | ERRORS: best=13, median=32.0, diversity=0.59 | INDIVIDUALS: n=200, avg_genome_length=49.455
2021-12-06 23:50:16.042172 | GENERATION: 260 | ERRORS: best=12, median=32.0, diversity=0.645 | INDIVIDUALS: n=200, avg_genome_length=49.35
2021-12-06 23:50:18.942993 | GENERATION: 261 | ERRORS: best=14, median=32.0, diversity=0.625 | INDIVIDUALS: n=200, avg_genome_length=49.185
2021-12-06 23:50:21.666348 | GENERATION: 262 | ERRORS: best=13, median=32.0, diversity=0.615 | INDIVIDUALS: n=200, avg_genome_length=46.165
2021-12-06 23:50:24.375102 | GENERATION: 263 | ERRORS: best=14, median=32.0, diversity=0.525 | INDIVIDUALS: n=200, avg_genome_length=43.25
2021-12-06 23:50:26.898854 | GENERATION: 264 | ERRORS: best=14, median=32.0, diversity=0.535 | INDIVIDUALS: n=200, avg_genome_length=43.3
2021-12-06 23:50:29.266471 | GENERATION: 265 | ERRORS: best=12, median=32.0, diversity=0.51 | INDIVIDUALS: n=200, avg_genome_length=43.385
2021-12-06 23:50:31.804602 | GENERATION: 266 | ERRORS: best=12, median=32.0, diversity=0.535 | INDIVIDUALS: n=200, avg_genome_length=42.31
2021-12-06 23:50:34.273128 | GENERATION: 267 | ERRORS: best=12, median=32.0, diversity=0.525 | INDIVIDUALS: n=200, avg_genome_length=44.485
2021-12-06 23:50:36.806949 | GENERATION: 268 | ERRORS: best=12, median=32.0, diversity=0.575 | INDIVIDUALS: n=200, avg_genome_length=44.87
2021-12-06 23:50:39.191604 | GENERATION: 269 | ERRORS: best=14, median=32.0, diversity=0.515 | INDIVIDUALS: n=200, avg_genome_length=44.82
2021-12-06 23:50:41.765062 | GENERATION: 270 | ERRORS: best=12, median=32.0, diversity=0.52 | INDIVIDUALS: n=200, avg_genome_length=47.1
2021-12-06 23:50:44.333579 | GENERATION: 271 | ERRORS: best=13, median=32.0, diversity=0.545 | INDIVIDUALS: n=200, avg_genome_length=49.115
2021-12-06 23:50:47.060663 | GENERATION: 272 | ERRORS: best=11, median=32.0, diversity=0.58 | INDIVIDUALS: n=200, avg_genome_length=51.83
2021-12-06 23:50:50.082235 | GENERATION: 273 | ERRORS: best=13, median=32.0, diversity=0.575 | INDIVIDUALS: n=200, avg_genome_length=50.745
2021-12-06 23:50:52.647931 | GENERATION: 274 | ERRORS: best=15, median=32.0, diversity=0.655 | INDIVIDUALS: n=200, avg_genome_length=50.155
2021-12-06 23:50:55.347247 | GENERATION: 275 | ERRORS: best=13, median=33.0, diversity=0.58 | INDIVIDUALS: n=200, avg_genome_length=50.5
2021-12-06 23:50:57.941491 | GENERATION: 276 | ERRORS: best=13, median=32.0, diversity=0.61 | INDIVIDUALS: n=200, avg_genome_length=49.51
2021-12-06 23:51:00.893593 | GENERATION: 277 | ERRORS: best=13, median=32.5, diversity=0.59 | INDIVIDUALS: n=200, avg_genome_length=49.51
2021-12-06 23:51:03.784126 | GENERATION: 278 | ERRORS: best=11, median=32.0, diversity=0.545 | INDIVIDUALS: n=200, avg_genome_length=47.27
2021-12-06 23:51:06.343661 | GENERATION: 279 | ERRORS: best=13, median=32.0, diversity=0.51 | INDIVIDUALS: n=200, avg_genome_length=47.17
2021-12-06 23:51:09.696053 | GENERATION: 280 | ERRORS: best=13, median=32.0, diversity=0.555 | INDIVIDUALS: n=200, avg_genome_length=46.045
2021-12-06 23:51:12.316700 | GENERATION: 281 | ERRORS: best=13, median=32.0, diversity=0.5 | INDIVIDUALS: n=200, avg_genome_length=45.82
2021-12-06 23:51:15.613391 | GENERATION: 282 | ERRORS: best=13, median=32.0, diversity=0.5 | INDIVIDUALS: n=200, avg_genome_length=46.265
2021-12-06 23:51:18.202879 | GENERATION: 283 | ERRORS: best=13, median=32.0, diversity=0.445 | INDIVIDUALS: n=200, avg_genome_length=45.96
2021-12-06 23:51:20.658072 | GENERATION: 284 | ERRORS: best=13, median=32.0, diversity=0.52 | INDIVIDUALS: n=200, avg_genome_length=47.56
2021-12-06 23:51:23.358138 | GENERATION: 285 | ERRORS: best=14, median=32.0, diversity=0.535 | INDIVIDUALS: n=200, avg_genome_length=50.04
2021-12-06 23:51:26.830286 | GENERATION: 286 | ERRORS: best=13, median=32.0, diversity=0.495 | INDIVIDUALS: n=200, avg_genome_length=54.53
2021-12-06 23:51:29.763128 | GENERATION: 287 | ERRORS: best=13, median=32.0, diversity=0.5 | INDIVIDUALS: n=200, avg_genome_length=55.25
2021-12-06 23:51:33.143896 | GENERATION: 288 | ERRORS: best=13, median=32.0, diversity=0.56 | INDIVIDUALS: n=200, avg_genome_length=56.46
2021-12-06 23:51:36.499985 | GENERATION: 289 | ERRORS: best=14, median=32.0, diversity=0.585 | INDIVIDUALS: n=200, avg_genome_length=56.235
2021-12-06 23:51:39.693806 | GENERATION: 290 | ERRORS: best=13, median=32.0, diversity=0.55 | INDIVIDUALS: n=200, avg_genome_length=55.75
2021-12-06 23:51:43.501831 | GENERATION: 291 | ERRORS: best=13, median=32.0, diversity=0.54 | INDIVIDUALS: n=200, avg_genome_length=55.065
2021-12-06 23:51:46.782210 | GENERATION: 292 | ERRORS: best=15, median=32.0, diversity=0.54 | INDIVIDUALS: n=200, avg_genome_length=53.535
2021-12-06 23:51:50.391094 | GENERATION: 293 | ERRORS: best=14, median=34.0, diversity=0.615 | INDIVIDUALS: n=200, avg_genome_length=50.44
2021-12-06 23:51:53.557519 | GENERATION: 294 | ERRORS: best=14, median=32.0, diversity=0.6 | INDIVIDUALS: n=200, avg_genome_length=50.45
2021-12-06 23:51:57.210722 | GENERATION: 295 | ERRORS: best=13, median=33.0, diversity=0.58 | INDIVIDUALS: n=200, avg_genome_length=49.73
2021-12-06 23:52:00.930732 | GENERATION: 296 | ERRORS: best=15, median=34.5, diversity=0.585 | INDIVIDUALS: n=200, avg_genome_length=50.375
2021-12-06 23:52:03.874091 | GENERATION: 297 | ERRORS: best=13, median=33.0, diversity=0.575 | INDIVIDUALS: n=200, avg_genome_length=49.21
2021-12-06 23:52:06.668747 | GENERATION: 298 | ERRORS: best=13, median=32.0, diversity=0.48 | INDIVIDUALS: n=200, avg_genome_length=48.46
2021-12-06 23:52:09.711847 | GENERATION: 299 | ERRORS: best=13, median=32.0, diversity=0.47 | INDIVIDUALS: n=200, avg_genome_length=50.375
2021-12-06 23:52:12.394957 | GENERATION: 300 | ERRORS: best=16, median=32.0, diversity=0.48 | INDIVIDUALS: n=200, avg_genome_length=49.03
Simplifying genome of length 52 with total error 11.
Simplified genome by 1 to length 51.
Simplified genome by 1 to length 50.
Simplified genome by 3 to length 47.
Simplified genome by 1 to length 46.
Simplified genome by 1 to length 45.
Simplified genome by 1 to length 44.
Simplified genome by 1 to length 43.
Simplified genome by 1 to length 42.
Simplified genome by 1 to length 41.
Simplified genome by 1 to length 40.
Simplified genome to length 40 and total error 11.
========================================
End Run
========================================
No solution found.
Best Seen Individual
	Genome:
	 pvector([Input(input_index=0), InstructionMeta(name='str_length', code_blocks=0), InstructionMeta(name='exec_shove_dup', code_blocks=1), InstructionMeta(name='int_lt', code_blocks=0), Input(input_index=2), Closer(), Closer(), InstructionMeta(name='println_int', code_blocks=0), InstructionMeta(name='str_length', code_blocks=0), InstructionMeta(name='str_replace_n_str', code_blocks=0), InstructionMeta(name='exec_yank', code_blocks=0), InstructionMeta(name='bool_second_first_then_and', code_blocks=0), InstructionMeta(name='str_dup_times', code_blocks=0), InstructionMeta(name='int_mult', code_blocks=0), InstructionMeta(name='print_exec', code_blocks=0), InstructionMeta(name='exec_is_empty', code_blocks=0), InstructionMeta(name='bool_second_first_then_and', code_blocks=0), InstructionMeta(name='str_dup_times', code_blocks=0), InstructionMeta(name='exec_is_empty', code_blocks=0), InstructionMeta(name='int_max', code_blocks=0), InstructionMeta(name='str_swap', code_blocks=0), InstructionMeta(name='str_replace_n_str', code_blocks=0), InstructionMeta(name='bool_yank_dup', code_blocks=0), InstructionMeta(name='str_strip_whitespace', code_blocks=0), InstructionMeta(name='bool_second_first_then_and', code_blocks=0), InstructionMeta(name='str_dup_times', code_blocks=0), InstructionMeta(name='str_dup', code_blocks=0), InstructionMeta(name='exec_is_empty', code_blocks=0), InstructionMeta(name='bool_or', code_blocks=0), InstructionMeta(name='int_max', code_blocks=0), InstructionMeta(name='str_flush', code_blocks=0), InstructionMeta(name='str_rest', code_blocks=0), InstructionMeta(name='int_max', code_blocks=0), InstructionMeta(name='str_split_on_str', code_blocks=0), InstructionMeta(name='exec_yank_dup', code_blocks=0), InstructionMeta(name='str_strip_whitespace', code_blocks=0), InstructionMeta(name='bool_dup_times', code_blocks=0), InstructionMeta(name='str_is_empty', code_blocks=0), InstructionMeta(name='exec_do_range', code_blocks=1), InstructionMeta(name='bool_invert_first_then_and', code_blocks=0)])
	Program:
	 (input_0 str_length exec_shove_dup (int_lt input_2) println_int str_length str_replace_n_str exec_yank bool_second_first_then_and str_dup_times int_mult print_exec exec_is_empty bool_second_first_then_and str_dup_times exec_is_empty int_max str_swap str_replace_n_str bool_yank_dup str_strip_whitespace bool_second_first_then_and str_dup_times str_dup exec_is_empty bool_or int_max str_flush str_rest int_max str_split_on_str exec_yank_dup str_strip_whitespace bool_dup_times str_is_empty exec_do_range (bool_invert_first_then_and))
	Error vector:
	 [0 0 1 1 0 0 1 0 0 0 0 0 0 0 0 0 0 0 0 0 0 0 0 0 0 1 0 0 0 0 0 0 1 0 1 0 0
 0 0 0 0 0 0 0 0 1 1 0 0 0 0 0 0 0 0 0 0 0 1 0 0 0 0 0 0 0 1 0 0 0 0 0 0 0
 0 0 0 1 0 0 0 0 0 0 0 0 0 0 0 0 0 0 0 0 0 0 0 0 0 0]
	Total error:
	 11
	Test error:
	 163
	Time:
	 00:24:18
