Included 22 edge cases.
Included 78 random cases.
Included 100 cases in total.
Finished formatting.
Included 0 edge cases.
Included 1000 random cases.
Included 1000 cases in total.
Finished formatting.
========================================
Setup
========================================
Search Configuration:
signature: ProgramSignature(output_stacks=['bool'], push_config=PushConfig(numeric_magnitude_limit=1000000000000.0, growth_cap=500, runtime_limit=10, collection_size_cap=1000, step_limit=600), arity=3)
evaluator: <pyshgp.gp.evaluation.DatasetEvaluator object at 0x7f81e953a880>
spawner: <pyshgp.gp.genome.GeneSpawner object at 0x7f81e953ac40>
population_size: 200
max_generations: 300
error_threshold: 0.0
initial_genome_size: (40, 200)
simplification_steps: 500
parallel_context: <pyshgp.gp.search.ParallelContext object at 0x7f81e953a430>
selection: <pyshgp.utils.DiscreteProbDistrib object at 0x7f81ddce7480>
variation: <pyshgp.utils.DiscreteProbDistrib object at 0x7f81ddce7440>
Instructions:
int_add, int_sub, int_mult, int_div, int_mod, int_min, int_max, int_inc, int_dec, int_lt, int_lte, int_gt, int_gte, int_from_bool, str_concat, str_insert_str, str_from_first_char, str_from_last_char, str_from_nth_char, str_contains_str, str_index_of_str, str_split_on_str, str_replace_first_str, str_replace_n_str, str_replace_all_str, str_remove_first_str, str_remove_n_str, str_remove_all_str, str_occurrences_of_str, str_reverse, str_head, str_tail, str_rest, str_but_last, str_drop, str_but_last_n, str_length, str_make_empty, str_is_empty_string, str_remove_nth, str_strip_whitespace, str_from_bool, str_from_int, bool_and, bool_or, bool_not, bool_xor, bool_invert_first_then_and, bool_second_first_then_and, bool_from_int, noop, noop_open, exec_do_range, exec_do_count, exec_while, exec_do_while, exec_if, exec_when, print_bool, println_bool, print_int, println_int, print_str, println_str, print_exec, println_exec, bool_pop, bool_dup, bool_dup_times, bool_swap, bool_rot, bool_flush, bool_eq, bool_stack_depth, bool_yank, bool_yank_dup, bool_shove, bool_shove_dup, bool_is_empty, int_pop, int_dup, int_dup_times, int_swap, int_rot, int_flush, int_eq, int_stack_depth, int_yank, int_yank_dup, int_shove, int_shove_dup, int_is_empty, str_pop, str_dup, str_dup_times, str_swap, str_rot, str_flush, str_eq, str_stack_depth, str_yank, str_yank_dup, str_shove, str_shove_dup, str_is_empty, exec_pop, exec_dup, exec_dup_times, exec_swap, exec_rot, exec_flush, exec_eq, exec_stack_depth, exec_yank, exec_yank_dup, exec_shove, exec_shove_dup, exec_is_empty
Literals:
[]
ERC Generators:
[<function rand_bool at 0x7f81e953fc10>]
========================================
Start Run
========================================
2021-12-16 13:04:10.549740 | GENERATION: 1 | ERRORS: best=25, median=75.0, diversity=0.025 | INDIVIDUALS: n=200, avg_genome_length=130.455
2021-12-16 13:04:15.963879 | GENERATION: 2 | ERRORS: best=25, median=75.0, diversity=0.045 | INDIVIDUALS: n=200, avg_genome_length=117.865
2021-12-16 13:04:20.422978 | GENERATION: 3 | ERRORS: best=25, median=25.0, diversity=0.045 | INDIVIDUALS: n=200, avg_genome_length=111.225
2021-12-16 13:04:24.275026 | GENERATION: 4 | ERRORS: best=25, median=25.0, diversity=0.045 | INDIVIDUALS: n=200, avg_genome_length=112.135
2021-12-16 13:04:28.729374 | GENERATION: 5 | ERRORS: best=25, median=31.5, diversity=0.065 | INDIVIDUALS: n=200, avg_genome_length=110.705
2021-12-16 13:04:33.437035 | GENERATION: 6 | ERRORS: best=21, median=61.0, diversity=0.16 | INDIVIDUALS: n=200, avg_genome_length=108.35
2021-12-16 13:04:37.315729 | GENERATION: 7 | ERRORS: best=20, median=62.5, diversity=0.245 | INDIVIDUALS: n=200, avg_genome_length=109.235
2021-12-16 13:04:40.845829 | GENERATION: 8 | ERRORS: best=19, median=41.0, diversity=0.335 | INDIVIDUALS: n=200, avg_genome_length=109.555
2021-12-16 13:04:44.750218 | GENERATION: 9 | ERRORS: best=19, median=31.0, diversity=0.335 | INDIVIDUALS: n=200, avg_genome_length=108.67
2021-12-16 13:04:49.290999 | GENERATION: 10 | ERRORS: best=19, median=64.5, diversity=0.325 | INDIVIDUALS: n=200, avg_genome_length=108.505
2021-12-16 13:04:53.065597 | GENERATION: 11 | ERRORS: best=19, median=46.0, diversity=0.365 | INDIVIDUALS: n=200, avg_genome_length=103.745
2021-12-16 13:04:56.746692 | GENERATION: 12 | ERRORS: best=19, median=70.5, diversity=0.34 | INDIVIDUALS: n=200, avg_genome_length=100.205
2021-12-16 13:05:00.887858 | GENERATION: 13 | ERRORS: best=19, median=75.0, diversity=0.375 | INDIVIDUALS: n=200, avg_genome_length=99.21
2021-12-16 13:05:04.944648 | GENERATION: 14 | ERRORS: best=19, median=67.0, diversity=0.36 | INDIVIDUALS: n=200, avg_genome_length=96.145
2021-12-16 13:05:08.741801 | GENERATION: 15 | ERRORS: best=19, median=26.5, diversity=0.345 | INDIVIDUALS: n=200, avg_genome_length=95.505
2021-12-16 13:05:13.574009 | GENERATION: 16 | ERRORS: best=19, median=29.0, diversity=0.41 | INDIVIDUALS: n=200, avg_genome_length=94.64
2021-12-16 13:05:17.609159 | GENERATION: 17 | ERRORS: best=19, median=25.0, diversity=0.335 | INDIVIDUALS: n=200, avg_genome_length=91.005
2021-12-16 13:05:21.084438 | GENERATION: 18 | ERRORS: best=19, median=27.0, diversity=0.34 | INDIVIDUALS: n=200, avg_genome_length=88.59
2021-12-16 13:05:25.227301 | GENERATION: 19 | ERRORS: best=19, median=25.0, diversity=0.32 | INDIVIDUALS: n=200, avg_genome_length=89.975
2021-12-16 13:05:28.749718 | GENERATION: 20 | ERRORS: best=19, median=25.0, diversity=0.35 | INDIVIDUALS: n=200, avg_genome_length=90.56
2021-12-16 13:05:32.346848 | GENERATION: 21 | ERRORS: best=19, median=26.0, diversity=0.305 | INDIVIDUALS: n=200, avg_genome_length=90.895
2021-12-16 13:05:36.062446 | GENERATION: 22 | ERRORS: best=19, median=28.0, diversity=0.385 | INDIVIDUALS: n=200, avg_genome_length=87.91
2021-12-16 13:05:39.951346 | GENERATION: 23 | ERRORS: best=19, median=35.5, diversity=0.3 | INDIVIDUALS: n=200, avg_genome_length=84.92
2021-12-16 13:05:43.930792 | GENERATION: 24 | ERRORS: best=19, median=31.0, diversity=0.36 | INDIVIDUALS: n=200, avg_genome_length=83.64
2021-12-16 13:05:47.660477 | GENERATION: 25 | ERRORS: best=19, median=41.0, diversity=0.36 | INDIVIDUALS: n=200, avg_genome_length=80.94
2021-12-16 13:05:51.205821 | GENERATION: 26 | ERRORS: best=19, median=36.0, diversity=0.37 | INDIVIDUALS: n=200, avg_genome_length=77.27
2021-12-16 13:05:55.551607 | GENERATION: 27 | ERRORS: best=19, median=28.0, diversity=0.41 | INDIVIDUALS: n=200, avg_genome_length=77.61
2021-12-16 13:06:00.261195 | GENERATION: 28 | ERRORS: best=19, median=31.5, diversity=0.335 | INDIVIDUALS: n=200, avg_genome_length=76.975
2021-12-16 13:06:03.880922 | GENERATION: 29 | ERRORS: best=19, median=60.5, diversity=0.395 | INDIVIDUALS: n=200, avg_genome_length=75.26
2021-12-16 13:06:07.267593 | GENERATION: 30 | ERRORS: best=19, median=72.5, diversity=0.37 | INDIVIDUALS: n=200, avg_genome_length=69.8
2021-12-16 13:06:10.298367 | GENERATION: 31 | ERRORS: best=19, median=37.5, diversity=0.255 | INDIVIDUALS: n=200, avg_genome_length=67.205
2021-12-16 13:06:13.293766 | GENERATION: 32 | ERRORS: best=19, median=28.0, diversity=0.315 | INDIVIDUALS: n=200, avg_genome_length=56.805
2021-12-16 13:06:15.968493 | GENERATION: 33 | ERRORS: best=19, median=25.5, diversity=0.315 | INDIVIDUALS: n=200, avg_genome_length=53.29
2021-12-16 13:06:18.558231 | GENERATION: 34 | ERRORS: best=19, median=26.5, diversity=0.265 | INDIVIDUALS: n=200, avg_genome_length=51.59
2021-12-16 13:06:20.958310 | GENERATION: 35 | ERRORS: best=19, median=34.0, diversity=0.325 | INDIVIDUALS: n=200, avg_genome_length=50.77
2021-12-16 13:06:23.569131 | GENERATION: 36 | ERRORS: best=19, median=34.5, diversity=0.32 | INDIVIDUALS: n=200, avg_genome_length=53.35
2021-12-16 13:06:25.948008 | GENERATION: 37 | ERRORS: best=19, median=52.0, diversity=0.29 | INDIVIDUALS: n=200, avg_genome_length=51.39
2021-12-16 13:06:28.253994 | GENERATION: 38 | ERRORS: best=19, median=32.5, diversity=0.285 | INDIVIDUALS: n=200, avg_genome_length=50.11
2021-12-16 13:06:31.024873 | GENERATION: 39 | ERRORS: best=19, median=42.5, diversity=0.325 | INDIVIDUALS: n=200, avg_genome_length=50.885
2021-12-16 13:06:33.819078 | GENERATION: 40 | ERRORS: best=19, median=75.0, diversity=0.31 | INDIVIDUALS: n=200, avg_genome_length=53.2
2021-12-16 13:06:36.710270 | GENERATION: 41 | ERRORS: best=19, median=60.5, diversity=0.3 | INDIVIDUALS: n=200, avg_genome_length=49.435
2021-12-16 13:06:41.968506 | GENERATION: 42 | ERRORS: best=19, median=38.0, diversity=0.31 | INDIVIDUALS: n=200, avg_genome_length=49.075
2021-12-16 13:06:44.725096 | GENERATION: 43 | ERRORS: best=19, median=59.0, diversity=0.245 | INDIVIDUALS: n=200, avg_genome_length=51.26
2021-12-16 13:06:48.059516 | GENERATION: 44 | ERRORS: best=19, median=75.0, diversity=0.315 | INDIVIDUALS: n=200, avg_genome_length=51.185
2021-12-16 13:06:51.032093 | GENERATION: 45 | ERRORS: best=19, median=75.0, diversity=0.305 | INDIVIDUALS: n=200, avg_genome_length=48.91
2021-12-16 13:06:53.722795 | GENERATION: 46 | ERRORS: best=19, median=75.0, diversity=0.285 | INDIVIDUALS: n=200, avg_genome_length=49.68
2021-12-16 13:06:57.246877 | GENERATION: 47 | ERRORS: best=19, median=34.0, diversity=0.27 | INDIVIDUALS: n=200, avg_genome_length=47.855
2021-12-16 13:07:01.059826 | GENERATION: 48 | ERRORS: best=19, median=40.0, diversity=0.295 | INDIVIDUALS: n=200, avg_genome_length=44.965
2021-12-16 13:07:05.208776 | GENERATION: 49 | ERRORS: best=19, median=75.0, diversity=0.32 | INDIVIDUALS: n=200, avg_genome_length=44.195
2021-12-16 13:07:08.650351 | GENERATION: 50 | ERRORS: best=19, median=49.5, diversity=0.29 | INDIVIDUALS: n=200, avg_genome_length=46.535
2021-12-16 13:07:12.203018 | GENERATION: 51 | ERRORS: best=19, median=75.0, diversity=0.28 | INDIVIDUALS: n=200, avg_genome_length=45.15
2021-12-16 13:07:16.217096 | GENERATION: 52 | ERRORS: best=19, median=75.0, diversity=0.315 | INDIVIDUALS: n=200, avg_genome_length=46.25
2021-12-16 13:07:19.971992 | GENERATION: 53 | ERRORS: best=18, median=75.0, diversity=0.285 | INDIVIDUALS: n=200, avg_genome_length=46.11
2021-12-16 13:07:22.551155 | GENERATION: 54 | ERRORS: best=19, median=52.5, diversity=0.3 | INDIVIDUALS: n=200, avg_genome_length=48.34
2021-12-16 13:07:25.116773 | GENERATION: 55 | ERRORS: best=19, median=67.5, diversity=0.275 | INDIVIDUALS: n=200, avg_genome_length=46.79
2021-12-16 13:07:27.703651 | GENERATION: 56 | ERRORS: best=19, median=32.0, diversity=0.325 | INDIVIDUALS: n=200, avg_genome_length=46.185
2021-12-16 13:07:31.013620 | GENERATION: 57 | ERRORS: best=19, median=51.0, diversity=0.36 | INDIVIDUALS: n=200, avg_genome_length=47.11
2021-12-16 13:07:34.107333 | GENERATION: 58 | ERRORS: best=19, median=32.0, diversity=0.305 | INDIVIDUALS: n=200, avg_genome_length=47.23
2021-12-16 13:07:37.463796 | GENERATION: 59 | ERRORS: best=19, median=32.0, diversity=0.315 | INDIVIDUALS: n=200, avg_genome_length=47.335
2021-12-16 13:07:40.385808 | GENERATION: 60 | ERRORS: best=20, median=63.5, diversity=0.275 | INDIVIDUALS: n=200, avg_genome_length=45.01
2021-12-16 13:07:43.171774 | GENERATION: 61 | ERRORS: best=19, median=63.0, diversity=0.315 | INDIVIDUALS: n=200, avg_genome_length=45.375
2021-12-16 13:07:47.058395 | GENERATION: 62 | ERRORS: best=19, median=69.0, diversity=0.355 | INDIVIDUALS: n=200, avg_genome_length=47.115
2021-12-16 13:07:49.277453 | GENERATION: 63 | ERRORS: best=19, median=75.0, diversity=0.335 | INDIVIDUALS: n=200, avg_genome_length=44.035
2021-12-16 13:07:52.207142 | GENERATION: 64 | ERRORS: best=20, median=68.5, diversity=0.39 | INDIVIDUALS: n=200, avg_genome_length=40.885
2021-12-16 13:07:54.869217 | GENERATION: 65 | ERRORS: best=19, median=36.0, diversity=0.39 | INDIVIDUALS: n=200, avg_genome_length=41.44
2021-12-16 13:07:57.909777 | GENERATION: 66 | ERRORS: best=19, median=75.0, diversity=0.315 | INDIVIDUALS: n=200, avg_genome_length=39.27
2021-12-16 13:08:00.904552 | GENERATION: 67 | ERRORS: best=19, median=71.5, diversity=0.415 | INDIVIDUALS: n=200, avg_genome_length=36.415
2021-12-16 13:08:03.876000 | GENERATION: 68 | ERRORS: best=19, median=36.0, diversity=0.4 | INDIVIDUALS: n=200, avg_genome_length=35.71
2021-12-16 13:08:05.968481 | GENERATION: 69 | ERRORS: best=19, median=40.0, diversity=0.295 | INDIVIDUALS: n=200, avg_genome_length=33.625
2021-12-16 13:08:08.271106 | GENERATION: 70 | ERRORS: best=19, median=42.5, diversity=0.34 | INDIVIDUALS: n=200, avg_genome_length=35.855
2021-12-16 13:08:10.537826 | GENERATION: 71 | ERRORS: best=19, median=38.5, diversity=0.27 | INDIVIDUALS: n=200, avg_genome_length=35.48
2021-12-16 13:08:12.864480 | GENERATION: 72 | ERRORS: best=19, median=43.0, diversity=0.305 | INDIVIDUALS: n=200, avg_genome_length=40.86
2021-12-16 13:08:16.102103 | GENERATION: 73 | ERRORS: best=19, median=64.5, diversity=0.31 | INDIVIDUALS: n=200, avg_genome_length=43.465
2021-12-16 13:08:18.643555 | GENERATION: 74 | ERRORS: best=19, median=64.5, diversity=0.325 | INDIVIDUALS: n=200, avg_genome_length=36.785
2021-12-16 13:08:20.882486 | GENERATION: 75 | ERRORS: best=19, median=60.0, diversity=0.325 | INDIVIDUALS: n=200, avg_genome_length=38.77
2021-12-16 13:08:23.761252 | GENERATION: 76 | ERRORS: best=19, median=75.0, diversity=0.285 | INDIVIDUALS: n=200, avg_genome_length=40.65
2021-12-16 13:08:26.118368 | GENERATION: 77 | ERRORS: best=19, median=65.0, diversity=0.265 | INDIVIDUALS: n=200, avg_genome_length=41.04
2021-12-16 13:08:28.582264 | GENERATION: 78 | ERRORS: best=19, median=39.0, diversity=0.285 | INDIVIDUALS: n=200, avg_genome_length=37.205
2021-12-16 13:08:30.785888 | GENERATION: 79 | ERRORS: best=19, median=39.0, diversity=0.285 | INDIVIDUALS: n=200, avg_genome_length=42.62
2021-12-16 13:08:33.238453 | GENERATION: 80 | ERRORS: best=19, median=42.0, diversity=0.3 | INDIVIDUALS: n=200, avg_genome_length=38.045
2021-12-16 13:08:35.429012 | GENERATION: 81 | ERRORS: best=19, median=28.0, diversity=0.305 | INDIVIDUALS: n=200, avg_genome_length=35.26
2021-12-16 13:08:38.051786 | GENERATION: 82 | ERRORS: best=20, median=28.0, diversity=0.31 | INDIVIDUALS: n=200, avg_genome_length=34.305
2021-12-16 13:08:40.736342 | GENERATION: 83 | ERRORS: best=19, median=29.0, diversity=0.22 | INDIVIDUALS: n=200, avg_genome_length=35.445
2021-12-16 13:08:43.345161 | GENERATION: 84 | ERRORS: best=19, median=33.5, diversity=0.265 | INDIVIDUALS: n=200, avg_genome_length=35.57
2021-12-16 13:08:45.199166 | GENERATION: 85 | ERRORS: best=19, median=31.0, diversity=0.34 | INDIVIDUALS: n=200, avg_genome_length=35.4
2021-12-16 13:08:47.181794 | GENERATION: 86 | ERRORS: best=19, median=32.0, diversity=0.32 | INDIVIDUALS: n=200, avg_genome_length=35.425
2021-12-16 13:08:49.333003 | GENERATION: 87 | ERRORS: best=19, median=27.0, diversity=0.345 | INDIVIDUALS: n=200, avg_genome_length=34.13
2021-12-16 13:08:51.323935 | GENERATION: 88 | ERRORS: best=19, median=41.5, diversity=0.285 | INDIVIDUALS: n=200, avg_genome_length=36.695
2021-12-16 13:08:53.361356 | GENERATION: 89 | ERRORS: best=19, median=41.5, diversity=0.29 | INDIVIDUALS: n=200, avg_genome_length=35.865
2021-12-16 13:08:55.415866 | GENERATION: 90 | ERRORS: best=19, median=31.5, diversity=0.31 | INDIVIDUALS: n=200, avg_genome_length=38.08
2021-12-16 13:08:57.809669 | GENERATION: 91 | ERRORS: best=19, median=58.0, diversity=0.285 | INDIVIDUALS: n=200, avg_genome_length=35.8
2021-12-16 13:09:00.045228 | GENERATION: 92 | ERRORS: best=19, median=36.0, diversity=0.33 | INDIVIDUALS: n=200, avg_genome_length=33.465
2021-12-16 13:09:02.216143 | GENERATION: 93 | ERRORS: best=19, median=31.5, diversity=0.305 | INDIVIDUALS: n=200, avg_genome_length=34.425
2021-12-16 13:09:04.301485 | GENERATION: 94 | ERRORS: best=19, median=25.0, diversity=0.36 | INDIVIDUALS: n=200, avg_genome_length=36.77
2021-12-16 13:09:06.372430 | GENERATION: 95 | ERRORS: best=19, median=75.0, diversity=0.305 | INDIVIDUALS: n=200, avg_genome_length=34.12
2021-12-16 13:09:08.552779 | GENERATION: 96 | ERRORS: best=19, median=31.5, diversity=0.36 | INDIVIDUALS: n=200, avg_genome_length=33.95
2021-12-16 13:09:10.766621 | GENERATION: 97 | ERRORS: best=19, median=28.0, diversity=0.3 | INDIVIDUALS: n=200, avg_genome_length=35.825
2021-12-16 13:09:13.340496 | GENERATION: 98 | ERRORS: best=19, median=28.0, diversity=0.33 | INDIVIDUALS: n=200, avg_genome_length=36.28
2021-12-16 13:09:16.062110 | GENERATION: 99 | ERRORS: best=19, median=31.0, diversity=0.295 | INDIVIDUALS: n=200, avg_genome_length=32.205
2021-12-16 13:09:18.983639 | GENERATION: 100 | ERRORS: best=19, median=41.0, diversity=0.33 | INDIVIDUALS: n=200, avg_genome_length=32.52
2021-12-16 13:09:21.793552 | GENERATION: 101 | ERRORS: best=19, median=40.5, diversity=0.305 | INDIVIDUALS: n=200, avg_genome_length=33.28
2021-12-16 13:09:24.178680 | GENERATION: 102 | ERRORS: best=19, median=29.0, diversity=0.265 | INDIVIDUALS: n=200, avg_genome_length=32.73
2021-12-16 13:09:26.536303 | GENERATION: 103 | ERRORS: best=19, median=64.5, diversity=0.285 | INDIVIDUALS: n=200, avg_genome_length=31.61
2021-12-16 13:09:28.643281 | GENERATION: 104 | ERRORS: best=19, median=66.5, diversity=0.285 | INDIVIDUALS: n=200, avg_genome_length=31.055
2021-12-16 13:09:30.595132 | GENERATION: 105 | ERRORS: best=19, median=32.0, diversity=0.39 | INDIVIDUALS: n=200, avg_genome_length=35.525
2021-12-16 13:09:32.592356 | GENERATION: 106 | ERRORS: best=19, median=42.5, diversity=0.34 | INDIVIDUALS: n=200, avg_genome_length=33.775
2021-12-16 13:09:35.061193 | GENERATION: 107 | ERRORS: best=19, median=27.5, diversity=0.31 | INDIVIDUALS: n=200, avg_genome_length=38.025
2021-12-16 13:09:37.097035 | GENERATION: 108 | ERRORS: best=18, median=37.0, diversity=0.31 | INDIVIDUALS: n=200, avg_genome_length=34.995
2021-12-16 13:09:39.215485 | GENERATION: 109 | ERRORS: best=19, median=32.0, diversity=0.345 | INDIVIDUALS: n=200, avg_genome_length=35.185
2021-12-16 13:09:41.990297 | GENERATION: 110 | ERRORS: best=19, median=38.5, diversity=0.31 | INDIVIDUALS: n=200, avg_genome_length=39.565
2021-12-16 13:09:44.508136 | GENERATION: 111 | ERRORS: best=19, median=43.0, diversity=0.335 | INDIVIDUALS: n=200, avg_genome_length=41.155
2021-12-16 13:09:47.117266 | GENERATION: 112 | ERRORS: best=19, median=31.0, diversity=0.34 | INDIVIDUALS: n=200, avg_genome_length=45.275
2021-12-16 13:09:49.624655 | GENERATION: 113 | ERRORS: best=19, median=27.0, diversity=0.33 | INDIVIDUALS: n=200, avg_genome_length=46.835
2021-12-16 13:09:51.963403 | GENERATION: 114 | ERRORS: best=19, median=27.0, diversity=0.31 | INDIVIDUALS: n=200, avg_genome_length=45.03
2021-12-16 13:09:54.540826 | GENERATION: 115 | ERRORS: best=19, median=33.5, diversity=0.31 | INDIVIDUALS: n=200, avg_genome_length=39.77
2021-12-16 13:09:56.926050 | GENERATION: 116 | ERRORS: best=19, median=26.0, diversity=0.305 | INDIVIDUALS: n=200, avg_genome_length=39.995
2021-12-16 13:09:59.210255 | GENERATION: 117 | ERRORS: best=19, median=27.0, diversity=0.27 | INDIVIDUALS: n=200, avg_genome_length=37.855
2021-12-16 13:10:01.382302 | GENERATION: 118 | ERRORS: best=19, median=38.5, diversity=0.28 | INDIVIDUALS: n=200, avg_genome_length=38.405
2021-12-16 13:10:03.780436 | GENERATION: 119 | ERRORS: best=19, median=68.0, diversity=0.29 | INDIVIDUALS: n=200, avg_genome_length=42.35
2021-12-16 13:10:06.055267 | GENERATION: 120 | ERRORS: best=19, median=30.5, diversity=0.225 | INDIVIDUALS: n=200, avg_genome_length=39.6
2021-12-16 13:10:09.437553 | GENERATION: 121 | ERRORS: best=18, median=47.0, diversity=0.295 | INDIVIDUALS: n=200, avg_genome_length=42.15
2021-12-16 13:10:13.757930 | GENERATION: 122 | ERRORS: best=17, median=41.0, diversity=0.355 | INDIVIDUALS: n=200, avg_genome_length=43.76
2021-12-16 13:10:18.617681 | GENERATION: 123 | ERRORS: best=19, median=71.5, diversity=0.355 | INDIVIDUALS: n=200, avg_genome_length=46.735
2021-12-16 13:10:24.594811 | GENERATION: 124 | ERRORS: best=19, median=2500026.5, diversity=0.34 | INDIVIDUALS: n=200, avg_genome_length=50.195
2021-12-16 13:10:30.465927 | GENERATION: 125 | ERRORS: best=17, median=67.5, diversity=0.37 | INDIVIDUALS: n=200, avg_genome_length=50.585
2021-12-16 13:10:38.248950 | GENERATION: 126 | ERRORS: best=17, median=59.0, diversity=0.445 | INDIVIDUALS: n=200, avg_genome_length=52.275
2021-12-16 13:10:45.886971 | GENERATION: 127 | ERRORS: best=16, median=32.0, diversity=0.39 | INDIVIDUALS: n=200, avg_genome_length=49.205
2021-12-16 13:10:54.598238 | GENERATION: 128 | ERRORS: best=15, median=54.0, diversity=0.47 | INDIVIDUALS: n=200, avg_genome_length=48.795
2021-12-16 13:11:03.857737 | GENERATION: 129 | ERRORS: best=14, median=31.5, diversity=0.405 | INDIVIDUALS: n=200, avg_genome_length=50.11
2021-12-16 13:11:14.273877 | GENERATION: 130 | ERRORS: best=13, median=38.5, diversity=0.495 | INDIVIDUALS: n=200, avg_genome_length=49.395
2021-12-16 13:11:25.716765 | GENERATION: 131 | ERRORS: best=15, median=38.0, diversity=0.465 | INDIVIDUALS: n=200, avg_genome_length=49.565
2021-12-16 13:11:35.774381 | GENERATION: 132 | ERRORS: best=14, median=32.0, diversity=0.48 | INDIVIDUALS: n=200, avg_genome_length=47.385
2021-12-16 13:11:44.762044 | GENERATION: 133 | ERRORS: best=12, median=31.5, diversity=0.495 | INDIVIDUALS: n=200, avg_genome_length=44.78
2021-12-16 13:11:54.006228 | GENERATION: 134 | ERRORS: best=12, median=35.0, diversity=0.43 | INDIVIDUALS: n=200, avg_genome_length=43.275
2021-12-16 13:12:03.511249 | GENERATION: 135 | ERRORS: best=11, median=30.0, diversity=0.37 | INDIVIDUALS: n=200, avg_genome_length=42.425
2021-12-16 13:12:14.671544 | GENERATION: 136 | ERRORS: best=10, median=31.0, diversity=0.415 | INDIVIDUALS: n=200, avg_genome_length=41.74
2021-12-16 13:12:28.445191 | GENERATION: 137 | ERRORS: best=9, median=30.0, diversity=0.465 | INDIVIDUALS: n=200, avg_genome_length=46.47
2021-12-16 13:12:41.688379 | GENERATION: 138 | ERRORS: best=10, median=28.5, diversity=0.45 | INDIVIDUALS: n=200, avg_genome_length=46.1
2021-12-16 13:12:55.567337 | GENERATION: 139 | ERRORS: best=10, median=29.0, diversity=0.435 | INDIVIDUALS: n=200, avg_genome_length=47.095
2021-12-16 13:13:07.916928 | GENERATION: 140 | ERRORS: best=10, median=25.5, diversity=0.39 | INDIVIDUALS: n=200, avg_genome_length=46.155
2021-12-16 13:13:21.122113 | GENERATION: 141 | ERRORS: best=9, median=38.5, diversity=0.475 | INDIVIDUALS: n=200, avg_genome_length=42.625
2021-12-16 13:13:34.327172 | GENERATION: 142 | ERRORS: best=9, median=30.5, diversity=0.42 | INDIVIDUALS: n=200, avg_genome_length=41.5
2021-12-16 13:13:47.628075 | GENERATION: 143 | ERRORS: best=9, median=28.0, diversity=0.415 | INDIVIDUALS: n=200, avg_genome_length=39.44
2021-12-16 13:14:00.609042 | GENERATION: 144 | ERRORS: best=9, median=36.0, diversity=0.46 | INDIVIDUALS: n=200, avg_genome_length=38.45
2021-12-16 13:14:14.302308 | GENERATION: 145 | ERRORS: best=10, median=26.0, diversity=0.465 | INDIVIDUALS: n=200, avg_genome_length=39.135
2021-12-16 13:14:27.976757 | GENERATION: 146 | ERRORS: best=9, median=26.5, diversity=0.42 | INDIVIDUALS: n=200, avg_genome_length=37.35
2021-12-16 13:14:42.707852 | GENERATION: 147 | ERRORS: best=8, median=32.0, diversity=0.49 | INDIVIDUALS: n=200, avg_genome_length=34.145
2021-12-16 13:14:57.551150 | GENERATION: 148 | ERRORS: best=10, median=26.5, diversity=0.42 | INDIVIDUALS: n=200, avg_genome_length=31.925
2021-12-16 13:15:11.517282 | GENERATION: 149 | ERRORS: best=10, median=34.0, diversity=0.45 | INDIVIDUALS: n=200, avg_genome_length=28.105
2021-12-16 13:15:24.821807 | GENERATION: 150 | ERRORS: best=10, median=25.0, diversity=0.385 | INDIVIDUALS: n=200, avg_genome_length=28.615
2021-12-16 13:15:36.687986 | GENERATION: 151 | ERRORS: best=9, median=25.5, diversity=0.325 | INDIVIDUALS: n=200, avg_genome_length=27.845
2021-12-16 13:15:49.561729 | GENERATION: 152 | ERRORS: best=9, median=25.0, diversity=0.385 | INDIVIDUALS: n=200, avg_genome_length=29.775
2021-12-16 13:16:01.701314 | GENERATION: 153 | ERRORS: best=10, median=28.5, diversity=0.335 | INDIVIDUALS: n=200, avg_genome_length=29.265
2021-12-16 13:16:14.297851 | GENERATION: 154 | ERRORS: best=9, median=27.0, diversity=0.42 | INDIVIDUALS: n=200, avg_genome_length=29.12
2021-12-16 13:16:27.517079 | GENERATION: 155 | ERRORS: best=9, median=27.0, diversity=0.345 | INDIVIDUALS: n=200, avg_genome_length=29.83
2021-12-16 13:16:43.674155 | GENERATION: 156 | ERRORS: best=10, median=26.0, diversity=0.395 | INDIVIDUALS: n=200, avg_genome_length=35.275
2021-12-16 13:16:58.819820 | GENERATION: 157 | ERRORS: best=10, median=25.5, diversity=0.44 | INDIVIDUALS: n=200, avg_genome_length=35.59
2021-12-16 13:17:12.442500 | GENERATION: 158 | ERRORS: best=10, median=25.0, diversity=0.355 | INDIVIDUALS: n=200, avg_genome_length=33.005
2021-12-16 13:17:26.040177 | GENERATION: 159 | ERRORS: best=9, median=26.0, diversity=0.34 | INDIVIDUALS: n=200, avg_genome_length=35.295
2021-12-16 13:17:40.671540 | GENERATION: 160 | ERRORS: best=8, median=25.0, diversity=0.415 | INDIVIDUALS: n=200, avg_genome_length=37.57
2021-12-16 13:17:55.698101 | GENERATION: 161 | ERRORS: best=8, median=26.0, diversity=0.42 | INDIVIDUALS: n=200, avg_genome_length=37.315
2021-12-16 13:18:10.395284 | GENERATION: 162 | ERRORS: best=8, median=28.0, diversity=0.44 | INDIVIDUALS: n=200, avg_genome_length=33.645
2021-12-16 13:18:26.134901 | GENERATION: 163 | ERRORS: best=7, median=25.0, diversity=0.455 | INDIVIDUALS: n=200, avg_genome_length=33.245
2021-12-16 13:18:43.010681 | GENERATION: 164 | ERRORS: best=10, median=26.5, diversity=0.445 | INDIVIDUALS: n=200, avg_genome_length=36.375
2021-12-16 13:18:58.414049 | GENERATION: 165 | ERRORS: best=13, median=30.0, diversity=0.47 | INDIVIDUALS: n=200, avg_genome_length=36.62
2021-12-16 13:19:14.323180 | GENERATION: 166 | ERRORS: best=9, median=25.0, diversity=0.485 | INDIVIDUALS: n=200, avg_genome_length=36.105
2021-12-16 13:19:28.880854 | GENERATION: 167 | ERRORS: best=9, median=25.0, diversity=0.43 | INDIVIDUALS: n=200, avg_genome_length=36.89
2021-12-16 13:19:43.437819 | GENERATION: 168 | ERRORS: best=10, median=25.5, diversity=0.44 | INDIVIDUALS: n=200, avg_genome_length=37.92
2021-12-16 13:19:56.626074 | GENERATION: 169 | ERRORS: best=10, median=25.0, diversity=0.37 | INDIVIDUALS: n=200, avg_genome_length=36.5
2021-12-16 13:20:10.676337 | GENERATION: 170 | ERRORS: best=10, median=25.0, diversity=0.39 | INDIVIDUALS: n=200, avg_genome_length=36.105
2021-12-16 13:20:23.767695 | GENERATION: 171 | ERRORS: best=10, median=25.0, diversity=0.385 | INDIVIDUALS: n=200, avg_genome_length=36.29
2021-12-16 13:20:36.542835 | GENERATION: 172 | ERRORS: best=9, median=25.5, diversity=0.4 | INDIVIDUALS: n=200, avg_genome_length=36.725
2021-12-16 13:20:49.877965 | GENERATION: 173 | ERRORS: best=9, median=25.0, diversity=0.415 | INDIVIDUALS: n=200, avg_genome_length=35.78
2021-12-16 13:21:02.280774 | GENERATION: 174 | ERRORS: best=10, median=25.0, diversity=0.36 | INDIVIDUALS: n=200, avg_genome_length=34.99
2021-12-16 13:21:15.996360 | GENERATION: 175 | ERRORS: best=9, median=25.0, diversity=0.415 | INDIVIDUALS: n=200, avg_genome_length=34.945
2021-12-16 13:21:29.958412 | GENERATION: 176 | ERRORS: best=9, median=26.5, diversity=0.455 | INDIVIDUALS: n=200, avg_genome_length=34.955
2021-12-16 13:21:42.399952 | GENERATION: 177 | ERRORS: best=9, median=25.0, diversity=0.37 | INDIVIDUALS: n=200, avg_genome_length=34.57
2021-12-16 13:21:55.280549 | GENERATION: 178 | ERRORS: best=9, median=25.0, diversity=0.36 | INDIVIDUALS: n=200, avg_genome_length=34.49
2021-12-16 13:22:08.333942 | GENERATION: 179 | ERRORS: best=9, median=25.0, diversity=0.33 | INDIVIDUALS: n=200, avg_genome_length=33.485
2021-12-16 13:22:20.550923 | GENERATION: 180 | ERRORS: best=9, median=25.0, diversity=0.365 | INDIVIDUALS: n=200, avg_genome_length=31.97
2021-12-16 13:22:33.332901 | GENERATION: 181 | ERRORS: best=9, median=25.0, diversity=0.39 | INDIVIDUALS: n=200, avg_genome_length=33.08
2021-12-16 13:22:45.947026 | GENERATION: 182 | ERRORS: best=9, median=25.0, diversity=0.365 | INDIVIDUALS: n=200, avg_genome_length=29.61
2021-12-16 13:22:59.542151 | GENERATION: 183 | ERRORS: best=10, median=25.0, diversity=0.36 | INDIVIDUALS: n=200, avg_genome_length=29.27
2021-12-16 13:23:14.069119 | GENERATION: 184 | ERRORS: best=10, median=25.0, diversity=0.405 | INDIVIDUALS: n=200, avg_genome_length=28.96
2021-12-16 13:23:28.103877 | GENERATION: 185 | ERRORS: best=10, median=25.0, diversity=0.36 | INDIVIDUALS: n=200, avg_genome_length=29.57
2021-12-16 13:23:42.073300 | GENERATION: 186 | ERRORS: best=10, median=25.0, diversity=0.315 | INDIVIDUALS: n=200, avg_genome_length=27.615
2021-12-16 13:23:55.107757 | GENERATION: 187 | ERRORS: best=10, median=25.0, diversity=0.335 | INDIVIDUALS: n=200, avg_genome_length=25.285
2021-12-16 13:24:09.246234 | GENERATION: 188 | ERRORS: best=10, median=25.0, diversity=0.32 | INDIVIDUALS: n=200, avg_genome_length=23.895
2021-12-16 13:24:21.659591 | GENERATION: 189 | ERRORS: best=10, median=25.0, diversity=0.275 | INDIVIDUALS: n=200, avg_genome_length=24.15
2021-12-16 13:24:33.331542 | GENERATION: 190 | ERRORS: best=9, median=25.0, diversity=0.325 | INDIVIDUALS: n=200, avg_genome_length=22.35
2021-12-16 13:24:45.735765 | GENERATION: 191 | ERRORS: best=10, median=26.5, diversity=0.29 | INDIVIDUALS: n=200, avg_genome_length=23.42
2021-12-16 13:24:57.669007 | GENERATION: 192 | ERRORS: best=10, median=30.0, diversity=0.375 | INDIVIDUALS: n=200, avg_genome_length=22.935
2021-12-16 13:25:09.453930 | GENERATION: 193 | ERRORS: best=10, median=25.5, diversity=0.315 | INDIVIDUALS: n=200, avg_genome_length=22.76
2021-12-16 13:25:22.270452 | GENERATION: 194 | ERRORS: best=10, median=25.0, diversity=0.285 | INDIVIDUALS: n=200, avg_genome_length=22.96
2021-12-16 13:25:33.197684 | GENERATION: 195 | ERRORS: best=10, median=25.0, diversity=0.205 | INDIVIDUALS: n=200, avg_genome_length=23.9
2021-12-16 13:25:45.305946 | GENERATION: 196 | ERRORS: best=10, median=30.5, diversity=0.32 | INDIVIDUALS: n=200, avg_genome_length=24.955
2021-12-16 13:25:56.799759 | GENERATION: 197 | ERRORS: best=9, median=25.0, diversity=0.245 | INDIVIDUALS: n=200, avg_genome_length=23.875
2021-12-16 13:26:08.002357 | GENERATION: 198 | ERRORS: best=9, median=25.0, diversity=0.285 | INDIVIDUALS: n=200, avg_genome_length=21.985
2021-12-16 13:26:17.771139 | GENERATION: 199 | ERRORS: best=8, median=26.0, diversity=0.245 | INDIVIDUALS: n=200, avg_genome_length=18.275
2021-12-16 13:26:30.738145 | GENERATION: 200 | ERRORS: best=9, median=30.0, diversity=0.3 | INDIVIDUALS: n=200, avg_genome_length=18.665
2021-12-16 13:26:43.602063 | GENERATION: 201 | ERRORS: best=9, median=27.0, diversity=0.315 | INDIVIDUALS: n=200, avg_genome_length=19.615
2021-12-16 13:26:54.731528 | GENERATION: 202 | ERRORS: best=10, median=25.0, diversity=0.22 | INDIVIDUALS: n=200, avg_genome_length=19.045
2021-12-16 13:27:06.161326 | GENERATION: 203 | ERRORS: best=10, median=25.0, diversity=0.22 | INDIVIDUALS: n=200, avg_genome_length=18.26
2021-12-16 13:27:17.259924 | GENERATION: 204 | ERRORS: best=10, median=25.0, diversity=0.22 | INDIVIDUALS: n=200, avg_genome_length=18.405
2021-12-16 13:27:27.949009 | GENERATION: 205 | ERRORS: best=14, median=25.0, diversity=0.195 | INDIVIDUALS: n=200, avg_genome_length=18.105
2021-12-16 13:27:37.922289 | GENERATION: 206 | ERRORS: best=15, median=25.0, diversity=0.165 | INDIVIDUALS: n=200, avg_genome_length=16.82
2021-12-16 13:27:46.573652 | GENERATION: 207 | ERRORS: best=15, median=25.0, diversity=0.19 | INDIVIDUALS: n=200, avg_genome_length=16.73
2021-12-16 13:27:55.132464 | GENERATION: 208 | ERRORS: best=16, median=25.0, diversity=0.18 | INDIVIDUALS: n=200, avg_genome_length=15.915
2021-12-16 13:28:02.763265 | GENERATION: 209 | ERRORS: best=15, median=32.5, diversity=0.155 | INDIVIDUALS: n=200, avg_genome_length=15.44
2021-12-16 13:28:09.638553 | GENERATION: 210 | ERRORS: best=17, median=25.0, diversity=0.165 | INDIVIDUALS: n=200, avg_genome_length=13.675
2021-12-16 13:28:18.121788 | GENERATION: 211 | ERRORS: best=20, median=25.5, diversity=0.175 | INDIVIDUALS: n=200, avg_genome_length=12.465
2021-12-16 13:28:26.212584 | GENERATION: 212 | ERRORS: best=16, median=35.5, diversity=0.175 | INDIVIDUALS: n=200, avg_genome_length=13.665
2021-12-16 13:28:35.370454 | GENERATION: 213 | ERRORS: best=15, median=25.0, diversity=0.195 | INDIVIDUALS: n=200, avg_genome_length=18.515
2021-12-16 13:28:46.858114 | GENERATION: 214 | ERRORS: best=15, median=25.0, diversity=0.285 | INDIVIDUALS: n=200, avg_genome_length=23.415
2021-12-16 13:28:59.563001 | GENERATION: 215 | ERRORS: best=15, median=25.0, diversity=0.325 | INDIVIDUALS: n=200, avg_genome_length=25.265
2021-12-16 13:29:15.197028 | GENERATION: 216 | ERRORS: best=15, median=25.0, diversity=0.425 | INDIVIDUALS: n=200, avg_genome_length=28.545
2021-12-16 13:29:29.932554 | GENERATION: 217 | ERRORS: best=15, median=25.0, diversity=0.35 | INDIVIDUALS: n=200, avg_genome_length=28.225
2021-12-16 13:29:46.161653 | GENERATION: 218 | ERRORS: best=15, median=25.0, diversity=0.4 | INDIVIDUALS: n=200, avg_genome_length=27.645
2021-12-16 13:29:59.282010 | GENERATION: 219 | ERRORS: best=14, median=25.0, diversity=0.37 | INDIVIDUALS: n=200, avg_genome_length=26.66
2021-12-16 13:30:12.482334 | GENERATION: 220 | ERRORS: best=14, median=25.0, diversity=0.365 | INDIVIDUALS: n=200, avg_genome_length=26.545
2021-12-16 13:30:25.344287 | GENERATION: 221 | ERRORS: best=14, median=25.0, diversity=0.335 | INDIVIDUALS: n=200, avg_genome_length=25.74
2021-12-16 13:30:40.137943 | GENERATION: 222 | ERRORS: best=16, median=25.0, diversity=0.365 | INDIVIDUALS: n=200, avg_genome_length=26.08
2021-12-16 13:30:52.860007 | GENERATION: 223 | ERRORS: best=16, median=25.0, diversity=0.32 | INDIVIDUALS: n=200, avg_genome_length=25.01
2021-12-16 13:31:05.185270 | GENERATION: 224 | ERRORS: best=15, median=25.0, diversity=0.27 | INDIVIDUALS: n=200, avg_genome_length=25.025
2021-12-16 13:31:17.611439 | GENERATION: 225 | ERRORS: best=15, median=27.0, diversity=0.345 | INDIVIDUALS: n=200, avg_genome_length=22.705
2021-12-16 13:31:30.469361 | GENERATION: 226 | ERRORS: best=15, median=25.5, diversity=0.41 | INDIVIDUALS: n=200, avg_genome_length=22.94
2021-12-16 13:31:44.088453 | GENERATION: 227 | ERRORS: best=15, median=25.0, diversity=0.345 | INDIVIDUALS: n=200, avg_genome_length=21.99
2021-12-16 13:31:55.770283 | GENERATION: 228 | ERRORS: best=15, median=39.5, diversity=0.33 | INDIVIDUALS: n=200, avg_genome_length=21.97
2021-12-16 13:32:05.984852 | GENERATION: 229 | ERRORS: best=17, median=75.0, diversity=0.29 | INDIVIDUALS: n=200, avg_genome_length=21.01
2021-12-16 13:32:18.500501 | GENERATION: 230 | ERRORS: best=15, median=39.0, diversity=0.355 | INDIVIDUALS: n=200, avg_genome_length=23.38
2021-12-16 13:32:29.479121 | GENERATION: 231 | ERRORS: best=15, median=35.5, diversity=0.35 | INDIVIDUALS: n=200, avg_genome_length=22.42
2021-12-16 13:32:39.380200 | GENERATION: 232 | ERRORS: best=14, median=39.0, diversity=0.36 | INDIVIDUALS: n=200, avg_genome_length=22.425
2021-12-16 13:32:48.900396 | GENERATION: 233 | ERRORS: best=15, median=46.0, diversity=0.26 | INDIVIDUALS: n=200, avg_genome_length=24.025
2021-12-16 13:33:00.638161 | GENERATION: 234 | ERRORS: best=16, median=25.0, diversity=0.295 | INDIVIDUALS: n=200, avg_genome_length=26.215
2021-12-16 13:33:12.071003 | GENERATION: 235 | ERRORS: best=16, median=26.0, diversity=0.315 | INDIVIDUALS: n=200, avg_genome_length=25.445
2021-12-16 13:33:23.332929 | GENERATION: 236 | ERRORS: best=16, median=30.0, diversity=0.335 | INDIVIDUALS: n=200, avg_genome_length=25.955
2021-12-16 13:33:33.042757 | GENERATION: 237 | ERRORS: best=15, median=39.0, diversity=0.325 | INDIVIDUALS: n=200, avg_genome_length=25.435
2021-12-16 13:33:43.816165 | GENERATION: 238 | ERRORS: best=15, median=60.5, diversity=0.335 | INDIVIDUALS: n=200, avg_genome_length=26.41
2021-12-16 13:33:53.710272 | GENERATION: 239 | ERRORS: best=15, median=59.5, diversity=0.27 | INDIVIDUALS: n=200, avg_genome_length=27.025
2021-12-16 13:34:05.504197 | GENERATION: 240 | ERRORS: best=15, median=73.5, diversity=0.31 | INDIVIDUALS: n=200, avg_genome_length=25.87
2021-12-16 13:34:15.714048 | GENERATION: 241 | ERRORS: best=15, median=38.5, diversity=0.305 | INDIVIDUALS: n=200, avg_genome_length=24.6
2021-12-16 13:34:27.862098 | GENERATION: 242 | ERRORS: best=15, median=39.0, diversity=0.29 | INDIVIDUALS: n=200, avg_genome_length=26.33
2021-12-16 13:34:38.621156 | GENERATION: 243 | ERRORS: best=15, median=42.5, diversity=0.295 | INDIVIDUALS: n=200, avg_genome_length=26.0
2021-12-16 13:34:49.269432 | GENERATION: 244 | ERRORS: best=16, median=28.0, diversity=0.335 | INDIVIDUALS: n=200, avg_genome_length=27.9
2021-12-16 13:34:59.950978 | GENERATION: 245 | ERRORS: best=15, median=37.5, diversity=0.345 | INDIVIDUALS: n=200, avg_genome_length=26.14
2021-12-16 13:35:12.161525 | GENERATION: 246 | ERRORS: best=16, median=42.0, diversity=0.42 | INDIVIDUALS: n=200, avg_genome_length=26.99
2021-12-16 13:35:22.813199 | GENERATION: 247 | ERRORS: best=15, median=50.5, diversity=0.345 | INDIVIDUALS: n=200, avg_genome_length=26.27
2021-12-16 13:35:33.387954 | GENERATION: 248 | ERRORS: best=15, median=50.0, diversity=0.26 | INDIVIDUALS: n=200, avg_genome_length=22.95
2021-12-16 13:35:43.760102 | GENERATION: 249 | ERRORS: best=15, median=75.0, diversity=0.315 | INDIVIDUALS: n=200, avg_genome_length=22.62
2021-12-16 13:35:54.066950 | GENERATION: 250 | ERRORS: best=15, median=75.0, diversity=0.285 | INDIVIDUALS: n=200, avg_genome_length=22.915
2021-12-16 13:36:04.030142 | GENERATION: 251 | ERRORS: best=16, median=75.0, diversity=0.31 | INDIVIDUALS: n=200, avg_genome_length=22.185
2021-12-16 13:36:12.236953 | GENERATION: 252 | ERRORS: best=14, median=75.0, diversity=0.32 | INDIVIDUALS: n=200, avg_genome_length=20.0
2021-12-16 13:36:20.751332 | GENERATION: 253 | ERRORS: best=16, median=75.0, diversity=0.29 | INDIVIDUALS: n=200, avg_genome_length=21.95
2021-12-16 13:36:29.528302 | GENERATION: 254 | ERRORS: best=14, median=75.0, diversity=0.38 | INDIVIDUALS: n=200, avg_genome_length=21.57
2021-12-16 13:36:38.778733 | GENERATION: 255 | ERRORS: best=16, median=75.0, diversity=0.34 | INDIVIDUALS: n=200, avg_genome_length=22.385
2021-12-16 13:36:48.344173 | GENERATION: 256 | ERRORS: best=14, median=58.5, diversity=0.36 | INDIVIDUALS: n=200, avg_genome_length=20.995
2021-12-16 13:36:56.908472 | GENERATION: 257 | ERRORS: best=14, median=75.0, diversity=0.285 | INDIVIDUALS: n=200, avg_genome_length=21.045
2021-12-16 13:37:03.947442 | GENERATION: 258 | ERRORS: best=14, median=1000052.0, diversity=0.295 | INDIVIDUALS: n=200, avg_genome_length=19.88
2021-12-16 13:37:11.872746 | GENERATION: 259 | ERRORS: best=13, median=75.0, diversity=0.3 | INDIVIDUALS: n=200, avg_genome_length=17.94
2021-12-16 13:37:20.899382 | GENERATION: 260 | ERRORS: best=13, median=75.0, diversity=0.27 | INDIVIDUALS: n=200, avg_genome_length=18.22
2021-12-16 13:37:29.357528 | GENERATION: 261 | ERRORS: best=14, median=75.0, diversity=0.2 | INDIVIDUALS: n=200, avg_genome_length=17.2
2021-12-16 13:37:37.188531 | GENERATION: 262 | ERRORS: best=14, median=75.0, diversity=0.275 | INDIVIDUALS: n=200, avg_genome_length=16.275
2021-12-16 13:37:44.836893 | GENERATION: 263 | ERRORS: best=14, median=75.0, diversity=0.285 | INDIVIDUALS: n=200, avg_genome_length=17.515
2021-12-16 13:37:53.067238 | GENERATION: 264 | ERRORS: best=17, median=75.0, diversity=0.245 | INDIVIDUALS: n=200, avg_genome_length=17.975
2021-12-16 13:38:02.421735 | GENERATION: 265 | ERRORS: best=16, median=75.0, diversity=0.305 | INDIVIDUALS: n=200, avg_genome_length=19.04
2021-12-16 13:38:10.970947 | GENERATION: 266 | ERRORS: best=16, median=75.0, diversity=0.23 | INDIVIDUALS: n=200, avg_genome_length=18.855
2021-12-16 13:38:19.227273 | GENERATION: 267 | ERRORS: best=16, median=61.0, diversity=0.245 | INDIVIDUALS: n=200, avg_genome_length=17.685
2021-12-16 13:38:26.260069 | GENERATION: 268 | ERRORS: best=15, median=75.0, diversity=0.175 | INDIVIDUALS: n=200, avg_genome_length=16.665
2021-12-16 13:38:33.596524 | GENERATION: 269 | ERRORS: best=15, median=39.0, diversity=0.24 | INDIVIDUALS: n=200, avg_genome_length=16.475
2021-12-16 13:38:40.018325 | GENERATION: 270 | ERRORS: best=15, median=67.5, diversity=0.205 | INDIVIDUALS: n=200, avg_genome_length=17.95
2021-12-16 13:38:46.668714 | GENERATION: 271 | ERRORS: best=17, median=75.0, diversity=0.25 | INDIVIDUALS: n=200, avg_genome_length=16.0
2021-12-16 13:38:53.743939 | GENERATION: 272 | ERRORS: best=20, median=75.0, diversity=0.165 | INDIVIDUALS: n=200, avg_genome_length=16.845
2021-12-16 13:39:00.832613 | GENERATION: 273 | ERRORS: best=18, median=57.0, diversity=0.23 | INDIVIDUALS: n=200, avg_genome_length=16.99
2021-12-16 13:39:07.281328 | GENERATION: 274 | ERRORS: best=19, median=60.0, diversity=0.19 | INDIVIDUALS: n=200, avg_genome_length=16.275
2021-12-16 13:39:12.285238 | GENERATION: 275 | ERRORS: best=21, median=65.0, diversity=0.155 | INDIVIDUALS: n=200, avg_genome_length=13.455
2021-12-16 13:39:16.931812 | GENERATION: 276 | ERRORS: best=21, median=75.0, diversity=0.125 | INDIVIDUALS: n=200, avg_genome_length=12.68
2021-12-16 13:39:22.836805 | GENERATION: 277 | ERRORS: best=19, median=75.0, diversity=0.18 | INDIVIDUALS: n=200, avg_genome_length=15.42
2021-12-16 13:39:28.512019 | GENERATION: 278 | ERRORS: best=19, median=75.0, diversity=0.19 | INDIVIDUALS: n=200, avg_genome_length=14.28
2021-12-16 13:39:35.657138 | GENERATION: 279 | ERRORS: best=19, median=29.0, diversity=0.21 | INDIVIDUALS: n=200, avg_genome_length=18.53
2021-12-16 13:39:43.351941 | GENERATION: 280 | ERRORS: best=19, median=30.0, diversity=0.28 | INDIVIDUALS: n=200, avg_genome_length=19.01
2021-12-16 13:39:50.832309 | GENERATION: 281 | ERRORS: best=19, median=33.5, diversity=0.325 | INDIVIDUALS: n=200, avg_genome_length=18.385
2021-12-16 13:39:57.620343 | GENERATION: 282 | ERRORS: best=17, median=28.5, diversity=0.285 | INDIVIDUALS: n=200, avg_genome_length=18.725
2021-12-16 13:40:03.970946 | GENERATION: 283 | ERRORS: best=19, median=31.0, diversity=0.21 | INDIVIDUALS: n=200, avg_genome_length=18.81
2021-12-16 13:40:08.609145 | GENERATION: 284 | ERRORS: best=19, median=67.0, diversity=0.185 | INDIVIDUALS: n=200, avg_genome_length=17.21
2021-12-16 13:40:13.933689 | GENERATION: 285 | ERRORS: best=18, median=48.0, diversity=0.23 | INDIVIDUALS: n=200, avg_genome_length=15.76
2021-12-16 13:40:20.828462 | GENERATION: 286 | ERRORS: best=18, median=39.0, diversity=0.245 | INDIVIDUALS: n=200, avg_genome_length=16.8
2021-12-16 13:40:26.588002 | GENERATION: 287 | ERRORS: best=19, median=34.5, diversity=0.215 | INDIVIDUALS: n=200, avg_genome_length=14.475
2021-12-16 13:40:32.201513 | GENERATION: 288 | ERRORS: best=19, median=42.5, diversity=0.235 | INDIVIDUALS: n=200, avg_genome_length=12.715
2021-12-16 13:40:37.750686 | GENERATION: 289 | ERRORS: best=19, median=42.5, diversity=0.24 | INDIVIDUALS: n=200, avg_genome_length=12.53
2021-12-16 13:40:42.363230 | GENERATION: 290 | ERRORS: best=20, median=75.0, diversity=0.21 | INDIVIDUALS: n=200, avg_genome_length=11.275
2021-12-16 13:40:47.308452 | GENERATION: 291 | ERRORS: best=19, median=55.0, diversity=0.215 | INDIVIDUALS: n=200, avg_genome_length=12.835
2021-12-16 13:40:52.681525 | GENERATION: 292 | ERRORS: best=20, median=59.0, diversity=0.255 | INDIVIDUALS: n=200, avg_genome_length=12.695
2021-12-16 13:40:58.352367 | GENERATION: 293 | ERRORS: best=20, median=44.5, diversity=0.29 | INDIVIDUALS: n=200, avg_genome_length=14.62
2021-12-16 13:41:04.400870 | GENERATION: 294 | ERRORS: best=20, median=39.0, diversity=0.28 | INDIVIDUALS: n=200, avg_genome_length=14.125
2021-12-16 13:41:10.137891 | GENERATION: 295 | ERRORS: best=15, median=53.0, diversity=0.255 | INDIVIDUALS: n=200, avg_genome_length=13.46
2021-12-16 13:41:15.941059 | GENERATION: 296 | ERRORS: best=15, median=55.5, diversity=0.26 | INDIVIDUALS: n=200, avg_genome_length=13.93
2021-12-16 13:41:22.986466 | GENERATION: 297 | ERRORS: best=15, median=39.0, diversity=0.32 | INDIVIDUALS: n=200, avg_genome_length=13.67
2021-12-16 13:41:28.759531 | GENERATION: 298 | ERRORS: best=16, median=56.5, diversity=0.25 | INDIVIDUALS: n=200, avg_genome_length=13.455
2021-12-16 13:41:35.866009 | GENERATION: 299 | ERRORS: best=16, median=46.5, diversity=0.24 | INDIVIDUALS: n=200, avg_genome_length=12.795
2021-12-16 13:41:41.526920 | GENERATION: 300 | ERRORS: best=16, median=38.5, diversity=0.2 | INDIVIDUALS: n=200, avg_genome_length=12.875
Simplifying genome of length 42 with total error 7.
Simplified genome by 1 to length 41.
Simplified genome by 1 to length 40.
Simplified genome by 1 to length 39.
Simplified genome by 2 to length 37.
Simplified genome by 1 to length 36.
Simplified genome by 1 to length 35.
Simplified genome by 1 to length 34.
Simplified genome to length 34 and total error 7.
========================================
End Run
========================================
No solution found.
Best Seen Individual
	Genome:
	 pvector([InstructionMeta(name='exec_dup', code_blocks=1), InstructionMeta(name='int_gte', code_blocks=0), InstructionMeta(name='int_lt', code_blocks=0), InstructionMeta(name='exec_dup', code_blocks=1), InstructionMeta(name='int_lt', code_blocks=0), InstructionMeta(name='bool_shove', code_blocks=0), InstructionMeta(name='str_shove', code_blocks=0), InstructionMeta(name='str_length', code_blocks=0), Input(input_index=2), InstructionMeta(name='int_mod', code_blocks=0), InstructionMeta(name='str_length', code_blocks=0), InstructionMeta(name='exec_do_count', code_blocks=1), Input(input_index=1), InstructionMeta(name='str_swap', code_blocks=0), InstructionMeta(name='str_length', code_blocks=0), InstructionMeta(name='str_head', code_blocks=0), Input(input_index=0), InstructionMeta(name='int_shove_dup', code_blocks=0), InstructionMeta(name='bool_dup', code_blocks=0), InstructionMeta(name='int_yank_dup', code_blocks=0), InstructionMeta(name='str_swap', code_blocks=0), InstructionMeta(name='str_length', code_blocks=0), InstructionMeta(name='str_from_nth_char', code_blocks=0), InstructionMeta(name='str_concat', code_blocks=0), InstructionMeta(name='int_gt', code_blocks=0), InstructionMeta(name='str_yank', code_blocks=0), InstructionMeta(name='bool_second_first_then_and', code_blocks=0), InstructionMeta(name='str_length', code_blocks=0), Closer(), InstructionMeta(name='exec_do_range', code_blocks=1), InstructionMeta(name='str_length', code_blocks=0), InstructionMeta(name='bool_yank', code_blocks=0), InstructionMeta(name='str_yank', code_blocks=0), InstructionMeta(name='bool_is_empty', code_blocks=0)])
	Program:
	 (exec_dup (int_gte int_lt exec_dup (int_lt bool_shove str_shove str_length input_2 int_mod str_length exec_do_count (input_1 str_swap str_length str_head input_0 int_shove_dup bool_dup int_yank_dup str_swap str_length str_from_nth_char str_concat int_gt str_yank bool_second_first_then_and str_length) exec_do_range (str_length bool_yank str_yank bool_is_empty))))
	Error vector:
	 [0 0 0 0 0 0 0 0 0 0 1 0 0 0 0 0 0 0 0 0 0 1 0 0 0 0 0 0 0 0 0 0 0 0 0 0 1
 0 0 0 0 0 0 0 0 0 0 0 0 1 0 0 0 0 0 0 0 0 0 0 0 1 0 0 0 0 0 0 0 0 0 0 0 0
 0 0 0 0 0 0 0 1 0 0 0 0 0 0 0 0 1 0 0 0 0 0 0 0 0 0]
	Total error:
	 7
	Test error:
	 135
	Time:
	 00:41:43
