Included 22 edge cases.
Included 78 random cases.
Included 100 cases in total.
Finished formatting.
Included 0 edge cases.
Included 1000 random cases.
Included 1000 cases in total.
Finished formatting.
========================================
Setup
========================================
Search Configuration:
signature: ProgramSignature(output_stacks=['bool'], arity=3, push_config=PushConfig(growth_cap=500, numeric_magnitude_limit=1000000000000.0, collection_size_cap=1000, runtime_limit=10, step_limit=600))
evaluator: <pyshgp.gp.evaluation.DatasetEvaluator object at 0x7f518735f8b0>
spawner: <pyshgp.gp.genome.GeneSpawner object at 0x7f518735f6d0>
population_size: 200
max_generations: 300
error_threshold: 0.0
initial_genome_size: (40, 200)
simplification_steps: 500
parallel_context: <pyshgp.gp.search.ParallelContext object at 0x7f517b145520>
selection: <pyshgp.utils.DiscreteProbDistrib object at 0x7f517a2eaf80>
variation: <pyshgp.utils.DiscreteProbDistrib object at 0x7f517a2ea9c0>
Instructions:
int_add, int_sub, int_mult, int_div, int_mod, int_min, int_max, int_inc, int_dec, int_lt, int_lte, int_gt, int_gte, int_from_bool, str_concat, str_insert_str, str_from_first_char, str_from_last_char, str_from_nth_char, str_contains_str, str_index_of_str, str_split_on_str, str_replace_first_str, str_replace_n_str, str_replace_all_str, str_remove_first_str, str_remove_n_str, str_remove_all_str, str_occurrences_of_str, str_reverse, str_head, str_tail, str_rest, str_but_last, str_drop, str_but_last_n, str_length, str_make_empty, str_is_empty_string, str_remove_nth, str_strip_whitespace, str_from_bool, str_from_int, bool_and, bool_or, bool_not, bool_xor, bool_invert_first_then_and, bool_second_first_then_and, bool_from_int, noop, noop_open, exec_do_range, exec_do_count, exec_while, exec_do_while, exec_if, exec_when, print_bool, println_bool, print_int, println_int, print_str, println_str, print_exec, println_exec, bool_pop, bool_dup, bool_dup_times, bool_swap, bool_rot, bool_flush, bool_eq, bool_stack_depth, bool_yank, bool_yank_dup, bool_shove, bool_shove_dup, bool_is_empty, int_pop, int_dup, int_dup_times, int_swap, int_rot, int_flush, int_eq, int_stack_depth, int_yank, int_yank_dup, int_shove, int_shove_dup, int_is_empty, str_pop, str_dup, str_dup_times, str_swap, str_rot, str_flush, str_eq, str_stack_depth, str_yank, str_yank_dup, str_shove, str_shove_dup, str_is_empty, exec_pop, exec_dup, exec_dup_times, exec_swap, exec_rot, exec_flush, exec_eq, exec_stack_depth, exec_yank, exec_yank_dup, exec_shove, exec_shove_dup, exec_is_empty
Literals:
[]
ERC Generators:
[<function rand_bool at 0x7f517bc531f0>]
========================================
Start Run
========================================
2021-12-18 07:14:17.789797 | GENERATION: 1 | ERRORS: best=22, median=100000000.0, diversity=0.02 | INDIVIDUALS: n=200, avg_genome_length=129.18 | VIRUSES: gene_rate=0.000
2021-12-18 07:14:24.159288 | GENERATION: 2 | ERRORS: best=22, median=78.0, diversity=0.17 | INDIVIDUALS: n=200, avg_genome_length=140.335 | VIRUSES: gene_rate=0.006
2021-12-18 07:14:30.212327 | GENERATION: 3 | ERRORS: best=18, median=27.0, diversity=0.235 | INDIVIDUALS: n=200, avg_genome_length=124.675 | VIRUSES: gene_rate=0.014
2021-12-18 07:14:34.674114 | GENERATION: 4 | ERRORS: best=21, median=69.0, diversity=0.24 | INDIVIDUALS: n=200, avg_genome_length=95.665 | VIRUSES: gene_rate=0.030
2021-12-18 07:14:39.192157 | GENERATION: 5 | ERRORS: best=16, median=60.0, diversity=0.375 | INDIVIDUALS: n=200, avg_genome_length=87.17 | VIRUSES: gene_rate=0.046
2021-12-18 07:14:43.554448 | GENERATION: 6 | ERRORS: best=14, median=55.0, diversity=0.45 | INDIVIDUALS: n=200, avg_genome_length=92.175 | VIRUSES: gene_rate=0.051
2021-12-18 07:14:48.029966 | GENERATION: 7 | ERRORS: best=12, median=40.0, diversity=0.585 | INDIVIDUALS: n=200, avg_genome_length=84.89 | VIRUSES: gene_rate=0.062
2021-12-18 07:14:51.568609 | GENERATION: 8 | ERRORS: best=12, median=31.0, diversity=0.545 | INDIVIDUALS: n=200, avg_genome_length=69.42 | VIRUSES: gene_rate=0.085
2021-12-18 07:14:55.521239 | GENERATION: 9 | ERRORS: best=13, median=29.0, diversity=0.53 | INDIVIDUALS: n=200, avg_genome_length=68.17 | VIRUSES: gene_rate=0.095
2021-12-18 07:14:58.792587 | GENERATION: 10 | ERRORS: best=13, median=31.5, diversity=0.52 | INDIVIDUALS: n=200, avg_genome_length=64.73 | VIRUSES: gene_rate=0.106
2021-12-18 07:15:02.309848 | GENERATION: 11 | ERRORS: best=14, median=35.0, diversity=0.56 | INDIVIDUALS: n=200, avg_genome_length=62.98 | VIRUSES: gene_rate=0.113
2021-12-18 07:15:05.908557 | GENERATION: 12 | ERRORS: best=14, median=45.0, diversity=0.535 | INDIVIDUALS: n=200, avg_genome_length=61.075 | VIRUSES: gene_rate=0.124
2021-12-18 07:15:09.000822 | GENERATION: 13 | ERRORS: best=12, median=46.0, diversity=0.5 | INDIVIDUALS: n=200, avg_genome_length=61.92 | VIRUSES: gene_rate=0.136
2021-12-18 07:15:11.824939 | GENERATION: 14 | ERRORS: best=13, median=35.0, diversity=0.49 | INDIVIDUALS: n=200, avg_genome_length=59.96 | VIRUSES: gene_rate=0.128
2021-12-18 07:15:15.259427 | GENERATION: 15 | ERRORS: best=13, median=50.5, diversity=0.52 | INDIVIDUALS: n=200, avg_genome_length=60.235 | VIRUSES: gene_rate=0.126
2021-12-18 07:15:18.987265 | GENERATION: 16 | ERRORS: best=12, median=35.0, diversity=0.57 | INDIVIDUALS: n=200, avg_genome_length=61.49 | VIRUSES: gene_rate=0.128
2021-12-18 07:15:22.904121 | GENERATION: 17 | ERRORS: best=12, median=37.0, diversity=0.52 | INDIVIDUALS: n=200, avg_genome_length=58.94 | VIRUSES: gene_rate=0.126
2021-12-18 07:15:26.554158 | GENERATION: 18 | ERRORS: best=12, median=38.0, diversity=0.57 | INDIVIDUALS: n=200, avg_genome_length=61.905 | VIRUSES: gene_rate=0.126
2021-12-18 07:15:30.774813 | GENERATION: 19 | ERRORS: best=12, median=45.5, diversity=0.575 | INDIVIDUALS: n=200, avg_genome_length=58.745 | VIRUSES: gene_rate=0.133
2021-12-18 07:15:34.363192 | GENERATION: 20 | ERRORS: best=13, median=38.0, diversity=0.53 | INDIVIDUALS: n=200, avg_genome_length=57.315 | VIRUSES: gene_rate=0.138
2021-12-18 07:15:37.167080 | GENERATION: 21 | ERRORS: best=12, median=38.5, diversity=0.54 | INDIVIDUALS: n=200, avg_genome_length=55.775 | VIRUSES: gene_rate=0.144
2021-12-18 07:15:39.806303 | GENERATION: 22 | ERRORS: best=6, median=35.0, diversity=0.53 | INDIVIDUALS: n=200, avg_genome_length=49.85 | VIRUSES: gene_rate=0.155
2021-12-18 07:15:42.570105 | GENERATION: 23 | ERRORS: best=3, median=25.0, diversity=0.43 | INDIVIDUALS: n=200, avg_genome_length=41.01 | VIRUSES: gene_rate=0.183
2021-12-18 07:15:45.922230 | GENERATION: 24 | ERRORS: best=3, median=24.0, diversity=0.305 | INDIVIDUALS: n=200, avg_genome_length=37.375 | VIRUSES: gene_rate=0.197
2021-12-18 07:15:49.042820 | GENERATION: 25 | ERRORS: best=3, median=24.5, diversity=0.315 | INDIVIDUALS: n=200, avg_genome_length=38.22 | VIRUSES: gene_rate=0.204
2021-12-18 07:15:51.775553 | GENERATION: 26 | ERRORS: best=3, median=24.0, diversity=0.295 | INDIVIDUALS: n=200, avg_genome_length=39.35 | VIRUSES: gene_rate=0.209
2021-12-18 07:15:54.533119 | GENERATION: 27 | ERRORS: best=3, median=22.0, diversity=0.3 | INDIVIDUALS: n=200, avg_genome_length=37.525 | VIRUSES: gene_rate=0.217
2021-12-18 07:15:57.651144 | GENERATION: 28 | ERRORS: best=3, median=24.0, diversity=0.25 | INDIVIDUALS: n=200, avg_genome_length=37.31 | VIRUSES: gene_rate=0.205
2021-12-18 07:16:00.170098 | GENERATION: 29 | ERRORS: best=3, median=30.0, diversity=0.31 | INDIVIDUALS: n=200, avg_genome_length=35.355 | VIRUSES: gene_rate=0.226
2021-12-18 07:16:02.980912 | GENERATION: 30 | ERRORS: best=3, median=24.0, diversity=0.25 | INDIVIDUALS: n=200, avg_genome_length=33.835 | VIRUSES: gene_rate=0.238
2021-12-18 07:16:05.316630 | GENERATION: 31 | ERRORS: best=3, median=29.5, diversity=0.305 | INDIVIDUALS: n=200, avg_genome_length=34.34 | VIRUSES: gene_rate=0.251
2021-12-18 07:16:07.416192 | GENERATION: 32 | ERRORS: best=3, median=35.5, diversity=0.35 | INDIVIDUALS: n=200, avg_genome_length=32.355 | VIRUSES: gene_rate=0.272
2021-12-18 07:16:09.878008 | GENERATION: 33 | ERRORS: best=3, median=37.0, diversity=0.33 | INDIVIDUALS: n=200, avg_genome_length=33.22 | VIRUSES: gene_rate=0.270
2021-12-18 07:16:12.314469 | GENERATION: 34 | ERRORS: best=3, median=33.0, diversity=0.335 | INDIVIDUALS: n=200, avg_genome_length=31.555 | VIRUSES: gene_rate=0.267
2021-12-18 07:16:14.709795 | GENERATION: 35 | ERRORS: best=3, median=49.5, diversity=0.28 | INDIVIDUALS: n=200, avg_genome_length=31.855 | VIRUSES: gene_rate=0.260
2021-12-18 07:16:17.229917 | GENERATION: 36 | ERRORS: best=3, median=32.5, diversity=0.25 | INDIVIDUALS: n=200, avg_genome_length=31.43 | VIRUSES: gene_rate=0.260
2021-12-18 07:16:19.238653 | GENERATION: 37 | ERRORS: best=3, median=43.0, diversity=0.31 | INDIVIDUALS: n=200, avg_genome_length=29.46 | VIRUSES: gene_rate=0.268
2021-12-18 07:16:22.040096 | GENERATION: 38 | ERRORS: best=3, median=40.5, diversity=0.32 | INDIVIDUALS: n=200, avg_genome_length=30.11 | VIRUSES: gene_rate=0.270
2021-12-18 07:16:24.626376 | GENERATION: 39 | ERRORS: best=3, median=34.0, diversity=0.3 | INDIVIDUALS: n=200, avg_genome_length=28.63 | VIRUSES: gene_rate=0.284
2021-12-18 07:16:27.576908 | GENERATION: 40 | ERRORS: best=3, median=33.5, diversity=0.31 | INDIVIDUALS: n=200, avg_genome_length=26.825 | VIRUSES: gene_rate=0.304
2021-12-18 07:16:29.712530 | GENERATION: 41 | ERRORS: best=3, median=47.5, diversity=0.315 | INDIVIDUALS: n=200, avg_genome_length=26.135 | VIRUSES: gene_rate=0.291
2021-12-18 07:16:31.807044 | GENERATION: 42 | ERRORS: best=3, median=57.0, diversity=0.215 | INDIVIDUALS: n=200, avg_genome_length=25.205 | VIRUSES: gene_rate=0.290
2021-12-18 07:16:33.864128 | GENERATION: 43 | ERRORS: best=3, median=32.0, diversity=0.27 | INDIVIDUALS: n=200, avg_genome_length=26.485 | VIRUSES: gene_rate=0.290
2021-12-18 07:16:36.182406 | GENERATION: 44 | ERRORS: best=3, median=38.5, diversity=0.29 | INDIVIDUALS: n=200, avg_genome_length=24.42 | VIRUSES: gene_rate=0.310
2021-12-18 07:16:38.154656 | GENERATION: 45 | ERRORS: best=3, median=39.0, diversity=0.245 | INDIVIDUALS: n=200, avg_genome_length=23.095 | VIRUSES: gene_rate=0.327
2021-12-18 07:16:40.187746 | GENERATION: 46 | ERRORS: best=3, median=53.5, diversity=0.28 | INDIVIDUALS: n=200, avg_genome_length=21.835 | VIRUSES: gene_rate=0.358
2021-12-18 07:16:41.935555 | GENERATION: 47 | ERRORS: best=2, median=10000042.5, diversity=0.295 | INDIVIDUALS: n=200, avg_genome_length=18.8 | VIRUSES: gene_rate=0.414
2021-12-18 07:16:43.806754 | GENERATION: 48 | ERRORS: best=2, median=57.5, diversity=0.315 | INDIVIDUALS: n=200, avg_genome_length=20.205 | VIRUSES: gene_rate=0.426
2021-12-18 07:16:45.710603 | GENERATION: 49 | ERRORS: best=2, median=61.5, diversity=0.335 | INDIVIDUALS: n=200, avg_genome_length=20.015 | VIRUSES: gene_rate=0.441
2021-12-18 07:16:47.320015 | GENERATION: 50 | ERRORS: best=2, median=8500014.0, diversity=0.28 | INDIVIDUALS: n=200, avg_genome_length=19.795 | VIRUSES: gene_rate=0.434
2021-12-18 07:16:49.088480 | GENERATION: 51 | ERRORS: best=2, median=85000006.5, diversity=0.36 | INDIVIDUALS: n=200, avg_genome_length=20.625 | VIRUSES: gene_rate=0.461
2021-12-18 07:16:50.948338 | GENERATION: 52 | ERRORS: best=2, median=73000002.5, diversity=0.435 | INDIVIDUALS: n=200, avg_genome_length=20.685 | VIRUSES: gene_rate=0.482
2021-12-18 07:16:52.566573 | GENERATION: 53 | ERRORS: best=2, median=80500001.0, diversity=0.34 | INDIVIDUALS: n=200, avg_genome_length=20.025 | VIRUSES: gene_rate=0.492
2021-12-18 07:16:54.169753 | GENERATION: 54 | ERRORS: best=2, median=52.5, diversity=0.395 | INDIVIDUALS: n=200, avg_genome_length=18.66 | VIRUSES: gene_rate=0.484
2021-12-18 07:16:56.004756 | GENERATION: 55 | ERRORS: best=2, median=17000016.5, diversity=0.335 | INDIVIDUALS: n=200, avg_genome_length=18.53 | VIRUSES: gene_rate=0.517
Simplifying genome of length 22 with total error 0.
Simplified genome by 2 to length 20.
Simplified genome by 1 to length 19.
Simplified genome by 1 to length 18.
Simplified genome by 1 to length 17.
Simplified genome by 1 to length 16.
Simplified genome by 1 to length 15.
Simplified genome by 1 to length 14.
Simplified genome by 1 to length 13.
Simplified genome by 1 to length 12.
Simplified genome by 1 to length 11.
Simplified genome to length 11 and total error 0.
========================================
End Run
========================================
Solution found.
Best Seen Individual
	Genome:
	 pvector([VirusInput(input_index=0), VirusInstructionMeta(name='str_length', code_blocks=0), VirusInput(input_index=1), VirusInstructionMeta(name='str_length', code_blocks=0), VirusInput(input_index=2), VirusInstructionMeta(name='str_length', code_blocks=0), Input(input_index=2), InstructionMeta(name='int_min', code_blocks=0), InstructionMeta(name='str_length', code_blocks=0), InstructionMeta(name='int_mod', code_blocks=0), VirusInstructionMeta(name='int_lt', code_blocks=0)])
	Program:
	 (vinput_0 vstr_length vinput_1 vstr_length vinput_2 vstr_length input_2 int_min str_length int_mod vint_lt)
	Error vector:
	 [0 0 0 0 0 0 0 0 0 0 0 0 0 0 0 0 0 0 0 0 0 0 0 0 0 0 0 0 0 0 0 0 0 0 0 0 0
 0 0 0 0 0 0 0 0 0 0 0 0 0 0 0 0 0 0 0 0 0 0 0 0 0 0 0 0 0 0 0 0 0 0 0 0 0
 0 0 0 0 0 0 0 0 0 0 0 0 0 0 0 0 0 0 0 0 0 0 0 0 0 0]
	Total error:
	 0
	Test error:
	 0
	Time:
	 00:02:56
