Included 22 edge cases.
Included 78 random cases.
Included 100 cases in total.
Finished formatting.
Included 0 edge cases.
Included 1000 random cases.
Included 1000 cases in total.
Finished formatting.
========================================
Setup
========================================
Search Configuration:
signature: ProgramSignature(output_stacks=['bool'], push_config=PushConfig(collection_size_cap=1000, step_limit=600, numeric_magnitude_limit=1000000000000.0, growth_cap=500, runtime_limit=10), arity=3)
evaluator: <pyshgp.gp.evaluation.DatasetEvaluator object at 0x7fc9aca32820>
spawner: <pyshgp.gp.genome.GeneSpawner object at 0x7fc9b8c41a00>
population_size: 200
max_generations: 300
error_threshold: 0.0
initial_genome_size: (40, 200)
simplification_steps: 500
parallel_context: <pyshgp.gp.search.ParallelContext object at 0x7fc9aca322e0>
selection: <pyshgp.utils.DiscreteProbDistrib object at 0x7fc9ac8d9700>
variation: <pyshgp.utils.DiscreteProbDistrib object at 0x7fc9ac8d9d00>
Instructions:
int_add, int_sub, int_mult, int_div, int_mod, int_min, int_max, int_inc, int_dec, int_lt, int_lte, int_gt, int_gte, int_from_bool, str_concat, str_insert_str, str_from_first_char, str_from_last_char, str_from_nth_char, str_contains_str, str_index_of_str, str_split_on_str, str_replace_first_str, str_replace_n_str, str_replace_all_str, str_remove_first_str, str_remove_n_str, str_remove_all_str, str_occurrences_of_str, str_reverse, str_head, str_tail, str_rest, str_but_last, str_drop, str_but_last_n, str_length, str_make_empty, str_is_empty_string, str_remove_nth, str_strip_whitespace, str_from_bool, str_from_int, bool_and, bool_or, bool_not, bool_xor, bool_invert_first_then_and, bool_second_first_then_and, bool_from_int, noop, noop_open, exec_do_range, exec_do_count, exec_while, exec_do_while, exec_if, exec_when, print_bool, println_bool, print_int, println_int, print_str, println_str, print_exec, println_exec, bool_pop, bool_dup, bool_dup_times, bool_swap, bool_rot, bool_flush, bool_eq, bool_stack_depth, bool_yank, bool_yank_dup, bool_shove, bool_shove_dup, bool_is_empty, int_pop, int_dup, int_dup_times, int_swap, int_rot, int_flush, int_eq, int_stack_depth, int_yank, int_yank_dup, int_shove, int_shove_dup, int_is_empty, str_pop, str_dup, str_dup_times, str_swap, str_rot, str_flush, str_eq, str_stack_depth, str_yank, str_yank_dup, str_shove, str_shove_dup, str_is_empty, exec_pop, exec_dup, exec_dup_times, exec_swap, exec_rot, exec_flush, exec_eq, exec_stack_depth, exec_yank, exec_yank_dup, exec_shove, exec_shove_dup, exec_is_empty
Literals:
[]
ERC Generators:
[<function rand_bool at 0x7fc9b8c46790>]
========================================
Start Run
========================================
2021-12-06 21:06:07.604442 | GENERATION: 1 | ERRORS: best=17, median=25.0, diversity=0.02 | INDIVIDUALS: n=200, avg_genome_length=126.095
2021-12-06 21:06:12.692455 | GENERATION: 2 | ERRORS: best=17, median=17.0, diversity=0.045 | INDIVIDUALS: n=200, avg_genome_length=133.32
2021-12-06 21:06:17.141200 | GENERATION: 3 | ERRORS: best=17, median=17.0, diversity=0.07 | INDIVIDUALS: n=200, avg_genome_length=132.825
2021-12-06 21:06:22.167628 | GENERATION: 4 | ERRORS: best=17, median=17.0, diversity=0.185 | INDIVIDUALS: n=200, avg_genome_length=124.63
2021-12-06 21:06:27.910581 | GENERATION: 5 | ERRORS: best=17, median=23.5, diversity=0.26 | INDIVIDUALS: n=200, avg_genome_length=117.67
2021-12-06 21:06:33.549633 | GENERATION: 6 | ERRORS: best=16, median=17.5, diversity=0.32 | INDIVIDUALS: n=200, avg_genome_length=118.025
2021-12-06 21:06:41.631569 | GENERATION: 7 | ERRORS: best=16, median=26.0, diversity=0.455 | INDIVIDUALS: n=200, avg_genome_length=130.785
2021-12-06 21:06:50.847055 | GENERATION: 8 | ERRORS: best=16, median=31.0, diversity=0.475 | INDIVIDUALS: n=200, avg_genome_length=116.16
2021-12-06 21:07:00.609180 | GENERATION: 9 | ERRORS: best=13, median=29.5, diversity=0.57 | INDIVIDUALS: n=200, avg_genome_length=113.415
2021-12-06 21:07:10.573257 | GENERATION: 10 | ERRORS: best=14, median=21.0, diversity=0.505 | INDIVIDUALS: n=200, avg_genome_length=110.76
2021-12-06 21:07:21.368093 | GENERATION: 11 | ERRORS: best=15, median=26.5, diversity=0.64 | INDIVIDUALS: n=200, avg_genome_length=108.355
2021-12-06 21:07:31.500405 | GENERATION: 12 | ERRORS: best=14, median=26.0, diversity=0.56 | INDIVIDUALS: n=200, avg_genome_length=105.68
2021-12-06 21:07:40.623842 | GENERATION: 13 | ERRORS: best=14, median=27.0, diversity=0.655 | INDIVIDUALS: n=200, avg_genome_length=104.695
2021-12-06 21:07:48.366883 | GENERATION: 14 | ERRORS: best=15, median=21.0, diversity=0.57 | INDIVIDUALS: n=200, avg_genome_length=103.97
2021-12-06 21:07:56.890834 | GENERATION: 15 | ERRORS: best=14, median=21.0, diversity=0.6 | INDIVIDUALS: n=200, avg_genome_length=103.77
2021-12-06 21:08:04.992460 | GENERATION: 16 | ERRORS: best=11, median=30.5, diversity=0.61 | INDIVIDUALS: n=200, avg_genome_length=105.73
2021-12-06 21:08:13.936566 | GENERATION: 17 | ERRORS: best=9, median=24.5, diversity=0.585 | INDIVIDUALS: n=200, avg_genome_length=106.05
2021-12-06 21:08:24.451639 | GENERATION: 18 | ERRORS: best=9, median=28.5, diversity=0.54 | INDIVIDUALS: n=200, avg_genome_length=103.98
2021-12-06 21:08:36.019629 | GENERATION: 19 | ERRORS: best=10, median=26.0, diversity=0.6 | INDIVIDUALS: n=200, avg_genome_length=103.75
2021-12-06 21:08:47.185474 | GENERATION: 20 | ERRORS: best=8, median=25.0, diversity=0.565 | INDIVIDUALS: n=200, avg_genome_length=102.545
2021-12-06 21:08:58.416976 | GENERATION: 21 | ERRORS: best=9, median=21.0, diversity=0.56 | INDIVIDUALS: n=200, avg_genome_length=103.6
2021-12-06 21:09:10.914594 | GENERATION: 22 | ERRORS: best=8, median=20.0, diversity=0.55 | INDIVIDUALS: n=200, avg_genome_length=105.79
2021-12-06 21:09:22.377637 | GENERATION: 23 | ERRORS: best=7, median=17.0, diversity=0.475 | INDIVIDUALS: n=200, avg_genome_length=106.075
2021-12-06 21:09:35.397807 | GENERATION: 24 | ERRORS: best=8, median=18.5, diversity=0.505 | INDIVIDUALS: n=200, avg_genome_length=102.925
2021-12-06 21:09:49.374503 | GENERATION: 25 | ERRORS: best=8, median=17.0, diversity=0.53 | INDIVIDUALS: n=200, avg_genome_length=103.57
2021-12-06 21:10:03.695210 | GENERATION: 26 | ERRORS: best=8, median=17.0, diversity=0.48 | INDIVIDUALS: n=200, avg_genome_length=100.41
2021-12-06 21:10:18.202608 | GENERATION: 27 | ERRORS: best=8, median=17.0, diversity=0.53 | INDIVIDUALS: n=200, avg_genome_length=96.155
2021-12-06 21:10:33.090005 | GENERATION: 28 | ERRORS: best=8, median=17.0, diversity=0.48 | INDIVIDUALS: n=200, avg_genome_length=94.54
2021-12-06 21:10:50.647753 | GENERATION: 29 | ERRORS: best=9, median=17.0, diversity=0.545 | INDIVIDUALS: n=200, avg_genome_length=91.7
2021-12-06 21:11:06.760681 | GENERATION: 30 | ERRORS: best=7, median=19.0, diversity=0.545 | INDIVIDUALS: n=200, avg_genome_length=91.055
2021-12-06 21:11:22.969650 | GENERATION: 31 | ERRORS: best=6, median=17.0, diversity=0.5 | INDIVIDUALS: n=200, avg_genome_length=94.655
2021-12-06 21:11:39.326091 | GENERATION: 32 | ERRORS: best=6, median=17.0, diversity=0.505 | INDIVIDUALS: n=200, avg_genome_length=94.47
2021-12-06 21:11:55.688444 | GENERATION: 33 | ERRORS: best=6, median=19.5, diversity=0.61 | INDIVIDUALS: n=200, avg_genome_length=93.605
2021-12-06 21:12:10.731484 | GENERATION: 34 | ERRORS: best=6, median=17.0, diversity=0.47 | INDIVIDUALS: n=200, avg_genome_length=93.68
2021-12-06 21:12:26.114926 | GENERATION: 35 | ERRORS: best=6, median=18.0, diversity=0.535 | INDIVIDUALS: n=200, avg_genome_length=92.265
2021-12-06 21:12:42.202414 | GENERATION: 36 | ERRORS: best=6, median=18.0, diversity=0.555 | INDIVIDUALS: n=200, avg_genome_length=90.3
2021-12-06 21:12:57.423459 | GENERATION: 37 | ERRORS: best=6, median=17.0, diversity=0.465 | INDIVIDUALS: n=200, avg_genome_length=92.96
2021-12-06 21:13:13.661073 | GENERATION: 38 | ERRORS: best=6, median=19.0, diversity=0.54 | INDIVIDUALS: n=200, avg_genome_length=95.295
2021-12-06 21:13:31.063318 | GENERATION: 39 | ERRORS: best=7, median=20.5, diversity=0.575 | INDIVIDUALS: n=200, avg_genome_length=92.25
2021-12-06 21:13:47.302151 | GENERATION: 40 | ERRORS: best=6, median=27.0, diversity=0.55 | INDIVIDUALS: n=200, avg_genome_length=91.13
2021-12-06 21:14:03.672001 | GENERATION: 41 | ERRORS: best=6, median=17.0, diversity=0.54 | INDIVIDUALS: n=200, avg_genome_length=94.465
2021-12-06 21:14:21.602605 | GENERATION: 42 | ERRORS: best=6, median=18.5, diversity=0.6 | INDIVIDUALS: n=200, avg_genome_length=94.365
2021-12-06 21:14:37.304529 | GENERATION: 43 | ERRORS: best=7, median=18.5, diversity=0.54 | INDIVIDUALS: n=200, avg_genome_length=92.795
2021-12-06 21:14:53.754650 | GENERATION: 44 | ERRORS: best=6, median=19.5, diversity=0.54 | INDIVIDUALS: n=200, avg_genome_length=93.83
2021-12-06 21:15:10.918452 | GENERATION: 45 | ERRORS: best=6, median=18.5, diversity=0.58 | INDIVIDUALS: n=200, avg_genome_length=95.425
2021-12-06 21:15:28.433554 | GENERATION: 46 | ERRORS: best=6, median=26.5, diversity=0.645 | INDIVIDUALS: n=200, avg_genome_length=97.01
2021-12-06 21:15:44.801260 | GENERATION: 47 | ERRORS: best=8, median=30.0, diversity=0.6 | INDIVIDUALS: n=200, avg_genome_length=96.785
2021-12-06 21:16:02.507809 | GENERATION: 48 | ERRORS: best=6, median=20.5, diversity=0.6 | INDIVIDUALS: n=200, avg_genome_length=93.75
2021-12-06 21:16:19.103264 | GENERATION: 49 | ERRORS: best=6, median=24.0, diversity=0.645 | INDIVIDUALS: n=200, avg_genome_length=94.375
2021-12-06 21:16:34.315509 | GENERATION: 50 | ERRORS: best=6, median=17.0, diversity=0.505 | INDIVIDUALS: n=200, avg_genome_length=96.89
2021-12-06 21:16:47.678374 | GENERATION: 51 | ERRORS: best=3, median=17.0, diversity=0.515 | INDIVIDUALS: n=200, avg_genome_length=97.035
2021-12-06 21:17:01.277440 | GENERATION: 52 | ERRORS: best=3, median=19.0, diversity=0.645 | INDIVIDUALS: n=200, avg_genome_length=90.405
2021-12-06 21:17:14.886956 | GENERATION: 53 | ERRORS: best=3, median=21.0, diversity=0.665 | INDIVIDUALS: n=200, avg_genome_length=87.15
2021-12-06 21:17:29.850607 | GENERATION: 54 | ERRORS: best=3, median=33.0, diversity=0.795 | INDIVIDUALS: n=200, avg_genome_length=90.905
2021-12-06 21:17:43.476028 | GENERATION: 55 | ERRORS: best=3, median=42.5, diversity=0.635 | INDIVIDUALS: n=200, avg_genome_length=85.32
2021-12-06 21:17:57.535545 | GENERATION: 56 | ERRORS: best=2, median=28.5, diversity=0.655 | INDIVIDUALS: n=200, avg_genome_length=80.67
2021-12-06 21:18:11.072285 | GENERATION: 57 | ERRORS: best=2, median=26.0, diversity=0.655 | INDIVIDUALS: n=200, avg_genome_length=78.045
2021-12-06 21:18:24.748044 | GENERATION: 58 | ERRORS: best=2, median=22.0, diversity=0.605 | INDIVIDUALS: n=200, avg_genome_length=75.5
2021-12-06 21:18:38.150619 | GENERATION: 59 | ERRORS: best=2, median=26.0, diversity=0.635 | INDIVIDUALS: n=200, avg_genome_length=74.33
2021-12-06 21:18:50.826581 | GENERATION: 60 | ERRORS: best=2, median=21.0, diversity=0.545 | INDIVIDUALS: n=200, avg_genome_length=72.105
2021-12-06 21:19:03.673074 | GENERATION: 61 | ERRORS: best=2, median=21.0, diversity=0.485 | INDIVIDUALS: n=200, avg_genome_length=72.69
2021-12-06 21:19:17.427832 | GENERATION: 62 | ERRORS: best=2, median=22.0, diversity=0.635 | INDIVIDUALS: n=200, avg_genome_length=72.63
2021-12-06 21:19:30.573730 | GENERATION: 63 | ERRORS: best=2, median=22.5, diversity=0.59 | INDIVIDUALS: n=200, avg_genome_length=72.64
2021-12-06 21:19:44.865469 | GENERATION: 64 | ERRORS: best=2, median=21.0, diversity=0.64 | INDIVIDUALS: n=200, avg_genome_length=68.585
2021-12-06 21:19:57.540535 | GENERATION: 65 | ERRORS: best=2, median=17.0, diversity=0.555 | INDIVIDUALS: n=200, avg_genome_length=72.635
2021-12-06 21:20:10.653859 | GENERATION: 66 | ERRORS: best=2, median=17.0, diversity=0.525 | INDIVIDUALS: n=200, avg_genome_length=72.175
2021-12-06 21:20:23.259161 | GENERATION: 67 | ERRORS: best=1, median=17.5, diversity=0.61 | INDIVIDUALS: n=200, avg_genome_length=72.09
2021-12-06 21:20:35.518947 | GENERATION: 68 | ERRORS: best=1, median=17.5, diversity=0.525 | INDIVIDUALS: n=200, avg_genome_length=73.28
2021-12-06 21:20:47.641300 | GENERATION: 69 | ERRORS: best=1, median=21.0, diversity=0.565 | INDIVIDUALS: n=200, avg_genome_length=71.775
2021-12-06 21:20:59.445890 | GENERATION: 70 | ERRORS: best=1, median=18.0, diversity=0.555 | INDIVIDUALS: n=200, avg_genome_length=70.81
2021-12-06 21:21:12.486736 | GENERATION: 71 | ERRORS: best=1, median=19.5, diversity=0.605 | INDIVIDUALS: n=200, avg_genome_length=70.385
2021-12-06 21:21:25.286710 | GENERATION: 72 | ERRORS: best=1, median=24.5, diversity=0.625 | INDIVIDUALS: n=200, avg_genome_length=67.17
2021-12-06 21:21:38.627371 | GENERATION: 73 | ERRORS: best=1, median=27.0, diversity=0.615 | INDIVIDUALS: n=200, avg_genome_length=67.905
2021-12-06 21:21:52.099345 | GENERATION: 74 | ERRORS: best=1, median=18.0, diversity=0.565 | INDIVIDUALS: n=200, avg_genome_length=70.635
2021-12-06 21:22:05.580061 | GENERATION: 75 | ERRORS: best=1, median=30.0, diversity=0.635 | INDIVIDUALS: n=200, avg_genome_length=71.125
2021-12-06 21:22:18.474908 | GENERATION: 76 | ERRORS: best=1, median=21.5, diversity=0.595 | INDIVIDUALS: n=200, avg_genome_length=74.56
2021-12-06 21:22:31.869806 | GENERATION: 77 | ERRORS: best=1, median=25.0, diversity=0.595 | INDIVIDUALS: n=200, avg_genome_length=72.545
2021-12-06 21:22:45.706338 | GENERATION: 78 | ERRORS: best=1, median=18.5, diversity=0.605 | INDIVIDUALS: n=200, avg_genome_length=68.82
Simplifying genome of length 57 with total error 0.
Simplified genome by 3 to length 54.
Simplified genome by 1 to length 53.
Simplified genome by 1 to length 52.
Simplified genome by 1 to length 51.
Simplified genome by 2 to length 49.
Simplified genome by 1 to length 48.
Simplified genome by 2 to length 46.
Simplified genome by 2 to length 44.
Simplified genome by 2 to length 42.
Simplified genome by 1 to length 41.
Simplified genome by 2 to length 39.
Simplified genome by 2 to length 37.
Simplified genome by 1 to length 36.
Simplified genome by 2 to length 34.
Simplified genome by 1 to length 33.
Simplified genome by 1 to length 32.
Simplified genome by 1 to length 31.
Simplified genome by 1 to length 30.
Simplified genome by 1 to length 29.
Simplified genome by 1 to length 28.
Simplified genome by 1 to length 27.
Simplified genome by 1 to length 26.
Simplified genome by 2 to length 24.
Simplified genome by 2 to length 22.
Simplified genome by 2 to length 20.
Simplified genome by 1 to length 19.
Simplified genome by 3 to length 16.
Simplified genome by 1 to length 15.
Simplified genome by 1 to length 14.
Simplified genome by 1 to length 13.
Simplified genome to length 13 and total error 0.
========================================
End Run
========================================
Solution found.
Best Seen Individual
	Genome:
	 pvector([Input(input_index=1), InstructionMeta(name='str_length', code_blocks=0), Input(input_index=2), InstructionMeta(name='str_length', code_blocks=0), Input(input_index=0), InstructionMeta(name='int_shove_dup', code_blocks=0), InstructionMeta(name='str_length', code_blocks=0), InstructionMeta(name='int_gt', code_blocks=0), Input(input_index=2), InstructionMeta(name='str_but_last', code_blocks=0), InstructionMeta(name='str_length', code_blocks=0), InstructionMeta(name='int_lte', code_blocks=0), InstructionMeta(name='bool_and', code_blocks=0)])
	Program:
	 (input_1 str_length input_2 str_length input_0 int_shove_dup str_length int_gt input_2 str_but_last str_length int_lte bool_and)
	Error vector:
	 [0 0 0 0 0 0 0 0 0 0 0 0 0 0 0 0 0 0 0 0 0 0 0 0 0 0 0 0 0 0 0 0 0 0 0 0 0
 0 0 0 0 0 0 0 0 0 0 0 0 0 0 0 0 0 0 0 0 0 0 0 0 0 0 0 0 0 0 0 0 0 0 0 0 0
 0 0 0 0 0 0 0 0 0 0 0 0 0 0 0 0 0 0 0 0 0 0 0 0 0 0]
	Total error:
	 0
	Test error:
	 0
	Time:
	 00:17:17
