Included 22 edge cases.
Included 78 random cases.
Included 100 cases in total.
Finished formatting.
Included 0 edge cases.
Included 1000 random cases.
Included 1000 cases in total.
Finished formatting.
========================================
Setup
========================================
Search Configuration:
signature: ProgramSignature(output_stacks=['bool'], arity=3, push_config=PushConfig(runtime_limit=10, growth_cap=500, numeric_magnitude_limit=1000000000000.0, collection_size_cap=1000, step_limit=600))
evaluator: <pyshgp.gp.evaluation.DatasetEvaluator object at 0x7f2a3af4e3d0>
spawner: <pyshgp.gp.genome.GeneSpawner object at 0x7f2a3af4ebb0>
population_size: 200
max_generations: 300
error_threshold: 0.0
initial_genome_size: (40, 200)
simplification_steps: 500
parallel_context: <pyshgp.gp.search.ParallelContext object at 0x7f2a3af4e220>
selection: <pyshgp.utils.DiscreteProbDistrib object at 0x7f2a2ebd9180>
variation: <pyshgp.utils.DiscreteProbDistrib object at 0x7f2a2ebd95c0>
Instructions:
int_add, int_sub, int_mult, int_div, int_mod, int_min, int_max, int_inc, int_dec, int_lt, int_lte, int_gt, int_gte, int_from_bool, str_concat, str_insert_str, str_from_first_char, str_from_last_char, str_from_nth_char, str_contains_str, str_index_of_str, str_split_on_str, str_replace_first_str, str_replace_n_str, str_replace_all_str, str_remove_first_str, str_remove_n_str, str_remove_all_str, str_occurrences_of_str, str_reverse, str_head, str_tail, str_rest, str_but_last, str_drop, str_but_last_n, str_length, str_make_empty, str_is_empty_string, str_remove_nth, str_strip_whitespace, str_from_bool, str_from_int, bool_and, bool_or, bool_not, bool_xor, bool_invert_first_then_and, bool_second_first_then_and, bool_from_int, noop, noop_open, exec_do_range, exec_do_count, exec_while, exec_do_while, exec_if, exec_when, print_bool, println_bool, print_int, println_int, print_str, println_str, print_exec, println_exec, bool_pop, bool_dup, bool_dup_times, bool_swap, bool_rot, bool_flush, bool_eq, bool_stack_depth, bool_yank, bool_yank_dup, bool_shove, bool_shove_dup, bool_is_empty, int_pop, int_dup, int_dup_times, int_swap, int_rot, int_flush, int_eq, int_stack_depth, int_yank, int_yank_dup, int_shove, int_shove_dup, int_is_empty, str_pop, str_dup, str_dup_times, str_swap, str_rot, str_flush, str_eq, str_stack_depth, str_yank, str_yank_dup, str_shove, str_shove_dup, str_is_empty, exec_pop, exec_dup, exec_dup_times, exec_swap, exec_rot, exec_flush, exec_eq, exec_stack_depth, exec_yank, exec_yank_dup, exec_shove, exec_shove_dup, exec_is_empty
Literals:
[]
ERC Generators:
[<function rand_bool at 0x7f2a2f83f1f0>]
========================================
Start Run
========================================
2021-12-19 11:45:14.541256 | GENERATION: 1 | ERRORS: best=28, median=100000000.0, diversity=0.02 | INDIVIDUALS: n=200, avg_genome_length=138.91 | VIRUSES: gene_rate=0.000
2021-12-19 11:45:20.384490 | GENERATION: 2 | ERRORS: best=28, median=59.0, diversity=0.075 | INDIVIDUALS: n=200, avg_genome_length=122.755 | VIRUSES: gene_rate=0.000
2021-12-19 11:45:25.786465 | GENERATION: 3 | ERRORS: best=27, median=28.0, diversity=0.095 | INDIVIDUALS: n=200, avg_genome_length=121.235 | VIRUSES: gene_rate=0.000
2021-12-19 11:45:30.828111 | GENERATION: 4 | ERRORS: best=27, median=32.0, diversity=0.13 | INDIVIDUALS: n=200, avg_genome_length=161.37 | VIRUSES: gene_rate=0.000
2021-12-19 11:45:36.935876 | GENERATION: 5 | ERRORS: best=27, median=46.5, diversity=0.175 | INDIVIDUALS: n=200, avg_genome_length=172.635 | VIRUSES: gene_rate=0.000
2021-12-19 11:45:43.712825 | GENERATION: 6 | ERRORS: best=28, median=72.0, diversity=0.145 | INDIVIDUALS: n=200, avg_genome_length=178.165 | VIRUSES: gene_rate=0.000
2021-12-19 11:45:51.745943 | GENERATION: 7 | ERRORS: best=28, median=56.0, diversity=0.2 | INDIVIDUALS: n=200, avg_genome_length=193.62 | VIRUSES: gene_rate=0.000
2021-12-19 11:45:59.775285 | GENERATION: 8 | ERRORS: best=26, median=72.0, diversity=0.245 | INDIVIDUALS: n=200, avg_genome_length=196.745 | VIRUSES: gene_rate=0.000
2021-12-19 11:46:09.204554 | GENERATION: 9 | ERRORS: best=28, median=72.0, diversity=0.21 | INDIVIDUALS: n=200, avg_genome_length=199.58 | VIRUSES: gene_rate=0.000
2021-12-19 11:46:15.843107 | GENERATION: 10 | ERRORS: best=26, median=66.5, diversity=0.29 | INDIVIDUALS: n=200, avg_genome_length=196.62 | VIRUSES: gene_rate=0.000
2021-12-19 11:46:24.205668 | GENERATION: 11 | ERRORS: best=24, median=72.0, diversity=0.31 | INDIVIDUALS: n=200, avg_genome_length=206.115 | VIRUSES: gene_rate=0.000
2021-12-19 11:46:33.093154 | GENERATION: 12 | ERRORS: best=27, median=72.0, diversity=0.305 | INDIVIDUALS: n=200, avg_genome_length=197.025 | VIRUSES: gene_rate=0.000
2021-12-19 11:46:42.301611 | GENERATION: 13 | ERRORS: best=25, median=46.5, diversity=0.305 | INDIVIDUALS: n=200, avg_genome_length=186.425 | VIRUSES: gene_rate=0.000
2021-12-19 11:46:52.711746 | GENERATION: 14 | ERRORS: best=20, median=40.0, diversity=0.29 | INDIVIDUALS: n=200, avg_genome_length=190.0 | VIRUSES: gene_rate=0.000
2021-12-19 11:47:04.652948 | GENERATION: 15 | ERRORS: best=23, median=36.0, diversity=0.355 | INDIVIDUALS: n=200, avg_genome_length=198.9 | VIRUSES: gene_rate=0.000
2021-12-19 11:47:18.185196 | GENERATION: 16 | ERRORS: best=18, median=28.0, diversity=0.33 | INDIVIDUALS: n=200, avg_genome_length=209.995 | VIRUSES: gene_rate=0.000
2021-12-19 11:47:31.030994 | GENERATION: 17 | ERRORS: best=19, median=30.0, diversity=0.375 | INDIVIDUALS: n=200, avg_genome_length=209.67 | VIRUSES: gene_rate=0.000
2021-12-19 11:47:45.490735 | GENERATION: 18 | ERRORS: best=20, median=35.5, diversity=0.415 | INDIVIDUALS: n=200, avg_genome_length=221.945 | VIRUSES: gene_rate=0.000
2021-12-19 11:47:59.516383 | GENERATION: 19 | ERRORS: best=23, median=28.0, diversity=0.31 | INDIVIDUALS: n=200, avg_genome_length=220.39 | VIRUSES: gene_rate=0.000
2021-12-19 11:48:14.852687 | GENERATION: 20 | ERRORS: best=24, median=32.0, diversity=0.43 | INDIVIDUALS: n=200, avg_genome_length=220.085 | VIRUSES: gene_rate=0.000
2021-12-19 11:48:29.108289 | GENERATION: 21 | ERRORS: best=23, median=35.0, diversity=0.36 | INDIVIDUALS: n=200, avg_genome_length=221.835 | VIRUSES: gene_rate=0.000
2021-12-19 11:48:43.059511 | GENERATION: 22 | ERRORS: best=18, median=42.0, diversity=0.385 | INDIVIDUALS: n=200, avg_genome_length=219.645 | VIRUSES: gene_rate=0.000
2021-12-19 11:48:56.711038 | GENERATION: 23 | ERRORS: best=19, median=57.5, diversity=0.405 | INDIVIDUALS: n=200, avg_genome_length=216.925 | VIRUSES: gene_rate=0.000
2021-12-19 11:49:12.850195 | GENERATION: 24 | ERRORS: best=26, median=51.5, diversity=0.425 | INDIVIDUALS: n=200, avg_genome_length=211.135 | VIRUSES: gene_rate=0.000
2021-12-19 11:49:28.644881 | GENERATION: 25 | ERRORS: best=18, median=38.0, diversity=0.505 | INDIVIDUALS: n=200, avg_genome_length=208.625 | VIRUSES: gene_rate=0.000
2021-12-19 11:49:44.881198 | GENERATION: 26 | ERRORS: best=19, median=54.5, diversity=0.485 | INDIVIDUALS: n=200, avg_genome_length=204.665 | VIRUSES: gene_rate=0.000
2021-12-19 11:50:02.599347 | GENERATION: 27 | ERRORS: best=21, median=61.5, diversity=0.455 | INDIVIDUALS: n=200, avg_genome_length=205.445 | VIRUSES: gene_rate=0.000
2021-12-19 11:50:18.879518 | GENERATION: 28 | ERRORS: best=20, median=43.0, diversity=0.53 | INDIVIDUALS: n=200, avg_genome_length=191.235 | VIRUSES: gene_rate=0.000
2021-12-19 11:50:34.912849 | GENERATION: 29 | ERRORS: best=18, median=44.0, diversity=0.485 | INDIVIDUALS: n=200, avg_genome_length=186.9 | VIRUSES: gene_rate=0.000
2021-12-19 11:50:47.346278 | GENERATION: 30 | ERRORS: best=19, median=44.0, diversity=0.425 | INDIVIDUALS: n=200, avg_genome_length=184.895 | VIRUSES: gene_rate=0.000
2021-12-19 11:50:59.365686 | GENERATION: 31 | ERRORS: best=20, median=37.0, diversity=0.38 | INDIVIDUALS: n=200, avg_genome_length=180.64 | VIRUSES: gene_rate=0.000
2021-12-19 11:51:10.988647 | GENERATION: 32 | ERRORS: best=20, median=49.0, diversity=0.415 | INDIVIDUALS: n=200, avg_genome_length=180.765 | VIRUSES: gene_rate=0.000
2021-12-19 11:51:22.966120 | GENERATION: 33 | ERRORS: best=18, median=34.0, diversity=0.445 | INDIVIDUALS: n=200, avg_genome_length=175.765 | VIRUSES: gene_rate=0.000
2021-12-19 11:51:33.583302 | GENERATION: 34 | ERRORS: best=20, median=46.0, diversity=0.445 | INDIVIDUALS: n=200, avg_genome_length=179.81 | VIRUSES: gene_rate=0.000
2021-12-19 11:51:43.789323 | GENERATION: 35 | ERRORS: best=18, median=35.0, diversity=0.45 | INDIVIDUALS: n=200, avg_genome_length=179.745 | VIRUSES: gene_rate=0.000
2021-12-19 11:51:55.566677 | GENERATION: 36 | ERRORS: best=18, median=30.5, diversity=0.435 | INDIVIDUALS: n=200, avg_genome_length=183.025 | VIRUSES: gene_rate=0.000
2021-12-19 11:52:06.372666 | GENERATION: 37 | ERRORS: best=20, median=40.5, diversity=0.435 | INDIVIDUALS: n=200, avg_genome_length=174.92 | VIRUSES: gene_rate=0.000
2021-12-19 11:52:17.689832 | GENERATION: 38 | ERRORS: best=18, median=28.0, diversity=0.38 | INDIVIDUALS: n=200, avg_genome_length=176.3 | VIRUSES: gene_rate=0.000
2021-12-19 11:52:29.362865 | GENERATION: 39 | ERRORS: best=18, median=31.0, diversity=0.35 | INDIVIDUALS: n=200, avg_genome_length=175.515 | VIRUSES: gene_rate=0.000
2021-12-19 11:52:41.350621 | GENERATION: 40 | ERRORS: best=19, median=29.0, diversity=0.33 | INDIVIDUALS: n=200, avg_genome_length=179.135 | VIRUSES: gene_rate=0.000
2021-12-19 11:52:53.699407 | GENERATION: 41 | ERRORS: best=18, median=29.5, diversity=0.35 | INDIVIDUALS: n=200, avg_genome_length=181.925 | VIRUSES: gene_rate=0.000
2021-12-19 11:53:07.778629 | GENERATION: 42 | ERRORS: best=17, median=35.0, diversity=0.43 | INDIVIDUALS: n=200, avg_genome_length=177.235 | VIRUSES: gene_rate=0.000
2021-12-19 11:53:20.440377 | GENERATION: 43 | ERRORS: best=16, median=34.0, diversity=0.415 | INDIVIDUALS: n=200, avg_genome_length=174.765 | VIRUSES: gene_rate=0.000
2021-12-19 11:53:33.518600 | GENERATION: 44 | ERRORS: best=16, median=35.0, diversity=0.39 | INDIVIDUALS: n=200, avg_genome_length=176.095 | VIRUSES: gene_rate=0.000
2021-12-19 11:53:46.082796 | GENERATION: 45 | ERRORS: best=19, median=36.0, diversity=0.45 | INDIVIDUALS: n=200, avg_genome_length=181.395 | VIRUSES: gene_rate=0.000
2021-12-19 11:53:59.588100 | GENERATION: 46 | ERRORS: best=20, median=38.5, diversity=0.385 | INDIVIDUALS: n=200, avg_genome_length=178.76 | VIRUSES: gene_rate=0.000
2021-12-19 11:54:11.252553 | GENERATION: 47 | ERRORS: best=18, median=34.0, diversity=0.34 | INDIVIDUALS: n=200, avg_genome_length=178.98 | VIRUSES: gene_rate=0.000
2021-12-19 11:54:22.774581 | GENERATION: 48 | ERRORS: best=15, median=29.5, diversity=0.335 | INDIVIDUALS: n=200, avg_genome_length=180.69 | VIRUSES: gene_rate=0.000
2021-12-19 11:54:35.450542 | GENERATION: 49 | ERRORS: best=20, median=31.0, diversity=0.405 | INDIVIDUALS: n=200, avg_genome_length=180.68 | VIRUSES: gene_rate=0.000
2021-12-19 11:54:48.193032 | GENERATION: 50 | ERRORS: best=18, median=45.0, diversity=0.46 | INDIVIDUALS: n=200, avg_genome_length=179.04 | VIRUSES: gene_rate=0.000
2021-12-19 11:54:58.402184 | GENERATION: 51 | ERRORS: best=20, median=30.0, diversity=0.365 | INDIVIDUALS: n=200, avg_genome_length=176.795 | VIRUSES: gene_rate=0.000
2021-12-19 11:55:08.686899 | GENERATION: 52 | ERRORS: best=18, median=42.5, diversity=0.385 | INDIVIDUALS: n=200, avg_genome_length=177.8 | VIRUSES: gene_rate=0.000
2021-12-19 11:55:18.792505 | GENERATION: 53 | ERRORS: best=18, median=40.0, diversity=0.425 | INDIVIDUALS: n=200, avg_genome_length=178.795 | VIRUSES: gene_rate=0.000
2021-12-19 11:55:29.977322 | GENERATION: 54 | ERRORS: best=17, median=59.5, diversity=0.435 | INDIVIDUALS: n=200, avg_genome_length=181.015 | VIRUSES: gene_rate=0.000
2021-12-19 11:55:39.368282 | GENERATION: 55 | ERRORS: best=18, median=39.5, diversity=0.46 | INDIVIDUALS: n=200, avg_genome_length=178.0 | VIRUSES: gene_rate=0.000
2021-12-19 11:55:49.497815 | GENERATION: 56 | ERRORS: best=18, median=36.5, diversity=0.45 | INDIVIDUALS: n=200, avg_genome_length=177.31 | VIRUSES: gene_rate=0.000
2021-12-19 11:55:59.160627 | GENERATION: 57 | ERRORS: best=19, median=29.0, diversity=0.375 | INDIVIDUALS: n=200, avg_genome_length=171.42 | VIRUSES: gene_rate=0.000
2021-12-19 11:56:07.542944 | GENERATION: 58 | ERRORS: best=20, median=28.5, diversity=0.285 | INDIVIDUALS: n=200, avg_genome_length=171.72 | VIRUSES: gene_rate=0.000
2021-12-19 11:56:16.605524 | GENERATION: 59 | ERRORS: best=6, median=30.5, diversity=0.345 | INDIVIDUALS: n=200, avg_genome_length=171.355 | VIRUSES: gene_rate=0.000
2021-12-19 11:56:25.457611 | GENERATION: 60 | ERRORS: best=4, median=32.0, diversity=0.32 | INDIVIDUALS: n=200, avg_genome_length=178.31 | VIRUSES: gene_rate=0.000
2021-12-19 11:56:33.304230 | GENERATION: 61 | ERRORS: best=4, median=35.0, diversity=0.345 | INDIVIDUALS: n=200, avg_genome_length=171.32 | VIRUSES: gene_rate=0.000
2021-12-19 11:56:40.951141 | GENERATION: 62 | ERRORS: best=3, median=53.0, diversity=0.365 | INDIVIDUALS: n=200, avg_genome_length=169.845 | VIRUSES: gene_rate=0.000
2021-12-19 11:56:48.782683 | GENERATION: 63 | ERRORS: best=3, median=68.5, diversity=0.37 | INDIVIDUALS: n=200, avg_genome_length=169.895 | VIRUSES: gene_rate=0.000
2021-12-19 11:56:56.347081 | GENERATION: 64 | ERRORS: best=3, median=59.0, diversity=0.335 | INDIVIDUALS: n=200, avg_genome_length=167.81 | VIRUSES: gene_rate=0.000
2021-12-19 11:57:04.158324 | GENERATION: 65 | ERRORS: best=3, median=39.0, diversity=0.38 | INDIVIDUALS: n=200, avg_genome_length=165.495 | VIRUSES: gene_rate=0.000
2021-12-19 11:57:11.714105 | GENERATION: 66 | ERRORS: best=2, median=64.5, diversity=0.375 | INDIVIDUALS: n=200, avg_genome_length=164.315 | VIRUSES: gene_rate=0.000
2021-12-19 11:57:19.837284 | GENERATION: 67 | ERRORS: best=2, median=63.0, diversity=0.455 | INDIVIDUALS: n=200, avg_genome_length=160.78 | VIRUSES: gene_rate=0.000
2021-12-19 11:57:27.906418 | GENERATION: 68 | ERRORS: best=2, median=49.0, diversity=0.375 | INDIVIDUALS: n=200, avg_genome_length=155.23 | VIRUSES: gene_rate=0.000
2021-12-19 11:57:35.978420 | GENERATION: 69 | ERRORS: best=2, median=56.5, diversity=0.385 | INDIVIDUALS: n=200, avg_genome_length=160.605 | VIRUSES: gene_rate=0.000
2021-12-19 11:57:44.537875 | GENERATION: 70 | ERRORS: best=2, median=35.5, diversity=0.445 | INDIVIDUALS: n=200, avg_genome_length=162.055 | VIRUSES: gene_rate=0.000
2021-12-19 11:57:53.765542 | GENERATION: 71 | ERRORS: best=2, median=42.0, diversity=0.37 | INDIVIDUALS: n=200, avg_genome_length=165.225 | VIRUSES: gene_rate=0.000
2021-12-19 11:58:02.279183 | GENERATION: 72 | ERRORS: best=2, median=55.0, diversity=0.405 | INDIVIDUALS: n=200, avg_genome_length=163.895 | VIRUSES: gene_rate=0.000
2021-12-19 11:58:11.351719 | GENERATION: 73 | ERRORS: best=2, median=35.0, diversity=0.325 | INDIVIDUALS: n=200, avg_genome_length=164.255 | VIRUSES: gene_rate=0.000
2021-12-19 11:58:18.698435 | GENERATION: 74 | ERRORS: best=2, median=64.0, diversity=0.275 | INDIVIDUALS: n=200, avg_genome_length=168.28 | VIRUSES: gene_rate=0.000
2021-12-19 11:58:25.824953 | GENERATION: 75 | ERRORS: best=2, median=64.0, diversity=0.27 | INDIVIDUALS: n=200, avg_genome_length=165.265 | VIRUSES: gene_rate=0.000
2021-12-19 11:58:32.876126 | GENERATION: 76 | ERRORS: best=2, median=32.0, diversity=0.33 | INDIVIDUALS: n=200, avg_genome_length=162.575 | VIRUSES: gene_rate=0.000
2021-12-19 11:58:42.348351 | GENERATION: 77 | ERRORS: best=12, median=56.5, diversity=0.31 | INDIVIDUALS: n=200, avg_genome_length=154.19 | VIRUSES: gene_rate=0.000
2021-12-19 11:58:48.476709 | GENERATION: 78 | ERRORS: best=3, median=68.0, diversity=0.345 | INDIVIDUALS: n=200, avg_genome_length=148.945 | VIRUSES: gene_rate=0.000
2021-12-19 11:58:54.475722 | GENERATION: 79 | ERRORS: best=3, median=64.0, diversity=0.275 | INDIVIDUALS: n=200, avg_genome_length=144.17 | VIRUSES: gene_rate=0.000
2021-12-19 11:59:01.387682 | GENERATION: 80 | ERRORS: best=3, median=61.5, diversity=0.3 | INDIVIDUALS: n=200, avg_genome_length=135.42 | VIRUSES: gene_rate=0.000
2021-12-19 11:59:08.902226 | GENERATION: 81 | ERRORS: best=3, median=35.0, diversity=0.32 | INDIVIDUALS: n=200, avg_genome_length=129.59 | VIRUSES: gene_rate=0.000
2021-12-19 11:59:16.447855 | GENERATION: 82 | ERRORS: best=4, median=38.0, diversity=0.33 | INDIVIDUALS: n=200, avg_genome_length=127.46 | VIRUSES: gene_rate=0.000
2021-12-19 11:59:22.472263 | GENERATION: 83 | ERRORS: best=4, median=62.0, diversity=0.325 | INDIVIDUALS: n=200, avg_genome_length=125.75 | VIRUSES: gene_rate=0.000
2021-12-19 11:59:28.549074 | GENERATION: 84 | ERRORS: best=2, median=43.0, diversity=0.395 | INDIVIDUALS: n=200, avg_genome_length=120.505 | VIRUSES: gene_rate=0.000
2021-12-19 11:59:33.772012 | GENERATION: 85 | ERRORS: best=2, median=68.0, diversity=0.28 | INDIVIDUALS: n=200, avg_genome_length=115.18 | VIRUSES: gene_rate=0.000
2021-12-19 11:59:38.573269 | GENERATION: 86 | ERRORS: best=2, median=64.5, diversity=0.305 | INDIVIDUALS: n=200, avg_genome_length=113.34 | VIRUSES: gene_rate=0.000
2021-12-19 11:59:44.381629 | GENERATION: 87 | ERRORS: best=2, median=62.0, diversity=0.425 | INDIVIDUALS: n=200, avg_genome_length=110.54 | VIRUSES: gene_rate=0.000
2021-12-19 11:59:49.705293 | GENERATION: 88 | ERRORS: best=2, median=62.0, diversity=0.32 | INDIVIDUALS: n=200, avg_genome_length=112.915 | VIRUSES: gene_rate=0.000
2021-12-19 11:59:55.733419 | GENERATION: 89 | ERRORS: best=2, median=63.0, diversity=0.275 | INDIVIDUALS: n=200, avg_genome_length=113.27 | VIRUSES: gene_rate=0.000
2021-12-19 12:00:01.992934 | GENERATION: 90 | ERRORS: best=2, median=71.0, diversity=0.265 | INDIVIDUALS: n=200, avg_genome_length=114.79 | VIRUSES: gene_rate=0.000
2021-12-19 12:00:08.685975 | GENERATION: 91 | ERRORS: best=2, median=42.5, diversity=0.265 | INDIVIDUALS: n=200, avg_genome_length=116.645 | VIRUSES: gene_rate=0.000
2021-12-19 12:00:14.849830 | GENERATION: 92 | ERRORS: best=2, median=65.5, diversity=0.305 | INDIVIDUALS: n=200, avg_genome_length=123.955 | VIRUSES: gene_rate=0.000
2021-12-19 12:00:20.241947 | GENERATION: 93 | ERRORS: best=2, median=62.0, diversity=0.315 | INDIVIDUALS: n=200, avg_genome_length=120.96 | VIRUSES: gene_rate=0.000
2021-12-19 12:00:26.228732 | GENERATION: 94 | ERRORS: best=2, median=57.0, diversity=0.345 | INDIVIDUALS: n=200, avg_genome_length=125.57 | VIRUSES: gene_rate=0.000
2021-12-19 12:00:31.418034 | GENERATION: 95 | ERRORS: best=2, median=68.0, diversity=0.33 | INDIVIDUALS: n=200, avg_genome_length=115.88 | VIRUSES: gene_rate=0.000
2021-12-19 12:00:37.398136 | GENERATION: 96 | ERRORS: best=2, median=70.0, diversity=0.325 | INDIVIDUALS: n=200, avg_genome_length=116.31 | VIRUSES: gene_rate=0.000
2021-12-19 12:00:43.467241 | GENERATION: 97 | ERRORS: best=2, median=72.0, diversity=0.33 | INDIVIDUALS: n=200, avg_genome_length=112.465 | VIRUSES: gene_rate=0.000
2021-12-19 12:00:49.451232 | GENERATION: 98 | ERRORS: best=2, median=72.0, diversity=0.345 | INDIVIDUALS: n=200, avg_genome_length=111.425 | VIRUSES: gene_rate=0.000
2021-12-19 12:00:55.466560 | GENERATION: 99 | ERRORS: best=2, median=72.0, diversity=0.42 | INDIVIDUALS: n=200, avg_genome_length=108.665 | VIRUSES: gene_rate=0.000
2021-12-19 12:01:01.542972 | GENERATION: 100 | ERRORS: best=2, median=69.0, diversity=0.335 | INDIVIDUALS: n=200, avg_genome_length=108.135 | VIRUSES: gene_rate=0.000
2021-12-19 12:01:08.910276 | GENERATION: 101 | ERRORS: best=2, median=72.0, diversity=0.31 | INDIVIDUALS: n=200, avg_genome_length=102.35 | VIRUSES: gene_rate=0.000
2021-12-19 12:01:16.848889 | GENERATION: 102 | ERRORS: best=2, median=65.0, diversity=0.315 | INDIVIDUALS: n=200, avg_genome_length=102.89 | VIRUSES: gene_rate=0.000
2021-12-19 12:01:25.133913 | GENERATION: 103 | ERRORS: best=2, median=72.0, diversity=0.35 | INDIVIDUALS: n=200, avg_genome_length=99.71 | VIRUSES: gene_rate=0.000
2021-12-19 12:01:32.814035 | GENERATION: 104 | ERRORS: best=2, median=72.0, diversity=0.345 | INDIVIDUALS: n=200, avg_genome_length=103.225 | VIRUSES: gene_rate=0.000
2021-12-19 12:01:41.217664 | GENERATION: 105 | ERRORS: best=2, median=65.5, diversity=0.355 | INDIVIDUALS: n=200, avg_genome_length=101.815 | VIRUSES: gene_rate=0.000
2021-12-19 12:01:47.865903 | GENERATION: 106 | ERRORS: best=2, median=35.0, diversity=0.35 | INDIVIDUALS: n=200, avg_genome_length=101.26 | VIRUSES: gene_rate=0.000
2021-12-19 12:01:54.012293 | GENERATION: 107 | ERRORS: best=2, median=72.0, diversity=0.3 | INDIVIDUALS: n=200, avg_genome_length=100.42 | VIRUSES: gene_rate=0.000
2021-12-19 12:02:00.295847 | GENERATION: 108 | ERRORS: best=2, median=72.0, diversity=0.32 | INDIVIDUALS: n=200, avg_genome_length=100.025 | VIRUSES: gene_rate=0.000
2021-12-19 12:02:07.050377 | GENERATION: 109 | ERRORS: best=2, median=72.0, diversity=0.4 | INDIVIDUALS: n=200, avg_genome_length=96.92 | VIRUSES: gene_rate=0.000
2021-12-19 12:02:12.604666 | GENERATION: 110 | ERRORS: best=2, median=72.0, diversity=0.355 | INDIVIDUALS: n=200, avg_genome_length=96.13 | VIRUSES: gene_rate=0.000
2021-12-19 12:02:17.488277 | GENERATION: 111 | ERRORS: best=2, median=72.0, diversity=0.225 | INDIVIDUALS: n=200, avg_genome_length=95.655 | VIRUSES: gene_rate=0.000
2021-12-19 12:02:22.470359 | GENERATION: 112 | ERRORS: best=2, median=72.0, diversity=0.265 | INDIVIDUALS: n=200, avg_genome_length=96.295 | VIRUSES: gene_rate=0.000
2021-12-19 12:02:28.989819 | GENERATION: 113 | ERRORS: best=2, median=11000045.5, diversity=0.29 | INDIVIDUALS: n=200, avg_genome_length=91.885 | VIRUSES: gene_rate=0.000
2021-12-19 12:02:35.044029 | GENERATION: 114 | ERRORS: best=2, median=72.0, diversity=0.27 | INDIVIDUALS: n=200, avg_genome_length=93.85 | VIRUSES: gene_rate=0.000
2021-12-19 12:02:41.706423 | GENERATION: 115 | ERRORS: best=2, median=72.0, diversity=0.255 | INDIVIDUALS: n=200, avg_genome_length=91.495 | VIRUSES: gene_rate=0.000
2021-12-19 12:02:47.430760 | GENERATION: 116 | ERRORS: best=2, median=28.0, diversity=0.215 | INDIVIDUALS: n=200, avg_genome_length=87.39 | VIRUSES: gene_rate=0.000
2021-12-19 12:02:53.758650 | GENERATION: 117 | ERRORS: best=2, median=28.0, diversity=0.24 | INDIVIDUALS: n=200, avg_genome_length=87.555 | VIRUSES: gene_rate=0.000
2021-12-19 12:02:59.492285 | GENERATION: 118 | ERRORS: best=2, median=31.0, diversity=0.31 | INDIVIDUALS: n=200, avg_genome_length=87.51 | VIRUSES: gene_rate=0.000
2021-12-19 12:03:05.434442 | GENERATION: 119 | ERRORS: best=2, median=33.0, diversity=0.285 | INDIVIDUALS: n=200, avg_genome_length=86.505 | VIRUSES: gene_rate=0.000
2021-12-19 12:03:11.677393 | GENERATION: 120 | ERRORS: best=2, median=30.5, diversity=0.28 | INDIVIDUALS: n=200, avg_genome_length=87.425 | VIRUSES: gene_rate=0.000
2021-12-19 12:03:18.299923 | GENERATION: 121 | ERRORS: best=2, median=28.0, diversity=0.265 | INDIVIDUALS: n=200, avg_genome_length=89.235 | VIRUSES: gene_rate=0.000
2021-12-19 12:03:24.917535 | GENERATION: 122 | ERRORS: best=2, median=28.0, diversity=0.24 | INDIVIDUALS: n=200, avg_genome_length=92.33 | VIRUSES: gene_rate=0.000
2021-12-19 12:03:31.701774 | GENERATION: 123 | ERRORS: best=2, median=60.5, diversity=0.325 | INDIVIDUALS: n=200, avg_genome_length=95.47 | VIRUSES: gene_rate=0.000
2021-12-19 12:03:38.744063 | GENERATION: 124 | ERRORS: best=2, median=28.0, diversity=0.29 | INDIVIDUALS: n=200, avg_genome_length=92.575 | VIRUSES: gene_rate=0.000
2021-12-19 12:03:45.022106 | GENERATION: 125 | ERRORS: best=2, median=32.0, diversity=0.325 | INDIVIDUALS: n=200, avg_genome_length=91.62 | VIRUSES: gene_rate=0.000
2021-12-19 12:03:50.278893 | GENERATION: 126 | ERRORS: best=2, median=40.0, diversity=0.25 | INDIVIDUALS: n=200, avg_genome_length=88.1 | VIRUSES: gene_rate=0.000
2021-12-19 12:03:56.373475 | GENERATION: 127 | ERRORS: best=2, median=31.0, diversity=0.32 | INDIVIDUALS: n=200, avg_genome_length=87.485 | VIRUSES: gene_rate=0.000
2021-12-19 12:04:02.414857 | GENERATION: 128 | ERRORS: best=2, median=42.0, diversity=0.285 | INDIVIDUALS: n=200, avg_genome_length=88.27 | VIRUSES: gene_rate=0.000
2021-12-19 12:04:08.331193 | GENERATION: 129 | ERRORS: best=2, median=35.5, diversity=0.26 | INDIVIDUALS: n=200, avg_genome_length=86.095 | VIRUSES: gene_rate=0.000
2021-12-19 12:04:14.231646 | GENERATION: 130 | ERRORS: best=2, median=28.0, diversity=0.285 | INDIVIDUALS: n=200, avg_genome_length=90.895 | VIRUSES: gene_rate=0.000
2021-12-19 12:04:20.029854 | GENERATION: 131 | ERRORS: best=2, median=33.5, diversity=0.28 | INDIVIDUALS: n=200, avg_genome_length=85.235 | VIRUSES: gene_rate=0.000
2021-12-19 12:04:25.735287 | GENERATION: 132 | ERRORS: best=2, median=28.0, diversity=0.215 | INDIVIDUALS: n=200, avg_genome_length=81.405 | VIRUSES: gene_rate=0.000
2021-12-19 12:04:31.176514 | GENERATION: 133 | ERRORS: best=2, median=28.0, diversity=0.27 | INDIVIDUALS: n=200, avg_genome_length=77.715 | VIRUSES: gene_rate=0.000
2021-12-19 12:04:36.119478 | GENERATION: 134 | ERRORS: best=2, median=28.0, diversity=0.25 | INDIVIDUALS: n=200, avg_genome_length=78.075 | VIRUSES: gene_rate=0.000
2021-12-19 12:04:41.785098 | GENERATION: 135 | ERRORS: best=2, median=48.5, diversity=0.29 | INDIVIDUALS: n=200, avg_genome_length=77.42 | VIRUSES: gene_rate=0.000
2021-12-19 12:04:46.680105 | GENERATION: 136 | ERRORS: best=2, median=28.0, diversity=0.155 | INDIVIDUALS: n=200, avg_genome_length=74.595 | VIRUSES: gene_rate=0.000
2021-12-19 12:04:51.529568 | GENERATION: 137 | ERRORS: best=2, median=28.0, diversity=0.18 | INDIVIDUALS: n=200, avg_genome_length=72.83 | VIRUSES: gene_rate=0.000
2021-12-19 12:04:55.722613 | GENERATION: 138 | ERRORS: best=2, median=33.5, diversity=0.225 | INDIVIDUALS: n=200, avg_genome_length=73.4 | VIRUSES: gene_rate=0.000
2021-12-19 12:04:59.285518 | GENERATION: 139 | ERRORS: best=2, median=28.0, diversity=0.225 | INDIVIDUALS: n=200, avg_genome_length=68.685 | VIRUSES: gene_rate=0.000
2021-12-19 12:05:03.658260 | GENERATION: 140 | ERRORS: best=2, median=28.0, diversity=0.255 | INDIVIDUALS: n=200, avg_genome_length=71.64 | VIRUSES: gene_rate=0.000
2021-12-19 12:05:07.960068 | GENERATION: 141 | ERRORS: best=2, median=28.0, diversity=0.25 | INDIVIDUALS: n=200, avg_genome_length=68.675 | VIRUSES: gene_rate=0.000
2021-12-19 12:05:14.143807 | GENERATION: 142 | ERRORS: best=2, median=28.5, diversity=0.28 | INDIVIDUALS: n=200, avg_genome_length=71.43 | VIRUSES: gene_rate=0.000
2021-12-19 12:05:19.659697 | GENERATION: 143 | ERRORS: best=2, median=28.0, diversity=0.235 | INDIVIDUALS: n=200, avg_genome_length=75.99 | VIRUSES: gene_rate=0.000
2021-12-19 12:05:23.915697 | GENERATION: 144 | ERRORS: best=2, median=28.0, diversity=0.28 | INDIVIDUALS: n=200, avg_genome_length=70.515 | VIRUSES: gene_rate=0.000
2021-12-19 12:05:28.254431 | GENERATION: 145 | ERRORS: best=2, median=28.0, diversity=0.22 | INDIVIDUALS: n=200, avg_genome_length=69.84 | VIRUSES: gene_rate=0.000
2021-12-19 12:05:32.585477 | GENERATION: 146 | ERRORS: best=2, median=34.0, diversity=0.265 | INDIVIDUALS: n=200, avg_genome_length=68.625 | VIRUSES: gene_rate=0.000
2021-12-19 12:05:36.407613 | GENERATION: 147 | ERRORS: best=2, median=28.0, diversity=0.23 | INDIVIDUALS: n=200, avg_genome_length=67.09 | VIRUSES: gene_rate=0.000
2021-12-19 12:05:40.209043 | GENERATION: 148 | ERRORS: best=2, median=28.0, diversity=0.22 | INDIVIDUALS: n=200, avg_genome_length=63.815 | VIRUSES: gene_rate=0.000
2021-12-19 12:05:43.735121 | GENERATION: 149 | ERRORS: best=2, median=28.0, diversity=0.255 | INDIVIDUALS: n=200, avg_genome_length=61.76 | VIRUSES: gene_rate=0.000
2021-12-19 12:05:47.934516 | GENERATION: 150 | ERRORS: best=2, median=35.5, diversity=0.245 | INDIVIDUALS: n=200, avg_genome_length=57.6 | VIRUSES: gene_rate=0.000
2021-12-19 12:05:51.037017 | GENERATION: 151 | ERRORS: best=2, median=28.0, diversity=0.27 | INDIVIDUALS: n=200, avg_genome_length=57.485 | VIRUSES: gene_rate=0.000
2021-12-19 12:05:54.127786 | GENERATION: 152 | ERRORS: best=2, median=28.0, diversity=0.2 | INDIVIDUALS: n=200, avg_genome_length=59.03 | VIRUSES: gene_rate=0.000
2021-12-19 12:05:57.025547 | GENERATION: 153 | ERRORS: best=2, median=28.0, diversity=0.235 | INDIVIDUALS: n=200, avg_genome_length=55.53 | VIRUSES: gene_rate=0.000
2021-12-19 12:05:59.872376 | GENERATION: 154 | ERRORS: best=2, median=28.0, diversity=0.245 | INDIVIDUALS: n=200, avg_genome_length=53.935 | VIRUSES: gene_rate=0.000
2021-12-19 12:06:03.648943 | GENERATION: 155 | ERRORS: best=2, median=28.0, diversity=0.255 | INDIVIDUALS: n=200, avg_genome_length=54.26 | VIRUSES: gene_rate=0.000
2021-12-19 12:06:06.658947 | GENERATION: 156 | ERRORS: best=2, median=28.0, diversity=0.23 | INDIVIDUALS: n=200, avg_genome_length=49.595 | VIRUSES: gene_rate=0.000
2021-12-19 12:06:09.228316 | GENERATION: 157 | ERRORS: best=2, median=28.0, diversity=0.195 | INDIVIDUALS: n=200, avg_genome_length=43.165 | VIRUSES: gene_rate=0.000
2021-12-19 12:06:11.966981 | GENERATION: 158 | ERRORS: best=2, median=28.0, diversity=0.19 | INDIVIDUALS: n=200, avg_genome_length=43.665 | VIRUSES: gene_rate=0.000
2021-12-19 12:06:14.342456 | GENERATION: 159 | ERRORS: best=2, median=28.0, diversity=0.17 | INDIVIDUALS: n=200, avg_genome_length=43.33 | VIRUSES: gene_rate=0.000
2021-12-19 12:06:17.856473 | GENERATION: 160 | ERRORS: best=2, median=28.0, diversity=0.16 | INDIVIDUALS: n=200, avg_genome_length=44.0 | VIRUSES: gene_rate=0.000
2021-12-19 12:06:20.344894 | GENERATION: 161 | ERRORS: best=2, median=28.0, diversity=0.18 | INDIVIDUALS: n=200, avg_genome_length=42.905 | VIRUSES: gene_rate=0.000
2021-12-19 12:06:22.843921 | GENERATION: 162 | ERRORS: best=2, median=28.0, diversity=0.17 | INDIVIDUALS: n=200, avg_genome_length=40.065 | VIRUSES: gene_rate=0.000
2021-12-19 12:06:25.219642 | GENERATION: 163 | ERRORS: best=2, median=28.0, diversity=0.19 | INDIVIDUALS: n=200, avg_genome_length=38.875 | VIRUSES: gene_rate=0.000
2021-12-19 12:06:28.253572 | GENERATION: 164 | ERRORS: best=2, median=28.0, diversity=0.145 | INDIVIDUALS: n=200, avg_genome_length=37.365 | VIRUSES: gene_rate=0.000
2021-12-19 12:06:30.423913 | GENERATION: 165 | ERRORS: best=2, median=28.0, diversity=0.195 | INDIVIDUALS: n=200, avg_genome_length=34.88 | VIRUSES: gene_rate=0.000
2021-12-19 12:06:32.701462 | GENERATION: 166 | ERRORS: best=2, median=28.0, diversity=0.24 | INDIVIDUALS: n=200, avg_genome_length=35.49 | VIRUSES: gene_rate=0.000
2021-12-19 12:06:34.999831 | GENERATION: 167 | ERRORS: best=2, median=28.0, diversity=0.235 | INDIVIDUALS: n=200, avg_genome_length=34.835 | VIRUSES: gene_rate=0.000
2021-12-19 12:06:37.303174 | GENERATION: 168 | ERRORS: best=2, median=28.0, diversity=0.195 | INDIVIDUALS: n=200, avg_genome_length=31.71 | VIRUSES: gene_rate=0.000
2021-12-19 12:06:39.626871 | GENERATION: 169 | ERRORS: best=2, median=28.0, diversity=0.235 | INDIVIDUALS: n=200, avg_genome_length=31.13 | VIRUSES: gene_rate=0.000
2021-12-19 12:06:41.778055 | GENERATION: 170 | ERRORS: best=2, median=28.0, diversity=0.255 | INDIVIDUALS: n=200, avg_genome_length=30.83 | VIRUSES: gene_rate=0.000
2021-12-19 12:06:44.049839 | GENERATION: 171 | ERRORS: best=2, median=28.0, diversity=0.26 | INDIVIDUALS: n=200, avg_genome_length=31.205 | VIRUSES: gene_rate=0.000
2021-12-19 12:06:46.085965 | GENERATION: 172 | ERRORS: best=2, median=28.0, diversity=0.23 | INDIVIDUALS: n=200, avg_genome_length=30.45 | VIRUSES: gene_rate=0.000
2021-12-19 12:06:48.684335 | GENERATION: 173 | ERRORS: best=2, median=28.0, diversity=0.285 | INDIVIDUALS: n=200, avg_genome_length=29.71 | VIRUSES: gene_rate=0.000
2021-12-19 12:06:51.079796 | GENERATION: 174 | ERRORS: best=2, median=31.5, diversity=0.285 | INDIVIDUALS: n=200, avg_genome_length=28.635 | VIRUSES: gene_rate=0.000
2021-12-19 12:06:53.102131 | GENERATION: 175 | ERRORS: best=2, median=47.5, diversity=0.25 | INDIVIDUALS: n=200, avg_genome_length=26.095 | VIRUSES: gene_rate=0.000
2021-12-19 12:06:55.011513 | GENERATION: 176 | ERRORS: best=2, median=28.0, diversity=0.24 | INDIVIDUALS: n=200, avg_genome_length=27.04 | VIRUSES: gene_rate=0.000
2021-12-19 12:06:57.900890 | GENERATION: 177 | ERRORS: best=2, median=40.0, diversity=0.265 | INDIVIDUALS: n=200, avg_genome_length=26.955 | VIRUSES: gene_rate=0.000
2021-12-19 12:06:59.831065 | GENERATION: 178 | ERRORS: best=2, median=37.0, diversity=0.23 | INDIVIDUALS: n=200, avg_genome_length=24.365 | VIRUSES: gene_rate=0.000
2021-12-19 12:07:01.702115 | GENERATION: 179 | ERRORS: best=2, median=51.0, diversity=0.21 | INDIVIDUALS: n=200, avg_genome_length=23.66 | VIRUSES: gene_rate=0.000
2021-12-19 12:07:03.556682 | GENERATION: 180 | ERRORS: best=2, median=38.5, diversity=0.225 | INDIVIDUALS: n=200, avg_genome_length=22.095 | VIRUSES: gene_rate=0.000
2021-12-19 12:07:06.234102 | GENERATION: 181 | ERRORS: best=2, median=28.0, diversity=0.225 | INDIVIDUALS: n=200, avg_genome_length=22.225 | VIRUSES: gene_rate=0.000
2021-12-19 12:07:08.112816 | GENERATION: 182 | ERRORS: best=2, median=72.0, diversity=0.32 | INDIVIDUALS: n=200, avg_genome_length=22.67 | VIRUSES: gene_rate=0.000
2021-12-19 12:07:10.623372 | GENERATION: 183 | ERRORS: best=2, median=72.0, diversity=0.255 | INDIVIDUALS: n=200, avg_genome_length=25.05 | VIRUSES: gene_rate=0.000
2021-12-19 12:07:12.507129 | GENERATION: 184 | ERRORS: best=2, median=41.5, diversity=0.325 | INDIVIDUALS: n=200, avg_genome_length=24.55 | VIRUSES: gene_rate=0.000
2021-12-19 12:07:15.631734 | GENERATION: 185 | ERRORS: best=2, median=61.0, diversity=0.365 | INDIVIDUALS: n=200, avg_genome_length=24.76 | VIRUSES: gene_rate=0.000
2021-12-19 12:07:17.776579 | GENERATION: 186 | ERRORS: best=2, median=28.5, diversity=0.29 | INDIVIDUALS: n=200, avg_genome_length=25.47 | VIRUSES: gene_rate=0.000
2021-12-19 12:07:20.312619 | GENERATION: 187 | ERRORS: best=2, median=28.0, diversity=0.22 | INDIVIDUALS: n=200, avg_genome_length=25.73 | VIRUSES: gene_rate=0.000
2021-12-19 12:07:22.776848 | GENERATION: 188 | ERRORS: best=2, median=56.5, diversity=0.285 | INDIVIDUALS: n=200, avg_genome_length=25.56 | VIRUSES: gene_rate=0.000
2021-12-19 12:07:25.384805 | GENERATION: 189 | ERRORS: best=2, median=31.5, diversity=0.28 | INDIVIDUALS: n=200, avg_genome_length=24.09 | VIRUSES: gene_rate=0.000
2021-12-19 12:07:27.440617 | GENERATION: 190 | ERRORS: best=2, median=28.0, diversity=0.19 | INDIVIDUALS: n=200, avg_genome_length=24.105 | VIRUSES: gene_rate=0.000
2021-12-19 12:07:29.803891 | GENERATION: 191 | ERRORS: best=2, median=32.0, diversity=0.275 | INDIVIDUALS: n=200, avg_genome_length=23.835 | VIRUSES: gene_rate=0.000
2021-12-19 12:07:32.173066 | GENERATION: 192 | ERRORS: best=2, median=28.0, diversity=0.245 | INDIVIDUALS: n=200, avg_genome_length=23.01 | VIRUSES: gene_rate=0.000
2021-12-19 12:07:34.457187 | GENERATION: 193 | ERRORS: best=2, median=28.0, diversity=0.275 | INDIVIDUALS: n=200, avg_genome_length=22.62 | VIRUSES: gene_rate=0.000
2021-12-19 12:07:36.493152 | GENERATION: 194 | ERRORS: best=2, median=28.0, diversity=0.29 | INDIVIDUALS: n=200, avg_genome_length=22.34 | VIRUSES: gene_rate=0.000
2021-12-19 12:07:38.532342 | GENERATION: 195 | ERRORS: best=2, median=28.0, diversity=0.29 | INDIVIDUALS: n=200, avg_genome_length=23.425 | VIRUSES: gene_rate=0.000
2021-12-19 12:07:40.648099 | GENERATION: 196 | ERRORS: best=2, median=28.0, diversity=0.25 | INDIVIDUALS: n=200, avg_genome_length=21.45 | VIRUSES: gene_rate=0.000
2021-12-19 12:07:42.466135 | GENERATION: 197 | ERRORS: best=2, median=28.0, diversity=0.27 | INDIVIDUALS: n=200, avg_genome_length=20.365 | VIRUSES: gene_rate=0.000
2021-12-19 12:07:44.348472 | GENERATION: 198 | ERRORS: best=2, median=28.0, diversity=0.255 | INDIVIDUALS: n=200, avg_genome_length=19.105 | VIRUSES: gene_rate=0.000
2021-12-19 12:07:46.139910 | GENERATION: 199 | ERRORS: best=2, median=29.0, diversity=0.245 | INDIVIDUALS: n=200, avg_genome_length=18.85 | VIRUSES: gene_rate=0.000
2021-12-19 12:07:47.927856 | GENERATION: 200 | ERRORS: best=2, median=28.0, diversity=0.28 | INDIVIDUALS: n=200, avg_genome_length=17.395 | VIRUSES: gene_rate=0.000
2021-12-19 12:07:49.491412 | GENERATION: 201 | ERRORS: best=2, median=28.0, diversity=0.255 | INDIVIDUALS: n=200, avg_genome_length=15.905 | VIRUSES: gene_rate=0.000
2021-12-19 12:07:51.134958 | GENERATION: 202 | ERRORS: best=2, median=28.0, diversity=0.26 | INDIVIDUALS: n=200, avg_genome_length=15.615 | VIRUSES: gene_rate=0.000
2021-12-19 12:07:52.747781 | GENERATION: 203 | ERRORS: best=2, median=28.0, diversity=0.27 | INDIVIDUALS: n=200, avg_genome_length=16.05 | VIRUSES: gene_rate=0.000
2021-12-19 12:07:54.335095 | GENERATION: 204 | ERRORS: best=2, median=28.0, diversity=0.235 | INDIVIDUALS: n=200, avg_genome_length=17.48 | VIRUSES: gene_rate=0.000
2021-12-19 12:07:56.425372 | GENERATION: 205 | ERRORS: best=2, median=55.5, diversity=0.29 | INDIVIDUALS: n=200, avg_genome_length=18.795 | VIRUSES: gene_rate=0.000
2021-12-19 12:07:58.124602 | GENERATION: 206 | ERRORS: best=2, median=42.0, diversity=0.235 | INDIVIDUALS: n=200, avg_genome_length=18.17 | VIRUSES: gene_rate=0.000
2021-12-19 12:07:59.845908 | GENERATION: 207 | ERRORS: best=2, median=28.0, diversity=0.27 | INDIVIDUALS: n=200, avg_genome_length=19.01 | VIRUSES: gene_rate=0.000
2021-12-19 12:08:01.529690 | GENERATION: 208 | ERRORS: best=2, median=28.0, diversity=0.275 | INDIVIDUALS: n=200, avg_genome_length=19.135 | VIRUSES: gene_rate=0.000
2021-12-19 12:08:03.186021 | GENERATION: 209 | ERRORS: best=2, median=31.5, diversity=0.305 | INDIVIDUALS: n=200, avg_genome_length=19.25 | VIRUSES: gene_rate=0.000
2021-12-19 12:08:04.818843 | GENERATION: 210 | ERRORS: best=2, median=28.0, diversity=0.28 | INDIVIDUALS: n=200, avg_genome_length=18.14 | VIRUSES: gene_rate=0.000
2021-12-19 12:08:06.948104 | GENERATION: 211 | ERRORS: best=2, median=31.0, diversity=0.24 | INDIVIDUALS: n=200, avg_genome_length=18.61 | VIRUSES: gene_rate=0.000
2021-12-19 12:08:08.794857 | GENERATION: 212 | ERRORS: best=2, median=32.0, diversity=0.285 | INDIVIDUALS: n=200, avg_genome_length=18.375 | VIRUSES: gene_rate=0.000
2021-12-19 12:08:10.715996 | GENERATION: 213 | ERRORS: best=2, median=28.0, diversity=0.235 | INDIVIDUALS: n=200, avg_genome_length=18.285 | VIRUSES: gene_rate=0.000
2021-12-19 12:08:12.301506 | GENERATION: 214 | ERRORS: best=2, median=30.0, diversity=0.225 | INDIVIDUALS: n=200, avg_genome_length=17.965 | VIRUSES: gene_rate=0.000
2021-12-19 12:08:14.107677 | GENERATION: 215 | ERRORS: best=2, median=28.0, diversity=0.225 | INDIVIDUALS: n=200, avg_genome_length=18.01 | VIRUSES: gene_rate=0.000
2021-12-19 12:08:15.836048 | GENERATION: 216 | ERRORS: best=2, median=28.0, diversity=0.25 | INDIVIDUALS: n=200, avg_genome_length=17.165 | VIRUSES: gene_rate=0.000
2021-12-19 12:08:17.428980 | GENERATION: 217 | ERRORS: best=2, median=28.0, diversity=0.225 | INDIVIDUALS: n=200, avg_genome_length=17.135 | VIRUSES: gene_rate=0.000
2021-12-19 12:08:19.081064 | GENERATION: 218 | ERRORS: best=2, median=28.0, diversity=0.265 | INDIVIDUALS: n=200, avg_genome_length=16.55 | VIRUSES: gene_rate=0.000
2021-12-19 12:08:20.607611 | GENERATION: 219 | ERRORS: best=2, median=28.0, diversity=0.225 | INDIVIDUALS: n=200, avg_genome_length=16.36 | VIRUSES: gene_rate=0.000
2021-12-19 12:08:22.122583 | GENERATION: 220 | ERRORS: best=2, median=28.0, diversity=0.265 | INDIVIDUALS: n=200, avg_genome_length=15.7 | VIRUSES: gene_rate=0.000
2021-12-19 12:08:23.563208 | GENERATION: 221 | ERRORS: best=2, median=28.0, diversity=0.245 | INDIVIDUALS: n=200, avg_genome_length=14.665 | VIRUSES: gene_rate=0.000
2021-12-19 12:08:25.044512 | GENERATION: 222 | ERRORS: best=2, median=28.0, diversity=0.2 | INDIVIDUALS: n=200, avg_genome_length=15.935 | VIRUSES: gene_rate=0.000
2021-12-19 12:08:26.930983 | GENERATION: 223 | ERRORS: best=2, median=28.0, diversity=0.225 | INDIVIDUALS: n=200, avg_genome_length=16.05 | VIRUSES: gene_rate=0.000
2021-12-19 12:08:28.506259 | GENERATION: 224 | ERRORS: best=2, median=28.0, diversity=0.26 | INDIVIDUALS: n=200, avg_genome_length=16.45 | VIRUSES: gene_rate=0.000
2021-12-19 12:08:30.074992 | GENERATION: 225 | ERRORS: best=2, median=28.0, diversity=0.21 | INDIVIDUALS: n=200, avg_genome_length=17.145 | VIRUSES: gene_rate=0.000
2021-12-19 12:08:31.915077 | GENERATION: 226 | ERRORS: best=2, median=28.0, diversity=0.26 | INDIVIDUALS: n=200, avg_genome_length=16.855 | VIRUSES: gene_rate=0.000
2021-12-19 12:08:33.686128 | GENERATION: 227 | ERRORS: best=2, median=28.0, diversity=0.26 | INDIVIDUALS: n=200, avg_genome_length=16.82 | VIRUSES: gene_rate=0.000
2021-12-19 12:08:35.375364 | GENERATION: 228 | ERRORS: best=2, median=28.0, diversity=0.22 | INDIVIDUALS: n=200, avg_genome_length=17.065 | VIRUSES: gene_rate=0.000
2021-12-19 12:08:37.290076 | GENERATION: 229 | ERRORS: best=2, median=28.0, diversity=0.25 | INDIVIDUALS: n=200, avg_genome_length=17.065 | VIRUSES: gene_rate=0.000
2021-12-19 12:08:39.195890 | GENERATION: 230 | ERRORS: best=2, median=31.5, diversity=0.24 | INDIVIDUALS: n=200, avg_genome_length=17.475 | VIRUSES: gene_rate=0.000
2021-12-19 12:08:40.768209 | GENERATION: 231 | ERRORS: best=2, median=28.0, diversity=0.24 | INDIVIDUALS: n=200, avg_genome_length=17.295 | VIRUSES: gene_rate=0.000
2021-12-19 12:08:43.543977 | GENERATION: 232 | ERRORS: best=2, median=32.5, diversity=0.25 | INDIVIDUALS: n=200, avg_genome_length=16.195 | VIRUSES: gene_rate=0.000
2021-12-19 12:08:46.019257 | GENERATION: 233 | ERRORS: best=2, median=52.5, diversity=0.265 | INDIVIDUALS: n=200, avg_genome_length=15.885 | VIRUSES: gene_rate=0.000
2021-12-19 12:08:47.906906 | GENERATION: 234 | ERRORS: best=2, median=28.0, diversity=0.235 | INDIVIDUALS: n=200, avg_genome_length=16.185 | VIRUSES: gene_rate=0.000
2021-12-19 12:08:49.732081 | GENERATION: 235 | ERRORS: best=2, median=60.0, diversity=0.245 | INDIVIDUALS: n=200, avg_genome_length=14.035 | VIRUSES: gene_rate=0.000
2021-12-19 12:08:51.370250 | GENERATION: 236 | ERRORS: best=2, median=28.0, diversity=0.18 | INDIVIDUALS: n=200, avg_genome_length=12.75 | VIRUSES: gene_rate=0.000
2021-12-19 12:08:52.789138 | GENERATION: 237 | ERRORS: best=2, median=62.5, diversity=0.215 | INDIVIDUALS: n=200, avg_genome_length=12.835 | VIRUSES: gene_rate=0.000
2021-12-19 12:08:54.255307 | GENERATION: 238 | ERRORS: best=2, median=28.0, diversity=0.165 | INDIVIDUALS: n=200, avg_genome_length=13.79 | VIRUSES: gene_rate=0.000
2021-12-19 12:08:55.811930 | GENERATION: 239 | ERRORS: best=2, median=47.5, diversity=0.195 | INDIVIDUALS: n=200, avg_genome_length=13.375 | VIRUSES: gene_rate=0.000
2021-12-19 12:08:57.442754 | GENERATION: 240 | ERRORS: best=2, median=28.0, diversity=0.195 | INDIVIDUALS: n=200, avg_genome_length=13.635 | VIRUSES: gene_rate=0.000
2021-12-19 12:08:58.978873 | GENERATION: 241 | ERRORS: best=2, median=28.0, diversity=0.185 | INDIVIDUALS: n=200, avg_genome_length=14.35 | VIRUSES: gene_rate=0.000
2021-12-19 12:09:00.969662 | GENERATION: 242 | ERRORS: best=2, median=28.0, diversity=0.235 | INDIVIDUALS: n=200, avg_genome_length=13.78 | VIRUSES: gene_rate=0.000
2021-12-19 12:09:02.697217 | GENERATION: 243 | ERRORS: best=2, median=62.0, diversity=0.235 | INDIVIDUALS: n=200, avg_genome_length=13.435 | VIRUSES: gene_rate=0.000
2021-12-19 12:09:04.390993 | GENERATION: 244 | ERRORS: best=2, median=61.0, diversity=0.2 | INDIVIDUALS: n=200, avg_genome_length=13.54 | VIRUSES: gene_rate=0.000
2021-12-19 12:09:05.898659 | GENERATION: 245 | ERRORS: best=2, median=28.0, diversity=0.235 | INDIVIDUALS: n=200, avg_genome_length=14.03 | VIRUSES: gene_rate=0.000
2021-12-19 12:09:07.636732 | GENERATION: 246 | ERRORS: best=2, median=28.0, diversity=0.215 | INDIVIDUALS: n=200, avg_genome_length=14.2 | VIRUSES: gene_rate=0.000
2021-12-19 12:09:09.114104 | GENERATION: 247 | ERRORS: best=4, median=28.0, diversity=0.195 | INDIVIDUALS: n=200, avg_genome_length=13.815 | VIRUSES: gene_rate=0.000
2021-12-19 12:09:10.500875 | GENERATION: 248 | ERRORS: best=4, median=38.0, diversity=0.255 | INDIVIDUALS: n=200, avg_genome_length=13.485 | VIRUSES: gene_rate=0.000
2021-12-19 12:09:11.963467 | GENERATION: 249 | ERRORS: best=4, median=28.0, diversity=0.235 | INDIVIDUALS: n=200, avg_genome_length=12.59 | VIRUSES: gene_rate=0.000
2021-12-19 12:09:13.348757 | GENERATION: 250 | ERRORS: best=4, median=28.0, diversity=0.17 | INDIVIDUALS: n=200, avg_genome_length=12.36 | VIRUSES: gene_rate=0.000
2021-12-19 12:09:15.482518 | GENERATION: 251 | ERRORS: best=4, median=28.0, diversity=0.21 | INDIVIDUALS: n=200, avg_genome_length=12.1 | VIRUSES: gene_rate=0.000
2021-12-19 12:09:16.987373 | GENERATION: 252 | ERRORS: best=4, median=28.0, diversity=0.19 | INDIVIDUALS: n=200, avg_genome_length=11.625 | VIRUSES: gene_rate=0.000
2021-12-19 12:09:18.550840 | GENERATION: 253 | ERRORS: best=4, median=61.0, diversity=0.16 | INDIVIDUALS: n=200, avg_genome_length=11.525 | VIRUSES: gene_rate=0.000
2021-12-19 12:09:19.972418 | GENERATION: 254 | ERRORS: best=4, median=30.5, diversity=0.19 | INDIVIDUALS: n=200, avg_genome_length=11.23 | VIRUSES: gene_rate=0.000
2021-12-19 12:09:21.405753 | GENERATION: 255 | ERRORS: best=4, median=41.5, diversity=0.17 | INDIVIDUALS: n=200, avg_genome_length=10.615 | VIRUSES: gene_rate=0.000
2021-12-19 12:09:22.808517 | GENERATION: 256 | ERRORS: best=4, median=28.0, diversity=0.2 | INDIVIDUALS: n=200, avg_genome_length=10.775 | VIRUSES: gene_rate=0.000
2021-12-19 12:09:24.216281 | GENERATION: 257 | ERRORS: best=4, median=28.0, diversity=0.185 | INDIVIDUALS: n=200, avg_genome_length=10.955 | VIRUSES: gene_rate=0.000
2021-12-19 12:09:25.762395 | GENERATION: 258 | ERRORS: best=4, median=28.0, diversity=0.19 | INDIVIDUALS: n=200, avg_genome_length=12.365 | VIRUSES: gene_rate=0.000
2021-12-19 12:09:27.230802 | GENERATION: 259 | ERRORS: best=4, median=28.0, diversity=0.215 | INDIVIDUALS: n=200, avg_genome_length=12.41 | VIRUSES: gene_rate=0.000
2021-12-19 12:09:28.608186 | GENERATION: 260 | ERRORS: best=4, median=36.0, diversity=0.155 | INDIVIDUALS: n=200, avg_genome_length=12.14 | VIRUSES: gene_rate=0.000
2021-12-19 12:09:30.101429 | GENERATION: 261 | ERRORS: best=4, median=28.0, diversity=0.175 | INDIVIDUALS: n=200, avg_genome_length=12.475 | VIRUSES: gene_rate=0.000
2021-12-19 12:09:32.064567 | GENERATION: 262 | ERRORS: best=4, median=37.5, diversity=0.22 | INDIVIDUALS: n=200, avg_genome_length=14.755 | VIRUSES: gene_rate=0.000
2021-12-19 12:09:33.856574 | GENERATION: 263 | ERRORS: best=4, median=28.0, diversity=0.195 | INDIVIDUALS: n=200, avg_genome_length=13.72 | VIRUSES: gene_rate=0.000
2021-12-19 12:09:35.648281 | GENERATION: 264 | ERRORS: best=4, median=70.0, diversity=0.2 | INDIVIDUALS: n=200, avg_genome_length=14.22 | VIRUSES: gene_rate=0.000
2021-12-19 12:09:37.460201 | GENERATION: 265 | ERRORS: best=4, median=57.5, diversity=0.16 | INDIVIDUALS: n=200, avg_genome_length=13.365 | VIRUSES: gene_rate=0.000
2021-12-19 12:09:39.455961 | GENERATION: 266 | ERRORS: best=4, median=34.0, diversity=0.145 | INDIVIDUALS: n=200, avg_genome_length=12.635 | VIRUSES: gene_rate=0.000
2021-12-19 12:09:40.945110 | GENERATION: 267 | ERRORS: best=4, median=28.0, diversity=0.18 | INDIVIDUALS: n=200, avg_genome_length=13.52 | VIRUSES: gene_rate=0.000
2021-12-19 12:09:42.362411 | GENERATION: 268 | ERRORS: best=6, median=28.0, diversity=0.185 | INDIVIDUALS: n=200, avg_genome_length=14.56 | VIRUSES: gene_rate=0.000
2021-12-19 12:09:43.926587 | GENERATION: 269 | ERRORS: best=6, median=28.0, diversity=0.13 | INDIVIDUALS: n=200, avg_genome_length=13.845 | VIRUSES: gene_rate=0.000
2021-12-19 12:09:45.417943 | GENERATION: 270 | ERRORS: best=6, median=28.0, diversity=0.12 | INDIVIDUALS: n=200, avg_genome_length=12.22 | VIRUSES: gene_rate=0.000
2021-12-19 12:09:46.685527 | GENERATION: 271 | ERRORS: best=6, median=28.0, diversity=0.18 | INDIVIDUALS: n=200, avg_genome_length=12.57 | VIRUSES: gene_rate=0.000
2021-12-19 12:09:48.022995 | GENERATION: 272 | ERRORS: best=6, median=56.0, diversity=0.18 | INDIVIDUALS: n=200, avg_genome_length=12.555 | VIRUSES: gene_rate=0.000
2021-12-19 12:09:49.438010 | GENERATION: 273 | ERRORS: best=1, median=33.0, diversity=0.17 | INDIVIDUALS: n=200, avg_genome_length=13.11 | VIRUSES: gene_rate=0.000
2021-12-19 12:09:51.262582 | GENERATION: 274 | ERRORS: best=1, median=93000000.0, diversity=0.15 | INDIVIDUALS: n=200, avg_genome_length=14.84 | VIRUSES: gene_rate=0.000
2021-12-19 12:09:53.026090 | GENERATION: 275 | ERRORS: best=1, median=93000000.0, diversity=0.205 | INDIVIDUALS: n=200, avg_genome_length=14.885 | VIRUSES: gene_rate=0.000
2021-12-19 12:09:54.375951 | GENERATION: 276 | ERRORS: best=1, median=93000000.0, diversity=0.21 | INDIVIDUALS: n=200, avg_genome_length=13.875 | VIRUSES: gene_rate=0.000
2021-12-19 12:09:56.267223 | GENERATION: 277 | ERRORS: best=1, median=93000000.0, diversity=0.17 | INDIVIDUALS: n=200, avg_genome_length=13.09 | VIRUSES: gene_rate=0.000
2021-12-19 12:09:58.074425 | GENERATION: 278 | ERRORS: best=1, median=100000000.0, diversity=0.16 | INDIVIDUALS: n=200, avg_genome_length=11.68 | VIRUSES: gene_rate=0.000
2021-12-19 12:09:59.460700 | GENERATION: 279 | ERRORS: best=1, median=93000000.0, diversity=0.15 | INDIVIDUALS: n=200, avg_genome_length=12.62 | VIRUSES: gene_rate=0.000
2021-12-19 12:10:01.021312 | GENERATION: 280 | ERRORS: best=1, median=93000000.0, diversity=0.125 | INDIVIDUALS: n=200, avg_genome_length=12.285 | VIRUSES: gene_rate=0.000
2021-12-19 12:10:02.360501 | GENERATION: 281 | ERRORS: best=1, median=100000000.0, diversity=0.16 | INDIVIDUALS: n=200, avg_genome_length=12.33 | VIRUSES: gene_rate=0.000
2021-12-19 12:10:03.695196 | GENERATION: 282 | ERRORS: best=1, median=93000000.0, diversity=0.14 | INDIVIDUALS: n=200, avg_genome_length=12.175 | VIRUSES: gene_rate=0.000
2021-12-19 12:10:05.078868 | GENERATION: 283 | ERRORS: best=1, median=93000000.0, diversity=0.175 | INDIVIDUALS: n=200, avg_genome_length=12.21 | VIRUSES: gene_rate=0.000
2021-12-19 12:10:06.372801 | GENERATION: 284 | ERRORS: best=1, median=93000000.0, diversity=0.155 | INDIVIDUALS: n=200, avg_genome_length=12.8 | VIRUSES: gene_rate=0.000
2021-12-19 12:10:07.966252 | GENERATION: 285 | ERRORS: best=1, median=93000000.0, diversity=0.16 | INDIVIDUALS: n=200, avg_genome_length=13.125 | VIRUSES: gene_rate=0.000
2021-12-19 12:10:09.240584 | GENERATION: 286 | ERRORS: best=1, median=93000000.0, diversity=0.165 | INDIVIDUALS: n=200, avg_genome_length=13.185 | VIRUSES: gene_rate=0.000
2021-12-19 12:10:10.441553 | GENERATION: 287 | ERRORS: best=1, median=93000000.0, diversity=0.165 | INDIVIDUALS: n=200, avg_genome_length=12.205 | VIRUSES: gene_rate=0.000
2021-12-19 12:10:11.992481 | GENERATION: 288 | ERRORS: best=1, median=93000000.0, diversity=0.15 | INDIVIDUALS: n=200, avg_genome_length=11.495 | VIRUSES: gene_rate=0.000
2021-12-19 12:10:13.267759 | GENERATION: 289 | ERRORS: best=1, median=93000000.0, diversity=0.135 | INDIVIDUALS: n=200, avg_genome_length=11.785 | VIRUSES: gene_rate=0.000
2021-12-19 12:10:15.208661 | GENERATION: 290 | ERRORS: best=1, median=93000000.0, diversity=0.175 | INDIVIDUALS: n=200, avg_genome_length=12.58 | VIRUSES: gene_rate=0.000
2021-12-19 12:10:16.604107 | GENERATION: 291 | ERRORS: best=1, median=93000000.0, diversity=0.17 | INDIVIDUALS: n=200, avg_genome_length=13.13 | VIRUSES: gene_rate=0.000
2021-12-19 12:10:17.971739 | GENERATION: 292 | ERRORS: best=1, median=93000000.0, diversity=0.16 | INDIVIDUALS: n=200, avg_genome_length=13.125 | VIRUSES: gene_rate=0.000
2021-12-19 12:10:19.357924 | GENERATION: 293 | ERRORS: best=1, median=99500000.0, diversity=0.165 | INDIVIDUALS: n=200, avg_genome_length=13.705 | VIRUSES: gene_rate=0.000
2021-12-19 12:10:21.259223 | GENERATION: 294 | ERRORS: best=1, median=100000000.0, diversity=0.16 | INDIVIDUALS: n=200, avg_genome_length=15.545 | VIRUSES: gene_rate=0.000
2021-12-19 12:10:23.404377 | GENERATION: 295 | ERRORS: best=1, median=93000000.0, diversity=0.165 | INDIVIDUALS: n=200, avg_genome_length=17.55 | VIRUSES: gene_rate=0.000
2021-12-19 12:10:24.992429 | GENERATION: 296 | ERRORS: best=1, median=93000000.0, diversity=0.235 | INDIVIDUALS: n=200, avg_genome_length=16.905 | VIRUSES: gene_rate=0.000
2021-12-19 12:10:26.651211 | GENERATION: 297 | ERRORS: best=1, median=93000000.0, diversity=0.195 | INDIVIDUALS: n=200, avg_genome_length=16.31 | VIRUSES: gene_rate=0.000
2021-12-19 12:10:28.229339 | GENERATION: 298 | ERRORS: best=1, median=92000002.0, diversity=0.21 | INDIVIDUALS: n=200, avg_genome_length=15.725 | VIRUSES: gene_rate=0.000
2021-12-19 12:10:29.708241 | GENERATION: 299 | ERRORS: best=1, median=92000002.0, diversity=0.2 | INDIVIDUALS: n=200, avg_genome_length=15.29 | VIRUSES: gene_rate=0.000
2021-12-19 12:10:31.390982 | GENERATION: 300 | ERRORS: best=1, median=84000011.0, diversity=0.2 | INDIVIDUALS: n=200, avg_genome_length=13.78 | VIRUSES: gene_rate=0.000
Simplifying genome of length 16 with total error 1.
Simplified genome by 2 to length 14.
Simplified genome by 1 to length 13.
Simplified genome by 2 to length 11.
Simplified genome by 2 to length 9.
Simplified genome by 1 to length 8.
Simplified genome to length 8 and total error 1.
========================================
End Run
========================================
No solution found.
Best Seen Individual
	Genome:
	 pvector([Input(input_index=0), InstructionMeta(name='exec_dup', code_blocks=1), InstructionMeta(name='str_length', code_blocks=0), InstructionMeta(name='str_length', code_blocks=0), Input(input_index=2), Input(input_index=1), InstructionMeta(name='int_mod', code_blocks=0), InstructionMeta(name='int_lt', code_blocks=0)])
	Program:
	 (input_0 exec_dup (str_length str_length input_2 input_1 int_mod int_lt))
	Error vector:
	 [0 0 0 0 0 0 0 0 0 0 0 0 0 0 0 0 0 0 0 0 0 0 0 0 0 0 0 0 0 0 0 0 0 0 0 0 0
 0 0 0 0 0 0 0 0 0 0 0 0 0 0 0 0 0 0 0 0 0 0 0 0 0 0 0 0 0 0 0 0 0 0 0 0 0
 0 0 0 0 1 0 0 0 0 0 0 0 0 0 0 0 0 0 0 0 0 0 0 0 0 0]
	Total error:
	 1
	Test error:
	 32
	Time:
	 00:25:33
