Included 22 edge cases.
Included 78 random cases.
Included 100 cases in total.
Finished formatting.
Included 0 edge cases.
Included 1000 random cases.
Included 1000 cases in total.
Finished formatting.
========================================
Setup
========================================
Search Configuration:
signature: ProgramSignature(output_stacks=['bool'], arity=3, push_config=PushConfig(numeric_magnitude_limit=1000000000000.0, growth_cap=500, runtime_limit=10, step_limit=600, collection_size_cap=1000))
evaluator: <pyshgp.gp.evaluation.DatasetEvaluator object at 0x7f1241f85280>
spawner: <pyshgp.gp.genome.GeneSpawner object at 0x7f1241f857c0>
population_size: 200
max_generations: 300
error_threshold: 0.0
initial_genome_size: (40, 200)
simplification_steps: 500
parallel_context: <pyshgp.gp.search.ParallelContext object at 0x7f1241f85640>
selection: <pyshgp.utils.DiscreteProbDistrib object at 0x7f1234c9b800>
variation: <pyshgp.utils.DiscreteProbDistrib object at 0x7f124209a340>
Instructions:
int_add, int_sub, int_mult, int_div, int_mod, int_min, int_max, int_inc, int_dec, int_lt, int_lte, int_gt, int_gte, int_from_bool, str_concat, str_insert_str, str_from_first_char, str_from_last_char, str_from_nth_char, str_contains_str, str_index_of_str, str_split_on_str, str_replace_first_str, str_replace_n_str, str_replace_all_str, str_remove_first_str, str_remove_n_str, str_remove_all_str, str_occurrences_of_str, str_reverse, str_head, str_tail, str_rest, str_but_last, str_drop, str_but_last_n, str_length, str_make_empty, str_is_empty_string, str_remove_nth, str_strip_whitespace, str_from_bool, str_from_int, bool_and, bool_or, bool_not, bool_xor, bool_invert_first_then_and, bool_second_first_then_and, bool_from_int, noop, noop_open, exec_do_range, exec_do_count, exec_while, exec_do_while, exec_if, exec_when, print_bool, println_bool, print_int, println_int, print_str, println_str, print_exec, println_exec, bool_pop, bool_dup, bool_dup_times, bool_swap, bool_rot, bool_flush, bool_eq, bool_stack_depth, bool_yank, bool_yank_dup, bool_shove, bool_shove_dup, bool_is_empty, int_pop, int_dup, int_dup_times, int_swap, int_rot, int_flush, int_eq, int_stack_depth, int_yank, int_yank_dup, int_shove, int_shove_dup, int_is_empty, str_pop, str_dup, str_dup_times, str_swap, str_rot, str_flush, str_eq, str_stack_depth, str_yank, str_yank_dup, str_shove, str_shove_dup, str_is_empty, exec_pop, exec_dup, exec_dup_times, exec_swap, exec_rot, exec_flush, exec_eq, exec_stack_depth, exec_yank, exec_yank_dup, exec_shove, exec_shove_dup, exec_is_empty
Literals:
[]
ERC Generators:
[<function rand_bool at 0x7f12368761f0>]
========================================
Start Run
========================================
2021-12-20 00:25:38.359805 | GENERATION: 1 | ERRORS: best=32, median=100000000.0, diversity=0.025 | INDIVIDUALS: n=200, avg_genome_length=117.215 | VIRUSES: gene_rate=0.000
2021-12-20 00:25:44.328939 | GENERATION: 2 | ERRORS: best=32, median=32.0, diversity=0.035 | INDIVIDUALS: n=200, avg_genome_length=135.335 | VIRUSES: gene_rate=0.000
2021-12-20 00:25:51.109721 | GENERATION: 3 | ERRORS: best=32, median=47.5, diversity=0.065 | INDIVIDUALS: n=200, avg_genome_length=154.435 | VIRUSES: gene_rate=0.000
2021-12-20 00:25:58.016827 | GENERATION: 4 | ERRORS: best=32, median=51.0, diversity=0.09 | INDIVIDUALS: n=200, avg_genome_length=166.93 | VIRUSES: gene_rate=0.000
2021-12-20 00:26:04.674593 | GENERATION: 5 | ERRORS: best=32, median=51.0, diversity=0.13 | INDIVIDUALS: n=200, avg_genome_length=168.075 | VIRUSES: gene_rate=0.000
2021-12-20 00:26:12.395140 | GENERATION: 6 | ERRORS: best=28, median=51.0, diversity=0.2 | INDIVIDUALS: n=200, avg_genome_length=167.42 | VIRUSES: gene_rate=0.000
2021-12-20 00:26:21.276253 | GENERATION: 7 | ERRORS: best=31, median=52.0, diversity=0.245 | INDIVIDUALS: n=200, avg_genome_length=170.41 | VIRUSES: gene_rate=0.000
2021-12-20 00:26:30.263009 | GENERATION: 8 | ERRORS: best=30, median=51.0, diversity=0.255 | INDIVIDUALS: n=200, avg_genome_length=171.495 | VIRUSES: gene_rate=0.000
2021-12-20 00:26:40.478976 | GENERATION: 9 | ERRORS: best=28, median=65.5, diversity=0.285 | INDIVIDUALS: n=200, avg_genome_length=172.58 | VIRUSES: gene_rate=0.000
2021-12-20 00:26:50.396668 | GENERATION: 10 | ERRORS: best=30, median=65.0, diversity=0.43 | INDIVIDUALS: n=200, avg_genome_length=174.6 | VIRUSES: gene_rate=0.000
2021-12-20 00:27:00.492533 | GENERATION: 11 | ERRORS: best=32, median=64.0, diversity=0.415 | INDIVIDUALS: n=200, avg_genome_length=171.725 | VIRUSES: gene_rate=0.000
2021-12-20 00:27:11.027573 | GENERATION: 12 | ERRORS: best=26, median=60.5, diversity=0.41 | INDIVIDUALS: n=200, avg_genome_length=171.45 | VIRUSES: gene_rate=0.000
2021-12-20 00:27:21.693420 | GENERATION: 13 | ERRORS: best=23, median=68.0, diversity=0.62 | INDIVIDUALS: n=200, avg_genome_length=165.985 | VIRUSES: gene_rate=0.000
2021-12-20 00:27:32.213760 | GENERATION: 14 | ERRORS: best=22, median=59.0, diversity=0.66 | INDIVIDUALS: n=200, avg_genome_length=162.655 | VIRUSES: gene_rate=0.000
2021-12-20 00:27:43.982438 | GENERATION: 15 | ERRORS: best=22, median=55.5, diversity=0.72 | INDIVIDUALS: n=200, avg_genome_length=160.79 | VIRUSES: gene_rate=0.000
2021-12-20 00:27:56.736627 | GENERATION: 16 | ERRORS: best=22, median=56.0, diversity=0.56 | INDIVIDUALS: n=200, avg_genome_length=160.275 | VIRUSES: gene_rate=0.000
2021-12-20 00:28:10.019553 | GENERATION: 17 | ERRORS: best=20, median=68.0, diversity=0.595 | INDIVIDUALS: n=200, avg_genome_length=158.995 | VIRUSES: gene_rate=0.000
2021-12-20 00:28:22.120444 | GENERATION: 18 | ERRORS: best=23, median=55.0, diversity=0.57 | INDIVIDUALS: n=200, avg_genome_length=159.78 | VIRUSES: gene_rate=0.000
2021-12-20 00:28:33.882129 | GENERATION: 19 | ERRORS: best=22, median=66.0, diversity=0.645 | INDIVIDUALS: n=200, avg_genome_length=158.525 | VIRUSES: gene_rate=0.000
2021-12-20 00:28:45.928254 | GENERATION: 20 | ERRORS: best=23, median=68.0, diversity=0.67 | INDIVIDUALS: n=200, avg_genome_length=158.435 | VIRUSES: gene_rate=0.000
2021-12-20 00:28:58.553740 | GENERATION: 21 | ERRORS: best=22, median=68.0, diversity=0.615 | INDIVIDUALS: n=200, avg_genome_length=154.205 | VIRUSES: gene_rate=0.000
2021-12-20 00:29:11.913921 | GENERATION: 22 | ERRORS: best=22, median=65.0, diversity=0.68 | INDIVIDUALS: n=200, avg_genome_length=152.845 | VIRUSES: gene_rate=0.000
2021-12-20 00:29:25.846533 | GENERATION: 23 | ERRORS: best=22, median=68.0, diversity=0.615 | INDIVIDUALS: n=200, avg_genome_length=153.085 | VIRUSES: gene_rate=0.000
2021-12-20 00:29:38.731018 | GENERATION: 24 | ERRORS: best=21, median=66.0, diversity=0.545 | INDIVIDUALS: n=200, avg_genome_length=155.115 | VIRUSES: gene_rate=0.000
2021-12-20 00:29:51.567126 | GENERATION: 25 | ERRORS: best=19, median=66.5, diversity=0.61 | INDIVIDUALS: n=200, avg_genome_length=153.85 | VIRUSES: gene_rate=0.000
2021-12-20 00:30:03.492651 | GENERATION: 26 | ERRORS: best=19, median=59.0, diversity=0.55 | INDIVIDUALS: n=200, avg_genome_length=151.86 | VIRUSES: gene_rate=0.000
2021-12-20 00:30:16.390171 | GENERATION: 27 | ERRORS: best=19, median=62.5, diversity=0.575 | INDIVIDUALS: n=200, avg_genome_length=152.28 | VIRUSES: gene_rate=0.000
2021-12-20 00:30:29.214019 | GENERATION: 28 | ERRORS: best=19, median=39.0, diversity=0.55 | INDIVIDUALS: n=200, avg_genome_length=153.435 | VIRUSES: gene_rate=0.000
2021-12-20 00:30:40.647768 | GENERATION: 29 | ERRORS: best=18, median=68.0, diversity=0.53 | INDIVIDUALS: n=200, avg_genome_length=154.99 | VIRUSES: gene_rate=0.000
2021-12-20 00:30:52.909937 | GENERATION: 30 | ERRORS: best=18, median=40.0, diversity=0.495 | INDIVIDUALS: n=200, avg_genome_length=156.74 | VIRUSES: gene_rate=0.000
2021-12-20 00:31:04.239581 | GENERATION: 31 | ERRORS: best=19, median=52.5, diversity=0.54 | INDIVIDUALS: n=200, avg_genome_length=153.845 | VIRUSES: gene_rate=0.000
2021-12-20 00:31:15.854223 | GENERATION: 32 | ERRORS: best=19, median=41.0, diversity=0.515 | INDIVIDUALS: n=200, avg_genome_length=151.99 | VIRUSES: gene_rate=0.000
2021-12-20 00:31:28.639987 | GENERATION: 33 | ERRORS: best=19, median=35.0, diversity=0.5 | INDIVIDUALS: n=200, avg_genome_length=149.665 | VIRUSES: gene_rate=0.000
2021-12-20 00:31:40.191413 | GENERATION: 34 | ERRORS: best=19, median=34.0, diversity=0.44 | INDIVIDUALS: n=200, avg_genome_length=152.955 | VIRUSES: gene_rate=0.000
2021-12-20 00:31:50.854233 | GENERATION: 35 | ERRORS: best=19, median=34.0, diversity=0.48 | INDIVIDUALS: n=200, avg_genome_length=151.18 | VIRUSES: gene_rate=0.000
2021-12-20 00:32:02.617575 | GENERATION: 36 | ERRORS: best=16, median=41.5, diversity=0.51 | INDIVIDUALS: n=200, avg_genome_length=149.235 | VIRUSES: gene_rate=0.000
2021-12-20 00:32:14.914264 | GENERATION: 37 | ERRORS: best=19, median=56.5, diversity=0.455 | INDIVIDUALS: n=200, avg_genome_length=147.2 | VIRUSES: gene_rate=0.000
2021-12-20 00:32:25.753100 | GENERATION: 38 | ERRORS: best=18, median=52.0, diversity=0.45 | INDIVIDUALS: n=200, avg_genome_length=142.225 | VIRUSES: gene_rate=0.000
2021-12-20 00:32:36.905005 | GENERATION: 39 | ERRORS: best=18, median=56.0, diversity=0.43 | INDIVIDUALS: n=200, avg_genome_length=144.185 | VIRUSES: gene_rate=0.000
2021-12-20 00:32:49.559227 | GENERATION: 40 | ERRORS: best=18, median=68.0, diversity=0.465 | INDIVIDUALS: n=200, avg_genome_length=140.715 | VIRUSES: gene_rate=0.000
2021-12-20 00:33:00.870841 | GENERATION: 41 | ERRORS: best=18, median=47.0, diversity=0.44 | INDIVIDUALS: n=200, avg_genome_length=138.585 | VIRUSES: gene_rate=0.000
2021-12-20 00:33:12.172327 | GENERATION: 42 | ERRORS: best=16, median=40.0, diversity=0.365 | INDIVIDUALS: n=200, avg_genome_length=142.075 | VIRUSES: gene_rate=0.000
2021-12-20 00:33:22.448773 | GENERATION: 43 | ERRORS: best=16, median=59.5, diversity=0.405 | INDIVIDUALS: n=200, avg_genome_length=146.585 | VIRUSES: gene_rate=0.000
2021-12-20 00:33:33.468455 | GENERATION: 44 | ERRORS: best=16, median=54.0, diversity=0.36 | INDIVIDUALS: n=200, avg_genome_length=145.37 | VIRUSES: gene_rate=0.000
2021-12-20 00:33:44.254959 | GENERATION: 45 | ERRORS: best=16, median=52.5, diversity=0.375 | INDIVIDUALS: n=200, avg_genome_length=144.605 | VIRUSES: gene_rate=0.000
2021-12-20 00:33:54.970151 | GENERATION: 46 | ERRORS: best=16, median=32.5, diversity=0.365 | INDIVIDUALS: n=200, avg_genome_length=142.135 | VIRUSES: gene_rate=0.000
2021-12-20 00:34:05.992113 | GENERATION: 47 | ERRORS: best=16, median=62.5, diversity=0.44 | INDIVIDUALS: n=200, avg_genome_length=138.6 | VIRUSES: gene_rate=0.000
2021-12-20 00:34:17.394611 | GENERATION: 48 | ERRORS: best=16, median=42.5, diversity=0.455 | INDIVIDUALS: n=200, avg_genome_length=132.545 | VIRUSES: gene_rate=0.000
2021-12-20 00:34:30.400803 | GENERATION: 49 | ERRORS: best=16, median=65.5, diversity=0.41 | INDIVIDUALS: n=200, avg_genome_length=126.41 | VIRUSES: gene_rate=0.000
2021-12-20 00:34:42.425463 | GENERATION: 50 | ERRORS: best=16, median=58.5, diversity=0.43 | INDIVIDUALS: n=200, avg_genome_length=126.445 | VIRUSES: gene_rate=0.000
2021-12-20 00:34:55.309037 | GENERATION: 51 | ERRORS: best=16, median=36.0, diversity=0.495 | INDIVIDUALS: n=200, avg_genome_length=126.385 | VIRUSES: gene_rate=0.000
2021-12-20 00:35:06.776762 | GENERATION: 52 | ERRORS: best=16, median=36.0, diversity=0.49 | INDIVIDUALS: n=200, avg_genome_length=124.855 | VIRUSES: gene_rate=0.000
2021-12-20 00:35:18.523649 | GENERATION: 53 | ERRORS: best=16, median=42.5, diversity=0.445 | INDIVIDUALS: n=200, avg_genome_length=129.315 | VIRUSES: gene_rate=0.000
2021-12-20 00:35:29.897171 | GENERATION: 54 | ERRORS: best=16, median=48.0, diversity=0.465 | INDIVIDUALS: n=200, avg_genome_length=128.905 | VIRUSES: gene_rate=0.000
2021-12-20 00:35:39.899121 | GENERATION: 55 | ERRORS: best=16, median=68.0, diversity=0.45 | INDIVIDUALS: n=200, avg_genome_length=127.935 | VIRUSES: gene_rate=0.000
2021-12-20 00:35:49.074659 | GENERATION: 56 | ERRORS: best=16, median=55.0, diversity=0.45 | INDIVIDUALS: n=200, avg_genome_length=128.39 | VIRUSES: gene_rate=0.000
2021-12-20 00:35:59.776029 | GENERATION: 57 | ERRORS: best=16, median=38.0, diversity=0.41 | INDIVIDUALS: n=200, avg_genome_length=129.54 | VIRUSES: gene_rate=0.000
2021-12-20 00:36:09.737784 | GENERATION: 58 | ERRORS: best=16, median=55.0, diversity=0.43 | INDIVIDUALS: n=200, avg_genome_length=133.025 | VIRUSES: gene_rate=0.000
2021-12-20 00:36:19.242932 | GENERATION: 59 | ERRORS: best=16, median=62.0, diversity=0.445 | INDIVIDUALS: n=200, avg_genome_length=130.73 | VIRUSES: gene_rate=0.000
2021-12-20 00:36:27.657915 | GENERATION: 60 | ERRORS: best=15, median=68.0, diversity=0.36 | INDIVIDUALS: n=200, avg_genome_length=136.545 | VIRUSES: gene_rate=0.000
2021-12-20 00:36:36.540266 | GENERATION: 61 | ERRORS: best=15, median=55.0, diversity=0.335 | INDIVIDUALS: n=200, avg_genome_length=134.025 | VIRUSES: gene_rate=0.000
2021-12-20 00:36:45.046364 | GENERATION: 62 | ERRORS: best=15, median=42.0, diversity=0.34 | INDIVIDUALS: n=200, avg_genome_length=135.83 | VIRUSES: gene_rate=0.000
2021-12-20 00:36:53.417796 | GENERATION: 63 | ERRORS: best=15, median=54.5, diversity=0.34 | INDIVIDUALS: n=200, avg_genome_length=132.12 | VIRUSES: gene_rate=0.000
2021-12-20 00:37:00.952395 | GENERATION: 64 | ERRORS: best=15, median=54.0, diversity=0.37 | INDIVIDUALS: n=200, avg_genome_length=131.785 | VIRUSES: gene_rate=0.000
2021-12-20 00:37:08.798488 | GENERATION: 65 | ERRORS: best=15, median=44.0, diversity=0.35 | INDIVIDUALS: n=200, avg_genome_length=132.495 | VIRUSES: gene_rate=0.000
2021-12-20 00:37:17.960663 | GENERATION: 66 | ERRORS: best=15, median=46.5, diversity=0.315 | INDIVIDUALS: n=200, avg_genome_length=135.225 | VIRUSES: gene_rate=0.000
2021-12-20 00:37:26.660828 | GENERATION: 67 | ERRORS: best=15, median=54.0, diversity=0.33 | INDIVIDUALS: n=200, avg_genome_length=130.185 | VIRUSES: gene_rate=0.000
2021-12-20 00:37:34.919619 | GENERATION: 68 | ERRORS: best=15, median=64.0, diversity=0.39 | INDIVIDUALS: n=200, avg_genome_length=127.54 | VIRUSES: gene_rate=0.000
2021-12-20 00:37:42.940105 | GENERATION: 69 | ERRORS: best=13, median=68.0, diversity=0.36 | INDIVIDUALS: n=200, avg_genome_length=127.735 | VIRUSES: gene_rate=0.000
2021-12-20 00:37:50.979494 | GENERATION: 70 | ERRORS: best=13, median=53.5, diversity=0.35 | INDIVIDUALS: n=200, avg_genome_length=129.135 | VIRUSES: gene_rate=0.000
2021-12-20 00:37:58.053532 | GENERATION: 71 | ERRORS: best=13, median=50.5, diversity=0.3 | INDIVIDUALS: n=200, avg_genome_length=126.785 | VIRUSES: gene_rate=0.000
2021-12-20 00:38:05.508520 | GENERATION: 72 | ERRORS: best=13, median=54.0, diversity=0.29 | INDIVIDUALS: n=200, avg_genome_length=129.235 | VIRUSES: gene_rate=0.000
2021-12-20 00:38:13.092480 | GENERATION: 73 | ERRORS: best=15, median=50.0, diversity=0.325 | INDIVIDUALS: n=200, avg_genome_length=126.585 | VIRUSES: gene_rate=0.000
2021-12-20 00:38:19.095462 | GENERATION: 74 | ERRORS: best=15, median=58.0, diversity=0.32 | INDIVIDUALS: n=200, avg_genome_length=129.88 | VIRUSES: gene_rate=0.000
2021-12-20 00:38:25.417850 | GENERATION: 75 | ERRORS: best=15, median=56.5, diversity=0.3 | INDIVIDUALS: n=200, avg_genome_length=129.485 | VIRUSES: gene_rate=0.000
2021-12-20 00:38:32.124431 | GENERATION: 76 | ERRORS: best=15, median=47.0, diversity=0.31 | INDIVIDUALS: n=200, avg_genome_length=129.42 | VIRUSES: gene_rate=0.000
2021-12-20 00:38:38.863468 | GENERATION: 77 | ERRORS: best=15, median=60.5, diversity=0.305 | INDIVIDUALS: n=200, avg_genome_length=128.15 | VIRUSES: gene_rate=0.000
2021-12-20 00:38:45.542711 | GENERATION: 78 | ERRORS: best=15, median=42.5, diversity=0.31 | INDIVIDUALS: n=200, avg_genome_length=126.96 | VIRUSES: gene_rate=0.000
2021-12-20 00:38:51.431101 | GENERATION: 79 | ERRORS: best=15, median=32.0, diversity=0.295 | INDIVIDUALS: n=200, avg_genome_length=125.835 | VIRUSES: gene_rate=0.000
2021-12-20 00:38:57.976244 | GENERATION: 80 | ERRORS: best=15, median=32.0, diversity=0.25 | INDIVIDUALS: n=200, avg_genome_length=125.19 | VIRUSES: gene_rate=0.000
2021-12-20 00:39:05.089492 | GENERATION: 81 | ERRORS: best=15, median=32.0, diversity=0.26 | INDIVIDUALS: n=200, avg_genome_length=125.695 | VIRUSES: gene_rate=0.000
2021-12-20 00:39:11.411630 | GENERATION: 82 | ERRORS: best=15, median=42.0, diversity=0.295 | INDIVIDUALS: n=200, avg_genome_length=125.22 | VIRUSES: gene_rate=0.000
2021-12-20 00:39:18.108875 | GENERATION: 83 | ERRORS: best=15, median=32.0, diversity=0.25 | INDIVIDUALS: n=200, avg_genome_length=126.36 | VIRUSES: gene_rate=0.000
2021-12-20 00:39:24.960743 | GENERATION: 84 | ERRORS: best=15, median=32.0, diversity=0.265 | INDIVIDUALS: n=200, avg_genome_length=125.42 | VIRUSES: gene_rate=0.000
2021-12-20 00:39:31.647420 | GENERATION: 85 | ERRORS: best=15, median=32.0, diversity=0.235 | INDIVIDUALS: n=200, avg_genome_length=125.14 | VIRUSES: gene_rate=0.000
2021-12-20 00:39:39.180108 | GENERATION: 86 | ERRORS: best=15, median=32.0, diversity=0.255 | INDIVIDUALS: n=200, avg_genome_length=129.965 | VIRUSES: gene_rate=0.000
2021-12-20 00:39:46.236219 | GENERATION: 87 | ERRORS: best=15, median=32.0, diversity=0.255 | INDIVIDUALS: n=200, avg_genome_length=131.53 | VIRUSES: gene_rate=0.000
2021-12-20 00:39:52.609133 | GENERATION: 88 | ERRORS: best=15, median=32.0, diversity=0.295 | INDIVIDUALS: n=200, avg_genome_length=129.825 | VIRUSES: gene_rate=0.000
2021-12-20 00:39:59.537351 | GENERATION: 89 | ERRORS: best=15, median=48.5, diversity=0.305 | INDIVIDUALS: n=200, avg_genome_length=132.16 | VIRUSES: gene_rate=0.000
2021-12-20 00:40:05.654957 | GENERATION: 90 | ERRORS: best=15, median=32.0, diversity=0.305 | INDIVIDUALS: n=200, avg_genome_length=131.875 | VIRUSES: gene_rate=0.000
2021-12-20 00:40:12.705660 | GENERATION: 91 | ERRORS: best=15, median=32.0, diversity=0.355 | INDIVIDUALS: n=200, avg_genome_length=132.37 | VIRUSES: gene_rate=0.000
2021-12-20 00:40:20.340345 | GENERATION: 92 | ERRORS: best=15, median=32.0, diversity=0.29 | INDIVIDUALS: n=200, avg_genome_length=132.13 | VIRUSES: gene_rate=0.000
2021-12-20 00:40:27.741295 | GENERATION: 93 | ERRORS: best=15, median=39.0, diversity=0.34 | INDIVIDUALS: n=200, avg_genome_length=132.425 | VIRUSES: gene_rate=0.000
2021-12-20 00:40:35.284977 | GENERATION: 94 | ERRORS: best=15, median=33.0, diversity=0.365 | INDIVIDUALS: n=200, avg_genome_length=130.255 | VIRUSES: gene_rate=0.000
2021-12-20 00:40:43.043209 | GENERATION: 95 | ERRORS: best=15, median=40.0, diversity=0.365 | INDIVIDUALS: n=200, avg_genome_length=128.73 | VIRUSES: gene_rate=0.000
2021-12-20 00:40:49.689907 | GENERATION: 96 | ERRORS: best=15, median=49.5, diversity=0.325 | INDIVIDUALS: n=200, avg_genome_length=129.075 | VIRUSES: gene_rate=0.000
2021-12-20 00:40:57.495706 | GENERATION: 97 | ERRORS: best=15, median=38.5, diversity=0.35 | INDIVIDUALS: n=200, avg_genome_length=125.715 | VIRUSES: gene_rate=0.000
2021-12-20 00:41:04.653558 | GENERATION: 98 | ERRORS: best=15, median=35.0, diversity=0.295 | INDIVIDUALS: n=200, avg_genome_length=127.33 | VIRUSES: gene_rate=0.000
2021-12-20 00:41:11.455873 | GENERATION: 99 | ERRORS: best=15, median=32.0, diversity=0.32 | INDIVIDUALS: n=200, avg_genome_length=130.295 | VIRUSES: gene_rate=0.000
2021-12-20 00:41:19.261705 | GENERATION: 100 | ERRORS: best=15, median=32.0, diversity=0.33 | INDIVIDUALS: n=200, avg_genome_length=127.415 | VIRUSES: gene_rate=0.000
2021-12-20 00:41:27.130023 | GENERATION: 101 | ERRORS: best=15, median=33.0, diversity=0.375 | INDIVIDUALS: n=200, avg_genome_length=123.77 | VIRUSES: gene_rate=0.000
2021-12-20 00:41:34.766218 | GENERATION: 102 | ERRORS: best=15, median=32.0, diversity=0.285 | INDIVIDUALS: n=200, avg_genome_length=123.91 | VIRUSES: gene_rate=0.000
2021-12-20 00:41:42.067759 | GENERATION: 103 | ERRORS: best=15, median=53.0, diversity=0.34 | INDIVIDUALS: n=200, avg_genome_length=122.08 | VIRUSES: gene_rate=0.000
2021-12-20 00:41:48.531842 | GENERATION: 104 | ERRORS: best=15, median=32.0, diversity=0.315 | INDIVIDUALS: n=200, avg_genome_length=120.73 | VIRUSES: gene_rate=0.000
2021-12-20 00:41:55.651136 | GENERATION: 105 | ERRORS: best=15, median=32.0, diversity=0.335 | INDIVIDUALS: n=200, avg_genome_length=122.6 | VIRUSES: gene_rate=0.000
2021-12-20 00:42:02.640745 | GENERATION: 106 | ERRORS: best=15, median=39.5, diversity=0.325 | INDIVIDUALS: n=200, avg_genome_length=120.085 | VIRUSES: gene_rate=0.000
2021-12-20 00:42:09.330282 | GENERATION: 107 | ERRORS: best=15, median=35.5, diversity=0.29 | INDIVIDUALS: n=200, avg_genome_length=114.415 | VIRUSES: gene_rate=0.000
2021-12-20 00:42:16.651328 | GENERATION: 108 | ERRORS: best=15, median=37.0, diversity=0.275 | INDIVIDUALS: n=200, avg_genome_length=113.685 | VIRUSES: gene_rate=0.000
2021-12-20 00:42:24.731130 | GENERATION: 109 | ERRORS: best=15, median=32.0, diversity=0.285 | INDIVIDUALS: n=200, avg_genome_length=115.085 | VIRUSES: gene_rate=0.000
2021-12-20 00:42:31.709437 | GENERATION: 110 | ERRORS: best=15, median=32.0, diversity=0.295 | INDIVIDUALS: n=200, avg_genome_length=118.04 | VIRUSES: gene_rate=0.000
2021-12-20 00:42:40.252447 | GENERATION: 111 | ERRORS: best=15, median=32.0, diversity=0.305 | INDIVIDUALS: n=200, avg_genome_length=119.805 | VIRUSES: gene_rate=0.000
2021-12-20 00:42:47.578855 | GENERATION: 112 | ERRORS: best=15, median=32.0, diversity=0.285 | INDIVIDUALS: n=200, avg_genome_length=114.185 | VIRUSES: gene_rate=0.000
2021-12-20 00:42:55.347265 | GENERATION: 113 | ERRORS: best=15, median=32.0, diversity=0.33 | INDIVIDUALS: n=200, avg_genome_length=115.815 | VIRUSES: gene_rate=0.000
2021-12-20 00:43:02.147972 | GENERATION: 114 | ERRORS: best=15, median=32.0, diversity=0.275 | INDIVIDUALS: n=200, avg_genome_length=113.395 | VIRUSES: gene_rate=0.000
2021-12-20 00:43:09.169410 | GENERATION: 115 | ERRORS: best=15, median=32.0, diversity=0.275 | INDIVIDUALS: n=200, avg_genome_length=111.64 | VIRUSES: gene_rate=0.000
2021-12-20 00:43:16.366963 | GENERATION: 116 | ERRORS: best=15, median=33.5, diversity=0.285 | INDIVIDUALS: n=200, avg_genome_length=109.765 | VIRUSES: gene_rate=0.000
2021-12-20 00:43:23.593805 | GENERATION: 117 | ERRORS: best=15, median=33.0, diversity=0.325 | INDIVIDUALS: n=200, avg_genome_length=113.0 | VIRUSES: gene_rate=0.000
2021-12-20 00:43:29.801457 | GENERATION: 118 | ERRORS: best=15, median=32.0, diversity=0.325 | INDIVIDUALS: n=200, avg_genome_length=108.48 | VIRUSES: gene_rate=0.000
2021-12-20 00:43:37.256688 | GENERATION: 119 | ERRORS: best=15, median=32.0, diversity=0.335 | INDIVIDUALS: n=200, avg_genome_length=108.365 | VIRUSES: gene_rate=0.000
2021-12-20 00:43:44.496309 | GENERATION: 120 | ERRORS: best=15, median=39.5, diversity=0.315 | INDIVIDUALS: n=200, avg_genome_length=105.375 | VIRUSES: gene_rate=0.000
2021-12-20 00:43:53.136993 | GENERATION: 121 | ERRORS: best=15, median=33.5, diversity=0.325 | INDIVIDUALS: n=200, avg_genome_length=108.93 | VIRUSES: gene_rate=0.000
2021-12-20 00:43:59.610794 | GENERATION: 122 | ERRORS: best=15, median=32.0, diversity=0.325 | INDIVIDUALS: n=200, avg_genome_length=107.08 | VIRUSES: gene_rate=0.000
2021-12-20 00:44:06.248276 | GENERATION: 123 | ERRORS: best=15, median=32.0, diversity=0.315 | INDIVIDUALS: n=200, avg_genome_length=102.365 | VIRUSES: gene_rate=0.000
2021-12-20 00:44:13.083979 | GENERATION: 124 | ERRORS: best=15, median=32.0, diversity=0.33 | INDIVIDUALS: n=200, avg_genome_length=102.65 | VIRUSES: gene_rate=0.000
2021-12-20 00:44:21.303271 | GENERATION: 125 | ERRORS: best=15, median=36.5, diversity=0.325 | INDIVIDUALS: n=200, avg_genome_length=106.59 | VIRUSES: gene_rate=0.000
2021-12-20 00:44:27.898933 | GENERATION: 126 | ERRORS: best=15, median=32.0, diversity=0.335 | INDIVIDUALS: n=200, avg_genome_length=108.825 | VIRUSES: gene_rate=0.000
2021-12-20 00:44:34.891498 | GENERATION: 127 | ERRORS: best=15, median=35.5, diversity=0.305 | INDIVIDUALS: n=200, avg_genome_length=105.41 | VIRUSES: gene_rate=0.000
2021-12-20 00:44:42.437399 | GENERATION: 128 | ERRORS: best=15, median=34.0, diversity=0.375 | INDIVIDUALS: n=200, avg_genome_length=104.78 | VIRUSES: gene_rate=0.000
2021-12-20 00:44:49.328538 | GENERATION: 129 | ERRORS: best=15, median=34.0, diversity=0.305 | INDIVIDUALS: n=200, avg_genome_length=104.765 | VIRUSES: gene_rate=0.000
2021-12-20 00:44:56.340131 | GENERATION: 130 | ERRORS: best=15, median=40.5, diversity=0.345 | INDIVIDUALS: n=200, avg_genome_length=106.035 | VIRUSES: gene_rate=0.000
2021-12-20 00:45:03.287061 | GENERATION: 131 | ERRORS: best=15, median=35.0, diversity=0.335 | INDIVIDUALS: n=200, avg_genome_length=107.93 | VIRUSES: gene_rate=0.000
2021-12-20 00:45:09.731633 | GENERATION: 132 | ERRORS: best=15, median=34.0, diversity=0.28 | INDIVIDUALS: n=200, avg_genome_length=104.35 | VIRUSES: gene_rate=0.000
2021-12-20 00:45:16.983891 | GENERATION: 133 | ERRORS: best=15, median=38.5, diversity=0.305 | INDIVIDUALS: n=200, avg_genome_length=105.13 | VIRUSES: gene_rate=0.000
2021-12-20 00:45:25.434975 | GENERATION: 134 | ERRORS: best=15, median=32.0, diversity=0.245 | INDIVIDUALS: n=200, avg_genome_length=101.31 | VIRUSES: gene_rate=0.000
2021-12-20 00:45:33.208283 | GENERATION: 135 | ERRORS: best=15, median=32.0, diversity=0.305 | INDIVIDUALS: n=200, avg_genome_length=105.63 | VIRUSES: gene_rate=0.000
2021-12-20 00:45:40.678230 | GENERATION: 136 | ERRORS: best=15, median=32.0, diversity=0.3 | INDIVIDUALS: n=200, avg_genome_length=106.275 | VIRUSES: gene_rate=0.000
2021-12-20 00:45:47.141518 | GENERATION: 137 | ERRORS: best=13, median=51.5, diversity=0.365 | INDIVIDUALS: n=200, avg_genome_length=100.365 | VIRUSES: gene_rate=0.000
2021-12-20 00:45:53.691560 | GENERATION: 138 | ERRORS: best=13, median=32.0, diversity=0.34 | INDIVIDUALS: n=200, avg_genome_length=100.4 | VIRUSES: gene_rate=0.000
2021-12-20 00:46:00.665626 | GENERATION: 139 | ERRORS: best=13, median=36.0, diversity=0.365 | INDIVIDUALS: n=200, avg_genome_length=98.97 | VIRUSES: gene_rate=0.000
2021-12-20 00:46:07.548080 | GENERATION: 140 | ERRORS: best=13, median=33.0, diversity=0.36 | INDIVIDUALS: n=200, avg_genome_length=95.36 | VIRUSES: gene_rate=0.000
2021-12-20 00:46:14.513246 | GENERATION: 141 | ERRORS: best=13, median=40.0, diversity=0.345 | INDIVIDUALS: n=200, avg_genome_length=98.925 | VIRUSES: gene_rate=0.000
2021-12-20 00:46:20.928390 | GENERATION: 142 | ERRORS: best=13, median=33.0, diversity=0.335 | INDIVIDUALS: n=200, avg_genome_length=91.125 | VIRUSES: gene_rate=0.000
2021-12-20 00:46:27.806866 | GENERATION: 143 | ERRORS: best=15, median=36.0, diversity=0.345 | INDIVIDUALS: n=200, avg_genome_length=88.99 | VIRUSES: gene_rate=0.000
2021-12-20 00:46:35.641727 | GENERATION: 144 | ERRORS: best=13, median=36.0, diversity=0.425 | INDIVIDUALS: n=200, avg_genome_length=89.295 | VIRUSES: gene_rate=0.000
2021-12-20 00:46:42.904615 | GENERATION: 145 | ERRORS: best=13, median=33.0, diversity=0.395 | INDIVIDUALS: n=200, avg_genome_length=87.35 | VIRUSES: gene_rate=0.000
2021-12-20 00:46:49.270208 | GENERATION: 146 | ERRORS: best=15, median=34.0, diversity=0.35 | INDIVIDUALS: n=200, avg_genome_length=90.64 | VIRUSES: gene_rate=0.000
2021-12-20 00:46:55.807269 | GENERATION: 147 | ERRORS: best=13, median=34.0, diversity=0.39 | INDIVIDUALS: n=200, avg_genome_length=90.44 | VIRUSES: gene_rate=0.000
2021-12-20 00:47:02.325991 | GENERATION: 148 | ERRORS: best=13, median=35.5, diversity=0.37 | INDIVIDUALS: n=200, avg_genome_length=85.675 | VIRUSES: gene_rate=0.000
2021-12-20 00:47:08.969674 | GENERATION: 149 | ERRORS: best=15, median=39.0, diversity=0.44 | INDIVIDUALS: n=200, avg_genome_length=86.725 | VIRUSES: gene_rate=0.000
2021-12-20 00:47:14.916016 | GENERATION: 150 | ERRORS: best=13, median=42.0, diversity=0.36 | INDIVIDUALS: n=200, avg_genome_length=83.29 | VIRUSES: gene_rate=0.000
2021-12-20 00:47:20.725819 | GENERATION: 151 | ERRORS: best=13, median=35.5, diversity=0.395 | INDIVIDUALS: n=200, avg_genome_length=85.445 | VIRUSES: gene_rate=0.000
2021-12-20 00:47:26.481339 | GENERATION: 152 | ERRORS: best=13, median=40.0, diversity=0.4 | INDIVIDUALS: n=200, avg_genome_length=84.42 | VIRUSES: gene_rate=0.000
2021-12-20 00:47:32.423175 | GENERATION: 153 | ERRORS: best=13, median=41.0, diversity=0.345 | INDIVIDUALS: n=200, avg_genome_length=86.985 | VIRUSES: gene_rate=0.000
2021-12-20 00:47:38.246800 | GENERATION: 154 | ERRORS: best=13, median=34.0, diversity=0.42 | INDIVIDUALS: n=200, avg_genome_length=86.245 | VIRUSES: gene_rate=0.000
2021-12-20 00:47:43.104846 | GENERATION: 155 | ERRORS: best=13, median=32.5, diversity=0.315 | INDIVIDUALS: n=200, avg_genome_length=81.72 | VIRUSES: gene_rate=0.000
2021-12-20 00:47:49.023017 | GENERATION: 156 | ERRORS: best=11, median=32.0, diversity=0.325 | INDIVIDUALS: n=200, avg_genome_length=80.86 | VIRUSES: gene_rate=0.000
2021-12-20 00:47:53.737695 | GENERATION: 157 | ERRORS: best=11, median=32.0, diversity=0.3 | INDIVIDUALS: n=200, avg_genome_length=75.84 | VIRUSES: gene_rate=0.000
2021-12-20 00:47:59.205124 | GENERATION: 158 | ERRORS: best=11, median=32.0, diversity=0.325 | INDIVIDUALS: n=200, avg_genome_length=80.06 | VIRUSES: gene_rate=0.000
2021-12-20 00:48:03.904953 | GENERATION: 159 | ERRORS: best=11, median=32.0, diversity=0.38 | INDIVIDUALS: n=200, avg_genome_length=79.61 | VIRUSES: gene_rate=0.000
2021-12-20 00:48:08.911928 | GENERATION: 160 | ERRORS: best=11, median=32.0, diversity=0.45 | INDIVIDUALS: n=200, avg_genome_length=79.54 | VIRUSES: gene_rate=0.000
2021-12-20 00:48:13.733610 | GENERATION: 161 | ERRORS: best=11, median=32.0, diversity=0.44 | INDIVIDUALS: n=200, avg_genome_length=80.865 | VIRUSES: gene_rate=0.000
2021-12-20 00:48:19.029318 | GENERATION: 162 | ERRORS: best=11, median=32.0, diversity=0.435 | INDIVIDUALS: n=200, avg_genome_length=86.425 | VIRUSES: gene_rate=0.000
2021-12-20 00:48:24.815360 | GENERATION: 163 | ERRORS: best=11, median=32.0, diversity=0.445 | INDIVIDUALS: n=200, avg_genome_length=85.13 | VIRUSES: gene_rate=0.000
2021-12-20 00:48:30.394533 | GENERATION: 164 | ERRORS: best=11, median=32.0, diversity=0.4 | INDIVIDUALS: n=200, avg_genome_length=83.55 | VIRUSES: gene_rate=0.000
2021-12-20 00:48:35.632959 | GENERATION: 165 | ERRORS: best=11, median=32.0, diversity=0.355 | INDIVIDUALS: n=200, avg_genome_length=85.27 | VIRUSES: gene_rate=0.000
2021-12-20 00:48:41.378331 | GENERATION: 166 | ERRORS: best=11, median=39.0, diversity=0.405 | INDIVIDUALS: n=200, avg_genome_length=88.345 | VIRUSES: gene_rate=0.000
2021-12-20 00:48:47.253838 | GENERATION: 167 | ERRORS: best=10, median=38.5, diversity=0.345 | INDIVIDUALS: n=200, avg_genome_length=78.89 | VIRUSES: gene_rate=0.000
2021-12-20 00:48:52.666314 | GENERATION: 168 | ERRORS: best=10, median=49.0, diversity=0.43 | INDIVIDUALS: n=200, avg_genome_length=79.4 | VIRUSES: gene_rate=0.000
2021-12-20 00:48:58.170023 | GENERATION: 169 | ERRORS: best=13, median=39.0, diversity=0.455 | INDIVIDUALS: n=200, avg_genome_length=88.06 | VIRUSES: gene_rate=0.000
2021-12-20 00:49:10.914220 | GENERATION: 170 | ERRORS: best=12, median=37.0, diversity=0.455 | INDIVIDUALS: n=200, avg_genome_length=82.965 | VIRUSES: gene_rate=0.000
2021-12-20 00:49:16.594047 | GENERATION: 171 | ERRORS: best=14, median=48.0, diversity=0.445 | INDIVIDUALS: n=200, avg_genome_length=82.375 | VIRUSES: gene_rate=0.000
2021-12-20 00:49:21.393157 | GENERATION: 172 | ERRORS: best=12, median=36.5, diversity=0.385 | INDIVIDUALS: n=200, avg_genome_length=89.755 | VIRUSES: gene_rate=0.000
2021-12-20 00:49:26.901841 | GENERATION: 173 | ERRORS: best=12, median=38.0, diversity=0.405 | INDIVIDUALS: n=200, avg_genome_length=88.36 | VIRUSES: gene_rate=0.000
2021-12-20 00:49:31.635659 | GENERATION: 174 | ERRORS: best=12, median=33.0, diversity=0.325 | INDIVIDUALS: n=200, avg_genome_length=84.04 | VIRUSES: gene_rate=0.000
2021-12-20 00:49:37.487045 | GENERATION: 175 | ERRORS: best=12, median=32.0, diversity=0.365 | INDIVIDUALS: n=200, avg_genome_length=92.065 | VIRUSES: gene_rate=0.000
2021-12-20 00:49:43.512099 | GENERATION: 176 | ERRORS: best=12, median=33.0, diversity=0.33 | INDIVIDUALS: n=200, avg_genome_length=84.88 | VIRUSES: gene_rate=0.000
2021-12-20 00:49:50.989882 | GENERATION: 177 | ERRORS: best=12, median=32.0, diversity=0.3 | INDIVIDUALS: n=200, avg_genome_length=82.185 | VIRUSES: gene_rate=0.000
2021-12-20 00:49:58.188700 | GENERATION: 178 | ERRORS: best=12, median=32.0, diversity=0.355 | INDIVIDUALS: n=200, avg_genome_length=78.265 | VIRUSES: gene_rate=0.000
2021-12-20 00:50:04.037945 | GENERATION: 179 | ERRORS: best=12, median=34.0, diversity=0.345 | INDIVIDUALS: n=200, avg_genome_length=75.45 | VIRUSES: gene_rate=0.000
2021-12-20 00:50:09.549947 | GENERATION: 180 | ERRORS: best=12, median=33.0, diversity=0.355 | INDIVIDUALS: n=200, avg_genome_length=75.995 | VIRUSES: gene_rate=0.000
2021-12-20 00:50:14.798104 | GENERATION: 181 | ERRORS: best=12, median=33.0, diversity=0.425 | INDIVIDUALS: n=200, avg_genome_length=82.535 | VIRUSES: gene_rate=0.000
2021-12-20 00:50:18.839767 | GENERATION: 182 | ERRORS: best=12, median=35.0, diversity=0.4 | INDIVIDUALS: n=200, avg_genome_length=77.265 | VIRUSES: gene_rate=0.000
2021-12-20 00:50:22.438993 | GENERATION: 183 | ERRORS: best=12, median=32.5, diversity=0.375 | INDIVIDUALS: n=200, avg_genome_length=83.505 | VIRUSES: gene_rate=0.000
2021-12-20 00:50:26.058629 | GENERATION: 184 | ERRORS: best=12, median=34.0, diversity=0.39 | INDIVIDUALS: n=200, avg_genome_length=82.15 | VIRUSES: gene_rate=0.000
2021-12-20 00:50:30.093998 | GENERATION: 185 | ERRORS: best=12, median=33.5, diversity=0.42 | INDIVIDUALS: n=200, avg_genome_length=81.105 | VIRUSES: gene_rate=0.000
2021-12-20 00:50:33.738350 | GENERATION: 186 | ERRORS: best=12, median=32.5, diversity=0.38 | INDIVIDUALS: n=200, avg_genome_length=83.39 | VIRUSES: gene_rate=0.000
2021-12-20 00:50:37.126183 | GENERATION: 187 | ERRORS: best=12, median=34.0, diversity=0.41 | INDIVIDUALS: n=200, avg_genome_length=76.35 | VIRUSES: gene_rate=0.000
2021-12-20 00:50:41.667875 | GENERATION: 188 | ERRORS: best=12, median=38.0, diversity=0.35 | INDIVIDUALS: n=200, avg_genome_length=80.605 | VIRUSES: gene_rate=0.000
2021-12-20 00:50:45.733373 | GENERATION: 189 | ERRORS: best=12, median=41.0, diversity=0.385 | INDIVIDUALS: n=200, avg_genome_length=76.025 | VIRUSES: gene_rate=0.000
2021-12-20 00:50:49.134743 | GENERATION: 190 | ERRORS: best=12, median=49.0, diversity=0.39 | INDIVIDUALS: n=200, avg_genome_length=71.085 | VIRUSES: gene_rate=0.000
2021-12-20 00:50:52.830846 | GENERATION: 191 | ERRORS: best=12, median=35.5, diversity=0.39 | INDIVIDUALS: n=200, avg_genome_length=70.37 | VIRUSES: gene_rate=0.000
2021-12-20 00:50:56.788547 | GENERATION: 192 | ERRORS: best=12, median=54.5, diversity=0.35 | INDIVIDUALS: n=200, avg_genome_length=65.37 | VIRUSES: gene_rate=0.000
2021-12-20 00:50:59.608644 | GENERATION: 193 | ERRORS: best=12, median=40.5, diversity=0.33 | INDIVIDUALS: n=200, avg_genome_length=56.465 | VIRUSES: gene_rate=0.000
2021-12-20 00:51:02.428498 | GENERATION: 194 | ERRORS: best=12, median=50.0, diversity=0.36 | INDIVIDUALS: n=200, avg_genome_length=51.19 | VIRUSES: gene_rate=0.000
2021-12-20 00:51:05.619977 | GENERATION: 195 | ERRORS: best=12, median=49.0, diversity=0.26 | INDIVIDUALS: n=200, avg_genome_length=51.38 | VIRUSES: gene_rate=0.000
2021-12-20 00:51:08.389002 | GENERATION: 196 | ERRORS: best=12, median=60.0, diversity=0.355 | INDIVIDUALS: n=200, avg_genome_length=49.08 | VIRUSES: gene_rate=0.000
2021-12-20 00:51:10.833793 | GENERATION: 197 | ERRORS: best=12, median=40.0, diversity=0.37 | INDIVIDUALS: n=200, avg_genome_length=48.965 | VIRUSES: gene_rate=0.000
2021-12-20 00:51:13.726112 | GENERATION: 198 | ERRORS: best=12, median=44.5, diversity=0.455 | INDIVIDUALS: n=200, avg_genome_length=54.31 | VIRUSES: gene_rate=0.000
2021-12-20 00:51:16.937313 | GENERATION: 199 | ERRORS: best=12, median=60.5, diversity=0.44 | INDIVIDUALS: n=200, avg_genome_length=56.73 | VIRUSES: gene_rate=0.000
2021-12-20 00:51:20.249901 | GENERATION: 200 | ERRORS: best=12, median=34.0, diversity=0.485 | INDIVIDUALS: n=200, avg_genome_length=58.545 | VIRUSES: gene_rate=0.000
2021-12-20 00:51:23.233614 | GENERATION: 201 | ERRORS: best=12, median=47.5, diversity=0.415 | INDIVIDUALS: n=200, avg_genome_length=58.095 | VIRUSES: gene_rate=0.000
2021-12-20 00:51:26.715088 | GENERATION: 202 | ERRORS: best=12, median=53.5, diversity=0.415 | INDIVIDUALS: n=200, avg_genome_length=59.565 | VIRUSES: gene_rate=0.000
2021-12-20 00:51:29.410504 | GENERATION: 203 | ERRORS: best=12, median=40.0, diversity=0.38 | INDIVIDUALS: n=200, avg_genome_length=54.62 | VIRUSES: gene_rate=0.000
2021-12-20 00:51:32.608561 | GENERATION: 204 | ERRORS: best=12, median=41.0, diversity=0.46 | INDIVIDUALS: n=200, avg_genome_length=54.105 | VIRUSES: gene_rate=0.000
2021-12-20 00:51:35.454655 | GENERATION: 205 | ERRORS: best=12, median=36.5, diversity=0.395 | INDIVIDUALS: n=200, avg_genome_length=54.31 | VIRUSES: gene_rate=0.000
2021-12-20 00:51:38.745305 | GENERATION: 206 | ERRORS: best=12, median=43.0, diversity=0.39 | INDIVIDUALS: n=200, avg_genome_length=58.825 | VIRUSES: gene_rate=0.000
2021-12-20 00:51:42.910959 | GENERATION: 207 | ERRORS: best=12, median=54.5, diversity=0.49 | INDIVIDUALS: n=200, avg_genome_length=60.755 | VIRUSES: gene_rate=0.000
2021-12-20 00:51:46.939728 | GENERATION: 208 | ERRORS: best=12, median=45.5, diversity=0.46 | INDIVIDUALS: n=200, avg_genome_length=60.45 | VIRUSES: gene_rate=0.000
2021-12-20 00:51:50.422495 | GENERATION: 209 | ERRORS: best=11, median=33.0, diversity=0.445 | INDIVIDUALS: n=200, avg_genome_length=63.03 | VIRUSES: gene_rate=0.000
2021-12-20 00:51:53.740678 | GENERATION: 210 | ERRORS: best=11, median=44.0, diversity=0.49 | INDIVIDUALS: n=200, avg_genome_length=64.21 | VIRUSES: gene_rate=0.000
2021-12-20 00:51:57.305747 | GENERATION: 211 | ERRORS: best=11, median=33.5, diversity=0.495 | INDIVIDUALS: n=200, avg_genome_length=61.265 | VIRUSES: gene_rate=0.000
2021-12-20 00:52:01.313286 | GENERATION: 212 | ERRORS: best=10, median=33.0, diversity=0.475 | INDIVIDUALS: n=200, avg_genome_length=63.005 | VIRUSES: gene_rate=0.000
2021-12-20 00:52:04.800035 | GENERATION: 213 | ERRORS: best=10, median=39.5, diversity=0.465 | INDIVIDUALS: n=200, avg_genome_length=62.45 | VIRUSES: gene_rate=0.000
2021-12-20 00:52:07.784534 | GENERATION: 214 | ERRORS: best=10, median=35.5, diversity=0.42 | INDIVIDUALS: n=200, avg_genome_length=59.51 | VIRUSES: gene_rate=0.000
2021-12-20 00:52:11.672586 | GENERATION: 215 | ERRORS: best=11, median=32.5, diversity=0.385 | INDIVIDUALS: n=200, avg_genome_length=57.605 | VIRUSES: gene_rate=0.000
2021-12-20 00:52:14.729037 | GENERATION: 216 | ERRORS: best=11, median=32.5, diversity=0.415 | INDIVIDUALS: n=200, avg_genome_length=57.265 | VIRUSES: gene_rate=0.000
2021-12-20 00:52:18.305436 | GENERATION: 217 | ERRORS: best=11, median=32.0, diversity=0.37 | INDIVIDUALS: n=200, avg_genome_length=58.24 | VIRUSES: gene_rate=0.000
2021-12-20 00:52:21.033460 | GENERATION: 218 | ERRORS: best=11, median=33.5, diversity=0.395 | INDIVIDUALS: n=200, avg_genome_length=54.025 | VIRUSES: gene_rate=0.000
2021-12-20 00:52:24.091190 | GENERATION: 219 | ERRORS: best=10, median=32.0, diversity=0.43 | INDIVIDUALS: n=200, avg_genome_length=56.745 | VIRUSES: gene_rate=0.000
2021-12-20 00:52:26.843630 | GENERATION: 220 | ERRORS: best=10, median=32.0, diversity=0.38 | INDIVIDUALS: n=200, avg_genome_length=57.625 | VIRUSES: gene_rate=0.000
2021-12-20 00:52:29.410878 | GENERATION: 221 | ERRORS: best=9, median=35.0, diversity=0.475 | INDIVIDUALS: n=200, avg_genome_length=57.675 | VIRUSES: gene_rate=0.000
2021-12-20 00:52:32.244979 | GENERATION: 222 | ERRORS: best=9, median=32.0, diversity=0.435 | INDIVIDUALS: n=200, avg_genome_length=57.78 | VIRUSES: gene_rate=0.000
2021-12-20 00:52:35.028612 | GENERATION: 223 | ERRORS: best=9, median=32.0, diversity=0.435 | INDIVIDUALS: n=200, avg_genome_length=59.965 | VIRUSES: gene_rate=0.000
2021-12-20 00:52:38.009242 | GENERATION: 224 | ERRORS: best=9, median=32.0, diversity=0.36 | INDIVIDUALS: n=200, avg_genome_length=57.735 | VIRUSES: gene_rate=0.000
2021-12-20 00:52:40.954569 | GENERATION: 225 | ERRORS: best=9, median=32.0, diversity=0.35 | INDIVIDUALS: n=200, avg_genome_length=58.32 | VIRUSES: gene_rate=0.000
2021-12-20 00:52:43.700399 | GENERATION: 226 | ERRORS: best=10, median=32.0, diversity=0.415 | INDIVIDUALS: n=200, avg_genome_length=54.945 | VIRUSES: gene_rate=0.000
2021-12-20 00:52:46.528392 | GENERATION: 227 | ERRORS: best=9, median=32.0, diversity=0.43 | INDIVIDUALS: n=200, avg_genome_length=53.72 | VIRUSES: gene_rate=0.000
2021-12-20 00:52:49.537003 | GENERATION: 228 | ERRORS: best=9, median=32.0, diversity=0.425 | INDIVIDUALS: n=200, avg_genome_length=52.885 | VIRUSES: gene_rate=0.000
2021-12-20 00:52:52.325895 | GENERATION: 229 | ERRORS: best=9, median=32.0, diversity=0.46 | INDIVIDUALS: n=200, avg_genome_length=52.305 | VIRUSES: gene_rate=0.000
2021-12-20 00:52:55.482734 | GENERATION: 230 | ERRORS: best=9, median=34.5, diversity=0.505 | INDIVIDUALS: n=200, avg_genome_length=52.79 | VIRUSES: gene_rate=0.000
2021-12-20 00:52:58.345893 | GENERATION: 231 | ERRORS: best=9, median=32.0, diversity=0.43 | INDIVIDUALS: n=200, avg_genome_length=49.125 | VIRUSES: gene_rate=0.000
2021-12-20 00:53:01.088412 | GENERATION: 232 | ERRORS: best=10, median=32.0, diversity=0.48 | INDIVIDUALS: n=200, avg_genome_length=47.93 | VIRUSES: gene_rate=0.000
2021-12-20 00:53:03.663044 | GENERATION: 233 | ERRORS: best=10, median=32.0, diversity=0.49 | INDIVIDUALS: n=200, avg_genome_length=48.05 | VIRUSES: gene_rate=0.000
2021-12-20 00:53:06.171075 | GENERATION: 234 | ERRORS: best=10, median=32.0, diversity=0.44 | INDIVIDUALS: n=200, avg_genome_length=46.81 | VIRUSES: gene_rate=0.000
2021-12-20 00:53:08.832009 | GENERATION: 235 | ERRORS: best=10, median=32.0, diversity=0.465 | INDIVIDUALS: n=200, avg_genome_length=47.955 | VIRUSES: gene_rate=0.000
2021-12-20 00:53:12.157120 | GENERATION: 236 | ERRORS: best=10, median=32.0, diversity=0.475 | INDIVIDUALS: n=200, avg_genome_length=48.47 | VIRUSES: gene_rate=0.000
2021-12-20 00:53:15.784205 | GENERATION: 237 | ERRORS: best=9, median=32.0, diversity=0.535 | INDIVIDUALS: n=200, avg_genome_length=48.335 | VIRUSES: gene_rate=0.000
2021-12-20 00:53:19.989720 | GENERATION: 238 | ERRORS: best=10, median=32.0, diversity=0.54 | INDIVIDUALS: n=200, avg_genome_length=48.0 | VIRUSES: gene_rate=0.000
2021-12-20 00:53:25.064646 | GENERATION: 239 | ERRORS: best=10, median=32.0, diversity=0.495 | INDIVIDUALS: n=200, avg_genome_length=46.5 | VIRUSES: gene_rate=0.000
2021-12-20 00:53:29.488829 | GENERATION: 240 | ERRORS: best=11, median=32.0, diversity=0.52 | INDIVIDUALS: n=200, avg_genome_length=45.63 | VIRUSES: gene_rate=0.000
2021-12-20 00:53:33.964246 | GENERATION: 241 | ERRORS: best=9, median=32.0, diversity=0.495 | INDIVIDUALS: n=200, avg_genome_length=44.615 | VIRUSES: gene_rate=0.000
2021-12-20 00:53:37.869059 | GENERATION: 242 | ERRORS: best=9, median=32.0, diversity=0.52 | INDIVIDUALS: n=200, avg_genome_length=47.255 | VIRUSES: gene_rate=0.000
2021-12-20 00:53:42.230991 | GENERATION: 243 | ERRORS: best=9, median=32.0, diversity=0.515 | INDIVIDUALS: n=200, avg_genome_length=47.415 | VIRUSES: gene_rate=0.000
2021-12-20 00:53:46.595967 | GENERATION: 244 | ERRORS: best=9, median=32.0, diversity=0.425 | INDIVIDUALS: n=200, avg_genome_length=45.835 | VIRUSES: gene_rate=0.000
2021-12-20 00:53:50.421102 | GENERATION: 245 | ERRORS: best=8, median=32.0, diversity=0.475 | INDIVIDUALS: n=200, avg_genome_length=44.08 | VIRUSES: gene_rate=0.000
2021-12-20 00:53:55.732813 | GENERATION: 246 | ERRORS: best=7, median=32.0, diversity=0.465 | INDIVIDUALS: n=200, avg_genome_length=44.355 | VIRUSES: gene_rate=0.000
2021-12-20 00:54:03.151368 | GENERATION: 247 | ERRORS: best=7, median=32.0, diversity=0.425 | INDIVIDUALS: n=200, avg_genome_length=46.97 | VIRUSES: gene_rate=0.000
2021-12-20 00:54:07.126013 | GENERATION: 248 | ERRORS: best=7, median=32.0, diversity=0.4 | INDIVIDUALS: n=200, avg_genome_length=42.995 | VIRUSES: gene_rate=0.000
2021-12-20 00:54:11.214813 | GENERATION: 249 | ERRORS: best=7, median=32.0, diversity=0.415 | INDIVIDUALS: n=200, avg_genome_length=43.92 | VIRUSES: gene_rate=0.000
2021-12-20 00:54:15.083501 | GENERATION: 250 | ERRORS: best=7, median=32.0, diversity=0.415 | INDIVIDUALS: n=200, avg_genome_length=42.055 | VIRUSES: gene_rate=0.000
2021-12-20 00:54:19.767059 | GENERATION: 251 | ERRORS: best=7, median=32.0, diversity=0.38 | INDIVIDUALS: n=200, avg_genome_length=41.2 | VIRUSES: gene_rate=0.000
2021-12-20 00:54:24.199926 | GENERATION: 252 | ERRORS: best=7, median=32.0, diversity=0.375 | INDIVIDUALS: n=200, avg_genome_length=38.945 | VIRUSES: gene_rate=0.000
2021-12-20 00:54:28.009144 | GENERATION: 253 | ERRORS: best=7, median=32.0, diversity=0.42 | INDIVIDUALS: n=200, avg_genome_length=36.495 | VIRUSES: gene_rate=0.000
2021-12-20 00:54:32.533276 | GENERATION: 254 | ERRORS: best=7, median=32.0, diversity=0.45 | INDIVIDUALS: n=200, avg_genome_length=35.18 | VIRUSES: gene_rate=0.000
2021-12-20 00:54:36.599507 | GENERATION: 255 | ERRORS: best=7, median=32.0, diversity=0.46 | INDIVIDUALS: n=200, avg_genome_length=33.06 | VIRUSES: gene_rate=0.000
2021-12-20 00:54:40.636043 | GENERATION: 256 | ERRORS: best=7, median=32.0, diversity=0.44 | INDIVIDUALS: n=200, avg_genome_length=31.455 | VIRUSES: gene_rate=0.000
2021-12-20 00:54:44.959630 | GENERATION: 257 | ERRORS: best=7, median=36.5, diversity=0.465 | INDIVIDUALS: n=200, avg_genome_length=32.135 | VIRUSES: gene_rate=0.000
2021-12-20 00:54:50.185411 | GENERATION: 258 | ERRORS: best=7, median=32.0, diversity=0.41 | INDIVIDUALS: n=200, avg_genome_length=30.55 | VIRUSES: gene_rate=0.000
2021-12-20 00:54:56.071615 | GENERATION: 259 | ERRORS: best=7, median=32.0, diversity=0.405 | INDIVIDUALS: n=200, avg_genome_length=30.535 | VIRUSES: gene_rate=0.000
2021-12-20 00:55:01.318530 | GENERATION: 260 | ERRORS: best=7, median=32.0, diversity=0.495 | INDIVIDUALS: n=200, avg_genome_length=30.365 | VIRUSES: gene_rate=0.000
2021-12-20 00:55:05.489055 | GENERATION: 261 | ERRORS: best=7, median=32.0, diversity=0.445 | INDIVIDUALS: n=200, avg_genome_length=28.8 | VIRUSES: gene_rate=0.000
2021-12-20 00:55:10.113395 | GENERATION: 262 | ERRORS: best=7, median=32.0, diversity=0.385 | INDIVIDUALS: n=200, avg_genome_length=27.245 | VIRUSES: gene_rate=0.000
2021-12-20 00:55:14.881032 | GENERATION: 263 | ERRORS: best=7, median=32.0, diversity=0.385 | INDIVIDUALS: n=200, avg_genome_length=28.505 | VIRUSES: gene_rate=0.000
2021-12-20 00:55:20.723421 | GENERATION: 264 | ERRORS: best=7, median=34.0, diversity=0.415 | INDIVIDUALS: n=200, avg_genome_length=28.445 | VIRUSES: gene_rate=0.000
2021-12-20 00:55:26.725335 | GENERATION: 265 | ERRORS: best=7, median=32.0, diversity=0.44 | INDIVIDUALS: n=200, avg_genome_length=28.07 | VIRUSES: gene_rate=0.000
2021-12-20 00:55:33.059822 | GENERATION: 266 | ERRORS: best=7, median=41.0, diversity=0.47 | INDIVIDUALS: n=200, avg_genome_length=26.86 | VIRUSES: gene_rate=0.000
2021-12-20 00:55:38.856851 | GENERATION: 267 | ERRORS: best=7, median=38.5, diversity=0.455 | INDIVIDUALS: n=200, avg_genome_length=27.88 | VIRUSES: gene_rate=0.000
2021-12-20 00:55:45.557358 | GENERATION: 268 | ERRORS: best=7, median=32.0, diversity=0.4 | INDIVIDUALS: n=200, avg_genome_length=26.0 | VIRUSES: gene_rate=0.000
2021-12-20 00:55:51.396330 | GENERATION: 269 | ERRORS: best=7, median=32.0, diversity=0.47 | INDIVIDUALS: n=200, avg_genome_length=24.05 | VIRUSES: gene_rate=0.000
2021-12-20 00:55:55.619940 | GENERATION: 270 | ERRORS: best=7, median=41.0, diversity=0.47 | INDIVIDUALS: n=200, avg_genome_length=22.32 | VIRUSES: gene_rate=0.000
2021-12-20 00:55:58.776613 | GENERATION: 271 | ERRORS: best=7, median=45.5, diversity=0.395 | INDIVIDUALS: n=200, avg_genome_length=21.38 | VIRUSES: gene_rate=0.000
2021-12-20 00:56:02.482439 | GENERATION: 272 | ERRORS: best=7, median=35.5, diversity=0.415 | INDIVIDUALS: n=200, avg_genome_length=20.88 | VIRUSES: gene_rate=0.000
2021-12-20 00:56:05.201601 | GENERATION: 273 | ERRORS: best=7, median=46.5, diversity=0.325 | INDIVIDUALS: n=200, avg_genome_length=19.165 | VIRUSES: gene_rate=0.000
2021-12-20 00:56:07.711009 | GENERATION: 274 | ERRORS: best=7, median=49.5, diversity=0.34 | INDIVIDUALS: n=200, avg_genome_length=19.035 | VIRUSES: gene_rate=0.000
2021-12-20 00:56:11.088766 | GENERATION: 275 | ERRORS: best=7, median=33.5, diversity=0.35 | INDIVIDUALS: n=200, avg_genome_length=16.09 | VIRUSES: gene_rate=0.000
2021-12-20 00:56:13.066749 | GENERATION: 276 | ERRORS: best=12, median=39.5, diversity=0.355 | INDIVIDUALS: n=200, avg_genome_length=14.79 | VIRUSES: gene_rate=0.000
2021-12-20 00:56:14.341435 | GENERATION: 277 | ERRORS: best=12, median=32.0, diversity=0.235 | INDIVIDUALS: n=200, avg_genome_length=14.885 | VIRUSES: gene_rate=0.000
2021-12-20 00:56:15.749535 | GENERATION: 278 | ERRORS: best=14, median=37.0, diversity=0.21 | INDIVIDUALS: n=200, avg_genome_length=15.83 | VIRUSES: gene_rate=0.000
2021-12-20 00:56:17.337647 | GENERATION: 279 | ERRORS: best=14, median=32.0, diversity=0.225 | INDIVIDUALS: n=200, avg_genome_length=14.985 | VIRUSES: gene_rate=0.000
2021-12-20 00:56:18.528830 | GENERATION: 280 | ERRORS: best=14, median=44.5, diversity=0.255 | INDIVIDUALS: n=200, avg_genome_length=15.015 | VIRUSES: gene_rate=0.000
2021-12-20 00:56:19.708516 | GENERATION: 281 | ERRORS: best=14, median=32.0, diversity=0.265 | INDIVIDUALS: n=200, avg_genome_length=15.53 | VIRUSES: gene_rate=0.000
2021-12-20 00:56:20.874985 | GENERATION: 282 | ERRORS: best=14, median=32.0, diversity=0.27 | INDIVIDUALS: n=200, avg_genome_length=14.96 | VIRUSES: gene_rate=0.000
2021-12-20 00:56:22.025549 | GENERATION: 283 | ERRORS: best=14, median=33.0, diversity=0.225 | INDIVIDUALS: n=200, avg_genome_length=14.22 | VIRUSES: gene_rate=0.000
2021-12-20 00:56:23.140601 | GENERATION: 284 | ERRORS: best=14, median=35.5, diversity=0.255 | INDIVIDUALS: n=200, avg_genome_length=13.47 | VIRUSES: gene_rate=0.000
2021-12-20 00:56:24.500918 | GENERATION: 285 | ERRORS: best=14, median=34.0, diversity=0.245 | INDIVIDUALS: n=200, avg_genome_length=14.22 | VIRUSES: gene_rate=0.000
2021-12-20 00:56:25.566657 | GENERATION: 286 | ERRORS: best=13, median=43.5, diversity=0.225 | INDIVIDUALS: n=200, avg_genome_length=13.355 | VIRUSES: gene_rate=0.000
2021-12-20 00:56:27.150178 | GENERATION: 287 | ERRORS: best=13, median=39.5, diversity=0.29 | INDIVIDUALS: n=200, avg_genome_length=14.895 | VIRUSES: gene_rate=0.000
2021-12-20 00:56:29.574316 | GENERATION: 288 | ERRORS: best=13, median=34.0, diversity=0.28 | INDIVIDUALS: n=200, avg_genome_length=14.285 | VIRUSES: gene_rate=0.000
2021-12-20 00:56:32.082713 | GENERATION: 289 | ERRORS: best=13, median=34.5, diversity=0.295 | INDIVIDUALS: n=200, avg_genome_length=13.355 | VIRUSES: gene_rate=0.000
2021-12-20 00:56:34.008485 | GENERATION: 290 | ERRORS: best=13, median=37.5, diversity=0.27 | INDIVIDUALS: n=200, avg_genome_length=12.87 | VIRUSES: gene_rate=0.000
2021-12-20 00:56:35.837976 | GENERATION: 291 | ERRORS: best=13, median=67.0, diversity=0.295 | INDIVIDUALS: n=200, avg_genome_length=11.865 | VIRUSES: gene_rate=0.000
2021-12-20 00:56:37.645593 | GENERATION: 292 | ERRORS: best=13, median=45.0, diversity=0.26 | INDIVIDUALS: n=200, avg_genome_length=12.13 | VIRUSES: gene_rate=0.000
2021-12-20 00:56:38.940268 | GENERATION: 293 | ERRORS: best=14, median=55.5, diversity=0.265 | INDIVIDUALS: n=200, avg_genome_length=12.215 | VIRUSES: gene_rate=0.000
2021-12-20 00:56:40.925062 | GENERATION: 294 | ERRORS: best=13, median=49.0, diversity=0.26 | INDIVIDUALS: n=200, avg_genome_length=13.205 | VIRUSES: gene_rate=0.000
2021-12-20 00:56:42.337006 | GENERATION: 295 | ERRORS: best=14, median=71.0, diversity=0.2 | INDIVIDUALS: n=200, avg_genome_length=13.025 | VIRUSES: gene_rate=0.000
2021-12-20 00:56:43.863498 | GENERATION: 296 | ERRORS: best=14, median=68.0, diversity=0.215 | INDIVIDUALS: n=200, avg_genome_length=12.74 | VIRUSES: gene_rate=0.000
2021-12-20 00:56:45.086677 | GENERATION: 297 | ERRORS: best=13, median=63.5, diversity=0.235 | INDIVIDUALS: n=200, avg_genome_length=13.14 | VIRUSES: gene_rate=0.000
2021-12-20 00:56:46.207355 | GENERATION: 298 | ERRORS: best=14, median=50.0, diversity=0.255 | INDIVIDUALS: n=200, avg_genome_length=13.065 | VIRUSES: gene_rate=0.000
2021-12-20 00:56:47.933810 | GENERATION: 299 | ERRORS: best=16, median=68.0, diversity=0.245 | INDIVIDUALS: n=200, avg_genome_length=11.92 | VIRUSES: gene_rate=0.000
2021-12-20 00:56:49.055908 | GENERATION: 300 | ERRORS: best=16, median=36.0, diversity=0.195 | INDIVIDUALS: n=200, avg_genome_length=12.1 | VIRUSES: gene_rate=0.000
Simplifying genome of length 44 with total error 7.
Simplified genome by 1 to length 43.
Simplified genome by 1 to length 42.
Simplified genome by 1 to length 41.
Simplified genome by 1 to length 40.
Simplified genome by 2 to length 38.
Simplified genome by 2 to length 36.
Simplified genome by 1 to length 35.
Simplified genome by 2 to length 33.
Simplified genome by 1 to length 32.
Simplified genome by 3 to length 29.
Simplified genome by 1 to length 28.
Simplified genome by 1 to length 27.
Simplified genome by 1 to length 26.
Simplified genome by 2 to length 24.
Simplified genome by 1 to length 23.
Simplified genome by 1 to length 22.
Simplified genome by 1 to length 21.
Simplified genome by 2 to length 19.
Simplified genome by 1 to length 18.
Simplified genome by 2 to length 16.
Simplified genome by 1 to length 15.
Simplified genome by 2 to length 13.
Simplified genome by 1 to length 12.
Simplified genome to length 12 and total error 7.
========================================
End Run
========================================
No solution found.
Best Seen Individual
	Genome:
	 pvector([Input(input_index=0), InstructionMeta(name='exec_dup', code_blocks=1), InstructionMeta(name='exec_if', code_blocks=2), Input(input_index=1), InstructionMeta(name='exec_is_empty', code_blocks=0), InstructionMeta(name='str_swap', code_blocks=0), Input(input_index=1), Input(input_index=2), InstructionMeta(name='str_split_on_str', code_blocks=0), InstructionMeta(name='str_length', code_blocks=0), InstructionMeta(name='str_length', code_blocks=0), InstructionMeta(name='int_gt', code_blocks=0)])
	Program:
	 (input_0 exec_dup (exec_if (input_1 exec_is_empty str_swap input_1 input_2 str_split_on_str str_length str_length int_gt) ()))
	Error vector:
	 [0 0 1 0 0 0 0 0 0 0 0 0 0 0 0 0 0 1 0 0 0 0 0 0 1 0 0 0 0 0 0 0 0 0 0 0 0
 0 0 0 0 0 0 0 0 0 0 0 0 0 1 0 0 1 0 0 0 0 0 0 0 0 0 0 0 0 1 0 1 0 0 0 0 0
 0 0 0 0 0 0 0 0 0 0 0 0 0 0 0 0 0 0 0 0 0 0 0 0 0 0]
	Total error:
	 7
	Test error:
	 91
	Time:
	 00:31:37
