Included 22 edge cases.
Included 78 random cases.
Included 100 cases in total.
Finished formatting.
Included 0 edge cases.
Included 1000 random cases.
Included 1000 cases in total.
Finished formatting.
========================================
Setup
========================================
Search Configuration:
signature: ProgramSignature(arity=3, push_config=PushConfig(runtime_limit=10, numeric_magnitude_limit=1000000000000.0, step_limit=600, collection_size_cap=1000, growth_cap=500), output_stacks=['bool'])
evaluator: <pyshgp.gp.evaluation.DatasetEvaluator object at 0x7f3dec5aa130>
spawner: <pyshgp.gp.genome.GeneSpawner object at 0x7f3dec5aad90>
population_size: 200
max_generations: 300
error_threshold: 0.0
initial_genome_size: (40, 200)
simplification_steps: 500
parallel_context: <pyshgp.gp.search.ParallelContext object at 0x7f3dec5aa370>
selection: <pyshgp.utils.DiscreteProbDistrib object at 0x7f3ddf823f40>
variation: <pyshgp.utils.DiscreteProbDistrib object at 0x7f3ddf823940>
Instructions:
int_add, int_sub, int_mult, int_div, int_mod, int_min, int_max, int_inc, int_dec, int_lt, int_lte, int_gt, int_gte, int_from_bool, str_concat, str_insert_str, str_from_first_char, str_from_last_char, str_from_nth_char, str_contains_str, str_index_of_str, str_split_on_str, str_replace_first_str, str_replace_n_str, str_replace_all_str, str_remove_first_str, str_remove_n_str, str_remove_all_str, str_occurrences_of_str, str_reverse, str_head, str_tail, str_rest, str_but_last, str_drop, str_but_last_n, str_length, str_make_empty, str_is_empty_string, str_remove_nth, str_strip_whitespace, str_from_bool, str_from_int, bool_and, bool_or, bool_not, bool_xor, bool_invert_first_then_and, bool_second_first_then_and, bool_from_int, noop, noop_open, exec_do_range, exec_do_count, exec_while, exec_do_while, exec_if, exec_when, print_bool, println_bool, print_int, println_int, print_str, println_str, print_exec, println_exec, bool_pop, bool_dup, bool_dup_times, bool_swap, bool_rot, bool_flush, bool_eq, bool_stack_depth, bool_yank, bool_yank_dup, bool_shove, bool_shove_dup, bool_is_empty, int_pop, int_dup, int_dup_times, int_swap, int_rot, int_flush, int_eq, int_stack_depth, int_yank, int_yank_dup, int_shove, int_shove_dup, int_is_empty, str_pop, str_dup, str_dup_times, str_swap, str_rot, str_flush, str_eq, str_stack_depth, str_yank, str_yank_dup, str_shove, str_shove_dup, str_is_empty, exec_pop, exec_dup, exec_dup_times, exec_swap, exec_rot, exec_flush, exec_eq, exec_stack_depth, exec_yank, exec_yank_dup, exec_shove, exec_shove_dup, exec_is_empty
Literals:
[]
ERC Generators:
[<function rand_bool at 0x7f3dec5adc10>]
========================================
Start Run
========================================
2021-12-16 22:57:22.898220 | GENERATION: 1 | ERRORS: best=28, median=100000000.0, diversity=0.03 | INDIVIDUALS: n=200, avg_genome_length=113.625
2021-12-16 22:57:32.729157 | GENERATION: 2 | ERRORS: best=28, median=65.0, diversity=0.105 | INDIVIDUALS: n=200, avg_genome_length=142.34
2021-12-16 22:57:43.187354 | GENERATION: 3 | ERRORS: best=28, median=31.0, diversity=0.165 | INDIVIDUALS: n=200, avg_genome_length=130.83
2021-12-16 22:57:55.574405 | GENERATION: 4 | ERRORS: best=25, median=65.0, diversity=0.21 | INDIVIDUALS: n=200, avg_genome_length=129.515
2021-12-16 22:58:12.436597 | GENERATION: 5 | ERRORS: best=23, median=28.0, diversity=0.375 | INDIVIDUALS: n=200, avg_genome_length=115.295
2021-12-16 22:58:31.078987 | GENERATION: 6 | ERRORS: best=24, median=34.5, diversity=0.395 | INDIVIDUALS: n=200, avg_genome_length=110.49
2021-12-16 22:58:49.351019 | GENERATION: 7 | ERRORS: best=22, median=33.0, diversity=0.415 | INDIVIDUALS: n=200, avg_genome_length=109.075
2021-12-16 22:59:07.942002 | GENERATION: 8 | ERRORS: best=21, median=34.0, diversity=0.51 | INDIVIDUALS: n=200, avg_genome_length=108.355
2021-12-16 22:59:23.748385 | GENERATION: 9 | ERRORS: best=22, median=36.5, diversity=0.465 | INDIVIDUALS: n=200, avg_genome_length=107.6
2021-12-16 22:59:39.908486 | GENERATION: 10 | ERRORS: best=22, median=33.0, diversity=0.455 | INDIVIDUALS: n=200, avg_genome_length=106.145
2021-12-16 22:59:55.153694 | GENERATION: 11 | ERRORS: best=21, median=32.0, diversity=0.42 | INDIVIDUALS: n=200, avg_genome_length=105.17
2021-12-16 23:00:10.210829 | GENERATION: 12 | ERRORS: best=23, median=32.5, diversity=0.425 | INDIVIDUALS: n=200, avg_genome_length=104.01
2021-12-16 23:00:25.904919 | GENERATION: 13 | ERRORS: best=24, median=32.0, diversity=0.45 | INDIVIDUALS: n=200, avg_genome_length=103.09
2021-12-16 23:00:42.990329 | GENERATION: 14 | ERRORS: best=24, median=28.0, diversity=0.425 | INDIVIDUALS: n=200, avg_genome_length=104.8
2021-12-16 23:00:59.914190 | GENERATION: 15 | ERRORS: best=21, median=28.0, diversity=0.425 | INDIVIDUALS: n=200, avg_genome_length=101.88
2021-12-16 23:01:16.676821 | GENERATION: 16 | ERRORS: best=17, median=33.5, diversity=0.525 | INDIVIDUALS: n=200, avg_genome_length=102.3
2021-12-16 23:01:31.881536 | GENERATION: 17 | ERRORS: best=18, median=29.0, diversity=0.54 | INDIVIDUALS: n=200, avg_genome_length=98.565
2021-12-16 23:01:46.523589 | GENERATION: 18 | ERRORS: best=23, median=40.0, diversity=0.565 | INDIVIDUALS: n=200, avg_genome_length=95.115
2021-12-16 23:02:02.123316 | GENERATION: 19 | ERRORS: best=23, median=32.0, diversity=0.565 | INDIVIDUALS: n=200, avg_genome_length=95.54
2021-12-16 23:02:15.516129 | GENERATION: 20 | ERRORS: best=22, median=30.0, diversity=0.415 | INDIVIDUALS: n=200, avg_genome_length=95.38
2021-12-16 23:02:31.825468 | GENERATION: 21 | ERRORS: best=23, median=29.5, diversity=0.48 | INDIVIDUALS: n=200, avg_genome_length=98.435
2021-12-16 23:02:47.079219 | GENERATION: 22 | ERRORS: best=23, median=31.0, diversity=0.44 | INDIVIDUALS: n=200, avg_genome_length=90.405
2021-12-16 23:03:03.260883 | GENERATION: 23 | ERRORS: best=20, median=31.0, diversity=0.54 | INDIVIDUALS: n=200, avg_genome_length=84.705
2021-12-16 23:03:17.811828 | GENERATION: 24 | ERRORS: best=22, median=32.0, diversity=0.525 | INDIVIDUALS: n=200, avg_genome_length=85.25
2021-12-16 23:03:31.103740 | GENERATION: 25 | ERRORS: best=20, median=28.0, diversity=0.4 | INDIVIDUALS: n=200, avg_genome_length=82.715
2021-12-16 23:03:44.859046 | GENERATION: 26 | ERRORS: best=19, median=29.5, diversity=0.51 | INDIVIDUALS: n=200, avg_genome_length=78.955
2021-12-16 23:03:58.419891 | GENERATION: 27 | ERRORS: best=23, median=34.0, diversity=0.535 | INDIVIDUALS: n=200, avg_genome_length=74.52
2021-12-16 23:04:10.545445 | GENERATION: 28 | ERRORS: best=20, median=35.0, diversity=0.53 | INDIVIDUALS: n=200, avg_genome_length=74.975
2021-12-16 23:04:21.397920 | GENERATION: 29 | ERRORS: best=23, median=29.5, diversity=0.465 | INDIVIDUALS: n=200, avg_genome_length=76.615
2021-12-16 23:04:31.082744 | GENERATION: 30 | ERRORS: best=21, median=29.5, diversity=0.49 | INDIVIDUALS: n=200, avg_genome_length=75.735
2021-12-16 23:04:41.515146 | GENERATION: 31 | ERRORS: best=19, median=30.0, diversity=0.49 | INDIVIDUALS: n=200, avg_genome_length=77.47
2021-12-16 23:04:52.141500 | GENERATION: 32 | ERRORS: best=18, median=31.0, diversity=0.53 | INDIVIDUALS: n=200, avg_genome_length=78.385
2021-12-16 23:05:03.769967 | GENERATION: 33 | ERRORS: best=18, median=28.0, diversity=0.48 | INDIVIDUALS: n=200, avg_genome_length=79.435
2021-12-16 23:05:13.910645 | GENERATION: 34 | ERRORS: best=18, median=28.0, diversity=0.475 | INDIVIDUALS: n=200, avg_genome_length=73.29
2021-12-16 23:05:24.668807 | GENERATION: 35 | ERRORS: best=16, median=32.0, diversity=0.495 | INDIVIDUALS: n=200, avg_genome_length=71.325
2021-12-16 23:05:36.270705 | GENERATION: 36 | ERRORS: best=17, median=28.0, diversity=0.515 | INDIVIDUALS: n=200, avg_genome_length=69.585
2021-12-16 23:05:48.140144 | GENERATION: 37 | ERRORS: best=16, median=28.0, diversity=0.47 | INDIVIDUALS: n=200, avg_genome_length=68.87
2021-12-16 23:05:59.870353 | GENERATION: 38 | ERRORS: best=17, median=28.0, diversity=0.45 | INDIVIDUALS: n=200, avg_genome_length=69.5
2021-12-16 23:06:13.427294 | GENERATION: 39 | ERRORS: best=17, median=28.0, diversity=0.565 | INDIVIDUALS: n=200, avg_genome_length=68.525
2021-12-16 23:06:25.447828 | GENERATION: 40 | ERRORS: best=13, median=29.0, diversity=0.56 | INDIVIDUALS: n=200, avg_genome_length=69.845
2021-12-16 23:06:37.949703 | GENERATION: 41 | ERRORS: best=13, median=28.0, diversity=0.505 | INDIVIDUALS: n=200, avg_genome_length=68.005
2021-12-16 23:06:49.663129 | GENERATION: 42 | ERRORS: best=16, median=28.0, diversity=0.545 | INDIVIDUALS: n=200, avg_genome_length=67.84
2021-12-16 23:07:01.096863 | GENERATION: 43 | ERRORS: best=13, median=32.0, diversity=0.515 | INDIVIDUALS: n=200, avg_genome_length=65.37
2021-12-16 23:07:14.089934 | GENERATION: 44 | ERRORS: best=14, median=28.0, diversity=0.535 | INDIVIDUALS: n=200, avg_genome_length=64.105
2021-12-16 23:07:27.440182 | GENERATION: 45 | ERRORS: best=15, median=32.0, diversity=0.62 | INDIVIDUALS: n=200, avg_genome_length=66.755
2021-12-16 23:07:40.010863 | GENERATION: 46 | ERRORS: best=14, median=28.0, diversity=0.545 | INDIVIDUALS: n=200, avg_genome_length=67.735
2021-12-16 23:07:52.054217 | GENERATION: 47 | ERRORS: best=13, median=29.0, diversity=0.555 | INDIVIDUALS: n=200, avg_genome_length=64.815
2021-12-16 23:08:03.577062 | GENERATION: 48 | ERRORS: best=13, median=29.0, diversity=0.545 | INDIVIDUALS: n=200, avg_genome_length=63.3
2021-12-16 23:08:12.894389 | GENERATION: 49 | ERRORS: best=14, median=32.0, diversity=0.45 | INDIVIDUALS: n=200, avg_genome_length=59.995
2021-12-16 23:08:22.314743 | GENERATION: 50 | ERRORS: best=13, median=36.0, diversity=0.495 | INDIVIDUALS: n=200, avg_genome_length=59.79
2021-12-16 23:08:33.267932 | GENERATION: 51 | ERRORS: best=13, median=33.0, diversity=0.53 | INDIVIDUALS: n=200, avg_genome_length=58.86
2021-12-16 23:08:43.241437 | GENERATION: 52 | ERRORS: best=13, median=28.0, diversity=0.435 | INDIVIDUALS: n=200, avg_genome_length=58.375
2021-12-16 23:08:53.092381 | GENERATION: 53 | ERRORS: best=13, median=33.5, diversity=0.48 | INDIVIDUALS: n=200, avg_genome_length=55.67
2021-12-16 23:09:01.507441 | GENERATION: 54 | ERRORS: best=13, median=29.0, diversity=0.42 | INDIVIDUALS: n=200, avg_genome_length=50.68
2021-12-16 23:09:11.002678 | GENERATION: 55 | ERRORS: best=13, median=28.0, diversity=0.445 | INDIVIDUALS: n=200, avg_genome_length=48.555
2021-12-16 23:09:20.449606 | GENERATION: 56 | ERRORS: best=13, median=28.0, diversity=0.425 | INDIVIDUALS: n=200, avg_genome_length=45.64
2021-12-16 23:09:29.388529 | GENERATION: 57 | ERRORS: best=13, median=28.0, diversity=0.405 | INDIVIDUALS: n=200, avg_genome_length=42.0
2021-12-16 23:09:38.795816 | GENERATION: 58 | ERRORS: best=12, median=28.0, diversity=0.445 | INDIVIDUALS: n=200, avg_genome_length=42.05
2021-12-16 23:09:47.738520 | GENERATION: 59 | ERRORS: best=10, median=28.0, diversity=0.42 | INDIVIDUALS: n=200, avg_genome_length=38.84
2021-12-16 23:09:57.117072 | GENERATION: 60 | ERRORS: best=13, median=28.0, diversity=0.5 | INDIVIDUALS: n=200, avg_genome_length=36.51
2021-12-16 23:10:04.974815 | GENERATION: 61 | ERRORS: best=13, median=28.0, diversity=0.415 | INDIVIDUALS: n=200, avg_genome_length=34.765
2021-12-16 23:10:12.577370 | GENERATION: 62 | ERRORS: best=12, median=28.0, diversity=0.385 | INDIVIDUALS: n=200, avg_genome_length=33.865
2021-12-16 23:10:21.891043 | GENERATION: 63 | ERRORS: best=12, median=28.0, diversity=0.4 | INDIVIDUALS: n=200, avg_genome_length=36.265
2021-12-16 23:10:29.673466 | GENERATION: 64 | ERRORS: best=12, median=28.5, diversity=0.495 | INDIVIDUALS: n=200, avg_genome_length=36.64
2021-12-16 23:10:35.801353 | GENERATION: 65 | ERRORS: best=12, median=28.0, diversity=0.395 | INDIVIDUALS: n=200, avg_genome_length=33.85
2021-12-16 23:10:41.782674 | GENERATION: 66 | ERRORS: best=12, median=37.5, diversity=0.505 | INDIVIDUALS: n=200, avg_genome_length=32.17
2021-12-16 23:10:47.680205 | GENERATION: 67 | ERRORS: best=12, median=28.0, diversity=0.49 | INDIVIDUALS: n=200, avg_genome_length=31.56
2021-12-16 23:10:54.275210 | GENERATION: 68 | ERRORS: best=11, median=28.0, diversity=0.495 | INDIVIDUALS: n=200, avg_genome_length=32.245
2021-12-16 23:11:01.107723 | GENERATION: 69 | ERRORS: best=11, median=28.0, diversity=0.43 | INDIVIDUALS: n=200, avg_genome_length=31.865
2021-12-16 23:11:08.294974 | GENERATION: 70 | ERRORS: best=10, median=28.0, diversity=0.455 | INDIVIDUALS: n=200, avg_genome_length=32.235
2021-12-16 23:11:15.698939 | GENERATION: 71 | ERRORS: best=11, median=28.0, diversity=0.44 | INDIVIDUALS: n=200, avg_genome_length=33.58
2021-12-16 23:11:23.973931 | GENERATION: 72 | ERRORS: best=11, median=28.0, diversity=0.375 | INDIVIDUALS: n=200, avg_genome_length=33.57
2021-12-16 23:11:32.506154 | GENERATION: 73 | ERRORS: best=9, median=28.0, diversity=0.31 | INDIVIDUALS: n=200, avg_genome_length=33.94
2021-12-16 23:11:40.035930 | GENERATION: 74 | ERRORS: best=9, median=28.0, diversity=0.33 | INDIVIDUALS: n=200, avg_genome_length=34.53
2021-12-16 23:11:47.784764 | GENERATION: 75 | ERRORS: best=9, median=28.0, diversity=0.28 | INDIVIDUALS: n=200, avg_genome_length=34.71
2021-12-16 23:11:55.968471 | GENERATION: 76 | ERRORS: best=11, median=28.0, diversity=0.285 | INDIVIDUALS: n=200, avg_genome_length=33.335
2021-12-16 23:12:03.659281 | GENERATION: 77 | ERRORS: best=9, median=28.0, diversity=0.295 | INDIVIDUALS: n=200, avg_genome_length=33.125
2021-12-16 23:12:11.478333 | GENERATION: 78 | ERRORS: best=9, median=28.0, diversity=0.24 | INDIVIDUALS: n=200, avg_genome_length=31.515
2021-12-16 23:12:20.161440 | GENERATION: 79 | ERRORS: best=9, median=28.0, diversity=0.25 | INDIVIDUALS: n=200, avg_genome_length=28.88
2021-12-16 23:12:27.169777 | GENERATION: 80 | ERRORS: best=9, median=28.0, diversity=0.24 | INDIVIDUALS: n=200, avg_genome_length=26.905
2021-12-16 23:12:34.016916 | GENERATION: 81 | ERRORS: best=9, median=28.0, diversity=0.185 | INDIVIDUALS: n=200, avg_genome_length=24.93
2021-12-16 23:12:41.930245 | GENERATION: 82 | ERRORS: best=9, median=28.0, diversity=0.185 | INDIVIDUALS: n=200, avg_genome_length=23.615
2021-12-16 23:12:48.788174 | GENERATION: 83 | ERRORS: best=9, median=28.0, diversity=0.23 | INDIVIDUALS: n=200, avg_genome_length=23.165
2021-12-16 23:12:55.952707 | GENERATION: 84 | ERRORS: best=9, median=28.0, diversity=0.235 | INDIVIDUALS: n=200, avg_genome_length=22.435
2021-12-16 23:13:03.217612 | GENERATION: 85 | ERRORS: best=9, median=28.0, diversity=0.225 | INDIVIDUALS: n=200, avg_genome_length=23.33
2021-12-16 23:13:11.047889 | GENERATION: 86 | ERRORS: best=9, median=28.0, diversity=0.24 | INDIVIDUALS: n=200, avg_genome_length=24.22
2021-12-16 23:13:18.081470 | GENERATION: 87 | ERRORS: best=9, median=28.0, diversity=0.26 | INDIVIDUALS: n=200, avg_genome_length=24.005
2021-12-16 23:13:25.072631 | GENERATION: 88 | ERRORS: best=9, median=28.0, diversity=0.24 | INDIVIDUALS: n=200, avg_genome_length=23.25
2021-12-16 23:13:31.482912 | GENERATION: 89 | ERRORS: best=9, median=28.0, diversity=0.255 | INDIVIDUALS: n=200, avg_genome_length=23.27
2021-12-16 23:13:39.807123 | GENERATION: 90 | ERRORS: best=9, median=28.0, diversity=0.29 | INDIVIDUALS: n=200, avg_genome_length=23.48
2021-12-16 23:13:46.763204 | GENERATION: 91 | ERRORS: best=9, median=28.0, diversity=0.26 | INDIVIDUALS: n=200, avg_genome_length=23.68
2021-12-16 23:13:54.091194 | GENERATION: 92 | ERRORS: best=9, median=28.0, diversity=0.285 | INDIVIDUALS: n=200, avg_genome_length=23.195
2021-12-16 23:14:01.220125 | GENERATION: 93 | ERRORS: best=10, median=28.0, diversity=0.22 | INDIVIDUALS: n=200, avg_genome_length=24.005
2021-12-16 23:14:08.303002 | GENERATION: 94 | ERRORS: best=10, median=28.0, diversity=0.255 | INDIVIDUALS: n=200, avg_genome_length=22.295
2021-12-16 23:14:15.851184 | GENERATION: 95 | ERRORS: best=10, median=28.0, diversity=0.21 | INDIVIDUALS: n=200, avg_genome_length=21.245
2021-12-16 23:14:23.307671 | GENERATION: 96 | ERRORS: best=10, median=28.0, diversity=0.21 | INDIVIDUALS: n=200, avg_genome_length=19.555
2021-12-16 23:14:31.887296 | GENERATION: 97 | ERRORS: best=10, median=28.0, diversity=0.25 | INDIVIDUALS: n=200, avg_genome_length=19.155
2021-12-16 23:14:39.137406 | GENERATION: 98 | ERRORS: best=10, median=28.0, diversity=0.19 | INDIVIDUALS: n=200, avg_genome_length=17.615
2021-12-16 23:14:47.285634 | GENERATION: 99 | ERRORS: best=11, median=28.0, diversity=0.225 | INDIVIDUALS: n=200, avg_genome_length=16.565
2021-12-16 23:14:54.758191 | GENERATION: 100 | ERRORS: best=9, median=28.0, diversity=0.175 | INDIVIDUALS: n=200, avg_genome_length=17.42
2021-12-16 23:15:01.751909 | GENERATION: 101 | ERRORS: best=11, median=28.0, diversity=0.21 | INDIVIDUALS: n=200, avg_genome_length=17.62
2021-12-16 23:15:08.851358 | GENERATION: 102 | ERRORS: best=15, median=28.0, diversity=0.2 | INDIVIDUALS: n=200, avg_genome_length=18.375
2021-12-16 23:15:16.416428 | GENERATION: 103 | ERRORS: best=13, median=28.0, diversity=0.23 | INDIVIDUALS: n=200, avg_genome_length=18.7
2021-12-16 23:15:23.582788 | GENERATION: 104 | ERRORS: best=11, median=28.0, diversity=0.255 | INDIVIDUALS: n=200, avg_genome_length=19.225
2021-12-16 23:15:30.360889 | GENERATION: 105 | ERRORS: best=13, median=28.0, diversity=0.25 | INDIVIDUALS: n=200, avg_genome_length=18.125
2021-12-16 23:15:37.769624 | GENERATION: 106 | ERRORS: best=12, median=28.0, diversity=0.25 | INDIVIDUALS: n=200, avg_genome_length=19.145
2021-12-16 23:15:44.356379 | GENERATION: 107 | ERRORS: best=12, median=28.0, diversity=0.225 | INDIVIDUALS: n=200, avg_genome_length=18.635
2021-12-16 23:15:50.583769 | GENERATION: 108 | ERRORS: best=15, median=28.0, diversity=0.21 | INDIVIDUALS: n=200, avg_genome_length=18.335
2021-12-16 23:15:56.990922 | GENERATION: 109 | ERRORS: best=10, median=28.0, diversity=0.245 | INDIVIDUALS: n=200, avg_genome_length=20.065
2021-12-16 23:16:04.721035 | GENERATION: 110 | ERRORS: best=10, median=28.0, diversity=0.25 | INDIVIDUALS: n=200, avg_genome_length=22.105
2021-12-16 23:16:12.276769 | GENERATION: 111 | ERRORS: best=10, median=28.0, diversity=0.27 | INDIVIDUALS: n=200, avg_genome_length=22.56
2021-12-16 23:16:21.466841 | GENERATION: 112 | ERRORS: best=10, median=28.0, diversity=0.335 | INDIVIDUALS: n=200, avg_genome_length=24.6
2021-12-16 23:16:29.740439 | GENERATION: 113 | ERRORS: best=10, median=28.0, diversity=0.285 | INDIVIDUALS: n=200, avg_genome_length=24.45
2021-12-16 23:16:37.529753 | GENERATION: 114 | ERRORS: best=10, median=28.0, diversity=0.285 | INDIVIDUALS: n=200, avg_genome_length=24.335
2021-12-16 23:16:45.774517 | GENERATION: 115 | ERRORS: best=9, median=28.0, diversity=0.275 | INDIVIDUALS: n=200, avg_genome_length=24.65
2021-12-16 23:16:54.242046 | GENERATION: 116 | ERRORS: best=9, median=28.0, diversity=0.275 | INDIVIDUALS: n=200, avg_genome_length=24.085
2021-12-16 23:17:02.207914 | GENERATION: 117 | ERRORS: best=10, median=28.0, diversity=0.25 | INDIVIDUALS: n=200, avg_genome_length=24.6
2021-12-16 23:17:10.561058 | GENERATION: 118 | ERRORS: best=9, median=28.0, diversity=0.24 | INDIVIDUALS: n=200, avg_genome_length=22.045
2021-12-16 23:17:18.506475 | GENERATION: 119 | ERRORS: best=9, median=28.0, diversity=0.275 | INDIVIDUALS: n=200, avg_genome_length=23.885
2021-12-16 23:17:25.088804 | GENERATION: 120 | ERRORS: best=9, median=28.0, diversity=0.23 | INDIVIDUALS: n=200, avg_genome_length=22.31
2021-12-16 23:17:32.913278 | GENERATION: 121 | ERRORS: best=11, median=28.0, diversity=0.265 | INDIVIDUALS: n=200, avg_genome_length=23.88
2021-12-16 23:17:40.784819 | GENERATION: 122 | ERRORS: best=10, median=28.0, diversity=0.3 | INDIVIDUALS: n=200, avg_genome_length=22.505
2021-12-16 23:17:47.979100 | GENERATION: 123 | ERRORS: best=10, median=28.0, diversity=0.165 | INDIVIDUALS: n=200, avg_genome_length=21.13
2021-12-16 23:17:56.314409 | GENERATION: 124 | ERRORS: best=10, median=28.0, diversity=0.24 | INDIVIDUALS: n=200, avg_genome_length=20.92
2021-12-16 23:18:03.263496 | GENERATION: 125 | ERRORS: best=10, median=28.0, diversity=0.18 | INDIVIDUALS: n=200, avg_genome_length=20.35
2021-12-16 23:18:10.079912 | GENERATION: 126 | ERRORS: best=11, median=28.0, diversity=0.165 | INDIVIDUALS: n=200, avg_genome_length=18.365
2021-12-16 23:18:16.285071 | GENERATION: 127 | ERRORS: best=11, median=28.0, diversity=0.18 | INDIVIDUALS: n=200, avg_genome_length=17.96
2021-12-16 23:18:22.283601 | GENERATION: 128 | ERRORS: best=11, median=28.0, diversity=0.195 | INDIVIDUALS: n=200, avg_genome_length=17.24
2021-12-16 23:18:29.362123 | GENERATION: 129 | ERRORS: best=11, median=28.0, diversity=0.18 | INDIVIDUALS: n=200, avg_genome_length=16.705
2021-12-16 23:18:35.148231 | GENERATION: 130 | ERRORS: best=24, median=28.0, diversity=0.145 | INDIVIDUALS: n=200, avg_genome_length=16.675
2021-12-16 23:18:40.275753 | GENERATION: 131 | ERRORS: best=24, median=28.0, diversity=0.15 | INDIVIDUALS: n=200, avg_genome_length=16.955
2021-12-16 23:18:44.262338 | GENERATION: 132 | ERRORS: best=24, median=30.0, diversity=0.21 | INDIVIDUALS: n=200, avg_genome_length=16.37
2021-12-16 23:18:49.052244 | GENERATION: 133 | ERRORS: best=23, median=28.0, diversity=0.21 | INDIVIDUALS: n=200, avg_genome_length=15.885
2021-12-16 23:18:53.894905 | GENERATION: 134 | ERRORS: best=23, median=28.0, diversity=0.195 | INDIVIDUALS: n=200, avg_genome_length=14.26
2021-12-16 23:18:57.759399 | GENERATION: 135 | ERRORS: best=24, median=28.0, diversity=0.195 | INDIVIDUALS: n=200, avg_genome_length=13.935
2021-12-16 23:19:02.978795 | GENERATION: 136 | ERRORS: best=23, median=28.0, diversity=0.23 | INDIVIDUALS: n=200, avg_genome_length=16.175
2021-12-16 23:19:07.668608 | GENERATION: 137 | ERRORS: best=24, median=28.0, diversity=0.14 | INDIVIDUALS: n=200, avg_genome_length=15.545
2021-12-16 23:19:12.286288 | GENERATION: 138 | ERRORS: best=23, median=28.0, diversity=0.17 | INDIVIDUALS: n=200, avg_genome_length=16.035
2021-12-16 23:19:17.197324 | GENERATION: 139 | ERRORS: best=23, median=28.0, diversity=0.22 | INDIVIDUALS: n=200, avg_genome_length=17.59
2021-12-16 23:19:22.943637 | GENERATION: 140 | ERRORS: best=23, median=28.0, diversity=0.23 | INDIVIDUALS: n=200, avg_genome_length=17.055
2021-12-16 23:19:27.928177 | GENERATION: 141 | ERRORS: best=23, median=28.0, diversity=0.235 | INDIVIDUALS: n=200, avg_genome_length=16.585
2021-12-16 23:19:34.035920 | GENERATION: 142 | ERRORS: best=23, median=28.0, diversity=0.205 | INDIVIDUALS: n=200, avg_genome_length=16.055
2021-12-16 23:19:40.283856 | GENERATION: 143 | ERRORS: best=23, median=28.0, diversity=0.215 | INDIVIDUALS: n=200, avg_genome_length=15.76
2021-12-16 23:19:45.957330 | GENERATION: 144 | ERRORS: best=23, median=28.0, diversity=0.18 | INDIVIDUALS: n=200, avg_genome_length=16.4
2021-12-16 23:19:51.606738 | GENERATION: 145 | ERRORS: best=23, median=28.0, diversity=0.205 | INDIVIDUALS: n=200, avg_genome_length=16.05
2021-12-16 23:19:59.020993 | GENERATION: 146 | ERRORS: best=23, median=28.0, diversity=0.21 | INDIVIDUALS: n=200, avg_genome_length=16.27
2021-12-16 23:20:04.789644 | GENERATION: 147 | ERRORS: best=24, median=28.0, diversity=0.22 | INDIVIDUALS: n=200, avg_genome_length=15.64
2021-12-16 23:20:10.485950 | GENERATION: 148 | ERRORS: best=23, median=38.0, diversity=0.165 | INDIVIDUALS: n=200, avg_genome_length=15.895
2021-12-16 23:20:16.386358 | GENERATION: 149 | ERRORS: best=23, median=28.0, diversity=0.165 | INDIVIDUALS: n=200, avg_genome_length=16.475
2021-12-16 23:20:22.161745 | GENERATION: 150 | ERRORS: best=23, median=28.0, diversity=0.17 | INDIVIDUALS: n=200, avg_genome_length=15.325
2021-12-16 23:20:27.388770 | GENERATION: 151 | ERRORS: best=23, median=66.0, diversity=0.15 | INDIVIDUALS: n=200, avg_genome_length=15.105
2021-12-16 23:20:33.471769 | GENERATION: 152 | ERRORS: best=23, median=28.0, diversity=0.155 | INDIVIDUALS: n=200, avg_genome_length=17.06
2021-12-16 23:20:38.081234 | GENERATION: 153 | ERRORS: best=24, median=28.0, diversity=0.16 | INDIVIDUALS: n=200, avg_genome_length=15.295
2021-12-16 23:20:44.234854 | GENERATION: 154 | ERRORS: best=23, median=28.0, diversity=0.175 | INDIVIDUALS: n=200, avg_genome_length=17.18
2021-12-16 23:20:49.748089 | GENERATION: 155 | ERRORS: best=24, median=28.0, diversity=0.175 | INDIVIDUALS: n=200, avg_genome_length=17.925
2021-12-16 23:20:54.750281 | GENERATION: 156 | ERRORS: best=23, median=28.0, diversity=0.14 | INDIVIDUALS: n=200, avg_genome_length=17.205
2021-12-16 23:20:59.122782 | GENERATION: 157 | ERRORS: best=23, median=28.0, diversity=0.135 | INDIVIDUALS: n=200, avg_genome_length=17.27
2021-12-16 23:21:03.336550 | GENERATION: 158 | ERRORS: best=23, median=28.0, diversity=0.13 | INDIVIDUALS: n=200, avg_genome_length=16.91
2021-12-16 23:21:08.660821 | GENERATION: 159 | ERRORS: best=23, median=28.0, diversity=0.18 | INDIVIDUALS: n=200, avg_genome_length=17.665
2021-12-16 23:21:12.919198 | GENERATION: 160 | ERRORS: best=23, median=28.0, diversity=0.155 | INDIVIDUALS: n=200, avg_genome_length=16.195
2021-12-16 23:21:16.647034 | GENERATION: 161 | ERRORS: best=23, median=28.0, diversity=0.16 | INDIVIDUALS: n=200, avg_genome_length=15.605
2021-12-16 23:21:20.943673 | GENERATION: 162 | ERRORS: best=24, median=29.5, diversity=0.155 | INDIVIDUALS: n=200, avg_genome_length=15.33
2021-12-16 23:21:25.549026 | GENERATION: 163 | ERRORS: best=23, median=28.0, diversity=0.185 | INDIVIDUALS: n=200, avg_genome_length=14.76
2021-12-16 23:21:29.397906 | GENERATION: 164 | ERRORS: best=24, median=35.0, diversity=0.19 | INDIVIDUALS: n=200, avg_genome_length=14.825
2021-12-16 23:21:34.386389 | GENERATION: 165 | ERRORS: best=23, median=31.0, diversity=0.17 | INDIVIDUALS: n=200, avg_genome_length=15.89
2021-12-16 23:21:39.750887 | GENERATION: 166 | ERRORS: best=23, median=28.0, diversity=0.235 | INDIVIDUALS: n=200, avg_genome_length=18.465
2021-12-16 23:21:47.489949 | GENERATION: 167 | ERRORS: best=23, median=28.5, diversity=0.27 | INDIVIDUALS: n=200, avg_genome_length=19.175
2021-12-16 23:21:55.210351 | GENERATION: 168 | ERRORS: best=23, median=28.5, diversity=0.32 | INDIVIDUALS: n=200, avg_genome_length=19.43
2021-12-16 23:22:02.975751 | GENERATION: 169 | ERRORS: best=23, median=29.5, diversity=0.28 | INDIVIDUALS: n=200, avg_genome_length=18.955
2021-12-16 23:22:10.618185 | GENERATION: 170 | ERRORS: best=24, median=29.0, diversity=0.275 | INDIVIDUALS: n=200, avg_genome_length=18.775
2021-12-16 23:22:17.880052 | GENERATION: 171 | ERRORS: best=23, median=28.0, diversity=0.295 | INDIVIDUALS: n=200, avg_genome_length=18.595
2021-12-16 23:22:24.034080 | GENERATION: 172 | ERRORS: best=23, median=30.5, diversity=0.26 | INDIVIDUALS: n=200, avg_genome_length=18.425
2021-12-16 23:22:31.299274 | GENERATION: 173 | ERRORS: best=23, median=28.0, diversity=0.255 | INDIVIDUALS: n=200, avg_genome_length=20.66
2021-12-16 23:22:37.693292 | GENERATION: 174 | ERRORS: best=23, median=28.0, diversity=0.235 | INDIVIDUALS: n=200, avg_genome_length=19.185
2021-12-16 23:22:44.739724 | GENERATION: 175 | ERRORS: best=24, median=28.0, diversity=0.22 | INDIVIDUALS: n=200, avg_genome_length=19.18
2021-12-16 23:22:51.169884 | GENERATION: 176 | ERRORS: best=23, median=28.0, diversity=0.24 | INDIVIDUALS: n=200, avg_genome_length=18.92
2021-12-16 23:22:58.059029 | GENERATION: 177 | ERRORS: best=23, median=31.0, diversity=0.27 | INDIVIDUALS: n=200, avg_genome_length=20.14
2021-12-16 23:23:05.006676 | GENERATION: 178 | ERRORS: best=24, median=28.0, diversity=0.205 | INDIVIDUALS: n=200, avg_genome_length=21.54
2021-12-16 23:23:11.925339 | GENERATION: 179 | ERRORS: best=23, median=28.0, diversity=0.2 | INDIVIDUALS: n=200, avg_genome_length=18.775
2021-12-16 23:23:20.266591 | GENERATION: 180 | ERRORS: best=23, median=43.0, diversity=0.315 | INDIVIDUALS: n=200, avg_genome_length=20.705
2021-12-16 23:23:28.599858 | GENERATION: 181 | ERRORS: best=23, median=28.5, diversity=0.29 | INDIVIDUALS: n=200, avg_genome_length=21.895
2021-12-16 23:23:34.640749 | GENERATION: 182 | ERRORS: best=23, median=31.5, diversity=0.225 | INDIVIDUALS: n=200, avg_genome_length=20.34
2021-12-16 23:23:41.653501 | GENERATION: 183 | ERRORS: best=24, median=28.0, diversity=0.29 | INDIVIDUALS: n=200, avg_genome_length=22.08
2021-12-16 23:23:49.445205 | GENERATION: 184 | ERRORS: best=23, median=29.5, diversity=0.32 | INDIVIDUALS: n=200, avg_genome_length=22.35
2021-12-16 23:23:57.438380 | GENERATION: 185 | ERRORS: best=23, median=36.5, diversity=0.365 | INDIVIDUALS: n=200, avg_genome_length=21.525
2021-12-16 23:24:06.757876 | GENERATION: 186 | ERRORS: best=23, median=28.0, diversity=0.38 | INDIVIDUALS: n=200, avg_genome_length=22.535
2021-12-16 23:24:15.237898 | GENERATION: 187 | ERRORS: best=19, median=28.0, diversity=0.33 | INDIVIDUALS: n=200, avg_genome_length=22.97
2021-12-16 23:24:22.649686 | GENERATION: 188 | ERRORS: best=23, median=29.0, diversity=0.295 | INDIVIDUALS: n=200, avg_genome_length=19.855
2021-12-16 23:24:30.645760 | GENERATION: 189 | ERRORS: best=23, median=28.0, diversity=0.3 | INDIVIDUALS: n=200, avg_genome_length=23.745
2021-12-16 23:24:37.841827 | GENERATION: 190 | ERRORS: best=23, median=28.0, diversity=0.27 | INDIVIDUALS: n=200, avg_genome_length=19.14
2021-12-16 23:24:44.733325 | GENERATION: 191 | ERRORS: best=21, median=28.0, diversity=0.305 | INDIVIDUALS: n=200, avg_genome_length=20.32
2021-12-16 23:24:51.167293 | GENERATION: 192 | ERRORS: best=23, median=28.0, diversity=0.26 | INDIVIDUALS: n=200, avg_genome_length=19.08
2021-12-16 23:24:57.248370 | GENERATION: 193 | ERRORS: best=24, median=28.0, diversity=0.245 | INDIVIDUALS: n=200, avg_genome_length=18.89
2021-12-16 23:25:04.146446 | GENERATION: 194 | ERRORS: best=22, median=28.0, diversity=0.265 | INDIVIDUALS: n=200, avg_genome_length=20.25
2021-12-16 23:25:09.889535 | GENERATION: 195 | ERRORS: best=17, median=28.0, diversity=0.25 | INDIVIDUALS: n=200, avg_genome_length=20.205
2021-12-16 23:25:15.797084 | GENERATION: 196 | ERRORS: best=17, median=28.0, diversity=0.205 | INDIVIDUALS: n=200, avg_genome_length=18.775
2021-12-16 23:25:22.401687 | GENERATION: 197 | ERRORS: best=18, median=28.0, diversity=0.275 | INDIVIDUALS: n=200, avg_genome_length=19.295
2021-12-16 23:25:29.120591 | GENERATION: 198 | ERRORS: best=18, median=28.0, diversity=0.245 | INDIVIDUALS: n=200, avg_genome_length=19.72
2021-12-16 23:25:35.452856 | GENERATION: 199 | ERRORS: best=19, median=29.0, diversity=0.195 | INDIVIDUALS: n=200, avg_genome_length=20.505
2021-12-16 23:25:43.260546 | GENERATION: 200 | ERRORS: best=20, median=28.0, diversity=0.275 | INDIVIDUALS: n=200, avg_genome_length=22.825
2021-12-16 23:25:51.111229 | GENERATION: 201 | ERRORS: best=19, median=28.0, diversity=0.32 | INDIVIDUALS: n=200, avg_genome_length=23.72
2021-12-16 23:25:59.320260 | GENERATION: 202 | ERRORS: best=19, median=28.0, diversity=0.295 | INDIVIDUALS: n=200, avg_genome_length=23.19
2021-12-16 23:26:07.540826 | GENERATION: 203 | ERRORS: best=19, median=28.0, diversity=0.26 | INDIVIDUALS: n=200, avg_genome_length=25.08
2021-12-16 23:26:15.720573 | GENERATION: 204 | ERRORS: best=19, median=28.0, diversity=0.28 | INDIVIDUALS: n=200, avg_genome_length=22.46
2021-12-16 23:26:23.124167 | GENERATION: 205 | ERRORS: best=11, median=28.0, diversity=0.305 | INDIVIDUALS: n=200, avg_genome_length=20.8
2021-12-16 23:26:28.751946 | GENERATION: 206 | ERRORS: best=11, median=28.0, diversity=0.195 | INDIVIDUALS: n=200, avg_genome_length=17.34
2021-12-16 23:26:33.160984 | GENERATION: 207 | ERRORS: best=11, median=64.0, diversity=0.155 | INDIVIDUALS: n=200, avg_genome_length=14.985
2021-12-16 23:26:37.024943 | GENERATION: 208 | ERRORS: best=11, median=72.0, diversity=0.145 | INDIVIDUALS: n=200, avg_genome_length=14.02
2021-12-16 23:26:40.556538 | GENERATION: 209 | ERRORS: best=11, median=100000000.0, diversity=0.13 | INDIVIDUALS: n=200, avg_genome_length=13.105
2021-12-16 23:26:44.046517 | GENERATION: 210 | ERRORS: best=10, median=8000041.0, diversity=0.165 | INDIVIDUALS: n=200, avg_genome_length=12.98
2021-12-16 23:26:47.124414 | GENERATION: 211 | ERRORS: best=10, median=42.5, diversity=0.16 | INDIVIDUALS: n=200, avg_genome_length=14.84
2021-12-16 23:26:50.417806 | GENERATION: 212 | ERRORS: best=10, median=72.0, diversity=0.145 | INDIVIDUALS: n=200, avg_genome_length=14.13
2021-12-16 23:26:54.264194 | GENERATION: 213 | ERRORS: best=10, median=31.0, diversity=0.15 | INDIVIDUALS: n=200, avg_genome_length=15.87
2021-12-16 23:26:58.821224 | GENERATION: 214 | ERRORS: best=10, median=28.0, diversity=0.215 | INDIVIDUALS: n=200, avg_genome_length=16.145
2021-12-16 23:27:03.629295 | GENERATION: 215 | ERRORS: best=10, median=28.0, diversity=0.21 | INDIVIDUALS: n=200, avg_genome_length=17.03
2021-12-16 23:27:07.831690 | GENERATION: 216 | ERRORS: best=10, median=53.0, diversity=0.2 | INDIVIDUALS: n=200, avg_genome_length=15.875
2021-12-16 23:27:13.016650 | GENERATION: 217 | ERRORS: best=10, median=30.0, diversity=0.2 | INDIVIDUALS: n=200, avg_genome_length=16.375
2021-12-16 23:27:17.855854 | GENERATION: 218 | ERRORS: best=10, median=33.5, diversity=0.26 | INDIVIDUALS: n=200, avg_genome_length=15.76
2021-12-16 23:27:22.675609 | GENERATION: 219 | ERRORS: best=10, median=28.0, diversity=0.215 | INDIVIDUALS: n=200, avg_genome_length=15.695
2021-12-16 23:27:26.843046 | GENERATION: 220 | ERRORS: best=10, median=32.0, diversity=0.19 | INDIVIDUALS: n=200, avg_genome_length=15.215
2021-12-16 23:27:30.414317 | GENERATION: 221 | ERRORS: best=10, median=34.0, diversity=0.195 | INDIVIDUALS: n=200, avg_genome_length=14.755
2021-12-16 23:27:33.620944 | GENERATION: 222 | ERRORS: best=10, median=72.0, diversity=0.17 | INDIVIDUALS: n=200, avg_genome_length=13.81
2021-12-16 23:27:36.908991 | GENERATION: 223 | ERRORS: best=10, median=4000041.0, diversity=0.23 | INDIVIDUALS: n=200, avg_genome_length=14.795
2021-12-16 23:27:40.763353 | GENERATION: 224 | ERRORS: best=10, median=60.0, diversity=0.255 | INDIVIDUALS: n=200, avg_genome_length=15.955
2021-12-16 23:27:44.767232 | GENERATION: 225 | ERRORS: best=10, median=10000027.5, diversity=0.21 | INDIVIDUALS: n=200, avg_genome_length=16.315
2021-12-16 23:27:49.839600 | GENERATION: 226 | ERRORS: best=10, median=13000031.0, diversity=0.25 | INDIVIDUALS: n=200, avg_genome_length=16.79
2021-12-16 23:27:54.326639 | GENERATION: 227 | ERRORS: best=10, median=17000026.5, diversity=0.2 | INDIVIDUALS: n=200, avg_genome_length=17.56
2021-12-16 23:27:58.132672 | GENERATION: 228 | ERRORS: best=10, median=100000000.0, diversity=0.16 | INDIVIDUALS: n=200, avg_genome_length=15.935
2021-12-16 23:28:01.591818 | GENERATION: 229 | ERRORS: best=10, median=100000000.0, diversity=0.16 | INDIVIDUALS: n=200, avg_genome_length=13.7
2021-12-16 23:28:05.905250 | GENERATION: 230 | ERRORS: best=10, median=13000026.5, diversity=0.175 | INDIVIDUALS: n=200, avg_genome_length=15.845
2021-12-16 23:28:10.088093 | GENERATION: 231 | ERRORS: best=10, median=100000000.0, diversity=0.175 | INDIVIDUALS: n=200, avg_genome_length=15.705
2021-12-16 23:28:14.546016 | GENERATION: 232 | ERRORS: best=10, median=13000059.0, diversity=0.18 | INDIVIDUALS: n=200, avg_genome_length=15.815
2021-12-16 23:28:19.694712 | GENERATION: 233 | ERRORS: best=11, median=64.0, diversity=0.215 | INDIVIDUALS: n=200, avg_genome_length=15.98
2021-12-16 23:28:24.628264 | GENERATION: 234 | ERRORS: best=11, median=64.5, diversity=0.2 | INDIVIDUALS: n=200, avg_genome_length=16.31
2021-12-16 23:28:30.053028 | GENERATION: 235 | ERRORS: best=11, median=65.0, diversity=0.18 | INDIVIDUALS: n=200, avg_genome_length=15.91
2021-12-16 23:28:33.816052 | GENERATION: 236 | ERRORS: best=11, median=92500004.5, diversity=0.23 | INDIVIDUALS: n=200, avg_genome_length=15.72
2021-12-16 23:28:38.045253 | GENERATION: 237 | ERRORS: best=11, median=66.5, diversity=0.215 | INDIVIDUALS: n=200, avg_genome_length=15.855
2021-12-16 23:28:42.352391 | GENERATION: 238 | ERRORS: best=11, median=68.5, diversity=0.19 | INDIVIDUALS: n=200, avg_genome_length=17.02
2021-12-16 23:28:47.028455 | GENERATION: 239 | ERRORS: best=11, median=11000027.0, diversity=0.185 | INDIVIDUALS: n=200, avg_genome_length=16.835
2021-12-16 23:28:51.859458 | GENERATION: 240 | ERRORS: best=11, median=38000017.5, diversity=0.145 | INDIVIDUALS: n=200, avg_genome_length=16.26
2021-12-16 23:28:55.470376 | GENERATION: 241 | ERRORS: best=11, median=2000027.0, diversity=0.135 | INDIVIDUALS: n=200, avg_genome_length=15.55
2021-12-16 23:28:57.920355 | GENERATION: 242 | ERRORS: best=11, median=100000000.0, diversity=0.155 | INDIVIDUALS: n=200, avg_genome_length=14.11
2021-12-16 23:29:01.642921 | GENERATION: 243 | ERRORS: best=11, median=72.0, diversity=0.17 | INDIVIDUALS: n=200, avg_genome_length=15.265
2021-12-16 23:29:05.015338 | GENERATION: 244 | ERRORS: best=11, median=100000000.0, diversity=0.13 | INDIVIDUALS: n=200, avg_genome_length=16.505
2021-12-16 23:29:08.525221 | GENERATION: 245 | ERRORS: best=11, median=13000059.0, diversity=0.165 | INDIVIDUALS: n=200, avg_genome_length=17.65
2021-12-16 23:29:11.087712 | GENERATION: 246 | ERRORS: best=11, median=36000041.5, diversity=0.16 | INDIVIDUALS: n=200, avg_genome_length=16.55
2021-12-16 23:29:14.319529 | GENERATION: 247 | ERRORS: best=11, median=100000000.0, diversity=0.175 | INDIVIDUALS: n=200, avg_genome_length=16.04
2021-12-16 23:29:17.397619 | GENERATION: 248 | ERRORS: best=11, median=100000000.0, diversity=0.17 | INDIVIDUALS: n=200, avg_genome_length=15.29
2021-12-16 23:29:21.146246 | GENERATION: 249 | ERRORS: best=11, median=13000059.0, diversity=0.225 | INDIVIDUALS: n=200, avg_genome_length=16.38
2021-12-16 23:29:25.243048 | GENERATION: 250 | ERRORS: best=11, median=58.0, diversity=0.22 | INDIVIDUALS: n=200, avg_genome_length=17.52
2021-12-16 23:29:28.666343 | GENERATION: 251 | ERRORS: best=3, median=72.0, diversity=0.165 | INDIVIDUALS: n=200, avg_genome_length=16.13
2021-12-16 23:29:31.079048 | GENERATION: 252 | ERRORS: best=3, median=100000000.0, diversity=0.13 | INDIVIDUALS: n=200, avg_genome_length=12.275
2021-12-16 23:29:33.067933 | GENERATION: 253 | ERRORS: best=3, median=100000000.0, diversity=0.135 | INDIVIDUALS: n=200, avg_genome_length=11.675
2021-12-16 23:29:34.692647 | GENERATION: 254 | ERRORS: best=3, median=100000000.0, diversity=0.09 | INDIVIDUALS: n=200, avg_genome_length=11.25
2021-12-16 23:29:35.722845 | GENERATION: 255 | ERRORS: best=3, median=100000000.0, diversity=0.11 | INDIVIDUALS: n=200, avg_genome_length=11.575
2021-12-16 23:29:36.912910 | GENERATION: 256 | ERRORS: best=3, median=100000000.0, diversity=0.13 | INDIVIDUALS: n=200, avg_genome_length=11.14
2021-12-16 23:29:37.922096 | GENERATION: 257 | ERRORS: best=3, median=62.5, diversity=0.09 | INDIVIDUALS: n=200, avg_genome_length=12.355
2021-12-16 23:29:39.320974 | GENERATION: 258 | ERRORS: best=3, median=62.0, diversity=0.145 | INDIVIDUALS: n=200, avg_genome_length=12.74
2021-12-16 23:29:40.449644 | GENERATION: 259 | ERRORS: best=3, median=64.5, diversity=0.135 | INDIVIDUALS: n=200, avg_genome_length=12.82
2021-12-16 23:29:41.531204 | GENERATION: 260 | ERRORS: best=3, median=96000001.0, diversity=0.11 | INDIVIDUALS: n=200, avg_genome_length=13.67
2021-12-16 23:29:43.013117 | GENERATION: 261 | ERRORS: best=3, median=72.0, diversity=0.115 | INDIVIDUALS: n=200, avg_genome_length=13.535
2021-12-16 23:29:44.227957 | GENERATION: 262 | ERRORS: best=3, median=68.0, diversity=0.155 | INDIVIDUALS: n=200, avg_genome_length=15.65
2021-12-16 23:29:45.494533 | GENERATION: 263 | ERRORS: best=3, median=58.0, diversity=0.15 | INDIVIDUALS: n=200, avg_genome_length=16.18
2021-12-16 23:29:46.775958 | GENERATION: 264 | ERRORS: best=3, median=62.0, diversity=0.12 | INDIVIDUALS: n=200, avg_genome_length=15.78
2021-12-16 23:29:47.969523 | GENERATION: 265 | ERRORS: best=3, median=31.0, diversity=0.125 | INDIVIDUALS: n=200, avg_genome_length=14.845
2021-12-16 23:29:49.413843 | GENERATION: 266 | ERRORS: best=3, median=35.5, diversity=0.165 | INDIVIDUALS: n=200, avg_genome_length=15.765
2021-12-16 23:29:50.905546 | GENERATION: 267 | ERRORS: best=3, median=59.0, diversity=0.13 | INDIVIDUALS: n=200, avg_genome_length=16.195
2021-12-16 23:29:52.350919 | GENERATION: 268 | ERRORS: best=3, median=63.5, diversity=0.13 | INDIVIDUALS: n=200, avg_genome_length=15.955
2021-12-16 23:29:53.636708 | GENERATION: 269 | ERRORS: best=3, median=41.5, diversity=0.13 | INDIVIDUALS: n=200, avg_genome_length=15.975
2021-12-16 23:29:55.108039 | GENERATION: 270 | ERRORS: best=3, median=38.0, diversity=0.18 | INDIVIDUALS: n=200, avg_genome_length=17.965
2021-12-16 23:29:56.551172 | GENERATION: 271 | ERRORS: best=3, median=31.0, diversity=0.135 | INDIVIDUALS: n=200, avg_genome_length=16.985
2021-12-16 23:29:58.133270 | GENERATION: 272 | ERRORS: best=3, median=58.5, diversity=0.165 | INDIVIDUALS: n=200, avg_genome_length=15.78
2021-12-16 23:29:59.505825 | GENERATION: 273 | ERRORS: best=3, median=31.0, diversity=0.14 | INDIVIDUALS: n=200, avg_genome_length=13.61
2021-12-16 23:30:00.677305 | GENERATION: 274 | ERRORS: best=3, median=28.0, diversity=0.13 | INDIVIDUALS: n=200, avg_genome_length=13.855
2021-12-16 23:30:02.259693 | GENERATION: 275 | ERRORS: best=3, median=28.0, diversity=0.175 | INDIVIDUALS: n=200, avg_genome_length=13.445
2021-12-16 23:30:03.322884 | GENERATION: 276 | ERRORS: best=3, median=31.0, diversity=0.185 | INDIVIDUALS: n=200, avg_genome_length=13.465
2021-12-16 23:30:04.650306 | GENERATION: 277 | ERRORS: best=3, median=47.5, diversity=0.13 | INDIVIDUALS: n=200, avg_genome_length=13.835
2021-12-16 23:30:05.824221 | GENERATION: 278 | ERRORS: best=3, median=50.0, diversity=0.13 | INDIVIDUALS: n=200, avg_genome_length=16.735
2021-12-16 23:30:07.531162 | GENERATION: 279 | ERRORS: best=3, median=63.5, diversity=0.175 | INDIVIDUALS: n=200, avg_genome_length=19.525
2021-12-16 23:30:09.444972 | GENERATION: 280 | ERRORS: best=3, median=38.5, diversity=0.17 | INDIVIDUALS: n=200, avg_genome_length=20.82
2021-12-16 23:30:11.450753 | GENERATION: 281 | ERRORS: best=3, median=30.0, diversity=0.19 | INDIVIDUALS: n=200, avg_genome_length=22.245
2021-12-16 23:30:13.232385 | GENERATION: 282 | ERRORS: best=3, median=31.0, diversity=0.22 | INDIVIDUALS: n=200, avg_genome_length=23.39
2021-12-16 23:30:15.609525 | GENERATION: 283 | ERRORS: best=3, median=31.0, diversity=0.22 | INDIVIDUALS: n=200, avg_genome_length=22.81
2021-12-16 23:30:17.295011 | GENERATION: 284 | ERRORS: best=3, median=39.5, diversity=0.225 | INDIVIDUALS: n=200, avg_genome_length=21.13
2021-12-16 23:30:19.360740 | GENERATION: 285 | ERRORS: best=3, median=32.5, diversity=0.19 | INDIVIDUALS: n=200, avg_genome_length=20.335
2021-12-16 23:30:21.265854 | GENERATION: 286 | ERRORS: best=3, median=34.0, diversity=0.25 | INDIVIDUALS: n=200, avg_genome_length=21.445
2021-12-16 23:30:23.167125 | GENERATION: 287 | ERRORS: best=3, median=35.0, diversity=0.225 | INDIVIDUALS: n=200, avg_genome_length=21.8
2021-12-16 23:30:25.010935 | GENERATION: 288 | ERRORS: best=3, median=51.5, diversity=0.18 | INDIVIDUALS: n=200, avg_genome_length=18.995
2021-12-16 23:30:27.091019 | GENERATION: 289 | ERRORS: best=3, median=31.0, diversity=0.225 | INDIVIDUALS: n=200, avg_genome_length=19.17
2021-12-16 23:30:28.600142 | GENERATION: 290 | ERRORS: best=3, median=31.0, diversity=0.175 | INDIVIDUALS: n=200, avg_genome_length=18.305
2021-12-16 23:30:30.365224 | GENERATION: 291 | ERRORS: best=3, median=44.5, diversity=0.165 | INDIVIDUALS: n=200, avg_genome_length=18.555
2021-12-16 23:30:31.793829 | GENERATION: 292 | ERRORS: best=3, median=36.0, diversity=0.205 | INDIVIDUALS: n=200, avg_genome_length=17.115
2021-12-16 23:30:33.153642 | GENERATION: 293 | ERRORS: best=3, median=71.0, diversity=0.17 | INDIVIDUALS: n=200, avg_genome_length=15.845
2021-12-16 23:30:35.036187 | GENERATION: 294 | ERRORS: best=3, median=62.5, diversity=0.17 | INDIVIDUALS: n=200, avg_genome_length=16.84
2021-12-16 23:30:36.525446 | GENERATION: 295 | ERRORS: best=3, median=13000042.0, diversity=0.19 | INDIVIDUALS: n=200, avg_genome_length=17.43
2021-12-16 23:30:38.185777 | GENERATION: 296 | ERRORS: best=3, median=68.0, diversity=0.17 | INDIVIDUALS: n=200, avg_genome_length=16.375
2021-12-16 23:30:39.430872 | GENERATION: 297 | ERRORS: best=3, median=45.0, diversity=0.145 | INDIVIDUALS: n=200, avg_genome_length=16.31
2021-12-16 23:30:40.766838 | GENERATION: 298 | ERRORS: best=3, median=55.0, diversity=0.16 | INDIVIDUALS: n=200, avg_genome_length=16.46
2021-12-16 23:30:42.092000 | GENERATION: 299 | ERRORS: best=3, median=31.0, diversity=0.175 | INDIVIDUALS: n=200, avg_genome_length=16.74
2021-12-16 23:30:43.484984 | GENERATION: 300 | ERRORS: best=3, median=36.5, diversity=0.16 | INDIVIDUALS: n=200, avg_genome_length=17.32
Simplifying genome of length 12 with total error 3.
Simplified genome by 1 to length 11.
Simplified genome by 2 to length 9.
Simplified genome by 1 to length 8.
Simplified genome to length 8 and total error 3.
========================================
End Run
========================================
No solution found.
Best Seen Individual
	Genome:
	 pvector([Input(input_index=0), InstructionMeta(name='str_length', code_blocks=0), Input(input_index=2), Input(input_index=1), InstructionMeta(name='str_length', code_blocks=0), InstructionMeta(name='str_head', code_blocks=0), InstructionMeta(name='str_length', code_blocks=0), InstructionMeta(name='int_lt', code_blocks=0)])
	Program:
	 (input_0 str_length input_2 input_1 str_length str_head str_length int_lt)
	Error vector:
	 [0 0 0 0 0 0 0 0 0 0 0 0 0 0 0 0 0 0 0 0 0 0 0 0 1 0 0 0 0 0 0 0 0 0 0 0 0
 0 0 0 1 0 0 0 0 1 0 0 0 0 0 0 0 0 0 0 0 0 0 0 0 0 0 0 0 0 0 0 0 0 0 0 0 0
 0 0 0 0 0 0 0 0 0 0 0 0 0 0 0 0 0 0 0 0 0 0 0 0 0 0]
	Total error:
	 3
	Test error:
	 37
	Time:
	 00:33:34
