Included 22 edge cases.
Included 78 random cases.
Included 100 cases in total.
Finished formatting.
Included 0 edge cases.
Included 1000 random cases.
Included 1000 cases in total.
Finished formatting.
========================================
Setup
========================================
Search Configuration:
signature: ProgramSignature(push_config=PushConfig(growth_cap=500, step_limit=600, collection_size_cap=1000, numeric_magnitude_limit=1000000000000.0, runtime_limit=10), output_stacks=['bool'], arity=3)
evaluator: <pyshgp.gp.evaluation.DatasetEvaluator object at 0x7fd2c71017c0>
spawner: <pyshgp.gp.genome.GeneSpawner object at 0x7fd2c7101520>
population_size: 200
max_generations: 300
error_threshold: 0.0
initial_genome_size: (40, 200)
simplification_steps: 500
parallel_context: <pyshgp.gp.search.ParallelContext object at 0x7fd2c7101e20>
selection: <pyshgp.utils.DiscreteProbDistrib object at 0x7fd2c71fa940>
variation: <pyshgp.utils.DiscreteProbDistrib object at 0x7fd2baf383c0>
Instructions:
int_add, int_sub, int_mult, int_div, int_mod, int_min, int_max, int_inc, int_dec, int_lt, int_lte, int_gt, int_gte, int_from_bool, str_concat, str_insert_str, str_from_first_char, str_from_last_char, str_from_nth_char, str_contains_str, str_index_of_str, str_split_on_str, str_replace_first_str, str_replace_n_str, str_replace_all_str, str_remove_first_str, str_remove_n_str, str_remove_all_str, str_occurrences_of_str, str_reverse, str_head, str_tail, str_rest, str_but_last, str_drop, str_but_last_n, str_length, str_make_empty, str_is_empty_string, str_remove_nth, str_strip_whitespace, str_from_bool, str_from_int, bool_and, bool_or, bool_not, bool_xor, bool_invert_first_then_and, bool_second_first_then_and, bool_from_int, noop, noop_open, exec_do_range, exec_do_count, exec_while, exec_do_while, exec_if, exec_when, print_bool, println_bool, print_int, println_int, print_str, println_str, print_exec, println_exec, bool_pop, bool_dup, bool_dup_times, bool_swap, bool_rot, bool_flush, bool_eq, bool_stack_depth, bool_yank, bool_yank_dup, bool_shove, bool_shove_dup, bool_is_empty, int_pop, int_dup, int_dup_times, int_swap, int_rot, int_flush, int_eq, int_stack_depth, int_yank, int_yank_dup, int_shove, int_shove_dup, int_is_empty, str_pop, str_dup, str_dup_times, str_swap, str_rot, str_flush, str_eq, str_stack_depth, str_yank, str_yank_dup, str_shove, str_shove_dup, str_is_empty, exec_pop, exec_dup, exec_dup_times, exec_swap, exec_rot, exec_flush, exec_eq, exec_stack_depth, exec_yank, exec_yank_dup, exec_shove, exec_shove_dup, exec_is_empty
Literals:
[]
ERC Generators:
[<function rand_bool at 0x7fd2c7106c10>]
========================================
Start Run
========================================
2021-12-16 19:56:24.420173 | GENERATION: 1 | ERRORS: best=25, median=100000000.0, diversity=0.02 | INDIVIDUALS: n=200, avg_genome_length=110.225
2021-12-16 19:56:29.385520 | GENERATION: 2 | ERRORS: best=25, median=75.0, diversity=0.035 | INDIVIDUALS: n=200, avg_genome_length=107.04
2021-12-16 19:56:33.491633 | GENERATION: 3 | ERRORS: best=25, median=70.0, diversity=0.055 | INDIVIDUALS: n=200, avg_genome_length=102.07
2021-12-16 19:56:37.054820 | GENERATION: 4 | ERRORS: best=25, median=32.0, diversity=0.08 | INDIVIDUALS: n=200, avg_genome_length=91.86
2021-12-16 19:56:40.359427 | GENERATION: 5 | ERRORS: best=25, median=68.0, diversity=0.14 | INDIVIDUALS: n=200, avg_genome_length=76.965
2021-12-16 19:56:43.263860 | GENERATION: 6 | ERRORS: best=25, median=53.0, diversity=0.17 | INDIVIDUALS: n=200, avg_genome_length=69.235
2021-12-16 19:56:46.196426 | GENERATION: 7 | ERRORS: best=25, median=64.0, diversity=0.125 | INDIVIDUALS: n=200, avg_genome_length=66.62
2021-12-16 19:56:49.131830 | GENERATION: 8 | ERRORS: best=25, median=53.0, diversity=0.145 | INDIVIDUALS: n=200, avg_genome_length=57.92
2021-12-16 19:56:51.627662 | GENERATION: 9 | ERRORS: best=25, median=75.0, diversity=0.185 | INDIVIDUALS: n=200, avg_genome_length=51.775
2021-12-16 19:56:54.123588 | GENERATION: 10 | ERRORS: best=25, median=75.0, diversity=0.155 | INDIVIDUALS: n=200, avg_genome_length=45.86
2021-12-16 19:56:57.005206 | GENERATION: 11 | ERRORS: best=25, median=67.5, diversity=0.165 | INDIVIDUALS: n=200, avg_genome_length=48.21
2021-12-16 19:56:59.450312 | GENERATION: 12 | ERRORS: best=24, median=75.0, diversity=0.215 | INDIVIDUALS: n=200, avg_genome_length=40.62
2021-12-16 19:57:01.501902 | GENERATION: 13 | ERRORS: best=23, median=75.0, diversity=0.18 | INDIVIDUALS: n=200, avg_genome_length=32.81
2021-12-16 19:57:04.218652 | GENERATION: 14 | ERRORS: best=23, median=75.0, diversity=0.205 | INDIVIDUALS: n=200, avg_genome_length=38.05
2021-12-16 19:57:06.735656 | GENERATION: 15 | ERRORS: best=23, median=75.0, diversity=0.17 | INDIVIDUALS: n=200, avg_genome_length=36.395
2021-12-16 19:57:09.706105 | GENERATION: 16 | ERRORS: best=23, median=75.0, diversity=0.14 | INDIVIDUALS: n=200, avg_genome_length=35.915
2021-12-16 19:57:12.276621 | GENERATION: 17 | ERRORS: best=23, median=75.0, diversity=0.185 | INDIVIDUALS: n=200, avg_genome_length=34.27
2021-12-16 19:57:14.760602 | GENERATION: 18 | ERRORS: best=23, median=75.0, diversity=0.19 | INDIVIDUALS: n=200, avg_genome_length=30.885
2021-12-16 19:57:17.039721 | GENERATION: 19 | ERRORS: best=23, median=75.0, diversity=0.175 | INDIVIDUALS: n=200, avg_genome_length=30.21
2021-12-16 19:57:19.500996 | GENERATION: 20 | ERRORS: best=23, median=75.0, diversity=0.19 | INDIVIDUALS: n=200, avg_genome_length=27.955
2021-12-16 19:57:21.795240 | GENERATION: 21 | ERRORS: best=23, median=75.0, diversity=0.185 | INDIVIDUALS: n=200, avg_genome_length=26.955
2021-12-16 19:57:24.462748 | GENERATION: 22 | ERRORS: best=22, median=75.0, diversity=0.21 | INDIVIDUALS: n=200, avg_genome_length=26.27
2021-12-16 19:57:26.583644 | GENERATION: 23 | ERRORS: best=22, median=75.0, diversity=0.23 | INDIVIDUALS: n=200, avg_genome_length=27.115
2021-12-16 19:57:29.082869 | GENERATION: 24 | ERRORS: best=22, median=75.0, diversity=0.23 | INDIVIDUALS: n=200, avg_genome_length=26.27
2021-12-16 19:57:31.230862 | GENERATION: 25 | ERRORS: best=22, median=75.0, diversity=0.205 | INDIVIDUALS: n=200, avg_genome_length=20.7
2021-12-16 19:57:32.868766 | GENERATION: 26 | ERRORS: best=22, median=75.0, diversity=0.25 | INDIVIDUALS: n=200, avg_genome_length=19.445
2021-12-16 19:57:34.491712 | GENERATION: 27 | ERRORS: best=22, median=2500061.5, diversity=0.245 | INDIVIDUALS: n=200, avg_genome_length=18.735
2021-12-16 19:57:36.834779 | GENERATION: 28 | ERRORS: best=22, median=75.0, diversity=0.25 | INDIVIDUALS: n=200, avg_genome_length=21.83
2021-12-16 19:57:38.739535 | GENERATION: 29 | ERRORS: best=22, median=75.0, diversity=0.245 | INDIVIDUALS: n=200, avg_genome_length=21.135
2021-12-16 19:57:40.921680 | GENERATION: 30 | ERRORS: best=22, median=66.5, diversity=0.27 | INDIVIDUALS: n=200, avg_genome_length=23.11
2021-12-16 19:57:42.433389 | GENERATION: 31 | ERRORS: best=22, median=75.0, diversity=0.305 | INDIVIDUALS: n=200, avg_genome_length=24.14
2021-12-16 19:57:44.176202 | GENERATION: 32 | ERRORS: best=23, median=75.0, diversity=0.255 | INDIVIDUALS: n=200, avg_genome_length=23.975
2021-12-16 19:57:45.679775 | GENERATION: 33 | ERRORS: best=23, median=75.0, diversity=0.275 | INDIVIDUALS: n=200, avg_genome_length=22.935
2021-12-16 19:57:47.493172 | GENERATION: 34 | ERRORS: best=23, median=75.0, diversity=0.3 | INDIVIDUALS: n=200, avg_genome_length=22.36
2021-12-16 19:57:49.160787 | GENERATION: 35 | ERRORS: best=23, median=75.0, diversity=0.285 | INDIVIDUALS: n=200, avg_genome_length=21.385
2021-12-16 19:57:50.705837 | GENERATION: 36 | ERRORS: best=24, median=72.5, diversity=0.305 | INDIVIDUALS: n=200, avg_genome_length=21.71
2021-12-16 19:57:52.276068 | GENERATION: 37 | ERRORS: best=23, median=57.5, diversity=0.31 | INDIVIDUALS: n=200, avg_genome_length=20.835
2021-12-16 19:57:53.988120 | GENERATION: 38 | ERRORS: best=23, median=50.5, diversity=0.325 | INDIVIDUALS: n=200, avg_genome_length=17.98
2021-12-16 19:57:55.455924 | GENERATION: 39 | ERRORS: best=23, median=75.0, diversity=0.265 | INDIVIDUALS: n=200, avg_genome_length=18.405
2021-12-16 19:57:57.010216 | GENERATION: 40 | ERRORS: best=23, median=75.0, diversity=0.255 | INDIVIDUALS: n=200, avg_genome_length=18.685
2021-12-16 19:57:58.491287 | GENERATION: 41 | ERRORS: best=23, median=71.0, diversity=0.24 | INDIVIDUALS: n=200, avg_genome_length=18.515
2021-12-16 19:57:59.995415 | GENERATION: 42 | ERRORS: best=23, median=62.0, diversity=0.24 | INDIVIDUALS: n=200, avg_genome_length=16.6
2021-12-16 19:58:01.653733 | GENERATION: 43 | ERRORS: best=23, median=70.0, diversity=0.275 | INDIVIDUALS: n=200, avg_genome_length=18.81
2021-12-16 19:58:03.689478 | GENERATION: 44 | ERRORS: best=21, median=75.0, diversity=0.325 | INDIVIDUALS: n=200, avg_genome_length=19.855
2021-12-16 19:58:06.039460 | GENERATION: 45 | ERRORS: best=23, median=75.0, diversity=0.315 | INDIVIDUALS: n=200, avg_genome_length=19.465
2021-12-16 19:58:08.115684 | GENERATION: 46 | ERRORS: best=23, median=75.0, diversity=0.33 | INDIVIDUALS: n=200, avg_genome_length=20.915
2021-12-16 19:58:10.383146 | GENERATION: 47 | ERRORS: best=23, median=75.0, diversity=0.345 | INDIVIDUALS: n=200, avg_genome_length=21.39
2021-12-16 19:58:12.424573 | GENERATION: 48 | ERRORS: best=23, median=75.0, diversity=0.285 | INDIVIDUALS: n=200, avg_genome_length=18.81
2021-12-16 19:58:14.304216 | GENERATION: 49 | ERRORS: best=23, median=75.0, diversity=0.275 | INDIVIDUALS: n=200, avg_genome_length=18.3
2021-12-16 19:58:16.189279 | GENERATION: 50 | ERRORS: best=23, median=75.0, diversity=0.265 | INDIVIDUALS: n=200, avg_genome_length=18.4
2021-12-16 19:58:17.629384 | GENERATION: 51 | ERRORS: best=23, median=75.0, diversity=0.24 | INDIVIDUALS: n=200, avg_genome_length=17.005
2021-12-16 19:58:19.073822 | GENERATION: 52 | ERRORS: best=23, median=8000035.0, diversity=0.205 | INDIVIDUALS: n=200, avg_genome_length=15.1
2021-12-16 19:58:20.589148 | GENERATION: 53 | ERRORS: best=23, median=33500038.5, diversity=0.2 | INDIVIDUALS: n=200, avg_genome_length=14.21
2021-12-16 19:58:22.550407 | GENERATION: 54 | ERRORS: best=23, median=75.0, diversity=0.26 | INDIVIDUALS: n=200, avg_genome_length=15.205
2021-12-16 19:58:24.458831 | GENERATION: 55 | ERRORS: best=23, median=75.0, diversity=0.225 | INDIVIDUALS: n=200, avg_genome_length=15.73
2021-12-16 19:58:25.849499 | GENERATION: 56 | ERRORS: best=25, median=75.0, diversity=0.2 | INDIVIDUALS: n=200, avg_genome_length=16.935
2021-12-16 19:58:27.948993 | GENERATION: 57 | ERRORS: best=25, median=49.0, diversity=0.28 | INDIVIDUALS: n=200, avg_genome_length=20.68
2021-12-16 19:58:30.415694 | GENERATION: 58 | ERRORS: best=25, median=52.5, diversity=0.255 | INDIVIDUALS: n=200, avg_genome_length=19.575
2021-12-16 19:58:32.752917 | GENERATION: 59 | ERRORS: best=25, median=62.0, diversity=0.27 | INDIVIDUALS: n=200, avg_genome_length=18.86
2021-12-16 19:58:35.303234 | GENERATION: 60 | ERRORS: best=24, median=50.5, diversity=0.235 | INDIVIDUALS: n=200, avg_genome_length=17.76
2021-12-16 19:58:37.933923 | GENERATION: 61 | ERRORS: best=24, median=75.0, diversity=0.195 | INDIVIDUALS: n=200, avg_genome_length=19.945
2021-12-16 19:58:40.256627 | GENERATION: 62 | ERRORS: best=15, median=71.0, diversity=0.25 | INDIVIDUALS: n=200, avg_genome_length=20.12
2021-12-16 19:58:41.812322 | GENERATION: 63 | ERRORS: best=15, median=75.0, diversity=0.245 | INDIVIDUALS: n=200, avg_genome_length=18.995
2021-12-16 19:58:43.147205 | GENERATION: 64 | ERRORS: best=15, median=7500025.5, diversity=0.21 | INDIVIDUALS: n=200, avg_genome_length=18.99
2021-12-16 19:58:44.521753 | GENERATION: 65 | ERRORS: best=15, median=70.5, diversity=0.26 | INDIVIDUALS: n=200, avg_genome_length=17.385
2021-12-16 19:58:46.394891 | GENERATION: 66 | ERRORS: best=15, median=75.0, diversity=0.21 | INDIVIDUALS: n=200, avg_genome_length=17.16
2021-12-16 19:58:47.732788 | GENERATION: 67 | ERRORS: best=15, median=4500045.0, diversity=0.225 | INDIVIDUALS: n=200, avg_genome_length=16.175
2021-12-16 19:58:49.193453 | GENERATION: 68 | ERRORS: best=18, median=100000000.0, diversity=0.22 | INDIVIDUALS: n=200, avg_genome_length=15.985
2021-12-16 19:58:50.646036 | GENERATION: 69 | ERRORS: best=18, median=100000000.0, diversity=0.19 | INDIVIDUALS: n=200, avg_genome_length=13.94
2021-12-16 19:58:51.788423 | GENERATION: 70 | ERRORS: best=18, median=100000000.0, diversity=0.18 | INDIVIDUALS: n=200, avg_genome_length=13.71
2021-12-16 19:58:52.887631 | GENERATION: 71 | ERRORS: best=18, median=100000000.0, diversity=0.185 | INDIVIDUALS: n=200, avg_genome_length=12.825
2021-12-16 19:58:54.244045 | GENERATION: 72 | ERRORS: best=18, median=100000000.0, diversity=0.19 | INDIVIDUALS: n=200, avg_genome_length=12.125
2021-12-16 19:58:55.311341 | GENERATION: 73 | ERRORS: best=18, median=96000000.0, diversity=0.17 | INDIVIDUALS: n=200, avg_genome_length=12.31
2021-12-16 19:58:56.563609 | GENERATION: 74 | ERRORS: best=24, median=100000000.0, diversity=0.13 | INDIVIDUALS: n=200, avg_genome_length=11.505
2021-12-16 19:58:57.713461 | GENERATION: 75 | ERRORS: best=23, median=100000000.0, diversity=0.145 | INDIVIDUALS: n=200, avg_genome_length=10.94
2021-12-16 19:58:59.110784 | GENERATION: 76 | ERRORS: best=24, median=100000000.0, diversity=0.085 | INDIVIDUALS: n=200, avg_genome_length=9.705
2021-12-16 19:59:00.153335 | GENERATION: 77 | ERRORS: best=24, median=100000000.0, diversity=0.095 | INDIVIDUALS: n=200, avg_genome_length=10.97
2021-12-16 19:59:01.917450 | GENERATION: 78 | ERRORS: best=24, median=100000000.0, diversity=0.115 | INDIVIDUALS: n=200, avg_genome_length=11.74
2021-12-16 19:59:03.321074 | GENERATION: 79 | ERRORS: best=24, median=100000000.0, diversity=0.155 | INDIVIDUALS: n=200, avg_genome_length=12.31
2021-12-16 19:59:04.454797 | GENERATION: 80 | ERRORS: best=24, median=100000000.0, diversity=0.145 | INDIVIDUALS: n=200, avg_genome_length=13.96
2021-12-16 19:59:05.565678 | GENERATION: 81 | ERRORS: best=24, median=100000000.0, diversity=0.155 | INDIVIDUALS: n=200, avg_genome_length=12.92
2021-12-16 19:59:06.620794 | GENERATION: 82 | ERRORS: best=24, median=100000000.0, diversity=0.145 | INDIVIDUALS: n=200, avg_genome_length=12.235
2021-12-16 19:59:07.715504 | GENERATION: 83 | ERRORS: best=24, median=100000000.0, diversity=0.155 | INDIVIDUALS: n=200, avg_genome_length=12.815
2021-12-16 19:59:08.870506 | GENERATION: 84 | ERRORS: best=24, median=100000000.0, diversity=0.14 | INDIVIDUALS: n=200, avg_genome_length=12.485
2021-12-16 19:59:09.973803 | GENERATION: 85 | ERRORS: best=24, median=100000000.0, diversity=0.13 | INDIVIDUALS: n=200, avg_genome_length=12.89
2021-12-16 19:59:11.099723 | GENERATION: 86 | ERRORS: best=24, median=75.0, diversity=0.17 | INDIVIDUALS: n=200, avg_genome_length=13.87
2021-12-16 19:59:12.249448 | GENERATION: 87 | ERRORS: best=24, median=75.0, diversity=0.135 | INDIVIDUALS: n=200, avg_genome_length=13.49
2021-12-16 19:59:13.463051 | GENERATION: 88 | ERRORS: best=24, median=71.5, diversity=0.12 | INDIVIDUALS: n=200, avg_genome_length=14.59
2021-12-16 19:59:14.607324 | GENERATION: 89 | ERRORS: best=24, median=75.0, diversity=0.145 | INDIVIDUALS: n=200, avg_genome_length=13.515
2021-12-16 19:59:16.239393 | GENERATION: 90 | ERRORS: best=24, median=50.5, diversity=0.14 | INDIVIDUALS: n=200, avg_genome_length=13.585
2021-12-16 19:59:18.223270 | GENERATION: 91 | ERRORS: best=24, median=68.0, diversity=0.135 | INDIVIDUALS: n=200, avg_genome_length=15.1
2021-12-16 19:59:19.752840 | GENERATION: 92 | ERRORS: best=24, median=100000000.0, diversity=0.095 | INDIVIDUALS: n=200, avg_genome_length=12.98
2021-12-16 19:59:21.716651 | GENERATION: 93 | ERRORS: best=24, median=75.0, diversity=0.13 | INDIVIDUALS: n=200, avg_genome_length=13.615
2021-12-16 19:59:23.612647 | GENERATION: 94 | ERRORS: best=24, median=75.0, diversity=0.155 | INDIVIDUALS: n=200, avg_genome_length=12.75
2021-12-16 19:59:25.885546 | GENERATION: 95 | ERRORS: best=24, median=100000000.0, diversity=0.165 | INDIVIDUALS: n=200, avg_genome_length=11.82
2021-12-16 19:59:27.317557 | GENERATION: 96 | ERRORS: best=24, median=100000000.0, diversity=0.15 | INDIVIDUALS: n=200, avg_genome_length=11.975
2021-12-16 19:59:28.370781 | GENERATION: 97 | ERRORS: best=24, median=100000000.0, diversity=0.14 | INDIVIDUALS: n=200, avg_genome_length=10.915
2021-12-16 19:59:29.429754 | GENERATION: 98 | ERRORS: best=24, median=100000000.0, diversity=0.16 | INDIVIDUALS: n=200, avg_genome_length=11.805
2021-12-16 19:59:30.648197 | GENERATION: 99 | ERRORS: best=24, median=100000000.0, diversity=0.145 | INDIVIDUALS: n=200, avg_genome_length=12.665
2021-12-16 19:59:32.058605 | GENERATION: 100 | ERRORS: best=24, median=100000000.0, diversity=0.16 | INDIVIDUALS: n=200, avg_genome_length=13.085
2021-12-16 19:59:33.924202 | GENERATION: 101 | ERRORS: best=24, median=75.0, diversity=0.17 | INDIVIDUALS: n=200, avg_genome_length=14.13
2021-12-16 19:59:35.538446 | GENERATION: 102 | ERRORS: best=24, median=100000000.0, diversity=0.21 | INDIVIDUALS: n=200, avg_genome_length=12.565
2021-12-16 19:59:36.681112 | GENERATION: 103 | ERRORS: best=24, median=100000000.0, diversity=0.12 | INDIVIDUALS: n=200, avg_genome_length=11.785
2021-12-16 19:59:37.824935 | GENERATION: 104 | ERRORS: best=24, median=100000000.0, diversity=0.12 | INDIVIDUALS: n=200, avg_genome_length=12.14
2021-12-16 19:59:39.739837 | GENERATION: 105 | ERRORS: best=24, median=100000000.0, diversity=0.15 | INDIVIDUALS: n=200, avg_genome_length=10.79
2021-12-16 19:59:40.901971 | GENERATION: 106 | ERRORS: best=24, median=100000000.0, diversity=0.11 | INDIVIDUALS: n=200, avg_genome_length=10.55
2021-12-16 19:59:42.458398 | GENERATION: 107 | ERRORS: best=24, median=100000000.0, diversity=0.095 | INDIVIDUALS: n=200, avg_genome_length=10.925
2021-12-16 19:59:43.785495 | GENERATION: 108 | ERRORS: best=24, median=100000000.0, diversity=0.1 | INDIVIDUALS: n=200, avg_genome_length=10.385
2021-12-16 19:59:45.063508 | GENERATION: 109 | ERRORS: best=25, median=100000000.0, diversity=0.125 | INDIVIDUALS: n=200, avg_genome_length=11.61
2021-12-16 19:59:46.429235 | GENERATION: 110 | ERRORS: best=25, median=75.0, diversity=0.12 | INDIVIDUALS: n=200, avg_genome_length=14.075
2021-12-16 19:59:47.997412 | GENERATION: 111 | ERRORS: best=25, median=100000000.0, diversity=0.135 | INDIVIDUALS: n=200, avg_genome_length=14.29
2021-12-16 19:59:49.443084 | GENERATION: 112 | ERRORS: best=24, median=100000000.0, diversity=0.15 | INDIVIDUALS: n=200, avg_genome_length=12.65
2021-12-16 19:59:50.908496 | GENERATION: 113 | ERRORS: best=24, median=100000000.0, diversity=0.16 | INDIVIDUALS: n=200, avg_genome_length=10.75
2021-12-16 19:59:52.123615 | GENERATION: 114 | ERRORS: best=24, median=100000000.0, diversity=0.145 | INDIVIDUALS: n=200, avg_genome_length=10.785
2021-12-16 19:59:53.801788 | GENERATION: 115 | ERRORS: best=24, median=100000000.0, diversity=0.135 | INDIVIDUALS: n=200, avg_genome_length=11.69
2021-12-16 19:59:55.604653 | GENERATION: 116 | ERRORS: best=24, median=100000000.0, diversity=0.14 | INDIVIDUALS: n=200, avg_genome_length=10.96
2021-12-16 19:59:56.731723 | GENERATION: 117 | ERRORS: best=23, median=100000000.0, diversity=0.135 | INDIVIDUALS: n=200, avg_genome_length=12.05
2021-12-16 19:59:58.337413 | GENERATION: 118 | ERRORS: best=23, median=95000004.0, diversity=0.155 | INDIVIDUALS: n=200, avg_genome_length=12.095
2021-12-16 20:00:00.006660 | GENERATION: 119 | ERRORS: best=23, median=100000000.0, diversity=0.155 | INDIVIDUALS: n=200, avg_genome_length=11.335
2021-12-16 20:00:01.355979 | GENERATION: 120 | ERRORS: best=23, median=100000000.0, diversity=0.135 | INDIVIDUALS: n=200, avg_genome_length=11.025
2021-12-16 20:00:02.817272 | GENERATION: 121 | ERRORS: best=23, median=100000000.0, diversity=0.135 | INDIVIDUALS: n=200, avg_genome_length=11.05
2021-12-16 20:00:04.087084 | GENERATION: 122 | ERRORS: best=23, median=100000000.0, diversity=0.115 | INDIVIDUALS: n=200, avg_genome_length=10.755
2021-12-16 20:00:05.119768 | GENERATION: 123 | ERRORS: best=23, median=100000000.0, diversity=0.11 | INDIVIDUALS: n=200, avg_genome_length=10.1
2021-12-16 20:00:06.186308 | GENERATION: 124 | ERRORS: best=23, median=100000000.0, diversity=0.145 | INDIVIDUALS: n=200, avg_genome_length=10.905
2021-12-16 20:00:07.324193 | GENERATION: 125 | ERRORS: best=23, median=100000000.0, diversity=0.11 | INDIVIDUALS: n=200, avg_genome_length=11.745
2021-12-16 20:00:08.746235 | GENERATION: 126 | ERRORS: best=23, median=75.0, diversity=0.145 | INDIVIDUALS: n=200, avg_genome_length=11.985
2021-12-16 20:00:10.019419 | GENERATION: 127 | ERRORS: best=24, median=75.0, diversity=0.165 | INDIVIDUALS: n=200, avg_genome_length=11.405
2021-12-16 20:00:11.893833 | GENERATION: 128 | ERRORS: best=23, median=75.0, diversity=0.14 | INDIVIDUALS: n=200, avg_genome_length=12.18
2021-12-16 20:00:13.426531 | GENERATION: 129 | ERRORS: best=23, median=75.0, diversity=0.155 | INDIVIDUALS: n=200, avg_genome_length=12.485
2021-12-16 20:00:15.077537 | GENERATION: 130 | ERRORS: best=23, median=75.0, diversity=0.17 | INDIVIDUALS: n=200, avg_genome_length=12.64
2021-12-16 20:00:16.188810 | GENERATION: 131 | ERRORS: best=23, median=45.0, diversity=0.14 | INDIVIDUALS: n=200, avg_genome_length=12.515
2021-12-16 20:00:17.314148 | GENERATION: 132 | ERRORS: best=23, median=75.0, diversity=0.135 | INDIVIDUALS: n=200, avg_genome_length=10.365
2021-12-16 20:00:18.981017 | GENERATION: 133 | ERRORS: best=23, median=10000046.5, diversity=0.165 | INDIVIDUALS: n=200, avg_genome_length=11.155
2021-12-16 20:00:20.059675 | GENERATION: 134 | ERRORS: best=23, median=100000000.0, diversity=0.14 | INDIVIDUALS: n=200, avg_genome_length=10.63
2021-12-16 20:00:21.188245 | GENERATION: 135 | ERRORS: best=23, median=100000000.0, diversity=0.18 | INDIVIDUALS: n=200, avg_genome_length=10.53
2021-12-16 20:00:22.265098 | GENERATION: 136 | ERRORS: best=23, median=100000000.0, diversity=0.15 | INDIVIDUALS: n=200, avg_genome_length=9.89
2021-12-16 20:00:23.673187 | GENERATION: 137 | ERRORS: best=24, median=93500006.0, diversity=0.175 | INDIVIDUALS: n=200, avg_genome_length=10.01
2021-12-16 20:00:24.618522 | GENERATION: 138 | ERRORS: best=24, median=100000000.0, diversity=0.135 | INDIVIDUALS: n=200, avg_genome_length=8.92
2021-12-16 20:00:25.617810 | GENERATION: 139 | ERRORS: best=24, median=100000000.0, diversity=0.12 | INDIVIDUALS: n=200, avg_genome_length=8.845
2021-12-16 20:00:26.692048 | GENERATION: 140 | ERRORS: best=24, median=100000000.0, diversity=0.11 | INDIVIDUALS: n=200, avg_genome_length=9.54
2021-12-16 20:00:27.733769 | GENERATION: 141 | ERRORS: best=24, median=100000000.0, diversity=0.13 | INDIVIDUALS: n=200, avg_genome_length=10.29
2021-12-16 20:00:28.800736 | GENERATION: 142 | ERRORS: best=24, median=100000000.0, diversity=0.125 | INDIVIDUALS: n=200, avg_genome_length=9.98
2021-12-16 20:00:29.886895 | GENERATION: 143 | ERRORS: best=24, median=100000000.0, diversity=0.15 | INDIVIDUALS: n=200, avg_genome_length=9.865
2021-12-16 20:00:30.911410 | GENERATION: 144 | ERRORS: best=24, median=100000000.0, diversity=0.14 | INDIVIDUALS: n=200, avg_genome_length=10.03
2021-12-16 20:00:32.146455 | GENERATION: 145 | ERRORS: best=24, median=100000000.0, diversity=0.125 | INDIVIDUALS: n=200, avg_genome_length=10.275
2021-12-16 20:00:33.202888 | GENERATION: 146 | ERRORS: best=24, median=100000000.0, diversity=0.145 | INDIVIDUALS: n=200, avg_genome_length=10.48
2021-12-16 20:00:34.533763 | GENERATION: 147 | ERRORS: best=23, median=100000000.0, diversity=0.175 | INDIVIDUALS: n=200, avg_genome_length=11.995
2021-12-16 20:00:35.962314 | GENERATION: 148 | ERRORS: best=23, median=100000000.0, diversity=0.17 | INDIVIDUALS: n=200, avg_genome_length=11.26
2021-12-16 20:00:37.118971 | GENERATION: 149 | ERRORS: best=24, median=100000000.0, diversity=0.19 | INDIVIDUALS: n=200, avg_genome_length=10.435
2021-12-16 20:00:38.198143 | GENERATION: 150 | ERRORS: best=24, median=100000000.0, diversity=0.165 | INDIVIDUALS: n=200, avg_genome_length=10.12
2021-12-16 20:00:39.729196 | GENERATION: 151 | ERRORS: best=24, median=100000000.0, diversity=0.155 | INDIVIDUALS: n=200, avg_genome_length=11.41
2021-12-16 20:00:40.851680 | GENERATION: 152 | ERRORS: best=24, median=100000000.0, diversity=0.2 | INDIVIDUALS: n=200, avg_genome_length=11.76
2021-12-16 20:00:42.571678 | GENERATION: 153 | ERRORS: best=24, median=50000037.5, diversity=0.205 | INDIVIDUALS: n=200, avg_genome_length=11.605
2021-12-16 20:00:44.283633 | GENERATION: 154 | ERRORS: best=24, median=100000000.0, diversity=0.22 | INDIVIDUALS: n=200, avg_genome_length=10.33
2021-12-16 20:00:45.349647 | GENERATION: 155 | ERRORS: best=24, median=100000000.0, diversity=0.19 | INDIVIDUALS: n=200, avg_genome_length=10.285
2021-12-16 20:00:46.579526 | GENERATION: 156 | ERRORS: best=24, median=100000000.0, diversity=0.19 | INDIVIDUALS: n=200, avg_genome_length=10.985
2021-12-16 20:00:47.843745 | GENERATION: 157 | ERRORS: best=24, median=70.5, diversity=0.225 | INDIVIDUALS: n=200, avg_genome_length=11.39
2021-12-16 20:00:49.103471 | GENERATION: 158 | ERRORS: best=24, median=100000000.0, diversity=0.19 | INDIVIDUALS: n=200, avg_genome_length=11.335
2021-12-16 20:00:50.227243 | GENERATION: 159 | ERRORS: best=24, median=100000000.0, diversity=0.185 | INDIVIDUALS: n=200, avg_genome_length=12.06
2021-12-16 20:00:51.782911 | GENERATION: 160 | ERRORS: best=24, median=75.0, diversity=0.175 | INDIVIDUALS: n=200, avg_genome_length=12.125
2021-12-16 20:00:53.347485 | GENERATION: 161 | ERRORS: best=24, median=75.0, diversity=0.2 | INDIVIDUALS: n=200, avg_genome_length=11.595
2021-12-16 20:00:55.245556 | GENERATION: 162 | ERRORS: best=24, median=100000000.0, diversity=0.16 | INDIVIDUALS: n=200, avg_genome_length=10.88
2021-12-16 20:00:56.354799 | GENERATION: 163 | ERRORS: best=24, median=75.0, diversity=0.145 | INDIVIDUALS: n=200, avg_genome_length=10.845
2021-12-16 20:00:57.408710 | GENERATION: 164 | ERRORS: best=24, median=100000000.0, diversity=0.115 | INDIVIDUALS: n=200, avg_genome_length=9.31
2021-12-16 20:00:58.928182 | GENERATION: 165 | ERRORS: best=24, median=100000000.0, diversity=0.095 | INDIVIDUALS: n=200, avg_genome_length=9.37
2021-12-16 20:00:59.884479 | GENERATION: 166 | ERRORS: best=24, median=100000000.0, diversity=0.09 | INDIVIDUALS: n=200, avg_genome_length=8.475
2021-12-16 20:01:01.359953 | GENERATION: 167 | ERRORS: best=24, median=100000000.0, diversity=0.105 | INDIVIDUALS: n=200, avg_genome_length=8.085
2021-12-16 20:01:02.541927 | GENERATION: 168 | ERRORS: best=24, median=100000000.0, diversity=0.09 | INDIVIDUALS: n=200, avg_genome_length=8.205
2021-12-16 20:01:03.633458 | GENERATION: 169 | ERRORS: best=24, median=100000000.0, diversity=0.09 | INDIVIDUALS: n=200, avg_genome_length=8.055
2021-12-16 20:01:04.682940 | GENERATION: 170 | ERRORS: best=24, median=100000000.0, diversity=0.08 | INDIVIDUALS: n=200, avg_genome_length=7.46
2021-12-16 20:01:05.606717 | GENERATION: 171 | ERRORS: best=25, median=100000000.0, diversity=0.065 | INDIVIDUALS: n=200, avg_genome_length=7.025
2021-12-16 20:01:06.574375 | GENERATION: 172 | ERRORS: best=24, median=100000000.0, diversity=0.06 | INDIVIDUALS: n=200, avg_genome_length=8.205
2021-12-16 20:01:07.626526 | GENERATION: 173 | ERRORS: best=24, median=100000000.0, diversity=0.065 | INDIVIDUALS: n=200, avg_genome_length=8.005
2021-12-16 20:01:08.646946 | GENERATION: 174 | ERRORS: best=24, median=100000000.0, diversity=0.07 | INDIVIDUALS: n=200, avg_genome_length=8.21
2021-12-16 20:01:09.659161 | GENERATION: 175 | ERRORS: best=24, median=100000000.0, diversity=0.075 | INDIVIDUALS: n=200, avg_genome_length=8.38
2021-12-16 20:01:10.684231 | GENERATION: 176 | ERRORS: best=24, median=100000000.0, diversity=0.075 | INDIVIDUALS: n=200, avg_genome_length=8.26
2021-12-16 20:01:11.750976 | GENERATION: 177 | ERRORS: best=24, median=100000000.0, diversity=0.08 | INDIVIDUALS: n=200, avg_genome_length=9.235
2021-12-16 20:01:12.926631 | GENERATION: 178 | ERRORS: best=24, median=100000000.0, diversity=0.09 | INDIVIDUALS: n=200, avg_genome_length=10.07
2021-12-16 20:01:14.115253 | GENERATION: 179 | ERRORS: best=24, median=100000000.0, diversity=0.095 | INDIVIDUALS: n=200, avg_genome_length=9.49
2021-12-16 20:01:15.343251 | GENERATION: 180 | ERRORS: best=24, median=100000000.0, diversity=0.115 | INDIVIDUALS: n=200, avg_genome_length=9.265
2021-12-16 20:01:17.044390 | GENERATION: 181 | ERRORS: best=24, median=50000037.5, diversity=0.1 | INDIVIDUALS: n=200, avg_genome_length=10.935
2021-12-16 20:01:18.145982 | GENERATION: 182 | ERRORS: best=24, median=100000000.0, diversity=0.135 | INDIVIDUALS: n=200, avg_genome_length=11.04
2021-12-16 20:01:19.942720 | GENERATION: 183 | ERRORS: best=24, median=6500068.5, diversity=0.195 | INDIVIDUALS: n=200, avg_genome_length=13.32
2021-12-16 20:01:21.596611 | GENERATION: 184 | ERRORS: best=23, median=100000000.0, diversity=0.205 | INDIVIDUALS: n=200, avg_genome_length=13.17
2021-12-16 20:01:23.272697 | GENERATION: 185 | ERRORS: best=23, median=59500012.0, diversity=0.19 | INDIVIDUALS: n=200, avg_genome_length=13.705
2021-12-16 20:01:24.724356 | GENERATION: 186 | ERRORS: best=23, median=100000000.0, diversity=0.175 | INDIVIDUALS: n=200, avg_genome_length=12.355
2021-12-16 20:01:26.160379 | GENERATION: 187 | ERRORS: best=23, median=100000000.0, diversity=0.17 | INDIVIDUALS: n=200, avg_genome_length=12.09
2021-12-16 20:01:27.985378 | GENERATION: 188 | ERRORS: best=23, median=100000000.0, diversity=0.16 | INDIVIDUALS: n=200, avg_genome_length=12.175
2021-12-16 20:01:29.769054 | GENERATION: 189 | ERRORS: best=23, median=100000000.0, diversity=0.115 | INDIVIDUALS: n=200, avg_genome_length=11.365
2021-12-16 20:01:31.136123 | GENERATION: 190 | ERRORS: best=23, median=56500012.5, diversity=0.12 | INDIVIDUALS: n=200, avg_genome_length=11.395
2021-12-16 20:01:32.868805 | GENERATION: 191 | ERRORS: best=23, median=100000000.0, diversity=0.105 | INDIVIDUALS: n=200, avg_genome_length=10.765
2021-12-16 20:01:34.676684 | GENERATION: 192 | ERRORS: best=23, median=100000000.0, diversity=0.1 | INDIVIDUALS: n=200, avg_genome_length=11.22
2021-12-16 20:01:37.120990 | GENERATION: 193 | ERRORS: best=23, median=100000000.0, diversity=0.1 | INDIVIDUALS: n=200, avg_genome_length=13.465
2021-12-16 20:01:39.229641 | GENERATION: 194 | ERRORS: best=23, median=62.0, diversity=0.165 | INDIVIDUALS: n=200, avg_genome_length=14.2
2021-12-16 20:01:40.640052 | GENERATION: 195 | ERRORS: best=23, median=68.0, diversity=0.135 | INDIVIDUALS: n=200, avg_genome_length=13.81
2021-12-16 20:01:42.256512 | GENERATION: 196 | ERRORS: best=23, median=100000000.0, diversity=0.15 | INDIVIDUALS: n=200, avg_genome_length=14.85
2021-12-16 20:01:43.777174 | GENERATION: 197 | ERRORS: best=23, median=100000000.0, diversity=0.13 | INDIVIDUALS: n=200, avg_genome_length=13.865
2021-12-16 20:01:45.425960 | GENERATION: 198 | ERRORS: best=23, median=100000000.0, diversity=0.15 | INDIVIDUALS: n=200, avg_genome_length=15.145
2021-12-16 20:01:48.090142 | GENERATION: 199 | ERRORS: best=23, median=100000000.0, diversity=0.145 | INDIVIDUALS: n=200, avg_genome_length=14.05
2021-12-16 20:01:49.375265 | GENERATION: 200 | ERRORS: best=23, median=69.0, diversity=0.155 | INDIVIDUALS: n=200, avg_genome_length=13.68
2021-12-16 20:01:50.992336 | GENERATION: 201 | ERRORS: best=23, median=100000000.0, diversity=0.13 | INDIVIDUALS: n=200, avg_genome_length=12.495
2021-12-16 20:01:52.488342 | GENERATION: 202 | ERRORS: best=23, median=75.0, diversity=0.105 | INDIVIDUALS: n=200, avg_genome_length=14.145
2021-12-16 20:01:53.818131 | GENERATION: 203 | ERRORS: best=23, median=75.0, diversity=0.11 | INDIVIDUALS: n=200, avg_genome_length=13.93
2021-12-16 20:01:55.510529 | GENERATION: 204 | ERRORS: best=23, median=75.0, diversity=0.135 | INDIVIDUALS: n=200, avg_genome_length=13.12
2021-12-16 20:01:56.699548 | GENERATION: 205 | ERRORS: best=23, median=75.0, diversity=0.1 | INDIVIDUALS: n=200, avg_genome_length=12.69
2021-12-16 20:01:58.215578 | GENERATION: 206 | ERRORS: best=23, median=75.0, diversity=0.085 | INDIVIDUALS: n=200, avg_genome_length=11.735
2021-12-16 20:01:59.739721 | GENERATION: 207 | ERRORS: best=23, median=75.0, diversity=0.11 | INDIVIDUALS: n=200, avg_genome_length=12.155
2021-12-16 20:02:00.847062 | GENERATION: 208 | ERRORS: best=23, median=55.0, diversity=0.08 | INDIVIDUALS: n=200, avg_genome_length=10.825
2021-12-16 20:02:02.320386 | GENERATION: 209 | ERRORS: best=23, median=75.0, diversity=0.075 | INDIVIDUALS: n=200, avg_genome_length=10.105
2021-12-16 20:02:03.365794 | GENERATION: 210 | ERRORS: best=24, median=100000000.0, diversity=0.075 | INDIVIDUALS: n=200, avg_genome_length=9.575
2021-12-16 20:02:04.976122 | GENERATION: 211 | ERRORS: best=24, median=100000000.0, diversity=0.08 | INDIVIDUALS: n=200, avg_genome_length=9.235
2021-12-16 20:02:06.052108 | GENERATION: 212 | ERRORS: best=24, median=100000000.0, diversity=0.085 | INDIVIDUALS: n=200, avg_genome_length=10.96
2021-12-16 20:02:07.729253 | GENERATION: 213 | ERRORS: best=22, median=100000000.0, diversity=0.085 | INDIVIDUALS: n=200, avg_genome_length=10.98
2021-12-16 20:02:08.960527 | GENERATION: 214 | ERRORS: best=20, median=61.5, diversity=0.125 | INDIVIDUALS: n=200, avg_genome_length=14.91
2021-12-16 20:02:11.255481 | GENERATION: 215 | ERRORS: best=17, median=29.0, diversity=0.16 | INDIVIDUALS: n=200, avg_genome_length=16.965
2021-12-16 20:02:13.686246 | GENERATION: 216 | ERRORS: best=17, median=31.0, diversity=0.285 | INDIVIDUALS: n=200, avg_genome_length=21.04
2021-12-16 20:02:16.213482 | GENERATION: 217 | ERRORS: best=18, median=28.0, diversity=0.3 | INDIVIDUALS: n=200, avg_genome_length=22.005
2021-12-16 20:02:18.633571 | GENERATION: 218 | ERRORS: best=18, median=28.0, diversity=0.365 | INDIVIDUALS: n=200, avg_genome_length=25.27
2021-12-16 20:02:21.158942 | GENERATION: 219 | ERRORS: best=18, median=28.0, diversity=0.41 | INDIVIDUALS: n=200, avg_genome_length=25.915
2021-12-16 20:02:23.752521 | GENERATION: 220 | ERRORS: best=17, median=29.0, diversity=0.42 | INDIVIDUALS: n=200, avg_genome_length=26.995
2021-12-16 20:02:26.344674 | GENERATION: 221 | ERRORS: best=17, median=32.5, diversity=0.42 | INDIVIDUALS: n=200, avg_genome_length=26.755
2021-12-16 20:02:29.293957 | GENERATION: 222 | ERRORS: best=15, median=29.0, diversity=0.415 | INDIVIDUALS: n=200, avg_genome_length=29.01
2021-12-16 20:02:32.638976 | GENERATION: 223 | ERRORS: best=15, median=27.0, diversity=0.44 | INDIVIDUALS: n=200, avg_genome_length=29.345
2021-12-16 20:02:35.940367 | GENERATION: 224 | ERRORS: best=14, median=25.0, diversity=0.42 | INDIVIDUALS: n=200, avg_genome_length=28.44
2021-12-16 20:02:39.222388 | GENERATION: 225 | ERRORS: best=14, median=26.0, diversity=0.415 | INDIVIDUALS: n=200, avg_genome_length=32.275
2021-12-16 20:02:43.210696 | GENERATION: 226 | ERRORS: best=16, median=27.5, diversity=0.44 | INDIVIDUALS: n=200, avg_genome_length=30.39
2021-12-16 20:02:46.763000 | GENERATION: 227 | ERRORS: best=15, median=25.0, diversity=0.415 | INDIVIDUALS: n=200, avg_genome_length=31.545
2021-12-16 20:02:51.022715 | GENERATION: 228 | ERRORS: best=15, median=29.0, diversity=0.455 | INDIVIDUALS: n=200, avg_genome_length=32.075
2021-12-16 20:02:55.151639 | GENERATION: 229 | ERRORS: best=15, median=30.0, diversity=0.4 | INDIVIDUALS: n=200, avg_genome_length=31.565
2021-12-16 20:02:58.662723 | GENERATION: 230 | ERRORS: best=15, median=26.5, diversity=0.395 | INDIVIDUALS: n=200, avg_genome_length=29.31
2021-12-16 20:03:02.040055 | GENERATION: 231 | ERRORS: best=15, median=27.0, diversity=0.385 | INDIVIDUALS: n=200, avg_genome_length=27.22
2021-12-16 20:03:04.802998 | GENERATION: 232 | ERRORS: best=15, median=25.5, diversity=0.33 | INDIVIDUALS: n=200, avg_genome_length=25.85
2021-12-16 20:03:07.706670 | GENERATION: 233 | ERRORS: best=15, median=26.0, diversity=0.375 | INDIVIDUALS: n=200, avg_genome_length=24.245
2021-12-16 20:03:10.804464 | GENERATION: 234 | ERRORS: best=15, median=29.0, diversity=0.44 | INDIVIDUALS: n=200, avg_genome_length=22.99
2021-12-16 20:03:13.588313 | GENERATION: 235 | ERRORS: best=15, median=27.0, diversity=0.48 | INDIVIDUALS: n=200, avg_genome_length=22.58
2021-12-16 20:03:16.670991 | GENERATION: 236 | ERRORS: best=15, median=26.0, diversity=0.35 | INDIVIDUALS: n=200, avg_genome_length=21.065
2021-12-16 20:03:19.478545 | GENERATION: 237 | ERRORS: best=15, median=27.0, diversity=0.41 | INDIVIDUALS: n=200, avg_genome_length=23.185
2021-12-16 20:03:22.398634 | GENERATION: 238 | ERRORS: best=16, median=29.0, diversity=0.405 | INDIVIDUALS: n=200, avg_genome_length=22.24
2021-12-16 20:03:25.238678 | GENERATION: 239 | ERRORS: best=15, median=29.0, diversity=0.335 | INDIVIDUALS: n=200, avg_genome_length=22.05
2021-12-16 20:03:27.430320 | GENERATION: 240 | ERRORS: best=15, median=25.0, diversity=0.275 | INDIVIDUALS: n=200, avg_genome_length=22.295
2021-12-16 20:03:30.080856 | GENERATION: 241 | ERRORS: best=15, median=27.0, diversity=0.255 | INDIVIDUALS: n=200, avg_genome_length=23.79
2021-12-16 20:03:32.449422 | GENERATION: 242 | ERRORS: best=15, median=29.0, diversity=0.285 | INDIVIDUALS: n=200, avg_genome_length=24.68
2021-12-16 20:03:34.261980 | GENERATION: 243 | ERRORS: best=15, median=27.0, diversity=0.27 | INDIVIDUALS: n=200, avg_genome_length=24.88
2021-12-16 20:03:36.718615 | GENERATION: 244 | ERRORS: best=15, median=41.0, diversity=0.335 | INDIVIDUALS: n=200, avg_genome_length=26.83
2021-12-16 20:03:39.052494 | GENERATION: 245 | ERRORS: best=15, median=26.0, diversity=0.25 | INDIVIDUALS: n=200, avg_genome_length=28.1
2021-12-16 20:03:41.424713 | GENERATION: 246 | ERRORS: best=15, median=27.0, diversity=0.3 | INDIVIDUALS: n=200, avg_genome_length=28.605
2021-12-16 20:03:43.710600 | GENERATION: 247 | ERRORS: best=15, median=25.5, diversity=0.23 | INDIVIDUALS: n=200, avg_genome_length=30.19
2021-12-16 20:03:46.491375 | GENERATION: 248 | ERRORS: best=15, median=38.5, diversity=0.31 | INDIVIDUALS: n=200, avg_genome_length=31.565
2021-12-16 20:03:48.837025 | GENERATION: 249 | ERRORS: best=15, median=30.0, diversity=0.305 | INDIVIDUALS: n=200, avg_genome_length=32.395
2021-12-16 20:03:51.995963 | GENERATION: 250 | ERRORS: best=15, median=26.0, diversity=0.295 | INDIVIDUALS: n=200, avg_genome_length=32.625
2021-12-16 20:03:54.782058 | GENERATION: 251 | ERRORS: best=16, median=31.0, diversity=0.395 | INDIVIDUALS: n=200, avg_genome_length=33.21
2021-12-16 20:03:57.659709 | GENERATION: 252 | ERRORS: best=17, median=31.0, diversity=0.415 | INDIVIDUALS: n=200, avg_genome_length=33.965
2021-12-16 20:04:00.095748 | GENERATION: 253 | ERRORS: best=15, median=29.0, diversity=0.35 | INDIVIDUALS: n=200, avg_genome_length=33.78
2021-12-16 20:04:02.572890 | GENERATION: 254 | ERRORS: best=15, median=26.0, diversity=0.375 | INDIVIDUALS: n=200, avg_genome_length=33.595
2021-12-16 20:04:05.358532 | GENERATION: 255 | ERRORS: best=15, median=26.0, diversity=0.375 | INDIVIDUALS: n=200, avg_genome_length=34.515
2021-12-16 20:04:07.855036 | GENERATION: 256 | ERRORS: best=15, median=25.5, diversity=0.34 | INDIVIDUALS: n=200, avg_genome_length=32.475
2021-12-16 20:04:10.431896 | GENERATION: 257 | ERRORS: best=15, median=25.0, diversity=0.34 | INDIVIDUALS: n=200, avg_genome_length=31.37
2021-12-16 20:04:12.733278 | GENERATION: 258 | ERRORS: best=15, median=27.0, diversity=0.35 | INDIVIDUALS: n=200, avg_genome_length=28.575
2021-12-16 20:04:15.331042 | GENERATION: 259 | ERRORS: best=15, median=29.5, diversity=0.3 | INDIVIDUALS: n=200, avg_genome_length=28.315
2021-12-16 20:04:17.569855 | GENERATION: 260 | ERRORS: best=15, median=29.0, diversity=0.325 | INDIVIDUALS: n=200, avg_genome_length=27.415
2021-12-16 20:04:19.986062 | GENERATION: 261 | ERRORS: best=14, median=25.5, diversity=0.36 | INDIVIDUALS: n=200, avg_genome_length=27.79
2021-12-16 20:04:22.450987 | GENERATION: 262 | ERRORS: best=15, median=26.0, diversity=0.405 | INDIVIDUALS: n=200, avg_genome_length=28.295
2021-12-16 20:04:24.443668 | GENERATION: 263 | ERRORS: best=15, median=26.0, diversity=0.355 | INDIVIDUALS: n=200, avg_genome_length=27.79
2021-12-16 20:04:27.060874 | GENERATION: 264 | ERRORS: best=15, median=27.5, diversity=0.34 | INDIVIDUALS: n=200, avg_genome_length=27.405
2021-12-16 20:04:29.147610 | GENERATION: 265 | ERRORS: best=15, median=28.0, diversity=0.35 | INDIVIDUALS: n=200, avg_genome_length=26.16
2021-12-16 20:04:31.625333 | GENERATION: 266 | ERRORS: best=17, median=29.0, diversity=0.31 | INDIVIDUALS: n=200, avg_genome_length=26.665
2021-12-16 20:04:33.903167 | GENERATION: 267 | ERRORS: best=21, median=26.0, diversity=0.345 | INDIVIDUALS: n=200, avg_genome_length=25.185
2021-12-16 20:04:36.056373 | GENERATION: 268 | ERRORS: best=14, median=29.0, diversity=0.375 | INDIVIDUALS: n=200, avg_genome_length=25.95
2021-12-16 20:04:38.500837 | GENERATION: 269 | ERRORS: best=15, median=27.5, diversity=0.355 | INDIVIDUALS: n=200, avg_genome_length=22.705
2021-12-16 20:04:40.588372 | GENERATION: 270 | ERRORS: best=14, median=25.0, diversity=0.315 | INDIVIDUALS: n=200, avg_genome_length=23.11
2021-12-16 20:04:42.898500 | GENERATION: 271 | ERRORS: best=14, median=26.0, diversity=0.305 | INDIVIDUALS: n=200, avg_genome_length=21.905
2021-12-16 20:04:45.635665 | GENERATION: 272 | ERRORS: best=15, median=29.0, diversity=0.315 | INDIVIDUALS: n=200, avg_genome_length=20.415
2021-12-16 20:04:47.381066 | GENERATION: 273 | ERRORS: best=14, median=25.0, diversity=0.315 | INDIVIDUALS: n=200, avg_genome_length=20.885
2021-12-16 20:04:49.301644 | GENERATION: 274 | ERRORS: best=14, median=29.0, diversity=0.38 | INDIVIDUALS: n=200, avg_genome_length=22.82
2021-12-16 20:04:50.972691 | GENERATION: 275 | ERRORS: best=14, median=25.0, diversity=0.275 | INDIVIDUALS: n=200, avg_genome_length=21.085
2021-12-16 20:04:53.475654 | GENERATION: 276 | ERRORS: best=11, median=25.0, diversity=0.28 | INDIVIDUALS: n=200, avg_genome_length=20.425
2021-12-16 20:04:55.675278 | GENERATION: 277 | ERRORS: best=21, median=25.0, diversity=0.225 | INDIVIDUALS: n=200, avg_genome_length=19.16
2021-12-16 20:04:57.507060 | GENERATION: 278 | ERRORS: best=9, median=25.0, diversity=0.255 | INDIVIDUALS: n=200, avg_genome_length=19.29
2021-12-16 20:04:59.471738 | GENERATION: 279 | ERRORS: best=12, median=25.0, diversity=0.265 | INDIVIDUALS: n=200, avg_genome_length=18.9
2021-12-16 20:05:01.115477 | GENERATION: 280 | ERRORS: best=12, median=25.0, diversity=0.24 | INDIVIDUALS: n=200, avg_genome_length=17.95
2021-12-16 20:05:02.825430 | GENERATION: 281 | ERRORS: best=13, median=43.0, diversity=0.25 | INDIVIDUALS: n=200, avg_genome_length=15.915
2021-12-16 20:05:04.255060 | GENERATION: 282 | ERRORS: best=11, median=29.0, diversity=0.25 | INDIVIDUALS: n=200, avg_genome_length=15.925
2021-12-16 20:05:05.870446 | GENERATION: 283 | ERRORS: best=21, median=26.0, diversity=0.255 | INDIVIDUALS: n=200, avg_genome_length=18.475
2021-12-16 20:05:07.657966 | GENERATION: 284 | ERRORS: best=21, median=25.0, diversity=0.295 | INDIVIDUALS: n=200, avg_genome_length=17.495
2021-12-16 20:05:09.595494 | GENERATION: 285 | ERRORS: best=14, median=25.0, diversity=0.275 | INDIVIDUALS: n=200, avg_genome_length=17.955
2021-12-16 20:05:11.698696 | GENERATION: 286 | ERRORS: best=10, median=25.0, diversity=0.26 | INDIVIDUALS: n=200, avg_genome_length=18.895
2021-12-16 20:05:13.363350 | GENERATION: 287 | ERRORS: best=9, median=29.0, diversity=0.33 | INDIVIDUALS: n=200, avg_genome_length=20.485
2021-12-16 20:05:15.221684 | GENERATION: 288 | ERRORS: best=9, median=26.0, diversity=0.315 | INDIVIDUALS: n=200, avg_genome_length=21.475
2021-12-16 20:05:17.248455 | GENERATION: 289 | ERRORS: best=8, median=27.5, diversity=0.295 | INDIVIDUALS: n=200, avg_genome_length=22.425
2021-12-16 20:05:19.262683 | GENERATION: 290 | ERRORS: best=5, median=36.5, diversity=0.34 | INDIVIDUALS: n=200, avg_genome_length=20.915
2021-12-16 20:05:21.188522 | GENERATION: 291 | ERRORS: best=5, median=57.0, diversity=0.25 | INDIVIDUALS: n=200, avg_genome_length=18.025
2021-12-16 20:05:22.772011 | GENERATION: 292 | ERRORS: best=5, median=57.0, diversity=0.26 | INDIVIDUALS: n=200, avg_genome_length=16.67
2021-12-16 20:05:24.287432 | GENERATION: 293 | ERRORS: best=8, median=51.0, diversity=0.305 | INDIVIDUALS: n=200, avg_genome_length=17.18
2021-12-16 20:05:25.828274 | GENERATION: 294 | ERRORS: best=5, median=54.5, diversity=0.27 | INDIVIDUALS: n=200, avg_genome_length=17.74
2021-12-16 20:05:27.321779 | GENERATION: 295 | ERRORS: best=15, median=27.0, diversity=0.21 | INDIVIDUALS: n=200, avg_genome_length=18.26
2021-12-16 20:05:29.317492 | GENERATION: 296 | ERRORS: best=12, median=31.5, diversity=0.185 | INDIVIDUALS: n=200, avg_genome_length=16.26
2021-12-16 20:05:30.642082 | GENERATION: 297 | ERRORS: best=14, median=25.0, diversity=0.135 | INDIVIDUALS: n=200, avg_genome_length=15.44
2021-12-16 20:05:32.253722 | GENERATION: 298 | ERRORS: best=15, median=25.0, diversity=0.215 | INDIVIDUALS: n=200, avg_genome_length=16.255
2021-12-16 20:05:33.807818 | GENERATION: 299 | ERRORS: best=15, median=25.0, diversity=0.21 | INDIVIDUALS: n=200, avg_genome_length=17.455
2021-12-16 20:05:35.549292 | GENERATION: 300 | ERRORS: best=15, median=25.0, diversity=0.24 | INDIVIDUALS: n=200, avg_genome_length=17.975
Simplifying genome of length 20 with total error 5.
Simplified genome by 1 to length 19.
Simplified genome by 1 to length 18.
Simplified genome by 1 to length 17.
Simplified genome by 1 to length 16.
Simplified genome to length 16 and total error 5.
========================================
End Run
========================================
No solution found.
Best Seen Individual
	Genome:
	 pvector([Input(input_index=1), InstructionMeta(name='exec_rot', code_blocks=3), InstructionMeta(name='str_length', code_blocks=0), InstructionMeta(name='exec_shove', code_blocks=1), Input(input_index=2), InstructionMeta(name='str_length', code_blocks=0), InstructionMeta(name='int_lt', code_blocks=0), InstructionMeta(name='exec_eq', code_blocks=0), Closer(), InstructionMeta(name='str_dup_times', code_blocks=0), Input(input_index=1), InstructionMeta(name='str_length', code_blocks=0), Input(input_index=0), InstructionMeta(name='str_length', code_blocks=0), InstructionMeta(name='int_max', code_blocks=0), InstructionMeta(name='int_lt', code_blocks=0)])
	Program:
	 (input_1 exec_rot (str_length exec_shove (input_2 str_length int_lt exec_eq) str_dup_times input_1 str_length input_0 str_length int_max int_lt) () ())
	Error vector:
	 [0 0 0 1 0 0 0 0 0 0 0 0 0 0 0 0 0 0 0 0 0 0 0 0 0 0 0 0 0 0 1 0 0 0 1 0 0
 0 0 0 0 0 1 0 0 0 0 0 0 0 0 0 0 0 0 0 0 0 0 0 0 0 0 0 0 0 0 0 0 0 0 0 0 1
 0 0 0 0 0 0 0 0 0 0 0 0 0 0 0 0 0 0 0 0 0 0 0 0 0 0]
	Total error:
	 5
	Test error:
	 98
	Time:
	 00:09:32
