Included 22 edge cases.
Included 78 random cases.
Included 100 cases in total.
Finished formatting.
Included 0 edge cases.
Included 1000 random cases.
Included 1000 cases in total.
Finished formatting.
========================================
Setup
========================================
Search Configuration:
signature: ProgramSignature(output_stacks=['bool'], arity=3, push_config=PushConfig(numeric_magnitude_limit=1000000000000.0, collection_size_cap=1000, runtime_limit=10, growth_cap=500, step_limit=600))
evaluator: <pyshgp.gp.evaluation.DatasetEvaluator object at 0x7fea6b4f08b0>
spawner: <pyshgp.gp.genome.GeneSpawner object at 0x7fea6b4f0730>
population_size: 200
max_generations: 300
error_threshold: 0.0
initial_genome_size: (40, 200)
simplification_steps: 500
parallel_context: <pyshgp.gp.search.ParallelContext object at 0x7fea5f2cb520>
selection: <pyshgp.utils.DiscreteProbDistrib object at 0x7fea5ead02c0>
variation: <pyshgp.utils.DiscreteProbDistrib object at 0x7fea5ead0240>
Instructions:
int_add, int_sub, int_mult, int_div, int_mod, int_min, int_max, int_inc, int_dec, int_lt, int_lte, int_gt, int_gte, int_from_bool, str_concat, str_insert_str, str_from_first_char, str_from_last_char, str_from_nth_char, str_contains_str, str_index_of_str, str_split_on_str, str_replace_first_str, str_replace_n_str, str_replace_all_str, str_remove_first_str, str_remove_n_str, str_remove_all_str, str_occurrences_of_str, str_reverse, str_head, str_tail, str_rest, str_but_last, str_drop, str_but_last_n, str_length, str_make_empty, str_is_empty_string, str_remove_nth, str_strip_whitespace, str_from_bool, str_from_int, bool_and, bool_or, bool_not, bool_xor, bool_invert_first_then_and, bool_second_first_then_and, bool_from_int, noop, noop_open, exec_do_range, exec_do_count, exec_while, exec_do_while, exec_if, exec_when, print_bool, println_bool, print_int, println_int, print_str, println_str, print_exec, println_exec, bool_pop, bool_dup, bool_dup_times, bool_swap, bool_rot, bool_flush, bool_eq, bool_stack_depth, bool_yank, bool_yank_dup, bool_shove, bool_shove_dup, bool_is_empty, int_pop, int_dup, int_dup_times, int_swap, int_rot, int_flush, int_eq, int_stack_depth, int_yank, int_yank_dup, int_shove, int_shove_dup, int_is_empty, str_pop, str_dup, str_dup_times, str_swap, str_rot, str_flush, str_eq, str_stack_depth, str_yank, str_yank_dup, str_shove, str_shove_dup, str_is_empty, exec_pop, exec_dup, exec_dup_times, exec_swap, exec_rot, exec_flush, exec_eq, exec_stack_depth, exec_yank, exec_yank_dup, exec_shove, exec_shove_dup, exec_is_empty
Literals:
[]
ERC Generators:
[<function rand_bool at 0x7fea6b4f6790>]
========================================
Start Run
========================================
2021-12-05 13:19:02.621250 | GENERATION: 1 | ERRORS: best=22, median=100000000.0, diversity=0.015 | INDIVIDUALS: n=200, avg_genome_length=132.34
2021-12-05 13:19:07.764242 | GENERATION: 2 | ERRORS: best=22, median=78.0, diversity=0.03 | INDIVIDUALS: n=200, avg_genome_length=125.825
2021-12-05 13:19:12.673758 | GENERATION: 3 | ERRORS: best=22, median=54.0, diversity=0.025 | INDIVIDUALS: n=200, avg_genome_length=123.71
2021-12-05 13:19:17.722726 | GENERATION: 4 | ERRORS: best=22, median=26.0, diversity=0.1 | INDIVIDUALS: n=200, avg_genome_length=123.77
2021-12-05 13:19:23.590791 | GENERATION: 5 | ERRORS: best=22, median=69.0, diversity=0.075 | INDIVIDUALS: n=200, avg_genome_length=128.575
2021-12-05 13:19:30.242502 | GENERATION: 6 | ERRORS: best=21, median=27.0, diversity=0.08 | INDIVIDUALS: n=200, avg_genome_length=135.48
2021-12-05 13:19:37.426481 | GENERATION: 7 | ERRORS: best=21, median=73.0, diversity=0.25 | INDIVIDUALS: n=200, avg_genome_length=149.205
2021-12-05 13:19:45.214971 | GENERATION: 8 | ERRORS: best=21, median=71.0, diversity=0.3 | INDIVIDUALS: n=200, avg_genome_length=147.71
2021-12-05 13:19:52.271299 | GENERATION: 9 | ERRORS: best=21, median=55.5, diversity=0.36 | INDIVIDUALS: n=200, avg_genome_length=148.375
2021-12-05 13:19:59.864212 | GENERATION: 10 | ERRORS: best=21, median=59.0, diversity=0.395 | INDIVIDUALS: n=200, avg_genome_length=153.695
2021-12-05 13:20:08.124892 | GENERATION: 11 | ERRORS: best=19, median=58.5, diversity=0.48 | INDIVIDUALS: n=200, avg_genome_length=152.795
2021-12-05 13:20:15.954025 | GENERATION: 12 | ERRORS: best=20, median=57.5, diversity=0.485 | INDIVIDUALS: n=200, avg_genome_length=151.51
2021-12-05 13:20:25.057519 | GENERATION: 13 | ERRORS: best=19, median=37.5, diversity=0.46 | INDIVIDUALS: n=200, avg_genome_length=150.295
2021-12-05 13:20:35.296813 | GENERATION: 14 | ERRORS: best=22, median=34.5, diversity=0.455 | INDIVIDUALS: n=200, avg_genome_length=148.65
2021-12-05 13:20:47.408267 | GENERATION: 15 | ERRORS: best=17, median=31.0, diversity=0.535 | INDIVIDUALS: n=200, avg_genome_length=149.125
2021-12-05 13:20:59.931700 | GENERATION: 16 | ERRORS: best=17, median=38.5, diversity=0.545 | INDIVIDUALS: n=200, avg_genome_length=151.42
2021-12-05 13:21:14.566312 | GENERATION: 17 | ERRORS: best=18, median=36.5, diversity=0.58 | INDIVIDUALS: n=200, avg_genome_length=152.49
2021-12-05 13:21:28.702012 | GENERATION: 18 | ERRORS: best=18, median=34.5, diversity=0.545 | INDIVIDUALS: n=200, avg_genome_length=152.705
2021-12-05 13:21:42.959582 | GENERATION: 19 | ERRORS: best=18, median=62.5, diversity=0.59 | INDIVIDUALS: n=200, avg_genome_length=151.9
2021-12-05 13:21:57.517921 | GENERATION: 20 | ERRORS: best=18, median=57.0, diversity=0.59 | INDIVIDUALS: n=200, avg_genome_length=150.775
2021-12-05 13:22:11.931194 | GENERATION: 21 | ERRORS: best=17, median=43.5, diversity=0.6 | INDIVIDUALS: n=200, avg_genome_length=151.95
2021-12-05 13:22:26.914000 | GENERATION: 22 | ERRORS: best=18, median=29.5, diversity=0.515 | INDIVIDUALS: n=200, avg_genome_length=153.105
2021-12-05 13:22:42.155958 | GENERATION: 23 | ERRORS: best=18, median=30.5, diversity=0.525 | INDIVIDUALS: n=200, avg_genome_length=150.295
2021-12-05 13:22:57.685126 | GENERATION: 24 | ERRORS: best=18, median=36.0, diversity=0.495 | INDIVIDUALS: n=200, avg_genome_length=150.085
2021-12-05 13:23:14.176523 | GENERATION: 25 | ERRORS: best=18, median=35.0, diversity=0.555 | INDIVIDUALS: n=200, avg_genome_length=145.405
2021-12-05 13:23:31.665296 | GENERATION: 26 | ERRORS: best=18, median=35.5, diversity=0.57 | INDIVIDUALS: n=200, avg_genome_length=145.19
2021-12-05 13:23:48.989555 | GENERATION: 27 | ERRORS: best=18, median=30.5, diversity=0.615 | INDIVIDUALS: n=200, avg_genome_length=141.055
2021-12-05 13:24:06.050305 | GENERATION: 28 | ERRORS: best=17, median=40.5, diversity=0.605 | INDIVIDUALS: n=200, avg_genome_length=145.27
2021-12-05 13:24:24.056438 | GENERATION: 29 | ERRORS: best=17, median=27.0, diversity=0.59 | INDIVIDUALS: n=200, avg_genome_length=143.735
2021-12-05 13:24:39.960668 | GENERATION: 30 | ERRORS: best=18, median=24.0, diversity=0.52 | INDIVIDUALS: n=200, avg_genome_length=142.72
2021-12-05 13:24:57.755737 | GENERATION: 31 | ERRORS: best=16, median=24.0, diversity=0.61 | INDIVIDUALS: n=200, avg_genome_length=139.58
2021-12-05 13:25:14.184966 | GENERATION: 32 | ERRORS: best=16, median=25.0, diversity=0.585 | INDIVIDUALS: n=200, avg_genome_length=138.585
2021-12-05 13:25:32.383221 | GENERATION: 33 | ERRORS: best=16, median=27.0, diversity=0.57 | INDIVIDUALS: n=200, avg_genome_length=139.305
2021-12-05 13:25:49.863754 | GENERATION: 34 | ERRORS: best=16, median=27.0, diversity=0.56 | INDIVIDUALS: n=200, avg_genome_length=137.06
2021-12-05 13:26:08.315875 | GENERATION: 35 | ERRORS: best=16, median=29.0, diversity=0.635 | INDIVIDUALS: n=200, avg_genome_length=137.19
2021-12-05 13:26:26.036912 | GENERATION: 36 | ERRORS: best=16, median=27.0, diversity=0.56 | INDIVIDUALS: n=200, avg_genome_length=139.14
2021-12-05 13:26:43.340042 | GENERATION: 37 | ERRORS: best=16, median=27.0, diversity=0.61 | INDIVIDUALS: n=200, avg_genome_length=137.065
2021-12-05 13:27:00.057524 | GENERATION: 38 | ERRORS: best=16, median=27.0, diversity=0.55 | INDIVIDUALS: n=200, avg_genome_length=141.065
2021-12-05 13:27:19.097850 | GENERATION: 39 | ERRORS: best=17, median=31.5, diversity=0.59 | INDIVIDUALS: n=200, avg_genome_length=141.455
2021-12-05 13:27:38.771865 | GENERATION: 40 | ERRORS: best=15, median=38.0, diversity=0.675 | INDIVIDUALS: n=200, avg_genome_length=141.775
2021-12-05 13:27:57.096270 | GENERATION: 41 | ERRORS: best=16, median=29.0, diversity=0.54 | INDIVIDUALS: n=200, avg_genome_length=142.02
2021-12-05 13:28:15.195803 | GENERATION: 42 | ERRORS: best=16, median=27.0, diversity=0.55 | INDIVIDUALS: n=200, avg_genome_length=143.08
2021-12-05 13:28:34.369041 | GENERATION: 43 | ERRORS: best=17, median=39.0, diversity=0.63 | INDIVIDUALS: n=200, avg_genome_length=141.68
2021-12-05 13:28:53.632533 | GENERATION: 44 | ERRORS: best=16, median=35.5, diversity=0.635 | INDIVIDUALS: n=200, avg_genome_length=145.83
2021-12-05 13:29:12.401112 | GENERATION: 45 | ERRORS: best=16, median=31.5, diversity=0.65 | INDIVIDUALS: n=200, avg_genome_length=151.01
2021-12-05 13:29:30.148733 | GENERATION: 46 | ERRORS: best=15, median=35.0, diversity=0.645 | INDIVIDUALS: n=200, avg_genome_length=157.445
2021-12-05 13:29:48.358346 | GENERATION: 47 | ERRORS: best=15, median=42.0, diversity=0.585 | INDIVIDUALS: n=200, avg_genome_length=157.045
2021-12-05 13:30:08.435084 | GENERATION: 48 | ERRORS: best=16, median=38.5, diversity=0.68 | INDIVIDUALS: n=200, avg_genome_length=156.18
2021-12-05 13:30:27.619241 | GENERATION: 49 | ERRORS: best=16, median=28.0, diversity=0.665 | INDIVIDUALS: n=200, avg_genome_length=159.23
2021-12-05 13:30:46.885109 | GENERATION: 50 | ERRORS: best=17, median=26.5, diversity=0.57 | INDIVIDUALS: n=200, avg_genome_length=161.325
2021-12-05 13:31:04.995844 | GENERATION: 51 | ERRORS: best=17, median=27.5, diversity=0.61 | INDIVIDUALS: n=200, avg_genome_length=164.335
2021-12-05 13:31:22.240789 | GENERATION: 52 | ERRORS: best=17, median=29.0, diversity=0.6 | INDIVIDUALS: n=200, avg_genome_length=164.525
2021-12-05 13:31:39.353884 | GENERATION: 53 | ERRORS: best=15, median=31.0, diversity=0.625 | INDIVIDUALS: n=200, avg_genome_length=164.19
2021-12-05 13:31:56.239485 | GENERATION: 54 | ERRORS: best=15, median=27.0, diversity=0.595 | INDIVIDUALS: n=200, avg_genome_length=165.51
2021-12-05 13:32:12.487462 | GENERATION: 55 | ERRORS: best=17, median=27.0, diversity=0.635 | INDIVIDUALS: n=200, avg_genome_length=165.35
2021-12-05 13:32:28.491122 | GENERATION: 56 | ERRORS: best=18, median=28.0, diversity=0.62 | INDIVIDUALS: n=200, avg_genome_length=164.445
2021-12-05 13:32:44.900161 | GENERATION: 57 | ERRORS: best=18, median=35.0, diversity=0.665 | INDIVIDUALS: n=200, avg_genome_length=162.51
2021-12-05 13:32:59.742056 | GENERATION: 58 | ERRORS: best=16, median=28.5, diversity=0.545 | INDIVIDUALS: n=200, avg_genome_length=161.5
2021-12-05 13:33:14.551139 | GENERATION: 59 | ERRORS: best=15, median=30.5, diversity=0.61 | INDIVIDUALS: n=200, avg_genome_length=164.145
2021-12-05 13:33:29.807216 | GENERATION: 60 | ERRORS: best=16, median=34.0, diversity=0.54 | INDIVIDUALS: n=200, avg_genome_length=165.79
2021-12-05 13:33:45.667453 | GENERATION: 61 | ERRORS: best=16, median=36.0, diversity=0.615 | INDIVIDUALS: n=200, avg_genome_length=167.81
2021-12-05 13:34:00.953401 | GENERATION: 62 | ERRORS: best=15, median=31.0, diversity=0.545 | INDIVIDUALS: n=200, avg_genome_length=167.805
2021-12-05 13:34:16.159483 | GENERATION: 63 | ERRORS: best=17, median=29.0, diversity=0.59 | INDIVIDUALS: n=200, avg_genome_length=168.46
2021-12-05 13:34:31.552095 | GENERATION: 64 | ERRORS: best=17, median=29.0, diversity=0.545 | INDIVIDUALS: n=200, avg_genome_length=167.12
2021-12-05 13:34:48.799076 | GENERATION: 65 | ERRORS: best=16, median=33.5, diversity=0.675 | INDIVIDUALS: n=200, avg_genome_length=167.07
2021-12-05 13:35:06.044218 | GENERATION: 66 | ERRORS: best=15, median=33.0, diversity=0.61 | INDIVIDUALS: n=200, avg_genome_length=164.74
2021-12-05 13:35:22.353509 | GENERATION: 67 | ERRORS: best=17, median=59.5, diversity=0.615 | INDIVIDUALS: n=200, avg_genome_length=165.335
2021-12-05 13:35:39.299720 | GENERATION: 68 | ERRORS: best=15, median=59.0, diversity=0.645 | INDIVIDUALS: n=200, avg_genome_length=168.67
2021-12-05 13:35:56.464398 | GENERATION: 69 | ERRORS: best=15, median=31.5, diversity=0.6 | INDIVIDUALS: n=200, avg_genome_length=170.745
2021-12-05 13:36:13.345933 | GENERATION: 70 | ERRORS: best=15, median=34.0, diversity=0.595 | INDIVIDUALS: n=200, avg_genome_length=169.215
2021-12-05 13:36:29.562425 | GENERATION: 71 | ERRORS: best=15, median=27.0, diversity=0.555 | INDIVIDUALS: n=200, avg_genome_length=172.355
2021-12-05 13:36:47.717870 | GENERATION: 72 | ERRORS: best=16, median=29.0, diversity=0.645 | INDIVIDUALS: n=200, avg_genome_length=170.67
2021-12-05 13:37:05.579764 | GENERATION: 73 | ERRORS: best=16, median=35.5, diversity=0.625 | INDIVIDUALS: n=200, avg_genome_length=170.425
2021-12-05 13:37:25.514868 | GENERATION: 74 | ERRORS: best=16, median=42.5, diversity=0.735 | INDIVIDUALS: n=200, avg_genome_length=168.935
2021-12-05 13:37:44.413005 | GENERATION: 75 | ERRORS: best=16, median=46.0, diversity=0.63 | INDIVIDUALS: n=200, avg_genome_length=171.42
2021-12-05 13:38:03.200559 | GENERATION: 76 | ERRORS: best=16, median=32.5, diversity=0.645 | INDIVIDUALS: n=200, avg_genome_length=171.67
2021-12-05 13:38:21.855499 | GENERATION: 77 | ERRORS: best=16, median=49.5, diversity=0.635 | INDIVIDUALS: n=200, avg_genome_length=171.52
2021-12-05 13:38:39.535064 | GENERATION: 78 | ERRORS: best=16, median=39.0, diversity=0.615 | INDIVIDUALS: n=200, avg_genome_length=172.375
2021-12-05 13:38:59.685681 | GENERATION: 79 | ERRORS: best=16, median=35.0, diversity=0.72 | INDIVIDUALS: n=200, avg_genome_length=172.945
2021-12-05 13:39:18.517215 | GENERATION: 80 | ERRORS: best=15, median=39.5, diversity=0.665 | INDIVIDUALS: n=200, avg_genome_length=179.145
2021-12-05 13:39:38.498579 | GENERATION: 81 | ERRORS: best=15, median=33.0, diversity=0.735 | INDIVIDUALS: n=200, avg_genome_length=181.2
2021-12-05 13:39:58.034402 | GENERATION: 82 | ERRORS: best=14, median=32.0, diversity=0.695 | INDIVIDUALS: n=200, avg_genome_length=179.5
2021-12-05 13:40:16.529013 | GENERATION: 83 | ERRORS: best=15, median=64.0, diversity=0.715 | INDIVIDUALS: n=200, avg_genome_length=180.39
2021-12-05 13:40:35.263842 | GENERATION: 84 | ERRORS: best=15, median=35.0, diversity=0.635 | INDIVIDUALS: n=200, avg_genome_length=176.48
2021-12-05 13:40:53.927211 | GENERATION: 85 | ERRORS: best=17, median=54.5, diversity=0.65 | INDIVIDUALS: n=200, avg_genome_length=177.1
2021-12-05 13:41:12.820879 | GENERATION: 86 | ERRORS: best=16, median=56.5, diversity=0.615 | INDIVIDUALS: n=200, avg_genome_length=175.95
2021-12-05 13:41:31.990614 | GENERATION: 87 | ERRORS: best=17, median=63.0, diversity=0.635 | INDIVIDUALS: n=200, avg_genome_length=175.775
2021-12-05 13:41:51.642358 | GENERATION: 88 | ERRORS: best=17, median=36.0, diversity=0.615 | INDIVIDUALS: n=200, avg_genome_length=172.37
2021-12-05 13:42:11.333261 | GENERATION: 89 | ERRORS: best=17, median=70.0, diversity=0.645 | INDIVIDUALS: n=200, avg_genome_length=171.08
2021-12-05 13:42:30.529283 | GENERATION: 90 | ERRORS: best=19, median=76.0, diversity=0.565 | INDIVIDUALS: n=200, avg_genome_length=173.545
2021-12-05 13:42:50.072345 | GENERATION: 91 | ERRORS: best=18, median=42.0, diversity=0.58 | INDIVIDUALS: n=200, avg_genome_length=175.245
2021-12-05 13:43:10.120598 | GENERATION: 92 | ERRORS: best=17, median=70.0, diversity=0.6 | INDIVIDUALS: n=200, avg_genome_length=171.155
2021-12-05 13:43:29.633422 | GENERATION: 93 | ERRORS: best=19, median=63.5, diversity=0.6 | INDIVIDUALS: n=200, avg_genome_length=166.19
2021-12-05 13:43:48.932892 | GENERATION: 94 | ERRORS: best=16, median=76.5, diversity=0.565 | INDIVIDUALS: n=200, avg_genome_length=167.68
2021-12-05 13:44:08.315071 | GENERATION: 95 | ERRORS: best=16, median=59.5, diversity=0.61 | INDIVIDUALS: n=200, avg_genome_length=164.97
2021-12-05 13:44:27.430609 | GENERATION: 96 | ERRORS: best=18, median=41.5, diversity=0.575 | INDIVIDUALS: n=200, avg_genome_length=165.66
2021-12-05 13:44:46.039163 | GENERATION: 97 | ERRORS: best=16, median=78.0, diversity=0.595 | INDIVIDUALS: n=200, avg_genome_length=164.36
2021-12-05 13:45:04.779725 | GENERATION: 98 | ERRORS: best=18, median=56.0, diversity=0.53 | INDIVIDUALS: n=200, avg_genome_length=165.575
2021-12-05 13:45:24.345315 | GENERATION: 99 | ERRORS: best=16, median=78.0, diversity=0.55 | INDIVIDUALS: n=200, avg_genome_length=165.33
2021-12-05 13:45:43.934835 | GENERATION: 100 | ERRORS: best=17, median=63.0, diversity=0.61 | INDIVIDUALS: n=200, avg_genome_length=168.05
2021-12-05 13:46:03.573184 | GENERATION: 101 | ERRORS: best=17, median=34.5, diversity=0.565 | INDIVIDUALS: n=200, avg_genome_length=167.97
2021-12-05 13:46:22.482295 | GENERATION: 102 | ERRORS: best=18, median=62.0, diversity=0.565 | INDIVIDUALS: n=200, avg_genome_length=168.575
2021-12-05 13:46:41.763384 | GENERATION: 103 | ERRORS: best=15, median=59.5, diversity=0.635 | INDIVIDUALS: n=200, avg_genome_length=179.16
2021-12-05 13:47:00.493080 | GENERATION: 104 | ERRORS: best=14, median=72.0, diversity=0.63 | INDIVIDUALS: n=200, avg_genome_length=180.88
2021-12-05 13:47:19.214546 | GENERATION: 105 | ERRORS: best=16, median=42.5, diversity=0.63 | INDIVIDUALS: n=200, avg_genome_length=176.83
2021-12-05 13:47:38.101651 | GENERATION: 106 | ERRORS: best=15, median=29.0, diversity=0.61 | INDIVIDUALS: n=200, avg_genome_length=181.87
2021-12-05 13:47:57.617025 | GENERATION: 107 | ERRORS: best=15, median=40.5, diversity=0.62 | INDIVIDUALS: n=200, avg_genome_length=179.625
2021-12-05 13:48:16.731064 | GENERATION: 108 | ERRORS: best=17, median=31.0, diversity=0.59 | INDIVIDUALS: n=200, avg_genome_length=181.915
2021-12-05 13:48:35.799954 | GENERATION: 109 | ERRORS: best=16, median=35.5, diversity=0.635 | INDIVIDUALS: n=200, avg_genome_length=177.485
2021-12-05 13:48:54.133898 | GENERATION: 110 | ERRORS: best=16, median=44.0, diversity=0.67 | INDIVIDUALS: n=200, avg_genome_length=182.225
2021-12-05 13:49:11.654277 | GENERATION: 111 | ERRORS: best=17, median=45.5, diversity=0.59 | INDIVIDUALS: n=200, avg_genome_length=176.32
2021-12-05 13:49:29.823903 | GENERATION: 112 | ERRORS: best=17, median=48.0, diversity=0.645 | INDIVIDUALS: n=200, avg_genome_length=171.305
2021-12-05 13:49:45.481998 | GENERATION: 113 | ERRORS: best=17, median=35.0, diversity=0.62 | INDIVIDUALS: n=200, avg_genome_length=168.92
2021-12-05 13:50:01.614041 | GENERATION: 114 | ERRORS: best=16, median=52.5, diversity=0.57 | INDIVIDUALS: n=200, avg_genome_length=166.55
2021-12-05 13:50:16.870692 | GENERATION: 115 | ERRORS: best=17, median=43.5, diversity=0.625 | INDIVIDUALS: n=200, avg_genome_length=166.14
2021-12-05 13:50:32.364276 | GENERATION: 116 | ERRORS: best=17, median=31.0, diversity=0.63 | INDIVIDUALS: n=200, avg_genome_length=168.295
2021-12-05 13:50:47.552932 | GENERATION: 117 | ERRORS: best=17, median=30.0, diversity=0.525 | INDIVIDUALS: n=200, avg_genome_length=168.94
2021-12-05 13:51:02.730269 | GENERATION: 118 | ERRORS: best=16, median=36.5, diversity=0.625 | INDIVIDUALS: n=200, avg_genome_length=161.14
2021-12-05 13:51:16.735855 | GENERATION: 119 | ERRORS: best=15, median=31.0, diversity=0.6 | INDIVIDUALS: n=200, avg_genome_length=160.095
2021-12-05 13:51:31.187702 | GENERATION: 120 | ERRORS: best=16, median=36.0, diversity=0.615 | INDIVIDUALS: n=200, avg_genome_length=161.37
2021-12-05 13:51:45.862110 | GENERATION: 121 | ERRORS: best=17, median=43.0, diversity=0.63 | INDIVIDUALS: n=200, avg_genome_length=155.405
2021-12-05 13:51:59.773772 | GENERATION: 122 | ERRORS: best=16, median=28.0, diversity=0.585 | INDIVIDUALS: n=200, avg_genome_length=163.125
2021-12-05 13:52:13.337858 | GENERATION: 123 | ERRORS: best=15, median=47.5, diversity=0.6 | INDIVIDUALS: n=200, avg_genome_length=168.415
2021-12-05 13:52:24.575006 | GENERATION: 124 | ERRORS: best=17, median=27.5, diversity=0.54 | INDIVIDUALS: n=200, avg_genome_length=164.55
2021-12-05 13:52:37.896738 | GENERATION: 125 | ERRORS: best=17, median=78.0, diversity=0.6 | INDIVIDUALS: n=200, avg_genome_length=158.955
2021-12-05 13:52:50.809643 | GENERATION: 126 | ERRORS: best=13, median=1000024.0, diversity=0.625 | INDIVIDUALS: n=200, avg_genome_length=162.275
2021-12-05 13:53:03.586530 | GENERATION: 127 | ERRORS: best=15, median=54.5, diversity=0.545 | INDIVIDUALS: n=200, avg_genome_length=165.93
2021-12-05 13:53:17.485161 | GENERATION: 128 | ERRORS: best=15, median=54.0, diversity=0.63 | INDIVIDUALS: n=200, avg_genome_length=172.955
2021-12-05 13:53:31.610570 | GENERATION: 129 | ERRORS: best=13, median=52.5, diversity=0.535 | INDIVIDUALS: n=200, avg_genome_length=170.54
2021-12-05 13:53:46.622859 | GENERATION: 130 | ERRORS: best=14, median=63.5, diversity=0.62 | INDIVIDUALS: n=200, avg_genome_length=174.055
2021-12-05 13:54:02.104348 | GENERATION: 131 | ERRORS: best=14, median=39.0, diversity=0.58 | INDIVIDUALS: n=200, avg_genome_length=179.605
2021-12-05 13:54:18.910915 | GENERATION: 132 | ERRORS: best=13, median=60.5, diversity=0.625 | INDIVIDUALS: n=200, avg_genome_length=174.555
2021-12-05 13:54:33.474689 | GENERATION: 133 | ERRORS: best=13, median=33.0, diversity=0.59 | INDIVIDUALS: n=200, avg_genome_length=179.105
2021-12-05 13:54:50.047432 | GENERATION: 134 | ERRORS: best=13, median=24.0, diversity=0.565 | INDIVIDUALS: n=200, avg_genome_length=174.76
2021-12-05 13:55:03.042146 | GENERATION: 135 | ERRORS: best=14, median=32.0, diversity=0.56 | INDIVIDUALS: n=200, avg_genome_length=171.96
2021-12-05 13:55:14.309942 | GENERATION: 136 | ERRORS: best=13, median=32.0, diversity=0.525 | INDIVIDUALS: n=200, avg_genome_length=178.395
2021-12-05 13:55:27.008249 | GENERATION: 137 | ERRORS: best=13, median=47.0, diversity=0.52 | INDIVIDUALS: n=200, avg_genome_length=177.71
2021-12-05 13:55:40.542310 | GENERATION: 138 | ERRORS: best=13, median=39.0, diversity=0.615 | INDIVIDUALS: n=200, avg_genome_length=187.79
2021-12-05 13:55:54.679759 | GENERATION: 139 | ERRORS: best=16, median=52.0, diversity=0.62 | INDIVIDUALS: n=200, avg_genome_length=189.85
2021-12-05 13:56:07.969512 | GENERATION: 140 | ERRORS: best=17, median=67.5, diversity=0.66 | INDIVIDUALS: n=200, avg_genome_length=187.975
2021-12-05 13:56:21.979012 | GENERATION: 141 | ERRORS: best=16, median=38.0, diversity=0.65 | INDIVIDUALS: n=200, avg_genome_length=180.965
2021-12-05 13:56:36.024460 | GENERATION: 142 | ERRORS: best=17, median=24.0, diversity=0.545 | INDIVIDUALS: n=200, avg_genome_length=175.69
2021-12-05 13:56:49.394064 | GENERATION: 143 | ERRORS: best=14, median=35.0, diversity=0.655 | INDIVIDUALS: n=200, avg_genome_length=175.255
2021-12-05 13:57:01.742058 | GENERATION: 144 | ERRORS: best=14, median=32.0, diversity=0.585 | INDIVIDUALS: n=200, avg_genome_length=171.855
2021-12-05 13:57:14.835572 | GENERATION: 145 | ERRORS: best=14, median=34.5, diversity=0.625 | INDIVIDUALS: n=200, avg_genome_length=167.705
2021-12-05 13:57:28.271833 | GENERATION: 146 | ERRORS: best=15, median=34.0, diversity=0.615 | INDIVIDUALS: n=200, avg_genome_length=161.89
2021-12-05 13:57:40.879901 | GENERATION: 147 | ERRORS: best=16, median=32.0, diversity=0.6 | INDIVIDUALS: n=200, avg_genome_length=162.95
2021-12-05 13:57:54.953536 | GENERATION: 148 | ERRORS: best=17, median=29.0, diversity=0.585 | INDIVIDUALS: n=200, avg_genome_length=154.735
2021-12-05 13:58:09.172486 | GENERATION: 149 | ERRORS: best=17, median=27.0, diversity=0.58 | INDIVIDUALS: n=200, avg_genome_length=152.84
2021-12-05 13:58:22.699890 | GENERATION: 150 | ERRORS: best=16, median=27.0, diversity=0.58 | INDIVIDUALS: n=200, avg_genome_length=150.87
2021-12-05 13:58:36.013878 | GENERATION: 151 | ERRORS: best=17, median=26.0, diversity=0.575 | INDIVIDUALS: n=200, avg_genome_length=147.745
2021-12-05 13:58:49.744554 | GENERATION: 152 | ERRORS: best=13, median=34.0, diversity=0.56 | INDIVIDUALS: n=200, avg_genome_length=143.695
2021-12-05 13:59:03.765494 | GENERATION: 153 | ERRORS: best=14, median=31.0, diversity=0.575 | INDIVIDUALS: n=200, avg_genome_length=145.26
2021-12-05 13:59:18.662060 | GENERATION: 154 | ERRORS: best=14, median=27.0, diversity=0.645 | INDIVIDUALS: n=200, avg_genome_length=148.535
2021-12-05 13:59:31.845944 | GENERATION: 155 | ERRORS: best=14, median=25.5, diversity=0.605 | INDIVIDUALS: n=200, avg_genome_length=151.14
2021-12-05 13:59:44.436922 | GENERATION: 156 | ERRORS: best=13, median=24.0, diversity=0.595 | INDIVIDUALS: n=200, avg_genome_length=153.595
2021-12-05 13:59:57.211808 | GENERATION: 157 | ERRORS: best=14, median=22.0, diversity=0.5 | INDIVIDUALS: n=200, avg_genome_length=147.115
2021-12-05 14:00:08.568916 | GENERATION: 158 | ERRORS: best=15, median=30.5, diversity=0.6 | INDIVIDUALS: n=200, avg_genome_length=152.81
2021-12-05 14:00:20.233698 | GENERATION: 159 | ERRORS: best=15, median=31.0, diversity=0.625 | INDIVIDUALS: n=200, avg_genome_length=157.48
2021-12-05 14:00:32.565034 | GENERATION: 160 | ERRORS: best=15, median=31.0, diversity=0.535 | INDIVIDUALS: n=200, avg_genome_length=154.44
2021-12-05 14:00:45.698175 | GENERATION: 161 | ERRORS: best=15, median=44.5, diversity=0.655 | INDIVIDUALS: n=200, avg_genome_length=150.84
2021-12-05 14:00:59.904501 | GENERATION: 162 | ERRORS: best=15, median=42.5, diversity=0.655 | INDIVIDUALS: n=200, avg_genome_length=153.975
2021-12-05 14:01:12.882758 | GENERATION: 163 | ERRORS: best=15, median=36.5, diversity=0.67 | INDIVIDUALS: n=200, avg_genome_length=150.82
2021-12-05 14:01:25.972770 | GENERATION: 164 | ERRORS: best=15, median=34.5, diversity=0.665 | INDIVIDUALS: n=200, avg_genome_length=149.59
2021-12-05 14:01:39.808963 | GENERATION: 165 | ERRORS: best=15, median=32.0, diversity=0.63 | INDIVIDUALS: n=200, avg_genome_length=145.705
2021-12-05 14:01:52.852481 | GENERATION: 166 | ERRORS: best=14, median=26.0, diversity=0.605 | INDIVIDUALS: n=200, avg_genome_length=148.955
2021-12-05 14:02:05.420593 | GENERATION: 167 | ERRORS: best=14, median=31.5, diversity=0.705 | INDIVIDUALS: n=200, avg_genome_length=154.095
2021-12-05 14:02:17.703457 | GENERATION: 168 | ERRORS: best=14, median=27.0, diversity=0.655 | INDIVIDUALS: n=200, avg_genome_length=154.81
2021-12-05 14:02:29.730317 | GENERATION: 169 | ERRORS: best=14, median=26.0, diversity=0.625 | INDIVIDUALS: n=200, avg_genome_length=152.94
2021-12-05 14:02:42.555081 | GENERATION: 170 | ERRORS: best=15, median=30.5, diversity=0.63 | INDIVIDUALS: n=200, avg_genome_length=157.095
2021-12-05 14:02:55.315152 | GENERATION: 171 | ERRORS: best=15, median=48.0, diversity=0.59 | INDIVIDUALS: n=200, avg_genome_length=155.2
2021-12-05 14:03:07.455723 | GENERATION: 172 | ERRORS: best=13, median=40.0, diversity=0.56 | INDIVIDUALS: n=200, avg_genome_length=153.57
2021-12-05 14:03:19.234846 | GENERATION: 173 | ERRORS: best=15, median=65.0, diversity=0.585 | INDIVIDUALS: n=200, avg_genome_length=160.65
2021-12-05 14:03:32.103997 | GENERATION: 174 | ERRORS: best=13, median=78.0, diversity=0.705 | INDIVIDUALS: n=200, avg_genome_length=160.265
2021-12-05 14:03:45.495885 | GENERATION: 175 | ERRORS: best=13, median=65.5, diversity=0.71 | INDIVIDUALS: n=200, avg_genome_length=160.29
2021-12-05 14:03:58.116989 | GENERATION: 176 | ERRORS: best=13, median=44.5, diversity=0.67 | INDIVIDUALS: n=200, avg_genome_length=164.265
2021-12-05 14:04:13.022288 | GENERATION: 177 | ERRORS: best=17, median=69.5, diversity=0.71 | INDIVIDUALS: n=200, avg_genome_length=163.355
2021-12-05 14:04:26.054314 | GENERATION: 178 | ERRORS: best=17, median=52.5, diversity=0.62 | INDIVIDUALS: n=200, avg_genome_length=154.185
2021-12-05 14:04:39.370910 | GENERATION: 179 | ERRORS: best=15, median=45.5, diversity=0.635 | INDIVIDUALS: n=200, avg_genome_length=153.205
2021-12-05 14:04:53.963551 | GENERATION: 180 | ERRORS: best=13, median=37.0, diversity=0.555 | INDIVIDUALS: n=200, avg_genome_length=153.665
2021-12-05 14:05:07.768904 | GENERATION: 181 | ERRORS: best=13, median=61.0, diversity=0.675 | INDIVIDUALS: n=200, avg_genome_length=162.13
2021-12-05 14:05:20.493223 | GENERATION: 182 | ERRORS: best=13, median=41.0, diversity=0.59 | INDIVIDUALS: n=200, avg_genome_length=162.785
2021-12-05 14:05:33.539191 | GENERATION: 183 | ERRORS: best=13, median=69.0, diversity=0.65 | INDIVIDUALS: n=200, avg_genome_length=166.12
2021-12-05 14:05:47.124179 | GENERATION: 184 | ERRORS: best=15, median=69.0, diversity=0.605 | INDIVIDUALS: n=200, avg_genome_length=161.29
2021-12-05 14:06:00.946491 | GENERATION: 185 | ERRORS: best=12, median=71.5, diversity=0.61 | INDIVIDUALS: n=200, avg_genome_length=155.725
2021-12-05 14:06:15.422388 | GENERATION: 186 | ERRORS: best=14, median=53.0, diversity=0.62 | INDIVIDUALS: n=200, avg_genome_length=152.045
2021-12-05 14:06:29.150161 | GENERATION: 187 | ERRORS: best=15, median=69.5, diversity=0.63 | INDIVIDUALS: n=200, avg_genome_length=147.46
2021-12-05 14:06:42.375055 | GENERATION: 188 | ERRORS: best=17, median=43.0, diversity=0.68 | INDIVIDUALS: n=200, avg_genome_length=142.795
2021-12-05 14:06:56.063894 | GENERATION: 189 | ERRORS: best=14, median=35.0, diversity=0.67 | INDIVIDUALS: n=200, avg_genome_length=142.33
2021-12-05 14:07:08.553109 | GENERATION: 190 | ERRORS: best=14, median=31.0, diversity=0.63 | INDIVIDUALS: n=200, avg_genome_length=145.25
2021-12-05 14:07:21.005431 | GENERATION: 191 | ERRORS: best=12, median=38.0, diversity=0.6 | INDIVIDUALS: n=200, avg_genome_length=148.575
2021-12-05 14:07:33.236578 | GENERATION: 192 | ERRORS: best=14, median=32.0, diversity=0.605 | INDIVIDUALS: n=200, avg_genome_length=147.225
2021-12-05 14:07:46.130911 | GENERATION: 193 | ERRORS: best=11, median=27.5, diversity=0.585 | INDIVIDUALS: n=200, avg_genome_length=149.965
2021-12-05 14:07:59.169920 | GENERATION: 194 | ERRORS: best=12, median=31.0, diversity=0.625 | INDIVIDUALS: n=200, avg_genome_length=153.15
2021-12-05 14:08:12.947811 | GENERATION: 195 | ERRORS: best=13, median=31.5, diversity=0.59 | INDIVIDUALS: n=200, avg_genome_length=154.5
2021-12-05 14:08:28.208128 | GENERATION: 196 | ERRORS: best=11, median=28.0, diversity=0.62 | INDIVIDUALS: n=200, avg_genome_length=159.675
2021-12-05 14:08:42.515316 | GENERATION: 197 | ERRORS: best=12, median=29.0, diversity=0.6 | INDIVIDUALS: n=200, avg_genome_length=157.53
2021-12-05 14:08:57.790691 | GENERATION: 198 | ERRORS: best=11, median=24.5, diversity=0.585 | INDIVIDUALS: n=200, avg_genome_length=158.325
2021-12-05 14:09:11.942709 | GENERATION: 199 | ERRORS: best=13, median=29.0, diversity=0.55 | INDIVIDUALS: n=200, avg_genome_length=163.585
2021-12-05 14:09:26.225866 | GENERATION: 200 | ERRORS: best=11, median=35.5, diversity=0.535 | INDIVIDUALS: n=200, avg_genome_length=157.53
2021-12-05 14:09:40.644971 | GENERATION: 201 | ERRORS: best=12, median=31.0, diversity=0.62 | INDIVIDUALS: n=200, avg_genome_length=160.29
2021-12-05 14:09:54.317623 | GENERATION: 202 | ERRORS: best=13, median=24.0, diversity=0.57 | INDIVIDUALS: n=200, avg_genome_length=160.88
2021-12-05 14:10:08.596461 | GENERATION: 203 | ERRORS: best=12, median=24.0, diversity=0.56 | INDIVIDUALS: n=200, avg_genome_length=160.445
2021-12-05 14:10:21.400883 | GENERATION: 204 | ERRORS: best=12, median=30.0, diversity=0.54 | INDIVIDUALS: n=200, avg_genome_length=159.39
2021-12-05 14:10:34.710159 | GENERATION: 205 | ERRORS: best=14, median=32.0, diversity=0.575 | INDIVIDUALS: n=200, avg_genome_length=154.35
2021-12-05 14:10:48.905747 | GENERATION: 206 | ERRORS: best=14, median=28.0, diversity=0.585 | INDIVIDUALS: n=200, avg_genome_length=155.3
2021-12-05 14:11:01.712741 | GENERATION: 207 | ERRORS: best=13, median=24.0, diversity=0.57 | INDIVIDUALS: n=200, avg_genome_length=155.37
2021-12-05 14:11:13.677924 | GENERATION: 208 | ERRORS: best=13, median=25.0, diversity=0.595 | INDIVIDUALS: n=200, avg_genome_length=162.425
2021-12-05 14:11:25.900203 | GENERATION: 209 | ERRORS: best=13, median=26.5, diversity=0.54 | INDIVIDUALS: n=200, avg_genome_length=169.12
2021-12-05 14:11:38.998429 | GENERATION: 210 | ERRORS: best=9, median=26.0, diversity=0.57 | INDIVIDUALS: n=200, avg_genome_length=175.535
2021-12-05 14:11:52.240934 | GENERATION: 211 | ERRORS: best=11, median=22.0, diversity=0.585 | INDIVIDUALS: n=200, avg_genome_length=174.62
2021-12-05 14:12:05.476889 | GENERATION: 212 | ERRORS: best=12, median=22.0, diversity=0.545 | INDIVIDUALS: n=200, avg_genome_length=178.17
2021-12-05 14:12:19.025177 | GENERATION: 213 | ERRORS: best=12, median=23.0, diversity=0.515 | INDIVIDUALS: n=200, avg_genome_length=179.025
2021-12-05 14:12:31.213937 | GENERATION: 214 | ERRORS: best=13, median=27.0, diversity=0.51 | INDIVIDUALS: n=200, avg_genome_length=173.325
2021-12-05 14:12:43.643482 | GENERATION: 215 | ERRORS: best=13, median=29.0, diversity=0.525 | INDIVIDUALS: n=200, avg_genome_length=171.73
2021-12-05 14:12:55.813903 | GENERATION: 216 | ERRORS: best=12, median=26.0, diversity=0.5 | INDIVIDUALS: n=200, avg_genome_length=168.49
2021-12-05 14:13:07.929863 | GENERATION: 217 | ERRORS: best=13, median=32.5, diversity=0.505 | INDIVIDUALS: n=200, avg_genome_length=168.955
2021-12-05 14:13:19.976595 | GENERATION: 218 | ERRORS: best=15, median=37.0, diversity=0.535 | INDIVIDUALS: n=200, avg_genome_length=170.1
2021-12-05 14:13:32.237507 | GENERATION: 219 | ERRORS: best=13, median=32.0, diversity=0.545 | INDIVIDUALS: n=200, avg_genome_length=172.39
2021-12-05 14:13:45.384320 | GENERATION: 220 | ERRORS: best=16, median=22.0, diversity=0.475 | INDIVIDUALS: n=200, avg_genome_length=172.865
2021-12-05 14:13:59.038684 | GENERATION: 221 | ERRORS: best=13, median=23.0, diversity=0.52 | INDIVIDUALS: n=200, avg_genome_length=176.005
2021-12-05 14:14:11.976902 | GENERATION: 222 | ERRORS: best=13, median=28.5, diversity=0.535 | INDIVIDUALS: n=200, avg_genome_length=178.36
2021-12-05 14:14:24.297328 | GENERATION: 223 | ERRORS: best=13, median=27.0, diversity=0.535 | INDIVIDUALS: n=200, avg_genome_length=177.66
2021-12-05 14:14:37.338447 | GENERATION: 224 | ERRORS: best=13, median=33.0, diversity=0.5 | INDIVIDUALS: n=200, avg_genome_length=184.42
2021-12-05 14:14:51.970219 | GENERATION: 225 | ERRORS: best=12, median=36.0, diversity=0.495 | INDIVIDUALS: n=200, avg_genome_length=187.01
2021-12-05 14:15:06.329646 | GENERATION: 226 | ERRORS: best=15, median=26.5, diversity=0.46 | INDIVIDUALS: n=200, avg_genome_length=185.975
2021-12-05 14:15:21.394383 | GENERATION: 227 | ERRORS: best=13, median=31.5, diversity=0.465 | INDIVIDUALS: n=200, avg_genome_length=186.405
2021-12-05 14:15:37.374365 | GENERATION: 228 | ERRORS: best=15, median=25.5, diversity=0.465 | INDIVIDUALS: n=200, avg_genome_length=189.685
2021-12-05 14:15:53.021013 | GENERATION: 229 | ERRORS: best=15, median=24.0, diversity=0.45 | INDIVIDUALS: n=200, avg_genome_length=192.515
2021-12-05 14:16:09.793160 | GENERATION: 230 | ERRORS: best=15, median=29.0, diversity=0.54 | INDIVIDUALS: n=200, avg_genome_length=192.885
2021-12-05 14:16:26.157870 | GENERATION: 231 | ERRORS: best=16, median=29.5, diversity=0.505 | INDIVIDUALS: n=200, avg_genome_length=194.26
2021-12-05 14:16:41.154666 | GENERATION: 232 | ERRORS: best=16, median=30.5, diversity=0.495 | INDIVIDUALS: n=200, avg_genome_length=195.04
2021-12-05 14:16:56.274225 | GENERATION: 233 | ERRORS: best=16, median=29.5, diversity=0.42 | INDIVIDUALS: n=200, avg_genome_length=193.83
2021-12-05 14:17:11.434805 | GENERATION: 234 | ERRORS: best=13, median=27.0, diversity=0.42 | INDIVIDUALS: n=200, avg_genome_length=194.855
2021-12-05 14:17:26.707844 | GENERATION: 235 | ERRORS: best=13, median=25.0, diversity=0.4 | INDIVIDUALS: n=200, avg_genome_length=195.94
2021-12-05 14:17:41.152674 | GENERATION: 236 | ERRORS: best=13, median=43.5, diversity=0.48 | INDIVIDUALS: n=200, avg_genome_length=196.23
2021-12-05 14:17:55.268433 | GENERATION: 237 | ERRORS: best=11, median=36.0, diversity=0.435 | INDIVIDUALS: n=200, avg_genome_length=195.88
2021-12-05 14:18:10.016238 | GENERATION: 238 | ERRORS: best=13, median=26.5, diversity=0.43 | INDIVIDUALS: n=200, avg_genome_length=196.805
2021-12-05 14:18:24.411787 | GENERATION: 239 | ERRORS: best=12, median=29.0, diversity=0.445 | INDIVIDUALS: n=200, avg_genome_length=200.05
2021-12-05 14:18:37.834189 | GENERATION: 240 | ERRORS: best=12, median=24.5, diversity=0.425 | INDIVIDUALS: n=200, avg_genome_length=199.685
2021-12-05 14:18:51.006438 | GENERATION: 241 | ERRORS: best=12, median=26.5, diversity=0.465 | INDIVIDUALS: n=200, avg_genome_length=200.72
2021-12-05 14:19:02.916865 | GENERATION: 242 | ERRORS: best=12, median=30.5, diversity=0.535 | INDIVIDUALS: n=200, avg_genome_length=199.745
2021-12-05 14:19:15.001557 | GENERATION: 243 | ERRORS: best=12, median=23.5, diversity=0.48 | INDIVIDUALS: n=200, avg_genome_length=201.695
2021-12-05 14:19:27.334876 | GENERATION: 244 | ERRORS: best=12, median=31.0, diversity=0.445 | INDIVIDUALS: n=200, avg_genome_length=201.13
2021-12-05 14:19:40.558718 | GENERATION: 245 | ERRORS: best=12, median=32.0, diversity=0.475 | INDIVIDUALS: n=200, avg_genome_length=197.895
2021-12-05 14:19:53.388514 | GENERATION: 246 | ERRORS: best=11, median=31.5, diversity=0.515 | INDIVIDUALS: n=200, avg_genome_length=201.105
2021-12-05 14:20:07.529461 | GENERATION: 247 | ERRORS: best=12, median=27.5, diversity=0.53 | INDIVIDUALS: n=200, avg_genome_length=198.97
2021-12-05 14:20:21.224851 | GENERATION: 248 | ERRORS: best=12, median=24.0, diversity=0.505 | INDIVIDUALS: n=200, avg_genome_length=201.445
2021-12-05 14:20:34.237596 | GENERATION: 249 | ERRORS: best=12, median=32.5, diversity=0.535 | INDIVIDUALS: n=200, avg_genome_length=201.04
2021-12-05 14:20:47.874103 | GENERATION: 250 | ERRORS: best=14, median=49.0, diversity=0.56 | INDIVIDUALS: n=200, avg_genome_length=198.19
2021-12-05 14:21:01.886216 | GENERATION: 251 | ERRORS: best=13, median=49.0, diversity=0.61 | INDIVIDUALS: n=200, avg_genome_length=197.685
2021-12-05 14:21:15.885781 | GENERATION: 252 | ERRORS: best=16, median=76.5, diversity=0.545 | INDIVIDUALS: n=200, avg_genome_length=193.59
2021-12-05 14:21:29.741192 | GENERATION: 253 | ERRORS: best=12, median=27.0, diversity=0.47 | INDIVIDUALS: n=200, avg_genome_length=197.92
2021-12-05 14:21:43.350228 | GENERATION: 254 | ERRORS: best=13, median=35.5, diversity=0.485 | INDIVIDUALS: n=200, avg_genome_length=195.03
2021-12-05 14:21:56.932278 | GENERATION: 255 | ERRORS: best=13, median=32.0, diversity=0.54 | INDIVIDUALS: n=200, avg_genome_length=190.605
2021-12-05 14:22:09.804183 | GENERATION: 256 | ERRORS: best=12, median=24.5, diversity=0.465 | INDIVIDUALS: n=200, avg_genome_length=194.08
2021-12-05 14:22:22.712502 | GENERATION: 257 | ERRORS: best=12, median=29.5, diversity=0.53 | INDIVIDUALS: n=200, avg_genome_length=194.355
2021-12-05 14:22:36.245992 | GENERATION: 258 | ERRORS: best=13, median=27.0, diversity=0.53 | INDIVIDUALS: n=200, avg_genome_length=191.51
2021-12-05 14:22:48.879025 | GENERATION: 259 | ERRORS: best=13, median=34.5, diversity=0.475 | INDIVIDUALS: n=200, avg_genome_length=189.74
2021-12-05 14:23:02.285183 | GENERATION: 260 | ERRORS: best=12, median=24.5, diversity=0.455 | INDIVIDUALS: n=200, avg_genome_length=189.46
2021-12-05 14:23:16.027743 | GENERATION: 261 | ERRORS: best=13, median=27.5, diversity=0.445 | INDIVIDUALS: n=200, avg_genome_length=185.995
2021-12-05 14:23:28.358386 | GENERATION: 262 | ERRORS: best=13, median=37.5, diversity=0.47 | INDIVIDUALS: n=200, avg_genome_length=182.335
2021-12-05 14:23:41.124260 | GENERATION: 263 | ERRORS: best=12, median=35.5, diversity=0.5 | INDIVIDUALS: n=200, avg_genome_length=181.88
2021-12-05 14:23:55.018478 | GENERATION: 264 | ERRORS: best=12, median=27.0, diversity=0.465 | INDIVIDUALS: n=200, avg_genome_length=186.68
2021-12-05 14:24:08.405003 | GENERATION: 265 | ERRORS: best=13, median=29.5, diversity=0.45 | INDIVIDUALS: n=200, avg_genome_length=185.295
2021-12-05 14:24:20.659295 | GENERATION: 266 | ERRORS: best=12, median=24.0, diversity=0.4 | INDIVIDUALS: n=200, avg_genome_length=184.04
2021-12-05 14:24:32.703455 | GENERATION: 267 | ERRORS: best=13, median=22.0, diversity=0.45 | INDIVIDUALS: n=200, avg_genome_length=181.115
2021-12-05 14:24:45.200985 | GENERATION: 268 | ERRORS: best=13, median=26.5, diversity=0.51 | INDIVIDUALS: n=200, avg_genome_length=182.74
2021-12-05 14:24:58.146847 | GENERATION: 269 | ERRORS: best=13, median=23.0, diversity=0.47 | INDIVIDUALS: n=200, avg_genome_length=185.98
2021-12-05 14:25:10.485896 | GENERATION: 270 | ERRORS: best=15, median=35.5, diversity=0.525 | INDIVIDUALS: n=200, avg_genome_length=187.07
2021-12-05 14:25:23.297242 | GENERATION: 271 | ERRORS: best=15, median=27.0, diversity=0.51 | INDIVIDUALS: n=200, avg_genome_length=186.95
2021-12-05 14:25:36.050164 | GENERATION: 272 | ERRORS: best=14, median=22.5, diversity=0.485 | INDIVIDUALS: n=200, avg_genome_length=193.895
2021-12-05 14:25:48.665984 | GENERATION: 273 | ERRORS: best=13, median=22.0, diversity=0.45 | INDIVIDUALS: n=200, avg_genome_length=195.645
2021-12-05 14:26:02.946379 | GENERATION: 274 | ERRORS: best=14, median=33.0, diversity=0.485 | INDIVIDUALS: n=200, avg_genome_length=196.71
2021-12-05 14:26:16.362232 | GENERATION: 275 | ERRORS: best=12, median=58.0, diversity=0.48 | INDIVIDUALS: n=200, avg_genome_length=196.595
2021-12-05 14:26:30.923693 | GENERATION: 276 | ERRORS: best=13, median=68.0, diversity=0.415 | INDIVIDUALS: n=200, avg_genome_length=193.105
2021-12-05 14:26:45.405442 | GENERATION: 277 | ERRORS: best=13, median=53.0, diversity=0.475 | INDIVIDUALS: n=200, avg_genome_length=196.47
2021-12-05 14:26:58.966463 | GENERATION: 278 | ERRORS: best=14, median=30.0, diversity=0.485 | INDIVIDUALS: n=200, avg_genome_length=198.325
2021-12-05 14:27:12.919948 | GENERATION: 279 | ERRORS: best=17, median=34.0, diversity=0.47 | INDIVIDUALS: n=200, avg_genome_length=198.935
2021-12-05 14:27:26.347205 | GENERATION: 280 | ERRORS: best=13, median=23.0, diversity=0.41 | INDIVIDUALS: n=200, avg_genome_length=201.415
2021-12-05 14:27:41.841204 | GENERATION: 281 | ERRORS: best=14, median=25.0, diversity=0.47 | INDIVIDUALS: n=200, avg_genome_length=197.96
2021-12-05 14:27:56.945722 | GENERATION: 282 | ERRORS: best=14, median=24.0, diversity=0.485 | INDIVIDUALS: n=200, avg_genome_length=199.535
2021-12-05 14:28:11.945204 | GENERATION: 283 | ERRORS: best=13, median=46.5, diversity=0.46 | INDIVIDUALS: n=200, avg_genome_length=198.945
2021-12-05 14:28:25.432148 | GENERATION: 284 | ERRORS: best=13, median=27.0, diversity=0.405 | INDIVIDUALS: n=200, avg_genome_length=203.58
2021-12-05 14:28:40.367530 | GENERATION: 285 | ERRORS: best=13, median=34.0, diversity=0.445 | INDIVIDUALS: n=200, avg_genome_length=198.725
2021-12-05 14:28:54.093550 | GENERATION: 286 | ERRORS: best=13, median=58.0, diversity=0.41 | INDIVIDUALS: n=200, avg_genome_length=195.865
2021-12-05 14:29:07.992673 | GENERATION: 287 | ERRORS: best=13, median=52.0, diversity=0.445 | INDIVIDUALS: n=200, avg_genome_length=193.2
2021-12-05 14:29:22.847646 | GENERATION: 288 | ERRORS: best=12, median=30.0, diversity=0.455 | INDIVIDUALS: n=200, avg_genome_length=192.36
2021-12-05 14:29:37.278760 | GENERATION: 289 | ERRORS: best=12, median=32.0, diversity=0.43 | INDIVIDUALS: n=200, avg_genome_length=192.355
2021-12-05 14:29:50.052349 | GENERATION: 290 | ERRORS: best=12, median=35.0, diversity=0.46 | INDIVIDUALS: n=200, avg_genome_length=192.915
2021-12-05 14:30:02.493349 | GENERATION: 291 | ERRORS: best=14, median=38.0, diversity=0.525 | INDIVIDUALS: n=200, avg_genome_length=195.08
2021-12-05 14:30:15.853761 | GENERATION: 292 | ERRORS: best=12, median=34.0, diversity=0.53 | INDIVIDUALS: n=200, avg_genome_length=188.785
2021-12-05 14:30:28.798159 | GENERATION: 293 | ERRORS: best=12, median=43.5, diversity=0.495 | INDIVIDUALS: n=200, avg_genome_length=186.36
2021-12-05 14:30:41.456836 | GENERATION: 294 | ERRORS: best=13, median=46.0, diversity=0.51 | INDIVIDUALS: n=200, avg_genome_length=183.31
2021-12-05 14:30:53.389573 | GENERATION: 295 | ERRORS: best=12, median=43.0, diversity=0.545 | INDIVIDUALS: n=200, avg_genome_length=185.72
2021-12-05 14:31:05.565343 | GENERATION: 296 | ERRORS: best=11, median=45.0, diversity=0.505 | INDIVIDUALS: n=200, avg_genome_length=183.375
2021-12-05 14:31:18.530544 | GENERATION: 297 | ERRORS: best=12, median=53.0, diversity=0.525 | INDIVIDUALS: n=200, avg_genome_length=179.21
2021-12-05 14:31:31.333224 | GENERATION: 298 | ERRORS: best=12, median=72.5, diversity=0.61 | INDIVIDUALS: n=200, avg_genome_length=185.745
2021-12-05 14:31:45.059640 | GENERATION: 299 | ERRORS: best=12, median=58.5, diversity=0.6 | INDIVIDUALS: n=200, avg_genome_length=184.595
2021-12-05 14:31:57.362536 | GENERATION: 300 | ERRORS: best=14, median=36.5, diversity=0.515 | INDIVIDUALS: n=200, avg_genome_length=183.955
Simplifying genome of length 167 with total error 9.
Simplified genome by 1 to length 166.
Simplified genome by 2 to length 164.
Simplified genome by 2 to length 162.
Simplified genome by 2 to length 160.
Simplified genome by 1 to length 159.
Simplified genome by 1 to length 158.
Simplified genome by 1 to length 157.
Simplified genome by 2 to length 155.
Simplified genome by 1 to length 154.
Simplified genome by 1 to length 153.
Simplified genome by 1 to length 152.
Simplified genome by 2 to length 150.
Simplified genome by 1 to length 149.
Simplified genome by 3 to length 146.
Simplified genome by 1 to length 145.
Simplified genome by 1 to length 144.
Simplified genome by 2 to length 142.
Simplified genome by 2 to length 140.
Simplified genome by 3 to length 137.
Simplified genome by 2 to length 135.
Simplified genome by 2 to length 133.
Simplified genome by 1 to length 132.
Simplified genome by 2 to length 130.
Simplified genome by 1 to length 129.
Simplified genome by 1 to length 128.
Simplified genome by 3 to length 125.
Simplified genome by 1 to length 124.
Simplified genome by 3 to length 121.
Simplified genome by 2 to length 119.
Simplified genome by 1 to length 118.
Simplified genome by 3 to length 115.
Simplified genome by 1 to length 114.
Simplified genome by 1 to length 113.
Simplified genome by 3 to length 110.
Simplified genome by 1 to length 109.
Simplified genome by 1 to length 108.
Simplified genome by 2 to length 106.
Simplified genome by 1 to length 105.
Simplified genome by 1 to length 104.
Simplified genome by 2 to length 102.
Simplified genome by 1 to length 101.
Simplified genome by 2 to length 99.
Simplified genome by 1 to length 98.
Simplified genome by 2 to length 96.
Simplified genome by 1 to length 95.
Simplified genome by 1 to length 94.
Simplified genome by 1 to length 93.
Simplified genome by 2 to length 91.
Simplified genome by 2 to length 89.
Simplified genome by 1 to length 88.
Simplified genome by 2 to length 86.
Simplified genome by 1 to length 85.
Simplified genome by 1 to length 84.
Simplified genome by 1 to length 83.
Simplified genome by 2 to length 81.
Simplified genome by 1 to length 80.
Simplified genome by 1 to length 79.
Simplified genome by 1 to length 78.
Simplified genome by 1 to length 77.
Simplified genome by 1 to length 76.
Simplified genome by 1 to length 75.
Simplified genome by 1 to length 74.
Simplified genome by 1 to length 73.
Simplified genome by 1 to length 72.
Simplified genome by 1 to length 71.
Simplified genome to length 71 and total error 9.
========================================
End Run
========================================
No solution found.
Best Seen Individual
	Genome:
	 pvector([InstructionMeta(name='int_swap', code_blocks=0), InstructionMeta(name='int_min', code_blocks=0), InstructionMeta(name='bool_xor', code_blocks=0), InstructionMeta(name='print_bool', code_blocks=0), InstructionMeta(name='exec_shove', code_blocks=1), InstructionMeta(name='exec_do_count', code_blocks=1), InstructionMeta(name='exec_dup', code_blocks=1), InstructionMeta(name='bool_from_int', code_blocks=0), InstructionMeta(name='print_bool', code_blocks=0), InstructionMeta(name='println_int', code_blocks=0), Closer(), InstructionMeta(name='exec_swap', code_blocks=2), Closer(), Literal(value=True, push_type=<pyshgp.push.types.PushBoolType object at 0x7fea698fdd00>), InstructionMeta(name='str_flush', code_blocks=0), InstructionMeta(name='str_swap', code_blocks=0), Input(input_index=0), InstructionMeta(name='exec_stack_depth', code_blocks=0), InstructionMeta(name='str_replace_n_str', code_blocks=0), InstructionMeta(name='str_occurrences_of_str', code_blocks=0), InstructionMeta(name='bool_not', code_blocks=0), InstructionMeta(name='bool_pop', code_blocks=0), InstructionMeta(name='str_remove_first_str', code_blocks=0), InstructionMeta(name='str_concat', code_blocks=0), InstructionMeta(name='str_length', code_blocks=0), InstructionMeta(name='str_rest', code_blocks=0), InstructionMeta(name='exec_yank', code_blocks=0), InstructionMeta(name='int_flush', code_blocks=0), Closer(), InstructionMeta(name='str_eq', code_blocks=0), InstructionMeta(name='str_insert_str', code_blocks=0), InstructionMeta(name='int_sub', code_blocks=0), InstructionMeta(name='str_flush', code_blocks=0), InstructionMeta(name='str_reverse', code_blocks=0), InstructionMeta(name='exec_yank_dup', code_blocks=0), InstructionMeta(name='print_exec', code_blocks=0), InstructionMeta(name='str_remove_nth', code_blocks=0), InstructionMeta(name='bool_shove_dup', code_blocks=0), InstructionMeta(name='int_lt', code_blocks=0), Input(input_index=2), InstructionMeta(name='str_strip_whitespace', code_blocks=0), InstructionMeta(name='bool_dup', code_blocks=0), InstructionMeta(name='str_remove_n_str', code_blocks=0), InstructionMeta(name='str_rest', code_blocks=0), InstructionMeta(name='bool_is_empty', code_blocks=0), InstructionMeta(name='int_eq', code_blocks=0), InstructionMeta(name='str_length', code_blocks=0), InstructionMeta(name='str_stack_depth', code_blocks=0), InstructionMeta(name='exec_do_range', code_blocks=1), InstructionMeta(name='noop_open', code_blocks=1), InstructionMeta(name='noop', code_blocks=0), InstructionMeta(name='exec_eq', code_blocks=0), InstructionMeta(name='int_yank_dup', code_blocks=0), InstructionMeta(name='str_from_int', code_blocks=0), Literal(value=True, push_type=<pyshgp.push.types.PushBoolType object at 0x7fea698fde80>), InstructionMeta(name='exec_dup_times', code_blocks=1), InstructionMeta(name='str_shove_dup', code_blocks=0), Closer(), InstructionMeta(name='str_remove_nth', code_blocks=0), InstructionMeta(name='str_from_nth_char', code_blocks=0), InstructionMeta(name='noop_open', code_blocks=1), Input(input_index=1), InstructionMeta(name='str_shove_dup', code_blocks=0), InstructionMeta(name='exec_is_empty', code_blocks=0), InstructionMeta(name='exec_pop', code_blocks=1), InstructionMeta(name='int_min', code_blocks=0), InstructionMeta(name='exec_while', code_blocks=1), InstructionMeta(name='int_mod', code_blocks=0), InstructionMeta(name='noop_open', code_blocks=1), InstructionMeta(name='str_shove_dup', code_blocks=0), InstructionMeta(name='str_replace_all_str', code_blocks=0)])
	Program:
	 (int_swap int_min bool_xor print_bool exec_shove (exec_do_count (exec_dup (bool_from_int print_bool println_int) exec_swap () (True str_flush str_swap input_0 exec_stack_depth str_replace_n_str str_occurrences_of_str bool_not bool_pop str_remove_first_str str_concat str_length str_rest exec_yank int_flush) str_eq str_insert_str int_sub str_flush str_reverse exec_yank_dup print_exec str_remove_nth bool_shove_dup int_lt input_2 str_strip_whitespace bool_dup str_remove_n_str str_rest bool_is_empty int_eq str_length str_stack_depth exec_do_range (noop_open (noop exec_eq int_yank_dup str_from_int True exec_dup_times (str_shove_dup) str_remove_nth str_from_nth_char noop_open (input_1 str_shove_dup exec_is_empty exec_pop (int_min exec_while (int_mod noop_open (str_shove_dup str_replace_all_str)))))))))
	Error vector:
	 [1 0 0 0 0 0 0 0 0 0 0 0 0 0 0 0 0 1 0 0 0 0 0 0 0 0 0 0 0 0 1 0 0 0 1 0 0
 0 0 1 0 0 0 0 0 0 0 0 0 0 0 0 0 0 0 0 0 0 0 0 0 0 0 0 0 0 0 0 0 0 1 0 0 0
 1 0 0 0 1 0 0 0 0 1 0 0 0 0 0 0 0 0 0 0 0 0 0 0 0 0]
	Total error:
	 9
	Test error:
	 215
	Time:
	 01:15:11
