Included 32 edge cases.
Included 168 random cases.
Included 200 cases in total.
Finished formatting.
Included 0 edge cases.
Included 2000 random cases.
Included 2000 cases in total.
Finished formatting.
========================================
Setup
========================================
Search Configuration:
signature: ProgramSignature(push_config=PushConfig(collection_size_cap=1000, numeric_magnitude_limit=1000000000000.0, growth_cap=500, runtime_limit=10, step_limit=1500), output_stacks=['int'], arity=1)
evaluator: <pyshgp.gp.evaluation.DatasetEvaluator object at 0x7fd83bd9ae20>
spawner: <pyshgp.gp.genome.GeneSpawner object at 0x7fd87cfcc280>
population_size: 200
max_generations: 300
error_threshold: 0.0
initial_genome_size: (50, 250)
simplification_steps: 500
parallel_context: <pyshgp.gp.search.ParallelContext object at 0x7fd83bd71d00>
selection: <pyshgp.utils.DiscreteProbDistrib object at 0x7fd83d291e40>
variation: <pyshgp.utils.DiscreteProbDistrib object at 0x7fd83d291440>
Instructions:
int_add, int_sub, int_mult, int_div, int_mod, int_min, int_max, int_inc, int_dec, int_lt, int_lte, int_gt, int_gte, int_from_bool, bool_and, bool_or, bool_not, bool_xor, bool_invert_first_then_and, bool_second_first_then_and, bool_from_int, noop, noop_open, exec_do_range, exec_do_count, exec_while, exec_do_while, exec_if, exec_when, vector_int_concat, vector_int_conj, vector_int_take, vector_int_subvec, vector_int_first, vector_int_last, vector_int_nth, vector_int_rest, vector_int_but_last, vector_int_length, vector_int_reverse, vector_int_push_all, vector_int_empty_vector, vector_int_contains, vector_int_index_of, vector_int_occurrences_of, vector_int_set_nth, vector_int_replace, vector_int_replace_first, vector_int_remove, vector_int_iterate, print_bool, println_bool, print_int, println_int, print_vector_int, println_vector_int, print_exec, println_exec, bool_pop, bool_dup, bool_dup_times, bool_swap, bool_rot, bool_flush, bool_eq, bool_stack_depth, bool_yank, bool_yank_dup, bool_shove, bool_shove_dup, bool_is_empty, int_pop, int_dup, int_dup_times, int_swap, int_rot, int_flush, int_eq, int_stack_depth, int_yank, int_yank_dup, int_shove, int_shove_dup, int_is_empty, vector_int_pop, vector_int_dup, vector_int_dup_times, vector_int_swap, vector_int_rot, vector_int_flush, vector_int_eq, vector_int_stack_depth, vector_int_yank, vector_int_yank_dup, vector_int_shove, vector_int_shove_dup, vector_int_is_empty, exec_pop, exec_dup, exec_dup_times, exec_swap, exec_rot, exec_flush, exec_eq, exec_stack_depth, exec_yank, exec_yank_dup, exec_shove, exec_shove_dup, exec_is_empty
Literals:
[Literal(value=0, push_type=<pyshgp.push.types.PushIntType object at 0x7fd87d120310>), Literal(value=1, push_type=<pyshgp.push.types.PushIntType object at 0x7fd87d120310>), Literal(value=2, push_type=<pyshgp.push.types.PushIntType object at 0x7fd87d120310>)]
ERC Generators:
[<function rand_int at 0x7fd83f2ef3a0>]
========================================
Start Run
========================================
2021-12-18 11:39:04.473539 | GENERATION: 1 | ERRORS: best=5314.0, median=200000000.0, diversity=0.14 | INDIVIDUALS: n=200, avg_genome_length=158.295
2021-12-18 11:39:24.426053 | GENERATION: 2 | ERRORS: best=1393.0, median=1002064.0, diversity=0.625 | INDIVIDUALS: n=200, avg_genome_length=196.135
2021-12-18 11:39:45.191685 | GENERATION: 3 | ERRORS: best=1393.0, median=4582.0, diversity=0.645 | INDIVIDUALS: n=200, avg_genome_length=204.07
2021-12-18 11:40:04.145859 | GENERATION: 4 | ERRORS: best=1295.0, median=3419.0, diversity=0.66 | INDIVIDUALS: n=200, avg_genome_length=204.475
2021-12-18 11:40:22.433875 | GENERATION: 5 | ERRORS: best=1295.0, median=4527.0, diversity=0.61 | INDIVIDUALS: n=200, avg_genome_length=200.335
2021-12-18 11:40:40.293235 | GENERATION: 6 | ERRORS: best=1330.0, median=3919.5, diversity=0.665 | INDIVIDUALS: n=200, avg_genome_length=198.335
2021-12-18 11:40:56.142196 | GENERATION: 7 | ERRORS: best=1330.0, median=3091.0, diversity=0.615 | INDIVIDUALS: n=200, avg_genome_length=186.7
2021-12-18 11:41:13.997879 | GENERATION: 8 | ERRORS: best=1306.0, median=7370.5, diversity=0.705 | INDIVIDUALS: n=200, avg_genome_length=180.255
2021-12-18 11:41:32.413636 | GENERATION: 9 | ERRORS: best=1259.0, median=9458.0, diversity=0.715 | INDIVIDUALS: n=200, avg_genome_length=172.515
2021-12-18 11:41:50.788179 | GENERATION: 10 | ERRORS: best=1259.0, median=2221.0, diversity=0.705 | INDIVIDUALS: n=200, avg_genome_length=169.905
2021-12-18 11:42:09.185857 | GENERATION: 11 | ERRORS: best=1260.0, median=2142.5, diversity=0.62 | INDIVIDUALS: n=200, avg_genome_length=170.965
2021-12-18 11:42:31.822484 | GENERATION: 12 | ERRORS: best=1256.0, median=7221.5, diversity=0.665 | INDIVIDUALS: n=200, avg_genome_length=162.55
2021-12-18 11:42:52.794281 | GENERATION: 13 | ERRORS: best=1256.0, median=2142.0, diversity=0.67 | INDIVIDUALS: n=200, avg_genome_length=167.67
2021-12-18 11:43:14.032177 | GENERATION: 14 | ERRORS: best=1256.0, median=2404.0, diversity=0.7 | INDIVIDUALS: n=200, avg_genome_length=169.18
2021-12-18 11:43:32.001261 | GENERATION: 15 | ERRORS: best=1256.0, median=7070.0, diversity=0.715 | INDIVIDUALS: n=200, avg_genome_length=168.73
2021-12-18 11:43:48.776569 | GENERATION: 16 | ERRORS: best=1260.0, median=2143.0, diversity=0.685 | INDIVIDUALS: n=200, avg_genome_length=171.375
2021-12-18 11:44:04.478160 | GENERATION: 17 | ERRORS: best=1259.0, median=2142.0, diversity=0.625 | INDIVIDUALS: n=200, avg_genome_length=169.265
2021-12-18 11:44:25.418620 | GENERATION: 18 | ERRORS: best=1259.0, median=2142.0, diversity=0.63 | INDIVIDUALS: n=200, avg_genome_length=158.665
2021-12-18 11:44:39.749302 | GENERATION: 19 | ERRORS: best=1256.0, median=2142.0, diversity=0.61 | INDIVIDUALS: n=200, avg_genome_length=155.555
2021-12-18 11:44:51.610557 | GENERATION: 20 | ERRORS: best=1256.0, median=2142.0, diversity=0.695 | INDIVIDUALS: n=200, avg_genome_length=152.565
2021-12-18 11:45:03.710886 | GENERATION: 21 | ERRORS: best=1260.0, median=2142.5, diversity=0.655 | INDIVIDUALS: n=200, avg_genome_length=154.02
2021-12-18 11:45:17.953841 | GENERATION: 22 | ERRORS: best=1259.0, median=2142.0, diversity=0.69 | INDIVIDUALS: n=200, avg_genome_length=152.965
2021-12-18 11:45:29.926904 | GENERATION: 23 | ERRORS: best=1262.0, median=2035.5, diversity=0.69 | INDIVIDUALS: n=200, avg_genome_length=146.74
2021-12-18 11:45:43.927331 | GENERATION: 24 | ERRORS: best=1259.0, median=2142.0, diversity=0.7 | INDIVIDUALS: n=200, avg_genome_length=143.585
2021-12-18 11:45:57.533609 | GENERATION: 25 | ERRORS: best=1272.0, median=2142.0, diversity=0.715 | INDIVIDUALS: n=200, avg_genome_length=139.76
2021-12-18 11:46:14.245057 | GENERATION: 26 | ERRORS: best=1269.0, median=2143.0, diversity=0.68 | INDIVIDUALS: n=200, avg_genome_length=139.295
2021-12-18 11:46:30.372567 | GENERATION: 27 | ERRORS: best=1265.0, median=2142.0, diversity=0.74 | INDIVIDUALS: n=200, avg_genome_length=136.12
2021-12-18 11:46:45.643634 | GENERATION: 28 | ERRORS: best=1260.0, median=2142.0, diversity=0.735 | INDIVIDUALS: n=200, avg_genome_length=133.165
2021-12-18 11:47:03.300340 | GENERATION: 29 | ERRORS: best=1249.0, median=2142.0, diversity=0.745 | INDIVIDUALS: n=200, avg_genome_length=131.87
2021-12-18 11:47:20.058952 | GENERATION: 30 | ERRORS: best=1260.0, median=2142.0, diversity=0.695 | INDIVIDUALS: n=200, avg_genome_length=130.265
2021-12-18 11:47:37.142804 | GENERATION: 31 | ERRORS: best=1259.0, median=2920.5, diversity=0.74 | INDIVIDUALS: n=200, avg_genome_length=131.385
2021-12-18 11:47:51.288647 | GENERATION: 32 | ERRORS: best=1259.0, median=2142.0, diversity=0.62 | INDIVIDUALS: n=200, avg_genome_length=128.325
2021-12-18 11:48:06.456632 | GENERATION: 33 | ERRORS: best=1233.0, median=2142.0, diversity=0.725 | INDIVIDUALS: n=200, avg_genome_length=127.62
2021-12-18 11:48:20.604615 | GENERATION: 34 | ERRORS: best=1233.0, median=2142.0, diversity=0.705 | INDIVIDUALS: n=200, avg_genome_length=124.46
2021-12-18 11:48:35.533757 | GENERATION: 35 | ERRORS: best=1233.0, median=2142.0, diversity=0.715 | INDIVIDUALS: n=200, avg_genome_length=124.315
2021-12-18 11:48:48.271171 | GENERATION: 36 | ERRORS: best=1233.0, median=2139.0, diversity=0.64 | INDIVIDUALS: n=200, avg_genome_length=120.425
2021-12-18 11:48:59.868177 | GENERATION: 37 | ERRORS: best=1262.0, median=2142.0, diversity=0.65 | INDIVIDUALS: n=200, avg_genome_length=122.86
2021-12-18 11:49:12.743144 | GENERATION: 38 | ERRORS: best=1242.0, median=2140.5, diversity=0.7 | INDIVIDUALS: n=200, avg_genome_length=121.49
2021-12-18 11:49:24.561972 | GENERATION: 39 | ERRORS: best=1254.0, median=2030.0, diversity=0.725 | INDIVIDUALS: n=200, avg_genome_length=117.895
2021-12-18 11:49:36.983058 | GENERATION: 40 | ERRORS: best=1263.0, median=2026.0, diversity=0.72 | INDIVIDUALS: n=200, avg_genome_length=117.715
2021-12-18 11:49:48.809602 | GENERATION: 41 | ERRORS: best=1260.0, median=2026.0, diversity=0.685 | INDIVIDUALS: n=200, avg_genome_length=116.545
2021-12-18 11:50:00.626345 | GENERATION: 42 | ERRORS: best=1256.0, median=2090.5, diversity=0.725 | INDIVIDUALS: n=200, avg_genome_length=115.86
2021-12-18 11:50:12.746439 | GENERATION: 43 | ERRORS: best=1256.0, median=2028.0, diversity=0.735 | INDIVIDUALS: n=200, avg_genome_length=114.795
2021-12-18 11:50:23.715737 | GENERATION: 44 | ERRORS: best=1259.0, median=2142.0, diversity=0.73 | INDIVIDUALS: n=200, avg_genome_length=113.47
2021-12-18 11:50:36.264870 | GENERATION: 45 | ERRORS: best=1259.0, median=2142.0, diversity=0.76 | INDIVIDUALS: n=200, avg_genome_length=113.68
2021-12-18 11:50:50.101061 | GENERATION: 46 | ERRORS: best=1261.0, median=2142.0, diversity=0.745 | INDIVIDUALS: n=200, avg_genome_length=110.58
2021-12-18 11:51:00.897441 | GENERATION: 47 | ERRORS: best=1278.0, median=2142.0, diversity=0.705 | INDIVIDUALS: n=200, avg_genome_length=107.225
2021-12-18 11:51:09.323159 | GENERATION: 48 | ERRORS: best=1268.0, median=2026.0, diversity=0.7 | INDIVIDUALS: n=200, avg_genome_length=101.745
2021-12-18 11:51:17.337806 | GENERATION: 49 | ERRORS: best=1263.0, median=2142.0, diversity=0.68 | INDIVIDUALS: n=200, avg_genome_length=98.865
2021-12-18 11:51:27.893749 | GENERATION: 50 | ERRORS: best=1303.0, median=2142.0, diversity=0.745 | INDIVIDUALS: n=200, avg_genome_length=102.83
2021-12-18 11:51:37.142813 | GENERATION: 51 | ERRORS: best=1303.0, median=2142.0, diversity=0.675 | INDIVIDUALS: n=200, avg_genome_length=99.91
2021-12-18 11:51:47.694479 | GENERATION: 52 | ERRORS: best=1303.0, median=2143.0, diversity=0.725 | INDIVIDUALS: n=200, avg_genome_length=100.65
2021-12-18 11:52:02.513981 | GENERATION: 53 | ERRORS: best=1324.0, median=2142.0, diversity=0.745 | INDIVIDUALS: n=200, avg_genome_length=100.61
2021-12-18 11:52:14.364650 | GENERATION: 54 | ERRORS: best=1319.0, median=2143.0, diversity=0.755 | INDIVIDUALS: n=200, avg_genome_length=98.005
2021-12-18 11:52:23.057026 | GENERATION: 55 | ERRORS: best=1309.0, median=2227.0, diversity=0.79 | INDIVIDUALS: n=200, avg_genome_length=95.635
2021-12-18 11:52:34.635443 | GENERATION: 56 | ERRORS: best=1260.0, median=2423.5, diversity=0.765 | INDIVIDUALS: n=200, avg_genome_length=96.655
2021-12-18 11:52:44.077306 | GENERATION: 57 | ERRORS: best=1308.0, median=3303.0, diversity=0.77 | INDIVIDUALS: n=200, avg_genome_length=95.205
2021-12-18 11:52:52.485948 | GENERATION: 58 | ERRORS: best=1308.0, median=2143.0, diversity=0.78 | INDIVIDUALS: n=200, avg_genome_length=92.37
2021-12-18 11:53:00.792726 | GENERATION: 59 | ERRORS: best=1347.0, median=2142.0, diversity=0.77 | INDIVIDUALS: n=200, avg_genome_length=91.455
2021-12-18 11:53:10.611300 | GENERATION: 60 | ERRORS: best=1322.0, median=2208.5, diversity=0.83 | INDIVIDUALS: n=200, avg_genome_length=87.415
2021-12-18 11:53:20.150761 | GENERATION: 61 | ERRORS: best=1308.0, median=2142.0, diversity=0.74 | INDIVIDUALS: n=200, avg_genome_length=86.03
2021-12-18 11:53:29.575671 | GENERATION: 62 | ERRORS: best=1327.0, median=2143.0, diversity=0.745 | INDIVIDUALS: n=200, avg_genome_length=83.93
2021-12-18 11:53:38.618906 | GENERATION: 63 | ERRORS: best=1317.0, median=2195.5, diversity=0.765 | INDIVIDUALS: n=200, avg_genome_length=80.705
2021-12-18 11:53:47.436330 | GENERATION: 64 | ERRORS: best=1317.0, median=6252.0, diversity=0.81 | INDIVIDUALS: n=200, avg_genome_length=80.56
2021-12-18 11:53:55.515161 | GENERATION: 65 | ERRORS: best=1262.0, median=2258.0, diversity=0.75 | INDIVIDUALS: n=200, avg_genome_length=79.03
2021-12-18 11:54:04.948912 | GENERATION: 66 | ERRORS: best=1302.0, median=2304.5, diversity=0.75 | INDIVIDUALS: n=200, avg_genome_length=79.36
2021-12-18 11:54:12.972167 | GENERATION: 67 | ERRORS: best=1259.0, median=2142.0, diversity=0.74 | INDIVIDUALS: n=200, avg_genome_length=78.27
2021-12-18 11:54:21.616226 | GENERATION: 68 | ERRORS: best=1259.0, median=2142.0, diversity=0.7 | INDIVIDUALS: n=200, avg_genome_length=77.23
2021-12-18 11:54:31.735047 | GENERATION: 69 | ERRORS: best=1259.0, median=2143.0, diversity=0.72 | INDIVIDUALS: n=200, avg_genome_length=73.83
2021-12-18 11:54:41.778562 | GENERATION: 70 | ERRORS: best=1259.0, median=2142.0, diversity=0.72 | INDIVIDUALS: n=200, avg_genome_length=75.225
2021-12-18 11:54:52.261903 | GENERATION: 71 | ERRORS: best=1259.0, median=2034.5, diversity=0.705 | INDIVIDUALS: n=200, avg_genome_length=73.54
2021-12-18 11:55:01.857226 | GENERATION: 72 | ERRORS: best=1259.0, median=2030.5, diversity=0.73 | INDIVIDUALS: n=200, avg_genome_length=76.595
2021-12-18 11:55:10.215285 | GENERATION: 73 | ERRORS: best=1259.0, median=2026.0, diversity=0.71 | INDIVIDUALS: n=200, avg_genome_length=74.745
2021-12-18 11:55:17.328599 | GENERATION: 74 | ERRORS: best=1259.0, median=2026.0, diversity=0.765 | INDIVIDUALS: n=200, avg_genome_length=73.795
2021-12-18 11:55:25.358313 | GENERATION: 75 | ERRORS: best=1259.0, median=2142.0, diversity=0.715 | INDIVIDUALS: n=200, avg_genome_length=71.575
2021-12-18 11:56:19.659904 | GENERATION: 76 | ERRORS: best=1259.0, median=2142.0, diversity=0.7 | INDIVIDUALS: n=200, avg_genome_length=70.475
2021-12-18 11:56:28.119238 | GENERATION: 77 | ERRORS: best=1259.0, median=2142.0, diversity=0.74 | INDIVIDUALS: n=200, avg_genome_length=72.75
2021-12-18 11:56:36.189424 | GENERATION: 78 | ERRORS: best=1259.0, median=2142.0, diversity=0.725 | INDIVIDUALS: n=200, avg_genome_length=75.285
2021-12-18 11:56:47.046762 | GENERATION: 79 | ERRORS: best=1259.0, median=2075.0, diversity=0.71 | INDIVIDUALS: n=200, avg_genome_length=73.27
2021-12-18 11:56:57.270525 | GENERATION: 80 | ERRORS: best=1259.0, median=2065.5, diversity=0.69 | INDIVIDUALS: n=200, avg_genome_length=73.685
2021-12-18 11:57:05.093994 | GENERATION: 81 | ERRORS: best=1259.0, median=2026.0, diversity=0.695 | INDIVIDUALS: n=200, avg_genome_length=71.015
2021-12-18 11:57:15.503294 | GENERATION: 82 | ERRORS: best=1259.0, median=2142.0, diversity=0.715 | INDIVIDUALS: n=200, avg_genome_length=68.52
2021-12-18 11:57:25.636382 | GENERATION: 83 | ERRORS: best=1256.0, median=2138.5, diversity=0.655 | INDIVIDUALS: n=200, avg_genome_length=71.2
2021-12-18 11:57:34.854838 | GENERATION: 84 | ERRORS: best=1259.0, median=2030.5, diversity=0.665 | INDIVIDUALS: n=200, avg_genome_length=70.535
2021-12-18 11:57:42.495967 | GENERATION: 85 | ERRORS: best=1259.0, median=2060.5, diversity=0.695 | INDIVIDUALS: n=200, avg_genome_length=69.98
2021-12-18 11:57:54.472153 | GENERATION: 86 | ERRORS: best=1259.0, median=2032.5, diversity=0.715 | INDIVIDUALS: n=200, avg_genome_length=69.65
2021-12-18 11:58:04.167717 | GENERATION: 87 | ERRORS: best=1257.0, median=2040.5, diversity=0.675 | INDIVIDUALS: n=200, avg_genome_length=69.135
2021-12-18 11:58:14.009589 | GENERATION: 88 | ERRORS: best=1259.0, median=2140.0, diversity=0.735 | INDIVIDUALS: n=200, avg_genome_length=69.23
2021-12-18 11:58:23.878041 | GENERATION: 89 | ERRORS: best=1298.0, median=2142.0, diversity=0.755 | INDIVIDUALS: n=200, avg_genome_length=70.05
2021-12-18 11:58:35.119480 | GENERATION: 90 | ERRORS: best=939.0, median=2037.5, diversity=0.72 | INDIVIDUALS: n=200, avg_genome_length=72.57
2021-12-18 11:58:45.055021 | GENERATION: 91 | ERRORS: best=939.0, median=2038.0, diversity=0.825 | INDIVIDUALS: n=200, avg_genome_length=71.145
2021-12-18 11:58:54.554037 | GENERATION: 92 | ERRORS: best=1269.0, median=2053.0, diversity=0.73 | INDIVIDUALS: n=200, avg_genome_length=68.34
2021-12-18 11:59:04.234257 | GENERATION: 93 | ERRORS: best=1274.0, median=2051.0, diversity=0.685 | INDIVIDUALS: n=200, avg_genome_length=67.91
2021-12-18 11:59:13.067928 | GENERATION: 94 | ERRORS: best=1293.0, median=2026.0, diversity=0.72 | INDIVIDUALS: n=200, avg_genome_length=67.265
2021-12-18 11:59:21.845520 | GENERATION: 95 | ERRORS: best=1301.0, median=2031.0, diversity=0.72 | INDIVIDUALS: n=200, avg_genome_length=66.73
2021-12-18 11:59:30.569067 | GENERATION: 96 | ERRORS: best=1260.0, median=2119.5, diversity=0.67 | INDIVIDUALS: n=200, avg_genome_length=67.81
2021-12-18 11:59:39.134169 | GENERATION: 97 | ERRORS: best=1281.0, median=2026.5, diversity=0.635 | INDIVIDUALS: n=200, avg_genome_length=71.51
2021-12-18 11:59:46.921786 | GENERATION: 98 | ERRORS: best=1281.0, median=2030.5, diversity=0.725 | INDIVIDUALS: n=200, avg_genome_length=66.645
2021-12-18 11:59:55.785105 | GENERATION: 99 | ERRORS: best=1305.0, median=2094.5, diversity=0.72 | INDIVIDUALS: n=200, avg_genome_length=64.3
2021-12-18 12:00:05.171763 | GENERATION: 100 | ERRORS: best=1299.0, median=2142.0, diversity=0.755 | INDIVIDUALS: n=200, avg_genome_length=61.54
2021-12-18 12:00:14.917812 | GENERATION: 101 | ERRORS: best=1299.0, median=2142.0, diversity=0.735 | INDIVIDUALS: n=200, avg_genome_length=58.28
2021-12-18 12:00:24.166947 | GENERATION: 102 | ERRORS: best=1274.0, median=2142.0, diversity=0.67 | INDIVIDUALS: n=200, avg_genome_length=57.19
2021-12-18 12:00:35.917685 | GENERATION: 103 | ERRORS: best=1261.0, median=2142.0, diversity=0.615 | INDIVIDUALS: n=200, avg_genome_length=56.325
2021-12-18 12:00:45.221596 | GENERATION: 104 | ERRORS: best=1261.0, median=2142.0, diversity=0.635 | INDIVIDUALS: n=200, avg_genome_length=54.63
2021-12-18 12:00:55.174389 | GENERATION: 105 | ERRORS: best=1269.0, median=2096.5, diversity=0.69 | INDIVIDUALS: n=200, avg_genome_length=53.96
2021-12-18 12:01:04.609610 | GENERATION: 106 | ERRORS: best=1263.0, median=2142.0, diversity=0.66 | INDIVIDUALS: n=200, avg_genome_length=51.265
2021-12-18 12:01:15.469164 | GENERATION: 107 | ERRORS: best=1259.0, median=2142.0, diversity=0.65 | INDIVIDUALS: n=200, avg_genome_length=52.845
2021-12-18 12:01:26.882302 | GENERATION: 108 | ERRORS: best=1262.0, median=2142.0, diversity=0.635 | INDIVIDUALS: n=200, avg_genome_length=51.165
2021-12-18 12:01:37.905301 | GENERATION: 109 | ERRORS: best=1257.0, median=2142.0, diversity=0.72 | INDIVIDUALS: n=200, avg_genome_length=53.49
2021-12-18 12:01:48.991739 | GENERATION: 110 | ERRORS: best=1274.0, median=2142.0, diversity=0.7 | INDIVIDUALS: n=200, avg_genome_length=56.655
2021-12-18 12:01:58.588604 | GENERATION: 111 | ERRORS: best=1262.0, median=2142.0, diversity=0.645 | INDIVIDUALS: n=200, avg_genome_length=52.465
2021-12-18 12:02:08.614930 | GENERATION: 112 | ERRORS: best=1259.0, median=2142.0, diversity=0.69 | INDIVIDUALS: n=200, avg_genome_length=50.15
2021-12-18 12:02:18.082356 | GENERATION: 113 | ERRORS: best=1278.0, median=2142.0, diversity=0.67 | INDIVIDUALS: n=200, avg_genome_length=53.585
2021-12-18 12:02:28.034738 | GENERATION: 114 | ERRORS: best=1259.0, median=2041.0, diversity=0.71 | INDIVIDUALS: n=200, avg_genome_length=54.22
2021-12-18 12:02:37.645601 | GENERATION: 115 | ERRORS: best=1262.0, median=2043.0, diversity=0.69 | INDIVIDUALS: n=200, avg_genome_length=55.555
2021-12-18 12:02:47.686428 | GENERATION: 116 | ERRORS: best=1274.0, median=2142.0, diversity=0.765 | INDIVIDUALS: n=200, avg_genome_length=55.64
2021-12-18 12:02:59.127813 | GENERATION: 117 | ERRORS: best=1274.0, median=2142.0, diversity=0.725 | INDIVIDUALS: n=200, avg_genome_length=62.905
2021-12-18 12:03:09.269643 | GENERATION: 118 | ERRORS: best=1262.0, median=2142.0, diversity=0.68 | INDIVIDUALS: n=200, avg_genome_length=57.815
2021-12-18 12:03:17.224616 | GENERATION: 119 | ERRORS: best=1262.0, median=2142.0, diversity=0.715 | INDIVIDUALS: n=200, avg_genome_length=56.465
2021-12-18 12:03:28.187763 | GENERATION: 120 | ERRORS: best=1262.0, median=3086.0, diversity=0.76 | INDIVIDUALS: n=200, avg_genome_length=60.75
2021-12-18 12:03:39.585678 | GENERATION: 121 | ERRORS: best=1262.0, median=2144.5, diversity=0.745 | INDIVIDUALS: n=200, avg_genome_length=61.13
2021-12-18 12:03:51.561086 | GENERATION: 122 | ERRORS: best=1262.0, median=3808.0, diversity=0.74 | INDIVIDUALS: n=200, avg_genome_length=59.575
2021-12-18 12:04:03.763985 | GENERATION: 123 | ERRORS: best=1300.0, median=2241.0, diversity=0.74 | INDIVIDUALS: n=200, avg_genome_length=61.63
2021-12-18 12:04:13.469228 | GENERATION: 124 | ERRORS: best=1259.0, median=7106.5, diversity=0.72 | INDIVIDUALS: n=200, avg_genome_length=57.405
2021-12-18 12:04:21.801596 | GENERATION: 125 | ERRORS: best=1259.0, median=2142.0, diversity=0.675 | INDIVIDUALS: n=200, avg_genome_length=52.41
2021-12-18 12:04:31.208982 | GENERATION: 126 | ERRORS: best=1262.0, median=2142.0, diversity=0.67 | INDIVIDUALS: n=200, avg_genome_length=52.49
2021-12-18 12:04:41.394867 | GENERATION: 127 | ERRORS: best=1262.0, median=2143.0, diversity=0.73 | INDIVIDUALS: n=200, avg_genome_length=57.65
2021-12-18 12:04:51.483660 | GENERATION: 128 | ERRORS: best=1262.0, median=2142.0, diversity=0.755 | INDIVIDUALS: n=200, avg_genome_length=58.455
2021-12-18 12:04:59.771783 | GENERATION: 129 | ERRORS: best=1259.0, median=2142.0, diversity=0.705 | INDIVIDUALS: n=200, avg_genome_length=59.37
2021-12-18 12:05:09.607564 | GENERATION: 130 | ERRORS: best=1259.0, median=2142.0, diversity=0.75 | INDIVIDUALS: n=200, avg_genome_length=60.615
2021-12-18 12:05:17.517469 | GENERATION: 131 | ERRORS: best=1310.0, median=2142.0, diversity=0.72 | INDIVIDUALS: n=200, avg_genome_length=62.8
2021-12-18 12:05:24.631652 | GENERATION: 132 | ERRORS: best=1310.0, median=2135.5, diversity=0.77 | INDIVIDUALS: n=200, avg_genome_length=62.98
2021-12-18 12:05:31.457620 | GENERATION: 133 | ERRORS: best=1309.0, median=2026.0, diversity=0.72 | INDIVIDUALS: n=200, avg_genome_length=60.8
2021-12-18 12:05:38.827788 | GENERATION: 134 | ERRORS: best=1308.0, median=2026.0, diversity=0.765 | INDIVIDUALS: n=200, avg_genome_length=58.855
2021-12-18 12:05:46.808945 | GENERATION: 135 | ERRORS: best=1319.0, median=2144.5, diversity=0.785 | INDIVIDUALS: n=200, avg_genome_length=57.96
2021-12-18 12:05:54.255496 | GENERATION: 136 | ERRORS: best=1324.0, median=2142.0, diversity=0.73 | INDIVIDUALS: n=200, avg_genome_length=56.645
2021-12-18 12:06:02.057169 | GENERATION: 137 | ERRORS: best=1308.0, median=2143.5, diversity=0.85 | INDIVIDUALS: n=200, avg_genome_length=59.15
2021-12-18 12:06:09.607332 | GENERATION: 138 | ERRORS: best=1308.0, median=2142.0, diversity=0.815 | INDIVIDUALS: n=200, avg_genome_length=57.235
2021-12-18 12:06:17.145425 | GENERATION: 139 | ERRORS: best=1319.0, median=3228.5, diversity=0.775 | INDIVIDUALS: n=200, avg_genome_length=59.08
2021-12-18 12:06:25.214345 | GENERATION: 140 | ERRORS: best=1319.0, median=2143.0, diversity=0.755 | INDIVIDUALS: n=200, avg_genome_length=58.3
2021-12-18 12:06:33.447371 | GENERATION: 141 | ERRORS: best=1270.0, median=2142.0, diversity=0.73 | INDIVIDUALS: n=200, avg_genome_length=55.8
2021-12-18 12:06:40.884826 | GENERATION: 142 | ERRORS: best=1262.0, median=2142.0, diversity=0.74 | INDIVIDUALS: n=200, avg_genome_length=55.05
2021-12-18 12:06:48.966792 | GENERATION: 143 | ERRORS: best=1316.0, median=2142.0, diversity=0.805 | INDIVIDUALS: n=200, avg_genome_length=56.055
2021-12-18 12:06:56.742706 | GENERATION: 144 | ERRORS: best=1307.0, median=2142.0, diversity=0.815 | INDIVIDUALS: n=200, avg_genome_length=54.55
2021-12-18 12:07:04.164469 | GENERATION: 145 | ERRORS: best=1316.0, median=2092.0, diversity=0.805 | INDIVIDUALS: n=200, avg_genome_length=53.86
2021-12-18 12:07:11.635253 | GENERATION: 146 | ERRORS: best=1310.0, median=2142.0, diversity=0.705 | INDIVIDUALS: n=200, avg_genome_length=52.815
2021-12-18 12:07:18.675302 | GENERATION: 147 | ERRORS: best=1324.0, median=2142.0, diversity=0.735 | INDIVIDUALS: n=200, avg_genome_length=50.21
2021-12-18 12:07:31.242564 | GENERATION: 148 | ERRORS: best=1266.0, median=2142.0, diversity=0.715 | INDIVIDUALS: n=200, avg_genome_length=53.715
2021-12-18 12:07:39.270833 | GENERATION: 149 | ERRORS: best=1266.0, median=2142.0, diversity=0.755 | INDIVIDUALS: n=200, avg_genome_length=52.985
2021-12-18 12:07:46.945287 | GENERATION: 150 | ERRORS: best=1278.0, median=2082.5, diversity=0.805 | INDIVIDUALS: n=200, avg_genome_length=51.37
2021-12-18 12:07:53.306402 | GENERATION: 151 | ERRORS: best=1260.0, median=2026.0, diversity=0.67 | INDIVIDUALS: n=200, avg_genome_length=50.82
2021-12-18 12:07:58.820050 | GENERATION: 152 | ERRORS: best=1254.0, median=2124.0, diversity=0.69 | INDIVIDUALS: n=200, avg_genome_length=50.555
2021-12-18 12:08:05.830736 | GENERATION: 153 | ERRORS: best=1259.0, median=2142.0, diversity=0.705 | INDIVIDUALS: n=200, avg_genome_length=49.8
2021-12-18 12:08:12.527007 | GENERATION: 154 | ERRORS: best=1257.0, median=2026.0, diversity=0.75 | INDIVIDUALS: n=200, avg_genome_length=49.515
2021-12-18 12:08:18.882671 | GENERATION: 155 | ERRORS: best=1252.0, median=2026.0, diversity=0.735 | INDIVIDUALS: n=200, avg_genome_length=47.5
2021-12-18 12:08:26.368666 | GENERATION: 156 | ERRORS: best=1266.0, median=2111.5, diversity=0.78 | INDIVIDUALS: n=200, avg_genome_length=48.8
2021-12-18 12:08:36.626269 | GENERATION: 157 | ERRORS: best=1277.0, median=2090.0, diversity=0.785 | INDIVIDUALS: n=200, avg_genome_length=48.0
2021-12-18 12:08:46.189757 | GENERATION: 158 | ERRORS: best=1262.0, median=2029.0, diversity=0.8 | INDIVIDUALS: n=200, avg_genome_length=47.265
2021-12-18 12:08:54.064104 | GENERATION: 159 | ERRORS: best=1259.0, median=2139.5, diversity=0.76 | INDIVIDUALS: n=200, avg_genome_length=46.79
2021-12-18 12:09:03.331002 | GENERATION: 160 | ERRORS: best=1272.0, median=2140.0, diversity=0.765 | INDIVIDUALS: n=200, avg_genome_length=46.13
2021-12-18 12:09:11.861938 | GENERATION: 161 | ERRORS: best=1262.0, median=2025.5, diversity=0.745 | INDIVIDUALS: n=200, avg_genome_length=45.25
2021-12-18 12:09:22.123844 | GENERATION: 162 | ERRORS: best=1260.0, median=2077.0, diversity=0.695 | INDIVIDUALS: n=200, avg_genome_length=44.33
2021-12-18 12:09:31.114074 | GENERATION: 163 | ERRORS: best=1258.0, median=2026.0, diversity=0.695 | INDIVIDUALS: n=200, avg_genome_length=43.96
2021-12-18 12:09:38.695562 | GENERATION: 164 | ERRORS: best=1257.0, median=2039.0, diversity=0.755 | INDIVIDUALS: n=200, avg_genome_length=42.825
2021-12-18 12:09:47.207238 | GENERATION: 165 | ERRORS: best=1257.0, median=2026.0, diversity=0.7 | INDIVIDUALS: n=200, avg_genome_length=42.315
2021-12-18 12:09:54.448001 | GENERATION: 166 | ERRORS: best=1262.0, median=2026.0, diversity=0.65 | INDIVIDUALS: n=200, avg_genome_length=39.685
2021-12-18 12:10:02.026034 | GENERATION: 167 | ERRORS: best=1231.0, median=2026.0, diversity=0.665 | INDIVIDUALS: n=200, avg_genome_length=38.58
2021-12-18 12:10:09.505732 | GENERATION: 168 | ERRORS: best=1303.0, median=2039.0, diversity=0.67 | INDIVIDUALS: n=200, avg_genome_length=36.725
2021-12-18 12:10:18.891166 | GENERATION: 169 | ERRORS: best=1259.0, median=2084.5, diversity=0.705 | INDIVIDUALS: n=200, avg_genome_length=34.98
2021-12-18 12:10:28.606904 | GENERATION: 170 | ERRORS: best=1305.0, median=2142.0, diversity=0.62 | INDIVIDUALS: n=200, avg_genome_length=34.335
2021-12-18 12:10:40.898612 | GENERATION: 171 | ERRORS: best=1259.0, median=2026.0, diversity=0.67 | INDIVIDUALS: n=200, avg_genome_length=33.745
2021-12-18 12:10:50.171285 | GENERATION: 172 | ERRORS: best=1259.0, median=2142.0, diversity=0.635 | INDIVIDUALS: n=200, avg_genome_length=35.81
2021-12-18 12:10:59.605706 | GENERATION: 173 | ERRORS: best=1249.0, median=2142.0, diversity=0.655 | INDIVIDUALS: n=200, avg_genome_length=37.925
2021-12-18 12:11:06.689185 | GENERATION: 174 | ERRORS: best=1260.0, median=2100.5, diversity=0.68 | INDIVIDUALS: n=200, avg_genome_length=40.325
2021-12-18 12:11:14.007191 | GENERATION: 175 | ERRORS: best=1257.0, median=2131.0, diversity=0.775 | INDIVIDUALS: n=200, avg_genome_length=39.41
2021-12-18 12:11:23.056831 | GENERATION: 176 | ERRORS: best=1257.0, median=2026.0, diversity=0.7 | INDIVIDUALS: n=200, avg_genome_length=37.845
2021-12-18 12:11:30.076894 | GENERATION: 177 | ERRORS: best=1256.0, median=2026.0, diversity=0.64 | INDIVIDUALS: n=200, avg_genome_length=36.785
2021-12-18 12:11:36.675070 | GENERATION: 178 | ERRORS: best=1263.0, median=2026.0, diversity=0.62 | INDIVIDUALS: n=200, avg_genome_length=35.39
2021-12-18 12:11:42.523226 | GENERATION: 179 | ERRORS: best=1262.0, median=2045.0, diversity=0.63 | INDIVIDUALS: n=200, avg_genome_length=35.1
2021-12-18 12:11:48.684831 | GENERATION: 180 | ERRORS: best=1259.0, median=2079.5, diversity=0.505 | INDIVIDUALS: n=200, avg_genome_length=35.73
2021-12-18 12:11:56.449878 | GENERATION: 181 | ERRORS: best=1259.0, median=2026.5, diversity=0.555 | INDIVIDUALS: n=200, avg_genome_length=36.385
2021-12-18 12:12:04.070806 | GENERATION: 182 | ERRORS: best=1255.0, median=2029.0, diversity=0.62 | INDIVIDUALS: n=200, avg_genome_length=36.505
2021-12-18 12:12:12.824267 | GENERATION: 183 | ERRORS: best=1262.0, median=2141.5, diversity=0.61 | INDIVIDUALS: n=200, avg_genome_length=35.335
2021-12-18 12:12:20.581942 | GENERATION: 184 | ERRORS: best=1262.0, median=2077.5, diversity=0.6 | INDIVIDUALS: n=200, avg_genome_length=36.805
2021-12-18 12:12:28.493982 | GENERATION: 185 | ERRORS: best=1262.0, median=2025.5, diversity=0.665 | INDIVIDUALS: n=200, avg_genome_length=36.145
2021-12-18 12:12:37.495888 | GENERATION: 186 | ERRORS: best=1264.0, median=2142.0, diversity=0.65 | INDIVIDUALS: n=200, avg_genome_length=35.705
2021-12-18 12:12:45.656613 | GENERATION: 187 | ERRORS: best=1262.0, median=2040.5, diversity=0.655 | INDIVIDUALS: n=200, avg_genome_length=35.055
2021-12-18 12:12:54.982537 | GENERATION: 188 | ERRORS: best=1256.0, median=2114.0, diversity=0.65 | INDIVIDUALS: n=200, avg_genome_length=36.885
2021-12-18 12:13:02.862953 | GENERATION: 189 | ERRORS: best=948.0, median=2058.0, diversity=0.635 | INDIVIDUALS: n=200, avg_genome_length=34.595
2021-12-18 12:13:09.784683 | GENERATION: 190 | ERRORS: best=868.0, median=2058.0, diversity=0.645 | INDIVIDUALS: n=200, avg_genome_length=33.34
2021-12-18 12:13:20.347042 | GENERATION: 191 | ERRORS: best=1262.0, median=2133.0, diversity=0.6 | INDIVIDUALS: n=200, avg_genome_length=36.015
2021-12-18 12:13:28.037731 | GENERATION: 192 | ERRORS: best=1253.0, median=2141.0, diversity=0.655 | INDIVIDUALS: n=200, avg_genome_length=36.085
2021-12-18 12:13:38.122245 | GENERATION: 193 | ERRORS: best=1258.0, median=2142.0, diversity=0.68 | INDIVIDUALS: n=200, avg_genome_length=36.525
2021-12-18 12:13:50.516156 | GENERATION: 194 | ERRORS: best=1258.0, median=14079.5, diversity=0.695 | INDIVIDUALS: n=200, avg_genome_length=37.29
2021-12-18 12:13:59.806917 | GENERATION: 195 | ERRORS: best=1256.0, median=2142.5, diversity=0.65 | INDIVIDUALS: n=200, avg_genome_length=35.835
2021-12-18 12:14:08.893829 | GENERATION: 196 | ERRORS: best=1234.0, median=2142.0, diversity=0.61 | INDIVIDUALS: n=200, avg_genome_length=35.465
2021-12-18 12:14:19.339648 | GENERATION: 197 | ERRORS: best=1209.0, median=2142.0, diversity=0.655 | INDIVIDUALS: n=200, avg_genome_length=35.515
2021-12-18 12:14:30.283818 | GENERATION: 198 | ERRORS: best=1209.0, median=2142.0, diversity=0.675 | INDIVIDUALS: n=200, avg_genome_length=36.18
2021-12-18 12:14:41.284739 | GENERATION: 199 | ERRORS: best=1223.0, median=2142.0, diversity=0.685 | INDIVIDUALS: n=200, avg_genome_length=35.485
2021-12-18 12:14:59.202121 | GENERATION: 200 | ERRORS: best=1223.0, median=2142.0, diversity=0.68 | INDIVIDUALS: n=200, avg_genome_length=35.26
2021-12-18 12:15:09.034557 | GENERATION: 201 | ERRORS: best=1223.0, median=2142.0, diversity=0.63 | INDIVIDUALS: n=200, avg_genome_length=34.495
2021-12-18 12:15:19.619430 | GENERATION: 202 | ERRORS: best=1223.0, median=2142.0, diversity=0.7 | INDIVIDUALS: n=200, avg_genome_length=33.945
2021-12-18 12:15:30.903524 | GENERATION: 203 | ERRORS: best=1223.0, median=2140.0, diversity=0.625 | INDIVIDUALS: n=200, avg_genome_length=38.04
2021-12-18 12:15:41.086706 | GENERATION: 204 | ERRORS: best=1181.0, median=2026.0, diversity=0.665 | INDIVIDUALS: n=200, avg_genome_length=35.9
2021-12-18 12:15:51.701872 | GENERATION: 205 | ERRORS: best=1181.0, median=2034.0, diversity=0.6 | INDIVIDUALS: n=200, avg_genome_length=36.17
2021-12-18 12:16:01.600278 | GENERATION: 206 | ERRORS: best=879.0, median=2117.5, diversity=0.615 | INDIVIDUALS: n=200, avg_genome_length=33.725
2021-12-18 12:16:13.475841 | GENERATION: 207 | ERRORS: best=879.0, median=2142.0, diversity=0.55 | INDIVIDUALS: n=200, avg_genome_length=34.04
2021-12-18 12:16:22.201377 | GENERATION: 208 | ERRORS: best=879.0, median=2026.0, diversity=0.58 | INDIVIDUALS: n=200, avg_genome_length=32.36
2021-12-18 12:16:33.089127 | GENERATION: 209 | ERRORS: best=879.0, median=2043.0, diversity=0.615 | INDIVIDUALS: n=200, avg_genome_length=34.415
2021-12-18 12:16:42.812130 | GENERATION: 210 | ERRORS: best=877.0, median=2142.0, diversity=0.66 | INDIVIDUALS: n=200, avg_genome_length=34.73
2021-12-18 12:16:53.008439 | GENERATION: 211 | ERRORS: best=877.0, median=2083.5, diversity=0.635 | INDIVIDUALS: n=200, avg_genome_length=34.765
2021-12-18 12:17:05.046396 | GENERATION: 212 | ERRORS: best=877.0, median=2138.5, diversity=0.705 | INDIVIDUALS: n=200, avg_genome_length=35.71
2021-12-18 12:17:16.053495 | GENERATION: 213 | ERRORS: best=877.0, median=2037.5, diversity=0.615 | INDIVIDUALS: n=200, avg_genome_length=36.26
2021-12-18 12:17:26.473652 | GENERATION: 214 | ERRORS: best=874.0, median=2142.0, diversity=0.585 | INDIVIDUALS: n=200, avg_genome_length=38.29
2021-12-18 12:17:37.817405 | GENERATION: 215 | ERRORS: best=874.0, median=2026.0, diversity=0.62 | INDIVIDUALS: n=200, avg_genome_length=37.65
2021-12-18 12:17:49.303282 | GENERATION: 216 | ERRORS: best=874.0, median=2025.5, diversity=0.67 | INDIVIDUALS: n=200, avg_genome_length=37.89
2021-12-18 12:18:00.304098 | GENERATION: 217 | ERRORS: best=875.0, median=2027.0, diversity=0.6 | INDIVIDUALS: n=200, avg_genome_length=36.69
2021-12-18 12:18:10.620081 | GENERATION: 218 | ERRORS: best=875.0, median=2135.0, diversity=0.58 | INDIVIDUALS: n=200, avg_genome_length=36.93
2021-12-18 12:18:19.581243 | GENERATION: 219 | ERRORS: best=875.0, median=2064.5, diversity=0.585 | INDIVIDUALS: n=200, avg_genome_length=35.875
2021-12-18 12:18:30.345269 | GENERATION: 220 | ERRORS: best=875.0, median=2142.0, diversity=0.55 | INDIVIDUALS: n=200, avg_genome_length=34.595
2021-12-18 12:18:40.939336 | GENERATION: 221 | ERRORS: best=875.0, median=2142.0, diversity=0.64 | INDIVIDUALS: n=200, avg_genome_length=35.72
2021-12-18 12:18:52.953338 | GENERATION: 222 | ERRORS: best=875.0, median=2142.0, diversity=0.63 | INDIVIDUALS: n=200, avg_genome_length=35.565
2021-12-18 12:19:03.545715 | GENERATION: 223 | ERRORS: best=850.0, median=2142.0, diversity=0.56 | INDIVIDUALS: n=200, avg_genome_length=35.285
2021-12-18 12:19:16.211149 | GENERATION: 224 | ERRORS: best=850.0, median=2142.0, diversity=0.6 | INDIVIDUALS: n=200, avg_genome_length=34.775
2021-12-18 12:19:27.478554 | GENERATION: 225 | ERRORS: best=850.0, median=2142.0, diversity=0.605 | INDIVIDUALS: n=200, avg_genome_length=33.435
2021-12-18 12:19:42.681261 | GENERATION: 226 | ERRORS: best=850.0, median=2142.0, diversity=0.59 | INDIVIDUALS: n=200, avg_genome_length=34.54
2021-12-18 12:19:54.347512 | GENERATION: 227 | ERRORS: best=827.0, median=2142.0, diversity=0.58 | INDIVIDUALS: n=200, avg_genome_length=34.415
Simplifying genome of length 29 with total error 0.0.
Simplified genome by 1 to length 28.
Simplified genome by 3 to length 25.
Simplified genome by 2 to length 23.
Simplified genome by 1 to length 22.
Simplified genome by 3 to length 19.
Simplified genome by 1 to length 18.
Simplified genome by 3 to length 15.
Simplified genome by 1 to length 14.
Simplified genome by 2 to length 12.
Simplified genome by 1 to length 11.
Simplified genome by 2 to length 9.
Simplified genome by 1 to length 8.
Simplified genome by 1 to length 7.
Simplified genome by 1 to length 6.
Simplified genome to length 6 and total error 0.0.
========================================
End Run
========================================
Solution found.
Best Seen Individual
	Genome:
	 pvector([InstructionMeta(name='bool_stack_depth', code_blocks=0), Input(input_index=0), InstructionMeta(name='vector_int_iterate', code_blocks=1), Literal(value=2, push_type=<pyshgp.push.types.PushIntType object at 0x7fd83e457fd0>), InstructionMeta(name='int_mod', code_blocks=0), InstructionMeta(name='int_add', code_blocks=0)])
	Program:
	 (bool_stack_depth input_0 vector_int_iterate (2 int_mod int_add))
	Error vector:
	 [0. 0. 0. 0. 0. 0. 0. 0. 0. 0. 0. 0. 0. 0. 0. 0. 0. 0. 0. 0. 0. 0. 0. 0.
 0. 0. 0. 0. 0. 0. 0. 0. 0. 0. 0. 0. 0. 0. 0. 0. 0. 0. 0. 0. 0. 0. 0. 0.
 0. 0. 0. 0. 0. 0. 0. 0. 0. 0. 0. 0. 0. 0. 0. 0. 0. 0. 0. 0. 0. 0. 0. 0.
 0. 0. 0. 0. 0. 0. 0. 0. 0. 0. 0. 0. 0. 0. 0. 0. 0. 0. 0. 0. 0. 0. 0. 0.
 0. 0. 0. 0. 0. 0. 0. 0. 0. 0. 0. 0. 0. 0. 0. 0. 0. 0. 0. 0. 0. 0. 0. 0.
 0. 0. 0. 0. 0. 0. 0. 0. 0. 0. 0. 0. 0. 0. 0. 0. 0. 0. 0. 0. 0. 0. 0. 0.
 0. 0. 0. 0. 0. 0. 0. 0. 0. 0. 0. 0. 0. 0. 0. 0. 0. 0. 0. 0. 0. 0. 0. 0.
 0. 0. 0. 0. 0. 0. 0. 0. 0. 0. 0. 0. 0. 0. 0. 0. 0. 0. 0. 0. 0. 0. 0. 0.
 0. 0. 0. 0. 0. 0. 0. 0.]
	Total error:
	 0.0
	Test error:
	 0.0
	Time:
	 00:43:22
