Included 32 edge cases.
Included 168 random cases.
Included 200 cases in total.
Finished formatting.
Included 0 edge cases.
Included 2000 random cases.
Included 2000 cases in total.
Finished formatting.
========================================
Setup
========================================
Search Configuration:
signature: ProgramSignature(push_config=PushConfig(growth_cap=500, step_limit=1500, collection_size_cap=1000, numeric_magnitude_limit=1000000000000.0, runtime_limit=10), output_stacks=['int'], arity=1)
evaluator: <pyshgp.gp.evaluation.DatasetEvaluator object at 0x7fe0bd2b3400>
spawner: <pyshgp.gp.genome.GeneSpawner object at 0x7fe0fcb3ed90>
population_size: 200
max_generations: 300
error_threshold: 0.0
initial_genome_size: (50, 250)
simplification_steps: 500
parallel_context: <pyshgp.gp.search.ParallelContext object at 0x7fe0bd2c73a0>
selection: <pyshgp.utils.DiscreteProbDistrib object at 0x7fe0fcc67940>
variation: <pyshgp.utils.DiscreteProbDistrib object at 0x7fe0be46ea00>
Instructions:
int_add, int_sub, int_mult, int_div, int_mod, int_min, int_max, int_inc, int_dec, int_lt, int_lte, int_gt, int_gte, int_from_bool, bool_and, bool_or, bool_not, bool_xor, bool_invert_first_then_and, bool_second_first_then_and, bool_from_int, noop, noop_open, exec_do_range, exec_do_count, exec_while, exec_do_while, exec_if, exec_when, vector_int_concat, vector_int_conj, vector_int_take, vector_int_subvec, vector_int_first, vector_int_last, vector_int_nth, vector_int_rest, vector_int_but_last, vector_int_length, vector_int_reverse, vector_int_push_all, vector_int_empty_vector, vector_int_contains, vector_int_index_of, vector_int_occurrences_of, vector_int_set_nth, vector_int_replace, vector_int_replace_first, vector_int_remove, vector_int_iterate, print_bool, println_bool, print_int, println_int, print_vector_int, println_vector_int, print_exec, println_exec, bool_pop, bool_dup, bool_dup_times, bool_swap, bool_rot, bool_flush, bool_eq, bool_stack_depth, bool_yank, bool_yank_dup, bool_shove, bool_shove_dup, bool_is_empty, int_pop, int_dup, int_dup_times, int_swap, int_rot, int_flush, int_eq, int_stack_depth, int_yank, int_yank_dup, int_shove, int_shove_dup, int_is_empty, vector_int_pop, vector_int_dup, vector_int_dup_times, vector_int_swap, vector_int_rot, vector_int_flush, vector_int_eq, vector_int_stack_depth, vector_int_yank, vector_int_yank_dup, vector_int_shove, vector_int_shove_dup, vector_int_is_empty, exec_pop, exec_dup, exec_dup_times, exec_swap, exec_rot, exec_flush, exec_eq, exec_stack_depth, exec_yank, exec_yank_dup, exec_shove, exec_shove_dup, exec_is_empty
Literals:
[Literal(value=0, push_type=<pyshgp.push.types.PushIntType object at 0x7fe0fcc91310>), Literal(value=1, push_type=<pyshgp.push.types.PushIntType object at 0x7fe0fcc91310>), Literal(value=2, push_type=<pyshgp.push.types.PushIntType object at 0x7fe0fcc91310>)]
ERC Generators:
[<function rand_int at 0x7fe0bede2280>]
========================================
Start Run
========================================
2021-12-19 18:51:28.086020 | GENERATION: 1 | ERRORS: best=2155.0, median=64896305.0, diversity=0.145 | INDIVIDUALS: n=200, avg_genome_length=163.205
2021-12-19 18:51:34.724380 | GENERATION: 2 | ERRORS: best=1989.0, median=2155.0, diversity=0.105 | INDIVIDUALS: n=200, avg_genome_length=183.705
2021-12-19 18:51:44.498660 | GENERATION: 3 | ERRORS: best=1701.0, median=2295.0, diversity=0.245 | INDIVIDUALS: n=200, avg_genome_length=177.19
2021-12-19 18:51:54.582816 | GENERATION: 4 | ERRORS: best=1597.0, median=2598.0, diversity=0.385 | INDIVIDUALS: n=200, avg_genome_length=148.865
2021-12-19 18:52:04.591105 | GENERATION: 5 | ERRORS: best=1589.0, median=2357.0, diversity=0.42 | INDIVIDUALS: n=200, avg_genome_length=141.05
2021-12-19 18:52:13.930453 | GENERATION: 6 | ERRORS: best=1547.0, median=2295.0, diversity=0.45 | INDIVIDUALS: n=200, avg_genome_length=140.08
2021-12-19 18:52:22.599034 | GENERATION: 7 | ERRORS: best=1547.0, median=2295.0, diversity=0.445 | INDIVIDUALS: n=200, avg_genome_length=136.415
2021-12-19 18:52:30.700210 | GENERATION: 8 | ERRORS: best=1535.0, median=2277.0, diversity=0.515 | INDIVIDUALS: n=200, avg_genome_length=131.035
2021-12-19 18:52:40.116815 | GENERATION: 9 | ERRORS: best=1532.0, median=2295.0, diversity=0.585 | INDIVIDUALS: n=200, avg_genome_length=127.26
2021-12-19 18:52:49.457860 | GENERATION: 10 | ERRORS: best=1532.0, median=2155.0, diversity=0.6 | INDIVIDUALS: n=200, avg_genome_length=123.925
2021-12-19 18:52:57.732020 | GENERATION: 11 | ERRORS: best=1532.0, median=2155.0, diversity=0.55 | INDIVIDUALS: n=200, avg_genome_length=120.365
2021-12-19 18:53:09.082357 | GENERATION: 12 | ERRORS: best=1526.0, median=2254.0, diversity=0.615 | INDIVIDUALS: n=200, avg_genome_length=122.495
2021-12-19 18:53:18.151211 | GENERATION: 13 | ERRORS: best=1526.0, median=2155.0, diversity=0.66 | INDIVIDUALS: n=200, avg_genome_length=117.82
2021-12-19 18:53:30.190672 | GENERATION: 14 | ERRORS: best=1517.0, median=2295.0, diversity=0.735 | INDIVIDUALS: n=200, avg_genome_length=119.92
2021-12-19 18:53:41.588558 | GENERATION: 15 | ERRORS: best=1517.0, median=2155.0, diversity=0.7 | INDIVIDUALS: n=200, avg_genome_length=116.32
2021-12-19 18:53:52.560788 | GENERATION: 16 | ERRORS: best=1511.0, median=2293.0, diversity=0.71 | INDIVIDUALS: n=200, avg_genome_length=114.215
2021-12-19 18:54:02.689486 | GENERATION: 17 | ERRORS: best=1479.0, median=2297.5, diversity=0.71 | INDIVIDUALS: n=200, avg_genome_length=109.12
2021-12-19 18:54:11.558441 | GENERATION: 18 | ERRORS: best=1493.0, median=2295.0, diversity=0.69 | INDIVIDUALS: n=200, avg_genome_length=107.365
2021-12-19 18:54:23.040767 | GENERATION: 19 | ERRORS: best=1493.0, median=2295.0, diversity=0.715 | INDIVIDUALS: n=200, avg_genome_length=105.835
2021-12-19 18:54:34.776050 | GENERATION: 20 | ERRORS: best=1515.0, median=2295.0, diversity=0.765 | INDIVIDUALS: n=200, avg_genome_length=105.485
2021-12-19 18:55:07.996972 | GENERATION: 21 | ERRORS: best=1517.0, median=3191.5, diversity=0.775 | INDIVIDUALS: n=200, avg_genome_length=106.515
2021-12-19 18:55:17.444684 | GENERATION: 22 | ERRORS: best=1494.0, median=2579.0, diversity=0.8 | INDIVIDUALS: n=200, avg_genome_length=107.69
2021-12-19 18:55:59.108054 | GENERATION: 23 | ERRORS: best=1485.0, median=2383.5, diversity=0.74 | INDIVIDUALS: n=200, avg_genome_length=106.415
2021-12-19 18:56:09.593199 | GENERATION: 24 | ERRORS: best=1521.0, median=2352.0, diversity=0.7 | INDIVIDUALS: n=200, avg_genome_length=108.325
2021-12-19 18:56:19.920820 | GENERATION: 25 | ERRORS: best=1521.0, median=2295.0, diversity=0.765 | INDIVIDUALS: n=200, avg_genome_length=105.57
2021-12-19 18:56:29.929344 | GENERATION: 26 | ERRORS: best=1509.0, median=2295.0, diversity=0.76 | INDIVIDUALS: n=200, avg_genome_length=105.085
2021-12-19 18:56:40.063995 | GENERATION: 27 | ERRORS: best=1485.0, median=2295.0, diversity=0.78 | INDIVIDUALS: n=200, avg_genome_length=102.695
2021-12-19 18:56:51.449205 | GENERATION: 28 | ERRORS: best=1479.0, median=2295.0, diversity=0.73 | INDIVIDUALS: n=200, avg_genome_length=105.39
2021-12-19 18:57:01.293494 | GENERATION: 29 | ERRORS: best=1540.0, median=2295.0, diversity=0.74 | INDIVIDUALS: n=200, avg_genome_length=106.195
2021-12-19 18:57:10.486025 | GENERATION: 30 | ERRORS: best=1512.0, median=2290.0, diversity=0.75 | INDIVIDUALS: n=200, avg_genome_length=107.49
2021-12-19 18:57:21.046703 | GENERATION: 31 | ERRORS: best=1511.0, median=2191.5, diversity=0.735 | INDIVIDUALS: n=200, avg_genome_length=110.165
2021-12-19 18:57:28.091100 | GENERATION: 32 | ERRORS: best=1515.0, median=2230.0, diversity=0.725 | INDIVIDUALS: n=200, avg_genome_length=110.38
2021-12-19 18:57:36.523352 | GENERATION: 33 | ERRORS: best=1462.0, median=2295.0, diversity=0.745 | INDIVIDUALS: n=200, avg_genome_length=112.645
2021-12-19 18:57:46.354518 | GENERATION: 34 | ERRORS: best=1462.0, median=2295.0, diversity=0.76 | INDIVIDUALS: n=200, avg_genome_length=112.1
2021-12-19 18:57:55.058649 | GENERATION: 35 | ERRORS: best=1462.0, median=2295.0, diversity=0.765 | INDIVIDUALS: n=200, avg_genome_length=108.9
2021-12-19 18:58:03.113685 | GENERATION: 36 | ERRORS: best=1525.0, median=2295.0, diversity=0.735 | INDIVIDUALS: n=200, avg_genome_length=108.225
2021-12-19 18:58:13.535997 | GENERATION: 37 | ERRORS: best=1532.0, median=2295.0, diversity=0.75 | INDIVIDUALS: n=200, avg_genome_length=109.93
2021-12-19 18:58:21.034700 | GENERATION: 38 | ERRORS: best=1513.0, median=2206.0, diversity=0.76 | INDIVIDUALS: n=200, avg_genome_length=110.225
2021-12-19 18:58:28.424916 | GENERATION: 39 | ERRORS: best=1531.0, median=2155.0, diversity=0.715 | INDIVIDUALS: n=200, avg_genome_length=109.785
2021-12-19 18:58:34.737402 | GENERATION: 40 | ERRORS: best=1464.0, median=2155.0, diversity=0.73 | INDIVIDUALS: n=200, avg_genome_length=110.75
2021-12-19 18:58:41.343635 | GENERATION: 41 | ERRORS: best=1512.0, median=2156.5, diversity=0.735 | INDIVIDUALS: n=200, avg_genome_length=110.51
2021-12-19 18:58:49.585261 | GENERATION: 42 | ERRORS: best=1146.0, median=2295.0, diversity=0.8 | INDIVIDUALS: n=200, avg_genome_length=109.26
2021-12-19 18:59:00.729112 | GENERATION: 43 | ERRORS: best=1146.0, median=2297.0, diversity=0.785 | INDIVIDUALS: n=200, avg_genome_length=111.425
2021-12-19 18:59:09.744548 | GENERATION: 44 | ERRORS: best=1145.0, median=2155.0, diversity=0.8 | INDIVIDUALS: n=200, avg_genome_length=112.31
2021-12-19 18:59:17.929612 | GENERATION: 45 | ERRORS: best=1008.0, median=2156.5, diversity=0.81 | INDIVIDUALS: n=200, avg_genome_length=111.73
2021-12-19 18:59:25.629410 | GENERATION: 46 | ERRORS: best=1008.0, median=2236.0, diversity=0.805 | INDIVIDUALS: n=200, avg_genome_length=113.67
2021-12-19 18:59:32.189486 | GENERATION: 47 | ERRORS: best=1013.0, median=2205.0, diversity=0.815 | INDIVIDUALS: n=200, avg_genome_length=113.335
2021-12-19 18:59:40.867213 | GENERATION: 48 | ERRORS: best=985.0, median=2083.0, diversity=0.855 | INDIVIDUALS: n=200, avg_genome_length=113.255
2021-12-19 18:59:48.054958 | GENERATION: 49 | ERRORS: best=944.0, median=2164.0, diversity=0.845 | INDIVIDUALS: n=200, avg_genome_length=112.26
2021-12-19 18:59:56.057220 | GENERATION: 50 | ERRORS: best=940.0, median=2155.0, diversity=0.805 | INDIVIDUALS: n=200, avg_genome_length=112.335
2021-12-19 19:00:04.013543 | GENERATION: 51 | ERRORS: best=985.0, median=2227.0, diversity=0.82 | INDIVIDUALS: n=200, avg_genome_length=111.27
2021-12-19 19:00:09.920454 | GENERATION: 52 | ERRORS: best=985.0, median=2083.0, diversity=0.845 | INDIVIDUALS: n=200, avg_genome_length=111.675
2021-12-19 19:00:15.603213 | GENERATION: 53 | ERRORS: best=985.0, median=2144.0, diversity=0.84 | INDIVIDUALS: n=200, avg_genome_length=111.235
2021-12-19 19:00:22.673717 | GENERATION: 54 | ERRORS: best=1084.0, median=2101.5, diversity=0.84 | INDIVIDUALS: n=200, avg_genome_length=109.605
2021-12-19 19:00:30.352418 | GENERATION: 55 | ERRORS: best=1078.0, median=2289.0, diversity=0.8 | INDIVIDUALS: n=200, avg_genome_length=107.295
2021-12-19 19:00:38.519126 | GENERATION: 56 | ERRORS: best=1052.0, median=2173.5, diversity=0.775 | INDIVIDUALS: n=200, avg_genome_length=108.155
2021-12-19 19:00:48.017404 | GENERATION: 57 | ERRORS: best=1052.0, median=2037.0, diversity=0.815 | INDIVIDUALS: n=200, avg_genome_length=107.365
2021-12-19 19:00:56.183013 | GENERATION: 58 | ERRORS: best=1084.0, median=2083.0, diversity=0.815 | INDIVIDUALS: n=200, avg_genome_length=107.245
2021-12-19 19:01:03.161058 | GENERATION: 59 | ERRORS: best=990.0, median=2065.0, diversity=0.795 | INDIVIDUALS: n=200, avg_genome_length=107.14
2021-12-19 19:01:12.510224 | GENERATION: 60 | ERRORS: best=990.0, median=1949.0, diversity=0.805 | INDIVIDUALS: n=200, avg_genome_length=107.925
2021-12-19 19:01:20.038690 | GENERATION: 61 | ERRORS: best=989.0, median=2078.5, diversity=0.815 | INDIVIDUALS: n=200, avg_genome_length=105.99
2021-12-19 19:01:28.519812 | GENERATION: 62 | ERRORS: best=1016.0, median=2082.5, diversity=0.845 | INDIVIDUALS: n=200, avg_genome_length=106.575
2021-12-19 19:01:36.754949 | GENERATION: 63 | ERRORS: best=1027.0, median=2158.0, diversity=0.795 | INDIVIDUALS: n=200, avg_genome_length=106.895
2021-12-19 19:01:42.842507 | GENERATION: 64 | ERRORS: best=999.0, median=1942.5, diversity=0.81 | INDIVIDUALS: n=200, avg_genome_length=104.73
2021-12-19 19:01:49.357031 | GENERATION: 65 | ERRORS: best=1041.0, median=2077.0, diversity=0.79 | INDIVIDUALS: n=200, avg_genome_length=102.795
2021-12-19 19:01:57.856688 | GENERATION: 66 | ERRORS: best=1030.0, median=2020.5, diversity=0.815 | INDIVIDUALS: n=200, avg_genome_length=101.445
2021-12-19 19:02:04.898079 | GENERATION: 67 | ERRORS: best=972.0, median=2073.5, diversity=0.775 | INDIVIDUALS: n=200, avg_genome_length=101.855
2021-12-19 19:02:11.549817 | GENERATION: 68 | ERRORS: best=989.0, median=2064.5, diversity=0.815 | INDIVIDUALS: n=200, avg_genome_length=99.04
2021-12-19 19:02:16.956413 | GENERATION: 69 | ERRORS: best=1124.0, median=2057.0, diversity=0.765 | INDIVIDUALS: n=200, avg_genome_length=96.285
2021-12-19 19:02:23.164637 | GENERATION: 70 | ERRORS: best=1041.0, median=2045.0, diversity=0.82 | INDIVIDUALS: n=200, avg_genome_length=95.025
2021-12-19 19:02:29.906707 | GENERATION: 71 | ERRORS: best=988.0, median=2042.5, diversity=0.835 | INDIVIDUALS: n=200, avg_genome_length=95.62
2021-12-19 19:02:36.729648 | GENERATION: 72 | ERRORS: best=1041.0, median=2077.0, diversity=0.775 | INDIVIDUALS: n=200, avg_genome_length=95.89
2021-12-19 19:02:43.384052 | GENERATION: 73 | ERRORS: best=1040.0, median=2083.5, diversity=0.815 | INDIVIDUALS: n=200, avg_genome_length=94.51
2021-12-19 19:02:48.580985 | GENERATION: 74 | ERRORS: best=1012.0, median=2083.0, diversity=0.81 | INDIVIDUALS: n=200, avg_genome_length=93.67
2021-12-19 19:02:54.304749 | GENERATION: 75 | ERRORS: best=1040.0, median=2172.0, diversity=0.785 | INDIVIDUALS: n=200, avg_genome_length=90.015
2021-12-19 19:03:00.634215 | GENERATION: 76 | ERRORS: best=983.0, median=2083.0, diversity=0.79 | INDIVIDUALS: n=200, avg_genome_length=95.67
2021-12-19 19:03:08.043798 | GENERATION: 77 | ERRORS: best=983.0, median=2079.0, diversity=0.825 | INDIVIDUALS: n=200, avg_genome_length=95.475
2021-12-19 19:03:14.295952 | GENERATION: 78 | ERRORS: best=983.0, median=2035.5, diversity=0.775 | INDIVIDUALS: n=200, avg_genome_length=95.51
2021-12-19 19:03:20.342082 | GENERATION: 79 | ERRORS: best=959.0, median=2083.0, diversity=0.795 | INDIVIDUALS: n=200, avg_genome_length=94.82
2021-12-19 19:03:26.388931 | GENERATION: 80 | ERRORS: best=983.0, median=2032.0, diversity=0.78 | INDIVIDUALS: n=200, avg_genome_length=92.885
2021-12-19 19:03:31.747413 | GENERATION: 81 | ERRORS: best=981.0, median=1931.0, diversity=0.77 | INDIVIDUALS: n=200, avg_genome_length=92.575
2021-12-19 19:03:38.432355 | GENERATION: 82 | ERRORS: best=981.0, median=2083.0, diversity=0.745 | INDIVIDUALS: n=200, avg_genome_length=90.195
2021-12-19 19:03:44.937332 | GENERATION: 83 | ERRORS: best=981.0, median=2027.0, diversity=0.77 | INDIVIDUALS: n=200, avg_genome_length=89.025
2021-12-19 19:03:51.549946 | GENERATION: 84 | ERRORS: best=980.0, median=2083.0, diversity=0.765 | INDIVIDUALS: n=200, avg_genome_length=94.7
2021-12-19 19:03:58.542661 | GENERATION: 85 | ERRORS: best=969.0, median=2169.0, diversity=0.8 | INDIVIDUALS: n=200, avg_genome_length=94.665
2021-12-19 19:04:04.485979 | GENERATION: 86 | ERRORS: best=980.0, median=2135.0, diversity=0.8 | INDIVIDUALS: n=200, avg_genome_length=93.145
2021-12-19 19:04:16.362931 | GENERATION: 87 | ERRORS: best=983.0, median=2110.0, diversity=0.85 | INDIVIDUALS: n=200, avg_genome_length=94.95
2021-12-19 19:04:22.310911 | GENERATION: 88 | ERRORS: best=910.0, median=2083.0, diversity=0.77 | INDIVIDUALS: n=200, avg_genome_length=95.7
2021-12-19 19:04:27.961849 | GENERATION: 89 | ERRORS: best=894.0, median=2109.0, diversity=0.815 | INDIVIDUALS: n=200, avg_genome_length=93.09
2021-12-19 19:04:38.195280 | GENERATION: 90 | ERRORS: best=910.0, median=2083.0, diversity=0.735 | INDIVIDUALS: n=200, avg_genome_length=93.425
2021-12-19 19:04:43.173699 | GENERATION: 91 | ERRORS: best=971.0, median=2043.0, diversity=0.8 | INDIVIDUALS: n=200, avg_genome_length=93.605
2021-12-19 19:04:49.697070 | GENERATION: 92 | ERRORS: best=947.0, median=1949.0, diversity=0.81 | INDIVIDUALS: n=200, avg_genome_length=90.99
2021-12-19 19:04:57.586069 | GENERATION: 93 | ERRORS: best=947.0, median=2080.0, diversity=0.84 | INDIVIDUALS: n=200, avg_genome_length=94.8
2021-12-19 19:05:06.136767 | GENERATION: 94 | ERRORS: best=947.0, median=2083.0, diversity=0.805 | INDIVIDUALS: n=200, avg_genome_length=90.46
2021-12-19 19:05:14.084662 | GENERATION: 95 | ERRORS: best=915.0, median=2007.5, diversity=0.86 | INDIVIDUALS: n=200, avg_genome_length=93.58
2021-12-19 19:05:20.897788 | GENERATION: 96 | ERRORS: best=915.0, median=2083.0, diversity=0.8 | INDIVIDUALS: n=200, avg_genome_length=96.545
2021-12-19 19:05:29.684438 | GENERATION: 97 | ERRORS: best=915.0, median=2084.0, diversity=0.795 | INDIVIDUALS: n=200, avg_genome_length=98.755
2021-12-19 19:05:46.277840 | GENERATION: 98 | ERRORS: best=915.0, median=2083.0, diversity=0.765 | INDIVIDUALS: n=200, avg_genome_length=98.33
2021-12-19 19:05:55.143753 | GENERATION: 99 | ERRORS: best=915.0, median=2083.0, diversity=0.775 | INDIVIDUALS: n=200, avg_genome_length=98.27
2021-12-19 19:06:02.222672 | GENERATION: 100 | ERRORS: best=915.0, median=2083.5, diversity=0.82 | INDIVIDUALS: n=200, avg_genome_length=96.185
2021-12-19 19:06:08.486581 | GENERATION: 101 | ERRORS: best=915.0, median=2083.0, diversity=0.815 | INDIVIDUALS: n=200, avg_genome_length=96.31
2021-12-19 19:06:14.264099 | GENERATION: 102 | ERRORS: best=915.0, median=2083.0, diversity=0.765 | INDIVIDUALS: n=200, avg_genome_length=93.78
2021-12-19 19:06:21.848675 | GENERATION: 103 | ERRORS: best=915.0, median=2083.0, diversity=0.86 | INDIVIDUALS: n=200, avg_genome_length=93.82
2021-12-19 19:06:28.909066 | GENERATION: 104 | ERRORS: best=915.0, median=2083.0, diversity=0.785 | INDIVIDUALS: n=200, avg_genome_length=91.235
2021-12-19 19:06:45.441279 | GENERATION: 105 | ERRORS: best=915.0, median=2083.0, diversity=0.83 | INDIVIDUALS: n=200, avg_genome_length=90.535
2021-12-19 19:06:49.590272 | GENERATION: 106 | ERRORS: best=915.0, median=2083.0, diversity=0.785 | INDIVIDUALS: n=200, avg_genome_length=89.445
2021-12-19 19:07:02.868638 | GENERATION: 107 | ERRORS: best=915.0, median=2155.0, diversity=0.795 | INDIVIDUALS: n=200, avg_genome_length=89.92
2021-12-19 19:07:09.637326 | GENERATION: 108 | ERRORS: best=915.0, median=2083.0, diversity=0.785 | INDIVIDUALS: n=200, avg_genome_length=88.14
2021-12-19 19:07:15.725186 | GENERATION: 109 | ERRORS: best=945.0, median=2184.5, diversity=0.815 | INDIVIDUALS: n=200, avg_genome_length=84.055
2021-12-19 19:07:23.325648 | GENERATION: 110 | ERRORS: best=928.0, median=2295.0, diversity=0.795 | INDIVIDUALS: n=200, avg_genome_length=86.22
2021-12-19 19:07:31.177112 | GENERATION: 111 | ERRORS: best=926.0, median=2303.0, diversity=0.82 | INDIVIDUALS: n=200, avg_genome_length=87.98
2021-12-19 19:07:37.110070 | GENERATION: 112 | ERRORS: best=925.0, median=2154.5, diversity=0.765 | INDIVIDUALS: n=200, avg_genome_length=86.485
2021-12-19 19:07:43.398324 | GENERATION: 113 | ERRORS: best=927.0, median=2083.0, diversity=0.78 | INDIVIDUALS: n=200, avg_genome_length=84.225
2021-12-19 19:07:48.238659 | GENERATION: 114 | ERRORS: best=939.0, median=2003.0, diversity=0.755 | INDIVIDUALS: n=200, avg_genome_length=82.16
2021-12-19 19:07:53.965834 | GENERATION: 115 | ERRORS: best=920.0, median=2083.0, diversity=0.77 | INDIVIDUALS: n=200, avg_genome_length=84.43
2021-12-19 19:08:00.161543 | GENERATION: 116 | ERRORS: best=920.0, median=2016.0, diversity=0.79 | INDIVIDUALS: n=200, avg_genome_length=82.235
2021-12-19 19:08:05.488306 | GENERATION: 117 | ERRORS: best=920.0, median=2083.0, diversity=0.775 | INDIVIDUALS: n=200, avg_genome_length=82.22
2021-12-19 19:08:11.867244 | GENERATION: 118 | ERRORS: best=916.0, median=2057.0, diversity=0.74 | INDIVIDUALS: n=200, avg_genome_length=84.725
2021-12-19 19:08:18.888535 | GENERATION: 119 | ERRORS: best=916.0, median=2083.0, diversity=0.695 | INDIVIDUALS: n=200, avg_genome_length=82.345
2021-12-19 19:08:25.840788 | GENERATION: 120 | ERRORS: best=939.0, median=2155.0, diversity=0.73 | INDIVIDUALS: n=200, avg_genome_length=85.41
2021-12-19 19:08:34.276542 | GENERATION: 121 | ERRORS: best=922.0, median=2171.0, diversity=0.73 | INDIVIDUALS: n=200, avg_genome_length=85.2
2021-12-19 19:08:41.307626 | GENERATION: 122 | ERRORS: best=913.0, median=2083.0, diversity=0.725 | INDIVIDUALS: n=200, avg_genome_length=83.83
2021-12-19 19:08:48.819035 | GENERATION: 123 | ERRORS: best=913.0, median=2083.0, diversity=0.68 | INDIVIDUALS: n=200, avg_genome_length=81.175
2021-12-19 19:08:56.312648 | GENERATION: 124 | ERRORS: best=932.0, median=2155.0, diversity=0.76 | INDIVIDUALS: n=200, avg_genome_length=84.52
2021-12-19 19:09:02.068177 | GENERATION: 125 | ERRORS: best=921.0, median=2155.0, diversity=0.68 | INDIVIDUALS: n=200, avg_genome_length=79.465
2021-12-19 19:09:10.241736 | GENERATION: 126 | ERRORS: best=933.0, median=2083.0, diversity=0.71 | INDIVIDUALS: n=200, avg_genome_length=81.29
2021-12-19 19:09:16.610249 | GENERATION: 127 | ERRORS: best=919.0, median=2056.0, diversity=0.73 | INDIVIDUALS: n=200, avg_genome_length=81.79
2021-12-19 19:09:23.495835 | GENERATION: 128 | ERRORS: best=938.0, median=2151.5, diversity=0.71 | INDIVIDUALS: n=200, avg_genome_length=78.63
2021-12-19 19:09:29.433656 | GENERATION: 129 | ERRORS: best=929.0, median=2083.0, diversity=0.615 | INDIVIDUALS: n=200, avg_genome_length=73.26
2021-12-19 19:09:35.363230 | GENERATION: 130 | ERRORS: best=926.0, median=2189.5, diversity=0.715 | INDIVIDUALS: n=200, avg_genome_length=75.76
2021-12-19 19:09:42.223533 | GENERATION: 131 | ERRORS: best=920.0, median=2155.0, diversity=0.725 | INDIVIDUALS: n=200, avg_genome_length=77.99
2021-12-19 19:09:47.831934 | GENERATION: 132 | ERRORS: best=920.0, median=2155.0, diversity=0.745 | INDIVIDUALS: n=200, avg_genome_length=77.115
2021-12-19 19:09:55.725318 | GENERATION: 133 | ERRORS: best=914.0, median=2222.5, diversity=0.77 | INDIVIDUALS: n=200, avg_genome_length=75.4
2021-12-19 19:10:01.653091 | GENERATION: 134 | ERRORS: best=915.0, median=2210.5, diversity=0.725 | INDIVIDUALS: n=200, avg_genome_length=75.975
2021-12-19 19:10:07.575850 | GENERATION: 135 | ERRORS: best=932.0, median=2172.0, diversity=0.705 | INDIVIDUALS: n=200, avg_genome_length=78.275
2021-12-19 19:10:16.313838 | GENERATION: 136 | ERRORS: best=926.0, median=2167.0, diversity=0.76 | INDIVIDUALS: n=200, avg_genome_length=78.88
2021-12-19 19:10:21.998678 | GENERATION: 137 | ERRORS: best=928.0, median=2295.0, diversity=0.71 | INDIVIDUALS: n=200, avg_genome_length=77.415
2021-12-19 19:10:26.526319 | GENERATION: 138 | ERRORS: best=927.0, median=2171.0, diversity=0.73 | INDIVIDUALS: n=200, avg_genome_length=79.175
2021-12-19 19:10:31.505626 | GENERATION: 139 | ERRORS: best=924.0, median=2151.0, diversity=0.78 | INDIVIDUALS: n=200, avg_genome_length=83.205
2021-12-19 19:10:36.446922 | GENERATION: 140 | ERRORS: best=924.0, median=2083.0, diversity=0.725 | INDIVIDUALS: n=200, avg_genome_length=82.53
2021-12-19 19:10:41.615751 | GENERATION: 141 | ERRORS: best=924.0, median=2109.5, diversity=0.725 | INDIVIDUALS: n=200, avg_genome_length=88.425
2021-12-19 19:10:48.629959 | GENERATION: 142 | ERRORS: best=986.0, median=2295.0, diversity=0.805 | INDIVIDUALS: n=200, avg_genome_length=91.16
2021-12-19 19:10:55.060941 | GENERATION: 143 | ERRORS: best=1001.0, median=2295.0, diversity=0.84 | INDIVIDUALS: n=200, avg_genome_length=91.05
2021-12-19 19:11:01.224973 | GENERATION: 144 | ERRORS: best=930.0, median=2295.0, diversity=0.75 | INDIVIDUALS: n=200, avg_genome_length=91.09
2021-12-19 19:11:08.785819 | GENERATION: 145 | ERRORS: best=930.0, median=2118.5, diversity=0.8 | INDIVIDUALS: n=200, avg_genome_length=88.505
2021-12-19 19:11:15.023053 | GENERATION: 146 | ERRORS: best=928.0, median=2155.0, diversity=0.725 | INDIVIDUALS: n=200, avg_genome_length=85.455
2021-12-19 19:11:22.225581 | GENERATION: 147 | ERRORS: best=930.0, median=2264.0, diversity=0.79 | INDIVIDUALS: n=200, avg_genome_length=81.785
2021-12-19 19:11:27.830727 | GENERATION: 148 | ERRORS: best=961.0, median=2083.0, diversity=0.735 | INDIVIDUALS: n=200, avg_genome_length=80.1
2021-12-19 19:11:33.516587 | GENERATION: 149 | ERRORS: best=930.0, median=2180.5, diversity=0.695 | INDIVIDUALS: n=200, avg_genome_length=81.595
2021-12-19 19:11:40.885891 | GENERATION: 150 | ERRORS: best=930.0, median=2057.0, diversity=0.75 | INDIVIDUALS: n=200, avg_genome_length=80.4
2021-12-19 19:11:47.573355 | GENERATION: 151 | ERRORS: best=930.0, median=2083.5, diversity=0.755 | INDIVIDUALS: n=200, avg_genome_length=81.62
2021-12-19 19:11:54.633789 | GENERATION: 152 | ERRORS: best=924.0, median=2083.0, diversity=0.77 | INDIVIDUALS: n=200, avg_genome_length=82.55
2021-12-19 19:12:00.850850 | GENERATION: 153 | ERRORS: best=924.0, median=2083.0, diversity=0.73 | INDIVIDUALS: n=200, avg_genome_length=80.425
2021-12-19 19:12:07.751853 | GENERATION: 154 | ERRORS: best=924.0, median=2083.0, diversity=0.71 | INDIVIDUALS: n=200, avg_genome_length=80.885
2021-12-19 19:12:14.071186 | GENERATION: 155 | ERRORS: best=924.0, median=2249.0, diversity=0.765 | INDIVIDUALS: n=200, avg_genome_length=80.215
2021-12-19 19:12:20.770934 | GENERATION: 156 | ERRORS: best=924.0, median=2295.0, diversity=0.73 | INDIVIDUALS: n=200, avg_genome_length=79.23
2021-12-19 19:12:26.939909 | GENERATION: 157 | ERRORS: best=924.0, median=2295.0, diversity=0.785 | INDIVIDUALS: n=200, avg_genome_length=81.16
2021-12-19 19:12:32.773691 | GENERATION: 158 | ERRORS: best=924.0, median=2083.0, diversity=0.72 | INDIVIDUALS: n=200, avg_genome_length=81.74
2021-12-19 19:12:39.667240 | GENERATION: 159 | ERRORS: best=924.0, median=2295.0, diversity=0.805 | INDIVIDUALS: n=200, avg_genome_length=82.09
2021-12-19 19:12:46.805555 | GENERATION: 160 | ERRORS: best=924.0, median=2219.5, diversity=0.77 | INDIVIDUALS: n=200, avg_genome_length=82.105
2021-12-19 19:12:53.787419 | GENERATION: 161 | ERRORS: best=979.0, median=2295.0, diversity=0.76 | INDIVIDUALS: n=200, avg_genome_length=80.47
2021-12-19 19:13:06.779190 | GENERATION: 162 | ERRORS: best=979.0, median=2295.0, diversity=0.765 | INDIVIDUALS: n=200, avg_genome_length=79.645
2021-12-19 19:13:14.031771 | GENERATION: 163 | ERRORS: best=888.0, median=2295.0, diversity=0.78 | INDIVIDUALS: n=200, avg_genome_length=77.185
2021-12-19 19:13:22.312338 | GENERATION: 164 | ERRORS: best=888.0, median=2216.0, diversity=0.795 | INDIVIDUALS: n=200, avg_genome_length=72.265
2021-12-19 19:13:29.486249 | GENERATION: 165 | ERRORS: best=957.0, median=2112.0, diversity=0.735 | INDIVIDUALS: n=200, avg_genome_length=71.4
2021-12-19 19:13:35.996618 | GENERATION: 166 | ERRORS: best=957.0, median=2219.5, diversity=0.73 | INDIVIDUALS: n=200, avg_genome_length=67.915
2021-12-19 19:13:42.879071 | GENERATION: 167 | ERRORS: best=980.0, median=2155.0, diversity=0.73 | INDIVIDUALS: n=200, avg_genome_length=66.23
2021-12-19 19:13:49.618849 | GENERATION: 168 | ERRORS: best=980.0, median=2083.0, diversity=0.75 | INDIVIDUALS: n=200, avg_genome_length=66.14
2021-12-19 19:13:57.076364 | GENERATION: 169 | ERRORS: best=980.0, median=2170.5, diversity=0.72 | INDIVIDUALS: n=200, avg_genome_length=68.77
2021-12-19 19:14:03.096465 | GENERATION: 170 | ERRORS: best=980.0, median=2083.0, diversity=0.735 | INDIVIDUALS: n=200, avg_genome_length=66.28
2021-12-19 19:14:07.407148 | GENERATION: 171 | ERRORS: best=981.0, median=2154.5, diversity=0.68 | INDIVIDUALS: n=200, avg_genome_length=66.18
2021-12-19 19:14:14.114490 | GENERATION: 172 | ERRORS: best=981.0, median=2083.0, diversity=0.715 | INDIVIDUALS: n=200, avg_genome_length=67.49
2021-12-19 19:14:20.387105 | GENERATION: 173 | ERRORS: best=1052.0, median=2205.0, diversity=0.76 | INDIVIDUALS: n=200, avg_genome_length=67.755
2021-12-19 19:14:26.552644 | GENERATION: 174 | ERRORS: best=1052.0, median=2083.0, diversity=0.75 | INDIVIDUALS: n=200, avg_genome_length=62.96
2021-12-19 19:14:32.049984 | GENERATION: 175 | ERRORS: best=1052.0, median=2118.0, diversity=0.75 | INDIVIDUALS: n=200, avg_genome_length=65.97
2021-12-19 19:14:38.718154 | GENERATION: 176 | ERRORS: best=1053.0, median=2083.0, diversity=0.78 | INDIVIDUALS: n=200, avg_genome_length=66.94
2021-12-19 19:14:42.677466 | GENERATION: 177 | ERRORS: best=1053.0, median=2083.0, diversity=0.715 | INDIVIDUALS: n=200, avg_genome_length=65.02
2021-12-19 19:14:54.722800 | GENERATION: 178 | ERRORS: best=1077.0, median=2152.5, diversity=0.745 | INDIVIDUALS: n=200, avg_genome_length=63.72
2021-12-19 19:15:00.390120 | GENERATION: 179 | ERRORS: best=1077.0, median=2254.5, diversity=0.745 | INDIVIDUALS: n=200, avg_genome_length=61.55
2021-12-19 19:15:07.759413 | GENERATION: 180 | ERRORS: best=1092.0, median=2215.0, diversity=0.785 | INDIVIDUALS: n=200, avg_genome_length=63.715
2021-12-19 19:15:14.562435 | GENERATION: 181 | ERRORS: best=1072.0, median=2295.0, diversity=0.815 | INDIVIDUALS: n=200, avg_genome_length=65.96
2021-12-19 19:15:20.037689 | GENERATION: 182 | ERRORS: best=1062.0, median=2268.5, diversity=0.765 | INDIVIDUALS: n=200, avg_genome_length=63.0
2021-12-19 19:15:26.266216 | GENERATION: 183 | ERRORS: best=1062.0, median=2295.0, diversity=0.72 | INDIVIDUALS: n=200, avg_genome_length=57.495
2021-12-19 19:15:32.192815 | GENERATION: 184 | ERRORS: best=1062.0, median=2163.5, diversity=0.695 | INDIVIDUALS: n=200, avg_genome_length=55.045
2021-12-19 19:15:38.075480 | GENERATION: 185 | ERRORS: best=984.0, median=2154.0, diversity=0.725 | INDIVIDUALS: n=200, avg_genome_length=58.185
2021-12-19 19:15:45.380141 | GENERATION: 186 | ERRORS: best=984.0, median=2197.5, diversity=0.715 | INDIVIDUALS: n=200, avg_genome_length=58.005
2021-12-19 19:15:51.004153 | GENERATION: 187 | ERRORS: best=1011.0, median=2211.5, diversity=0.735 | INDIVIDUALS: n=200, avg_genome_length=60.58
2021-12-19 19:15:56.131530 | GENERATION: 188 | ERRORS: best=1028.0, median=2220.0, diversity=0.68 | INDIVIDUALS: n=200, avg_genome_length=60.18
2021-12-19 19:16:04.024836 | GENERATION: 189 | ERRORS: best=1011.0, median=2289.0, diversity=0.75 | INDIVIDUALS: n=200, avg_genome_length=65.85
2021-12-19 19:16:10.223098 | GENERATION: 190 | ERRORS: best=1028.0, median=2233.5, diversity=0.765 | INDIVIDUALS: n=200, avg_genome_length=65.665
2021-12-19 19:16:17.425611 | GENERATION: 191 | ERRORS: best=1041.0, median=2155.0, diversity=0.71 | INDIVIDUALS: n=200, avg_genome_length=65.34
2021-12-19 19:16:23.930068 | GENERATION: 192 | ERRORS: best=999.0, median=2155.0, diversity=0.72 | INDIVIDUALS: n=200, avg_genome_length=63.225
2021-12-19 19:16:31.843352 | GENERATION: 193 | ERRORS: best=999.0, median=2155.0, diversity=0.665 | INDIVIDUALS: n=200, avg_genome_length=65.435
2021-12-19 19:16:39.413719 | GENERATION: 194 | ERRORS: best=984.0, median=2126.0, diversity=0.72 | INDIVIDUALS: n=200, avg_genome_length=67.74
2021-12-19 19:16:46.474772 | GENERATION: 195 | ERRORS: best=977.0, median=2155.5, diversity=0.71 | INDIVIDUALS: n=200, avg_genome_length=69.465
2021-12-19 19:16:52.567591 | GENERATION: 196 | ERRORS: best=967.0, median=2081.5, diversity=0.765 | INDIVIDUALS: n=200, avg_genome_length=71.22
2021-12-19 19:16:58.314281 | GENERATION: 197 | ERRORS: best=967.0, median=2155.0, diversity=0.76 | INDIVIDUALS: n=200, avg_genome_length=71.275
2021-12-19 19:17:03.873376 | GENERATION: 198 | ERRORS: best=981.0, median=2145.5, diversity=0.79 | INDIVIDUALS: n=200, avg_genome_length=72.645
2021-12-19 19:17:10.977140 | GENERATION: 199 | ERRORS: best=981.0, median=2295.0, diversity=0.815 | INDIVIDUALS: n=200, avg_genome_length=73.775
2021-12-19 19:17:17.409028 | GENERATION: 200 | ERRORS: best=981.0, median=2145.5, diversity=0.805 | INDIVIDUALS: n=200, avg_genome_length=73.38
2021-12-19 19:17:23.302329 | GENERATION: 201 | ERRORS: best=886.0, median=2122.0, diversity=0.84 | INDIVIDUALS: n=200, avg_genome_length=71.715
2021-12-19 19:17:28.790370 | GENERATION: 202 | ERRORS: best=886.0, median=2083.0, diversity=0.775 | INDIVIDUALS: n=200, avg_genome_length=72.39
2021-12-19 19:17:35.528778 | GENERATION: 203 | ERRORS: best=886.0, median=2155.0, diversity=0.81 | INDIVIDUALS: n=200, avg_genome_length=72.66
2021-12-19 19:17:41.707542 | GENERATION: 204 | ERRORS: best=886.0, median=2024.0, diversity=0.82 | INDIVIDUALS: n=200, avg_genome_length=72.125
2021-12-19 19:17:49.516371 | GENERATION: 205 | ERRORS: best=886.0, median=2155.0, diversity=0.815 | INDIVIDUALS: n=200, avg_genome_length=71.545
2021-12-19 19:17:55.928165 | GENERATION: 206 | ERRORS: best=795.0, median=2083.0, diversity=0.8 | INDIVIDUALS: n=200, avg_genome_length=71.25
2021-12-19 19:18:01.550916 | GENERATION: 207 | ERRORS: best=795.0, median=2083.0, diversity=0.815 | INDIVIDUALS: n=200, avg_genome_length=70.265
2021-12-19 19:18:07.625401 | GENERATION: 208 | ERRORS: best=795.0, median=2083.0, diversity=0.79 | INDIVIDUALS: n=200, avg_genome_length=71.25
2021-12-19 19:18:14.863021 | GENERATION: 209 | ERRORS: best=795.0, median=2083.0, diversity=0.78 | INDIVIDUALS: n=200, avg_genome_length=69.405
2021-12-19 19:18:22.654784 | GENERATION: 210 | ERRORS: best=795.0, median=2142.0, diversity=0.715 | INDIVIDUALS: n=200, avg_genome_length=69.35
2021-12-19 19:18:31.905224 | GENERATION: 211 | ERRORS: best=795.0, median=2084.0, diversity=0.715 | INDIVIDUALS: n=200, avg_genome_length=70.445
2021-12-19 19:18:38.836569 | GENERATION: 212 | ERRORS: best=795.0, median=2155.0, diversity=0.745 | INDIVIDUALS: n=200, avg_genome_length=69.635
2021-12-19 19:18:45.963779 | GENERATION: 213 | ERRORS: best=795.0, median=2088.5, diversity=0.75 | INDIVIDUALS: n=200, avg_genome_length=72.145
2021-12-19 19:18:52.169880 | GENERATION: 214 | ERRORS: best=795.0, median=2113.0, diversity=0.8 | INDIVIDUALS: n=200, avg_genome_length=71.67
2021-12-19 19:18:58.176556 | GENERATION: 215 | ERRORS: best=795.0, median=2090.0, diversity=0.69 | INDIVIDUALS: n=200, avg_genome_length=70.15
2021-12-19 19:19:03.939326 | GENERATION: 216 | ERRORS: best=886.0, median=2057.5, diversity=0.73 | INDIVIDUALS: n=200, avg_genome_length=70.635
2021-12-19 19:19:10.397756 | GENERATION: 217 | ERRORS: best=886.0, median=2057.0, diversity=0.74 | INDIVIDUALS: n=200, avg_genome_length=71.365
2021-12-19 19:19:16.748056 | GENERATION: 218 | ERRORS: best=914.0, median=2111.5, diversity=0.805 | INDIVIDUALS: n=200, avg_genome_length=71.51
2021-12-19 19:19:21.464967 | GENERATION: 219 | ERRORS: best=888.0, median=2083.0, diversity=0.745 | INDIVIDUALS: n=200, avg_genome_length=70.12
2021-12-19 19:19:27.287281 | GENERATION: 220 | ERRORS: best=888.0, median=2288.5, diversity=0.805 | INDIVIDUALS: n=200, avg_genome_length=72.015
2021-12-19 19:19:31.376701 | GENERATION: 221 | ERRORS: best=987.0, median=2295.0, diversity=0.74 | INDIVIDUALS: n=200, avg_genome_length=71.62
2021-12-19 19:19:37.616916 | GENERATION: 222 | ERRORS: best=987.0, median=2083.0, diversity=0.75 | INDIVIDUALS: n=200, avg_genome_length=70.555
2021-12-19 19:19:44.200090 | GENERATION: 223 | ERRORS: best=974.0, median=2097.0, diversity=0.8 | INDIVIDUALS: n=200, avg_genome_length=69.005
2021-12-19 19:19:51.166111 | GENERATION: 224 | ERRORS: best=974.0, median=2164.0, diversity=0.81 | INDIVIDUALS: n=200, avg_genome_length=68.655
2021-12-19 19:19:59.583145 | GENERATION: 225 | ERRORS: best=827.0, median=2295.0, diversity=0.765 | INDIVIDUALS: n=200, avg_genome_length=69.225
2021-12-19 19:20:06.513389 | GENERATION: 226 | ERRORS: best=974.0, median=2155.0, diversity=0.765 | INDIVIDUALS: n=200, avg_genome_length=66.55
2021-12-19 19:20:14.888366 | GENERATION: 227 | ERRORS: best=973.0, median=2295.0, diversity=0.81 | INDIVIDUALS: n=200, avg_genome_length=66.105
2021-12-19 19:20:22.319320 | GENERATION: 228 | ERRORS: best=972.0, median=2153.0, diversity=0.795 | INDIVIDUALS: n=200, avg_genome_length=65.86
2021-12-19 19:20:29.784243 | GENERATION: 229 | ERRORS: best=972.0, median=2217.0, diversity=0.825 | INDIVIDUALS: n=200, avg_genome_length=66.22
2021-12-19 19:20:37.167307 | GENERATION: 230 | ERRORS: best=972.0, median=2285.5, diversity=0.75 | INDIVIDUALS: n=200, avg_genome_length=66.975
2021-12-19 19:20:43.340374 | GENERATION: 231 | ERRORS: best=974.0, median=2155.0, diversity=0.755 | INDIVIDUALS: n=200, avg_genome_length=67.395
2021-12-19 19:20:49.842346 | GENERATION: 232 | ERRORS: best=974.0, median=2083.0, diversity=0.795 | INDIVIDUALS: n=200, avg_genome_length=66.61
2021-12-19 19:20:57.648274 | GENERATION: 233 | ERRORS: best=1028.0, median=2155.0, diversity=0.765 | INDIVIDUALS: n=200, avg_genome_length=67.87
2021-12-19 19:21:05.274227 | GENERATION: 234 | ERRORS: best=982.0, median=2084.5, diversity=0.8 | INDIVIDUALS: n=200, avg_genome_length=67.36
2021-12-19 19:21:11.372236 | GENERATION: 235 | ERRORS: best=965.0, median=2155.0, diversity=0.805 | INDIVIDUALS: n=200, avg_genome_length=67.6
2021-12-19 19:21:19.015897 | GENERATION: 236 | ERRORS: best=953.0, median=2223.0, diversity=0.775 | INDIVIDUALS: n=200, avg_genome_length=64.94
2021-12-19 19:21:26.146662 | GENERATION: 237 | ERRORS: best=921.0, median=2083.5, diversity=0.785 | INDIVIDUALS: n=200, avg_genome_length=67.57
2021-12-19 19:21:33.615920 | GENERATION: 238 | ERRORS: best=921.0, median=2191.0, diversity=0.835 | INDIVIDUALS: n=200, avg_genome_length=68.33
2021-12-19 19:21:40.246370 | GENERATION: 239 | ERRORS: best=921.0, median=2295.0, diversity=0.805 | INDIVIDUALS: n=200, avg_genome_length=67.65
2021-12-19 19:21:47.461343 | GENERATION: 240 | ERRORS: best=921.0, median=2217.0, diversity=0.785 | INDIVIDUALS: n=200, avg_genome_length=67.525
2021-12-19 19:21:53.596758 | GENERATION: 241 | ERRORS: best=921.0, median=2155.0, diversity=0.79 | INDIVIDUALS: n=200, avg_genome_length=67.365
2021-12-19 19:22:00.007762 | GENERATION: 242 | ERRORS: best=921.0, median=2148.0, diversity=0.795 | INDIVIDUALS: n=200, avg_genome_length=69.01
2021-12-19 19:22:17.396244 | GENERATION: 243 | ERRORS: best=894.0, median=2295.0, diversity=0.8 | INDIVIDUALS: n=200, avg_genome_length=69.395
2021-12-19 19:22:27.375132 | GENERATION: 244 | ERRORS: best=866.0, median=2154.5, diversity=0.805 | INDIVIDUALS: n=200, avg_genome_length=66.88
2021-12-19 19:22:35.543270 | GENERATION: 245 | ERRORS: best=894.0, median=2238.5, diversity=0.805 | INDIVIDUALS: n=200, avg_genome_length=66.445
2021-12-19 19:22:44.128255 | GENERATION: 246 | ERRORS: best=912.0, median=2295.0, diversity=0.815 | INDIVIDUALS: n=200, avg_genome_length=64.63
2021-12-19 19:22:51.235533 | GENERATION: 247 | ERRORS: best=909.0, median=2205.5, diversity=0.78 | INDIVIDUALS: n=200, avg_genome_length=64.93
2021-12-19 19:22:57.836747 | GENERATION: 248 | ERRORS: best=909.0, median=2107.0, diversity=0.78 | INDIVIDUALS: n=200, avg_genome_length=61.41
2021-12-19 19:23:03.356238 | GENERATION: 249 | ERRORS: best=909.0, median=2083.0, diversity=0.76 | INDIVIDUALS: n=200, avg_genome_length=62.41
2021-12-19 19:23:11.018394 | GENERATION: 250 | ERRORS: best=909.0, median=2219.0, diversity=0.725 | INDIVIDUALS: n=200, avg_genome_length=59.915
2021-12-19 19:23:17.213608 | GENERATION: 251 | ERRORS: best=909.0, median=2155.0, diversity=0.805 | INDIVIDUALS: n=200, avg_genome_length=58.66
2021-12-19 19:23:24.779216 | GENERATION: 252 | ERRORS: best=909.0, median=2083.0, diversity=0.705 | INDIVIDUALS: n=200, avg_genome_length=60.53
2021-12-19 19:23:32.196025 | GENERATION: 253 | ERRORS: best=909.0, median=2157.0, diversity=0.76 | INDIVIDUALS: n=200, avg_genome_length=60.955
2021-12-19 19:23:40.261800 | GENERATION: 254 | ERRORS: best=904.0, median=2097.5, diversity=0.725 | INDIVIDUALS: n=200, avg_genome_length=62.385
2021-12-19 19:23:53.728541 | GENERATION: 255 | ERRORS: best=904.0, median=2155.0, diversity=0.795 | INDIVIDUALS: n=200, avg_genome_length=63.515
2021-12-19 19:23:59.842366 | GENERATION: 256 | ERRORS: best=909.0, median=2119.0, diversity=0.79 | INDIVIDUALS: n=200, avg_genome_length=63.01
2021-12-19 19:24:07.047070 | GENERATION: 257 | ERRORS: best=909.0, median=2133.5, diversity=0.75 | INDIVIDUALS: n=200, avg_genome_length=62.61
2021-12-19 19:24:16.405775 | GENERATION: 258 | ERRORS: best=914.0, median=2083.0, diversity=0.785 | INDIVIDUALS: n=200, avg_genome_length=63.965
2021-12-19 19:24:26.733742 | GENERATION: 259 | ERRORS: best=914.0, median=2083.0, diversity=0.81 | INDIVIDUALS: n=200, avg_genome_length=61.985
2021-12-19 19:24:34.953444 | GENERATION: 260 | ERRORS: best=816.0, median=2174.5, diversity=0.75 | INDIVIDUALS: n=200, avg_genome_length=59.585
2021-12-19 19:24:43.207764 | GENERATION: 261 | ERRORS: best=816.0, median=2213.0, diversity=0.77 | INDIVIDUALS: n=200, avg_genome_length=61.485
2021-12-19 19:24:51.934012 | GENERATION: 262 | ERRORS: best=816.0, median=2155.0, diversity=0.76 | INDIVIDUALS: n=200, avg_genome_length=60.94
2021-12-19 19:24:59.174639 | GENERATION: 263 | ERRORS: best=816.0, median=2140.0, diversity=0.77 | INDIVIDUALS: n=200, avg_genome_length=59.405
2021-12-19 19:25:06.798960 | GENERATION: 264 | ERRORS: best=906.0, median=2133.0, diversity=0.765 | INDIVIDUALS: n=200, avg_genome_length=59.715
2021-12-19 19:25:14.222111 | GENERATION: 265 | ERRORS: best=930.0, median=2083.0, diversity=0.765 | INDIVIDUALS: n=200, avg_genome_length=57.415
2021-12-19 19:25:21.667157 | GENERATION: 266 | ERRORS: best=945.0, median=2083.0, diversity=0.725 | INDIVIDUALS: n=200, avg_genome_length=60.355
2021-12-19 19:25:29.250836 | GENERATION: 267 | ERRORS: best=912.0, median=2083.0, diversity=0.78 | INDIVIDUALS: n=200, avg_genome_length=61.635
2021-12-19 19:25:37.191826 | GENERATION: 268 | ERRORS: best=935.0, median=2083.0, diversity=0.71 | INDIVIDUALS: n=200, avg_genome_length=60.715
2021-12-19 19:25:45.752578 | GENERATION: 269 | ERRORS: best=870.0, median=2132.0, diversity=0.77 | INDIVIDUALS: n=200, avg_genome_length=60.01
2021-12-19 19:25:54.350633 | GENERATION: 270 | ERRORS: best=834.0, median=2155.0, diversity=0.77 | INDIVIDUALS: n=200, avg_genome_length=60.91
2021-12-19 19:26:02.961259 | GENERATION: 271 | ERRORS: best=834.0, median=2155.0, diversity=0.78 | INDIVIDUALS: n=200, avg_genome_length=62.32
2021-12-19 19:26:14.438766 | GENERATION: 272 | ERRORS: best=834.0, median=2085.0, diversity=0.815 | INDIVIDUALS: n=200, avg_genome_length=63.98
2021-12-19 19:26:23.955996 | GENERATION: 273 | ERRORS: best=925.0, median=2208.0, diversity=0.77 | INDIVIDUALS: n=200, avg_genome_length=62.745
2021-12-19 19:26:33.790800 | GENERATION: 274 | ERRORS: best=970.0, median=2081.5, diversity=0.81 | INDIVIDUALS: n=200, avg_genome_length=62.475
2021-12-19 19:26:44.597853 | GENERATION: 275 | ERRORS: best=1025.0, median=2295.0, diversity=0.765 | INDIVIDUALS: n=200, avg_genome_length=62.195
2021-12-19 19:26:54.281864 | GENERATION: 276 | ERRORS: best=890.0, median=2252.5, diversity=0.765 | INDIVIDUALS: n=200, avg_genome_length=62.7
2021-12-19 19:27:05.017480 | GENERATION: 277 | ERRORS: best=890.0, median=2176.0, diversity=0.765 | INDIVIDUALS: n=200, avg_genome_length=63.215
2021-12-19 19:27:14.375073 | GENERATION: 278 | ERRORS: best=890.0, median=2193.0, diversity=0.735 | INDIVIDUALS: n=200, avg_genome_length=61.675
2021-12-19 19:27:24.748424 | GENERATION: 279 | ERRORS: best=890.0, median=2166.5, diversity=0.77 | INDIVIDUALS: n=200, avg_genome_length=64.78
2021-12-19 19:27:35.380066 | GENERATION: 280 | ERRORS: best=890.0, median=2390.0, diversity=0.84 | INDIVIDUALS: n=200, avg_genome_length=64.275
2021-12-19 19:27:45.913659 | GENERATION: 281 | ERRORS: best=890.0, median=2295.0, diversity=0.735 | INDIVIDUALS: n=200, avg_genome_length=64.93
2021-12-19 19:27:55.558762 | GENERATION: 282 | ERRORS: best=890.0, median=2290.5, diversity=0.74 | INDIVIDUALS: n=200, avg_genome_length=64.785
2021-12-19 19:28:08.170004 | GENERATION: 283 | ERRORS: best=890.0, median=2247.5, diversity=0.825 | INDIVIDUALS: n=200, avg_genome_length=64.51
2021-12-19 19:28:17.456801 | GENERATION: 284 | ERRORS: best=890.0, median=2295.0, diversity=0.765 | INDIVIDUALS: n=200, avg_genome_length=62.9
2021-12-19 19:28:26.873700 | GENERATION: 285 | ERRORS: best=890.0, median=2155.0, diversity=0.745 | INDIVIDUALS: n=200, avg_genome_length=60.29
2021-12-19 19:28:34.832399 | GENERATION: 286 | ERRORS: best=890.0, median=2295.0, diversity=0.705 | INDIVIDUALS: n=200, avg_genome_length=57.87
2021-12-19 19:28:43.767829 | GENERATION: 287 | ERRORS: best=890.0, median=2162.5, diversity=0.775 | INDIVIDUALS: n=200, avg_genome_length=57.655
2021-12-19 19:28:52.784890 | GENERATION: 288 | ERRORS: best=976.0, median=2107.5, diversity=0.71 | INDIVIDUALS: n=200, avg_genome_length=58.42
2021-12-19 19:29:00.320270 | GENERATION: 289 | ERRORS: best=974.0, median=2083.0, diversity=0.76 | INDIVIDUALS: n=200, avg_genome_length=58.12
2021-12-19 19:29:10.466634 | GENERATION: 290 | ERRORS: best=907.0, median=2155.0, diversity=0.76 | INDIVIDUALS: n=200, avg_genome_length=60.15
2021-12-19 19:29:21.200310 | GENERATION: 291 | ERRORS: best=974.0, median=2295.0, diversity=0.81 | INDIVIDUALS: n=200, avg_genome_length=59.395
2021-12-19 19:29:30.970767 | GENERATION: 292 | ERRORS: best=974.0, median=2295.0, diversity=0.785 | INDIVIDUALS: n=200, avg_genome_length=57.535
2021-12-19 19:29:39.687003 | GENERATION: 293 | ERRORS: best=974.0, median=2209.5, diversity=0.805 | INDIVIDUALS: n=200, avg_genome_length=60.305
2021-12-19 19:29:49.217388 | GENERATION: 294 | ERRORS: best=974.0, median=2220.0, diversity=0.78 | INDIVIDUALS: n=200, avg_genome_length=59.3
2021-12-19 19:30:00.325419 | GENERATION: 295 | ERRORS: best=974.0, median=2152.5, diversity=0.81 | INDIVIDUALS: n=200, avg_genome_length=60.94
2021-12-19 19:30:10.487665 | GENERATION: 296 | ERRORS: best=974.0, median=2155.0, diversity=0.76 | INDIVIDUALS: n=200, avg_genome_length=60.475
2021-12-19 19:30:17.896180 | GENERATION: 297 | ERRORS: best=974.0, median=2220.5, diversity=0.77 | INDIVIDUALS: n=200, avg_genome_length=62.75
2021-12-19 19:30:27.714744 | GENERATION: 298 | ERRORS: best=974.0, median=2295.0, diversity=0.815 | INDIVIDUALS: n=200, avg_genome_length=65.225
2021-12-19 19:30:35.924593 | GENERATION: 299 | ERRORS: best=974.0, median=1988.0, diversity=0.75 | INDIVIDUALS: n=200, avg_genome_length=66.09
2021-12-19 19:30:45.534258 | GENERATION: 300 | ERRORS: best=974.0, median=2189.5, diversity=0.81 | INDIVIDUALS: n=200, avg_genome_length=65.545
Simplifying genome of length 84 with total error 795.0.
Simplified genome by 1 to length 83.
Simplified genome by 1 to length 82.
Simplified genome by 1 to length 81.
Simplified genome by 2 to length 79.
Simplified genome by 3 to length 76.
Simplified genome by 3 to length 73.
Simplified genome by 1 to length 72.
Simplified genome by 1 to length 71.
Simplified genome by 1 to length 70.
Simplified genome by 1 to length 69.
Simplified genome by 1 to length 68.
Simplified genome by 1 to length 67.
Simplified genome by 2 to length 65.
Simplified genome by 3 to length 62.
Simplified genome by 1 to length 61.
Simplified genome by 1 to length 60.
Simplified genome by 2 to length 58.
Simplified genome by 1 to length 57.
Simplified genome by 3 to length 54.
Simplified genome by 1 to length 53.
Simplified genome by 2 to length 51.
Simplified genome by 1 to length 50.
Simplified genome by 2 to length 48.
Simplified genome by 2 to length 46.
Simplified genome by 1 to length 45.
Simplified genome by 1 to length 44.
Simplified genome by 2 to length 42.
Simplified genome by 1 to length 41.
Simplified genome by 2 to length 39.
Simplified genome by 1 to length 38.
Simplified genome by 1 to length 37.
Simplified genome by 2 to length 35.
Simplified genome by 2 to length 33.
Simplified genome by 1 to length 32.
Simplified genome by 1 to length 31.
Simplified genome by 1 to length 30.
Simplified genome by 1 to length 29.
Simplified genome by 1 to length 28.
Simplified genome by 1 to length 27.
Simplified genome by 1 to length 26.
Simplified genome by 1 to length 25.
Simplified genome by 2 to length 23.
Simplified genome by 2 to length 21.
Simplified genome by 1 to length 20.
Simplified genome by 2 to length 18.
Simplified genome by 1 to length 17.
Simplified genome by 1 to length 16.
Simplified genome by 1 to length 15.
Simplified genome to length 15 and total error 795.0.
========================================
End Run
========================================
No solution found.
Best Seen Individual
	Genome:
	 pvector([Input(input_index=0), InstructionMeta(name='vector_int_reverse', code_blocks=0), InstructionMeta(name='vector_int_push_all', code_blocks=0), Literal(value=2, push_type=<pyshgp.push.types.PushIntType object at 0x7fe0beccdbe0>), Input(input_index=0), InstructionMeta(name='int_mod', code_blocks=0), InstructionMeta(name='vector_int_dup_times', code_blocks=0), Literal(value=2, push_type=<pyshgp.push.types.PushIntType object at 0x7fe0beccda90>), InstructionMeta(name='int_mod', code_blocks=0), InstructionMeta(name='int_div', code_blocks=0), InstructionMeta(name='int_inc', code_blocks=0), InstructionMeta(name='int_inc', code_blocks=0), InstructionMeta(name='int_stack_depth', code_blocks=0), InstructionMeta(name='int_mod', code_blocks=0), InstructionMeta(name='vector_int_length', code_blocks=0)])
	Program:
	 (input_0 vector_int_reverse vector_int_push_all 2 input_0 int_mod vector_int_dup_times 2 int_mod int_div int_inc int_inc int_stack_depth int_mod vector_int_length)
	Error vector:
	 [ 0.  3. 12.  1.  1. 18.  2.  0. 16.  0.  0.  6.  1.  2.  0. 13. 30.  1.
  1.  0.  2.  1.  1. 15.  1. 13.  4.  4.  0.  0.  5.  1.  1.  0.  6.  3.
  5.  0.  1.  2.  0.  0.  5. 11.  3.  0.  7.  6.  4.  9.  0.  0.  7.  3.
  0.  9.  5.  0.  0.  0.  3.  0.  0.  4. 10.  1.  0.  2. 17.  0.  0.  0.
  8.  0.  2.  7.  4. 17.  2.  1.  0. 39.  3.  0.  0.  2.  2.  3. 21. 16.
  3.  2.  0.  2.  0.  2.  1.  1.  5.  0.  0.  1.  6.  1.  0.  0.  0.  9.
  2.  2.  0.  4.  2.  1. 13. 31.  6.  2.  0.  0.  0. 16. 10.  0.  3.  0.
  3.  0.  1.  1.  0.  0.  3.  3.  0.  1.  2.  1.  0.  5.  0.  0. 22.  0.
  0.  2.  0.  0.  0.  2.  0.  0.  1.  2.  0. 11.  5.  8. 15.  1.  7. 11.
  0. 10.  5.  5.  2.  0. 12.  2.  0.  0.  0.  7.  9.  0.  1.  1.  0.  1.
  1.  0.  7.  5.  0.  2.  1.  1.  5.  0.  7.  3.  8.  7.  2. 10.  1.  8.
 11. 24.]
	Total error:
	 795.0
	Test error:
	 11653.0
	Time:
	 00:40:10
