Included 32 edge cases.
Included 168 random cases.
Included 200 cases in total.
Finished formatting.
Included 0 edge cases.
Included 2000 random cases.
Included 2000 cases in total.
Finished formatting.
========================================
Setup
========================================
Search Configuration:
signature: ProgramSignature(output_stacks=['int'], arity=1, push_config=PushConfig(collection_size_cap=1000, numeric_magnitude_limit=1000000000000.0, growth_cap=500, step_limit=1500, runtime_limit=10))
evaluator: <pyshgp.gp.evaluation.DatasetEvaluator object at 0x7f63b6e046d0>
spawner: <pyshgp.gp.genome.GeneSpawner object at 0x7f6377d9a940>
population_size: 200
max_generations: 300
error_threshold: 0.0
initial_genome_size: (50, 250)
simplification_steps: 500
parallel_context: <pyshgp.gp.search.ParallelContext object at 0x7f63b6e04c10>
selection: <pyshgp.utils.DiscreteProbDistrib object at 0x7f6378227b00>
variation: <pyshgp.utils.DiscreteProbDistrib object at 0x7f6378227a00>
Instructions:
int_add, int_sub, int_mult, int_div, int_mod, int_min, int_max, int_inc, int_dec, int_lt, int_lte, int_gt, int_gte, int_from_bool, bool_and, bool_or, bool_not, bool_xor, bool_invert_first_then_and, bool_second_first_then_and, bool_from_int, noop, noop_open, exec_do_range, exec_do_count, exec_while, exec_do_while, exec_if, exec_when, vector_int_concat, vector_int_conj, vector_int_take, vector_int_subvec, vector_int_first, vector_int_last, vector_int_nth, vector_int_rest, vector_int_but_last, vector_int_length, vector_int_reverse, vector_int_push_all, vector_int_empty_vector, vector_int_contains, vector_int_index_of, vector_int_occurrences_of, vector_int_set_nth, vector_int_replace, vector_int_replace_first, vector_int_remove, vector_int_iterate, print_bool, println_bool, print_int, println_int, print_vector_int, println_vector_int, print_exec, println_exec, bool_pop, bool_dup, bool_dup_times, bool_swap, bool_rot, bool_flush, bool_eq, bool_stack_depth, bool_yank, bool_yank_dup, bool_shove, bool_shove_dup, bool_is_empty, int_pop, int_dup, int_dup_times, int_swap, int_rot, int_flush, int_eq, int_stack_depth, int_yank, int_yank_dup, int_shove, int_shove_dup, int_is_empty, vector_int_pop, vector_int_dup, vector_int_dup_times, vector_int_swap, vector_int_rot, vector_int_flush, vector_int_eq, vector_int_stack_depth, vector_int_yank, vector_int_yank_dup, vector_int_shove, vector_int_shove_dup, vector_int_is_empty, exec_pop, exec_dup, exec_dup_times, exec_swap, exec_rot, exec_flush, exec_eq, exec_stack_depth, exec_yank, exec_yank_dup, exec_shove, exec_shove_dup, exec_is_empty
Literals:
[Literal(value=0, push_type=<pyshgp.push.types.PushIntType object at 0x7f63b6f41550>), Literal(value=1, push_type=<pyshgp.push.types.PushIntType object at 0x7f63b6f41550>), Literal(value=2, push_type=<pyshgp.push.types.PushIntType object at 0x7f63b6f41550>)]
ERC Generators:
[<function rand_int at 0x7f63790539d0>]
========================================
Start Run
========================================
2021-12-12 23:02:19.248870 | GENERATION: 1 | ERRORS: best=1808.0, median=100095873.0, diversity=0.15 | INDIVIDUALS: n=200, avg_genome_length=170.115
2021-12-12 23:02:29.980523 | GENERATION: 2 | ERRORS: best=1808.0, median=2750.0, diversity=0.12 | INDIVIDUALS: n=200, avg_genome_length=166.27
2021-12-12 23:02:43.255365 | GENERATION: 3 | ERRORS: best=1778.0, median=2750.0, diversity=0.23 | INDIVIDUALS: n=200, avg_genome_length=158.45
2021-12-12 23:02:58.917701 | GENERATION: 4 | ERRORS: best=1778.0, median=2750.0, diversity=0.39 | INDIVIDUALS: n=200, avg_genome_length=155.99
2021-12-12 23:03:14.951910 | GENERATION: 5 | ERRORS: best=1695.0, median=9502299.5, diversity=0.51 | INDIVIDUALS: n=200, avg_genome_length=150.025
2021-12-12 23:03:33.748864 | GENERATION: 6 | ERRORS: best=1695.0, median=5004999.5, diversity=0.59 | INDIVIDUALS: n=200, avg_genome_length=157.92
2021-12-12 23:03:54.155610 | GENERATION: 7 | ERRORS: best=1688.0, median=6004997.5, diversity=0.655 | INDIVIDUALS: n=200, avg_genome_length=157.775
2021-12-12 23:04:17.939610 | GENERATION: 8 | ERRORS: best=1580.0, median=9501930.5, diversity=0.72 | INDIVIDUALS: n=200, avg_genome_length=163.355
2021-12-12 23:04:40.040984 | GENERATION: 9 | ERRORS: best=1580.0, median=6007137.0, diversity=0.72 | INDIVIDUALS: n=200, avg_genome_length=162.89
2021-12-12 23:04:59.294362 | GENERATION: 10 | ERRORS: best=1580.0, median=7521437.0, diversity=0.635 | INDIVIDUALS: n=200, avg_genome_length=161.325
2021-12-12 23:05:21.028729 | GENERATION: 11 | ERRORS: best=1580.0, median=8015564.5, diversity=0.735 | INDIVIDUALS: n=200, avg_genome_length=159.845
2021-12-12 23:05:41.743821 | GENERATION: 12 | ERRORS: best=1415.0, median=6014657.0, diversity=0.66 | INDIVIDUALS: n=200, avg_genome_length=158.465
2021-12-12 23:06:04.786010 | GENERATION: 13 | ERRORS: best=1415.0, median=3506039.5, diversity=0.655 | INDIVIDUALS: n=200, avg_genome_length=158.005
2021-12-12 23:06:29.286666 | GENERATION: 14 | ERRORS: best=1415.0, median=2598311.0, diversity=0.72 | INDIVIDUALS: n=200, avg_genome_length=157.335
2021-12-12 23:06:52.813555 | GENERATION: 15 | ERRORS: best=1525.0, median=2011633.5, diversity=0.635 | INDIVIDUALS: n=200, avg_genome_length=156.185
2021-12-12 23:07:18.186913 | GENERATION: 16 | ERRORS: best=1287.0, median=2008866.5, diversity=0.64 | INDIVIDUALS: n=200, avg_genome_length=153.93
2021-12-12 23:07:44.148810 | GENERATION: 17 | ERRORS: best=1415.0, median=7016395.5, diversity=0.7 | INDIVIDUALS: n=200, avg_genome_length=156.29
2021-12-12 23:08:10.323943 | GENERATION: 18 | ERRORS: best=1475.0, median=1060612.0, diversity=0.69 | INDIVIDUALS: n=200, avg_genome_length=156.795
2021-12-12 23:08:37.704945 | GENERATION: 19 | ERRORS: best=1475.0, median=3518678.0, diversity=0.735 | INDIVIDUALS: n=200, avg_genome_length=156.63
2021-12-12 23:09:06.072971 | GENERATION: 20 | ERRORS: best=1397.0, median=10008270.0, diversity=0.73 | INDIVIDUALS: n=200, avg_genome_length=156.91
2021-12-12 23:09:37.534127 | GENERATION: 21 | ERRORS: best=1409.0, median=1041060.5, diversity=0.745 | INDIVIDUALS: n=200, avg_genome_length=157.24
2021-12-12 23:10:08.670952 | GENERATION: 22 | ERRORS: best=1476.0, median=10528267.5, diversity=0.775 | INDIVIDUALS: n=200, avg_genome_length=157.01
2021-12-12 23:10:39.738583 | GENERATION: 23 | ERRORS: best=1559.0, median=3636715.0, diversity=0.74 | INDIVIDUALS: n=200, avg_genome_length=156.535
2021-12-12 23:11:12.290260 | GENERATION: 24 | ERRORS: best=1327.0, median=3025834.0, diversity=0.785 | INDIVIDUALS: n=200, avg_genome_length=156.04
2021-12-12 23:11:43.921980 | GENERATION: 25 | ERRORS: best=1559.0, median=8001587.5, diversity=0.71 | INDIVIDUALS: n=200, avg_genome_length=154.87
2021-12-12 23:12:16.688793 | GENERATION: 26 | ERRORS: best=1446.0, median=5001826.5, diversity=0.825 | INDIVIDUALS: n=200, avg_genome_length=153.4
2021-12-12 23:12:47.621970 | GENERATION: 27 | ERRORS: best=1340.0, median=3561623.5, diversity=0.775 | INDIVIDUALS: n=200, avg_genome_length=153.82
2021-12-12 23:13:18.482689 | GENERATION: 28 | ERRORS: best=1389.0, median=5001873.0, diversity=0.75 | INDIVIDUALS: n=200, avg_genome_length=152.91
2021-12-12 23:13:46.304661 | GENERATION: 29 | ERRORS: best=1389.0, median=9001955.0, diversity=0.75 | INDIVIDUALS: n=200, avg_genome_length=154.335
2021-12-12 23:14:16.938244 | GENERATION: 30 | ERRORS: best=1707.0, median=6003825.5, diversity=0.775 | INDIVIDUALS: n=200, avg_genome_length=154.105
2021-12-12 23:14:47.718960 | GENERATION: 31 | ERRORS: best=1506.0, median=4001901.5, diversity=0.745 | INDIVIDUALS: n=200, avg_genome_length=151.0
2021-12-12 23:15:19.462922 | GENERATION: 32 | ERRORS: best=1506.0, median=6002066.0, diversity=0.75 | INDIVIDUALS: n=200, avg_genome_length=148.525
2021-12-12 23:15:52.746164 | GENERATION: 33 | ERRORS: best=1452.0, median=4002016.0, diversity=0.775 | INDIVIDUALS: n=200, avg_genome_length=148.52
2021-12-12 23:16:23.243996 | GENERATION: 34 | ERRORS: best=1477.0, median=8001934.5, diversity=0.765 | INDIVIDUALS: n=200, avg_genome_length=146.49
2021-12-12 23:16:54.530843 | GENERATION: 35 | ERRORS: best=1477.0, median=5523844.5, diversity=0.77 | INDIVIDUALS: n=200, avg_genome_length=146.17
2021-12-12 23:17:27.488875 | GENERATION: 36 | ERRORS: best=1477.0, median=4002200.0, diversity=0.81 | INDIVIDUALS: n=200, avg_genome_length=146.29
2021-12-12 23:18:00.565060 | GENERATION: 37 | ERRORS: best=1477.0, median=5001901.0, diversity=0.78 | INDIVIDUALS: n=200, avg_genome_length=145.55
2021-12-12 23:18:34.281348 | GENERATION: 38 | ERRORS: best=1419.0, median=4011536.0, diversity=0.78 | INDIVIDUALS: n=200, avg_genome_length=143.515
2021-12-12 23:19:08.200696 | GENERATION: 39 | ERRORS: best=1581.0, median=5002044.5, diversity=0.815 | INDIVIDUALS: n=200, avg_genome_length=144.555
2021-12-12 23:19:41.976095 | GENERATION: 40 | ERRORS: best=1467.0, median=4006290.5, diversity=0.79 | INDIVIDUALS: n=200, avg_genome_length=145.265
2021-12-12 23:20:18.899056 | GENERATION: 41 | ERRORS: best=1545.0, median=8506618.0, diversity=0.755 | INDIVIDUALS: n=200, avg_genome_length=143.605
2021-12-12 23:20:50.032706 | GENERATION: 42 | ERRORS: best=1365.0, median=7001881.0, diversity=0.745 | INDIVIDUALS: n=200, avg_genome_length=143.07
2021-12-12 23:21:25.949657 | GENERATION: 43 | ERRORS: best=1365.0, median=4004095.5, diversity=0.77 | INDIVIDUALS: n=200, avg_genome_length=141.41
2021-12-12 23:21:56.795573 | GENERATION: 44 | ERRORS: best=1353.0, median=7501728.5, diversity=0.725 | INDIVIDUALS: n=200, avg_genome_length=134.3
2021-12-12 23:22:28.730000 | GENERATION: 45 | ERRORS: best=1318.0, median=6028970.5, diversity=0.755 | INDIVIDUALS: n=200, avg_genome_length=133.245
2021-12-12 23:23:03.719665 | GENERATION: 46 | ERRORS: best=1318.0, median=7002843.0, diversity=0.79 | INDIVIDUALS: n=200, avg_genome_length=132.15
2021-12-12 23:23:37.662443 | GENERATION: 47 | ERRORS: best=1658.0, median=7004202.5, diversity=0.705 | INDIVIDUALS: n=200, avg_genome_length=132.275
2021-12-12 23:24:13.640953 | GENERATION: 48 | ERRORS: best=1537.0, median=6532279.0, diversity=0.77 | INDIVIDUALS: n=200, avg_genome_length=129.54
2021-12-12 23:24:47.407618 | GENERATION: 49 | ERRORS: best=1313.0, median=6502792.0, diversity=0.815 | INDIVIDUALS: n=200, avg_genome_length=127.67
2021-12-12 23:25:19.116601 | GENERATION: 50 | ERRORS: best=1316.0, median=6002183.0, diversity=0.77 | INDIVIDUALS: n=200, avg_genome_length=125.62
2021-12-12 23:25:53.014862 | GENERATION: 51 | ERRORS: best=1316.0, median=5002815.0, diversity=0.79 | INDIVIDUALS: n=200, avg_genome_length=124.41
2021-12-12 23:26:28.291383 | GENERATION: 52 | ERRORS: best=1314.0, median=3002893.0, diversity=0.82 | INDIVIDUALS: n=200, avg_genome_length=124.72
2021-12-12 23:27:03.711459 | GENERATION: 53 | ERRORS: best=1311.0, median=5001672.0, diversity=0.795 | INDIVIDUALS: n=200, avg_genome_length=124.06
2021-12-12 23:27:36.142416 | GENERATION: 54 | ERRORS: best=1314.0, median=7525758.5, diversity=0.765 | INDIVIDUALS: n=200, avg_genome_length=123.235
2021-12-12 23:28:07.358126 | GENERATION: 55 | ERRORS: best=1564.0, median=4004110.5, diversity=0.735 | INDIVIDUALS: n=200, avg_genome_length=121.785
2021-12-12 23:28:37.371849 | GENERATION: 56 | ERRORS: best=1531.0, median=6004380.5, diversity=0.73 | INDIVIDUALS: n=200, avg_genome_length=122.415
2021-12-12 23:29:08.154517 | GENERATION: 57 | ERRORS: best=1380.0, median=4003774.0, diversity=0.77 | INDIVIDUALS: n=200, avg_genome_length=122.7
2021-12-12 23:29:39.903220 | GENERATION: 58 | ERRORS: best=1508.0, median=3002364.0, diversity=0.825 | INDIVIDUALS: n=200, avg_genome_length=124.215
2021-12-12 23:30:12.497958 | GENERATION: 59 | ERRORS: best=1576.0, median=2505799.5, diversity=0.775 | INDIVIDUALS: n=200, avg_genome_length=122.965
2021-12-12 23:30:43.921072 | GENERATION: 60 | ERRORS: best=1442.0, median=3001668.0, diversity=0.765 | INDIVIDUALS: n=200, avg_genome_length=123.73
2021-12-12 23:31:17.312549 | GENERATION: 61 | ERRORS: best=1515.0, median=4011374.5, diversity=0.79 | INDIVIDUALS: n=200, avg_genome_length=125.8
2021-12-12 23:31:51.580788 | GENERATION: 62 | ERRORS: best=1481.0, median=2008676.0, diversity=0.775 | INDIVIDUALS: n=200, avg_genome_length=125.775
2021-12-12 23:32:23.433083 | GENERATION: 63 | ERRORS: best=1558.0, median=1016195.0, diversity=0.795 | INDIVIDUALS: n=200, avg_genome_length=123.465
2021-12-12 23:32:58.630994 | GENERATION: 64 | ERRORS: best=1408.0, median=1039467.0, diversity=0.81 | INDIVIDUALS: n=200, avg_genome_length=126.235
2021-12-12 23:33:31.747301 | GENERATION: 65 | ERRORS: best=1389.0, median=1019855.5, diversity=0.81 | INDIVIDUALS: n=200, avg_genome_length=127.385
2021-12-12 23:34:06.307958 | GENERATION: 66 | ERRORS: best=1408.0, median=1017804.5, diversity=0.88 | INDIVIDUALS: n=200, avg_genome_length=124.89
2021-12-12 23:34:39.758194 | GENERATION: 67 | ERRORS: best=1408.0, median=1006586.0, diversity=0.805 | INDIVIDUALS: n=200, avg_genome_length=126.455
2021-12-12 23:35:15.789856 | GENERATION: 68 | ERRORS: best=1209.0, median=1011286.0, diversity=0.87 | INDIVIDUALS: n=200, avg_genome_length=124.95
2021-12-12 23:35:49.519046 | GENERATION: 69 | ERRORS: best=1202.0, median=1081149.5, diversity=0.81 | INDIVIDUALS: n=200, avg_genome_length=125.79
2021-12-12 23:36:23.000539 | GENERATION: 70 | ERRORS: best=1225.0, median=2004539.0, diversity=0.825 | INDIVIDUALS: n=200, avg_genome_length=123.665
2021-12-12 23:36:57.130293 | GENERATION: 71 | ERRORS: best=1200.0, median=1016860.5, diversity=0.835 | INDIVIDUALS: n=200, avg_genome_length=124.93
2021-12-12 23:37:30.984706 | GENERATION: 72 | ERRORS: best=1286.0, median=1013687.5, diversity=0.85 | INDIVIDUALS: n=200, avg_genome_length=124.19
2021-12-12 23:38:04.910643 | GENERATION: 73 | ERRORS: best=1286.0, median=1004771.0, diversity=0.865 | INDIVIDUALS: n=200, avg_genome_length=125.42
2021-12-12 23:38:38.442612 | GENERATION: 74 | ERRORS: best=1246.0, median=1002232.5, diversity=0.82 | INDIVIDUALS: n=200, avg_genome_length=122.065
2021-12-12 23:39:11.173711 | GENERATION: 75 | ERRORS: best=1225.0, median=1007648.5, diversity=0.83 | INDIVIDUALS: n=200, avg_genome_length=121.035
2021-12-12 23:39:44.479294 | GENERATION: 76 | ERRORS: best=1246.0, median=1023021.5, diversity=0.855 | INDIVIDUALS: n=200, avg_genome_length=120.165
2021-12-12 23:40:18.025874 | GENERATION: 77 | ERRORS: best=1246.0, median=1001912.5, diversity=0.805 | INDIVIDUALS: n=200, avg_genome_length=118.695
2021-12-12 23:40:52.073407 | GENERATION: 78 | ERRORS: best=1246.0, median=33660.5, diversity=0.825 | INDIVIDUALS: n=200, avg_genome_length=116.405
2021-12-12 23:41:26.103769 | GENERATION: 79 | ERRORS: best=1218.0, median=15441.5, diversity=0.8 | INDIVIDUALS: n=200, avg_genome_length=115.6
2021-12-12 23:41:57.767139 | GENERATION: 80 | ERRORS: best=1225.0, median=1000792.0, diversity=0.815 | INDIVIDUALS: n=200, avg_genome_length=112.7
2021-12-12 23:42:13.140164 | GENERATION: 81 | ERRORS: best=400.0, median=1000000.0, diversity=0.225 | INDIVIDUALS: n=200, avg_genome_length=108.765
2021-12-12 23:42:28.141213 | GENERATION: 82 | ERRORS: best=1872.0, median=1000000.0, diversity=0.29 | INDIVIDUALS: n=200, avg_genome_length=107.355
2021-12-12 23:42:44.473331 | GENERATION: 83 | ERRORS: best=1808.0, median=1000000.0, diversity=0.265 | INDIVIDUALS: n=200, avg_genome_length=106.995
Simplifying genome of length 114 with total error 0.0.
Simplified genome by 3 to length 111.
Simplified genome by 2 to length 109.
Simplified genome by 1 to length 108.
Simplified genome by 2 to length 106.
Simplified genome by 1 to length 105.
Simplified genome by 1 to length 104.
Simplified genome by 1 to length 103.
Simplified genome by 1 to length 102.
Simplified genome by 2 to length 100.
Simplified genome by 1 to length 99.
Simplified genome by 1 to length 98.
Simplified genome by 3 to length 95.
Simplified genome by 2 to length 93.
Simplified genome by 3 to length 90.
Simplified genome by 3 to length 87.
Simplified genome by 3 to length 84.
Simplified genome by 2 to length 82.
Simplified genome by 3 to length 79.
Simplified genome by 2 to length 77.
Simplified genome by 3 to length 74.
Simplified genome by 2 to length 72.
Simplified genome by 3 to length 69.
Simplified genome by 1 to length 68.
Simplified genome by 3 to length 65.
Simplified genome by 1 to length 64.
Simplified genome by 3 to length 61.
Simplified genome by 2 to length 59.
Simplified genome by 2 to length 57.
Simplified genome by 3 to length 54.
Simplified genome by 3 to length 51.
Simplified genome by 3 to length 48.
Simplified genome by 3 to length 45.
Simplified genome by 1 to length 44.
Simplified genome by 1 to length 43.
Simplified genome by 3 to length 40.
Simplified genome by 1 to length 39.
Simplified genome by 1 to length 38.
Simplified genome by 2 to length 36.
Simplified genome by 2 to length 34.
Simplified genome by 1 to length 33.
Simplified genome by 1 to length 32.
Simplified genome by 3 to length 29.
Simplified genome by 2 to length 27.
Simplified genome by 1 to length 26.
Simplified genome by 1 to length 25.
Simplified genome by 1 to length 24.
Simplified genome by 1 to length 23.
Simplified genome by 3 to length 20.
Simplified genome by 3 to length 17.
Simplified genome by 1 to length 16.
Simplified genome by 3 to length 13.
Simplified genome by 2 to length 11.
Simplified genome by 1 to length 10.
Simplified genome by 1 to length 9.
Simplified genome by 1 to length 8.
Simplified genome by 1 to length 7.
Simplified genome by 1 to length 6.
Simplified genome to length 6 and total error 0.0.
========================================
End Run
========================================
Solution found.
Best Seen Individual
	Genome:
	 pvector([Literal(value=0, push_type=<pyshgp.push.types.PushIntType object at 0x7f6378135b80>), Input(input_index=0), InstructionMeta(name='vector_int_iterate', code_blocks=1), Literal(value=2, push_type=<pyshgp.push.types.PushIntType object at 0x7f63781351f0>), InstructionMeta(name='int_mod', code_blocks=0), InstructionMeta(name='int_add', code_blocks=0)])
	Program:
	 (0 input_0 vector_int_iterate (2 int_mod int_add))
	Error vector:
	 [0. 0. 0. 0. 0. 0. 0. 0. 0. 0. 0. 0. 0. 0. 0. 0. 0. 0. 0. 0. 0. 0. 0. 0.
 0. 0. 0. 0. 0. 0. 0. 0. 0. 0. 0. 0. 0. 0. 0. 0. 0. 0. 0. 0. 0. 0. 0. 0.
 0. 0. 0. 0. 0. 0. 0. 0. 0. 0. 0. 0. 0. 0. 0. 0. 0. 0. 0. 0. 0. 0. 0. 0.
 0. 0. 0. 0. 0. 0. 0. 0. 0. 0. 0. 0. 0. 0. 0. 0. 0. 0. 0. 0. 0. 0. 0. 0.
 0. 0. 0. 0. 0. 0. 0. 0. 0. 0. 0. 0. 0. 0. 0. 0. 0. 0. 0. 0. 0. 0. 0. 0.
 0. 0. 0. 0. 0. 0. 0. 0. 0. 0. 0. 0. 0. 0. 0. 0. 0. 0. 0. 0. 0. 0. 0. 0.
 0. 0. 0. 0. 0. 0. 0. 0. 0. 0. 0. 0. 0. 0. 0. 0. 0. 0. 0. 0. 0. 0. 0. 0.
 0. 0. 0. 0. 0. 0. 0. 0. 0. 0. 0. 0. 0. 0. 0. 0. 0. 0. 0. 0. 0. 0. 0. 0.
 0. 0. 0. 0. 0. 0. 0. 0.]
	Total error:
	 0.0
	Test error:
	 0.0
	Time:
	 00:43:46
