Included 32 edge cases.
Included 168 random cases.
Included 200 cases in total.
Finished formatting.
Included 0 edge cases.
Included 2000 random cases.
Included 2000 cases in total.
Finished formatting.
========================================
Setup
========================================
Search Configuration:
signature: ProgramSignature(arity=1, output_stacks=['int'], push_config=PushConfig(step_limit=1500, collection_size_cap=1000, runtime_limit=10, numeric_magnitude_limit=1000000000000.0, growth_cap=500))
evaluator: <pyshgp.gp.evaluation.DatasetEvaluator object at 0x7fd3e45abeb0>
spawner: <pyshgp.gp.genome.GeneSpawner object at 0x7fd3e4593e20>
population_size: 200
max_generations: 300
error_threshold: 0.0
initial_genome_size: (50, 250)
simplification_steps: 500
parallel_context: <pyshgp.gp.search.ParallelContext object at 0x7fd3e45ab9a0>
selection: <pyshgp.utils.DiscreteProbDistrib object at 0x7fd3a52910c0>
variation: <pyshgp.utils.DiscreteProbDistrib object at 0x7fd3a5291080>
Instructions:
int_add, int_sub, int_mult, int_div, int_mod, int_min, int_max, int_inc, int_dec, int_lt, int_lte, int_gt, int_gte, int_from_bool, bool_and, bool_or, bool_not, bool_xor, bool_invert_first_then_and, bool_second_first_then_and, bool_from_int, noop, noop_open, exec_do_range, exec_do_count, exec_while, exec_do_while, exec_if, exec_when, vector_int_concat, vector_int_conj, vector_int_take, vector_int_subvec, vector_int_first, vector_int_last, vector_int_nth, vector_int_rest, vector_int_but_last, vector_int_length, vector_int_reverse, vector_int_push_all, vector_int_empty_vector, vector_int_contains, vector_int_index_of, vector_int_occurrences_of, vector_int_set_nth, vector_int_replace, vector_int_replace_first, vector_int_remove, vector_int_iterate, print_bool, println_bool, print_int, println_int, print_vector_int, println_vector_int, print_exec, println_exec, bool_pop, bool_dup, bool_dup_times, bool_swap, bool_rot, bool_flush, bool_eq, bool_stack_depth, bool_yank, bool_yank_dup, bool_shove, bool_shove_dup, bool_is_empty, int_pop, int_dup, int_dup_times, int_swap, int_rot, int_flush, int_eq, int_stack_depth, int_yank, int_yank_dup, int_shove, int_shove_dup, int_is_empty, vector_int_pop, vector_int_dup, vector_int_dup_times, vector_int_swap, vector_int_rot, vector_int_flush, vector_int_eq, vector_int_stack_depth, vector_int_yank, vector_int_yank_dup, vector_int_shove, vector_int_shove_dup, vector_int_is_empty, exec_pop, exec_dup, exec_dup_times, exec_swap, exec_rot, exec_flush, exec_eq, exec_stack_depth, exec_yank, exec_yank_dup, exec_shove, exec_shove_dup, exec_is_empty
Literals:
[Literal(value=0, push_type=<pyshgp.push.types.PushIntType object at 0x7fd3e46e7310>), Literal(value=1, push_type=<pyshgp.push.types.PushIntType object at 0x7fd3e46e7310>), Literal(value=2, push_type=<pyshgp.push.types.PushIntType object at 0x7fd3e46e7310>)]
ERC Generators:
[<function rand_int at 0x7fd3a67b9160>]
========================================
Start Run
========================================
2021-12-19 01:38:40.146789 | GENERATION: 1 | ERRORS: best=2081.0, median=200000000.0, diversity=0.015 | INDIVIDUALS: n=200, avg_genome_length=168.745
2021-12-19 01:38:54.408625 | GENERATION: 2 | ERRORS: best=1921.0, median=2081.0, diversity=0.185 | INDIVIDUALS: n=200, avg_genome_length=168.015
2021-12-19 01:39:22.688469 | GENERATION: 3 | ERRORS: best=1873.0, median=2081.0, diversity=0.4 | INDIVIDUALS: n=200, avg_genome_length=145.64
2021-12-19 01:39:50.767517 | GENERATION: 4 | ERRORS: best=1873.0, median=2359.0, diversity=0.445 | INDIVIDUALS: n=200, avg_genome_length=126.465
2021-12-19 01:40:17.707410 | GENERATION: 5 | ERRORS: best=1873.0, median=70520.0, diversity=0.56 | INDIVIDUALS: n=200, avg_genome_length=119.07
2021-12-19 01:40:43.729275 | GENERATION: 6 | ERRORS: best=1727.0, median=27779.5, diversity=0.58 | INDIVIDUALS: n=200, avg_genome_length=117.71
2021-12-19 01:41:10.254663 | GENERATION: 7 | ERRORS: best=1833.0, median=24667.5, diversity=0.605 | INDIVIDUALS: n=200, avg_genome_length=116.515
2021-12-19 01:41:35.054425 | GENERATION: 8 | ERRORS: best=1291.0, median=19443.0, diversity=0.695 | INDIVIDUALS: n=200, avg_genome_length=120.51
2021-12-19 01:41:56.436498 | GENERATION: 9 | ERRORS: best=1281.0, median=2082.0, diversity=0.655 | INDIVIDUALS: n=200, avg_genome_length=115.73
2021-12-19 01:42:14.770787 | GENERATION: 10 | ERRORS: best=1273.0, median=2081.0, diversity=0.565 | INDIVIDUALS: n=200, avg_genome_length=107.66
2021-12-19 01:42:34.955112 | GENERATION: 11 | ERRORS: best=1273.0, median=2081.0, diversity=0.695 | INDIVIDUALS: n=200, avg_genome_length=103.26
2021-12-19 01:42:52.343390 | GENERATION: 12 | ERRORS: best=1273.0, median=2126.0, diversity=0.76 | INDIVIDUALS: n=200, avg_genome_length=95.97
2021-12-19 01:43:09.910902 | GENERATION: 13 | ERRORS: best=1274.0, median=2081.0, diversity=0.815 | INDIVIDUALS: n=200, avg_genome_length=91.005
2021-12-19 01:43:27.272176 | GENERATION: 14 | ERRORS: best=1277.0, median=2081.0, diversity=0.77 | INDIVIDUALS: n=200, avg_genome_length=87.195
2021-12-19 01:43:43.604582 | GENERATION: 15 | ERRORS: best=1273.0, median=2081.0, diversity=0.72 | INDIVIDUALS: n=200, avg_genome_length=86.005
2021-12-19 01:44:01.513734 | GENERATION: 16 | ERRORS: best=1277.0, median=4126.0, diversity=0.73 | INDIVIDUALS: n=200, avg_genome_length=86.18
2021-12-19 01:44:17.688200 | GENERATION: 17 | ERRORS: best=1276.0, median=2081.0, diversity=0.76 | INDIVIDUALS: n=200, avg_genome_length=80.875
2021-12-19 01:44:30.145062 | GENERATION: 18 | ERRORS: best=1273.0, median=2064.0, diversity=0.59 | INDIVIDUALS: n=200, avg_genome_length=80.785
2021-12-19 01:44:42.064112 | GENERATION: 19 | ERRORS: best=1289.0, median=2081.0, diversity=0.625 | INDIVIDUALS: n=200, avg_genome_length=80.56
2021-12-19 01:44:52.840511 | GENERATION: 20 | ERRORS: best=1301.0, median=2078.5, diversity=0.67 | INDIVIDUALS: n=200, avg_genome_length=79.18
2021-12-19 01:45:04.330941 | GENERATION: 21 | ERRORS: best=1290.0, median=2064.0, diversity=0.65 | INDIVIDUALS: n=200, avg_genome_length=80.835
2021-12-19 01:45:15.376637 | GENERATION: 22 | ERRORS: best=1313.0, median=2064.0, diversity=0.635 | INDIVIDUALS: n=200, avg_genome_length=76.525
2021-12-19 01:45:27.627392 | GENERATION: 23 | ERRORS: best=1291.0, median=2064.0, diversity=0.645 | INDIVIDUALS: n=200, avg_genome_length=77.17
2021-12-19 01:45:41.005221 | GENERATION: 24 | ERRORS: best=1291.0, median=2077.5, diversity=0.67 | INDIVIDUALS: n=200, avg_genome_length=78.82
2021-12-19 01:45:56.115217 | GENERATION: 25 | ERRORS: best=1299.0, median=2064.0, diversity=0.69 | INDIVIDUALS: n=200, avg_genome_length=78.06
2021-12-19 01:46:07.111418 | GENERATION: 26 | ERRORS: best=1325.0, median=1969.0, diversity=0.635 | INDIVIDUALS: n=200, avg_genome_length=74.66
2021-12-19 01:46:18.093377 | GENERATION: 27 | ERRORS: best=1276.0, median=2051.0, diversity=0.705 | INDIVIDUALS: n=200, avg_genome_length=68.585
2021-12-19 01:46:29.176002 | GENERATION: 28 | ERRORS: best=1340.0, median=2012.0, diversity=0.7 | INDIVIDUALS: n=200, avg_genome_length=65.49
2021-12-19 01:46:40.927867 | GENERATION: 29 | ERRORS: best=1335.0, median=2063.5, diversity=0.64 | INDIVIDUALS: n=200, avg_genome_length=62.935
2021-12-19 01:46:50.564335 | GENERATION: 30 | ERRORS: best=1276.0, median=2064.0, diversity=0.655 | INDIVIDUALS: n=200, avg_genome_length=62.845
2021-12-19 01:47:00.477061 | GENERATION: 31 | ERRORS: best=1289.0, median=2061.5, diversity=0.67 | INDIVIDUALS: n=200, avg_genome_length=61.59
2021-12-19 01:47:07.709388 | GENERATION: 32 | ERRORS: best=1333.0, median=2062.5, diversity=0.6 | INDIVIDUALS: n=200, avg_genome_length=59.69
2021-12-19 01:47:15.582704 | GENERATION: 33 | ERRORS: best=1334.0, median=2039.5, diversity=0.64 | INDIVIDUALS: n=200, avg_genome_length=57.925
2021-12-19 01:47:24.598197 | GENERATION: 34 | ERRORS: best=1313.0, median=1958.0, diversity=0.61 | INDIVIDUALS: n=200, avg_genome_length=57.81
2021-12-19 01:47:33.306967 | GENERATION: 35 | ERRORS: best=1333.0, median=1966.0, diversity=0.61 | INDIVIDUALS: n=200, avg_genome_length=54.875
2021-12-19 01:47:37.556583 | GENERATION: 36 | ERRORS: best=1352.0, median=1969.0, diversity=0.555 | INDIVIDUALS: n=200, avg_genome_length=53.845
2021-12-19 01:47:45.553807 | GENERATION: 37 | ERRORS: best=1333.0, median=2064.0, diversity=0.595 | INDIVIDUALS: n=200, avg_genome_length=52.665
2021-12-19 01:47:53.173669 | GENERATION: 38 | ERRORS: best=1329.0, median=2064.0, diversity=0.63 | INDIVIDUALS: n=200, avg_genome_length=51.915
2021-12-19 01:48:01.141336 | GENERATION: 39 | ERRORS: best=1329.0, median=2064.0, diversity=0.595 | INDIVIDUALS: n=200, avg_genome_length=51.815
2021-12-19 01:48:07.693716 | GENERATION: 40 | ERRORS: best=1329.0, median=2077.0, diversity=0.6 | INDIVIDUALS: n=200, avg_genome_length=51.755
2021-12-19 01:48:13.752797 | GENERATION: 41 | ERRORS: best=1329.0, median=2064.5, diversity=0.63 | INDIVIDUALS: n=200, avg_genome_length=50.515
2021-12-19 01:48:20.520548 | GENERATION: 42 | ERRORS: best=1332.0, median=2081.0, diversity=0.635 | INDIVIDUALS: n=200, avg_genome_length=48.585
2021-12-19 01:48:27.105287 | GENERATION: 43 | ERRORS: best=1374.0, median=2081.0, diversity=0.6 | INDIVIDUALS: n=200, avg_genome_length=49.05
2021-12-19 01:48:33.692483 | GENERATION: 44 | ERRORS: best=1333.0, median=2064.0, diversity=0.625 | INDIVIDUALS: n=200, avg_genome_length=48.825
2021-12-19 01:48:41.347304 | GENERATION: 45 | ERRORS: best=1333.0, median=2081.0, diversity=0.59 | INDIVIDUALS: n=200, avg_genome_length=46.43
2021-12-19 01:48:45.871420 | GENERATION: 46 | ERRORS: best=1333.0, median=2081.0, diversity=0.52 | INDIVIDUALS: n=200, avg_genome_length=46.145
2021-12-19 01:48:53.370166 | GENERATION: 47 | ERRORS: best=1361.0, median=2081.0, diversity=0.555 | INDIVIDUALS: n=200, avg_genome_length=43.775
2021-12-19 01:48:59.195265 | GENERATION: 48 | ERRORS: best=1352.0, median=2081.0, diversity=0.58 | INDIVIDUALS: n=200, avg_genome_length=45.875
2021-12-19 01:49:05.212137 | GENERATION: 49 | ERRORS: best=1333.0, median=2064.0, diversity=0.625 | INDIVIDUALS: n=200, avg_genome_length=41.885
2021-12-19 01:49:09.371766 | GENERATION: 50 | ERRORS: best=1333.0, median=2064.0, diversity=0.57 | INDIVIDUALS: n=200, avg_genome_length=40.79
2021-12-19 01:49:15.708793 | GENERATION: 51 | ERRORS: best=1333.0, median=2081.0, diversity=0.555 | INDIVIDUALS: n=200, avg_genome_length=36.335
2021-12-19 01:49:23.499684 | GENERATION: 52 | ERRORS: best=1333.0, median=2063.0, diversity=0.57 | INDIVIDUALS: n=200, avg_genome_length=36.695
2021-12-19 01:49:27.905334 | GENERATION: 53 | ERRORS: best=1333.0, median=2064.0, diversity=0.485 | INDIVIDUALS: n=200, avg_genome_length=35.025
2021-12-19 01:49:33.642884 | GENERATION: 54 | ERRORS: best=1333.0, median=1947.0, diversity=0.575 | INDIVIDUALS: n=200, avg_genome_length=36.4
2021-12-19 01:49:41.035451 | GENERATION: 55 | ERRORS: best=1333.0, median=2064.0, diversity=0.56 | INDIVIDUALS: n=200, avg_genome_length=34.705
2021-12-19 01:49:45.936068 | GENERATION: 56 | ERRORS: best=1333.0, median=2062.5, diversity=0.65 | INDIVIDUALS: n=200, avg_genome_length=35.395
2021-12-19 01:49:50.532859 | GENERATION: 57 | ERRORS: best=1337.0, median=2063.0, diversity=0.6 | INDIVIDUALS: n=200, avg_genome_length=34.27
2021-12-19 01:49:55.462275 | GENERATION: 58 | ERRORS: best=1333.0, median=2074.5, diversity=0.58 | INDIVIDUALS: n=200, avg_genome_length=34.98
2021-12-19 01:50:01.222209 | GENERATION: 59 | ERRORS: best=1333.0, median=2057.0, diversity=0.585 | INDIVIDUALS: n=200, avg_genome_length=34.175
2021-12-19 01:50:07.074480 | GENERATION: 60 | ERRORS: best=1333.0, median=2014.5, diversity=0.55 | INDIVIDUALS: n=200, avg_genome_length=34.655
2021-12-19 01:50:12.972126 | GENERATION: 61 | ERRORS: best=1333.0, median=2064.0, diversity=0.6 | INDIVIDUALS: n=200, avg_genome_length=34.71
2021-12-19 01:50:18.752215 | GENERATION: 62 | ERRORS: best=1333.0, median=2038.0, diversity=0.595 | INDIVIDUALS: n=200, avg_genome_length=33.68
2021-12-19 01:50:26.125044 | GENERATION: 63 | ERRORS: best=1333.0, median=2080.0, diversity=0.645 | INDIVIDUALS: n=200, avg_genome_length=33.74
2021-12-19 01:50:33.675297 | GENERATION: 64 | ERRORS: best=1333.0, median=2062.0, diversity=0.55 | INDIVIDUALS: n=200, avg_genome_length=33.615
2021-12-19 01:50:42.139083 | GENERATION: 65 | ERRORS: best=1333.0, median=2081.0, diversity=0.575 | INDIVIDUALS: n=200, avg_genome_length=32.7
2021-12-19 01:50:49.241184 | GENERATION: 66 | ERRORS: best=1333.0, median=2059.0, diversity=0.555 | INDIVIDUALS: n=200, avg_genome_length=32.935
2021-12-19 01:50:54.918156 | GENERATION: 67 | ERRORS: best=1333.0, median=2064.0, diversity=0.5 | INDIVIDUALS: n=200, avg_genome_length=31.655
2021-12-19 01:51:02.503346 | GENERATION: 68 | ERRORS: best=1333.0, median=2081.0, diversity=0.57 | INDIVIDUALS: n=200, avg_genome_length=33.41
2021-12-19 01:51:09.511344 | GENERATION: 69 | ERRORS: best=1333.0, median=2064.0, diversity=0.535 | INDIVIDUALS: n=200, avg_genome_length=34.5
2021-12-19 01:51:16.998458 | GENERATION: 70 | ERRORS: best=1352.0, median=2081.0, diversity=0.515 | INDIVIDUALS: n=200, avg_genome_length=32.4
2021-12-19 01:51:23.982904 | GENERATION: 71 | ERRORS: best=1333.0, median=2081.0, diversity=0.56 | INDIVIDUALS: n=200, avg_genome_length=31.78
2021-12-19 01:51:33.057298 | GENERATION: 72 | ERRORS: best=1333.0, median=2081.0, diversity=0.595 | INDIVIDUALS: n=200, avg_genome_length=32.0
2021-12-19 01:51:40.873853 | GENERATION: 73 | ERRORS: best=1333.0, median=2081.0, diversity=0.56 | INDIVIDUALS: n=200, avg_genome_length=28.215
2021-12-19 01:51:48.975583 | GENERATION: 74 | ERRORS: best=1333.0, median=2145.0, diversity=0.58 | INDIVIDUALS: n=200, avg_genome_length=28.615
2021-12-19 01:51:55.217262 | GENERATION: 75 | ERRORS: best=1384.0, median=2081.0, diversity=0.55 | INDIVIDUALS: n=200, avg_genome_length=31.94
2021-12-19 01:52:02.385824 | GENERATION: 76 | ERRORS: best=1333.0, median=2081.0, diversity=0.6 | INDIVIDUALS: n=200, avg_genome_length=30.735
2021-12-19 01:52:10.139633 | GENERATION: 77 | ERRORS: best=1333.0, median=2335.0, diversity=0.58 | INDIVIDUALS: n=200, avg_genome_length=30.915
2021-12-19 01:52:17.368241 | GENERATION: 78 | ERRORS: best=1314.0, median=65313.5, diversity=0.55 | INDIVIDUALS: n=200, avg_genome_length=30.355
2021-12-19 01:52:24.420729 | GENERATION: 79 | ERRORS: best=1354.0, median=2081.0, diversity=0.585 | INDIVIDUALS: n=200, avg_genome_length=30.615
2021-12-19 01:52:35.235447 | GENERATION: 80 | ERRORS: best=1361.0, median=2111.0, diversity=0.61 | INDIVIDUALS: n=200, avg_genome_length=29.03
2021-12-19 01:52:44.825022 | GENERATION: 81 | ERRORS: best=1378.0, median=2081.0, diversity=0.66 | INDIVIDUALS: n=200, avg_genome_length=29.22
2021-12-19 01:52:53.993743 | GENERATION: 82 | ERRORS: best=1333.0, median=2081.0, diversity=0.55 | INDIVIDUALS: n=200, avg_genome_length=26.61
2021-12-19 01:53:02.054118 | GENERATION: 83 | ERRORS: best=1333.0, median=2081.0, diversity=0.55 | INDIVIDUALS: n=200, avg_genome_length=28.115
2021-12-19 01:53:10.878249 | GENERATION: 84 | ERRORS: best=1352.0, median=2064.0, diversity=0.635 | INDIVIDUALS: n=200, avg_genome_length=27.78
2021-12-19 01:53:18.858761 | GENERATION: 85 | ERRORS: best=1352.0, median=2081.0, diversity=0.565 | INDIVIDUALS: n=200, avg_genome_length=27.635
2021-12-19 01:53:27.882371 | GENERATION: 86 | ERRORS: best=1360.0, median=2081.0, diversity=0.575 | INDIVIDUALS: n=200, avg_genome_length=28.435
2021-12-19 01:53:37.429144 | GENERATION: 87 | ERRORS: best=1300.0, median=2081.0, diversity=0.645 | INDIVIDUALS: n=200, avg_genome_length=27.35
2021-12-19 01:53:46.529259 | GENERATION: 88 | ERRORS: best=1300.0, median=2081.0, diversity=0.605 | INDIVIDUALS: n=200, avg_genome_length=26.32
2021-12-19 01:53:55.482991 | GENERATION: 89 | ERRORS: best=1300.0, median=2081.0, diversity=0.53 | INDIVIDUALS: n=200, avg_genome_length=26.825
2021-12-19 01:54:04.327862 | GENERATION: 90 | ERRORS: best=1333.0, median=2081.0, diversity=0.505 | INDIVIDUALS: n=200, avg_genome_length=24.06
2021-12-19 01:54:15.595981 | GENERATION: 91 | ERRORS: best=1333.0, median=2152.0, diversity=0.53 | INDIVIDUALS: n=200, avg_genome_length=23.61
2021-12-19 01:54:24.723804 | GENERATION: 92 | ERRORS: best=1352.0, median=2081.0, diversity=0.545 | INDIVIDUALS: n=200, avg_genome_length=24.205
2021-12-19 01:54:33.169705 | GENERATION: 93 | ERRORS: best=1322.0, median=2081.0, diversity=0.485 | INDIVIDUALS: n=200, avg_genome_length=24.9
2021-12-19 01:54:45.806299 | GENERATION: 94 | ERRORS: best=1348.0, median=2081.0, diversity=0.535 | INDIVIDUALS: n=200, avg_genome_length=25.91
2021-12-19 01:54:58.389042 | GENERATION: 95 | ERRORS: best=1352.0, median=2081.0, diversity=0.615 | INDIVIDUALS: n=200, avg_genome_length=27.765
2021-12-19 01:55:07.727243 | GENERATION: 96 | ERRORS: best=1352.0, median=2081.0, diversity=0.535 | INDIVIDUALS: n=200, avg_genome_length=25.77
2021-12-19 01:55:17.872440 | GENERATION: 97 | ERRORS: best=1333.0, median=2075.5, diversity=0.515 | INDIVIDUALS: n=200, avg_genome_length=25.13
2021-12-19 01:55:27.462715 | GENERATION: 98 | ERRORS: best=1327.0, median=2064.0, diversity=0.52 | INDIVIDUALS: n=200, avg_genome_length=26.73
2021-12-19 01:55:37.871603 | GENERATION: 99 | ERRORS: best=1313.0, median=2081.0, diversity=0.525 | INDIVIDUALS: n=200, avg_genome_length=25.845
2021-12-19 01:55:47.259355 | GENERATION: 100 | ERRORS: best=1327.0, median=2081.0, diversity=0.52 | INDIVIDUALS: n=200, avg_genome_length=24.735
2021-12-19 01:55:57.017589 | GENERATION: 101 | ERRORS: best=1317.0, median=2081.0, diversity=0.47 | INDIVIDUALS: n=200, avg_genome_length=26.05
2021-12-19 01:56:07.600570 | GENERATION: 102 | ERRORS: best=1333.0, median=2064.5, diversity=0.47 | INDIVIDUALS: n=200, avg_genome_length=27.435
2021-12-19 01:56:16.942653 | GENERATION: 103 | ERRORS: best=1327.0, median=2081.0, diversity=0.495 | INDIVIDUALS: n=200, avg_genome_length=27.555
2021-12-19 01:56:28.113800 | GENERATION: 104 | ERRORS: best=1313.0, median=2064.0, diversity=0.57 | INDIVIDUALS: n=200, avg_genome_length=28.5
2021-12-19 01:56:39.023270 | GENERATION: 105 | ERRORS: best=1323.0, median=2081.0, diversity=0.555 | INDIVIDUALS: n=200, avg_genome_length=27.88
2021-12-19 01:56:50.085204 | GENERATION: 106 | ERRORS: best=1358.0, median=2081.0, diversity=0.5 | INDIVIDUALS: n=200, avg_genome_length=27.245
2021-12-19 01:57:02.822399 | GENERATION: 107 | ERRORS: best=1312.0, median=2064.0, diversity=0.57 | INDIVIDUALS: n=200, avg_genome_length=27.365
2021-12-19 01:57:14.810205 | GENERATION: 108 | ERRORS: best=1333.0, median=2081.0, diversity=0.585 | INDIVIDUALS: n=200, avg_genome_length=26.02
2021-12-19 01:57:26.526593 | GENERATION: 109 | ERRORS: best=1333.0, median=2064.0, diversity=0.545 | INDIVIDUALS: n=200, avg_genome_length=25.73
2021-12-19 01:57:37.432749 | GENERATION: 110 | ERRORS: best=1333.0, median=2081.0, diversity=0.54 | INDIVIDUALS: n=200, avg_genome_length=24.09
2021-12-19 01:57:46.835551 | GENERATION: 111 | ERRORS: best=1331.0, median=2081.0, diversity=0.535 | INDIVIDUALS: n=200, avg_genome_length=24.39
2021-12-19 01:57:58.666146 | GENERATION: 112 | ERRORS: best=1327.0, median=2064.0, diversity=0.58 | INDIVIDUALS: n=200, avg_genome_length=24.855
2021-12-19 01:58:09.969212 | GENERATION: 113 | ERRORS: best=1315.0, median=2081.0, diversity=0.575 | INDIVIDUALS: n=200, avg_genome_length=24.58
2021-12-19 01:58:21.457699 | GENERATION: 114 | ERRORS: best=1319.0, median=2081.0, diversity=0.58 | INDIVIDUALS: n=200, avg_genome_length=23.94
2021-12-19 01:58:33.421818 | GENERATION: 115 | ERRORS: best=1317.0, median=18195.5, diversity=0.605 | INDIVIDUALS: n=200, avg_genome_length=23.4
2021-12-19 01:58:45.322601 | GENERATION: 116 | ERRORS: best=1313.0, median=2129.5, diversity=0.59 | INDIVIDUALS: n=200, avg_genome_length=21.87
2021-12-19 01:58:58.477650 | GENERATION: 117 | ERRORS: best=1317.0, median=49999.0, diversity=0.595 | INDIVIDUALS: n=200, avg_genome_length=21.575
2021-12-19 01:59:13.150655 | GENERATION: 118 | ERRORS: best=1366.0, median=8994.5, diversity=0.59 | INDIVIDUALS: n=200, avg_genome_length=22.135
2021-12-19 01:59:27.554727 | GENERATION: 119 | ERRORS: best=1317.0, median=9601.0, diversity=0.555 | INDIVIDUALS: n=200, avg_genome_length=21.94
2021-12-19 01:59:43.410616 | GENERATION: 120 | ERRORS: best=1319.0, median=1001981.0, diversity=0.675 | INDIVIDUALS: n=200, avg_genome_length=21.545
2021-12-19 02:00:01.622307 | GENERATION: 121 | ERRORS: best=1327.0, median=18146.5, diversity=0.68 | INDIVIDUALS: n=200, avg_genome_length=21.76
2021-12-19 02:00:24.342547 | GENERATION: 122 | ERRORS: best=1450.0, median=2340.5, diversity=0.615 | INDIVIDUALS: n=200, avg_genome_length=20.985
2021-12-19 02:00:49.252274 | GENERATION: 123 | ERRORS: best=1359.0, median=32728.0, diversity=0.67 | INDIVIDUALS: n=200, avg_genome_length=21.17
2021-12-19 02:01:10.642769 | GENERATION: 124 | ERRORS: best=1445.0, median=174281.0, diversity=0.685 | INDIVIDUALS: n=200, avg_genome_length=21.0
2021-12-19 02:01:30.290436 | GENERATION: 125 | ERRORS: best=1414.0, median=8048.5, diversity=0.595 | INDIVIDUALS: n=200, avg_genome_length=19.365
2021-12-19 02:01:51.451721 | GENERATION: 126 | ERRORS: best=1331.0, median=1001737.0, diversity=0.66 | INDIVIDUALS: n=200, avg_genome_length=19.41
2021-12-19 02:02:11.068780 | GENERATION: 127 | ERRORS: best=1354.0, median=81812.0, diversity=0.625 | INDIVIDUALS: n=200, avg_genome_length=18.695
2021-12-19 02:02:27.971993 | GENERATION: 128 | ERRORS: best=1362.0, median=84513.5, diversity=0.585 | INDIVIDUALS: n=200, avg_genome_length=17.695
2021-12-19 02:02:42.847552 | GENERATION: 129 | ERRORS: best=1362.0, median=19678.0, diversity=0.53 | INDIVIDUALS: n=200, avg_genome_length=16.6
2021-12-19 02:02:57.385548 | GENERATION: 130 | ERRORS: best=1343.0, median=38837.0, diversity=0.49 | INDIVIDUALS: n=200, avg_genome_length=15.905
2021-12-19 02:03:11.490885 | GENERATION: 131 | ERRORS: best=1348.0, median=3318.5, diversity=0.495 | INDIVIDUALS: n=200, avg_genome_length=16.775
2021-12-19 02:03:24.421158 | GENERATION: 132 | ERRORS: best=1362.0, median=15260.5, diversity=0.515 | INDIVIDUALS: n=200, avg_genome_length=16.025
2021-12-19 02:03:36.645551 | GENERATION: 133 | ERRORS: best=1330.0, median=2082.0, diversity=0.475 | INDIVIDUALS: n=200, avg_genome_length=16.81
2021-12-19 02:03:49.678385 | GENERATION: 134 | ERRORS: best=1345.0, median=2082.0, diversity=0.455 | INDIVIDUALS: n=200, avg_genome_length=16.615
2021-12-19 02:04:02.872317 | GENERATION: 135 | ERRORS: best=1331.0, median=2081.0, diversity=0.46 | INDIVIDUALS: n=200, avg_genome_length=15.94
2021-12-19 02:04:18.673694 | GENERATION: 136 | ERRORS: best=1331.0, median=15870.5, diversity=0.43 | INDIVIDUALS: n=200, avg_genome_length=14.72
2021-12-19 02:04:38.133841 | GENERATION: 137 | ERRORS: best=1331.0, median=174281.0, diversity=0.485 | INDIVIDUALS: n=200, avg_genome_length=14.77
2021-12-19 02:04:49.225666 | GENERATION: 138 | ERRORS: best=400.0, median=1038774.0, diversity=0.205 | INDIVIDUALS: n=200, avg_genome_length=13.14
2021-12-19 02:04:59.180028 | GENERATION: 139 | ERRORS: best=200.0, median=1038441.5, diversity=0.225 | INDIVIDUALS: n=200, avg_genome_length=12.03
2021-12-19 02:05:09.454347 | GENERATION: 140 | ERRORS: best=400.0, median=1002081.0, diversity=0.25 | INDIVIDUALS: n=200, avg_genome_length=12.21
2021-12-19 02:05:17.896885 | GENERATION: 141 | ERRORS: best=1921.0, median=1002081.0, diversity=0.205 | INDIVIDUALS: n=200, avg_genome_length=11.28
2021-12-19 02:05:27.697557 | GENERATION: 142 | ERRORS: best=200.0, median=1051319.5, diversity=0.235 | INDIVIDUALS: n=200, avg_genome_length=10.76
2021-12-19 02:05:36.477014 | GENERATION: 143 | ERRORS: best=200.0, median=1002363.5, diversity=0.195 | INDIVIDUALS: n=200, avg_genome_length=10.835
Simplifying genome of length 11 with total error 0.0.
Simplified genome by 1 to length 10.
Simplified genome by 2 to length 8.
Simplified genome by 1 to length 7.
Simplified genome by 1 to length 6.
Simplified genome to length 6 and total error 0.0.
========================================
End Run
========================================
Solution found.
Best Seen Individual
	Genome:
	 pvector([Input(input_index=0), InstructionMeta(name='bool_stack_depth', code_blocks=0), InstructionMeta(name='vector_int_iterate', code_blocks=1), Literal(value=2, push_type=<pyshgp.push.types.PushIntType object at 0x7fd3a4efbd60>), InstructionMeta(name='int_mod', code_blocks=0), InstructionMeta(name='int_add', code_blocks=0)])
	Program:
	 (input_0 bool_stack_depth vector_int_iterate (2 int_mod int_add))
	Error vector:
	 [0. 0. 0. 0. 0. 0. 0. 0. 0. 0. 0. 0. 0. 0. 0. 0. 0. 0. 0. 0. 0. 0. 0. 0.
 0. 0. 0. 0. 0. 0. 0. 0. 0. 0. 0. 0. 0. 0. 0. 0. 0. 0. 0. 0. 0. 0. 0. 0.
 0. 0. 0. 0. 0. 0. 0. 0. 0. 0. 0. 0. 0. 0. 0. 0. 0. 0. 0. 0. 0. 0. 0. 0.
 0. 0. 0. 0. 0. 0. 0. 0. 0. 0. 0. 0. 0. 0. 0. 0. 0. 0. 0. 0. 0. 0. 0. 0.
 0. 0. 0. 0. 0. 0. 0. 0. 0. 0. 0. 0. 0. 0. 0. 0. 0. 0. 0. 0. 0. 0. 0. 0.
 0. 0. 0. 0. 0. 0. 0. 0. 0. 0. 0. 0. 0. 0. 0. 0. 0. 0. 0. 0. 0. 0. 0. 0.
 0. 0. 0. 0. 0. 0. 0. 0. 0. 0. 0. 0. 0. 0. 0. 0. 0. 0. 0. 0. 0. 0. 0. 0.
 0. 0. 0. 0. 0. 0. 0. 0. 0. 0. 0. 0. 0. 0. 0. 0. 0. 0. 0. 0. 0. 0. 0. 0.
 0. 0. 0. 0. 0. 0. 0. 0.]
	Total error:
	 0.0
	Test error:
	 0.0
	Time:
	 00:29:14
