Included 32 edge cases.
Included 168 random cases.
Included 200 cases in total.
Finished formatting.
Included 0 edge cases.
Included 2000 random cases.
Included 2000 cases in total.
Finished formatting.
========================================
Setup
========================================
Search Configuration:
signature: ProgramSignature(output_stacks=['int'], arity=1, push_config=PushConfig(numeric_magnitude_limit=1000000000000.0, step_limit=1500, collection_size_cap=1000, growth_cap=500, runtime_limit=10))
evaluator: <pyshgp.gp.evaluation.DatasetEvaluator object at 0x7f2f2b7b1c70>
spawner: <pyshgp.gp.genome.GeneSpawner object at 0x7f2f6a84e430>
population_size: 200
max_generations: 300
error_threshold: 0.0
initial_genome_size: (50, 250)
simplification_steps: 500
parallel_context: <pyshgp.gp.search.ParallelContext object at 0x7f2f2c3858b0>
selection: <pyshgp.utils.DiscreteProbDistrib object at 0x7f2f2b0b3e00>
variation: <pyshgp.utils.DiscreteProbDistrib object at 0x7f2f2b0b3b00>
Instructions:
int_add, int_sub, int_mult, int_div, int_mod, int_min, int_max, int_inc, int_dec, int_lt, int_lte, int_gt, int_gte, int_from_bool, bool_and, bool_or, bool_not, bool_xor, bool_invert_first_then_and, bool_second_first_then_and, bool_from_int, noop, noop_open, exec_do_range, exec_do_count, exec_while, exec_do_while, exec_if, exec_when, vector_int_concat, vector_int_conj, vector_int_take, vector_int_subvec, vector_int_first, vector_int_last, vector_int_nth, vector_int_rest, vector_int_but_last, vector_int_length, vector_int_reverse, vector_int_push_all, vector_int_empty_vector, vector_int_contains, vector_int_index_of, vector_int_occurrences_of, vector_int_set_nth, vector_int_replace, vector_int_replace_first, vector_int_remove, vector_int_iterate, print_bool, println_bool, print_int, println_int, print_vector_int, println_vector_int, print_exec, println_exec, bool_pop, bool_dup, bool_dup_times, bool_swap, bool_rot, bool_flush, bool_eq, bool_stack_depth, bool_yank, bool_yank_dup, bool_shove, bool_shove_dup, bool_is_empty, int_pop, int_dup, int_dup_times, int_swap, int_rot, int_flush, int_eq, int_stack_depth, int_yank, int_yank_dup, int_shove, int_shove_dup, int_is_empty, vector_int_pop, vector_int_dup, vector_int_dup_times, vector_int_swap, vector_int_rot, vector_int_flush, vector_int_eq, vector_int_stack_depth, vector_int_yank, vector_int_yank_dup, vector_int_shove, vector_int_shove_dup, vector_int_is_empty, exec_pop, exec_dup, exec_dup_times, exec_swap, exec_rot, exec_flush, exec_eq, exec_stack_depth, exec_yank, exec_yank_dup, exec_shove, exec_shove_dup, exec_is_empty
Literals:
[Literal(value=0, push_type=<pyshgp.push.types.PushIntType object at 0x7f2f6a909760>), Literal(value=1, push_type=<pyshgp.push.types.PushIntType object at 0x7f2f6a909760>), Literal(value=2, push_type=<pyshgp.push.types.PushIntType object at 0x7f2f6a909760>)]
ERC Generators:
[<function rand_int at 0x7f2f2c99c9d0>]
========================================
Start Run
========================================
2021-12-23 08:21:07.397013 | GENERATION: 1 | ERRORS: best=2037.0, median=99020783.0, diversity=0.2 | INDIVIDUALS: n=200, avg_genome_length=126.845 | VIRUSES: gene_rate=0.000
2021-12-23 08:21:19.807619 | GENERATION: 2 | ERRORS: best=2009.0, median=2249.0, diversity=0.205 | INDIVIDUALS: n=200, avg_genome_length=109.975 | VIRUSES: gene_rate=0.003
2021-12-23 08:21:35.994161 | GENERATION: 3 | ERRORS: best=1985.0, median=2363.0, diversity=0.255 | INDIVIDUALS: n=200, avg_genome_length=115.4 | VIRUSES: gene_rate=0.007
2021-12-23 08:21:50.661752 | GENERATION: 4 | ERRORS: best=1985.0, median=2363.0, diversity=0.315 | INDIVIDUALS: n=200, avg_genome_length=120.51 | VIRUSES: gene_rate=0.009
2021-12-23 08:22:07.243181 | GENERATION: 5 | ERRORS: best=1785.0, median=2421.0, diversity=0.355 | INDIVIDUALS: n=200, avg_genome_length=113.91 | VIRUSES: gene_rate=0.017
2021-12-23 08:22:24.235091 | GENERATION: 6 | ERRORS: best=1785.0, median=2554.0, diversity=0.44 | INDIVIDUALS: n=200, avg_genome_length=120.9 | VIRUSES: gene_rate=0.023
2021-12-23 08:22:42.895226 | GENERATION: 7 | ERRORS: best=1765.0, median=4476.0, diversity=0.565 | INDIVIDUALS: n=200, avg_genome_length=126.985 | VIRUSES: gene_rate=0.032
2021-12-23 08:23:04.844378 | GENERATION: 8 | ERRORS: best=1399.0, median=56200.0, diversity=0.685 | INDIVIDUALS: n=200, avg_genome_length=125.89 | VIRUSES: gene_rate=0.039
2021-12-23 08:24:09.806272 | GENERATION: 9 | ERRORS: best=1399.0, median=126963.0, diversity=0.65 | INDIVIDUALS: n=200, avg_genome_length=119.815 | VIRUSES: gene_rate=0.047
2021-12-23 08:24:29.078154 | GENERATION: 10 | ERRORS: best=1399.0, median=43828.5, diversity=0.67 | INDIVIDUALS: n=200, avg_genome_length=118.625 | VIRUSES: gene_rate=0.052
2021-12-23 08:24:46.826148 | GENERATION: 11 | ERRORS: best=1399.0, median=21331.5, diversity=0.705 | INDIVIDUALS: n=200, avg_genome_length=105.85 | VIRUSES: gene_rate=0.062
2021-12-23 08:25:08.291250 | GENERATION: 12 | ERRORS: best=1398.0, median=115755.5, diversity=0.785 | INDIVIDUALS: n=200, avg_genome_length=110.815 | VIRUSES: gene_rate=0.064
2021-12-23 08:25:28.400325 | GENERATION: 13 | ERRORS: best=1305.0, median=1001999.5, diversity=0.725 | INDIVIDUALS: n=200, avg_genome_length=109.205 | VIRUSES: gene_rate=0.066
2021-12-23 08:25:49.006125 | GENERATION: 14 | ERRORS: best=1284.0, median=1001314.5, diversity=0.72 | INDIVIDUALS: n=200, avg_genome_length=111.57 | VIRUSES: gene_rate=0.072
2021-12-23 08:27:10.041981 | GENERATION: 15 | ERRORS: best=1284.0, median=1001782.5, diversity=0.785 | INDIVIDUALS: n=200, avg_genome_length=116.935 | VIRUSES: gene_rate=0.075
2021-12-23 08:28:44.563203 | GENERATION: 16 | ERRORS: best=1327.0, median=1001830.0, diversity=0.77 | INDIVIDUALS: n=200, avg_genome_length=117.085 | VIRUSES: gene_rate=0.079
2021-12-23 08:29:30.514401 | GENERATION: 17 | ERRORS: best=1327.0, median=1001899.0, diversity=0.74 | INDIVIDUALS: n=200, avg_genome_length=114.07 | VIRUSES: gene_rate=0.086
2021-12-23 08:30:07.341668 | GENERATION: 18 | ERRORS: best=1404.0, median=1001984.0, diversity=0.765 | INDIVIDUALS: n=200, avg_genome_length=117.51 | VIRUSES: gene_rate=0.084
2021-12-23 08:31:16.805188 | GENERATION: 19 | ERRORS: best=1174.0, median=731369.0, diversity=0.77 | INDIVIDUALS: n=200, avg_genome_length=112.87 | VIRUSES: gene_rate=0.089
2021-12-23 08:32:06.156014 | GENERATION: 20 | ERRORS: best=1331.0, median=1001243.0, diversity=0.77 | INDIVIDUALS: n=200, avg_genome_length=114.625 | VIRUSES: gene_rate=0.091
2021-12-23 08:32:52.407487 | GENERATION: 21 | ERRORS: best=1343.0, median=87970.5, diversity=0.725 | INDIVIDUALS: n=200, avg_genome_length=116.35 | VIRUSES: gene_rate=0.090
2021-12-23 08:33:48.948753 | GENERATION: 22 | ERRORS: best=1460.0, median=1001989.0, diversity=0.735 | INDIVIDUALS: n=200, avg_genome_length=119.185 | VIRUSES: gene_rate=0.092
2021-12-23 08:34:39.075126 | GENERATION: 23 | ERRORS: best=1458.0, median=1001926.5, diversity=0.73 | INDIVIDUALS: n=200, avg_genome_length=121.19 | VIRUSES: gene_rate=0.090
2021-12-23 08:35:38.134520 | GENERATION: 24 | ERRORS: best=1393.0, median=1001749.0, diversity=0.75 | INDIVIDUALS: n=200, avg_genome_length=118.35 | VIRUSES: gene_rate=0.093
2021-12-23 08:36:31.966261 | GENERATION: 25 | ERRORS: best=1365.0, median=110132.0, diversity=0.72 | INDIVIDUALS: n=200, avg_genome_length=118.93 | VIRUSES: gene_rate=0.092
2021-12-23 08:37:26.341393 | GENERATION: 26 | ERRORS: best=1562.0, median=1005105.0, diversity=0.675 | INDIVIDUALS: n=200, avg_genome_length=121.07 | VIRUSES: gene_rate=0.093
2021-12-23 08:38:11.226186 | GENERATION: 27 | ERRORS: best=1408.0, median=1001737.5, diversity=0.755 | INDIVIDUALS: n=200, avg_genome_length=115.4 | VIRUSES: gene_rate=0.095
2021-12-23 08:38:36.372616 | GENERATION: 28 | ERRORS: best=1238.0, median=1001789.5, diversity=0.81 | INDIVIDUALS: n=200, avg_genome_length=116.385 | VIRUSES: gene_rate=0.092
2021-12-23 08:39:27.223811 | GENERATION: 29 | ERRORS: best=1238.0, median=1001584.0, diversity=0.705 | INDIVIDUALS: n=200, avg_genome_length=109.985 | VIRUSES: gene_rate=0.094
2021-12-23 08:39:58.821451 | GENERATION: 30 | ERRORS: best=1238.0, median=1002136.0, diversity=0.77 | INDIVIDUALS: n=200, avg_genome_length=112.85 | VIRUSES: gene_rate=0.099
2021-12-23 08:40:34.002831 | GENERATION: 31 | ERRORS: best=1225.0, median=1002154.0, diversity=0.73 | INDIVIDUALS: n=200, avg_genome_length=116.01 | VIRUSES: gene_rate=0.095
2021-12-23 08:41:12.876538 | GENERATION: 32 | ERRORS: best=1244.0, median=1002180.0, diversity=0.72 | INDIVIDUALS: n=200, avg_genome_length=116.17 | VIRUSES: gene_rate=0.098
2021-12-23 08:41:36.568442 | GENERATION: 33 | ERRORS: best=1244.0, median=1001732.0, diversity=0.74 | INDIVIDUALS: n=200, avg_genome_length=118.525 | VIRUSES: gene_rate=0.101
2021-12-23 08:42:06.166903 | GENERATION: 34 | ERRORS: best=1202.0, median=1001839.0, diversity=0.8 | INDIVIDUALS: n=200, avg_genome_length=112.245 | VIRUSES: gene_rate=0.097
2021-12-23 08:42:42.978911 | GENERATION: 35 | ERRORS: best=1345.0, median=1001909.5, diversity=0.76 | INDIVIDUALS: n=200, avg_genome_length=114.1 | VIRUSES: gene_rate=0.097
2021-12-23 08:43:08.241203 | GENERATION: 36 | ERRORS: best=1278.0, median=1002062.0, diversity=0.79 | INDIVIDUALS: n=200, avg_genome_length=114.735 | VIRUSES: gene_rate=0.102
2021-12-23 08:43:37.493725 | GENERATION: 37 | ERRORS: best=1278.0, median=1001412.0, diversity=0.845 | INDIVIDUALS: n=200, avg_genome_length=119.825 | VIRUSES: gene_rate=0.099
2021-12-23 08:44:17.302198 | GENERATION: 38 | ERRORS: best=1282.0, median=76124.5, diversity=0.77 | INDIVIDUALS: n=200, avg_genome_length=120.695 | VIRUSES: gene_rate=0.098
2021-12-23 08:44:48.494427 | GENERATION: 39 | ERRORS: best=1305.0, median=1001539.5, diversity=0.785 | INDIVIDUALS: n=200, avg_genome_length=120.385 | VIRUSES: gene_rate=0.103
2021-12-23 08:45:13.815393 | GENERATION: 40 | ERRORS: best=1243.0, median=1001822.0, diversity=0.775 | INDIVIDUALS: n=200, avg_genome_length=119.82 | VIRUSES: gene_rate=0.103
2021-12-23 08:45:48.691892 | GENERATION: 41 | ERRORS: best=1243.0, median=1001340.5, diversity=0.765 | INDIVIDUALS: n=200, avg_genome_length=122.365 | VIRUSES: gene_rate=0.100
2021-12-23 08:46:27.412783 | GENERATION: 42 | ERRORS: best=195.0, median=47156.5, diversity=0.715 | INDIVIDUALS: n=200, avg_genome_length=121.11 | VIRUSES: gene_rate=0.098
Simplifying genome of length 140 with total error 0.0.
Simplified genome by 3 to length 137.
Simplified genome by 2 to length 135.
Simplified genome by 2 to length 133.
Simplified genome by 2 to length 131.
Simplified genome by 3 to length 128.
Simplified genome by 1 to length 127.
Simplified genome by 2 to length 125.
Simplified genome by 1 to length 124.
Simplified genome by 2 to length 122.
Simplified genome by 1 to length 121.
Simplified genome by 3 to length 118.
Simplified genome by 2 to length 116.
Simplified genome by 1 to length 115.
Simplified genome by 1 to length 114.
Simplified genome by 3 to length 111.
Simplified genome by 1 to length 110.
Simplified genome by 3 to length 107.
Simplified genome by 2 to length 105.
Simplified genome by 1 to length 104.
Simplified genome by 2 to length 102.
Simplified genome by 2 to length 100.
Simplified genome by 3 to length 97.
Simplified genome by 2 to length 95.
Simplified genome by 2 to length 93.
Simplified genome by 1 to length 92.
Simplified genome by 3 to length 89.
Simplified genome by 2 to length 87.
Simplified genome by 1 to length 86.
Simplified genome by 1 to length 85.
Simplified genome by 1 to length 84.
Simplified genome by 1 to length 83.
Simplified genome by 2 to length 81.
Simplified genome by 1 to length 80.
Simplified genome by 3 to length 77.
Simplified genome by 2 to length 75.
Simplified genome by 1 to length 74.
Simplified genome by 3 to length 71.
Simplified genome by 3 to length 68.
Simplified genome by 3 to length 65.
Simplified genome by 1 to length 64.
Simplified genome by 3 to length 61.
Simplified genome by 1 to length 60.
Simplified genome by 1 to length 59.
Simplified genome by 1 to length 58.
Simplified genome by 2 to length 56.
Simplified genome by 3 to length 53.
Simplified genome by 2 to length 51.
Simplified genome by 1 to length 50.
Simplified genome by 2 to length 48.
Simplified genome by 1 to length 47.
Simplified genome by 1 to length 46.
Simplified genome by 2 to length 44.
Simplified genome by 3 to length 41.
Simplified genome by 1 to length 40.
Simplified genome by 2 to length 38.
Simplified genome by 1 to length 37.
Simplified genome by 3 to length 34.
Simplified genome by 1 to length 33.
Simplified genome by 2 to length 31.
Simplified genome by 3 to length 28.
Simplified genome by 1 to length 27.
Simplified genome by 1 to length 26.
Simplified genome by 2 to length 24.
Simplified genome by 1 to length 23.
Simplified genome by 3 to length 20.
Simplified genome by 1 to length 19.
Simplified genome by 1 to length 18.
Simplified genome by 2 to length 16.
Simplified genome by 1 to length 15.
Simplified genome by 2 to length 13.
Simplified genome by 1 to length 12.
Simplified genome by 2 to length 10.
Simplified genome by 3 to length 7.
Simplified genome by 1 to length 6.
Simplified genome to length 6 and total error 0.0.
========================================
End Run
========================================
Solution found.
Best Seen Individual
	Genome:
	 pvector([InstructionMeta(name='vector_int_stack_depth', code_blocks=0), VirusInput(input_index=0), VirusInstructionMeta(name='vector_int_iterate', code_blocks=1), InstructionMeta(name='int_stack_depth', code_blocks=0), InstructionMeta(name='int_mod', code_blocks=0), InstructionMeta(name='int_add', code_blocks=0)])
	Program:
	 (vector_int_stack_depth vinput_0 vvector_int_iterate (int_stack_depth int_mod int_add))
	Error vector:
	 [0. 0. 0. 0. 0. 0. 0. 0. 0. 0. 0. 0. 0. 0. 0. 0. 0. 0. 0. 0. 0. 0. 0. 0.
 0. 0. 0. 0. 0. 0. 0. 0. 0. 0. 0. 0. 0. 0. 0. 0. 0. 0. 0. 0. 0. 0. 0. 0.
 0. 0. 0. 0. 0. 0. 0. 0. 0. 0. 0. 0. 0. 0. 0. 0. 0. 0. 0. 0. 0. 0. 0. 0.
 0. 0. 0. 0. 0. 0. 0. 0. 0. 0. 0. 0. 0. 0. 0. 0. 0. 0. 0. 0. 0. 0. 0. 0.
 0. 0. 0. 0. 0. 0. 0. 0. 0. 0. 0. 0. 0. 0. 0. 0. 0. 0. 0. 0. 0. 0. 0. 0.
 0. 0. 0. 0. 0. 0. 0. 0. 0. 0. 0. 0. 0. 0. 0. 0. 0. 0. 0. 0. 0. 0. 0. 0.
 0. 0. 0. 0. 0. 0. 0. 0. 0. 0. 0. 0. 0. 0. 0. 0. 0. 0. 0. 0. 0. 0. 0. 0.
 0. 0. 0. 0. 0. 0. 0. 0. 0. 0. 0. 0. 0. 0. 0. 0. 0. 0. 0. 0. 0. 0. 0. 0.
 0. 0. 0. 0. 0. 0. 0. 0.]
	Total error:
	 0.0
	Test error:
	 0.0
	Time:
	 00:28:56
