Included 32 edge cases.
Included 168 random cases.
Included 200 cases in total.
Finished formatting.
Included 0 edge cases.
Included 2000 random cases.
Included 2000 cases in total.
Finished formatting.
========================================
Setup
========================================
Search Configuration:
signature: ProgramSignature(arity=1, push_config=PushConfig(numeric_magnitude_limit=1000000000000.0, collection_size_cap=1000, step_limit=1500, growth_cap=500, runtime_limit=10), output_stacks=['int'])
evaluator: <pyshgp.gp.evaluation.DatasetEvaluator object at 0x7f7e4cadbee0>
spawner: <pyshgp.gp.genome.GeneSpawner object at 0x7f7e8bb2ca90>
population_size: 200
max_generations: 300
error_threshold: 0.0
initial_genome_size: (50, 250)
simplification_steps: 500
parallel_context: <pyshgp.gp.search.ParallelContext object at 0x7f7e4cadb9d0>
selection: <pyshgp.utils.DiscreteProbDistrib object at 0x7f7e4c7707c0>
variation: <pyshgp.utils.DiscreteProbDistrib object at 0x7f7e4c770c40>
Instructions:
int_add, int_sub, int_mult, int_div, int_mod, int_min, int_max, int_inc, int_dec, int_lt, int_lte, int_gt, int_gte, int_from_bool, bool_and, bool_or, bool_not, bool_xor, bool_invert_first_then_and, bool_second_first_then_and, bool_from_int, noop, noop_open, exec_do_range, exec_do_count, exec_while, exec_do_while, exec_if, exec_when, vector_int_concat, vector_int_conj, vector_int_take, vector_int_subvec, vector_int_first, vector_int_last, vector_int_nth, vector_int_rest, vector_int_but_last, vector_int_length, vector_int_reverse, vector_int_push_all, vector_int_empty_vector, vector_int_contains, vector_int_index_of, vector_int_occurrences_of, vector_int_set_nth, vector_int_replace, vector_int_replace_first, vector_int_remove, vector_int_iterate, print_bool, println_bool, print_int, println_int, print_vector_int, println_vector_int, print_exec, println_exec, bool_pop, bool_dup, bool_dup_times, bool_swap, bool_rot, bool_flush, bool_eq, bool_stack_depth, bool_yank, bool_yank_dup, bool_shove, bool_shove_dup, bool_is_empty, int_pop, int_dup, int_dup_times, int_swap, int_rot, int_flush, int_eq, int_stack_depth, int_yank, int_yank_dup, int_shove, int_shove_dup, int_is_empty, vector_int_pop, vector_int_dup, vector_int_dup_times, vector_int_swap, vector_int_rot, vector_int_flush, vector_int_eq, vector_int_stack_depth, vector_int_yank, vector_int_yank_dup, vector_int_shove, vector_int_shove_dup, vector_int_is_empty, exec_pop, exec_dup, exec_dup_times, exec_swap, exec_rot, exec_flush, exec_eq, exec_stack_depth, exec_yank, exec_yank_dup, exec_shove, exec_shove_dup, exec_is_empty
Literals:
[Literal(value=0, push_type=<pyshgp.push.types.PushIntType object at 0x7f7e8bc7e760>), Literal(value=1, push_type=<pyshgp.push.types.PushIntType object at 0x7f7e8bc7e760>), Literal(value=2, push_type=<pyshgp.push.types.PushIntType object at 0x7f7e8bc7e760>)]
ERC Generators:
[<function rand_int at 0x7f7e4dd92790>]
========================================
Start Run
========================================
2021-12-23 09:47:13.151305 | GENERATION: 1 | ERRORS: best=2015.0, median=200000000.0, diversity=0.1 | INDIVIDUALS: n=200, avg_genome_length=122.52 | VIRUSES: gene_rate=0.000
2021-12-23 09:47:24.879838 | GENERATION: 2 | ERRORS: best=1963.0, median=2159.0, diversity=0.12 | INDIVIDUALS: n=200, avg_genome_length=131.255 | VIRUSES: gene_rate=0.003
2021-12-23 09:47:31.424727 | GENERATION: 3 | ERRORS: best=1959.0, median=2281.0, diversity=0.22 | INDIVIDUALS: n=200, avg_genome_length=123.9 | VIRUSES: gene_rate=0.006
2021-12-23 09:47:39.928301 | GENERATION: 4 | ERRORS: best=1829.0, median=2281.0, diversity=0.285 | INDIVIDUALS: n=200, avg_genome_length=124.01 | VIRUSES: gene_rate=0.010
2021-12-23 09:47:50.393465 | GENERATION: 5 | ERRORS: best=1829.0, median=2558.0, diversity=0.385 | INDIVIDUALS: n=200, avg_genome_length=121.25 | VIRUSES: gene_rate=0.014
2021-12-23 09:48:01.541989 | GENERATION: 6 | ERRORS: best=1799.0, median=2863.0, diversity=0.445 | INDIVIDUALS: n=200, avg_genome_length=119.545 | VIRUSES: gene_rate=0.018
2021-12-23 09:48:26.029454 | GENERATION: 7 | ERRORS: best=1761.0, median=2951.0, diversity=0.51 | INDIVIDUALS: n=200, avg_genome_length=117.55 | VIRUSES: gene_rate=0.024
2021-12-23 09:48:37.126675 | GENERATION: 8 | ERRORS: best=1719.0, median=2601.0, diversity=0.47 | INDIVIDUALS: n=200, avg_genome_length=116.18 | VIRUSES: gene_rate=0.023
2021-12-23 09:48:49.973589 | GENERATION: 9 | ERRORS: best=1719.0, median=3410.0, diversity=0.545 | INDIVIDUALS: n=200, avg_genome_length=115.94 | VIRUSES: gene_rate=0.029
2021-12-23 09:49:01.699162 | GENERATION: 10 | ERRORS: best=1833.0, median=3029.0, diversity=0.595 | INDIVIDUALS: n=200, avg_genome_length=116.645 | VIRUSES: gene_rate=0.031
2021-12-23 09:49:14.482945 | GENERATION: 11 | ERRORS: best=1959.0, median=3285.0, diversity=0.59 | INDIVIDUALS: n=200, avg_genome_length=116.89 | VIRUSES: gene_rate=0.034
2021-12-23 09:49:28.408620 | GENERATION: 12 | ERRORS: best=1959.0, median=3563.5, diversity=0.635 | INDIVIDUALS: n=200, avg_genome_length=114.59 | VIRUSES: gene_rate=0.042
2021-12-23 09:49:45.089020 | GENERATION: 13 | ERRORS: best=1959.0, median=6029.0, diversity=0.625 | INDIVIDUALS: n=200, avg_genome_length=115.18 | VIRUSES: gene_rate=0.050
2021-12-23 09:50:01.442497 | GENERATION: 14 | ERRORS: best=1950.0, median=79458.5, diversity=0.65 | INDIVIDUALS: n=200, avg_genome_length=113.635 | VIRUSES: gene_rate=0.054
2021-12-23 09:50:18.136738 | GENERATION: 15 | ERRORS: best=1592.0, median=16198.5, diversity=0.68 | INDIVIDUALS: n=200, avg_genome_length=113.47 | VIRUSES: gene_rate=0.055
2021-12-23 09:50:33.453443 | GENERATION: 16 | ERRORS: best=1524.0, median=5158.0, diversity=0.68 | INDIVIDUALS: n=200, avg_genome_length=111.45 | VIRUSES: gene_rate=0.055
2021-12-23 09:50:48.923517 | GENERATION: 17 | ERRORS: best=1599.0, median=4663.0, diversity=0.685 | INDIVIDUALS: n=200, avg_genome_length=110.69 | VIRUSES: gene_rate=0.058
2021-12-23 09:51:04.948539 | GENERATION: 18 | ERRORS: best=1524.0, median=6219.0, diversity=0.735 | INDIVIDUALS: n=200, avg_genome_length=110.255 | VIRUSES: gene_rate=0.061
2021-12-23 09:51:24.805843 | GENERATION: 19 | ERRORS: best=1507.0, median=18879.0, diversity=0.79 | INDIVIDUALS: n=200, avg_genome_length=108.08 | VIRUSES: gene_rate=0.059
2021-12-23 09:51:45.515020 | GENERATION: 20 | ERRORS: best=1507.0, median=30336.0, diversity=0.81 | INDIVIDUALS: n=200, avg_genome_length=104.92 | VIRUSES: gene_rate=0.059
2021-12-23 09:52:05.268005 | GENERATION: 21 | ERRORS: best=1507.0, median=21693.5, diversity=0.82 | INDIVIDUALS: n=200, avg_genome_length=101.78 | VIRUSES: gene_rate=0.062
2021-12-23 09:52:24.215286 | GENERATION: 22 | ERRORS: best=1507.0, median=9330.5, diversity=0.765 | INDIVIDUALS: n=200, avg_genome_length=99.655 | VIRUSES: gene_rate=0.061
2021-12-23 09:53:28.394321 | GENERATION: 23 | ERRORS: best=1507.0, median=10451.0, diversity=0.74 | INDIVIDUALS: n=200, avg_genome_length=99.6 | VIRUSES: gene_rate=0.065
2021-12-23 09:53:46.605529 | GENERATION: 24 | ERRORS: best=1501.0, median=7643.5, diversity=0.695 | INDIVIDUALS: n=200, avg_genome_length=102.365 | VIRUSES: gene_rate=0.068
2021-12-23 09:54:03.803192 | GENERATION: 25 | ERRORS: best=1512.0, median=12802.0, diversity=0.735 | INDIVIDUALS: n=200, avg_genome_length=102.715 | VIRUSES: gene_rate=0.072
2021-12-23 09:54:21.386372 | GENERATION: 26 | ERRORS: best=1512.0, median=1001787.0, diversity=0.75 | INDIVIDUALS: n=200, avg_genome_length=100.38 | VIRUSES: gene_rate=0.078
2021-12-23 09:54:38.859700 | GENERATION: 27 | ERRORS: best=1513.0, median=1002114.0, diversity=0.75 | INDIVIDUALS: n=200, avg_genome_length=98.41 | VIRUSES: gene_rate=0.084
2021-12-23 09:54:54.456723 | GENERATION: 28 | ERRORS: best=1512.0, median=25809.0, diversity=0.76 | INDIVIDUALS: n=200, avg_genome_length=96.105 | VIRUSES: gene_rate=0.088
2021-12-23 09:55:08.321215 | GENERATION: 29 | ERRORS: best=1486.0, median=83598.0, diversity=0.74 | INDIVIDUALS: n=200, avg_genome_length=94.215 | VIRUSES: gene_rate=0.094
2021-12-23 09:55:22.913988 | GENERATION: 30 | ERRORS: best=1508.0, median=15326.5, diversity=0.67 | INDIVIDUALS: n=200, avg_genome_length=92.375 | VIRUSES: gene_rate=0.093
2021-12-23 09:55:39.863778 | GENERATION: 31 | ERRORS: best=1512.0, median=16325.5, diversity=0.75 | INDIVIDUALS: n=200, avg_genome_length=90.95 | VIRUSES: gene_rate=0.091
2021-12-23 09:55:55.527264 | GENERATION: 32 | ERRORS: best=1512.0, median=3080.5, diversity=0.68 | INDIVIDUALS: n=200, avg_genome_length=89.825 | VIRUSES: gene_rate=0.093
2021-12-23 09:56:12.504258 | GENERATION: 33 | ERRORS: best=1502.0, median=4287.0, diversity=0.72 | INDIVIDUALS: n=200, avg_genome_length=87.84 | VIRUSES: gene_rate=0.098
2021-12-23 09:56:32.893516 | GENERATION: 34 | ERRORS: best=1502.0, median=4378.5, diversity=0.7 | INDIVIDUALS: n=200, avg_genome_length=85.6 | VIRUSES: gene_rate=0.103
2021-12-23 09:56:49.907098 | GENERATION: 35 | ERRORS: best=1502.0, median=3461.5, diversity=0.765 | INDIVIDUALS: n=200, avg_genome_length=86.09 | VIRUSES: gene_rate=0.099
2021-12-23 09:57:09.871562 | GENERATION: 36 | ERRORS: best=1503.0, median=6913.5, diversity=0.765 | INDIVIDUALS: n=200, avg_genome_length=83.16 | VIRUSES: gene_rate=0.108
2021-12-23 09:57:28.851558 | GENERATION: 37 | ERRORS: best=1503.0, median=8657.0, diversity=0.745 | INDIVIDUALS: n=200, avg_genome_length=83.1 | VIRUSES: gene_rate=0.111
2021-12-23 09:57:45.982142 | GENERATION: 38 | ERRORS: best=1495.0, median=88602.0, diversity=0.8 | INDIVIDUALS: n=200, avg_genome_length=86.35 | VIRUSES: gene_rate=0.107
2021-12-23 09:58:00.595332 | GENERATION: 39 | ERRORS: best=1497.0, median=1001758.5, diversity=0.74 | INDIVIDUALS: n=200, avg_genome_length=84.475 | VIRUSES: gene_rate=0.108
2021-12-23 09:58:14.958944 | GENERATION: 40 | ERRORS: best=1556.0, median=1002012.5, diversity=0.745 | INDIVIDUALS: n=200, avg_genome_length=86.44 | VIRUSES: gene_rate=0.106
2021-12-23 09:58:30.586032 | GENERATION: 41 | ERRORS: best=886.0, median=8894.5, diversity=0.77 | INDIVIDUALS: n=200, avg_genome_length=83.92 | VIRUSES: gene_rate=0.113
2021-12-23 09:58:44.128531 | GENERATION: 42 | ERRORS: best=870.0, median=3540.5, diversity=0.78 | INDIVIDUALS: n=200, avg_genome_length=82.915 | VIRUSES: gene_rate=0.119
2021-12-23 09:58:57.279194 | GENERATION: 43 | ERRORS: best=870.0, median=540731.5, diversity=0.77 | INDIVIDUALS: n=200, avg_genome_length=84.16 | VIRUSES: gene_rate=0.114
2021-12-23 09:59:08.273796 | GENERATION: 44 | ERRORS: best=870.0, median=3439.5, diversity=0.715 | INDIVIDUALS: n=200, avg_genome_length=83.44 | VIRUSES: gene_rate=0.116
2021-12-23 09:59:18.906657 | GENERATION: 45 | ERRORS: best=870.0, median=5361.5, diversity=0.725 | INDIVIDUALS: n=200, avg_genome_length=81.59 | VIRUSES: gene_rate=0.116
2021-12-23 09:59:30.178620 | GENERATION: 46 | ERRORS: best=854.0, median=20407.0, diversity=0.7 | INDIVIDUALS: n=200, avg_genome_length=78.705 | VIRUSES: gene_rate=0.121
2021-12-23 09:59:40.575502 | GENERATION: 47 | ERRORS: best=869.0, median=2281.0, diversity=0.695 | INDIVIDUALS: n=200, avg_genome_length=77.035 | VIRUSES: gene_rate=0.124
2021-12-23 09:59:51.009977 | GENERATION: 48 | ERRORS: best=862.0, median=541306.5, diversity=0.685 | INDIVIDUALS: n=200, avg_genome_length=76.23 | VIRUSES: gene_rate=0.124
2021-12-23 10:00:02.851290 | GENERATION: 49 | ERRORS: best=882.0, median=2281.0, diversity=0.685 | INDIVIDUALS: n=200, avg_genome_length=76.615 | VIRUSES: gene_rate=0.126
2021-12-23 10:00:15.992444 | GENERATION: 50 | ERRORS: best=882.0, median=3739.0, diversity=0.75 | INDIVIDUALS: n=200, avg_genome_length=78.12 | VIRUSES: gene_rate=0.130
2021-12-23 10:00:25.865580 | GENERATION: 51 | ERRORS: best=882.0, median=2281.0, diversity=0.695 | INDIVIDUALS: n=200, avg_genome_length=77.45 | VIRUSES: gene_rate=0.134
2021-12-23 10:00:36.376548 | GENERATION: 52 | ERRORS: best=882.0, median=3096.0, diversity=0.685 | INDIVIDUALS: n=200, avg_genome_length=74.915 | VIRUSES: gene_rate=0.134
2021-12-23 10:00:46.024634 | GENERATION: 53 | ERRORS: best=907.0, median=2227.5, diversity=0.75 | INDIVIDUALS: n=200, avg_genome_length=73.96 | VIRUSES: gene_rate=0.137
2021-12-23 10:00:56.670773 | GENERATION: 54 | ERRORS: best=907.0, median=2281.0, diversity=0.755 | INDIVIDUALS: n=200, avg_genome_length=75.25 | VIRUSES: gene_rate=0.142
2021-12-23 10:01:08.586966 | GENERATION: 55 | ERRORS: best=889.0, median=3828.0, diversity=0.75 | INDIVIDUALS: n=200, avg_genome_length=73.875 | VIRUSES: gene_rate=0.151
2021-12-23 10:01:22.544292 | GENERATION: 56 | ERRORS: best=889.0, median=5210.5, diversity=0.78 | INDIVIDUALS: n=200, avg_genome_length=75.825 | VIRUSES: gene_rate=0.150
2021-12-23 10:01:35.471521 | GENERATION: 57 | ERRORS: best=881.0, median=2281.0, diversity=0.75 | INDIVIDUALS: n=200, avg_genome_length=74.33 | VIRUSES: gene_rate=0.155
2021-12-23 10:01:47.718513 | GENERATION: 58 | ERRORS: best=881.0, median=2183.5, diversity=0.685 | INDIVIDUALS: n=200, avg_genome_length=67.59 | VIRUSES: gene_rate=0.156
2021-12-23 10:02:01.481656 | GENERATION: 59 | ERRORS: best=876.0, median=2159.0, diversity=0.745 | INDIVIDUALS: n=200, avg_genome_length=71.08 | VIRUSES: gene_rate=0.164
2021-12-23 10:02:16.116619 | GENERATION: 60 | ERRORS: best=876.0, median=2195.5, diversity=0.75 | INDIVIDUALS: n=200, avg_genome_length=69.395 | VIRUSES: gene_rate=0.171
2021-12-23 10:02:28.820508 | GENERATION: 61 | ERRORS: best=885.0, median=2173.0, diversity=0.775 | INDIVIDUALS: n=200, avg_genome_length=68.925 | VIRUSES: gene_rate=0.161
2021-12-23 10:02:40.759242 | GENERATION: 62 | ERRORS: best=897.0, median=2281.0, diversity=0.695 | INDIVIDUALS: n=200, avg_genome_length=70.625 | VIRUSES: gene_rate=0.166
2021-12-23 10:02:52.507150 | GENERATION: 63 | ERRORS: best=904.0, median=2159.0, diversity=0.675 | INDIVIDUALS: n=200, avg_genome_length=65.515 | VIRUSES: gene_rate=0.168
2021-12-23 10:03:03.933786 | GENERATION: 64 | ERRORS: best=903.0, median=2187.5, diversity=0.69 | INDIVIDUALS: n=200, avg_genome_length=67.765 | VIRUSES: gene_rate=0.170
2021-12-23 10:03:17.322985 | GENERATION: 65 | ERRORS: best=910.0, median=2171.0, diversity=0.79 | INDIVIDUALS: n=200, avg_genome_length=68.405 | VIRUSES: gene_rate=0.179
2021-12-23 10:03:29.881476 | GENERATION: 66 | ERRORS: best=907.0, median=2159.0, diversity=0.755 | INDIVIDUALS: n=200, avg_genome_length=66.575 | VIRUSES: gene_rate=0.178
2021-12-23 10:03:41.114705 | GENERATION: 67 | ERRORS: best=900.0, median=2159.0, diversity=0.725 | INDIVIDUALS: n=200, avg_genome_length=67.41 | VIRUSES: gene_rate=0.185
2021-12-23 10:03:53.200266 | GENERATION: 68 | ERRORS: best=900.0, median=2092.0, diversity=0.64 | INDIVIDUALS: n=200, avg_genome_length=66.81 | VIRUSES: gene_rate=0.188
2021-12-23 10:04:07.203435 | GENERATION: 69 | ERRORS: best=900.0, median=2165.0, diversity=0.71 | INDIVIDUALS: n=200, avg_genome_length=70.245 | VIRUSES: gene_rate=0.180
2021-12-23 10:04:20.859836 | GENERATION: 70 | ERRORS: best=900.0, median=2159.0, diversity=0.7 | INDIVIDUALS: n=200, avg_genome_length=68.295 | VIRUSES: gene_rate=0.184
2021-12-23 10:04:33.859596 | GENERATION: 71 | ERRORS: best=900.0, median=2195.5, diversity=0.675 | INDIVIDUALS: n=200, avg_genome_length=69.02 | VIRUSES: gene_rate=0.191
2021-12-23 10:04:46.836211 | GENERATION: 72 | ERRORS: best=905.0, median=2186.5, diversity=0.705 | INDIVIDUALS: n=200, avg_genome_length=70.31 | VIRUSES: gene_rate=0.185
2021-12-23 10:04:59.318616 | GENERATION: 73 | ERRORS: best=895.0, median=2186.5, diversity=0.725 | INDIVIDUALS: n=200, avg_genome_length=68.47 | VIRUSES: gene_rate=0.187
2021-12-23 10:05:10.872996 | GENERATION: 74 | ERRORS: best=862.0, median=2159.0, diversity=0.675 | INDIVIDUALS: n=200, avg_genome_length=64.885 | VIRUSES: gene_rate=0.179
2021-12-23 10:05:21.406650 | GENERATION: 75 | ERRORS: best=861.0, median=2161.0, diversity=0.715 | INDIVIDUALS: n=200, avg_genome_length=64.645 | VIRUSES: gene_rate=0.186
2021-12-23 10:05:30.111471 | GENERATION: 76 | ERRORS: best=841.0, median=2129.0, diversity=0.66 | INDIVIDUALS: n=200, avg_genome_length=61.795 | VIRUSES: gene_rate=0.196
2021-12-23 10:05:39.972085 | GENERATION: 77 | ERRORS: best=839.0, median=2159.0, diversity=0.75 | INDIVIDUALS: n=200, avg_genome_length=65.41 | VIRUSES: gene_rate=0.189
2021-12-23 10:05:51.000103 | GENERATION: 78 | ERRORS: best=837.0, median=2159.5, diversity=0.695 | INDIVIDUALS: n=200, avg_genome_length=66.42 | VIRUSES: gene_rate=0.190
2021-12-23 10:06:01.835715 | GENERATION: 79 | ERRORS: best=832.0, median=2162.0, diversity=0.685 | INDIVIDUALS: n=200, avg_genome_length=67.08 | VIRUSES: gene_rate=0.197
2021-12-23 10:06:12.016239 | GENERATION: 80 | ERRORS: best=832.0, median=2159.0, diversity=0.69 | INDIVIDUALS: n=200, avg_genome_length=64.185 | VIRUSES: gene_rate=0.200
2021-12-23 10:06:31.201306 | GENERATION: 81 | ERRORS: best=832.0, median=2126.5, diversity=0.71 | INDIVIDUALS: n=200, avg_genome_length=64.33 | VIRUSES: gene_rate=0.206
2021-12-23 10:06:40.390437 | GENERATION: 82 | ERRORS: best=861.0, median=2159.0, diversity=0.68 | INDIVIDUALS: n=200, avg_genome_length=62.67 | VIRUSES: gene_rate=0.201
2021-12-23 10:06:49.286303 | GENERATION: 83 | ERRORS: best=863.0, median=2159.0, diversity=0.71 | INDIVIDUALS: n=200, avg_genome_length=61.7 | VIRUSES: gene_rate=0.194
2021-12-23 10:06:59.305048 | GENERATION: 84 | ERRORS: best=837.0, median=2159.0, diversity=0.72 | INDIVIDUALS: n=200, avg_genome_length=60.545 | VIRUSES: gene_rate=0.191
2021-12-23 10:07:07.278265 | GENERATION: 85 | ERRORS: best=830.0, median=2257.5, diversity=0.73 | INDIVIDUALS: n=200, avg_genome_length=61.22 | VIRUSES: gene_rate=0.195
2021-12-23 10:07:17.079875 | GENERATION: 86 | ERRORS: best=830.0, median=2281.0, diversity=0.72 | INDIVIDUALS: n=200, avg_genome_length=60.09 | VIRUSES: gene_rate=0.189
2021-12-23 10:07:28.336475 | GENERATION: 87 | ERRORS: best=830.0, median=2172.0, diversity=0.68 | INDIVIDUALS: n=200, avg_genome_length=62.805 | VIRUSES: gene_rate=0.203
2021-12-23 10:07:38.163900 | GENERATION: 88 | ERRORS: best=830.0, median=2159.5, diversity=0.68 | INDIVIDUALS: n=200, avg_genome_length=58.305 | VIRUSES: gene_rate=0.210
2021-12-23 10:07:48.286917 | GENERATION: 89 | ERRORS: best=829.0, median=2159.0, diversity=0.765 | INDIVIDUALS: n=200, avg_genome_length=60.615 | VIRUSES: gene_rate=0.198
2021-12-23 10:07:59.660549 | GENERATION: 90 | ERRORS: best=829.0, median=2175.0, diversity=0.735 | INDIVIDUALS: n=200, avg_genome_length=61.935 | VIRUSES: gene_rate=0.206
2021-12-23 10:08:10.214645 | GENERATION: 91 | ERRORS: best=840.0, median=2269.5, diversity=0.735 | INDIVIDUALS: n=200, avg_genome_length=63.68 | VIRUSES: gene_rate=0.210
2021-12-23 10:08:22.031745 | GENERATION: 92 | ERRORS: best=857.0, median=2159.0, diversity=0.695 | INDIVIDUALS: n=200, avg_genome_length=63.395 | VIRUSES: gene_rate=0.208
2021-12-23 10:08:32.437379 | GENERATION: 93 | ERRORS: best=861.0, median=2281.0, diversity=0.74 | INDIVIDUALS: n=200, avg_genome_length=62.155 | VIRUSES: gene_rate=0.214
2021-12-23 10:08:43.888230 | GENERATION: 94 | ERRORS: best=852.0, median=2281.0, diversity=0.745 | INDIVIDUALS: n=200, avg_genome_length=62.1 | VIRUSES: gene_rate=0.211
2021-12-23 10:08:55.558171 | GENERATION: 95 | ERRORS: best=893.0, median=2281.0, diversity=0.715 | INDIVIDUALS: n=200, avg_genome_length=63.745 | VIRUSES: gene_rate=0.223
2021-12-23 10:09:09.291939 | GENERATION: 96 | ERRORS: best=893.0, median=2209.0, diversity=0.75 | INDIVIDUALS: n=200, avg_genome_length=64.37 | VIRUSES: gene_rate=0.221
2021-12-23 10:09:23.296831 | GENERATION: 97 | ERRORS: best=871.0, median=2182.5, diversity=0.795 | INDIVIDUALS: n=200, avg_genome_length=64.43 | VIRUSES: gene_rate=0.217
2021-12-23 10:09:37.892570 | GENERATION: 98 | ERRORS: best=869.0, median=2212.5, diversity=0.76 | INDIVIDUALS: n=200, avg_genome_length=59.17 | VIRUSES: gene_rate=0.217
2021-12-23 10:09:50.801363 | GENERATION: 99 | ERRORS: best=868.0, median=2282.5, diversity=0.745 | INDIVIDUALS: n=200, avg_genome_length=62.33 | VIRUSES: gene_rate=0.219
2021-12-23 10:10:02.636728 | GENERATION: 100 | ERRORS: best=929.0, median=2159.0, diversity=0.675 | INDIVIDUALS: n=200, avg_genome_length=61.55 | VIRUSES: gene_rate=0.219
2021-12-23 10:10:16.001636 | GENERATION: 101 | ERRORS: best=71.0, median=2159.0, diversity=0.72 | INDIVIDUALS: n=200, avg_genome_length=62.215 | VIRUSES: gene_rate=0.224
2021-12-23 10:10:34.202605 | GENERATION: 102 | ERRORS: best=71.0, median=2244.5, diversity=0.685 | INDIVIDUALS: n=200, avg_genome_length=58.27 | VIRUSES: gene_rate=0.206
2021-12-23 10:10:52.488449 | GENERATION: 103 | ERRORS: best=71.0, median=2282.0, diversity=0.64 | INDIVIDUALS: n=200, avg_genome_length=53.22 | VIRUSES: gene_rate=0.192
2021-12-23 10:11:12.037335 | GENERATION: 104 | ERRORS: best=71.0, median=2284.0, diversity=0.655 | INDIVIDUALS: n=200, avg_genome_length=51.66 | VIRUSES: gene_rate=0.199
Simplifying genome of length 48 with total error 0.0.
Simplified genome by 3 to length 45.
Simplified genome by 3 to length 42.
Simplified genome by 2 to length 40.
Simplified genome by 2 to length 38.
Simplified genome by 1 to length 37.
Simplified genome by 2 to length 35.
Simplified genome by 1 to length 34.
Simplified genome by 3 to length 31.
Simplified genome by 1 to length 30.
Simplified genome by 1 to length 29.
Simplified genome by 1 to length 28.
Simplified genome by 1 to length 27.
Simplified genome by 2 to length 25.
Simplified genome by 2 to length 23.
Simplified genome by 1 to length 22.
Simplified genome by 1 to length 21.
Simplified genome by 1 to length 20.
Simplified genome by 1 to length 19.
Simplified genome by 1 to length 18.
Simplified genome by 1 to length 17.
Simplified genome by 2 to length 15.
Simplified genome by 2 to length 13.
Simplified genome by 2 to length 11.
Simplified genome by 1 to length 10.
Simplified genome to length 10 and total error 0.0.
========================================
End Run
========================================
Solution found.
Best Seen Individual
	Genome:
	 pvector([VirusInput(input_index=0), VirusInstructionMeta(name='vector_int_iterate', code_blocks=1), InstructionMeta(name='exec_eq', code_blocks=0), InstructionMeta(name='vector_int_yank', code_blocks=0), InstructionMeta(name='int_mod', code_blocks=0), VirusLiteral(value=2, push_type=<pyshgp.push.types.PushIntType object at 0x7f7e4d8d9e80>), VirusInstructionMeta(name='int_mod', code_blocks=0), InstructionMeta(name='bool_dup_times', code_blocks=0), Closer(), InstructionMeta(name='bool_stack_depth', code_blocks=0)])
	Program:
	 (vinput_0 vvector_int_iterate (exec_eq vector_int_yank int_mod v2 vint_mod bool_dup_times) bool_stack_depth)
	Error vector:
	 [0. 0. 0. 0. 0. 0. 0. 0. 0. 0. 0. 0. 0. 0. 0. 0. 0. 0. 0. 0. 0. 0. 0. 0.
 0. 0. 0. 0. 0. 0. 0. 0. 0. 0. 0. 0. 0. 0. 0. 0. 0. 0. 0. 0. 0. 0. 0. 0.
 0. 0. 0. 0. 0. 0. 0. 0. 0. 0. 0. 0. 0. 0. 0. 0. 0. 0. 0. 0. 0. 0. 0. 0.
 0. 0. 0. 0. 0. 0. 0. 0. 0. 0. 0. 0. 0. 0. 0. 0. 0. 0. 0. 0. 0. 0. 0. 0.
 0. 0. 0. 0. 0. 0. 0. 0. 0. 0. 0. 0. 0. 0. 0. 0. 0. 0. 0. 0. 0. 0. 0. 0.
 0. 0. 0. 0. 0. 0. 0. 0. 0. 0. 0. 0. 0. 0. 0. 0. 0. 0. 0. 0. 0. 0. 0. 0.
 0. 0. 0. 0. 0. 0. 0. 0. 0. 0. 0. 0. 0. 0. 0. 0. 0. 0. 0. 0. 0. 0. 0. 0.
 0. 0. 0. 0. 0. 0. 0. 0. 0. 0. 0. 0. 0. 0. 0. 0. 0. 0. 0. 0. 0. 0. 0. 0.
 0. 0. 0. 0. 0. 0. 0. 0.]
	Total error:
	 0.0
	Test error:
	 0.0
	Time:
	 00:31:04
