Included 32 edge cases.
Included 168 random cases.
Included 200 cases in total.
Finished formatting.
Included 0 edge cases.
Included 2000 random cases.
Included 2000 cases in total.
Finished formatting.
========================================
Setup
========================================
Search Configuration:
signature: ProgramSignature(output_stacks=['int'], push_config=PushConfig(growth_cap=500, step_limit=1500, collection_size_cap=1000, runtime_limit=10, numeric_magnitude_limit=1000000000000.0), arity=1)
evaluator: <pyshgp.gp.evaluation.DatasetEvaluator object at 0x7f0ac6450a00>
spawner: <pyshgp.gp.genome.GeneSpawner object at 0x7f0b0552bb50>
population_size: 200
max_generations: 300
error_threshold: 0.0
initial_genome_size: (50, 250)
simplification_steps: 500
parallel_context: <pyshgp.gp.search.ParallelContext object at 0x7f0ac64508b0>
selection: <pyshgp.utils.DiscreteProbDistrib object at 0x7f0ac7429b00>
variation: <pyshgp.utils.DiscreteProbDistrib object at 0x7f0ac7429940>
Instructions:
int_add, int_sub, int_mult, int_div, int_mod, int_min, int_max, int_inc, int_dec, int_lt, int_lte, int_gt, int_gte, int_from_bool, bool_and, bool_or, bool_not, bool_xor, bool_invert_first_then_and, bool_second_first_then_and, bool_from_int, noop, noop_open, exec_do_range, exec_do_count, exec_while, exec_do_while, exec_if, exec_when, vector_int_concat, vector_int_conj, vector_int_take, vector_int_subvec, vector_int_first, vector_int_last, vector_int_nth, vector_int_rest, vector_int_but_last, vector_int_length, vector_int_reverse, vector_int_push_all, vector_int_empty_vector, vector_int_contains, vector_int_index_of, vector_int_occurrences_of, vector_int_set_nth, vector_int_replace, vector_int_replace_first, vector_int_remove, vector_int_iterate, print_bool, println_bool, print_int, println_int, print_vector_int, println_vector_int, print_exec, println_exec, bool_pop, bool_dup, bool_dup_times, bool_swap, bool_rot, bool_flush, bool_eq, bool_stack_depth, bool_yank, bool_yank_dup, bool_shove, bool_shove_dup, bool_is_empty, int_pop, int_dup, int_dup_times, int_swap, int_rot, int_flush, int_eq, int_stack_depth, int_yank, int_yank_dup, int_shove, int_shove_dup, int_is_empty, vector_int_pop, vector_int_dup, vector_int_dup_times, vector_int_swap, vector_int_rot, vector_int_flush, vector_int_eq, vector_int_stack_depth, vector_int_yank, vector_int_yank_dup, vector_int_shove, vector_int_shove_dup, vector_int_is_empty, exec_pop, exec_dup, exec_dup_times, exec_swap, exec_rot, exec_flush, exec_eq, exec_stack_depth, exec_yank, exec_yank_dup, exec_shove, exec_shove_dup, exec_is_empty
Literals:
[Literal(value=0, push_type=<pyshgp.push.types.PushIntType object at 0x7f0b055e6700>), Literal(value=1, push_type=<pyshgp.push.types.PushIntType object at 0x7f0b055e6700>), Literal(value=2, push_type=<pyshgp.push.types.PushIntType object at 0x7f0b055e6700>)]
ERC Generators:
[<function rand_int at 0x7f0ac7737820>]
========================================
Start Run
========================================
2021-12-22 08:49:55.980592 | GENERATION: 1 | ERRORS: best=2155.0, median=115622705.0, diversity=0.145 | INDIVIDUALS: n=200, avg_genome_length=163.535 | VIRUSES: gene_rate=0.000
2021-12-22 08:50:02.832577 | GENERATION: 2 | ERRORS: best=1989.0, median=2155.0, diversity=0.1 | INDIVIDUALS: n=200, avg_genome_length=185.935 | VIRUSES: gene_rate=0.000
2021-12-22 08:50:16.438987 | GENERATION: 3 | ERRORS: best=1887.0, median=2295.0, diversity=0.34 | INDIVIDUALS: n=200, avg_genome_length=161.07 | VIRUSES: gene_rate=0.000
2021-12-22 08:50:35.595635 | GENERATION: 4 | ERRORS: best=1816.0, median=16741.0, diversity=0.61 | INDIVIDUALS: n=200, avg_genome_length=138.13 | VIRUSES: gene_rate=0.000
2021-12-22 08:50:55.969218 | GENERATION: 5 | ERRORS: best=1816.0, median=4462.0, diversity=0.59 | INDIVIDUALS: n=200, avg_genome_length=134.115 | VIRUSES: gene_rate=0.000
2021-12-22 08:51:13.167578 | GENERATION: 6 | ERRORS: best=1395.0, median=2295.0, diversity=0.59 | INDIVIDUALS: n=200, avg_genome_length=135.665 | VIRUSES: gene_rate=0.000
2021-12-22 08:51:28.264288 | GENERATION: 7 | ERRORS: best=1395.0, median=2295.0, diversity=0.56 | INDIVIDUALS: n=200, avg_genome_length=136.995 | VIRUSES: gene_rate=0.000
2021-12-22 08:51:45.177799 | GENERATION: 8 | ERRORS: best=1395.0, median=2255.0, diversity=0.66 | INDIVIDUALS: n=200, avg_genome_length=126.05 | VIRUSES: gene_rate=0.000
2021-12-22 08:52:00.292126 | GENERATION: 9 | ERRORS: best=1395.0, median=2765.0, diversity=0.655 | INDIVIDUALS: n=200, avg_genome_length=124.715 | VIRUSES: gene_rate=0.000
2021-12-22 08:52:14.586674 | GENERATION: 10 | ERRORS: best=1395.0, median=2295.0, diversity=0.635 | INDIVIDUALS: n=200, avg_genome_length=117.265 | VIRUSES: gene_rate=0.000
2021-12-22 08:52:29.241813 | GENERATION: 11 | ERRORS: best=1395.0, median=2166.5, diversity=0.72 | INDIVIDUALS: n=200, avg_genome_length=113.33 | VIRUSES: gene_rate=0.000
2021-12-22 08:52:42.330889 | GENERATION: 12 | ERRORS: best=1395.0, median=2282.5, diversity=0.715 | INDIVIDUALS: n=200, avg_genome_length=112.91 | VIRUSES: gene_rate=0.000
2021-12-22 08:52:56.636084 | GENERATION: 13 | ERRORS: best=1395.0, median=2286.0, diversity=0.72 | INDIVIDUALS: n=200, avg_genome_length=113.845 | VIRUSES: gene_rate=0.000
2021-12-22 08:53:09.235114 | GENERATION: 14 | ERRORS: best=1395.0, median=2155.0, diversity=0.695 | INDIVIDUALS: n=200, avg_genome_length=111.71 | VIRUSES: gene_rate=0.000
2021-12-22 08:53:22.192018 | GENERATION: 15 | ERRORS: best=1395.0, median=2295.0, diversity=0.735 | INDIVIDUALS: n=200, avg_genome_length=112.765 | VIRUSES: gene_rate=0.000
2021-12-22 08:53:36.107036 | GENERATION: 16 | ERRORS: best=1395.0, median=2295.0, diversity=0.705 | INDIVIDUALS: n=200, avg_genome_length=113.195 | VIRUSES: gene_rate=0.000
2021-12-22 08:53:50.418388 | GENERATION: 17 | ERRORS: best=1395.0, median=2155.0, diversity=0.66 | INDIVIDUALS: n=200, avg_genome_length=112.47 | VIRUSES: gene_rate=0.000
2021-12-22 08:54:05.798710 | GENERATION: 18 | ERRORS: best=1395.0, median=2295.0, diversity=0.695 | INDIVIDUALS: n=200, avg_genome_length=111.195 | VIRUSES: gene_rate=0.000
2021-12-22 08:54:19.042929 | GENERATION: 19 | ERRORS: best=1395.0, median=2155.5, diversity=0.745 | INDIVIDUALS: n=200, avg_genome_length=110.59 | VIRUSES: gene_rate=0.000
2021-12-22 08:54:31.490529 | GENERATION: 20 | ERRORS: best=1395.0, median=2157.0, diversity=0.69 | INDIVIDUALS: n=200, avg_genome_length=110.095 | VIRUSES: gene_rate=0.000
2021-12-22 08:54:44.172118 | GENERATION: 21 | ERRORS: best=1395.0, median=2220.0, diversity=0.715 | INDIVIDUALS: n=200, avg_genome_length=108.1 | VIRUSES: gene_rate=0.000
2021-12-22 08:54:57.847850 | GENERATION: 22 | ERRORS: best=1395.0, median=2155.0, diversity=0.745 | INDIVIDUALS: n=200, avg_genome_length=107.975 | VIRUSES: gene_rate=0.000
2021-12-22 08:55:10.741656 | GENERATION: 23 | ERRORS: best=1462.0, median=2164.5, diversity=0.745 | INDIVIDUALS: n=200, avg_genome_length=108.975 | VIRUSES: gene_rate=0.000
2021-12-22 08:55:23.046628 | GENERATION: 24 | ERRORS: best=1410.0, median=2155.0, diversity=0.76 | INDIVIDUALS: n=200, avg_genome_length=109.47 | VIRUSES: gene_rate=0.000
2021-12-22 08:55:39.329320 | GENERATION: 25 | ERRORS: best=1440.0, median=2155.0, diversity=0.78 | INDIVIDUALS: n=200, avg_genome_length=107.57 | VIRUSES: gene_rate=0.000
2021-12-22 08:55:50.811324 | GENERATION: 26 | ERRORS: best=1401.0, median=2155.0, diversity=0.75 | INDIVIDUALS: n=200, avg_genome_length=104.535 | VIRUSES: gene_rate=0.000
2021-12-22 08:56:01.234935 | GENERATION: 27 | ERRORS: best=1401.0, median=2082.0, diversity=0.72 | INDIVIDUALS: n=200, avg_genome_length=102.625 | VIRUSES: gene_rate=0.000
2021-12-22 08:56:11.963119 | GENERATION: 28 | ERRORS: best=1401.0, median=2084.0, diversity=0.755 | INDIVIDUALS: n=200, avg_genome_length=100.46 | VIRUSES: gene_rate=0.000
2021-12-22 08:56:22.981370 | GENERATION: 29 | ERRORS: best=1401.0, median=2130.5, diversity=0.69 | INDIVIDUALS: n=200, avg_genome_length=98.07 | VIRUSES: gene_rate=0.000
2021-12-22 08:56:34.577305 | GENERATION: 30 | ERRORS: best=1440.0, median=2217.5, diversity=0.71 | INDIVIDUALS: n=200, avg_genome_length=100.045 | VIRUSES: gene_rate=0.000
2021-12-22 08:56:44.750105 | GENERATION: 31 | ERRORS: best=1371.0, median=2084.0, diversity=0.68 | INDIVIDUALS: n=200, avg_genome_length=99.775 | VIRUSES: gene_rate=0.000
2021-12-22 08:56:55.687591 | GENERATION: 32 | ERRORS: best=1362.0, median=2086.5, diversity=0.73 | INDIVIDUALS: n=200, avg_genome_length=101.215 | VIRUSES: gene_rate=0.000
2021-12-22 08:57:05.866825 | GENERATION: 33 | ERRORS: best=1440.0, median=2155.0, diversity=0.745 | INDIVIDUALS: n=200, avg_genome_length=100.155 | VIRUSES: gene_rate=0.000
2021-12-22 08:57:15.566769 | GENERATION: 34 | ERRORS: best=1436.0, median=2060.5, diversity=0.67 | INDIVIDUALS: n=200, avg_genome_length=99.325 | VIRUSES: gene_rate=0.000
2021-12-22 08:57:26.761779 | GENERATION: 35 | ERRORS: best=1436.0, median=2057.0, diversity=0.74 | INDIVIDUALS: n=200, avg_genome_length=98.34 | VIRUSES: gene_rate=0.000
2021-12-22 08:57:37.083369 | GENERATION: 36 | ERRORS: best=1436.0, median=1937.0, diversity=0.74 | INDIVIDUALS: n=200, avg_genome_length=96.895 | VIRUSES: gene_rate=0.000
2021-12-22 08:58:04.507673 | GENERATION: 37 | ERRORS: best=1436.0, median=2002.0, diversity=0.74 | INDIVIDUALS: n=200, avg_genome_length=96.415 | VIRUSES: gene_rate=0.000
2021-12-22 08:58:16.967415 | GENERATION: 38 | ERRORS: best=1436.0, median=2082.5, diversity=0.77 | INDIVIDUALS: n=200, avg_genome_length=95.105 | VIRUSES: gene_rate=0.000
2021-12-22 08:58:28.159903 | GENERATION: 39 | ERRORS: best=1442.0, median=2059.5, diversity=0.7 | INDIVIDUALS: n=200, avg_genome_length=94.52 | VIRUSES: gene_rate=0.000
2021-12-22 08:58:38.896928 | GENERATION: 40 | ERRORS: best=1424.0, median=2083.0, diversity=0.735 | INDIVIDUALS: n=200, avg_genome_length=93.12 | VIRUSES: gene_rate=0.000
2021-12-22 08:58:49.073024 | GENERATION: 41 | ERRORS: best=1424.0, median=2077.5, diversity=0.72 | INDIVIDUALS: n=200, avg_genome_length=92.715 | VIRUSES: gene_rate=0.000
2021-12-22 08:58:58.196847 | GENERATION: 42 | ERRORS: best=1440.0, median=2031.5, diversity=0.73 | INDIVIDUALS: n=200, avg_genome_length=92.825 | VIRUSES: gene_rate=0.000
2021-12-22 08:59:08.502980 | GENERATION: 43 | ERRORS: best=1440.0, median=2068.5, diversity=0.72 | INDIVIDUALS: n=200, avg_genome_length=93.3 | VIRUSES: gene_rate=0.000
2021-12-22 08:59:20.594732 | GENERATION: 44 | ERRORS: best=1400.0, median=2137.5, diversity=0.765 | INDIVIDUALS: n=200, avg_genome_length=94.655 | VIRUSES: gene_rate=0.000
2021-12-22 08:59:49.508223 | GENERATION: 45 | ERRORS: best=1354.0, median=2094.5, diversity=0.695 | INDIVIDUALS: n=200, avg_genome_length=94.64 | VIRUSES: gene_rate=0.000
2021-12-22 09:00:00.952137 | GENERATION: 46 | ERRORS: best=1349.0, median=2083.0, diversity=0.725 | INDIVIDUALS: n=200, avg_genome_length=95.115 | VIRUSES: gene_rate=0.000
2021-12-22 09:00:13.937516 | GENERATION: 47 | ERRORS: best=1342.0, median=2154.0, diversity=0.77 | INDIVIDUALS: n=200, avg_genome_length=96.335 | VIRUSES: gene_rate=0.000
2021-12-22 09:00:25.069566 | GENERATION: 48 | ERRORS: best=1338.0, median=2246.0, diversity=0.71 | INDIVIDUALS: n=200, avg_genome_length=94.47 | VIRUSES: gene_rate=0.000
2021-12-22 09:00:35.292430 | GENERATION: 49 | ERRORS: best=1498.0, median=2155.0, diversity=0.715 | INDIVIDUALS: n=200, avg_genome_length=94.615 | VIRUSES: gene_rate=0.000
2021-12-22 09:00:46.517493 | GENERATION: 50 | ERRORS: best=1503.0, median=2104.5, diversity=0.705 | INDIVIDUALS: n=200, avg_genome_length=93.7 | VIRUSES: gene_rate=0.000
2021-12-22 09:00:57.169571 | GENERATION: 51 | ERRORS: best=1473.0, median=2155.0, diversity=0.725 | INDIVIDUALS: n=200, avg_genome_length=93.425 | VIRUSES: gene_rate=0.000
2021-12-22 09:01:05.079499 | GENERATION: 52 | ERRORS: best=1497.0, median=2057.0, diversity=0.65 | INDIVIDUALS: n=200, avg_genome_length=92.195 | VIRUSES: gene_rate=0.000
2021-12-22 09:01:14.166516 | GENERATION: 53 | ERRORS: best=1450.0, median=2083.0, diversity=0.745 | INDIVIDUALS: n=200, avg_genome_length=91.63 | VIRUSES: gene_rate=0.000
2021-12-22 09:01:23.656847 | GENERATION: 54 | ERRORS: best=1447.0, median=2083.0, diversity=0.705 | INDIVIDUALS: n=200, avg_genome_length=92.2 | VIRUSES: gene_rate=0.000
2021-12-22 09:01:36.035497 | GENERATION: 55 | ERRORS: best=1456.0, median=2155.0, diversity=0.73 | INDIVIDUALS: n=200, avg_genome_length=91.42 | VIRUSES: gene_rate=0.000
2021-12-22 09:01:47.128876 | GENERATION: 56 | ERRORS: best=1378.0, median=2119.0, diversity=0.73 | INDIVIDUALS: n=200, avg_genome_length=90.95 | VIRUSES: gene_rate=0.000
2021-12-22 09:01:59.747330 | GENERATION: 57 | ERRORS: best=1378.0, median=2155.0, diversity=0.71 | INDIVIDUALS: n=200, avg_genome_length=92.99 | VIRUSES: gene_rate=0.000
2021-12-22 09:02:11.506392 | GENERATION: 58 | ERRORS: best=1378.0, median=2083.0, diversity=0.745 | INDIVIDUALS: n=200, avg_genome_length=90.705 | VIRUSES: gene_rate=0.000
2021-12-22 09:02:22.755567 | GENERATION: 59 | ERRORS: best=1378.0, median=2115.0, diversity=0.76 | INDIVIDUALS: n=200, avg_genome_length=88.965 | VIRUSES: gene_rate=0.000
2021-12-22 09:02:34.094532 | GENERATION: 60 | ERRORS: best=1378.0, median=2083.0, diversity=0.72 | INDIVIDUALS: n=200, avg_genome_length=88.185 | VIRUSES: gene_rate=0.000
2021-12-22 09:02:45.230187 | GENERATION: 61 | ERRORS: best=1440.0, median=2295.0, diversity=0.685 | INDIVIDUALS: n=200, avg_genome_length=89.75 | VIRUSES: gene_rate=0.000
2021-12-22 09:02:55.935219 | GENERATION: 62 | ERRORS: best=1429.0, median=2082.5, diversity=0.74 | INDIVIDUALS: n=200, avg_genome_length=89.79 | VIRUSES: gene_rate=0.000
2021-12-22 09:03:05.983150 | GENERATION: 63 | ERRORS: best=1438.0, median=2083.0, diversity=0.68 | INDIVIDUALS: n=200, avg_genome_length=86.765 | VIRUSES: gene_rate=0.000
2021-12-22 09:03:17.986287 | GENERATION: 64 | ERRORS: best=1416.0, median=2195.0, diversity=0.72 | INDIVIDUALS: n=200, avg_genome_length=89.165 | VIRUSES: gene_rate=0.000
2021-12-22 09:03:30.414537 | GENERATION: 65 | ERRORS: best=1397.0, median=2154.5, diversity=0.675 | INDIVIDUALS: n=200, avg_genome_length=90.01 | VIRUSES: gene_rate=0.000
2021-12-22 09:03:42.119161 | GENERATION: 66 | ERRORS: best=1379.0, median=2295.0, diversity=0.74 | INDIVIDUALS: n=200, avg_genome_length=88.425 | VIRUSES: gene_rate=0.000
2021-12-22 09:03:52.531393 | GENERATION: 67 | ERRORS: best=1429.0, median=2155.0, diversity=0.745 | INDIVIDUALS: n=200, avg_genome_length=89.145 | VIRUSES: gene_rate=0.000
2021-12-22 09:04:04.502166 | GENERATION: 68 | ERRORS: best=1434.0, median=2083.0, diversity=0.695 | INDIVIDUALS: n=200, avg_genome_length=88.56 | VIRUSES: gene_rate=0.000
2021-12-22 09:04:15.013902 | GENERATION: 69 | ERRORS: best=1408.0, median=2084.5, diversity=0.7 | INDIVIDUALS: n=200, avg_genome_length=87.645 | VIRUSES: gene_rate=0.000
2021-12-22 09:04:28.607229 | GENERATION: 70 | ERRORS: best=1379.0, median=2196.0, diversity=0.72 | INDIVIDUALS: n=200, avg_genome_length=87.015 | VIRUSES: gene_rate=0.000
2021-12-22 09:04:45.844631 | GENERATION: 71 | ERRORS: best=1379.0, median=2155.0, diversity=0.74 | INDIVIDUALS: n=200, avg_genome_length=86.945 | VIRUSES: gene_rate=0.000
2021-12-22 09:04:58.044112 | GENERATION: 72 | ERRORS: best=1399.0, median=2295.0, diversity=0.77 | INDIVIDUALS: n=200, avg_genome_length=84.65 | VIRUSES: gene_rate=0.000
2021-12-22 09:05:08.992966 | GENERATION: 73 | ERRORS: best=1394.0, median=2083.0, diversity=0.715 | INDIVIDUALS: n=200, avg_genome_length=84.205 | VIRUSES: gene_rate=0.000
2021-12-22 09:05:20.549082 | GENERATION: 74 | ERRORS: best=1428.0, median=2083.0, diversity=0.685 | INDIVIDUALS: n=200, avg_genome_length=81.92 | VIRUSES: gene_rate=0.000
2021-12-22 09:05:33.275087 | GENERATION: 75 | ERRORS: best=1420.0, median=2083.0, diversity=0.75 | INDIVIDUALS: n=200, avg_genome_length=83.0 | VIRUSES: gene_rate=0.000
2021-12-22 09:05:45.474019 | GENERATION: 76 | ERRORS: best=1420.0, median=2083.0, diversity=0.715 | INDIVIDUALS: n=200, avg_genome_length=81.855 | VIRUSES: gene_rate=0.000
2021-12-22 09:05:56.569716 | GENERATION: 77 | ERRORS: best=1418.0, median=2244.5, diversity=0.795 | INDIVIDUALS: n=200, avg_genome_length=82.89 | VIRUSES: gene_rate=0.000
2021-12-22 09:06:09.970120 | GENERATION: 78 | ERRORS: best=1387.0, median=2039.5, diversity=0.77 | INDIVIDUALS: n=200, avg_genome_length=83.26 | VIRUSES: gene_rate=0.000
2021-12-22 09:06:21.949644 | GENERATION: 79 | ERRORS: best=1387.0, median=2041.5, diversity=0.73 | INDIVIDUALS: n=200, avg_genome_length=85.03 | VIRUSES: gene_rate=0.000
2021-12-22 09:06:34.461412 | GENERATION: 80 | ERRORS: best=1387.0, median=2155.0, diversity=0.72 | INDIVIDUALS: n=200, avg_genome_length=86.43 | VIRUSES: gene_rate=0.000
2021-12-22 09:06:49.687110 | GENERATION: 81 | ERRORS: best=1387.0, median=2160.0, diversity=0.76 | INDIVIDUALS: n=200, avg_genome_length=82.76 | VIRUSES: gene_rate=0.000
2021-12-22 09:07:00.229209 | GENERATION: 82 | ERRORS: best=1387.0, median=2083.0, diversity=0.71 | INDIVIDUALS: n=200, avg_genome_length=83.9 | VIRUSES: gene_rate=0.000
2021-12-22 09:07:11.994671 | GENERATION: 83 | ERRORS: best=1409.0, median=2295.0, diversity=0.725 | INDIVIDUALS: n=200, avg_genome_length=85.145 | VIRUSES: gene_rate=0.000
2021-12-22 09:07:34.319647 | GENERATION: 84 | ERRORS: best=1379.0, median=2088.5, diversity=0.675 | INDIVIDUALS: n=200, avg_genome_length=85.345 | VIRUSES: gene_rate=0.000
2021-12-22 09:07:44.464704 | GENERATION: 85 | ERRORS: best=1384.0, median=2149.5, diversity=0.765 | INDIVIDUALS: n=200, avg_genome_length=82.885 | VIRUSES: gene_rate=0.000
2021-12-22 09:07:55.779896 | GENERATION: 86 | ERRORS: best=1395.0, median=2154.5, diversity=0.705 | INDIVIDUALS: n=200, avg_genome_length=80.455 | VIRUSES: gene_rate=0.000
2021-12-22 09:08:05.669410 | GENERATION: 87 | ERRORS: best=1410.0, median=2083.0, diversity=0.715 | INDIVIDUALS: n=200, avg_genome_length=81.495 | VIRUSES: gene_rate=0.000
2021-12-22 09:08:17.234819 | GENERATION: 88 | ERRORS: best=1406.0, median=2083.0, diversity=0.685 | INDIVIDUALS: n=200, avg_genome_length=78.125 | VIRUSES: gene_rate=0.000
2021-12-22 09:08:28.085471 | GENERATION: 89 | ERRORS: best=1385.0, median=2155.0, diversity=0.735 | INDIVIDUALS: n=200, avg_genome_length=76.3 | VIRUSES: gene_rate=0.000
2021-12-22 09:08:37.592996 | GENERATION: 90 | ERRORS: best=1385.0, median=2083.0, diversity=0.7 | INDIVIDUALS: n=200, avg_genome_length=74.3 | VIRUSES: gene_rate=0.000
2021-12-22 09:08:47.317903 | GENERATION: 91 | ERRORS: best=1385.0, median=2080.0, diversity=0.745 | INDIVIDUALS: n=200, avg_genome_length=79.54 | VIRUSES: gene_rate=0.000
2021-12-22 09:08:56.964479 | GENERATION: 92 | ERRORS: best=1397.0, median=2082.5, diversity=0.695 | INDIVIDUALS: n=200, avg_genome_length=79.08 | VIRUSES: gene_rate=0.000
2021-12-22 09:09:06.334335 | GENERATION: 93 | ERRORS: best=1386.0, median=2120.5, diversity=0.705 | INDIVIDUALS: n=200, avg_genome_length=76.83 | VIRUSES: gene_rate=0.000
2021-12-22 09:09:17.173995 | GENERATION: 94 | ERRORS: best=1397.0, median=2155.0, diversity=0.69 | INDIVIDUALS: n=200, avg_genome_length=79.035 | VIRUSES: gene_rate=0.000
2021-12-22 09:09:27.571018 | GENERATION: 95 | ERRORS: best=1397.0, median=2118.0, diversity=0.745 | INDIVIDUALS: n=200, avg_genome_length=81.795 | VIRUSES: gene_rate=0.000
2021-12-22 09:09:38.708420 | GENERATION: 96 | ERRORS: best=1397.0, median=2061.5, diversity=0.735 | INDIVIDUALS: n=200, avg_genome_length=79.995 | VIRUSES: gene_rate=0.000
2021-12-22 09:09:47.660990 | GENERATION: 97 | ERRORS: best=1397.0, median=2080.0, diversity=0.725 | INDIVIDUALS: n=200, avg_genome_length=77.66 | VIRUSES: gene_rate=0.000
2021-12-22 09:09:57.503060 | GENERATION: 98 | ERRORS: best=1397.0, median=2083.0, diversity=0.72 | INDIVIDUALS: n=200, avg_genome_length=77.14 | VIRUSES: gene_rate=0.000
2021-12-22 09:10:06.661040 | GENERATION: 99 | ERRORS: best=1419.0, median=2082.5, diversity=0.675 | INDIVIDUALS: n=200, avg_genome_length=76.04 | VIRUSES: gene_rate=0.000
2021-12-22 09:10:17.205962 | GENERATION: 100 | ERRORS: best=1419.0, median=2083.0, diversity=0.695 | INDIVIDUALS: n=200, avg_genome_length=76.24 | VIRUSES: gene_rate=0.000
2021-12-22 09:10:27.702106 | GENERATION: 101 | ERRORS: best=1421.0, median=2083.0, diversity=0.695 | INDIVIDUALS: n=200, avg_genome_length=75.84 | VIRUSES: gene_rate=0.000
2021-12-22 09:10:39.077764 | GENERATION: 102 | ERRORS: best=1416.0, median=2083.0, diversity=0.715 | INDIVIDUALS: n=200, avg_genome_length=75.305 | VIRUSES: gene_rate=0.000
2021-12-22 09:10:49.020961 | GENERATION: 103 | ERRORS: best=1416.0, median=2121.0, diversity=0.705 | INDIVIDUALS: n=200, avg_genome_length=76.625 | VIRUSES: gene_rate=0.000
2021-12-22 09:10:59.124543 | GENERATION: 104 | ERRORS: best=1421.0, median=2083.0, diversity=0.735 | INDIVIDUALS: n=200, avg_genome_length=78.395 | VIRUSES: gene_rate=0.000
2021-12-22 09:11:11.369510 | GENERATION: 105 | ERRORS: best=1421.0, median=2083.0, diversity=0.69 | INDIVIDUALS: n=200, avg_genome_length=76.89 | VIRUSES: gene_rate=0.000
2021-12-22 09:11:23.407593 | GENERATION: 106 | ERRORS: best=1425.0, median=2083.0, diversity=0.745 | INDIVIDUALS: n=200, avg_genome_length=78.305 | VIRUSES: gene_rate=0.000
2021-12-22 09:11:38.979693 | GENERATION: 107 | ERRORS: best=1385.0, median=2177.0, diversity=0.77 | INDIVIDUALS: n=200, avg_genome_length=78.09 | VIRUSES: gene_rate=0.000
2021-12-22 09:11:49.289323 | GENERATION: 108 | ERRORS: best=1403.0, median=2118.0, diversity=0.73 | INDIVIDUALS: n=200, avg_genome_length=78.58 | VIRUSES: gene_rate=0.000
2021-12-22 09:12:00.596259 | GENERATION: 109 | ERRORS: best=1400.0, median=2083.0, diversity=0.69 | INDIVIDUALS: n=200, avg_genome_length=75.735 | VIRUSES: gene_rate=0.000
2021-12-22 09:12:10.063413 | GENERATION: 110 | ERRORS: best=1401.0, median=2155.0, diversity=0.74 | INDIVIDUALS: n=200, avg_genome_length=76.14 | VIRUSES: gene_rate=0.000
2021-12-22 09:12:20.956905 | GENERATION: 111 | ERRORS: best=1401.0, median=2083.0, diversity=0.67 | INDIVIDUALS: n=200, avg_genome_length=75.77 | VIRUSES: gene_rate=0.000
2021-12-22 09:12:32.698644 | GENERATION: 112 | ERRORS: best=1402.0, median=2154.5, diversity=0.665 | INDIVIDUALS: n=200, avg_genome_length=75.89 | VIRUSES: gene_rate=0.000
2021-12-22 09:12:45.749964 | GENERATION: 113 | ERRORS: best=1419.0, median=2295.0, diversity=0.655 | INDIVIDUALS: n=200, avg_genome_length=75.37 | VIRUSES: gene_rate=0.000
2021-12-22 09:12:59.761788 | GENERATION: 114 | ERRORS: best=1405.0, median=2295.0, diversity=0.69 | INDIVIDUALS: n=200, avg_genome_length=76.27 | VIRUSES: gene_rate=0.000
2021-12-22 09:13:12.088869 | GENERATION: 115 | ERRORS: best=1417.0, median=2295.0, diversity=0.72 | INDIVIDUALS: n=200, avg_genome_length=74.125 | VIRUSES: gene_rate=0.000
2021-12-22 09:13:26.145767 | GENERATION: 116 | ERRORS: best=1417.0, median=2085.0, diversity=0.74 | INDIVIDUALS: n=200, avg_genome_length=74.375 | VIRUSES: gene_rate=0.000
2021-12-22 09:13:36.512810 | GENERATION: 117 | ERRORS: best=1417.0, median=2258.0, diversity=0.685 | INDIVIDUALS: n=200, avg_genome_length=75.045 | VIRUSES: gene_rate=0.000
2021-12-22 09:13:47.299445 | GENERATION: 118 | ERRORS: best=1389.0, median=2083.0, diversity=0.68 | INDIVIDUALS: n=200, avg_genome_length=75.075 | VIRUSES: gene_rate=0.000
2021-12-22 09:14:00.582425 | GENERATION: 119 | ERRORS: best=1427.0, median=2289.0, diversity=0.715 | INDIVIDUALS: n=200, avg_genome_length=72.79 | VIRUSES: gene_rate=0.000
2021-12-22 09:14:11.958357 | GENERATION: 120 | ERRORS: best=1441.0, median=2110.5, diversity=0.71 | INDIVIDUALS: n=200, avg_genome_length=72.945 | VIRUSES: gene_rate=0.000
2021-12-22 09:14:24.285513 | GENERATION: 121 | ERRORS: best=1419.0, median=2128.0, diversity=0.645 | INDIVIDUALS: n=200, avg_genome_length=72.285 | VIRUSES: gene_rate=0.000
2021-12-22 09:14:38.501534 | GENERATION: 122 | ERRORS: best=1465.0, median=2155.0, diversity=0.735 | INDIVIDUALS: n=200, avg_genome_length=72.695 | VIRUSES: gene_rate=0.000
2021-12-22 09:14:49.795000 | GENERATION: 123 | ERRORS: best=1430.0, median=2088.5, diversity=0.63 | INDIVIDUALS: n=200, avg_genome_length=71.255 | VIRUSES: gene_rate=0.000
2021-12-22 09:15:02.666201 | GENERATION: 124 | ERRORS: best=1430.0, median=2083.0, diversity=0.675 | INDIVIDUALS: n=200, avg_genome_length=72.365 | VIRUSES: gene_rate=0.000
2021-12-22 09:15:22.767663 | GENERATION: 125 | ERRORS: best=1430.0, median=2083.0, diversity=0.645 | INDIVIDUALS: n=200, avg_genome_length=71.96 | VIRUSES: gene_rate=0.000
2021-12-22 09:15:35.160494 | GENERATION: 126 | ERRORS: best=1461.0, median=2025.0, diversity=0.625 | INDIVIDUALS: n=200, avg_genome_length=71.905 | VIRUSES: gene_rate=0.000
2021-12-22 09:15:47.870589 | GENERATION: 127 | ERRORS: best=1461.0, median=2152.0, diversity=0.605 | INDIVIDUALS: n=200, avg_genome_length=73.48 | VIRUSES: gene_rate=0.000
2021-12-22 09:16:03.255494 | GENERATION: 128 | ERRORS: best=1461.0, median=2145.0, diversity=0.735 | INDIVIDUALS: n=200, avg_genome_length=72.6 | VIRUSES: gene_rate=0.000
2021-12-22 09:16:21.229481 | GENERATION: 129 | ERRORS: best=1461.0, median=2834.0, diversity=0.77 | INDIVIDUALS: n=200, avg_genome_length=74.455 | VIRUSES: gene_rate=0.000
2021-12-22 09:16:39.341073 | GENERATION: 130 | ERRORS: best=1451.0, median=2295.0, diversity=0.76 | INDIVIDUALS: n=200, avg_genome_length=73.73 | VIRUSES: gene_rate=0.000
2021-12-22 09:16:56.821334 | GENERATION: 131 | ERRORS: best=1419.0, median=2292.5, diversity=0.765 | INDIVIDUALS: n=200, avg_genome_length=72.74 | VIRUSES: gene_rate=0.000
2021-12-22 09:17:13.479237 | GENERATION: 132 | ERRORS: best=1419.0, median=2173.5, diversity=0.785 | INDIVIDUALS: n=200, avg_genome_length=72.17 | VIRUSES: gene_rate=0.000
2021-12-22 09:17:29.865516 | GENERATION: 133 | ERRORS: best=1419.0, median=2294.0, diversity=0.69 | INDIVIDUALS: n=200, avg_genome_length=72.3 | VIRUSES: gene_rate=0.000
2021-12-22 09:17:43.908935 | GENERATION: 134 | ERRORS: best=1421.0, median=2113.5, diversity=0.655 | INDIVIDUALS: n=200, avg_genome_length=72.785 | VIRUSES: gene_rate=0.000
2021-12-22 09:17:56.482978 | GENERATION: 135 | ERRORS: best=1447.0, median=2083.0, diversity=0.64 | INDIVIDUALS: n=200, avg_genome_length=70.48 | VIRUSES: gene_rate=0.000
2021-12-22 09:18:08.885197 | GENERATION: 136 | ERRORS: best=1447.0, median=2083.0, diversity=0.69 | INDIVIDUALS: n=200, avg_genome_length=70.33 | VIRUSES: gene_rate=0.000
2021-12-22 09:18:19.263457 | GENERATION: 137 | ERRORS: best=1421.0, median=2083.0, diversity=0.675 | INDIVIDUALS: n=200, avg_genome_length=70.615 | VIRUSES: gene_rate=0.000
2021-12-22 09:18:28.762382 | GENERATION: 138 | ERRORS: best=1419.0, median=2057.0, diversity=0.575 | INDIVIDUALS: n=200, avg_genome_length=70.67 | VIRUSES: gene_rate=0.000
2021-12-22 09:18:38.471758 | GENERATION: 139 | ERRORS: best=1419.0, median=2082.5, diversity=0.665 | INDIVIDUALS: n=200, avg_genome_length=71.295 | VIRUSES: gene_rate=0.000
2021-12-22 09:18:49.104159 | GENERATION: 140 | ERRORS: best=1421.0, median=2083.0, diversity=0.675 | INDIVIDUALS: n=200, avg_genome_length=68.195 | VIRUSES: gene_rate=0.000
2021-12-22 09:18:57.341942 | GENERATION: 141 | ERRORS: best=1421.0, median=2083.0, diversity=0.695 | INDIVIDUALS: n=200, avg_genome_length=65.55 | VIRUSES: gene_rate=0.000
2021-12-22 09:19:07.053279 | GENERATION: 142 | ERRORS: best=1422.0, median=2083.0, diversity=0.61 | INDIVIDUALS: n=200, avg_genome_length=64.675 | VIRUSES: gene_rate=0.000
2021-12-22 09:19:16.444227 | GENERATION: 143 | ERRORS: best=1422.0, median=2043.0, diversity=0.65 | INDIVIDUALS: n=200, avg_genome_length=63.0 | VIRUSES: gene_rate=0.000
2021-12-22 09:19:26.043931 | GENERATION: 144 | ERRORS: best=1422.0, median=2155.0, diversity=0.67 | INDIVIDUALS: n=200, avg_genome_length=62.365 | VIRUSES: gene_rate=0.000
2021-12-22 09:19:35.127118 | GENERATION: 145 | ERRORS: best=1422.0, median=2043.5, diversity=0.615 | INDIVIDUALS: n=200, avg_genome_length=62.095 | VIRUSES: gene_rate=0.000
2021-12-22 09:19:45.695892 | GENERATION: 146 | ERRORS: best=1419.0, median=2076.5, diversity=0.69 | INDIVIDUALS: n=200, avg_genome_length=61.79 | VIRUSES: gene_rate=0.000
2021-12-22 09:19:54.650290 | GENERATION: 147 | ERRORS: best=1419.0, median=2030.0, diversity=0.6 | INDIVIDUALS: n=200, avg_genome_length=63.755 | VIRUSES: gene_rate=0.000
2021-12-22 09:20:05.242535 | GENERATION: 148 | ERRORS: best=1419.0, median=2083.0, diversity=0.62 | INDIVIDUALS: n=200, avg_genome_length=65.19 | VIRUSES: gene_rate=0.000
2021-12-22 09:20:17.034481 | GENERATION: 149 | ERRORS: best=1419.0, median=2067.5, diversity=0.62 | INDIVIDUALS: n=200, avg_genome_length=62.01 | VIRUSES: gene_rate=0.000
2021-12-22 09:20:27.285778 | GENERATION: 150 | ERRORS: best=1421.0, median=1996.0, diversity=0.635 | INDIVIDUALS: n=200, avg_genome_length=61.35 | VIRUSES: gene_rate=0.000
2021-12-22 09:20:38.167605 | GENERATION: 151 | ERRORS: best=1419.0, median=2028.0, diversity=0.605 | INDIVIDUALS: n=200, avg_genome_length=61.87 | VIRUSES: gene_rate=0.000
2021-12-22 09:20:48.657931 | GENERATION: 152 | ERRORS: best=1421.0, median=2083.0, diversity=0.635 | INDIVIDUALS: n=200, avg_genome_length=63.095 | VIRUSES: gene_rate=0.000
2021-12-22 09:20:58.829069 | GENERATION: 153 | ERRORS: best=1401.0, median=2083.0, diversity=0.66 | INDIVIDUALS: n=200, avg_genome_length=63.755 | VIRUSES: gene_rate=0.000
2021-12-22 09:21:08.438051 | GENERATION: 154 | ERRORS: best=1401.0, median=2083.0, diversity=0.625 | INDIVIDUALS: n=200, avg_genome_length=65.78 | VIRUSES: gene_rate=0.000
2021-12-22 09:21:38.003493 | GENERATION: 155 | ERRORS: best=1389.0, median=2083.0, diversity=0.635 | INDIVIDUALS: n=200, avg_genome_length=64.7 | VIRUSES: gene_rate=0.000
2021-12-22 09:21:50.754893 | GENERATION: 156 | ERRORS: best=1419.0, median=2028.0, diversity=0.67 | INDIVIDUALS: n=200, avg_genome_length=60.895 | VIRUSES: gene_rate=0.000
2021-12-22 09:22:01.573727 | GENERATION: 157 | ERRORS: best=1386.0, median=2082.0, diversity=0.645 | INDIVIDUALS: n=200, avg_genome_length=61.065 | VIRUSES: gene_rate=0.000
2021-12-22 09:22:11.488530 | GENERATION: 158 | ERRORS: best=1383.0, median=2028.0, diversity=0.585 | INDIVIDUALS: n=200, avg_genome_length=63.905 | VIRUSES: gene_rate=0.000
2021-12-22 09:22:21.451464 | GENERATION: 159 | ERRORS: best=1405.0, median=1970.5, diversity=0.59 | INDIVIDUALS: n=200, avg_genome_length=59.76 | VIRUSES: gene_rate=0.000
2021-12-22 09:22:32.984572 | GENERATION: 160 | ERRORS: best=1392.0, median=2051.5, diversity=0.595 | INDIVIDUALS: n=200, avg_genome_length=61.035 | VIRUSES: gene_rate=0.000
2021-12-22 09:22:45.278350 | GENERATION: 161 | ERRORS: best=1422.0, median=2023.5, diversity=0.685 | INDIVIDUALS: n=200, avg_genome_length=62.855 | VIRUSES: gene_rate=0.000
2021-12-22 09:22:56.883581 | GENERATION: 162 | ERRORS: best=1422.0, median=2083.0, diversity=0.63 | INDIVIDUALS: n=200, avg_genome_length=60.125 | VIRUSES: gene_rate=0.000
2021-12-22 09:23:10.669871 | GENERATION: 163 | ERRORS: best=1458.0, median=2083.0, diversity=0.625 | INDIVIDUALS: n=200, avg_genome_length=59.77 | VIRUSES: gene_rate=0.000
2021-12-22 09:23:24.102890 | GENERATION: 164 | ERRORS: best=1458.0, median=2083.0, diversity=0.68 | INDIVIDUALS: n=200, avg_genome_length=57.84 | VIRUSES: gene_rate=0.000
2021-12-22 09:23:39.030182 | GENERATION: 165 | ERRORS: best=1387.0, median=2083.0, diversity=0.67 | INDIVIDUALS: n=200, avg_genome_length=55.085 | VIRUSES: gene_rate=0.000
2021-12-22 09:23:51.792659 | GENERATION: 166 | ERRORS: best=1387.0, median=2147.0, diversity=0.69 | INDIVIDUALS: n=200, avg_genome_length=58.085 | VIRUSES: gene_rate=0.000
2021-12-22 09:24:06.272588 | GENERATION: 167 | ERRORS: best=1387.0, median=2083.0, diversity=0.71 | INDIVIDUALS: n=200, avg_genome_length=60.32 | VIRUSES: gene_rate=0.000
2021-12-22 09:24:20.978065 | GENERATION: 168 | ERRORS: best=1426.0, median=2083.0, diversity=0.645 | INDIVIDUALS: n=200, avg_genome_length=59.27 | VIRUSES: gene_rate=0.000
2021-12-22 09:24:50.657200 | GENERATION: 169 | ERRORS: best=1460.0, median=2295.0, diversity=0.735 | INDIVIDUALS: n=200, avg_genome_length=59.16 | VIRUSES: gene_rate=0.000
2021-12-22 09:25:23.359965 | GENERATION: 170 | ERRORS: best=1431.0, median=2295.0, diversity=0.685 | INDIVIDUALS: n=200, avg_genome_length=58.545 | VIRUSES: gene_rate=0.000
2021-12-22 09:25:38.793839 | GENERATION: 171 | ERRORS: best=1435.0, median=2218.5, diversity=0.66 | INDIVIDUALS: n=200, avg_genome_length=56.895 | VIRUSES: gene_rate=0.000
2021-12-22 09:25:56.263500 | GENERATION: 172 | ERRORS: best=1435.0, median=2295.0, diversity=0.685 | INDIVIDUALS: n=200, avg_genome_length=57.83 | VIRUSES: gene_rate=0.000
2021-12-22 09:26:13.180389 | GENERATION: 173 | ERRORS: best=1435.0, median=2803.5, diversity=0.695 | INDIVIDUALS: n=200, avg_genome_length=52.205 | VIRUSES: gene_rate=0.000
2021-12-22 09:26:30.894766 | GENERATION: 174 | ERRORS: best=1426.0, median=4401.5, diversity=0.71 | INDIVIDUALS: n=200, avg_genome_length=51.83 | VIRUSES: gene_rate=0.000
2021-12-22 09:26:48.122891 | GENERATION: 175 | ERRORS: best=1468.0, median=2295.0, diversity=0.625 | INDIVIDUALS: n=200, avg_genome_length=53.585 | VIRUSES: gene_rate=0.000
2021-12-22 09:27:07.589610 | GENERATION: 176 | ERRORS: best=1468.0, median=3716.5, diversity=0.705 | INDIVIDUALS: n=200, avg_genome_length=56.545 | VIRUSES: gene_rate=0.000
2021-12-22 09:27:28.431456 | GENERATION: 177 | ERRORS: best=1468.0, median=3709.0, diversity=0.7 | INDIVIDUALS: n=200, avg_genome_length=56.635 | VIRUSES: gene_rate=0.000
2021-12-22 09:27:48.170116 | GENERATION: 178 | ERRORS: best=1413.0, median=3700.5, diversity=0.68 | INDIVIDUALS: n=200, avg_genome_length=53.235 | VIRUSES: gene_rate=0.000
2021-12-22 09:28:08.287504 | GENERATION: 179 | ERRORS: best=1389.0, median=8320.0, diversity=0.725 | INDIVIDUALS: n=200, avg_genome_length=56.085 | VIRUSES: gene_rate=0.000
2021-12-22 09:28:28.518082 | GENERATION: 180 | ERRORS: best=1389.0, median=45368.5, diversity=0.695 | INDIVIDUALS: n=200, avg_genome_length=53.525 | VIRUSES: gene_rate=0.000
2021-12-22 09:28:48.765980 | GENERATION: 181 | ERRORS: best=1389.0, median=13966.5, diversity=0.71 | INDIVIDUALS: n=200, avg_genome_length=52.955 | VIRUSES: gene_rate=0.000
2021-12-22 09:29:07.578617 | GENERATION: 182 | ERRORS: best=1389.0, median=5115.5, diversity=0.7 | INDIVIDUALS: n=200, avg_genome_length=53.74 | VIRUSES: gene_rate=0.000
2021-12-22 09:29:26.587057 | GENERATION: 183 | ERRORS: best=1413.0, median=5996.0, diversity=0.695 | INDIVIDUALS: n=200, avg_genome_length=52.355 | VIRUSES: gene_rate=0.000
2021-12-22 09:29:46.692406 | GENERATION: 184 | ERRORS: best=1389.0, median=22963.0, diversity=0.745 | INDIVIDUALS: n=200, avg_genome_length=54.635 | VIRUSES: gene_rate=0.000
2021-12-22 09:30:07.370315 | GENERATION: 185 | ERRORS: best=1383.0, median=60769.0, diversity=0.755 | INDIVIDUALS: n=200, avg_genome_length=51.975 | VIRUSES: gene_rate=0.000
2021-12-22 09:30:28.808347 | GENERATION: 186 | ERRORS: best=1380.0, median=6534.0, diversity=0.76 | INDIVIDUALS: n=200, avg_genome_length=53.625 | VIRUSES: gene_rate=0.000
2021-12-22 09:30:46.892411 | GENERATION: 187 | ERRORS: best=1402.0, median=4269.0, diversity=0.71 | INDIVIDUALS: n=200, avg_genome_length=55.64 | VIRUSES: gene_rate=0.000
2021-12-22 09:31:04.546616 | GENERATION: 188 | ERRORS: best=1402.0, median=3281.5, diversity=0.715 | INDIVIDUALS: n=200, avg_genome_length=57.15 | VIRUSES: gene_rate=0.000
2021-12-22 09:31:23.589452 | GENERATION: 189 | ERRORS: best=1392.0, median=2530.0, diversity=0.675 | INDIVIDUALS: n=200, avg_genome_length=53.395 | VIRUSES: gene_rate=0.000
2021-12-22 09:31:43.664789 | GENERATION: 190 | ERRORS: best=1392.0, median=2439.5, diversity=0.7 | INDIVIDUALS: n=200, avg_genome_length=49.91 | VIRUSES: gene_rate=0.000
2021-12-22 09:32:04.399792 | GENERATION: 191 | ERRORS: best=1392.0, median=5273.5, diversity=0.725 | INDIVIDUALS: n=200, avg_genome_length=53.455 | VIRUSES: gene_rate=0.000
2021-12-22 09:32:26.863155 | GENERATION: 192 | ERRORS: best=1392.0, median=6044.5, diversity=0.765 | INDIVIDUALS: n=200, avg_genome_length=50.395 | VIRUSES: gene_rate=0.000
2021-12-22 09:32:48.671223 | GENERATION: 193 | ERRORS: best=1388.0, median=7667.0, diversity=0.74 | INDIVIDUALS: n=200, avg_genome_length=48.65 | VIRUSES: gene_rate=0.000
2021-12-22 09:33:10.683303 | GENERATION: 194 | ERRORS: best=1377.0, median=9308.0, diversity=0.755 | INDIVIDUALS: n=200, avg_genome_length=47.0 | VIRUSES: gene_rate=0.000
2021-12-22 09:33:32.721713 | GENERATION: 195 | ERRORS: best=1365.0, median=5889.0, diversity=0.735 | INDIVIDUALS: n=200, avg_genome_length=47.115 | VIRUSES: gene_rate=0.000
2021-12-22 09:33:53.513523 | GENERATION: 196 | ERRORS: best=1365.0, median=3847.0, diversity=0.74 | INDIVIDUALS: n=200, avg_genome_length=45.855 | VIRUSES: gene_rate=0.000
2021-12-22 09:34:15.016034 | GENERATION: 197 | ERRORS: best=1375.0, median=3847.0, diversity=0.735 | INDIVIDUALS: n=200, avg_genome_length=43.9 | VIRUSES: gene_rate=0.000
2021-12-22 09:34:36.848934 | GENERATION: 198 | ERRORS: best=1396.0, median=4151.5, diversity=0.735 | INDIVIDUALS: n=200, avg_genome_length=47.68 | VIRUSES: gene_rate=0.000
2021-12-22 09:35:00.134060 | GENERATION: 199 | ERRORS: best=1391.0, median=2957.0, diversity=0.755 | INDIVIDUALS: n=200, avg_genome_length=46.89 | VIRUSES: gene_rate=0.000
2021-12-22 09:35:21.013453 | GENERATION: 200 | ERRORS: best=1391.0, median=2295.0, diversity=0.705 | INDIVIDUALS: n=200, avg_genome_length=49.845 | VIRUSES: gene_rate=0.000
2021-12-22 09:35:44.292515 | GENERATION: 201 | ERRORS: best=1396.0, median=2719.0, diversity=0.72 | INDIVIDUALS: n=200, avg_genome_length=47.04 | VIRUSES: gene_rate=0.000
2021-12-22 09:36:05.453541 | GENERATION: 202 | ERRORS: best=1398.0, median=2295.0, diversity=0.69 | INDIVIDUALS: n=200, avg_genome_length=45.535 | VIRUSES: gene_rate=0.000
2021-12-22 09:36:28.718979 | GENERATION: 203 | ERRORS: best=1398.0, median=2509.0, diversity=0.69 | INDIVIDUALS: n=200, avg_genome_length=47.59 | VIRUSES: gene_rate=0.000
2021-12-22 09:36:52.321178 | GENERATION: 204 | ERRORS: best=1421.0, median=3469.5, diversity=0.715 | INDIVIDUALS: n=200, avg_genome_length=47.195 | VIRUSES: gene_rate=0.000
2021-12-22 09:37:16.945606 | GENERATION: 205 | ERRORS: best=1389.0, median=7029.5, diversity=0.775 | INDIVIDUALS: n=200, avg_genome_length=46.12 | VIRUSES: gene_rate=0.000
2021-12-22 09:37:40.950952 | GENERATION: 206 | ERRORS: best=1389.0, median=4555.0, diversity=0.75 | INDIVIDUALS: n=200, avg_genome_length=43.565 | VIRUSES: gene_rate=0.000
2021-12-22 09:38:01.933275 | GENERATION: 207 | ERRORS: best=1389.0, median=2295.0, diversity=0.77 | INDIVIDUALS: n=200, avg_genome_length=53.26 | VIRUSES: gene_rate=0.000
2021-12-22 09:38:19.959495 | GENERATION: 208 | ERRORS: best=1389.0, median=2250.0, diversity=0.68 | INDIVIDUALS: n=200, avg_genome_length=54.715 | VIRUSES: gene_rate=0.000
2021-12-22 09:38:37.649796 | GENERATION: 209 | ERRORS: best=1410.0, median=2083.5, diversity=0.67 | INDIVIDUALS: n=200, avg_genome_length=52.34 | VIRUSES: gene_rate=0.000
2021-12-22 09:38:55.481233 | GENERATION: 210 | ERRORS: best=1427.0, median=2295.0, diversity=0.695 | INDIVIDUALS: n=200, avg_genome_length=55.505 | VIRUSES: gene_rate=0.000
2021-12-22 09:39:15.219077 | GENERATION: 211 | ERRORS: best=1416.0, median=3046.0, diversity=0.725 | INDIVIDUALS: n=200, avg_genome_length=53.21 | VIRUSES: gene_rate=0.000
2021-12-22 09:39:30.702815 | GENERATION: 212 | ERRORS: best=1433.0, median=2083.0, diversity=0.64 | INDIVIDUALS: n=200, avg_genome_length=54.67 | VIRUSES: gene_rate=0.000
2021-12-22 09:39:43.875141 | GENERATION: 213 | ERRORS: best=1416.0, median=2117.0, diversity=0.565 | INDIVIDUALS: n=200, avg_genome_length=55.715 | VIRUSES: gene_rate=0.000
2021-12-22 09:39:59.288855 | GENERATION: 214 | ERRORS: best=1381.0, median=2083.0, diversity=0.685 | INDIVIDUALS: n=200, avg_genome_length=58.745 | VIRUSES: gene_rate=0.000
2021-12-22 09:40:13.988817 | GENERATION: 215 | ERRORS: best=1379.0, median=2083.0, diversity=0.62 | INDIVIDUALS: n=200, avg_genome_length=59.11 | VIRUSES: gene_rate=0.000
2021-12-22 09:40:27.139040 | GENERATION: 216 | ERRORS: best=1381.0, median=2083.0, diversity=0.695 | INDIVIDUALS: n=200, avg_genome_length=62.16 | VIRUSES: gene_rate=0.000
2021-12-22 09:40:45.295962 | GENERATION: 217 | ERRORS: best=1379.0, median=2083.0, diversity=0.65 | INDIVIDUALS: n=200, avg_genome_length=61.805 | VIRUSES: gene_rate=0.000
2021-12-22 09:40:56.141601 | GENERATION: 218 | ERRORS: best=1377.0, median=1991.5, diversity=0.67 | INDIVIDUALS: n=200, avg_genome_length=62.615 | VIRUSES: gene_rate=0.000
2021-12-22 09:41:06.037275 | GENERATION: 219 | ERRORS: best=1377.0, median=2055.0, diversity=0.68 | INDIVIDUALS: n=200, avg_genome_length=61.08 | VIRUSES: gene_rate=0.000
2021-12-22 09:41:15.769271 | GENERATION: 220 | ERRORS: best=1367.0, median=2057.0, diversity=0.68 | INDIVIDUALS: n=200, avg_genome_length=60.49 | VIRUSES: gene_rate=0.000
2021-12-22 09:41:23.678798 | GENERATION: 221 | ERRORS: best=1377.0, median=2062.0, diversity=0.675 | INDIVIDUALS: n=200, avg_genome_length=61.7 | VIRUSES: gene_rate=0.000
2021-12-22 09:41:40.199291 | GENERATION: 222 | ERRORS: best=1358.0, median=2079.0, diversity=0.685 | INDIVIDUALS: n=200, avg_genome_length=62.14 | VIRUSES: gene_rate=0.000
2021-12-22 09:41:49.037112 | GENERATION: 223 | ERRORS: best=1358.0, median=1989.0, diversity=0.695 | INDIVIDUALS: n=200, avg_genome_length=63.55 | VIRUSES: gene_rate=0.000
2021-12-22 09:42:00.152860 | GENERATION: 224 | ERRORS: best=1358.0, median=1970.0, diversity=0.715 | INDIVIDUALS: n=200, avg_genome_length=62.485 | VIRUSES: gene_rate=0.000
2021-12-22 09:42:09.971878 | GENERATION: 225 | ERRORS: best=1375.0, median=1970.0, diversity=0.725 | INDIVIDUALS: n=200, avg_genome_length=61.05 | VIRUSES: gene_rate=0.000
2021-12-22 09:42:17.928692 | GENERATION: 226 | ERRORS: best=1371.0, median=2028.0, diversity=0.655 | INDIVIDUALS: n=200, avg_genome_length=62.44 | VIRUSES: gene_rate=0.000
2021-12-22 09:42:28.482172 | GENERATION: 227 | ERRORS: best=1366.0, median=1970.0, diversity=0.73 | INDIVIDUALS: n=200, avg_genome_length=59.5 | VIRUSES: gene_rate=0.000
2021-12-22 09:42:37.233782 | GENERATION: 228 | ERRORS: best=1386.0, median=2011.5, diversity=0.67 | INDIVIDUALS: n=200, avg_genome_length=59.955 | VIRUSES: gene_rate=0.000
2021-12-22 09:42:46.811827 | GENERATION: 229 | ERRORS: best=1371.0, median=2083.0, diversity=0.715 | INDIVIDUALS: n=200, avg_genome_length=60.97 | VIRUSES: gene_rate=0.000
2021-12-22 09:42:55.185156 | GENERATION: 230 | ERRORS: best=1369.0, median=1965.5, diversity=0.67 | INDIVIDUALS: n=200, avg_genome_length=63.09 | VIRUSES: gene_rate=0.000
2021-12-22 09:43:02.936946 | GENERATION: 231 | ERRORS: best=1368.0, median=1915.0, diversity=0.72 | INDIVIDUALS: n=200, avg_genome_length=61.145 | VIRUSES: gene_rate=0.000
2021-12-22 09:43:10.659638 | GENERATION: 232 | ERRORS: best=1368.0, median=1968.0, diversity=0.705 | INDIVIDUALS: n=200, avg_genome_length=58.775 | VIRUSES: gene_rate=0.000
2021-12-22 09:43:18.745817 | GENERATION: 233 | ERRORS: best=1368.0, median=1970.0, diversity=0.68 | INDIVIDUALS: n=200, avg_genome_length=57.01 | VIRUSES: gene_rate=0.000
2021-12-22 09:43:26.207776 | GENERATION: 234 | ERRORS: best=1368.0, median=1932.0, diversity=0.75 | INDIVIDUALS: n=200, avg_genome_length=59.37 | VIRUSES: gene_rate=0.000
2021-12-22 09:43:36.334982 | GENERATION: 235 | ERRORS: best=1375.0, median=1970.0, diversity=0.745 | INDIVIDUALS: n=200, avg_genome_length=57.17 | VIRUSES: gene_rate=0.000
2021-12-22 09:43:43.825165 | GENERATION: 236 | ERRORS: best=1379.0, median=1980.5, diversity=0.715 | INDIVIDUALS: n=200, avg_genome_length=59.43 | VIRUSES: gene_rate=0.000
2021-12-22 09:43:51.687126 | GENERATION: 237 | ERRORS: best=1390.0, median=1889.5, diversity=0.72 | INDIVIDUALS: n=200, avg_genome_length=58.84 | VIRUSES: gene_rate=0.000
2021-12-22 09:44:00.811987 | GENERATION: 238 | ERRORS: best=1390.0, median=2049.0, diversity=0.72 | INDIVIDUALS: n=200, avg_genome_length=58.845 | VIRUSES: gene_rate=0.000
2021-12-22 09:44:12.387058 | GENERATION: 239 | ERRORS: best=1390.0, median=2057.0, diversity=0.745 | INDIVIDUALS: n=200, avg_genome_length=58.135 | VIRUSES: gene_rate=0.000
2021-12-22 09:44:20.364081 | GENERATION: 240 | ERRORS: best=1370.0, median=1970.0, diversity=0.705 | INDIVIDUALS: n=200, avg_genome_length=56.85 | VIRUSES: gene_rate=0.000
2021-12-22 09:44:29.369423 | GENERATION: 241 | ERRORS: best=1390.0, median=1994.0, diversity=0.735 | INDIVIDUALS: n=200, avg_genome_length=55.82 | VIRUSES: gene_rate=0.000
2021-12-22 09:44:38.343818 | GENERATION: 242 | ERRORS: best=1368.0, median=2068.0, diversity=0.67 | INDIVIDUALS: n=200, avg_genome_length=56.655 | VIRUSES: gene_rate=0.000
2021-12-22 09:44:47.917108 | GENERATION: 243 | ERRORS: best=1368.0, median=1970.0, diversity=0.695 | INDIVIDUALS: n=200, avg_genome_length=55.48 | VIRUSES: gene_rate=0.000
2021-12-22 09:44:56.692682 | GENERATION: 244 | ERRORS: best=1380.0, median=1974.5, diversity=0.705 | INDIVIDUALS: n=200, avg_genome_length=56.695 | VIRUSES: gene_rate=0.000
2021-12-22 09:45:04.462064 | GENERATION: 245 | ERRORS: best=1416.0, median=1970.0, diversity=0.705 | INDIVIDUALS: n=200, avg_genome_length=57.405 | VIRUSES: gene_rate=0.000
2021-12-22 09:45:13.173046 | GENERATION: 246 | ERRORS: best=1377.0, median=2073.0, diversity=0.705 | INDIVIDUALS: n=200, avg_genome_length=57.01 | VIRUSES: gene_rate=0.000
2021-12-22 09:45:21.675640 | GENERATION: 247 | ERRORS: best=1368.0, median=2057.0, diversity=0.7 | INDIVIDUALS: n=200, avg_genome_length=58.91 | VIRUSES: gene_rate=0.000
2021-12-22 09:45:27.692613 | GENERATION: 248 | ERRORS: best=1377.0, median=2034.5, diversity=0.695 | INDIVIDUALS: n=200, avg_genome_length=58.195 | VIRUSES: gene_rate=0.000
2021-12-22 09:45:35.613240 | GENERATION: 249 | ERRORS: best=1391.0, median=1983.0, diversity=0.66 | INDIVIDUALS: n=200, avg_genome_length=58.135 | VIRUSES: gene_rate=0.000
2021-12-22 09:45:45.597215 | GENERATION: 250 | ERRORS: best=1384.0, median=2083.0, diversity=0.66 | INDIVIDUALS: n=200, avg_genome_length=58.915 | VIRUSES: gene_rate=0.000
2021-12-22 09:45:53.507967 | GENERATION: 251 | ERRORS: best=1422.0, median=2077.5, diversity=0.685 | INDIVIDUALS: n=200, avg_genome_length=56.9 | VIRUSES: gene_rate=0.000
2021-12-22 09:46:01.921669 | GENERATION: 252 | ERRORS: best=1396.0, median=2068.0, diversity=0.685 | INDIVIDUALS: n=200, avg_genome_length=57.01 | VIRUSES: gene_rate=0.000
2021-12-22 09:46:10.613910 | GENERATION: 253 | ERRORS: best=1418.0, median=2057.0, diversity=0.7 | INDIVIDUALS: n=200, avg_genome_length=58.85 | VIRUSES: gene_rate=0.000
2021-12-22 09:46:17.576705 | GENERATION: 254 | ERRORS: best=1410.0, median=2035.0, diversity=0.68 | INDIVIDUALS: n=200, avg_genome_length=57.75 | VIRUSES: gene_rate=0.000
2021-12-22 09:46:25.437746 | GENERATION: 255 | ERRORS: best=1412.0, median=1999.0, diversity=0.705 | INDIVIDUALS: n=200, avg_genome_length=56.93 | VIRUSES: gene_rate=0.000
2021-12-22 09:46:34.628634 | GENERATION: 256 | ERRORS: best=1409.0, median=2083.0, diversity=0.65 | INDIVIDUALS: n=200, avg_genome_length=57.215 | VIRUSES: gene_rate=0.000
2021-12-22 09:46:44.035452 | GENERATION: 257 | ERRORS: best=1390.0, median=2083.0, diversity=0.71 | INDIVIDUALS: n=200, avg_genome_length=57.295 | VIRUSES: gene_rate=0.000
2021-12-22 09:46:55.248272 | GENERATION: 258 | ERRORS: best=1390.0, median=2083.0, diversity=0.685 | INDIVIDUALS: n=200, avg_genome_length=55.98 | VIRUSES: gene_rate=0.000
2021-12-22 09:47:06.448432 | GENERATION: 259 | ERRORS: best=1390.0, median=1980.5, diversity=0.69 | INDIVIDUALS: n=200, avg_genome_length=56.31 | VIRUSES: gene_rate=0.000
2021-12-22 09:47:17.629927 | GENERATION: 260 | ERRORS: best=1392.0, median=2083.0, diversity=0.72 | INDIVIDUALS: n=200, avg_genome_length=55.585 | VIRUSES: gene_rate=0.000
2021-12-22 09:47:28.652971 | GENERATION: 261 | ERRORS: best=1390.0, median=2032.0, diversity=0.68 | INDIVIDUALS: n=200, avg_genome_length=55.555 | VIRUSES: gene_rate=0.000
2021-12-22 09:47:41.303029 | GENERATION: 262 | ERRORS: best=1379.0, median=2083.0, diversity=0.75 | INDIVIDUALS: n=200, avg_genome_length=54.435 | VIRUSES: gene_rate=0.000
2021-12-22 09:47:53.290700 | GENERATION: 263 | ERRORS: best=1377.0, median=2083.0, diversity=0.71 | INDIVIDUALS: n=200, avg_genome_length=56.895 | VIRUSES: gene_rate=0.000
2021-12-22 09:48:04.952979 | GENERATION: 264 | ERRORS: best=1379.0, median=2083.0, diversity=0.755 | INDIVIDUALS: n=200, avg_genome_length=56.815 | VIRUSES: gene_rate=0.000
2021-12-22 09:48:13.125421 | GENERATION: 265 | ERRORS: best=1379.0, median=2037.0, diversity=0.665 | INDIVIDUALS: n=200, avg_genome_length=59.035 | VIRUSES: gene_rate=0.000
2021-12-22 09:48:22.542907 | GENERATION: 266 | ERRORS: best=1385.0, median=2083.0, diversity=0.725 | INDIVIDUALS: n=200, avg_genome_length=59.66 | VIRUSES: gene_rate=0.000
2021-12-22 09:48:32.176089 | GENERATION: 267 | ERRORS: best=1377.0, median=1970.0, diversity=0.73 | INDIVIDUALS: n=200, avg_genome_length=62.14 | VIRUSES: gene_rate=0.000
2021-12-22 09:48:41.767381 | GENERATION: 268 | ERRORS: best=1404.0, median=2056.5, diversity=0.76 | INDIVIDUALS: n=200, avg_genome_length=62.325 | VIRUSES: gene_rate=0.000
2021-12-22 09:48:56.634186 | GENERATION: 269 | ERRORS: best=1392.0, median=1985.5, diversity=0.715 | INDIVIDUALS: n=200, avg_genome_length=60.545 | VIRUSES: gene_rate=0.000
2021-12-22 09:49:04.970883 | GENERATION: 270 | ERRORS: best=1397.0, median=2056.0, diversity=0.715 | INDIVIDUALS: n=200, avg_genome_length=60.19 | VIRUSES: gene_rate=0.000
2021-12-22 09:49:14.784856 | GENERATION: 271 | ERRORS: best=1389.0, median=2083.0, diversity=0.695 | INDIVIDUALS: n=200, avg_genome_length=61.235 | VIRUSES: gene_rate=0.000
2021-12-22 09:49:27.397899 | GENERATION: 272 | ERRORS: best=1379.0, median=2083.0, diversity=0.775 | INDIVIDUALS: n=200, avg_genome_length=60.46 | VIRUSES: gene_rate=0.000
2021-12-22 09:49:37.290124 | GENERATION: 273 | ERRORS: best=1379.0, median=2083.0, diversity=0.735 | INDIVIDUALS: n=200, avg_genome_length=60.22 | VIRUSES: gene_rate=0.000
2021-12-22 09:49:48.907574 | GENERATION: 274 | ERRORS: best=1376.0, median=2083.0, diversity=0.745 | INDIVIDUALS: n=200, avg_genome_length=60.0 | VIRUSES: gene_rate=0.000
2021-12-22 09:50:08.436841 | GENERATION: 275 | ERRORS: best=1389.0, median=2083.0, diversity=0.73 | INDIVIDUALS: n=200, avg_genome_length=59.565 | VIRUSES: gene_rate=0.000
2021-12-22 09:50:27.821478 | GENERATION: 276 | ERRORS: best=1389.0, median=2060.5, diversity=0.745 | INDIVIDUALS: n=200, avg_genome_length=60.33 | VIRUSES: gene_rate=0.000
2021-12-22 09:50:40.607739 | GENERATION: 277 | ERRORS: best=1379.0, median=1970.0, diversity=0.8 | INDIVIDUALS: n=200, avg_genome_length=58.76 | VIRUSES: gene_rate=0.000
2021-12-22 09:50:54.906352 | GENERATION: 278 | ERRORS: best=1408.0, median=1998.5, diversity=0.75 | INDIVIDUALS: n=200, avg_genome_length=57.5 | VIRUSES: gene_rate=0.000
2021-12-22 09:51:05.237835 | GENERATION: 279 | ERRORS: best=1421.0, median=1981.5, diversity=0.795 | INDIVIDUALS: n=200, avg_genome_length=58.3 | VIRUSES: gene_rate=0.000
2021-12-22 09:51:16.747268 | GENERATION: 280 | ERRORS: best=1421.0, median=2083.0, diversity=0.735 | INDIVIDUALS: n=200, avg_genome_length=57.615 | VIRUSES: gene_rate=0.000
2021-12-22 09:51:30.855088 | GENERATION: 281 | ERRORS: best=1431.0, median=2083.0, diversity=0.75 | INDIVIDUALS: n=200, avg_genome_length=56.255 | VIRUSES: gene_rate=0.000
2021-12-22 09:51:42.304295 | GENERATION: 282 | ERRORS: best=1431.0, median=2054.5, diversity=0.72 | INDIVIDUALS: n=200, avg_genome_length=55.6 | VIRUSES: gene_rate=0.000
2021-12-22 09:51:54.224704 | GENERATION: 283 | ERRORS: best=1431.0, median=2083.0, diversity=0.77 | INDIVIDUALS: n=200, avg_genome_length=54.59 | VIRUSES: gene_rate=0.000
2021-12-22 09:52:04.787969 | GENERATION: 284 | ERRORS: best=1431.0, median=2056.0, diversity=0.745 | INDIVIDUALS: n=200, avg_genome_length=54.47 | VIRUSES: gene_rate=0.000
2021-12-22 09:52:15.865234 | GENERATION: 285 | ERRORS: best=1407.0, median=2071.0, diversity=0.71 | INDIVIDUALS: n=200, avg_genome_length=55.695 | VIRUSES: gene_rate=0.000
2021-12-22 09:52:27.809499 | GENERATION: 286 | ERRORS: best=1407.0, median=1999.0, diversity=0.775 | INDIVIDUALS: n=200, avg_genome_length=56.03 | VIRUSES: gene_rate=0.000
2021-12-22 09:52:37.965436 | GENERATION: 287 | ERRORS: best=1457.0, median=2057.0, diversity=0.775 | INDIVIDUALS: n=200, avg_genome_length=54.22 | VIRUSES: gene_rate=0.000
2021-12-22 09:52:46.143951 | GENERATION: 288 | ERRORS: best=1396.0, median=1982.5, diversity=0.78 | INDIVIDUALS: n=200, avg_genome_length=55.895 | VIRUSES: gene_rate=0.000
2021-12-22 09:52:54.478296 | GENERATION: 289 | ERRORS: best=1386.0, median=2050.0, diversity=0.73 | INDIVIDUALS: n=200, avg_genome_length=55.26 | VIRUSES: gene_rate=0.000
2021-12-22 09:53:06.610109 | GENERATION: 290 | ERRORS: best=1455.0, median=2083.0, diversity=0.74 | INDIVIDUALS: n=200, avg_genome_length=55.105 | VIRUSES: gene_rate=0.000
2021-12-22 09:53:16.398244 | GENERATION: 291 | ERRORS: best=1397.0, median=2083.0, diversity=0.765 | INDIVIDUALS: n=200, avg_genome_length=54.205 | VIRUSES: gene_rate=0.000
2021-12-22 09:53:28.368070 | GENERATION: 292 | ERRORS: best=1434.0, median=2156.0, diversity=0.75 | INDIVIDUALS: n=200, avg_genome_length=54.955 | VIRUSES: gene_rate=0.000
2021-12-22 09:53:36.445358 | GENERATION: 293 | ERRORS: best=1394.0, median=1995.0, diversity=0.72 | INDIVIDUALS: n=200, avg_genome_length=54.415 | VIRUSES: gene_rate=0.000
2021-12-22 09:53:44.994288 | GENERATION: 294 | ERRORS: best=1469.0, median=2083.0, diversity=0.705 | INDIVIDUALS: n=200, avg_genome_length=54.265 | VIRUSES: gene_rate=0.000
2021-12-22 09:53:54.850793 | GENERATION: 295 | ERRORS: best=1483.0, median=2083.0, diversity=0.76 | INDIVIDUALS: n=200, avg_genome_length=54.275 | VIRUSES: gene_rate=0.000
2021-12-22 09:54:05.314719 | GENERATION: 296 | ERRORS: best=1476.0, median=2122.5, diversity=0.785 | INDIVIDUALS: n=200, avg_genome_length=53.19 | VIRUSES: gene_rate=0.000
2021-12-22 09:54:15.749929 | GENERATION: 297 | ERRORS: best=1468.0, median=2083.5, diversity=0.76 | INDIVIDUALS: n=200, avg_genome_length=53.72 | VIRUSES: gene_rate=0.000
2021-12-22 09:54:24.981361 | GENERATION: 298 | ERRORS: best=1468.0, median=2070.0, diversity=0.685 | INDIVIDUALS: n=200, avg_genome_length=51.04 | VIRUSES: gene_rate=0.000
2021-12-22 09:54:33.425922 | GENERATION: 299 | ERRORS: best=1478.0, median=2041.0, diversity=0.67 | INDIVIDUALS: n=200, avg_genome_length=50.755 | VIRUSES: gene_rate=0.000
2021-12-22 09:54:43.570023 | GENERATION: 300 | ERRORS: best=1468.0, median=2080.0, diversity=0.79 | INDIVIDUALS: n=200, avg_genome_length=54.325 | VIRUSES: gene_rate=0.000
Simplifying genome of length 102 with total error 1338.0.
Simplified genome by 1 to length 101.
Simplified genome by 1 to length 100.
Simplified genome by 1 to length 99.
Simplified genome by 2 to length 97.
Simplified genome by 2 to length 95.
Simplified genome by 1 to length 94.
Simplified genome by 1 to length 93.
Simplified genome by 2 to length 91.
Simplified genome by 2 to length 89.
Simplified genome by 1 to length 88.
Simplified genome by 2 to length 86.
Simplified genome by 1 to length 85.
Simplified genome by 1 to length 84.
Simplified genome by 1 to length 83.
Simplified genome by 1 to length 82.
Simplified genome by 1 to length 81.
Simplified genome by 3 to length 78.
Simplified genome by 1 to length 77.
Simplified genome by 1 to length 76.
Simplified genome by 1 to length 75.
Simplified genome by 1 to length 74.
Simplified genome by 1 to length 73.
Simplified genome by 2 to length 71.
Simplified genome by 1 to length 70.
Simplified genome by 3 to length 67.
Simplified genome by 1 to length 66.
Simplified genome by 2 to length 64.
Simplified genome by 2 to length 62.
Simplified genome by 1 to length 61.
Simplified genome by 1 to length 60.
Simplified genome by 1 to length 59.
Simplified genome by 3 to length 56.
Simplified genome by 3 to length 53.
Simplified genome by 1 to length 52.
Simplified genome by 1 to length 51.
Simplified genome by 1 to length 50.
Simplified genome by 1 to length 49.
Simplified genome to length 49 and total error 1329.0.
========================================
End Run
========================================
No solution found.
Best Seen Individual
	Genome:
	 pvector([Input(input_index=0), InstructionMeta(name='vector_int_empty_vector', code_blocks=0), InstructionMeta(name='exec_rot', code_blocks=3), Closer(), InstructionMeta(name='exec_shove', code_blocks=1), InstructionMeta(name='exec_do_count', code_blocks=1), Input(input_index=0), Literal(value=2, push_type=<pyshgp.push.types.PushIntType object at 0x7f0ac76cdaf0>), InstructionMeta(name='vector_int_length', code_blocks=0), Closer(), InstructionMeta(name='exec_do_range', code_blocks=1), Closer(), Closer(), InstructionMeta(name='vector_int_dup_times', code_blocks=0), Closer(), Input(input_index=0), Closer(), InstructionMeta(name='vector_int_but_last', code_blocks=0), InstructionMeta(name='vector_int_length', code_blocks=0), InstructionMeta(name='exec_yank', code_blocks=0), InstructionMeta(name='exec_eq', code_blocks=0), InstructionMeta(name='vector_int_replace', code_blocks=0), InstructionMeta(name='vector_int_swap', code_blocks=0), InstructionMeta(name='println_int', code_blocks=0), InstructionMeta(name='bool_invert_first_then_and', code_blocks=0), InstructionMeta(name='int_max', code_blocks=0), InstructionMeta(name='vector_int_yank_dup', code_blocks=0), InstructionMeta(name='bool_yank', code_blocks=0), InstructionMeta(name='vector_int_shove_dup', code_blocks=0), Input(input_index=0), InstructionMeta(name='exec_pop', code_blocks=1), Literal(value=662, push_type=<pyshgp.push.types.PushIntType object at 0x7f0ac76cdc10>), Closer(), Input(input_index=0), InstructionMeta(name='bool_rot', code_blocks=0), InstructionMeta(name='vector_int_length', code_blocks=0), InstructionMeta(name='int_min', code_blocks=0), InstructionMeta(name='exec_flush', code_blocks=0), InstructionMeta(name='int_from_bool', code_blocks=0), InstructionMeta(name='exec_do_while', code_blocks=1), InstructionMeta(name='int_gte', code_blocks=0), InstructionMeta(name='int_max', code_blocks=0), InstructionMeta(name='vector_int_remove', code_blocks=0), InstructionMeta(name='int_gt', code_blocks=0), InstructionMeta(name='int_lte', code_blocks=0), InstructionMeta(name='vector_int_replace_first', code_blocks=0), InstructionMeta(name='int_shove', code_blocks=0), InstructionMeta(name='int_min', code_blocks=0), InstructionMeta(name='int_max', code_blocks=0)])
	Program:
	 (input_0 vector_int_empty_vector exec_rot () (exec_shove (exec_do_count (input_0 2 vector_int_length) exec_do_range ()) vector_int_dup_times) (input_0) vector_int_but_last vector_int_length exec_yank exec_eq vector_int_replace vector_int_swap println_int bool_invert_first_then_and int_max vector_int_yank_dup bool_yank vector_int_shove_dup input_0 exec_pop (662) input_0 bool_rot vector_int_length int_min exec_flush int_from_bool exec_do_while (int_gte int_max vector_int_remove int_gt int_lte vector_int_replace_first int_shove int_min int_max))
	Error vector:
	 [ 0. 17.  8.  3.  1.  2.  9.  0.  4.  5.  0. 14.  3. 22. 19. 12. 10.  7.
  1.  1.  1. 15. 13.  5.  1.  8. 16. 20.  7.  6.  0. 19. 15.  0.  1. 12.
 15.  0. 19.  3.  0. 20.  0.  9. 11. 20.  4.  2. 11.  1.  0. 20. 12.  3.
 20.  1.  3.  1. 20.  1.  6.  1. 20.  7.  5.  7. 20.  4.  3.  0.  6.  0.
  9.  1.  5.  0.  3.  1.  7.  1.  1. 19.  3.  0.  0.  1.  4.  3.  1.  4.
  9. 13.  5. 18.  0.  2. 10.  1.  2. 20. 24.  0.  8.  1.  1.  0.  0. 11.
  4.  1.  1.  2. 15.  4.  1.  4.  1. 12. 20. 20.  1.  4. 15.  0.  2.  0.
  3.  0.  1. 21.  1.  1.  1.  3.  1.  5.  0. 19.  0.  1.  0.  1.  2.  0.
  1. 10.  0.  1. 14.  8.  0.  1. 20.  8. 20.  9. 15. 14. 15.  1.  6.  9.
  1.  5. 15. 15.  4. 20. 14.  2.  5.  0.  2. 13. 11.  1. 19.  1.  2.  4.
  5.  5.  5.  1. 20.  3.  1.  7. 15.  0.  3. 17.  7.  2. 21.  1.  4.  6.
  9.  4.]
	Total error:
	 1329.0
	Test error:
	 17212.0
	Time:
	 01:09:50
