Included 32 edge cases.
Included 168 random cases.
Included 200 cases in total.
Finished formatting.
Included 0 edge cases.
Included 2000 random cases.
Included 2000 cases in total.
Finished formatting.
========================================
Setup
========================================
Search Configuration:
signature: ProgramSignature(output_stacks=['int'], push_config=PushConfig(numeric_magnitude_limit=1000000000000.0, step_limit=1500, collection_size_cap=1000, growth_cap=500, runtime_limit=10), arity=1)
evaluator: <pyshgp.gp.evaluation.DatasetEvaluator object at 0x7f966d3553d0>
spawner: <pyshgp.gp.genome.GeneSpawner object at 0x7f96ac3af970>
population_size: 200
max_generations: 300
error_threshold: 0.0
initial_genome_size: (50, 250)
simplification_steps: 500
parallel_context: <pyshgp.gp.search.ParallelContext object at 0x7f966d355a30>
selection: <pyshgp.utils.DiscreteProbDistrib object at 0x7f96ac503900>
variation: <pyshgp.utils.DiscreteProbDistrib object at 0x7f966df2fc00>
Instructions:
int_add, int_sub, int_mult, int_div, int_mod, int_min, int_max, int_inc, int_dec, int_lt, int_lte, int_gt, int_gte, int_from_bool, bool_and, bool_or, bool_not, bool_xor, bool_invert_first_then_and, bool_second_first_then_and, bool_from_int, noop, noop_open, exec_do_range, exec_do_count, exec_while, exec_do_while, exec_if, exec_when, vector_int_concat, vector_int_conj, vector_int_take, vector_int_subvec, vector_int_first, vector_int_last, vector_int_nth, vector_int_rest, vector_int_but_last, vector_int_length, vector_int_reverse, vector_int_push_all, vector_int_empty_vector, vector_int_contains, vector_int_index_of, vector_int_occurrences_of, vector_int_set_nth, vector_int_replace, vector_int_replace_first, vector_int_remove, vector_int_iterate, print_bool, println_bool, print_int, println_int, print_vector_int, println_vector_int, print_exec, println_exec, bool_pop, bool_dup, bool_dup_times, bool_swap, bool_rot, bool_flush, bool_eq, bool_stack_depth, bool_yank, bool_yank_dup, bool_shove, bool_shove_dup, bool_is_empty, int_pop, int_dup, int_dup_times, int_swap, int_rot, int_flush, int_eq, int_stack_depth, int_yank, int_yank_dup, int_shove, int_shove_dup, int_is_empty, vector_int_pop, vector_int_dup, vector_int_dup_times, vector_int_swap, vector_int_rot, vector_int_flush, vector_int_eq, vector_int_stack_depth, vector_int_yank, vector_int_yank_dup, vector_int_shove, vector_int_shove_dup, vector_int_is_empty, exec_pop, exec_dup, exec_dup_times, exec_swap, exec_rot, exec_flush, exec_eq, exec_stack_depth, exec_yank, exec_yank_dup, exec_shove, exec_shove_dup, exec_is_empty
Literals:
[Literal(value=0, push_type=<pyshgp.push.types.PushIntType object at 0x7f96ac500700>), Literal(value=1, push_type=<pyshgp.push.types.PushIntType object at 0x7f96ac500700>), Literal(value=2, push_type=<pyshgp.push.types.PushIntType object at 0x7f96ac500700>)]
ERC Generators:
[<function rand_int at 0x7f966e60d790>]
========================================
Start Run
========================================
2021-12-22 01:22:02.092838 | GENERATION: 1 | ERRORS: best=1891.0, median=2217.0, diversity=0.025 | INDIVIDUALS: n=200, avg_genome_length=139.075 | VIRUSES: gene_rate=0.000
2021-12-22 01:22:09.478457 | GENERATION: 2 | ERRORS: best=1887.0, median=2105.0, diversity=0.09 | INDIVIDUALS: n=200, avg_genome_length=105.6 | VIRUSES: gene_rate=0.000
2021-12-22 01:22:16.488639 | GENERATION: 3 | ERRORS: best=1885.0, median=2217.0, diversity=0.135 | INDIVIDUALS: n=200, avg_genome_length=107.245 | VIRUSES: gene_rate=0.000
2021-12-22 01:22:24.520640 | GENERATION: 4 | ERRORS: best=1885.0, median=2217.0, diversity=0.225 | INDIVIDUALS: n=200, avg_genome_length=104.565 | VIRUSES: gene_rate=0.000
2021-12-22 01:22:32.058326 | GENERATION: 5 | ERRORS: best=1760.0, median=2217.0, diversity=0.275 | INDIVIDUALS: n=200, avg_genome_length=106.47 | VIRUSES: gene_rate=0.000
2021-12-22 01:22:40.679878 | GENERATION: 6 | ERRORS: best=1760.0, median=2217.0, diversity=0.33 | INDIVIDUALS: n=200, avg_genome_length=109.355 | VIRUSES: gene_rate=0.000
2021-12-22 01:22:51.265256 | GENERATION: 7 | ERRORS: best=1760.0, median=2367.0, diversity=0.4 | INDIVIDUALS: n=200, avg_genome_length=107.445 | VIRUSES: gene_rate=0.000
2021-12-22 01:23:01.889464 | GENERATION: 8 | ERRORS: best=1760.0, median=2685.0, diversity=0.48 | INDIVIDUALS: n=200, avg_genome_length=105.795 | VIRUSES: gene_rate=0.000
2021-12-22 01:23:15.999875 | GENERATION: 9 | ERRORS: best=1760.0, median=3127.0, diversity=0.56 | INDIVIDUALS: n=200, avg_genome_length=103.665 | VIRUSES: gene_rate=0.000
2021-12-22 01:23:35.166108 | GENERATION: 10 | ERRORS: best=1760.0, median=2670.0, diversity=0.52 | INDIVIDUALS: n=200, avg_genome_length=103.945 | VIRUSES: gene_rate=0.000
2021-12-22 01:23:46.536875 | GENERATION: 11 | ERRORS: best=1760.0, median=2231.0, diversity=0.48 | INDIVIDUALS: n=200, avg_genome_length=106.04 | VIRUSES: gene_rate=0.000
2021-12-22 01:23:58.212481 | GENERATION: 12 | ERRORS: best=1759.0, median=2228.5, diversity=0.52 | INDIVIDUALS: n=200, avg_genome_length=106.09 | VIRUSES: gene_rate=0.000
2021-12-22 01:24:09.083699 | GENERATION: 13 | ERRORS: best=1759.0, median=2566.5, diversity=0.565 | INDIVIDUALS: n=200, avg_genome_length=102.145 | VIRUSES: gene_rate=0.000
2021-12-22 01:24:21.198427 | GENERATION: 14 | ERRORS: best=1691.0, median=2238.0, diversity=0.6 | INDIVIDUALS: n=200, avg_genome_length=102.675 | VIRUSES: gene_rate=0.000
2021-12-22 01:24:33.514025 | GENERATION: 15 | ERRORS: best=1367.0, median=2253.0, diversity=0.59 | INDIVIDUALS: n=200, avg_genome_length=101.525 | VIRUSES: gene_rate=0.000
2021-12-22 01:24:44.071671 | GENERATION: 16 | ERRORS: best=1369.0, median=2530.0, diversity=0.565 | INDIVIDUALS: n=200, avg_genome_length=103.65 | VIRUSES: gene_rate=0.000
2021-12-22 01:24:55.001779 | GENERATION: 17 | ERRORS: best=1369.0, median=2415.5, diversity=0.6 | INDIVIDUALS: n=200, avg_genome_length=101.395 | VIRUSES: gene_rate=0.000
2021-12-22 01:25:05.393551 | GENERATION: 18 | ERRORS: best=1367.0, median=2319.0, diversity=0.64 | INDIVIDUALS: n=200, avg_genome_length=99.76 | VIRUSES: gene_rate=0.000
2021-12-22 01:25:15.959323 | GENERATION: 19 | ERRORS: best=1367.0, median=2319.0, diversity=0.605 | INDIVIDUALS: n=200, avg_genome_length=97.97 | VIRUSES: gene_rate=0.000
2021-12-22 01:25:28.349288 | GENERATION: 20 | ERRORS: best=1367.0, median=2685.0, diversity=0.665 | INDIVIDUALS: n=200, avg_genome_length=96.975 | VIRUSES: gene_rate=0.000
2021-12-22 01:25:48.832797 | GENERATION: 21 | ERRORS: best=1367.0, median=2415.0, diversity=0.68 | INDIVIDUALS: n=200, avg_genome_length=95.67 | VIRUSES: gene_rate=0.000
2021-12-22 01:26:02.075649 | GENERATION: 22 | ERRORS: best=1345.0, median=2341.5, diversity=0.66 | INDIVIDUALS: n=200, avg_genome_length=97.445 | VIRUSES: gene_rate=0.000
2021-12-22 01:26:17.245031 | GENERATION: 23 | ERRORS: best=1345.0, median=2574.0, diversity=0.685 | INDIVIDUALS: n=200, avg_genome_length=96.525 | VIRUSES: gene_rate=0.000
2021-12-22 01:26:34.503665 | GENERATION: 24 | ERRORS: best=1462.0, median=2763.0, diversity=0.62 | INDIVIDUALS: n=200, avg_genome_length=98.19 | VIRUSES: gene_rate=0.000
2021-12-22 01:26:51.186957 | GENERATION: 25 | ERRORS: best=1375.0, median=4530.0, diversity=0.68 | INDIVIDUALS: n=200, avg_genome_length=97.565 | VIRUSES: gene_rate=0.000
2021-12-22 01:27:03.056254 | GENERATION: 26 | ERRORS: best=1375.0, median=3237.5, diversity=0.675 | INDIVIDUALS: n=200, avg_genome_length=97.29 | VIRUSES: gene_rate=0.000
2021-12-22 01:27:19.130268 | GENERATION: 27 | ERRORS: best=1356.0, median=3379.0, diversity=0.705 | INDIVIDUALS: n=200, avg_genome_length=97.015 | VIRUSES: gene_rate=0.000
2021-12-22 01:27:34.145018 | GENERATION: 28 | ERRORS: best=1342.0, median=7891.0, diversity=0.725 | INDIVIDUALS: n=200, avg_genome_length=94.61 | VIRUSES: gene_rate=0.000
2021-12-22 01:27:48.508534 | GENERATION: 29 | ERRORS: best=1342.0, median=25111.0, diversity=0.71 | INDIVIDUALS: n=200, avg_genome_length=94.445 | VIRUSES: gene_rate=0.000
2021-12-22 01:28:05.923196 | GENERATION: 30 | ERRORS: best=1342.0, median=12598.5, diversity=0.7 | INDIVIDUALS: n=200, avg_genome_length=92.185 | VIRUSES: gene_rate=0.000
2021-12-22 01:28:23.552029 | GENERATION: 31 | ERRORS: best=1334.0, median=4999.5, diversity=0.7 | INDIVIDUALS: n=200, avg_genome_length=92.275 | VIRUSES: gene_rate=0.000
2021-12-22 01:28:43.080592 | GENERATION: 32 | ERRORS: best=1333.0, median=3990.0, diversity=0.73 | INDIVIDUALS: n=200, avg_genome_length=90.165 | VIRUSES: gene_rate=0.000
2021-12-22 01:29:05.561744 | GENERATION: 33 | ERRORS: best=1333.0, median=5453.0, diversity=0.735 | INDIVIDUALS: n=200, avg_genome_length=89.03 | VIRUSES: gene_rate=0.000
2021-12-22 01:29:28.787652 | GENERATION: 34 | ERRORS: best=1342.0, median=3339.0, diversity=0.74 | INDIVIDUALS: n=200, avg_genome_length=86.785 | VIRUSES: gene_rate=0.000
2021-12-22 01:29:57.786214 | GENERATION: 35 | ERRORS: best=1313.0, median=38692.0, diversity=0.745 | INDIVIDUALS: n=200, avg_genome_length=83.635 | VIRUSES: gene_rate=0.000
2021-12-22 01:30:19.424835 | GENERATION: 36 | ERRORS: best=1313.0, median=2805.5, diversity=0.67 | INDIVIDUALS: n=200, avg_genome_length=82.88 | VIRUSES: gene_rate=0.000
2021-12-22 01:30:40.623642 | GENERATION: 37 | ERRORS: best=1313.0, median=3267.5, diversity=0.74 | INDIVIDUALS: n=200, avg_genome_length=82.525 | VIRUSES: gene_rate=0.000
2021-12-22 01:31:02.114703 | GENERATION: 38 | ERRORS: best=1313.0, median=2977.5, diversity=0.665 | INDIVIDUALS: n=200, avg_genome_length=82.175 | VIRUSES: gene_rate=0.000
2021-12-22 01:31:23.495697 | GENERATION: 39 | ERRORS: best=1313.0, median=8534.5, diversity=0.69 | INDIVIDUALS: n=200, avg_genome_length=80.555 | VIRUSES: gene_rate=0.000
2021-12-22 01:31:46.542419 | GENERATION: 40 | ERRORS: best=1313.0, median=4878.0, diversity=0.695 | INDIVIDUALS: n=200, avg_genome_length=77.2 | VIRUSES: gene_rate=0.000
2021-12-22 01:32:06.519590 | GENERATION: 41 | ERRORS: best=1313.0, median=21173.5, diversity=0.71 | INDIVIDUALS: n=200, avg_genome_length=76.395 | VIRUSES: gene_rate=0.000
2021-12-22 01:32:27.908147 | GENERATION: 42 | ERRORS: best=1313.0, median=6192.5, diversity=0.66 | INDIVIDUALS: n=200, avg_genome_length=74.575 | VIRUSES: gene_rate=0.000
2021-12-22 01:32:50.688998 | GENERATION: 43 | ERRORS: best=1313.0, median=4578.0, diversity=0.72 | INDIVIDUALS: n=200, avg_genome_length=74.125 | VIRUSES: gene_rate=0.000
2021-12-22 01:33:10.137457 | GENERATION: 44 | ERRORS: best=1288.0, median=2217.5, diversity=0.72 | INDIVIDUALS: n=200, avg_genome_length=74.35 | VIRUSES: gene_rate=0.000
2021-12-22 01:33:32.451694 | GENERATION: 45 | ERRORS: best=1288.0, median=2217.0, diversity=0.76 | INDIVIDUALS: n=200, avg_genome_length=70.31 | VIRUSES: gene_rate=0.000
2021-12-22 01:33:57.998674 | GENERATION: 46 | ERRORS: best=1297.0, median=3190.0, diversity=0.78 | INDIVIDUALS: n=200, avg_genome_length=70.32 | VIRUSES: gene_rate=0.000
2021-12-22 01:34:20.982226 | GENERATION: 47 | ERRORS: best=1297.0, median=2217.0, diversity=0.765 | INDIVIDUALS: n=200, avg_genome_length=70.355 | VIRUSES: gene_rate=0.000
2021-12-22 01:34:45.126218 | GENERATION: 48 | ERRORS: best=1297.0, median=2734.5, diversity=0.78 | INDIVIDUALS: n=200, avg_genome_length=69.555 | VIRUSES: gene_rate=0.000
2021-12-22 01:35:08.501441 | GENERATION: 49 | ERRORS: best=1297.0, median=32423.0, diversity=0.79 | INDIVIDUALS: n=200, avg_genome_length=67.3 | VIRUSES: gene_rate=0.000
2021-12-22 01:35:34.769958 | GENERATION: 50 | ERRORS: best=1297.0, median=2217.0, diversity=0.765 | INDIVIDUALS: n=200, avg_genome_length=66.03 | VIRUSES: gene_rate=0.000
2021-12-22 01:36:01.158816 | GENERATION: 51 | ERRORS: best=1288.0, median=2158.0, diversity=0.79 | INDIVIDUALS: n=200, avg_genome_length=65.615 | VIRUSES: gene_rate=0.000
2021-12-22 01:36:26.239245 | GENERATION: 52 | ERRORS: best=1287.0, median=2169.5, diversity=0.74 | INDIVIDUALS: n=200, avg_genome_length=64.255 | VIRUSES: gene_rate=0.000
2021-12-22 01:36:58.877205 | GENERATION: 53 | ERRORS: best=1277.0, median=2217.0, diversity=0.675 | INDIVIDUALS: n=200, avg_genome_length=65.16 | VIRUSES: gene_rate=0.000
2021-12-22 01:37:24.399409 | GENERATION: 54 | ERRORS: best=1287.0, median=2519.5, diversity=0.745 | INDIVIDUALS: n=200, avg_genome_length=64.335 | VIRUSES: gene_rate=0.000
2021-12-22 01:37:45.237690 | GENERATION: 55 | ERRORS: best=1292.0, median=2217.0, diversity=0.725 | INDIVIDUALS: n=200, avg_genome_length=65.03 | VIRUSES: gene_rate=0.000
2021-12-22 01:38:07.581649 | GENERATION: 56 | ERRORS: best=1328.0, median=2105.0, diversity=0.695 | INDIVIDUALS: n=200, avg_genome_length=64.715 | VIRUSES: gene_rate=0.000
2021-12-22 01:38:30.419231 | GENERATION: 57 | ERRORS: best=1319.0, median=3447.5, diversity=0.82 | INDIVIDUALS: n=200, avg_genome_length=63.215 | VIRUSES: gene_rate=0.000
2021-12-22 01:39:20.441514 | GENERATION: 58 | ERRORS: best=1319.0, median=3803.5, diversity=0.8 | INDIVIDUALS: n=200, avg_genome_length=63.44 | VIRUSES: gene_rate=0.000
2021-12-22 01:39:45.411759 | GENERATION: 59 | ERRORS: best=1319.0, median=2785.0, diversity=0.77 | INDIVIDUALS: n=200, avg_genome_length=62.23 | VIRUSES: gene_rate=0.000
2021-12-22 01:40:09.225870 | GENERATION: 60 | ERRORS: best=1319.0, median=2217.0, diversity=0.74 | INDIVIDUALS: n=200, avg_genome_length=63.125 | VIRUSES: gene_rate=0.000
2021-12-22 01:40:31.661552 | GENERATION: 61 | ERRORS: best=1369.0, median=2313.0, diversity=0.74 | INDIVIDUALS: n=200, avg_genome_length=63.82 | VIRUSES: gene_rate=0.000
2021-12-22 01:40:54.112204 | GENERATION: 62 | ERRORS: best=1369.0, median=11151.0, diversity=0.745 | INDIVIDUALS: n=200, avg_genome_length=61.465 | VIRUSES: gene_rate=0.000
2021-12-22 01:41:18.169932 | GENERATION: 63 | ERRORS: best=1324.0, median=37144.0, diversity=0.77 | INDIVIDUALS: n=200, avg_genome_length=59.92 | VIRUSES: gene_rate=0.000
2021-12-22 01:41:39.751865 | GENERATION: 64 | ERRORS: best=1313.0, median=2217.0, diversity=0.745 | INDIVIDUALS: n=200, avg_genome_length=61.19 | VIRUSES: gene_rate=0.000
2021-12-22 01:41:56.019046 | GENERATION: 65 | ERRORS: best=1313.0, median=2104.0, diversity=0.71 | INDIVIDUALS: n=200, avg_genome_length=64.53 | VIRUSES: gene_rate=0.000
2021-12-22 01:42:14.885395 | GENERATION: 66 | ERRORS: best=1313.0, median=2217.0, diversity=0.68 | INDIVIDUALS: n=200, avg_genome_length=62.485 | VIRUSES: gene_rate=0.000
2021-12-22 01:42:32.440722 | GENERATION: 67 | ERRORS: best=1313.0, median=2089.5, diversity=0.68 | INDIVIDUALS: n=200, avg_genome_length=64.19 | VIRUSES: gene_rate=0.000
2021-12-22 01:42:50.567356 | GENERATION: 68 | ERRORS: best=1313.0, median=2217.5, diversity=0.77 | INDIVIDUALS: n=200, avg_genome_length=63.52 | VIRUSES: gene_rate=0.000
2021-12-22 01:43:10.047489 | GENERATION: 69 | ERRORS: best=1313.0, median=2224.0, diversity=0.715 | INDIVIDUALS: n=200, avg_genome_length=63.015 | VIRUSES: gene_rate=0.000
2021-12-22 01:43:29.702833 | GENERATION: 70 | ERRORS: best=1313.0, median=2217.0, diversity=0.7 | INDIVIDUALS: n=200, avg_genome_length=62.605 | VIRUSES: gene_rate=0.000
2021-12-22 01:43:49.783467 | GENERATION: 71 | ERRORS: best=1313.0, median=110995.0, diversity=0.725 | INDIVIDUALS: n=200, avg_genome_length=60.77 | VIRUSES: gene_rate=0.000
2021-12-22 01:44:06.663613 | GENERATION: 72 | ERRORS: best=1316.0, median=2217.0, diversity=0.765 | INDIVIDUALS: n=200, avg_genome_length=62.595 | VIRUSES: gene_rate=0.000
2021-12-22 01:44:23.633118 | GENERATION: 73 | ERRORS: best=1316.0, median=2105.0, diversity=0.76 | INDIVIDUALS: n=200, avg_genome_length=62.185 | VIRUSES: gene_rate=0.000
2021-12-22 01:44:40.194486 | GENERATION: 74 | ERRORS: best=1316.0, median=2217.0, diversity=0.695 | INDIVIDUALS: n=200, avg_genome_length=61.9 | VIRUSES: gene_rate=0.000
2021-12-22 01:44:58.611185 | GENERATION: 75 | ERRORS: best=1316.0, median=2105.0, diversity=0.72 | INDIVIDUALS: n=200, avg_genome_length=61.615 | VIRUSES: gene_rate=0.000
2021-12-22 01:45:14.638137 | GENERATION: 76 | ERRORS: best=1296.0, median=2105.0, diversity=0.75 | INDIVIDUALS: n=200, avg_genome_length=61.47 | VIRUSES: gene_rate=0.000
2021-12-22 01:45:35.250489 | GENERATION: 77 | ERRORS: best=1296.0, median=2217.0, diversity=0.73 | INDIVIDUALS: n=200, avg_genome_length=58.905 | VIRUSES: gene_rate=0.000
2021-12-22 01:45:54.095616 | GENERATION: 78 | ERRORS: best=1296.0, median=2218.0, diversity=0.735 | INDIVIDUALS: n=200, avg_genome_length=58.955 | VIRUSES: gene_rate=0.000
2021-12-22 01:46:15.910042 | GENERATION: 79 | ERRORS: best=1296.0, median=2364.0, diversity=0.75 | INDIVIDUALS: n=200, avg_genome_length=56.5 | VIRUSES: gene_rate=0.000
2021-12-22 01:46:36.666646 | GENERATION: 80 | ERRORS: best=1296.0, median=2172.0, diversity=0.705 | INDIVIDUALS: n=200, avg_genome_length=56.81 | VIRUSES: gene_rate=0.000
2021-12-22 01:46:55.304027 | GENERATION: 81 | ERRORS: best=1296.0, median=2105.0, diversity=0.735 | INDIVIDUALS: n=200, avg_genome_length=57.005 | VIRUSES: gene_rate=0.000
2021-12-22 01:47:11.402006 | GENERATION: 82 | ERRORS: best=1296.0, median=2105.0, diversity=0.71 | INDIVIDUALS: n=200, avg_genome_length=57.82 | VIRUSES: gene_rate=0.000
2021-12-22 01:47:30.459683 | GENERATION: 83 | ERRORS: best=1296.0, median=2275.0, diversity=0.78 | INDIVIDUALS: n=200, avg_genome_length=54.935 | VIRUSES: gene_rate=0.000
2021-12-22 01:47:50.313807 | GENERATION: 84 | ERRORS: best=1313.0, median=2105.0, diversity=0.785 | INDIVIDUALS: n=200, avg_genome_length=54.55 | VIRUSES: gene_rate=0.000
2021-12-22 01:48:10.112306 | GENERATION: 85 | ERRORS: best=1297.0, median=2219.5, diversity=0.8 | INDIVIDUALS: n=200, avg_genome_length=52.74 | VIRUSES: gene_rate=0.000
2021-12-22 01:48:30.339864 | GENERATION: 86 | ERRORS: best=1297.0, median=2101.5, diversity=0.77 | INDIVIDUALS: n=200, avg_genome_length=53.515 | VIRUSES: gene_rate=0.000
2021-12-22 01:49:05.328743 | GENERATION: 87 | ERRORS: best=1297.0, median=2214.0, diversity=0.745 | INDIVIDUALS: n=200, avg_genome_length=52.275 | VIRUSES: gene_rate=0.000
2021-12-22 01:49:47.708732 | GENERATION: 88 | ERRORS: best=1297.0, median=2124.5, diversity=0.705 | INDIVIDUALS: n=200, avg_genome_length=50.115 | VIRUSES: gene_rate=0.000
2021-12-22 01:50:06.337487 | GENERATION: 89 | ERRORS: best=1297.0, median=2253.5, diversity=0.785 | INDIVIDUALS: n=200, avg_genome_length=51.925 | VIRUSES: gene_rate=0.000
2021-12-22 01:50:24.487936 | GENERATION: 90 | ERRORS: best=1296.0, median=2100.5, diversity=0.705 | INDIVIDUALS: n=200, avg_genome_length=50.815 | VIRUSES: gene_rate=0.000
2021-12-22 01:50:42.135947 | GENERATION: 91 | ERRORS: best=1310.0, median=2097.0, diversity=0.745 | INDIVIDUALS: n=200, avg_genome_length=49.975 | VIRUSES: gene_rate=0.000
2021-12-22 01:51:00.585163 | GENERATION: 92 | ERRORS: best=1310.0, median=1980.0, diversity=0.695 | INDIVIDUALS: n=200, avg_genome_length=52.05 | VIRUSES: gene_rate=0.000
2021-12-22 01:51:14.341196 | GENERATION: 93 | ERRORS: best=1297.0, median=1934.0, diversity=0.715 | INDIVIDUALS: n=200, avg_genome_length=53.085 | VIRUSES: gene_rate=0.000
2021-12-22 01:51:30.217635 | GENERATION: 94 | ERRORS: best=1299.0, median=2005.0, diversity=0.735 | INDIVIDUALS: n=200, avg_genome_length=51.925 | VIRUSES: gene_rate=0.000
2021-12-22 01:51:43.505609 | GENERATION: 95 | ERRORS: best=1296.0, median=2105.0, diversity=0.72 | INDIVIDUALS: n=200, avg_genome_length=52.56 | VIRUSES: gene_rate=0.000
2021-12-22 01:51:57.778386 | GENERATION: 96 | ERRORS: best=1296.0, median=2031.5, diversity=0.785 | INDIVIDUALS: n=200, avg_genome_length=51.87 | VIRUSES: gene_rate=0.000
2021-12-22 01:52:10.250257 | GENERATION: 97 | ERRORS: best=1296.0, median=2081.0, diversity=0.75 | INDIVIDUALS: n=200, avg_genome_length=52.065 | VIRUSES: gene_rate=0.000
2021-12-22 01:52:20.663079 | GENERATION: 98 | ERRORS: best=1302.0, median=2018.5, diversity=0.735 | INDIVIDUALS: n=200, avg_genome_length=53.61 | VIRUSES: gene_rate=0.000
2021-12-22 01:52:31.871224 | GENERATION: 99 | ERRORS: best=1299.0, median=1943.5, diversity=0.68 | INDIVIDUALS: n=200, avg_genome_length=52.8 | VIRUSES: gene_rate=0.000
2021-12-22 01:52:43.840899 | GENERATION: 100 | ERRORS: best=1296.0, median=2000.0, diversity=0.695 | INDIVIDUALS: n=200, avg_genome_length=52.205 | VIRUSES: gene_rate=0.000
2021-12-22 01:52:59.318796 | GENERATION: 101 | ERRORS: best=1296.0, median=1972.0, diversity=0.785 | INDIVIDUALS: n=200, avg_genome_length=49.72 | VIRUSES: gene_rate=0.000
2021-12-22 01:53:14.096223 | GENERATION: 102 | ERRORS: best=1296.0, median=2111.0, diversity=0.725 | INDIVIDUALS: n=200, avg_genome_length=48.75 | VIRUSES: gene_rate=0.000
2021-12-22 01:53:28.201749 | GENERATION: 103 | ERRORS: best=1296.0, median=1974.5, diversity=0.735 | INDIVIDUALS: n=200, avg_genome_length=47.675 | VIRUSES: gene_rate=0.000
2021-12-22 01:53:42.316484 | GENERATION: 104 | ERRORS: best=1296.0, median=2032.5, diversity=0.715 | INDIVIDUALS: n=200, avg_genome_length=47.475 | VIRUSES: gene_rate=0.000
2021-12-22 01:53:57.164763 | GENERATION: 105 | ERRORS: best=1296.0, median=2117.5, diversity=0.68 | INDIVIDUALS: n=200, avg_genome_length=45.72 | VIRUSES: gene_rate=0.000
2021-12-22 01:54:10.946937 | GENERATION: 106 | ERRORS: best=1312.0, median=2117.5, diversity=0.715 | INDIVIDUALS: n=200, avg_genome_length=45.765 | VIRUSES: gene_rate=0.000
2021-12-22 01:54:59.745154 | GENERATION: 107 | ERRORS: best=1310.0, median=2015.5, diversity=0.745 | INDIVIDUALS: n=200, avg_genome_length=45.325 | VIRUSES: gene_rate=0.000
2021-12-22 01:55:15.388228 | GENERATION: 108 | ERRORS: best=1310.0, median=2086.5, diversity=0.725 | INDIVIDUALS: n=200, avg_genome_length=44.205 | VIRUSES: gene_rate=0.000
2021-12-22 01:55:31.746976 | GENERATION: 109 | ERRORS: best=1299.0, median=2217.0, diversity=0.76 | INDIVIDUALS: n=200, avg_genome_length=43.65 | VIRUSES: gene_rate=0.000
2021-12-22 01:55:49.161904 | GENERATION: 110 | ERRORS: best=1310.0, median=2071.5, diversity=0.75 | INDIVIDUALS: n=200, avg_genome_length=43.82 | VIRUSES: gene_rate=0.000
2021-12-22 01:56:04.977555 | GENERATION: 111 | ERRORS: best=1313.0, median=2104.0, diversity=0.695 | INDIVIDUALS: n=200, avg_genome_length=42.945 | VIRUSES: gene_rate=0.000
2021-12-22 01:56:23.713188 | GENERATION: 112 | ERRORS: best=1313.0, median=15360.5, diversity=0.72 | INDIVIDUALS: n=200, avg_genome_length=40.62 | VIRUSES: gene_rate=0.000
2021-12-22 01:56:42.318065 | GENERATION: 113 | ERRORS: best=1313.0, median=11355.0, diversity=0.79 | INDIVIDUALS: n=200, avg_genome_length=40.515 | VIRUSES: gene_rate=0.000
2021-12-22 01:56:58.024399 | GENERATION: 114 | ERRORS: best=1313.0, median=2129.0, diversity=0.675 | INDIVIDUALS: n=200, avg_genome_length=41.255 | VIRUSES: gene_rate=0.000
2021-12-22 01:57:26.799437 | GENERATION: 115 | ERRORS: best=1310.0, median=2102.5, diversity=0.74 | INDIVIDUALS: n=200, avg_genome_length=43.515 | VIRUSES: gene_rate=0.000
2021-12-22 01:57:55.478941 | GENERATION: 116 | ERRORS: best=1297.0, median=2183.5, diversity=0.73 | INDIVIDUALS: n=200, avg_genome_length=41.115 | VIRUSES: gene_rate=0.000
2021-12-22 01:58:10.940423 | GENERATION: 117 | ERRORS: best=1297.0, median=2105.0, diversity=0.735 | INDIVIDUALS: n=200, avg_genome_length=41.71 | VIRUSES: gene_rate=0.000
2021-12-22 01:58:43.992031 | GENERATION: 118 | ERRORS: best=1297.0, median=2139.5, diversity=0.695 | INDIVIDUALS: n=200, avg_genome_length=44.47 | VIRUSES: gene_rate=0.000
2021-12-22 01:58:53.304087 | GENERATION: 119 | ERRORS: best=1313.0, median=1963.5, diversity=0.665 | INDIVIDUALS: n=200, avg_genome_length=46.665 | VIRUSES: gene_rate=0.000
2021-12-22 01:59:19.195587 | GENERATION: 120 | ERRORS: best=1297.0, median=1944.0, diversity=0.685 | INDIVIDUALS: n=200, avg_genome_length=45.51 | VIRUSES: gene_rate=0.000
2021-12-22 01:59:28.534194 | GENERATION: 121 | ERRORS: best=1313.0, median=1991.5, diversity=0.725 | INDIVIDUALS: n=200, avg_genome_length=45.975 | VIRUSES: gene_rate=0.000
2021-12-22 01:59:36.878578 | GENERATION: 122 | ERRORS: best=1297.0, median=1940.5, diversity=0.695 | INDIVIDUALS: n=200, avg_genome_length=45.69 | VIRUSES: gene_rate=0.000
2021-12-22 01:59:45.322590 | GENERATION: 123 | ERRORS: best=1312.0, median=1948.5, diversity=0.705 | INDIVIDUALS: n=200, avg_genome_length=47.805 | VIRUSES: gene_rate=0.000
2021-12-22 01:59:55.607755 | GENERATION: 124 | ERRORS: best=1312.0, median=1944.0, diversity=0.75 | INDIVIDUALS: n=200, avg_genome_length=44.42 | VIRUSES: gene_rate=0.000
2021-12-22 02:00:06.381808 | GENERATION: 125 | ERRORS: best=1312.0, median=1944.0, diversity=0.71 | INDIVIDUALS: n=200, avg_genome_length=43.635 | VIRUSES: gene_rate=0.000
2021-12-22 02:00:17.918064 | GENERATION: 126 | ERRORS: best=1312.0, median=1931.0, diversity=0.695 | INDIVIDUALS: n=200, avg_genome_length=43.105 | VIRUSES: gene_rate=0.000
2021-12-22 02:00:29.915111 | GENERATION: 127 | ERRORS: best=1312.0, median=1944.0, diversity=0.685 | INDIVIDUALS: n=200, avg_genome_length=42.14 | VIRUSES: gene_rate=0.000
2021-12-22 02:00:39.548497 | GENERATION: 128 | ERRORS: best=1312.0, median=1995.5, diversity=0.735 | INDIVIDUALS: n=200, avg_genome_length=41.915 | VIRUSES: gene_rate=0.000
2021-12-22 02:00:47.062195 | GENERATION: 129 | ERRORS: best=1297.0, median=1944.0, diversity=0.68 | INDIVIDUALS: n=200, avg_genome_length=42.255 | VIRUSES: gene_rate=0.000
2021-12-22 02:00:54.686584 | GENERATION: 130 | ERRORS: best=1333.0, median=1944.0, diversity=0.705 | INDIVIDUALS: n=200, avg_genome_length=43.28 | VIRUSES: gene_rate=0.000
2021-12-22 02:01:02.139723 | GENERATION: 131 | ERRORS: best=1333.0, median=1947.0, diversity=0.7 | INDIVIDUALS: n=200, avg_genome_length=43.86 | VIRUSES: gene_rate=0.000
2021-12-22 02:01:09.144166 | GENERATION: 132 | ERRORS: best=1334.0, median=1945.0, diversity=0.75 | INDIVIDUALS: n=200, avg_genome_length=42.425 | VIRUSES: gene_rate=0.000
2021-12-22 02:01:16.011417 | GENERATION: 133 | ERRORS: best=1342.0, median=2012.0, diversity=0.72 | INDIVIDUALS: n=200, avg_genome_length=42.705 | VIRUSES: gene_rate=0.000
2021-12-22 02:01:21.778390 | GENERATION: 134 | ERRORS: best=1342.0, median=1946.0, diversity=0.71 | INDIVIDUALS: n=200, avg_genome_length=42.47 | VIRUSES: gene_rate=0.000
2021-12-22 02:01:28.603997 | GENERATION: 135 | ERRORS: best=1333.0, median=1944.0, diversity=0.665 | INDIVIDUALS: n=200, avg_genome_length=42.79 | VIRUSES: gene_rate=0.000
2021-12-22 02:01:35.657006 | GENERATION: 136 | ERRORS: best=1333.0, median=1944.0, diversity=0.71 | INDIVIDUALS: n=200, avg_genome_length=43.47 | VIRUSES: gene_rate=0.000
2021-12-22 02:01:39.505998 | GENERATION: 137 | ERRORS: best=1333.0, median=1944.0, diversity=0.745 | INDIVIDUALS: n=200, avg_genome_length=44.03 | VIRUSES: gene_rate=0.000
2021-12-22 02:01:45.613839 | GENERATION: 138 | ERRORS: best=1342.0, median=1975.5, diversity=0.73 | INDIVIDUALS: n=200, avg_genome_length=44.335 | VIRUSES: gene_rate=0.000
2021-12-22 02:01:50.787418 | GENERATION: 139 | ERRORS: best=1342.0, median=1944.0, diversity=0.745 | INDIVIDUALS: n=200, avg_genome_length=46.17 | VIRUSES: gene_rate=0.000
2021-12-22 02:02:00.225079 | GENERATION: 140 | ERRORS: best=1333.0, median=1944.0, diversity=0.76 | INDIVIDUALS: n=200, avg_genome_length=45.355 | VIRUSES: gene_rate=0.000
2021-12-22 02:02:14.486710 | GENERATION: 141 | ERRORS: best=1333.0, median=1947.5, diversity=0.73 | INDIVIDUALS: n=200, avg_genome_length=45.535 | VIRUSES: gene_rate=0.000
2021-12-22 02:02:21.803059 | GENERATION: 142 | ERRORS: best=1334.0, median=2104.5, diversity=0.745 | INDIVIDUALS: n=200, avg_genome_length=46.735 | VIRUSES: gene_rate=0.000
2021-12-22 02:02:32.201907 | GENERATION: 143 | ERRORS: best=1334.0, median=2038.0, diversity=0.76 | INDIVIDUALS: n=200, avg_genome_length=47.36 | VIRUSES: gene_rate=0.000
2021-12-22 02:02:39.909906 | GENERATION: 144 | ERRORS: best=1334.0, median=2154.0, diversity=0.77 | INDIVIDUALS: n=200, avg_genome_length=46.755 | VIRUSES: gene_rate=0.000
2021-12-22 02:02:48.178385 | GENERATION: 145 | ERRORS: best=1333.0, median=2118.5, diversity=0.745 | INDIVIDUALS: n=200, avg_genome_length=46.65 | VIRUSES: gene_rate=0.000
2021-12-22 02:02:55.647129 | GENERATION: 146 | ERRORS: best=1344.0, median=2128.0, diversity=0.77 | INDIVIDUALS: n=200, avg_genome_length=46.24 | VIRUSES: gene_rate=0.000
2021-12-22 02:03:07.602814 | GENERATION: 147 | ERRORS: best=1332.0, median=1989.0, diversity=0.695 | INDIVIDUALS: n=200, avg_genome_length=44.615 | VIRUSES: gene_rate=0.000
2021-12-22 02:03:12.681268 | GENERATION: 148 | ERRORS: best=1336.0, median=1944.0, diversity=0.71 | INDIVIDUALS: n=200, avg_genome_length=43.23 | VIRUSES: gene_rate=0.000
2021-12-22 02:03:23.347266 | GENERATION: 149 | ERRORS: best=1367.0, median=1932.0, diversity=0.76 | INDIVIDUALS: n=200, avg_genome_length=44.03 | VIRUSES: gene_rate=0.000
2021-12-22 02:03:29.022895 | GENERATION: 150 | ERRORS: best=1367.0, median=1943.5, diversity=0.755 | INDIVIDUALS: n=200, avg_genome_length=44.93 | VIRUSES: gene_rate=0.000
2021-12-22 02:03:36.505370 | GENERATION: 151 | ERRORS: best=1301.0, median=1944.0, diversity=0.73 | INDIVIDUALS: n=200, avg_genome_length=44.46 | VIRUSES: gene_rate=0.000
2021-12-22 02:03:41.800006 | GENERATION: 152 | ERRORS: best=1328.0, median=1917.5, diversity=0.745 | INDIVIDUALS: n=200, avg_genome_length=43.755 | VIRUSES: gene_rate=0.000
2021-12-22 02:03:47.696135 | GENERATION: 153 | ERRORS: best=1356.0, median=1944.0, diversity=0.75 | INDIVIDUALS: n=200, avg_genome_length=43.555 | VIRUSES: gene_rate=0.000
2021-12-22 02:04:15.268657 | GENERATION: 154 | ERRORS: best=1306.0, median=1944.0, diversity=0.8 | INDIVIDUALS: n=200, avg_genome_length=43.85 | VIRUSES: gene_rate=0.000
2021-12-22 02:04:21.712418 | GENERATION: 155 | ERRORS: best=1369.0, median=1944.0, diversity=0.755 | INDIVIDUALS: n=200, avg_genome_length=42.53 | VIRUSES: gene_rate=0.000
2021-12-22 02:04:27.625863 | GENERATION: 156 | ERRORS: best=1364.0, median=1931.0, diversity=0.73 | INDIVIDUALS: n=200, avg_genome_length=42.695 | VIRUSES: gene_rate=0.000
2021-12-22 02:04:33.689490 | GENERATION: 157 | ERRORS: best=1278.0, median=1975.5, diversity=0.715 | INDIVIDUALS: n=200, avg_genome_length=42.655 | VIRUSES: gene_rate=0.000
2021-12-22 02:04:40.512083 | GENERATION: 158 | ERRORS: best=1278.0, median=1944.0, diversity=0.735 | INDIVIDUALS: n=200, avg_genome_length=42.125 | VIRUSES: gene_rate=0.000
2021-12-22 02:04:49.340967 | GENERATION: 159 | ERRORS: best=1352.0, median=1919.5, diversity=0.765 | INDIVIDUALS: n=200, avg_genome_length=42.32 | VIRUSES: gene_rate=0.000
2021-12-22 02:04:55.397418 | GENERATION: 160 | ERRORS: best=1352.0, median=1897.0, diversity=0.8 | INDIVIDUALS: n=200, avg_genome_length=41.295 | VIRUSES: gene_rate=0.000
2021-12-22 02:05:01.115145 | GENERATION: 161 | ERRORS: best=1369.0, median=1942.0, diversity=0.82 | INDIVIDUALS: n=200, avg_genome_length=41.935 | VIRUSES: gene_rate=0.000
2021-12-22 02:05:07.795835 | GENERATION: 162 | ERRORS: best=1353.0, median=1922.5, diversity=0.71 | INDIVIDUALS: n=200, avg_genome_length=41.585 | VIRUSES: gene_rate=0.000
2021-12-22 02:05:13.692334 | GENERATION: 163 | ERRORS: best=1367.0, median=1944.0, diversity=0.725 | INDIVIDUALS: n=200, avg_genome_length=40.99 | VIRUSES: gene_rate=0.000
2021-12-22 02:05:18.621220 | GENERATION: 164 | ERRORS: best=1371.0, median=1933.5, diversity=0.75 | INDIVIDUALS: n=200, avg_genome_length=41.505 | VIRUSES: gene_rate=0.000
2021-12-22 02:05:31.620347 | GENERATION: 165 | ERRORS: best=1329.0, median=1940.0, diversity=0.75 | INDIVIDUALS: n=200, avg_genome_length=41.94 | VIRUSES: gene_rate=0.000
2021-12-22 02:05:46.418758 | GENERATION: 166 | ERRORS: best=1329.0, median=1918.5, diversity=0.775 | INDIVIDUALS: n=200, avg_genome_length=42.555 | VIRUSES: gene_rate=0.000
2021-12-22 02:05:56.269481 | GENERATION: 167 | ERRORS: best=1274.0, median=1919.0, diversity=0.765 | INDIVIDUALS: n=200, avg_genome_length=42.485 | VIRUSES: gene_rate=0.000
2021-12-22 02:06:03.052105 | GENERATION: 168 | ERRORS: best=1310.0, median=1925.0, diversity=0.775 | INDIVIDUALS: n=200, avg_genome_length=41.685 | VIRUSES: gene_rate=0.000
2021-12-22 02:06:09.386323 | GENERATION: 169 | ERRORS: best=1271.0, median=1944.0, diversity=0.84 | INDIVIDUALS: n=200, avg_genome_length=41.395 | VIRUSES: gene_rate=0.000
2021-12-22 02:06:17.267942 | GENERATION: 170 | ERRORS: best=1276.0, median=1963.5, diversity=0.705 | INDIVIDUALS: n=200, avg_genome_length=42.59 | VIRUSES: gene_rate=0.000
2021-12-22 02:06:29.918237 | GENERATION: 171 | ERRORS: best=1276.0, median=1944.0, diversity=0.805 | INDIVIDUALS: n=200, avg_genome_length=42.705 | VIRUSES: gene_rate=0.000
2021-12-22 02:06:39.010494 | GENERATION: 172 | ERRORS: best=1310.0, median=1944.0, diversity=0.735 | INDIVIDUALS: n=200, avg_genome_length=41.425 | VIRUSES: gene_rate=0.000
2021-12-22 02:06:47.146069 | GENERATION: 173 | ERRORS: best=1271.0, median=1911.0, diversity=0.835 | INDIVIDUALS: n=200, avg_genome_length=42.55 | VIRUSES: gene_rate=0.000
2021-12-22 02:06:54.673039 | GENERATION: 174 | ERRORS: best=1330.0, median=1918.0, diversity=0.83 | INDIVIDUALS: n=200, avg_genome_length=42.09 | VIRUSES: gene_rate=0.000
2021-12-22 02:07:05.238478 | GENERATION: 175 | ERRORS: best=1311.0, median=1944.0, diversity=0.75 | INDIVIDUALS: n=200, avg_genome_length=41.235 | VIRUSES: gene_rate=0.000
2021-12-22 02:07:13.674887 | GENERATION: 176 | ERRORS: best=1275.0, median=1944.0, diversity=0.785 | INDIVIDUALS: n=200, avg_genome_length=40.63 | VIRUSES: gene_rate=0.000
2021-12-22 02:07:22.287732 | GENERATION: 177 | ERRORS: best=1269.0, median=1852.0, diversity=0.76 | INDIVIDUALS: n=200, avg_genome_length=41.41 | VIRUSES: gene_rate=0.000
2021-12-22 02:07:32.819121 | GENERATION: 178 | ERRORS: best=1276.0, median=1838.5, diversity=0.79 | INDIVIDUALS: n=200, avg_genome_length=40.75 | VIRUSES: gene_rate=0.000
2021-12-22 02:07:40.224342 | GENERATION: 179 | ERRORS: best=1266.0, median=1944.0, diversity=0.785 | INDIVIDUALS: n=200, avg_genome_length=40.48 | VIRUSES: gene_rate=0.000
2021-12-22 02:07:53.719073 | GENERATION: 180 | ERRORS: best=1266.0, median=2005.5, diversity=0.8 | INDIVIDUALS: n=200, avg_genome_length=39.735 | VIRUSES: gene_rate=0.000
2021-12-22 02:08:00.651546 | GENERATION: 181 | ERRORS: best=1266.0, median=1944.0, diversity=0.73 | INDIVIDUALS: n=200, avg_genome_length=39.16 | VIRUSES: gene_rate=0.000
2021-12-22 02:08:15.644242 | GENERATION: 182 | ERRORS: best=1276.0, median=1944.0, diversity=0.76 | INDIVIDUALS: n=200, avg_genome_length=38.895 | VIRUSES: gene_rate=0.000
2021-12-22 02:08:22.470410 | GENERATION: 183 | ERRORS: best=1276.0, median=1946.5, diversity=0.79 | INDIVIDUALS: n=200, avg_genome_length=39.43 | VIRUSES: gene_rate=0.000
2021-12-22 02:08:27.587788 | GENERATION: 184 | ERRORS: best=1280.0, median=1944.0, diversity=0.71 | INDIVIDUALS: n=200, avg_genome_length=38.315 | VIRUSES: gene_rate=0.000
2021-12-22 02:08:35.017926 | GENERATION: 185 | ERRORS: best=1276.0, median=1944.0, diversity=0.7 | INDIVIDUALS: n=200, avg_genome_length=38.675 | VIRUSES: gene_rate=0.000
2021-12-22 02:08:42.065933 | GENERATION: 186 | ERRORS: best=1276.0, median=1944.0, diversity=0.75 | INDIVIDUALS: n=200, avg_genome_length=39.145 | VIRUSES: gene_rate=0.000
2021-12-22 02:08:49.936751 | GENERATION: 187 | ERRORS: best=1271.0, median=1944.0, diversity=0.785 | INDIVIDUALS: n=200, avg_genome_length=39.2 | VIRUSES: gene_rate=0.000
2021-12-22 02:08:57.608063 | GENERATION: 188 | ERRORS: best=1276.0, median=1823.0, diversity=0.755 | INDIVIDUALS: n=200, avg_genome_length=40.45 | VIRUSES: gene_rate=0.000
2021-12-22 02:09:09.373200 | GENERATION: 189 | ERRORS: best=1280.0, median=1944.0, diversity=0.71 | INDIVIDUALS: n=200, avg_genome_length=38.2 | VIRUSES: gene_rate=0.000
2021-12-22 02:09:17.327273 | GENERATION: 190 | ERRORS: best=1271.0, median=1944.0, diversity=0.765 | INDIVIDUALS: n=200, avg_genome_length=40.03 | VIRUSES: gene_rate=0.000
2021-12-22 02:09:25.698983 | GENERATION: 191 | ERRORS: best=1271.0, median=1944.0, diversity=0.69 | INDIVIDUALS: n=200, avg_genome_length=38.705 | VIRUSES: gene_rate=0.000
2021-12-22 02:09:34.373312 | GENERATION: 192 | ERRORS: best=1271.0, median=1901.5, diversity=0.79 | INDIVIDUALS: n=200, avg_genome_length=37.685 | VIRUSES: gene_rate=0.000
2021-12-22 02:09:42.395912 | GENERATION: 193 | ERRORS: best=1276.0, median=1889.0, diversity=0.74 | INDIVIDUALS: n=200, avg_genome_length=38.32 | VIRUSES: gene_rate=0.000
2021-12-22 02:09:47.796155 | GENERATION: 194 | ERRORS: best=1364.0, median=1944.0, diversity=0.75 | INDIVIDUALS: n=200, avg_genome_length=36.84 | VIRUSES: gene_rate=0.000
2021-12-22 02:09:53.164092 | GENERATION: 195 | ERRORS: best=1364.0, median=1823.0, diversity=0.745 | INDIVIDUALS: n=200, avg_genome_length=36.98 | VIRUSES: gene_rate=0.000
2021-12-22 02:10:02.076232 | GENERATION: 196 | ERRORS: best=1275.0, median=1756.0, diversity=0.775 | INDIVIDUALS: n=200, avg_genome_length=35.535 | VIRUSES: gene_rate=0.000
2021-12-22 02:10:07.288165 | GENERATION: 197 | ERRORS: best=1275.0, median=1820.5, diversity=0.74 | INDIVIDUALS: n=200, avg_genome_length=34.49 | VIRUSES: gene_rate=0.000
2021-12-22 02:10:12.488050 | GENERATION: 198 | ERRORS: best=1275.0, median=1823.0, diversity=0.745 | INDIVIDUALS: n=200, avg_genome_length=32.975 | VIRUSES: gene_rate=0.000
2021-12-22 02:10:19.817198 | GENERATION: 199 | ERRORS: best=1275.0, median=1820.5, diversity=0.78 | INDIVIDUALS: n=200, avg_genome_length=34.285 | VIRUSES: gene_rate=0.000
2021-12-22 02:10:26.355488 | GENERATION: 200 | ERRORS: best=1278.0, median=1798.0, diversity=0.73 | INDIVIDUALS: n=200, avg_genome_length=32.51 | VIRUSES: gene_rate=0.000
2021-12-22 02:10:32.681078 | GENERATION: 201 | ERRORS: best=1278.0, median=1631.5, diversity=0.73 | INDIVIDUALS: n=200, avg_genome_length=32.77 | VIRUSES: gene_rate=0.000
2021-12-22 02:10:38.942919 | GENERATION: 202 | ERRORS: best=1278.0, median=1738.0, diversity=0.655 | INDIVIDUALS: n=200, avg_genome_length=32.95 | VIRUSES: gene_rate=0.000
2021-12-22 02:10:43.170598 | GENERATION: 203 | ERRORS: best=1278.0, median=1921.5, diversity=0.735 | INDIVIDUALS: n=200, avg_genome_length=32.64 | VIRUSES: gene_rate=0.000
2021-12-22 02:10:46.997234 | GENERATION: 204 | ERRORS: best=1278.0, median=1821.5, diversity=0.66 | INDIVIDUALS: n=200, avg_genome_length=32.465 | VIRUSES: gene_rate=0.000
2021-12-22 02:10:51.963542 | GENERATION: 205 | ERRORS: best=1329.0, median=1823.0, diversity=0.7 | INDIVIDUALS: n=200, avg_genome_length=32.745 | VIRUSES: gene_rate=0.000
2021-12-22 02:10:57.093648 | GENERATION: 206 | ERRORS: best=1329.0, median=1729.0, diversity=0.695 | INDIVIDUALS: n=200, avg_genome_length=33.365 | VIRUSES: gene_rate=0.000
2021-12-22 02:11:02.894722 | GENERATION: 207 | ERRORS: best=1334.0, median=1899.0, diversity=0.695 | INDIVIDUALS: n=200, avg_genome_length=31.915 | VIRUSES: gene_rate=0.000
2021-12-22 02:11:09.681907 | GENERATION: 208 | ERRORS: best=1348.0, median=1823.0, diversity=0.74 | INDIVIDUALS: n=200, avg_genome_length=32.485 | VIRUSES: gene_rate=0.000
2021-12-22 02:11:14.140494 | GENERATION: 209 | ERRORS: best=1354.0, median=1772.0, diversity=0.7 | INDIVIDUALS: n=200, avg_genome_length=32.365 | VIRUSES: gene_rate=0.000
2021-12-22 02:11:17.887895 | GENERATION: 210 | ERRORS: best=1351.0, median=1701.0, diversity=0.735 | INDIVIDUALS: n=200, avg_genome_length=32.785 | VIRUSES: gene_rate=0.000
2021-12-22 02:11:21.783294 | GENERATION: 211 | ERRORS: best=1354.0, median=1622.0, diversity=0.78 | INDIVIDUALS: n=200, avg_genome_length=32.585 | VIRUSES: gene_rate=0.000
2021-12-22 02:11:25.792750 | GENERATION: 212 | ERRORS: best=1354.0, median=1823.0, diversity=0.71 | INDIVIDUALS: n=200, avg_genome_length=31.825 | VIRUSES: gene_rate=0.000
2021-12-22 02:11:31.719638 | GENERATION: 213 | ERRORS: best=1303.0, median=1886.0, diversity=0.76 | INDIVIDUALS: n=200, avg_genome_length=31.665 | VIRUSES: gene_rate=0.000
2021-12-22 02:11:35.385088 | GENERATION: 214 | ERRORS: best=1334.0, median=1823.0, diversity=0.71 | INDIVIDUALS: n=200, avg_genome_length=31.65 | VIRUSES: gene_rate=0.000
2021-12-22 02:11:43.142416 | GENERATION: 215 | ERRORS: best=1354.0, median=1823.0, diversity=0.72 | INDIVIDUALS: n=200, avg_genome_length=31.815 | VIRUSES: gene_rate=0.000
2021-12-22 02:11:51.529608 | GENERATION: 216 | ERRORS: best=1348.0, median=1944.0, diversity=0.74 | INDIVIDUALS: n=200, avg_genome_length=31.525 | VIRUSES: gene_rate=0.000
2021-12-22 02:11:56.945906 | GENERATION: 217 | ERRORS: best=1348.0, median=1888.0, diversity=0.74 | INDIVIDUALS: n=200, avg_genome_length=31.295 | VIRUSES: gene_rate=0.000
2021-12-22 02:12:02.094130 | GENERATION: 218 | ERRORS: best=1354.0, median=1925.0, diversity=0.785 | INDIVIDUALS: n=200, avg_genome_length=31.52 | VIRUSES: gene_rate=0.000
2021-12-22 02:12:09.139617 | GENERATION: 219 | ERRORS: best=1350.0, median=1922.5, diversity=0.725 | INDIVIDUALS: n=200, avg_genome_length=30.63 | VIRUSES: gene_rate=0.000
2021-12-22 02:12:15.224664 | GENERATION: 220 | ERRORS: best=1350.0, median=1823.0, diversity=0.745 | INDIVIDUALS: n=200, avg_genome_length=30.13 | VIRUSES: gene_rate=0.000
2021-12-22 02:12:22.385380 | GENERATION: 221 | ERRORS: best=1318.0, median=1919.0, diversity=0.755 | INDIVIDUALS: n=200, avg_genome_length=29.855 | VIRUSES: gene_rate=0.000
2021-12-22 02:12:27.195478 | GENERATION: 222 | ERRORS: best=1381.0, median=1944.0, diversity=0.705 | INDIVIDUALS: n=200, avg_genome_length=28.705 | VIRUSES: gene_rate=0.000
2021-12-22 02:12:31.601425 | GENERATION: 223 | ERRORS: best=1354.0, median=1938.5, diversity=0.685 | INDIVIDUALS: n=200, avg_genome_length=28.5 | VIRUSES: gene_rate=0.000
2021-12-22 02:12:36.589597 | GENERATION: 224 | ERRORS: best=1354.0, median=1944.0, diversity=0.7 | INDIVIDUALS: n=200, avg_genome_length=29.195 | VIRUSES: gene_rate=0.000
2021-12-22 02:12:49.093482 | GENERATION: 225 | ERRORS: best=1329.0, median=1837.5, diversity=0.725 | INDIVIDUALS: n=200, avg_genome_length=29.0 | VIRUSES: gene_rate=0.000
2021-12-22 02:12:52.642164 | GENERATION: 226 | ERRORS: best=1329.0, median=1944.0, diversity=0.71 | INDIVIDUALS: n=200, avg_genome_length=28.495 | VIRUSES: gene_rate=0.000
2021-12-22 02:12:55.966361 | GENERATION: 227 | ERRORS: best=1329.0, median=1863.5, diversity=0.755 | INDIVIDUALS: n=200, avg_genome_length=27.55 | VIRUSES: gene_rate=0.000
2021-12-22 02:13:02.131863 | GENERATION: 228 | ERRORS: best=1329.0, median=1944.0, diversity=0.71 | INDIVIDUALS: n=200, avg_genome_length=26.685 | VIRUSES: gene_rate=0.000
2021-12-22 02:13:06.915729 | GENERATION: 229 | ERRORS: best=1354.0, median=1944.0, diversity=0.7 | INDIVIDUALS: n=200, avg_genome_length=25.655 | VIRUSES: gene_rate=0.000
2021-12-22 02:13:09.702972 | GENERATION: 230 | ERRORS: best=1292.0, median=1804.0, diversity=0.665 | INDIVIDUALS: n=200, avg_genome_length=25.095 | VIRUSES: gene_rate=0.000
2021-12-22 02:13:12.457342 | GENERATION: 231 | ERRORS: best=1292.0, median=1944.0, diversity=0.685 | INDIVIDUALS: n=200, avg_genome_length=24.995 | VIRUSES: gene_rate=0.000
2021-12-22 02:13:16.774473 | GENERATION: 232 | ERRORS: best=1292.0, median=1944.0, diversity=0.735 | INDIVIDUALS: n=200, avg_genome_length=24.535 | VIRUSES: gene_rate=0.000
2021-12-22 02:13:22.490701 | GENERATION: 233 | ERRORS: best=1292.0, median=1924.0, diversity=0.725 | INDIVIDUALS: n=200, avg_genome_length=24.34 | VIRUSES: gene_rate=0.000
2021-12-22 02:13:27.132642 | GENERATION: 234 | ERRORS: best=1292.0, median=1810.5, diversity=0.715 | INDIVIDUALS: n=200, avg_genome_length=23.76 | VIRUSES: gene_rate=0.000
2021-12-22 02:13:32.302637 | GENERATION: 235 | ERRORS: best=1292.0, median=1915.0, diversity=0.61 | INDIVIDUALS: n=200, avg_genome_length=23.22 | VIRUSES: gene_rate=0.000
2021-12-22 02:13:35.335928 | GENERATION: 236 | ERRORS: best=1292.0, median=1810.5, diversity=0.665 | INDIVIDUALS: n=200, avg_genome_length=23.015 | VIRUSES: gene_rate=0.000
2021-12-22 02:13:40.290679 | GENERATION: 237 | ERRORS: best=1303.0, median=1862.0, diversity=0.71 | INDIVIDUALS: n=200, avg_genome_length=22.075 | VIRUSES: gene_rate=0.000
2021-12-22 02:13:42.834630 | GENERATION: 238 | ERRORS: best=1303.0, median=1766.0, diversity=0.67 | INDIVIDUALS: n=200, avg_genome_length=21.455 | VIRUSES: gene_rate=0.000
2021-12-22 02:13:46.717444 | GENERATION: 239 | ERRORS: best=1303.0, median=1798.0, diversity=0.695 | INDIVIDUALS: n=200, avg_genome_length=21.1 | VIRUSES: gene_rate=0.000
2021-12-22 02:13:51.802962 | GENERATION: 240 | ERRORS: best=1303.0, median=1944.0, diversity=0.595 | INDIVIDUALS: n=200, avg_genome_length=20.395 | VIRUSES: gene_rate=0.000
2021-12-22 02:13:56.641893 | GENERATION: 241 | ERRORS: best=1303.0, median=1901.0, diversity=0.67 | INDIVIDUALS: n=200, avg_genome_length=19.125 | VIRUSES: gene_rate=0.000
2021-12-22 02:14:00.096075 | GENERATION: 242 | ERRORS: best=1303.0, median=1768.0, diversity=0.69 | INDIVIDUALS: n=200, avg_genome_length=19.33 | VIRUSES: gene_rate=0.000
2021-12-22 02:14:02.898490 | GENERATION: 243 | ERRORS: best=1303.0, median=1823.0, diversity=0.7 | INDIVIDUALS: n=200, avg_genome_length=20.11 | VIRUSES: gene_rate=0.000
2021-12-22 02:14:06.312218 | GENERATION: 244 | ERRORS: best=1303.0, median=1836.5, diversity=0.625 | INDIVIDUALS: n=200, avg_genome_length=20.095 | VIRUSES: gene_rate=0.000
2021-12-22 02:14:10.382823 | GENERATION: 245 | ERRORS: best=1292.0, median=1939.0, diversity=0.645 | INDIVIDUALS: n=200, avg_genome_length=20.255 | VIRUSES: gene_rate=0.000
2021-12-22 02:14:14.459748 | GENERATION: 246 | ERRORS: best=1292.0, median=1944.0, diversity=0.63 | INDIVIDUALS: n=200, avg_genome_length=20.405 | VIRUSES: gene_rate=0.000
2021-12-22 02:14:16.700550 | GENERATION: 247 | ERRORS: best=1292.0, median=1789.0, diversity=0.58 | INDIVIDUALS: n=200, avg_genome_length=20.46 | VIRUSES: gene_rate=0.000
2021-12-22 02:14:23.131002 | GENERATION: 248 | ERRORS: best=1292.0, median=1944.0, diversity=0.665 | INDIVIDUALS: n=200, avg_genome_length=20.89 | VIRUSES: gene_rate=0.000
2021-12-22 02:14:27.138419 | GENERATION: 249 | ERRORS: best=1292.0, median=1944.0, diversity=0.605 | INDIVIDUALS: n=200, avg_genome_length=18.865 | VIRUSES: gene_rate=0.000
2021-12-22 02:14:32.017944 | GENERATION: 250 | ERRORS: best=1292.0, median=1825.5, diversity=0.675 | INDIVIDUALS: n=200, avg_genome_length=19.825 | VIRUSES: gene_rate=0.000
2021-12-22 02:14:37.111753 | GENERATION: 251 | ERRORS: best=1292.0, median=1944.0, diversity=0.645 | INDIVIDUALS: n=200, avg_genome_length=18.9 | VIRUSES: gene_rate=0.000
2021-12-22 02:14:42.337378 | GENERATION: 252 | ERRORS: best=1292.0, median=1823.0, diversity=0.6 | INDIVIDUALS: n=200, avg_genome_length=19.415 | VIRUSES: gene_rate=0.000
2021-12-22 02:14:45.253303 | GENERATION: 253 | ERRORS: best=1292.0, median=1756.0, diversity=0.65 | INDIVIDUALS: n=200, avg_genome_length=19.335 | VIRUSES: gene_rate=0.000
2021-12-22 02:14:46.606266 | GENERATION: 254 | ERRORS: best=1303.0, median=1756.0, diversity=0.65 | INDIVIDUALS: n=200, avg_genome_length=20.15 | VIRUSES: gene_rate=0.000
2021-12-22 02:14:50.819066 | GENERATION: 255 | ERRORS: best=1303.0, median=1944.0, diversity=0.66 | INDIVIDUALS: n=200, avg_genome_length=19.9 | VIRUSES: gene_rate=0.000
2021-12-22 02:14:55.040854 | GENERATION: 256 | ERRORS: best=1292.0, median=1767.5, diversity=0.67 | INDIVIDUALS: n=200, avg_genome_length=19.52 | VIRUSES: gene_rate=0.000
2021-12-22 02:14:56.463692 | GENERATION: 257 | ERRORS: best=1348.0, median=1736.0, diversity=0.615 | INDIVIDUALS: n=200, avg_genome_length=19.135 | VIRUSES: gene_rate=0.000
2021-12-22 02:14:58.298727 | GENERATION: 258 | ERRORS: best=1292.0, median=1823.0, diversity=0.64 | INDIVIDUALS: n=200, avg_genome_length=17.0 | VIRUSES: gene_rate=0.000
2021-12-22 02:15:02.823383 | GENERATION: 259 | ERRORS: best=1292.0, median=1766.5, diversity=0.61 | INDIVIDUALS: n=200, avg_genome_length=16.355 | VIRUSES: gene_rate=0.000
2021-12-22 02:15:07.643482 | GENERATION: 260 | ERRORS: best=1327.0, median=1723.5, diversity=0.655 | INDIVIDUALS: n=200, avg_genome_length=17.04 | VIRUSES: gene_rate=0.000
2021-12-22 02:15:11.284969 | GENERATION: 261 | ERRORS: best=1327.0, median=1804.0, diversity=0.655 | INDIVIDUALS: n=200, avg_genome_length=17.47 | VIRUSES: gene_rate=0.000
2021-12-22 02:15:16.840044 | GENERATION: 262 | ERRORS: best=1334.0, median=1944.0, diversity=0.67 | INDIVIDUALS: n=200, avg_genome_length=16.99 | VIRUSES: gene_rate=0.000
2021-12-22 02:15:19.325114 | GENERATION: 263 | ERRORS: best=1292.0, median=1944.0, diversity=0.6 | INDIVIDUALS: n=200, avg_genome_length=15.72 | VIRUSES: gene_rate=0.000
2021-12-22 02:15:23.507866 | GENERATION: 264 | ERRORS: best=1334.0, median=1944.0, diversity=0.61 | INDIVIDUALS: n=200, avg_genome_length=16.755 | VIRUSES: gene_rate=0.000
2021-12-22 02:15:29.204059 | GENERATION: 265 | ERRORS: best=1334.0, median=1917.0, diversity=0.61 | INDIVIDUALS: n=200, avg_genome_length=16.34 | VIRUSES: gene_rate=0.000
2021-12-22 02:15:34.754614 | GENERATION: 266 | ERRORS: best=1292.0, median=1822.0, diversity=0.62 | INDIVIDUALS: n=200, avg_genome_length=16.6 | VIRUSES: gene_rate=0.000
2021-12-22 02:15:39.842421 | GENERATION: 267 | ERRORS: best=1292.0, median=1944.0, diversity=0.585 | INDIVIDUALS: n=200, avg_genome_length=16.02 | VIRUSES: gene_rate=0.000
2021-12-22 02:15:45.348225 | GENERATION: 268 | ERRORS: best=1334.0, median=1648.0, diversity=0.615 | INDIVIDUALS: n=200, avg_genome_length=16.05 | VIRUSES: gene_rate=0.000
2021-12-22 02:15:47.530668 | GENERATION: 269 | ERRORS: best=1334.0, median=1944.0, diversity=0.61 | INDIVIDUALS: n=200, avg_genome_length=15.22 | VIRUSES: gene_rate=0.000
2021-12-22 02:15:52.786491 | GENERATION: 270 | ERRORS: best=1359.0, median=1823.0, diversity=0.64 | INDIVIDUALS: n=200, avg_genome_length=14.685 | VIRUSES: gene_rate=0.000
2021-12-22 02:15:56.506936 | GENERATION: 271 | ERRORS: best=1334.0, median=1725.5, diversity=0.605 | INDIVIDUALS: n=200, avg_genome_length=15.165 | VIRUSES: gene_rate=0.000
2021-12-22 02:16:00.635865 | GENERATION: 272 | ERRORS: best=1334.0, median=1872.0, diversity=0.64 | INDIVIDUALS: n=200, avg_genome_length=14.89 | VIRUSES: gene_rate=0.000
2021-12-22 02:16:03.717080 | GENERATION: 273 | ERRORS: best=1323.0, median=1841.5, diversity=0.645 | INDIVIDUALS: n=200, avg_genome_length=14.84 | VIRUSES: gene_rate=0.000
2021-12-22 02:16:07.651349 | GENERATION: 274 | ERRORS: best=1362.0, median=1823.0, diversity=0.515 | INDIVIDUALS: n=200, avg_genome_length=16.27 | VIRUSES: gene_rate=0.000
2021-12-22 02:16:11.044022 | GENERATION: 275 | ERRORS: best=1334.0, median=1944.0, diversity=0.635 | INDIVIDUALS: n=200, avg_genome_length=15.375 | VIRUSES: gene_rate=0.000
2021-12-22 02:16:13.355189 | GENERATION: 276 | ERRORS: best=1313.0, median=1944.0, diversity=0.6 | INDIVIDUALS: n=200, avg_genome_length=14.09 | VIRUSES: gene_rate=0.000
2021-12-22 02:16:14.761698 | GENERATION: 277 | ERRORS: best=1303.0, median=1944.0, diversity=0.615 | INDIVIDUALS: n=200, avg_genome_length=14.87 | VIRUSES: gene_rate=0.000
2021-12-22 02:16:16.081163 | GENERATION: 278 | ERRORS: best=1334.0, median=1944.0, diversity=0.555 | INDIVIDUALS: n=200, avg_genome_length=15.95 | VIRUSES: gene_rate=0.000
2021-12-22 02:16:18.659782 | GENERATION: 279 | ERRORS: best=1334.0, median=1896.0, diversity=0.565 | INDIVIDUALS: n=200, avg_genome_length=15.685 | VIRUSES: gene_rate=0.000
2021-12-22 02:16:20.454713 | GENERATION: 280 | ERRORS: best=1303.0, median=1895.0, diversity=0.685 | INDIVIDUALS: n=200, avg_genome_length=15.86 | VIRUSES: gene_rate=0.000
2021-12-22 02:16:23.601547 | GENERATION: 281 | ERRORS: best=1303.0, median=1943.5, diversity=0.63 | INDIVIDUALS: n=200, avg_genome_length=16.185 | VIRUSES: gene_rate=0.000
2021-12-22 02:16:28.466030 | GENERATION: 282 | ERRORS: best=1303.0, median=1901.0, diversity=0.64 | INDIVIDUALS: n=200, avg_genome_length=17.53 | VIRUSES: gene_rate=0.000
2021-12-22 02:16:33.204944 | GENERATION: 283 | ERRORS: best=1313.0, median=1937.0, diversity=0.64 | INDIVIDUALS: n=200, avg_genome_length=16.855 | VIRUSES: gene_rate=0.000
2021-12-22 02:16:36.086572 | GENERATION: 284 | ERRORS: best=1292.0, median=1983.0, diversity=0.635 | INDIVIDUALS: n=200, avg_genome_length=16.49 | VIRUSES: gene_rate=0.000
2021-12-22 02:16:41.803996 | GENERATION: 285 | ERRORS: best=1313.0, median=1944.0, diversity=0.61 | INDIVIDUALS: n=200, avg_genome_length=16.54 | VIRUSES: gene_rate=0.000
2021-12-22 02:16:46.626034 | GENERATION: 286 | ERRORS: best=1318.0, median=1944.5, diversity=0.575 | INDIVIDUALS: n=200, avg_genome_length=16.215 | VIRUSES: gene_rate=0.000
2021-12-22 02:16:48.693356 | GENERATION: 287 | ERRORS: best=1292.0, median=1944.0, diversity=0.6 | INDIVIDUALS: n=200, avg_genome_length=16.825 | VIRUSES: gene_rate=0.000
2021-12-22 02:16:51.253504 | GENERATION: 288 | ERRORS: best=1292.0, median=1997.5, diversity=0.59 | INDIVIDUALS: n=200, avg_genome_length=16.865 | VIRUSES: gene_rate=0.000
2021-12-22 02:16:56.073288 | GENERATION: 289 | ERRORS: best=1292.0, median=1841.5, diversity=0.595 | INDIVIDUALS: n=200, avg_genome_length=15.585 | VIRUSES: gene_rate=0.000
2021-12-22 02:16:57.220806 | GENERATION: 290 | ERRORS: best=1318.0, median=1944.0, diversity=0.54 | INDIVIDUALS: n=200, avg_genome_length=15.06 | VIRUSES: gene_rate=0.000
2021-12-22 02:17:01.230987 | GENERATION: 291 | ERRORS: best=1318.0, median=1944.0, diversity=0.55 | INDIVIDUALS: n=200, avg_genome_length=14.445 | VIRUSES: gene_rate=0.000
2021-12-22 02:17:02.921470 | GENERATION: 292 | ERRORS: best=1313.0, median=1944.0, diversity=0.54 | INDIVIDUALS: n=200, avg_genome_length=14.23 | VIRUSES: gene_rate=0.000
2021-12-22 02:17:06.772056 | GENERATION: 293 | ERRORS: best=1318.0, median=1944.0, diversity=0.61 | INDIVIDUALS: n=200, avg_genome_length=14.62 | VIRUSES: gene_rate=0.000
2021-12-22 02:17:10.907303 | GENERATION: 294 | ERRORS: best=1303.0, median=1944.0, diversity=0.63 | INDIVIDUALS: n=200, avg_genome_length=14.06 | VIRUSES: gene_rate=0.000
2021-12-22 02:17:12.042524 | GENERATION: 295 | ERRORS: best=1303.0, median=1944.0, diversity=0.6 | INDIVIDUALS: n=200, avg_genome_length=13.645 | VIRUSES: gene_rate=0.000
2021-12-22 02:17:14.283778 | GENERATION: 296 | ERRORS: best=1303.0, median=1944.0, diversity=0.56 | INDIVIDUALS: n=200, avg_genome_length=13.05 | VIRUSES: gene_rate=0.000
2021-12-22 02:17:19.147607 | GENERATION: 297 | ERRORS: best=1303.0, median=1944.0, diversity=0.505 | INDIVIDUALS: n=200, avg_genome_length=13.755 | VIRUSES: gene_rate=0.000
2021-12-22 02:17:21.909013 | GENERATION: 298 | ERRORS: best=1303.0, median=1944.0, diversity=0.59 | INDIVIDUALS: n=200, avg_genome_length=13.705 | VIRUSES: gene_rate=0.000
2021-12-22 02:17:26.591285 | GENERATION: 299 | ERRORS: best=1334.0, median=1944.0, diversity=0.585 | INDIVIDUALS: n=200, avg_genome_length=13.955 | VIRUSES: gene_rate=0.000
2021-12-22 02:17:28.072080 | GENERATION: 300 | ERRORS: best=1372.0, median=1916.0, diversity=0.55 | INDIVIDUALS: n=200, avg_genome_length=13.27 | VIRUSES: gene_rate=0.000
Simplifying genome of length 53 with total error 1266.0.
Simplified genome by 2 to length 51.
Simplified genome by 3 to length 48.
Simplified genome by 2 to length 46.
Simplified genome by 2 to length 44.
Simplified genome by 1 to length 43.
Simplified genome by 1 to length 42.
Simplified genome by 1 to length 41.
Simplified genome by 2 to length 39.
Simplified genome by 2 to length 37.
Simplified genome by 1 to length 36.
Simplified genome by 1 to length 35.
Simplified genome by 1 to length 34.
Simplified genome by 1 to length 33.
Simplified genome by 1 to length 32.
Simplified genome by 1 to length 31.
Simplified genome by 1 to length 30.
Simplified genome by 2 to length 28.
Simplified genome by 1 to length 27.
Simplified genome by 1 to length 26.
Simplified genome by 1 to length 25.
Simplified genome by 1 to length 24.
Simplified genome to length 24 and total error 1266.0.
========================================
End Run
========================================
No solution found.
Best Seen Individual
	Genome:
	 pvector([Literal(value=-810, push_type=<pyshgp.push.types.PushIntType object at 0x7f966dd3f5b0>), Literal(value=2000, push_type=<pyshgp.push.types.PushIntType object at 0x7f966dd3f610>), InstructionMeta(name='int_gte', code_blocks=0), Input(input_index=0), InstructionMeta(name='exec_stack_depth', code_blocks=0), Literal(value=0, push_type=<pyshgp.push.types.PushIntType object at 0x7f966dd3f5b0>), InstructionMeta(name='println_bool', code_blocks=0), InstructionMeta(name='int_max', code_blocks=0), InstructionMeta(name='int_mult', code_blocks=0), InstructionMeta(name='bool_rot', code_blocks=0), InstructionMeta(name='int_max', code_blocks=0), InstructionMeta(name='int_max', code_blocks=0), InstructionMeta(name='int_min', code_blocks=0), InstructionMeta(name='int_min', code_blocks=0), InstructionMeta(name='bool_eq', code_blocks=0), InstructionMeta(name='vector_int_but_last', code_blocks=0), InstructionMeta(name='int_lt', code_blocks=0), InstructionMeta(name='vector_int_length', code_blocks=0), InstructionMeta(name='bool_flush', code_blocks=0), InstructionMeta(name='bool_and', code_blocks=0), InstructionMeta(name='int_mod', code_blocks=0), InstructionMeta(name='println_bool', code_blocks=0), InstructionMeta(name='bool_dup_times', code_blocks=0), InstructionMeta(name='exec_if', code_blocks=2)])
	Program:
	 (-810 2000 int_gte input_0 exec_stack_depth 0 println_bool int_max int_mult bool_rot int_max int_max int_min int_min bool_eq vector_int_but_last int_lt vector_int_length bool_flush bool_and int_mod println_bool bool_dup_times exec_if () ())
	Error vector:
	 [ 0.  4.  4.  8. 24.  1. 21.  8.  0.  1. 19.  1. 17.  4. 21.  1.  2.  0.
  6.  2.  2. 13.  1.  4.  0. 10.  0.  5.  2.  2.  0. 12.  6. 15.  5.  2.
 17.  0.  2.  8. 14.  1. 17.  1.  7.  5.  2.  1.  1. 19. 21.  4.  2.  5.
  6.  6. 23.  2.  0. 13.  0. 19.  0. 21.  3.  3.  4. 10.  1. 22.  8.  4.
  1.  6.  1.  7. 16.  2. 14.  1.  9.  5.  5.  8.  1. 11.  2.  6.  1.  1.
  0.  9.  3.  2.  6.  9. 10.  0.  2.  0.  4. 10.  5.  3. 13.  6. 20.  8.
 11.  0.  0. 21.  4.  2.  1.  1.  1.  1.  2.  3. 21.  5.  0.  8. 22.  2.
 21.  0.  1. 21.  3.  6. 16.  0.  1.  4. 11.  3.  5. 12.  1. 11.  7.  3.
 12. 23. 18.  0.  1.  2.  2.  4.  9.  6.  1.  0.  6.  2.  3. 19. 11.  0.
  6.  4. 13.  1.  5. 13.  4.  2.  1. 14.  8.  0. 10.  3.  0. 11.  3.  0.
 10.  9.  9.  5.  0.  4. 18.  0.  5.  1. 13.  1.  1. 10.  2.  5. 14.  4.
  5.  0.]
	Total error:
	 1266.0
	Test error:
	 17542.0
	Time:
	 00:56:16
