Included 32 edge cases.
Included 168 random cases.
Included 200 cases in total.
Finished formatting.
Included 0 edge cases.
Included 2000 random cases.
Included 2000 cases in total.
Finished formatting.
========================================
Setup
========================================
Search Configuration:
signature: ProgramSignature(push_config=PushConfig(collection_size_cap=1000, numeric_magnitude_limit=1000000000000.0, growth_cap=500, runtime_limit=10, step_limit=1500), output_stacks=['int'], arity=1)
evaluator: <pyshgp.gp.evaluation.DatasetEvaluator object at 0x7f0e25b48d30>
spawner: <pyshgp.gp.genome.GeneSpawner object at 0x7f0e25b2da90>
population_size: 200
max_generations: 300
error_threshold: 0.0
initial_genome_size: (50, 250)
simplification_steps: 500
parallel_context: <pyshgp.gp.search.ParallelContext object at 0x7f0e25b48e80>
selection: <pyshgp.utils.DiscreteProbDistrib object at 0x7f0e261139c0>
variation: <pyshgp.utils.DiscreteProbDistrib object at 0x7f0e26113180>
Instructions:
int_add, int_sub, int_mult, int_div, int_mod, int_min, int_max, int_inc, int_dec, int_lt, int_lte, int_gt, int_gte, int_from_bool, bool_and, bool_or, bool_not, bool_xor, bool_invert_first_then_and, bool_second_first_then_and, bool_from_int, noop, noop_open, exec_do_range, exec_do_count, exec_while, exec_do_while, exec_if, exec_when, vector_int_concat, vector_int_conj, vector_int_take, vector_int_subvec, vector_int_first, vector_int_last, vector_int_nth, vector_int_rest, vector_int_but_last, vector_int_length, vector_int_reverse, vector_int_push_all, vector_int_empty_vector, vector_int_contains, vector_int_index_of, vector_int_occurrences_of, vector_int_set_nth, vector_int_replace, vector_int_replace_first, vector_int_remove, vector_int_iterate, print_bool, println_bool, print_int, println_int, print_vector_int, println_vector_int, print_exec, println_exec, bool_pop, bool_dup, bool_dup_times, bool_swap, bool_rot, bool_flush, bool_eq, bool_stack_depth, bool_yank, bool_yank_dup, bool_shove, bool_shove_dup, bool_is_empty, int_pop, int_dup, int_dup_times, int_swap, int_rot, int_flush, int_eq, int_stack_depth, int_yank, int_yank_dup, int_shove, int_shove_dup, int_is_empty, vector_int_pop, vector_int_dup, vector_int_dup_times, vector_int_swap, vector_int_rot, vector_int_flush, vector_int_eq, vector_int_stack_depth, vector_int_yank, vector_int_yank_dup, vector_int_shove, vector_int_shove_dup, vector_int_is_empty, exec_pop, exec_dup, exec_dup_times, exec_swap, exec_rot, exec_flush, exec_eq, exec_stack_depth, exec_yank, exec_yank_dup, exec_shove, exec_shove_dup, exec_is_empty
Literals:
[Literal(value=0, push_type=<pyshgp.push.types.PushIntType object at 0x7f0e65e03310>), Literal(value=1, push_type=<pyshgp.push.types.PushIntType object at 0x7f0e65e03310>), Literal(value=2, push_type=<pyshgp.push.types.PushIntType object at 0x7f0e65e03310>)]
ERC Generators:
[<function rand_int at 0x7f0e27fd6280>]
========================================
Start Run
========================================
2021-12-17 09:49:22.674166 | GENERATION: 1 | ERRORS: best=2199.0, median=109517.0, diversity=0.275 | INDIVIDUALS: n=200, avg_genome_length=145.54
2021-12-17 09:49:30.534840 | GENERATION: 2 | ERRORS: best=1943.0, median=2283.0, diversity=0.09 | INDIVIDUALS: n=200, avg_genome_length=144.63
2021-12-17 09:49:43.148113 | GENERATION: 3 | ERRORS: best=1917.0, median=2417.0, diversity=0.16 | INDIVIDUALS: n=200, avg_genome_length=163.99
2021-12-17 09:49:58.661425 | GENERATION: 4 | ERRORS: best=1233.0, median=2417.0, diversity=0.235 | INDIVIDUALS: n=200, avg_genome_length=163.24
2021-12-17 09:50:14.150516 | GENERATION: 5 | ERRORS: best=1233.0, median=2476.0, diversity=0.29 | INDIVIDUALS: n=200, avg_genome_length=126.625
2021-12-17 09:50:30.218958 | GENERATION: 6 | ERRORS: best=1231.0, median=2417.0, diversity=0.41 | INDIVIDUALS: n=200, avg_genome_length=123.6
2021-12-17 09:50:51.267373 | GENERATION: 7 | ERRORS: best=1231.0, median=2417.0, diversity=0.455 | INDIVIDUALS: n=200, avg_genome_length=114.795
2021-12-17 09:51:15.143989 | GENERATION: 8 | ERRORS: best=1231.0, median=4056.0, diversity=0.47 | INDIVIDUALS: n=200, avg_genome_length=104.075
2021-12-17 09:51:37.788689 | GENERATION: 9 | ERRORS: best=1227.0, median=5214.0, diversity=0.575 | INDIVIDUALS: n=200, avg_genome_length=96.93
2021-12-17 09:51:58.374516 | GENERATION: 10 | ERRORS: best=1229.0, median=4555.5, diversity=0.64 | INDIVIDUALS: n=200, avg_genome_length=88.28
2021-12-17 09:52:15.474512 | GENERATION: 11 | ERRORS: best=1229.0, median=2907.0, diversity=0.68 | INDIVIDUALS: n=200, avg_genome_length=76.56
2021-12-17 09:52:36.745551 | GENERATION: 12 | ERRORS: best=1223.0, median=2659.0, diversity=0.67 | INDIVIDUALS: n=200, avg_genome_length=77.21
2021-12-17 09:53:06.108967 | GENERATION: 13 | ERRORS: best=1231.0, median=3049.5, diversity=0.75 | INDIVIDUALS: n=200, avg_genome_length=74.1
2021-12-17 09:53:32.263311 | GENERATION: 14 | ERRORS: best=1233.0, median=9912.0, diversity=0.765 | INDIVIDUALS: n=200, avg_genome_length=73.155
2021-12-17 09:54:01.149911 | GENERATION: 15 | ERRORS: best=1232.0, median=2417.0, diversity=0.67 | INDIVIDUALS: n=200, avg_genome_length=76.385
2021-12-17 09:54:19.173400 | GENERATION: 16 | ERRORS: best=1231.0, median=2417.0, diversity=0.71 | INDIVIDUALS: n=200, avg_genome_length=66.075
2021-12-17 09:54:30.265669 | GENERATION: 17 | ERRORS: best=1231.0, median=2417.0, diversity=0.675 | INDIVIDUALS: n=200, avg_genome_length=65.525
2021-12-17 09:54:42.967024 | GENERATION: 18 | ERRORS: best=1231.0, median=2417.0, diversity=0.7 | INDIVIDUALS: n=200, avg_genome_length=64.245
2021-12-17 09:55:00.179193 | GENERATION: 19 | ERRORS: best=1231.0, median=2417.0, diversity=0.695 | INDIVIDUALS: n=200, avg_genome_length=62.69
2021-12-17 09:55:11.788773 | GENERATION: 20 | ERRORS: best=1231.0, median=2351.5, diversity=0.62 | INDIVIDUALS: n=200, avg_genome_length=60.92
2021-12-17 09:55:30.835847 | GENERATION: 21 | ERRORS: best=1231.0, median=13131.0, diversity=0.72 | INDIVIDUALS: n=200, avg_genome_length=60.47
2021-12-17 09:55:59.684009 | GENERATION: 22 | ERRORS: best=1231.0, median=4813.0, diversity=0.66 | INDIVIDUALS: n=200, avg_genome_length=61.715
2021-12-17 09:56:25.979017 | GENERATION: 23 | ERRORS: best=1231.0, median=2417.0, diversity=0.71 | INDIVIDUALS: n=200, avg_genome_length=60.05
2021-12-17 09:56:48.577705 | GENERATION: 24 | ERRORS: best=1233.0, median=2427.0, diversity=0.71 | INDIVIDUALS: n=200, avg_genome_length=58.765
2021-12-17 09:57:03.869986 | GENERATION: 25 | ERRORS: best=1233.0, median=2417.0, diversity=0.715 | INDIVIDUALS: n=200, avg_genome_length=58.245
2021-12-17 09:57:30.047628 | GENERATION: 26 | ERRORS: best=1233.0, median=2539.5, diversity=0.7 | INDIVIDUALS: n=200, avg_genome_length=54.745
2021-12-17 09:57:42.143072 | GENERATION: 27 | ERRORS: best=1233.0, median=2417.0, diversity=0.675 | INDIVIDUALS: n=200, avg_genome_length=54.635
2021-12-17 09:57:56.282171 | GENERATION: 28 | ERRORS: best=1233.0, median=2314.0, diversity=0.67 | INDIVIDUALS: n=200, avg_genome_length=52.58
2021-12-17 09:58:15.992385 | GENERATION: 29 | ERRORS: best=1231.0, median=2417.0, diversity=0.68 | INDIVIDUALS: n=200, avg_genome_length=50.65
2021-12-17 09:58:36.071053 | GENERATION: 30 | ERRORS: best=1232.0, median=2417.0, diversity=0.72 | INDIVIDUALS: n=200, avg_genome_length=52.635
2021-12-17 09:58:51.943178 | GENERATION: 31 | ERRORS: best=1232.0, median=2417.0, diversity=0.685 | INDIVIDUALS: n=200, avg_genome_length=49.91
2021-12-17 09:59:08.739982 | GENERATION: 32 | ERRORS: best=1227.0, median=2417.0, diversity=0.72 | INDIVIDUALS: n=200, avg_genome_length=49.155
2021-12-17 09:59:34.854072 | GENERATION: 33 | ERRORS: best=1227.0, median=2417.0, diversity=0.715 | INDIVIDUALS: n=200, avg_genome_length=49.46
2021-12-17 09:59:53.972835 | GENERATION: 34 | ERRORS: best=1227.0, median=2409.5, diversity=0.7 | INDIVIDUALS: n=200, avg_genome_length=47.245
2021-12-17 10:00:14.578296 | GENERATION: 35 | ERRORS: best=1223.0, median=2338.0, diversity=0.735 | INDIVIDUALS: n=200, avg_genome_length=46.56
2021-12-17 10:00:45.184445 | GENERATION: 36 | ERRORS: best=1223.0, median=2283.0, diversity=0.725 | INDIVIDUALS: n=200, avg_genome_length=48.64
2021-12-17 10:01:18.095370 | GENERATION: 37 | ERRORS: best=1223.0, median=2283.0, diversity=0.73 | INDIVIDUALS: n=200, avg_genome_length=50.855
2021-12-17 10:01:36.908201 | GENERATION: 38 | ERRORS: best=1229.0, median=2283.0, diversity=0.77 | INDIVIDUALS: n=200, avg_genome_length=50.445
2021-12-17 10:01:52.492228 | GENERATION: 39 | ERRORS: best=1223.0, median=2283.0, diversity=0.77 | INDIVIDUALS: n=200, avg_genome_length=51.225
2021-12-17 10:02:11.914695 | GENERATION: 40 | ERRORS: best=1223.0, median=2283.0, diversity=0.73 | INDIVIDUALS: n=200, avg_genome_length=49.635
2021-12-17 10:02:24.988367 | GENERATION: 41 | ERRORS: best=1245.0, median=2199.0, diversity=0.665 | INDIVIDUALS: n=200, avg_genome_length=48.89
2021-12-17 10:02:43.007998 | GENERATION: 42 | ERRORS: best=1223.0, median=2199.0, diversity=0.64 | INDIVIDUALS: n=200, avg_genome_length=46.945
2021-12-17 10:03:13.244595 | GENERATION: 43 | ERRORS: best=1231.0, median=2283.0, diversity=0.615 | INDIVIDUALS: n=200, avg_genome_length=44.93
2021-12-17 10:03:31.107645 | GENERATION: 44 | ERRORS: best=1231.0, median=2283.0, diversity=0.565 | INDIVIDUALS: n=200, avg_genome_length=45.71
2021-12-17 10:03:40.790545 | GENERATION: 45 | ERRORS: best=1229.0, median=2258.0, diversity=0.585 | INDIVIDUALS: n=200, avg_genome_length=44.21
2021-12-17 10:03:51.279710 | GENERATION: 46 | ERRORS: best=1223.0, median=2199.0, diversity=0.615 | INDIVIDUALS: n=200, avg_genome_length=43.375
2021-12-17 10:04:03.737298 | GENERATION: 47 | ERRORS: best=1229.0, median=2196.0, diversity=0.57 | INDIVIDUALS: n=200, avg_genome_length=42.51
2021-12-17 10:04:21.991795 | GENERATION: 48 | ERRORS: best=1231.0, median=2199.0, diversity=0.6 | INDIVIDUALS: n=200, avg_genome_length=40.735
2021-12-17 10:04:44.685492 | GENERATION: 49 | ERRORS: best=1231.0, median=2199.0, diversity=0.67 | INDIVIDUALS: n=200, avg_genome_length=39.105
2021-12-17 10:05:23.750714 | GENERATION: 50 | ERRORS: best=1231.0, median=2199.0, diversity=0.575 | INDIVIDUALS: n=200, avg_genome_length=38.885
2021-12-17 10:05:52.353241 | GENERATION: 51 | ERRORS: best=1231.0, median=2283.0, diversity=0.58 | INDIVIDUALS: n=200, avg_genome_length=36.525
2021-12-17 10:06:18.596447 | GENERATION: 52 | ERRORS: best=1266.0, median=2283.0, diversity=0.54 | INDIVIDUALS: n=200, avg_genome_length=36.195
2021-12-17 10:06:33.095249 | GENERATION: 53 | ERRORS: best=1451.0, median=1000053.0, diversity=0.415 | INDIVIDUALS: n=200, avg_genome_length=22.26
2021-12-17 10:07:04.726754 | GENERATION: 54 | ERRORS: best=2.0, median=1002282.0, diversity=0.42 | INDIVIDUALS: n=200, avg_genome_length=18.915
Simplifying genome of length 19 with total error 0.0.
Simplified genome by 1 to length 18.
Simplified genome by 1 to length 17.
Simplified genome by 1 to length 16.
Simplified genome by 2 to length 14.
Simplified genome by 1 to length 13.
Simplified genome by 2 to length 11.
Simplified genome by 1 to length 10.
Simplified genome by 1 to length 9.
Simplified genome by 1 to length 8.
Simplified genome by 1 to length 7.
Simplified genome to length 7 and total error 0.0.
========================================
End Run
========================================
Solution found.
Best Seen Individual
	Genome:
	 pvector([InstructionMeta(name='int_stack_depth', code_blocks=0), Input(input_index=0), InstructionMeta(name='vector_int_iterate', code_blocks=1), Literal(value=2, push_type=<pyshgp.push.types.PushIntType object at 0x7f0e269eabe0>), InstructionMeta(name='int_mod', code_blocks=0), InstructionMeta(name='int_dup_times', code_blocks=0), InstructionMeta(name='int_stack_depth', code_blocks=0)])
	Program:
	 (int_stack_depth input_0 vector_int_iterate (2 int_mod int_dup_times int_stack_depth))
	Error vector:
	 [0. 0. 0. 0. 0. 0. 0. 0. 0. 0. 0. 0. 0. 0. 0. 0. 0. 0. 0. 0. 0. 0. 0. 0.
 0. 0. 0. 0. 0. 0. 0. 0. 0. 0. 0. 0. 0. 0. 0. 0. 0. 0. 0. 0. 0. 0. 0. 0.
 0. 0. 0. 0. 0. 0. 0. 0. 0. 0. 0. 0. 0. 0. 0. 0. 0. 0. 0. 0. 0. 0. 0. 0.
 0. 0. 0. 0. 0. 0. 0. 0. 0. 0. 0. 0. 0. 0. 0. 0. 0. 0. 0. 0. 0. 0. 0. 0.
 0. 0. 0. 0. 0. 0. 0. 0. 0. 0. 0. 0. 0. 0. 0. 0. 0. 0. 0. 0. 0. 0. 0. 0.
 0. 0. 0. 0. 0. 0. 0. 0. 0. 0. 0. 0. 0. 0. 0. 0. 0. 0. 0. 0. 0. 0. 0. 0.
 0. 0. 0. 0. 0. 0. 0. 0. 0. 0. 0. 0. 0. 0. 0. 0. 0. 0. 0. 0. 0. 0. 0. 0.
 0. 0. 0. 0. 0. 0. 0. 0. 0. 0. 0. 0. 0. 0. 0. 0. 0. 0. 0. 0. 0. 0. 0. 0.
 0. 0. 0. 0. 0. 0. 0. 0.]
	Total error:
	 0.0
	Test error:
	 0.0
	Time:
	 00:21:25
