Included 32 edge cases.
Included 168 random cases.
Included 200 cases in total.
Finished formatting.
Included 0 edge cases.
Included 2000 random cases.
Included 2000 cases in total.
Finished formatting.
========================================
Setup
========================================
Search Configuration:
signature: ProgramSignature(output_stacks=['int'], push_config=PushConfig(numeric_magnitude_limit=1000000000000.0, runtime_limit=10, step_limit=1500, collection_size_cap=1000, growth_cap=500), arity=1)
evaluator: <pyshgp.gp.evaluation.DatasetEvaluator object at 0x7fee17c48c70>
spawner: <pyshgp.gp.genome.GeneSpawner object at 0x7fee58626d60>
population_size: 200
max_generations: 300
error_threshold: 0.0
initial_genome_size: (50, 250)
simplification_steps: 500
parallel_context: <pyshgp.gp.search.ParallelContext object at 0x7fee17c484c0>
selection: <pyshgp.utils.DiscreteProbDistrib object at 0x7fee19401340>
variation: <pyshgp.utils.DiscreteProbDistrib object at 0x7fee19401c80>
Instructions:
int_add, int_sub, int_mult, int_div, int_mod, int_min, int_max, int_inc, int_dec, int_lt, int_lte, int_gt, int_gte, int_from_bool, bool_and, bool_or, bool_not, bool_xor, bool_invert_first_then_and, bool_second_first_then_and, bool_from_int, noop, noop_open, exec_do_range, exec_do_count, exec_while, exec_do_while, exec_if, exec_when, vector_int_concat, vector_int_conj, vector_int_take, vector_int_subvec, vector_int_first, vector_int_last, vector_int_nth, vector_int_rest, vector_int_but_last, vector_int_length, vector_int_reverse, vector_int_push_all, vector_int_empty_vector, vector_int_contains, vector_int_index_of, vector_int_occurrences_of, vector_int_set_nth, vector_int_replace, vector_int_replace_first, vector_int_remove, vector_int_iterate, print_bool, println_bool, print_int, println_int, print_vector_int, println_vector_int, print_exec, println_exec, bool_pop, bool_dup, bool_dup_times, bool_swap, bool_rot, bool_flush, bool_eq, bool_stack_depth, bool_yank, bool_yank_dup, bool_shove, bool_shove_dup, bool_is_empty, int_pop, int_dup, int_dup_times, int_swap, int_rot, int_flush, int_eq, int_stack_depth, int_yank, int_yank_dup, int_shove, int_shove_dup, int_is_empty, vector_int_pop, vector_int_dup, vector_int_dup_times, vector_int_swap, vector_int_rot, vector_int_flush, vector_int_eq, vector_int_stack_depth, vector_int_yank, vector_int_yank_dup, vector_int_shove, vector_int_shove_dup, vector_int_is_empty, exec_pop, exec_dup, exec_dup_times, exec_swap, exec_rot, exec_flush, exec_eq, exec_stack_depth, exec_yank, exec_yank_dup, exec_shove, exec_shove_dup, exec_is_empty
Literals:
[Literal(value=0, push_type=<pyshgp.push.types.PushIntType object at 0x7fee58776340>), Literal(value=1, push_type=<pyshgp.push.types.PushIntType object at 0x7fee58776340>), Literal(value=2, push_type=<pyshgp.push.types.PushIntType object at 0x7fee58776340>)]
ERC Generators:
[<function rand_int at 0x7fee19985040>]
========================================
Start Run
========================================
2021-12-16 22:09:41.599137 | GENERATION: 1 | ERRORS: best=1828.0, median=121040821.0, diversity=0.145 | INDIVIDUALS: n=200, avg_genome_length=179.42
2021-12-16 22:09:48.889972 | GENERATION: 2 | ERRORS: best=1774.0, median=2016.0, diversity=0.11 | INDIVIDUALS: n=200, avg_genome_length=211.78
2021-12-16 22:10:04.922952 | GENERATION: 3 | ERRORS: best=1699.0, median=2016.0, diversity=0.225 | INDIVIDUALS: n=200, avg_genome_length=195.235
2021-12-16 22:10:21.460759 | GENERATION: 4 | ERRORS: best=1702.0, median=2016.0, diversity=0.275 | INDIVIDUALS: n=200, avg_genome_length=189.615
2021-12-16 22:10:33.538794 | GENERATION: 5 | ERRORS: best=1702.0, median=2978.0, diversity=0.31 | INDIVIDUALS: n=200, avg_genome_length=184.7
2021-12-16 22:10:43.538696 | GENERATION: 6 | ERRORS: best=1656.0, median=2016.0, diversity=0.345 | INDIVIDUALS: n=200, avg_genome_length=172.485
2021-12-16 22:10:56.200924 | GENERATION: 7 | ERRORS: best=1656.0, median=3554.0, diversity=0.445 | INDIVIDUALS: n=200, avg_genome_length=176.34
2021-12-16 22:11:10.199172 | GENERATION: 8 | ERRORS: best=1616.0, median=2962.0, diversity=0.48 | INDIVIDUALS: n=200, avg_genome_length=171.8
2021-12-16 22:11:28.858298 | GENERATION: 9 | ERRORS: best=1616.0, median=2442.0, diversity=0.475 | INDIVIDUALS: n=200, avg_genome_length=169.915
2021-12-16 22:11:38.002596 | GENERATION: 10 | ERRORS: best=1616.0, median=2442.0, diversity=0.46 | INDIVIDUALS: n=200, avg_genome_length=163.83
2021-12-16 22:11:48.170724 | GENERATION: 11 | ERRORS: best=1616.0, median=2442.0, diversity=0.46 | INDIVIDUALS: n=200, avg_genome_length=160.96
2021-12-16 22:11:57.423869 | GENERATION: 12 | ERRORS: best=1616.0, median=2514.5, diversity=0.635 | INDIVIDUALS: n=200, avg_genome_length=146.24
2021-12-16 22:12:12.505261 | GENERATION: 13 | ERRORS: best=1616.0, median=2442.0, diversity=0.65 | INDIVIDUALS: n=200, avg_genome_length=139.955
2021-12-16 22:12:22.866947 | GENERATION: 14 | ERRORS: best=1613.0, median=2777.5, diversity=0.735 | INDIVIDUALS: n=200, avg_genome_length=131.16
2021-12-16 22:12:29.642660 | GENERATION: 15 | ERRORS: best=1559.0, median=2442.0, diversity=0.755 | INDIVIDUALS: n=200, avg_genome_length=127.915
2021-12-16 22:13:00.864522 | GENERATION: 16 | ERRORS: best=1553.0, median=2442.0, diversity=0.715 | INDIVIDUALS: n=200, avg_genome_length=124.385
2021-12-16 22:13:17.042274 | GENERATION: 17 | ERRORS: best=1477.0, median=2442.0, diversity=0.805 | INDIVIDUALS: n=200, avg_genome_length=120.475
2021-12-16 22:13:48.184993 | GENERATION: 18 | ERRORS: best=1542.0, median=2262.0, diversity=0.765 | INDIVIDUALS: n=200, avg_genome_length=115.395
2021-12-16 22:14:01.122991 | GENERATION: 19 | ERRORS: best=1475.0, median=2442.0, diversity=0.775 | INDIVIDUALS: n=200, avg_genome_length=116.795
2021-12-16 22:14:09.442191 | GENERATION: 20 | ERRORS: best=1522.0, median=3061.0, diversity=0.74 | INDIVIDUALS: n=200, avg_genome_length=109.465
2021-12-16 22:14:19.925949 | GENERATION: 21 | ERRORS: best=1513.0, median=3363.0, diversity=0.72 | INDIVIDUALS: n=200, avg_genome_length=112.47
2021-12-16 22:14:31.069813 | GENERATION: 22 | ERRORS: best=1505.0, median=8858.0, diversity=0.765 | INDIVIDUALS: n=200, avg_genome_length=109.47
2021-12-16 22:14:40.710717 | GENERATION: 23 | ERRORS: best=1515.0, median=6194.5, diversity=0.755 | INDIVIDUALS: n=200, avg_genome_length=102.15
2021-12-16 22:14:48.827743 | GENERATION: 24 | ERRORS: best=1442.0, median=10524.5, diversity=0.75 | INDIVIDUALS: n=200, avg_genome_length=98.94
2021-12-16 22:14:58.791740 | GENERATION: 25 | ERRORS: best=1485.0, median=4919.5, diversity=0.775 | INDIVIDUALS: n=200, avg_genome_length=94.555
2021-12-16 22:15:08.244421 | GENERATION: 26 | ERRORS: best=1466.0, median=46454.0, diversity=0.765 | INDIVIDUALS: n=200, avg_genome_length=92.765
2021-12-16 22:15:17.755618 | GENERATION: 27 | ERRORS: best=1506.0, median=27865.0, diversity=0.72 | INDIVIDUALS: n=200, avg_genome_length=94.57
2021-12-16 22:15:29.124234 | GENERATION: 28 | ERRORS: best=1506.0, median=2724.5, diversity=0.75 | INDIVIDUALS: n=200, avg_genome_length=93.765
2021-12-16 22:15:36.877609 | GENERATION: 29 | ERRORS: best=1468.0, median=2312.0, diversity=0.78 | INDIVIDUALS: n=200, avg_genome_length=87.615
2021-12-16 22:15:48.151839 | GENERATION: 30 | ERRORS: best=1330.0, median=2312.0, diversity=0.745 | INDIVIDUALS: n=200, avg_genome_length=86.75
2021-12-16 22:15:56.687137 | GENERATION: 31 | ERRORS: best=1330.0, median=2591.0, diversity=0.77 | INDIVIDUALS: n=200, avg_genome_length=81.12
2021-12-16 22:16:06.738823 | GENERATION: 32 | ERRORS: best=1330.0, median=3211.5, diversity=0.75 | INDIVIDUALS: n=200, avg_genome_length=79.705
2021-12-16 22:16:16.109560 | GENERATION: 33 | ERRORS: best=1330.0, median=2411.0, diversity=0.685 | INDIVIDUALS: n=200, avg_genome_length=80.775
2021-12-16 22:16:24.541840 | GENERATION: 34 | ERRORS: best=1328.0, median=2313.0, diversity=0.735 | INDIVIDUALS: n=200, avg_genome_length=77.195
2021-12-16 22:16:34.185955 | GENERATION: 35 | ERRORS: best=1435.0, median=2312.5, diversity=0.7 | INDIVIDUALS: n=200, avg_genome_length=75.28
2021-12-16 22:16:40.847242 | GENERATION: 36 | ERRORS: best=1329.0, median=2146.5, diversity=0.635 | INDIVIDUALS: n=200, avg_genome_length=78.295
2021-12-16 22:16:49.230463 | GENERATION: 37 | ERRORS: best=1314.0, median=2016.0, diversity=0.66 | INDIVIDUALS: n=200, avg_genome_length=75.735
2021-12-16 22:16:57.611463 | GENERATION: 38 | ERRORS: best=1309.0, median=2172.5, diversity=0.675 | INDIVIDUALS: n=200, avg_genome_length=74.105
2021-12-16 22:17:05.881441 | GENERATION: 39 | ERRORS: best=1310.0, median=2100.0, diversity=0.705 | INDIVIDUALS: n=200, avg_genome_length=73.565
2021-12-16 22:17:14.379875 | GENERATION: 40 | ERRORS: best=1352.0, median=2441.5, diversity=0.725 | INDIVIDUALS: n=200, avg_genome_length=70.085
2021-12-16 22:17:21.997740 | GENERATION: 41 | ERRORS: best=1373.0, median=2211.5, diversity=0.67 | INDIVIDUALS: n=200, avg_genome_length=68.27
2021-12-16 22:17:36.121652 | GENERATION: 42 | ERRORS: best=1353.0, median=2327.0, diversity=0.68 | INDIVIDUALS: n=200, avg_genome_length=71.385
2021-12-16 22:17:42.870368 | GENERATION: 43 | ERRORS: best=1319.0, median=2364.0, diversity=0.69 | INDIVIDUALS: n=200, avg_genome_length=69.195
2021-12-16 22:17:50.590309 | GENERATION: 44 | ERRORS: best=1319.0, median=2441.5, diversity=0.66 | INDIVIDUALS: n=200, avg_genome_length=62.9
2021-12-16 22:17:59.205332 | GENERATION: 45 | ERRORS: best=1310.0, median=2277.0, diversity=0.645 | INDIVIDUALS: n=200, avg_genome_length=65.545
2021-12-16 22:18:07.122199 | GENERATION: 46 | ERRORS: best=1330.0, median=2441.0, diversity=0.66 | INDIVIDUALS: n=200, avg_genome_length=64.66
2021-12-16 22:18:15.150921 | GENERATION: 47 | ERRORS: best=1330.0, median=2237.5, diversity=0.675 | INDIVIDUALS: n=200, avg_genome_length=64.545
2021-12-16 22:18:22.658934 | GENERATION: 48 | ERRORS: best=1324.0, median=2096.5, diversity=0.69 | INDIVIDUALS: n=200, avg_genome_length=69.345
2021-12-16 22:18:30.465355 | GENERATION: 49 | ERRORS: best=1321.0, median=2016.0, diversity=0.66 | INDIVIDUALS: n=200, avg_genome_length=64.38
2021-12-16 22:18:38.852475 | GENERATION: 50 | ERRORS: best=1318.0, median=2442.0, diversity=0.745 | INDIVIDUALS: n=200, avg_genome_length=68.275
2021-12-16 22:18:47.171076 | GENERATION: 51 | ERRORS: best=1310.0, median=2016.0, diversity=0.76 | INDIVIDUALS: n=200, avg_genome_length=68.2
2021-12-16 22:18:55.206851 | GENERATION: 52 | ERRORS: best=1311.0, median=2131.0, diversity=0.66 | INDIVIDUALS: n=200, avg_genome_length=64.125
2021-12-16 22:19:01.669297 | GENERATION: 53 | ERRORS: best=1322.0, median=2247.0, diversity=0.66 | INDIVIDUALS: n=200, avg_genome_length=60.365
2021-12-16 22:19:09.039737 | GENERATION: 54 | ERRORS: best=1322.0, median=2017.0, diversity=0.725 | INDIVIDUALS: n=200, avg_genome_length=55.805
2021-12-16 22:19:16.691756 | GENERATION: 55 | ERRORS: best=1321.0, median=2016.0, diversity=0.62 | INDIVIDUALS: n=200, avg_genome_length=54.36
2021-12-16 22:19:24.939826 | GENERATION: 56 | ERRORS: best=1310.0, median=2016.0, diversity=0.68 | INDIVIDUALS: n=200, avg_genome_length=48.14
2021-12-16 22:19:32.203870 | GENERATION: 57 | ERRORS: best=1322.0, median=2016.0, diversity=0.64 | INDIVIDUALS: n=200, avg_genome_length=44.935
2021-12-16 22:19:40.036255 | GENERATION: 58 | ERRORS: best=1318.0, median=2016.0, diversity=0.655 | INDIVIDUALS: n=200, avg_genome_length=43.8
2021-12-16 22:19:48.445485 | GENERATION: 59 | ERRORS: best=1340.0, median=2016.0, diversity=0.72 | INDIVIDUALS: n=200, avg_genome_length=40.135
2021-12-16 22:19:56.715701 | GENERATION: 60 | ERRORS: best=1332.0, median=2113.0, diversity=0.62 | INDIVIDUALS: n=200, avg_genome_length=39.345
2021-12-16 22:20:04.609756 | GENERATION: 61 | ERRORS: best=1324.0, median=2016.0, diversity=0.57 | INDIVIDUALS: n=200, avg_genome_length=37.495
2021-12-16 22:20:12.606789 | GENERATION: 62 | ERRORS: best=1319.0, median=2017.0, diversity=0.59 | INDIVIDUALS: n=200, avg_genome_length=36.985
2021-12-16 22:20:19.783801 | GENERATION: 63 | ERRORS: best=1319.0, median=2016.0, diversity=0.57 | INDIVIDUALS: n=200, avg_genome_length=37.22
2021-12-16 22:20:26.933023 | GENERATION: 64 | ERRORS: best=1319.0, median=2016.0, diversity=0.56 | INDIVIDUALS: n=200, avg_genome_length=34.75
2021-12-16 22:20:33.831945 | GENERATION: 65 | ERRORS: best=1314.0, median=2016.0, diversity=0.535 | INDIVIDUALS: n=200, avg_genome_length=32.985
2021-12-16 22:20:40.975257 | GENERATION: 66 | ERRORS: best=1315.0, median=2016.0, diversity=0.555 | INDIVIDUALS: n=200, avg_genome_length=31.525
2021-12-16 22:20:46.848225 | GENERATION: 67 | ERRORS: best=1315.0, median=2016.0, diversity=0.54 | INDIVIDUALS: n=200, avg_genome_length=31.935
2021-12-16 22:20:52.910888 | GENERATION: 68 | ERRORS: best=1319.0, median=2016.0, diversity=0.515 | INDIVIDUALS: n=200, avg_genome_length=31.595
2021-12-16 22:20:59.577640 | GENERATION: 69 | ERRORS: best=1324.0, median=2016.0, diversity=0.515 | INDIVIDUALS: n=200, avg_genome_length=28.93
2021-12-16 22:21:06.371902 | GENERATION: 70 | ERRORS: best=1321.0, median=2016.0, diversity=0.525 | INDIVIDUALS: n=200, avg_genome_length=30.32
2021-12-16 22:21:12.566464 | GENERATION: 71 | ERRORS: best=1321.0, median=2053.5, diversity=0.5 | INDIVIDUALS: n=200, avg_genome_length=28.09
2021-12-16 22:21:16.834954 | GENERATION: 72 | ERRORS: best=1332.0, median=2016.0, diversity=0.465 | INDIVIDUALS: n=200, avg_genome_length=29.265
2021-12-16 22:21:20.934224 | GENERATION: 73 | ERRORS: best=1328.0, median=2016.0, diversity=0.395 | INDIVIDUALS: n=200, avg_genome_length=27.43
2021-12-16 22:21:29.847911 | GENERATION: 74 | ERRORS: best=1328.0, median=2016.0, diversity=0.465 | INDIVIDUALS: n=200, avg_genome_length=27.39
2021-12-16 22:21:34.041421 | GENERATION: 75 | ERRORS: best=1330.0, median=2038.5, diversity=0.475 | INDIVIDUALS: n=200, avg_genome_length=24.75
2021-12-16 22:21:38.240196 | GENERATION: 76 | ERRORS: best=1615.0, median=2016.0, diversity=0.45 | INDIVIDUALS: n=200, avg_genome_length=24.595
2021-12-16 22:21:42.485947 | GENERATION: 77 | ERRORS: best=1615.0, median=2016.0, diversity=0.49 | INDIVIDUALS: n=200, avg_genome_length=24.495
2021-12-16 22:21:48.971912 | GENERATION: 78 | ERRORS: best=1350.0, median=2190.0, diversity=0.47 | INDIVIDUALS: n=200, avg_genome_length=23.305
2021-12-16 22:21:55.243086 | GENERATION: 79 | ERRORS: best=1656.0, median=2097.0, diversity=0.495 | INDIVIDUALS: n=200, avg_genome_length=25.61
2021-12-16 22:22:00.059207 | GENERATION: 80 | ERRORS: best=1507.0, median=2016.0, diversity=0.405 | INDIVIDUALS: n=200, avg_genome_length=25.16
2021-12-16 22:22:04.136783 | GENERATION: 81 | ERRORS: best=1629.0, median=2190.0, diversity=0.405 | INDIVIDUALS: n=200, avg_genome_length=22.84
2021-12-16 22:22:10.302119 | GENERATION: 82 | ERRORS: best=1575.0, median=2016.0, diversity=0.45 | INDIVIDUALS: n=200, avg_genome_length=24.06
2021-12-16 22:22:15.202620 | GENERATION: 83 | ERRORS: best=1575.0, median=2016.0, diversity=0.43 | INDIVIDUALS: n=200, avg_genome_length=23.675
2021-12-16 22:22:21.420068 | GENERATION: 84 | ERRORS: best=1492.0, median=2016.0, diversity=0.535 | INDIVIDUALS: n=200, avg_genome_length=25.39
2021-12-16 22:22:28.350469 | GENERATION: 85 | ERRORS: best=1602.0, median=2016.0, diversity=0.425 | INDIVIDUALS: n=200, avg_genome_length=24.54
2021-12-16 22:22:33.704637 | GENERATION: 86 | ERRORS: best=1593.0, median=2016.0, diversity=0.42 | INDIVIDUALS: n=200, avg_genome_length=23.42
2021-12-16 22:22:36.931542 | GENERATION: 87 | ERRORS: best=1593.0, median=2016.0, diversity=0.405 | INDIVIDUALS: n=200, avg_genome_length=23.505
2021-12-16 22:22:40.982420 | GENERATION: 88 | ERRORS: best=1677.0, median=2016.0, diversity=0.42 | INDIVIDUALS: n=200, avg_genome_length=23.405
2021-12-16 22:22:45.606847 | GENERATION: 89 | ERRORS: best=1342.0, median=2016.0, diversity=0.425 | INDIVIDUALS: n=200, avg_genome_length=22.22
2021-12-16 22:22:51.577051 | GENERATION: 90 | ERRORS: best=1342.0, median=2016.0, diversity=0.4 | INDIVIDUALS: n=200, avg_genome_length=22.05
2021-12-16 22:22:59.899873 | GENERATION: 91 | ERRORS: best=1342.0, median=2016.0, diversity=0.44 | INDIVIDUALS: n=200, avg_genome_length=22.29
2021-12-16 22:23:04.398457 | GENERATION: 92 | ERRORS: best=1342.0, median=2016.0, diversity=0.43 | INDIVIDUALS: n=200, avg_genome_length=24.35
2021-12-16 22:23:09.433427 | GENERATION: 93 | ERRORS: best=1520.0, median=2016.0, diversity=0.455 | INDIVIDUALS: n=200, avg_genome_length=25.21
2021-12-16 22:23:14.346850 | GENERATION: 94 | ERRORS: best=1520.0, median=2016.0, diversity=0.5 | INDIVIDUALS: n=200, avg_genome_length=26.88
2021-12-16 22:23:19.630452 | GENERATION: 95 | ERRORS: best=1520.0, median=2016.0, diversity=0.51 | INDIVIDUALS: n=200, avg_genome_length=26.58
2021-12-16 22:23:24.034584 | GENERATION: 96 | ERRORS: best=1520.0, median=2016.0, diversity=0.47 | INDIVIDUALS: n=200, avg_genome_length=26.93
2021-12-16 22:23:29.985435 | GENERATION: 97 | ERRORS: best=1534.0, median=2016.0, diversity=0.47 | INDIVIDUALS: n=200, avg_genome_length=25.34
2021-12-16 22:23:38.030491 | GENERATION: 98 | ERRORS: best=1573.0, median=2016.0, diversity=0.545 | INDIVIDUALS: n=200, avg_genome_length=24.56
2021-12-16 22:23:44.847880 | GENERATION: 99 | ERRORS: best=1576.0, median=2008.5, diversity=0.545 | INDIVIDUALS: n=200, avg_genome_length=25.275
2021-12-16 22:23:51.214798 | GENERATION: 100 | ERRORS: best=1512.0, median=2016.0, diversity=0.465 | INDIVIDUALS: n=200, avg_genome_length=23.9
2021-12-16 22:23:57.186130 | GENERATION: 101 | ERRORS: best=1564.0, median=2016.0, diversity=0.47 | INDIVIDUALS: n=200, avg_genome_length=23.04
2021-12-16 22:24:02.068760 | GENERATION: 102 | ERRORS: best=1650.0, median=2016.0, diversity=0.36 | INDIVIDUALS: n=200, avg_genome_length=20.435
2021-12-16 22:24:06.504456 | GENERATION: 103 | ERRORS: best=1675.0, median=2016.5, diversity=0.37 | INDIVIDUALS: n=200, avg_genome_length=20.68
2021-12-16 22:24:11.201977 | GENERATION: 104 | ERRORS: best=1702.0, median=2016.0, diversity=0.425 | INDIVIDUALS: n=200, avg_genome_length=21.015
2021-12-16 22:24:16.954952 | GENERATION: 105 | ERRORS: best=1702.0, median=2190.0, diversity=0.395 | INDIVIDUALS: n=200, avg_genome_length=20.065
2021-12-16 22:24:24.376799 | GENERATION: 106 | ERRORS: best=1651.0, median=2016.0, diversity=0.49 | INDIVIDUALS: n=200, avg_genome_length=20.705
2021-12-16 22:24:29.883364 | GENERATION: 107 | ERRORS: best=1666.0, median=2057.5, diversity=0.4 | INDIVIDUALS: n=200, avg_genome_length=19.82
2021-12-16 22:24:35.318288 | GENERATION: 108 | ERRORS: best=1365.0, median=2016.0, diversity=0.435 | INDIVIDUALS: n=200, avg_genome_length=19.935
2021-12-16 22:24:41.033774 | GENERATION: 109 | ERRORS: best=1365.0, median=2016.0, diversity=0.44 | INDIVIDUALS: n=200, avg_genome_length=22.145
2021-12-16 22:24:44.690297 | GENERATION: 110 | ERRORS: best=1683.0, median=2016.0, diversity=0.38 | INDIVIDUALS: n=200, avg_genome_length=19.825
2021-12-16 22:24:49.200192 | GENERATION: 111 | ERRORS: best=1328.0, median=2016.0, diversity=0.445 | INDIVIDUALS: n=200, avg_genome_length=18.82
2021-12-16 22:24:54.382202 | GENERATION: 112 | ERRORS: best=1330.0, median=2016.0, diversity=0.445 | INDIVIDUALS: n=200, avg_genome_length=18.89
2021-12-16 22:24:57.687228 | GENERATION: 113 | ERRORS: best=1657.0, median=2016.0, diversity=0.405 | INDIVIDUALS: n=200, avg_genome_length=19.45
2021-12-16 22:25:02.337718 | GENERATION: 114 | ERRORS: best=1704.0, median=2016.0, diversity=0.465 | INDIVIDUALS: n=200, avg_genome_length=20.03
2021-12-16 22:25:06.779201 | GENERATION: 115 | ERRORS: best=1691.0, median=2016.0, diversity=0.485 | INDIVIDUALS: n=200, avg_genome_length=19.66
2021-12-16 22:25:11.653977 | GENERATION: 116 | ERRORS: best=1470.0, median=2016.0, diversity=0.51 | INDIVIDUALS: n=200, avg_genome_length=19.165
2021-12-16 22:25:15.917247 | GENERATION: 117 | ERRORS: best=1419.0, median=2016.0, diversity=0.545 | INDIVIDUALS: n=200, avg_genome_length=19.275
2021-12-16 22:25:19.917760 | GENERATION: 118 | ERRORS: best=1416.0, median=2016.0, diversity=0.41 | INDIVIDUALS: n=200, avg_genome_length=19.47
2021-12-16 22:25:26.874666 | GENERATION: 119 | ERRORS: best=1436.0, median=2016.0, diversity=0.525 | INDIVIDUALS: n=200, avg_genome_length=19.625
2021-12-16 22:25:31.680247 | GENERATION: 120 | ERRORS: best=1416.0, median=2016.0, diversity=0.49 | INDIVIDUALS: n=200, avg_genome_length=19.775
2021-12-16 22:25:36.104497 | GENERATION: 121 | ERRORS: best=1330.0, median=2016.0, diversity=0.48 | INDIVIDUALS: n=200, avg_genome_length=18.63
2021-12-16 22:25:40.759463 | GENERATION: 122 | ERRORS: best=1453.0, median=2016.0, diversity=0.44 | INDIVIDUALS: n=200, avg_genome_length=18.275
2021-12-16 22:25:44.809292 | GENERATION: 123 | ERRORS: best=1436.0, median=2016.0, diversity=0.41 | INDIVIDUALS: n=200, avg_genome_length=18.785
2021-12-16 22:25:49.120450 | GENERATION: 124 | ERRORS: best=1702.0, median=2016.0, diversity=0.44 | INDIVIDUALS: n=200, avg_genome_length=18.77
2021-12-16 22:25:53.399031 | GENERATION: 125 | ERRORS: best=1702.0, median=2016.0, diversity=0.475 | INDIVIDUALS: n=200, avg_genome_length=18.51
2021-12-16 22:25:57.728912 | GENERATION: 126 | ERRORS: best=1702.0, median=2016.0, diversity=0.485 | INDIVIDUALS: n=200, avg_genome_length=18.335
2021-12-16 22:26:03.229068 | GENERATION: 127 | ERRORS: best=1328.0, median=2174.0, diversity=0.435 | INDIVIDUALS: n=200, avg_genome_length=18.155
2021-12-16 22:26:08.057242 | GENERATION: 128 | ERRORS: best=1356.0, median=2016.0, diversity=0.455 | INDIVIDUALS: n=200, avg_genome_length=18.345
2021-12-16 22:26:12.610169 | GENERATION: 129 | ERRORS: best=1330.0, median=2016.0, diversity=0.44 | INDIVIDUALS: n=200, avg_genome_length=17.215
2021-12-16 22:26:16.676373 | GENERATION: 130 | ERRORS: best=1330.0, median=2016.0, diversity=0.435 | INDIVIDUALS: n=200, avg_genome_length=16.62
2021-12-16 22:26:21.257791 | GENERATION: 131 | ERRORS: best=1660.0, median=2016.0, diversity=0.39 | INDIVIDUALS: n=200, avg_genome_length=16.205
2021-12-16 22:26:26.890473 | GENERATION: 132 | ERRORS: best=1643.0, median=2096.5, diversity=0.525 | INDIVIDUALS: n=200, avg_genome_length=17.11
2021-12-16 22:26:30.434247 | GENERATION: 133 | ERRORS: best=1687.0, median=2097.5, diversity=0.44 | INDIVIDUALS: n=200, avg_genome_length=16.965
2021-12-16 22:26:34.040139 | GENERATION: 134 | ERRORS: best=1699.0, median=2061.5, diversity=0.45 | INDIVIDUALS: n=200, avg_genome_length=18.935
2021-12-16 22:26:38.793484 | GENERATION: 135 | ERRORS: best=1682.0, median=2016.0, diversity=0.515 | INDIVIDUALS: n=200, avg_genome_length=18.435
2021-12-16 22:26:44.143652 | GENERATION: 136 | ERRORS: best=1671.0, median=2096.5, diversity=0.515 | INDIVIDUALS: n=200, avg_genome_length=17.695
2021-12-16 22:26:47.542010 | GENERATION: 137 | ERRORS: best=1658.0, median=2016.0, diversity=0.405 | INDIVIDUALS: n=200, avg_genome_length=18.24
2021-12-16 22:26:53.652439 | GENERATION: 138 | ERRORS: best=1696.0, median=2016.0, diversity=0.46 | INDIVIDUALS: n=200, avg_genome_length=17.35
2021-12-16 22:26:58.921851 | GENERATION: 139 | ERRORS: best=1679.0, median=2016.0, diversity=0.435 | INDIVIDUALS: n=200, avg_genome_length=16.98
2021-12-16 22:27:04.868515 | GENERATION: 140 | ERRORS: best=1690.0, median=2016.0, diversity=0.41 | INDIVIDUALS: n=200, avg_genome_length=16.66
2021-12-16 22:27:07.351663 | GENERATION: 141 | ERRORS: best=1693.0, median=2016.0, diversity=0.455 | INDIVIDUALS: n=200, avg_genome_length=16.645
2021-12-16 22:27:10.176935 | GENERATION: 142 | ERRORS: best=1702.0, median=2016.0, diversity=0.355 | INDIVIDUALS: n=200, avg_genome_length=16.76
2021-12-16 22:27:14.623282 | GENERATION: 143 | ERRORS: best=1680.0, median=2016.0, diversity=0.45 | INDIVIDUALS: n=200, avg_genome_length=17.27
2021-12-16 22:27:19.707975 | GENERATION: 144 | ERRORS: best=1674.0, median=2016.0, diversity=0.415 | INDIVIDUALS: n=200, avg_genome_length=16.77
2021-12-16 22:27:24.734441 | GENERATION: 145 | ERRORS: best=1557.0, median=2016.0, diversity=0.34 | INDIVIDUALS: n=200, avg_genome_length=15.195
2021-12-16 22:27:30.046459 | GENERATION: 146 | ERRORS: best=1630.0, median=2016.0, diversity=0.435 | INDIVIDUALS: n=200, avg_genome_length=16.48
2021-12-16 22:27:35.578529 | GENERATION: 147 | ERRORS: best=1672.0, median=2016.0, diversity=0.44 | INDIVIDUALS: n=200, avg_genome_length=15.705
2021-12-16 22:27:41.934931 | GENERATION: 148 | ERRORS: best=1654.0, median=2016.0, diversity=0.415 | INDIVIDUALS: n=200, avg_genome_length=14.98
2021-12-16 22:27:48.130009 | GENERATION: 149 | ERRORS: best=1522.0, median=2016.0, diversity=0.395 | INDIVIDUALS: n=200, avg_genome_length=13.535
2021-12-16 22:27:53.492794 | GENERATION: 150 | ERRORS: best=1559.0, median=2016.0, diversity=0.485 | INDIVIDUALS: n=200, avg_genome_length=15.44
2021-12-16 22:27:59.441789 | GENERATION: 151 | ERRORS: best=1602.0, median=2016.0, diversity=0.435 | INDIVIDUALS: n=200, avg_genome_length=15.33
2021-12-16 22:28:03.607562 | GENERATION: 152 | ERRORS: best=1615.0, median=2016.0, diversity=0.395 | INDIVIDUALS: n=200, avg_genome_length=14.73
2021-12-16 22:28:06.962111 | GENERATION: 153 | ERRORS: best=1544.0, median=2016.0, diversity=0.435 | INDIVIDUALS: n=200, avg_genome_length=14.195
2021-12-16 22:28:13.038036 | GENERATION: 154 | ERRORS: best=1391.0, median=2016.0, diversity=0.42 | INDIVIDUALS: n=200, avg_genome_length=13.46
2021-12-16 22:28:19.410594 | GENERATION: 155 | ERRORS: best=1514.0, median=2016.0, diversity=0.365 | INDIVIDUALS: n=200, avg_genome_length=11.61
2021-12-16 22:28:26.470382 | GENERATION: 156 | ERRORS: best=1515.0, median=2017.0, diversity=0.4 | INDIVIDUALS: n=200, avg_genome_length=11.26
2021-12-16 22:28:31.806326 | GENERATION: 157 | ERRORS: best=1515.0, median=2016.0, diversity=0.33 | INDIVIDUALS: n=200, avg_genome_length=10.555
2021-12-16 22:28:38.035904 | GENERATION: 158 | ERRORS: best=1484.0, median=2016.0, diversity=0.335 | INDIVIDUALS: n=200, avg_genome_length=9.785
2021-12-16 22:28:44.027890 | GENERATION: 159 | ERRORS: best=1567.0, median=2197.5, diversity=0.405 | INDIVIDUALS: n=200, avg_genome_length=11.495
2021-12-16 22:28:50.017204 | GENERATION: 160 | ERRORS: best=1423.0, median=2311.5, diversity=0.39 | INDIVIDUALS: n=200, avg_genome_length=11.075
2021-12-16 22:28:56.969389 | GENERATION: 161 | ERRORS: best=1423.0, median=2016.0, diversity=0.39 | INDIVIDUALS: n=200, avg_genome_length=10.43
2021-12-16 22:29:02.266531 | GENERATION: 162 | ERRORS: best=1423.0, median=2016.0, diversity=0.355 | INDIVIDUALS: n=200, avg_genome_length=11.5
2021-12-16 22:29:08.137773 | GENERATION: 163 | ERRORS: best=1415.0, median=2016.0, diversity=0.425 | INDIVIDUALS: n=200, avg_genome_length=11.785
2021-12-16 22:29:12.575670 | GENERATION: 164 | ERRORS: best=1497.0, median=2016.0, diversity=0.375 | INDIVIDUALS: n=200, avg_genome_length=11.42
2021-12-16 22:29:20.215425 | GENERATION: 165 | ERRORS: best=1414.0, median=2016.0, diversity=0.335 | INDIVIDUALS: n=200, avg_genome_length=10.77
2021-12-16 22:29:26.668437 | GENERATION: 166 | ERRORS: best=1455.0, median=2016.0, diversity=0.355 | INDIVIDUALS: n=200, avg_genome_length=10.745
2021-12-16 22:29:32.623674 | GENERATION: 167 | ERRORS: best=1505.0, median=2016.0, diversity=0.335 | INDIVIDUALS: n=200, avg_genome_length=11.305
2021-12-16 22:29:37.057313 | GENERATION: 168 | ERRORS: best=1436.0, median=2016.0, diversity=0.345 | INDIVIDUALS: n=200, avg_genome_length=11.87
2021-12-16 22:29:42.889798 | GENERATION: 169 | ERRORS: best=1549.0, median=2016.0, diversity=0.355 | INDIVIDUALS: n=200, avg_genome_length=10.95
2021-12-16 22:29:49.169848 | GENERATION: 170 | ERRORS: best=1433.0, median=2016.0, diversity=0.38 | INDIVIDUALS: n=200, avg_genome_length=11.29
2021-12-16 22:29:55.086158 | GENERATION: 171 | ERRORS: best=1432.0, median=2016.0, diversity=0.415 | INDIVIDUALS: n=200, avg_genome_length=11.5
2021-12-16 22:30:00.234296 | GENERATION: 172 | ERRORS: best=1508.0, median=2016.0, diversity=0.415 | INDIVIDUALS: n=200, avg_genome_length=11.645
2021-12-16 22:30:05.066721 | GENERATION: 173 | ERRORS: best=1455.0, median=2016.0, diversity=0.365 | INDIVIDUALS: n=200, avg_genome_length=11.47
2021-12-16 22:30:10.269119 | GENERATION: 174 | ERRORS: best=1363.0, median=2016.0, diversity=0.38 | INDIVIDUALS: n=200, avg_genome_length=11.99
2021-12-16 22:30:17.019525 | GENERATION: 175 | ERRORS: best=1345.0, median=2016.0, diversity=0.385 | INDIVIDUALS: n=200, avg_genome_length=11.125
2021-12-16 22:30:22.765621 | GENERATION: 176 | ERRORS: best=1344.0, median=2016.0, diversity=0.41 | INDIVIDUALS: n=200, avg_genome_length=11.135
2021-12-16 22:30:28.308951 | GENERATION: 177 | ERRORS: best=99.0, median=2016.0, diversity=0.39 | INDIVIDUALS: n=200, avg_genome_length=11.145
2021-12-16 22:30:36.569061 | GENERATION: 178 | ERRORS: best=99.0, median=2016.0, diversity=0.375 | INDIVIDUALS: n=200, avg_genome_length=12.91
2021-12-16 22:30:44.236307 | GENERATION: 179 | ERRORS: best=99.0, median=2016.0, diversity=0.405 | INDIVIDUALS: n=200, avg_genome_length=13.365
2021-12-16 22:30:53.443264 | GENERATION: 180 | ERRORS: best=99.0, median=2442.0, diversity=0.425 | INDIVIDUALS: n=200, avg_genome_length=12.315
2021-12-16 22:31:00.588288 | GENERATION: 181 | ERRORS: best=99.0, median=2314.0, diversity=0.315 | INDIVIDUALS: n=200, avg_genome_length=8.855
2021-12-16 22:31:06.893461 | GENERATION: 182 | ERRORS: best=99.0, median=2107.0, diversity=0.26 | INDIVIDUALS: n=200, avg_genome_length=7.885
2021-12-16 22:31:14.240700 | GENERATION: 183 | ERRORS: best=99.0, median=2201.0, diversity=0.29 | INDIVIDUALS: n=200, avg_genome_length=7.54
2021-12-16 22:31:19.562376 | GENERATION: 184 | ERRORS: best=99.0, median=2096.5, diversity=0.31 | INDIVIDUALS: n=200, avg_genome_length=7.92
2021-12-16 22:31:27.157457 | GENERATION: 185 | ERRORS: best=99.0, median=2016.0, diversity=0.285 | INDIVIDUALS: n=200, avg_genome_length=7.7
2021-12-16 22:31:35.138103 | GENERATION: 186 | ERRORS: best=99.0, median=2200.0, diversity=0.29 | INDIVIDUALS: n=200, avg_genome_length=8.885
2021-12-16 22:31:40.516904 | GENERATION: 187 | ERRORS: best=135.0, median=2016.0, diversity=0.295 | INDIVIDUALS: n=200, avg_genome_length=8.52
2021-12-16 22:31:46.389395 | GENERATION: 188 | ERRORS: best=100.0, median=2016.0, diversity=0.3 | INDIVIDUALS: n=200, avg_genome_length=8.27
2021-12-16 22:31:53.905920 | GENERATION: 189 | ERRORS: best=99.0, median=2016.0, diversity=0.325 | INDIVIDUALS: n=200, avg_genome_length=8.54
2021-12-16 22:32:01.642221 | GENERATION: 190 | ERRORS: best=99.0, median=2201.0, diversity=0.3 | INDIVIDUALS: n=200, avg_genome_length=8.44
2021-12-16 22:32:09.124765 | GENERATION: 191 | ERRORS: best=100.0, median=2016.0, diversity=0.26 | INDIVIDUALS: n=200, avg_genome_length=8.515
2021-12-16 22:32:17.198194 | GENERATION: 192 | ERRORS: best=99.0, median=2016.0, diversity=0.3 | INDIVIDUALS: n=200, avg_genome_length=9.56
2021-12-16 22:32:23.702583 | GENERATION: 193 | ERRORS: best=99.0, median=2016.0, diversity=0.28 | INDIVIDUALS: n=200, avg_genome_length=9.885
2021-12-16 22:32:30.861760 | GENERATION: 194 | ERRORS: best=43.0, median=2016.0, diversity=0.25 | INDIVIDUALS: n=200, avg_genome_length=10.405
2021-12-16 22:32:39.136404 | GENERATION: 195 | ERRORS: best=43.0, median=2016.0, diversity=0.26 | INDIVIDUALS: n=200, avg_genome_length=13.015
2021-12-16 22:32:45.739930 | GENERATION: 196 | ERRORS: best=43.0, median=2016.0, diversity=0.295 | INDIVIDUALS: n=200, avg_genome_length=13.43
2021-12-16 22:32:52.570599 | GENERATION: 197 | ERRORS: best=43.0, median=2016.0, diversity=0.27 | INDIVIDUALS: n=200, avg_genome_length=13.32
Simplifying genome of length 14 with total error 0.0.
Simplified genome by 1 to length 13.
Simplified genome by 1 to length 12.
Simplified genome by 1 to length 11.
Simplified genome to length 11 and total error 0.0.
========================================
End Run
========================================
Solution found.
Best Seen Individual
	Genome:
	 pvector([Input(input_index=0), Literal(value=455, push_type=<pyshgp.push.types.PushIntType object at 0x7fee191b3a90>), InstructionMeta(name='vector_int_iterate', code_blocks=1), Literal(value=2, push_type=<pyshgp.push.types.PushIntType object at 0x7fee191b3070>), InstructionMeta(name='int_mod', code_blocks=0), InstructionMeta(name='int_dec', code_blocks=0), InstructionMeta(name='int_mod', code_blocks=0), Closer(), Literal(value=1, push_type=<pyshgp.push.types.PushIntType object at 0x7fee191b39d0>), InstructionMeta(name='int_eq', code_blocks=0), InstructionMeta(name='int_stack_depth', code_blocks=0)])
	Program:
	 (input_0 455 vector_int_iterate (2 int_mod int_dec int_mod) 1 int_eq int_stack_depth)
	Error vector:
	 [0. 0. 0. 0. 0. 0. 0. 0. 0. 0. 0. 0. 0. 0. 0. 0. 0. 0. 0. 0. 0. 0. 0. 0.
 0. 0. 0. 0. 0. 0. 0. 0. 0. 0. 0. 0. 0. 0. 0. 0. 0. 0. 0. 0. 0. 0. 0. 0.
 0. 0. 0. 0. 0. 0. 0. 0. 0. 0. 0. 0. 0. 0. 0. 0. 0. 0. 0. 0. 0. 0. 0. 0.
 0. 0. 0. 0. 0. 0. 0. 0. 0. 0. 0. 0. 0. 0. 0. 0. 0. 0. 0. 0. 0. 0. 0. 0.
 0. 0. 0. 0. 0. 0. 0. 0. 0. 0. 0. 0. 0. 0. 0. 0. 0. 0. 0. 0. 0. 0. 0. 0.
 0. 0. 0. 0. 0. 0. 0. 0. 0. 0. 0. 0. 0. 0. 0. 0. 0. 0. 0. 0. 0. 0. 0. 0.
 0. 0. 0. 0. 0. 0. 0. 0. 0. 0. 0. 0. 0. 0. 0. 0. 0. 0. 0. 0. 0. 0. 0. 0.
 0. 0. 0. 0. 0. 0. 0. 0. 0. 0. 0. 0. 0. 0. 0. 0. 0. 0. 0. 0. 0. 0. 0. 0.
 0. 0. 0. 0. 0. 0. 0. 0.]
	Total error:
	 0.0
	Test error:
	 0.0
	Time:
	 00:27:15
