Included 32 edge cases.
Included 168 random cases.
Included 200 cases in total.
Finished formatting.
Included 0 edge cases.
Included 2000 random cases.
Included 2000 cases in total.
Finished formatting.
========================================
Setup
========================================
Search Configuration:
signature: ProgramSignature(output_stacks=['int'], arity=1, push_config=PushConfig(runtime_limit=10, step_limit=1500, collection_size_cap=1000, growth_cap=500, numeric_magnitude_limit=1000000000000.0))
evaluator: <pyshgp.gp.evaluation.DatasetEvaluator object at 0x7f6d2a1dd790>
spawner: <pyshgp.gp.genome.GeneSpawner object at 0x7f6d69243ee0>
population_size: 200
max_generations: 300
error_threshold: 0.0
initial_genome_size: (50, 250)
simplification_steps: 500
parallel_context: <pyshgp.gp.search.ParallelContext object at 0x7f6d2a1d8730>
selection: <pyshgp.utils.DiscreteProbDistrib object at 0x7f6d29c98d80>
variation: <pyshgp.utils.DiscreteProbDistrib object at 0x7f6d29bb9180>
Instructions:
int_add, int_sub, int_mult, int_div, int_mod, int_min, int_max, int_inc, int_dec, int_lt, int_lte, int_gt, int_gte, int_from_bool, bool_and, bool_or, bool_not, bool_xor, bool_invert_first_then_and, bool_second_first_then_and, bool_from_int, noop, noop_open, exec_do_range, exec_do_count, exec_while, exec_do_while, exec_if, exec_when, vector_int_concat, vector_int_conj, vector_int_take, vector_int_subvec, vector_int_first, vector_int_last, vector_int_nth, vector_int_rest, vector_int_but_last, vector_int_length, vector_int_reverse, vector_int_push_all, vector_int_empty_vector, vector_int_contains, vector_int_index_of, vector_int_occurrences_of, vector_int_set_nth, vector_int_replace, vector_int_replace_first, vector_int_remove, vector_int_iterate, print_bool, println_bool, print_int, println_int, print_vector_int, println_vector_int, print_exec, println_exec, bool_pop, bool_dup, bool_dup_times, bool_swap, bool_rot, bool_flush, bool_eq, bool_stack_depth, bool_yank, bool_yank_dup, bool_shove, bool_shove_dup, bool_is_empty, int_pop, int_dup, int_dup_times, int_swap, int_rot, int_flush, int_eq, int_stack_depth, int_yank, int_yank_dup, int_shove, int_shove_dup, int_is_empty, vector_int_pop, vector_int_dup, vector_int_dup_times, vector_int_swap, vector_int_rot, vector_int_flush, vector_int_eq, vector_int_stack_depth, vector_int_yank, vector_int_yank_dup, vector_int_shove, vector_int_shove_dup, vector_int_is_empty, exec_pop, exec_dup, exec_dup_times, exec_swap, exec_rot, exec_flush, exec_eq, exec_stack_depth, exec_yank, exec_yank_dup, exec_shove, exec_shove_dup, exec_is_empty
Literals:
[Literal(value=0, push_type=<pyshgp.push.types.PushIntType object at 0x7f6d69392520>), Literal(value=1, push_type=<pyshgp.push.types.PushIntType object at 0x7f6d69392520>), Literal(value=2, push_type=<pyshgp.push.types.PushIntType object at 0x7f6d69392520>)]
ERC Generators:
[<function rand_int at 0x7f6d2b4a71f0>]
========================================
Start Run
========================================
2021-12-12 08:00:45.762634 | GENERATION: 1 | ERRORS: best=2081.0, median=200000000.0, diversity=0.015 | INDIVIDUALS: n=200, avg_genome_length=168.805
2021-12-12 08:01:01.548836 | GENERATION: 2 | ERRORS: best=1921.0, median=2081.0, diversity=0.245 | INDIVIDUALS: n=200, avg_genome_length=162.54
2021-12-12 08:01:24.008382 | GENERATION: 3 | ERRORS: best=1886.0, median=20204.0, diversity=0.435 | INDIVIDUALS: n=200, avg_genome_length=144.43
2021-12-12 08:01:48.363245 | GENERATION: 4 | ERRORS: best=1873.0, median=74525.5, diversity=0.52 | INDIVIDUALS: n=200, avg_genome_length=146.17
2021-12-12 08:02:11.110939 | GENERATION: 5 | ERRORS: best=1873.0, median=1038504.5, diversity=0.5 | INDIVIDUALS: n=200, avg_genome_length=133.345
2021-12-12 08:02:31.205843 | GENERATION: 6 | ERRORS: best=1873.0, median=14995.5, diversity=0.555 | INDIVIDUALS: n=200, avg_genome_length=140.915
2021-12-12 08:02:51.739476 | GENERATION: 7 | ERRORS: best=1702.0, median=97891.5, diversity=0.54 | INDIVIDUALS: n=200, avg_genome_length=128.97
2021-12-12 08:03:10.436063 | GENERATION: 8 | ERRORS: best=1377.0, median=16256.0, diversity=0.58 | INDIVIDUALS: n=200, avg_genome_length=137.105
2021-12-12 08:03:27.618723 | GENERATION: 9 | ERRORS: best=1363.0, median=2947.0, diversity=0.53 | INDIVIDUALS: n=200, avg_genome_length=130.495
2021-12-12 08:03:45.015681 | GENERATION: 10 | ERRORS: best=1351.0, median=3257.0, diversity=0.565 | INDIVIDUALS: n=200, avg_genome_length=132.68
2021-12-12 08:04:01.145527 | GENERATION: 11 | ERRORS: best=1409.0, median=4284.0, diversity=0.525 | INDIVIDUALS: n=200, avg_genome_length=137.13
2021-12-12 08:04:15.755702 | GENERATION: 12 | ERRORS: best=1437.0, median=3600.0, diversity=0.525 | INDIVIDUALS: n=200, avg_genome_length=137.955
2021-12-12 08:04:39.803600 | GENERATION: 13 | ERRORS: best=1357.0, median=2659.0, diversity=0.535 | INDIVIDUALS: n=200, avg_genome_length=142.285
2021-12-12 08:05:11.131790 | GENERATION: 14 | ERRORS: best=1384.0, median=2271.5, diversity=0.51 | INDIVIDUALS: n=200, avg_genome_length=141.11
2021-12-12 08:05:46.793719 | GENERATION: 15 | ERRORS: best=1357.0, median=4561.5, diversity=0.54 | INDIVIDUALS: n=200, avg_genome_length=141.85
2021-12-12 08:06:02.519975 | GENERATION: 16 | ERRORS: best=1321.0, median=8505.0, diversity=0.5 | INDIVIDUALS: n=200, avg_genome_length=139.42
2021-12-12 08:06:20.814605 | GENERATION: 17 | ERRORS: best=1351.0, median=2305.5, diversity=0.535 | INDIVIDUALS: n=200, avg_genome_length=141.685
2021-12-12 08:06:37.205135 | GENERATION: 18 | ERRORS: best=1524.0, median=9440.5, diversity=0.59 | INDIVIDUALS: n=200, avg_genome_length=148.3
2021-12-12 08:06:55.712062 | GENERATION: 19 | ERRORS: best=1360.0, median=5135.0, diversity=0.59 | INDIVIDUALS: n=200, avg_genome_length=142.955
2021-12-12 08:07:11.499702 | GENERATION: 20 | ERRORS: best=1333.0, median=4780.0, diversity=0.585 | INDIVIDUALS: n=200, avg_genome_length=141.1
2021-12-12 08:07:27.494853 | GENERATION: 21 | ERRORS: best=1340.0, median=2187.0, diversity=0.535 | INDIVIDUALS: n=200, avg_genome_length=134.805
2021-12-12 08:07:44.571875 | GENERATION: 22 | ERRORS: best=1381.0, median=3049.5, diversity=0.565 | INDIVIDUALS: n=200, avg_genome_length=126.785
2021-12-12 08:08:00.720599 | GENERATION: 23 | ERRORS: best=1513.0, median=14239.0, diversity=0.625 | INDIVIDUALS: n=200, avg_genome_length=124.13
2021-12-12 08:08:24.290157 | GENERATION: 24 | ERRORS: best=1333.0, median=1051824.0, diversity=0.64 | INDIVIDUALS: n=200, avg_genome_length=127.695
2021-12-12 08:08:41.739799 | GENERATION: 25 | ERRORS: best=1343.0, median=22248.0, diversity=0.66 | INDIVIDUALS: n=200, avg_genome_length=132.265
2021-12-12 08:09:00.885270 | GENERATION: 26 | ERRORS: best=1402.0, median=47042.0, diversity=0.71 | INDIVIDUALS: n=200, avg_genome_length=126.64
2021-12-12 08:09:20.066316 | GENERATION: 27 | ERRORS: best=1329.0, median=87217.0, diversity=0.645 | INDIVIDUALS: n=200, avg_genome_length=123.99
2021-12-12 08:09:40.386096 | GENERATION: 28 | ERRORS: best=1320.0, median=1001827.5, diversity=0.615 | INDIVIDUALS: n=200, avg_genome_length=124.525
2021-12-12 08:09:58.784034 | GENERATION: 29 | ERRORS: best=1363.0, median=3039.5, diversity=0.625 | INDIVIDUALS: n=200, avg_genome_length=122.67
2021-12-12 08:10:17.693888 | GENERATION: 30 | ERRORS: best=1403.0, median=26550.0, diversity=0.625 | INDIVIDUALS: n=200, avg_genome_length=117.33
2021-12-12 08:10:38.176902 | GENERATION: 31 | ERRORS: best=1409.0, median=3143.0, diversity=0.555 | INDIVIDUALS: n=200, avg_genome_length=112.53
2021-12-12 08:10:59.099008 | GENERATION: 32 | ERRORS: best=1398.0, median=8002.5, diversity=0.575 | INDIVIDUALS: n=200, avg_genome_length=111.6
2021-12-12 08:11:22.232724 | GENERATION: 33 | ERRORS: best=1455.0, median=37807.5, diversity=0.66 | INDIVIDUALS: n=200, avg_genome_length=111.705
2021-12-12 08:11:45.619372 | GENERATION: 34 | ERRORS: best=1278.0, median=55029.0, diversity=0.645 | INDIVIDUALS: n=200, avg_genome_length=107.175
2021-12-12 08:12:09.936541 | GENERATION: 35 | ERRORS: best=1278.0, median=46211.0, diversity=0.56 | INDIVIDUALS: n=200, avg_genome_length=104.52
2021-12-12 08:12:32.283314 | GENERATION: 36 | ERRORS: best=1278.0, median=2081.5, diversity=0.67 | INDIVIDUALS: n=200, avg_genome_length=108.49
2021-12-12 08:12:54.008407 | GENERATION: 37 | ERRORS: best=1278.0, median=35419.0, diversity=0.585 | INDIVIDUALS: n=200, avg_genome_length=108.095
2021-12-12 08:13:15.826944 | GENERATION: 38 | ERRORS: best=1278.0, median=2248.0, diversity=0.63 | INDIVIDUALS: n=200, avg_genome_length=106.24
2021-12-12 08:13:37.751191 | GENERATION: 39 | ERRORS: best=1277.0, median=18100.0, diversity=0.67 | INDIVIDUALS: n=200, avg_genome_length=103.5
2021-12-12 08:13:58.810862 | GENERATION: 40 | ERRORS: best=1277.0, median=2897.5, diversity=0.66 | INDIVIDUALS: n=200, avg_genome_length=104.085
2021-12-12 08:14:22.407281 | GENERATION: 41 | ERRORS: best=1361.0, median=40250.5, diversity=0.705 | INDIVIDUALS: n=200, avg_genome_length=101.76
2021-12-12 08:14:45.587333 | GENERATION: 42 | ERRORS: best=1415.0, median=22234.5, diversity=0.65 | INDIVIDUALS: n=200, avg_genome_length=100.095
2021-12-12 08:15:43.294278 | GENERATION: 43 | ERRORS: best=1366.0, median=33713.0, diversity=0.705 | INDIVIDUALS: n=200, avg_genome_length=98.3
2021-12-12 08:16:04.235026 | GENERATION: 44 | ERRORS: best=1352.0, median=24444.0, diversity=0.605 | INDIVIDUALS: n=200, avg_genome_length=96.77
2021-12-12 08:16:30.776555 | GENERATION: 45 | ERRORS: best=1332.0, median=5695.5, diversity=0.63 | INDIVIDUALS: n=200, avg_genome_length=94.605
2021-12-12 08:16:51.359621 | GENERATION: 46 | ERRORS: best=1338.0, median=7083.0, diversity=0.64 | INDIVIDUALS: n=200, avg_genome_length=94.995
2021-12-12 08:17:13.697530 | GENERATION: 47 | ERRORS: best=1360.0, median=36415.5, diversity=0.705 | INDIVIDUALS: n=200, avg_genome_length=92.525
2021-12-12 08:17:34.968335 | GENERATION: 48 | ERRORS: best=1332.0, median=11840.0, diversity=0.695 | INDIVIDUALS: n=200, avg_genome_length=92.71
2021-12-12 08:17:53.194424 | GENERATION: 49 | ERRORS: best=1443.0, median=42119.0, diversity=0.73 | INDIVIDUALS: n=200, avg_genome_length=91.875
2021-12-12 08:18:12.016513 | GENERATION: 50 | ERRORS: best=1348.0, median=1002092.0, diversity=0.69 | INDIVIDUALS: n=200, avg_genome_length=91.12
2021-12-12 08:18:37.676108 | GENERATION: 51 | ERRORS: best=1321.0, median=1067205.5, diversity=0.75 | INDIVIDUALS: n=200, avg_genome_length=88.36
2021-12-12 08:18:59.900673 | GENERATION: 52 | ERRORS: best=1354.0, median=77684.5, diversity=0.77 | INDIVIDUALS: n=200, avg_genome_length=86.83
2021-12-12 08:19:23.102101 | GENERATION: 53 | ERRORS: best=1490.0, median=75105.0, diversity=0.76 | INDIVIDUALS: n=200, avg_genome_length=86.435
2021-12-12 08:19:45.159492 | GENERATION: 54 | ERRORS: best=1460.0, median=582416.5, diversity=0.78 | INDIVIDUALS: n=200, avg_genome_length=87.57
2021-12-12 08:20:08.396637 | GENERATION: 55 | ERRORS: best=1427.0, median=128153.5, diversity=0.76 | INDIVIDUALS: n=200, avg_genome_length=87.47
2021-12-12 08:20:30.311664 | GENERATION: 56 | ERRORS: best=1369.0, median=13858.5, diversity=0.74 | INDIVIDUALS: n=200, avg_genome_length=82.86
2021-12-12 08:20:52.955204 | GENERATION: 57 | ERRORS: best=1352.0, median=9447.5, diversity=0.78 | INDIVIDUALS: n=200, avg_genome_length=82.555
2021-12-12 08:21:14.817235 | GENERATION: 58 | ERRORS: best=1364.0, median=24163.5, diversity=0.785 | INDIVIDUALS: n=200, avg_genome_length=81.17
2021-12-12 08:21:35.349654 | GENERATION: 59 | ERRORS: best=1449.0, median=29619.0, diversity=0.775 | INDIVIDUALS: n=200, avg_genome_length=83.855
2021-12-12 08:21:57.614313 | GENERATION: 60 | ERRORS: best=1466.0, median=2081.0, diversity=0.735 | INDIVIDUALS: n=200, avg_genome_length=83.49
2021-12-12 08:22:21.404843 | GENERATION: 61 | ERRORS: best=1414.0, median=2108.5, diversity=0.7 | INDIVIDUALS: n=200, avg_genome_length=82.01
2021-12-12 08:22:44.202015 | GENERATION: 62 | ERRORS: best=1428.0, median=2665.0, diversity=0.75 | INDIVIDUALS: n=200, avg_genome_length=81.065
2021-12-12 08:23:07.440343 | GENERATION: 63 | ERRORS: best=1392.0, median=3516.5, diversity=0.715 | INDIVIDUALS: n=200, avg_genome_length=74.88
2021-12-12 08:23:30.257419 | GENERATION: 64 | ERRORS: best=1181.0, median=9173.5, diversity=0.785 | INDIVIDUALS: n=200, avg_genome_length=69.635
2021-12-12 08:23:52.275023 | GENERATION: 65 | ERRORS: best=1390.0, median=3837.5, diversity=0.77 | INDIVIDUALS: n=200, avg_genome_length=69.3
2021-12-12 08:24:16.238321 | GENERATION: 66 | ERRORS: best=1415.0, median=7935.5, diversity=0.795 | INDIVIDUALS: n=200, avg_genome_length=68.07
2021-12-12 08:24:43.011689 | GENERATION: 67 | ERRORS: best=1282.0, median=1001727.5, diversity=0.775 | INDIVIDUALS: n=200, avg_genome_length=67.205
2021-12-12 08:25:09.970237 | GENERATION: 68 | ERRORS: best=1021.0, median=1001932.5, diversity=0.835 | INDIVIDUALS: n=200, avg_genome_length=63.515
2021-12-12 08:25:34.393311 | GENERATION: 69 | ERRORS: best=1021.0, median=1002030.5, diversity=0.81 | INDIVIDUALS: n=200, avg_genome_length=59.325
2021-12-12 08:25:56.619847 | GENERATION: 70 | ERRORS: best=1021.0, median=4581.0, diversity=0.81 | INDIVIDUALS: n=200, avg_genome_length=56.605
2021-12-12 08:26:18.003206 | GENERATION: 71 | ERRORS: best=1009.0, median=23279.0, diversity=0.745 | INDIVIDUALS: n=200, avg_genome_length=54.985
2021-12-12 08:26:39.199596 | GENERATION: 72 | ERRORS: best=1004.0, median=3646.5, diversity=0.76 | INDIVIDUALS: n=200, avg_genome_length=53.815
2021-12-12 08:26:59.635105 | GENERATION: 73 | ERRORS: best=1021.0, median=4431.5, diversity=0.735 | INDIVIDUALS: n=200, avg_genome_length=55.12
2021-12-12 08:27:19.833030 | GENERATION: 74 | ERRORS: best=997.0, median=1001530.0, diversity=0.78 | INDIVIDUALS: n=200, avg_genome_length=54.235
2021-12-12 08:27:41.391612 | GENERATION: 75 | ERRORS: best=1023.0, median=1001941.0, diversity=0.76 | INDIVIDUALS: n=200, avg_genome_length=53.61
2021-12-12 08:28:01.576190 | GENERATION: 76 | ERRORS: best=1435.0, median=1001554.5, diversity=0.78 | INDIVIDUALS: n=200, avg_genome_length=53.155
2021-12-12 08:28:20.575696 | GENERATION: 77 | ERRORS: best=1431.0, median=64361.0, diversity=0.76 | INDIVIDUALS: n=200, avg_genome_length=53.12
2021-12-12 08:28:40.650378 | GENERATION: 78 | ERRORS: best=995.0, median=1001854.5, diversity=0.745 | INDIVIDUALS: n=200, avg_genome_length=52.595
2021-12-12 08:29:02.914575 | GENERATION: 79 | ERRORS: best=995.0, median=1001493.0, diversity=0.72 | INDIVIDUALS: n=200, avg_genome_length=55.065
2021-12-12 08:29:26.958517 | GENERATION: 80 | ERRORS: best=1015.0, median=1009523.5, diversity=0.77 | INDIVIDUALS: n=200, avg_genome_length=55.26
2021-12-12 08:29:53.496731 | GENERATION: 81 | ERRORS: best=1430.0, median=2501907.0, diversity=0.775 | INDIVIDUALS: n=200, avg_genome_length=54.74
2021-12-12 08:30:19.197679 | GENERATION: 82 | ERRORS: best=1275.0, median=1085898.5, diversity=0.78 | INDIVIDUALS: n=200, avg_genome_length=53.275
2021-12-12 08:30:43.310580 | GENERATION: 83 | ERRORS: best=1236.0, median=1050687.5, diversity=0.79 | INDIVIDUALS: n=200, avg_genome_length=51.63
2021-12-12 08:31:08.274873 | GENERATION: 84 | ERRORS: best=1155.0, median=1003908.5, diversity=0.8 | INDIVIDUALS: n=200, avg_genome_length=50.545
2021-12-12 08:31:34.213839 | GENERATION: 85 | ERRORS: best=1333.0, median=1002800.5, diversity=0.845 | INDIVIDUALS: n=200, avg_genome_length=51.515
2021-12-12 08:32:00.777673 | GENERATION: 86 | ERRORS: best=1163.0, median=1759341.5, diversity=0.81 | INDIVIDUALS: n=200, avg_genome_length=51.935
2021-12-12 08:32:25.302130 | GENERATION: 87 | ERRORS: best=1320.0, median=1049563.5, diversity=0.795 | INDIVIDUALS: n=200, avg_genome_length=50.905
2021-12-12 08:32:48.169706 | GENERATION: 88 | ERRORS: best=1009.0, median=1002710.5, diversity=0.745 | INDIVIDUALS: n=200, avg_genome_length=50.335
2021-12-12 08:33:11.106169 | GENERATION: 89 | ERRORS: best=1319.0, median=1002040.5, diversity=0.735 | INDIVIDUALS: n=200, avg_genome_length=52.335
2021-12-12 08:33:33.185165 | GENERATION: 90 | ERRORS: best=1318.0, median=1002459.0, diversity=0.73 | INDIVIDUALS: n=200, avg_genome_length=51.94
2021-12-12 08:33:55.281128 | GENERATION: 91 | ERRORS: best=1156.0, median=1001982.0, diversity=0.75 | INDIVIDUALS: n=200, avg_genome_length=50.67
2021-12-12 08:34:17.342774 | GENERATION: 92 | ERRORS: best=1422.0, median=1003166.5, diversity=0.745 | INDIVIDUALS: n=200, avg_genome_length=50.56
2021-12-12 08:34:39.901525 | GENERATION: 93 | ERRORS: best=1343.0, median=1001946.5, diversity=0.74 | INDIVIDUALS: n=200, avg_genome_length=48.545
2021-12-12 08:35:03.346144 | GENERATION: 94 | ERRORS: best=1343.0, median=1001545.5, diversity=0.78 | INDIVIDUALS: n=200, avg_genome_length=47.95
2021-12-12 08:35:26.806085 | GENERATION: 95 | ERRORS: best=1451.0, median=1001437.0, diversity=0.765 | INDIVIDUALS: n=200, avg_genome_length=48.39
2021-12-12 08:35:51.366026 | GENERATION: 96 | ERRORS: best=1439.0, median=1001916.0, diversity=0.765 | INDIVIDUALS: n=200, avg_genome_length=46.3
2021-12-12 08:36:16.489420 | GENERATION: 97 | ERRORS: best=1416.0, median=1001994.0, diversity=0.76 | INDIVIDUALS: n=200, avg_genome_length=47.785
2021-12-12 08:36:41.008079 | GENERATION: 98 | ERRORS: best=1015.0, median=1001528.5, diversity=0.725 | INDIVIDUALS: n=200, avg_genome_length=46.65
2021-12-12 08:37:03.993847 | GENERATION: 99 | ERRORS: best=1015.0, median=1001983.0, diversity=0.73 | INDIVIDUALS: n=200, avg_genome_length=46.125
2021-12-12 08:37:27.082289 | GENERATION: 100 | ERRORS: best=1025.0, median=1001613.5, diversity=0.73 | INDIVIDUALS: n=200, avg_genome_length=43.625
2021-12-12 08:38:07.805403 | GENERATION: 101 | ERRORS: best=1021.0, median=29738.5, diversity=0.77 | INDIVIDUALS: n=200, avg_genome_length=41.87
2021-12-12 08:38:42.853261 | GENERATION: 102 | ERRORS: best=1021.0, median=1001399.5, diversity=0.79 | INDIVIDUALS: n=200, avg_genome_length=40.6
2021-12-12 08:39:06.797564 | GENERATION: 103 | ERRORS: best=1021.0, median=71884.0, diversity=0.755 | INDIVIDUALS: n=200, avg_genome_length=39.425
2021-12-12 08:39:32.330856 | GENERATION: 104 | ERRORS: best=1121.0, median=70081.0, diversity=0.715 | INDIVIDUALS: n=200, avg_genome_length=37.285
2021-12-12 08:39:56.423586 | GENERATION: 105 | ERRORS: best=1145.0, median=1001360.5, diversity=0.77 | INDIVIDUALS: n=200, avg_genome_length=33.91
2021-12-12 08:40:20.297691 | GENERATION: 106 | ERRORS: best=1145.0, median=52697.0, diversity=0.755 | INDIVIDUALS: n=200, avg_genome_length=32.225
Simplifying genome of length 16 with total error 0.0.
Simplified genome by 1 to length 15.
Simplified genome by 2 to length 13.
Simplified genome by 1 to length 12.
Simplified genome by 2 to length 10.
Simplified genome by 1 to length 9.
Simplified genome to length 9 and total error 0.0.
========================================
End Run
========================================
Solution found.
Best Seen Individual
	Genome:
	 pvector([Literal(value=2, push_type=<pyshgp.push.types.PushIntType object at 0x7f6d2a5f9070>), Literal(value=2, push_type=<pyshgp.push.types.PushIntType object at 0x7f6d2a5f9760>), InstructionMeta(name='int_mod', code_blocks=0), Input(input_index=0), InstructionMeta(name='vector_int_iterate', code_blocks=1), Literal(value=2, push_type=<pyshgp.push.types.PushIntType object at 0x7f6d2a5f94c0>), InstructionMeta(name='int_mod', code_blocks=0), InstructionMeta(name='exec_dup_times', code_blocks=1), InstructionMeta(name='int_stack_depth', code_blocks=0)])
	Program:
	 (2 2 int_mod input_0 vector_int_iterate (2 int_mod exec_dup_times (int_stack_depth)))
	Error vector:
	 [0. 0. 0. 0. 0. 0. 0. 0. 0. 0. 0. 0. 0. 0. 0. 0. 0. 0. 0. 0. 0. 0. 0. 0.
 0. 0. 0. 0. 0. 0. 0. 0. 0. 0. 0. 0. 0. 0. 0. 0. 0. 0. 0. 0. 0. 0. 0. 0.
 0. 0. 0. 0. 0. 0. 0. 0. 0. 0. 0. 0. 0. 0. 0. 0. 0. 0. 0. 0. 0. 0. 0. 0.
 0. 0. 0. 0. 0. 0. 0. 0. 0. 0. 0. 0. 0. 0. 0. 0. 0. 0. 0. 0. 0. 0. 0. 0.
 0. 0. 0. 0. 0. 0. 0. 0. 0. 0. 0. 0. 0. 0. 0. 0. 0. 0. 0. 0. 0. 0. 0. 0.
 0. 0. 0. 0. 0. 0. 0. 0. 0. 0. 0. 0. 0. 0. 0. 0. 0. 0. 0. 0. 0. 0. 0. 0.
 0. 0. 0. 0. 0. 0. 0. 0. 0. 0. 0. 0. 0. 0. 0. 0. 0. 0. 0. 0. 0. 0. 0. 0.
 0. 0. 0. 0. 0. 0. 0. 0. 0. 0. 0. 0. 0. 0. 0. 0. 0. 0. 0. 0. 0. 0. 0. 0.
 0. 0. 0. 0. 0. 0. 0. 0.]
	Total error:
	 0.0
	Test error:
	 0.0
	Time:
	 00:44:50
