Included 32 edge cases.
Included 168 random cases.
Included 200 cases in total.
Finished formatting.
Included 0 edge cases.
Included 2000 random cases.
Included 2000 cases in total.
Finished formatting.
========================================
Setup
========================================
Search Configuration:
signature: ProgramSignature(arity=1, push_config=PushConfig(growth_cap=500, runtime_limit=10, numeric_magnitude_limit=1000000000000.0, collection_size_cap=1000, step_limit=1500), output_stacks=['int'])
evaluator: <pyshgp.gp.evaluation.DatasetEvaluator object at 0x7f11fe4b8160>
spawner: <pyshgp.gp.genome.GeneSpawner object at 0x7f123d5a4430>
population_size: 200
max_generations: 300
error_threshold: 0.0
initial_genome_size: (50, 250)
simplification_steps: 500
parallel_context: <pyshgp.gp.search.ParallelContext object at 0x7f11fe4b8820>
selection: <pyshgp.utils.DiscreteProbDistrib object at 0x7f11ff3f5a40>
variation: <pyshgp.utils.DiscreteProbDistrib object at 0x7f11ff3f5200>
Instructions:
int_add, int_sub, int_mult, int_div, int_mod, int_min, int_max, int_inc, int_dec, int_lt, int_lte, int_gt, int_gte, int_from_bool, bool_and, bool_or, bool_not, bool_xor, bool_invert_first_then_and, bool_second_first_then_and, bool_from_int, noop, noop_open, exec_do_range, exec_do_count, exec_while, exec_do_while, exec_if, exec_when, vector_int_concat, vector_int_conj, vector_int_take, vector_int_subvec, vector_int_first, vector_int_last, vector_int_nth, vector_int_rest, vector_int_but_last, vector_int_length, vector_int_reverse, vector_int_push_all, vector_int_empty_vector, vector_int_contains, vector_int_index_of, vector_int_occurrences_of, vector_int_set_nth, vector_int_replace, vector_int_replace_first, vector_int_remove, vector_int_iterate, print_bool, println_bool, print_int, println_int, print_vector_int, println_vector_int, print_exec, println_exec, bool_pop, bool_dup, bool_dup_times, bool_swap, bool_rot, bool_flush, bool_eq, bool_stack_depth, bool_yank, bool_yank_dup, bool_shove, bool_shove_dup, bool_is_empty, int_pop, int_dup, int_dup_times, int_swap, int_rot, int_flush, int_eq, int_stack_depth, int_yank, int_yank_dup, int_shove, int_shove_dup, int_is_empty, vector_int_pop, vector_int_dup, vector_int_dup_times, vector_int_swap, vector_int_rot, vector_int_flush, vector_int_eq, vector_int_stack_depth, vector_int_yank, vector_int_yank_dup, vector_int_shove, vector_int_shove_dup, vector_int_is_empty, exec_pop, exec_dup, exec_dup_times, exec_swap, exec_rot, exec_flush, exec_eq, exec_stack_depth, exec_yank, exec_yank_dup, exec_shove, exec_shove_dup, exec_is_empty
Literals:
[Literal(value=0, push_type=<pyshgp.push.types.PushIntType object at 0x7f123d65f730>), Literal(value=1, push_type=<pyshgp.push.types.PushIntType object at 0x7f123d65f730>), Literal(value=2, push_type=<pyshgp.push.types.PushIntType object at 0x7f123d65f730>)]
ERC Generators:
[<function rand_int at 0x7f11ff76bee0>]
========================================
Start Run
========================================
2021-12-22 02:18:28.250267 | GENERATION: 1 | ERRORS: best=1808.0, median=200000000.0, diversity=0.145 | INDIVIDUALS: n=200, avg_genome_length=167.915 | VIRUSES: gene_rate=0.000
2021-12-22 02:18:39.353238 | GENERATION: 2 | ERRORS: best=1778.0, median=2884.0, diversity=0.13 | INDIVIDUALS: n=200, avg_genome_length=168.565 | VIRUSES: gene_rate=0.000
2021-12-22 02:18:52.862030 | GENERATION: 3 | ERRORS: best=1778.0, median=1007831.5, diversity=0.305 | INDIVIDUALS: n=200, avg_genome_length=165.415 | VIRUSES: gene_rate=0.000
2021-12-22 02:19:18.063349 | GENERATION: 4 | ERRORS: best=1773.0, median=598801.0, diversity=0.375 | INDIVIDUALS: n=200, avg_genome_length=169.725 | VIRUSES: gene_rate=0.000
2021-12-22 02:19:40.987749 | GENERATION: 5 | ERRORS: best=1582.0, median=4755.0, diversity=0.465 | INDIVIDUALS: n=200, avg_genome_length=172.185 | VIRUSES: gene_rate=0.000
2021-12-22 02:19:52.448305 | GENERATION: 6 | ERRORS: best=1782.0, median=15510.5, diversity=0.5 | INDIVIDUALS: n=200, avg_genome_length=166.48 | VIRUSES: gene_rate=0.000
2021-12-22 02:20:04.853188 | GENERATION: 7 | ERRORS: best=1778.0, median=4334.0, diversity=0.485 | INDIVIDUALS: n=200, avg_genome_length=162.62 | VIRUSES: gene_rate=0.000
2021-12-22 02:20:19.070867 | GENERATION: 8 | ERRORS: best=1614.0, median=6462.0, diversity=0.5 | INDIVIDUALS: n=200, avg_genome_length=169.27 | VIRUSES: gene_rate=0.000
2021-12-22 02:20:31.841479 | GENERATION: 9 | ERRORS: best=1761.0, median=14813.0, diversity=0.57 | INDIVIDUALS: n=200, avg_genome_length=169.175 | VIRUSES: gene_rate=0.000
2021-12-22 02:20:42.031059 | GENERATION: 10 | ERRORS: best=1438.0, median=26108.0, diversity=0.54 | INDIVIDUALS: n=200, avg_genome_length=165.9 | VIRUSES: gene_rate=0.000
2021-12-22 02:20:54.368802 | GENERATION: 11 | ERRORS: best=1411.0, median=3333.0, diversity=0.515 | INDIVIDUALS: n=200, avg_genome_length=164.675 | VIRUSES: gene_rate=0.000
2021-12-22 02:21:10.171484 | GENERATION: 12 | ERRORS: best=1277.0, median=104440.0, diversity=0.595 | INDIVIDUALS: n=200, avg_genome_length=168.015 | VIRUSES: gene_rate=0.000
2021-12-22 02:21:28.093459 | GENERATION: 13 | ERRORS: best=1277.0, median=28661.0, diversity=0.6 | INDIVIDUALS: n=200, avg_genome_length=166.91 | VIRUSES: gene_rate=0.000
2021-12-22 02:21:45.973247 | GENERATION: 14 | ERRORS: best=1277.0, median=72563.0, diversity=0.7 | INDIVIDUALS: n=200, avg_genome_length=166.79 | VIRUSES: gene_rate=0.000
2021-12-22 02:22:02.167361 | GENERATION: 15 | ERRORS: best=1277.0, median=4447.0, diversity=0.645 | INDIVIDUALS: n=200, avg_genome_length=167.615 | VIRUSES: gene_rate=0.000
2021-12-22 02:22:35.452253 | GENERATION: 16 | ERRORS: best=1285.0, median=4330.0, diversity=0.65 | INDIVIDUALS: n=200, avg_genome_length=164.115 | VIRUSES: gene_rate=0.000
2021-12-22 02:22:49.647314 | GENERATION: 17 | ERRORS: best=1285.0, median=4790.5, diversity=0.595 | INDIVIDUALS: n=200, avg_genome_length=161.91 | VIRUSES: gene_rate=0.000
2021-12-22 02:23:06.653104 | GENERATION: 18 | ERRORS: best=1433.0, median=57975.5, diversity=0.7 | INDIVIDUALS: n=200, avg_genome_length=161.15 | VIRUSES: gene_rate=0.000
2021-12-22 02:23:25.104793 | GENERATION: 19 | ERRORS: best=1433.0, median=18228.0, diversity=0.65 | INDIVIDUALS: n=200, avg_genome_length=156.785 | VIRUSES: gene_rate=0.000
2021-12-22 02:23:41.931683 | GENERATION: 20 | ERRORS: best=1396.0, median=3806.0, diversity=0.65 | INDIVIDUALS: n=200, avg_genome_length=155.17 | VIRUSES: gene_rate=0.000
2021-12-22 02:23:57.850316 | GENERATION: 21 | ERRORS: best=1399.0, median=4764.0, diversity=0.685 | INDIVIDUALS: n=200, avg_genome_length=151.865 | VIRUSES: gene_rate=0.000
2021-12-22 02:24:28.738007 | GENERATION: 22 | ERRORS: best=1434.0, median=20761.5, diversity=0.68 | INDIVIDUALS: n=200, avg_genome_length=149.22 | VIRUSES: gene_rate=0.000
2021-12-22 02:24:46.700561 | GENERATION: 23 | ERRORS: best=1434.0, median=2725.0, diversity=0.615 | INDIVIDUALS: n=200, avg_genome_length=151.045 | VIRUSES: gene_rate=0.000
2021-12-22 02:25:05.422533 | GENERATION: 24 | ERRORS: best=1381.0, median=56450.5, diversity=0.695 | INDIVIDUALS: n=200, avg_genome_length=148.835 | VIRUSES: gene_rate=0.000
2021-12-22 02:25:24.149555 | GENERATION: 25 | ERRORS: best=1351.0, median=5032.5, diversity=0.67 | INDIVIDUALS: n=200, avg_genome_length=148.185 | VIRUSES: gene_rate=0.000
2021-12-22 02:26:04.660242 | GENERATION: 26 | ERRORS: best=1332.0, median=90633.5, diversity=0.7 | INDIVIDUALS: n=200, avg_genome_length=146.48 | VIRUSES: gene_rate=0.000
2021-12-22 02:26:23.103142 | GENERATION: 27 | ERRORS: best=1357.0, median=66071.5, diversity=0.655 | INDIVIDUALS: n=200, avg_genome_length=148.7 | VIRUSES: gene_rate=0.000
2021-12-22 02:26:43.221191 | GENERATION: 28 | ERRORS: best=1357.0, median=39686.5, diversity=0.7 | INDIVIDUALS: n=200, avg_genome_length=148.27 | VIRUSES: gene_rate=0.000
2021-12-22 02:27:05.668101 | GENERATION: 29 | ERRORS: best=1530.0, median=22475.0, diversity=0.73 | INDIVIDUALS: n=200, avg_genome_length=147.29 | VIRUSES: gene_rate=0.000
2021-12-22 02:27:26.156216 | GENERATION: 30 | ERRORS: best=1400.0, median=2720.5, diversity=0.755 | INDIVIDUALS: n=200, avg_genome_length=153.575 | VIRUSES: gene_rate=0.000
2021-12-22 02:27:43.527576 | GENERATION: 31 | ERRORS: best=1462.0, median=82181.0, diversity=0.715 | INDIVIDUALS: n=200, avg_genome_length=158.265 | VIRUSES: gene_rate=0.000
2021-12-22 02:27:59.538990 | GENERATION: 32 | ERRORS: best=1474.0, median=24993.0, diversity=0.745 | INDIVIDUALS: n=200, avg_genome_length=156.73 | VIRUSES: gene_rate=0.000
2021-12-22 02:28:19.048903 | GENERATION: 33 | ERRORS: best=1597.0, median=81375.5, diversity=0.68 | INDIVIDUALS: n=200, avg_genome_length=152.17 | VIRUSES: gene_rate=0.000
2021-12-22 02:28:36.329858 | GENERATION: 34 | ERRORS: best=1523.0, median=65581.5, diversity=0.675 | INDIVIDUALS: n=200, avg_genome_length=145.42 | VIRUSES: gene_rate=0.000
2021-12-22 02:28:56.785182 | GENERATION: 35 | ERRORS: best=1572.0, median=11186.5, diversity=0.71 | INDIVIDUALS: n=200, avg_genome_length=149.165 | VIRUSES: gene_rate=0.000
2021-12-22 02:29:16.883028 | GENERATION: 36 | ERRORS: best=1652.0, median=38177.0, diversity=0.66 | INDIVIDUALS: n=200, avg_genome_length=148.03 | VIRUSES: gene_rate=0.000
2021-12-22 02:29:46.195158 | GENERATION: 37 | ERRORS: best=1612.0, median=141200.0, diversity=0.69 | INDIVIDUALS: n=200, avg_genome_length=146.905 | VIRUSES: gene_rate=0.000
2021-12-22 02:30:07.440066 | GENERATION: 38 | ERRORS: best=1598.0, median=2006355.0, diversity=0.77 | INDIVIDUALS: n=200, avg_genome_length=144.325 | VIRUSES: gene_rate=0.000
2021-12-22 02:30:31.551921 | GENERATION: 39 | ERRORS: best=1584.0, median=1002018.0, diversity=0.685 | INDIVIDUALS: n=200, avg_genome_length=139.69 | VIRUSES: gene_rate=0.000
2021-12-22 02:30:55.842977 | GENERATION: 40 | ERRORS: best=1622.0, median=34563.5, diversity=0.66 | INDIVIDUALS: n=200, avg_genome_length=140.48 | VIRUSES: gene_rate=0.000
2021-12-22 02:31:26.693271 | GENERATION: 41 | ERRORS: best=1615.0, median=68731.0, diversity=0.695 | INDIVIDUALS: n=200, avg_genome_length=136.945 | VIRUSES: gene_rate=0.000
2021-12-22 02:31:48.753352 | GENERATION: 42 | ERRORS: best=1692.0, median=70727.5, diversity=0.65 | INDIVIDUALS: n=200, avg_genome_length=135.96 | VIRUSES: gene_rate=0.000
2021-12-22 02:32:10.535094 | GENERATION: 43 | ERRORS: best=1532.0, median=152311.5, diversity=0.69 | INDIVIDUALS: n=200, avg_genome_length=136.94 | VIRUSES: gene_rate=0.000
2021-12-22 02:32:35.191422 | GENERATION: 44 | ERRORS: best=1697.0, median=63794.0, diversity=0.655 | INDIVIDUALS: n=200, avg_genome_length=137.4 | VIRUSES: gene_rate=0.000
2021-12-22 02:32:59.102097 | GENERATION: 45 | ERRORS: best=1620.0, median=54300.0, diversity=0.705 | INDIVIDUALS: n=200, avg_genome_length=136.995 | VIRUSES: gene_rate=0.000
2021-12-22 02:33:24.330046 | GENERATION: 46 | ERRORS: best=1448.0, median=1002032.0, diversity=0.715 | INDIVIDUALS: n=200, avg_genome_length=135.215 | VIRUSES: gene_rate=0.000
2021-12-22 02:33:50.721574 | GENERATION: 47 | ERRORS: best=1549.0, median=1001933.0, diversity=0.71 | INDIVIDUALS: n=200, avg_genome_length=133.695 | VIRUSES: gene_rate=0.000
2021-12-22 02:34:18.093137 | GENERATION: 48 | ERRORS: best=1369.0, median=42005.0, diversity=0.72 | INDIVIDUALS: n=200, avg_genome_length=129.62 | VIRUSES: gene_rate=0.000
2021-12-22 02:34:46.491563 | GENERATION: 49 | ERRORS: best=1680.0, median=1001617.5, diversity=0.79 | INDIVIDUALS: n=200, avg_genome_length=127.805 | VIRUSES: gene_rate=0.000
2021-12-22 02:35:13.580160 | GENERATION: 50 | ERRORS: best=1491.0, median=1002189.0, diversity=0.73 | INDIVIDUALS: n=200, avg_genome_length=123.405 | VIRUSES: gene_rate=0.000
2021-12-22 02:35:44.060676 | GENERATION: 51 | ERRORS: best=1280.0, median=1001680.5, diversity=0.765 | INDIVIDUALS: n=200, avg_genome_length=122.83 | VIRUSES: gene_rate=0.000
2021-12-22 02:36:12.055708 | GENERATION: 52 | ERRORS: best=1411.0, median=1001963.5, diversity=0.695 | INDIVIDUALS: n=200, avg_genome_length=119.995 | VIRUSES: gene_rate=0.000
2021-12-22 02:36:37.630036 | GENERATION: 53 | ERRORS: best=1495.0, median=1001712.0, diversity=0.655 | INDIVIDUALS: n=200, avg_genome_length=119.61 | VIRUSES: gene_rate=0.000
2021-12-22 02:37:03.470742 | GENERATION: 54 | ERRORS: best=1394.0, median=1001695.5, diversity=0.66 | INDIVIDUALS: n=200, avg_genome_length=116.465 | VIRUSES: gene_rate=0.000
2021-12-22 02:38:04.663596 | GENERATION: 55 | ERRORS: best=1394.0, median=138758.0, diversity=0.73 | INDIVIDUALS: n=200, avg_genome_length=112.93 | VIRUSES: gene_rate=0.000
2021-12-22 02:38:28.707195 | GENERATION: 56 | ERRORS: best=1301.0, median=34552.5, diversity=0.685 | INDIVIDUALS: n=200, avg_genome_length=109.25 | VIRUSES: gene_rate=0.000
2021-12-22 02:38:53.957390 | GENERATION: 57 | ERRORS: best=1296.0, median=215298.0, diversity=0.715 | INDIVIDUALS: n=200, avg_genome_length=107.185 | VIRUSES: gene_rate=0.000
2021-12-22 02:39:14.424063 | GENERATION: 58 | ERRORS: best=1296.0, median=104479.5, diversity=0.67 | INDIVIDUALS: n=200, avg_genome_length=104.625 | VIRUSES: gene_rate=0.000
2021-12-22 02:39:37.106191 | GENERATION: 59 | ERRORS: best=1294.0, median=49873.0, diversity=0.715 | INDIVIDUALS: n=200, avg_genome_length=104.12 | VIRUSES: gene_rate=0.000
2021-12-22 02:39:57.284114 | GENERATION: 60 | ERRORS: best=1300.0, median=8115.0, diversity=0.595 | INDIVIDUALS: n=200, avg_genome_length=104.325 | VIRUSES: gene_rate=0.000
2021-12-22 02:40:18.952606 | GENERATION: 61 | ERRORS: best=1296.0, median=4776.0, diversity=0.685 | INDIVIDUALS: n=200, avg_genome_length=102.975 | VIRUSES: gene_rate=0.000
2021-12-22 02:40:48.144014 | GENERATION: 62 | ERRORS: best=1300.0, median=11963.0, diversity=0.71 | INDIVIDUALS: n=200, avg_genome_length=101.365 | VIRUSES: gene_rate=0.000
2021-12-22 02:41:12.496667 | GENERATION: 63 | ERRORS: best=1300.0, median=7073.0, diversity=0.68 | INDIVIDUALS: n=200, avg_genome_length=98.84 | VIRUSES: gene_rate=0.000
2021-12-22 02:42:18.520760 | GENERATION: 64 | ERRORS: best=1298.0, median=4668.0, diversity=0.715 | INDIVIDUALS: n=200, avg_genome_length=95.71 | VIRUSES: gene_rate=0.000
2021-12-22 02:42:41.919839 | GENERATION: 65 | ERRORS: best=1305.0, median=3820.5, diversity=0.66 | INDIVIDUALS: n=200, avg_genome_length=93.74 | VIRUSES: gene_rate=0.000
2021-12-22 02:43:06.366678 | GENERATION: 66 | ERRORS: best=1318.0, median=92246.0, diversity=0.7 | INDIVIDUALS: n=200, avg_genome_length=90.32 | VIRUSES: gene_rate=0.000
2021-12-22 02:43:29.894735 | GENERATION: 67 | ERRORS: best=1328.0, median=19267.0, diversity=0.675 | INDIVIDUALS: n=200, avg_genome_length=90.815 | VIRUSES: gene_rate=0.000
2021-12-22 02:43:55.818710 | GENERATION: 68 | ERRORS: best=1311.0, median=27389.0, diversity=0.755 | INDIVIDUALS: n=200, avg_genome_length=88.4 | VIRUSES: gene_rate=0.000
2021-12-22 02:44:20.158056 | GENERATION: 69 | ERRORS: best=1338.0, median=25646.0, diversity=0.7 | INDIVIDUALS: n=200, avg_genome_length=86.865 | VIRUSES: gene_rate=0.000
2021-12-22 02:44:45.305092 | GENERATION: 70 | ERRORS: best=1328.0, median=79340.0, diversity=0.705 | INDIVIDUALS: n=200, avg_genome_length=84.185 | VIRUSES: gene_rate=0.000
2021-12-22 02:45:14.175020 | GENERATION: 71 | ERRORS: best=1340.0, median=565893.0, diversity=0.71 | INDIVIDUALS: n=200, avg_genome_length=83.88 | VIRUSES: gene_rate=0.000
2021-12-22 02:45:40.365737 | GENERATION: 72 | ERRORS: best=1305.0, median=1001775.0, diversity=0.765 | INDIVIDUALS: n=200, avg_genome_length=84.125 | VIRUSES: gene_rate=0.000
2021-12-22 02:46:09.529392 | GENERATION: 73 | ERRORS: best=1363.0, median=1009829.5, diversity=0.755 | INDIVIDUALS: n=200, avg_genome_length=82.005 | VIRUSES: gene_rate=0.000
2021-12-22 02:46:42.449782 | GENERATION: 74 | ERRORS: best=1403.0, median=1002356.0, diversity=0.765 | INDIVIDUALS: n=200, avg_genome_length=82.305 | VIRUSES: gene_rate=0.000
2021-12-22 02:47:20.742120 | GENERATION: 75 | ERRORS: best=1377.0, median=1001968.5, diversity=0.785 | INDIVIDUALS: n=200, avg_genome_length=80.035 | VIRUSES: gene_rate=0.000
2021-12-22 02:47:45.513701 | GENERATION: 76 | ERRORS: best=1397.0, median=1002029.5, diversity=0.77 | INDIVIDUALS: n=200, avg_genome_length=81.015 | VIRUSES: gene_rate=0.000
2021-12-22 02:48:07.338653 | GENERATION: 77 | ERRORS: best=1401.0, median=541549.5, diversity=0.695 | INDIVIDUALS: n=200, avg_genome_length=82.46 | VIRUSES: gene_rate=0.000
2021-12-22 02:48:31.860564 | GENERATION: 78 | ERRORS: best=1374.0, median=1001973.5, diversity=0.695 | INDIVIDUALS: n=200, avg_genome_length=81.8 | VIRUSES: gene_rate=0.000
2021-12-22 02:49:02.851613 | GENERATION: 79 | ERRORS: best=1426.0, median=109244.0, diversity=0.65 | INDIVIDUALS: n=200, avg_genome_length=82.17 | VIRUSES: gene_rate=0.000
2021-12-22 02:49:26.425700 | GENERATION: 80 | ERRORS: best=1483.0, median=179047.0, diversity=0.72 | INDIVIDUALS: n=200, avg_genome_length=83.37 | VIRUSES: gene_rate=0.000
2021-12-22 02:49:49.484942 | GENERATION: 81 | ERRORS: best=1521.0, median=553461.0, diversity=0.695 | INDIVIDUALS: n=200, avg_genome_length=79.38 | VIRUSES: gene_rate=0.000
2021-12-22 02:50:11.944685 | GENERATION: 82 | ERRORS: best=1334.0, median=1056752.0, diversity=0.68 | INDIVIDUALS: n=200, avg_genome_length=79.235 | VIRUSES: gene_rate=0.000
2021-12-22 02:50:35.094924 | GENERATION: 83 | ERRORS: best=1342.0, median=1002003.5, diversity=0.72 | INDIVIDUALS: n=200, avg_genome_length=73.94 | VIRUSES: gene_rate=0.000
2021-12-22 02:50:57.640894 | GENERATION: 84 | ERRORS: best=1319.0, median=30495.5, diversity=0.735 | INDIVIDUALS: n=200, avg_genome_length=73.825 | VIRUSES: gene_rate=0.000
2021-12-22 02:51:22.286712 | GENERATION: 85 | ERRORS: best=1292.0, median=79160.5, diversity=0.71 | INDIVIDUALS: n=200, avg_genome_length=71.96 | VIRUSES: gene_rate=0.000
2021-12-22 02:51:52.520048 | GENERATION: 86 | ERRORS: best=1302.0, median=66272.0, diversity=0.79 | INDIVIDUALS: n=200, avg_genome_length=70.845 | VIRUSES: gene_rate=0.000
2021-12-22 02:52:20.880840 | GENERATION: 87 | ERRORS: best=1277.0, median=1002955.0, diversity=0.755 | INDIVIDUALS: n=200, avg_genome_length=66.035 | VIRUSES: gene_rate=0.000
2021-12-22 02:52:50.074163 | GENERATION: 88 | ERRORS: best=1237.0, median=1086217.5, diversity=0.765 | INDIVIDUALS: n=200, avg_genome_length=67.135 | VIRUSES: gene_rate=0.000
2021-12-22 02:53:17.837706 | GENERATION: 89 | ERRORS: best=1286.0, median=1001675.0, diversity=0.745 | INDIVIDUALS: n=200, avg_genome_length=65.1 | VIRUSES: gene_rate=0.000
2021-12-22 02:53:47.775332 | GENERATION: 90 | ERRORS: best=1333.0, median=87942.0, diversity=0.655 | INDIVIDUALS: n=200, avg_genome_length=61.09 | VIRUSES: gene_rate=0.000
2021-12-22 02:54:15.670007 | GENERATION: 91 | ERRORS: best=1242.0, median=150654.0, diversity=0.7 | INDIVIDUALS: n=200, avg_genome_length=59.52 | VIRUSES: gene_rate=0.000
2021-12-22 02:55:11.996429 | GENERATION: 92 | ERRORS: best=1351.0, median=36089.0, diversity=0.625 | INDIVIDUALS: n=200, avg_genome_length=60.09 | VIRUSES: gene_rate=0.000
2021-12-22 02:55:38.409620 | GENERATION: 93 | ERRORS: best=1300.0, median=2476.5, diversity=0.625 | INDIVIDUALS: n=200, avg_genome_length=59.015 | VIRUSES: gene_rate=0.000
2021-12-22 02:56:04.131325 | GENERATION: 94 | ERRORS: best=1304.0, median=51576.5, diversity=0.67 | INDIVIDUALS: n=200, avg_genome_length=57.55 | VIRUSES: gene_rate=0.000
2021-12-22 02:56:39.722821 | GENERATION: 95 | ERRORS: best=1285.0, median=41334.5, diversity=0.715 | INDIVIDUALS: n=200, avg_genome_length=53.71 | VIRUSES: gene_rate=0.000
2021-12-22 02:57:08.366566 | GENERATION: 96 | ERRORS: best=1283.0, median=699734.5, diversity=0.685 | INDIVIDUALS: n=200, avg_genome_length=51.355 | VIRUSES: gene_rate=0.000
2021-12-22 02:57:43.784248 | GENERATION: 97 | ERRORS: best=1320.0, median=4732.5, diversity=0.65 | INDIVIDUALS: n=200, avg_genome_length=51.075 | VIRUSES: gene_rate=0.000
2021-12-22 02:58:07.409293 | GENERATION: 98 | ERRORS: best=1298.0, median=4437.5, diversity=0.64 | INDIVIDUALS: n=200, avg_genome_length=49.375 | VIRUSES: gene_rate=0.000
2021-12-22 02:58:31.122345 | GENERATION: 99 | ERRORS: best=1299.0, median=12679.5, diversity=0.56 | INDIVIDUALS: n=200, avg_genome_length=49.085 | VIRUSES: gene_rate=0.000
2021-12-22 02:59:04.643959 | GENERATION: 100 | ERRORS: best=1299.0, median=2315.0, diversity=0.565 | INDIVIDUALS: n=200, avg_genome_length=51.5 | VIRUSES: gene_rate=0.000
2021-12-22 02:59:30.328739 | GENERATION: 101 | ERRORS: best=1302.0, median=2315.0, diversity=0.58 | INDIVIDUALS: n=200, avg_genome_length=51.45 | VIRUSES: gene_rate=0.000
2021-12-22 02:59:54.587094 | GENERATION: 102 | ERRORS: best=1311.0, median=2431.5, diversity=0.605 | INDIVIDUALS: n=200, avg_genome_length=52.165 | VIRUSES: gene_rate=0.000
2021-12-22 03:00:18.551024 | GENERATION: 103 | ERRORS: best=1323.0, median=2315.0, diversity=0.605 | INDIVIDUALS: n=200, avg_genome_length=51.885 | VIRUSES: gene_rate=0.000
2021-12-22 03:00:43.329123 | GENERATION: 104 | ERRORS: best=1322.0, median=2315.0, diversity=0.68 | INDIVIDUALS: n=200, avg_genome_length=52.15 | VIRUSES: gene_rate=0.000
2021-12-22 03:01:09.086529 | GENERATION: 105 | ERRORS: best=1300.0, median=2200.5, diversity=0.605 | INDIVIDUALS: n=200, avg_genome_length=52.28 | VIRUSES: gene_rate=0.000
2021-12-22 03:01:36.474236 | GENERATION: 106 | ERRORS: best=1320.0, median=2315.0, diversity=0.64 | INDIVIDUALS: n=200, avg_genome_length=50.815 | VIRUSES: gene_rate=0.000
2021-12-22 03:02:02.986679 | GENERATION: 107 | ERRORS: best=1320.0, median=2271.5, diversity=0.615 | INDIVIDUALS: n=200, avg_genome_length=48.845 | VIRUSES: gene_rate=0.000
2021-12-22 03:02:32.562462 | GENERATION: 108 | ERRORS: best=1298.0, median=2282.0, diversity=0.7 | INDIVIDUALS: n=200, avg_genome_length=46.975 | VIRUSES: gene_rate=0.000
2021-12-22 03:03:01.072741 | GENERATION: 109 | ERRORS: best=1251.0, median=2278.0, diversity=0.655 | INDIVIDUALS: n=200, avg_genome_length=46.73 | VIRUSES: gene_rate=0.000
2021-12-22 03:03:27.488099 | GENERATION: 110 | ERRORS: best=1251.0, median=2315.0, diversity=0.58 | INDIVIDUALS: n=200, avg_genome_length=43.91 | VIRUSES: gene_rate=0.000
2021-12-22 03:03:56.813917 | GENERATION: 111 | ERRORS: best=1251.0, median=2315.0, diversity=0.55 | INDIVIDUALS: n=200, avg_genome_length=42.87 | VIRUSES: gene_rate=0.000
2021-12-22 03:04:24.333277 | GENERATION: 112 | ERRORS: best=1251.0, median=2315.0, diversity=0.635 | INDIVIDUALS: n=200, avg_genome_length=41.83 | VIRUSES: gene_rate=0.000
2021-12-22 03:04:48.758029 | GENERATION: 113 | ERRORS: best=1251.0, median=2315.0, diversity=0.63 | INDIVIDUALS: n=200, avg_genome_length=39.96 | VIRUSES: gene_rate=0.000
2021-12-22 03:05:15.029163 | GENERATION: 114 | ERRORS: best=1263.0, median=2315.0, diversity=0.66 | INDIVIDUALS: n=200, avg_genome_length=39.795 | VIRUSES: gene_rate=0.000
2021-12-22 03:05:39.187447 | GENERATION: 115 | ERRORS: best=1293.0, median=2315.0, diversity=0.67 | INDIVIDUALS: n=200, avg_genome_length=40.055 | VIRUSES: gene_rate=0.000
2021-12-22 03:06:06.196180 | GENERATION: 116 | ERRORS: best=1302.0, median=2315.0, diversity=0.7 | INDIVIDUALS: n=200, avg_genome_length=40.655 | VIRUSES: gene_rate=0.000
2021-12-22 03:06:32.095306 | GENERATION: 117 | ERRORS: best=1299.0, median=2315.0, diversity=0.64 | INDIVIDUALS: n=200, avg_genome_length=41.93 | VIRUSES: gene_rate=0.000
2021-12-22 03:06:58.309582 | GENERATION: 118 | ERRORS: best=1292.0, median=2315.0, diversity=0.645 | INDIVIDUALS: n=200, avg_genome_length=41.32 | VIRUSES: gene_rate=0.000
2021-12-22 03:07:22.807104 | GENERATION: 119 | ERRORS: best=1302.0, median=2315.0, diversity=0.6 | INDIVIDUALS: n=200, avg_genome_length=38.9 | VIRUSES: gene_rate=0.000
2021-12-22 03:07:47.296694 | GENERATION: 120 | ERRORS: best=1297.0, median=2315.0, diversity=0.615 | INDIVIDUALS: n=200, avg_genome_length=37.08 | VIRUSES: gene_rate=0.000
2021-12-22 03:08:10.969877 | GENERATION: 121 | ERRORS: best=1297.0, median=2315.0, diversity=0.655 | INDIVIDUALS: n=200, avg_genome_length=36.43 | VIRUSES: gene_rate=0.000
2021-12-22 03:08:35.331516 | GENERATION: 122 | ERRORS: best=1287.0, median=2315.0, diversity=0.6 | INDIVIDUALS: n=200, avg_genome_length=36.03 | VIRUSES: gene_rate=0.000
2021-12-22 03:08:56.861429 | GENERATION: 123 | ERRORS: best=1258.0, median=2315.0, diversity=0.55 | INDIVIDUALS: n=200, avg_genome_length=34.33 | VIRUSES: gene_rate=0.000
2021-12-22 03:09:18.127079 | GENERATION: 124 | ERRORS: best=1267.0, median=2315.0, diversity=0.565 | INDIVIDUALS: n=200, avg_genome_length=33.93 | VIRUSES: gene_rate=0.000
2021-12-22 03:09:42.081830 | GENERATION: 125 | ERRORS: best=1258.0, median=2315.0, diversity=0.595 | INDIVIDUALS: n=200, avg_genome_length=32.57 | VIRUSES: gene_rate=0.000
2021-12-22 03:10:03.586753 | GENERATION: 126 | ERRORS: best=1258.0, median=2316.0, diversity=0.595 | INDIVIDUALS: n=200, avg_genome_length=31.955 | VIRUSES: gene_rate=0.000
2021-12-22 03:10:26.691901 | GENERATION: 127 | ERRORS: best=1277.0, median=23729.0, diversity=0.6 | INDIVIDUALS: n=200, avg_genome_length=29.915 | VIRUSES: gene_rate=0.000
2021-12-22 03:10:52.503003 | GENERATION: 128 | ERRORS: best=1264.0, median=2315.0, diversity=0.57 | INDIVIDUALS: n=200, avg_genome_length=28.445 | VIRUSES: gene_rate=0.000
2021-12-22 03:11:28.874896 | GENERATION: 129 | ERRORS: best=1281.0, median=2315.0, diversity=0.625 | INDIVIDUALS: n=200, avg_genome_length=27.315 | VIRUSES: gene_rate=0.000
2021-12-22 03:11:57.074205 | GENERATION: 130 | ERRORS: best=1276.0, median=2315.0, diversity=0.515 | INDIVIDUALS: n=200, avg_genome_length=23.455 | VIRUSES: gene_rate=0.000
2021-12-22 03:12:22.325496 | GENERATION: 131 | ERRORS: best=1277.0, median=2315.0, diversity=0.535 | INDIVIDUALS: n=200, avg_genome_length=21.495 | VIRUSES: gene_rate=0.000
2021-12-22 03:12:48.751580 | GENERATION: 132 | ERRORS: best=1276.0, median=2315.0, diversity=0.53 | INDIVIDUALS: n=200, avg_genome_length=22.855 | VIRUSES: gene_rate=0.000
2021-12-22 03:13:15.609512 | GENERATION: 133 | ERRORS: best=1290.0, median=2315.0, diversity=0.555 | INDIVIDUALS: n=200, avg_genome_length=25.585 | VIRUSES: gene_rate=0.000
2021-12-22 03:13:45.890043 | GENERATION: 134 | ERRORS: best=1276.0, median=2315.0, diversity=0.54 | INDIVIDUALS: n=200, avg_genome_length=24.975 | VIRUSES: gene_rate=0.000
2021-12-22 03:14:23.999911 | GENERATION: 135 | ERRORS: best=1282.0, median=2315.0, diversity=0.515 | INDIVIDUALS: n=200, avg_genome_length=23.885 | VIRUSES: gene_rate=0.000
2021-12-22 03:14:49.838276 | GENERATION: 136 | ERRORS: best=1278.0, median=2315.0, diversity=0.545 | INDIVIDUALS: n=200, avg_genome_length=22.835 | VIRUSES: gene_rate=0.000
2021-12-22 03:15:13.981054 | GENERATION: 137 | ERRORS: best=1277.0, median=2315.0, diversity=0.5 | INDIVIDUALS: n=200, avg_genome_length=23.49 | VIRUSES: gene_rate=0.000
2021-12-22 03:15:38.498270 | GENERATION: 138 | ERRORS: best=1286.0, median=2315.0, diversity=0.535 | INDIVIDUALS: n=200, avg_genome_length=22.485 | VIRUSES: gene_rate=0.000
2021-12-22 03:16:04.418371 | GENERATION: 139 | ERRORS: best=1276.0, median=2315.0, diversity=0.53 | INDIVIDUALS: n=200, avg_genome_length=23.56 | VIRUSES: gene_rate=0.000
2021-12-22 03:16:29.391179 | GENERATION: 140 | ERRORS: best=1290.0, median=2315.0, diversity=0.495 | INDIVIDUALS: n=200, avg_genome_length=24.245 | VIRUSES: gene_rate=0.000
2021-12-22 03:16:54.933669 | GENERATION: 141 | ERRORS: best=1269.0, median=2315.0, diversity=0.56 | INDIVIDUALS: n=200, avg_genome_length=24.88 | VIRUSES: gene_rate=0.000
2021-12-22 03:17:17.436738 | GENERATION: 142 | ERRORS: best=1301.0, median=2315.0, diversity=0.495 | INDIVIDUALS: n=200, avg_genome_length=23.6 | VIRUSES: gene_rate=0.000
2021-12-22 03:17:42.522951 | GENERATION: 143 | ERRORS: best=1330.0, median=2315.0, diversity=0.535 | INDIVIDUALS: n=200, avg_genome_length=24.835 | VIRUSES: gene_rate=0.000
2021-12-22 03:18:04.972005 | GENERATION: 144 | ERRORS: best=1414.0, median=2315.0, diversity=0.53 | INDIVIDUALS: n=200, avg_genome_length=25.5 | VIRUSES: gene_rate=0.000
2021-12-22 03:18:28.561519 | GENERATION: 145 | ERRORS: best=1294.0, median=2315.0, diversity=0.58 | INDIVIDUALS: n=200, avg_genome_length=27.01 | VIRUSES: gene_rate=0.000
2021-12-22 03:18:53.498712 | GENERATION: 146 | ERRORS: best=1313.0, median=2315.0, diversity=0.6 | INDIVIDUALS: n=200, avg_genome_length=26.87 | VIRUSES: gene_rate=0.000
2021-12-22 03:19:16.245192 | GENERATION: 147 | ERRORS: best=1270.0, median=2315.0, diversity=0.515 | INDIVIDUALS: n=200, avg_genome_length=24.665 | VIRUSES: gene_rate=0.000
2021-12-22 03:19:36.297442 | GENERATION: 148 | ERRORS: best=1387.0, median=2315.0, diversity=0.505 | INDIVIDUALS: n=200, avg_genome_length=24.485 | VIRUSES: gene_rate=0.000
2021-12-22 03:19:58.033897 | GENERATION: 149 | ERRORS: best=1364.0, median=2315.0, diversity=0.485 | INDIVIDUALS: n=200, avg_genome_length=24.555 | VIRUSES: gene_rate=0.000
2021-12-22 03:20:23.142309 | GENERATION: 150 | ERRORS: best=1343.0, median=2315.0, diversity=0.44 | INDIVIDUALS: n=200, avg_genome_length=26.4 | VIRUSES: gene_rate=0.000
2021-12-22 03:20:49.620744 | GENERATION: 151 | ERRORS: best=1359.0, median=2315.0, diversity=0.485 | INDIVIDUALS: n=200, avg_genome_length=27.155 | VIRUSES: gene_rate=0.000
2021-12-22 03:21:15.825121 | GENERATION: 152 | ERRORS: best=1364.0, median=2315.0, diversity=0.455 | INDIVIDUALS: n=200, avg_genome_length=26.68 | VIRUSES: gene_rate=0.000
2021-12-22 03:21:40.193784 | GENERATION: 153 | ERRORS: best=1347.0, median=2315.0, diversity=0.515 | INDIVIDUALS: n=200, avg_genome_length=26.605 | VIRUSES: gene_rate=0.000
2021-12-22 03:22:04.599006 | GENERATION: 154 | ERRORS: best=1288.0, median=2315.0, diversity=0.525 | INDIVIDUALS: n=200, avg_genome_length=27.22 | VIRUSES: gene_rate=0.000
2021-12-22 03:22:29.477477 | GENERATION: 155 | ERRORS: best=1289.0, median=2316.5, diversity=0.595 | INDIVIDUALS: n=200, avg_genome_length=27.99 | VIRUSES: gene_rate=0.000
2021-12-22 03:22:52.933102 | GENERATION: 156 | ERRORS: best=1347.0, median=2315.0, diversity=0.605 | INDIVIDUALS: n=200, avg_genome_length=27.535 | VIRUSES: gene_rate=0.000
2021-12-22 03:23:15.555809 | GENERATION: 157 | ERRORS: best=1338.0, median=3988.0, diversity=0.615 | INDIVIDUALS: n=200, avg_genome_length=27.2 | VIRUSES: gene_rate=0.000
2021-12-22 03:23:36.529558 | GENERATION: 158 | ERRORS: best=1310.0, median=2315.0, diversity=0.495 | INDIVIDUALS: n=200, avg_genome_length=26.29 | VIRUSES: gene_rate=0.000
2021-12-22 03:24:01.210952 | GENERATION: 159 | ERRORS: best=1338.0, median=2315.0, diversity=0.59 | INDIVIDUALS: n=200, avg_genome_length=25.705 | VIRUSES: gene_rate=0.000
2021-12-22 03:24:23.782520 | GENERATION: 160 | ERRORS: best=1329.0, median=2315.0, diversity=0.585 | INDIVIDUALS: n=200, avg_genome_length=26.595 | VIRUSES: gene_rate=0.000
2021-12-22 03:24:45.599926 | GENERATION: 161 | ERRORS: best=1335.0, median=2315.0, diversity=0.59 | INDIVIDUALS: n=200, avg_genome_length=27.185 | VIRUSES: gene_rate=0.000
2021-12-22 03:25:08.924071 | GENERATION: 162 | ERRORS: best=1323.0, median=2315.0, diversity=0.55 | INDIVIDUALS: n=200, avg_genome_length=26.035 | VIRUSES: gene_rate=0.000
2021-12-22 03:25:31.047909 | GENERATION: 163 | ERRORS: best=1323.0, median=2315.0, diversity=0.615 | INDIVIDUALS: n=200, avg_genome_length=25.38 | VIRUSES: gene_rate=0.000
2021-12-22 03:25:55.347244 | GENERATION: 164 | ERRORS: best=1270.0, median=5390.5, diversity=0.61 | INDIVIDUALS: n=200, avg_genome_length=24.69 | VIRUSES: gene_rate=0.000
2021-12-22 03:26:15.211186 | GENERATION: 165 | ERRORS: best=1314.0, median=2315.0, diversity=0.565 | INDIVIDUALS: n=200, avg_genome_length=22.84 | VIRUSES: gene_rate=0.000
2021-12-22 03:26:37.129844 | GENERATION: 166 | ERRORS: best=1293.0, median=2315.0, diversity=0.595 | INDIVIDUALS: n=200, avg_genome_length=22.125 | VIRUSES: gene_rate=0.000
2021-12-22 03:27:01.369889 | GENERATION: 167 | ERRORS: best=1293.0, median=2200.5, diversity=0.67 | INDIVIDUALS: n=200, avg_genome_length=21.37 | VIRUSES: gene_rate=0.000
2021-12-22 03:27:20.064576 | GENERATION: 168 | ERRORS: best=1290.0, median=2315.0, diversity=0.45 | INDIVIDUALS: n=200, avg_genome_length=21.305 | VIRUSES: gene_rate=0.000
2021-12-22 03:27:41.538010 | GENERATION: 169 | ERRORS: best=1294.0, median=2315.0, diversity=0.555 | INDIVIDUALS: n=200, avg_genome_length=21.01 | VIRUSES: gene_rate=0.000
2021-12-22 03:28:01.034440 | GENERATION: 170 | ERRORS: best=1270.0, median=2315.0, diversity=0.48 | INDIVIDUALS: n=200, avg_genome_length=20.51 | VIRUSES: gene_rate=0.000
2021-12-22 03:28:22.795928 | GENERATION: 171 | ERRORS: best=1263.0, median=2315.0, diversity=0.51 | INDIVIDUALS: n=200, avg_genome_length=20.11 | VIRUSES: gene_rate=0.000
2021-12-22 03:28:43.707920 | GENERATION: 172 | ERRORS: best=1286.0, median=2315.0, diversity=0.525 | INDIVIDUALS: n=200, avg_genome_length=19.935 | VIRUSES: gene_rate=0.000
2021-12-22 03:29:05.325841 | GENERATION: 173 | ERRORS: best=1263.0, median=2315.0, diversity=0.61 | INDIVIDUALS: n=200, avg_genome_length=19.98 | VIRUSES: gene_rate=0.000
2021-12-22 03:29:27.786774 | GENERATION: 174 | ERRORS: best=1265.0, median=2315.0, diversity=0.55 | INDIVIDUALS: n=200, avg_genome_length=18.35 | VIRUSES: gene_rate=0.000
2021-12-22 03:29:49.415200 | GENERATION: 175 | ERRORS: best=1242.0, median=2315.0, diversity=0.515 | INDIVIDUALS: n=200, avg_genome_length=19.575 | VIRUSES: gene_rate=0.000
2021-12-22 03:30:08.530794 | GENERATION: 176 | ERRORS: best=1327.0, median=2315.0, diversity=0.535 | INDIVIDUALS: n=200, avg_genome_length=19.435 | VIRUSES: gene_rate=0.000
2021-12-22 03:30:38.293789 | GENERATION: 177 | ERRORS: best=1335.0, median=2315.0, diversity=0.525 | INDIVIDUALS: n=200, avg_genome_length=19.215 | VIRUSES: gene_rate=0.000
2021-12-22 03:31:03.394073 | GENERATION: 178 | ERRORS: best=1303.0, median=2315.0, diversity=0.52 | INDIVIDUALS: n=200, avg_genome_length=18.4 | VIRUSES: gene_rate=0.000
2021-12-22 03:31:34.277289 | GENERATION: 179 | ERRORS: best=1255.0, median=2315.0, diversity=0.515 | INDIVIDUALS: n=200, avg_genome_length=18.225 | VIRUSES: gene_rate=0.000
2021-12-22 03:31:56.171622 | GENERATION: 180 | ERRORS: best=1288.0, median=2315.0, diversity=0.53 | INDIVIDUALS: n=200, avg_genome_length=20.3 | VIRUSES: gene_rate=0.000
2021-12-22 03:32:14.452492 | GENERATION: 181 | ERRORS: best=1310.0, median=2315.0, diversity=0.54 | INDIVIDUALS: n=200, avg_genome_length=19.34 | VIRUSES: gene_rate=0.000
2021-12-22 03:32:33.071028 | GENERATION: 182 | ERRORS: best=1296.0, median=2315.0, diversity=0.585 | INDIVIDUALS: n=200, avg_genome_length=19.96 | VIRUSES: gene_rate=0.000
2021-12-22 03:32:50.980288 | GENERATION: 183 | ERRORS: best=1320.0, median=2315.0, diversity=0.56 | INDIVIDUALS: n=200, avg_genome_length=19.6 | VIRUSES: gene_rate=0.000
2021-12-22 03:33:14.310781 | GENERATION: 184 | ERRORS: best=1311.0, median=2315.0, diversity=0.615 | INDIVIDUALS: n=200, avg_genome_length=20.145 | VIRUSES: gene_rate=0.000
2021-12-22 03:33:33.411907 | GENERATION: 185 | ERRORS: best=1311.0, median=2315.0, diversity=0.585 | INDIVIDUALS: n=200, avg_genome_length=18.83 | VIRUSES: gene_rate=0.000
2021-12-22 03:33:54.494807 | GENERATION: 186 | ERRORS: best=1289.0, median=2315.0, diversity=0.61 | INDIVIDUALS: n=200, avg_genome_length=19.165 | VIRUSES: gene_rate=0.000
2021-12-22 03:34:14.929895 | GENERATION: 187 | ERRORS: best=1287.0, median=2315.0, diversity=0.55 | INDIVIDUALS: n=200, avg_genome_length=19.655 | VIRUSES: gene_rate=0.000
2021-12-22 03:34:38.733926 | GENERATION: 188 | ERRORS: best=1270.0, median=36193.0, diversity=0.59 | INDIVIDUALS: n=200, avg_genome_length=18.8 | VIRUSES: gene_rate=0.000
2021-12-22 03:35:02.231211 | GENERATION: 189 | ERRORS: best=1272.0, median=2315.0, diversity=0.55 | INDIVIDUALS: n=200, avg_genome_length=17.92 | VIRUSES: gene_rate=0.000
2021-12-22 03:35:20.498665 | GENERATION: 190 | ERRORS: best=1275.0, median=2316.0, diversity=0.455 | INDIVIDUALS: n=200, avg_genome_length=17.33 | VIRUSES: gene_rate=0.000
2021-12-22 03:35:40.295753 | GENERATION: 191 | ERRORS: best=1275.0, median=2315.0, diversity=0.59 | INDIVIDUALS: n=200, avg_genome_length=18.325 | VIRUSES: gene_rate=0.000
2021-12-22 03:36:03.598105 | GENERATION: 192 | ERRORS: best=1270.0, median=2317.0, diversity=0.62 | INDIVIDUALS: n=200, avg_genome_length=18.275 | VIRUSES: gene_rate=0.000
2021-12-22 03:36:23.075135 | GENERATION: 193 | ERRORS: best=1262.0, median=2315.0, diversity=0.515 | INDIVIDUALS: n=200, avg_genome_length=18.325 | VIRUSES: gene_rate=0.000
2021-12-22 03:36:41.330103 | GENERATION: 194 | ERRORS: best=1310.0, median=2315.0, diversity=0.515 | INDIVIDUALS: n=200, avg_genome_length=18.445 | VIRUSES: gene_rate=0.000
2021-12-22 03:36:58.757187 | GENERATION: 195 | ERRORS: best=1310.0, median=2315.0, diversity=0.475 | INDIVIDUALS: n=200, avg_genome_length=17.665 | VIRUSES: gene_rate=0.000
2021-12-22 03:37:14.295940 | GENERATION: 196 | ERRORS: best=1338.0, median=2315.0, diversity=0.495 | INDIVIDUALS: n=200, avg_genome_length=17.25 | VIRUSES: gene_rate=0.000
2021-12-22 03:37:46.371709 | GENERATION: 197 | ERRORS: best=1331.0, median=2315.0, diversity=0.58 | INDIVIDUALS: n=200, avg_genome_length=16.81 | VIRUSES: gene_rate=0.000
2021-12-22 03:38:03.216326 | GENERATION: 198 | ERRORS: best=1275.0, median=2315.0, diversity=0.525 | INDIVIDUALS: n=200, avg_genome_length=17.23 | VIRUSES: gene_rate=0.000
2021-12-22 03:38:19.144132 | GENERATION: 199 | ERRORS: best=1293.0, median=2315.0, diversity=0.47 | INDIVIDUALS: n=200, avg_genome_length=16.9 | VIRUSES: gene_rate=0.000
2021-12-22 03:38:33.104455 | GENERATION: 200 | ERRORS: best=1264.0, median=2315.0, diversity=0.485 | INDIVIDUALS: n=200, avg_genome_length=17.17 | VIRUSES: gene_rate=0.000
2021-12-22 03:38:49.328313 | GENERATION: 201 | ERRORS: best=1262.0, median=2315.0, diversity=0.48 | INDIVIDUALS: n=200, avg_genome_length=17.81 | VIRUSES: gene_rate=0.000
2021-12-22 03:39:06.924012 | GENERATION: 202 | ERRORS: best=1275.0, median=2315.0, diversity=0.48 | INDIVIDUALS: n=200, avg_genome_length=18.12 | VIRUSES: gene_rate=0.000
2021-12-22 03:39:25.574503 | GENERATION: 203 | ERRORS: best=1272.0, median=2315.0, diversity=0.525 | INDIVIDUALS: n=200, avg_genome_length=18.175 | VIRUSES: gene_rate=0.000
2021-12-22 03:39:45.270358 | GENERATION: 204 | ERRORS: best=1323.0, median=2315.0, diversity=0.525 | INDIVIDUALS: n=200, avg_genome_length=18.82 | VIRUSES: gene_rate=0.000
2021-12-22 03:40:02.748069 | GENERATION: 205 | ERRORS: best=1332.0, median=2315.0, diversity=0.485 | INDIVIDUALS: n=200, avg_genome_length=18.48 | VIRUSES: gene_rate=0.000
2021-12-22 03:40:20.154419 | GENERATION: 206 | ERRORS: best=1296.0, median=2315.0, diversity=0.5 | INDIVIDUALS: n=200, avg_genome_length=17.775 | VIRUSES: gene_rate=0.000
2021-12-22 03:40:42.350186 | GENERATION: 207 | ERRORS: best=1270.0, median=2315.0, diversity=0.54 | INDIVIDUALS: n=200, avg_genome_length=17.855 | VIRUSES: gene_rate=0.000
2021-12-22 03:41:00.566125 | GENERATION: 208 | ERRORS: best=1270.0, median=2315.0, diversity=0.49 | INDIVIDUALS: n=200, avg_genome_length=16.98 | VIRUSES: gene_rate=0.000
2021-12-22 03:41:18.278797 | GENERATION: 209 | ERRORS: best=1248.0, median=2315.0, diversity=0.61 | INDIVIDUALS: n=200, avg_genome_length=16.53 | VIRUSES: gene_rate=0.000
2021-12-22 03:41:39.712473 | GENERATION: 210 | ERRORS: best=1248.0, median=2315.0, diversity=0.57 | INDIVIDUALS: n=200, avg_genome_length=16.505 | VIRUSES: gene_rate=0.000
2021-12-22 03:41:54.023263 | GENERATION: 211 | ERRORS: best=1248.0, median=2315.0, diversity=0.47 | INDIVIDUALS: n=200, avg_genome_length=14.875 | VIRUSES: gene_rate=0.000
2021-12-22 03:42:11.266342 | GENERATION: 212 | ERRORS: best=1248.0, median=2315.0, diversity=0.5 | INDIVIDUALS: n=200, avg_genome_length=14.935 | VIRUSES: gene_rate=0.000
2021-12-22 03:42:30.792793 | GENERATION: 213 | ERRORS: best=1248.0, median=2315.0, diversity=0.51 | INDIVIDUALS: n=200, avg_genome_length=15.56 | VIRUSES: gene_rate=0.000
2021-12-22 03:42:47.841893 | GENERATION: 214 | ERRORS: best=1248.0, median=3507.0, diversity=0.465 | INDIVIDUALS: n=200, avg_genome_length=14.98 | VIRUSES: gene_rate=0.000
2021-12-22 03:43:04.114206 | GENERATION: 215 | ERRORS: best=1348.0, median=2315.0, diversity=0.455 | INDIVIDUALS: n=200, avg_genome_length=15.065 | VIRUSES: gene_rate=0.000
2021-12-22 03:43:22.217099 | GENERATION: 216 | ERRORS: best=1304.0, median=2315.0, diversity=0.46 | INDIVIDUALS: n=200, avg_genome_length=15.35 | VIRUSES: gene_rate=0.000
2021-12-22 03:43:39.453366 | GENERATION: 217 | ERRORS: best=1323.0, median=2315.0, diversity=0.465 | INDIVIDUALS: n=200, avg_genome_length=15.47 | VIRUSES: gene_rate=0.000
2021-12-22 03:43:57.345462 | GENERATION: 218 | ERRORS: best=1347.0, median=2315.0, diversity=0.47 | INDIVIDUALS: n=200, avg_genome_length=15.7 | VIRUSES: gene_rate=0.000
2021-12-22 03:44:14.831620 | GENERATION: 219 | ERRORS: best=1347.0, median=2315.0, diversity=0.53 | INDIVIDUALS: n=200, avg_genome_length=16.355 | VIRUSES: gene_rate=0.000
2021-12-22 03:44:34.239450 | GENERATION: 220 | ERRORS: best=1338.0, median=2315.0, diversity=0.575 | INDIVIDUALS: n=200, avg_genome_length=16.54 | VIRUSES: gene_rate=0.000
2021-12-22 03:44:53.220341 | GENERATION: 221 | ERRORS: best=1334.0, median=2315.0, diversity=0.545 | INDIVIDUALS: n=200, avg_genome_length=16.395 | VIRUSES: gene_rate=0.000
2021-12-22 03:45:10.080786 | GENERATION: 222 | ERRORS: best=1355.0, median=168454.0, diversity=0.535 | INDIVIDUALS: n=200, avg_genome_length=15.64 | VIRUSES: gene_rate=0.000
2021-12-22 03:45:30.033851 | GENERATION: 223 | ERRORS: best=1314.0, median=7746.5, diversity=0.59 | INDIVIDUALS: n=200, avg_genome_length=15.885 | VIRUSES: gene_rate=0.000
2021-12-22 03:45:48.576370 | GENERATION: 224 | ERRORS: best=1337.0, median=2315.0, diversity=0.555 | INDIVIDUALS: n=200, avg_genome_length=15.255 | VIRUSES: gene_rate=0.000
2021-12-22 03:46:05.947779 | GENERATION: 225 | ERRORS: best=1329.0, median=2500.5, diversity=0.495 | INDIVIDUALS: n=200, avg_genome_length=15.99 | VIRUSES: gene_rate=0.000
2021-12-22 03:46:23.278848 | GENERATION: 226 | ERRORS: best=1327.0, median=2315.0, diversity=0.505 | INDIVIDUALS: n=200, avg_genome_length=17.2 | VIRUSES: gene_rate=0.000
2021-12-22 03:46:38.334425 | GENERATION: 227 | ERRORS: best=1327.0, median=2315.0, diversity=0.51 | INDIVIDUALS: n=200, avg_genome_length=16.835 | VIRUSES: gene_rate=0.000
2021-12-22 03:46:53.765176 | GENERATION: 228 | ERRORS: best=1327.0, median=2315.0, diversity=0.555 | INDIVIDUALS: n=200, avg_genome_length=16.305 | VIRUSES: gene_rate=0.000
2021-12-22 03:47:10.968676 | GENERATION: 229 | ERRORS: best=1317.0, median=2315.0, diversity=0.575 | INDIVIDUALS: n=200, avg_genome_length=16.59 | VIRUSES: gene_rate=0.000
2021-12-22 03:47:27.174954 | GENERATION: 230 | ERRORS: best=1317.0, median=2315.0, diversity=0.56 | INDIVIDUALS: n=200, avg_genome_length=16.335 | VIRUSES: gene_rate=0.000
2021-12-22 03:47:43.649176 | GENERATION: 231 | ERRORS: best=1327.0, median=2315.0, diversity=0.515 | INDIVIDUALS: n=200, avg_genome_length=16.205 | VIRUSES: gene_rate=0.000
2021-12-22 03:48:01.105714 | GENERATION: 232 | ERRORS: best=1317.0, median=2315.0, diversity=0.64 | INDIVIDUALS: n=200, avg_genome_length=17.125 | VIRUSES: gene_rate=0.000
2021-12-22 03:48:16.518167 | GENERATION: 233 | ERRORS: best=1335.0, median=2315.0, diversity=0.54 | INDIVIDUALS: n=200, avg_genome_length=16.375 | VIRUSES: gene_rate=0.000
2021-12-22 03:48:47.844216 | GENERATION: 234 | ERRORS: best=1317.0, median=2315.5, diversity=0.605 | INDIVIDUALS: n=200, avg_genome_length=15.875 | VIRUSES: gene_rate=0.000
2021-12-22 03:49:27.741729 | GENERATION: 235 | ERRORS: best=1307.0, median=2315.0, diversity=0.58 | INDIVIDUALS: n=200, avg_genome_length=15.95 | VIRUSES: gene_rate=0.000
2021-12-22 03:49:45.399795 | GENERATION: 236 | ERRORS: best=1307.0, median=2315.0, diversity=0.635 | INDIVIDUALS: n=200, avg_genome_length=16.105 | VIRUSES: gene_rate=0.000
2021-12-22 03:50:04.126518 | GENERATION: 237 | ERRORS: best=1329.0, median=41330.5, diversity=0.575 | INDIVIDUALS: n=200, avg_genome_length=16.435 | VIRUSES: gene_rate=0.000
2021-12-22 03:50:23.040182 | GENERATION: 238 | ERRORS: best=1320.0, median=2315.0, diversity=0.605 | INDIVIDUALS: n=200, avg_genome_length=16.165 | VIRUSES: gene_rate=0.000
2021-12-22 03:50:42.848919 | GENERATION: 239 | ERRORS: best=1329.0, median=56903.0, diversity=0.61 | INDIVIDUALS: n=200, avg_genome_length=17.55 | VIRUSES: gene_rate=0.000
2021-12-22 03:50:57.998354 | GENERATION: 240 | ERRORS: best=1338.0, median=2315.0, diversity=0.505 | INDIVIDUALS: n=200, avg_genome_length=17.205 | VIRUSES: gene_rate=0.000
2021-12-22 03:51:15.575342 | GENERATION: 241 | ERRORS: best=1338.0, median=2315.0, diversity=0.58 | INDIVIDUALS: n=200, avg_genome_length=17.415 | VIRUSES: gene_rate=0.000
2021-12-22 03:51:30.811585 | GENERATION: 242 | ERRORS: best=1329.0, median=2315.0, diversity=0.47 | INDIVIDUALS: n=200, avg_genome_length=17.315 | VIRUSES: gene_rate=0.000
2021-12-22 03:51:48.281789 | GENERATION: 243 | ERRORS: best=1338.0, median=2315.0, diversity=0.5 | INDIVIDUALS: n=200, avg_genome_length=17.575 | VIRUSES: gene_rate=0.000
2021-12-22 03:52:04.358740 | GENERATION: 244 | ERRORS: best=1338.0, median=2315.0, diversity=0.495 | INDIVIDUALS: n=200, avg_genome_length=18.36 | VIRUSES: gene_rate=0.000
2021-12-22 03:52:22.087254 | GENERATION: 245 | ERRORS: best=1288.0, median=2315.0, diversity=0.53 | INDIVIDUALS: n=200, avg_genome_length=17.15 | VIRUSES: gene_rate=0.000
2021-12-22 03:52:37.345910 | GENERATION: 246 | ERRORS: best=1338.0, median=2315.0, diversity=0.435 | INDIVIDUALS: n=200, avg_genome_length=17.38 | VIRUSES: gene_rate=0.000
2021-12-22 03:52:52.304956 | GENERATION: 247 | ERRORS: best=1337.0, median=2315.0, diversity=0.51 | INDIVIDUALS: n=200, avg_genome_length=18.0 | VIRUSES: gene_rate=0.000
2021-12-22 03:53:08.057858 | GENERATION: 248 | ERRORS: best=1338.0, median=2315.0, diversity=0.515 | INDIVIDUALS: n=200, avg_genome_length=17.915 | VIRUSES: gene_rate=0.000
2021-12-22 03:53:23.229405 | GENERATION: 249 | ERRORS: best=1338.0, median=2315.0, diversity=0.495 | INDIVIDUALS: n=200, avg_genome_length=19.52 | VIRUSES: gene_rate=0.000
2021-12-22 03:53:37.381728 | GENERATION: 250 | ERRORS: best=1347.0, median=2315.0, diversity=0.53 | INDIVIDUALS: n=200, avg_genome_length=18.81 | VIRUSES: gene_rate=0.000
2021-12-22 03:53:51.511654 | GENERATION: 251 | ERRORS: best=1338.0, median=2315.0, diversity=0.49 | INDIVIDUALS: n=200, avg_genome_length=17.595 | VIRUSES: gene_rate=0.000
2021-12-22 03:54:07.271600 | GENERATION: 252 | ERRORS: best=1359.0, median=2315.0, diversity=0.52 | INDIVIDUALS: n=200, avg_genome_length=18.455 | VIRUSES: gene_rate=0.000
2021-12-22 03:54:21.860223 | GENERATION: 253 | ERRORS: best=1338.0, median=2315.0, diversity=0.535 | INDIVIDUALS: n=200, avg_genome_length=18.785 | VIRUSES: gene_rate=0.000
2021-12-22 03:54:37.223622 | GENERATION: 254 | ERRORS: best=1338.0, median=2315.0, diversity=0.505 | INDIVIDUALS: n=200, avg_genome_length=19.025 | VIRUSES: gene_rate=0.000
2021-12-22 03:54:52.006497 | GENERATION: 255 | ERRORS: best=1338.0, median=2315.0, diversity=0.49 | INDIVIDUALS: n=200, avg_genome_length=17.87 | VIRUSES: gene_rate=0.000
2021-12-22 03:55:06.315977 | GENERATION: 256 | ERRORS: best=1340.0, median=2233.0, diversity=0.515 | INDIVIDUALS: n=200, avg_genome_length=18.01 | VIRUSES: gene_rate=0.000
2021-12-22 03:55:25.893019 | GENERATION: 257 | ERRORS: best=1329.0, median=2200.0, diversity=0.535 | INDIVIDUALS: n=200, avg_genome_length=18.715 | VIRUSES: gene_rate=0.000
2021-12-22 03:55:44.263636 | GENERATION: 258 | ERRORS: best=1332.0, median=2209.5, diversity=0.515 | INDIVIDUALS: n=200, avg_genome_length=19.21 | VIRUSES: gene_rate=0.000
2021-12-22 03:56:05.735342 | GENERATION: 259 | ERRORS: best=1330.0, median=2200.0, diversity=0.625 | INDIVIDUALS: n=200, avg_genome_length=19.93 | VIRUSES: gene_rate=0.000
2021-12-22 03:56:28.363225 | GENERATION: 260 | ERRORS: best=1330.0, median=2315.0, diversity=0.585 | INDIVIDUALS: n=200, avg_genome_length=20.45 | VIRUSES: gene_rate=0.000
2021-12-22 03:56:47.442967 | GENERATION: 261 | ERRORS: best=1347.0, median=2315.0, diversity=0.505 | INDIVIDUALS: n=200, avg_genome_length=19.42 | VIRUSES: gene_rate=0.000
2021-12-22 03:57:03.832039 | GENERATION: 262 | ERRORS: best=1347.0, median=2315.0, diversity=0.515 | INDIVIDUALS: n=200, avg_genome_length=18.16 | VIRUSES: gene_rate=0.000
2021-12-22 03:57:22.078160 | GENERATION: 263 | ERRORS: best=1333.0, median=2315.0, diversity=0.545 | INDIVIDUALS: n=200, avg_genome_length=19.18 | VIRUSES: gene_rate=0.000
2021-12-22 03:57:39.784812 | GENERATION: 264 | ERRORS: best=1336.0, median=2315.0, diversity=0.535 | INDIVIDUALS: n=200, avg_genome_length=19.28 | VIRUSES: gene_rate=0.000
2021-12-22 03:57:58.164916 | GENERATION: 265 | ERRORS: best=1336.0, median=2315.0, diversity=0.535 | INDIVIDUALS: n=200, avg_genome_length=19.38 | VIRUSES: gene_rate=0.000
2021-12-22 03:58:17.220910 | GENERATION: 266 | ERRORS: best=1314.0, median=2200.0, diversity=0.485 | INDIVIDUALS: n=200, avg_genome_length=17.53 | VIRUSES: gene_rate=0.000
2021-12-22 03:58:34.791296 | GENERATION: 267 | ERRORS: best=1342.0, median=2315.0, diversity=0.47 | INDIVIDUALS: n=200, avg_genome_length=17.85 | VIRUSES: gene_rate=0.000
2021-12-22 03:58:52.796037 | GENERATION: 268 | ERRORS: best=1326.0, median=2208.0, diversity=0.495 | INDIVIDUALS: n=200, avg_genome_length=17.32 | VIRUSES: gene_rate=0.000
2021-12-22 03:59:13.308202 | GENERATION: 269 | ERRORS: best=1329.0, median=2315.0, diversity=0.51 | INDIVIDUALS: n=200, avg_genome_length=18.08 | VIRUSES: gene_rate=0.000
2021-12-22 03:59:33.328557 | GENERATION: 270 | ERRORS: best=1338.0, median=2315.0, diversity=0.525 | INDIVIDUALS: n=200, avg_genome_length=18.58 | VIRUSES: gene_rate=0.000
2021-12-22 03:59:50.784631 | GENERATION: 271 | ERRORS: best=1241.0, median=2315.0, diversity=0.52 | INDIVIDUALS: n=200, avg_genome_length=18.695 | VIRUSES: gene_rate=0.000
2021-12-22 04:00:08.264595 | GENERATION: 272 | ERRORS: best=1260.0, median=2315.0, diversity=0.45 | INDIVIDUALS: n=200, avg_genome_length=17.945 | VIRUSES: gene_rate=0.000
2021-12-22 04:00:33.442086 | GENERATION: 273 | ERRORS: best=1338.0, median=2262.0, diversity=0.575 | INDIVIDUALS: n=200, avg_genome_length=19.185 | VIRUSES: gene_rate=0.000
2021-12-22 04:00:52.935298 | GENERATION: 274 | ERRORS: best=1338.0, median=2315.0, diversity=0.475 | INDIVIDUALS: n=200, avg_genome_length=18.925 | VIRUSES: gene_rate=0.000
2021-12-22 04:01:11.361999 | GENERATION: 275 | ERRORS: best=1338.0, median=2315.0, diversity=0.475 | INDIVIDUALS: n=200, avg_genome_length=18.5 | VIRUSES: gene_rate=0.000
2021-12-22 04:01:29.766943 | GENERATION: 276 | ERRORS: best=1338.0, median=2315.0, diversity=0.53 | INDIVIDUALS: n=200, avg_genome_length=19.85 | VIRUSES: gene_rate=0.000
2021-12-22 04:01:50.245078 | GENERATION: 277 | ERRORS: best=1338.0, median=2315.0, diversity=0.495 | INDIVIDUALS: n=200, avg_genome_length=19.585 | VIRUSES: gene_rate=0.000
2021-12-22 04:02:09.297163 | GENERATION: 278 | ERRORS: best=1324.0, median=2315.0, diversity=0.51 | INDIVIDUALS: n=200, avg_genome_length=19.7 | VIRUSES: gene_rate=0.000
2021-12-22 04:02:29.941738 | GENERATION: 279 | ERRORS: best=1329.0, median=2315.0, diversity=0.535 | INDIVIDUALS: n=200, avg_genome_length=17.95 | VIRUSES: gene_rate=0.000
2021-12-22 04:02:51.785873 | GENERATION: 280 | ERRORS: best=1329.0, median=2315.0, diversity=0.56 | INDIVIDUALS: n=200, avg_genome_length=18.88 | VIRUSES: gene_rate=0.000
2021-12-22 04:03:12.359730 | GENERATION: 281 | ERRORS: best=1329.0, median=2315.0, diversity=0.535 | INDIVIDUALS: n=200, avg_genome_length=19.09 | VIRUSES: gene_rate=0.000
2021-12-22 04:03:29.032196 | GENERATION: 282 | ERRORS: best=1329.0, median=2315.0, diversity=0.57 | INDIVIDUALS: n=200, avg_genome_length=18.295 | VIRUSES: gene_rate=0.000
2021-12-22 04:03:47.231964 | GENERATION: 283 | ERRORS: best=1316.0, median=2315.0, diversity=0.505 | INDIVIDUALS: n=200, avg_genome_length=19.06 | VIRUSES: gene_rate=0.000
2021-12-22 04:04:03.229426 | GENERATION: 284 | ERRORS: best=1338.0, median=2315.0, diversity=0.435 | INDIVIDUALS: n=200, avg_genome_length=19.39 | VIRUSES: gene_rate=0.000
2021-12-22 04:04:23.573759 | GENERATION: 285 | ERRORS: best=1338.0, median=2315.0, diversity=0.555 | INDIVIDUALS: n=200, avg_genome_length=19.825 | VIRUSES: gene_rate=0.000
2021-12-22 04:04:43.430936 | GENERATION: 286 | ERRORS: best=1373.0, median=2315.0, diversity=0.53 | INDIVIDUALS: n=200, avg_genome_length=19.625 | VIRUSES: gene_rate=0.000
2021-12-22 04:05:04.402562 | GENERATION: 287 | ERRORS: best=1329.0, median=2315.0, diversity=0.555 | INDIVIDUALS: n=200, avg_genome_length=20.21 | VIRUSES: gene_rate=0.000
2021-12-22 04:05:26.378167 | GENERATION: 288 | ERRORS: best=1321.0, median=2315.0, diversity=0.575 | INDIVIDUALS: n=200, avg_genome_length=21.695 | VIRUSES: gene_rate=0.000
2021-12-22 04:05:48.824673 | GENERATION: 289 | ERRORS: best=1293.0, median=2870.0, diversity=0.63 | INDIVIDUALS: n=200, avg_genome_length=21.845 | VIRUSES: gene_rate=0.000
2021-12-22 04:06:08.573742 | GENERATION: 290 | ERRORS: best=1302.0, median=2315.0, diversity=0.53 | INDIVIDUALS: n=200, avg_genome_length=21.075 | VIRUSES: gene_rate=0.000
2021-12-22 04:06:25.228121 | GENERATION: 291 | ERRORS: best=1319.0, median=2315.0, diversity=0.545 | INDIVIDUALS: n=200, avg_genome_length=20.07 | VIRUSES: gene_rate=0.000
2021-12-22 04:07:06.710121 | GENERATION: 292 | ERRORS: best=1289.0, median=2413.5, diversity=0.515 | INDIVIDUALS: n=200, avg_genome_length=19.28 | VIRUSES: gene_rate=0.000
2021-12-22 04:07:25.214837 | GENERATION: 293 | ERRORS: best=1338.0, median=2315.0, diversity=0.54 | INDIVIDUALS: n=200, avg_genome_length=19.38 | VIRUSES: gene_rate=0.000
2021-12-22 04:07:40.657077 | GENERATION: 294 | ERRORS: best=1347.0, median=2315.0, diversity=0.445 | INDIVIDUALS: n=200, avg_genome_length=19.875 | VIRUSES: gene_rate=0.000
2021-12-22 04:07:56.151145 | GENERATION: 295 | ERRORS: best=1293.0, median=2315.0, diversity=0.49 | INDIVIDUALS: n=200, avg_genome_length=19.3 | VIRUSES: gene_rate=0.000
2021-12-22 04:08:10.622684 | GENERATION: 296 | ERRORS: best=1293.0, median=2315.0, diversity=0.53 | INDIVIDUALS: n=200, avg_genome_length=18.385 | VIRUSES: gene_rate=0.000
2021-12-22 04:08:23.957315 | GENERATION: 297 | ERRORS: best=1347.0, median=2315.0, diversity=0.505 | INDIVIDUALS: n=200, avg_genome_length=18.365 | VIRUSES: gene_rate=0.000
2021-12-22 04:08:35.600316 | GENERATION: 298 | ERRORS: best=1335.0, median=2315.0, diversity=0.485 | INDIVIDUALS: n=200, avg_genome_length=18.73 | VIRUSES: gene_rate=0.000
2021-12-22 04:08:53.528335 | GENERATION: 299 | ERRORS: best=1289.0, median=2315.0, diversity=0.63 | INDIVIDUALS: n=200, avg_genome_length=19.895 | VIRUSES: gene_rate=0.000
2021-12-22 04:09:11.683834 | GENERATION: 300 | ERRORS: best=1293.0, median=2315.0, diversity=0.565 | INDIVIDUALS: n=200, avg_genome_length=20.2 | VIRUSES: gene_rate=0.000
Simplifying genome of length 62 with total error 1237.0.
Simplified genome to length 62 and total error 1237.0.
========================================
End Run
========================================
No solution found.
Best Seen Individual
	Genome:
	 Genome([InstructionMeta(name='bool_yank_dup', code_blocks=0), InstructionMeta(name='print_bool', code_blocks=0), InstructionMeta(name='int_stack_depth', code_blocks=0), InstructionMeta(name='vector_int_but_last', code_blocks=0), InstructionMeta(name='bool_and', code_blocks=0), InstructionMeta(name='int_flush', code_blocks=0), InstructionMeta(name='int_swap', code_blocks=0), InstructionMeta(name='int_sub', code_blocks=0), InstructionMeta(name='vector_int_yank', code_blocks=0), InstructionMeta(name='int_shove', code_blocks=0), InstructionMeta(name='int_inc', code_blocks=0), Literal(value=1, push_type=<pyshgp.push.types.PushIntType object at 0x7f11fd8161c0>), InstructionMeta(name='bool_not', code_blocks=0), InstructionMeta(name='exec_dup', code_blocks=1), InstructionMeta(name='exec_when', code_blocks=1), InstructionMeta(name='vector_int_first', code_blocks=0), InstructionMeta(name='vector_int_first', code_blocks=0), InstructionMeta(name='vector_int_pop', code_blocks=0), InstructionMeta(name='exec_swap', code_blocks=2), InstructionMeta(name='vector_int_subvec', code_blocks=0), InstructionMeta(name='exec_dup', code_blocks=1), InstructionMeta(name='bool_from_int', code_blocks=0), InstructionMeta(name='int_yank', code_blocks=0), InstructionMeta(name='int_swap', code_blocks=0), Closer(), InstructionMeta(name='vector_int_rest', code_blocks=0), InstructionMeta(name='exec_yank_dup', code_blocks=0), InstructionMeta(name='vector_int_rest', code_blocks=0), InstructionMeta(name='vector_int_dup_times', code_blocks=0), InstructionMeta(name='vector_int_yank_dup', code_blocks=0), InstructionMeta(name='exec_do_range', code_blocks=1), InstructionMeta(name='vector_int_eq', code_blocks=0), InstructionMeta(name='bool_dup_times', code_blocks=0), InstructionMeta(name='bool_xor', code_blocks=0), InstructionMeta(name='println_exec', code_blocks=0), InstructionMeta(name='int_dec', code_blocks=0), InstructionMeta(name='int_yank_dup', code_blocks=0), InstructionMeta(name='println_vector_int', code_blocks=0), InstructionMeta(name='exec_shove', code_blocks=1), InstructionMeta(name='bool_and', code_blocks=0), InstructionMeta(name='vector_int_rest', code_blocks=0), Literal(value=1, push_type=<pyshgp.push.types.PushIntType object at 0x7f11fd816820>), InstructionMeta(name='exec_when', code_blocks=1), InstructionMeta(name='int_lt', code_blocks=0), Closer(), InstructionMeta(name='vector_int_replace', code_blocks=0), InstructionMeta(name='int_shove', code_blocks=0), InstructionMeta(name='bool_rot', code_blocks=0), InstructionMeta(name='exec_do_while', code_blocks=1), InstructionMeta(name='int_shove_dup', code_blocks=0), InstructionMeta(name='exec_is_empty', code_blocks=0), InstructionMeta(name='exec_dup_times', code_blocks=1), InstructionMeta(name='exec_do_while', code_blocks=1), InstructionMeta(name='exec_do_count', code_blocks=1), InstructionMeta(name='exec_do_count', code_blocks=1), InstructionMeta(name='vector_int_nth', code_blocks=0), Closer(), InstructionMeta(name='bool_shove_dup', code_blocks=0), InstructionMeta(name='bool_not', code_blocks=0), Closer(), Input(input_index=0), InstructionMeta(name='vector_int_length', code_blocks=0)])
	Program:
	 (bool_yank_dup print_bool int_stack_depth vector_int_but_last bool_and int_flush int_swap int_sub vector_int_yank int_shove int_inc 1 bool_not exec_dup (exec_when (vector_int_first vector_int_first vector_int_pop exec_swap (vector_int_subvec exec_dup (bool_from_int int_yank int_swap) vector_int_rest exec_yank_dup vector_int_rest vector_int_dup_times vector_int_yank_dup exec_do_range (vector_int_eq bool_dup_times bool_xor println_exec int_dec int_yank_dup println_vector_int exec_shove (bool_and vector_int_rest 1 exec_when (int_lt) vector_int_replace int_shove bool_rot exec_do_while (int_shove_dup exec_is_empty exec_dup_times (exec_do_while (exec_do_count (exec_do_count (vector_int_nth) bool_shove_dup bool_not) input_0 vector_int_length)))))) ())))
	Error vector:
	 [ 9.  4.  9.  0.  8.  2.  1.  3.  2.  3.  2. 18.  8. 18.  5. 10.  0.  5.
  6.  0.  2.  4.  5. 26.  2.  1.  7. 18.  1.  6.  4.  0.  7.  1.  2. 10.
 18. 18. 17.  6.  2.  5.  1.  6.  0. 16.  1.  0.  0.  4.  3.  2. 18.  3.
  7.  3.  6. 16.  0.  5. 10.  0.  2.  1.  4. 19.  2.  8. 24.  1.  0.  8.
  4.  5. 23. 18.  0.  1.  4.  0.  0. 27.  1.  3.  7.  7.  3.  1.  0.  9.
  1.  6. 12.  0.  0.  4.  1. 10. 18. 18.  1. 11. 28.  1.  6.  4. 14.  2.
  0.  0.  9.  6.  2. 15.  4.  1.  1.  4.  1. 17.  2. 12.  0.  1.  2.  6.
  3.  3. 18.  0.  0. 18.  1.  6.  0.  1.  4.  0.  3.  3. 16. 16.  4. 10.
  1.  6.  6. 18.  4.  1.  3.  9.  5.  2.  3.  1.  4. 18.  0.  7.  1.  9.
 14.  3.  8.  1. 13.  4. 15.  0.  2.  0.  5. 13. 20.  4. 14. 18.  6.  8.
  5.  1.  1. 17.  2.  1.  3.  3.  0. 17.  1. 16.  0.  2. 18.  8.  5.  3.
  4.  0.]
	Total error:
	 1237.0
	Test error:
	 16848.0
	Time:
	 02:16:10
