Included 32 edge cases.
Included 168 random cases.
Included 200 cases in total.
Finished formatting.
Included 0 edge cases.
Included 2000 random cases.
Included 2000 cases in total.
Finished formatting.
========================================
Setup
========================================
Search Configuration:
signature: ProgramSignature(push_config=PushConfig(runtime_limit=10, collection_size_cap=1000, step_limit=1500, growth_cap=500, numeric_magnitude_limit=1000000000000.0), arity=1, output_stacks=['int'])
evaluator: <pyshgp.gp.evaluation.DatasetEvaluator object at 0x7f0ae695ae50>
spawner: <pyshgp.gp.genome.GeneSpawner object at 0x7f0b259aca30>
population_size: 200
max_generations: 300
error_threshold: 0.0
initial_genome_size: (50, 250)
simplification_steps: 500
parallel_context: <pyshgp.gp.search.ParallelContext object at 0x7f0ae695ab50>
selection: <pyshgp.utils.DiscreteProbDistrib object at 0x7f0ae6a49780>
variation: <pyshgp.utils.DiscreteProbDistrib object at 0x7f0ae6a49580>
Instructions:
int_add, int_sub, int_mult, int_div, int_mod, int_min, int_max, int_inc, int_dec, int_lt, int_lte, int_gt, int_gte, int_from_bool, bool_and, bool_or, bool_not, bool_xor, bool_invert_first_then_and, bool_second_first_then_and, bool_from_int, noop, noop_open, exec_do_range, exec_do_count, exec_while, exec_do_while, exec_if, exec_when, vector_int_concat, vector_int_conj, vector_int_take, vector_int_subvec, vector_int_first, vector_int_last, vector_int_nth, vector_int_rest, vector_int_but_last, vector_int_length, vector_int_reverse, vector_int_push_all, vector_int_empty_vector, vector_int_contains, vector_int_index_of, vector_int_occurrences_of, vector_int_set_nth, vector_int_replace, vector_int_replace_first, vector_int_remove, vector_int_iterate, print_bool, println_bool, print_int, println_int, print_vector_int, println_vector_int, print_exec, println_exec, bool_pop, bool_dup, bool_dup_times, bool_swap, bool_rot, bool_flush, bool_eq, bool_stack_depth, bool_yank, bool_yank_dup, bool_shove, bool_shove_dup, bool_is_empty, int_pop, int_dup, int_dup_times, int_swap, int_rot, int_flush, int_eq, int_stack_depth, int_yank, int_yank_dup, int_shove, int_shove_dup, int_is_empty, vector_int_pop, vector_int_dup, vector_int_dup_times, vector_int_swap, vector_int_rot, vector_int_flush, vector_int_eq, vector_int_stack_depth, vector_int_yank, vector_int_yank_dup, vector_int_shove, vector_int_shove_dup, vector_int_is_empty, exec_pop, exec_dup, exec_dup_times, exec_swap, exec_rot, exec_flush, exec_eq, exec_stack_depth, exec_yank, exec_yank_dup, exec_shove, exec_shove_dup, exec_is_empty
Literals:
[Literal(value=0, push_type=<pyshgp.push.types.PushIntType object at 0x7f0b25afd730>), Literal(value=1, push_type=<pyshgp.push.types.PushIntType object at 0x7f0b25afd730>), Literal(value=2, push_type=<pyshgp.push.types.PushIntType object at 0x7f0b25afd730>)]
ERC Generators:
[<function rand_int at 0x7f0ae7c0f790>]
========================================
Start Run
========================================
2021-12-23 08:50:11.263945 | GENERATION: 1 | ERRORS: best=2015.0, median=200000000.0, diversity=0.11 | INDIVIDUALS: n=200, avg_genome_length=122.395 | VIRUSES: gene_rate=0.000
2021-12-23 08:50:19.583331 | GENERATION: 2 | ERRORS: best=1959.0, median=2281.0, diversity=0.14 | INDIVIDUALS: n=200, avg_genome_length=130.29 | VIRUSES: gene_rate=0.006
2021-12-23 08:50:27.814045 | GENERATION: 3 | ERRORS: best=1959.0, median=2281.0, diversity=0.21 | INDIVIDUALS: n=200, avg_genome_length=127.77 | VIRUSES: gene_rate=0.010
2021-12-23 08:50:35.168505 | GENERATION: 4 | ERRORS: best=1959.0, median=2281.0, diversity=0.285 | INDIVIDUALS: n=200, avg_genome_length=125.27 | VIRUSES: gene_rate=0.016
2021-12-23 08:50:43.604143 | GENERATION: 5 | ERRORS: best=1959.0, median=2446.0, diversity=0.38 | INDIVIDUALS: n=200, avg_genome_length=124.95 | VIRUSES: gene_rate=0.021
2021-12-23 08:50:52.303997 | GENERATION: 6 | ERRORS: best=1959.0, median=2320.5, diversity=0.385 | INDIVIDUALS: n=200, avg_genome_length=124.7 | VIRUSES: gene_rate=0.029
2021-12-23 08:51:00.601270 | GENERATION: 7 | ERRORS: best=1959.0, median=2281.0, diversity=0.435 | INDIVIDUALS: n=200, avg_genome_length=122.445 | VIRUSES: gene_rate=0.033
2021-12-23 08:51:11.388384 | GENERATION: 8 | ERRORS: best=1883.0, median=2281.0, diversity=0.505 | INDIVIDUALS: n=200, avg_genome_length=117.545 | VIRUSES: gene_rate=0.039
2021-12-23 08:51:24.493071 | GENERATION: 9 | ERRORS: best=1883.0, median=12235.5, diversity=0.565 | INDIVIDUALS: n=200, avg_genome_length=117.885 | VIRUSES: gene_rate=0.047
2021-12-23 08:51:45.948824 | GENERATION: 10 | ERRORS: best=1880.0, median=3917.0, diversity=0.54 | INDIVIDUALS: n=200, avg_genome_length=116.145 | VIRUSES: gene_rate=0.050
2021-12-23 08:51:58.012210 | GENERATION: 11 | ERRORS: best=1394.0, median=2548.0, diversity=0.53 | INDIVIDUALS: n=200, avg_genome_length=116.9 | VIRUSES: gene_rate=0.053
2021-12-23 08:52:09.962844 | GENERATION: 12 | ERRORS: best=1394.0, median=3459.5, diversity=0.65 | INDIVIDUALS: n=200, avg_genome_length=116.08 | VIRUSES: gene_rate=0.054
2021-12-23 08:52:21.373635 | GENERATION: 13 | ERRORS: best=1394.0, median=3029.0, diversity=0.65 | INDIVIDUALS: n=200, avg_genome_length=114.185 | VIRUSES: gene_rate=0.058
2021-12-23 08:52:33.091427 | GENERATION: 14 | ERRORS: best=1394.0, median=2281.5, diversity=0.615 | INDIVIDUALS: n=200, avg_genome_length=112.66 | VIRUSES: gene_rate=0.064
2021-12-23 08:52:45.750217 | GENERATION: 15 | ERRORS: best=1398.0, median=4938.0, diversity=0.615 | INDIVIDUALS: n=200, avg_genome_length=111.74 | VIRUSES: gene_rate=0.066
2021-12-23 08:52:59.230905 | GENERATION: 16 | ERRORS: best=1394.0, median=2443.0, diversity=0.62 | INDIVIDUALS: n=200, avg_genome_length=110.91 | VIRUSES: gene_rate=0.067
2021-12-23 08:53:15.624808 | GENERATION: 17 | ERRORS: best=1394.0, median=2975.5, diversity=0.615 | INDIVIDUALS: n=200, avg_genome_length=109.48 | VIRUSES: gene_rate=0.067
2021-12-23 08:53:29.711921 | GENERATION: 18 | ERRORS: best=1394.0, median=31848.5, diversity=0.645 | INDIVIDUALS: n=200, avg_genome_length=109.48 | VIRUSES: gene_rate=0.072
2021-12-23 08:53:43.454705 | GENERATION: 19 | ERRORS: best=1394.0, median=39834.5, diversity=0.68 | INDIVIDUALS: n=200, avg_genome_length=110.545 | VIRUSES: gene_rate=0.072
2021-12-23 08:53:59.273610 | GENERATION: 20 | ERRORS: best=1394.0, median=2281.0, diversity=0.655 | INDIVIDUALS: n=200, avg_genome_length=109.815 | VIRUSES: gene_rate=0.075
2021-12-23 08:54:14.830825 | GENERATION: 21 | ERRORS: best=1394.0, median=3496.0, diversity=0.69 | INDIVIDUALS: n=200, avg_genome_length=109.52 | VIRUSES: gene_rate=0.078
2021-12-23 08:54:28.712977 | GENERATION: 22 | ERRORS: best=1394.0, median=2406.0, diversity=0.625 | INDIVIDUALS: n=200, avg_genome_length=110.81 | VIRUSES: gene_rate=0.074
2021-12-23 08:54:44.888201 | GENERATION: 23 | ERRORS: best=1394.0, median=2284.0, diversity=0.66 | INDIVIDUALS: n=200, avg_genome_length=113.28 | VIRUSES: gene_rate=0.076
2021-12-23 08:55:02.252267 | GENERATION: 24 | ERRORS: best=1399.0, median=34315.5, diversity=0.715 | INDIVIDUALS: n=200, avg_genome_length=112.065 | VIRUSES: gene_rate=0.077
2021-12-23 08:55:18.883123 | GENERATION: 25 | ERRORS: best=1394.0, median=1001931.0, diversity=0.74 | INDIVIDUALS: n=200, avg_genome_length=110.055 | VIRUSES: gene_rate=0.076
2021-12-23 08:55:35.653530 | GENERATION: 26 | ERRORS: best=1394.0, median=86730.5, diversity=0.755 | INDIVIDUALS: n=200, avg_genome_length=110.45 | VIRUSES: gene_rate=0.081
2021-12-23 08:55:51.277112 | GENERATION: 27 | ERRORS: best=1394.0, median=1001955.0, diversity=0.67 | INDIVIDUALS: n=200, avg_genome_length=106.795 | VIRUSES: gene_rate=0.078
2021-12-23 08:56:05.757320 | GENERATION: 28 | ERRORS: best=1394.0, median=23271.5, diversity=0.675 | INDIVIDUALS: n=200, avg_genome_length=105.21 | VIRUSES: gene_rate=0.079
2021-12-23 08:56:19.266964 | GENERATION: 29 | ERRORS: best=1398.0, median=85079.0, diversity=0.65 | INDIVIDUALS: n=200, avg_genome_length=104.705 | VIRUSES: gene_rate=0.080
2021-12-23 08:56:32.955959 | GENERATION: 30 | ERRORS: best=1398.0, median=61092.0, diversity=0.705 | INDIVIDUALS: n=200, avg_genome_length=105.255 | VIRUSES: gene_rate=0.083
2021-12-23 08:56:47.795028 | GENERATION: 31 | ERRORS: best=1394.0, median=49780.0, diversity=0.71 | INDIVIDUALS: n=200, avg_genome_length=104.2 | VIRUSES: gene_rate=0.086
2021-12-23 08:57:05.759680 | GENERATION: 32 | ERRORS: best=1393.0, median=2480.5, diversity=0.725 | INDIVIDUALS: n=200, avg_genome_length=103.35 | VIRUSES: gene_rate=0.086
2021-12-23 08:57:34.921729 | GENERATION: 33 | ERRORS: best=1398.0, median=8404.0, diversity=0.705 | INDIVIDUALS: n=200, avg_genome_length=101.135 | VIRUSES: gene_rate=0.087
2021-12-23 08:57:52.401920 | GENERATION: 34 | ERRORS: best=1398.0, median=1002076.0, diversity=0.765 | INDIVIDUALS: n=200, avg_genome_length=100.775 | VIRUSES: gene_rate=0.091
2021-12-23 08:58:10.200887 | GENERATION: 35 | ERRORS: best=1398.0, median=592899.5, diversity=0.74 | INDIVIDUALS: n=200, avg_genome_length=97.545 | VIRUSES: gene_rate=0.084
2021-12-23 08:58:31.193220 | GENERATION: 36 | ERRORS: best=1398.0, median=43650.0, diversity=0.675 | INDIVIDUALS: n=200, avg_genome_length=100.08 | VIRUSES: gene_rate=0.090
2021-12-23 08:59:13.140568 | GENERATION: 37 | ERRORS: best=1398.0, median=1002034.0, diversity=0.71 | INDIVIDUALS: n=200, avg_genome_length=101.02 | VIRUSES: gene_rate=0.091
2021-12-23 08:59:30.393231 | GENERATION: 38 | ERRORS: best=1393.0, median=48145.5, diversity=0.69 | INDIVIDUALS: n=200, avg_genome_length=99.66 | VIRUSES: gene_rate=0.093
2021-12-23 08:59:46.910409 | GENERATION: 39 | ERRORS: best=1394.0, median=69938.5, diversity=0.7 | INDIVIDUALS: n=200, avg_genome_length=96.33 | VIRUSES: gene_rate=0.097
2021-12-23 09:00:03.458889 | GENERATION: 40 | ERRORS: best=1394.0, median=166000.0, diversity=0.755 | INDIVIDUALS: n=200, avg_genome_length=97.475 | VIRUSES: gene_rate=0.097
2021-12-23 09:00:18.948865 | GENERATION: 41 | ERRORS: best=1394.0, median=2813.0, diversity=0.68 | INDIVIDUALS: n=200, avg_genome_length=94.07 | VIRUSES: gene_rate=0.103
2021-12-23 09:00:34.456570 | GENERATION: 42 | ERRORS: best=1394.0, median=6769.5, diversity=0.685 | INDIVIDUALS: n=200, avg_genome_length=94.68 | VIRUSES: gene_rate=0.102
2021-12-23 09:00:47.955007 | GENERATION: 43 | ERRORS: best=1398.0, median=2281.0, diversity=0.635 | INDIVIDUALS: n=200, avg_genome_length=98.31 | VIRUSES: gene_rate=0.099
2021-12-23 09:00:59.228308 | GENERATION: 44 | ERRORS: best=1395.0, median=2281.0, diversity=0.635 | INDIVIDUALS: n=200, avg_genome_length=99.125 | VIRUSES: gene_rate=0.102
2021-12-23 09:01:09.100218 | GENERATION: 45 | ERRORS: best=1398.0, median=2281.0, diversity=0.635 | INDIVIDUALS: n=200, avg_genome_length=99.18 | VIRUSES: gene_rate=0.102
2021-12-23 09:01:19.495019 | GENERATION: 46 | ERRORS: best=1393.0, median=2281.0, diversity=0.635 | INDIVIDUALS: n=200, avg_genome_length=99.355 | VIRUSES: gene_rate=0.100
2021-12-23 09:01:30.752688 | GENERATION: 47 | ERRORS: best=1394.0, median=2283.5, diversity=0.64 | INDIVIDUALS: n=200, avg_genome_length=98.49 | VIRUSES: gene_rate=0.103
2021-12-23 09:01:40.226657 | GENERATION: 48 | ERRORS: best=1394.0, median=2281.0, diversity=0.615 | INDIVIDUALS: n=200, avg_genome_length=95.185 | VIRUSES: gene_rate=0.105
2021-12-23 09:01:51.450182 | GENERATION: 49 | ERRORS: best=1394.0, median=2217.5, diversity=0.66 | INDIVIDUALS: n=200, avg_genome_length=93.54 | VIRUSES: gene_rate=0.107
2021-12-23 09:02:00.791143 | GENERATION: 50 | ERRORS: best=1398.0, median=2179.5, diversity=0.575 | INDIVIDUALS: n=200, avg_genome_length=95.935 | VIRUSES: gene_rate=0.106
2021-12-23 09:02:09.798032 | GENERATION: 51 | ERRORS: best=1398.0, median=2281.0, diversity=0.58 | INDIVIDUALS: n=200, avg_genome_length=95.45 | VIRUSES: gene_rate=0.106
2021-12-23 09:02:26.096717 | GENERATION: 52 | ERRORS: best=1398.0, median=2281.0, diversity=0.66 | INDIVIDUALS: n=200, avg_genome_length=92.98 | VIRUSES: gene_rate=0.107
2021-12-23 09:02:37.738505 | GENERATION: 53 | ERRORS: best=1398.0, median=3827.0, diversity=0.67 | INDIVIDUALS: n=200, avg_genome_length=92.325 | VIRUSES: gene_rate=0.112
2021-12-23 09:02:49.142999 | GENERATION: 54 | ERRORS: best=1398.0, median=2519.5, diversity=0.645 | INDIVIDUALS: n=200, avg_genome_length=89.55 | VIRUSES: gene_rate=0.117
2021-12-23 09:03:02.224018 | GENERATION: 55 | ERRORS: best=1394.0, median=2281.0, diversity=0.685 | INDIVIDUALS: n=200, avg_genome_length=86.115 | VIRUSES: gene_rate=0.128
2021-12-23 09:03:13.753044 | GENERATION: 56 | ERRORS: best=1394.0, median=2281.0, diversity=0.605 | INDIVIDUALS: n=200, avg_genome_length=88.245 | VIRUSES: gene_rate=0.123
2021-12-23 09:03:26.132695 | GENERATION: 57 | ERRORS: best=1388.0, median=2281.0, diversity=0.62 | INDIVIDUALS: n=200, avg_genome_length=89.42 | VIRUSES: gene_rate=0.116
2021-12-23 09:03:37.696517 | GENERATION: 58 | ERRORS: best=1389.0, median=2281.0, diversity=0.67 | INDIVIDUALS: n=200, avg_genome_length=88.335 | VIRUSES: gene_rate=0.114
2021-12-23 09:03:47.966299 | GENERATION: 59 | ERRORS: best=1394.0, median=2281.0, diversity=0.645 | INDIVIDUALS: n=200, avg_genome_length=86.18 | VIRUSES: gene_rate=0.116
2021-12-23 09:03:58.667200 | GENERATION: 60 | ERRORS: best=1394.0, median=2285.0, diversity=0.685 | INDIVIDUALS: n=200, avg_genome_length=87.475 | VIRUSES: gene_rate=0.116
2021-12-23 09:04:11.279420 | GENERATION: 61 | ERRORS: best=1394.0, median=2281.0, diversity=0.65 | INDIVIDUALS: n=200, avg_genome_length=83.215 | VIRUSES: gene_rate=0.120
2021-12-23 09:04:21.242501 | GENERATION: 62 | ERRORS: best=1394.0, median=2281.0, diversity=0.725 | INDIVIDUALS: n=200, avg_genome_length=84.365 | VIRUSES: gene_rate=0.119
2021-12-23 09:04:34.585519 | GENERATION: 63 | ERRORS: best=1398.0, median=2271.0, diversity=0.655 | INDIVIDUALS: n=200, avg_genome_length=84.44 | VIRUSES: gene_rate=0.121
2021-12-23 09:04:47.350654 | GENERATION: 64 | ERRORS: best=1428.0, median=2281.0, diversity=0.745 | INDIVIDUALS: n=200, avg_genome_length=81.565 | VIRUSES: gene_rate=0.124
2021-12-23 09:05:08.763321 | GENERATION: 65 | ERRORS: best=1399.0, median=2281.0, diversity=0.725 | INDIVIDUALS: n=200, avg_genome_length=81.97 | VIRUSES: gene_rate=0.124
2021-12-23 09:05:21.596553 | GENERATION: 66 | ERRORS: best=1394.0, median=2281.0, diversity=0.68 | INDIVIDUALS: n=200, avg_genome_length=84.26 | VIRUSES: gene_rate=0.122
2021-12-23 09:05:35.221348 | GENERATION: 67 | ERRORS: best=1407.0, median=2281.0, diversity=0.72 | INDIVIDUALS: n=200, avg_genome_length=86.215 | VIRUSES: gene_rate=0.121
2021-12-23 09:05:46.210999 | GENERATION: 68 | ERRORS: best=1395.0, median=2229.5, diversity=0.74 | INDIVIDUALS: n=200, avg_genome_length=86.1 | VIRUSES: gene_rate=0.122
2021-12-23 09:05:58.119844 | GENERATION: 69 | ERRORS: best=1401.0, median=11957.0, diversity=0.75 | INDIVIDUALS: n=200, avg_genome_length=84.49 | VIRUSES: gene_rate=0.122
2021-12-23 09:06:11.456698 | GENERATION: 70 | ERRORS: best=1399.0, median=2281.5, diversity=0.735 | INDIVIDUALS: n=200, avg_genome_length=89.66 | VIRUSES: gene_rate=0.112
2021-12-23 09:06:25.344363 | GENERATION: 71 | ERRORS: best=1393.0, median=13428.5, diversity=0.735 | INDIVIDUALS: n=200, avg_genome_length=89.225 | VIRUSES: gene_rate=0.115
2021-12-23 09:06:37.915969 | GENERATION: 72 | ERRORS: best=1394.0, median=40679.5, diversity=0.69 | INDIVIDUALS: n=200, avg_genome_length=87.88 | VIRUSES: gene_rate=0.116
2021-12-23 09:06:47.758271 | GENERATION: 73 | ERRORS: best=1400.0, median=32515.5, diversity=0.735 | INDIVIDUALS: n=200, avg_genome_length=92.97 | VIRUSES: gene_rate=0.116
2021-12-23 09:06:58.293156 | GENERATION: 74 | ERRORS: best=917.0, median=2281.0, diversity=0.705 | INDIVIDUALS: n=200, avg_genome_length=92.525 | VIRUSES: gene_rate=0.120
2021-12-23 09:07:11.733512 | GENERATION: 75 | ERRORS: best=917.0, median=2544.5, diversity=0.655 | INDIVIDUALS: n=200, avg_genome_length=91.7 | VIRUSES: gene_rate=0.123
2021-12-23 09:07:21.799508 | GENERATION: 76 | ERRORS: best=917.0, median=2282.5, diversity=0.69 | INDIVIDUALS: n=200, avg_genome_length=92.37 | VIRUSES: gene_rate=0.124
2021-12-23 09:07:35.083644 | GENERATION: 77 | ERRORS: best=917.0, median=2281.0, diversity=0.665 | INDIVIDUALS: n=200, avg_genome_length=92.475 | VIRUSES: gene_rate=0.122
2021-12-23 09:07:45.485597 | GENERATION: 78 | ERRORS: best=917.0, median=2281.0, diversity=0.68 | INDIVIDUALS: n=200, avg_genome_length=93.435 | VIRUSES: gene_rate=0.121
2021-12-23 09:07:57.986786 | GENERATION: 79 | ERRORS: best=917.0, median=2281.0, diversity=0.7 | INDIVIDUALS: n=200, avg_genome_length=89.64 | VIRUSES: gene_rate=0.125
2021-12-23 09:08:06.878541 | GENERATION: 80 | ERRORS: best=917.0, median=2239.5, diversity=0.71 | INDIVIDUALS: n=200, avg_genome_length=88.01 | VIRUSES: gene_rate=0.123
2021-12-23 09:08:18.102019 | GENERATION: 81 | ERRORS: best=1041.0, median=2281.0, diversity=0.7 | INDIVIDUALS: n=200, avg_genome_length=89.02 | VIRUSES: gene_rate=0.119
2021-12-23 09:08:27.748448 | GENERATION: 82 | ERRORS: best=1041.0, median=2281.0, diversity=0.65 | INDIVIDUALS: n=200, avg_genome_length=88.685 | VIRUSES: gene_rate=0.118
2021-12-23 09:08:40.820912 | GENERATION: 83 | ERRORS: best=1140.0, median=2281.0, diversity=0.73 | INDIVIDUALS: n=200, avg_genome_length=89.685 | VIRUSES: gene_rate=0.114
2021-12-23 09:08:51.332181 | GENERATION: 84 | ERRORS: best=934.0, median=2281.0, diversity=0.7 | INDIVIDUALS: n=200, avg_genome_length=89.6 | VIRUSES: gene_rate=0.118
2021-12-23 09:09:01.435594 | GENERATION: 85 | ERRORS: best=934.0, median=3029.0, diversity=0.72 | INDIVIDUALS: n=200, avg_genome_length=91.025 | VIRUSES: gene_rate=0.111
2021-12-23 09:09:20.940596 | GENERATION: 86 | ERRORS: best=934.0, median=2281.0, diversity=0.675 | INDIVIDUALS: n=200, avg_genome_length=88.6 | VIRUSES: gene_rate=0.107
2021-12-23 09:09:32.070503 | GENERATION: 87 | ERRORS: best=933.0, median=2281.0, diversity=0.705 | INDIVIDUALS: n=200, avg_genome_length=88.325 | VIRUSES: gene_rate=0.105
2021-12-23 09:09:41.591159 | GENERATION: 88 | ERRORS: best=932.0, median=2281.0, diversity=0.625 | INDIVIDUALS: n=200, avg_genome_length=88.155 | VIRUSES: gene_rate=0.109
2021-12-23 09:09:52.748231 | GENERATION: 89 | ERRORS: best=885.0, median=2281.0, diversity=0.64 | INDIVIDUALS: n=200, avg_genome_length=88.23 | VIRUSES: gene_rate=0.108
2021-12-23 09:10:02.468038 | GENERATION: 90 | ERRORS: best=899.0, median=2281.0, diversity=0.655 | INDIVIDUALS: n=200, avg_genome_length=84.87 | VIRUSES: gene_rate=0.106
2021-12-23 09:10:11.061021 | GENERATION: 91 | ERRORS: best=953.0, median=2281.0, diversity=0.655 | INDIVIDUALS: n=200, avg_genome_length=87.83 | VIRUSES: gene_rate=0.103
2021-12-23 09:10:23.719840 | GENERATION: 92 | ERRORS: best=915.0, median=2281.0, diversity=0.66 | INDIVIDUALS: n=200, avg_genome_length=88.22 | VIRUSES: gene_rate=0.105
2021-12-23 09:10:33.245033 | GENERATION: 93 | ERRORS: best=952.0, median=2185.0, diversity=0.665 | INDIVIDUALS: n=200, avg_genome_length=89.775 | VIRUSES: gene_rate=0.105
2021-12-23 09:10:52.255930 | GENERATION: 94 | ERRORS: best=952.0, median=2281.0, diversity=0.655 | INDIVIDUALS: n=200, avg_genome_length=85.945 | VIRUSES: gene_rate=0.103
2021-12-23 09:11:03.425976 | GENERATION: 95 | ERRORS: best=936.0, median=3316.5, diversity=0.755 | INDIVIDUALS: n=200, avg_genome_length=88.79 | VIRUSES: gene_rate=0.105
2021-12-23 09:11:13.470881 | GENERATION: 96 | ERRORS: best=934.0, median=2281.0, diversity=0.705 | INDIVIDUALS: n=200, avg_genome_length=88.52 | VIRUSES: gene_rate=0.103
2021-12-23 09:11:25.861524 | GENERATION: 97 | ERRORS: best=983.0, median=2281.0, diversity=0.665 | INDIVIDUALS: n=200, avg_genome_length=88.84 | VIRUSES: gene_rate=0.098
2021-12-23 09:11:36.119157 | GENERATION: 98 | ERRORS: best=966.0, median=2281.5, diversity=0.745 | INDIVIDUALS: n=200, avg_genome_length=90.7 | VIRUSES: gene_rate=0.099
2021-12-23 09:11:46.977386 | GENERATION: 99 | ERRORS: best=1003.0, median=2281.0, diversity=0.705 | INDIVIDUALS: n=200, avg_genome_length=90.89 | VIRUSES: gene_rate=0.103
2021-12-23 09:11:58.030665 | GENERATION: 100 | ERRORS: best=1307.0, median=2483.0, diversity=0.685 | INDIVIDUALS: n=200, avg_genome_length=85.725 | VIRUSES: gene_rate=0.107
2021-12-23 09:12:08.676301 | GENERATION: 101 | ERRORS: best=1307.0, median=2281.0, diversity=0.655 | INDIVIDUALS: n=200, avg_genome_length=84.595 | VIRUSES: gene_rate=0.108
2021-12-23 09:12:18.282510 | GENERATION: 102 | ERRORS: best=1307.0, median=2159.5, diversity=0.64 | INDIVIDUALS: n=200, avg_genome_length=82.715 | VIRUSES: gene_rate=0.105
2021-12-23 09:12:28.113151 | GENERATION: 103 | ERRORS: best=1307.0, median=2394.0, diversity=0.715 | INDIVIDUALS: n=200, avg_genome_length=80.41 | VIRUSES: gene_rate=0.107
2021-12-23 09:12:37.289006 | GENERATION: 104 | ERRORS: best=1307.0, median=2281.0, diversity=0.625 | INDIVIDUALS: n=200, avg_genome_length=76.525 | VIRUSES: gene_rate=0.110
2021-12-23 09:12:47.131129 | GENERATION: 105 | ERRORS: best=1307.0, median=2174.5, diversity=0.68 | INDIVIDUALS: n=200, avg_genome_length=75.735 | VIRUSES: gene_rate=0.109
2021-12-23 09:12:59.048532 | GENERATION: 106 | ERRORS: best=1307.0, median=2281.0, diversity=0.73 | INDIVIDUALS: n=200, avg_genome_length=76.85 | VIRUSES: gene_rate=0.110
2021-12-23 09:13:11.692677 | GENERATION: 107 | ERRORS: best=1422.0, median=2281.0, diversity=0.7 | INDIVIDUALS: n=200, avg_genome_length=75.545 | VIRUSES: gene_rate=0.116
2021-12-23 09:13:20.328680 | GENERATION: 108 | ERRORS: best=1422.0, median=2281.0, diversity=0.71 | INDIVIDUALS: n=200, avg_genome_length=72.75 | VIRUSES: gene_rate=0.118
2021-12-23 09:13:29.294631 | GENERATION: 109 | ERRORS: best=1307.0, median=2281.0, diversity=0.7 | INDIVIDUALS: n=200, avg_genome_length=70.84 | VIRUSES: gene_rate=0.120
2021-12-23 09:13:39.056149 | GENERATION: 110 | ERRORS: best=1307.0, median=2281.0, diversity=0.665 | INDIVIDUALS: n=200, avg_genome_length=68.17 | VIRUSES: gene_rate=0.126
2021-12-23 09:13:48.817946 | GENERATION: 111 | ERRORS: best=1307.0, median=2281.0, diversity=0.68 | INDIVIDUALS: n=200, avg_genome_length=62.49 | VIRUSES: gene_rate=0.139
2021-12-23 09:13:57.583033 | GENERATION: 112 | ERRORS: best=1307.0, median=2281.0, diversity=0.645 | INDIVIDUALS: n=200, avg_genome_length=59.2 | VIRUSES: gene_rate=0.139
2021-12-23 09:14:05.872545 | GENERATION: 113 | ERRORS: best=1307.0, median=2197.5, diversity=0.585 | INDIVIDUALS: n=200, avg_genome_length=59.465 | VIRUSES: gene_rate=0.141
2021-12-23 09:14:13.842591 | GENERATION: 114 | ERRORS: best=1307.0, median=2159.0, diversity=0.61 | INDIVIDUALS: n=200, avg_genome_length=58.8 | VIRUSES: gene_rate=0.140
2021-12-23 09:14:24.357169 | GENERATION: 115 | ERRORS: best=1307.0, median=2281.0, diversity=0.58 | INDIVIDUALS: n=200, avg_genome_length=58.85 | VIRUSES: gene_rate=0.141
2021-12-23 09:14:34.822051 | GENERATION: 116 | ERRORS: best=1307.0, median=2281.0, diversity=0.605 | INDIVIDUALS: n=200, avg_genome_length=58.855 | VIRUSES: gene_rate=0.149
2021-12-23 09:14:44.842061 | GENERATION: 117 | ERRORS: best=1307.0, median=2281.0, diversity=0.675 | INDIVIDUALS: n=200, avg_genome_length=59.11 | VIRUSES: gene_rate=0.154
2021-12-23 09:14:56.295685 | GENERATION: 118 | ERRORS: best=1307.0, median=2281.0, diversity=0.71 | INDIVIDUALS: n=200, avg_genome_length=58.81 | VIRUSES: gene_rate=0.149
2021-12-23 09:15:08.413734 | GENERATION: 119 | ERRORS: best=1307.0, median=2281.0, diversity=0.7 | INDIVIDUALS: n=200, avg_genome_length=60.17 | VIRUSES: gene_rate=0.150
2021-12-23 09:15:19.137524 | GENERATION: 120 | ERRORS: best=1307.0, median=2281.0, diversity=0.72 | INDIVIDUALS: n=200, avg_genome_length=59.69 | VIRUSES: gene_rate=0.153
2021-12-23 09:15:31.031422 | GENERATION: 121 | ERRORS: best=1307.0, median=2281.0, diversity=0.74 | INDIVIDUALS: n=200, avg_genome_length=59.89 | VIRUSES: gene_rate=0.151
2021-12-23 09:15:41.520977 | GENERATION: 122 | ERRORS: best=1307.0, median=2172.5, diversity=0.72 | INDIVIDUALS: n=200, avg_genome_length=62.055 | VIRUSES: gene_rate=0.147
2021-12-23 09:15:51.003760 | GENERATION: 123 | ERRORS: best=1307.0, median=2281.0, diversity=0.715 | INDIVIDUALS: n=200, avg_genome_length=62.54 | VIRUSES: gene_rate=0.147
2021-12-23 09:16:01.785733 | GENERATION: 124 | ERRORS: best=1307.0, median=2281.0, diversity=0.71 | INDIVIDUALS: n=200, avg_genome_length=61.33 | VIRUSES: gene_rate=0.139
2021-12-23 09:16:12.361517 | GENERATION: 125 | ERRORS: best=1307.0, median=2281.0, diversity=0.685 | INDIVIDUALS: n=200, avg_genome_length=63.225 | VIRUSES: gene_rate=0.137
2021-12-23 09:16:23.972489 | GENERATION: 126 | ERRORS: best=1307.0, median=2159.0, diversity=0.67 | INDIVIDUALS: n=200, avg_genome_length=59.02 | VIRUSES: gene_rate=0.135
2021-12-23 09:16:33.727392 | GENERATION: 127 | ERRORS: best=1307.0, median=2281.0, diversity=0.695 | INDIVIDUALS: n=200, avg_genome_length=57.115 | VIRUSES: gene_rate=0.143
2021-12-23 09:16:43.973607 | GENERATION: 128 | ERRORS: best=1307.0, median=2282.0, diversity=0.705 | INDIVIDUALS: n=200, avg_genome_length=56.155 | VIRUSES: gene_rate=0.140
2021-12-23 09:16:52.493798 | GENERATION: 129 | ERRORS: best=1307.0, median=2281.0, diversity=0.605 | INDIVIDUALS: n=200, avg_genome_length=54.185 | VIRUSES: gene_rate=0.135
2021-12-23 09:17:03.104776 | GENERATION: 130 | ERRORS: best=1307.0, median=2281.0, diversity=0.645 | INDIVIDUALS: n=200, avg_genome_length=52.525 | VIRUSES: gene_rate=0.146
2021-12-23 09:17:12.623060 | GENERATION: 131 | ERRORS: best=1307.0, median=2281.0, diversity=0.63 | INDIVIDUALS: n=200, avg_genome_length=51.43 | VIRUSES: gene_rate=0.144
2021-12-23 09:17:22.409873 | GENERATION: 132 | ERRORS: best=1307.0, median=2281.0, diversity=0.64 | INDIVIDUALS: n=200, avg_genome_length=51.21 | VIRUSES: gene_rate=0.142
2021-12-23 09:17:31.959495 | GENERATION: 133 | ERRORS: best=1307.0, median=2281.0, diversity=0.64 | INDIVIDUALS: n=200, avg_genome_length=50.96 | VIRUSES: gene_rate=0.138
2021-12-23 09:17:40.461320 | GENERATION: 134 | ERRORS: best=1307.0, median=2281.0, diversity=0.635 | INDIVIDUALS: n=200, avg_genome_length=48.06 | VIRUSES: gene_rate=0.151
2021-12-23 09:17:50.725571 | GENERATION: 135 | ERRORS: best=1307.0, median=2281.0, diversity=0.64 | INDIVIDUALS: n=200, avg_genome_length=46.54 | VIRUSES: gene_rate=0.153
2021-12-23 09:17:59.322471 | GENERATION: 136 | ERRORS: best=1307.0, median=2281.0, diversity=0.65 | INDIVIDUALS: n=200, avg_genome_length=47.215 | VIRUSES: gene_rate=0.154
2021-12-23 09:18:08.210830 | GENERATION: 137 | ERRORS: best=1307.0, median=2281.0, diversity=0.615 | INDIVIDUALS: n=200, avg_genome_length=46.46 | VIRUSES: gene_rate=0.159
2021-12-23 09:18:18.521954 | GENERATION: 138 | ERRORS: best=1307.0, median=2281.0, diversity=0.675 | INDIVIDUALS: n=200, avg_genome_length=45.995 | VIRUSES: gene_rate=0.156
2021-12-23 09:18:27.913603 | GENERATION: 139 | ERRORS: best=1307.0, median=2281.0, diversity=0.64 | INDIVIDUALS: n=200, avg_genome_length=45.31 | VIRUSES: gene_rate=0.157
2021-12-23 09:18:41.170604 | GENERATION: 140 | ERRORS: best=1307.0, median=2281.0, diversity=0.655 | INDIVIDUALS: n=200, avg_genome_length=43.3 | VIRUSES: gene_rate=0.164
2021-12-23 09:18:50.377406 | GENERATION: 141 | ERRORS: best=1307.0, median=2281.0, diversity=0.64 | INDIVIDUALS: n=200, avg_genome_length=42.52 | VIRUSES: gene_rate=0.162
2021-12-23 09:19:01.382122 | GENERATION: 142 | ERRORS: best=1307.0, median=2281.0, diversity=0.7 | INDIVIDUALS: n=200, avg_genome_length=43.91 | VIRUSES: gene_rate=0.166
2021-12-23 09:19:09.136167 | GENERATION: 143 | ERRORS: best=1307.0, median=2281.0, diversity=0.65 | INDIVIDUALS: n=200, avg_genome_length=44.8 | VIRUSES: gene_rate=0.165
2021-12-23 09:19:17.694752 | GENERATION: 144 | ERRORS: best=1307.0, median=2276.0, diversity=0.67 | INDIVIDUALS: n=200, avg_genome_length=47.4 | VIRUSES: gene_rate=0.169
2021-12-23 09:19:26.887616 | GENERATION: 145 | ERRORS: best=1307.0, median=2279.0, diversity=0.67 | INDIVIDUALS: n=200, avg_genome_length=48.28 | VIRUSES: gene_rate=0.170
2021-12-23 09:19:34.834274 | GENERATION: 146 | ERRORS: best=1307.0, median=2271.0, diversity=0.715 | INDIVIDUALS: n=200, avg_genome_length=49.85 | VIRUSES: gene_rate=0.168
2021-12-23 09:19:44.268011 | GENERATION: 147 | ERRORS: best=1307.0, median=2177.0, diversity=0.725 | INDIVIDUALS: n=200, avg_genome_length=50.175 | VIRUSES: gene_rate=0.178
2021-12-23 09:20:01.533010 | GENERATION: 148 | ERRORS: best=1339.0, median=2159.0, diversity=0.645 | INDIVIDUALS: n=200, avg_genome_length=50.105 | VIRUSES: gene_rate=0.169
2021-12-23 09:20:10.001626 | GENERATION: 149 | ERRORS: best=1307.0, median=2262.0, diversity=0.69 | INDIVIDUALS: n=200, avg_genome_length=51.16 | VIRUSES: gene_rate=0.171
2021-12-23 09:20:19.567997 | GENERATION: 150 | ERRORS: best=1307.0, median=2126.5, diversity=0.665 | INDIVIDUALS: n=200, avg_genome_length=50.155 | VIRUSES: gene_rate=0.168
2021-12-23 09:20:28.491186 | GENERATION: 151 | ERRORS: best=1307.0, median=2174.0, diversity=0.605 | INDIVIDUALS: n=200, avg_genome_length=50.77 | VIRUSES: gene_rate=0.168
2021-12-23 09:20:38.470420 | GENERATION: 152 | ERRORS: best=1307.0, median=2281.0, diversity=0.675 | INDIVIDUALS: n=200, avg_genome_length=54.215 | VIRUSES: gene_rate=0.162
2021-12-23 09:20:47.063100 | GENERATION: 153 | ERRORS: best=1307.0, median=2281.0, diversity=0.64 | INDIVIDUALS: n=200, avg_genome_length=53.42 | VIRUSES: gene_rate=0.170
2021-12-23 09:20:57.405815 | GENERATION: 154 | ERRORS: best=1307.0, median=2159.0, diversity=0.635 | INDIVIDUALS: n=200, avg_genome_length=56.145 | VIRUSES: gene_rate=0.161
2021-12-23 09:21:07.647682 | GENERATION: 155 | ERRORS: best=1307.0, median=2281.0, diversity=0.715 | INDIVIDUALS: n=200, avg_genome_length=55.36 | VIRUSES: gene_rate=0.167
2021-12-23 09:21:17.347172 | GENERATION: 156 | ERRORS: best=1307.0, median=2281.0, diversity=0.665 | INDIVIDUALS: n=200, avg_genome_length=55.765 | VIRUSES: gene_rate=0.173
2021-12-23 09:21:25.957147 | GENERATION: 157 | ERRORS: best=1307.0, median=2260.0, diversity=0.62 | INDIVIDUALS: n=200, avg_genome_length=54.33 | VIRUSES: gene_rate=0.176
2021-12-23 09:21:36.007982 | GENERATION: 158 | ERRORS: best=1307.0, median=2281.0, diversity=0.66 | INDIVIDUALS: n=200, avg_genome_length=54.435 | VIRUSES: gene_rate=0.178
2021-12-23 09:21:43.369563 | GENERATION: 159 | ERRORS: best=1307.0, median=2253.5, diversity=0.655 | INDIVIDUALS: n=200, avg_genome_length=54.525 | VIRUSES: gene_rate=0.182
2021-12-23 09:21:52.659072 | GENERATION: 160 | ERRORS: best=1307.0, median=2281.0, diversity=0.62 | INDIVIDUALS: n=200, avg_genome_length=53.695 | VIRUSES: gene_rate=0.188
2021-12-23 09:22:00.280938 | GENERATION: 161 | ERRORS: best=1307.0, median=2174.5, diversity=0.63 | INDIVIDUALS: n=200, avg_genome_length=54.81 | VIRUSES: gene_rate=0.182
2021-12-23 09:22:08.602881 | GENERATION: 162 | ERRORS: best=1307.0, median=2281.0, diversity=0.61 | INDIVIDUALS: n=200, avg_genome_length=50.96 | VIRUSES: gene_rate=0.185
2021-12-23 09:22:16.514018 | GENERATION: 163 | ERRORS: best=1307.0, median=2270.0, diversity=0.57 | INDIVIDUALS: n=200, avg_genome_length=49.5 | VIRUSES: gene_rate=0.187
2021-12-23 09:22:25.072396 | GENERATION: 164 | ERRORS: best=1307.0, median=2281.0, diversity=0.55 | INDIVIDUALS: n=200, avg_genome_length=48.485 | VIRUSES: gene_rate=0.175
2021-12-23 09:22:35.396096 | GENERATION: 165 | ERRORS: best=1307.0, median=2281.0, diversity=0.635 | INDIVIDUALS: n=200, avg_genome_length=49.405 | VIRUSES: gene_rate=0.175
2021-12-23 09:22:45.279233 | GENERATION: 166 | ERRORS: best=1307.0, median=2281.0, diversity=0.67 | INDIVIDUALS: n=200, avg_genome_length=45.65 | VIRUSES: gene_rate=0.184
2021-12-23 09:22:53.947541 | GENERATION: 167 | ERRORS: best=1307.0, median=2159.0, diversity=0.605 | INDIVIDUALS: n=200, avg_genome_length=45.2 | VIRUSES: gene_rate=0.183
2021-12-23 09:23:04.988442 | GENERATION: 168 | ERRORS: best=1307.0, median=2281.0, diversity=0.635 | INDIVIDUALS: n=200, avg_genome_length=44.665 | VIRUSES: gene_rate=0.182
2021-12-23 09:23:16.458010 | GENERATION: 169 | ERRORS: best=1307.0, median=2281.0, diversity=0.685 | INDIVIDUALS: n=200, avg_genome_length=42.63 | VIRUSES: gene_rate=0.187
2021-12-23 09:23:25.325342 | GENERATION: 170 | ERRORS: best=1307.0, median=2281.0, diversity=0.675 | INDIVIDUALS: n=200, avg_genome_length=42.315 | VIRUSES: gene_rate=0.188
2021-12-23 09:23:33.868240 | GENERATION: 171 | ERRORS: best=1307.0, median=2281.0, diversity=0.6 | INDIVIDUALS: n=200, avg_genome_length=41.06 | VIRUSES: gene_rate=0.184
2021-12-23 09:23:41.451825 | GENERATION: 172 | ERRORS: best=1307.0, median=2281.0, diversity=0.65 | INDIVIDUALS: n=200, avg_genome_length=44.015 | VIRUSES: gene_rate=0.177
2021-12-23 09:23:48.935843 | GENERATION: 173 | ERRORS: best=1307.0, median=2281.0, diversity=0.63 | INDIVIDUALS: n=200, avg_genome_length=40.38 | VIRUSES: gene_rate=0.189
2021-12-23 09:23:57.799225 | GENERATION: 174 | ERRORS: best=1307.0, median=2273.5, diversity=0.67 | INDIVIDUALS: n=200, avg_genome_length=41.615 | VIRUSES: gene_rate=0.188
2021-12-23 09:24:03.955769 | GENERATION: 175 | ERRORS: best=1307.0, median=2183.5, diversity=0.665 | INDIVIDUALS: n=200, avg_genome_length=39.045 | VIRUSES: gene_rate=0.196
2021-12-23 09:24:11.053543 | GENERATION: 176 | ERRORS: best=1307.0, median=2281.0, diversity=0.63 | INDIVIDUALS: n=200, avg_genome_length=41.6 | VIRUSES: gene_rate=0.172
2021-12-23 09:24:18.888198 | GENERATION: 177 | ERRORS: best=1307.0, median=2200.5, diversity=0.635 | INDIVIDUALS: n=200, avg_genome_length=42.025 | VIRUSES: gene_rate=0.170
2021-12-23 09:24:27.036895 | GENERATION: 178 | ERRORS: best=1469.0, median=2281.0, diversity=0.635 | INDIVIDUALS: n=200, avg_genome_length=40.605 | VIRUSES: gene_rate=0.166
2021-12-23 09:24:45.100793 | GENERATION: 179 | ERRORS: best=1507.0, median=2281.0, diversity=0.645 | INDIVIDUALS: n=200, avg_genome_length=37.73 | VIRUSES: gene_rate=0.162
2021-12-23 09:24:52.471007 | GENERATION: 180 | ERRORS: best=1507.0, median=2281.0, diversity=0.665 | INDIVIDUALS: n=200, avg_genome_length=35.6 | VIRUSES: gene_rate=0.170
2021-12-23 09:24:59.129889 | GENERATION: 181 | ERRORS: best=1507.0, median=2281.0, diversity=0.65 | INDIVIDUALS: n=200, avg_genome_length=34.63 | VIRUSES: gene_rate=0.175
2021-12-23 09:25:19.930686 | GENERATION: 182 | ERRORS: best=1507.0, median=2281.0, diversity=0.655 | INDIVIDUALS: n=200, avg_genome_length=34.595 | VIRUSES: gene_rate=0.181
2021-12-23 09:25:24.051720 | GENERATION: 183 | ERRORS: best=1460.0, median=2281.0, diversity=0.665 | INDIVIDUALS: n=200, avg_genome_length=34.15 | VIRUSES: gene_rate=0.179
2021-12-23 09:25:29.395957 | GENERATION: 184 | ERRORS: best=1460.0, median=2281.0, diversity=0.585 | INDIVIDUALS: n=200, avg_genome_length=30.695 | VIRUSES: gene_rate=0.188
2021-12-23 09:25:34.826900 | GENERATION: 185 | ERRORS: best=1460.0, median=2281.0, diversity=0.62 | INDIVIDUALS: n=200, avg_genome_length=32.005 | VIRUSES: gene_rate=0.186
2021-12-23 09:25:41.201799 | GENERATION: 186 | ERRORS: best=1307.0, median=2281.0, diversity=0.68 | INDIVIDUALS: n=200, avg_genome_length=29.775 | VIRUSES: gene_rate=0.195
2021-12-23 09:25:47.867974 | GENERATION: 187 | ERRORS: best=1307.0, median=2281.0, diversity=0.66 | INDIVIDUALS: n=200, avg_genome_length=28.47 | VIRUSES: gene_rate=0.220
2021-12-23 09:25:55.308667 | GENERATION: 188 | ERRORS: best=1307.0, median=2281.0, diversity=0.645 | INDIVIDUALS: n=200, avg_genome_length=27.57 | VIRUSES: gene_rate=0.228
2021-12-23 09:26:02.158159 | GENERATION: 189 | ERRORS: best=1307.0, median=2217.5, diversity=0.595 | INDIVIDUALS: n=200, avg_genome_length=28.86 | VIRUSES: gene_rate=0.241
2021-12-23 09:26:09.499701 | GENERATION: 190 | ERRORS: best=1307.0, median=2281.0, diversity=0.655 | INDIVIDUALS: n=200, avg_genome_length=31.07 | VIRUSES: gene_rate=0.242
2021-12-23 09:26:14.956037 | GENERATION: 191 | ERRORS: best=1307.0, median=2281.0, diversity=0.64 | INDIVIDUALS: n=200, avg_genome_length=32.485 | VIRUSES: gene_rate=0.229
2021-12-23 09:26:22.028125 | GENERATION: 192 | ERRORS: best=1307.0, median=2281.0, diversity=0.655 | INDIVIDUALS: n=200, avg_genome_length=34.37 | VIRUSES: gene_rate=0.223
2021-12-23 09:26:28.150553 | GENERATION: 193 | ERRORS: best=1307.0, median=2273.0, diversity=0.595 | INDIVIDUALS: n=200, avg_genome_length=34.415 | VIRUSES: gene_rate=0.222
2021-12-23 09:26:34.650800 | GENERATION: 194 | ERRORS: best=1307.0, median=2170.0, diversity=0.61 | INDIVIDUALS: n=200, avg_genome_length=34.17 | VIRUSES: gene_rate=0.223
2021-12-23 09:26:40.604615 | GENERATION: 195 | ERRORS: best=1307.0, median=2281.0, diversity=0.69 | INDIVIDUALS: n=200, avg_genome_length=33.395 | VIRUSES: gene_rate=0.218
2021-12-23 09:26:47.096122 | GENERATION: 196 | ERRORS: best=1307.0, median=2281.0, diversity=0.64 | INDIVIDUALS: n=200, avg_genome_length=33.29 | VIRUSES: gene_rate=0.215
2021-12-23 09:26:53.590872 | GENERATION: 197 | ERRORS: best=1307.0, median=2159.0, diversity=0.61 | INDIVIDUALS: n=200, avg_genome_length=31.18 | VIRUSES: gene_rate=0.225
2021-12-23 09:26:58.889146 | GENERATION: 198 | ERRORS: best=1307.0, median=2249.0, diversity=0.64 | INDIVIDUALS: n=200, avg_genome_length=30.91 | VIRUSES: gene_rate=0.231
2021-12-23 09:27:05.965072 | GENERATION: 199 | ERRORS: best=1307.0, median=2281.0, diversity=0.68 | INDIVIDUALS: n=200, avg_genome_length=33.57 | VIRUSES: gene_rate=0.224
2021-12-23 09:27:12.545516 | GENERATION: 200 | ERRORS: best=1195.0, median=2281.0, diversity=0.67 | INDIVIDUALS: n=200, avg_genome_length=34.655 | VIRUSES: gene_rate=0.215
2021-12-23 09:27:20.814585 | GENERATION: 201 | ERRORS: best=1307.0, median=2262.0, diversity=0.64 | INDIVIDUALS: n=200, avg_genome_length=35.625 | VIRUSES: gene_rate=0.220
2021-12-23 09:27:27.294160 | GENERATION: 202 | ERRORS: best=1307.0, median=2272.5, diversity=0.705 | INDIVIDUALS: n=200, avg_genome_length=33.66 | VIRUSES: gene_rate=0.212
2021-12-23 09:27:34.565181 | GENERATION: 203 | ERRORS: best=1381.0, median=2281.0, diversity=0.66 | INDIVIDUALS: n=200, avg_genome_length=36.72 | VIRUSES: gene_rate=0.208
2021-12-23 09:27:42.904366 | GENERATION: 204 | ERRORS: best=1371.0, median=2228.5, diversity=0.62 | INDIVIDUALS: n=200, avg_genome_length=38.98 | VIRUSES: gene_rate=0.205
2021-12-23 09:27:52.439559 | GENERATION: 205 | ERRORS: best=1371.0, median=2190.0, diversity=0.72 | INDIVIDUALS: n=200, avg_genome_length=41.515 | VIRUSES: gene_rate=0.198
2021-12-23 09:28:00.054542 | GENERATION: 206 | ERRORS: best=1441.0, median=2234.5, diversity=0.67 | INDIVIDUALS: n=200, avg_genome_length=40.145 | VIRUSES: gene_rate=0.205
2021-12-23 09:28:06.597298 | GENERATION: 207 | ERRORS: best=1460.0, median=2281.0, diversity=0.635 | INDIVIDUALS: n=200, avg_genome_length=40.025 | VIRUSES: gene_rate=0.194
2021-12-23 09:28:14.558183 | GENERATION: 208 | ERRORS: best=1460.0, median=2281.0, diversity=0.75 | INDIVIDUALS: n=200, avg_genome_length=41.745 | VIRUSES: gene_rate=0.188
2021-12-23 09:28:23.013761 | GENERATION: 209 | ERRORS: best=1460.0, median=2779.5, diversity=0.755 | INDIVIDUALS: n=200, avg_genome_length=41.645 | VIRUSES: gene_rate=0.184
2021-12-23 09:28:29.872571 | GENERATION: 210 | ERRORS: best=1454.0, median=2281.0, diversity=0.755 | INDIVIDUALS: n=200, avg_genome_length=40.145 | VIRUSES: gene_rate=0.180
2021-12-23 09:28:39.960155 | GENERATION: 211 | ERRORS: best=1466.0, median=2329.0, diversity=0.785 | INDIVIDUALS: n=200, avg_genome_length=42.44 | VIRUSES: gene_rate=0.172
2021-12-23 09:28:49.941191 | GENERATION: 212 | ERRORS: best=1468.0, median=2518.5, diversity=0.75 | INDIVIDUALS: n=200, avg_genome_length=42.65 | VIRUSES: gene_rate=0.165
2021-12-23 09:28:57.450619 | GENERATION: 213 | ERRORS: best=1449.0, median=2281.0, diversity=0.725 | INDIVIDUALS: n=200, avg_genome_length=40.8 | VIRUSES: gene_rate=0.167
2021-12-23 09:29:06.016360 | GENERATION: 214 | ERRORS: best=1449.0, median=2281.0, diversity=0.72 | INDIVIDUALS: n=200, avg_genome_length=42.26 | VIRUSES: gene_rate=0.163
2021-12-23 09:29:12.704953 | GENERATION: 215 | ERRORS: best=1469.0, median=2281.0, diversity=0.73 | INDIVIDUALS: n=200, avg_genome_length=43.36 | VIRUSES: gene_rate=0.159
2021-12-23 09:29:20.923318 | GENERATION: 216 | ERRORS: best=1441.0, median=2281.0, diversity=0.715 | INDIVIDUALS: n=200, avg_genome_length=44.38 | VIRUSES: gene_rate=0.157
2021-12-23 09:29:27.708652 | GENERATION: 217 | ERRORS: best=1454.0, median=2281.0, diversity=0.725 | INDIVIDUALS: n=200, avg_genome_length=44.915 | VIRUSES: gene_rate=0.165
2021-12-23 09:29:32.779057 | GENERATION: 218 | ERRORS: best=1441.0, median=2281.0, diversity=0.705 | INDIVIDUALS: n=200, avg_genome_length=44.58 | VIRUSES: gene_rate=0.163
2021-12-23 09:29:40.931070 | GENERATION: 219 | ERRORS: best=1482.0, median=2281.0, diversity=0.665 | INDIVIDUALS: n=200, avg_genome_length=43.915 | VIRUSES: gene_rate=0.165
2021-12-23 09:29:47.527814 | GENERATION: 220 | ERRORS: best=1481.0, median=2281.0, diversity=0.705 | INDIVIDUALS: n=200, avg_genome_length=44.925 | VIRUSES: gene_rate=0.170
2021-12-23 09:29:55.347731 | GENERATION: 221 | ERRORS: best=1454.0, median=2281.0, diversity=0.73 | INDIVIDUALS: n=200, avg_genome_length=43.505 | VIRUSES: gene_rate=0.172
2021-12-23 09:30:02.103805 | GENERATION: 222 | ERRORS: best=1307.0, median=2281.0, diversity=0.72 | INDIVIDUALS: n=200, avg_genome_length=44.88 | VIRUSES: gene_rate=0.166
2021-12-23 09:30:22.455970 | GENERATION: 223 | ERRORS: best=1307.0, median=2281.0, diversity=0.74 | INDIVIDUALS: n=200, avg_genome_length=42.475 | VIRUSES: gene_rate=0.177
2021-12-23 09:30:29.436219 | GENERATION: 224 | ERRORS: best=1307.0, median=2281.0, diversity=0.685 | INDIVIDUALS: n=200, avg_genome_length=41.39 | VIRUSES: gene_rate=0.179
2021-12-23 09:30:34.492727 | GENERATION: 225 | ERRORS: best=1107.0, median=2160.0, diversity=0.695 | INDIVIDUALS: n=200, avg_genome_length=41.835 | VIRUSES: gene_rate=0.182
2021-12-23 09:30:41.474763 | GENERATION: 226 | ERRORS: best=1107.0, median=2281.0, diversity=0.71 | INDIVIDUALS: n=200, avg_genome_length=42.79 | VIRUSES: gene_rate=0.186
2021-12-23 09:30:50.121395 | GENERATION: 227 | ERRORS: best=1107.0, median=2173.0, diversity=0.675 | INDIVIDUALS: n=200, avg_genome_length=42.655 | VIRUSES: gene_rate=0.188
2021-12-23 09:30:55.265145 | GENERATION: 228 | ERRORS: best=1012.0, median=2159.0, diversity=0.635 | INDIVIDUALS: n=200, avg_genome_length=42.97 | VIRUSES: gene_rate=0.181
2021-12-23 09:31:02.453314 | GENERATION: 229 | ERRORS: best=1092.0, median=2159.0, diversity=0.62 | INDIVIDUALS: n=200, avg_genome_length=42.21 | VIRUSES: gene_rate=0.188
2021-12-23 09:31:08.650161 | GENERATION: 230 | ERRORS: best=941.0, median=2159.0, diversity=0.61 | INDIVIDUALS: n=200, avg_genome_length=41.3 | VIRUSES: gene_rate=0.188
2021-12-23 09:31:16.851890 | GENERATION: 231 | ERRORS: best=977.0, median=2278.5, diversity=0.605 | INDIVIDUALS: n=200, avg_genome_length=40.115 | VIRUSES: gene_rate=0.184
2021-12-23 09:31:23.226203 | GENERATION: 232 | ERRORS: best=1026.0, median=2251.5, diversity=0.57 | INDIVIDUALS: n=200, avg_genome_length=39.71 | VIRUSES: gene_rate=0.192
2021-12-23 09:31:30.589372 | GENERATION: 233 | ERRORS: best=1009.0, median=2159.0, diversity=0.645 | INDIVIDUALS: n=200, avg_genome_length=40.67 | VIRUSES: gene_rate=0.201
2021-12-23 09:31:38.537267 | GENERATION: 234 | ERRORS: best=958.0, median=2209.0, diversity=0.645 | INDIVIDUALS: n=200, avg_genome_length=41.985 | VIRUSES: gene_rate=0.186
2021-12-23 09:31:46.215388 | GENERATION: 235 | ERRORS: best=958.0, median=2281.0, diversity=0.655 | INDIVIDUALS: n=200, avg_genome_length=44.125 | VIRUSES: gene_rate=0.187
2021-12-23 09:31:53.348778 | GENERATION: 236 | ERRORS: best=958.0, median=2159.0, diversity=0.64 | INDIVIDUALS: n=200, avg_genome_length=42.395 | VIRUSES: gene_rate=0.186
2021-12-23 09:32:00.474557 | GENERATION: 237 | ERRORS: best=980.0, median=2108.5, diversity=0.63 | INDIVIDUALS: n=200, avg_genome_length=41.015 | VIRUSES: gene_rate=0.182
2021-12-23 09:32:08.748127 | GENERATION: 238 | ERRORS: best=978.0, median=2281.0, diversity=0.68 | INDIVIDUALS: n=200, avg_genome_length=39.995 | VIRUSES: gene_rate=0.183
2021-12-23 09:32:17.149529 | GENERATION: 239 | ERRORS: best=980.0, median=2281.0, diversity=0.665 | INDIVIDUALS: n=200, avg_genome_length=39.96 | VIRUSES: gene_rate=0.175
2021-12-23 09:32:24.023901 | GENERATION: 240 | ERRORS: best=964.0, median=2281.0, diversity=0.62 | INDIVIDUALS: n=200, avg_genome_length=41.655 | VIRUSES: gene_rate=0.171
2021-12-23 09:32:33.528549 | GENERATION: 241 | ERRORS: best=949.0, median=2223.0, diversity=0.635 | INDIVIDUALS: n=200, avg_genome_length=42.01 | VIRUSES: gene_rate=0.164
2021-12-23 09:32:40.948797 | GENERATION: 242 | ERRORS: best=950.0, median=2197.0, diversity=0.645 | INDIVIDUALS: n=200, avg_genome_length=41.005 | VIRUSES: gene_rate=0.156
2021-12-23 09:32:50.283463 | GENERATION: 243 | ERRORS: best=1082.0, median=2223.5, diversity=0.615 | INDIVIDUALS: n=200, avg_genome_length=41.555 | VIRUSES: gene_rate=0.159
2021-12-23 09:33:00.670817 | GENERATION: 244 | ERRORS: best=1307.0, median=2158.0, diversity=0.675 | INDIVIDUALS: n=200, avg_genome_length=41.6 | VIRUSES: gene_rate=0.167
2021-12-23 09:33:07.970297 | GENERATION: 245 | ERRORS: best=1086.0, median=2281.0, diversity=0.675 | INDIVIDUALS: n=200, avg_genome_length=41.265 | VIRUSES: gene_rate=0.168
2021-12-23 09:33:15.154341 | GENERATION: 246 | ERRORS: best=1082.0, median=2172.0, diversity=0.655 | INDIVIDUALS: n=200, avg_genome_length=39.24 | VIRUSES: gene_rate=0.170
2021-12-23 09:33:23.298279 | GENERATION: 247 | ERRORS: best=1082.0, median=2272.5, diversity=0.65 | INDIVIDUALS: n=200, avg_genome_length=41.215 | VIRUSES: gene_rate=0.172
2021-12-23 09:33:31.192755 | GENERATION: 248 | ERRORS: best=1085.0, median=2281.0, diversity=0.685 | INDIVIDUALS: n=200, avg_genome_length=43.335 | VIRUSES: gene_rate=0.177
2021-12-23 09:33:40.561358 | GENERATION: 249 | ERRORS: best=981.0, median=2280.0, diversity=0.675 | INDIVIDUALS: n=200, avg_genome_length=47.215 | VIRUSES: gene_rate=0.169
2021-12-23 09:33:45.619302 | GENERATION: 250 | ERRORS: best=980.0, median=2281.0, diversity=0.625 | INDIVIDUALS: n=200, avg_genome_length=43.735 | VIRUSES: gene_rate=0.175
2021-12-23 09:33:52.970661 | GENERATION: 251 | ERRORS: best=980.0, median=2281.0, diversity=0.725 | INDIVIDUALS: n=200, avg_genome_length=43.215 | VIRUSES: gene_rate=0.181
2021-12-23 09:33:59.850593 | GENERATION: 252 | ERRORS: best=1120.0, median=2177.5, diversity=0.735 | INDIVIDUALS: n=200, avg_genome_length=42.71 | VIRUSES: gene_rate=0.174
2021-12-23 09:34:13.405971 | GENERATION: 253 | ERRORS: best=1143.0, median=2281.0, diversity=0.6 | INDIVIDUALS: n=200, avg_genome_length=41.275 | VIRUSES: gene_rate=0.167
2021-12-23 09:34:19.802688 | GENERATION: 254 | ERRORS: best=1129.0, median=2281.0, diversity=0.575 | INDIVIDUALS: n=200, avg_genome_length=39.9 | VIRUSES: gene_rate=0.162
2021-12-23 09:34:28.664615 | GENERATION: 255 | ERRORS: best=1129.0, median=2177.5, diversity=0.66 | INDIVIDUALS: n=200, avg_genome_length=40.085 | VIRUSES: gene_rate=0.171
2021-12-23 09:34:35.066001 | GENERATION: 256 | ERRORS: best=1129.0, median=2262.0, diversity=0.68 | INDIVIDUALS: n=200, avg_genome_length=39.21 | VIRUSES: gene_rate=0.160
2021-12-23 09:34:42.304970 | GENERATION: 257 | ERRORS: best=1104.0, median=2282.5, diversity=0.68 | INDIVIDUALS: n=200, avg_genome_length=37.85 | VIRUSES: gene_rate=0.176
2021-12-23 09:34:49.399865 | GENERATION: 258 | ERRORS: best=1099.0, median=2281.0, diversity=0.665 | INDIVIDUALS: n=200, avg_genome_length=39.435 | VIRUSES: gene_rate=0.181
2021-12-23 09:34:58.419922 | GENERATION: 259 | ERRORS: best=1104.0, median=2281.5, diversity=0.675 | INDIVIDUALS: n=200, avg_genome_length=39.585 | VIRUSES: gene_rate=0.187
2021-12-23 09:35:07.071604 | GENERATION: 260 | ERRORS: best=700.0, median=2281.0, diversity=0.635 | INDIVIDUALS: n=200, avg_genome_length=39.93 | VIRUSES: gene_rate=0.186
2021-12-23 09:35:13.495947 | GENERATION: 261 | ERRORS: best=1433.0, median=2284.0, diversity=0.7 | INDIVIDUALS: n=200, avg_genome_length=39.595 | VIRUSES: gene_rate=0.205
2021-12-23 09:35:24.480652 | GENERATION: 262 | ERRORS: best=1469.0, median=2281.0, diversity=0.685 | INDIVIDUALS: n=200, avg_genome_length=40.795 | VIRUSES: gene_rate=0.187
2021-12-23 09:35:30.210443 | GENERATION: 263 | ERRORS: best=1454.0, median=2281.0, diversity=0.645 | INDIVIDUALS: n=200, avg_genome_length=41.355 | VIRUSES: gene_rate=0.190
2021-12-23 09:35:37.681550 | GENERATION: 264 | ERRORS: best=1500.0, median=2281.0, diversity=0.645 | INDIVIDUALS: n=200, avg_genome_length=39.93 | VIRUSES: gene_rate=0.201
2021-12-23 09:35:43.242829 | GENERATION: 265 | ERRORS: best=1454.0, median=2281.0, diversity=0.635 | INDIVIDUALS: n=200, avg_genome_length=38.485 | VIRUSES: gene_rate=0.207
2021-12-23 09:35:48.162279 | GENERATION: 266 | ERRORS: best=1500.0, median=2281.0, diversity=0.63 | INDIVIDUALS: n=200, avg_genome_length=36.695 | VIRUSES: gene_rate=0.208
2021-12-23 09:35:53.261369 | GENERATION: 267 | ERRORS: best=1469.0, median=2281.0, diversity=0.63 | INDIVIDUALS: n=200, avg_genome_length=35.92 | VIRUSES: gene_rate=0.205
2021-12-23 09:35:59.617632 | GENERATION: 268 | ERRORS: best=1454.0, median=2281.0, diversity=0.695 | INDIVIDUALS: n=200, avg_genome_length=36.17 | VIRUSES: gene_rate=0.200
2021-12-23 09:36:06.089366 | GENERATION: 269 | ERRORS: best=1431.0, median=2281.0, diversity=0.565 | INDIVIDUALS: n=200, avg_genome_length=36.375 | VIRUSES: gene_rate=0.194
2021-12-23 09:36:11.931079 | GENERATION: 270 | ERRORS: best=1178.0, median=2281.0, diversity=0.655 | INDIVIDUALS: n=200, avg_genome_length=36.785 | VIRUSES: gene_rate=0.185
2021-12-23 09:36:17.789269 | GENERATION: 271 | ERRORS: best=1129.0, median=2281.0, diversity=0.67 | INDIVIDUALS: n=200, avg_genome_length=37.61 | VIRUSES: gene_rate=0.179
2021-12-23 09:36:24.836676 | GENERATION: 272 | ERRORS: best=1111.0, median=2221.5, diversity=0.66 | INDIVIDUALS: n=200, avg_genome_length=36.84 | VIRUSES: gene_rate=0.185
2021-12-23 09:36:31.947251 | GENERATION: 273 | ERRORS: best=1111.0, median=2159.0, diversity=0.68 | INDIVIDUALS: n=200, avg_genome_length=35.055 | VIRUSES: gene_rate=0.184
2021-12-23 09:36:37.825880 | GENERATION: 274 | ERRORS: best=1039.0, median=2222.0, diversity=0.63 | INDIVIDUALS: n=200, avg_genome_length=35.97 | VIRUSES: gene_rate=0.191
2021-12-23 09:36:42.700528 | GENERATION: 275 | ERRORS: best=1089.0, median=2171.0, diversity=0.63 | INDIVIDUALS: n=200, avg_genome_length=36.715 | VIRUSES: gene_rate=0.192
2021-12-23 09:36:49.093800 | GENERATION: 276 | ERRORS: best=1129.0, median=2159.0, diversity=0.605 | INDIVIDUALS: n=200, avg_genome_length=35.865 | VIRUSES: gene_rate=0.200
2021-12-23 09:36:55.905411 | GENERATION: 277 | ERRORS: best=993.0, median=2192.0, diversity=0.575 | INDIVIDUALS: n=200, avg_genome_length=36.18 | VIRUSES: gene_rate=0.199
2021-12-23 09:37:07.142818 | GENERATION: 278 | ERRORS: best=993.0, median=2167.0, diversity=0.575 | INDIVIDUALS: n=200, avg_genome_length=37.36 | VIRUSES: gene_rate=0.190
2021-12-23 09:37:11.722097 | GENERATION: 279 | ERRORS: best=990.0, median=2169.5, diversity=0.625 | INDIVIDUALS: n=200, avg_genome_length=37.955 | VIRUSES: gene_rate=0.199
2021-12-23 09:37:18.664713 | GENERATION: 280 | ERRORS: best=990.0, median=2281.0, diversity=0.64 | INDIVIDUALS: n=200, avg_genome_length=38.33 | VIRUSES: gene_rate=0.206
2021-12-23 09:37:27.235298 | GENERATION: 281 | ERRORS: best=1097.0, median=2281.0, diversity=0.625 | INDIVIDUALS: n=200, avg_genome_length=38.445 | VIRUSES: gene_rate=0.214
2021-12-23 09:37:35.667678 | GENERATION: 282 | ERRORS: best=1073.0, median=2281.0, diversity=0.62 | INDIVIDUALS: n=200, avg_genome_length=37.875 | VIRUSES: gene_rate=0.232
2021-12-23 09:37:42.473339 | GENERATION: 283 | ERRORS: best=1073.0, median=2281.0, diversity=0.575 | INDIVIDUALS: n=200, avg_genome_length=37.395 | VIRUSES: gene_rate=0.233
2021-12-23 09:37:49.765281 | GENERATION: 284 | ERRORS: best=1085.0, median=2159.0, diversity=0.615 | INDIVIDUALS: n=200, avg_genome_length=38.965 | VIRUSES: gene_rate=0.223
2021-12-23 09:37:57.439089 | GENERATION: 285 | ERRORS: best=1084.0, median=2281.0, diversity=0.69 | INDIVIDUALS: n=200, avg_genome_length=36.805 | VIRUSES: gene_rate=0.222
2021-12-23 09:38:05.312215 | GENERATION: 286 | ERRORS: best=1084.0, median=2279.5, diversity=0.685 | INDIVIDUALS: n=200, avg_genome_length=36.21 | VIRUSES: gene_rate=0.224
2021-12-23 09:38:10.288905 | GENERATION: 287 | ERRORS: best=1048.0, median=2159.0, diversity=0.625 | INDIVIDUALS: n=200, avg_genome_length=34.32 | VIRUSES: gene_rate=0.232
2021-12-23 09:38:16.813629 | GENERATION: 288 | ERRORS: best=1466.0, median=2281.0, diversity=0.575 | INDIVIDUALS: n=200, avg_genome_length=33.695 | VIRUSES: gene_rate=0.214
2021-12-23 09:38:22.251754 | GENERATION: 289 | ERRORS: best=1087.0, median=2281.0, diversity=0.635 | INDIVIDUALS: n=200, avg_genome_length=32.675 | VIRUSES: gene_rate=0.227
2021-12-23 09:38:26.938045 | GENERATION: 290 | ERRORS: best=1089.0, median=2177.0, diversity=0.675 | INDIVIDUALS: n=200, avg_genome_length=33.095 | VIRUSES: gene_rate=0.212
2021-12-23 09:38:33.265157 | GENERATION: 291 | ERRORS: best=1094.0, median=2179.0, diversity=0.675 | INDIVIDUALS: n=200, avg_genome_length=33.455 | VIRUSES: gene_rate=0.208
2021-12-23 09:38:45.450092 | GENERATION: 292 | ERRORS: best=938.0, median=2159.0, diversity=0.745 | INDIVIDUALS: n=200, avg_genome_length=31.055 | VIRUSES: gene_rate=0.213
2021-12-23 09:38:53.871735 | GENERATION: 293 | ERRORS: best=920.0, median=2168.0, diversity=0.695 | INDIVIDUALS: n=200, avg_genome_length=30.635 | VIRUSES: gene_rate=0.224
2021-12-23 09:39:06.306406 | GENERATION: 294 | ERRORS: best=920.0, median=2281.0, diversity=0.735 | INDIVIDUALS: n=200, avg_genome_length=30.72 | VIRUSES: gene_rate=0.226
2021-12-23 09:39:14.774064 | GENERATION: 295 | ERRORS: best=1109.0, median=2281.0, diversity=0.675 | INDIVIDUALS: n=200, avg_genome_length=30.93 | VIRUSES: gene_rate=0.232
2021-12-23 09:39:37.422835 | GENERATION: 296 | ERRORS: best=1091.0, median=2206.0, diversity=0.745 | INDIVIDUALS: n=200, avg_genome_length=30.5 | VIRUSES: gene_rate=0.229
2021-12-23 09:39:42.907209 | GENERATION: 297 | ERRORS: best=1091.0, median=2281.0, diversity=0.715 | INDIVIDUALS: n=200, avg_genome_length=29.165 | VIRUSES: gene_rate=0.226
2021-12-23 09:39:49.548124 | GENERATION: 298 | ERRORS: best=1088.0, median=2281.0, diversity=0.67 | INDIVIDUALS: n=200, avg_genome_length=29.885 | VIRUSES: gene_rate=0.227
2021-12-23 09:40:03.911713 | GENERATION: 299 | ERRORS: best=1031.0, median=2281.0, diversity=0.735 | INDIVIDUALS: n=200, avg_genome_length=29.98 | VIRUSES: gene_rate=0.223
2021-12-23 09:40:11.405682 | GENERATION: 300 | ERRORS: best=960.0, median=2281.0, diversity=0.675 | INDIVIDUALS: n=200, avg_genome_length=30.905 | VIRUSES: gene_rate=0.228
Simplifying genome of length 33 with total error 700.0.
Simplified genome by 2 to length 31.
Simplified genome by 1 to length 30.
Simplified genome by 1 to length 29.
Simplified genome by 2 to length 27.
Simplified genome by 1 to length 26.
Simplified genome by 1 to length 25.
Simplified genome by 1 to length 24.
Simplified genome by 1 to length 23.
Simplified genome by 1 to length 22.
Simplified genome by 1 to length 21.
Simplified genome by 1 to length 20.
Simplified genome by 1 to length 19.
Simplified genome to length 19 and total error 467.0.
========================================
End Run
========================================
No solution found.
Best Seen Individual
	Genome:
	 pvector([VirusInput(input_index=0), VirusInstructionMeta(name='vector_int_iterate', code_blocks=1), VirusLiteral(value=2, push_type=<pyshgp.push.types.PushIntType object at 0x7f0ae7a763d0>), VirusInstructionMeta(name='int_mod', code_blocks=0), InstructionMeta(name='bool_from_int', code_blocks=0), InstructionMeta(name='int_sub', code_blocks=0), VirusInstructionMeta(name='int_inc', code_blocks=0), InstructionMeta(name='int_stack_depth', code_blocks=0), InstructionMeta(name='exec_when', code_blocks=1), InstructionMeta(name='bool_pop', code_blocks=0), InstructionMeta(name='int_max', code_blocks=0), InstructionMeta(name='bool_stack_depth', code_blocks=0), VirusLiteral(value=1, push_type=<pyshgp.push.types.PushIntType object at 0x7f0ae7a76610>), VirusInstructionMeta(name='int_eq', code_blocks=0), Closer(), Closer(), VirusInstructionMeta(name='int_inc', code_blocks=0), InstructionMeta(name='exec_when', code_blocks=1), InstructionMeta(name='vector_int_stack_depth', code_blocks=0)])
	Program:
	 (vinput_0 vvector_int_iterate (v2 vint_mod bool_from_int int_sub vint_inc int_stack_depth exec_when (bool_pop int_max bool_stack_depth v1 vint_eq)) vint_inc exec_when (vector_int_stack_depth))
	Error vector:
	 [ 0.  1. 29.  0.  9.  0.  1.  5.  0.  1.  0.  1. 25. 19.  0.  0.  0.  2.
  0.  0.  0.  1.  0.  5.  1.  0.  2.  1.  1.  1.  0.  0.  7.  2.  0. 39.
  0.  0.  5.  0.  0.  0.  1.  2.  0.  5.  0.  0.  0.  0.  0.  0.  0.  0.
  0.  1.  0.  0.  0.  0.  4.  0.  0.  0.  0.  0.  1.  0.  0.  0.  0.  5.
  0. 22.  1.  0.  0.  6.  1.  0. 16.  0.  0.  0.  1.  0.  0.  0.  1.  1.
  0.  1.  0.  0.  1.  0.  7.  0.  0.  0.  1.  5. 19.  0. 24.  0.  0.  0.
  0.  0.  0.  0.  0.  1.  1.  0.  1.  4. 16.  0.  0.  0.  0.  0. 16.  0.
  7.  0.  0.  0.  0.  0.  0.  0.  0. 10.  1.  0.  0.  0.  0.  1.  0. 12.
  0.  0.  1.  1.  1.  0.  0.  0.  0.  0.  0.  0.  0.  0.  0.  1.  0.  5.
 16.  1.  1.  0.  0.  0.  1.  0.  0.  1. 18.  1.  1.  0.  0.  0.  0.  0.
  0.  0.  9.  3.  0.  1.  0.  1.  6.  0.  1.  0.  0.  0.  0. 25.  5. 13.
  0.  0.]
	Total error:
	 467.0
	Test error:
	 4975.0
	Time:
	 00:56:55
