Included 32 edge cases.
Included 168 random cases.
Included 200 cases in total.
Finished formatting.
Included 0 edge cases.
Included 2000 random cases.
Included 2000 cases in total.
Finished formatting.
========================================
Setup
========================================
Search Configuration:
signature: ProgramSignature(push_config=PushConfig(numeric_magnitude_limit=1000000000000.0, collection_size_cap=1000, step_limit=1500, growth_cap=500, runtime_limit=10), output_stacks=['int'], arity=1)
evaluator: <pyshgp.gp.evaluation.DatasetEvaluator object at 0x7f14c1c681c0>
spawner: <pyshgp.gp.genome.GeneSpawner object at 0x7f15017a82e0>
population_size: 200
max_generations: 300
error_threshold: 0.0
initial_genome_size: (50, 250)
simplification_steps: 500
parallel_context: <pyshgp.gp.search.ParallelContext object at 0x7f14c1c68a90>
selection: <pyshgp.utils.DiscreteProbDistrib object at 0x7f14c2fee380>
variation: <pyshgp.utils.DiscreteProbDistrib object at 0x7f14c2feed40>
Instructions:
int_add, int_sub, int_mult, int_div, int_mod, int_min, int_max, int_inc, int_dec, int_lt, int_lte, int_gt, int_gte, int_from_bool, bool_and, bool_or, bool_not, bool_xor, bool_invert_first_then_and, bool_second_first_then_and, bool_from_int, noop, noop_open, exec_do_range, exec_do_count, exec_while, exec_do_while, exec_if, exec_when, vector_int_concat, vector_int_conj, vector_int_take, vector_int_subvec, vector_int_first, vector_int_last, vector_int_nth, vector_int_rest, vector_int_but_last, vector_int_length, vector_int_reverse, vector_int_push_all, vector_int_empty_vector, vector_int_contains, vector_int_index_of, vector_int_occurrences_of, vector_int_set_nth, vector_int_replace, vector_int_replace_first, vector_int_remove, vector_int_iterate, print_bool, println_bool, print_int, println_int, print_vector_int, println_vector_int, print_exec, println_exec, bool_pop, bool_dup, bool_dup_times, bool_swap, bool_rot, bool_flush, bool_eq, bool_stack_depth, bool_yank, bool_yank_dup, bool_shove, bool_shove_dup, bool_is_empty, int_pop, int_dup, int_dup_times, int_swap, int_rot, int_flush, int_eq, int_stack_depth, int_yank, int_yank_dup, int_shove, int_shove_dup, int_is_empty, vector_int_pop, vector_int_dup, vector_int_dup_times, vector_int_swap, vector_int_rot, vector_int_flush, vector_int_eq, vector_int_stack_depth, vector_int_yank, vector_int_yank_dup, vector_int_shove, vector_int_shove_dup, vector_int_is_empty, exec_pop, exec_dup, exec_dup_times, exec_swap, exec_rot, exec_flush, exec_eq, exec_stack_depth, exec_yank, exec_yank_dup, exec_shove, exec_shove_dup, exec_is_empty
Literals:
[Literal(value=0, push_type=<pyshgp.push.types.PushIntType object at 0x7f15018f8340>), Literal(value=1, push_type=<pyshgp.push.types.PushIntType object at 0x7f15018f8340>), Literal(value=2, push_type=<pyshgp.push.types.PushIntType object at 0x7f15018f8340>)]
ERC Generators:
[<function rand_int at 0x7f14c39ca280>]
========================================
Start Run
========================================
2021-12-20 00:16:17.169477 | GENERATION: 1 | ERRORS: best=1954.0, median=200000000.0, diversity=0.025 | INDIVIDUALS: n=200, avg_genome_length=133.66
2021-12-20 00:16:37.664514 | GENERATION: 2 | ERRORS: best=1908.0, median=2128.0, diversity=0.24 | INDIVIDUALS: n=200, avg_genome_length=100.815
2021-12-20 00:16:49.361503 | GENERATION: 3 | ERRORS: best=1891.0, median=2128.0, diversity=0.29 | INDIVIDUALS: n=200, avg_genome_length=104.65
2021-12-20 00:17:07.575928 | GENERATION: 4 | ERRORS: best=1884.0, median=3941.0, diversity=0.47 | INDIVIDUALS: n=200, avg_genome_length=89.88
2021-12-20 00:17:20.284032 | GENERATION: 5 | ERRORS: best=1767.0, median=2418.0, diversity=0.51 | INDIVIDUALS: n=200, avg_genome_length=86.315
2021-12-20 00:17:36.851480 | GENERATION: 6 | ERRORS: best=1713.0, median=4034.0, diversity=0.585 | INDIVIDUALS: n=200, avg_genome_length=88.48
2021-12-20 00:17:51.681215 | GENERATION: 7 | ERRORS: best=1602.0, median=4236.0, diversity=0.615 | INDIVIDUALS: n=200, avg_genome_length=94.915
2021-12-20 00:18:06.130759 | GENERATION: 8 | ERRORS: best=1519.0, median=2410.0, diversity=0.585 | INDIVIDUALS: n=200, avg_genome_length=83.33
2021-12-20 00:18:18.669928 | GENERATION: 9 | ERRORS: best=1479.0, median=2190.0, diversity=0.625 | INDIVIDUALS: n=200, avg_genome_length=79.14
2021-12-20 00:18:35.378777 | GENERATION: 10 | ERRORS: best=1622.0, median=2328.0, diversity=0.62 | INDIVIDUALS: n=200, avg_genome_length=81.42
2021-12-20 00:18:56.483066 | GENERATION: 11 | ERRORS: best=1378.0, median=2661.5, diversity=0.655 | INDIVIDUALS: n=200, avg_genome_length=82.55
2021-12-20 00:19:18.777086 | GENERATION: 12 | ERRORS: best=1519.0, median=5510.5, diversity=0.635 | INDIVIDUALS: n=200, avg_genome_length=68.9
2021-12-20 00:19:32.114360 | GENERATION: 13 | ERRORS: best=1595.0, median=4372.5, diversity=0.605 | INDIVIDUALS: n=200, avg_genome_length=71.0
2021-12-20 00:19:44.413177 | GENERATION: 14 | ERRORS: best=1389.0, median=3359.0, diversity=0.61 | INDIVIDUALS: n=200, avg_genome_length=69.695
2021-12-20 00:19:59.954132 | GENERATION: 15 | ERRORS: best=1382.0, median=2738.0, diversity=0.615 | INDIVIDUALS: n=200, avg_genome_length=58.86
2021-12-20 00:20:14.790826 | GENERATION: 16 | ERRORS: best=1439.0, median=2942.0, diversity=0.685 | INDIVIDUALS: n=200, avg_genome_length=53.47
2021-12-20 00:20:26.243264 | GENERATION: 17 | ERRORS: best=1357.0, median=2205.0, diversity=0.58 | INDIVIDUALS: n=200, avg_genome_length=53.175
2021-12-20 00:20:40.526776 | GENERATION: 18 | ERRORS: best=1452.0, median=2328.0, diversity=0.58 | INDIVIDUALS: n=200, avg_genome_length=56.135
2021-12-20 00:20:56.465906 | GENERATION: 19 | ERRORS: best=1454.0, median=2225.5, diversity=0.645 | INDIVIDUALS: n=200, avg_genome_length=63.3
2021-12-20 00:21:09.171198 | GENERATION: 20 | ERRORS: best=1468.0, median=2266.5, diversity=0.6 | INDIVIDUALS: n=200, avg_genome_length=59.53
2021-12-20 00:21:24.900005 | GENERATION: 21 | ERRORS: best=1468.0, median=2128.0, diversity=0.545 | INDIVIDUALS: n=200, avg_genome_length=65.17
2021-12-20 00:21:33.811718 | GENERATION: 22 | ERRORS: best=200.0, median=1000000.0, diversity=0.375 | INDIVIDUALS: n=200, avg_genome_length=49.58
2021-12-20 00:21:47.019969 | GENERATION: 23 | ERRORS: best=1860.0, median=1003357.5, diversity=0.355 | INDIVIDUALS: n=200, avg_genome_length=47.435
Simplifying genome of length 49 with total error 0.0.
Simplified genome by 3 to length 46.
Simplified genome by 2 to length 44.
Simplified genome by 1 to length 43.
Simplified genome by 1 to length 42.
Simplified genome by 3 to length 39.
Simplified genome by 3 to length 36.
Simplified genome by 2 to length 34.
Simplified genome by 3 to length 31.
Simplified genome by 1 to length 30.
Simplified genome by 1 to length 29.
Simplified genome by 3 to length 26.
Simplified genome by 1 to length 25.
Simplified genome by 3 to length 22.
Simplified genome by 1 to length 21.
Simplified genome by 1 to length 20.
Simplified genome by 1 to length 19.
Simplified genome by 1 to length 18.
Simplified genome by 2 to length 16.
Simplified genome by 3 to length 13.
Simplified genome by 1 to length 12.
Simplified genome by 2 to length 10.
Simplified genome by 1 to length 9.
Simplified genome by 2 to length 7.
Simplified genome to length 7 and total error 0.0.
========================================
End Run
========================================
Solution found.
Best Seen Individual
	Genome:
	 pvector([InstructionMeta(name='exec_is_empty', code_blocks=0), Input(input_index=0), InstructionMeta(name='int_from_bool', code_blocks=0), InstructionMeta(name='vector_int_iterate', code_blocks=1), Literal(value=2, push_type=<pyshgp.push.types.PushIntType object at 0x7f14c2415b50>), InstructionMeta(name='int_mod', code_blocks=0), InstructionMeta(name='int_add', code_blocks=0)])
	Program:
	 (exec_is_empty input_0 int_from_bool vector_int_iterate (2 int_mod int_add))
	Error vector:
	 [0. 0. 0. 0. 0. 0. 0. 0. 0. 0. 0. 0. 0. 0. 0. 0. 0. 0. 0. 0. 0. 0. 0. 0.
 0. 0. 0. 0. 0. 0. 0. 0. 0. 0. 0. 0. 0. 0. 0. 0. 0. 0. 0. 0. 0. 0. 0. 0.
 0. 0. 0. 0. 0. 0. 0. 0. 0. 0. 0. 0. 0. 0. 0. 0. 0. 0. 0. 0. 0. 0. 0. 0.
 0. 0. 0. 0. 0. 0. 0. 0. 0. 0. 0. 0. 0. 0. 0. 0. 0. 0. 0. 0. 0. 0. 0. 0.
 0. 0. 0. 0. 0. 0. 0. 0. 0. 0. 0. 0. 0. 0. 0. 0. 0. 0. 0. 0. 0. 0. 0. 0.
 0. 0. 0. 0. 0. 0. 0. 0. 0. 0. 0. 0. 0. 0. 0. 0. 0. 0. 0. 0. 0. 0. 0. 0.
 0. 0. 0. 0. 0. 0. 0. 0. 0. 0. 0. 0. 0. 0. 0. 0. 0. 0. 0. 0. 0. 0. 0. 0.
 0. 0. 0. 0. 0. 0. 0. 0. 0. 0. 0. 0. 0. 0. 0. 0. 0. 0. 0. 0. 0. 0. 0. 0.
 0. 0. 0. 0. 0. 0. 0. 0.]
	Total error:
	 0.0
	Test error:
	 0.0
	Time:
	 00:08:27
