Included 32 edge cases.
Included 168 random cases.
Included 200 cases in total.
Finished formatting.
Included 0 edge cases.
Included 2000 random cases.
Included 2000 cases in total.
Finished formatting.
========================================
Setup
========================================
Search Configuration:
signature: ProgramSignature(push_config=PushConfig(step_limit=1500, growth_cap=500, numeric_magnitude_limit=1000000000000.0, collection_size_cap=1000, runtime_limit=10), output_stacks=['int'], arity=1)
evaluator: <pyshgp.gp.evaluation.DatasetEvaluator object at 0x7f7d8997e5e0>
spawner: <pyshgp.gp.genome.GeneSpawner object at 0x7f7dc89dce80>
population_size: 200
max_generations: 300
error_threshold: 0.0
initial_genome_size: (50, 250)
simplification_steps: 500
parallel_context: <pyshgp.gp.search.ParallelContext object at 0x7f7d8997ee50>
selection: <pyshgp.utils.DiscreteProbDistrib object at 0x7f7d8a4c9440>
variation: <pyshgp.utils.DiscreteProbDistrib object at 0x7f7d8a4c9cc0>
Instructions:
int_add, int_sub, int_mult, int_div, int_mod, int_min, int_max, int_inc, int_dec, int_lt, int_lte, int_gt, int_gte, int_from_bool, bool_and, bool_or, bool_not, bool_xor, bool_invert_first_then_and, bool_second_first_then_and, bool_from_int, noop, noop_open, exec_do_range, exec_do_count, exec_while, exec_do_while, exec_if, exec_when, vector_int_concat, vector_int_conj, vector_int_take, vector_int_subvec, vector_int_first, vector_int_last, vector_int_nth, vector_int_rest, vector_int_but_last, vector_int_length, vector_int_reverse, vector_int_push_all, vector_int_empty_vector, vector_int_contains, vector_int_index_of, vector_int_occurrences_of, vector_int_set_nth, vector_int_replace, vector_int_replace_first, vector_int_remove, vector_int_iterate, print_bool, println_bool, print_int, println_int, print_vector_int, println_vector_int, print_exec, println_exec, bool_pop, bool_dup, bool_dup_times, bool_swap, bool_rot, bool_flush, bool_eq, bool_stack_depth, bool_yank, bool_yank_dup, bool_shove, bool_shove_dup, bool_is_empty, int_pop, int_dup, int_dup_times, int_swap, int_rot, int_flush, int_eq, int_stack_depth, int_yank, int_yank_dup, int_shove, int_shove_dup, int_is_empty, vector_int_pop, vector_int_dup, vector_int_dup_times, vector_int_swap, vector_int_rot, vector_int_flush, vector_int_eq, vector_int_stack_depth, vector_int_yank, vector_int_yank_dup, vector_int_shove, vector_int_shove_dup, vector_int_is_empty, exec_pop, exec_dup, exec_dup_times, exec_swap, exec_rot, exec_flush, exec_eq, exec_stack_depth, exec_yank, exec_yank_dup, exec_shove, exec_shove_dup, exec_is_empty
Literals:
[Literal(value=0, push_type=<pyshgp.push.types.PushIntType object at 0x7f7dc8b28520>), Literal(value=1, push_type=<pyshgp.push.types.PushIntType object at 0x7f7dc8b28520>), Literal(value=2, push_type=<pyshgp.push.types.PushIntType object at 0x7f7dc8b28520>)]
ERC Generators:
[<function rand_int at 0x7f7d8abbe310>]
========================================
Start Run
========================================
2021-12-11 19:45:53.172156 | GENERATION: 1 | ERRORS: best=2079.0, median=595776.0, diversity=0.09 | INDIVIDUALS: n=200, avg_genome_length=143.795
2021-12-11 19:46:01.986190 | GENERATION: 2 | ERRORS: best=1985.0, median=2275.0, diversity=0.12 | INDIVIDUALS: n=200, avg_genome_length=151.845
2021-12-11 19:46:11.348884 | GENERATION: 3 | ERRORS: best=1957.0, median=2275.0, diversity=0.21 | INDIVIDUALS: n=200, avg_genome_length=143.715
2021-12-11 19:46:21.750709 | GENERATION: 4 | ERRORS: best=1957.0, median=2308.0, diversity=0.22 | INDIVIDUALS: n=200, avg_genome_length=137.855
2021-12-11 19:46:30.503979 | GENERATION: 5 | ERRORS: best=1780.0, median=2458.0, diversity=0.245 | INDIVIDUALS: n=200, avg_genome_length=134.03
2021-12-11 19:46:40.139276 | GENERATION: 6 | ERRORS: best=1807.0, median=2275.0, diversity=0.29 | INDIVIDUALS: n=200, avg_genome_length=131.225
2021-12-11 19:46:50.043888 | GENERATION: 7 | ERRORS: best=1897.0, median=2275.0, diversity=0.34 | INDIVIDUALS: n=200, avg_genome_length=128.91
2021-12-11 19:47:01.822941 | GENERATION: 8 | ERRORS: best=1451.0, median=2275.0, diversity=0.345 | INDIVIDUALS: n=200, avg_genome_length=124.06
2021-12-11 19:47:14.504203 | GENERATION: 9 | ERRORS: best=1385.0, median=2758.0, diversity=0.46 | INDIVIDUALS: n=200, avg_genome_length=119.085
2021-12-11 19:47:23.977279 | GENERATION: 10 | ERRORS: best=1378.0, median=2275.0, diversity=0.355 | INDIVIDUALS: n=200, avg_genome_length=111.19
2021-12-11 19:47:33.582351 | GENERATION: 11 | ERRORS: best=1379.0, median=2275.0, diversity=0.475 | INDIVIDUALS: n=200, avg_genome_length=104.0
2021-12-11 19:47:43.626406 | GENERATION: 12 | ERRORS: best=1382.0, median=2275.0, diversity=0.48 | INDIVIDUALS: n=200, avg_genome_length=100.125
2021-12-11 19:47:54.739145 | GENERATION: 13 | ERRORS: best=1400.0, median=2275.0, diversity=0.47 | INDIVIDUALS: n=200, avg_genome_length=98.845
2021-12-11 19:48:04.665524 | GENERATION: 14 | ERRORS: best=1398.0, median=2275.0, diversity=0.56 | INDIVIDUALS: n=200, avg_genome_length=96.155
2021-12-11 19:48:13.747563 | GENERATION: 15 | ERRORS: best=1387.0, median=2275.0, diversity=0.5 | INDIVIDUALS: n=200, avg_genome_length=93.645
2021-12-11 19:48:22.496213 | GENERATION: 16 | ERRORS: best=1383.0, median=2275.0, diversity=0.515 | INDIVIDUALS: n=200, avg_genome_length=87.065
2021-12-11 19:48:32.516574 | GENERATION: 17 | ERRORS: best=1400.0, median=2275.0, diversity=0.49 | INDIVIDUALS: n=200, avg_genome_length=82.605
2021-12-11 19:48:41.880084 | GENERATION: 18 | ERRORS: best=1393.0, median=2275.0, diversity=0.425 | INDIVIDUALS: n=200, avg_genome_length=80.505
2021-12-11 19:48:50.734362 | GENERATION: 19 | ERRORS: best=1397.0, median=2275.0, diversity=0.46 | INDIVIDUALS: n=200, avg_genome_length=74.08
2021-12-11 19:48:59.353311 | GENERATION: 20 | ERRORS: best=1398.0, median=2275.0, diversity=0.51 | INDIVIDUALS: n=200, avg_genome_length=72.63
2021-12-11 19:49:08.635950 | GENERATION: 21 | ERRORS: best=1358.0, median=2275.0, diversity=0.565 | INDIVIDUALS: n=200, avg_genome_length=71.87
2021-12-11 19:49:16.206384 | GENERATION: 22 | ERRORS: best=1380.0, median=2275.0, diversity=0.55 | INDIVIDUALS: n=200, avg_genome_length=71.695
2021-12-11 19:49:24.333863 | GENERATION: 23 | ERRORS: best=1387.0, median=2189.0, diversity=0.52 | INDIVIDUALS: n=200, avg_genome_length=68.37
2021-12-11 19:49:32.055188 | GENERATION: 24 | ERRORS: best=1380.0, median=2159.5, diversity=0.55 | INDIVIDUALS: n=200, avg_genome_length=67.475
2021-12-11 19:49:40.770757 | GENERATION: 25 | ERRORS: best=1373.0, median=2149.0, diversity=0.5 | INDIVIDUALS: n=200, avg_genome_length=69.055
2021-12-11 19:49:49.286513 | GENERATION: 26 | ERRORS: best=1381.0, median=2275.0, diversity=0.535 | INDIVIDUALS: n=200, avg_genome_length=66.71
2021-12-11 19:49:55.293510 | GENERATION: 27 | ERRORS: best=1382.0, median=2211.5, diversity=0.54 | INDIVIDUALS: n=200, avg_genome_length=63.36
2021-12-11 19:50:02.643725 | GENERATION: 28 | ERRORS: best=1347.0, median=2149.0, diversity=0.485 | INDIVIDUALS: n=200, avg_genome_length=61.235
2021-12-11 19:50:12.138846 | GENERATION: 29 | ERRORS: best=1391.0, median=2193.0, diversity=0.53 | INDIVIDUALS: n=200, avg_genome_length=59.34
2021-12-11 19:50:19.370214 | GENERATION: 30 | ERRORS: best=1378.0, median=2275.0, diversity=0.515 | INDIVIDUALS: n=200, avg_genome_length=59.84
2021-12-11 19:50:28.174149 | GENERATION: 31 | ERRORS: best=1337.0, median=2275.0, diversity=0.575 | INDIVIDUALS: n=200, avg_genome_length=55.49
2021-12-11 19:50:36.219048 | GENERATION: 32 | ERRORS: best=1348.0, median=2275.0, diversity=0.65 | INDIVIDUALS: n=200, avg_genome_length=54.175
2021-12-11 19:50:43.663328 | GENERATION: 33 | ERRORS: best=1389.0, median=2275.0, diversity=0.61 | INDIVIDUALS: n=200, avg_genome_length=50.835
2021-12-11 19:50:53.502480 | GENERATION: 34 | ERRORS: best=1340.0, median=2275.0, diversity=0.525 | INDIVIDUALS: n=200, avg_genome_length=49.075
2021-12-11 19:51:00.808950 | GENERATION: 35 | ERRORS: best=1373.0, median=2275.0, diversity=0.58 | INDIVIDUALS: n=200, avg_genome_length=49.685
2021-12-11 19:51:06.517373 | GENERATION: 36 | ERRORS: best=1379.0, median=2275.0, diversity=0.515 | INDIVIDUALS: n=200, avg_genome_length=45.85
2021-12-11 19:51:15.176036 | GENERATION: 37 | ERRORS: best=1356.0, median=2275.0, diversity=0.55 | INDIVIDUALS: n=200, avg_genome_length=47.895
2021-12-11 19:51:20.550769 | GENERATION: 38 | ERRORS: best=1339.0, median=2275.0, diversity=0.525 | INDIVIDUALS: n=200, avg_genome_length=44.475
2021-12-11 19:51:27.179714 | GENERATION: 39 | ERRORS: best=1339.0, median=2275.0, diversity=0.535 | INDIVIDUALS: n=200, avg_genome_length=45.235
2021-12-11 19:51:33.107671 | GENERATION: 40 | ERRORS: best=1352.0, median=2275.0, diversity=0.58 | INDIVIDUALS: n=200, avg_genome_length=43.94
2021-12-11 19:51:38.272541 | GENERATION: 41 | ERRORS: best=1389.0, median=2275.0, diversity=0.52 | INDIVIDUALS: n=200, avg_genome_length=44.32
2021-12-11 19:51:43.749479 | GENERATION: 42 | ERRORS: best=1391.0, median=2275.0, diversity=0.55 | INDIVIDUALS: n=200, avg_genome_length=47.35
2021-12-11 19:51:48.645114 | GENERATION: 43 | ERRORS: best=1380.0, median=2275.0, diversity=0.52 | INDIVIDUALS: n=200, avg_genome_length=44.34
2021-12-11 19:51:54.647444 | GENERATION: 44 | ERRORS: best=1385.0, median=2149.0, diversity=0.54 | INDIVIDUALS: n=200, avg_genome_length=47.41
2021-12-11 19:52:00.243521 | GENERATION: 45 | ERRORS: best=1384.0, median=2149.0, diversity=0.57 | INDIVIDUALS: n=200, avg_genome_length=44.78
2021-12-11 19:52:06.017858 | GENERATION: 46 | ERRORS: best=1363.0, median=2149.0, diversity=0.485 | INDIVIDUALS: n=200, avg_genome_length=43.395
2021-12-11 19:52:10.496124 | GENERATION: 47 | ERRORS: best=1377.0, median=2149.0, diversity=0.415 | INDIVIDUALS: n=200, avg_genome_length=40.955
2021-12-11 19:52:16.667988 | GENERATION: 48 | ERRORS: best=1377.0, median=2268.0, diversity=0.42 | INDIVIDUALS: n=200, avg_genome_length=42.6
2021-12-11 19:52:21.306183 | GENERATION: 49 | ERRORS: best=1374.0, median=2149.0, diversity=0.47 | INDIVIDUALS: n=200, avg_genome_length=39.855
2021-12-11 19:52:25.966689 | GENERATION: 50 | ERRORS: best=1354.0, median=2149.0, diversity=0.4 | INDIVIDUALS: n=200, avg_genome_length=40.74
2021-12-11 19:52:30.678154 | GENERATION: 51 | ERRORS: best=1372.0, median=2275.0, diversity=0.455 | INDIVIDUALS: n=200, avg_genome_length=42.625
2021-12-11 19:52:35.654215 | GENERATION: 52 | ERRORS: best=1371.0, median=2149.0, diversity=0.455 | INDIVIDUALS: n=200, avg_genome_length=41.195
2021-12-11 19:52:37.900186 | GENERATION: 53 | ERRORS: best=1374.0, median=2149.0, diversity=0.48 | INDIVIDUALS: n=200, avg_genome_length=40.865
2021-12-11 19:52:42.346232 | GENERATION: 54 | ERRORS: best=1365.0, median=2149.0, diversity=0.445 | INDIVIDUALS: n=200, avg_genome_length=42.04
2021-12-11 19:52:47.036700 | GENERATION: 55 | ERRORS: best=1374.0, median=2149.0, diversity=0.485 | INDIVIDUALS: n=200, avg_genome_length=38.87
2021-12-11 19:52:52.539826 | GENERATION: 56 | ERRORS: best=1356.0, median=2149.0, diversity=0.48 | INDIVIDUALS: n=200, avg_genome_length=40.375
2021-12-11 19:52:59.136952 | GENERATION: 57 | ERRORS: best=1372.0, median=2149.0, diversity=0.52 | INDIVIDUALS: n=200, avg_genome_length=36.39
2021-12-11 19:53:04.569804 | GENERATION: 58 | ERRORS: best=1371.0, median=2275.0, diversity=0.55 | INDIVIDUALS: n=200, avg_genome_length=38.155
2021-12-11 19:53:09.304040 | GENERATION: 59 | ERRORS: best=1390.0, median=2263.5, diversity=0.475 | INDIVIDUALS: n=200, avg_genome_length=33.95
2021-12-11 19:53:14.526918 | GENERATION: 60 | ERRORS: best=1402.0, median=2149.0, diversity=0.515 | INDIVIDUALS: n=200, avg_genome_length=34.605
2021-12-11 19:53:19.772567 | GENERATION: 61 | ERRORS: best=1374.0, median=2244.0, diversity=0.495 | INDIVIDUALS: n=200, avg_genome_length=32.695
2021-12-11 19:53:25.197586 | GENERATION: 62 | ERRORS: best=1389.0, median=2275.0, diversity=0.37 | INDIVIDUALS: n=200, avg_genome_length=27.185
2021-12-11 19:53:28.106672 | GENERATION: 63 | ERRORS: best=1372.0, median=2238.5, diversity=0.425 | INDIVIDUALS: n=200, avg_genome_length=27.935
2021-12-11 19:53:32.586431 | GENERATION: 64 | ERRORS: best=1361.0, median=2275.0, diversity=0.445 | INDIVIDUALS: n=200, avg_genome_length=31.035
2021-12-11 19:53:37.260206 | GENERATION: 65 | ERRORS: best=1380.0, median=2275.0, diversity=0.49 | INDIVIDUALS: n=200, avg_genome_length=30.045
2021-12-11 19:53:42.068225 | GENERATION: 66 | ERRORS: best=1380.0, median=2275.0, diversity=0.3 | INDIVIDUALS: n=200, avg_genome_length=28.095
2021-12-11 19:53:46.671051 | GENERATION: 67 | ERRORS: best=1376.0, median=2275.0, diversity=0.45 | INDIVIDUALS: n=200, avg_genome_length=30.425
2021-12-11 19:53:49.181977 | GENERATION: 68 | ERRORS: best=1380.0, median=2275.0, diversity=0.43 | INDIVIDUALS: n=200, avg_genome_length=30.405
2021-12-11 19:53:52.969308 | GENERATION: 69 | ERRORS: best=1380.0, median=2275.0, diversity=0.46 | INDIVIDUALS: n=200, avg_genome_length=29.48
2021-12-11 19:53:57.648116 | GENERATION: 70 | ERRORS: best=1380.0, median=2275.0, diversity=0.42 | INDIVIDUALS: n=200, avg_genome_length=28.05
2021-12-11 19:54:01.532048 | GENERATION: 71 | ERRORS: best=1380.0, median=2275.0, diversity=0.43 | INDIVIDUALS: n=200, avg_genome_length=29.45
2021-12-11 19:54:05.349235 | GENERATION: 72 | ERRORS: best=1389.0, median=2246.5, diversity=0.46 | INDIVIDUALS: n=200, avg_genome_length=29.165
2021-12-11 19:54:08.906407 | GENERATION: 73 | ERRORS: best=1381.0, median=2275.0, diversity=0.485 | INDIVIDUALS: n=200, avg_genome_length=29.88
2021-12-11 19:54:11.421858 | GENERATION: 74 | ERRORS: best=1356.0, median=2274.5, diversity=0.51 | INDIVIDUALS: n=200, avg_genome_length=28.74
2021-12-11 19:54:15.703617 | GENERATION: 75 | ERRORS: best=1370.0, median=2275.0, diversity=0.405 | INDIVIDUALS: n=200, avg_genome_length=26.89
2021-12-11 19:54:17.629827 | GENERATION: 76 | ERRORS: best=1350.0, median=2149.0, diversity=0.425 | INDIVIDUALS: n=200, avg_genome_length=26.36
2021-12-11 19:54:22.134152 | GENERATION: 77 | ERRORS: best=1364.0, median=2149.0, diversity=0.515 | INDIVIDUALS: n=200, avg_genome_length=28.485
2021-12-11 19:54:26.195308 | GENERATION: 78 | ERRORS: best=1377.0, median=2149.0, diversity=0.455 | INDIVIDUALS: n=200, avg_genome_length=26.565
2021-12-11 19:54:30.334592 | GENERATION: 79 | ERRORS: best=1369.0, median=2275.0, diversity=0.435 | INDIVIDUALS: n=200, avg_genome_length=23.58
2021-12-11 19:54:34.307311 | GENERATION: 80 | ERRORS: best=1367.0, median=2275.0, diversity=0.405 | INDIVIDUALS: n=200, avg_genome_length=23.46
2021-12-11 19:54:38.305612 | GENERATION: 81 | ERRORS: best=1384.0, median=2275.0, diversity=0.415 | INDIVIDUALS: n=200, avg_genome_length=23.585
2021-12-11 19:54:42.952504 | GENERATION: 82 | ERRORS: best=1384.0, median=2149.0, diversity=0.43 | INDIVIDUALS: n=200, avg_genome_length=20.155
2021-12-11 19:54:47.128339 | GENERATION: 83 | ERRORS: best=1383.0, median=2149.0, diversity=0.39 | INDIVIDUALS: n=200, avg_genome_length=21.57
2021-12-11 19:54:52.109967 | GENERATION: 84 | ERRORS: best=1389.0, median=2149.0, diversity=0.385 | INDIVIDUALS: n=200, avg_genome_length=25.37
2021-12-11 19:54:57.207315 | GENERATION: 85 | ERRORS: best=1385.0, median=2275.0, diversity=0.395 | INDIVIDUALS: n=200, avg_genome_length=23.965
2021-12-11 19:55:02.554872 | GENERATION: 86 | ERRORS: best=1389.0, median=2275.0, diversity=0.37 | INDIVIDUALS: n=200, avg_genome_length=21.855
2021-12-11 19:55:06.916722 | GENERATION: 87 | ERRORS: best=1386.0, median=2275.0, diversity=0.375 | INDIVIDUALS: n=200, avg_genome_length=23.745
2021-12-11 19:55:10.768780 | GENERATION: 88 | ERRORS: best=1407.0, median=2275.0, diversity=0.38 | INDIVIDUALS: n=200, avg_genome_length=22.86
2021-12-11 19:55:13.379233 | GENERATION: 89 | ERRORS: best=1377.0, median=2275.0, diversity=0.465 | INDIVIDUALS: n=200, avg_genome_length=23.2
2021-12-11 19:55:17.512149 | GENERATION: 90 | ERRORS: best=1389.0, median=2149.0, diversity=0.47 | INDIVIDUALS: n=200, avg_genome_length=25.475
2021-12-11 19:55:22.027983 | GENERATION: 91 | ERRORS: best=1385.0, median=2149.0, diversity=0.42 | INDIVIDUALS: n=200, avg_genome_length=22.995
2021-12-11 19:55:26.217700 | GENERATION: 92 | ERRORS: best=1400.0, median=2149.0, diversity=0.46 | INDIVIDUALS: n=200, avg_genome_length=21.735
2021-12-11 19:55:28.825122 | GENERATION: 93 | ERRORS: best=1404.0, median=2275.0, diversity=0.395 | INDIVIDUALS: n=200, avg_genome_length=18.4
2021-12-11 19:55:30.443758 | GENERATION: 94 | ERRORS: best=1399.0, median=2275.0, diversity=0.295 | INDIVIDUALS: n=200, avg_genome_length=15.575
2021-12-11 19:55:34.631309 | GENERATION: 95 | ERRORS: best=1389.0, median=2120.0, diversity=0.425 | INDIVIDUALS: n=200, avg_genome_length=16.76
2021-12-11 19:55:37.212967 | GENERATION: 96 | ERRORS: best=1402.0, median=2149.0, diversity=0.445 | INDIVIDUALS: n=200, avg_genome_length=16.305
2021-12-11 19:55:41.851206 | GENERATION: 97 | ERRORS: best=1401.0, median=2275.0, diversity=0.455 | INDIVIDUALS: n=200, avg_genome_length=14.455
2021-12-11 19:55:45.390536 | GENERATION: 98 | ERRORS: best=1396.0, median=2275.0, diversity=0.475 | INDIVIDUALS: n=200, avg_genome_length=14.68
2021-12-11 19:55:49.576921 | GENERATION: 99 | ERRORS: best=1396.0, median=2275.0, diversity=0.495 | INDIVIDUALS: n=200, avg_genome_length=14.225
2021-12-11 19:55:53.742854 | GENERATION: 100 | ERRORS: best=1394.0, median=2275.0, diversity=0.465 | INDIVIDUALS: n=200, avg_genome_length=13.62
2021-12-11 19:55:58.036149 | GENERATION: 101 | ERRORS: best=1360.0, median=2178.0, diversity=0.435 | INDIVIDUALS: n=200, avg_genome_length=15.325
2021-12-11 19:56:01.265856 | GENERATION: 102 | ERRORS: best=1363.0, median=2275.0, diversity=0.46 | INDIVIDUALS: n=200, avg_genome_length=14.475
2021-12-11 19:56:05.407508 | GENERATION: 103 | ERRORS: best=1382.0, median=2275.0, diversity=0.41 | INDIVIDUALS: n=200, avg_genome_length=14.54
2021-12-11 19:56:09.190154 | GENERATION: 104 | ERRORS: best=1372.0, median=2275.0, diversity=0.485 | INDIVIDUALS: n=200, avg_genome_length=13.44
2021-12-11 19:56:15.070866 | GENERATION: 105 | ERRORS: best=1372.0, median=2275.0, diversity=0.475 | INDIVIDUALS: n=200, avg_genome_length=13.82
2021-12-11 19:56:17.046598 | GENERATION: 106 | ERRORS: best=1359.0, median=2275.0, diversity=0.375 | INDIVIDUALS: n=200, avg_genome_length=12.645
2021-12-11 19:56:19.063179 | GENERATION: 107 | ERRORS: best=1384.0, median=2275.0, diversity=0.36 | INDIVIDUALS: n=200, avg_genome_length=11.74
2021-12-11 19:56:20.119918 | GENERATION: 108 | ERRORS: best=1362.0, median=2275.0, diversity=0.37 | INDIVIDUALS: n=200, avg_genome_length=11.315
2021-12-11 19:56:22.712591 | GENERATION: 109 | ERRORS: best=1384.0, median=2275.0, diversity=0.24 | INDIVIDUALS: n=200, avg_genome_length=9.475
2021-12-11 19:56:25.404691 | GENERATION: 110 | ERRORS: best=1396.0, median=2275.0, diversity=0.275 | INDIVIDUALS: n=200, avg_genome_length=8.805
2021-12-11 19:56:26.957314 | GENERATION: 111 | ERRORS: best=1405.0, median=2275.0, diversity=0.26 | INDIVIDUALS: n=200, avg_genome_length=9.66
2021-12-11 19:56:31.310573 | GENERATION: 112 | ERRORS: best=1401.0, median=2275.0, diversity=0.295 | INDIVIDUALS: n=200, avg_genome_length=9.41
2021-12-11 19:56:35.939444 | GENERATION: 113 | ERRORS: best=1402.0, median=2275.0, diversity=0.23 | INDIVIDUALS: n=200, avg_genome_length=8.815
2021-12-11 19:56:38.391849 | GENERATION: 114 | ERRORS: best=1433.0, median=2275.0, diversity=0.23 | INDIVIDUALS: n=200, avg_genome_length=9.255
2021-12-11 19:56:42.513697 | GENERATION: 115 | ERRORS: best=1409.0, median=2275.0, diversity=0.215 | INDIVIDUALS: n=200, avg_genome_length=8.9
2021-12-11 19:56:44.978792 | GENERATION: 116 | ERRORS: best=1428.0, median=2275.0, diversity=0.245 | INDIVIDUALS: n=200, avg_genome_length=8.8
2021-12-11 19:56:48.748615 | GENERATION: 117 | ERRORS: best=1607.0, median=2275.0, diversity=0.19 | INDIVIDUALS: n=200, avg_genome_length=8.385
2021-12-11 19:56:52.721474 | GENERATION: 118 | ERRORS: best=1474.0, median=2275.0, diversity=0.22 | INDIVIDUALS: n=200, avg_genome_length=10.19
2021-12-11 19:56:56.530676 | GENERATION: 119 | ERRORS: best=1434.0, median=2275.0, diversity=0.255 | INDIVIDUALS: n=200, avg_genome_length=11.755
2021-12-11 19:57:00.593174 | GENERATION: 120 | ERRORS: best=1475.0, median=2275.0, diversity=0.31 | INDIVIDUALS: n=200, avg_genome_length=12.28
2021-12-11 19:57:03.053414 | GENERATION: 121 | ERRORS: best=1469.0, median=2275.0, diversity=0.285 | INDIVIDUALS: n=200, avg_genome_length=11.675
2021-12-11 19:57:06.883540 | GENERATION: 122 | ERRORS: best=1439.0, median=2275.0, diversity=0.27 | INDIVIDUALS: n=200, avg_genome_length=10.395
2021-12-11 19:57:07.920383 | GENERATION: 123 | ERRORS: best=1392.0, median=2275.0, diversity=0.28 | INDIVIDUALS: n=200, avg_genome_length=10.845
2021-12-11 19:57:11.471768 | GENERATION: 124 | ERRORS: best=1404.0, median=2275.0, diversity=0.29 | INDIVIDUALS: n=200, avg_genome_length=11.94
2021-12-11 19:57:15.512617 | GENERATION: 125 | ERRORS: best=1410.0, median=2275.0, diversity=0.27 | INDIVIDUALS: n=200, avg_genome_length=11.86
2021-12-11 19:57:18.304696 | GENERATION: 126 | ERRORS: best=1414.0, median=2275.0, diversity=0.295 | INDIVIDUALS: n=200, avg_genome_length=11.26
2021-12-11 19:57:22.307627 | GENERATION: 127 | ERRORS: best=1401.0, median=2275.0, diversity=0.22 | INDIVIDUALS: n=200, avg_genome_length=10.875
2021-12-11 19:57:23.510340 | GENERATION: 128 | ERRORS: best=1411.0, median=2275.0, diversity=0.295 | INDIVIDUALS: n=200, avg_genome_length=11.84
2021-12-11 19:57:24.546468 | GENERATION: 129 | ERRORS: best=1397.0, median=2275.0, diversity=0.275 | INDIVIDUALS: n=200, avg_genome_length=11.97
2021-12-11 19:57:25.594166 | GENERATION: 130 | ERRORS: best=1397.0, median=2149.0, diversity=0.31 | INDIVIDUALS: n=200, avg_genome_length=12.02
2021-12-11 19:57:28.270160 | GENERATION: 131 | ERRORS: best=1406.0, median=2275.0, diversity=0.29 | INDIVIDUALS: n=200, avg_genome_length=11.065
2021-12-11 19:57:32.853485 | GENERATION: 132 | ERRORS: best=1406.0, median=2275.0, diversity=0.385 | INDIVIDUALS: n=200, avg_genome_length=12.47
2021-12-11 19:57:35.323763 | GENERATION: 133 | ERRORS: best=1392.0, median=2275.0, diversity=0.365 | INDIVIDUALS: n=200, avg_genome_length=14.12
2021-12-11 19:57:38.557166 | GENERATION: 134 | ERRORS: best=1383.0, median=2275.0, diversity=0.395 | INDIVIDUALS: n=200, avg_genome_length=14.735
2021-12-11 19:57:43.173524 | GENERATION: 135 | ERRORS: best=1401.0, median=2275.0, diversity=0.43 | INDIVIDUALS: n=200, avg_genome_length=16.35
2021-12-11 19:57:45.885893 | GENERATION: 136 | ERRORS: best=1410.0, median=2275.0, diversity=0.375 | INDIVIDUALS: n=200, avg_genome_length=15.51
2021-12-11 19:57:49.568789 | GENERATION: 137 | ERRORS: best=1384.0, median=2275.0, diversity=0.435 | INDIVIDUALS: n=200, avg_genome_length=15.0
2021-12-11 19:57:53.159065 | GENERATION: 138 | ERRORS: best=1403.0, median=2275.0, diversity=0.375 | INDIVIDUALS: n=200, avg_genome_length=13.365
2021-12-11 19:57:59.130817 | GENERATION: 139 | ERRORS: best=1383.0, median=2275.0, diversity=0.37 | INDIVIDUALS: n=200, avg_genome_length=12.71
2021-12-11 19:58:02.187204 | GENERATION: 140 | ERRORS: best=1385.0, median=2275.0, diversity=0.34 | INDIVIDUALS: n=200, avg_genome_length=12.28
2021-12-11 19:58:03.316183 | GENERATION: 141 | ERRORS: best=1391.0, median=2275.0, diversity=0.3 | INDIVIDUALS: n=200, avg_genome_length=11.56
2021-12-11 19:58:04.577670 | GENERATION: 142 | ERRORS: best=1385.0, median=2275.0, diversity=0.225 | INDIVIDUALS: n=200, avg_genome_length=10.65
2021-12-11 19:58:07.527830 | GENERATION: 143 | ERRORS: best=1395.0, median=2275.0, diversity=0.255 | INDIVIDUALS: n=200, avg_genome_length=10.17
2021-12-11 19:58:11.301320 | GENERATION: 144 | ERRORS: best=1387.0, median=2275.0, diversity=0.28 | INDIVIDUALS: n=200, avg_genome_length=9.875
2021-12-11 19:58:12.359659 | GENERATION: 145 | ERRORS: best=1392.0, median=2275.0, diversity=0.265 | INDIVIDUALS: n=200, avg_genome_length=10.05
2021-12-11 19:58:13.466803 | GENERATION: 146 | ERRORS: best=1392.0, median=2275.0, diversity=0.28 | INDIVIDUALS: n=200, avg_genome_length=10.675
2021-12-11 19:58:14.544628 | GENERATION: 147 | ERRORS: best=1382.0, median=2275.0, diversity=0.31 | INDIVIDUALS: n=200, avg_genome_length=10.69
2021-12-11 19:58:16.754682 | GENERATION: 148 | ERRORS: best=1411.0, median=2275.0, diversity=0.255 | INDIVIDUALS: n=200, avg_genome_length=9.945
2021-12-11 19:58:19.139287 | GENERATION: 149 | ERRORS: best=1393.0, median=2275.0, diversity=0.22 | INDIVIDUALS: n=200, avg_genome_length=10.145
2021-12-11 19:58:24.830613 | GENERATION: 150 | ERRORS: best=1392.0, median=2275.0, diversity=0.265 | INDIVIDUALS: n=200, avg_genome_length=9.775
2021-12-11 19:58:26.465705 | GENERATION: 151 | ERRORS: best=1397.0, median=2275.0, diversity=0.275 | INDIVIDUALS: n=200, avg_genome_length=9.805
2021-12-11 19:58:27.958814 | GENERATION: 152 | ERRORS: best=1405.0, median=2275.0, diversity=0.24 | INDIVIDUALS: n=200, avg_genome_length=10.155
2021-12-11 19:58:29.855099 | GENERATION: 153 | ERRORS: best=1405.0, median=2275.0, diversity=0.26 | INDIVIDUALS: n=200, avg_genome_length=11.185
2021-12-11 19:58:31.596135 | GENERATION: 154 | ERRORS: best=1410.0, median=2275.0, diversity=0.22 | INDIVIDUALS: n=200, avg_genome_length=11.175
2021-12-11 19:58:35.775621 | GENERATION: 155 | ERRORS: best=1406.0, median=2275.0, diversity=0.3 | INDIVIDUALS: n=200, avg_genome_length=12.375
2021-12-11 19:58:38.211301 | GENERATION: 156 | ERRORS: best=1391.0, median=2275.0, diversity=0.285 | INDIVIDUALS: n=200, avg_genome_length=11.61
2021-12-11 19:58:41.053792 | GENERATION: 157 | ERRORS: best=1380.0, median=2275.0, diversity=0.285 | INDIVIDUALS: n=200, avg_genome_length=13.845
2021-12-11 19:58:43.365356 | GENERATION: 158 | ERRORS: best=1378.0, median=2275.0, diversity=0.415 | INDIVIDUALS: n=200, avg_genome_length=14.8
2021-12-11 19:58:47.712148 | GENERATION: 159 | ERRORS: best=1377.0, median=2275.0, diversity=0.335 | INDIVIDUALS: n=200, avg_genome_length=13.95
2021-12-11 19:58:52.297981 | GENERATION: 160 | ERRORS: best=1385.0, median=2275.0, diversity=0.365 | INDIVIDUALS: n=200, avg_genome_length=14.2
2021-12-11 19:58:53.942158 | GENERATION: 161 | ERRORS: best=1390.0, median=2275.0, diversity=0.34 | INDIVIDUALS: n=200, avg_genome_length=14.685
2021-12-11 19:58:57.431732 | GENERATION: 162 | ERRORS: best=1384.0, median=2275.0, diversity=0.365 | INDIVIDUALS: n=200, avg_genome_length=14.79
2021-12-11 19:59:01.846098 | GENERATION: 163 | ERRORS: best=1412.0, median=2275.0, diversity=0.31 | INDIVIDUALS: n=200, avg_genome_length=12.845
2021-12-11 19:59:04.238939 | GENERATION: 164 | ERRORS: best=1385.0, median=2275.0, diversity=0.325 | INDIVIDUALS: n=200, avg_genome_length=14.275
2021-12-11 19:59:07.386811 | GENERATION: 165 | ERRORS: best=1388.0, median=2275.0, diversity=0.355 | INDIVIDUALS: n=200, avg_genome_length=13.43
2021-12-11 19:59:12.591898 | GENERATION: 166 | ERRORS: best=1388.0, median=2275.0, diversity=0.37 | INDIVIDUALS: n=200, avg_genome_length=14.705
2021-12-11 19:59:16.412696 | GENERATION: 167 | ERRORS: best=1395.0, median=2275.0, diversity=0.31 | INDIVIDUALS: n=200, avg_genome_length=13.69
2021-12-11 19:59:19.901183 | GENERATION: 168 | ERRORS: best=1392.0, median=2275.0, diversity=0.325 | INDIVIDUALS: n=200, avg_genome_length=13.92
2021-12-11 19:59:23.818845 | GENERATION: 169 | ERRORS: best=1400.0, median=2149.0, diversity=0.25 | INDIVIDUALS: n=200, avg_genome_length=15.725
2021-12-11 19:59:27.459862 | GENERATION: 170 | ERRORS: best=1400.0, median=2149.0, diversity=0.39 | INDIVIDUALS: n=200, avg_genome_length=17.1
2021-12-11 19:59:32.589178 | GENERATION: 171 | ERRORS: best=1400.0, median=2149.0, diversity=0.34 | INDIVIDUALS: n=200, avg_genome_length=17.42
2021-12-11 19:59:36.598680 | GENERATION: 172 | ERRORS: best=1369.0, median=2149.0, diversity=0.365 | INDIVIDUALS: n=200, avg_genome_length=16.105
2021-12-11 19:59:40.283281 | GENERATION: 173 | ERRORS: best=1369.0, median=2275.0, diversity=0.325 | INDIVIDUALS: n=200, avg_genome_length=15.015
2021-12-11 19:59:43.704469 | GENERATION: 174 | ERRORS: best=1404.0, median=2275.0, diversity=0.345 | INDIVIDUALS: n=200, avg_genome_length=15.215
2021-12-11 19:59:48.056496 | GENERATION: 175 | ERRORS: best=1404.0, median=2149.0, diversity=0.345 | INDIVIDUALS: n=200, avg_genome_length=15.56
2021-12-11 19:59:52.017753 | GENERATION: 176 | ERRORS: best=1421.0, median=2275.0, diversity=0.32 | INDIVIDUALS: n=200, avg_genome_length=16.225
2021-12-11 19:59:53.180731 | GENERATION: 177 | ERRORS: best=1395.0, median=2275.0, diversity=0.275 | INDIVIDUALS: n=200, avg_genome_length=14.095
2021-12-11 19:59:54.315498 | GENERATION: 178 | ERRORS: best=1395.0, median=2183.0, diversity=0.305 | INDIVIDUALS: n=200, avg_genome_length=13.645
2021-12-11 19:59:57.727034 | GENERATION: 179 | ERRORS: best=1390.0, median=2275.0, diversity=0.365 | INDIVIDUALS: n=200, avg_genome_length=13.04
2021-12-11 20:00:01.479180 | GENERATION: 180 | ERRORS: best=1382.0, median=2275.0, diversity=0.37 | INDIVIDUALS: n=200, avg_genome_length=13.48
2021-12-11 20:00:05.141572 | GENERATION: 181 | ERRORS: best=1384.0, median=2149.0, diversity=0.4 | INDIVIDUALS: n=200, avg_genome_length=14.265
2021-12-11 20:00:09.254585 | GENERATION: 182 | ERRORS: best=1389.0, median=2149.0, diversity=0.405 | INDIVIDUALS: n=200, avg_genome_length=13.49
2021-12-11 20:00:13.075817 | GENERATION: 183 | ERRORS: best=1394.0, median=2275.0, diversity=0.33 | INDIVIDUALS: n=200, avg_genome_length=13.12
2021-12-11 20:00:16.723309 | GENERATION: 184 | ERRORS: best=1396.0, median=2275.0, diversity=0.34 | INDIVIDUALS: n=200, avg_genome_length=14.1
2021-12-11 20:00:20.746641 | GENERATION: 185 | ERRORS: best=1422.0, median=2275.0, diversity=0.335 | INDIVIDUALS: n=200, avg_genome_length=15.025
2021-12-11 20:00:24.706182 | GENERATION: 186 | ERRORS: best=1419.0, median=2275.0, diversity=0.27 | INDIVIDUALS: n=200, avg_genome_length=15.59
2021-12-11 20:00:28.661452 | GENERATION: 187 | ERRORS: best=1420.0, median=2275.0, diversity=0.26 | INDIVIDUALS: n=200, avg_genome_length=15.77
2021-12-11 20:00:32.728069 | GENERATION: 188 | ERRORS: best=1408.0, median=2275.0, diversity=0.285 | INDIVIDUALS: n=200, avg_genome_length=14.365
2021-12-11 20:00:36.419692 | GENERATION: 189 | ERRORS: best=1406.0, median=2275.0, diversity=0.295 | INDIVIDUALS: n=200, avg_genome_length=13.98
2021-12-11 20:00:40.038939 | GENERATION: 190 | ERRORS: best=1426.0, median=2275.0, diversity=0.33 | INDIVIDUALS: n=200, avg_genome_length=13.825
2021-12-11 20:00:43.990551 | GENERATION: 191 | ERRORS: best=1397.0, median=2275.0, diversity=0.3 | INDIVIDUALS: n=200, avg_genome_length=13.12
2021-12-11 20:00:45.131034 | GENERATION: 192 | ERRORS: best=1380.0, median=2275.0, diversity=0.255 | INDIVIDUALS: n=200, avg_genome_length=13.685
2021-12-11 20:00:48.450789 | GENERATION: 193 | ERRORS: best=1416.0, median=2275.0, diversity=0.285 | INDIVIDUALS: n=200, avg_genome_length=14.105
2021-12-11 20:00:52.770454 | GENERATION: 194 | ERRORS: best=1416.0, median=2275.0, diversity=0.27 | INDIVIDUALS: n=200, avg_genome_length=12.92
2021-12-11 20:00:56.469845 | GENERATION: 195 | ERRORS: best=1407.0, median=2275.0, diversity=0.28 | INDIVIDUALS: n=200, avg_genome_length=11.86
2021-12-11 20:01:00.522361 | GENERATION: 196 | ERRORS: best=1400.0, median=2275.0, diversity=0.28 | INDIVIDUALS: n=200, avg_genome_length=12.43
2021-12-11 20:01:04.861560 | GENERATION: 197 | ERRORS: best=1389.0, median=2275.0, diversity=0.34 | INDIVIDUALS: n=200, avg_genome_length=12.11
2021-12-11 20:01:11.790315 | GENERATION: 198 | ERRORS: best=1396.0, median=2275.0, diversity=0.33 | INDIVIDUALS: n=200, avg_genome_length=12.35
2021-12-11 20:01:17.403537 | GENERATION: 199 | ERRORS: best=1404.0, median=2275.0, diversity=0.28 | INDIVIDUALS: n=200, avg_genome_length=11.985
2021-12-11 20:01:21.642595 | GENERATION: 200 | ERRORS: best=1399.0, median=2275.0, diversity=0.26 | INDIVIDUALS: n=200, avg_genome_length=10.99
2021-12-11 20:01:24.229565 | GENERATION: 201 | ERRORS: best=1380.0, median=2275.0, diversity=0.295 | INDIVIDUALS: n=200, avg_genome_length=12.025
2021-12-11 20:01:27.644881 | GENERATION: 202 | ERRORS: best=1396.0, median=2275.0, diversity=0.285 | INDIVIDUALS: n=200, avg_genome_length=11.61
2021-12-11 20:01:30.330927 | GENERATION: 203 | ERRORS: best=1386.0, median=2275.0, diversity=0.39 | INDIVIDUALS: n=200, avg_genome_length=13.34
2021-12-11 20:01:31.428126 | GENERATION: 204 | ERRORS: best=1393.0, median=2275.0, diversity=0.355 | INDIVIDUALS: n=200, avg_genome_length=13.36
2021-12-11 20:01:34.978097 | GENERATION: 205 | ERRORS: best=1394.0, median=2275.0, diversity=0.355 | INDIVIDUALS: n=200, avg_genome_length=13.74
2021-12-11 20:01:39.338483 | GENERATION: 206 | ERRORS: best=1420.0, median=2275.0, diversity=0.33 | INDIVIDUALS: n=200, avg_genome_length=12.505
2021-12-11 20:01:42.490905 | GENERATION: 207 | ERRORS: best=1409.0, median=2275.0, diversity=0.205 | INDIVIDUALS: n=200, avg_genome_length=11.435
2021-12-11 20:01:47.720884 | GENERATION: 208 | ERRORS: best=1407.0, median=2275.0, diversity=0.31 | INDIVIDUALS: n=200, avg_genome_length=12.245
2021-12-11 20:01:51.057917 | GENERATION: 209 | ERRORS: best=1405.0, median=2275.0, diversity=0.27 | INDIVIDUALS: n=200, avg_genome_length=12.515
2021-12-11 20:01:52.379699 | GENERATION: 210 | ERRORS: best=1403.0, median=2275.0, diversity=0.32 | INDIVIDUALS: n=200, avg_genome_length=12.79
2021-12-11 20:01:53.801015 | GENERATION: 211 | ERRORS: best=1405.0, median=2275.0, diversity=0.235 | INDIVIDUALS: n=200, avg_genome_length=12.565
2021-12-11 20:01:55.181803 | GENERATION: 212 | ERRORS: best=1405.0, median=2275.0, diversity=0.25 | INDIVIDUALS: n=200, avg_genome_length=12.28
2021-12-11 20:01:56.225161 | GENERATION: 213 | ERRORS: best=1386.0, median=2275.0, diversity=0.26 | INDIVIDUALS: n=200, avg_genome_length=12.585
2021-12-11 20:01:59.721068 | GENERATION: 214 | ERRORS: best=1401.0, median=2275.0, diversity=0.235 | INDIVIDUALS: n=200, avg_genome_length=12.875
2021-12-11 20:02:02.225116 | GENERATION: 215 | ERRORS: best=1401.0, median=2275.0, diversity=0.255 | INDIVIDUALS: n=200, avg_genome_length=11.695
2021-12-11 20:02:06.269973 | GENERATION: 216 | ERRORS: best=1405.0, median=2275.0, diversity=0.295 | INDIVIDUALS: n=200, avg_genome_length=12.825
2021-12-11 20:02:10.509091 | GENERATION: 217 | ERRORS: best=1399.0, median=2275.0, diversity=0.255 | INDIVIDUALS: n=200, avg_genome_length=11.605
2021-12-11 20:02:15.744794 | GENERATION: 218 | ERRORS: best=1394.0, median=2275.0, diversity=0.37 | INDIVIDUALS: n=200, avg_genome_length=14.72
2021-12-11 20:02:17.591880 | GENERATION: 219 | ERRORS: best=1404.0, median=2275.0, diversity=0.32 | INDIVIDUALS: n=200, avg_genome_length=15.03
2021-12-11 20:02:21.167199 | GENERATION: 220 | ERRORS: best=1401.0, median=2275.0, diversity=0.325 | INDIVIDUALS: n=200, avg_genome_length=16.425
2021-12-11 20:02:27.246698 | GENERATION: 221 | ERRORS: best=1399.0, median=2275.0, diversity=0.425 | INDIVIDUALS: n=200, avg_genome_length=17.97
2021-12-11 20:02:31.848559 | GENERATION: 222 | ERRORS: best=1402.0, median=2275.0, diversity=0.435 | INDIVIDUALS: n=200, avg_genome_length=19.47
2021-12-11 20:02:35.379140 | GENERATION: 223 | ERRORS: best=1380.0, median=2275.0, diversity=0.475 | INDIVIDUALS: n=200, avg_genome_length=18.99
2021-12-11 20:02:39.275346 | GENERATION: 224 | ERRORS: best=1399.0, median=2275.0, diversity=0.47 | INDIVIDUALS: n=200, avg_genome_length=18.745
2021-12-11 20:02:43.963689 | GENERATION: 225 | ERRORS: best=1394.0, median=2275.0, diversity=0.44 | INDIVIDUALS: n=200, avg_genome_length=16.69
2021-12-11 20:02:48.864557 | GENERATION: 226 | ERRORS: best=1394.0, median=2275.0, diversity=0.375 | INDIVIDUALS: n=200, avg_genome_length=15.835
2021-12-11 20:02:50.354693 | GENERATION: 227 | ERRORS: best=1393.0, median=2272.0, diversity=0.505 | INDIVIDUALS: n=200, avg_genome_length=17.705
2021-12-11 20:02:53.530507 | GENERATION: 228 | ERRORS: best=1401.0, median=2275.0, diversity=0.36 | INDIVIDUALS: n=200, avg_genome_length=16.295
2021-12-11 20:02:55.449708 | GENERATION: 229 | ERRORS: best=1396.0, median=2275.0, diversity=0.355 | INDIVIDUALS: n=200, avg_genome_length=16.22
2021-12-11 20:02:57.697532 | GENERATION: 230 | ERRORS: best=1397.0, median=2275.0, diversity=0.33 | INDIVIDUALS: n=200, avg_genome_length=15.23
2021-12-11 20:02:58.821065 | GENERATION: 231 | ERRORS: best=1392.0, median=2275.0, diversity=0.315 | INDIVIDUALS: n=200, avg_genome_length=14.37
2021-12-11 20:03:02.843076 | GENERATION: 232 | ERRORS: best=1396.0, median=2275.0, diversity=0.32 | INDIVIDUALS: n=200, avg_genome_length=14.315
2021-12-11 20:03:04.251411 | GENERATION: 233 | ERRORS: best=1405.0, median=2275.0, diversity=0.3 | INDIVIDUALS: n=200, avg_genome_length=14.295
2021-12-11 20:03:06.325743 | GENERATION: 234 | ERRORS: best=1389.0, median=2275.0, diversity=0.315 | INDIVIDUALS: n=200, avg_genome_length=14.39
2021-12-11 20:03:08.957808 | GENERATION: 235 | ERRORS: best=1399.0, median=2275.0, diversity=0.29 | INDIVIDUALS: n=200, avg_genome_length=14.825
2021-12-11 20:03:10.497895 | GENERATION: 236 | ERRORS: best=1396.0, median=2275.0, diversity=0.295 | INDIVIDUALS: n=200, avg_genome_length=14.795
2021-12-11 20:03:11.858793 | GENERATION: 237 | ERRORS: best=1384.0, median=2275.0, diversity=0.305 | INDIVIDUALS: n=200, avg_genome_length=15.455
2021-12-11 20:03:17.587952 | GENERATION: 238 | ERRORS: best=1380.0, median=2149.0, diversity=0.335 | INDIVIDUALS: n=200, avg_genome_length=17.53
2021-12-11 20:03:21.363951 | GENERATION: 239 | ERRORS: best=1394.0, median=2149.0, diversity=0.295 | INDIVIDUALS: n=200, avg_genome_length=17.87
2021-12-11 20:03:23.654223 | GENERATION: 240 | ERRORS: best=1390.0, median=2149.0, diversity=0.33 | INDIVIDUALS: n=200, avg_genome_length=18.38
2021-12-11 20:03:25.016626 | GENERATION: 241 | ERRORS: best=1391.0, median=2275.0, diversity=0.27 | INDIVIDUALS: n=200, avg_genome_length=17.035
2021-12-11 20:03:26.440141 | GENERATION: 242 | ERRORS: best=1388.0, median=2275.0, diversity=0.355 | INDIVIDUALS: n=200, avg_genome_length=18.04
2021-12-11 20:03:28.839873 | GENERATION: 243 | ERRORS: best=1369.0, median=2275.0, diversity=0.355 | INDIVIDUALS: n=200, avg_genome_length=20.465
2021-12-11 20:03:31.310019 | GENERATION: 244 | ERRORS: best=1388.0, median=2275.0, diversity=0.39 | INDIVIDUALS: n=200, avg_genome_length=19.99
2021-12-11 20:03:35.177202 | GENERATION: 245 | ERRORS: best=1377.0, median=2275.0, diversity=0.435 | INDIVIDUALS: n=200, avg_genome_length=22.295
2021-12-11 20:03:39.448310 | GENERATION: 246 | ERRORS: best=1366.0, median=2275.0, diversity=0.46 | INDIVIDUALS: n=200, avg_genome_length=22.63
2021-12-11 20:03:42.611962 | GENERATION: 247 | ERRORS: best=1382.0, median=2275.0, diversity=0.465 | INDIVIDUALS: n=200, avg_genome_length=23.63
2021-12-11 20:03:48.990527 | GENERATION: 248 | ERRORS: best=1399.0, median=2275.0, diversity=0.46 | INDIVIDUALS: n=200, avg_genome_length=23.105
2021-12-11 20:03:53.259926 | GENERATION: 249 | ERRORS: best=1377.0, median=2275.0, diversity=0.415 | INDIVIDUALS: n=200, avg_genome_length=21.08
2021-12-11 20:03:54.742924 | GENERATION: 250 | ERRORS: best=1355.0, median=2149.0, diversity=0.41 | INDIVIDUALS: n=200, avg_genome_length=22.095
2021-12-11 20:03:58.913829 | GENERATION: 251 | ERRORS: best=1377.0, median=2275.0, diversity=0.42 | INDIVIDUALS: n=200, avg_genome_length=24.425
2021-12-11 20:04:02.194932 | GENERATION: 252 | ERRORS: best=1390.0, median=2275.0, diversity=0.45 | INDIVIDUALS: n=200, avg_genome_length=24.1
2021-12-11 20:04:03.939699 | GENERATION: 253 | ERRORS: best=1379.0, median=2275.0, diversity=0.38 | INDIVIDUALS: n=200, avg_genome_length=24.78
2021-12-11 20:04:08.354584 | GENERATION: 254 | ERRORS: best=1379.0, median=2149.0, diversity=0.42 | INDIVIDUALS: n=200, avg_genome_length=26.195
2021-12-11 20:04:13.192424 | GENERATION: 255 | ERRORS: best=1376.0, median=2149.0, diversity=0.57 | INDIVIDUALS: n=200, avg_genome_length=28.035
2021-12-11 20:04:17.549852 | GENERATION: 256 | ERRORS: best=1375.0, median=2149.0, diversity=0.53 | INDIVIDUALS: n=200, avg_genome_length=25.4
2021-12-11 20:04:21.263961 | GENERATION: 257 | ERRORS: best=1384.0, median=2149.0, diversity=0.49 | INDIVIDUALS: n=200, avg_genome_length=24.41
2021-12-11 20:04:23.695696 | GENERATION: 258 | ERRORS: best=1382.0, median=2200.0, diversity=0.48 | INDIVIDUALS: n=200, avg_genome_length=25.365
2021-12-11 20:04:26.716365 | GENERATION: 259 | ERRORS: best=1360.0, median=2149.0, diversity=0.46 | INDIVIDUALS: n=200, avg_genome_length=23.655
2021-12-11 20:04:29.898378 | GENERATION: 260 | ERRORS: best=1382.0, median=2149.0, diversity=0.53 | INDIVIDUALS: n=200, avg_genome_length=24.9
2021-12-11 20:04:36.858045 | GENERATION: 261 | ERRORS: best=1372.0, median=2275.0, diversity=0.525 | INDIVIDUALS: n=200, avg_genome_length=25.985
2021-12-11 20:04:41.762868 | GENERATION: 262 | ERRORS: best=1367.0, median=2275.0, diversity=0.535 | INDIVIDUALS: n=200, avg_genome_length=26.815
2021-12-11 20:04:46.341639 | GENERATION: 263 | ERRORS: best=1367.0, median=2275.0, diversity=0.47 | INDIVIDUALS: n=200, avg_genome_length=26.94
2021-12-11 20:04:49.640603 | GENERATION: 264 | ERRORS: best=1394.0, median=2149.0, diversity=0.44 | INDIVIDUALS: n=200, avg_genome_length=23.245
2021-12-11 20:04:53.229306 | GENERATION: 265 | ERRORS: best=1377.0, median=2275.0, diversity=0.475 | INDIVIDUALS: n=200, avg_genome_length=23.395
2021-12-11 20:04:57.624187 | GENERATION: 266 | ERRORS: best=1380.0, median=2149.0, diversity=0.55 | INDIVIDUALS: n=200, avg_genome_length=26.11
2021-12-11 20:05:01.725952 | GENERATION: 267 | ERRORS: best=1394.0, median=2149.0, diversity=0.51 | INDIVIDUALS: n=200, avg_genome_length=23.865
2021-12-11 20:05:06.071989 | GENERATION: 268 | ERRORS: best=1389.0, median=2275.0, diversity=0.44 | INDIVIDUALS: n=200, avg_genome_length=23.84
2021-12-11 20:05:09.905039 | GENERATION: 269 | ERRORS: best=1409.0, median=2275.0, diversity=0.435 | INDIVIDUALS: n=200, avg_genome_length=23.425
2021-12-11 20:05:14.114201 | GENERATION: 270 | ERRORS: best=1375.0, median=2275.0, diversity=0.465 | INDIVIDUALS: n=200, avg_genome_length=21.445
2021-12-11 20:05:17.565686 | GENERATION: 271 | ERRORS: best=1375.0, median=2275.0, diversity=0.375 | INDIVIDUALS: n=200, avg_genome_length=20.14
2021-12-11 20:05:21.747614 | GENERATION: 272 | ERRORS: best=1388.0, median=2275.0, diversity=0.28 | INDIVIDUALS: n=200, avg_genome_length=18.49
2021-12-11 20:05:25.823574 | GENERATION: 273 | ERRORS: best=1399.0, median=2275.0, diversity=0.37 | INDIVIDUALS: n=200, avg_genome_length=17.51
2021-12-11 20:05:29.995091 | GENERATION: 274 | ERRORS: best=1398.0, median=2275.0, diversity=0.36 | INDIVIDUALS: n=200, avg_genome_length=19.11
2021-12-11 20:05:33.587831 | GENERATION: 275 | ERRORS: best=1403.0, median=2275.0, diversity=0.355 | INDIVIDUALS: n=200, avg_genome_length=18.775
2021-12-11 20:05:38.105991 | GENERATION: 276 | ERRORS: best=1415.0, median=2275.0, diversity=0.395 | INDIVIDUALS: n=200, avg_genome_length=18.95
2021-12-11 20:05:42.190525 | GENERATION: 277 | ERRORS: best=1415.0, median=2275.0, diversity=0.42 | INDIVIDUALS: n=200, avg_genome_length=18.985
2021-12-11 20:05:46.874130 | GENERATION: 278 | ERRORS: best=1389.0, median=2275.0, diversity=0.355 | INDIVIDUALS: n=200, avg_genome_length=19.665
2021-12-11 20:05:51.336971 | GENERATION: 279 | ERRORS: best=1387.0, median=2275.0, diversity=0.44 | INDIVIDUALS: n=200, avg_genome_length=18.76
2021-12-11 20:05:55.101457 | GENERATION: 280 | ERRORS: best=1387.0, median=2275.0, diversity=0.43 | INDIVIDUALS: n=200, avg_genome_length=17.715
2021-12-11 20:05:56.292228 | GENERATION: 281 | ERRORS: best=1319.0, median=2275.0, diversity=0.385 | INDIVIDUALS: n=200, avg_genome_length=17.38
2021-12-11 20:06:00.889891 | GENERATION: 282 | ERRORS: best=1319.0, median=2275.0, diversity=0.445 | INDIVIDUALS: n=200, avg_genome_length=16.44
2021-12-11 20:06:04.763298 | GENERATION: 283 | ERRORS: best=1319.0, median=2275.0, diversity=0.35 | INDIVIDUALS: n=200, avg_genome_length=14.915
2021-12-11 20:06:09.259966 | GENERATION: 284 | ERRORS: best=1394.0, median=2275.0, diversity=0.335 | INDIVIDUALS: n=200, avg_genome_length=15.685
2021-12-11 20:06:11.481929 | GENERATION: 285 | ERRORS: best=1396.0, median=2275.0, diversity=0.365 | INDIVIDUALS: n=200, avg_genome_length=17.29
2021-12-11 20:06:13.748437 | GENERATION: 286 | ERRORS: best=1401.0, median=2275.0, diversity=0.335 | INDIVIDUALS: n=200, avg_genome_length=16.01
2021-12-11 20:06:16.136824 | GENERATION: 287 | ERRORS: best=1409.0, median=2275.0, diversity=0.345 | INDIVIDUALS: n=200, avg_genome_length=15.275
2021-12-11 20:06:19.600039 | GENERATION: 288 | ERRORS: best=1386.0, median=2275.0, diversity=0.345 | INDIVIDUALS: n=200, avg_genome_length=15.83
2021-12-11 20:06:24.143605 | GENERATION: 289 | ERRORS: best=1383.0, median=2275.0, diversity=0.375 | INDIVIDUALS: n=200, avg_genome_length=16.51
2021-12-11 20:06:25.462762 | GENERATION: 290 | ERRORS: best=1380.0, median=2275.0, diversity=0.325 | INDIVIDUALS: n=200, avg_genome_length=14.92
2021-12-11 20:06:26.892016 | GENERATION: 291 | ERRORS: best=1385.0, median=2275.0, diversity=0.33 | INDIVIDUALS: n=200, avg_genome_length=14.4
2021-12-11 20:06:29.781515 | GENERATION: 292 | ERRORS: best=1405.0, median=2275.0, diversity=0.31 | INDIVIDUALS: n=200, avg_genome_length=15.36
2021-12-11 20:06:32.720362 | GENERATION: 293 | ERRORS: best=1400.0, median=2232.0, diversity=0.33 | INDIVIDUALS: n=200, avg_genome_length=16.205
2021-12-11 20:06:37.073447 | GENERATION: 294 | ERRORS: best=1386.0, median=2275.0, diversity=0.355 | INDIVIDUALS: n=200, avg_genome_length=16.375
2021-12-11 20:06:41.793910 | GENERATION: 295 | ERRORS: best=1386.0, median=2275.0, diversity=0.33 | INDIVIDUALS: n=200, avg_genome_length=15.565
2021-12-11 20:06:46.036628 | GENERATION: 296 | ERRORS: best=1401.0, median=2275.0, diversity=0.35 | INDIVIDUALS: n=200, avg_genome_length=15.69
2021-12-11 20:06:48.964391 | GENERATION: 297 | ERRORS: best=1411.0, median=2149.0, diversity=0.31 | INDIVIDUALS: n=200, avg_genome_length=15.65
2021-12-11 20:06:51.439994 | GENERATION: 298 | ERRORS: best=1378.0, median=2275.0, diversity=0.275 | INDIVIDUALS: n=200, avg_genome_length=16.135
2021-12-11 20:06:52.991992 | GENERATION: 299 | ERRORS: best=1394.0, median=2275.0, diversity=0.35 | INDIVIDUALS: n=200, avg_genome_length=16.565
2021-12-11 20:06:55.718531 | GENERATION: 300 | ERRORS: best=1387.0, median=2275.0, diversity=0.335 | INDIVIDUALS: n=200, avg_genome_length=18.14
Simplifying genome of length 15 with total error 1319.0.
Simplified genome by 2 to length 13.
Simplified genome by 1 to length 12.
Simplified genome by 1 to length 11.
Simplified genome by 1 to length 10.
Simplified genome by 1 to length 9.
Simplified genome by 1 to length 8.
Simplified genome by 1 to length 7.
Simplified genome to length 7 and total error 1319.0.
========================================
End Run
========================================
No solution found.
Best Seen Individual
	Genome:
	 pvector([Input(input_index=0), InstructionMeta(name='vector_int_push_all', code_blocks=0), InstructionMeta(name='int_yank', code_blocks=0), InstructionMeta(name='int_gt', code_blocks=0), InstructionMeta(name='exec_yank', code_blocks=0), InstructionMeta(name='int_mod', code_blocks=0), InstructionMeta(name='int_stack_depth', code_blocks=0)])
	Program:
	 (input_0 vector_int_push_all int_yank int_gt exec_yank int_mod int_stack_depth)
	Error vector:
	 [ 6. 36. 45.  0. 11.  1.  0.  3.  5. 20. 13.  8.  3.  5.  1.  4. 20. 12.
  5.  1.  4.  0.  4.  8.  1.  0.  2.  7.  3. 29.  1.  1. 16.  1.  2.  4.
  4. 16.  0.  6.  1.  5.  0.  4. 10.  7. 18.  7.  4.  2.  6. 25.  7. 28.
  7. 10.  5.  0. 11.  2.  0.  5.  3.  5.  9.  0.  5.  7.  5.  2.  0. 17.
 16.  0.  1.  3.  2.  0.  1. 25. 12.  2. 24.  5. 18.  4.  1. 11.  3.  1.
  3.  2.  1. 19. 30.  0.  8. 42.  0.  5.  0. 31.  1.  3. 17.  1.  3.  5.
  4. 15.  6.  1.  1.  4.  2.  0.  2.  0.  4.  2.  5.  2.  0. 17.  1.  8.
  4.  3.  0.  1. 15.  4. 13.  1.  0. 17. 15.  9.  5.  3.  1.  3.  0. 11.
  4.  1.  1.  7.  1.  1.  2.  3.  6. 10.  4. 18.  6.  1.  6.  2.  0.  2.
  8.  9.  0.  0.  6.  1. 27.  1.  1.  5.  0.  3.  6.  1.  2. 29.  8.  5.
  5.  1. 11.  1.  1. 39.  6.  4.  3.  3.  0.  2.  8.  5.  5.  4.  6.  5.
 14.  5.]
	Total error:
	 1319.0
	Test error:
	 19511.0
	Time:
	 00:21:38
