Included 32 edge cases.
Included 168 random cases.
Included 200 cases in total.
Finished formatting.
Included 0 edge cases.
Included 2000 random cases.
Included 2000 cases in total.
Finished formatting.
========================================
Setup
========================================
Search Configuration:
signature: ProgramSignature(arity=1, push_config=PushConfig(collection_size_cap=1000, step_limit=1500, growth_cap=500, numeric_magnitude_limit=1000000000000.0, runtime_limit=10), output_stacks=['int'])
evaluator: <pyshgp.gp.evaluation.DatasetEvaluator object at 0x7f7f903bdd00>
spawner: <pyshgp.gp.genome.GeneSpawner object at 0x7f7f904493a0>
population_size: 200
max_generations: 300
error_threshold: 0.0
initial_genome_size: (50, 250)
simplification_steps: 500
parallel_context: <pyshgp.gp.search.ParallelContext object at 0x7f7f903bde80>
selection: <pyshgp.utils.DiscreteProbDistrib object at 0x7f7f51103400>
variation: <pyshgp.utils.DiscreteProbDistrib object at 0x7f7f50dd0500>
Instructions:
int_add, int_sub, int_mult, int_div, int_mod, int_min, int_max, int_inc, int_dec, int_lt, int_lte, int_gt, int_gte, int_from_bool, bool_and, bool_or, bool_not, bool_xor, bool_invert_first_then_and, bool_second_first_then_and, bool_from_int, noop, noop_open, exec_do_range, exec_do_count, exec_while, exec_do_while, exec_if, exec_when, vector_int_concat, vector_int_conj, vector_int_take, vector_int_subvec, vector_int_first, vector_int_last, vector_int_nth, vector_int_rest, vector_int_but_last, vector_int_length, vector_int_reverse, vector_int_push_all, vector_int_empty_vector, vector_int_contains, vector_int_index_of, vector_int_occurrences_of, vector_int_set_nth, vector_int_replace, vector_int_replace_first, vector_int_remove, vector_int_iterate, print_bool, println_bool, print_int, println_int, print_vector_int, println_vector_int, print_exec, println_exec, bool_pop, bool_dup, bool_dup_times, bool_swap, bool_rot, bool_flush, bool_eq, bool_stack_depth, bool_yank, bool_yank_dup, bool_shove, bool_shove_dup, bool_is_empty, int_pop, int_dup, int_dup_times, int_swap, int_rot, int_flush, int_eq, int_stack_depth, int_yank, int_yank_dup, int_shove, int_shove_dup, int_is_empty, vector_int_pop, vector_int_dup, vector_int_dup_times, vector_int_swap, vector_int_rot, vector_int_flush, vector_int_eq, vector_int_stack_depth, vector_int_yank, vector_int_yank_dup, vector_int_shove, vector_int_shove_dup, vector_int_is_empty, exec_pop, exec_dup, exec_dup_times, exec_swap, exec_rot, exec_flush, exec_eq, exec_stack_depth, exec_yank, exec_yank_dup, exec_shove, exec_shove_dup, exec_is_empty
Literals:
[Literal(value=0, push_type=<pyshgp.push.types.PushIntType object at 0x7f7f90504730>), Literal(value=1, push_type=<pyshgp.push.types.PushIntType object at 0x7f7f90504730>), Literal(value=2, push_type=<pyshgp.push.types.PushIntType object at 0x7f7f90504730>)]
ERC Generators:
[<function rand_int at 0x7f7f525d6700>]
========================================
Start Run
========================================
2021-12-21 20:26:30.410128 | GENERATION: 1 | ERRORS: best=2081.0, median=200000000.0, diversity=0.015 | INDIVIDUALS: n=200, avg_genome_length=168.53 | VIRUSES: gene_rate=0.000
2021-12-21 20:26:44.807732 | GENERATION: 2 | ERRORS: best=1921.0, median=2081.0, diversity=0.225 | INDIVIDUALS: n=200, avg_genome_length=168.37 | VIRUSES: gene_rate=0.000
2021-12-21 20:27:09.859592 | GENERATION: 3 | ERRORS: best=1873.0, median=2081.5, diversity=0.36 | INDIVIDUALS: n=200, avg_genome_length=173.365 | VIRUSES: gene_rate=0.000
2021-12-21 20:27:31.607356 | GENERATION: 4 | ERRORS: best=1862.0, median=2081.5, diversity=0.44 | INDIVIDUALS: n=200, avg_genome_length=178.585 | VIRUSES: gene_rate=0.000
2021-12-21 20:27:54.359255 | GENERATION: 5 | ERRORS: best=1862.0, median=6069.0, diversity=0.47 | INDIVIDUALS: n=200, avg_genome_length=190.04 | VIRUSES: gene_rate=0.000
2021-12-21 20:28:14.137884 | GENERATION: 6 | ERRORS: best=1862.0, median=38319.0, diversity=0.48 | INDIVIDUALS: n=200, avg_genome_length=189.1 | VIRUSES: gene_rate=0.000
2021-12-21 20:28:36.459833 | GENERATION: 7 | ERRORS: best=1560.0, median=3527.0, diversity=0.515 | INDIVIDUALS: n=200, avg_genome_length=194.555 | VIRUSES: gene_rate=0.000
2021-12-21 20:28:49.762016 | GENERATION: 8 | ERRORS: best=1786.0, median=4979.5, diversity=0.52 | INDIVIDUALS: n=200, avg_genome_length=192.185 | VIRUSES: gene_rate=0.000
2021-12-21 20:29:03.166756 | GENERATION: 9 | ERRORS: best=1756.0, median=5691.0, diversity=0.59 | INDIVIDUALS: n=200, avg_genome_length=181.815 | VIRUSES: gene_rate=0.000
2021-12-21 20:29:25.858878 | GENERATION: 10 | ERRORS: best=1746.0, median=3453.5, diversity=0.595 | INDIVIDUALS: n=200, avg_genome_length=179.58 | VIRUSES: gene_rate=0.000
2021-12-21 20:29:41.423015 | GENERATION: 11 | ERRORS: best=1748.0, median=4439.0, diversity=0.685 | INDIVIDUALS: n=200, avg_genome_length=183.375 | VIRUSES: gene_rate=0.000
2021-12-21 20:29:57.510592 | GENERATION: 12 | ERRORS: best=1736.0, median=23056.5, diversity=0.64 | INDIVIDUALS: n=200, avg_genome_length=183.225 | VIRUSES: gene_rate=0.000
2021-12-21 20:30:14.939892 | GENERATION: 13 | ERRORS: best=1577.0, median=4339.0, diversity=0.675 | INDIVIDUALS: n=200, avg_genome_length=175.99 | VIRUSES: gene_rate=0.000
2021-12-21 20:30:33.519429 | GENERATION: 14 | ERRORS: best=1728.0, median=37552.5, diversity=0.655 | INDIVIDUALS: n=200, avg_genome_length=181.385 | VIRUSES: gene_rate=0.000
2021-12-21 20:30:51.286707 | GENERATION: 15 | ERRORS: best=1737.0, median=10628.0, diversity=0.71 | INDIVIDUALS: n=200, avg_genome_length=174.12 | VIRUSES: gene_rate=0.000
2021-12-21 20:31:11.229003 | GENERATION: 16 | ERRORS: best=1625.0, median=58358.5, diversity=0.67 | INDIVIDUALS: n=200, avg_genome_length=176.555 | VIRUSES: gene_rate=0.000
2021-12-21 20:31:33.485013 | GENERATION: 17 | ERRORS: best=1667.0, median=4780.0, diversity=0.595 | INDIVIDUALS: n=200, avg_genome_length=174.16 | VIRUSES: gene_rate=0.000
2021-12-21 20:31:57.071810 | GENERATION: 18 | ERRORS: best=1678.0, median=16437.0, diversity=0.665 | INDIVIDUALS: n=200, avg_genome_length=185.76 | VIRUSES: gene_rate=0.000
2021-12-21 20:32:20.197495 | GENERATION: 19 | ERRORS: best=1781.0, median=69090.0, diversity=0.655 | INDIVIDUALS: n=200, avg_genome_length=183.61 | VIRUSES: gene_rate=0.000
2021-12-21 20:32:36.704645 | GENERATION: 20 | ERRORS: best=1745.0, median=4738.5, diversity=0.59 | INDIVIDUALS: n=200, avg_genome_length=176.48 | VIRUSES: gene_rate=0.000
2021-12-21 20:32:48.255962 | GENERATION: 21 | ERRORS: best=1531.0, median=2659.0, diversity=0.62 | INDIVIDUALS: n=200, avg_genome_length=174.835 | VIRUSES: gene_rate=0.000
2021-12-21 20:33:17.207814 | GENERATION: 22 | ERRORS: best=1662.0, median=4714.5, diversity=0.69 | INDIVIDUALS: n=200, avg_genome_length=168.95 | VIRUSES: gene_rate=0.000
2021-12-21 20:33:34.184686 | GENERATION: 23 | ERRORS: best=1559.0, median=2597.0, diversity=0.695 | INDIVIDUALS: n=200, avg_genome_length=170.515 | VIRUSES: gene_rate=0.000
2021-12-21 20:33:56.463083 | GENERATION: 24 | ERRORS: best=1597.0, median=29324.5, diversity=0.695 | INDIVIDUALS: n=200, avg_genome_length=165.625 | VIRUSES: gene_rate=0.000
2021-12-21 20:34:33.730083 | GENERATION: 25 | ERRORS: best=1404.0, median=20528.5, diversity=0.66 | INDIVIDUALS: n=200, avg_genome_length=176.155 | VIRUSES: gene_rate=0.000
2021-12-21 20:34:50.350157 | GENERATION: 26 | ERRORS: best=1455.0, median=30845.5, diversity=0.74 | INDIVIDUALS: n=200, avg_genome_length=180.635 | VIRUSES: gene_rate=0.000
2021-12-21 20:35:13.643559 | GENERATION: 27 | ERRORS: best=1499.0, median=43165.5, diversity=0.73 | INDIVIDUALS: n=200, avg_genome_length=180.65 | VIRUSES: gene_rate=0.000
2021-12-21 20:35:59.973640 | GENERATION: 28 | ERRORS: best=1461.0, median=10162.0, diversity=0.67 | INDIVIDUALS: n=200, avg_genome_length=176.335 | VIRUSES: gene_rate=0.000
2021-12-21 20:36:14.462445 | GENERATION: 29 | ERRORS: best=1429.0, median=8148.0, diversity=0.65 | INDIVIDUALS: n=200, avg_genome_length=176.16 | VIRUSES: gene_rate=0.000
2021-12-21 20:36:36.143382 | GENERATION: 30 | ERRORS: best=1353.0, median=20945.0, diversity=0.73 | INDIVIDUALS: n=200, avg_genome_length=179.865 | VIRUSES: gene_rate=0.000
2021-12-21 20:36:54.969300 | GENERATION: 31 | ERRORS: best=1410.0, median=42078.0, diversity=0.695 | INDIVIDUALS: n=200, avg_genome_length=180.53 | VIRUSES: gene_rate=0.000
2021-12-21 20:37:20.719579 | GENERATION: 32 | ERRORS: best=1532.0, median=25912.0, diversity=0.745 | INDIVIDUALS: n=200, avg_genome_length=190.91 | VIRUSES: gene_rate=0.000
2021-12-21 20:37:43.335457 | GENERATION: 33 | ERRORS: best=1436.0, median=44853.5, diversity=0.81 | INDIVIDUALS: n=200, avg_genome_length=189.57 | VIRUSES: gene_rate=0.000
2021-12-21 20:38:06.107434 | GENERATION: 34 | ERRORS: best=1446.0, median=3245.5, diversity=0.72 | INDIVIDUALS: n=200, avg_genome_length=206.455 | VIRUSES: gene_rate=0.000
2021-12-21 20:38:28.325970 | GENERATION: 35 | ERRORS: best=1370.0, median=25912.5, diversity=0.725 | INDIVIDUALS: n=200, avg_genome_length=207.4 | VIRUSES: gene_rate=0.000
2021-12-21 20:38:46.294267 | GENERATION: 36 | ERRORS: best=1434.0, median=32187.5, diversity=0.745 | INDIVIDUALS: n=200, avg_genome_length=216.045 | VIRUSES: gene_rate=0.000
2021-12-21 20:39:02.883605 | GENERATION: 37 | ERRORS: best=1379.0, median=3202.0, diversity=0.73 | INDIVIDUALS: n=200, avg_genome_length=216.645 | VIRUSES: gene_rate=0.000
2021-12-21 20:39:24.549239 | GENERATION: 38 | ERRORS: best=1389.0, median=12509.0, diversity=0.75 | INDIVIDUALS: n=200, avg_genome_length=219.14 | VIRUSES: gene_rate=0.000
2021-12-21 20:39:42.227058 | GENERATION: 39 | ERRORS: best=1294.0, median=17920.5, diversity=0.78 | INDIVIDUALS: n=200, avg_genome_length=217.375 | VIRUSES: gene_rate=0.000
2021-12-21 20:40:00.528149 | GENERATION: 40 | ERRORS: best=1300.0, median=26602.0, diversity=0.735 | INDIVIDUALS: n=200, avg_genome_length=221.2 | VIRUSES: gene_rate=0.000
2021-12-21 20:40:18.207475 | GENERATION: 41 | ERRORS: best=1309.0, median=34062.0, diversity=0.74 | INDIVIDUALS: n=200, avg_genome_length=223.465 | VIRUSES: gene_rate=0.000
2021-12-21 20:40:36.573822 | GENERATION: 42 | ERRORS: best=1316.0, median=2094.5, diversity=0.63 | INDIVIDUALS: n=200, avg_genome_length=223.83 | VIRUSES: gene_rate=0.000
2021-12-21 20:40:55.320166 | GENERATION: 43 | ERRORS: best=1318.0, median=3971.0, diversity=0.74 | INDIVIDUALS: n=200, avg_genome_length=228.78 | VIRUSES: gene_rate=0.000
2021-12-21 20:41:13.798493 | GENERATION: 44 | ERRORS: best=1277.0, median=9919.0, diversity=0.705 | INDIVIDUALS: n=200, avg_genome_length=227.32 | VIRUSES: gene_rate=0.000
2021-12-21 20:41:31.086628 | GENERATION: 45 | ERRORS: best=1321.0, median=4840.5, diversity=0.745 | INDIVIDUALS: n=200, avg_genome_length=226.01 | VIRUSES: gene_rate=0.000
2021-12-21 20:41:48.516024 | GENERATION: 46 | ERRORS: best=1389.0, median=5203.0, diversity=0.715 | INDIVIDUALS: n=200, avg_genome_length=223.76 | VIRUSES: gene_rate=0.000
2021-12-21 20:42:20.699982 | GENERATION: 47 | ERRORS: best=1337.0, median=3435.0, diversity=0.705 | INDIVIDUALS: n=200, avg_genome_length=222.335 | VIRUSES: gene_rate=0.000
2021-12-21 20:42:36.034703 | GENERATION: 48 | ERRORS: best=1338.0, median=4675.0, diversity=0.775 | INDIVIDUALS: n=200, avg_genome_length=216.215 | VIRUSES: gene_rate=0.000
2021-12-21 20:42:52.999968 | GENERATION: 49 | ERRORS: best=1355.0, median=3133.0, diversity=0.735 | INDIVIDUALS: n=200, avg_genome_length=207.705 | VIRUSES: gene_rate=0.000
2021-12-21 20:43:12.709039 | GENERATION: 50 | ERRORS: best=1048.0, median=2391.0, diversity=0.695 | INDIVIDUALS: n=200, avg_genome_length=205.255 | VIRUSES: gene_rate=0.000
2021-12-21 20:43:42.552774 | GENERATION: 51 | ERRORS: best=1048.0, median=19503.0, diversity=0.665 | INDIVIDUALS: n=200, avg_genome_length=203.565 | VIRUSES: gene_rate=0.000
2021-12-21 20:44:00.602503 | GENERATION: 52 | ERRORS: best=1259.0, median=13758.5, diversity=0.71 | INDIVIDUALS: n=200, avg_genome_length=196.165 | VIRUSES: gene_rate=0.000
2021-12-21 20:44:18.727961 | GENERATION: 53 | ERRORS: best=1378.0, median=2231.5, diversity=0.725 | INDIVIDUALS: n=200, avg_genome_length=189.92 | VIRUSES: gene_rate=0.000
2021-12-21 20:44:42.402511 | GENERATION: 54 | ERRORS: best=1333.0, median=2081.0, diversity=0.7 | INDIVIDUALS: n=200, avg_genome_length=185.785 | VIRUSES: gene_rate=0.000
2021-12-21 20:45:00.058682 | GENERATION: 55 | ERRORS: best=1333.0, median=4539.0, diversity=0.655 | INDIVIDUALS: n=200, avg_genome_length=175.19 | VIRUSES: gene_rate=0.000
2021-12-21 20:45:21.823034 | GENERATION: 56 | ERRORS: best=1348.0, median=2081.0, diversity=0.675 | INDIVIDUALS: n=200, avg_genome_length=172.975 | VIRUSES: gene_rate=0.000
2021-12-21 20:45:38.806565 | GENERATION: 57 | ERRORS: best=1363.0, median=24963.5, diversity=0.74 | INDIVIDUALS: n=200, avg_genome_length=166.06 | VIRUSES: gene_rate=0.000
2021-12-21 20:45:56.445526 | GENERATION: 58 | ERRORS: best=1360.0, median=2081.0, diversity=0.63 | INDIVIDUALS: n=200, avg_genome_length=162.455 | VIRUSES: gene_rate=0.000
2021-12-21 20:46:23.560797 | GENERATION: 59 | ERRORS: best=1360.0, median=2081.0, diversity=0.63 | INDIVIDUALS: n=200, avg_genome_length=158.56 | VIRUSES: gene_rate=0.000
2021-12-21 20:46:43.436926 | GENERATION: 60 | ERRORS: best=1360.0, median=32182.5, diversity=0.715 | INDIVIDUALS: n=200, avg_genome_length=156.53 | VIRUSES: gene_rate=0.000
2021-12-21 20:46:58.496238 | GENERATION: 61 | ERRORS: best=1360.0, median=7542.0, diversity=0.71 | INDIVIDUALS: n=200, avg_genome_length=150.43 | VIRUSES: gene_rate=0.000
2021-12-21 20:47:11.050873 | GENERATION: 62 | ERRORS: best=1329.0, median=2081.0, diversity=0.675 | INDIVIDUALS: n=200, avg_genome_length=152.36 | VIRUSES: gene_rate=0.000
2021-12-21 20:47:25.751473 | GENERATION: 63 | ERRORS: best=1333.0, median=2082.0, diversity=0.645 | INDIVIDUALS: n=200, avg_genome_length=152.59 | VIRUSES: gene_rate=0.000
2021-12-21 20:47:38.296632 | GENERATION: 64 | ERRORS: best=1357.0, median=5483.5, diversity=0.65 | INDIVIDUALS: n=200, avg_genome_length=152.395 | VIRUSES: gene_rate=0.000
2021-12-21 20:47:51.136882 | GENERATION: 65 | ERRORS: best=1352.0, median=2081.0, diversity=0.655 | INDIVIDUALS: n=200, avg_genome_length=148.38 | VIRUSES: gene_rate=0.000
2021-12-21 20:48:03.983370 | GENERATION: 66 | ERRORS: best=1360.0, median=2269.5, diversity=0.66 | INDIVIDUALS: n=200, avg_genome_length=144.68 | VIRUSES: gene_rate=0.000
2021-12-21 20:48:15.565209 | GENERATION: 67 | ERRORS: best=1352.0, median=2081.0, diversity=0.595 | INDIVIDUALS: n=200, avg_genome_length=144.015 | VIRUSES: gene_rate=0.000
2021-12-21 20:48:29.689256 | GENERATION: 68 | ERRORS: best=1349.0, median=2081.0, diversity=0.635 | INDIVIDUALS: n=200, avg_genome_length=143.955 | VIRUSES: gene_rate=0.000
2021-12-21 20:48:41.087084 | GENERATION: 69 | ERRORS: best=1381.0, median=2081.0, diversity=0.69 | INDIVIDUALS: n=200, avg_genome_length=142.805 | VIRUSES: gene_rate=0.000
2021-12-21 20:48:58.257786 | GENERATION: 70 | ERRORS: best=1387.0, median=2081.0, diversity=0.675 | INDIVIDUALS: n=200, avg_genome_length=146.14 | VIRUSES: gene_rate=0.000
2021-12-21 20:49:11.102560 | GENERATION: 71 | ERRORS: best=1370.0, median=2081.0, diversity=0.655 | INDIVIDUALS: n=200, avg_genome_length=143.005 | VIRUSES: gene_rate=0.000
2021-12-21 20:49:25.845849 | GENERATION: 72 | ERRORS: best=1361.0, median=2081.0, diversity=0.73 | INDIVIDUALS: n=200, avg_genome_length=143.755 | VIRUSES: gene_rate=0.000
2021-12-21 20:49:42.355894 | GENERATION: 73 | ERRORS: best=1360.0, median=2164.0, diversity=0.79 | INDIVIDUALS: n=200, avg_genome_length=144.485 | VIRUSES: gene_rate=0.000
2021-12-21 20:49:54.091424 | GENERATION: 74 | ERRORS: best=1378.0, median=2081.0, diversity=0.74 | INDIVIDUALS: n=200, avg_genome_length=148.24 | VIRUSES: gene_rate=0.000
2021-12-21 20:50:09.399239 | GENERATION: 75 | ERRORS: best=1429.0, median=2485.5, diversity=0.745 | INDIVIDUALS: n=200, avg_genome_length=144.72 | VIRUSES: gene_rate=0.000
2021-12-21 20:50:23.092147 | GENERATION: 76 | ERRORS: best=1360.0, median=6888.5, diversity=0.735 | INDIVIDUALS: n=200, avg_genome_length=143.46 | VIRUSES: gene_rate=0.000
2021-12-21 20:50:37.038143 | GENERATION: 77 | ERRORS: best=1360.0, median=2216.5, diversity=0.705 | INDIVIDUALS: n=200, avg_genome_length=140.935 | VIRUSES: gene_rate=0.000
2021-12-21 20:50:56.271255 | GENERATION: 78 | ERRORS: best=1391.0, median=2300.0, diversity=0.69 | INDIVIDUALS: n=200, avg_genome_length=139.37 | VIRUSES: gene_rate=0.000
2021-12-21 20:51:08.367803 | GENERATION: 79 | ERRORS: best=1355.0, median=2081.0, diversity=0.735 | INDIVIDUALS: n=200, avg_genome_length=135.91 | VIRUSES: gene_rate=0.000
2021-12-21 20:51:23.171654 | GENERATION: 80 | ERRORS: best=1387.0, median=2282.0, diversity=0.72 | INDIVIDUALS: n=200, avg_genome_length=137.25 | VIRUSES: gene_rate=0.000
2021-12-21 20:51:48.479623 | GENERATION: 81 | ERRORS: best=1366.0, median=2079.0, diversity=0.7 | INDIVIDUALS: n=200, avg_genome_length=133.125 | VIRUSES: gene_rate=0.000
2021-12-21 20:52:17.681391 | GENERATION: 82 | ERRORS: best=1366.0, median=2081.0, diversity=0.79 | INDIVIDUALS: n=200, avg_genome_length=130.46 | VIRUSES: gene_rate=0.000
2021-12-21 20:52:29.144830 | GENERATION: 83 | ERRORS: best=1354.0, median=2351.0, diversity=0.77 | INDIVIDUALS: n=200, avg_genome_length=126.43 | VIRUSES: gene_rate=0.000
2021-12-21 20:52:41.196676 | GENERATION: 84 | ERRORS: best=1354.0, median=2081.0, diversity=0.71 | INDIVIDUALS: n=200, avg_genome_length=123.97 | VIRUSES: gene_rate=0.000
2021-12-21 20:52:52.661170 | GENERATION: 85 | ERRORS: best=1387.0, median=2261.0, diversity=0.73 | INDIVIDUALS: n=200, avg_genome_length=123.565 | VIRUSES: gene_rate=0.000
2021-12-21 20:53:07.169265 | GENERATION: 86 | ERRORS: best=1366.0, median=2748.5, diversity=0.77 | INDIVIDUALS: n=200, avg_genome_length=124.435 | VIRUSES: gene_rate=0.000
2021-12-21 20:53:19.855615 | GENERATION: 87 | ERRORS: best=1337.0, median=3977.0, diversity=0.78 | INDIVIDUALS: n=200, avg_genome_length=122.415 | VIRUSES: gene_rate=0.000
2021-12-21 20:53:31.551228 | GENERATION: 88 | ERRORS: best=1379.0, median=21474.0, diversity=0.79 | INDIVIDUALS: n=200, avg_genome_length=120.89 | VIRUSES: gene_rate=0.000
2021-12-21 20:53:44.362525 | GENERATION: 89 | ERRORS: best=1379.0, median=2246.5, diversity=0.75 | INDIVIDUALS: n=200, avg_genome_length=121.225 | VIRUSES: gene_rate=0.000
2021-12-21 20:53:56.872261 | GENERATION: 90 | ERRORS: best=1370.0, median=13409.0, diversity=0.755 | INDIVIDUALS: n=200, avg_genome_length=120.68 | VIRUSES: gene_rate=0.000
2021-12-21 20:54:09.091665 | GENERATION: 91 | ERRORS: best=1379.0, median=46647.0, diversity=0.835 | INDIVIDUALS: n=200, avg_genome_length=117.725 | VIRUSES: gene_rate=0.000
2021-12-21 20:54:18.164651 | GENERATION: 92 | ERRORS: best=1350.0, median=2146.0, diversity=0.76 | INDIVIDUALS: n=200, avg_genome_length=117.64 | VIRUSES: gene_rate=0.000
2021-12-21 20:54:27.494706 | GENERATION: 93 | ERRORS: best=1333.0, median=2081.0, diversity=0.71 | INDIVIDUALS: n=200, avg_genome_length=118.265 | VIRUSES: gene_rate=0.000
2021-12-21 20:54:39.301308 | GENERATION: 94 | ERRORS: best=1350.0, median=2463.5, diversity=0.77 | INDIVIDUALS: n=200, avg_genome_length=122.105 | VIRUSES: gene_rate=0.000
2021-12-21 20:54:50.481169 | GENERATION: 95 | ERRORS: best=1363.0, median=3627.5, diversity=0.84 | INDIVIDUALS: n=200, avg_genome_length=121.925 | VIRUSES: gene_rate=0.000
2021-12-21 20:55:02.818518 | GENERATION: 96 | ERRORS: best=1352.0, median=2372.0, diversity=0.755 | INDIVIDUALS: n=200, avg_genome_length=115.585 | VIRUSES: gene_rate=0.000
2021-12-21 20:55:22.813941 | GENERATION: 97 | ERRORS: best=1352.0, median=2728.5, diversity=0.775 | INDIVIDUALS: n=200, avg_genome_length=115.78 | VIRUSES: gene_rate=0.000
2021-12-21 20:56:05.293773 | GENERATION: 98 | ERRORS: best=1394.0, median=2108.5, diversity=0.755 | INDIVIDUALS: n=200, avg_genome_length=115.765 | VIRUSES: gene_rate=0.000
2021-12-21 20:56:17.263385 | GENERATION: 99 | ERRORS: best=1363.0, median=2606.0, diversity=0.805 | INDIVIDUALS: n=200, avg_genome_length=111.245 | VIRUSES: gene_rate=0.000
2021-12-21 20:56:30.060164 | GENERATION: 100 | ERRORS: best=1384.0, median=2221.5, diversity=0.775 | INDIVIDUALS: n=200, avg_genome_length=112.26 | VIRUSES: gene_rate=0.000
2021-12-21 20:56:50.439424 | GENERATION: 101 | ERRORS: best=1398.0, median=26294.0, diversity=0.785 | INDIVIDUALS: n=200, avg_genome_length=113.495 | VIRUSES: gene_rate=0.000
2021-12-21 20:57:05.186853 | GENERATION: 102 | ERRORS: best=1442.0, median=3499.0, diversity=0.68 | INDIVIDUALS: n=200, avg_genome_length=109.165 | VIRUSES: gene_rate=0.000
2021-12-21 20:57:15.660899 | GENERATION: 103 | ERRORS: best=1360.0, median=2081.0, diversity=0.76 | INDIVIDUALS: n=200, avg_genome_length=104.435 | VIRUSES: gene_rate=0.000
2021-12-21 20:57:27.965920 | GENERATION: 104 | ERRORS: best=1287.0, median=2237.5, diversity=0.7 | INDIVIDUALS: n=200, avg_genome_length=103.585 | VIRUSES: gene_rate=0.000
2021-12-21 20:57:38.971197 | GENERATION: 105 | ERRORS: best=1287.0, median=2081.0, diversity=0.725 | INDIVIDUALS: n=200, avg_genome_length=99.885 | VIRUSES: gene_rate=0.000
2021-12-21 20:57:47.840349 | GENERATION: 106 | ERRORS: best=1351.0, median=2064.0, diversity=0.705 | INDIVIDUALS: n=200, avg_genome_length=98.525 | VIRUSES: gene_rate=0.000
2021-12-21 20:57:55.779738 | GENERATION: 107 | ERRORS: best=1351.0, median=2071.5, diversity=0.68 | INDIVIDUALS: n=200, avg_genome_length=96.73 | VIRUSES: gene_rate=0.000
2021-12-21 20:58:05.961124 | GENERATION: 108 | ERRORS: best=1357.0, median=2081.0, diversity=0.685 | INDIVIDUALS: n=200, avg_genome_length=96.64 | VIRUSES: gene_rate=0.000
2021-12-21 20:58:28.441261 | GENERATION: 109 | ERRORS: best=1350.0, median=2078.0, diversity=0.74 | INDIVIDUALS: n=200, avg_genome_length=95.655 | VIRUSES: gene_rate=0.000
2021-12-21 20:58:46.665512 | GENERATION: 110 | ERRORS: best=1354.0, median=2399.0, diversity=0.73 | INDIVIDUALS: n=200, avg_genome_length=93.115 | VIRUSES: gene_rate=0.000
2021-12-21 20:58:58.181075 | GENERATION: 111 | ERRORS: best=1346.0, median=3650.0, diversity=0.655 | INDIVIDUALS: n=200, avg_genome_length=93.13 | VIRUSES: gene_rate=0.000
2021-12-21 20:59:06.662655 | GENERATION: 112 | ERRORS: best=1360.0, median=2082.5, diversity=0.685 | INDIVIDUALS: n=200, avg_genome_length=90.275 | VIRUSES: gene_rate=0.000
2021-12-21 20:59:15.183113 | GENERATION: 113 | ERRORS: best=1366.0, median=2064.5, diversity=0.645 | INDIVIDUALS: n=200, avg_genome_length=88.13 | VIRUSES: gene_rate=0.000
2021-12-21 20:59:22.087919 | GENERATION: 114 | ERRORS: best=1380.0, median=2081.0, diversity=0.665 | INDIVIDUALS: n=200, avg_genome_length=85.585 | VIRUSES: gene_rate=0.000
2021-12-21 20:59:29.227327 | GENERATION: 115 | ERRORS: best=1385.0, median=2064.0, diversity=0.725 | INDIVIDUALS: n=200, avg_genome_length=81.87 | VIRUSES: gene_rate=0.000
2021-12-21 20:59:35.887597 | GENERATION: 116 | ERRORS: best=1378.0, median=2081.0, diversity=0.685 | INDIVIDUALS: n=200, avg_genome_length=78.48 | VIRUSES: gene_rate=0.000
2021-12-21 20:59:43.426459 | GENERATION: 117 | ERRORS: best=1355.0, median=2081.0, diversity=0.725 | INDIVIDUALS: n=200, avg_genome_length=74.095 | VIRUSES: gene_rate=0.000
2021-12-21 21:00:00.794328 | GENERATION: 118 | ERRORS: best=1394.0, median=2064.0, diversity=0.71 | INDIVIDUALS: n=200, avg_genome_length=72.085 | VIRUSES: gene_rate=0.000
2021-12-21 21:00:13.520323 | GENERATION: 119 | ERRORS: best=1299.0, median=2064.0, diversity=0.72 | INDIVIDUALS: n=200, avg_genome_length=70.635 | VIRUSES: gene_rate=0.000
2021-12-21 21:00:21.135561 | GENERATION: 120 | ERRORS: best=1428.0, median=2064.0, diversity=0.69 | INDIVIDUALS: n=200, avg_genome_length=70.045 | VIRUSES: gene_rate=0.000
2021-12-21 21:00:37.058541 | GENERATION: 121 | ERRORS: best=1360.0, median=2064.0, diversity=0.73 | INDIVIDUALS: n=200, avg_genome_length=67.88 | VIRUSES: gene_rate=0.000
2021-12-21 21:00:52.150479 | GENERATION: 122 | ERRORS: best=1366.0, median=2081.0, diversity=0.71 | INDIVIDUALS: n=200, avg_genome_length=67.355 | VIRUSES: gene_rate=0.000
2021-12-21 21:01:14.091100 | GENERATION: 123 | ERRORS: best=1287.0, median=2064.0, diversity=0.765 | INDIVIDUALS: n=200, avg_genome_length=65.31 | VIRUSES: gene_rate=0.000
2021-12-21 21:01:41.978648 | GENERATION: 124 | ERRORS: best=1387.0, median=2064.0, diversity=0.725 | INDIVIDUALS: n=200, avg_genome_length=61.725 | VIRUSES: gene_rate=0.000
2021-12-21 21:01:50.122734 | GENERATION: 125 | ERRORS: best=1377.0, median=2081.0, diversity=0.7 | INDIVIDUALS: n=200, avg_genome_length=55.335 | VIRUSES: gene_rate=0.000
2021-12-21 21:01:57.264184 | GENERATION: 126 | ERRORS: best=1377.0, median=2081.0, diversity=0.69 | INDIVIDUALS: n=200, avg_genome_length=55.765 | VIRUSES: gene_rate=0.000
2021-12-21 21:02:04.089289 | GENERATION: 127 | ERRORS: best=1377.0, median=2064.0, diversity=0.695 | INDIVIDUALS: n=200, avg_genome_length=53.94 | VIRUSES: gene_rate=0.000
2021-12-21 21:02:23.321623 | GENERATION: 128 | ERRORS: best=1345.0, median=2064.0, diversity=0.685 | INDIVIDUALS: n=200, avg_genome_length=53.705 | VIRUSES: gene_rate=0.000
2021-12-21 21:02:30.365113 | GENERATION: 129 | ERRORS: best=1333.0, median=2064.0, diversity=0.72 | INDIVIDUALS: n=200, avg_genome_length=52.8 | VIRUSES: gene_rate=0.000
2021-12-21 21:02:37.551809 | GENERATION: 130 | ERRORS: best=1363.0, median=2064.0, diversity=0.705 | INDIVIDUALS: n=200, avg_genome_length=53.165 | VIRUSES: gene_rate=0.000
2021-12-21 21:02:45.097233 | GENERATION: 131 | ERRORS: best=1342.0, median=2064.0, diversity=0.59 | INDIVIDUALS: n=200, avg_genome_length=51.84 | VIRUSES: gene_rate=0.000
2021-12-21 21:02:51.283568 | GENERATION: 132 | ERRORS: best=1361.0, median=2064.0, diversity=0.655 | INDIVIDUALS: n=200, avg_genome_length=51.3 | VIRUSES: gene_rate=0.000
2021-12-21 21:02:58.734602 | GENERATION: 133 | ERRORS: best=1353.0, median=2081.0, diversity=0.69 | INDIVIDUALS: n=200, avg_genome_length=48.915 | VIRUSES: gene_rate=0.000
2021-12-21 21:03:05.814928 | GENERATION: 134 | ERRORS: best=1332.0, median=2074.0, diversity=0.715 | INDIVIDUALS: n=200, avg_genome_length=45.26 | VIRUSES: gene_rate=0.000
2021-12-21 21:03:25.509378 | GENERATION: 135 | ERRORS: best=1399.0, median=2065.0, diversity=0.74 | INDIVIDUALS: n=200, avg_genome_length=39.2 | VIRUSES: gene_rate=0.000
2021-12-21 21:03:34.077029 | GENERATION: 136 | ERRORS: best=1371.0, median=2063.0, diversity=0.745 | INDIVIDUALS: n=200, avg_genome_length=35.94 | VIRUSES: gene_rate=0.000
2021-12-21 21:03:41.050119 | GENERATION: 137 | ERRORS: best=1370.0, median=2064.0, diversity=0.705 | INDIVIDUALS: n=200, avg_genome_length=37.72 | VIRUSES: gene_rate=0.000
2021-12-21 21:03:46.467381 | GENERATION: 138 | ERRORS: best=1400.0, median=2064.0, diversity=0.67 | INDIVIDUALS: n=200, avg_genome_length=36.275 | VIRUSES: gene_rate=0.000
2021-12-21 21:03:55.793208 | GENERATION: 139 | ERRORS: best=1408.0, median=2064.0, diversity=0.73 | INDIVIDUALS: n=200, avg_genome_length=38.84 | VIRUSES: gene_rate=0.000
2021-12-21 21:04:02.680300 | GENERATION: 140 | ERRORS: best=1430.0, median=2064.0, diversity=0.695 | INDIVIDUALS: n=200, avg_genome_length=37.85 | VIRUSES: gene_rate=0.000
2021-12-21 21:04:09.106030 | GENERATION: 141 | ERRORS: best=1395.0, median=2064.0, diversity=0.645 | INDIVIDUALS: n=200, avg_genome_length=35.14 | VIRUSES: gene_rate=0.000
2021-12-21 21:04:15.313783 | GENERATION: 142 | ERRORS: best=1373.0, median=2064.0, diversity=0.695 | INDIVIDUALS: n=200, avg_genome_length=32.62 | VIRUSES: gene_rate=0.000
2021-12-21 21:04:22.019027 | GENERATION: 143 | ERRORS: best=1350.0, median=2064.0, diversity=0.725 | INDIVIDUALS: n=200, avg_genome_length=31.855 | VIRUSES: gene_rate=0.000
2021-12-21 21:04:28.349684 | GENERATION: 144 | ERRORS: best=1334.0, median=2064.0, diversity=0.67 | INDIVIDUALS: n=200, avg_genome_length=31.81 | VIRUSES: gene_rate=0.000
2021-12-21 21:04:33.715774 | GENERATION: 145 | ERRORS: best=1333.0, median=2066.5, diversity=0.675 | INDIVIDUALS: n=200, avg_genome_length=30.73 | VIRUSES: gene_rate=0.000
2021-12-21 21:04:40.438522 | GENERATION: 146 | ERRORS: best=1352.0, median=2064.0, diversity=0.72 | INDIVIDUALS: n=200, avg_genome_length=33.275 | VIRUSES: gene_rate=0.000
2021-12-21 21:04:46.029341 | GENERATION: 147 | ERRORS: best=1374.0, median=2064.0, diversity=0.715 | INDIVIDUALS: n=200, avg_genome_length=31.515 | VIRUSES: gene_rate=0.000
2021-12-21 21:04:53.185463 | GENERATION: 148 | ERRORS: best=1374.0, median=2064.0, diversity=0.705 | INDIVIDUALS: n=200, avg_genome_length=31.125 | VIRUSES: gene_rate=0.000
2021-12-21 21:05:00.342512 | GENERATION: 149 | ERRORS: best=1413.0, median=2064.0, diversity=0.685 | INDIVIDUALS: n=200, avg_genome_length=30.625 | VIRUSES: gene_rate=0.000
2021-12-21 21:05:04.981860 | GENERATION: 150 | ERRORS: best=1337.0, median=2064.0, diversity=0.76 | INDIVIDUALS: n=200, avg_genome_length=31.21 | VIRUSES: gene_rate=0.000
2021-12-21 21:05:09.864105 | GENERATION: 151 | ERRORS: best=1356.0, median=1974.0, diversity=0.725 | INDIVIDUALS: n=200, avg_genome_length=31.03 | VIRUSES: gene_rate=0.000
2021-12-21 21:05:14.340980 | GENERATION: 152 | ERRORS: best=1377.0, median=2064.0, diversity=0.73 | INDIVIDUALS: n=200, avg_genome_length=32.23 | VIRUSES: gene_rate=0.000
2021-12-21 21:05:24.439060 | GENERATION: 153 | ERRORS: best=1377.0, median=2064.0, diversity=0.715 | INDIVIDUALS: n=200, avg_genome_length=34.35 | VIRUSES: gene_rate=0.000
2021-12-21 21:05:30.838510 | GENERATION: 154 | ERRORS: best=1377.0, median=2064.0, diversity=0.69 | INDIVIDUALS: n=200, avg_genome_length=32.935 | VIRUSES: gene_rate=0.000
2021-12-21 21:05:36.661861 | GENERATION: 155 | ERRORS: best=1415.0, median=2081.0, diversity=0.68 | INDIVIDUALS: n=200, avg_genome_length=31.135 | VIRUSES: gene_rate=0.000
2021-12-21 21:05:43.332325 | GENERATION: 156 | ERRORS: best=1415.0, median=2081.0, diversity=0.725 | INDIVIDUALS: n=200, avg_genome_length=31.325 | VIRUSES: gene_rate=0.000
2021-12-21 21:05:50.873537 | GENERATION: 157 | ERRORS: best=1403.0, median=2064.0, diversity=0.645 | INDIVIDUALS: n=200, avg_genome_length=30.03 | VIRUSES: gene_rate=0.000
2021-12-21 21:05:57.100649 | GENERATION: 158 | ERRORS: best=1418.0, median=2064.0, diversity=0.675 | INDIVIDUALS: n=200, avg_genome_length=29.14 | VIRUSES: gene_rate=0.000
2021-12-21 21:06:02.132105 | GENERATION: 159 | ERRORS: best=1368.0, median=2064.0, diversity=0.675 | INDIVIDUALS: n=200, avg_genome_length=28.19 | VIRUSES: gene_rate=0.000
2021-12-21 21:06:08.892718 | GENERATION: 160 | ERRORS: best=1370.0, median=2064.0, diversity=0.63 | INDIVIDUALS: n=200, avg_genome_length=28.43 | VIRUSES: gene_rate=0.000
2021-12-21 21:06:15.271545 | GENERATION: 161 | ERRORS: best=1418.0, median=2081.0, diversity=0.63 | INDIVIDUALS: n=200, avg_genome_length=30.415 | VIRUSES: gene_rate=0.000
2021-12-21 21:06:21.437661 | GENERATION: 162 | ERRORS: best=1367.0, median=2064.0, diversity=0.675 | INDIVIDUALS: n=200, avg_genome_length=29.45 | VIRUSES: gene_rate=0.000
2021-12-21 21:06:28.607647 | GENERATION: 163 | ERRORS: best=1375.0, median=2064.0, diversity=0.705 | INDIVIDUALS: n=200, avg_genome_length=29.305 | VIRUSES: gene_rate=0.000
2021-12-21 21:06:34.297876 | GENERATION: 164 | ERRORS: best=1384.0, median=2064.0, diversity=0.635 | INDIVIDUALS: n=200, avg_genome_length=27.875 | VIRUSES: gene_rate=0.000
2021-12-21 21:06:38.922189 | GENERATION: 165 | ERRORS: best=1397.0, median=2064.0, diversity=0.64 | INDIVIDUALS: n=200, avg_genome_length=26.39 | VIRUSES: gene_rate=0.000
2021-12-21 21:06:45.716654 | GENERATION: 166 | ERRORS: best=1414.0, median=2064.0, diversity=0.67 | INDIVIDUALS: n=200, avg_genome_length=26.44 | VIRUSES: gene_rate=0.000
2021-12-21 21:06:50.173577 | GENERATION: 167 | ERRORS: best=1384.0, median=2064.0, diversity=0.72 | INDIVIDUALS: n=200, avg_genome_length=25.86 | VIRUSES: gene_rate=0.000
2021-12-21 21:06:56.550680 | GENERATION: 168 | ERRORS: best=1333.0, median=2064.0, diversity=0.685 | INDIVIDUALS: n=200, avg_genome_length=25.945 | VIRUSES: gene_rate=0.000
2021-12-21 21:07:04.284599 | GENERATION: 169 | ERRORS: best=1360.0, median=2064.0, diversity=0.725 | INDIVIDUALS: n=200, avg_genome_length=24.84 | VIRUSES: gene_rate=0.000
2021-12-21 21:07:12.919681 | GENERATION: 170 | ERRORS: best=1384.0, median=2064.0, diversity=0.675 | INDIVIDUALS: n=200, avg_genome_length=23.525 | VIRUSES: gene_rate=0.000
2021-12-21 21:07:21.245369 | GENERATION: 171 | ERRORS: best=1362.0, median=2064.0, diversity=0.7 | INDIVIDUALS: n=200, avg_genome_length=24.455 | VIRUSES: gene_rate=0.000
2021-12-21 21:07:27.683321 | GENERATION: 172 | ERRORS: best=1388.0, median=2064.0, diversity=0.675 | INDIVIDUALS: n=200, avg_genome_length=24.22 | VIRUSES: gene_rate=0.000
2021-12-21 21:07:32.229674 | GENERATION: 173 | ERRORS: best=1429.0, median=2064.0, diversity=0.725 | INDIVIDUALS: n=200, avg_genome_length=25.715 | VIRUSES: gene_rate=0.000
2021-12-21 21:07:38.345842 | GENERATION: 174 | ERRORS: best=1374.0, median=2064.0, diversity=0.685 | INDIVIDUALS: n=200, avg_genome_length=25.46 | VIRUSES: gene_rate=0.000
2021-12-21 21:07:44.668648 | GENERATION: 175 | ERRORS: best=1334.0, median=2064.0, diversity=0.655 | INDIVIDUALS: n=200, avg_genome_length=25.945 | VIRUSES: gene_rate=0.000
2021-12-21 21:07:50.056534 | GENERATION: 176 | ERRORS: best=1333.0, median=2064.0, diversity=0.715 | INDIVIDUALS: n=200, avg_genome_length=26.045 | VIRUSES: gene_rate=0.000
2021-12-21 21:07:55.113319 | GENERATION: 177 | ERRORS: best=1302.0, median=2064.0, diversity=0.645 | INDIVIDUALS: n=200, avg_genome_length=25.13 | VIRUSES: gene_rate=0.000
2021-12-21 21:08:00.446026 | GENERATION: 178 | ERRORS: best=1377.0, median=2064.0, diversity=0.7 | INDIVIDUALS: n=200, avg_genome_length=24.9 | VIRUSES: gene_rate=0.000
2021-12-21 21:08:04.242596 | GENERATION: 179 | ERRORS: best=1377.0, median=2064.0, diversity=0.67 | INDIVIDUALS: n=200, avg_genome_length=25.2 | VIRUSES: gene_rate=0.000
2021-12-21 21:08:11.091215 | GENERATION: 180 | ERRORS: best=1377.0, median=2064.0, diversity=0.67 | INDIVIDUALS: n=200, avg_genome_length=25.595 | VIRUSES: gene_rate=0.000
2021-12-21 21:08:19.226963 | GENERATION: 181 | ERRORS: best=1375.0, median=1992.0, diversity=0.67 | INDIVIDUALS: n=200, avg_genome_length=27.68 | VIRUSES: gene_rate=0.000
2021-12-21 21:08:27.618977 | GENERATION: 182 | ERRORS: best=1355.0, median=1983.5, diversity=0.635 | INDIVIDUALS: n=200, avg_genome_length=28.155 | VIRUSES: gene_rate=0.000
2021-12-21 21:08:35.081994 | GENERATION: 183 | ERRORS: best=1355.0, median=2064.0, diversity=0.605 | INDIVIDUALS: n=200, avg_genome_length=29.05 | VIRUSES: gene_rate=0.000
2021-12-21 21:08:43.089583 | GENERATION: 184 | ERRORS: best=1377.0, median=2064.0, diversity=0.625 | INDIVIDUALS: n=200, avg_genome_length=29.135 | VIRUSES: gene_rate=0.000
2021-12-21 21:08:49.484574 | GENERATION: 185 | ERRORS: best=1368.0, median=2064.0, diversity=0.64 | INDIVIDUALS: n=200, avg_genome_length=31.955 | VIRUSES: gene_rate=0.000
2021-12-21 21:08:55.550309 | GENERATION: 186 | ERRORS: best=1321.0, median=2064.0, diversity=0.67 | INDIVIDUALS: n=200, avg_genome_length=29.6 | VIRUSES: gene_rate=0.000
2021-12-21 21:09:05.294900 | GENERATION: 187 | ERRORS: best=1322.0, median=2064.0, diversity=0.66 | INDIVIDUALS: n=200, avg_genome_length=28.43 | VIRUSES: gene_rate=0.000
2021-12-21 21:09:10.791812 | GENERATION: 188 | ERRORS: best=1324.0, median=2063.0, diversity=0.72 | INDIVIDUALS: n=200, avg_genome_length=28.66 | VIRUSES: gene_rate=0.000
2021-12-21 21:09:21.590622 | GENERATION: 189 | ERRORS: best=1374.0, median=2064.0, diversity=0.62 | INDIVIDUALS: n=200, avg_genome_length=28.765 | VIRUSES: gene_rate=0.000
2021-12-21 21:09:31.245816 | GENERATION: 190 | ERRORS: best=1377.0, median=2064.0, diversity=0.575 | INDIVIDUALS: n=200, avg_genome_length=27.195 | VIRUSES: gene_rate=0.000
2021-12-21 21:09:37.914950 | GENERATION: 191 | ERRORS: best=1377.0, median=2062.5, diversity=0.66 | INDIVIDUALS: n=200, avg_genome_length=26.36 | VIRUSES: gene_rate=0.000
2021-12-21 21:09:44.360014 | GENERATION: 192 | ERRORS: best=1383.0, median=2064.0, diversity=0.635 | INDIVIDUALS: n=200, avg_genome_length=26.735 | VIRUSES: gene_rate=0.000
2021-12-21 21:09:53.688264 | GENERATION: 193 | ERRORS: best=1377.0, median=2064.0, diversity=0.6 | INDIVIDUALS: n=200, avg_genome_length=25.015 | VIRUSES: gene_rate=0.000
2021-12-21 21:10:02.113410 | GENERATION: 194 | ERRORS: best=1377.0, median=2064.0, diversity=0.59 | INDIVIDUALS: n=200, avg_genome_length=24.86 | VIRUSES: gene_rate=0.000
2021-12-21 21:10:08.844101 | GENERATION: 195 | ERRORS: best=1402.0, median=1974.0, diversity=0.6 | INDIVIDUALS: n=200, avg_genome_length=25.885 | VIRUSES: gene_rate=0.000
2021-12-21 21:10:11.910855 | GENERATION: 196 | ERRORS: best=1362.0, median=2064.0, diversity=0.6 | INDIVIDUALS: n=200, avg_genome_length=26.115 | VIRUSES: gene_rate=0.000
2021-12-21 21:10:18.448271 | GENERATION: 197 | ERRORS: best=1362.0, median=2064.0, diversity=0.59 | INDIVIDUALS: n=200, avg_genome_length=26.26 | VIRUSES: gene_rate=0.000
2021-12-21 21:10:22.862749 | GENERATION: 198 | ERRORS: best=1362.0, median=2064.0, diversity=0.6 | INDIVIDUALS: n=200, avg_genome_length=26.545 | VIRUSES: gene_rate=0.000
2021-12-21 21:10:29.204035 | GENERATION: 199 | ERRORS: best=1337.0, median=2064.0, diversity=0.63 | INDIVIDUALS: n=200, avg_genome_length=25.155 | VIRUSES: gene_rate=0.000
2021-12-21 21:10:36.221584 | GENERATION: 200 | ERRORS: best=1337.0, median=2064.0, diversity=0.55 | INDIVIDUALS: n=200, avg_genome_length=23.955 | VIRUSES: gene_rate=0.000
2021-12-21 21:10:48.731663 | GENERATION: 201 | ERRORS: best=1365.0, median=2064.0, diversity=0.595 | INDIVIDUALS: n=200, avg_genome_length=25.36 | VIRUSES: gene_rate=0.000
2021-12-21 21:11:06.079567 | GENERATION: 202 | ERRORS: best=1307.0, median=2064.0, diversity=0.605 | INDIVIDUALS: n=200, avg_genome_length=24.79 | VIRUSES: gene_rate=0.000
2021-12-21 21:11:19.719592 | GENERATION: 203 | ERRORS: best=1388.0, median=2064.0, diversity=0.65 | INDIVIDUALS: n=200, avg_genome_length=23.825 | VIRUSES: gene_rate=0.000
2021-12-21 21:11:25.253407 | GENERATION: 204 | ERRORS: best=1404.0, median=1990.0, diversity=0.695 | INDIVIDUALS: n=200, avg_genome_length=25.45 | VIRUSES: gene_rate=0.000
2021-12-21 21:11:31.070261 | GENERATION: 205 | ERRORS: best=1418.0, median=2064.0, diversity=0.605 | INDIVIDUALS: n=200, avg_genome_length=24.965 | VIRUSES: gene_rate=0.000
2021-12-21 21:11:37.367298 | GENERATION: 206 | ERRORS: best=1431.0, median=2064.0, diversity=0.655 | INDIVIDUALS: n=200, avg_genome_length=26.925 | VIRUSES: gene_rate=0.000
2021-12-21 21:11:43.446988 | GENERATION: 207 | ERRORS: best=1357.0, median=2064.0, diversity=0.63 | INDIVIDUALS: n=200, avg_genome_length=25.57 | VIRUSES: gene_rate=0.000
2021-12-21 21:11:52.422002 | GENERATION: 208 | ERRORS: best=1334.0, median=2063.0, diversity=0.63 | INDIVIDUALS: n=200, avg_genome_length=26.125 | VIRUSES: gene_rate=0.000
2021-12-21 21:11:57.728987 | GENERATION: 209 | ERRORS: best=1334.0, median=1996.5, diversity=0.605 | INDIVIDUALS: n=200, avg_genome_length=27.755 | VIRUSES: gene_rate=0.000
2021-12-21 21:12:03.896199 | GENERATION: 210 | ERRORS: best=1334.0, median=1974.5, diversity=0.69 | INDIVIDUALS: n=200, avg_genome_length=28.45 | VIRUSES: gene_rate=0.000
2021-12-21 21:12:25.441179 | GENERATION: 211 | ERRORS: best=1334.0, median=2024.5, diversity=0.7 | INDIVIDUALS: n=200, avg_genome_length=28.315 | VIRUSES: gene_rate=0.000
2021-12-21 21:12:31.626115 | GENERATION: 212 | ERRORS: best=1430.0, median=2064.0, diversity=0.665 | INDIVIDUALS: n=200, avg_genome_length=27.7 | VIRUSES: gene_rate=0.000
2021-12-21 21:12:39.279101 | GENERATION: 213 | ERRORS: best=1359.0, median=1978.5, diversity=0.685 | INDIVIDUALS: n=200, avg_genome_length=27.065 | VIRUSES: gene_rate=0.000
2021-12-21 21:12:45.922486 | GENERATION: 214 | ERRORS: best=1406.0, median=2064.0, diversity=0.68 | INDIVIDUALS: n=200, avg_genome_length=27.185 | VIRUSES: gene_rate=0.000
2021-12-21 21:12:53.678111 | GENERATION: 215 | ERRORS: best=1388.0, median=2064.0, diversity=0.7 | INDIVIDUALS: n=200, avg_genome_length=27.14 | VIRUSES: gene_rate=0.000
2021-12-21 21:12:59.439750 | GENERATION: 216 | ERRORS: best=1393.0, median=2019.0, diversity=0.645 | INDIVIDUALS: n=200, avg_genome_length=26.855 | VIRUSES: gene_rate=0.000
2021-12-21 21:13:05.228822 | GENERATION: 217 | ERRORS: best=1395.0, median=2064.0, diversity=0.665 | INDIVIDUALS: n=200, avg_genome_length=27.33 | VIRUSES: gene_rate=0.000
2021-12-21 21:13:10.058273 | GENERATION: 218 | ERRORS: best=1378.0, median=2014.0, diversity=0.655 | INDIVIDUALS: n=200, avg_genome_length=27.21 | VIRUSES: gene_rate=0.000
2021-12-21 21:13:15.619846 | GENERATION: 219 | ERRORS: best=1334.0, median=2064.0, diversity=0.655 | INDIVIDUALS: n=200, avg_genome_length=26.545 | VIRUSES: gene_rate=0.000
2021-12-21 21:13:22.579748 | GENERATION: 220 | ERRORS: best=1399.0, median=2064.0, diversity=0.655 | INDIVIDUALS: n=200, avg_genome_length=25.675 | VIRUSES: gene_rate=0.000
2021-12-21 21:13:27.553528 | GENERATION: 221 | ERRORS: best=1396.0, median=2064.0, diversity=0.645 | INDIVIDUALS: n=200, avg_genome_length=24.385 | VIRUSES: gene_rate=0.000
2021-12-21 21:13:32.360899 | GENERATION: 222 | ERRORS: best=1337.0, median=2064.0, diversity=0.675 | INDIVIDUALS: n=200, avg_genome_length=23.735 | VIRUSES: gene_rate=0.000
2021-12-21 21:13:39.900606 | GENERATION: 223 | ERRORS: best=1415.0, median=2064.0, diversity=0.715 | INDIVIDUALS: n=200, avg_genome_length=23.255 | VIRUSES: gene_rate=0.000
2021-12-21 21:13:45.632030 | GENERATION: 224 | ERRORS: best=1422.0, median=2064.0, diversity=0.645 | INDIVIDUALS: n=200, avg_genome_length=24.11 | VIRUSES: gene_rate=0.000
2021-12-21 21:13:51.924184 | GENERATION: 225 | ERRORS: best=1403.0, median=2064.0, diversity=0.675 | INDIVIDUALS: n=200, avg_genome_length=24.955 | VIRUSES: gene_rate=0.000
2021-12-21 21:13:59.084179 | GENERATION: 226 | ERRORS: best=1413.0, median=2064.0, diversity=0.725 | INDIVIDUALS: n=200, avg_genome_length=25.655 | VIRUSES: gene_rate=0.000
2021-12-21 21:14:05.016760 | GENERATION: 227 | ERRORS: best=1376.0, median=2064.0, diversity=0.585 | INDIVIDUALS: n=200, avg_genome_length=22.65 | VIRUSES: gene_rate=0.000
2021-12-21 21:14:11.769950 | GENERATION: 228 | ERRORS: best=1376.0, median=2064.0, diversity=0.67 | INDIVIDUALS: n=200, avg_genome_length=21.02 | VIRUSES: gene_rate=0.000
2021-12-21 21:14:20.081351 | GENERATION: 229 | ERRORS: best=1376.0, median=2064.0, diversity=0.61 | INDIVIDUALS: n=200, avg_genome_length=19.465 | VIRUSES: gene_rate=0.000
2021-12-21 21:14:24.467351 | GENERATION: 230 | ERRORS: best=1376.0, median=2064.0, diversity=0.54 | INDIVIDUALS: n=200, avg_genome_length=20.335 | VIRUSES: gene_rate=0.000
2021-12-21 21:14:28.045773 | GENERATION: 231 | ERRORS: best=1376.0, median=2064.0, diversity=0.555 | INDIVIDUALS: n=200, avg_genome_length=19.565 | VIRUSES: gene_rate=0.000
2021-12-21 21:14:33.252631 | GENERATION: 232 | ERRORS: best=1376.0, median=2064.0, diversity=0.6 | INDIVIDUALS: n=200, avg_genome_length=19.575 | VIRUSES: gene_rate=0.000
2021-12-21 21:14:38.209616 | GENERATION: 233 | ERRORS: best=1376.0, median=2064.0, diversity=0.62 | INDIVIDUALS: n=200, avg_genome_length=20.235 | VIRUSES: gene_rate=0.000
2021-12-21 21:14:43.891364 | GENERATION: 234 | ERRORS: best=1388.0, median=2064.0, diversity=0.56 | INDIVIDUALS: n=200, avg_genome_length=20.695 | VIRUSES: gene_rate=0.000
2021-12-21 21:14:50.409478 | GENERATION: 235 | ERRORS: best=1363.0, median=2061.5, diversity=0.61 | INDIVIDUALS: n=200, avg_genome_length=21.055 | VIRUSES: gene_rate=0.000
2021-12-21 21:14:55.845809 | GENERATION: 236 | ERRORS: best=1429.0, median=2064.0, diversity=0.59 | INDIVIDUALS: n=200, avg_genome_length=20.325 | VIRUSES: gene_rate=0.000
2021-12-21 21:15:02.495830 | GENERATION: 237 | ERRORS: best=1442.0, median=2064.0, diversity=0.585 | INDIVIDUALS: n=200, avg_genome_length=20.205 | VIRUSES: gene_rate=0.000
2021-12-21 21:15:08.011065 | GENERATION: 238 | ERRORS: best=1347.0, median=2064.0, diversity=0.595 | INDIVIDUALS: n=200, avg_genome_length=19.425 | VIRUSES: gene_rate=0.000
2021-12-21 21:15:13.320842 | GENERATION: 239 | ERRORS: best=1437.0, median=2064.0, diversity=0.585 | INDIVIDUALS: n=200, avg_genome_length=17.98 | VIRUSES: gene_rate=0.000
2021-12-21 21:15:17.526745 | GENERATION: 240 | ERRORS: best=1438.0, median=2064.0, diversity=0.535 | INDIVIDUALS: n=200, avg_genome_length=18.135 | VIRUSES: gene_rate=0.000
2021-12-21 21:15:22.220603 | GENERATION: 241 | ERRORS: best=1426.0, median=2022.0, diversity=0.58 | INDIVIDUALS: n=200, avg_genome_length=16.89 | VIRUSES: gene_rate=0.000
2021-12-21 21:15:25.950490 | GENERATION: 242 | ERRORS: best=1377.0, median=1995.0, diversity=0.63 | INDIVIDUALS: n=200, avg_genome_length=17.38 | VIRUSES: gene_rate=0.000
2021-12-21 21:15:30.584975 | GENERATION: 243 | ERRORS: best=1363.0, median=2064.0, diversity=0.64 | INDIVIDUALS: n=200, avg_genome_length=17.515 | VIRUSES: gene_rate=0.000
2021-12-21 21:15:35.581394 | GENERATION: 244 | ERRORS: best=1352.0, median=2064.0, diversity=0.555 | INDIVIDUALS: n=200, avg_genome_length=17.215 | VIRUSES: gene_rate=0.000
2021-12-21 21:15:40.245001 | GENERATION: 245 | ERRORS: best=1352.0, median=2064.0, diversity=0.59 | INDIVIDUALS: n=200, avg_genome_length=16.725 | VIRUSES: gene_rate=0.000
2021-12-21 21:15:45.834350 | GENERATION: 246 | ERRORS: best=1365.0, median=2064.0, diversity=0.58 | INDIVIDUALS: n=200, avg_genome_length=16.065 | VIRUSES: gene_rate=0.000
2021-12-21 21:15:51.243542 | GENERATION: 247 | ERRORS: best=1381.0, median=2064.0, diversity=0.565 | INDIVIDUALS: n=200, avg_genome_length=16.48 | VIRUSES: gene_rate=0.000
2021-12-21 21:15:56.938867 | GENERATION: 248 | ERRORS: best=1436.0, median=2064.0, diversity=0.52 | INDIVIDUALS: n=200, avg_genome_length=15.21 | VIRUSES: gene_rate=0.000
2021-12-21 21:16:01.809463 | GENERATION: 249 | ERRORS: best=1436.0, median=2064.0, diversity=0.545 | INDIVIDUALS: n=200, avg_genome_length=15.435 | VIRUSES: gene_rate=0.000
2021-12-21 21:16:07.870037 | GENERATION: 250 | ERRORS: best=1436.0, median=2064.0, diversity=0.53 | INDIVIDUALS: n=200, avg_genome_length=15.495 | VIRUSES: gene_rate=0.000
2021-12-21 21:16:12.943238 | GENERATION: 251 | ERRORS: best=1442.0, median=2064.0, diversity=0.485 | INDIVIDUALS: n=200, avg_genome_length=14.975 | VIRUSES: gene_rate=0.000
2021-12-21 21:16:17.770654 | GENERATION: 252 | ERRORS: best=1404.0, median=2023.5, diversity=0.575 | INDIVIDUALS: n=200, avg_genome_length=15.955 | VIRUSES: gene_rate=0.000
2021-12-21 21:16:21.688495 | GENERATION: 253 | ERRORS: best=1395.0, median=2064.0, diversity=0.575 | INDIVIDUALS: n=200, avg_genome_length=17.115 | VIRUSES: gene_rate=0.000
2021-12-21 21:16:25.294231 | GENERATION: 254 | ERRORS: best=1363.0, median=2064.0, diversity=0.56 | INDIVIDUALS: n=200, avg_genome_length=17.1 | VIRUSES: gene_rate=0.000
2021-12-21 21:16:29.458944 | GENERATION: 255 | ERRORS: best=1379.0, median=2081.0, diversity=0.63 | INDIVIDUALS: n=200, avg_genome_length=17.38 | VIRUSES: gene_rate=0.000
2021-12-21 21:16:32.435303 | GENERATION: 256 | ERRORS: best=1379.0, median=2064.0, diversity=0.625 | INDIVIDUALS: n=200, avg_genome_length=17.905 | VIRUSES: gene_rate=0.000
2021-12-21 21:16:36.809697 | GENERATION: 257 | ERRORS: best=1377.0, median=2064.0, diversity=0.58 | INDIVIDUALS: n=200, avg_genome_length=17.15 | VIRUSES: gene_rate=0.000
2021-12-21 21:16:42.882552 | GENERATION: 258 | ERRORS: best=1395.0, median=2064.0, diversity=0.565 | INDIVIDUALS: n=200, avg_genome_length=15.515 | VIRUSES: gene_rate=0.000
2021-12-21 21:16:48.278536 | GENERATION: 259 | ERRORS: best=1368.0, median=2064.0, diversity=0.58 | INDIVIDUALS: n=200, avg_genome_length=15.74 | VIRUSES: gene_rate=0.000
2021-12-21 21:16:52.469003 | GENERATION: 260 | ERRORS: best=1404.0, median=1990.0, diversity=0.56 | INDIVIDUALS: n=200, avg_genome_length=16.94 | VIRUSES: gene_rate=0.000
2021-12-21 21:16:54.896138 | GENERATION: 261 | ERRORS: best=1395.0, median=2064.0, diversity=0.59 | INDIVIDUALS: n=200, avg_genome_length=18.76 | VIRUSES: gene_rate=0.000
2021-12-21 21:16:59.863581 | GENERATION: 262 | ERRORS: best=1409.0, median=2064.0, diversity=0.625 | INDIVIDUALS: n=200, avg_genome_length=18.43 | VIRUSES: gene_rate=0.000
2021-12-21 21:17:05.977837 | GENERATION: 263 | ERRORS: best=1353.0, median=1980.0, diversity=0.625 | INDIVIDUALS: n=200, avg_genome_length=18.855 | VIRUSES: gene_rate=0.000
2021-12-21 21:17:11.333290 | GENERATION: 264 | ERRORS: best=1353.0, median=2064.0, diversity=0.55 | INDIVIDUALS: n=200, avg_genome_length=19.055 | VIRUSES: gene_rate=0.000
2021-12-21 21:17:26.891604 | GENERATION: 265 | ERRORS: best=1417.0, median=2064.0, diversity=0.65 | INDIVIDUALS: n=200, avg_genome_length=19.515 | VIRUSES: gene_rate=0.000
2021-12-21 21:17:31.424727 | GENERATION: 266 | ERRORS: best=1421.0, median=2064.0, diversity=0.695 | INDIVIDUALS: n=200, avg_genome_length=20.15 | VIRUSES: gene_rate=0.000
2021-12-21 21:17:36.497787 | GENERATION: 267 | ERRORS: best=1382.0, median=2064.0, diversity=0.64 | INDIVIDUALS: n=200, avg_genome_length=19.815 | VIRUSES: gene_rate=0.000
2021-12-21 21:17:45.159225 | GENERATION: 268 | ERRORS: best=1387.0, median=2034.5, diversity=0.665 | INDIVIDUALS: n=200, avg_genome_length=19.415 | VIRUSES: gene_rate=0.000
2021-12-21 21:17:52.916394 | GENERATION: 269 | ERRORS: best=1360.0, median=1954.5, diversity=0.67 | INDIVIDUALS: n=200, avg_genome_length=21.225 | VIRUSES: gene_rate=0.000
2021-12-21 21:17:58.478132 | GENERATION: 270 | ERRORS: best=1338.0, median=1961.0, diversity=0.725 | INDIVIDUALS: n=200, avg_genome_length=23.98 | VIRUSES: gene_rate=0.000
2021-12-21 21:18:02.484123 | GENERATION: 271 | ERRORS: best=1355.0, median=2060.0, diversity=0.7 | INDIVIDUALS: n=200, avg_genome_length=24.815 | VIRUSES: gene_rate=0.000
2021-12-21 21:18:08.395571 | GENERATION: 272 | ERRORS: best=1407.0, median=2064.0, diversity=0.66 | INDIVIDUALS: n=200, avg_genome_length=23.945 | VIRUSES: gene_rate=0.000
2021-12-21 21:18:15.371385 | GENERATION: 273 | ERRORS: best=1404.0, median=2064.0, diversity=0.675 | INDIVIDUALS: n=200, avg_genome_length=24.715 | VIRUSES: gene_rate=0.000
2021-12-21 21:18:21.712939 | GENERATION: 274 | ERRORS: best=1442.0, median=2064.0, diversity=0.6 | INDIVIDUALS: n=200, avg_genome_length=23.25 | VIRUSES: gene_rate=0.000
2021-12-21 21:18:28.204944 | GENERATION: 275 | ERRORS: best=1387.0, median=2064.0, diversity=0.66 | INDIVIDUALS: n=200, avg_genome_length=23.92 | VIRUSES: gene_rate=0.000
2021-12-21 21:18:36.901981 | GENERATION: 276 | ERRORS: best=1361.0, median=2037.0, diversity=0.57 | INDIVIDUALS: n=200, avg_genome_length=22.535 | VIRUSES: gene_rate=0.000
2021-12-21 21:18:43.133033 | GENERATION: 277 | ERRORS: best=1405.0, median=2064.0, diversity=0.615 | INDIVIDUALS: n=200, avg_genome_length=22.865 | VIRUSES: gene_rate=0.000
2021-12-21 21:18:50.204879 | GENERATION: 278 | ERRORS: best=1380.0, median=2064.0, diversity=0.685 | INDIVIDUALS: n=200, avg_genome_length=23.815 | VIRUSES: gene_rate=0.000
2021-12-21 21:18:55.949660 | GENERATION: 279 | ERRORS: best=1377.0, median=2064.0, diversity=0.67 | INDIVIDUALS: n=200, avg_genome_length=22.67 | VIRUSES: gene_rate=0.000
2021-12-21 21:19:01.036602 | GENERATION: 280 | ERRORS: best=1377.0, median=1969.0, diversity=0.7 | INDIVIDUALS: n=200, avg_genome_length=21.81 | VIRUSES: gene_rate=0.000
2021-12-21 21:19:06.388804 | GENERATION: 281 | ERRORS: best=1333.0, median=2064.0, diversity=0.71 | INDIVIDUALS: n=200, avg_genome_length=22.715 | VIRUSES: gene_rate=0.000
2021-12-21 21:19:12.035839 | GENERATION: 282 | ERRORS: best=1333.0, median=2064.0, diversity=0.67 | INDIVIDUALS: n=200, avg_genome_length=24.155 | VIRUSES: gene_rate=0.000
2021-12-21 21:19:16.255415 | GENERATION: 283 | ERRORS: best=1378.0, median=2064.0, diversity=0.68 | INDIVIDUALS: n=200, avg_genome_length=23.605 | VIRUSES: gene_rate=0.000
2021-12-21 21:19:21.566208 | GENERATION: 284 | ERRORS: best=1387.0, median=2064.0, diversity=0.625 | INDIVIDUALS: n=200, avg_genome_length=21.535 | VIRUSES: gene_rate=0.000
2021-12-21 21:19:27.526308 | GENERATION: 285 | ERRORS: best=1356.0, median=2064.0, diversity=0.655 | INDIVIDUALS: n=200, avg_genome_length=21.455 | VIRUSES: gene_rate=0.000
2021-12-21 21:19:34.343069 | GENERATION: 286 | ERRORS: best=1356.0, median=2064.0, diversity=0.65 | INDIVIDUALS: n=200, avg_genome_length=22.395 | VIRUSES: gene_rate=0.000
2021-12-21 21:19:41.303924 | GENERATION: 287 | ERRORS: best=1375.0, median=2064.0, diversity=0.65 | INDIVIDUALS: n=200, avg_genome_length=20.975 | VIRUSES: gene_rate=0.000
2021-12-21 21:19:47.934854 | GENERATION: 288 | ERRORS: best=1399.0, median=1969.0, diversity=0.675 | INDIVIDUALS: n=200, avg_genome_length=21.02 | VIRUSES: gene_rate=0.000
2021-12-21 21:19:55.028684 | GENERATION: 289 | ERRORS: best=1360.0, median=2064.0, diversity=0.61 | INDIVIDUALS: n=200, avg_genome_length=20.985 | VIRUSES: gene_rate=0.000
2021-12-21 21:20:02.049287 | GENERATION: 290 | ERRORS: best=1394.0, median=2064.0, diversity=0.65 | INDIVIDUALS: n=200, avg_genome_length=19.955 | VIRUSES: gene_rate=0.000
2021-12-21 21:20:08.305273 | GENERATION: 291 | ERRORS: best=1384.0, median=2064.0, diversity=0.71 | INDIVIDUALS: n=200, avg_genome_length=20.105 | VIRUSES: gene_rate=0.000
2021-12-21 21:20:13.749241 | GENERATION: 292 | ERRORS: best=1433.0, median=2064.0, diversity=0.64 | INDIVIDUALS: n=200, avg_genome_length=19.255 | VIRUSES: gene_rate=0.000
2021-12-21 21:20:20.222674 | GENERATION: 293 | ERRORS: best=1383.0, median=1995.0, diversity=0.725 | INDIVIDUALS: n=200, avg_genome_length=19.42 | VIRUSES: gene_rate=0.000
2021-12-21 21:20:26.635581 | GENERATION: 294 | ERRORS: best=1353.0, median=2064.0, diversity=0.68 | INDIVIDUALS: n=200, avg_genome_length=19.5 | VIRUSES: gene_rate=0.000
2021-12-21 21:20:33.086627 | GENERATION: 295 | ERRORS: best=1414.0, median=2064.0, diversity=0.64 | INDIVIDUALS: n=200, avg_genome_length=19.68 | VIRUSES: gene_rate=0.000
2021-12-21 21:20:40.172962 | GENERATION: 296 | ERRORS: best=1377.0, median=2064.0, diversity=0.625 | INDIVIDUALS: n=200, avg_genome_length=21.26 | VIRUSES: gene_rate=0.000
2021-12-21 21:20:46.852714 | GENERATION: 297 | ERRORS: best=1353.0, median=2064.0, diversity=0.565 | INDIVIDUALS: n=200, avg_genome_length=18.995 | VIRUSES: gene_rate=0.000
2021-12-21 21:20:49.293404 | GENERATION: 298 | ERRORS: best=1392.0, median=2064.0, diversity=0.64 | INDIVIDUALS: n=200, avg_genome_length=17.535 | VIRUSES: gene_rate=0.000
2021-12-21 21:20:55.549796 | GENERATION: 299 | ERRORS: best=1350.0, median=2064.0, diversity=0.595 | INDIVIDUALS: n=200, avg_genome_length=18.26 | VIRUSES: gene_rate=0.000
2021-12-21 21:21:01.571527 | GENERATION: 300 | ERRORS: best=1309.0, median=2064.0, diversity=0.615 | INDIVIDUALS: n=200, avg_genome_length=18.61 | VIRUSES: gene_rate=0.000
Simplifying genome of length 207 with total error 1048.0.
Simplified genome by 1 to length 206.
Simplified genome by 1 to length 205.
Simplified genome by 3 to length 202.
Simplified genome by 1 to length 201.
Simplified genome by 1 to length 200.
Simplified genome by 2 to length 198.
Simplified genome by 3 to length 195.
Simplified genome by 2 to length 193.
Simplified genome by 2 to length 191.
Simplified genome by 1 to length 190.
Simplified genome by 2 to length 188.
Simplified genome by 2 to length 186.
Simplified genome by 1 to length 185.
Simplified genome by 3 to length 182.
Simplified genome by 1 to length 181.
Simplified genome by 2 to length 179.
Simplified genome by 1 to length 178.
Simplified genome by 1 to length 177.
Simplified genome by 1 to length 176.
Simplified genome by 1 to length 175.
Simplified genome by 2 to length 173.
Simplified genome by 1 to length 172.
Simplified genome by 1 to length 171.
Simplified genome by 2 to length 169.
Simplified genome by 2 to length 167.
Simplified genome by 3 to length 164.
Simplified genome by 2 to length 162.
Simplified genome by 1 to length 161.
Simplified genome by 3 to length 158.
Simplified genome by 2 to length 156.
Simplified genome by 3 to length 153.
Simplified genome by 2 to length 151.
Simplified genome by 1 to length 150.
Simplified genome by 2 to length 148.
Simplified genome by 1 to length 147.
Simplified genome by 2 to length 145.
Simplified genome by 1 to length 144.
Simplified genome by 1 to length 143.
Simplified genome by 2 to length 141.
Simplified genome by 2 to length 139.
Simplified genome by 1 to length 138.
Simplified genome by 2 to length 136.
Simplified genome by 3 to length 133.
Simplified genome by 2 to length 131.
Simplified genome by 1 to length 130.
Simplified genome by 1 to length 129.
Simplified genome by 1 to length 128.
Simplified genome by 3 to length 125.
Simplified genome by 3 to length 122.
Simplified genome by 1 to length 121.
Simplified genome by 2 to length 119.
Simplified genome by 1 to length 118.
Simplified genome by 3 to length 115.
Simplified genome by 2 to length 113.
Simplified genome by 3 to length 110.
Simplified genome by 3 to length 107.
Simplified genome by 1 to length 106.
Simplified genome by 1 to length 105.
Simplified genome by 1 to length 104.
Simplified genome by 1 to length 103.
Simplified genome by 2 to length 101.
Simplified genome by 2 to length 99.
Simplified genome by 1 to length 98.
Simplified genome by 1 to length 97.
Simplified genome by 1 to length 96.
Simplified genome by 1 to length 95.
Simplified genome by 2 to length 93.
Simplified genome by 1 to length 92.
Simplified genome by 2 to length 90.
Simplified genome by 2 to length 88.
Simplified genome by 1 to length 87.
Simplified genome by 3 to length 84.
Simplified genome by 1 to length 83.
Simplified genome by 1 to length 82.
Simplified genome by 1 to length 81.
Simplified genome by 2 to length 79.
Simplified genome by 1 to length 78.
Simplified genome by 1 to length 77.
Simplified genome by 1 to length 76.
Simplified genome by 1 to length 75.
Simplified genome by 1 to length 74.
Simplified genome by 1 to length 73.
Simplified genome by 1 to length 72.
Simplified genome by 1 to length 71.
Simplified genome by 2 to length 69.
Simplified genome by 1 to length 68.
Simplified genome by 1 to length 67.
Simplified genome by 1 to length 66.
Simplified genome by 1 to length 65.
Simplified genome by 1 to length 64.
Simplified genome by 2 to length 62.
Simplified genome by 2 to length 60.
Simplified genome by 1 to length 59.
Simplified genome by 1 to length 58.
Simplified genome by 2 to length 56.
Simplified genome by 3 to length 53.
Simplified genome by 2 to length 51.
Simplified genome by 1 to length 50.
Simplified genome by 1 to length 49.
Simplified genome by 1 to length 48.
Simplified genome by 1 to length 47.
Simplified genome to length 47 and total error 991.0.
========================================
End Run
========================================
No solution found.
Best Seen Individual
	Genome:
	 pvector([Literal(value=2, push_type=<pyshgp.push.types.PushIntType object at 0x7f7f52416a30>), InstructionMeta(name='exec_yank_dup', code_blocks=0), InstructionMeta(name='vector_int_shove_dup', code_blocks=0), InstructionMeta(name='vector_int_contains', code_blocks=0), InstructionMeta(name='bool_is_empty', code_blocks=0), Closer(), InstructionMeta(name='bool_second_first_then_and', code_blocks=0), InstructionMeta(name='exec_if', code_blocks=2), Closer(), Input(input_index=0), InstructionMeta(name='bool_is_empty', code_blocks=0), InstructionMeta(name='bool_dup', code_blocks=0), InstructionMeta(name='int_stack_depth', code_blocks=0), InstructionMeta(name='vector_int_first', code_blocks=0), InstructionMeta(name='bool_stack_depth', code_blocks=0), Literal(value=2, push_type=<pyshgp.push.types.PushIntType object at 0x7f7f524163a0>), InstructionMeta(name='bool_dup_times', code_blocks=0), InstructionMeta(name='exec_rot', code_blocks=3), Closer(), InstructionMeta(name='bool_stack_depth', code_blocks=0), Closer(), InstructionMeta(name='exec_do_while', code_blocks=1), InstructionMeta(name='int_mod', code_blocks=0), InstructionMeta(name='bool_stack_depth', code_blocks=0), InstructionMeta(name='int_yank', code_blocks=0), InstructionMeta(name='bool_eq', code_blocks=0), Literal(value=0, push_type=<pyshgp.push.types.PushIntType object at 0x7f7f52416460>), InstructionMeta(name='println_int', code_blocks=0), Closer(), Closer(), InstructionMeta(name='println_int', code_blocks=0), InstructionMeta(name='print_int', code_blocks=0), Closer(), InstructionMeta(name='exec_stack_depth', code_blocks=0), InstructionMeta(name='exec_when', code_blocks=1), InstructionMeta(name='int_swap', code_blocks=0), Literal(value=655, push_type=<pyshgp.push.types.PushIntType object at 0x7f7f52416cd0>), InstructionMeta(name='int_min', code_blocks=0), InstructionMeta(name='bool_from_int', code_blocks=0), Input(input_index=0), InstructionMeta(name='vector_int_length', code_blocks=0), InstructionMeta(name='int_mod', code_blocks=0), Closer(), InstructionMeta(name='vector_int_rot', code_blocks=0), InstructionMeta(name='vector_int_dup', code_blocks=0), InstructionMeta(name='int_min', code_blocks=0), Input(input_index=0)])
	Program:
	 (2 exec_yank_dup vector_int_shove_dup vector_int_contains bool_is_empty bool_second_first_then_and exec_if () (input_0 bool_is_empty bool_dup int_stack_depth vector_int_first bool_stack_depth 2 bool_dup_times exec_rot () (bool_stack_depth) (exec_do_while (int_mod bool_stack_depth int_yank bool_eq 0 println_int)) println_int print_int) exec_stack_depth exec_when (int_swap 655 int_min bool_from_int input_0 vector_int_length int_mod) vector_int_rot vector_int_dup int_min input_0)
	Error vector:
	 [ 4.  3.  8.  0.  0.  0.  2.  3.  2.  0.  1. 21.  6.  0.  2.  6.  6.  1.
  6.  0.  5.  5.  3.  7.  1.  0.  0.  6.  1.  0.  1.  0.  0.  0.  4. 11.
  0. 25.  5. 19.  1.  0.  6.  0.  2.  0.  0.  0.  0.  0.  6.  1.  0.  2.
  6.  6.  0.  0.  2. 30.  0. 21.  0. 24.  0. 27.  6.  6.  0.  0.  2.  0.
  2.  5.  2.  8.  1.  6.  3.  0.  0. 26. 16.  4.  5. 34.  2.  7.  0.  0.
  2.  0.  0.  1.  6. 12.  6.  8.  0.  0.  3.  6.  1. 11.  0.  6.  0.  0.
  3.  3. 16.  6. 10.  0.  0. 28.  0.  1. 37.  5.  6.  0.  6. 14.  0.  0.
 13. 15. 10. 11.  5.  0.  6. 12.  4.  0.  0.  9.  0.  2.  0.  0. 20.  0.
  3.  0. 15.  0.  0.  4.  2.  0.  0.  1.  0.  3.  1.  6.  6.  0.  1. 20.
  0.  0.  4.  1.  0. 21. 10.  0.  2.  1.  1.  0.  1.  0.  9.  0. 16.  3.
 20.  1.  7.  7.  2. 15.  4.  0.  0. 13.  5.  6.  1.  1.  2.  0. 20.  9.
  9.  1.]
	Total error:
	 991.0
	Test error:
	 11837.0
	Time:
	 00:57:15
