Included 32 edge cases.
Included 168 random cases.
Included 200 cases in total.
Finished formatting.
Included 0 edge cases.
Included 2000 random cases.
Included 2000 cases in total.
Finished formatting.
========================================
Setup
========================================
Search Configuration:
signature: ProgramSignature(output_stacks=['int'], push_config=PushConfig(numeric_magnitude_limit=1000000000000.0, growth_cap=500, step_limit=1500, collection_size_cap=1000, runtime_limit=10), arity=1)
evaluator: <pyshgp.gp.evaluation.DatasetEvaluator object at 0x7f419e5dff70>
spawner: <pyshgp.gp.genome.GeneSpawner object at 0x7f419e5cdf70>
population_size: 200
max_generations: 300
error_threshold: 0.0
initial_genome_size: (50, 250)
simplification_steps: 500
parallel_context: <pyshgp.gp.search.ParallelContext object at 0x7f419e5dfd30>
selection: <pyshgp.utils.DiscreteProbDistrib object at 0x7f415f4de6c0>
variation: <pyshgp.utils.DiscreteProbDistrib object at 0x7f415f4deb80>
Instructions:
int_add, int_sub, int_mult, int_div, int_mod, int_min, int_max, int_inc, int_dec, int_lt, int_lte, int_gt, int_gte, int_from_bool, bool_and, bool_or, bool_not, bool_xor, bool_invert_first_then_and, bool_second_first_then_and, bool_from_int, noop, noop_open, exec_do_range, exec_do_count, exec_while, exec_do_while, exec_if, exec_when, vector_int_concat, vector_int_conj, vector_int_take, vector_int_subvec, vector_int_first, vector_int_last, vector_int_nth, vector_int_rest, vector_int_but_last, vector_int_length, vector_int_reverse, vector_int_push_all, vector_int_empty_vector, vector_int_contains, vector_int_index_of, vector_int_occurrences_of, vector_int_set_nth, vector_int_replace, vector_int_replace_first, vector_int_remove, vector_int_iterate, print_bool, println_bool, print_int, println_int, print_vector_int, println_vector_int, print_exec, println_exec, bool_pop, bool_dup, bool_dup_times, bool_swap, bool_rot, bool_flush, bool_eq, bool_stack_depth, bool_yank, bool_yank_dup, bool_shove, bool_shove_dup, bool_is_empty, int_pop, int_dup, int_dup_times, int_swap, int_rot, int_flush, int_eq, int_stack_depth, int_yank, int_yank_dup, int_shove, int_shove_dup, int_is_empty, vector_int_pop, vector_int_dup, vector_int_dup_times, vector_int_swap, vector_int_rot, vector_int_flush, vector_int_eq, vector_int_stack_depth, vector_int_yank, vector_int_yank_dup, vector_int_shove, vector_int_shove_dup, vector_int_is_empty, exec_pop, exec_dup, exec_dup_times, exec_swap, exec_rot, exec_flush, exec_eq, exec_stack_depth, exec_yank, exec_yank_dup, exec_shove, exec_shove_dup, exec_is_empty
Literals:
[Literal(value=0, push_type=<pyshgp.push.types.PushIntType object at 0x7f419e71c520>), Literal(value=1, push_type=<pyshgp.push.types.PushIntType object at 0x7f419e71c520>), Literal(value=2, push_type=<pyshgp.push.types.PushIntType object at 0x7f419e71c520>)]
ERC Generators:
[<function rand_int at 0x7f416082e280>]
========================================
Start Run
========================================
2021-12-13 10:00:59.426090 | GENERATION: 1 | ERRORS: best=1891.0, median=200000000.0, diversity=0.045 | INDIVIDUALS: n=200, avg_genome_length=157.95
2021-12-13 10:01:13.061113 | GENERATION: 2 | ERRORS: best=1739.0, median=86333.5, diversity=0.17 | INDIVIDUALS: n=200, avg_genome_length=115.94
2021-12-13 10:01:28.518854 | GENERATION: 3 | ERRORS: best=1739.0, median=2022.5, diversity=0.32 | INDIVIDUALS: n=200, avg_genome_length=158.77
2021-12-13 10:01:53.349040 | GENERATION: 4 | ERRORS: best=1420.0, median=84849.5, diversity=0.6 | INDIVIDUALS: n=200, avg_genome_length=167.655
2021-12-13 10:02:22.116901 | GENERATION: 5 | ERRORS: best=1383.0, median=83374.0, diversity=0.635 | INDIVIDUALS: n=200, avg_genome_length=173.58
2021-12-13 10:02:50.577754 | GENERATION: 6 | ERRORS: best=1320.0, median=88722.0, diversity=0.695 | INDIVIDUALS: n=200, avg_genome_length=172.92
2021-12-13 10:03:15.789457 | GENERATION: 7 | ERRORS: best=1645.0, median=1001919.0, diversity=0.68 | INDIVIDUALS: n=200, avg_genome_length=172.045
2021-12-13 10:03:38.957964 | GENERATION: 8 | ERRORS: best=1355.0, median=1055750.0, diversity=0.71 | INDIVIDUALS: n=200, avg_genome_length=170.495
2021-12-13 10:04:04.405192 | GENERATION: 9 | ERRORS: best=1332.0, median=44143.0, diversity=0.675 | INDIVIDUALS: n=200, avg_genome_length=170.385
2021-12-13 10:04:34.136437 | GENERATION: 10 | ERRORS: best=1348.0, median=46918.0, diversity=0.715 | INDIVIDUALS: n=200, avg_genome_length=165.63
2021-12-13 10:04:53.881606 | GENERATION: 11 | ERRORS: best=1449.0, median=111757.0, diversity=0.675 | INDIVIDUALS: n=200, avg_genome_length=166.08
2021-12-13 10:05:15.058274 | GENERATION: 12 | ERRORS: best=1378.0, median=67711.5, diversity=0.68 | INDIVIDUALS: n=200, avg_genome_length=167.505
2021-12-13 10:05:34.142651 | GENERATION: 13 | ERRORS: best=1347.0, median=1002374.5, diversity=0.65 | INDIVIDUALS: n=200, avg_genome_length=169.555
2021-12-13 10:05:53.922301 | GENERATION: 14 | ERRORS: best=1338.0, median=1586081.0, diversity=0.705 | INDIVIDUALS: n=200, avg_genome_length=169.09
2021-12-13 10:06:13.199354 | GENERATION: 15 | ERRORS: best=1320.0, median=183743.5, diversity=0.66 | INDIVIDUALS: n=200, avg_genome_length=174.59
2021-12-13 10:06:36.907835 | GENERATION: 16 | ERRORS: best=1355.0, median=1001591.5, diversity=0.725 | INDIVIDUALS: n=200, avg_genome_length=172.83
2021-12-13 10:06:56.292544 | GENERATION: 17 | ERRORS: best=1347.0, median=1001898.5, diversity=0.67 | INDIVIDUALS: n=200, avg_genome_length=171.72
2021-12-13 10:07:16.091133 | GENERATION: 18 | ERRORS: best=1346.0, median=191081.5, diversity=0.685 | INDIVIDUALS: n=200, avg_genome_length=169.4
2021-12-13 10:07:35.638266 | GENERATION: 19 | ERRORS: best=1319.0, median=1002533.0, diversity=0.685 | INDIVIDUALS: n=200, avg_genome_length=174.85
2021-12-13 10:07:52.743869 | GENERATION: 20 | ERRORS: best=1340.0, median=26096.5, diversity=0.63 | INDIVIDUALS: n=200, avg_genome_length=171.885
2021-12-13 10:08:09.574289 | GENERATION: 21 | ERRORS: best=1262.0, median=1056774.0, diversity=0.665 | INDIVIDUALS: n=200, avg_genome_length=172.02
2021-12-13 10:08:28.385170 | GENERATION: 22 | ERRORS: best=1280.0, median=1002001.5, diversity=0.58 | INDIVIDUALS: n=200, avg_genome_length=167.415
2021-12-13 10:08:44.234360 | GENERATION: 23 | ERRORS: best=1318.0, median=1032530.5, diversity=0.64 | INDIVIDUALS: n=200, avg_genome_length=161.155
2021-12-13 10:08:58.234399 | GENERATION: 24 | ERRORS: best=1326.0, median=1001908.0, diversity=0.67 | INDIVIDUALS: n=200, avg_genome_length=164.475
2021-12-13 10:09:12.576186 | GENERATION: 25 | ERRORS: best=1297.0, median=1021269.5, diversity=0.68 | INDIVIDUALS: n=200, avg_genome_length=164.6
2021-12-13 10:09:29.088644 | GENERATION: 26 | ERRORS: best=1324.0, median=1042816.0, diversity=0.68 | INDIVIDUALS: n=200, avg_genome_length=166.3
2021-12-13 10:09:47.550699 | GENERATION: 27 | ERRORS: best=1730.0, median=97922.0, diversity=0.69 | INDIVIDUALS: n=200, avg_genome_length=164.49
2021-12-13 10:10:15.140896 | GENERATION: 28 | ERRORS: best=1514.0, median=1003805.0, diversity=0.74 | INDIVIDUALS: n=200, avg_genome_length=163.375
2021-12-13 10:10:34.171914 | GENERATION: 29 | ERRORS: best=1484.0, median=1062686.0, diversity=0.67 | INDIVIDUALS: n=200, avg_genome_length=166.345
2021-12-13 10:10:56.384339 | GENERATION: 30 | ERRORS: best=1333.0, median=120861.0, diversity=0.7 | INDIVIDUALS: n=200, avg_genome_length=166.97
2021-12-13 10:11:15.835328 | GENERATION: 31 | ERRORS: best=1324.0, median=1025034.5, diversity=0.77 | INDIVIDUALS: n=200, avg_genome_length=160.97
2021-12-13 10:11:34.998289 | GENERATION: 32 | ERRORS: best=1554.0, median=3008269.5, diversity=0.69 | INDIVIDUALS: n=200, avg_genome_length=163.18
2021-12-13 10:11:56.431278 | GENERATION: 33 | ERRORS: best=1739.0, median=1065558.5, diversity=0.71 | INDIVIDUALS: n=200, avg_genome_length=158.73
2021-12-13 10:12:13.906526 | GENERATION: 34 | ERRORS: best=1739.0, median=1011567.5, diversity=0.68 | INDIVIDUALS: n=200, avg_genome_length=153.11
2021-12-13 10:12:32.090153 | GENERATION: 35 | ERRORS: best=1739.0, median=1003369.5, diversity=0.705 | INDIVIDUALS: n=200, avg_genome_length=149.49
2021-12-13 10:12:51.175504 | GENERATION: 36 | ERRORS: best=1743.0, median=1558393.0, diversity=0.73 | INDIVIDUALS: n=200, avg_genome_length=154.48
2021-12-13 10:13:08.759778 | GENERATION: 37 | ERRORS: best=1725.0, median=40564.5, diversity=0.71 | INDIVIDUALS: n=200, avg_genome_length=152.855
2021-12-13 10:13:26.297498 | GENERATION: 38 | ERRORS: best=1739.0, median=84160.0, diversity=0.61 | INDIVIDUALS: n=200, avg_genome_length=153.34
2021-12-13 10:13:44.597576 | GENERATION: 39 | ERRORS: best=1372.0, median=80505.5, diversity=0.61 | INDIVIDUALS: n=200, avg_genome_length=148.73
2021-12-13 10:14:01.224358 | GENERATION: 40 | ERRORS: best=1300.0, median=62687.0, diversity=0.535 | INDIVIDUALS: n=200, avg_genome_length=144.39
2021-12-13 10:14:19.280274 | GENERATION: 41 | ERRORS: best=1317.0, median=1066115.5, diversity=0.64 | INDIVIDUALS: n=200, avg_genome_length=137.54
2021-12-13 10:14:39.061295 | GENERATION: 42 | ERRORS: best=1311.0, median=1001853.5, diversity=0.7 | INDIVIDUALS: n=200, avg_genome_length=138.7
2021-12-13 10:14:56.981990 | GENERATION: 43 | ERRORS: best=1311.0, median=59685.0, diversity=0.605 | INDIVIDUALS: n=200, avg_genome_length=130.495
2021-12-13 10:15:15.999453 | GENERATION: 44 | ERRORS: best=1287.0, median=77672.5, diversity=0.66 | INDIVIDUALS: n=200, avg_genome_length=134.22
2021-12-13 10:15:33.397943 | GENERATION: 45 | ERRORS: best=1306.0, median=47063.0, diversity=0.6 | INDIVIDUALS: n=200, avg_genome_length=133.16
2021-12-13 10:15:49.790716 | GENERATION: 46 | ERRORS: best=1365.0, median=55465.5, diversity=0.635 | INDIVIDUALS: n=200, avg_genome_length=139.95
2021-12-13 10:16:13.890389 | GENERATION: 47 | ERRORS: best=1306.0, median=23422.0, diversity=0.665 | INDIVIDUALS: n=200, avg_genome_length=128.9
2021-12-13 10:16:33.108673 | GENERATION: 48 | ERRORS: best=1312.0, median=1001971.5, diversity=0.73 | INDIVIDUALS: n=200, avg_genome_length=127.255
2021-12-13 10:16:47.601131 | GENERATION: 49 | ERRORS: best=1316.0, median=4608.0, diversity=0.65 | INDIVIDUALS: n=200, avg_genome_length=135.24
2021-12-13 10:17:03.423975 | GENERATION: 50 | ERRORS: best=1336.0, median=3672.0, diversity=0.65 | INDIVIDUALS: n=200, avg_genome_length=125.12
2021-12-13 10:17:17.966514 | GENERATION: 51 | ERRORS: best=1338.0, median=13912.5, diversity=0.57 | INDIVIDUALS: n=200, avg_genome_length=131.345
2021-12-13 10:17:32.869181 | GENERATION: 52 | ERRORS: best=1315.0, median=47000.0, diversity=0.685 | INDIVIDUALS: n=200, avg_genome_length=121.88
2021-12-13 10:17:47.040366 | GENERATION: 53 | ERRORS: best=1311.0, median=2131.5, diversity=0.58 | INDIVIDUALS: n=200, avg_genome_length=124.665
2021-12-13 10:18:01.475352 | GENERATION: 54 | ERRORS: best=1333.0, median=28013.0, diversity=0.665 | INDIVIDUALS: n=200, avg_genome_length=115.94
2021-12-13 10:18:18.311463 | GENERATION: 55 | ERRORS: best=1315.0, median=2607.0, diversity=0.655 | INDIVIDUALS: n=200, avg_genome_length=117.545
2021-12-13 10:18:51.926642 | GENERATION: 56 | ERRORS: best=1305.0, median=31882.0, diversity=0.74 | INDIVIDUALS: n=200, avg_genome_length=116.27
2021-12-13 10:19:09.706596 | GENERATION: 57 | ERRORS: best=1298.0, median=9344.0, diversity=0.685 | INDIVIDUALS: n=200, avg_genome_length=115.1
2021-12-13 10:19:24.575720 | GENERATION: 58 | ERRORS: best=1341.0, median=7089.0, diversity=0.69 | INDIVIDUALS: n=200, avg_genome_length=118.06
2021-12-13 10:19:39.404282 | GENERATION: 59 | ERRORS: best=1347.0, median=47714.5, diversity=0.665 | INDIVIDUALS: n=200, avg_genome_length=115.315
2021-12-13 10:19:53.966653 | GENERATION: 60 | ERRORS: best=1341.0, median=5860.0, diversity=0.7 | INDIVIDUALS: n=200, avg_genome_length=118.945
2021-12-13 10:20:08.822620 | GENERATION: 61 | ERRORS: best=1308.0, median=56734.0, diversity=0.665 | INDIVIDUALS: n=200, avg_genome_length=115.125
2021-12-13 10:20:26.517067 | GENERATION: 62 | ERRORS: best=1318.0, median=618675.0, diversity=0.775 | INDIVIDUALS: n=200, avg_genome_length=110.765
2021-12-13 10:20:41.532551 | GENERATION: 63 | ERRORS: best=1335.0, median=4857.0, diversity=0.69 | INDIVIDUALS: n=200, avg_genome_length=100.46
2021-12-13 10:20:58.312407 | GENERATION: 64 | ERRORS: best=1358.0, median=46052.5, diversity=0.69 | INDIVIDUALS: n=200, avg_genome_length=104.79
2021-12-13 10:21:14.238188 | GENERATION: 65 | ERRORS: best=1351.0, median=2242.0, diversity=0.68 | INDIVIDUALS: n=200, avg_genome_length=98.82
2021-12-13 10:21:28.338281 | GENERATION: 66 | ERRORS: best=1319.0, median=2133.0, diversity=0.715 | INDIVIDUALS: n=200, avg_genome_length=95.905
2021-12-13 10:21:42.807170 | GENERATION: 67 | ERRORS: best=1325.0, median=5209.5, diversity=0.75 | INDIVIDUALS: n=200, avg_genome_length=96.71
2021-12-13 10:21:58.032971 | GENERATION: 68 | ERRORS: best=1341.0, median=4601.0, diversity=0.775 | INDIVIDUALS: n=200, avg_genome_length=98.62
2021-12-13 10:22:12.428214 | GENERATION: 69 | ERRORS: best=1343.0, median=2826.0, diversity=0.7 | INDIVIDUALS: n=200, avg_genome_length=98.5
2021-12-13 10:22:26.563185 | GENERATION: 70 | ERRORS: best=1346.0, median=4675.5, diversity=0.725 | INDIVIDUALS: n=200, avg_genome_length=90.765
2021-12-13 10:22:43.087541 | GENERATION: 71 | ERRORS: best=1359.0, median=18447.0, diversity=0.77 | INDIVIDUALS: n=200, avg_genome_length=90.37
2021-12-13 10:22:59.045935 | GENERATION: 72 | ERRORS: best=1341.0, median=5937.5, diversity=0.745 | INDIVIDUALS: n=200, avg_genome_length=90.315
2021-12-13 10:23:13.469787 | GENERATION: 73 | ERRORS: best=1419.0, median=2456.5, diversity=0.73 | INDIVIDUALS: n=200, avg_genome_length=90.1
2021-12-13 10:23:27.179243 | GENERATION: 74 | ERRORS: best=1374.0, median=2915.0, diversity=0.685 | INDIVIDUALS: n=200, avg_genome_length=90.42
2021-12-13 10:23:41.461983 | GENERATION: 75 | ERRORS: best=1364.0, median=3006.0, diversity=0.76 | INDIVIDUALS: n=200, avg_genome_length=91.48
2021-12-13 10:24:00.173211 | GENERATION: 76 | ERRORS: best=1345.0, median=2393.5, diversity=0.775 | INDIVIDUALS: n=200, avg_genome_length=90.235
2021-12-13 10:24:12.709870 | GENERATION: 77 | ERRORS: best=1332.0, median=3297.0, diversity=0.765 | INDIVIDUALS: n=200, avg_genome_length=90.345
2021-12-13 10:24:23.782581 | GENERATION: 78 | ERRORS: best=1482.0, median=3861.0, diversity=0.76 | INDIVIDUALS: n=200, avg_genome_length=92.755
2021-12-13 10:24:34.392171 | GENERATION: 79 | ERRORS: best=1469.0, median=2771.0, diversity=0.635 | INDIVIDUALS: n=200, avg_genome_length=93.335
2021-12-13 10:24:43.240656 | GENERATION: 80 | ERRORS: best=1405.0, median=4537.0, diversity=0.64 | INDIVIDUALS: n=200, avg_genome_length=93.415
2021-12-13 10:25:01.085867 | GENERATION: 81 | ERRORS: best=1372.0, median=14325.5, diversity=0.74 | INDIVIDUALS: n=200, avg_genome_length=92.81
2021-12-13 10:25:10.878667 | GENERATION: 82 | ERRORS: best=1424.0, median=2616.0, diversity=0.615 | INDIVIDUALS: n=200, avg_genome_length=96.715
2021-12-13 10:25:22.017848 | GENERATION: 83 | ERRORS: best=1372.0, median=3168.5, diversity=0.67 | INDIVIDUALS: n=200, avg_genome_length=95.58
2021-12-13 10:25:31.265875 | GENERATION: 84 | ERRORS: best=1372.0, median=2498.5, diversity=0.735 | INDIVIDUALS: n=200, avg_genome_length=92.24
2021-12-13 10:26:01.936423 | GENERATION: 85 | ERRORS: best=1410.0, median=2017.0, diversity=0.73 | INDIVIDUALS: n=200, avg_genome_length=91.515
2021-12-13 10:26:12.677108 | GENERATION: 86 | ERRORS: best=1306.0, median=2119.5, diversity=0.635 | INDIVIDUALS: n=200, avg_genome_length=87.65
2021-12-13 10:26:22.227592 | GENERATION: 87 | ERRORS: best=1337.0, median=2133.0, diversity=0.61 | INDIVIDUALS: n=200, avg_genome_length=87.065
2021-12-13 10:26:30.084296 | GENERATION: 88 | ERRORS: best=1396.0, median=2133.0, diversity=0.68 | INDIVIDUALS: n=200, avg_genome_length=85.835
2021-12-13 10:26:38.862373 | GENERATION: 89 | ERRORS: best=1382.0, median=2019.0, diversity=0.645 | INDIVIDUALS: n=200, avg_genome_length=84.39
2021-12-13 10:26:48.996845 | GENERATION: 90 | ERRORS: best=1376.0, median=2265.5, diversity=0.7 | INDIVIDUALS: n=200, avg_genome_length=81.065
2021-12-13 10:26:58.481322 | GENERATION: 91 | ERRORS: best=1373.0, median=2055.0, diversity=0.685 | INDIVIDUALS: n=200, avg_genome_length=77.7
2021-12-13 10:27:08.246564 | GENERATION: 92 | ERRORS: best=1252.0, median=2070.0, diversity=0.725 | INDIVIDUALS: n=200, avg_genome_length=78.755
2021-12-13 10:27:19.850530 | GENERATION: 93 | ERRORS: best=1252.0, median=2046.0, diversity=0.68 | INDIVIDUALS: n=200, avg_genome_length=77.155
2021-12-13 10:27:29.861714 | GENERATION: 94 | ERRORS: best=1252.0, median=2017.0, diversity=0.625 | INDIVIDUALS: n=200, avg_genome_length=74.575
2021-12-13 10:27:38.896321 | GENERATION: 95 | ERRORS: best=1252.0, median=2017.0, diversity=0.61 | INDIVIDUALS: n=200, avg_genome_length=76.33
2021-12-13 10:27:47.198864 | GENERATION: 96 | ERRORS: best=1252.0, median=2017.0, diversity=0.615 | INDIVIDUALS: n=200, avg_genome_length=74.265
2021-12-13 10:28:01.792493 | GENERATION: 97 | ERRORS: best=1256.0, median=2018.5, diversity=0.7 | INDIVIDUALS: n=200, avg_genome_length=72.025
2021-12-13 10:28:11.043582 | GENERATION: 98 | ERRORS: best=1256.0, median=2017.0, diversity=0.625 | INDIVIDUALS: n=200, avg_genome_length=67.12
2021-12-13 10:28:19.644379 | GENERATION: 99 | ERRORS: best=1256.0, median=2017.0, diversity=0.645 | INDIVIDUALS: n=200, avg_genome_length=66.665
2021-12-13 10:28:30.234445 | GENERATION: 100 | ERRORS: best=1256.0, median=2027.5, diversity=0.69 | INDIVIDUALS: n=200, avg_genome_length=66.5
2021-12-13 10:28:38.536472 | GENERATION: 101 | ERRORS: best=1256.0, median=2017.0, diversity=0.62 | INDIVIDUALS: n=200, avg_genome_length=63.245
2021-12-13 10:28:47.087767 | GENERATION: 102 | ERRORS: best=1252.0, median=2017.0, diversity=0.62 | INDIVIDUALS: n=200, avg_genome_length=59.03
2021-12-13 10:28:55.572819 | GENERATION: 103 | ERRORS: best=1252.0, median=2017.0, diversity=0.64 | INDIVIDUALS: n=200, avg_genome_length=56.365
2021-12-13 10:29:07.811845 | GENERATION: 104 | ERRORS: best=1252.0, median=2001.5, diversity=0.675 | INDIVIDUALS: n=200, avg_genome_length=53.895
2021-12-13 10:29:18.427978 | GENERATION: 105 | ERRORS: best=1270.0, median=2060.0, diversity=0.715 | INDIVIDUALS: n=200, avg_genome_length=52.57
2021-12-13 10:29:28.981664 | GENERATION: 106 | ERRORS: best=1270.0, median=2027.0, diversity=0.735 | INDIVIDUALS: n=200, avg_genome_length=49.48
2021-12-13 10:29:35.724798 | GENERATION: 107 | ERRORS: best=1252.0, median=2154.5, diversity=0.705 | INDIVIDUALS: n=200, avg_genome_length=48.995
2021-12-13 10:29:44.231546 | GENERATION: 108 | ERRORS: best=1252.0, median=2017.0, diversity=0.595 | INDIVIDUALS: n=200, avg_genome_length=49.6
2021-12-13 10:29:51.294556 | GENERATION: 109 | ERRORS: best=1252.0, median=2017.0, diversity=0.66 | INDIVIDUALS: n=200, avg_genome_length=47.925
2021-12-13 10:29:58.908736 | GENERATION: 110 | ERRORS: best=1252.0, median=2017.0, diversity=0.615 | INDIVIDUALS: n=200, avg_genome_length=53.93
2021-12-13 10:30:06.805919 | GENERATION: 111 | ERRORS: best=1252.0, median=2017.0, diversity=0.635 | INDIVIDUALS: n=200, avg_genome_length=54.3
2021-12-13 10:30:23.082607 | GENERATION: 112 | ERRORS: best=1252.0, median=2013.5, diversity=0.66 | INDIVIDUALS: n=200, avg_genome_length=53.91
2021-12-13 10:30:32.991751 | GENERATION: 113 | ERRORS: best=1252.0, median=2021.5, diversity=0.67 | INDIVIDUALS: n=200, avg_genome_length=60.86
2021-12-13 10:30:40.174969 | GENERATION: 114 | ERRORS: best=1252.0, median=2017.0, diversity=0.675 | INDIVIDUALS: n=200, avg_genome_length=50.335
2021-12-13 10:30:47.222355 | GENERATION: 115 | ERRORS: best=1270.0, median=2017.0, diversity=0.61 | INDIVIDUALS: n=200, avg_genome_length=49.445
2021-12-13 10:30:54.762313 | GENERATION: 116 | ERRORS: best=1369.0, median=2017.0, diversity=0.615 | INDIVIDUALS: n=200, avg_genome_length=51.365
2021-12-13 10:31:03.363873 | GENERATION: 117 | ERRORS: best=1372.0, median=2015.0, diversity=0.665 | INDIVIDUALS: n=200, avg_genome_length=52.69
2021-12-13 10:31:11.363146 | GENERATION: 118 | ERRORS: best=1372.0, median=1891.0, diversity=0.61 | INDIVIDUALS: n=200, avg_genome_length=53.595
2021-12-13 10:31:18.810854 | GENERATION: 119 | ERRORS: best=1373.0, median=2017.0, diversity=0.665 | INDIVIDUALS: n=200, avg_genome_length=52.215
2021-12-13 10:31:24.870058 | GENERATION: 120 | ERRORS: best=1376.0, median=2017.0, diversity=0.63 | INDIVIDUALS: n=200, avg_genome_length=51.045
2021-12-13 10:31:31.426426 | GENERATION: 121 | ERRORS: best=1278.0, median=2017.0, diversity=0.665 | INDIVIDUALS: n=200, avg_genome_length=52.42
2021-12-13 10:31:38.430590 | GENERATION: 122 | ERRORS: best=1374.0, median=2017.0, diversity=0.65 | INDIVIDUALS: n=200, avg_genome_length=53.49
2021-12-13 10:31:45.737365 | GENERATION: 123 | ERRORS: best=1342.0, median=2017.0, diversity=0.58 | INDIVIDUALS: n=200, avg_genome_length=55.905
2021-12-13 10:31:56.906049 | GENERATION: 124 | ERRORS: best=1342.0, median=2017.0, diversity=0.66 | INDIVIDUALS: n=200, avg_genome_length=53.27
2021-12-13 10:34:13.854396 | GENERATION: 125 | ERRORS: best=1342.0, median=2017.0, diversity=0.66 | INDIVIDUALS: n=200, avg_genome_length=52.4
2021-12-13 10:34:27.084993 | GENERATION: 126 | ERRORS: best=1338.0, median=2017.0, diversity=0.66 | INDIVIDUALS: n=200, avg_genome_length=52.545
2021-12-13 10:34:32.290847 | GENERATION: 127 | ERRORS: best=1338.0, median=1915.0, diversity=0.68 | INDIVIDUALS: n=200, avg_genome_length=55.355
2021-12-13 10:34:37.712027 | GENERATION: 128 | ERRORS: best=1422.0, median=2017.0, diversity=0.66 | INDIVIDUALS: n=200, avg_genome_length=56.815
2021-12-13 10:34:44.157425 | GENERATION: 129 | ERRORS: best=1381.0, median=2017.0, diversity=0.7 | INDIVIDUALS: n=200, avg_genome_length=56.95
2021-12-13 10:34:50.475730 | GENERATION: 130 | ERRORS: best=1373.0, median=2017.0, diversity=0.65 | INDIVIDUALS: n=200, avg_genome_length=55.945
2021-12-13 10:34:57.222229 | GENERATION: 131 | ERRORS: best=1383.0, median=2037.0, diversity=0.7 | INDIVIDUALS: n=200, avg_genome_length=49.335
2021-12-13 10:35:04.598397 | GENERATION: 132 | ERRORS: best=1322.0, median=2017.0, diversity=0.655 | INDIVIDUALS: n=200, avg_genome_length=47.745
2021-12-13 10:35:11.291132 | GENERATION: 133 | ERRORS: best=1352.0, median=2017.0, diversity=0.645 | INDIVIDUALS: n=200, avg_genome_length=52.56
2021-12-13 10:35:18.529833 | GENERATION: 134 | ERRORS: best=1334.0, median=2017.0, diversity=0.655 | INDIVIDUALS: n=200, avg_genome_length=56.845
2021-12-13 10:35:25.187756 | GENERATION: 135 | ERRORS: best=1341.0, median=2002.0, diversity=0.625 | INDIVIDUALS: n=200, avg_genome_length=56.76
2021-12-13 10:35:31.282445 | GENERATION: 136 | ERRORS: best=1339.0, median=1947.0, diversity=0.68 | INDIVIDUALS: n=200, avg_genome_length=54.32
2021-12-13 10:35:38.113161 | GENERATION: 137 | ERRORS: best=1339.0, median=2017.0, diversity=0.655 | INDIVIDUALS: n=200, avg_genome_length=54.555
2021-12-13 10:35:45.604477 | GENERATION: 138 | ERRORS: best=1178.0, median=2091.0, diversity=0.695 | INDIVIDUALS: n=200, avg_genome_length=53.32
2021-12-13 10:35:54.159534 | GENERATION: 139 | ERRORS: best=1384.0, median=2133.0, diversity=0.7 | INDIVIDUALS: n=200, avg_genome_length=53.855
2021-12-13 10:36:01.270600 | GENERATION: 140 | ERRORS: best=1341.0, median=2018.5, diversity=0.67 | INDIVIDUALS: n=200, avg_genome_length=57.915
2021-12-13 10:36:08.315017 | GENERATION: 141 | ERRORS: best=1422.0, median=2017.0, diversity=0.645 | INDIVIDUALS: n=200, avg_genome_length=58.2
2021-12-13 10:36:16.877224 | GENERATION: 142 | ERRORS: best=1348.0, median=2133.0, diversity=0.76 | INDIVIDUALS: n=200, avg_genome_length=59.885
2021-12-13 10:36:26.116473 | GENERATION: 143 | ERRORS: best=1348.0, median=2134.0, diversity=0.725 | INDIVIDUALS: n=200, avg_genome_length=57.995
2021-12-13 10:36:35.326648 | GENERATION: 144 | ERRORS: best=1348.0, median=2090.5, diversity=0.765 | INDIVIDUALS: n=200, avg_genome_length=60.38
2021-12-13 10:37:10.337593 | GENERATION: 145 | ERRORS: best=1348.0, median=2017.0, diversity=0.7 | INDIVIDUALS: n=200, avg_genome_length=61.855
2021-12-13 10:37:15.996698 | GENERATION: 146 | ERRORS: best=1408.0, median=2133.0, diversity=0.675 | INDIVIDUALS: n=200, avg_genome_length=53.28
2021-12-13 10:37:23.465185 | GENERATION: 147 | ERRORS: best=1416.0, median=2021.5, diversity=0.63 | INDIVIDUALS: n=200, avg_genome_length=54.8
2021-12-13 10:37:31.274985 | GENERATION: 148 | ERRORS: best=1416.0, median=2029.0, diversity=0.565 | INDIVIDUALS: n=200, avg_genome_length=53.29
2021-12-13 10:37:37.916010 | GENERATION: 149 | ERRORS: best=1429.0, median=2133.0, diversity=0.665 | INDIVIDUALS: n=200, avg_genome_length=60.05
2021-12-13 10:37:44.522241 | GENERATION: 150 | ERRORS: best=1377.0, median=2061.5, diversity=0.68 | INDIVIDUALS: n=200, avg_genome_length=57.51
2021-12-13 10:37:56.325560 | GENERATION: 151 | ERRORS: best=1377.0, median=2017.0, diversity=0.65 | INDIVIDUALS: n=200, avg_genome_length=57.13
2021-12-13 10:38:35.869616 | GENERATION: 152 | ERRORS: best=1423.0, median=2098.0, diversity=0.725 | INDIVIDUALS: n=200, avg_genome_length=56.15
2021-12-13 10:38:50.645595 | GENERATION: 153 | ERRORS: best=1377.0, median=2133.0, diversity=0.655 | INDIVIDUALS: n=200, avg_genome_length=57.07
2021-12-13 10:38:57.284560 | GENERATION: 154 | ERRORS: best=1423.0, median=2133.0, diversity=0.655 | INDIVIDUALS: n=200, avg_genome_length=54.05
2021-12-13 10:39:03.467627 | GENERATION: 155 | ERRORS: best=1351.0, median=2017.0, diversity=0.62 | INDIVIDUALS: n=200, avg_genome_length=56.69
2021-12-13 10:39:12.172770 | GENERATION: 156 | ERRORS: best=1409.0, median=2017.0, diversity=0.65 | INDIVIDUALS: n=200, avg_genome_length=58.945
2021-12-13 10:39:20.436721 | GENERATION: 157 | ERRORS: best=1409.0, median=2017.0, diversity=0.615 | INDIVIDUALS: n=200, avg_genome_length=56.025
2021-12-13 10:39:29.185764 | GENERATION: 158 | ERRORS: best=1310.0, median=2022.0, diversity=0.705 | INDIVIDUALS: n=200, avg_genome_length=57.5
2021-12-13 10:39:38.113880 | GENERATION: 159 | ERRORS: best=1310.0, median=2017.0, diversity=0.665 | INDIVIDUALS: n=200, avg_genome_length=63.325
2021-12-13 10:39:44.410119 | GENERATION: 160 | ERRORS: best=1310.0, median=2017.0, diversity=0.64 | INDIVIDUALS: n=200, avg_genome_length=60.705
2021-12-13 10:39:52.446536 | GENERATION: 161 | ERRORS: best=1321.0, median=2107.5, diversity=0.65 | INDIVIDUALS: n=200, avg_genome_length=64.95
2021-12-13 10:40:01.526658 | GENERATION: 162 | ERRORS: best=1365.0, median=2128.0, diversity=0.59 | INDIVIDUALS: n=200, avg_genome_length=60.405
2021-12-13 10:40:07.733316 | GENERATION: 163 | ERRORS: best=1365.0, median=2017.0, diversity=0.605 | INDIVIDUALS: n=200, avg_genome_length=63.48
2021-12-13 10:40:16.357089 | GENERATION: 164 | ERRORS: best=1365.0, median=2017.0, diversity=0.63 | INDIVIDUALS: n=200, avg_genome_length=66.39
2021-12-13 10:40:25.363847 | GENERATION: 165 | ERRORS: best=1423.0, median=2017.0, diversity=0.66 | INDIVIDUALS: n=200, avg_genome_length=68.81
2021-12-13 10:40:33.677701 | GENERATION: 166 | ERRORS: best=1426.0, median=2017.0, diversity=0.685 | INDIVIDUALS: n=200, avg_genome_length=70.43
2021-12-13 10:40:42.712587 | GENERATION: 167 | ERRORS: best=1336.0, median=2090.5, diversity=0.705 | INDIVIDUALS: n=200, avg_genome_length=72.495
2021-12-13 10:40:48.750335 | GENERATION: 168 | ERRORS: best=1336.0, median=2022.5, diversity=0.65 | INDIVIDUALS: n=200, avg_genome_length=67.55
2021-12-13 10:40:55.540644 | GENERATION: 169 | ERRORS: best=1250.0, median=2029.0, diversity=0.675 | INDIVIDUALS: n=200, avg_genome_length=72.475
2021-12-13 10:41:02.880927 | GENERATION: 170 | ERRORS: best=1334.0, median=2333.0, diversity=0.685 | INDIVIDUALS: n=200, avg_genome_length=72.985
2021-12-13 10:41:11.513835 | GENERATION: 171 | ERRORS: best=1339.0, median=2133.5, diversity=0.705 | INDIVIDUALS: n=200, avg_genome_length=77.29
2021-12-13 10:41:20.931559 | GENERATION: 172 | ERRORS: best=1335.0, median=2283.0, diversity=0.61 | INDIVIDUALS: n=200, avg_genome_length=75.2
2021-12-13 10:41:30.187225 | GENERATION: 173 | ERRORS: best=1243.0, median=2092.5, diversity=0.705 | INDIVIDUALS: n=200, avg_genome_length=76.005
2021-12-13 10:41:40.494550 | GENERATION: 174 | ERRORS: best=1243.0, median=2017.0, diversity=0.7 | INDIVIDUALS: n=200, avg_genome_length=76.47
2021-12-13 10:41:51.223123 | GENERATION: 175 | ERRORS: best=1243.0, median=2017.0, diversity=0.665 | INDIVIDUALS: n=200, avg_genome_length=77.28
2021-12-13 10:41:59.731932 | GENERATION: 176 | ERRORS: best=1429.0, median=2133.0, diversity=0.62 | INDIVIDUALS: n=200, avg_genome_length=77.315
2021-12-13 10:42:08.568831 | GENERATION: 177 | ERRORS: best=1426.0, median=2133.0, diversity=0.585 | INDIVIDUALS: n=200, avg_genome_length=72.655
2021-12-13 10:42:18.884227 | GENERATION: 178 | ERRORS: best=1351.0, median=2133.0, diversity=0.685 | INDIVIDUALS: n=200, avg_genome_length=73.425
2021-12-13 10:42:28.253562 | GENERATION: 179 | ERRORS: best=1350.0, median=2133.0, diversity=0.65 | INDIVIDUALS: n=200, avg_genome_length=69.01
2021-12-13 10:42:38.474963 | GENERATION: 180 | ERRORS: best=1350.0, median=2020.0, diversity=0.62 | INDIVIDUALS: n=200, avg_genome_length=70.325
2021-12-13 10:42:49.046202 | GENERATION: 181 | ERRORS: best=1340.0, median=2067.0, diversity=0.665 | INDIVIDUALS: n=200, avg_genome_length=71.01
2021-12-13 10:42:56.939022 | GENERATION: 182 | ERRORS: best=1279.0, median=2132.5, diversity=0.675 | INDIVIDUALS: n=200, avg_genome_length=70.51
2021-12-13 10:43:09.191881 | GENERATION: 183 | ERRORS: best=1348.0, median=2133.0, diversity=0.69 | INDIVIDUALS: n=200, avg_genome_length=70.41
2021-12-13 10:43:19.320777 | GENERATION: 184 | ERRORS: best=1388.0, median=2137.0, diversity=0.67 | INDIVIDUALS: n=200, avg_genome_length=70.605
2021-12-13 10:43:27.687787 | GENERATION: 185 | ERRORS: best=1318.0, median=2133.0, diversity=0.635 | INDIVIDUALS: n=200, avg_genome_length=66.47
2021-12-13 10:43:37.171450 | GENERATION: 186 | ERRORS: best=1371.0, median=2133.0, diversity=0.68 | INDIVIDUALS: n=200, avg_genome_length=65.04
2021-12-13 10:43:45.031585 | GENERATION: 187 | ERRORS: best=1371.0, median=2133.0, diversity=0.645 | INDIVIDUALS: n=200, avg_genome_length=65.43
2021-12-13 10:43:53.197031 | GENERATION: 188 | ERRORS: best=1335.0, median=2133.0, diversity=0.65 | INDIVIDUALS: n=200, avg_genome_length=65.37
2021-12-13 10:44:02.795818 | GENERATION: 189 | ERRORS: best=1335.0, median=2137.0, diversity=0.735 | INDIVIDUALS: n=200, avg_genome_length=64.65
2021-12-13 10:44:10.622203 | GENERATION: 190 | ERRORS: best=1335.0, median=2017.0, diversity=0.65 | INDIVIDUALS: n=200, avg_genome_length=63.28
2021-12-13 10:44:19.187498 | GENERATION: 191 | ERRORS: best=1335.0, median=2133.0, diversity=0.695 | INDIVIDUALS: n=200, avg_genome_length=63.49
2021-12-13 10:44:30.084372 | GENERATION: 192 | ERRORS: best=1342.0, median=2020.5, diversity=0.595 | INDIVIDUALS: n=200, avg_genome_length=62.085
2021-12-13 10:44:39.619788 | GENERATION: 193 | ERRORS: best=1326.0, median=2017.0, diversity=0.61 | INDIVIDUALS: n=200, avg_genome_length=63.04
2021-12-13 10:44:47.047923 | GENERATION: 194 | ERRORS: best=1340.0, median=2017.0, diversity=0.545 | INDIVIDUALS: n=200, avg_genome_length=60.815
2021-12-13 10:44:56.145408 | GENERATION: 195 | ERRORS: best=1340.0, median=2020.0, diversity=0.66 | INDIVIDUALS: n=200, avg_genome_length=60.405
2021-12-13 10:45:05.518836 | GENERATION: 196 | ERRORS: best=1326.0, median=2017.0, diversity=0.72 | INDIVIDUALS: n=200, avg_genome_length=58.505
2021-12-13 10:45:19.332478 | GENERATION: 197 | ERRORS: best=1366.0, median=2031.5, diversity=0.645 | INDIVIDUALS: n=200, avg_genome_length=59.27
2021-12-13 10:45:29.372226 | GENERATION: 198 | ERRORS: best=1366.0, median=2133.0, diversity=0.71 | INDIVIDUALS: n=200, avg_genome_length=58.365
2021-12-13 10:45:40.977739 | GENERATION: 199 | ERRORS: best=1345.0, median=2015.5, diversity=0.71 | INDIVIDUALS: n=200, avg_genome_length=59.96
2021-12-13 10:45:50.020226 | GENERATION: 200 | ERRORS: best=1341.0, median=2132.5, diversity=0.66 | INDIVIDUALS: n=200, avg_genome_length=59.615
2021-12-13 10:45:59.672700 | GENERATION: 201 | ERRORS: best=1335.0, median=2017.5, diversity=0.67 | INDIVIDUALS: n=200, avg_genome_length=58.82
2021-12-13 10:46:07.967270 | GENERATION: 202 | ERRORS: best=1337.0, median=2133.0, diversity=0.625 | INDIVIDUALS: n=200, avg_genome_length=56.13
2021-12-13 10:46:17.424748 | GENERATION: 203 | ERRORS: best=1337.0, median=2133.0, diversity=0.69 | INDIVIDUALS: n=200, avg_genome_length=58.46
2021-12-13 10:46:25.590207 | GENERATION: 204 | ERRORS: best=1335.0, median=2017.0, diversity=0.615 | INDIVIDUALS: n=200, avg_genome_length=56.335
2021-12-13 10:46:33.834808 | GENERATION: 205 | ERRORS: best=1340.0, median=2017.0, diversity=0.555 | INDIVIDUALS: n=200, avg_genome_length=55.505
2021-12-13 10:46:42.805335 | GENERATION: 206 | ERRORS: best=1337.0, median=2017.0, diversity=0.655 | INDIVIDUALS: n=200, avg_genome_length=56.73
2021-12-13 10:46:56.095802 | GENERATION: 207 | ERRORS: best=1338.0, median=2020.0, diversity=0.635 | INDIVIDUALS: n=200, avg_genome_length=55.535
2021-12-13 10:47:03.982715 | GENERATION: 208 | ERRORS: best=1338.0, median=2133.0, diversity=0.675 | INDIVIDUALS: n=200, avg_genome_length=54.795
2021-12-13 10:47:13.821699 | GENERATION: 209 | ERRORS: best=1335.0, median=2133.0, diversity=0.56 | INDIVIDUALS: n=200, avg_genome_length=53.61
2021-12-13 10:47:22.498124 | GENERATION: 210 | ERRORS: best=1335.0, median=2133.0, diversity=0.66 | INDIVIDUALS: n=200, avg_genome_length=54.52
2021-12-13 10:47:30.214495 | GENERATION: 211 | ERRORS: best=1335.0, median=2017.0, diversity=0.615 | INDIVIDUALS: n=200, avg_genome_length=54.58
2021-12-13 10:47:39.161987 | GENERATION: 212 | ERRORS: best=1335.0, median=2017.0, diversity=0.605 | INDIVIDUALS: n=200, avg_genome_length=49.895
2021-12-13 10:47:46.745494 | GENERATION: 213 | ERRORS: best=1335.0, median=2085.5, diversity=0.65 | INDIVIDUALS: n=200, avg_genome_length=49.16
2021-12-13 10:47:54.098341 | GENERATION: 214 | ERRORS: best=1335.0, median=2031.0, diversity=0.615 | INDIVIDUALS: n=200, avg_genome_length=49.605
2021-12-13 10:48:09.414528 | GENERATION: 215 | ERRORS: best=1335.0, median=2017.0, diversity=0.65 | INDIVIDUALS: n=200, avg_genome_length=47.67
2021-12-13 10:48:17.514609 | GENERATION: 216 | ERRORS: best=1335.0, median=2053.5, diversity=0.635 | INDIVIDUALS: n=200, avg_genome_length=47.73
2021-12-13 10:48:25.592433 | GENERATION: 217 | ERRORS: best=1335.0, median=2017.0, diversity=0.605 | INDIVIDUALS: n=200, avg_genome_length=46.13
2021-12-13 10:48:34.120240 | GENERATION: 218 | ERRORS: best=1341.0, median=1957.5, diversity=0.645 | INDIVIDUALS: n=200, avg_genome_length=43.1
2021-12-13 10:48:41.492408 | GENERATION: 219 | ERRORS: best=1335.0, median=2042.5, diversity=0.67 | INDIVIDUALS: n=200, avg_genome_length=41.63
2021-12-13 10:48:49.812098 | GENERATION: 220 | ERRORS: best=1331.0, median=2017.0, diversity=0.645 | INDIVIDUALS: n=200, avg_genome_length=41.38
2021-12-13 10:48:57.693312 | GENERATION: 221 | ERRORS: best=1331.0, median=2128.0, diversity=0.59 | INDIVIDUALS: n=200, avg_genome_length=40.275
2021-12-13 10:49:07.438846 | GENERATION: 222 | ERRORS: best=1335.0, median=2055.0, diversity=0.635 | INDIVIDUALS: n=200, avg_genome_length=40.22
2021-12-13 10:49:23.516494 | GENERATION: 223 | ERRORS: best=1341.0, median=2021.0, diversity=0.68 | INDIVIDUALS: n=200, avg_genome_length=40.75
2021-12-13 10:49:33.235461 | GENERATION: 224 | ERRORS: best=1341.0, median=2023.0, diversity=0.63 | INDIVIDUALS: n=200, avg_genome_length=40.045
2021-12-13 10:49:45.100049 | GENERATION: 225 | ERRORS: best=1335.0, median=2101.5, diversity=0.66 | INDIVIDUALS: n=200, avg_genome_length=37.995
2021-12-13 10:49:50.720287 | GENERATION: 226 | ERRORS: best=1335.0, median=2017.0, diversity=0.65 | INDIVIDUALS: n=200, avg_genome_length=35.655
2021-12-13 10:49:58.460361 | GENERATION: 227 | ERRORS: best=1335.0, median=2014.5, diversity=0.615 | INDIVIDUALS: n=200, avg_genome_length=35.06
2021-12-13 10:50:04.827850 | GENERATION: 228 | ERRORS: best=1332.0, median=2017.0, diversity=0.535 | INDIVIDUALS: n=200, avg_genome_length=37.23
2021-12-13 10:50:11.443423 | GENERATION: 229 | ERRORS: best=1335.0, median=2002.0, diversity=0.615 | INDIVIDUALS: n=200, avg_genome_length=36.955
2021-12-13 10:50:18.339437 | GENERATION: 230 | ERRORS: best=1335.0, median=1918.0, diversity=0.54 | INDIVIDUALS: n=200, avg_genome_length=36.485
2021-12-13 10:50:23.840576 | GENERATION: 231 | ERRORS: best=1335.0, median=1925.0, diversity=0.575 | INDIVIDUALS: n=200, avg_genome_length=37.455
2021-12-13 10:50:30.473398 | GENERATION: 232 | ERRORS: best=1334.0, median=1929.0, diversity=0.55 | INDIVIDUALS: n=200, avg_genome_length=36.13
2021-12-13 10:50:37.242604 | GENERATION: 233 | ERRORS: best=1341.0, median=2017.0, diversity=0.605 | INDIVIDUALS: n=200, avg_genome_length=33.185
2021-12-13 10:50:41.449298 | GENERATION: 234 | ERRORS: best=1335.0, median=1963.0, diversity=0.57 | INDIVIDUALS: n=200, avg_genome_length=35.035
2021-12-13 10:50:46.799367 | GENERATION: 235 | ERRORS: best=1339.0, median=1989.0, diversity=0.52 | INDIVIDUALS: n=200, avg_genome_length=32.575
2021-12-13 10:50:53.347375 | GENERATION: 236 | ERRORS: best=1335.0, median=2017.0, diversity=0.525 | INDIVIDUALS: n=200, avg_genome_length=32.735
2021-12-13 10:50:57.903053 | GENERATION: 237 | ERRORS: best=1322.0, median=1965.5, diversity=0.575 | INDIVIDUALS: n=200, avg_genome_length=31.0
2021-12-13 10:51:03.247092 | GENERATION: 238 | ERRORS: best=1339.0, median=1918.5, diversity=0.545 | INDIVIDUALS: n=200, avg_genome_length=30.585
2021-12-13 10:51:09.002026 | GENERATION: 239 | ERRORS: best=1335.0, median=1891.0, diversity=0.555 | INDIVIDUALS: n=200, avg_genome_length=29.125
2021-12-13 10:51:14.104384 | GENERATION: 240 | ERRORS: best=1335.0, median=1891.0, diversity=0.58 | INDIVIDUALS: n=200, avg_genome_length=26.445
2021-12-13 10:51:19.761649 | GENERATION: 241 | ERRORS: best=1335.0, median=2017.0, diversity=0.51 | INDIVIDUALS: n=200, avg_genome_length=28.125
2021-12-13 10:51:24.423696 | GENERATION: 242 | ERRORS: best=1335.0, median=2017.0, diversity=0.555 | INDIVIDUALS: n=200, avg_genome_length=29.01
2021-12-13 10:51:29.391061 | GENERATION: 243 | ERRORS: best=1335.0, median=1891.0, diversity=0.48 | INDIVIDUALS: n=200, avg_genome_length=28.81
2021-12-13 10:51:35.225700 | GENERATION: 244 | ERRORS: best=1345.0, median=1937.5, diversity=0.615 | INDIVIDUALS: n=200, avg_genome_length=28.16
2021-12-13 10:52:07.440951 | GENERATION: 245 | ERRORS: best=1339.0, median=1949.0, diversity=0.565 | INDIVIDUALS: n=200, avg_genome_length=28.655
2021-12-13 10:52:15.771139 | GENERATION: 246 | ERRORS: best=1335.0, median=2004.5, diversity=0.58 | INDIVIDUALS: n=200, avg_genome_length=26.57
2021-12-13 10:52:21.965432 | GENERATION: 247 | ERRORS: best=1341.0, median=1949.0, diversity=0.54 | INDIVIDUALS: n=200, avg_genome_length=25.78
2021-12-13 10:52:27.888402 | GENERATION: 248 | ERRORS: best=1335.0, median=2017.0, diversity=0.555 | INDIVIDUALS: n=200, avg_genome_length=27.395
2021-12-13 10:52:34.683059 | GENERATION: 249 | ERRORS: best=1335.0, median=2017.0, diversity=0.535 | INDIVIDUALS: n=200, avg_genome_length=27.075
2021-12-13 10:52:39.573322 | GENERATION: 250 | ERRORS: best=1335.0, median=2017.0, diversity=0.51 | INDIVIDUALS: n=200, avg_genome_length=27.735
2021-12-13 10:52:44.118498 | GENERATION: 251 | ERRORS: best=1335.0, median=1931.5, diversity=0.515 | INDIVIDUALS: n=200, avg_genome_length=26.94
2021-12-13 10:52:51.358450 | GENERATION: 252 | ERRORS: best=1335.0, median=1920.0, diversity=0.55 | INDIVIDUALS: n=200, avg_genome_length=27.935
2021-12-13 10:53:03.058726 | GENERATION: 253 | ERRORS: best=1335.0, median=2017.0, diversity=0.545 | INDIVIDUALS: n=200, avg_genome_length=29.43
2021-12-13 10:53:08.297071 | GENERATION: 254 | ERRORS: best=1335.0, median=1989.0, diversity=0.595 | INDIVIDUALS: n=200, avg_genome_length=27.705
2021-12-13 10:53:13.952360 | GENERATION: 255 | ERRORS: best=1335.0, median=1891.0, diversity=0.545 | INDIVIDUALS: n=200, avg_genome_length=29.875
2021-12-13 10:53:18.587144 | GENERATION: 256 | ERRORS: best=1335.0, median=1932.0, diversity=0.59 | INDIVIDUALS: n=200, avg_genome_length=30.24
2021-12-13 10:53:24.900584 | GENERATION: 257 | ERRORS: best=1335.0, median=2017.0, diversity=0.53 | INDIVIDUALS: n=200, avg_genome_length=29.165
2021-12-13 10:53:28.379057 | GENERATION: 258 | ERRORS: best=1339.0, median=1915.0, diversity=0.55 | INDIVIDUALS: n=200, avg_genome_length=29.13
2021-12-13 10:53:33.000056 | GENERATION: 259 | ERRORS: best=1335.0, median=1930.5, diversity=0.525 | INDIVIDUALS: n=200, avg_genome_length=28.735
2021-12-13 10:53:38.165740 | GENERATION: 260 | ERRORS: best=1335.0, median=1980.5, diversity=0.49 | INDIVIDUALS: n=200, avg_genome_length=30.115
2021-12-13 10:53:43.846905 | GENERATION: 261 | ERRORS: best=1327.0, median=2017.0, diversity=0.555 | INDIVIDUALS: n=200, avg_genome_length=32.915
2021-12-13 10:53:48.454652 | GENERATION: 262 | ERRORS: best=1335.0, median=2017.0, diversity=0.515 | INDIVIDUALS: n=200, avg_genome_length=31.69
2021-12-13 10:53:54.114197 | GENERATION: 263 | ERRORS: best=1335.0, median=2017.0, diversity=0.535 | INDIVIDUALS: n=200, avg_genome_length=30.88
2021-12-13 10:54:00.904129 | GENERATION: 264 | ERRORS: best=1335.0, median=2132.0, diversity=0.59 | INDIVIDUALS: n=200, avg_genome_length=31.005
2021-12-13 10:54:04.904791 | GENERATION: 265 | ERRORS: best=1341.0, median=2017.0, diversity=0.585 | INDIVIDUALS: n=200, avg_genome_length=29.86
2021-12-13 10:54:10.449417 | GENERATION: 266 | ERRORS: best=1335.0, median=1977.0, diversity=0.585 | INDIVIDUALS: n=200, avg_genome_length=30.895
2021-12-13 10:54:13.847674 | GENERATION: 267 | ERRORS: best=1337.0, median=1969.0, diversity=0.555 | INDIVIDUALS: n=200, avg_genome_length=35.17
2021-12-13 10:54:17.198584 | GENERATION: 268 | ERRORS: best=1335.0, median=1979.0, diversity=0.465 | INDIVIDUALS: n=200, avg_genome_length=31.865
2021-12-13 10:54:22.428620 | GENERATION: 269 | ERRORS: best=1339.0, median=1977.0, diversity=0.505 | INDIVIDUALS: n=200, avg_genome_length=31.27
2021-12-13 10:54:28.342880 | GENERATION: 270 | ERRORS: best=1340.0, median=2018.5, diversity=0.65 | INDIVIDUALS: n=200, avg_genome_length=31.61
2021-12-13 10:54:33.769710 | GENERATION: 271 | ERRORS: best=1294.0, median=2017.0, diversity=0.605 | INDIVIDUALS: n=200, avg_genome_length=34.515
2021-12-13 10:54:40.001717 | GENERATION: 272 | ERRORS: best=1335.0, median=1957.0, diversity=0.54 | INDIVIDUALS: n=200, avg_genome_length=34.475
2021-12-13 10:54:44.745640 | GENERATION: 273 | ERRORS: best=1335.0, median=2017.0, diversity=0.625 | INDIVIDUALS: n=200, avg_genome_length=35.035
2021-12-13 10:54:49.569226 | GENERATION: 274 | ERRORS: best=1335.0, median=1932.0, diversity=0.59 | INDIVIDUALS: n=200, avg_genome_length=35.405
2021-12-13 10:54:55.397598 | GENERATION: 275 | ERRORS: best=1294.0, median=1891.0, diversity=0.56 | INDIVIDUALS: n=200, avg_genome_length=34.15
2021-12-13 10:54:58.785228 | GENERATION: 276 | ERRORS: best=1294.0, median=1891.0, diversity=0.545 | INDIVIDUALS: n=200, avg_genome_length=35.05
2021-12-13 10:55:03.526417 | GENERATION: 277 | ERRORS: best=1294.0, median=1899.5, diversity=0.585 | INDIVIDUALS: n=200, avg_genome_length=35.045
2021-12-13 10:55:09.859933 | GENERATION: 278 | ERRORS: best=1335.0, median=1937.0, diversity=0.605 | INDIVIDUALS: n=200, avg_genome_length=32.775
2021-12-13 10:55:15.770528 | GENERATION: 279 | ERRORS: best=1332.0, median=1973.0, diversity=0.59 | INDIVIDUALS: n=200, avg_genome_length=35.68
2021-12-13 10:55:20.999985 | GENERATION: 280 | ERRORS: best=1335.0, median=2017.0, diversity=0.655 | INDIVIDUALS: n=200, avg_genome_length=31.065
2021-12-13 10:55:26.872408 | GENERATION: 281 | ERRORS: best=1339.0, median=1934.5, diversity=0.62 | INDIVIDUALS: n=200, avg_genome_length=34.015
2021-12-13 10:55:32.377605 | GENERATION: 282 | ERRORS: best=1335.0, median=1891.0, diversity=0.535 | INDIVIDUALS: n=200, avg_genome_length=38.445
2021-12-13 10:55:37.655512 | GENERATION: 283 | ERRORS: best=1335.0, median=2015.0, diversity=0.57 | INDIVIDUALS: n=200, avg_genome_length=38.845
2021-12-13 10:55:43.432655 | GENERATION: 284 | ERRORS: best=1294.0, median=1891.0, diversity=0.505 | INDIVIDUALS: n=200, avg_genome_length=41.24
2021-12-13 10:55:50.153934 | GENERATION: 285 | ERRORS: best=1335.0, median=1918.0, diversity=0.535 | INDIVIDUALS: n=200, avg_genome_length=41.56
2021-12-13 10:55:52.750641 | GENERATION: 286 | ERRORS: best=1335.0, median=2017.0, diversity=0.55 | INDIVIDUALS: n=200, avg_genome_length=40.41
2021-12-13 10:55:57.753738 | GENERATION: 287 | ERRORS: best=1294.0, median=2017.0, diversity=0.615 | INDIVIDUALS: n=200, avg_genome_length=43.36
2021-12-13 10:56:00.616057 | GENERATION: 288 | ERRORS: best=1294.0, median=1920.5, diversity=0.59 | INDIVIDUALS: n=200, avg_genome_length=42.41
2021-12-13 10:56:05.673294 | GENERATION: 289 | ERRORS: best=1335.0, median=1918.0, diversity=0.655 | INDIVIDUALS: n=200, avg_genome_length=43.605
2021-12-13 10:56:11.690977 | GENERATION: 290 | ERRORS: best=1335.0, median=2017.0, diversity=0.53 | INDIVIDUALS: n=200, avg_genome_length=42.18
2021-12-13 10:56:16.656430 | GENERATION: 291 | ERRORS: best=1341.0, median=1918.5, diversity=0.635 | INDIVIDUALS: n=200, avg_genome_length=46.06
2021-12-13 10:56:21.739600 | GENERATION: 292 | ERRORS: best=1335.0, median=1908.5, diversity=0.62 | INDIVIDUALS: n=200, avg_genome_length=48.4
2021-12-13 10:56:27.794545 | GENERATION: 293 | ERRORS: best=1335.0, median=2017.0, diversity=0.605 | INDIVIDUALS: n=200, avg_genome_length=49.84
2021-12-13 10:56:32.902242 | GENERATION: 294 | ERRORS: best=1294.0, median=1934.0, diversity=0.565 | INDIVIDUALS: n=200, avg_genome_length=51.37
2021-12-13 10:56:35.721426 | GENERATION: 295 | ERRORS: best=1340.0, median=2017.0, diversity=0.62 | INDIVIDUALS: n=200, avg_genome_length=51.69
2021-12-13 10:56:40.464721 | GENERATION: 296 | ERRORS: best=1335.0, median=2017.0, diversity=0.545 | INDIVIDUALS: n=200, avg_genome_length=52.155
2021-12-13 10:56:46.849892 | GENERATION: 297 | ERRORS: best=1335.0, median=1977.0, diversity=0.585 | INDIVIDUALS: n=200, avg_genome_length=54.98
2021-12-13 10:56:53.583139 | GENERATION: 298 | ERRORS: best=1335.0, median=2017.0, diversity=0.56 | INDIVIDUALS: n=200, avg_genome_length=57.21
2021-12-13 10:57:00.078905 | GENERATION: 299 | ERRORS: best=1335.0, median=1891.0, diversity=0.555 | INDIVIDUALS: n=200, avg_genome_length=60.885
2021-12-13 10:57:04.976654 | GENERATION: 300 | ERRORS: best=1318.0, median=1897.0, diversity=0.55 | INDIVIDUALS: n=200, avg_genome_length=63.445
Simplifying genome of length 26 with total error 1178.0.
Simplified genome by 2 to length 24.
Simplified genome by 1 to length 23.
Simplified genome by 1 to length 22.
Simplified genome by 1 to length 21.
Simplified genome by 2 to length 19.
Simplified genome by 1 to length 18.
Simplified genome by 1 to length 17.
Simplified genome by 1 to length 16.
Simplified genome by 2 to length 14.
Simplified genome to length 14 and total error 1138.0.
========================================
End Run
========================================
No solution found.
Best Seen Individual
	Genome:
	 pvector([Input(input_index=0), InstructionMeta(name='vector_int_iterate', code_blocks=1), Literal(value=2, push_type=<pyshgp.push.types.PushIntType object at 0x7f415f2cb880>), InstructionMeta(name='int_mod', code_blocks=0), Closer(), InstructionMeta(name='exec_yank', code_blocks=0), InstructionMeta(name='int_max', code_blocks=0), InstructionMeta(name='print_exec', code_blocks=0), InstructionMeta(name='exec_rot', code_blocks=3), InstructionMeta(name='int_stack_depth', code_blocks=0), Closer(), Closer(), InstructionMeta(name='int_div', code_blocks=0), InstructionMeta(name='int_lt', code_blocks=0)])
	Program:
	 (input_0 vector_int_iterate (2 int_mod) exec_yank int_max print_exec exec_rot (int_stack_depth) () (int_div int_lt))
	Error vector:
	 [ 3.  2.  1.  1. 11.  0.  0.  1.  5. 15. 22.  2.  0. 10.  0.  1. 19. 16.
 11.  1.  0.  5.  0. 21. 26.  3.  1.  0.  4. 11.  1.  4.  8.  4.  3.  0.
  3.  3.  0.  4.  1.  1.  1.  0.  1.  3.  4.  0.  7. 13.  0.  3.  0.  4.
  1.  0. 24.  5.  4.  1.  0.  2.  4.  9.  4.  1.  3.  1.  1.  0.  1.  9.
 13.  1.  4. 17. 17.  4.  8.  6.  1.  1.  0. 11.  4. 29.  0.  0.  3.  0.
 23.  2.  1.  0.  2. 11. 16.  0.  0.  1.  7.  0. 15.  1. 34.  0.  0.  0.
  3.  0.  2.  1.  4.  7. 10.  4. 10.  2.  1.  3. 26. 22.  0. 32.  0.  8.
  4. 13.  4.  1.  4.  6.  0.  9. 38.  1.  4. 10.  3.  0.  5.  4. 12.  2.
  1.  4. 20. 14. 21.  4.  8.  1.  1.  2. 30.  0. 13.  4.  4.  1.  4.  1.
  0.  4.  0.  6.  0.  3.  0.  0.  9.  0. 31.  6.  0.  5. 24.  1.  0.  1.
  2.  9. 13.  2.  4. 45.  0.  0.  1.  1.  1.  0.  0.  9.  1.  1.  1.  0.
  4.  4.]
	Total error:
	 1138.0
	Test error:
	 21012021.0
	Time:
	 01:01:26
