Included 32 edge cases.
Included 168 random cases.
Included 200 cases in total.
Finished formatting.
Included 0 edge cases.
Included 2000 random cases.
Included 2000 cases in total.
Finished formatting.
========================================
Setup
========================================
Search Configuration:
signature: ProgramSignature(output_stacks=['int'], arity=1, push_config=PushConfig(numeric_magnitude_limit=1000000000000.0, runtime_limit=10, collection_size_cap=1000, growth_cap=500, step_limit=1500))
evaluator: <pyshgp.gp.evaluation.DatasetEvaluator object at 0x7f928f36e910>
spawner: <pyshgp.gp.genome.GeneSpawner object at 0x7f92ce44dbb0>
population_size: 200
max_generations: 300
error_threshold: 0.0
initial_genome_size: (50, 250)
simplification_steps: 500
parallel_context: <pyshgp.gp.search.ParallelContext object at 0x7f928f36e6a0>
selection: <pyshgp.utils.DiscreteProbDistrib object at 0x7f928ec40e80>
variation: <pyshgp.utils.DiscreteProbDistrib object at 0x7f928f95cc80>
Instructions:
int_add, int_sub, int_mult, int_div, int_mod, int_min, int_max, int_inc, int_dec, int_lt, int_lte, int_gt, int_gte, int_from_bool, bool_and, bool_or, bool_not, bool_xor, bool_invert_first_then_and, bool_second_first_then_and, bool_from_int, noop, noop_open, exec_do_range, exec_do_count, exec_while, exec_do_while, exec_if, exec_when, vector_int_concat, vector_int_conj, vector_int_take, vector_int_subvec, vector_int_first, vector_int_last, vector_int_nth, vector_int_rest, vector_int_but_last, vector_int_length, vector_int_reverse, vector_int_push_all, vector_int_empty_vector, vector_int_contains, vector_int_index_of, vector_int_occurrences_of, vector_int_set_nth, vector_int_replace, vector_int_replace_first, vector_int_remove, vector_int_iterate, print_bool, println_bool, print_int, println_int, print_vector_int, println_vector_int, print_exec, println_exec, bool_pop, bool_dup, bool_dup_times, bool_swap, bool_rot, bool_flush, bool_eq, bool_stack_depth, bool_yank, bool_yank_dup, bool_shove, bool_shove_dup, bool_is_empty, int_pop, int_dup, int_dup_times, int_swap, int_rot, int_flush, int_eq, int_stack_depth, int_yank, int_yank_dup, int_shove, int_shove_dup, int_is_empty, vector_int_pop, vector_int_dup, vector_int_dup_times, vector_int_swap, vector_int_rot, vector_int_flush, vector_int_eq, vector_int_stack_depth, vector_int_yank, vector_int_yank_dup, vector_int_shove, vector_int_shove_dup, vector_int_is_empty, exec_pop, exec_dup, exec_dup_times, exec_swap, exec_rot, exec_flush, exec_eq, exec_stack_depth, exec_yank, exec_yank_dup, exec_shove, exec_shove_dup, exec_is_empty
Literals:
[Literal(value=0, push_type=<pyshgp.push.types.PushIntType object at 0x7f92ce508790>), Literal(value=1, push_type=<pyshgp.push.types.PushIntType object at 0x7f92ce508790>), Literal(value=2, push_type=<pyshgp.push.types.PushIntType object at 0x7f92ce508790>)]
ERC Generators:
[<function rand_int at 0x7f929055d700>]
========================================
Start Run
========================================
2021-12-24 10:20:20.598202 | GENERATION: 1 | ERRORS: best=1983.0, median=200000000.0, diversity=0.025 | INDIVIDUALS: n=200, avg_genome_length=123.795 | VIRUSES: gene_rate=0.000
2021-12-24 10:20:26.263177 | GENERATION: 2 | ERRORS: best=1901.0, median=4449.0, diversity=0.17 | INDIVIDUALS: n=200, avg_genome_length=149.645 | VIRUSES: gene_rate=0.003
2021-12-24 10:20:32.323258 | GENERATION: 3 | ERRORS: best=1873.0, median=2169.0, diversity=0.26 | INDIVIDUALS: n=200, avg_genome_length=147.245 | VIRUSES: gene_rate=0.004
2021-12-24 10:20:38.483600 | GENERATION: 4 | ERRORS: best=1873.0, median=2169.0, diversity=0.245 | INDIVIDUALS: n=200, avg_genome_length=144.205 | VIRUSES: gene_rate=0.005
2021-12-24 10:20:44.236576 | GENERATION: 5 | ERRORS: best=1873.0, median=2169.0, diversity=0.265 | INDIVIDUALS: n=200, avg_genome_length=143.405 | VIRUSES: gene_rate=0.007
2021-12-24 10:20:51.865467 | GENERATION: 6 | ERRORS: best=1873.0, median=2169.0, diversity=0.28 | INDIVIDUALS: n=200, avg_genome_length=139.975 | VIRUSES: gene_rate=0.009
2021-12-24 10:21:01.163456 | GENERATION: 7 | ERRORS: best=1873.0, median=2169.0, diversity=0.29 | INDIVIDUALS: n=200, avg_genome_length=140.195 | VIRUSES: gene_rate=0.012
2021-12-24 10:21:11.428141 | GENERATION: 8 | ERRORS: best=1873.0, median=3045.0, diversity=0.4 | INDIVIDUALS: n=200, avg_genome_length=140.955 | VIRUSES: gene_rate=0.017
2021-12-24 10:21:23.737357 | GENERATION: 9 | ERRORS: best=1873.0, median=2923.0, diversity=0.445 | INDIVIDUALS: n=200, avg_genome_length=139.875 | VIRUSES: gene_rate=0.018
2021-12-24 10:21:35.311529 | GENERATION: 10 | ERRORS: best=1873.0, median=2749.0, diversity=0.395 | INDIVIDUALS: n=200, avg_genome_length=140.32 | VIRUSES: gene_rate=0.018
2021-12-24 10:21:50.440972 | GENERATION: 11 | ERRORS: best=1641.0, median=3457.0, diversity=0.525 | INDIVIDUALS: n=200, avg_genome_length=137.29 | VIRUSES: gene_rate=0.018
2021-12-24 10:22:03.669611 | GENERATION: 12 | ERRORS: best=1873.0, median=4019.0, diversity=0.5 | INDIVIDUALS: n=200, avg_genome_length=138.03 | VIRUSES: gene_rate=0.018
2021-12-24 10:22:14.871624 | GENERATION: 13 | ERRORS: best=1873.0, median=4275.0, diversity=0.485 | INDIVIDUALS: n=200, avg_genome_length=134.66 | VIRUSES: gene_rate=0.020
2021-12-24 10:22:25.277682 | GENERATION: 14 | ERRORS: best=1867.0, median=3307.0, diversity=0.465 | INDIVIDUALS: n=200, avg_genome_length=134.955 | VIRUSES: gene_rate=0.021
2021-12-24 10:22:37.967689 | GENERATION: 15 | ERRORS: best=1852.0, median=4275.0, diversity=0.475 | INDIVIDUALS: n=200, avg_genome_length=130.255 | VIRUSES: gene_rate=0.022
2021-12-24 10:22:51.503822 | GENERATION: 16 | ERRORS: best=1853.0, median=3185.0, diversity=0.515 | INDIVIDUALS: n=200, avg_genome_length=129.025 | VIRUSES: gene_rate=0.023
2021-12-24 10:23:22.540551 | GENERATION: 17 | ERRORS: best=1787.0, median=3169.0, diversity=0.535 | INDIVIDUALS: n=200, avg_genome_length=125.55 | VIRUSES: gene_rate=0.023
2021-12-24 10:23:48.957602 | GENERATION: 18 | ERRORS: best=1378.0, median=2925.0, diversity=0.475 | INDIVIDUALS: n=200, avg_genome_length=121.415 | VIRUSES: gene_rate=0.024
2021-12-24 10:24:04.612941 | GENERATION: 19 | ERRORS: best=1585.0, median=6940.0, diversity=0.49 | INDIVIDUALS: n=200, avg_genome_length=118.1 | VIRUSES: gene_rate=0.024
2021-12-24 10:24:22.943111 | GENERATION: 20 | ERRORS: best=1701.0, median=3045.0, diversity=0.495 | INDIVIDUALS: n=200, avg_genome_length=119.515 | VIRUSES: gene_rate=0.024
2021-12-24 10:24:41.999419 | GENERATION: 21 | ERRORS: best=1611.0, median=3460.0, diversity=0.485 | INDIVIDUALS: n=200, avg_genome_length=117.83 | VIRUSES: gene_rate=0.029
2021-12-24 10:24:59.698785 | GENERATION: 22 | ERRORS: best=1635.0, median=3431.0, diversity=0.59 | INDIVIDUALS: n=200, avg_genome_length=119.3 | VIRUSES: gene_rate=0.028
2021-12-24 10:25:18.962421 | GENERATION: 23 | ERRORS: best=1403.0, median=4803.0, diversity=0.595 | INDIVIDUALS: n=200, avg_genome_length=120.84 | VIRUSES: gene_rate=0.031
2021-12-24 10:25:40.178438 | GENERATION: 24 | ERRORS: best=1852.0, median=4714.0, diversity=0.655 | INDIVIDUALS: n=200, avg_genome_length=118.415 | VIRUSES: gene_rate=0.031
2021-12-24 10:25:59.790320 | GENERATION: 25 | ERRORS: best=1813.0, median=21577.5, diversity=0.595 | INDIVIDUALS: n=200, avg_genome_length=118.34 | VIRUSES: gene_rate=0.032
2021-12-24 10:26:22.576649 | GENERATION: 26 | ERRORS: best=1814.0, median=44695.5, diversity=0.66 | INDIVIDUALS: n=200, avg_genome_length=114.525 | VIRUSES: gene_rate=0.034
2021-12-24 10:26:47.999548 | GENERATION: 27 | ERRORS: best=1622.0, median=35917.0, diversity=0.685 | INDIVIDUALS: n=200, avg_genome_length=115.605 | VIRUSES: gene_rate=0.036
2021-12-24 10:27:11.165137 | GENERATION: 28 | ERRORS: best=1427.0, median=16752.5, diversity=0.655 | INDIVIDUALS: n=200, avg_genome_length=114.6 | VIRUSES: gene_rate=0.039
2021-12-24 10:27:35.722970 | GENERATION: 29 | ERRORS: best=1332.0, median=150010.0, diversity=0.685 | INDIVIDUALS: n=200, avg_genome_length=111.53 | VIRUSES: gene_rate=0.041
2021-12-24 10:27:57.048432 | GENERATION: 30 | ERRORS: best=1448.0, median=28320.5, diversity=0.665 | INDIVIDUALS: n=200, avg_genome_length=109.695 | VIRUSES: gene_rate=0.045
2021-12-24 10:28:19.811286 | GENERATION: 31 | ERRORS: best=1795.0, median=19084.0, diversity=0.655 | INDIVIDUALS: n=200, avg_genome_length=105.03 | VIRUSES: gene_rate=0.046
2021-12-24 10:28:42.032962 | GENERATION: 32 | ERRORS: best=1342.0, median=22831.0, diversity=0.59 | INDIVIDUALS: n=200, avg_genome_length=104.23 | VIRUSES: gene_rate=0.051
2021-12-24 10:29:03.147765 | GENERATION: 33 | ERRORS: best=1502.0, median=1001867.0, diversity=0.645 | INDIVIDUALS: n=200, avg_genome_length=105.2 | VIRUSES: gene_rate=0.054
2021-12-24 10:29:23.085659 | GENERATION: 34 | ERRORS: best=1472.0, median=58037.0, diversity=0.685 | INDIVIDUALS: n=200, avg_genome_length=105.69 | VIRUSES: gene_rate=0.052
2021-12-24 10:29:45.293825 | GENERATION: 35 | ERRORS: best=1315.0, median=161031.0, diversity=0.665 | INDIVIDUALS: n=200, avg_genome_length=102.65 | VIRUSES: gene_rate=0.050
2021-12-24 10:30:13.466568 | GENERATION: 36 | ERRORS: best=1334.0, median=39602.0, diversity=0.655 | INDIVIDUALS: n=200, avg_genome_length=99.665 | VIRUSES: gene_rate=0.048
2021-12-24 10:30:34.479451 | GENERATION: 37 | ERRORS: best=1304.0, median=29503.5, diversity=0.655 | INDIVIDUALS: n=200, avg_genome_length=96.695 | VIRUSES: gene_rate=0.053
2021-12-24 10:30:52.968221 | GENERATION: 38 | ERRORS: best=1306.0, median=14432.0, diversity=0.605 | INDIVIDUALS: n=200, avg_genome_length=98.55 | VIRUSES: gene_rate=0.051
2021-12-24 10:31:12.880186 | GENERATION: 39 | ERRORS: best=1306.0, median=12554.0, diversity=0.665 | INDIVIDUALS: n=200, avg_genome_length=92.14 | VIRUSES: gene_rate=0.058
2021-12-24 10:31:31.794768 | GENERATION: 40 | ERRORS: best=1353.0, median=8104.0, diversity=0.595 | INDIVIDUALS: n=200, avg_genome_length=89.72 | VIRUSES: gene_rate=0.058
2021-12-24 10:31:51.592110 | GENERATION: 41 | ERRORS: best=1373.0, median=11953.0, diversity=0.62 | INDIVIDUALS: n=200, avg_genome_length=85.495 | VIRUSES: gene_rate=0.061
2021-12-24 10:32:10.115142 | GENERATION: 42 | ERRORS: best=1369.0, median=38032.0, diversity=0.635 | INDIVIDUALS: n=200, avg_genome_length=83.21 | VIRUSES: gene_rate=0.059
2021-12-24 10:32:27.919413 | GENERATION: 43 | ERRORS: best=1405.0, median=20791.0, diversity=0.66 | INDIVIDUALS: n=200, avg_genome_length=80.755 | VIRUSES: gene_rate=0.060
2021-12-24 10:32:46.171485 | GENERATION: 44 | ERRORS: best=1341.0, median=6427.5, diversity=0.615 | INDIVIDUALS: n=200, avg_genome_length=80.695 | VIRUSES: gene_rate=0.061
2021-12-24 10:33:04.310613 | GENERATION: 45 | ERRORS: best=1558.0, median=10241.0, diversity=0.615 | INDIVIDUALS: n=200, avg_genome_length=77.22 | VIRUSES: gene_rate=0.060
2021-12-24 10:33:18.925542 | GENERATION: 46 | ERRORS: best=1555.0, median=2226.0, diversity=0.57 | INDIVIDUALS: n=200, avg_genome_length=73.305 | VIRUSES: gene_rate=0.058
2021-12-24 10:33:39.567744 | GENERATION: 47 | ERRORS: best=1491.0, median=2169.0, diversity=0.57 | INDIVIDUALS: n=200, avg_genome_length=73.87 | VIRUSES: gene_rate=0.060
2021-12-24 10:33:54.739311 | GENERATION: 48 | ERRORS: best=1461.0, median=2169.0, diversity=0.61 | INDIVIDUALS: n=200, avg_genome_length=75.245 | VIRUSES: gene_rate=0.063
2021-12-24 10:34:09.386045 | GENERATION: 49 | ERRORS: best=1489.0, median=3115.0, diversity=0.6 | INDIVIDUALS: n=200, avg_genome_length=74.895 | VIRUSES: gene_rate=0.064
2021-12-24 10:34:23.800083 | GENERATION: 50 | ERRORS: best=1464.0, median=2603.0, diversity=0.615 | INDIVIDUALS: n=200, avg_genome_length=75.545 | VIRUSES: gene_rate=0.068
2021-12-24 10:34:38.297000 | GENERATION: 51 | ERRORS: best=1459.0, median=2749.0, diversity=0.56 | INDIVIDUALS: n=200, avg_genome_length=70.95 | VIRUSES: gene_rate=0.070
2021-12-24 10:34:56.516301 | GENERATION: 52 | ERRORS: best=1451.0, median=3107.0, diversity=0.64 | INDIVIDUALS: n=200, avg_genome_length=74.04 | VIRUSES: gene_rate=0.074
2021-12-24 10:35:13.763952 | GENERATION: 53 | ERRORS: best=1450.0, median=2169.0, diversity=0.65 | INDIVIDUALS: n=200, avg_genome_length=73.78 | VIRUSES: gene_rate=0.074
2021-12-24 10:35:31.510099 | GENERATION: 54 | ERRORS: best=1338.0, median=2348.5, diversity=0.695 | INDIVIDUALS: n=200, avg_genome_length=73.865 | VIRUSES: gene_rate=0.079
2021-12-24 10:35:48.089475 | GENERATION: 55 | ERRORS: best=1359.0, median=2239.0, diversity=0.61 | INDIVIDUALS: n=200, avg_genome_length=70.78 | VIRUSES: gene_rate=0.075
2021-12-24 10:36:06.232552 | GENERATION: 56 | ERRORS: best=1348.0, median=2283.5, diversity=0.66 | INDIVIDUALS: n=200, avg_genome_length=66.215 | VIRUSES: gene_rate=0.077
2021-12-24 10:36:20.820299 | GENERATION: 57 | ERRORS: best=1347.0, median=2198.5, diversity=0.615 | INDIVIDUALS: n=200, avg_genome_length=65.075 | VIRUSES: gene_rate=0.076
2021-12-24 10:36:35.644571 | GENERATION: 58 | ERRORS: best=1462.0, median=2429.5, diversity=0.66 | INDIVIDUALS: n=200, avg_genome_length=59.23 | VIRUSES: gene_rate=0.074
2021-12-24 10:36:48.629009 | GENERATION: 59 | ERRORS: best=1311.0, median=2242.0, diversity=0.62 | INDIVIDUALS: n=200, avg_genome_length=54.75 | VIRUSES: gene_rate=0.078
2021-12-24 10:37:01.191770 | GENERATION: 60 | ERRORS: best=1401.0, median=2170.5, diversity=0.645 | INDIVIDUALS: n=200, avg_genome_length=51.67 | VIRUSES: gene_rate=0.073
2021-12-24 10:37:11.243802 | GENERATION: 61 | ERRORS: best=1397.0, median=2170.0, diversity=0.635 | INDIVIDUALS: n=200, avg_genome_length=52.375 | VIRUSES: gene_rate=0.077
2021-12-24 10:37:23.447785 | GENERATION: 62 | ERRORS: best=1313.0, median=2171.0, diversity=0.615 | INDIVIDUALS: n=200, avg_genome_length=54.25 | VIRUSES: gene_rate=0.078
2021-12-24 10:37:34.364650 | GENERATION: 63 | ERRORS: best=1366.0, median=2169.0, diversity=0.645 | INDIVIDUALS: n=200, avg_genome_length=56.46 | VIRUSES: gene_rate=0.076
2021-12-24 10:37:41.875550 | GENERATION: 64 | ERRORS: best=1367.0, median=2176.0, diversity=0.625 | INDIVIDUALS: n=200, avg_genome_length=54.595 | VIRUSES: gene_rate=0.071
2021-12-24 10:37:47.928435 | GENERATION: 65 | ERRORS: best=1469.0, median=2169.0, diversity=0.58 | INDIVIDUALS: n=200, avg_genome_length=52.905 | VIRUSES: gene_rate=0.073
2021-12-24 10:37:56.836081 | GENERATION: 66 | ERRORS: best=1444.0, median=2169.0, diversity=0.595 | INDIVIDUALS: n=200, avg_genome_length=56.375 | VIRUSES: gene_rate=0.070
2021-12-24 10:38:04.200438 | GENERATION: 67 | ERRORS: best=1340.0, median=2095.0, diversity=0.55 | INDIVIDUALS: n=200, avg_genome_length=50.635 | VIRUSES: gene_rate=0.090
2021-12-24 10:38:13.592273 | GENERATION: 68 | ERRORS: best=1415.0, median=2169.0, diversity=0.605 | INDIVIDUALS: n=200, avg_genome_length=50.25 | VIRUSES: gene_rate=0.078
2021-12-24 10:38:20.728637 | GENERATION: 69 | ERRORS: best=1415.0, median=2169.0, diversity=0.6 | INDIVIDUALS: n=200, avg_genome_length=47.475 | VIRUSES: gene_rate=0.076
2021-12-24 10:38:30.084074 | GENERATION: 70 | ERRORS: best=1452.0, median=2169.0, diversity=0.67 | INDIVIDUALS: n=200, avg_genome_length=49.1 | VIRUSES: gene_rate=0.071
2021-12-24 10:38:37.784321 | GENERATION: 71 | ERRORS: best=1367.0, median=2169.0, diversity=0.605 | INDIVIDUALS: n=200, avg_genome_length=50.645 | VIRUSES: gene_rate=0.071
2021-12-24 10:38:45.410866 | GENERATION: 72 | ERRORS: best=1398.0, median=2169.0, diversity=0.57 | INDIVIDUALS: n=200, avg_genome_length=48.765 | VIRUSES: gene_rate=0.070
2021-12-24 10:38:52.695498 | GENERATION: 73 | ERRORS: best=1403.0, median=2388.0, diversity=0.605 | INDIVIDUALS: n=200, avg_genome_length=48.425 | VIRUSES: gene_rate=0.074
2021-12-24 10:39:00.737015 | GENERATION: 74 | ERRORS: best=1408.0, median=6280.5, diversity=0.565 | INDIVIDUALS: n=200, avg_genome_length=45.245 | VIRUSES: gene_rate=0.090
2021-12-24 10:39:10.839940 | GENERATION: 75 | ERRORS: best=1460.0, median=21467.0, diversity=0.62 | INDIVIDUALS: n=200, avg_genome_length=46.33 | VIRUSES: gene_rate=0.097
2021-12-24 10:39:25.123358 | GENERATION: 76 | ERRORS: best=1415.0, median=1001395.0, diversity=0.65 | INDIVIDUALS: n=200, avg_genome_length=48.245 | VIRUSES: gene_rate=0.091
2021-12-24 10:39:31.436193 | GENERATION: 77 | ERRORS: best=1415.0, median=3126.5, diversity=0.65 | INDIVIDUALS: n=200, avg_genome_length=48.985 | VIRUSES: gene_rate=0.085
2021-12-24 10:39:39.119641 | GENERATION: 78 | ERRORS: best=1385.0, median=5515.5, diversity=0.63 | INDIVIDUALS: n=200, avg_genome_length=46.74 | VIRUSES: gene_rate=0.084
2021-12-24 10:39:45.990393 | GENERATION: 79 | ERRORS: best=1402.0, median=2169.0, diversity=0.64 | INDIVIDUALS: n=200, avg_genome_length=44.355 | VIRUSES: gene_rate=0.090
2021-12-24 10:39:53.609662 | GENERATION: 80 | ERRORS: best=1403.0, median=2169.0, diversity=0.595 | INDIVIDUALS: n=200, avg_genome_length=43.94 | VIRUSES: gene_rate=0.089
2021-12-24 10:39:59.734019 | GENERATION: 81 | ERRORS: best=1406.0, median=2103.0, diversity=0.615 | INDIVIDUALS: n=200, avg_genome_length=40.65 | VIRUSES: gene_rate=0.085
2021-12-24 10:40:06.606622 | GENERATION: 82 | ERRORS: best=1402.0, median=2089.0, diversity=0.58 | INDIVIDUALS: n=200, avg_genome_length=39.57 | VIRUSES: gene_rate=0.082
2021-12-24 10:40:15.467984 | GENERATION: 83 | ERRORS: best=1403.0, median=2169.0, diversity=0.565 | INDIVIDUALS: n=200, avg_genome_length=39.485 | VIRUSES: gene_rate=0.075
2021-12-24 10:40:22.090154 | GENERATION: 84 | ERRORS: best=1403.0, median=2169.0, diversity=0.585 | INDIVIDUALS: n=200, avg_genome_length=40.835 | VIRUSES: gene_rate=0.070
2021-12-24 10:40:29.608342 | GENERATION: 85 | ERRORS: best=1415.0, median=2169.0, diversity=0.575 | INDIVIDUALS: n=200, avg_genome_length=41.485 | VIRUSES: gene_rate=0.062
2021-12-24 10:40:38.440409 | GENERATION: 86 | ERRORS: best=1415.0, median=2169.0, diversity=0.675 | INDIVIDUALS: n=200, avg_genome_length=39.505 | VIRUSES: gene_rate=0.071
2021-12-24 10:40:44.320647 | GENERATION: 87 | ERRORS: best=1406.0, median=2169.0, diversity=0.545 | INDIVIDUALS: n=200, avg_genome_length=36.85 | VIRUSES: gene_rate=0.080
2021-12-24 10:40:50.829115 | GENERATION: 88 | ERRORS: best=1311.0, median=2169.0, diversity=0.57 | INDIVIDUALS: n=200, avg_genome_length=35.815 | VIRUSES: gene_rate=0.085
2021-12-24 10:40:56.680402 | GENERATION: 89 | ERRORS: best=1304.0, median=2169.0, diversity=0.58 | INDIVIDUALS: n=200, avg_genome_length=36.775 | VIRUSES: gene_rate=0.097
2021-12-24 10:41:03.599913 | GENERATION: 90 | ERRORS: best=1041.0, median=2169.0, diversity=0.63 | INDIVIDUALS: n=200, avg_genome_length=33.56 | VIRUSES: gene_rate=0.100
2021-12-24 10:41:10.863293 | GENERATION: 91 | ERRORS: best=1041.0, median=2169.0, diversity=0.68 | INDIVIDUALS: n=200, avg_genome_length=34.12 | VIRUSES: gene_rate=0.092
2021-12-24 10:41:18.546264 | GENERATION: 92 | ERRORS: best=1304.0, median=2169.0, diversity=0.65 | INDIVIDUALS: n=200, avg_genome_length=33.755 | VIRUSES: gene_rate=0.094
2021-12-24 10:41:25.787550 | GENERATION: 93 | ERRORS: best=1332.0, median=2169.0, diversity=0.55 | INDIVIDUALS: n=200, avg_genome_length=30.665 | VIRUSES: gene_rate=0.090
2021-12-24 10:41:37.031991 | GENERATION: 94 | ERRORS: best=1371.0, median=2169.0, diversity=0.58 | INDIVIDUALS: n=200, avg_genome_length=28.59 | VIRUSES: gene_rate=0.094
2021-12-24 10:41:44.640328 | GENERATION: 95 | ERRORS: best=1367.0, median=2169.0, diversity=0.615 | INDIVIDUALS: n=200, avg_genome_length=31.52 | VIRUSES: gene_rate=0.085
2021-12-24 10:41:51.684746 | GENERATION: 96 | ERRORS: best=1362.0, median=2169.0, diversity=0.53 | INDIVIDUALS: n=200, avg_genome_length=29.66 | VIRUSES: gene_rate=0.089
2021-12-24 10:41:58.709692 | GENERATION: 97 | ERRORS: best=1444.0, median=2250.0, diversity=0.575 | INDIVIDUALS: n=200, avg_genome_length=28.71 | VIRUSES: gene_rate=0.093
2021-12-24 10:42:05.083011 | GENERATION: 98 | ERRORS: best=1446.0, median=2169.0, diversity=0.55 | INDIVIDUALS: n=200, avg_genome_length=28.165 | VIRUSES: gene_rate=0.117
2021-12-24 10:42:13.775636 | GENERATION: 99 | ERRORS: best=1365.0, median=2169.0, diversity=0.57 | INDIVIDUALS: n=200, avg_genome_length=27.27 | VIRUSES: gene_rate=0.128
2021-12-24 10:42:22.669062 | GENERATION: 100 | ERRORS: best=1365.0, median=2169.0, diversity=0.57 | INDIVIDUALS: n=200, avg_genome_length=25.105 | VIRUSES: gene_rate=0.130
2021-12-24 10:42:30.533182 | GENERATION: 101 | ERRORS: best=1365.0, median=2169.0, diversity=0.6 | INDIVIDUALS: n=200, avg_genome_length=25.785 | VIRUSES: gene_rate=0.119
2021-12-24 10:42:37.933043 | GENERATION: 102 | ERRORS: best=1365.0, median=2169.0, diversity=0.585 | INDIVIDUALS: n=200, avg_genome_length=26.965 | VIRUSES: gene_rate=0.117
2021-12-24 10:42:44.848180 | GENERATION: 103 | ERRORS: best=1365.0, median=2169.0, diversity=0.56 | INDIVIDUALS: n=200, avg_genome_length=26.015 | VIRUSES: gene_rate=0.113
2021-12-24 10:42:51.593876 | GENERATION: 104 | ERRORS: best=1503.0, median=2169.0, diversity=0.565 | INDIVIDUALS: n=200, avg_genome_length=26.285 | VIRUSES: gene_rate=0.108
2021-12-24 10:42:57.313078 | GENERATION: 105 | ERRORS: best=1507.0, median=2092.0, diversity=0.535 | INDIVIDUALS: n=200, avg_genome_length=26.72 | VIRUSES: gene_rate=0.115
2021-12-24 10:43:03.124443 | GENERATION: 106 | ERRORS: best=1381.0, median=2049.0, diversity=0.55 | INDIVIDUALS: n=200, avg_genome_length=27.86 | VIRUSES: gene_rate=0.108
2021-12-24 10:43:08.078486 | GENERATION: 107 | ERRORS: best=1316.0, median=2064.0, diversity=0.53 | INDIVIDUALS: n=200, avg_genome_length=26.645 | VIRUSES: gene_rate=0.111
2021-12-24 10:43:12.550351 | GENERATION: 108 | ERRORS: best=1354.0, median=2049.0, diversity=0.615 | INDIVIDUALS: n=200, avg_genome_length=26.53 | VIRUSES: gene_rate=0.093
2021-12-24 10:43:16.995244 | GENERATION: 109 | ERRORS: best=1385.0, median=2049.0, diversity=0.565 | INDIVIDUALS: n=200, avg_genome_length=25.21 | VIRUSES: gene_rate=0.091
2021-12-24 10:43:21.041700 | GENERATION: 110 | ERRORS: best=1442.0, median=2049.0, diversity=0.57 | INDIVIDUALS: n=200, avg_genome_length=22.96 | VIRUSES: gene_rate=0.078
2021-12-24 10:43:25.562929 | GENERATION: 111 | ERRORS: best=1354.0, median=2128.0, diversity=0.535 | INDIVIDUALS: n=200, avg_genome_length=20.415 | VIRUSES: gene_rate=0.087
2021-12-24 10:43:28.119721 | GENERATION: 112 | ERRORS: best=1445.0, median=2089.0, diversity=0.585 | INDIVIDUALS: n=200, avg_genome_length=20.985 | VIRUSES: gene_rate=0.092
2021-12-24 10:43:33.593780 | GENERATION: 113 | ERRORS: best=1427.0, median=2169.0, diversity=0.625 | INDIVIDUALS: n=200, avg_genome_length=21.74 | VIRUSES: gene_rate=0.112
2021-12-24 10:43:39.442105 | GENERATION: 114 | ERRORS: best=1433.0, median=2169.0, diversity=0.605 | INDIVIDUALS: n=200, avg_genome_length=21.8 | VIRUSES: gene_rate=0.123
2021-12-24 10:43:44.958488 | GENERATION: 115 | ERRORS: best=1442.0, median=2142.5, diversity=0.585 | INDIVIDUALS: n=200, avg_genome_length=22.61 | VIRUSES: gene_rate=0.111
2021-12-24 10:43:49.132391 | GENERATION: 116 | ERRORS: best=1463.0, median=2090.5, diversity=0.56 | INDIVIDUALS: n=200, avg_genome_length=21.8 | VIRUSES: gene_rate=0.119
2021-12-24 10:43:54.682971 | GENERATION: 117 | ERRORS: best=1456.0, median=2169.0, diversity=0.535 | INDIVIDUALS: n=200, avg_genome_length=21.67 | VIRUSES: gene_rate=0.124
2021-12-24 10:44:00.024513 | GENERATION: 118 | ERRORS: best=1458.0, median=2049.0, diversity=0.545 | INDIVIDUALS: n=200, avg_genome_length=22.445 | VIRUSES: gene_rate=0.124
2021-12-24 10:44:08.730060 | GENERATION: 119 | ERRORS: best=1459.0, median=2068.0, diversity=0.59 | INDIVIDUALS: n=200, avg_genome_length=21.62 | VIRUSES: gene_rate=0.126
2021-12-24 10:44:13.460514 | GENERATION: 120 | ERRORS: best=1471.0, median=2075.5, diversity=0.64 | INDIVIDUALS: n=200, avg_genome_length=21.13 | VIRUSES: gene_rate=0.130
2021-12-24 10:44:31.607999 | GENERATION: 121 | ERRORS: best=1452.0, median=2089.0, diversity=0.61 | INDIVIDUALS: n=200, avg_genome_length=21.35 | VIRUSES: gene_rate=0.126
2021-12-24 10:44:37.315946 | GENERATION: 122 | ERRORS: best=1451.0, median=2165.0, diversity=0.56 | INDIVIDUALS: n=200, avg_genome_length=20.305 | VIRUSES: gene_rate=0.130
2021-12-24 10:44:42.598727 | GENERATION: 123 | ERRORS: best=1456.0, median=2106.5, diversity=0.545 | INDIVIDUALS: n=200, avg_genome_length=18.74 | VIRUSES: gene_rate=0.152
2021-12-24 10:44:47.996530 | GENERATION: 124 | ERRORS: best=1419.0, median=2060.5, diversity=0.525 | INDIVIDUALS: n=200, avg_genome_length=17.065 | VIRUSES: gene_rate=0.149
2021-12-24 10:44:54.374596 | GENERATION: 125 | ERRORS: best=1473.0, median=2169.0, diversity=0.58 | INDIVIDUALS: n=200, avg_genome_length=18.18 | VIRUSES: gene_rate=0.146
2021-12-24 10:45:00.850754 | GENERATION: 126 | ERRORS: best=1470.0, median=2169.0, diversity=0.6 | INDIVIDUALS: n=200, avg_genome_length=16.855 | VIRUSES: gene_rate=0.144
2021-12-24 10:45:06.610830 | GENERATION: 127 | ERRORS: best=1461.0, median=2169.0, diversity=0.56 | INDIVIDUALS: n=200, avg_genome_length=16.43 | VIRUSES: gene_rate=0.147
2021-12-24 10:45:12.274602 | GENERATION: 128 | ERRORS: best=1461.0, median=2169.0, diversity=0.6 | INDIVIDUALS: n=200, avg_genome_length=17.295 | VIRUSES: gene_rate=0.138
2021-12-24 10:45:17.617048 | GENERATION: 129 | ERRORS: best=1442.0, median=2169.0, diversity=0.52 | INDIVIDUALS: n=200, avg_genome_length=15.465 | VIRUSES: gene_rate=0.152
2021-12-24 10:45:24.571340 | GENERATION: 130 | ERRORS: best=1464.0, median=2169.0, diversity=0.56 | INDIVIDUALS: n=200, avg_genome_length=15.37 | VIRUSES: gene_rate=0.180
2021-12-24 10:45:31.881931 | GENERATION: 131 | ERRORS: best=1452.0, median=2169.0, diversity=0.545 | INDIVIDUALS: n=200, avg_genome_length=13.795 | VIRUSES: gene_rate=0.204
2021-12-24 10:45:37.641309 | GENERATION: 132 | ERRORS: best=1485.0, median=2169.0, diversity=0.55 | INDIVIDUALS: n=200, avg_genome_length=14.325 | VIRUSES: gene_rate=0.163
2021-12-24 10:45:44.337117 | GENERATION: 133 | ERRORS: best=1428.0, median=2169.0, diversity=0.58 | INDIVIDUALS: n=200, avg_genome_length=14.535 | VIRUSES: gene_rate=0.198
2021-12-24 10:45:49.711070 | GENERATION: 134 | ERRORS: best=1492.0, median=2169.0, diversity=0.55 | INDIVIDUALS: n=200, avg_genome_length=14.135 | VIRUSES: gene_rate=0.212
2021-12-24 10:45:55.899477 | GENERATION: 135 | ERRORS: best=1488.0, median=2169.0, diversity=0.535 | INDIVIDUALS: n=200, avg_genome_length=13.77 | VIRUSES: gene_rate=0.168
2021-12-24 10:46:00.573593 | GENERATION: 136 | ERRORS: best=1490.0, median=2169.0, diversity=0.505 | INDIVIDUALS: n=200, avg_genome_length=14.01 | VIRUSES: gene_rate=0.173
2021-12-24 10:46:04.206178 | GENERATION: 137 | ERRORS: best=1491.0, median=2169.0, diversity=0.53 | INDIVIDUALS: n=200, avg_genome_length=13.16 | VIRUSES: gene_rate=0.155
2021-12-24 10:46:09.166437 | GENERATION: 138 | ERRORS: best=1477.0, median=2169.0, diversity=0.555 | INDIVIDUALS: n=200, avg_genome_length=12.685 | VIRUSES: gene_rate=0.166
2021-12-24 10:46:14.009028 | GENERATION: 139 | ERRORS: best=1558.0, median=2169.0, diversity=0.47 | INDIVIDUALS: n=200, avg_genome_length=12.47 | VIRUSES: gene_rate=0.175
2021-12-24 10:46:19.853697 | GENERATION: 140 | ERRORS: best=1395.0, median=2169.0, diversity=0.46 | INDIVIDUALS: n=200, avg_genome_length=13.465 | VIRUSES: gene_rate=0.196
2021-12-24 10:46:25.616872 | GENERATION: 141 | ERRORS: best=1077.0, median=2169.0, diversity=0.51 | INDIVIDUALS: n=200, avg_genome_length=15.91 | VIRUSES: gene_rate=0.170
2021-12-24 10:46:31.860750 | GENERATION: 142 | ERRORS: best=1077.0, median=2089.5, diversity=0.61 | INDIVIDUALS: n=200, avg_genome_length=16.52 | VIRUSES: gene_rate=0.162
2021-12-24 10:46:39.393905 | GENERATION: 143 | ERRORS: best=1363.0, median=2089.0, diversity=0.605 | INDIVIDUALS: n=200, avg_genome_length=17.83 | VIRUSES: gene_rate=0.165
2021-12-24 10:46:44.785192 | GENERATION: 144 | ERRORS: best=1400.0, median=2089.0, diversity=0.545 | INDIVIDUALS: n=200, avg_genome_length=17.495 | VIRUSES: gene_rate=0.177
2021-12-24 10:46:51.345448 | GENERATION: 145 | ERRORS: best=1484.0, median=2147.0, diversity=0.58 | INDIVIDUALS: n=200, avg_genome_length=16.765 | VIRUSES: gene_rate=0.182
2021-12-24 10:46:58.069965 | GENERATION: 146 | ERRORS: best=1477.0, median=2113.0, diversity=0.565 | INDIVIDUALS: n=200, avg_genome_length=16.8 | VIRUSES: gene_rate=0.164
2021-12-24 10:47:05.080158 | GENERATION: 147 | ERRORS: best=1455.0, median=2049.0, diversity=0.505 | INDIVIDUALS: n=200, avg_genome_length=17.395 | VIRUSES: gene_rate=0.194
2021-12-24 10:47:10.133166 | GENERATION: 148 | ERRORS: best=1454.0, median=2067.0, diversity=0.505 | INDIVIDUALS: n=200, avg_genome_length=18.19 | VIRUSES: gene_rate=0.181
2021-12-24 10:47:15.285660 | GENERATION: 149 | ERRORS: best=1452.0, median=2075.5, diversity=0.54 | INDIVIDUALS: n=200, avg_genome_length=18.165 | VIRUSES: gene_rate=0.173
2021-12-24 10:47:21.404085 | GENERATION: 150 | ERRORS: best=1453.0, median=2049.0, diversity=0.58 | INDIVIDUALS: n=200, avg_genome_length=20.005 | VIRUSES: gene_rate=0.174
2021-12-24 10:47:26.843916 | GENERATION: 151 | ERRORS: best=1456.0, median=2067.0, diversity=0.525 | INDIVIDUALS: n=200, avg_genome_length=18.44 | VIRUSES: gene_rate=0.172
2021-12-24 10:47:32.786408 | GENERATION: 152 | ERRORS: best=1451.0, median=2067.0, diversity=0.53 | INDIVIDUALS: n=200, avg_genome_length=18.16 | VIRUSES: gene_rate=0.175
2021-12-24 10:47:38.186015 | GENERATION: 153 | ERRORS: best=1460.0, median=2052.0, diversity=0.6 | INDIVIDUALS: n=200, avg_genome_length=18.845 | VIRUSES: gene_rate=0.172
2021-12-24 10:47:44.591867 | GENERATION: 154 | ERRORS: best=1409.0, median=2169.0, diversity=0.605 | INDIVIDUALS: n=200, avg_genome_length=19.765 | VIRUSES: gene_rate=0.179
2021-12-24 10:47:48.957779 | GENERATION: 155 | ERRORS: best=1460.0, median=2049.0, diversity=0.545 | INDIVIDUALS: n=200, avg_genome_length=20.68 | VIRUSES: gene_rate=0.172
2021-12-24 10:47:54.486481 | GENERATION: 156 | ERRORS: best=1414.0, median=2119.5, diversity=0.545 | INDIVIDUALS: n=200, avg_genome_length=19.93 | VIRUSES: gene_rate=0.166
2021-12-24 10:48:00.917883 | GENERATION: 157 | ERRORS: best=1458.0, median=2169.0, diversity=0.6 | INDIVIDUALS: n=200, avg_genome_length=20.395 | VIRUSES: gene_rate=0.153
2021-12-24 10:48:07.356537 | GENERATION: 158 | ERRORS: best=1458.0, median=2144.5, diversity=0.545 | INDIVIDUALS: n=200, avg_genome_length=17.415 | VIRUSES: gene_rate=0.153
2021-12-24 10:48:17.862243 | GENERATION: 159 | ERRORS: best=1456.0, median=2089.5, diversity=0.53 | INDIVIDUALS: n=200, avg_genome_length=17.7 | VIRUSES: gene_rate=0.153
2021-12-24 10:48:23.685460 | GENERATION: 160 | ERRORS: best=1456.0, median=2093.0, diversity=0.595 | INDIVIDUALS: n=200, avg_genome_length=18.975 | VIRUSES: gene_rate=0.165
2021-12-24 10:48:29.510506 | GENERATION: 161 | ERRORS: best=1456.0, median=2161.0, diversity=0.51 | INDIVIDUALS: n=200, avg_genome_length=17.575 | VIRUSES: gene_rate=0.167
2021-12-24 10:48:35.911745 | GENERATION: 162 | ERRORS: best=1454.0, median=2169.0, diversity=0.48 | INDIVIDUALS: n=200, avg_genome_length=16.59 | VIRUSES: gene_rate=0.160
2021-12-24 10:48:42.409588 | GENERATION: 163 | ERRORS: best=1468.0, median=2169.0, diversity=0.57 | INDIVIDUALS: n=200, avg_genome_length=16.53 | VIRUSES: gene_rate=0.155
2021-12-24 10:48:49.365064 | GENERATION: 164 | ERRORS: best=1471.0, median=2089.0, diversity=0.515 | INDIVIDUALS: n=200, avg_genome_length=18.045 | VIRUSES: gene_rate=0.147
2021-12-24 10:48:55.341612 | GENERATION: 165 | ERRORS: best=1457.0, median=2169.0, diversity=0.525 | INDIVIDUALS: n=200, avg_genome_length=17.03 | VIRUSES: gene_rate=0.136
2021-12-24 10:49:08.262183 | GENERATION: 166 | ERRORS: best=1456.0, median=2169.0, diversity=0.5 | INDIVIDUALS: n=200, avg_genome_length=17.605 | VIRUSES: gene_rate=0.141
2021-12-24 10:49:21.734026 | GENERATION: 167 | ERRORS: best=1486.0, median=2169.0, diversity=0.46 | INDIVIDUALS: n=200, avg_genome_length=16.42 | VIRUSES: gene_rate=0.144
2021-12-24 10:49:47.036075 | GENERATION: 168 | ERRORS: best=1457.0, median=2169.0, diversity=0.41 | INDIVIDUALS: n=200, avg_genome_length=17.81 | VIRUSES: gene_rate=0.141
2021-12-24 10:49:53.070637 | GENERATION: 169 | ERRORS: best=1472.0, median=2169.0, diversity=0.45 | INDIVIDUALS: n=200, avg_genome_length=17.24 | VIRUSES: gene_rate=0.129
2021-12-24 10:49:58.322904 | GENERATION: 170 | ERRORS: best=1463.0, median=2169.0, diversity=0.465 | INDIVIDUALS: n=200, avg_genome_length=17.105 | VIRUSES: gene_rate=0.146
2021-12-24 10:50:03.606746 | GENERATION: 171 | ERRORS: best=1406.0, median=2169.0, diversity=0.545 | INDIVIDUALS: n=200, avg_genome_length=19.05 | VIRUSES: gene_rate=0.153
2021-12-24 10:50:09.526754 | GENERATION: 172 | ERRORS: best=1398.0, median=2169.0, diversity=0.495 | INDIVIDUALS: n=200, avg_genome_length=18.635 | VIRUSES: gene_rate=0.169
2021-12-24 10:50:15.876224 | GENERATION: 173 | ERRORS: best=1467.0, median=2169.0, diversity=0.57 | INDIVIDUALS: n=200, avg_genome_length=18.92 | VIRUSES: gene_rate=0.159
2021-12-24 10:50:21.917873 | GENERATION: 174 | ERRORS: best=1467.0, median=2094.5, diversity=0.54 | INDIVIDUALS: n=200, avg_genome_length=19.395 | VIRUSES: gene_rate=0.163
2021-12-24 10:50:26.695885 | GENERATION: 175 | ERRORS: best=1463.0, median=2169.0, diversity=0.52 | INDIVIDUALS: n=200, avg_genome_length=17.07 | VIRUSES: gene_rate=0.154
2021-12-24 10:50:32.502025 | GENERATION: 176 | ERRORS: best=1467.0, median=2169.0, diversity=0.56 | INDIVIDUALS: n=200, avg_genome_length=17.335 | VIRUSES: gene_rate=0.182
2021-12-24 10:50:39.287698 | GENERATION: 177 | ERRORS: best=1467.0, median=2169.0, diversity=0.58 | INDIVIDUALS: n=200, avg_genome_length=15.635 | VIRUSES: gene_rate=0.181
2021-12-24 10:50:46.434370 | GENERATION: 178 | ERRORS: best=1483.0, median=2169.0, diversity=0.47 | INDIVIDUALS: n=200, avg_genome_length=13.725 | VIRUSES: gene_rate=0.163
2021-12-24 10:50:53.897100 | GENERATION: 179 | ERRORS: best=1417.0, median=2169.0, diversity=0.5 | INDIVIDUALS: n=200, avg_genome_length=12.92 | VIRUSES: gene_rate=0.159
2021-12-24 10:51:00.799791 | GENERATION: 180 | ERRORS: best=1439.0, median=2169.0, diversity=0.475 | INDIVIDUALS: n=200, avg_genome_length=12.655 | VIRUSES: gene_rate=0.158
2021-12-24 10:51:08.306579 | GENERATION: 181 | ERRORS: best=1439.0, median=2169.0, diversity=0.47 | INDIVIDUALS: n=200, avg_genome_length=12.26 | VIRUSES: gene_rate=0.154
2021-12-24 10:51:15.915077 | GENERATION: 182 | ERRORS: best=1465.0, median=2169.0, diversity=0.51 | INDIVIDUALS: n=200, avg_genome_length=12.02 | VIRUSES: gene_rate=0.173
2021-12-24 10:51:23.676982 | GENERATION: 183 | ERRORS: best=1465.0, median=2169.0, diversity=0.46 | INDIVIDUALS: n=200, avg_genome_length=13.335 | VIRUSES: gene_rate=0.166
2021-12-24 10:51:30.567123 | GENERATION: 184 | ERRORS: best=1472.0, median=2169.0, diversity=0.405 | INDIVIDUALS: n=200, avg_genome_length=12.865 | VIRUSES: gene_rate=0.173
2021-12-24 10:51:36.231325 | GENERATION: 185 | ERRORS: best=1508.0, median=2169.0, diversity=0.455 | INDIVIDUALS: n=200, avg_genome_length=12.625 | VIRUSES: gene_rate=0.175
2021-12-24 10:51:41.567082 | GENERATION: 186 | ERRORS: best=1399.0, median=2169.0, diversity=0.415 | INDIVIDUALS: n=200, avg_genome_length=12.08 | VIRUSES: gene_rate=0.179
2021-12-24 10:51:45.825579 | GENERATION: 187 | ERRORS: best=1399.0, median=2169.0, diversity=0.435 | INDIVIDUALS: n=200, avg_genome_length=12.175 | VIRUSES: gene_rate=0.177
2021-12-24 10:51:52.623798 | GENERATION: 188 | ERRORS: best=1461.0, median=2169.0, diversity=0.41 | INDIVIDUALS: n=200, avg_genome_length=13.76 | VIRUSES: gene_rate=0.164
2021-12-24 10:51:58.109092 | GENERATION: 189 | ERRORS: best=1466.0, median=2169.0, diversity=0.435 | INDIVIDUALS: n=200, avg_genome_length=14.165 | VIRUSES: gene_rate=0.189
2021-12-24 10:52:04.607880 | GENERATION: 190 | ERRORS: best=1477.0, median=2169.0, diversity=0.495 | INDIVIDUALS: n=200, avg_genome_length=13.615 | VIRUSES: gene_rate=0.202
2021-12-24 10:52:11.272626 | GENERATION: 191 | ERRORS: best=1476.0, median=2169.0, diversity=0.39 | INDIVIDUALS: n=200, avg_genome_length=13.475 | VIRUSES: gene_rate=0.200
2021-12-24 10:52:17.388031 | GENERATION: 192 | ERRORS: best=1361.0, median=2169.0, diversity=0.495 | INDIVIDUALS: n=200, avg_genome_length=13.28 | VIRUSES: gene_rate=0.207
2021-12-24 10:52:24.210314 | GENERATION: 193 | ERRORS: best=1477.0, median=2169.0, diversity=0.46 | INDIVIDUALS: n=200, avg_genome_length=13.43 | VIRUSES: gene_rate=0.243
2021-12-24 10:52:31.292847 | GENERATION: 194 | ERRORS: best=1362.0, median=2169.0, diversity=0.44 | INDIVIDUALS: n=200, avg_genome_length=13.86 | VIRUSES: gene_rate=0.228
2021-12-24 10:52:37.736161 | GENERATION: 195 | ERRORS: best=1479.0, median=2169.0, diversity=0.475 | INDIVIDUALS: n=200, avg_genome_length=13.55 | VIRUSES: gene_rate=0.225
2021-12-24 10:52:44.624028 | GENERATION: 196 | ERRORS: best=1475.0, median=2169.0, diversity=0.46 | INDIVIDUALS: n=200, avg_genome_length=13.04 | VIRUSES: gene_rate=0.209
2021-12-24 10:52:50.884657 | GENERATION: 197 | ERRORS: best=1471.0, median=2169.0, diversity=0.43 | INDIVIDUALS: n=200, avg_genome_length=13.065 | VIRUSES: gene_rate=0.220
2021-12-24 10:52:56.913307 | GENERATION: 198 | ERRORS: best=1468.0, median=2169.0, diversity=0.44 | INDIVIDUALS: n=200, avg_genome_length=13.275 | VIRUSES: gene_rate=0.160
2021-12-24 10:53:02.110585 | GENERATION: 199 | ERRORS: best=1494.0, median=2169.0, diversity=0.39 | INDIVIDUALS: n=200, avg_genome_length=13.695 | VIRUSES: gene_rate=0.164
2021-12-24 10:53:06.346819 | GENERATION: 200 | ERRORS: best=1523.0, median=2089.0, diversity=0.455 | INDIVIDUALS: n=200, avg_genome_length=14.625 | VIRUSES: gene_rate=0.181
2021-12-24 10:53:12.391113 | GENERATION: 201 | ERRORS: best=1438.0, median=2169.0, diversity=0.505 | INDIVIDUALS: n=200, avg_genome_length=14.865 | VIRUSES: gene_rate=0.189
2021-12-24 10:53:17.480451 | GENERATION: 202 | ERRORS: best=1509.0, median=2169.0, diversity=0.495 | INDIVIDUALS: n=200, avg_genome_length=16.145 | VIRUSES: gene_rate=0.170
2021-12-24 10:53:22.890019 | GENERATION: 203 | ERRORS: best=1440.0, median=2169.0, diversity=0.49 | INDIVIDUALS: n=200, avg_genome_length=15.935 | VIRUSES: gene_rate=0.150
2021-12-24 10:53:28.936247 | GENERATION: 204 | ERRORS: best=1362.0, median=2169.0, diversity=0.505 | INDIVIDUALS: n=200, avg_genome_length=15.585 | VIRUSES: gene_rate=0.141
2021-12-24 10:53:35.044889 | GENERATION: 205 | ERRORS: best=1362.0, median=2169.0, diversity=0.465 | INDIVIDUALS: n=200, avg_genome_length=14.755 | VIRUSES: gene_rate=0.155
2021-12-24 10:53:40.454720 | GENERATION: 206 | ERRORS: best=1362.0, median=2169.0, diversity=0.47 | INDIVIDUALS: n=200, avg_genome_length=14.78 | VIRUSES: gene_rate=0.184
2021-12-24 10:53:46.512469 | GENERATION: 207 | ERRORS: best=1362.0, median=2169.0, diversity=0.47 | INDIVIDUALS: n=200, avg_genome_length=14.915 | VIRUSES: gene_rate=0.191
2021-12-24 10:53:51.350471 | GENERATION: 208 | ERRORS: best=1387.0, median=2169.0, diversity=0.455 | INDIVIDUALS: n=200, avg_genome_length=14.26 | VIRUSES: gene_rate=0.194
2021-12-24 10:53:55.726079 | GENERATION: 209 | ERRORS: best=1483.0, median=2169.0, diversity=0.47 | INDIVIDUALS: n=200, avg_genome_length=13.99 | VIRUSES: gene_rate=0.187
2021-12-24 10:54:01.901859 | GENERATION: 210 | ERRORS: best=1507.0, median=2169.0, diversity=0.515 | INDIVIDUALS: n=200, avg_genome_length=13.765 | VIRUSES: gene_rate=0.208
2021-12-24 10:54:07.526461 | GENERATION: 211 | ERRORS: best=1523.0, median=2169.0, diversity=0.435 | INDIVIDUALS: n=200, avg_genome_length=13.995 | VIRUSES: gene_rate=0.198
2021-12-24 10:54:11.720383 | GENERATION: 212 | ERRORS: best=1469.0, median=2169.0, diversity=0.49 | INDIVIDUALS: n=200, avg_genome_length=13.67 | VIRUSES: gene_rate=0.220
2021-12-24 10:54:17.128083 | GENERATION: 213 | ERRORS: best=1469.0, median=2169.0, diversity=0.455 | INDIVIDUALS: n=200, avg_genome_length=15.125 | VIRUSES: gene_rate=0.170
2021-12-24 10:54:21.215188 | GENERATION: 214 | ERRORS: best=1507.0, median=2169.0, diversity=0.475 | INDIVIDUALS: n=200, avg_genome_length=14.04 | VIRUSES: gene_rate=0.192
2021-12-24 10:54:26.755468 | GENERATION: 215 | ERRORS: best=1479.0, median=2169.0, diversity=0.495 | INDIVIDUALS: n=200, avg_genome_length=14.615 | VIRUSES: gene_rate=0.180
2021-12-24 10:54:32.172991 | GENERATION: 216 | ERRORS: best=1507.0, median=2169.0, diversity=0.53 | INDIVIDUALS: n=200, avg_genome_length=15.06 | VIRUSES: gene_rate=0.172
2021-12-24 10:54:37.054791 | GENERATION: 217 | ERRORS: best=1431.0, median=2169.0, diversity=0.44 | INDIVIDUALS: n=200, avg_genome_length=16.26 | VIRUSES: gene_rate=0.149
2021-12-24 10:54:39.961411 | GENERATION: 218 | ERRORS: best=1565.0, median=2169.0, diversity=0.46 | INDIVIDUALS: n=200, avg_genome_length=15.395 | VIRUSES: gene_rate=0.149
2021-12-24 10:54:43.764410 | GENERATION: 219 | ERRORS: best=1430.0, median=2169.0, diversity=0.5 | INDIVIDUALS: n=200, avg_genome_length=14.42 | VIRUSES: gene_rate=0.154
2021-12-24 10:54:48.287181 | GENERATION: 220 | ERRORS: best=1494.0, median=2169.0, diversity=0.46 | INDIVIDUALS: n=200, avg_genome_length=15.735 | VIRUSES: gene_rate=0.173
2021-12-24 10:54:53.831941 | GENERATION: 221 | ERRORS: best=1485.0, median=2169.0, diversity=0.52 | INDIVIDUALS: n=200, avg_genome_length=14.635 | VIRUSES: gene_rate=0.172
2021-12-24 10:55:00.025533 | GENERATION: 222 | ERRORS: best=1605.0, median=2169.0, diversity=0.505 | INDIVIDUALS: n=200, avg_genome_length=14.715 | VIRUSES: gene_rate=0.192
2021-12-24 10:55:04.963248 | GENERATION: 223 | ERRORS: best=1395.0, median=2169.0, diversity=0.5 | INDIVIDUALS: n=200, avg_genome_length=16.545 | VIRUSES: gene_rate=0.192
2021-12-24 10:55:11.069454 | GENERATION: 224 | ERRORS: best=1470.0, median=2169.0, diversity=0.48 | INDIVIDUALS: n=200, avg_genome_length=17.505 | VIRUSES: gene_rate=0.203
2021-12-24 10:55:16.493546 | GENERATION: 225 | ERRORS: best=1478.0, median=2169.0, diversity=0.505 | INDIVIDUALS: n=200, avg_genome_length=18.22 | VIRUSES: gene_rate=0.168
2021-12-24 10:55:19.228564 | GENERATION: 226 | ERRORS: best=1475.0, median=2169.0, diversity=0.475 | INDIVIDUALS: n=200, avg_genome_length=17.805 | VIRUSES: gene_rate=0.172
2021-12-24 10:55:23.458742 | GENERATION: 227 | ERRORS: best=1475.0, median=2169.0, diversity=0.47 | INDIVIDUALS: n=200, avg_genome_length=16.075 | VIRUSES: gene_rate=0.166
2021-12-24 10:55:27.978368 | GENERATION: 228 | ERRORS: best=1472.0, median=2089.0, diversity=0.53 | INDIVIDUALS: n=200, avg_genome_length=16.52 | VIRUSES: gene_rate=0.192
2021-12-24 10:55:32.654203 | GENERATION: 229 | ERRORS: best=1480.0, median=2169.0, diversity=0.45 | INDIVIDUALS: n=200, avg_genome_length=15.46 | VIRUSES: gene_rate=0.163
2021-12-24 10:55:37.298074 | GENERATION: 230 | ERRORS: best=1442.0, median=2089.0, diversity=0.52 | INDIVIDUALS: n=200, avg_genome_length=16.495 | VIRUSES: gene_rate=0.176
2021-12-24 10:55:42.899242 | GENERATION: 231 | ERRORS: best=1460.0, median=2067.0, diversity=0.53 | INDIVIDUALS: n=200, avg_genome_length=17.565 | VIRUSES: gene_rate=0.192
2021-12-24 10:55:48.546777 | GENERATION: 232 | ERRORS: best=1454.0, median=2088.0, diversity=0.56 | INDIVIDUALS: n=200, avg_genome_length=18.06 | VIRUSES: gene_rate=0.203
2021-12-24 10:55:53.461116 | GENERATION: 233 | ERRORS: best=1354.0, median=2088.0, diversity=0.545 | INDIVIDUALS: n=200, avg_genome_length=18.575 | VIRUSES: gene_rate=0.199
2021-12-24 10:55:58.911265 | GENERATION: 234 | ERRORS: best=1299.0, median=2089.0, diversity=0.555 | INDIVIDUALS: n=200, avg_genome_length=18.835 | VIRUSES: gene_rate=0.192
2021-12-24 10:56:05.879504 | GENERATION: 235 | ERRORS: best=1456.0, median=2106.0, diversity=0.54 | INDIVIDUALS: n=200, avg_genome_length=19.03 | VIRUSES: gene_rate=0.159
2021-12-24 10:56:14.072164 | GENERATION: 236 | ERRORS: best=1456.0, median=2169.0, diversity=0.595 | INDIVIDUALS: n=200, avg_genome_length=16.83 | VIRUSES: gene_rate=0.164
2021-12-24 10:56:23.722589 | GENERATION: 237 | ERRORS: best=1451.0, median=2169.0, diversity=0.625 | INDIVIDUALS: n=200, avg_genome_length=18.335 | VIRUSES: gene_rate=0.128
2021-12-24 10:56:31.495377 | GENERATION: 238 | ERRORS: best=1461.0, median=2169.0, diversity=0.575 | INDIVIDUALS: n=200, avg_genome_length=18.415 | VIRUSES: gene_rate=0.124
2021-12-24 10:56:37.972847 | GENERATION: 239 | ERRORS: best=1475.0, median=2169.0, diversity=0.565 | INDIVIDUALS: n=200, avg_genome_length=20.015 | VIRUSES: gene_rate=0.121
2021-12-24 10:56:44.862769 | GENERATION: 240 | ERRORS: best=1464.0, median=2068.0, diversity=0.575 | INDIVIDUALS: n=200, avg_genome_length=20.08 | VIRUSES: gene_rate=0.123
2021-12-24 10:56:50.629266 | GENERATION: 241 | ERRORS: best=1475.0, median=2088.5, diversity=0.61 | INDIVIDUALS: n=200, avg_genome_length=20.17 | VIRUSES: gene_rate=0.135
2021-12-24 10:56:55.209020 | GENERATION: 242 | ERRORS: best=1476.0, median=2049.0, diversity=0.62 | INDIVIDUALS: n=200, avg_genome_length=19.24 | VIRUSES: gene_rate=0.144
2021-12-24 10:57:00.518408 | GENERATION: 243 | ERRORS: best=1428.0, median=2089.0, diversity=0.615 | INDIVIDUALS: n=200, avg_genome_length=20.05 | VIRUSES: gene_rate=0.170
2021-12-24 10:57:06.973687 | GENERATION: 244 | ERRORS: best=1482.0, median=2146.5, diversity=0.645 | INDIVIDUALS: n=200, avg_genome_length=20.7 | VIRUSES: gene_rate=0.148
2021-12-24 10:57:13.581437 | GENERATION: 245 | ERRORS: best=1468.0, median=2169.0, diversity=0.59 | INDIVIDUALS: n=200, avg_genome_length=20.07 | VIRUSES: gene_rate=0.146
2021-12-24 10:57:19.431919 | GENERATION: 246 | ERRORS: best=1460.0, median=2089.5, diversity=0.635 | INDIVIDUALS: n=200, avg_genome_length=19.9 | VIRUSES: gene_rate=0.136
2021-12-24 10:57:25.391755 | GENERATION: 247 | ERRORS: best=1428.0, median=2049.0, diversity=0.67 | INDIVIDUALS: n=200, avg_genome_length=20.69 | VIRUSES: gene_rate=0.145
2021-12-24 10:57:29.894607 | GENERATION: 248 | ERRORS: best=1456.0, median=2087.5, diversity=0.54 | INDIVIDUALS: n=200, avg_genome_length=19.53 | VIRUSES: gene_rate=0.152
2021-12-24 10:57:33.808295 | GENERATION: 249 | ERRORS: best=1195.0, median=2089.0, diversity=0.56 | INDIVIDUALS: n=200, avg_genome_length=19.145 | VIRUSES: gene_rate=0.168
2021-12-24 10:57:38.989544 | GENERATION: 250 | ERRORS: best=1401.0, median=2090.0, diversity=0.61 | INDIVIDUALS: n=200, avg_genome_length=20.585 | VIRUSES: gene_rate=0.179
2021-12-24 10:57:43.784790 | GENERATION: 251 | ERRORS: best=1387.0, median=2089.5, diversity=0.645 | INDIVIDUALS: n=200, avg_genome_length=20.0 | VIRUSES: gene_rate=0.152
2021-12-24 10:57:49.350389 | GENERATION: 252 | ERRORS: best=1456.0, median=2093.0, diversity=0.635 | INDIVIDUALS: n=200, avg_genome_length=20.19 | VIRUSES: gene_rate=0.154
2021-12-24 10:57:56.118929 | GENERATION: 253 | ERRORS: best=1461.0, median=2169.0, diversity=0.545 | INDIVIDUALS: n=200, avg_genome_length=19.5 | VIRUSES: gene_rate=0.136
2021-12-24 10:58:02.489737 | GENERATION: 254 | ERRORS: best=1465.0, median=2169.0, diversity=0.56 | INDIVIDUALS: n=200, avg_genome_length=18.835 | VIRUSES: gene_rate=0.151
2021-12-24 10:58:07.084946 | GENERATION: 255 | ERRORS: best=1461.0, median=2080.5, diversity=0.565 | INDIVIDUALS: n=200, avg_genome_length=18.195 | VIRUSES: gene_rate=0.137
2021-12-24 10:58:11.718996 | GENERATION: 256 | ERRORS: best=1469.0, median=2057.0, diversity=0.55 | INDIVIDUALS: n=200, avg_genome_length=17.575 | VIRUSES: gene_rate=0.143
2021-12-24 10:58:18.364868 | GENERATION: 257 | ERRORS: best=1467.0, median=2049.0, diversity=0.525 | INDIVIDUALS: n=200, avg_genome_length=16.265 | VIRUSES: gene_rate=0.165
2021-12-24 10:58:23.249400 | GENERATION: 258 | ERRORS: best=1492.0, median=2169.0, diversity=0.515 | INDIVIDUALS: n=200, avg_genome_length=15.9 | VIRUSES: gene_rate=0.158
2021-12-24 10:58:27.887841 | GENERATION: 259 | ERRORS: best=1483.0, median=2049.5, diversity=0.52 | INDIVIDUALS: n=200, avg_genome_length=14.615 | VIRUSES: gene_rate=0.152
2021-12-24 10:58:33.040207 | GENERATION: 260 | ERRORS: best=1424.0, median=2090.0, diversity=0.495 | INDIVIDUALS: n=200, avg_genome_length=15.645 | VIRUSES: gene_rate=0.144
2021-12-24 10:58:39.439920 | GENERATION: 261 | ERRORS: best=1456.0, median=2169.0, diversity=0.505 | INDIVIDUALS: n=200, avg_genome_length=14.57 | VIRUSES: gene_rate=0.162
2021-12-24 10:58:45.865375 | GENERATION: 262 | ERRORS: best=1479.0, median=2096.0, diversity=0.5 | INDIVIDUALS: n=200, avg_genome_length=15.665 | VIRUSES: gene_rate=0.161
2021-12-24 10:58:49.918428 | GENERATION: 263 | ERRORS: best=1472.0, median=2167.0, diversity=0.445 | INDIVIDUALS: n=200, avg_genome_length=16.625 | VIRUSES: gene_rate=0.135
2021-12-24 10:58:54.084958 | GENERATION: 264 | ERRORS: best=1482.0, median=2169.0, diversity=0.425 | INDIVIDUALS: n=200, avg_genome_length=15.035 | VIRUSES: gene_rate=0.137
2021-12-24 10:59:00.624332 | GENERATION: 265 | ERRORS: best=1480.0, median=2061.0, diversity=0.485 | INDIVIDUALS: n=200, avg_genome_length=16.075 | VIRUSES: gene_rate=0.148
2021-12-24 10:59:06.210596 | GENERATION: 266 | ERRORS: best=1459.0, median=2089.0, diversity=0.5 | INDIVIDUALS: n=200, avg_genome_length=14.64 | VIRUSES: gene_rate=0.160
2021-12-24 10:59:11.887334 | GENERATION: 267 | ERRORS: best=1468.0, median=2142.5, diversity=0.51 | INDIVIDUALS: n=200, avg_genome_length=14.375 | VIRUSES: gene_rate=0.181
2021-12-24 10:59:17.249958 | GENERATION: 268 | ERRORS: best=1471.0, median=2049.0, diversity=0.46 | INDIVIDUALS: n=200, avg_genome_length=14.275 | VIRUSES: gene_rate=0.196
2021-12-24 10:59:22.985128 | GENERATION: 269 | ERRORS: best=1469.0, median=2089.0, diversity=0.37 | INDIVIDUALS: n=200, avg_genome_length=15.125 | VIRUSES: gene_rate=0.194
2021-12-24 10:59:29.296667 | GENERATION: 270 | ERRORS: best=1470.0, median=2049.0, diversity=0.46 | INDIVIDUALS: n=200, avg_genome_length=15.115 | VIRUSES: gene_rate=0.225
2021-12-24 10:59:34.862926 | GENERATION: 271 | ERRORS: best=1485.0, median=2049.0, diversity=0.48 | INDIVIDUALS: n=200, avg_genome_length=14.92 | VIRUSES: gene_rate=0.216
2021-12-24 10:59:40.332674 | GENERATION: 272 | ERRORS: best=1422.0, median=2049.0, diversity=0.455 | INDIVIDUALS: n=200, avg_genome_length=14.54 | VIRUSES: gene_rate=0.207
2021-12-24 10:59:46.325043 | GENERATION: 273 | ERRORS: best=1422.0, median=2049.0, diversity=0.43 | INDIVIDUALS: n=200, avg_genome_length=13.555 | VIRUSES: gene_rate=0.188
2021-12-24 10:59:50.250138 | GENERATION: 274 | ERRORS: best=1520.0, median=2089.5, diversity=0.41 | INDIVIDUALS: n=200, avg_genome_length=12.46 | VIRUSES: gene_rate=0.151
2021-12-24 10:59:54.037825 | GENERATION: 275 | ERRORS: best=1484.0, median=2049.0, diversity=0.355 | INDIVIDUALS: n=200, avg_genome_length=11.305 | VIRUSES: gene_rate=0.155
2021-12-24 10:59:57.331936 | GENERATION: 276 | ERRORS: best=1389.0, median=2089.0, diversity=0.445 | INDIVIDUALS: n=200, avg_genome_length=12.1 | VIRUSES: gene_rate=0.150
2021-12-24 11:00:01.804518 | GENERATION: 277 | ERRORS: best=1488.0, median=2049.0, diversity=0.445 | INDIVIDUALS: n=200, avg_genome_length=11.88 | VIRUSES: gene_rate=0.185
2021-12-24 11:00:06.790049 | GENERATION: 278 | ERRORS: best=1421.0, median=2049.0, diversity=0.4 | INDIVIDUALS: n=200, avg_genome_length=12.23 | VIRUSES: gene_rate=0.193
2021-12-24 11:00:12.672579 | GENERATION: 279 | ERRORS: best=1504.0, median=2089.5, diversity=0.45 | INDIVIDUALS: n=200, avg_genome_length=12.245 | VIRUSES: gene_rate=0.217
2021-12-24 11:00:19.684511 | GENERATION: 280 | ERRORS: best=684.0, median=2169.0, diversity=0.535 | INDIVIDUALS: n=200, avg_genome_length=13.135 | VIRUSES: gene_rate=0.261
2021-12-24 11:00:27.204186 | GENERATION: 281 | ERRORS: best=1432.0, median=2169.0, diversity=0.495 | INDIVIDUALS: n=200, avg_genome_length=13.345 | VIRUSES: gene_rate=0.263
2021-12-24 11:00:34.202748 | GENERATION: 282 | ERRORS: best=643.0, median=2169.0, diversity=0.475 | INDIVIDUALS: n=200, avg_genome_length=12.97 | VIRUSES: gene_rate=0.291
2021-12-24 11:00:40.909500 | GENERATION: 283 | ERRORS: best=643.0, median=2169.0, diversity=0.515 | INDIVIDUALS: n=200, avg_genome_length=14.115 | VIRUSES: gene_rate=0.288
2021-12-24 11:00:50.374319 | GENERATION: 284 | ERRORS: best=643.0, median=2169.0, diversity=0.535 | INDIVIDUALS: n=200, avg_genome_length=14.02 | VIRUSES: gene_rate=0.306
2021-12-24 11:00:57.049095 | GENERATION: 285 | ERRORS: best=643.0, median=2169.0, diversity=0.46 | INDIVIDUALS: n=200, avg_genome_length=14.65 | VIRUSES: gene_rate=0.280
2021-12-24 11:01:03.173356 | GENERATION: 286 | ERRORS: best=662.0, median=2169.0, diversity=0.43 | INDIVIDUALS: n=200, avg_genome_length=14.22 | VIRUSES: gene_rate=0.296
2021-12-24 11:01:10.136141 | GENERATION: 287 | ERRORS: best=643.0, median=2169.0, diversity=0.5 | INDIVIDUALS: n=200, avg_genome_length=13.325 | VIRUSES: gene_rate=0.287
2021-12-24 11:01:17.022649 | GENERATION: 288 | ERRORS: best=662.0, median=2169.0, diversity=0.47 | INDIVIDUALS: n=200, avg_genome_length=12.33 | VIRUSES: gene_rate=0.290
2021-12-24 11:01:25.231586 | GENERATION: 289 | ERRORS: best=662.0, median=2169.0, diversity=0.46 | INDIVIDUALS: n=200, avg_genome_length=12.665 | VIRUSES: gene_rate=0.315
2021-12-24 11:01:33.842832 | GENERATION: 290 | ERRORS: best=1479.0, median=2169.0, diversity=0.49 | INDIVIDUALS: n=200, avg_genome_length=12.955 | VIRUSES: gene_rate=0.302
2021-12-24 11:01:40.481498 | GENERATION: 291 | ERRORS: best=1479.0, median=2169.0, diversity=0.395 | INDIVIDUALS: n=200, avg_genome_length=11.97 | VIRUSES: gene_rate=0.315
2021-12-24 11:01:50.100434 | GENERATION: 292 | ERRORS: best=1655.0, median=2169.0, diversity=0.415 | INDIVIDUALS: n=200, avg_genome_length=11.295 | VIRUSES: gene_rate=0.334
2021-12-24 11:01:57.763362 | GENERATION: 293 | ERRORS: best=1398.0, median=2169.0, diversity=0.475 | INDIVIDUALS: n=200, avg_genome_length=11.92 | VIRUSES: gene_rate=0.327
2021-12-24 11:02:07.434567 | GENERATION: 294 | ERRORS: best=1370.0, median=2388.5, diversity=0.45 | INDIVIDUALS: n=200, avg_genome_length=11.37 | VIRUSES: gene_rate=0.335
2021-12-24 11:02:15.191394 | GENERATION: 295 | ERRORS: best=1389.0, median=2169.0, diversity=0.42 | INDIVIDUALS: n=200, avg_genome_length=10.89 | VIRUSES: gene_rate=0.345
2021-12-24 11:02:24.328950 | GENERATION: 296 | ERRORS: best=1366.0, median=2169.0, diversity=0.435 | INDIVIDUALS: n=200, avg_genome_length=11.44 | VIRUSES: gene_rate=0.302
2021-12-24 11:02:33.316669 | GENERATION: 297 | ERRORS: best=1359.0, median=2169.0, diversity=0.46 | INDIVIDUALS: n=200, avg_genome_length=12.12 | VIRUSES: gene_rate=0.282
2021-12-24 11:02:45.341816 | GENERATION: 298 | ERRORS: best=1359.0, median=2169.0, diversity=0.52 | INDIVIDUALS: n=200, avg_genome_length=14.085 | VIRUSES: gene_rate=0.289
2021-12-24 11:02:54.662726 | GENERATION: 299 | ERRORS: best=1359.0, median=1002061.5, diversity=0.405 | INDIVIDUALS: n=200, avg_genome_length=12.135 | VIRUSES: gene_rate=0.431
2021-12-24 11:03:04.769091 | GENERATION: 300 | ERRORS: best=1466.0, median=1002061.5, diversity=0.425 | INDIVIDUALS: n=200, avg_genome_length=11.82 | VIRUSES: gene_rate=0.439
Simplifying genome of length 17 with total error 643.0.
Simplified genome by 2 to length 15.
Simplified genome by 1 to length 14.
Simplified genome by 1 to length 13.
Simplified genome by 1 to length 12.
Simplified genome by 1 to length 11.
Simplified genome by 1 to length 10.
Simplified genome by 1 to length 9.
Simplified genome to length 9 and total error 643.0.
========================================
End Run
========================================
No solution found.
Best Seen Individual
	Genome:
	 pvector([VirusLiteral(value=1, push_type=<pyshgp.push.types.PushIntType object at 0x7f928f004580>), VirusInput(input_index=0), VirusInstructionMeta(name='vector_int_iterate', code_blocks=1), InstructionMeta(name='int_min', code_blocks=0), VirusLiteral(value=2, push_type=<pyshgp.push.types.PushIntType object at 0x7f928f0046d0>), VirusInstructionMeta(name='int_mod', code_blocks=0), InstructionMeta(name='exec_yank_dup', code_blocks=0), VirusInstructionMeta(name='exec_if', code_blocks=2), InstructionMeta(name='int_stack_depth', code_blocks=0)])
	Program:
	 (v1 vinput_0 vvector_int_iterate (int_min v2 vint_mod exec_yank_dup vexec_if (int_stack_depth) ()))
	Error vector:
	 [11.  7.  1.  0. 12.  2.  0.  0.  9.  1.  4.  3.  0.  0.  1.  4.  6.  5.
  1.  3.  1.  0.  1.  1.  1. 11.  0.  2.  2.  2.  7.  9.  1.  0.  2.  1.
  0.  4. 14. 13.  2.  1.  1.  0.  1.  0. 11. 15.  6.  2.  0.  0.  3.  0.
  0.  1.  0. 15.  2.  1.  7.  4.  2.  1.  4.  4.  2.  4.  0.  1.  1.  2.
  0.  0.  0. 10.  1. 18.  3.  4.  6.  4.  9.  0.  4.  6.  8. 11.  3.  0.
  1.  1.  4. 11.  0.  7.  0.  0. 10.  2.  1.  1.  8.  4.  6.  3. 10.  0.
  4.  5.  0.  1.  3.  0.  0.  4.  4.  5.  1.  2.  1.  1.  3.  1.  2.  1.
  2.  2. 15.  0.  1.  8.  0.  2.  0.  0.  0.  0. 17.  2.  0.  0. 12.  2.
  7.  8.  3.  9.  0.  4.  6.  3.  7.  0.  2.  2.  3.  4.  4.  3.  2.  1.
  1.  0.  0.  0.  0.  0.  2.  0.  0.  1.  1.  6.  7.  1.  2.  1.  0.  3.
 11.  6.  2.  6.  2.  5.  6.  1.  9.  0.  0.  0.  3.  3.  1.  0.  0.  3.
  0.  0.]
	Total error:
	 643.0
	Test error:
	 7152.0
	Time:
	 00:46:31
