Included 32 edge cases.
Included 168 random cases.
Included 200 cases in total.
Finished formatting.
Included 0 edge cases.
Included 2000 random cases.
Included 2000 cases in total.
Finished formatting.
========================================
Setup
========================================
Search Configuration:
signature: ProgramSignature(output_stacks=['int'], arity=1, push_config=PushConfig(numeric_magnitude_limit=1000000000000.0, step_limit=1500, collection_size_cap=1000, growth_cap=500, runtime_limit=10))
evaluator: <pyshgp.gp.evaluation.DatasetEvaluator object at 0x7fbc56414370>
spawner: <pyshgp.gp.genome.GeneSpawner object at 0x7fbc56423370>
population_size: 200
max_generations: 300
error_threshold: 0.0
initial_genome_size: (50, 250)
simplification_steps: 500
parallel_context: <pyshgp.gp.search.ParallelContext object at 0x7fbc56414d30>
selection: <pyshgp.utils.DiscreteProbDistrib object at 0x7fbc1b2294c0>
variation: <pyshgp.utils.DiscreteProbDistrib object at 0x7fbc17ff0dc0>
Instructions:
int_add, int_sub, int_mult, int_div, int_mod, int_min, int_max, int_inc, int_dec, int_lt, int_lte, int_gt, int_gte, int_from_bool, bool_and, bool_or, bool_not, bool_xor, bool_invert_first_then_and, bool_second_first_then_and, bool_from_int, noop, noop_open, exec_do_range, exec_do_count, exec_while, exec_do_while, exec_if, exec_when, vector_int_concat, vector_int_conj, vector_int_take, vector_int_subvec, vector_int_first, vector_int_last, vector_int_nth, vector_int_rest, vector_int_but_last, vector_int_length, vector_int_reverse, vector_int_push_all, vector_int_empty_vector, vector_int_contains, vector_int_index_of, vector_int_occurrences_of, vector_int_set_nth, vector_int_replace, vector_int_replace_first, vector_int_remove, vector_int_iterate, print_bool, println_bool, print_int, println_int, print_vector_int, println_vector_int, print_exec, println_exec, bool_pop, bool_dup, bool_dup_times, bool_swap, bool_rot, bool_flush, bool_eq, bool_stack_depth, bool_yank, bool_yank_dup, bool_shove, bool_shove_dup, bool_is_empty, int_pop, int_dup, int_dup_times, int_swap, int_rot, int_flush, int_eq, int_stack_depth, int_yank, int_yank_dup, int_shove, int_shove_dup, int_is_empty, vector_int_pop, vector_int_dup, vector_int_dup_times, vector_int_swap, vector_int_rot, vector_int_flush, vector_int_eq, vector_int_stack_depth, vector_int_yank, vector_int_yank_dup, vector_int_shove, vector_int_shove_dup, vector_int_is_empty, exec_pop, exec_dup, exec_dup_times, exec_swap, exec_rot, exec_flush, exec_eq, exec_stack_depth, exec_yank, exec_yank_dup, exec_shove, exec_shove_dup, exec_is_empty
Literals:
[Literal(value=0, push_type=<pyshgp.push.types.PushIntType object at 0x7fbc56564340>), Literal(value=1, push_type=<pyshgp.push.types.PushIntType object at 0x7fbc56564340>), Literal(value=2, push_type=<pyshgp.push.types.PushIntType object at 0x7fbc56564340>)]
ERC Generators:
[<function rand_int at 0x7fbc186bb1f0>]
========================================
Start Run
========================================
2021-12-17 08:48:50.467452 | GENERATION: 1 | ERRORS: best=2074.0, median=199000001.0, diversity=0.03 | INDIVIDUALS: n=200, avg_genome_length=145.94
2021-12-17 08:49:00.552252 | GENERATION: 2 | ERRORS: best=1948.0, median=26454.0, diversity=0.15 | INDIVIDUALS: n=200, avg_genome_length=130.935
2021-12-17 08:49:11.055322 | GENERATION: 3 | ERRORS: best=1938.0, median=655971.5, diversity=0.245 | INDIVIDUALS: n=200, avg_genome_length=124.245
2021-12-17 08:49:23.365220 | GENERATION: 4 | ERRORS: best=1938.0, median=5072.0, diversity=0.38 | INDIVIDUALS: n=200, avg_genome_length=114.595
2021-12-17 08:49:35.525442 | GENERATION: 5 | ERRORS: best=1634.0, median=1089457.0, diversity=0.445 | INDIVIDUALS: n=200, avg_genome_length=131.635
2021-12-17 08:49:47.523053 | GENERATION: 6 | ERRORS: best=1778.0, median=89108.5, diversity=0.61 | INDIVIDUALS: n=200, avg_genome_length=141.84
2021-12-17 08:49:58.379294 | GENERATION: 7 | ERRORS: best=1611.0, median=7215.5, diversity=0.545 | INDIVIDUALS: n=200, avg_genome_length=138.325
2021-12-17 08:50:10.732480 | GENERATION: 8 | ERRORS: best=1676.0, median=2262.5, diversity=0.535 | INDIVIDUALS: n=200, avg_genome_length=138.905
2021-12-17 08:50:22.760340 | GENERATION: 9 | ERRORS: best=1830.0, median=2452.0, diversity=0.505 | INDIVIDUALS: n=200, avg_genome_length=135.52
2021-12-17 08:50:33.073196 | GENERATION: 10 | ERRORS: best=1478.0, median=2905.0, diversity=0.515 | INDIVIDUALS: n=200, avg_genome_length=134.43
2021-12-17 08:50:43.245705 | GENERATION: 11 | ERRORS: best=1460.0, median=2354.0, diversity=0.46 | INDIVIDUALS: n=200, avg_genome_length=132.34
2021-12-17 08:50:54.183950 | GENERATION: 12 | ERRORS: best=1488.0, median=2736.0, diversity=0.47 | INDIVIDUALS: n=200, avg_genome_length=131.655
2021-12-17 08:51:03.401042 | GENERATION: 13 | ERRORS: best=1482.0, median=2736.0, diversity=0.385 | INDIVIDUALS: n=200, avg_genome_length=131.775
2021-12-17 08:51:11.916279 | GENERATION: 14 | ERRORS: best=1479.0, median=2334.0, diversity=0.43 | INDIVIDUALS: n=200, avg_genome_length=129.075
2021-12-17 08:51:20.491803 | GENERATION: 15 | ERRORS: best=1479.0, median=2530.0, diversity=0.525 | INDIVIDUALS: n=200, avg_genome_length=130.215
2021-12-17 08:51:32.394711 | GENERATION: 16 | ERRORS: best=1479.0, median=2530.0, diversity=0.54 | INDIVIDUALS: n=200, avg_genome_length=131.86
2021-12-17 08:51:42.144128 | GENERATION: 17 | ERRORS: best=1711.0, median=3208.0, diversity=0.53 | INDIVIDUALS: n=200, avg_genome_length=128.26
2021-12-17 08:51:50.840076 | GENERATION: 18 | ERRORS: best=1872.0, median=4083.0, diversity=0.56 | INDIVIDUALS: n=200, avg_genome_length=124.54
2021-12-17 08:52:01.405549 | GENERATION: 19 | ERRORS: best=1742.0, median=3338.0, diversity=0.59 | INDIVIDUALS: n=200, avg_genome_length=124.15
2021-12-17 08:52:11.297872 | GENERATION: 20 | ERRORS: best=1506.0, median=2804.5, diversity=0.53 | INDIVIDUALS: n=200, avg_genome_length=122.16
2021-12-17 08:52:22.213419 | GENERATION: 21 | ERRORS: best=1794.0, median=2419.0, diversity=0.61 | INDIVIDUALS: n=200, avg_genome_length=126.88
2021-12-17 08:52:35.146241 | GENERATION: 22 | ERRORS: best=1669.0, median=4033.5, diversity=0.555 | INDIVIDUALS: n=200, avg_genome_length=127.76
2021-12-17 08:52:48.572696 | GENERATION: 23 | ERRORS: best=1598.0, median=7860.5, diversity=0.61 | INDIVIDUALS: n=200, avg_genome_length=128.425
2021-12-17 08:53:03.872869 | GENERATION: 24 | ERRORS: best=1462.0, median=5072.0, diversity=0.565 | INDIVIDUALS: n=200, avg_genome_length=123.45
2021-12-17 08:53:19.481491 | GENERATION: 25 | ERRORS: best=1447.0, median=6851.0, diversity=0.61 | INDIVIDUALS: n=200, avg_genome_length=121.77
2021-12-17 08:53:33.730564 | GENERATION: 26 | ERRORS: best=1462.0, median=5522.0, diversity=0.655 | INDIVIDUALS: n=200, avg_genome_length=121.32
2021-12-17 08:53:46.497705 | GENERATION: 27 | ERRORS: best=1478.0, median=3762.0, diversity=0.535 | INDIVIDUALS: n=200, avg_genome_length=119.97
2021-12-17 08:53:56.648939 | GENERATION: 28 | ERRORS: best=1479.0, median=2267.0, diversity=0.575 | INDIVIDUALS: n=200, avg_genome_length=117.585
2021-12-17 08:54:07.653861 | GENERATION: 29 | ERRORS: best=1479.0, median=2262.0, diversity=0.585 | INDIVIDUALS: n=200, avg_genome_length=117.46
2021-12-17 08:54:19.494037 | GENERATION: 30 | ERRORS: best=1457.0, median=2877.0, diversity=0.575 | INDIVIDUALS: n=200, avg_genome_length=116.775
2021-12-17 08:54:32.548006 | GENERATION: 31 | ERRORS: best=1478.0, median=2905.0, diversity=0.58 | INDIVIDUALS: n=200, avg_genome_length=115.445
2021-12-17 08:54:46.864321 | GENERATION: 32 | ERRORS: best=1471.0, median=2328.0, diversity=0.57 | INDIVIDUALS: n=200, avg_genome_length=116.83
2021-12-17 08:54:58.391075 | GENERATION: 33 | ERRORS: best=1468.0, median=3492.5, diversity=0.55 | INDIVIDUALS: n=200, avg_genome_length=113.35
2021-12-17 08:55:17.451846 | GENERATION: 34 | ERRORS: best=1480.0, median=2536.0, diversity=0.58 | INDIVIDUALS: n=200, avg_genome_length=112.97
2021-12-17 08:55:28.415587 | GENERATION: 35 | ERRORS: best=1478.0, median=2394.0, diversity=0.54 | INDIVIDUALS: n=200, avg_genome_length=106.85
2021-12-17 08:55:43.287325 | GENERATION: 36 | ERRORS: best=1452.0, median=3335.0, diversity=0.605 | INDIVIDUALS: n=200, avg_genome_length=105.76
2021-12-17 08:55:51.946563 | GENERATION: 37 | ERRORS: best=1456.0, median=2451.0, diversity=0.645 | INDIVIDUALS: n=200, avg_genome_length=102.125
2021-12-17 08:56:01.123670 | GENERATION: 38 | ERRORS: best=1462.0, median=2262.0, diversity=0.635 | INDIVIDUALS: n=200, avg_genome_length=100.305
2021-12-17 08:56:10.371783 | GENERATION: 39 | ERRORS: best=1459.0, median=2262.0, diversity=0.625 | INDIVIDUALS: n=200, avg_genome_length=97.09
2021-12-17 08:56:18.409195 | GENERATION: 40 | ERRORS: best=1479.0, median=2423.5, diversity=0.595 | INDIVIDUALS: n=200, avg_genome_length=94.105
2021-12-17 08:56:27.111991 | GENERATION: 41 | ERRORS: best=1479.0, median=2262.0, diversity=0.575 | INDIVIDUALS: n=200, avg_genome_length=90.375
2021-12-17 08:56:36.421613 | GENERATION: 42 | ERRORS: best=1488.0, median=2262.0, diversity=0.615 | INDIVIDUALS: n=200, avg_genome_length=88.515
2021-12-17 08:56:44.758024 | GENERATION: 43 | ERRORS: best=1456.0, median=2262.0, diversity=0.575 | INDIVIDUALS: n=200, avg_genome_length=85.425
2021-12-17 08:56:52.313108 | GENERATION: 44 | ERRORS: best=1455.0, median=2246.0, diversity=0.585 | INDIVIDUALS: n=200, avg_genome_length=85.365
2021-12-17 08:57:01.727521 | GENERATION: 45 | ERRORS: best=1455.0, median=2262.0, diversity=0.625 | INDIVIDUALS: n=200, avg_genome_length=85.165
2021-12-17 08:57:26.544944 | GENERATION: 46 | ERRORS: best=1478.0, median=2353.0, diversity=0.575 | INDIVIDUALS: n=200, avg_genome_length=83.28
2021-12-17 08:57:35.151798 | GENERATION: 47 | ERRORS: best=1440.0, median=2262.0, diversity=0.62 | INDIVIDUALS: n=200, avg_genome_length=81.105
2021-12-17 08:57:42.535997 | GENERATION: 48 | ERRORS: best=1456.0, median=2262.0, diversity=0.515 | INDIVIDUALS: n=200, avg_genome_length=80.6
2021-12-17 08:57:50.378250 | GENERATION: 49 | ERRORS: best=1456.0, median=2262.0, diversity=0.56 | INDIVIDUALS: n=200, avg_genome_length=77.975
2021-12-17 08:57:58.160448 | GENERATION: 50 | ERRORS: best=1471.0, median=2262.0, diversity=0.55 | INDIVIDUALS: n=200, avg_genome_length=73.53
2021-12-17 08:58:05.801188 | GENERATION: 51 | ERRORS: best=1459.0, median=2262.0, diversity=0.595 | INDIVIDUALS: n=200, avg_genome_length=76.175
2021-12-17 08:58:13.348236 | GENERATION: 52 | ERRORS: best=1479.0, median=2258.0, diversity=0.54 | INDIVIDUALS: n=200, avg_genome_length=72.735
2021-12-17 08:58:24.197353 | GENERATION: 53 | ERRORS: best=1478.0, median=2262.0, diversity=0.54 | INDIVIDUALS: n=200, avg_genome_length=71.65
2021-12-17 08:58:32.355565 | GENERATION: 54 | ERRORS: best=1478.0, median=2262.0, diversity=0.545 | INDIVIDUALS: n=200, avg_genome_length=68.215
2021-12-17 08:58:39.799056 | GENERATION: 55 | ERRORS: best=1457.0, median=2262.0, diversity=0.52 | INDIVIDUALS: n=200, avg_genome_length=64.63
2021-12-17 08:58:48.160535 | GENERATION: 56 | ERRORS: best=1471.0, median=2262.0, diversity=0.505 | INDIVIDUALS: n=200, avg_genome_length=62.665
2021-12-17 08:58:57.195640 | GENERATION: 57 | ERRORS: best=1479.0, median=2262.0, diversity=0.53 | INDIVIDUALS: n=200, avg_genome_length=64.88
2021-12-17 08:59:03.629315 | GENERATION: 58 | ERRORS: best=1459.0, median=2262.0, diversity=0.54 | INDIVIDUALS: n=200, avg_genome_length=61.08
2021-12-17 08:59:09.767811 | GENERATION: 59 | ERRORS: best=1459.0, median=2262.0, diversity=0.535 | INDIVIDUALS: n=200, avg_genome_length=58.135
2021-12-17 08:59:17.620206 | GENERATION: 60 | ERRORS: best=1488.0, median=2276.0, diversity=0.47 | INDIVIDUALS: n=200, avg_genome_length=55.96
2021-12-17 08:59:22.889060 | GENERATION: 61 | ERRORS: best=1478.0, median=2262.0, diversity=0.47 | INDIVIDUALS: n=200, avg_genome_length=51.715
2021-12-17 08:59:27.851149 | GENERATION: 62 | ERRORS: best=1471.0, median=2262.0, diversity=0.465 | INDIVIDUALS: n=200, avg_genome_length=51.35
2021-12-17 08:59:33.460155 | GENERATION: 63 | ERRORS: best=1475.0, median=2262.0, diversity=0.54 | INDIVIDUALS: n=200, avg_genome_length=50.525
2021-12-17 08:59:39.702040 | GENERATION: 64 | ERRORS: best=1489.0, median=2262.0, diversity=0.535 | INDIVIDUALS: n=200, avg_genome_length=49.615
2021-12-17 08:59:45.367528 | GENERATION: 65 | ERRORS: best=1459.0, median=2262.0, diversity=0.55 | INDIVIDUALS: n=200, avg_genome_length=48.05
2021-12-17 08:59:50.623834 | GENERATION: 66 | ERRORS: best=1526.0, median=2262.0, diversity=0.47 | INDIVIDUALS: n=200, avg_genome_length=44.715
2021-12-17 08:59:56.953729 | GENERATION: 67 | ERRORS: best=1506.0, median=2262.0, diversity=0.53 | INDIVIDUALS: n=200, avg_genome_length=45.92
2021-12-17 09:00:07.775020 | GENERATION: 68 | ERRORS: best=1479.0, median=2262.0, diversity=0.505 | INDIVIDUALS: n=200, avg_genome_length=43.595
2021-12-17 09:00:14.317251 | GENERATION: 69 | ERRORS: best=1441.0, median=2256.5, diversity=0.535 | INDIVIDUALS: n=200, avg_genome_length=44.585
2021-12-17 09:00:20.480774 | GENERATION: 70 | ERRORS: best=1462.0, median=2204.0, diversity=0.515 | INDIVIDUALS: n=200, avg_genome_length=44.395
2021-12-17 09:00:26.650575 | GENERATION: 71 | ERRORS: best=1456.0, median=2258.5, diversity=0.49 | INDIVIDUALS: n=200, avg_genome_length=43.28
2021-12-17 09:00:33.496173 | GENERATION: 72 | ERRORS: best=1462.0, median=2251.5, diversity=0.535 | INDIVIDUALS: n=200, avg_genome_length=42.68
2021-12-17 09:00:40.691350 | GENERATION: 73 | ERRORS: best=1462.0, median=2262.0, diversity=0.51 | INDIVIDUALS: n=200, avg_genome_length=40.83
2021-12-17 09:00:48.051992 | GENERATION: 74 | ERRORS: best=1457.0, median=2204.5, diversity=0.565 | INDIVIDUALS: n=200, avg_genome_length=43.765
2021-12-17 09:00:53.477155 | GENERATION: 75 | ERRORS: best=1457.0, median=2260.0, diversity=0.625 | INDIVIDUALS: n=200, avg_genome_length=45.37
2021-12-17 09:00:58.926121 | GENERATION: 76 | ERRORS: best=1444.0, median=2204.0, diversity=0.575 | INDIVIDUALS: n=200, avg_genome_length=44.59
2021-12-17 09:01:04.622664 | GENERATION: 77 | ERRORS: best=1471.0, median=2204.0, diversity=0.57 | INDIVIDUALS: n=200, avg_genome_length=42.7
2021-12-17 09:01:10.070182 | GENERATION: 78 | ERRORS: best=1462.0, median=2204.0, diversity=0.565 | INDIVIDUALS: n=200, avg_genome_length=38.59
2021-12-17 09:01:16.616765 | GENERATION: 79 | ERRORS: best=1435.0, median=2235.0, diversity=0.6 | INDIVIDUALS: n=200, avg_genome_length=36.73
2021-12-17 09:01:23.342013 | GENERATION: 80 | ERRORS: best=1435.0, median=2262.0, diversity=0.55 | INDIVIDUALS: n=200, avg_genome_length=38.25
2021-12-17 09:01:31.990791 | GENERATION: 81 | ERRORS: best=1416.0, median=2262.0, diversity=0.55 | INDIVIDUALS: n=200, avg_genome_length=39.53
2021-12-17 09:01:39.147375 | GENERATION: 82 | ERRORS: best=1416.0, median=2262.0, diversity=0.515 | INDIVIDUALS: n=200, avg_genome_length=37.81
2021-12-17 09:01:46.050145 | GENERATION: 83 | ERRORS: best=1416.0, median=2228.5, diversity=0.515 | INDIVIDUALS: n=200, avg_genome_length=36.875
2021-12-17 09:01:52.257512 | GENERATION: 84 | ERRORS: best=1416.0, median=2262.0, diversity=0.61 | INDIVIDUALS: n=200, avg_genome_length=38.155
2021-12-17 09:02:05.813819 | GENERATION: 85 | ERRORS: best=1422.0, median=2262.0, diversity=0.605 | INDIVIDUALS: n=200, avg_genome_length=40.465
2021-12-17 09:02:12.949853 | GENERATION: 86 | ERRORS: best=1416.0, median=2262.0, diversity=0.475 | INDIVIDUALS: n=200, avg_genome_length=38.87
2021-12-17 09:02:20.249827 | GENERATION: 87 | ERRORS: best=1425.0, median=2204.0, diversity=0.54 | INDIVIDUALS: n=200, avg_genome_length=39.01
2021-12-17 09:02:26.071804 | GENERATION: 88 | ERRORS: best=1426.0, median=2212.0, diversity=0.53 | INDIVIDUALS: n=200, avg_genome_length=42.275
2021-12-17 09:02:32.020656 | GENERATION: 89 | ERRORS: best=1416.0, median=2204.0, diversity=0.57 | INDIVIDUALS: n=200, avg_genome_length=44.305
2021-12-17 09:02:39.900824 | GENERATION: 90 | ERRORS: best=1426.0, median=2204.0, diversity=0.535 | INDIVIDUALS: n=200, avg_genome_length=46.19
2021-12-17 09:02:54.439529 | GENERATION: 91 | ERRORS: best=1453.0, median=2262.0, diversity=0.565 | INDIVIDUALS: n=200, avg_genome_length=47.475
2021-12-17 09:03:07.627861 | GENERATION: 92 | ERRORS: best=1526.0, median=2258.5, diversity=0.59 | INDIVIDUALS: n=200, avg_genome_length=51.65
2021-12-17 09:03:18.622065 | GENERATION: 93 | ERRORS: best=1450.0, median=2259.5, diversity=0.645 | INDIVIDUALS: n=200, avg_genome_length=48.99
2021-12-17 09:03:31.281677 | GENERATION: 94 | ERRORS: best=1434.0, median=2204.0, diversity=0.59 | INDIVIDUALS: n=200, avg_genome_length=48.88
2021-12-17 09:03:40.631772 | GENERATION: 95 | ERRORS: best=1539.0, median=2262.0, diversity=0.635 | INDIVIDUALS: n=200, avg_genome_length=49.69
2021-12-17 09:03:48.105748 | GENERATION: 96 | ERRORS: best=1539.0, median=2262.0, diversity=0.555 | INDIVIDUALS: n=200, avg_genome_length=46.885
2021-12-17 09:03:55.438109 | GENERATION: 97 | ERRORS: best=1434.0, median=2204.0, diversity=0.595 | INDIVIDUALS: n=200, avg_genome_length=42.35
2021-12-17 09:04:02.436582 | GENERATION: 98 | ERRORS: best=1431.0, median=2262.0, diversity=0.545 | INDIVIDUALS: n=200, avg_genome_length=44.145
2021-12-17 09:04:10.257651 | GENERATION: 99 | ERRORS: best=1431.0, median=2262.0, diversity=0.575 | INDIVIDUALS: n=200, avg_genome_length=44.215
2021-12-17 09:04:17.509228 | GENERATION: 100 | ERRORS: best=1433.0, median=2262.0, diversity=0.555 | INDIVIDUALS: n=200, avg_genome_length=42.3
2021-12-17 09:04:25.070850 | GENERATION: 101 | ERRORS: best=1498.0, median=2236.5, diversity=0.59 | INDIVIDUALS: n=200, avg_genome_length=41.355
2021-12-17 09:04:31.272864 | GENERATION: 102 | ERRORS: best=1516.0, median=2213.0, diversity=0.56 | INDIVIDUALS: n=200, avg_genome_length=39.635
2021-12-17 09:04:38.203549 | GENERATION: 103 | ERRORS: best=1487.0, median=2262.0, diversity=0.57 | INDIVIDUALS: n=200, avg_genome_length=40.11
2021-12-17 09:04:45.186694 | GENERATION: 104 | ERRORS: best=1543.0, median=2262.0, diversity=0.555 | INDIVIDUALS: n=200, avg_genome_length=40.575
2021-12-17 09:04:55.006985 | GENERATION: 105 | ERRORS: best=1488.0, median=2261.5, diversity=0.66 | INDIVIDUALS: n=200, avg_genome_length=43.545
2021-12-17 09:05:00.463303 | GENERATION: 106 | ERRORS: best=1433.0, median=2226.0, diversity=0.57 | INDIVIDUALS: n=200, avg_genome_length=43.405
2021-12-17 09:05:07.969906 | GENERATION: 107 | ERRORS: best=1433.0, median=2343.5, diversity=0.605 | INDIVIDUALS: n=200, avg_genome_length=42.57
2021-12-17 09:05:15.120018 | GENERATION: 108 | ERRORS: best=1656.0, median=2337.0, diversity=0.555 | INDIVIDUALS: n=200, avg_genome_length=41.695
2021-12-17 09:05:30.064255 | GENERATION: 109 | ERRORS: best=1482.0, median=2262.0, diversity=0.6 | INDIVIDUALS: n=200, avg_genome_length=43.475
2021-12-17 09:05:36.950513 | GENERATION: 110 | ERRORS: best=1468.0, median=2252.5, diversity=0.575 | INDIVIDUALS: n=200, avg_genome_length=42.59
2021-12-17 09:05:43.431963 | GENERATION: 111 | ERRORS: best=1720.0, median=2213.5, diversity=0.535 | INDIVIDUALS: n=200, avg_genome_length=43.555
2021-12-17 09:05:51.220190 | GENERATION: 112 | ERRORS: best=1584.0, median=2204.0, diversity=0.545 | INDIVIDUALS: n=200, avg_genome_length=42.99
2021-12-17 09:05:57.878232 | GENERATION: 113 | ERRORS: best=1761.0, median=2262.0, diversity=0.64 | INDIVIDUALS: n=200, avg_genome_length=39.495
2021-12-17 09:06:04.113330 | GENERATION: 114 | ERRORS: best=1698.0, median=2262.0, diversity=0.595 | INDIVIDUALS: n=200, avg_genome_length=37.09
2021-12-17 09:06:10.213831 | GENERATION: 115 | ERRORS: best=1709.0, median=2262.0, diversity=0.575 | INDIVIDUALS: n=200, avg_genome_length=36.815
2021-12-17 09:06:16.668110 | GENERATION: 116 | ERRORS: best=1769.0, median=2262.0, diversity=0.52 | INDIVIDUALS: n=200, avg_genome_length=36.695
2021-12-17 09:06:25.463191 | GENERATION: 117 | ERRORS: best=1737.0, median=2402.5, diversity=0.56 | INDIVIDUALS: n=200, avg_genome_length=36.16
2021-12-17 09:06:29.970847 | GENERATION: 118 | ERRORS: best=1682.0, median=2262.0, diversity=0.52 | INDIVIDUALS: n=200, avg_genome_length=36.945
2021-12-17 09:06:36.195356 | GENERATION: 119 | ERRORS: best=1072.0, median=2262.0, diversity=0.545 | INDIVIDUALS: n=200, avg_genome_length=33.22
2021-12-17 09:06:41.743021 | GENERATION: 120 | ERRORS: best=1747.0, median=2205.0, diversity=0.565 | INDIVIDUALS: n=200, avg_genome_length=31.975
2021-12-17 09:06:48.473533 | GENERATION: 121 | ERRORS: best=1693.0, median=2458.5, diversity=0.59 | INDIVIDUALS: n=200, avg_genome_length=30.415
2021-12-17 09:06:55.411346 | GENERATION: 122 | ERRORS: best=1693.0, median=2262.0, diversity=0.595 | INDIVIDUALS: n=200, avg_genome_length=33.285
2021-12-17 09:07:08.417150 | GENERATION: 123 | ERRORS: best=1667.0, median=2765.5, diversity=0.6 | INDIVIDUALS: n=200, avg_genome_length=29.59
2021-12-17 09:07:15.032419 | GENERATION: 124 | ERRORS: best=1692.0, median=2262.0, diversity=0.525 | INDIVIDUALS: n=200, avg_genome_length=28.465
2021-12-17 09:07:21.629191 | GENERATION: 125 | ERRORS: best=1651.0, median=2262.0, diversity=0.485 | INDIVIDUALS: n=200, avg_genome_length=26.145
2021-12-17 09:07:29.143911 | GENERATION: 126 | ERRORS: best=1684.0, median=13718.5, diversity=0.53 | INDIVIDUALS: n=200, avg_genome_length=25.645
2021-12-17 09:07:36.563814 | GENERATION: 127 | ERRORS: best=1694.0, median=2368.0, diversity=0.49 | INDIVIDUALS: n=200, avg_genome_length=24.37
2021-12-17 09:07:43.562193 | GENERATION: 128 | ERRORS: best=1688.0, median=2262.0, diversity=0.58 | INDIVIDUALS: n=200, avg_genome_length=25.54
2021-12-17 09:07:49.645021 | GENERATION: 129 | ERRORS: best=1699.0, median=2262.0, diversity=0.585 | INDIVIDUALS: n=200, avg_genome_length=25.51
2021-12-17 09:07:54.975879 | GENERATION: 130 | ERRORS: best=1678.0, median=2262.0, diversity=0.53 | INDIVIDUALS: n=200, avg_genome_length=23.915
2021-12-17 09:08:01.839589 | GENERATION: 131 | ERRORS: best=1638.0, median=2795.0, diversity=0.585 | INDIVIDUALS: n=200, avg_genome_length=21.865
2021-12-17 09:08:07.722759 | GENERATION: 132 | ERRORS: best=1660.0, median=2262.0, diversity=0.56 | INDIVIDUALS: n=200, avg_genome_length=19.955
2021-12-17 09:08:12.757693 | GENERATION: 133 | ERRORS: best=1641.0, median=2262.0, diversity=0.46 | INDIVIDUALS: n=200, avg_genome_length=19.565
2021-12-17 09:08:19.006088 | GENERATION: 134 | ERRORS: best=1631.0, median=2262.0, diversity=0.55 | INDIVIDUALS: n=200, avg_genome_length=19.01
2021-12-17 09:08:24.294294 | GENERATION: 135 | ERRORS: best=1641.0, median=2262.0, diversity=0.605 | INDIVIDUALS: n=200, avg_genome_length=18.875
2021-12-17 09:08:30.935958 | GENERATION: 136 | ERRORS: best=1636.0, median=2262.0, diversity=0.525 | INDIVIDUALS: n=200, avg_genome_length=18.895
2021-12-17 09:08:36.911636 | GENERATION: 137 | ERRORS: best=1551.0, median=2204.0, diversity=0.54 | INDIVIDUALS: n=200, avg_genome_length=18.225
2021-12-17 09:08:43.004231 | GENERATION: 138 | ERRORS: best=1628.0, median=2262.0, diversity=0.555 | INDIVIDUALS: n=200, avg_genome_length=18.075
2021-12-17 09:08:48.949346 | GENERATION: 139 | ERRORS: best=1642.0, median=2262.0, diversity=0.52 | INDIVIDUALS: n=200, avg_genome_length=18.995
2021-12-17 09:08:54.836465 | GENERATION: 140 | ERRORS: best=1642.0, median=2218.0, diversity=0.51 | INDIVIDUALS: n=200, avg_genome_length=18.605
2021-12-17 09:08:58.221063 | GENERATION: 141 | ERRORS: best=1628.0, median=2204.0, diversity=0.505 | INDIVIDUALS: n=200, avg_genome_length=16.92
2021-12-17 09:09:02.005566 | GENERATION: 142 | ERRORS: best=1635.0, median=2220.0, diversity=0.46 | INDIVIDUALS: n=200, avg_genome_length=16.52
2021-12-17 09:09:07.375177 | GENERATION: 143 | ERRORS: best=1636.0, median=2262.0, diversity=0.475 | INDIVIDUALS: n=200, avg_genome_length=16.72
2021-12-17 09:09:12.892884 | GENERATION: 144 | ERRORS: best=1631.0, median=2262.0, diversity=0.405 | INDIVIDUALS: n=200, avg_genome_length=15.44
2021-12-17 09:09:17.743353 | GENERATION: 145 | ERRORS: best=1628.0, median=2262.0, diversity=0.485 | INDIVIDUALS: n=200, avg_genome_length=15.985
2021-12-17 09:09:22.307238 | GENERATION: 146 | ERRORS: best=1628.0, median=2262.0, diversity=0.395 | INDIVIDUALS: n=200, avg_genome_length=15.435
2021-12-17 09:09:27.901424 | GENERATION: 147 | ERRORS: best=1647.0, median=2262.0, diversity=0.46 | INDIVIDUALS: n=200, avg_genome_length=14.485
2021-12-17 09:09:32.967520 | GENERATION: 148 | ERRORS: best=1624.0, median=2262.0, diversity=0.425 | INDIVIDUALS: n=200, avg_genome_length=15.04
2021-12-17 09:09:38.012224 | GENERATION: 149 | ERRORS: best=1646.0, median=2262.0, diversity=0.505 | INDIVIDUALS: n=200, avg_genome_length=15.195
2021-12-17 09:09:43.069616 | GENERATION: 150 | ERRORS: best=1669.0, median=2262.0, diversity=0.55 | INDIVIDUALS: n=200, avg_genome_length=15.445
2021-12-17 09:09:48.486067 | GENERATION: 151 | ERRORS: best=1635.0, median=2262.0, diversity=0.465 | INDIVIDUALS: n=200, avg_genome_length=16.59
2021-12-17 09:09:54.714641 | GENERATION: 152 | ERRORS: best=1636.0, median=2240.0, diversity=0.435 | INDIVIDUALS: n=200, avg_genome_length=15.895
2021-12-17 09:10:00.435685 | GENERATION: 153 | ERRORS: best=1630.0, median=2344.0, diversity=0.525 | INDIVIDUALS: n=200, avg_genome_length=15.69
2021-12-17 09:10:05.854203 | GENERATION: 154 | ERRORS: best=1646.0, median=2204.0, diversity=0.465 | INDIVIDUALS: n=200, avg_genome_length=15.685
2021-12-17 09:10:11.204457 | GENERATION: 155 | ERRORS: best=1643.0, median=2204.0, diversity=0.43 | INDIVIDUALS: n=200, avg_genome_length=13.335
2021-12-17 09:10:16.163155 | GENERATION: 156 | ERRORS: best=1636.0, median=2218.0, diversity=0.445 | INDIVIDUALS: n=200, avg_genome_length=12.75
2021-12-17 09:10:21.040847 | GENERATION: 157 | ERRORS: best=1632.0, median=2204.0, diversity=0.42 | INDIVIDUALS: n=200, avg_genome_length=12.97
2021-12-17 09:10:26.587951 | GENERATION: 158 | ERRORS: best=1639.0, median=2262.0, diversity=0.375 | INDIVIDUALS: n=200, avg_genome_length=13.765
2021-12-17 09:10:33.040209 | GENERATION: 159 | ERRORS: best=1631.0, median=2211.0, diversity=0.49 | INDIVIDUALS: n=200, avg_genome_length=15.38
2021-12-17 09:10:38.665952 | GENERATION: 160 | ERRORS: best=1629.0, median=2204.0, diversity=0.495 | INDIVIDUALS: n=200, avg_genome_length=14.465
2021-12-17 09:10:44.577997 | GENERATION: 161 | ERRORS: best=1629.0, median=2204.0, diversity=0.47 | INDIVIDUALS: n=200, avg_genome_length=16.03
2021-12-17 09:10:48.424936 | GENERATION: 162 | ERRORS: best=1646.0, median=2204.0, diversity=0.44 | INDIVIDUALS: n=200, avg_genome_length=13.79
2021-12-17 09:10:51.813293 | GENERATION: 163 | ERRORS: best=1646.0, median=2204.0, diversity=0.4 | INDIVIDUALS: n=200, avg_genome_length=13.985
2021-12-17 09:10:56.065118 | GENERATION: 164 | ERRORS: best=1645.0, median=2204.0, diversity=0.405 | INDIVIDUALS: n=200, avg_genome_length=13.53
2021-12-17 09:11:00.052495 | GENERATION: 165 | ERRORS: best=1645.0, median=2204.0, diversity=0.395 | INDIVIDUALS: n=200, avg_genome_length=12.935
2021-12-17 09:11:03.813608 | GENERATION: 166 | ERRORS: best=1630.0, median=2204.0, diversity=0.365 | INDIVIDUALS: n=200, avg_genome_length=13.48
2021-12-17 09:11:08.437189 | GENERATION: 167 | ERRORS: best=1634.0, median=2204.0, diversity=0.44 | INDIVIDUALS: n=200, avg_genome_length=13.655
2021-12-17 09:11:11.288345 | GENERATION: 168 | ERRORS: best=1641.0, median=2262.0, diversity=0.41 | INDIVIDUALS: n=200, avg_genome_length=13.405
2021-12-17 09:11:16.214653 | GENERATION: 169 | ERRORS: best=1652.0, median=2204.0, diversity=0.36 | INDIVIDUALS: n=200, avg_genome_length=12.63
2021-12-17 09:11:20.759049 | GENERATION: 170 | ERRORS: best=1648.0, median=2262.0, diversity=0.35 | INDIVIDUALS: n=200, avg_genome_length=12.06
2021-12-17 09:11:23.655681 | GENERATION: 171 | ERRORS: best=1662.0, median=2262.0, diversity=0.38 | INDIVIDUALS: n=200, avg_genome_length=11.84
2021-12-17 09:11:27.076764 | GENERATION: 172 | ERRORS: best=1648.0, median=2204.0, diversity=0.36 | INDIVIDUALS: n=200, avg_genome_length=12.065
2021-12-17 09:11:33.399673 | GENERATION: 173 | ERRORS: best=1624.0, median=2262.0, diversity=0.31 | INDIVIDUALS: n=200, avg_genome_length=11.61
2021-12-17 09:11:39.451223 | GENERATION: 174 | ERRORS: best=1624.0, median=2262.0, diversity=0.45 | INDIVIDUALS: n=200, avg_genome_length=14.545
2021-12-17 09:11:45.251780 | GENERATION: 175 | ERRORS: best=1632.0, median=2204.0, diversity=0.385 | INDIVIDUALS: n=200, avg_genome_length=15.155
2021-12-17 09:11:49.995386 | GENERATION: 176 | ERRORS: best=1644.0, median=2261.5, diversity=0.41 | INDIVIDUALS: n=200, avg_genome_length=14.63
2021-12-17 09:11:53.359317 | GENERATION: 177 | ERRORS: best=1639.0, median=2204.0, diversity=0.335 | INDIVIDUALS: n=200, avg_genome_length=13.44
2021-12-17 09:12:00.665679 | GENERATION: 178 | ERRORS: best=1641.0, median=2204.0, diversity=0.41 | INDIVIDUALS: n=200, avg_genome_length=14.69
2021-12-17 09:12:04.861147 | GENERATION: 179 | ERRORS: best=1466.0, median=2204.0, diversity=0.365 | INDIVIDUALS: n=200, avg_genome_length=13.1
2021-12-17 09:12:09.230436 | GENERATION: 180 | ERRORS: best=1466.0, median=2204.0, diversity=0.385 | INDIVIDUALS: n=200, avg_genome_length=12.54
2021-12-17 09:12:12.667391 | GENERATION: 181 | ERRORS: best=1632.0, median=2262.0, diversity=0.32 | INDIVIDUALS: n=200, avg_genome_length=11.375
2021-12-17 09:12:17.134893 | GENERATION: 182 | ERRORS: best=1662.0, median=2262.0, diversity=0.305 | INDIVIDUALS: n=200, avg_genome_length=10.82
2021-12-17 09:12:22.317828 | GENERATION: 183 | ERRORS: best=1666.0, median=2262.0, diversity=0.31 | INDIVIDUALS: n=200, avg_genome_length=10.1
2021-12-17 09:12:25.573357 | GENERATION: 184 | ERRORS: best=1666.0, median=2262.0, diversity=0.3 | INDIVIDUALS: n=200, avg_genome_length=9.81
2021-12-17 09:12:30.433455 | GENERATION: 185 | ERRORS: best=1694.0, median=2262.0, diversity=0.305 | INDIVIDUALS: n=200, avg_genome_length=10.07
2021-12-17 09:12:36.096758 | GENERATION: 186 | ERRORS: best=1655.0, median=2262.0, diversity=0.27 | INDIVIDUALS: n=200, avg_genome_length=10.25
2021-12-17 09:12:40.092064 | GENERATION: 187 | ERRORS: best=1641.0, median=2262.0, diversity=0.35 | INDIVIDUALS: n=200, avg_genome_length=11.13
2021-12-17 09:12:45.695370 | GENERATION: 188 | ERRORS: best=1641.0, median=2262.0, diversity=0.395 | INDIVIDUALS: n=200, avg_genome_length=11.435
2021-12-17 09:12:51.141512 | GENERATION: 189 | ERRORS: best=1650.0, median=2262.0, diversity=0.405 | INDIVIDUALS: n=200, avg_genome_length=12.525
2021-12-17 09:12:54.372430 | GENERATION: 190 | ERRORS: best=1640.0, median=2262.0, diversity=0.39 | INDIVIDUALS: n=200, avg_genome_length=12.64
2021-12-17 09:12:59.969270 | GENERATION: 191 | ERRORS: best=1668.0, median=2262.0, diversity=0.41 | INDIVIDUALS: n=200, avg_genome_length=11.945
2021-12-17 09:13:05.743371 | GENERATION: 192 | ERRORS: best=1668.0, median=2262.0, diversity=0.37 | INDIVIDUALS: n=200, avg_genome_length=11.68
2021-12-17 09:13:12.458795 | GENERATION: 193 | ERRORS: best=1711.0, median=2262.0, diversity=0.39 | INDIVIDUALS: n=200, avg_genome_length=11.12
2021-12-17 09:13:18.710666 | GENERATION: 194 | ERRORS: best=1709.0, median=2262.0, diversity=0.395 | INDIVIDUALS: n=200, avg_genome_length=10.63
2021-12-17 09:13:23.196400 | GENERATION: 195 | ERRORS: best=1711.0, median=2262.0, diversity=0.44 | INDIVIDUALS: n=200, avg_genome_length=12.34
2021-12-17 09:13:29.716342 | GENERATION: 196 | ERRORS: best=1772.0, median=2262.0, diversity=0.4 | INDIVIDUALS: n=200, avg_genome_length=13.145
2021-12-17 09:13:35.667855 | GENERATION: 197 | ERRORS: best=1717.0, median=2262.0, diversity=0.435 | INDIVIDUALS: n=200, avg_genome_length=13.625
2021-12-17 09:13:41.057307 | GENERATION: 198 | ERRORS: best=1725.0, median=2262.0, diversity=0.455 | INDIVIDUALS: n=200, avg_genome_length=13.865
2021-12-17 09:13:46.803156 | GENERATION: 199 | ERRORS: best=1716.0, median=2262.0, diversity=0.475 | INDIVIDUALS: n=200, avg_genome_length=13.78
2021-12-17 09:13:54.049589 | GENERATION: 200 | ERRORS: best=1682.0, median=2262.0, diversity=0.41 | INDIVIDUALS: n=200, avg_genome_length=13.705
2021-12-17 09:13:59.384696 | GENERATION: 201 | ERRORS: best=1702.0, median=2262.0, diversity=0.395 | INDIVIDUALS: n=200, avg_genome_length=11.585
2021-12-17 09:14:04.420802 | GENERATION: 202 | ERRORS: best=1696.0, median=2262.0, diversity=0.42 | INDIVIDUALS: n=200, avg_genome_length=12.725
2021-12-17 09:14:07.120548 | GENERATION: 203 | ERRORS: best=1771.0, median=2262.0, diversity=0.33 | INDIVIDUALS: n=200, avg_genome_length=12.65
2021-12-17 09:14:11.150363 | GENERATION: 204 | ERRORS: best=1693.0, median=2262.0, diversity=0.33 | INDIVIDUALS: n=200, avg_genome_length=11.965
2021-12-17 09:14:18.533216 | GENERATION: 205 | ERRORS: best=1681.0, median=2262.0, diversity=0.385 | INDIVIDUALS: n=200, avg_genome_length=11.845
2021-12-17 09:14:22.238947 | GENERATION: 206 | ERRORS: best=1669.0, median=2262.0, diversity=0.395 | INDIVIDUALS: n=200, avg_genome_length=12.015
2021-12-17 09:14:28.107236 | GENERATION: 207 | ERRORS: best=1663.0, median=2262.0, diversity=0.465 | INDIVIDUALS: n=200, avg_genome_length=13.415
2021-12-17 09:14:33.419333 | GENERATION: 208 | ERRORS: best=1695.0, median=2262.0, diversity=0.42 | INDIVIDUALS: n=200, avg_genome_length=14.26
2021-12-17 09:14:38.548185 | GENERATION: 209 | ERRORS: best=1662.0, median=2262.0, diversity=0.425 | INDIVIDUALS: n=200, avg_genome_length=14.57
2021-12-17 09:14:42.375780 | GENERATION: 210 | ERRORS: best=1474.0, median=2262.0, diversity=0.415 | INDIVIDUALS: n=200, avg_genome_length=13.74
2021-12-17 09:14:46.991050 | GENERATION: 211 | ERRORS: best=1474.0, median=2262.0, diversity=0.42 | INDIVIDUALS: n=200, avg_genome_length=13.73
2021-12-17 09:14:52.245946 | GENERATION: 212 | ERRORS: best=1492.0, median=2262.0, diversity=0.41 | INDIVIDUALS: n=200, avg_genome_length=15.43
2021-12-17 09:14:58.985279 | GENERATION: 213 | ERRORS: best=1647.0, median=2262.0, diversity=0.53 | INDIVIDUALS: n=200, avg_genome_length=16.99
2021-12-17 09:15:04.174535 | GENERATION: 214 | ERRORS: best=1513.0, median=2262.0, diversity=0.415 | INDIVIDUALS: n=200, avg_genome_length=16.935
2021-12-17 09:15:09.070349 | GENERATION: 215 | ERRORS: best=1517.0, median=2262.0, diversity=0.48 | INDIVIDUALS: n=200, avg_genome_length=17.295
2021-12-17 09:15:17.346727 | GENERATION: 216 | ERRORS: best=1619.0, median=2262.0, diversity=0.565 | INDIVIDUALS: n=200, avg_genome_length=17.825
2021-12-17 09:15:23.885076 | GENERATION: 217 | ERRORS: best=693.0, median=2262.0, diversity=0.525 | INDIVIDUALS: n=200, avg_genome_length=17.835
2021-12-17 09:15:31.365974 | GENERATION: 218 | ERRORS: best=693.0, median=2262.0, diversity=0.505 | INDIVIDUALS: n=200, avg_genome_length=18.335
2021-12-17 09:15:37.432227 | GENERATION: 219 | ERRORS: best=693.0, median=2209.5, diversity=0.545 | INDIVIDUALS: n=200, avg_genome_length=19.13
2021-12-17 09:15:45.416988 | GENERATION: 220 | ERRORS: best=693.0, median=2262.0, diversity=0.515 | INDIVIDUALS: n=200, avg_genome_length=17.03
2021-12-17 09:15:51.429949 | GENERATION: 221 | ERRORS: best=693.0, median=2262.0, diversity=0.485 | INDIVIDUALS: n=200, avg_genome_length=14.79
2021-12-17 09:15:57.375736 | GENERATION: 222 | ERRORS: best=1638.0, median=2262.0, diversity=0.495 | INDIVIDUALS: n=200, avg_genome_length=16.28
2021-12-17 09:16:01.744694 | GENERATION: 223 | ERRORS: best=693.0, median=2262.0, diversity=0.515 | INDIVIDUALS: n=200, avg_genome_length=18.165
2021-12-17 09:16:08.334786 | GENERATION: 224 | ERRORS: best=1508.0, median=2205.0, diversity=0.575 | INDIVIDUALS: n=200, avg_genome_length=18.765
2021-12-17 09:16:16.136587 | GENERATION: 225 | ERRORS: best=695.0, median=2262.0, diversity=0.55 | INDIVIDUALS: n=200, avg_genome_length=17.68
2021-12-17 09:16:23.481506 | GENERATION: 226 | ERRORS: best=695.0, median=2262.0, diversity=0.52 | INDIVIDUALS: n=200, avg_genome_length=16.82
2021-12-17 09:16:29.021936 | GENERATION: 227 | ERRORS: best=1634.0, median=2262.0, diversity=0.475 | INDIVIDUALS: n=200, avg_genome_length=15.69
2021-12-17 09:16:36.017364 | GENERATION: 228 | ERRORS: best=693.0, median=2262.0, diversity=0.495 | INDIVIDUALS: n=200, avg_genome_length=16.575
2021-12-17 09:16:40.834739 | GENERATION: 229 | ERRORS: best=1482.0, median=2262.0, diversity=0.475 | INDIVIDUALS: n=200, avg_genome_length=17.42
2021-12-17 09:16:47.840103 | GENERATION: 230 | ERRORS: best=1417.0, median=2262.0, diversity=0.46 | INDIVIDUALS: n=200, avg_genome_length=16.02
2021-12-17 09:16:54.799525 | GENERATION: 231 | ERRORS: best=1416.0, median=2262.0, diversity=0.44 | INDIVIDUALS: n=200, avg_genome_length=15.17
2021-12-17 09:17:00.167864 | GENERATION: 232 | ERRORS: best=1416.0, median=2262.0, diversity=0.425 | INDIVIDUALS: n=200, avg_genome_length=15.66
2021-12-17 09:17:05.672794 | GENERATION: 233 | ERRORS: best=1418.0, median=2262.0, diversity=0.39 | INDIVIDUALS: n=200, avg_genome_length=16.01
2021-12-17 09:17:11.824736 | GENERATION: 234 | ERRORS: best=1416.0, median=2262.0, diversity=0.415 | INDIVIDUALS: n=200, avg_genome_length=15.37
2021-12-17 09:17:16.831588 | GENERATION: 235 | ERRORS: best=1416.0, median=2262.0, diversity=0.385 | INDIVIDUALS: n=200, avg_genome_length=13.9
2021-12-17 09:17:21.689609 | GENERATION: 236 | ERRORS: best=1416.0, median=2262.0, diversity=0.38 | INDIVIDUALS: n=200, avg_genome_length=14.555
2021-12-17 09:17:27.394417 | GENERATION: 237 | ERRORS: best=1416.0, median=2262.0, diversity=0.43 | INDIVIDUALS: n=200, avg_genome_length=13.85
2021-12-17 09:17:34.206445 | GENERATION: 238 | ERRORS: best=1416.0, median=2262.0, diversity=0.43 | INDIVIDUALS: n=200, avg_genome_length=13.715
2021-12-17 09:17:40.341958 | GENERATION: 239 | ERRORS: best=1416.0, median=2262.0, diversity=0.37 | INDIVIDUALS: n=200, avg_genome_length=13.465
2021-12-17 09:17:46.310065 | GENERATION: 240 | ERRORS: best=1416.0, median=2262.0, diversity=0.35 | INDIVIDUALS: n=200, avg_genome_length=12.835
2021-12-17 09:17:52.475781 | GENERATION: 241 | ERRORS: best=1418.0, median=2262.0, diversity=0.32 | INDIVIDUALS: n=200, avg_genome_length=11.71
2021-12-17 09:17:56.076348 | GENERATION: 242 | ERRORS: best=1418.0, median=2262.0, diversity=0.315 | INDIVIDUALS: n=200, avg_genome_length=11.31
2021-12-17 09:18:01.868957 | GENERATION: 243 | ERRORS: best=1418.0, median=2262.0, diversity=0.41 | INDIVIDUALS: n=200, avg_genome_length=12.615
2021-12-17 09:18:06.245401 | GENERATION: 244 | ERRORS: best=1416.0, median=2262.0, diversity=0.365 | INDIVIDUALS: n=200, avg_genome_length=13.055
2021-12-17 09:18:11.110208 | GENERATION: 245 | ERRORS: best=1416.0, median=2262.0, diversity=0.355 | INDIVIDUALS: n=200, avg_genome_length=11.615
2021-12-17 09:18:14.217454 | GENERATION: 246 | ERRORS: best=1625.0, median=2262.0, diversity=0.35 | INDIVIDUALS: n=200, avg_genome_length=12.56
2021-12-17 09:18:16.789249 | GENERATION: 247 | ERRORS: best=1625.0, median=2262.0, diversity=0.305 | INDIVIDUALS: n=200, avg_genome_length=12.57
2021-12-17 09:18:22.872467 | GENERATION: 248 | ERRORS: best=1654.0, median=2262.0, diversity=0.37 | INDIVIDUALS: n=200, avg_genome_length=13.02
2021-12-17 09:18:28.780933 | GENERATION: 249 | ERRORS: best=1651.0, median=2262.0, diversity=0.4 | INDIVIDUALS: n=200, avg_genome_length=14.055
2021-12-17 09:18:34.192897 | GENERATION: 250 | ERRORS: best=1632.0, median=2262.0, diversity=0.41 | INDIVIDUALS: n=200, avg_genome_length=14.24
2021-12-17 09:18:39.411424 | GENERATION: 251 | ERRORS: best=1649.0, median=2262.0, diversity=0.355 | INDIVIDUALS: n=200, avg_genome_length=13.53
2021-12-17 09:18:45.175223 | GENERATION: 252 | ERRORS: best=1697.0, median=2262.0, diversity=0.385 | INDIVIDUALS: n=200, avg_genome_length=13.565
2021-12-17 09:18:50.303586 | GENERATION: 253 | ERRORS: best=1599.0, median=2262.0, diversity=0.39 | INDIVIDUALS: n=200, avg_genome_length=12.285
2021-12-17 09:18:54.606628 | GENERATION: 254 | ERRORS: best=1646.0, median=2262.0, diversity=0.38 | INDIVIDUALS: n=200, avg_genome_length=10.76
2021-12-17 09:18:59.539336 | GENERATION: 255 | ERRORS: best=1568.0, median=2262.0, diversity=0.435 | INDIVIDUALS: n=200, avg_genome_length=13.6
2021-12-17 09:19:03.940253 | GENERATION: 256 | ERRORS: best=1645.0, median=2262.0, diversity=0.425 | INDIVIDUALS: n=200, avg_genome_length=12.565
2021-12-17 09:19:09.331355 | GENERATION: 257 | ERRORS: best=1586.0, median=2262.0, diversity=0.51 | INDIVIDUALS: n=200, avg_genome_length=13.54
2021-12-17 09:19:13.958632 | GENERATION: 258 | ERRORS: best=1618.0, median=2262.0, diversity=0.5 | INDIVIDUALS: n=200, avg_genome_length=15.235
2021-12-17 09:19:18.243631 | GENERATION: 259 | ERRORS: best=1647.0, median=2204.0, diversity=0.435 | INDIVIDUALS: n=200, avg_genome_length=15.18
2021-12-17 09:19:22.879038 | GENERATION: 260 | ERRORS: best=1646.0, median=2262.0, diversity=0.38 | INDIVIDUALS: n=200, avg_genome_length=15.44
2021-12-17 09:19:27.978907 | GENERATION: 261 | ERRORS: best=1638.0, median=2262.0, diversity=0.335 | INDIVIDUALS: n=200, avg_genome_length=14.085
2021-12-17 09:19:32.685993 | GENERATION: 262 | ERRORS: best=1652.0, median=2262.0, diversity=0.4 | INDIVIDUALS: n=200, avg_genome_length=13.885
2021-12-17 09:19:37.118836 | GENERATION: 263 | ERRORS: best=1642.0, median=2262.0, diversity=0.43 | INDIVIDUALS: n=200, avg_genome_length=12.925
2021-12-17 09:19:42.275788 | GENERATION: 264 | ERRORS: best=1667.0, median=2249.0, diversity=0.465 | INDIVIDUALS: n=200, avg_genome_length=14.765
2021-12-17 09:19:47.185883 | GENERATION: 265 | ERRORS: best=1630.0, median=2262.0, diversity=0.455 | INDIVIDUALS: n=200, avg_genome_length=14.885
2021-12-17 09:19:52.962123 | GENERATION: 266 | ERRORS: best=1448.0, median=2262.0, diversity=0.39 | INDIVIDUALS: n=200, avg_genome_length=13.745
2021-12-17 09:19:57.992334 | GENERATION: 267 | ERRORS: best=1447.0, median=2262.0, diversity=0.42 | INDIVIDUALS: n=200, avg_genome_length=13.8
2021-12-17 09:20:03.009440 | GENERATION: 268 | ERRORS: best=1693.0, median=2262.0, diversity=0.315 | INDIVIDUALS: n=200, avg_genome_length=13.345
2021-12-17 09:20:08.476665 | GENERATION: 269 | ERRORS: best=1710.0, median=2262.0, diversity=0.415 | INDIVIDUALS: n=200, avg_genome_length=13.795
2021-12-17 09:20:13.941678 | GENERATION: 270 | ERRORS: best=1696.0, median=2262.0, diversity=0.38 | INDIVIDUALS: n=200, avg_genome_length=13.695
2021-12-17 09:20:17.984863 | GENERATION: 271 | ERRORS: best=1696.0, median=2262.0, diversity=0.35 | INDIVIDUALS: n=200, avg_genome_length=13.075
2021-12-17 09:20:20.610971 | GENERATION: 272 | ERRORS: best=1717.0, median=2262.0, diversity=0.375 | INDIVIDUALS: n=200, avg_genome_length=12.88
2021-12-17 09:20:25.552763 | GENERATION: 273 | ERRORS: best=1717.0, median=2262.0, diversity=0.37 | INDIVIDUALS: n=200, avg_genome_length=13.46
2021-12-17 09:20:30.914727 | GENERATION: 274 | ERRORS: best=1684.0, median=2262.0, diversity=0.305 | INDIVIDUALS: n=200, avg_genome_length=12.665
2021-12-17 09:20:35.320217 | GENERATION: 275 | ERRORS: best=1684.0, median=2262.0, diversity=0.305 | INDIVIDUALS: n=200, avg_genome_length=12.455
2021-12-17 09:20:40.427091 | GENERATION: 276 | ERRORS: best=1658.0, median=2262.0, diversity=0.34 | INDIVIDUALS: n=200, avg_genome_length=12.695
2021-12-17 09:20:42.932198 | GENERATION: 277 | ERRORS: best=1658.0, median=2262.0, diversity=0.355 | INDIVIDUALS: n=200, avg_genome_length=14.025
2021-12-17 09:20:46.998558 | GENERATION: 278 | ERRORS: best=1643.0, median=2262.0, diversity=0.415 | INDIVIDUALS: n=200, avg_genome_length=14.005
2021-12-17 09:20:51.771745 | GENERATION: 279 | ERRORS: best=1653.0, median=2262.0, diversity=0.41 | INDIVIDUALS: n=200, avg_genome_length=13.64
2021-12-17 09:20:57.574509 | GENERATION: 280 | ERRORS: best=1642.0, median=2262.0, diversity=0.4 | INDIVIDUALS: n=200, avg_genome_length=14.125
2021-12-17 09:21:02.701817 | GENERATION: 281 | ERRORS: best=1647.0, median=2204.0, diversity=0.405 | INDIVIDUALS: n=200, avg_genome_length=14.85
2021-12-17 09:21:06.241609 | GENERATION: 282 | ERRORS: best=1647.0, median=2262.0, diversity=0.46 | INDIVIDUALS: n=200, avg_genome_length=17.645
2021-12-17 09:21:10.705864 | GENERATION: 283 | ERRORS: best=1633.0, median=2205.5, diversity=0.525 | INDIVIDUALS: n=200, avg_genome_length=17.82
2021-12-17 09:21:15.719550 | GENERATION: 284 | ERRORS: best=1629.0, median=2262.0, diversity=0.445 | INDIVIDUALS: n=200, avg_genome_length=17.08
2021-12-17 09:21:20.450914 | GENERATION: 285 | ERRORS: best=1626.0, median=2204.0, diversity=0.43 | INDIVIDUALS: n=200, avg_genome_length=16.345
2021-12-17 09:21:33.360390 | GENERATION: 286 | ERRORS: best=1651.0, median=2262.0, diversity=0.495 | INDIVIDUALS: n=200, avg_genome_length=16.335
2021-12-17 09:21:37.875933 | GENERATION: 287 | ERRORS: best=1629.0, median=2262.0, diversity=0.42 | INDIVIDUALS: n=200, avg_genome_length=15.6
2021-12-17 09:21:43.053410 | GENERATION: 288 | ERRORS: best=1642.0, median=2262.0, diversity=0.43 | INDIVIDUALS: n=200, avg_genome_length=14.18
2021-12-17 09:21:48.804647 | GENERATION: 289 | ERRORS: best=1646.0, median=2262.0, diversity=0.505 | INDIVIDUALS: n=200, avg_genome_length=14.26
2021-12-17 09:21:54.334882 | GENERATION: 290 | ERRORS: best=1638.0, median=2204.0, diversity=0.385 | INDIVIDUALS: n=200, avg_genome_length=13.89
2021-12-17 09:21:58.993682 | GENERATION: 291 | ERRORS: best=1626.0, median=2142.0, diversity=0.37 | INDIVIDUALS: n=200, avg_genome_length=12.9
2021-12-17 09:22:04.306979 | GENERATION: 292 | ERRORS: best=1623.0, median=2262.0, diversity=0.46 | INDIVIDUALS: n=200, avg_genome_length=13.38
2021-12-17 09:22:09.548086 | GENERATION: 293 | ERRORS: best=1630.0, median=2262.0, diversity=0.44 | INDIVIDUALS: n=200, avg_genome_length=12.885
2021-12-17 09:22:15.149173 | GENERATION: 294 | ERRORS: best=1630.0, median=2262.0, diversity=0.44 | INDIVIDUALS: n=200, avg_genome_length=13.375
2021-12-17 09:22:20.353785 | GENERATION: 295 | ERRORS: best=1634.0, median=2262.0, diversity=0.52 | INDIVIDUALS: n=200, avg_genome_length=14.07
2021-12-17 09:22:24.989090 | GENERATION: 296 | ERRORS: best=1626.0, median=2262.0, diversity=0.395 | INDIVIDUALS: n=200, avg_genome_length=12.81
2021-12-17 09:22:29.982384 | GENERATION: 297 | ERRORS: best=1642.0, median=2233.5, diversity=0.47 | INDIVIDUALS: n=200, avg_genome_length=14.055
2021-12-17 09:22:34.477282 | GENERATION: 298 | ERRORS: best=1657.0, median=2204.0, diversity=0.455 | INDIVIDUALS: n=200, avg_genome_length=13.685
2021-12-17 09:22:39.330659 | GENERATION: 299 | ERRORS: best=1626.0, median=2262.0, diversity=0.45 | INDIVIDUALS: n=200, avg_genome_length=13.375
2021-12-17 09:22:44.495638 | GENERATION: 300 | ERRORS: best=1628.0, median=2262.0, diversity=0.405 | INDIVIDUALS: n=200, avg_genome_length=13.95
Simplifying genome of length 21 with total error 693.0.
Simplified genome by 1 to length 20.
Simplified genome by 1 to length 19.
Simplified genome by 1 to length 18.
Simplified genome by 3 to length 15.
Simplified genome by 1 to length 14.
Simplified genome by 1 to length 13.
Simplified genome by 1 to length 12.
Simplified genome by 1 to length 11.
Simplified genome by 1 to length 10.
Simplified genome by 1 to length 9.
Simplified genome by 1 to length 8.
Simplified genome to length 8 and total error 693.0.
========================================
End Run
========================================
No solution found.
Best Seen Individual
	Genome:
	 pvector([Literal(value=0, push_type=<pyshgp.push.types.PushIntType object at 0x7fbc1801e580>), Input(input_index=0), InstructionMeta(name='vector_int_iterate', code_blocks=1), Literal(value=2, push_type=<pyshgp.push.types.PushIntType object at 0x7fbc17854880>), InstructionMeta(name='int_mod', code_blocks=0), InstructionMeta(name='exec_yank_dup', code_blocks=0), InstructionMeta(name='int_mod', code_blocks=0), InstructionMeta(name='int_stack_depth', code_blocks=0)])
	Program:
	 (0 input_0 vector_int_iterate (2 int_mod exec_yank_dup int_mod int_stack_depth))
	Error vector:
	 [ 1. 18.  0.  0.  1.  4.  0.  1. 10.  0.  4.  0.  0. 12. 11.  0.  6.  1.
  6.  0.  3.  0. 11.  5.  5.  1. 12.  1.  2. 13.  1.  0. 10.  6.  0.  1.
  2.  1.  1. 16.  1.  0.  1.  8.  1.  0. 16.  1.  0.  1.  4.  8.  0.  0.
  5.  0.  4.  1.  0. 11.  0.  2.  3.  1.  6.  2. 11.  1.  0.  6.  0.  6.
  2.  1.  0.  3.  1. 12.  1.  9.  3.  4. 18.  0.  0.  0.  0.  0.  0.  1.
  0.  5. 10.  1.  0.  1.  1.  1.  1.  1.  0.  1.  1.  1.  2.  1.  3.  7.
  6.  2.  1.  0. 21.  0.  4.  3. 14. 11.  2.  0.  5.  1.  7.  1.  8.  6.
  3.  0.  8.  0.  0.  0.  1.  1.  1.  0.  8.  4.  0. 15.  7. 14.  6.  9.
  0.  1.  5.  0.  5.  2.  5.  0.  1. 12.  0. 14.  0.  1.  1.  6.  9.  4.
  1.  7.  7.  2.  0.  1.  3.  0.  0.  0.  0.  1.  0.  0. 10.  0.  1. 16.
  0.  2. 17.  0.  0.  0.  1.  0.  1.  1.  1.  1.  5. 10.  0. 11.  0.  0.
  0.  1.]
	Total error:
	 693.0
	Test error:
	 8336.0
	Time:
	 00:37:38
