Included 32 edge cases.
Included 168 random cases.
Included 200 cases in total.
Finished formatting.
Included 0 edge cases.
Included 2000 random cases.
Included 2000 cases in total.
Finished formatting.
========================================
Setup
========================================
Search Configuration:
signature: ProgramSignature(arity=1, push_config=PushConfig(numeric_magnitude_limit=1000000000000.0, growth_cap=500, collection_size_cap=1000, runtime_limit=10, step_limit=1500), output_stacks=['int'])
evaluator: <pyshgp.gp.evaluation.DatasetEvaluator object at 0x7f9486cb7be0>
spawner: <pyshgp.gp.genome.GeneSpawner object at 0x7f9486d43430>
population_size: 200
max_generations: 300
error_threshold: 0.0
initial_genome_size: (50, 250)
simplification_steps: 500
parallel_context: <pyshgp.gp.search.ParallelContext object at 0x7f9486cb7730>
selection: <pyshgp.utils.DiscreteProbDistrib object at 0x7f9447972400>
variation: <pyshgp.utils.DiscreteProbDistrib object at 0x7f9447972a00>
Instructions:
int_add, int_sub, int_mult, int_div, int_mod, int_min, int_max, int_inc, int_dec, int_lt, int_lte, int_gt, int_gte, int_from_bool, bool_and, bool_or, bool_not, bool_xor, bool_invert_first_then_and, bool_second_first_then_and, bool_from_int, noop, noop_open, exec_do_range, exec_do_count, exec_while, exec_do_while, exec_if, exec_when, vector_int_concat, vector_int_conj, vector_int_take, vector_int_subvec, vector_int_first, vector_int_last, vector_int_nth, vector_int_rest, vector_int_but_last, vector_int_length, vector_int_reverse, vector_int_push_all, vector_int_empty_vector, vector_int_contains, vector_int_index_of, vector_int_occurrences_of, vector_int_set_nth, vector_int_replace, vector_int_replace_first, vector_int_remove, vector_int_iterate, print_bool, println_bool, print_int, println_int, print_vector_int, println_vector_int, print_exec, println_exec, bool_pop, bool_dup, bool_dup_times, bool_swap, bool_rot, bool_flush, bool_eq, bool_stack_depth, bool_yank, bool_yank_dup, bool_shove, bool_shove_dup, bool_is_empty, int_pop, int_dup, int_dup_times, int_swap, int_rot, int_flush, int_eq, int_stack_depth, int_yank, int_yank_dup, int_shove, int_shove_dup, int_is_empty, vector_int_pop, vector_int_dup, vector_int_dup_times, vector_int_swap, vector_int_rot, vector_int_flush, vector_int_eq, vector_int_stack_depth, vector_int_yank, vector_int_yank_dup, vector_int_shove, vector_int_shove_dup, vector_int_is_empty, exec_pop, exec_dup, exec_dup_times, exec_swap, exec_rot, exec_flush, exec_eq, exec_stack_depth, exec_yank, exec_yank_dup, exec_shove, exec_shove_dup, exec_is_empty
Literals:
[Literal(value=0, push_type=<pyshgp.push.types.PushIntType object at 0x7f9486dfe730>), Literal(value=1, push_type=<pyshgp.push.types.PushIntType object at 0x7f9486dfe730>), Literal(value=2, push_type=<pyshgp.push.types.PushIntType object at 0x7f9486dfe730>)]
ERC Generators:
[<function rand_int at 0x7f9448f4eaf0>]
========================================
Start Run
========================================
2021-12-21 17:09:32.422978 | GENERATION: 1 | ERRORS: best=1951.0, median=1030568.0, diversity=0.08 | INDIVIDUALS: n=200, avg_genome_length=176.945 | VIRUSES: gene_rate=0.000
2021-12-21 17:09:40.705337 | GENERATION: 2 | ERRORS: best=1759.0, median=2185.0, diversity=0.355 | INDIVIDUALS: n=200, avg_genome_length=148.575 | VIRUSES: gene_rate=0.000
2021-12-21 17:09:53.972971 | GENERATION: 3 | ERRORS: best=1753.0, median=2185.0, diversity=0.425 | INDIVIDUALS: n=200, avg_genome_length=153.0 | VIRUSES: gene_rate=0.000
2021-12-21 17:10:04.871924 | GENERATION: 4 | ERRORS: best=1777.0, median=2185.0, diversity=0.435 | INDIVIDUALS: n=200, avg_genome_length=156.74 | VIRUSES: gene_rate=0.000
2021-12-21 17:10:17.830631 | GENERATION: 5 | ERRORS: best=1777.0, median=2185.0, diversity=0.47 | INDIVIDUALS: n=200, avg_genome_length=153.295 | VIRUSES: gene_rate=0.000
2021-12-21 17:10:30.106053 | GENERATION: 6 | ERRORS: best=1713.0, median=2185.0, diversity=0.535 | INDIVIDUALS: n=200, avg_genome_length=144.36 | VIRUSES: gene_rate=0.000
2021-12-21 17:10:40.936454 | GENERATION: 7 | ERRORS: best=1615.0, median=2583.0, diversity=0.545 | INDIVIDUALS: n=200, avg_genome_length=125.215 | VIRUSES: gene_rate=0.000
2021-12-21 17:10:50.838764 | GENERATION: 8 | ERRORS: best=1566.0, median=3401.0, diversity=0.59 | INDIVIDUALS: n=200, avg_genome_length=105.555 | VIRUSES: gene_rate=0.000
2021-12-21 17:11:04.515521 | GENERATION: 9 | ERRORS: best=1883.0, median=5228.5, diversity=0.62 | INDIVIDUALS: n=200, avg_genome_length=108.135 | VIRUSES: gene_rate=0.000
2021-12-21 17:11:14.281431 | GENERATION: 10 | ERRORS: best=1524.0, median=2542.5, diversity=0.595 | INDIVIDUALS: n=200, avg_genome_length=102.815 | VIRUSES: gene_rate=0.000
2021-12-21 17:11:36.051733 | GENERATION: 11 | ERRORS: best=1863.0, median=3243.0, diversity=0.62 | INDIVIDUALS: n=200, avg_genome_length=112.275 | VIRUSES: gene_rate=0.000
2021-12-21 17:11:46.608616 | GENERATION: 12 | ERRORS: best=1929.0, median=2311.0, diversity=0.56 | INDIVIDUALS: n=200, avg_genome_length=130.435 | VIRUSES: gene_rate=0.000
2021-12-21 17:12:14.767035 | GENERATION: 13 | ERRORS: best=1929.0, median=3200.5, diversity=0.635 | INDIVIDUALS: n=200, avg_genome_length=106.38 | VIRUSES: gene_rate=0.000
2021-12-21 17:12:24.304301 | GENERATION: 14 | ERRORS: best=1475.0, median=2776.5, diversity=0.635 | INDIVIDUALS: n=200, avg_genome_length=101.66 | VIRUSES: gene_rate=0.000
2021-12-21 17:12:32.082930 | GENERATION: 15 | ERRORS: best=1532.0, median=4652.5, diversity=0.695 | INDIVIDUALS: n=200, avg_genome_length=87.195 | VIRUSES: gene_rate=0.000
2021-12-21 17:12:41.071978 | GENERATION: 16 | ERRORS: best=1750.0, median=3619.0, diversity=0.65 | INDIVIDUALS: n=200, avg_genome_length=87.065 | VIRUSES: gene_rate=0.000
2021-12-21 17:12:49.635455 | GENERATION: 17 | ERRORS: best=1336.0, median=2311.0, diversity=0.66 | INDIVIDUALS: n=200, avg_genome_length=84.85 | VIRUSES: gene_rate=0.000
2021-12-21 17:12:57.225201 | GENERATION: 18 | ERRORS: best=1333.0, median=21497.0, diversity=0.675 | INDIVIDUALS: n=200, avg_genome_length=80.745 | VIRUSES: gene_rate=0.000
2021-12-21 17:13:04.454879 | GENERATION: 19 | ERRORS: best=1306.0, median=2414.0, diversity=0.695 | INDIVIDUALS: n=200, avg_genome_length=68.31 | VIRUSES: gene_rate=0.000
2021-12-21 17:13:11.941398 | GENERATION: 20 | ERRORS: best=1306.0, median=2247.5, diversity=0.645 | INDIVIDUALS: n=200, avg_genome_length=65.255 | VIRUSES: gene_rate=0.000
2021-12-21 17:13:17.419349 | GENERATION: 21 | ERRORS: best=1332.0, median=2390.5, diversity=0.74 | INDIVIDUALS: n=200, avg_genome_length=64.94 | VIRUSES: gene_rate=0.000
2021-12-21 17:13:25.736037 | GENERATION: 22 | ERRORS: best=1358.0, median=2185.0, diversity=0.735 | INDIVIDUALS: n=200, avg_genome_length=69.48 | VIRUSES: gene_rate=0.000
2021-12-21 17:13:32.604540 | GENERATION: 23 | ERRORS: best=1355.0, median=2571.0, diversity=0.75 | INDIVIDUALS: n=200, avg_genome_length=66.365 | VIRUSES: gene_rate=0.000
2021-12-21 17:13:40.018290 | GENERATION: 24 | ERRORS: best=1303.0, median=2183.0, diversity=0.73 | INDIVIDUALS: n=200, avg_genome_length=68.23 | VIRUSES: gene_rate=0.000
2021-12-21 17:13:49.863984 | GENERATION: 25 | ERRORS: best=1316.0, median=2185.0, diversity=0.77 | INDIVIDUALS: n=200, avg_genome_length=69.185 | VIRUSES: gene_rate=0.000
2021-12-21 17:13:57.527262 | GENERATION: 26 | ERRORS: best=1304.0, median=2185.0, diversity=0.795 | INDIVIDUALS: n=200, avg_genome_length=63.84 | VIRUSES: gene_rate=0.000
2021-12-21 17:14:05.918486 | GENERATION: 27 | ERRORS: best=1313.0, median=2185.0, diversity=0.71 | INDIVIDUALS: n=200, avg_genome_length=65.91 | VIRUSES: gene_rate=0.000
2021-12-21 17:14:14.311703 | GENERATION: 28 | ERRORS: best=1331.0, median=2185.0, diversity=0.735 | INDIVIDUALS: n=200, avg_genome_length=68.63 | VIRUSES: gene_rate=0.000
2021-12-21 17:14:22.841193 | GENERATION: 29 | ERRORS: best=1327.0, median=2185.0, diversity=0.755 | INDIVIDUALS: n=200, avg_genome_length=71.455 | VIRUSES: gene_rate=0.000
2021-12-21 17:14:30.535904 | GENERATION: 30 | ERRORS: best=1307.0, median=2418.0, diversity=0.805 | INDIVIDUALS: n=200, avg_genome_length=68.73 | VIRUSES: gene_rate=0.000
2021-12-21 17:14:38.060020 | GENERATION: 31 | ERRORS: best=1332.0, median=2185.0, diversity=0.735 | INDIVIDUALS: n=200, avg_genome_length=64.985 | VIRUSES: gene_rate=0.000
2021-12-21 17:14:44.844412 | GENERATION: 32 | ERRORS: best=1294.0, median=2154.0, diversity=0.735 | INDIVIDUALS: n=200, avg_genome_length=67.48 | VIRUSES: gene_rate=0.000
2021-12-21 17:14:51.054944 | GENERATION: 33 | ERRORS: best=1303.0, median=2153.0, diversity=0.74 | INDIVIDUALS: n=200, avg_genome_length=66.465 | VIRUSES: gene_rate=0.000
2021-12-21 17:14:58.685831 | GENERATION: 34 | ERRORS: best=1299.0, median=2139.0, diversity=0.71 | INDIVIDUALS: n=200, avg_genome_length=71.685 | VIRUSES: gene_rate=0.000
2021-12-21 17:15:05.814631 | GENERATION: 35 | ERRORS: best=1301.0, median=2185.0, diversity=0.675 | INDIVIDUALS: n=200, avg_genome_length=76.675 | VIRUSES: gene_rate=0.000
2021-12-21 17:15:44.009570 | GENERATION: 36 | ERRORS: best=1303.0, median=2185.0, diversity=0.685 | INDIVIDUALS: n=200, avg_genome_length=76.26 | VIRUSES: gene_rate=0.000
2021-12-21 17:15:52.846032 | GENERATION: 37 | ERRORS: best=1315.0, median=2185.0, diversity=0.695 | INDIVIDUALS: n=200, avg_genome_length=66.3 | VIRUSES: gene_rate=0.000
2021-12-21 17:15:59.420394 | GENERATION: 38 | ERRORS: best=1301.0, median=2185.0, diversity=0.72 | INDIVIDUALS: n=200, avg_genome_length=61.625 | VIRUSES: gene_rate=0.000
2021-12-21 17:16:07.457532 | GENERATION: 39 | ERRORS: best=1318.0, median=2185.5, diversity=0.73 | INDIVIDUALS: n=200, avg_genome_length=57.645 | VIRUSES: gene_rate=0.000
2021-12-21 17:16:13.656275 | GENERATION: 40 | ERRORS: best=1321.0, median=2185.0, diversity=0.715 | INDIVIDUALS: n=200, avg_genome_length=60.225 | VIRUSES: gene_rate=0.000
2021-12-21 17:16:21.553740 | GENERATION: 41 | ERRORS: best=1289.0, median=2154.0, diversity=0.785 | INDIVIDUALS: n=200, avg_genome_length=58.485 | VIRUSES: gene_rate=0.000
2021-12-21 17:16:28.131526 | GENERATION: 42 | ERRORS: best=1308.0, median=2154.5, diversity=0.765 | INDIVIDUALS: n=200, avg_genome_length=55.11 | VIRUSES: gene_rate=0.000
2021-12-21 17:16:35.294727 | GENERATION: 43 | ERRORS: best=1312.0, median=2185.0, diversity=0.775 | INDIVIDUALS: n=200, avg_genome_length=54.025 | VIRUSES: gene_rate=0.000
2021-12-21 17:16:43.073865 | GENERATION: 44 | ERRORS: best=1296.0, median=2185.0, diversity=0.77 | INDIVIDUALS: n=200, avg_genome_length=49.785 | VIRUSES: gene_rate=0.000
2021-12-21 17:17:00.180900 | GENERATION: 45 | ERRORS: best=1316.0, median=2185.0, diversity=0.775 | INDIVIDUALS: n=200, avg_genome_length=49.265 | VIRUSES: gene_rate=0.000
2021-12-21 17:17:06.170294 | GENERATION: 46 | ERRORS: best=1313.0, median=2154.0, diversity=0.72 | INDIVIDUALS: n=200, avg_genome_length=47.855 | VIRUSES: gene_rate=0.000
2021-12-21 17:17:16.093191 | GENERATION: 47 | ERRORS: best=1311.0, median=2183.5, diversity=0.69 | INDIVIDUALS: n=200, avg_genome_length=46.66 | VIRUSES: gene_rate=0.000
2021-12-21 17:17:24.012134 | GENERATION: 48 | ERRORS: best=1302.0, median=2154.0, diversity=0.73 | INDIVIDUALS: n=200, avg_genome_length=46.345 | VIRUSES: gene_rate=0.000
2021-12-21 17:17:29.162244 | GENERATION: 49 | ERRORS: best=1292.0, median=2168.5, diversity=0.74 | INDIVIDUALS: n=200, avg_genome_length=45.35 | VIRUSES: gene_rate=0.000
2021-12-21 17:17:36.732333 | GENERATION: 50 | ERRORS: best=1262.0, median=2154.0, diversity=0.715 | INDIVIDUALS: n=200, avg_genome_length=45.035 | VIRUSES: gene_rate=0.000
2021-12-21 17:17:41.935352 | GENERATION: 51 | ERRORS: best=1309.0, median=2159.5, diversity=0.74 | INDIVIDUALS: n=200, avg_genome_length=45.035 | VIRUSES: gene_rate=0.000
2021-12-21 17:17:48.858694 | GENERATION: 52 | ERRORS: best=1320.0, median=2078.0, diversity=0.685 | INDIVIDUALS: n=200, avg_genome_length=45.395 | VIRUSES: gene_rate=0.000
2021-12-21 17:17:56.946167 | GENERATION: 53 | ERRORS: best=1316.0, median=2154.0, diversity=0.75 | INDIVIDUALS: n=200, avg_genome_length=45.69 | VIRUSES: gene_rate=0.000
2021-12-21 17:18:04.519470 | GENERATION: 54 | ERRORS: best=1317.0, median=2150.5, diversity=0.73 | INDIVIDUALS: n=200, avg_genome_length=44.45 | VIRUSES: gene_rate=0.000
2021-12-21 17:18:10.883136 | GENERATION: 55 | ERRORS: best=1309.0, median=2185.0, diversity=0.75 | INDIVIDUALS: n=200, avg_genome_length=44.74 | VIRUSES: gene_rate=0.000
2021-12-21 17:18:17.516792 | GENERATION: 56 | ERRORS: best=1306.0, median=2185.0, diversity=0.725 | INDIVIDUALS: n=200, avg_genome_length=44.72 | VIRUSES: gene_rate=0.000
2021-12-21 17:18:23.523332 | GENERATION: 57 | ERRORS: best=1311.0, median=2185.0, diversity=0.665 | INDIVIDUALS: n=200, avg_genome_length=44.18 | VIRUSES: gene_rate=0.000
2021-12-21 17:18:28.378375 | GENERATION: 58 | ERRORS: best=1351.0, median=2154.5, diversity=0.74 | INDIVIDUALS: n=200, avg_genome_length=42.61 | VIRUSES: gene_rate=0.000
2021-12-21 17:18:37.784350 | GENERATION: 59 | ERRORS: best=1328.0, median=2154.0, diversity=0.7 | INDIVIDUALS: n=200, avg_genome_length=42.765 | VIRUSES: gene_rate=0.000
2021-12-21 17:18:44.369579 | GENERATION: 60 | ERRORS: best=1301.0, median=2185.0, diversity=0.69 | INDIVIDUALS: n=200, avg_genome_length=43.57 | VIRUSES: gene_rate=0.000
2021-12-21 17:18:51.275329 | GENERATION: 61 | ERRORS: best=1333.0, median=2154.0, diversity=0.665 | INDIVIDUALS: n=200, avg_genome_length=43.565 | VIRUSES: gene_rate=0.000
2021-12-21 17:18:58.457621 | GENERATION: 62 | ERRORS: best=1326.0, median=2185.0, diversity=0.69 | INDIVIDUALS: n=200, avg_genome_length=41.72 | VIRUSES: gene_rate=0.000
2021-12-21 17:19:03.703744 | GENERATION: 63 | ERRORS: best=1316.0, median=2154.0, diversity=0.7 | INDIVIDUALS: n=200, avg_genome_length=44.685 | VIRUSES: gene_rate=0.000
2021-12-21 17:19:11.490634 | GENERATION: 64 | ERRORS: best=1311.0, median=2154.0, diversity=0.71 | INDIVIDUALS: n=200, avg_genome_length=42.37 | VIRUSES: gene_rate=0.000
2021-12-21 17:19:19.956591 | GENERATION: 65 | ERRORS: best=1306.0, median=2154.0, diversity=0.685 | INDIVIDUALS: n=200, avg_genome_length=42.685 | VIRUSES: gene_rate=0.000
2021-12-21 17:19:35.289304 | GENERATION: 66 | ERRORS: best=1341.0, median=2154.0, diversity=0.635 | INDIVIDUALS: n=200, avg_genome_length=42.135 | VIRUSES: gene_rate=0.000
2021-12-21 17:19:43.172486 | GENERATION: 67 | ERRORS: best=1359.0, median=2185.0, diversity=0.66 | INDIVIDUALS: n=200, avg_genome_length=43.255 | VIRUSES: gene_rate=0.000
2021-12-21 17:19:49.778234 | GENERATION: 68 | ERRORS: best=1346.0, median=2168.5, diversity=0.65 | INDIVIDUALS: n=200, avg_genome_length=43.76 | VIRUSES: gene_rate=0.000
2021-12-21 17:19:58.503861 | GENERATION: 69 | ERRORS: best=1326.0, median=2154.5, diversity=0.76 | INDIVIDUALS: n=200, avg_genome_length=38.78 | VIRUSES: gene_rate=0.000
2021-12-21 17:20:08.170365 | GENERATION: 70 | ERRORS: best=1316.0, median=2154.0, diversity=0.75 | INDIVIDUALS: n=200, avg_genome_length=39.91 | VIRUSES: gene_rate=0.000
2021-12-21 17:20:14.604306 | GENERATION: 71 | ERRORS: best=1316.0, median=2154.0, diversity=0.7 | INDIVIDUALS: n=200, avg_genome_length=38.82 | VIRUSES: gene_rate=0.000
2021-12-21 17:20:21.374214 | GENERATION: 72 | ERRORS: best=1306.0, median=2152.0, diversity=0.78 | INDIVIDUALS: n=200, avg_genome_length=36.635 | VIRUSES: gene_rate=0.000
2021-12-21 17:20:37.735149 | GENERATION: 73 | ERRORS: best=1304.0, median=2154.0, diversity=0.77 | INDIVIDUALS: n=200, avg_genome_length=37.845 | VIRUSES: gene_rate=0.000
2021-12-21 17:20:47.644444 | GENERATION: 74 | ERRORS: best=1332.0, median=2112.0, diversity=0.755 | INDIVIDUALS: n=200, avg_genome_length=36.055 | VIRUSES: gene_rate=0.000
2021-12-21 17:20:56.436671 | GENERATION: 75 | ERRORS: best=1306.0, median=2153.5, diversity=0.73 | INDIVIDUALS: n=200, avg_genome_length=38.83 | VIRUSES: gene_rate=0.000
2021-12-21 17:21:03.605012 | GENERATION: 76 | ERRORS: best=1310.0, median=2112.0, diversity=0.72 | INDIVIDUALS: n=200, avg_genome_length=37.495 | VIRUSES: gene_rate=0.000
2021-12-21 17:21:10.472448 | GENERATION: 77 | ERRORS: best=1319.0, median=2116.0, diversity=0.755 | INDIVIDUALS: n=200, avg_genome_length=38.84 | VIRUSES: gene_rate=0.000
2021-12-21 17:21:18.247953 | GENERATION: 78 | ERRORS: best=1306.0, median=2154.0, diversity=0.74 | INDIVIDUALS: n=200, avg_genome_length=39.2 | VIRUSES: gene_rate=0.000
2021-12-21 17:21:26.447211 | GENERATION: 79 | ERRORS: best=1322.0, median=2185.0, diversity=0.725 | INDIVIDUALS: n=200, avg_genome_length=39.455 | VIRUSES: gene_rate=0.000
2021-12-21 17:21:34.277608 | GENERATION: 80 | ERRORS: best=1318.0, median=2088.0, diversity=0.67 | INDIVIDUALS: n=200, avg_genome_length=39.2 | VIRUSES: gene_rate=0.000
2021-12-21 17:21:41.882395 | GENERATION: 81 | ERRORS: best=1321.0, median=2073.0, diversity=0.715 | INDIVIDUALS: n=200, avg_genome_length=36.005 | VIRUSES: gene_rate=0.000
2021-12-21 17:21:49.509452 | GENERATION: 82 | ERRORS: best=1292.0, median=2154.0, diversity=0.715 | INDIVIDUALS: n=200, avg_genome_length=35.12 | VIRUSES: gene_rate=0.000
2021-12-21 17:21:55.278071 | GENERATION: 83 | ERRORS: best=1296.0, median=2154.0, diversity=0.74 | INDIVIDUALS: n=200, avg_genome_length=33.375 | VIRUSES: gene_rate=0.000
2021-12-21 17:22:02.626795 | GENERATION: 84 | ERRORS: best=1308.0, median=2153.0, diversity=0.715 | INDIVIDUALS: n=200, avg_genome_length=32.295 | VIRUSES: gene_rate=0.000
2021-12-21 17:22:08.634958 | GENERATION: 85 | ERRORS: best=1342.0, median=2096.0, diversity=0.715 | INDIVIDUALS: n=200, avg_genome_length=30.885 | VIRUSES: gene_rate=0.000
2021-12-21 17:22:15.731053 | GENERATION: 86 | ERRORS: best=1319.0, median=2072.5, diversity=0.695 | INDIVIDUALS: n=200, avg_genome_length=31.23 | VIRUSES: gene_rate=0.000
2021-12-21 17:22:20.929206 | GENERATION: 87 | ERRORS: best=1320.0, median=2112.0, diversity=0.755 | INDIVIDUALS: n=200, avg_genome_length=31.635 | VIRUSES: gene_rate=0.000
2021-12-21 17:22:26.454789 | GENERATION: 88 | ERRORS: best=1289.0, median=2154.0, diversity=0.655 | INDIVIDUALS: n=200, avg_genome_length=28.895 | VIRUSES: gene_rate=0.000
2021-12-21 17:22:31.104976 | GENERATION: 89 | ERRORS: best=1338.0, median=2127.5, diversity=0.745 | INDIVIDUALS: n=200, avg_genome_length=30.04 | VIRUSES: gene_rate=0.000
2021-12-21 17:22:36.272450 | GENERATION: 90 | ERRORS: best=1312.0, median=2096.0, diversity=0.685 | INDIVIDUALS: n=200, avg_genome_length=31.42 | VIRUSES: gene_rate=0.000
2021-12-21 17:22:43.918782 | GENERATION: 91 | ERRORS: best=1312.0, median=2154.0, diversity=0.66 | INDIVIDUALS: n=200, avg_genome_length=32.47 | VIRUSES: gene_rate=0.000
2021-12-21 17:22:49.404296 | GENERATION: 92 | ERRORS: best=1308.0, median=2149.0, diversity=0.7 | INDIVIDUALS: n=200, avg_genome_length=29.58 | VIRUSES: gene_rate=0.000
2021-12-21 17:22:55.938292 | GENERATION: 93 | ERRORS: best=1310.0, median=2154.0, diversity=0.64 | INDIVIDUALS: n=200, avg_genome_length=27.955 | VIRUSES: gene_rate=0.000
2021-12-21 17:23:00.177279 | GENERATION: 94 | ERRORS: best=1324.0, median=2154.0, diversity=0.6 | INDIVIDUALS: n=200, avg_genome_length=28.985 | VIRUSES: gene_rate=0.000
2021-12-21 17:23:05.557327 | GENERATION: 95 | ERRORS: best=1332.0, median=2154.0, diversity=0.605 | INDIVIDUALS: n=200, avg_genome_length=27.59 | VIRUSES: gene_rate=0.000
2021-12-21 17:23:11.656130 | GENERATION: 96 | ERRORS: best=1324.0, median=2154.0, diversity=0.555 | INDIVIDUALS: n=200, avg_genome_length=29.085 | VIRUSES: gene_rate=0.000
2021-12-21 17:23:16.234217 | GENERATION: 97 | ERRORS: best=1330.0, median=2075.0, diversity=0.625 | INDIVIDUALS: n=200, avg_genome_length=29.155 | VIRUSES: gene_rate=0.000
2021-12-21 17:23:22.221212 | GENERATION: 98 | ERRORS: best=1336.0, median=2154.0, diversity=0.63 | INDIVIDUALS: n=200, avg_genome_length=28.815 | VIRUSES: gene_rate=0.000
2021-12-21 17:23:27.316225 | GENERATION: 99 | ERRORS: best=1318.0, median=2094.0, diversity=0.625 | INDIVIDUALS: n=200, avg_genome_length=27.86 | VIRUSES: gene_rate=0.000
2021-12-21 17:23:30.862362 | GENERATION: 100 | ERRORS: best=1315.0, median=2073.0, diversity=0.66 | INDIVIDUALS: n=200, avg_genome_length=27.625 | VIRUSES: gene_rate=0.000
2021-12-21 17:23:35.315955 | GENERATION: 101 | ERRORS: best=1308.0, median=2154.0, diversity=0.62 | INDIVIDUALS: n=200, avg_genome_length=27.045 | VIRUSES: gene_rate=0.000
2021-12-21 17:23:39.421976 | GENERATION: 102 | ERRORS: best=1314.0, median=2073.0, diversity=0.665 | INDIVIDUALS: n=200, avg_genome_length=26.135 | VIRUSES: gene_rate=0.000
2021-12-21 17:23:48.872446 | GENERATION: 103 | ERRORS: best=1321.0, median=2065.0, diversity=0.705 | INDIVIDUALS: n=200, avg_genome_length=26.955 | VIRUSES: gene_rate=0.000
2021-12-21 17:23:54.119535 | GENERATION: 104 | ERRORS: best=1324.0, median=2073.0, diversity=0.68 | INDIVIDUALS: n=200, avg_genome_length=26.755 | VIRUSES: gene_rate=0.000
2021-12-21 17:23:57.941652 | GENERATION: 105 | ERRORS: best=1324.0, median=2072.5, diversity=0.7 | INDIVIDUALS: n=200, avg_genome_length=27.34 | VIRUSES: gene_rate=0.000
2021-12-21 17:24:03.271438 | GENERATION: 106 | ERRORS: best=1320.0, median=2150.0, diversity=0.68 | INDIVIDUALS: n=200, avg_genome_length=27.225 | VIRUSES: gene_rate=0.000
2021-12-21 17:24:07.792297 | GENERATION: 107 | ERRORS: best=1324.0, median=2118.5, diversity=0.68 | INDIVIDUALS: n=200, avg_genome_length=27.0 | VIRUSES: gene_rate=0.000
2021-12-21 17:24:27.533609 | GENERATION: 108 | ERRORS: best=1314.0, median=2154.0, diversity=0.68 | INDIVIDUALS: n=200, avg_genome_length=26.865 | VIRUSES: gene_rate=0.000
2021-12-21 17:24:34.051532 | GENERATION: 109 | ERRORS: best=1327.0, median=2154.0, diversity=0.675 | INDIVIDUALS: n=200, avg_genome_length=26.405 | VIRUSES: gene_rate=0.000
2021-12-21 17:24:40.803169 | GENERATION: 110 | ERRORS: best=1321.0, median=2154.0, diversity=0.645 | INDIVIDUALS: n=200, avg_genome_length=25.13 | VIRUSES: gene_rate=0.000
2021-12-21 17:24:44.999929 | GENERATION: 111 | ERRORS: best=1323.0, median=2154.0, diversity=0.695 | INDIVIDUALS: n=200, avg_genome_length=25.235 | VIRUSES: gene_rate=0.000
2021-12-21 17:24:50.080992 | GENERATION: 112 | ERRORS: best=1328.0, median=2154.0, diversity=0.645 | INDIVIDUALS: n=200, avg_genome_length=25.665 | VIRUSES: gene_rate=0.000
2021-12-21 17:24:56.197310 | GENERATION: 113 | ERRORS: best=1311.0, median=2154.0, diversity=0.645 | INDIVIDUALS: n=200, avg_genome_length=26.285 | VIRUSES: gene_rate=0.000
2021-12-21 17:25:00.475204 | GENERATION: 114 | ERRORS: best=1313.0, median=2087.5, diversity=0.66 | INDIVIDUALS: n=200, avg_genome_length=26.405 | VIRUSES: gene_rate=0.000
2021-12-21 17:25:27.168013 | GENERATION: 115 | ERRORS: best=1316.0, median=2134.0, diversity=0.72 | INDIVIDUALS: n=200, avg_genome_length=26.535 | VIRUSES: gene_rate=0.000
2021-12-21 17:25:35.991368 | GENERATION: 116 | ERRORS: best=1311.0, median=2154.0, diversity=0.615 | INDIVIDUALS: n=200, avg_genome_length=24.93 | VIRUSES: gene_rate=0.000
2021-12-21 17:25:41.637217 | GENERATION: 117 | ERRORS: best=1313.0, median=2154.0, diversity=0.685 | INDIVIDUALS: n=200, avg_genome_length=26.17 | VIRUSES: gene_rate=0.000
2021-12-21 17:25:46.161440 | GENERATION: 118 | ERRORS: best=1322.0, median=2114.5, diversity=0.67 | INDIVIDUALS: n=200, avg_genome_length=27.305 | VIRUSES: gene_rate=0.000
2021-12-21 17:25:50.405855 | GENERATION: 119 | ERRORS: best=1313.0, median=2088.5, diversity=0.71 | INDIVIDUALS: n=200, avg_genome_length=28.1 | VIRUSES: gene_rate=0.000
2021-12-21 17:25:55.673501 | GENERATION: 120 | ERRORS: best=1313.0, median=2110.0, diversity=0.71 | INDIVIDUALS: n=200, avg_genome_length=30.06 | VIRUSES: gene_rate=0.000
2021-12-21 17:26:02.472934 | GENERATION: 121 | ERRORS: best=1316.0, median=2073.0, diversity=0.7 | INDIVIDUALS: n=200, avg_genome_length=29.46 | VIRUSES: gene_rate=0.000
2021-12-21 17:26:06.451454 | GENERATION: 122 | ERRORS: best=1308.0, median=2154.0, diversity=0.645 | INDIVIDUALS: n=200, avg_genome_length=30.665 | VIRUSES: gene_rate=0.000
2021-12-21 17:26:12.379057 | GENERATION: 123 | ERRORS: best=1321.0, median=2154.0, diversity=0.68 | INDIVIDUALS: n=200, avg_genome_length=30.0 | VIRUSES: gene_rate=0.000
2021-12-21 17:26:20.083981 | GENERATION: 124 | ERRORS: best=1308.0, median=2074.0, diversity=0.725 | INDIVIDUALS: n=200, avg_genome_length=31.175 | VIRUSES: gene_rate=0.000
2021-12-21 17:26:33.475670 | GENERATION: 125 | ERRORS: best=1302.0, median=2095.0, diversity=0.715 | INDIVIDUALS: n=200, avg_genome_length=31.02 | VIRUSES: gene_rate=0.000
2021-12-21 17:26:40.295526 | GENERATION: 126 | ERRORS: best=1294.0, median=2154.0, diversity=0.745 | INDIVIDUALS: n=200, avg_genome_length=30.56 | VIRUSES: gene_rate=0.000
2021-12-21 17:26:45.903946 | GENERATION: 127 | ERRORS: best=1313.0, median=2074.5, diversity=0.69 | INDIVIDUALS: n=200, avg_genome_length=30.5 | VIRUSES: gene_rate=0.000
2021-12-21 17:26:51.988459 | GENERATION: 128 | ERRORS: best=1322.0, median=2154.0, diversity=0.645 | INDIVIDUALS: n=200, avg_genome_length=30.26 | VIRUSES: gene_rate=0.000
2021-12-21 17:26:57.601589 | GENERATION: 129 | ERRORS: best=1313.0, median=2145.5, diversity=0.705 | INDIVIDUALS: n=200, avg_genome_length=30.595 | VIRUSES: gene_rate=0.000
2021-12-21 17:27:04.447483 | GENERATION: 130 | ERRORS: best=1318.0, median=2109.0, diversity=0.66 | INDIVIDUALS: n=200, avg_genome_length=30.615 | VIRUSES: gene_rate=0.000
2021-12-21 17:27:10.705031 | GENERATION: 131 | ERRORS: best=1313.0, median=2108.5, diversity=0.645 | INDIVIDUALS: n=200, avg_genome_length=31.575 | VIRUSES: gene_rate=0.000
2021-12-21 17:27:18.873019 | GENERATION: 132 | ERRORS: best=1307.0, median=2110.0, diversity=0.675 | INDIVIDUALS: n=200, avg_genome_length=30.905 | VIRUSES: gene_rate=0.000
2021-12-21 17:27:24.038297 | GENERATION: 133 | ERRORS: best=1288.0, median=2110.0, diversity=0.695 | INDIVIDUALS: n=200, avg_genome_length=31.65 | VIRUSES: gene_rate=0.000
2021-12-21 17:27:29.434940 | GENERATION: 134 | ERRORS: best=1308.0, median=2135.0, diversity=0.68 | INDIVIDUALS: n=200, avg_genome_length=30.48 | VIRUSES: gene_rate=0.000
2021-12-21 17:27:36.270239 | GENERATION: 135 | ERRORS: best=1307.0, median=2086.5, diversity=0.77 | INDIVIDUALS: n=200, avg_genome_length=31.22 | VIRUSES: gene_rate=0.000
2021-12-21 17:27:41.457460 | GENERATION: 136 | ERRORS: best=1298.0, median=2154.0, diversity=0.64 | INDIVIDUALS: n=200, avg_genome_length=30.385 | VIRUSES: gene_rate=0.000
2021-12-21 17:27:46.972946 | GENERATION: 137 | ERRORS: best=1313.0, median=2073.0, diversity=0.69 | INDIVIDUALS: n=200, avg_genome_length=30.885 | VIRUSES: gene_rate=0.000
2021-12-21 17:27:54.872646 | GENERATION: 138 | ERRORS: best=1310.0, median=2110.0, diversity=0.68 | INDIVIDUALS: n=200, avg_genome_length=28.58 | VIRUSES: gene_rate=0.000
2021-12-21 17:28:00.452543 | GENERATION: 139 | ERRORS: best=1316.0, median=2073.0, diversity=0.65 | INDIVIDUALS: n=200, avg_genome_length=27.83 | VIRUSES: gene_rate=0.000
2021-12-21 17:28:05.921479 | GENERATION: 140 | ERRORS: best=1313.0, median=2122.0, diversity=0.595 | INDIVIDUALS: n=200, avg_genome_length=28.36 | VIRUSES: gene_rate=0.000
2021-12-21 17:28:12.183127 | GENERATION: 141 | ERRORS: best=1322.0, median=2154.0, diversity=0.75 | INDIVIDUALS: n=200, avg_genome_length=29.355 | VIRUSES: gene_rate=0.000
2021-12-21 17:28:17.448191 | GENERATION: 142 | ERRORS: best=1310.0, median=2154.0, diversity=0.665 | INDIVIDUALS: n=200, avg_genome_length=29.735 | VIRUSES: gene_rate=0.000
2021-12-21 17:28:20.583624 | GENERATION: 143 | ERRORS: best=1313.0, median=2080.5, diversity=0.705 | INDIVIDUALS: n=200, avg_genome_length=28.69 | VIRUSES: gene_rate=0.000
2021-12-21 17:28:27.163270 | GENERATION: 144 | ERRORS: best=1321.0, median=2128.5, diversity=0.65 | INDIVIDUALS: n=200, avg_genome_length=28.365 | VIRUSES: gene_rate=0.000
2021-12-21 17:28:32.690045 | GENERATION: 145 | ERRORS: best=1310.0, median=2154.0, diversity=0.655 | INDIVIDUALS: n=200, avg_genome_length=27.41 | VIRUSES: gene_rate=0.000
2021-12-21 17:28:36.426800 | GENERATION: 146 | ERRORS: best=1313.0, median=2122.5, diversity=0.69 | INDIVIDUALS: n=200, avg_genome_length=29.13 | VIRUSES: gene_rate=0.000
2021-12-21 17:28:41.679250 | GENERATION: 147 | ERRORS: best=1307.0, median=2073.0, diversity=0.695 | INDIVIDUALS: n=200, avg_genome_length=27.905 | VIRUSES: gene_rate=0.000
2021-12-21 17:28:48.395638 | GENERATION: 148 | ERRORS: best=1306.0, median=2073.0, diversity=0.73 | INDIVIDUALS: n=200, avg_genome_length=29.62 | VIRUSES: gene_rate=0.000
2021-12-21 17:28:57.413221 | GENERATION: 149 | ERRORS: best=1302.0, median=2098.5, diversity=0.69 | INDIVIDUALS: n=200, avg_genome_length=27.785 | VIRUSES: gene_rate=0.000
2021-12-21 17:29:03.021042 | GENERATION: 150 | ERRORS: best=1310.0, median=2152.0, diversity=0.69 | INDIVIDUALS: n=200, avg_genome_length=28.67 | VIRUSES: gene_rate=0.000
2021-12-21 17:29:37.787828 | GENERATION: 151 | ERRORS: best=1306.0, median=2154.0, diversity=0.655 | INDIVIDUALS: n=200, avg_genome_length=28.1 | VIRUSES: gene_rate=0.000
2021-12-21 17:29:45.029452 | GENERATION: 152 | ERRORS: best=1268.0, median=2154.0, diversity=0.73 | INDIVIDUALS: n=200, avg_genome_length=30.795 | VIRUSES: gene_rate=0.000
2021-12-21 17:29:51.157258 | GENERATION: 153 | ERRORS: best=1308.0, median=2154.0, diversity=0.71 | INDIVIDUALS: n=200, avg_genome_length=30.655 | VIRUSES: gene_rate=0.000
2021-12-21 17:29:57.399461 | GENERATION: 154 | ERRORS: best=1297.0, median=2154.0, diversity=0.625 | INDIVIDUALS: n=200, avg_genome_length=27.585 | VIRUSES: gene_rate=0.000
2021-12-21 17:30:00.537242 | GENERATION: 155 | ERRORS: best=1314.0, median=2117.5, diversity=0.635 | INDIVIDUALS: n=200, avg_genome_length=24.9 | VIRUSES: gene_rate=0.000
2021-12-21 17:30:05.551347 | GENERATION: 156 | ERRORS: best=1305.0, median=2154.0, diversity=0.74 | INDIVIDUALS: n=200, avg_genome_length=24.855 | VIRUSES: gene_rate=0.000
2021-12-21 17:30:11.360332 | GENERATION: 157 | ERRORS: best=1310.0, median=2154.0, diversity=0.74 | INDIVIDUALS: n=200, avg_genome_length=24.71 | VIRUSES: gene_rate=0.000
2021-12-21 17:30:16.101476 | GENERATION: 158 | ERRORS: best=1332.0, median=2154.0, diversity=0.645 | INDIVIDUALS: n=200, avg_genome_length=23.845 | VIRUSES: gene_rate=0.000
2021-12-21 17:30:21.901438 | GENERATION: 159 | ERRORS: best=1318.0, median=2154.0, diversity=0.63 | INDIVIDUALS: n=200, avg_genome_length=24.19 | VIRUSES: gene_rate=0.000
2021-12-21 17:30:27.430437 | GENERATION: 160 | ERRORS: best=1308.0, median=2154.0, diversity=0.635 | INDIVIDUALS: n=200, avg_genome_length=24.485 | VIRUSES: gene_rate=0.000
2021-12-21 17:30:34.340292 | GENERATION: 161 | ERRORS: best=1309.0, median=2154.0, diversity=0.65 | INDIVIDUALS: n=200, avg_genome_length=23.01 | VIRUSES: gene_rate=0.000
2021-12-21 17:30:40.858333 | GENERATION: 162 | ERRORS: best=1309.0, median=2154.0, diversity=0.605 | INDIVIDUALS: n=200, avg_genome_length=22.685 | VIRUSES: gene_rate=0.000
2021-12-21 17:30:47.200970 | GENERATION: 163 | ERRORS: best=1317.0, median=2073.0, diversity=0.69 | INDIVIDUALS: n=200, avg_genome_length=22.97 | VIRUSES: gene_rate=0.000
2021-12-21 17:30:54.509834 | GENERATION: 164 | ERRORS: best=1306.0, median=2154.0, diversity=0.6 | INDIVIDUALS: n=200, avg_genome_length=22.595 | VIRUSES: gene_rate=0.000
2021-12-21 17:30:59.470338 | GENERATION: 165 | ERRORS: best=1330.0, median=2154.0, diversity=0.65 | INDIVIDUALS: n=200, avg_genome_length=22.92 | VIRUSES: gene_rate=0.000
2021-12-21 17:31:03.892003 | GENERATION: 166 | ERRORS: best=1306.0, median=2154.0, diversity=0.64 | INDIVIDUALS: n=200, avg_genome_length=25.045 | VIRUSES: gene_rate=0.000
2021-12-21 17:31:08.745891 | GENERATION: 167 | ERRORS: best=1318.0, median=2154.0, diversity=0.665 | INDIVIDUALS: n=200, avg_genome_length=23.91 | VIRUSES: gene_rate=0.000
2021-12-21 17:31:14.744395 | GENERATION: 168 | ERRORS: best=1319.0, median=2129.0, diversity=0.695 | INDIVIDUALS: n=200, avg_genome_length=25.025 | VIRUSES: gene_rate=0.000
2021-12-21 17:31:19.435443 | GENERATION: 169 | ERRORS: best=1335.0, median=2154.0, diversity=0.655 | INDIVIDUALS: n=200, avg_genome_length=25.76 | VIRUSES: gene_rate=0.000
2021-12-21 17:31:23.802033 | GENERATION: 170 | ERRORS: best=1313.0, median=2154.0, diversity=0.65 | INDIVIDUALS: n=200, avg_genome_length=25.195 | VIRUSES: gene_rate=0.000
2021-12-21 17:31:28.794143 | GENERATION: 171 | ERRORS: best=1322.0, median=2151.0, diversity=0.72 | INDIVIDUALS: n=200, avg_genome_length=26.47 | VIRUSES: gene_rate=0.000
2021-12-21 17:31:55.740588 | GENERATION: 172 | ERRORS: best=1307.0, median=2132.5, diversity=0.69 | INDIVIDUALS: n=200, avg_genome_length=26.9 | VIRUSES: gene_rate=0.000
2021-12-21 17:32:01.421157 | GENERATION: 173 | ERRORS: best=1301.0, median=2154.0, diversity=0.62 | INDIVIDUALS: n=200, avg_genome_length=24.755 | VIRUSES: gene_rate=0.000
2021-12-21 17:32:08.354412 | GENERATION: 174 | ERRORS: best=1306.0, median=2154.0, diversity=0.62 | INDIVIDUALS: n=200, avg_genome_length=25.74 | VIRUSES: gene_rate=0.000
2021-12-21 17:32:13.657911 | GENERATION: 175 | ERRORS: best=1306.0, median=2154.0, diversity=0.645 | INDIVIDUALS: n=200, avg_genome_length=25.39 | VIRUSES: gene_rate=0.000
2021-12-21 17:32:20.291587 | GENERATION: 176 | ERRORS: best=1303.0, median=2154.0, diversity=0.655 | INDIVIDUALS: n=200, avg_genome_length=25.875 | VIRUSES: gene_rate=0.000
2021-12-21 17:32:27.197096 | GENERATION: 177 | ERRORS: best=1303.0, median=2154.0, diversity=0.6 | INDIVIDUALS: n=200, avg_genome_length=26.565 | VIRUSES: gene_rate=0.000
2021-12-21 17:32:33.614019 | GENERATION: 178 | ERRORS: best=1301.0, median=2154.0, diversity=0.645 | INDIVIDUALS: n=200, avg_genome_length=27.085 | VIRUSES: gene_rate=0.000
2021-12-21 17:32:39.637979 | GENERATION: 179 | ERRORS: best=1299.0, median=2154.0, diversity=0.64 | INDIVIDUALS: n=200, avg_genome_length=26.195 | VIRUSES: gene_rate=0.000
2021-12-21 17:32:45.236275 | GENERATION: 180 | ERRORS: best=1298.0, median=2154.0, diversity=0.62 | INDIVIDUALS: n=200, avg_genome_length=26.24 | VIRUSES: gene_rate=0.000
2021-12-21 17:32:52.344662 | GENERATION: 181 | ERRORS: best=1306.0, median=2154.0, diversity=0.665 | INDIVIDUALS: n=200, avg_genome_length=26.925 | VIRUSES: gene_rate=0.000
2021-12-21 17:32:57.459365 | GENERATION: 182 | ERRORS: best=1312.0, median=2154.0, diversity=0.67 | INDIVIDUALS: n=200, avg_genome_length=26.57 | VIRUSES: gene_rate=0.000
2021-12-21 17:33:03.381872 | GENERATION: 183 | ERRORS: best=1296.0, median=2154.0, diversity=0.675 | INDIVIDUALS: n=200, avg_genome_length=25.865 | VIRUSES: gene_rate=0.000
2021-12-21 17:33:11.675161 | GENERATION: 184 | ERRORS: best=1313.0, median=2154.0, diversity=0.655 | INDIVIDUALS: n=200, avg_genome_length=27.385 | VIRUSES: gene_rate=0.000
2021-12-21 17:33:19.502457 | GENERATION: 185 | ERRORS: best=1285.0, median=2155.5, diversity=0.625 | INDIVIDUALS: n=200, avg_genome_length=26.465 | VIRUSES: gene_rate=0.000
2021-12-21 17:33:28.573423 | GENERATION: 186 | ERRORS: best=1306.0, median=2160.0, diversity=0.6 | INDIVIDUALS: n=200, avg_genome_length=28.24 | VIRUSES: gene_rate=0.000
2021-12-21 17:33:52.289914 | GENERATION: 187 | ERRORS: best=1297.0, median=2185.0, diversity=0.665 | INDIVIDUALS: n=200, avg_genome_length=28.925 | VIRUSES: gene_rate=0.000
2021-12-21 17:34:02.104140 | GENERATION: 188 | ERRORS: best=1306.0, median=2185.0, diversity=0.735 | INDIVIDUALS: n=200, avg_genome_length=27.88 | VIRUSES: gene_rate=0.000
2021-12-21 17:34:10.887448 | GENERATION: 189 | ERRORS: best=1306.0, median=2154.0, diversity=0.695 | INDIVIDUALS: n=200, avg_genome_length=28.625 | VIRUSES: gene_rate=0.000
2021-12-21 17:34:20.044886 | GENERATION: 190 | ERRORS: best=1305.0, median=2133.0, diversity=0.73 | INDIVIDUALS: n=200, avg_genome_length=27.805 | VIRUSES: gene_rate=0.000
2021-12-21 17:34:28.856385 | GENERATION: 191 | ERRORS: best=1306.0, median=2154.0, diversity=0.635 | INDIVIDUALS: n=200, avg_genome_length=27.645 | VIRUSES: gene_rate=0.000
2021-12-21 17:34:36.303514 | GENERATION: 192 | ERRORS: best=1313.0, median=2154.0, diversity=0.64 | INDIVIDUALS: n=200, avg_genome_length=27.935 | VIRUSES: gene_rate=0.000
2021-12-21 17:34:43.854162 | GENERATION: 193 | ERRORS: best=1295.0, median=2153.5, diversity=0.695 | INDIVIDUALS: n=200, avg_genome_length=28.31 | VIRUSES: gene_rate=0.000
2021-12-21 17:34:50.861049 | GENERATION: 194 | ERRORS: best=1306.0, median=2154.0, diversity=0.7 | INDIVIDUALS: n=200, avg_genome_length=27.32 | VIRUSES: gene_rate=0.000
2021-12-21 17:34:59.703188 | GENERATION: 195 | ERRORS: best=1335.0, median=2154.0, diversity=0.605 | INDIVIDUALS: n=200, avg_genome_length=26.275 | VIRUSES: gene_rate=0.000
2021-12-21 17:35:06.396932 | GENERATION: 196 | ERRORS: best=1302.0, median=2154.0, diversity=0.64 | INDIVIDUALS: n=200, avg_genome_length=25.385 | VIRUSES: gene_rate=0.000
2021-12-21 17:35:14.654628 | GENERATION: 197 | ERRORS: best=1313.0, median=2154.0, diversity=0.665 | INDIVIDUALS: n=200, avg_genome_length=24.605 | VIRUSES: gene_rate=0.000
2021-12-21 17:35:35.386239 | GENERATION: 198 | ERRORS: best=1312.0, median=2154.0, diversity=0.68 | INDIVIDUALS: n=200, avg_genome_length=24.97 | VIRUSES: gene_rate=0.000
2021-12-21 17:35:41.555370 | GENERATION: 199 | ERRORS: best=1327.0, median=2154.0, diversity=0.67 | INDIVIDUALS: n=200, avg_genome_length=26.965 | VIRUSES: gene_rate=0.000
2021-12-21 17:35:48.772462 | GENERATION: 200 | ERRORS: best=1328.0, median=2154.0, diversity=0.635 | INDIVIDUALS: n=200, avg_genome_length=28.805 | VIRUSES: gene_rate=0.000
2021-12-21 17:35:55.471794 | GENERATION: 201 | ERRORS: best=1313.0, median=2154.0, diversity=0.705 | INDIVIDUALS: n=200, avg_genome_length=28.325 | VIRUSES: gene_rate=0.000
2021-12-21 17:36:01.135672 | GENERATION: 202 | ERRORS: best=1318.0, median=2084.5, diversity=0.685 | INDIVIDUALS: n=200, avg_genome_length=27.375 | VIRUSES: gene_rate=0.000
2021-12-21 17:36:05.976514 | GENERATION: 203 | ERRORS: best=1322.0, median=2093.5, diversity=0.66 | INDIVIDUALS: n=200, avg_genome_length=27.965 | VIRUSES: gene_rate=0.000
2021-12-21 17:36:11.716076 | GENERATION: 204 | ERRORS: best=1327.0, median=2139.0, diversity=0.615 | INDIVIDUALS: n=200, avg_genome_length=27.215 | VIRUSES: gene_rate=0.000
2021-12-21 17:36:20.699222 | GENERATION: 205 | ERRORS: best=1310.0, median=2073.0, diversity=0.605 | INDIVIDUALS: n=200, avg_genome_length=26.355 | VIRUSES: gene_rate=0.000
2021-12-21 17:36:30.854995 | GENERATION: 206 | ERRORS: best=1300.0, median=2111.5, diversity=0.68 | INDIVIDUALS: n=200, avg_genome_length=27.935 | VIRUSES: gene_rate=0.000
2021-12-21 17:36:36.361011 | GENERATION: 207 | ERRORS: best=1297.0, median=2144.0, diversity=0.66 | INDIVIDUALS: n=200, avg_genome_length=29.105 | VIRUSES: gene_rate=0.000
2021-12-21 17:36:55.705613 | GENERATION: 208 | ERRORS: best=1308.0, median=2154.0, diversity=0.71 | INDIVIDUALS: n=200, avg_genome_length=28.425 | VIRUSES: gene_rate=0.000
2021-12-21 17:37:02.845810 | GENERATION: 209 | ERRORS: best=1308.0, median=2154.0, diversity=0.67 | INDIVIDUALS: n=200, avg_genome_length=29.955 | VIRUSES: gene_rate=0.000
2021-12-21 17:37:08.127823 | GENERATION: 210 | ERRORS: best=1312.0, median=2161.5, diversity=0.67 | INDIVIDUALS: n=200, avg_genome_length=28.92 | VIRUSES: gene_rate=0.000
2021-12-21 17:37:13.128024 | GENERATION: 211 | ERRORS: best=1305.0, median=2154.0, diversity=0.645 | INDIVIDUALS: n=200, avg_genome_length=30.965 | VIRUSES: gene_rate=0.000
2021-12-21 17:37:19.804591 | GENERATION: 212 | ERRORS: best=1309.0, median=2154.0, diversity=0.665 | INDIVIDUALS: n=200, avg_genome_length=32.5 | VIRUSES: gene_rate=0.000
2021-12-21 17:37:26.265801 | GENERATION: 213 | ERRORS: best=1324.0, median=2154.0, diversity=0.675 | INDIVIDUALS: n=200, avg_genome_length=33.995 | VIRUSES: gene_rate=0.000
2021-12-21 17:37:35.269032 | GENERATION: 214 | ERRORS: best=1307.0, median=2185.0, diversity=0.635 | INDIVIDUALS: n=200, avg_genome_length=32.26 | VIRUSES: gene_rate=0.000
2021-12-21 17:37:40.999456 | GENERATION: 215 | ERRORS: best=1303.0, median=2154.0, diversity=0.73 | INDIVIDUALS: n=200, avg_genome_length=33.865 | VIRUSES: gene_rate=0.000
2021-12-21 17:37:45.464878 | GENERATION: 216 | ERRORS: best=1327.0, median=2153.0, diversity=0.68 | INDIVIDUALS: n=200, avg_genome_length=34.35 | VIRUSES: gene_rate=0.000
2021-12-21 17:37:49.330450 | GENERATION: 217 | ERRORS: best=1311.0, median=2180.0, diversity=0.64 | INDIVIDUALS: n=200, avg_genome_length=30.045 | VIRUSES: gene_rate=0.000
2021-12-21 17:37:54.589156 | GENERATION: 218 | ERRORS: best=1310.0, median=2154.0, diversity=0.73 | INDIVIDUALS: n=200, avg_genome_length=28.485 | VIRUSES: gene_rate=0.000
2021-12-21 17:37:59.816042 | GENERATION: 219 | ERRORS: best=1310.0, median=2154.0, diversity=0.775 | INDIVIDUALS: n=200, avg_genome_length=32.2 | VIRUSES: gene_rate=0.000
2021-12-21 17:38:06.801724 | GENERATION: 220 | ERRORS: best=1306.0, median=2154.0, diversity=0.71 | INDIVIDUALS: n=200, avg_genome_length=30.065 | VIRUSES: gene_rate=0.000
2021-12-21 17:38:14.881915 | GENERATION: 221 | ERRORS: best=1313.0, median=2154.0, diversity=0.695 | INDIVIDUALS: n=200, avg_genome_length=29.285 | VIRUSES: gene_rate=0.000
2021-12-21 17:38:21.233034 | GENERATION: 222 | ERRORS: best=1310.0, median=2154.0, diversity=0.66 | INDIVIDUALS: n=200, avg_genome_length=27.54 | VIRUSES: gene_rate=0.000
2021-12-21 17:38:25.941661 | GENERATION: 223 | ERRORS: best=1308.0, median=2074.0, diversity=0.675 | INDIVIDUALS: n=200, avg_genome_length=24.71 | VIRUSES: gene_rate=0.000
2021-12-21 17:38:30.914571 | GENERATION: 224 | ERRORS: best=1304.0, median=2150.0, diversity=0.66 | INDIVIDUALS: n=200, avg_genome_length=25.43 | VIRUSES: gene_rate=0.000
2021-12-21 17:38:35.947764 | GENERATION: 225 | ERRORS: best=1302.0, median=2073.0, diversity=0.75 | INDIVIDUALS: n=200, avg_genome_length=27.305 | VIRUSES: gene_rate=0.000
2021-12-21 17:38:41.211773 | GENERATION: 226 | ERRORS: best=1304.0, median=2073.0, diversity=0.705 | INDIVIDUALS: n=200, avg_genome_length=26.88 | VIRUSES: gene_rate=0.000
2021-12-21 17:38:45.638916 | GENERATION: 227 | ERRORS: best=1295.0, median=2075.0, diversity=0.665 | INDIVIDUALS: n=200, avg_genome_length=25.49 | VIRUSES: gene_rate=0.000
2021-12-21 17:38:50.164227 | GENERATION: 228 | ERRORS: best=1306.0, median=2092.5, diversity=0.705 | INDIVIDUALS: n=200, avg_genome_length=26.81 | VIRUSES: gene_rate=0.000
2021-12-21 17:38:54.344853 | GENERATION: 229 | ERRORS: best=1303.0, median=2073.0, diversity=0.75 | INDIVIDUALS: n=200, avg_genome_length=27.31 | VIRUSES: gene_rate=0.000
2021-12-21 17:38:59.273503 | GENERATION: 230 | ERRORS: best=1309.0, median=2154.0, diversity=0.65 | INDIVIDUALS: n=200, avg_genome_length=23.995 | VIRUSES: gene_rate=0.000
2021-12-21 17:39:06.354735 | GENERATION: 231 | ERRORS: best=1308.0, median=2073.0, diversity=0.635 | INDIVIDUALS: n=200, avg_genome_length=23.845 | VIRUSES: gene_rate=0.000
2021-12-21 17:39:12.707828 | GENERATION: 232 | ERRORS: best=1299.0, median=2154.0, diversity=0.62 | INDIVIDUALS: n=200, avg_genome_length=23.37 | VIRUSES: gene_rate=0.000
2021-12-21 17:39:17.733463 | GENERATION: 233 | ERRORS: best=1301.0, median=2154.0, diversity=0.68 | INDIVIDUALS: n=200, avg_genome_length=24.55 | VIRUSES: gene_rate=0.000
2021-12-21 17:39:24.273865 | GENERATION: 234 | ERRORS: best=1320.0, median=2073.0, diversity=0.685 | INDIVIDUALS: n=200, avg_genome_length=24.05 | VIRUSES: gene_rate=0.000
2021-12-21 17:39:30.078279 | GENERATION: 235 | ERRORS: best=1295.0, median=2154.0, diversity=0.655 | INDIVIDUALS: n=200, avg_genome_length=23.93 | VIRUSES: gene_rate=0.000
2021-12-21 17:39:40.180020 | GENERATION: 236 | ERRORS: best=1304.0, median=2073.0, diversity=0.61 | INDIVIDUALS: n=200, avg_genome_length=23.465 | VIRUSES: gene_rate=0.000
2021-12-21 17:39:50.888879 | GENERATION: 237 | ERRORS: best=1309.0, median=2148.0, diversity=0.6 | INDIVIDUALS: n=200, avg_genome_length=22.28 | VIRUSES: gene_rate=0.000
2021-12-21 17:39:57.232724 | GENERATION: 238 | ERRORS: best=1327.0, median=2153.0, diversity=0.64 | INDIVIDUALS: n=200, avg_genome_length=22.09 | VIRUSES: gene_rate=0.000
2021-12-21 17:40:03.944339 | GENERATION: 239 | ERRORS: best=1287.0, median=2073.0, diversity=0.715 | INDIVIDUALS: n=200, avg_genome_length=21.165 | VIRUSES: gene_rate=0.000
2021-12-21 17:40:09.980343 | GENERATION: 240 | ERRORS: best=1311.0, median=2079.5, diversity=0.665 | INDIVIDUALS: n=200, avg_genome_length=20.505 | VIRUSES: gene_rate=0.000
2021-12-21 17:40:14.452208 | GENERATION: 241 | ERRORS: best=1309.0, median=2073.0, diversity=0.625 | INDIVIDUALS: n=200, avg_genome_length=18.94 | VIRUSES: gene_rate=0.000
2021-12-21 17:40:19.851250 | GENERATION: 242 | ERRORS: best=1322.0, median=2140.5, diversity=0.615 | INDIVIDUALS: n=200, avg_genome_length=18.915 | VIRUSES: gene_rate=0.000
2021-12-21 17:40:26.288811 | GENERATION: 243 | ERRORS: best=1313.0, median=2148.0, diversity=0.695 | INDIVIDUALS: n=200, avg_genome_length=19.815 | VIRUSES: gene_rate=0.000
2021-12-21 17:40:32.973863 | GENERATION: 244 | ERRORS: best=1314.0, median=2154.0, diversity=0.63 | INDIVIDUALS: n=200, avg_genome_length=21.21 | VIRUSES: gene_rate=0.000
2021-12-21 17:40:37.042494 | GENERATION: 245 | ERRORS: best=1305.0, median=2127.5, diversity=0.62 | INDIVIDUALS: n=200, avg_genome_length=21.43 | VIRUSES: gene_rate=0.000
2021-12-21 17:40:44.063309 | GENERATION: 246 | ERRORS: best=1305.0, median=2154.0, diversity=0.655 | INDIVIDUALS: n=200, avg_genome_length=20.365 | VIRUSES: gene_rate=0.000
2021-12-21 17:40:50.169120 | GENERATION: 247 | ERRORS: best=1293.0, median=2133.0, diversity=0.675 | INDIVIDUALS: n=200, avg_genome_length=21.535 | VIRUSES: gene_rate=0.000
2021-12-21 17:41:17.474682 | GENERATION: 248 | ERRORS: best=1313.0, median=2159.0, diversity=0.655 | INDIVIDUALS: n=200, avg_genome_length=21.105 | VIRUSES: gene_rate=0.000
2021-12-21 17:41:23.916660 | GENERATION: 249 | ERRORS: best=1324.0, median=2154.0, diversity=0.705 | INDIVIDUALS: n=200, avg_genome_length=21.195 | VIRUSES: gene_rate=0.000
2021-12-21 17:41:29.267994 | GENERATION: 250 | ERRORS: best=1289.0, median=2154.0, diversity=0.69 | INDIVIDUALS: n=200, avg_genome_length=22.195 | VIRUSES: gene_rate=0.000
2021-12-21 17:41:37.274375 | GENERATION: 251 | ERRORS: best=1316.0, median=2149.5, diversity=0.775 | INDIVIDUALS: n=200, avg_genome_length=23.205 | VIRUSES: gene_rate=0.000
2021-12-21 17:41:43.296256 | GENERATION: 252 | ERRORS: best=1313.0, median=2154.0, diversity=0.685 | INDIVIDUALS: n=200, avg_genome_length=21.7 | VIRUSES: gene_rate=0.000
2021-12-21 17:41:53.185084 | GENERATION: 253 | ERRORS: best=1323.0, median=2154.0, diversity=0.68 | INDIVIDUALS: n=200, avg_genome_length=21.065 | VIRUSES: gene_rate=0.000
2021-12-21 17:41:59.645994 | GENERATION: 254 | ERRORS: best=1313.0, median=2072.0, diversity=0.68 | INDIVIDUALS: n=200, avg_genome_length=21.565 | VIRUSES: gene_rate=0.000
2021-12-21 17:42:05.079289 | GENERATION: 255 | ERRORS: best=1328.0, median=2073.0, diversity=0.65 | INDIVIDUALS: n=200, avg_genome_length=21.085 | VIRUSES: gene_rate=0.000
2021-12-21 17:42:11.751636 | GENERATION: 256 | ERRORS: best=1304.0, median=2073.0, diversity=0.665 | INDIVIDUALS: n=200, avg_genome_length=21.46 | VIRUSES: gene_rate=0.000
2021-12-21 17:42:18.691423 | GENERATION: 257 | ERRORS: best=1312.0, median=2154.0, diversity=0.63 | INDIVIDUALS: n=200, avg_genome_length=21.505 | VIRUSES: gene_rate=0.000
2021-12-21 17:42:25.172105 | GENERATION: 258 | ERRORS: best=1307.0, median=2073.0, diversity=0.73 | INDIVIDUALS: n=200, avg_genome_length=22.31 | VIRUSES: gene_rate=0.000
2021-12-21 17:42:31.696751 | GENERATION: 259 | ERRORS: best=1307.0, median=2154.0, diversity=0.7 | INDIVIDUALS: n=200, avg_genome_length=21.705 | VIRUSES: gene_rate=0.000
2021-12-21 17:42:37.402363 | GENERATION: 260 | ERRORS: best=1306.0, median=2154.0, diversity=0.7 | INDIVIDUALS: n=200, avg_genome_length=21.14 | VIRUSES: gene_rate=0.000
2021-12-21 17:42:43.298512 | GENERATION: 261 | ERRORS: best=1310.0, median=2130.5, diversity=0.695 | INDIVIDUALS: n=200, avg_genome_length=21.955 | VIRUSES: gene_rate=0.000
2021-12-21 17:42:50.913294 | GENERATION: 262 | ERRORS: best=1311.0, median=2148.0, diversity=0.72 | INDIVIDUALS: n=200, avg_genome_length=21.455 | VIRUSES: gene_rate=0.000
2021-12-21 17:42:57.122142 | GENERATION: 263 | ERRORS: best=1309.0, median=2185.0, diversity=0.665 | INDIVIDUALS: n=200, avg_genome_length=21.21 | VIRUSES: gene_rate=0.000
2021-12-21 17:43:03.679478 | GENERATION: 264 | ERRORS: best=1302.0, median=2152.5, diversity=0.715 | INDIVIDUALS: n=200, avg_genome_length=22.065 | VIRUSES: gene_rate=0.000
2021-12-21 17:43:09.020623 | GENERATION: 265 | ERRORS: best=1311.0, median=2148.0, diversity=0.65 | INDIVIDUALS: n=200, avg_genome_length=21.57 | VIRUSES: gene_rate=0.000
2021-12-21 17:43:16.308671 | GENERATION: 266 | ERRORS: best=1309.0, median=2154.0, diversity=0.73 | INDIVIDUALS: n=200, avg_genome_length=21.78 | VIRUSES: gene_rate=0.000
2021-12-21 17:43:21.585627 | GENERATION: 267 | ERRORS: best=1316.0, median=2154.0, diversity=0.585 | INDIVIDUALS: n=200, avg_genome_length=19.91 | VIRUSES: gene_rate=0.000
2021-12-21 17:43:26.936134 | GENERATION: 268 | ERRORS: best=1312.0, median=2129.0, diversity=0.645 | INDIVIDUALS: n=200, avg_genome_length=20.995 | VIRUSES: gene_rate=0.000
2021-12-21 17:43:31.793146 | GENERATION: 269 | ERRORS: best=1308.0, median=2154.0, diversity=0.62 | INDIVIDUALS: n=200, avg_genome_length=20.37 | VIRUSES: gene_rate=0.000
2021-12-21 17:43:36.765159 | GENERATION: 270 | ERRORS: best=1308.0, median=2154.0, diversity=0.57 | INDIVIDUALS: n=200, avg_genome_length=19.235 | VIRUSES: gene_rate=0.000
2021-12-21 17:43:42.547845 | GENERATION: 271 | ERRORS: best=1319.0, median=2154.0, diversity=0.67 | INDIVIDUALS: n=200, avg_genome_length=19.56 | VIRUSES: gene_rate=0.000
2021-12-21 17:43:49.075210 | GENERATION: 272 | ERRORS: best=1327.0, median=2183.0, diversity=0.585 | INDIVIDUALS: n=200, avg_genome_length=19.74 | VIRUSES: gene_rate=0.000
2021-12-21 17:43:55.648008 | GENERATION: 273 | ERRORS: best=1302.0, median=2154.0, diversity=0.68 | INDIVIDUALS: n=200, avg_genome_length=21.315 | VIRUSES: gene_rate=0.000
2021-12-21 17:44:01.823440 | GENERATION: 274 | ERRORS: best=1314.0, median=2154.0, diversity=0.6 | INDIVIDUALS: n=200, avg_genome_length=20.775 | VIRUSES: gene_rate=0.000
2021-12-21 17:44:06.176133 | GENERATION: 275 | ERRORS: best=1335.0, median=2152.0, diversity=0.67 | INDIVIDUALS: n=200, avg_genome_length=21.7 | VIRUSES: gene_rate=0.000
2021-12-21 17:44:11.369900 | GENERATION: 276 | ERRORS: best=1301.0, median=2073.0, diversity=0.66 | INDIVIDUALS: n=200, avg_genome_length=23.445 | VIRUSES: gene_rate=0.000
2021-12-21 17:44:16.368886 | GENERATION: 277 | ERRORS: best=1313.0, median=2154.0, diversity=0.69 | INDIVIDUALS: n=200, avg_genome_length=23.015 | VIRUSES: gene_rate=0.000
2021-12-21 17:44:22.935220 | GENERATION: 278 | ERRORS: best=1288.0, median=2118.5, diversity=0.705 | INDIVIDUALS: n=200, avg_genome_length=22.47 | VIRUSES: gene_rate=0.000
2021-12-21 17:44:27.616295 | GENERATION: 279 | ERRORS: best=1305.0, median=2073.0, diversity=0.66 | INDIVIDUALS: n=200, avg_genome_length=21.815 | VIRUSES: gene_rate=0.000
2021-12-21 17:44:32.672578 | GENERATION: 280 | ERRORS: best=1311.0, median=2073.0, diversity=0.78 | INDIVIDUALS: n=200, avg_genome_length=21.215 | VIRUSES: gene_rate=0.000
2021-12-21 17:44:37.742023 | GENERATION: 281 | ERRORS: best=1308.0, median=2079.5, diversity=0.67 | INDIVIDUALS: n=200, avg_genome_length=20.95 | VIRUSES: gene_rate=0.000
2021-12-21 17:44:52.633341 | GENERATION: 282 | ERRORS: best=1275.0, median=2135.0, diversity=0.7 | INDIVIDUALS: n=200, avg_genome_length=20.71 | VIRUSES: gene_rate=0.000
2021-12-21 17:45:04.163709 | GENERATION: 283 | ERRORS: best=1249.0, median=2073.0, diversity=0.655 | INDIVIDUALS: n=200, avg_genome_length=19.89 | VIRUSES: gene_rate=0.000
2021-12-21 17:45:07.593667 | GENERATION: 284 | ERRORS: best=1271.0, median=2073.0, diversity=0.615 | INDIVIDUALS: n=200, avg_genome_length=20.6 | VIRUSES: gene_rate=0.000
2021-12-21 17:45:12.079820 | GENERATION: 285 | ERRORS: best=1293.0, median=2135.0, diversity=0.67 | INDIVIDUALS: n=200, avg_genome_length=20.575 | VIRUSES: gene_rate=0.000
2021-12-21 17:45:16.925615 | GENERATION: 286 | ERRORS: best=1311.0, median=2073.0, diversity=0.63 | INDIVIDUALS: n=200, avg_genome_length=20.8 | VIRUSES: gene_rate=0.000
2021-12-21 17:45:21.764255 | GENERATION: 287 | ERRORS: best=1307.0, median=2073.0, diversity=0.685 | INDIVIDUALS: n=200, avg_genome_length=20.555 | VIRUSES: gene_rate=0.000
2021-12-21 17:45:28.377131 | GENERATION: 288 | ERRORS: best=1296.0, median=2073.0, diversity=0.715 | INDIVIDUALS: n=200, avg_genome_length=20.125 | VIRUSES: gene_rate=0.000
2021-12-21 17:45:33.462507 | GENERATION: 289 | ERRORS: best=1301.0, median=2154.0, diversity=0.62 | INDIVIDUALS: n=200, avg_genome_length=19.18 | VIRUSES: gene_rate=0.000
2021-12-21 17:45:36.694240 | GENERATION: 290 | ERRORS: best=1321.0, median=2147.5, diversity=0.64 | INDIVIDUALS: n=200, avg_genome_length=19.13 | VIRUSES: gene_rate=0.000
2021-12-21 17:45:42.954391 | GENERATION: 291 | ERRORS: best=1309.0, median=2171.5, diversity=0.69 | INDIVIDUALS: n=200, avg_genome_length=19.38 | VIRUSES: gene_rate=0.000
2021-12-21 17:45:46.598633 | GENERATION: 292 | ERRORS: best=1326.0, median=2073.0, diversity=0.655 | INDIVIDUALS: n=200, avg_genome_length=19.655 | VIRUSES: gene_rate=0.000
2021-12-21 17:45:52.014612 | GENERATION: 293 | ERRORS: best=1324.0, median=2154.0, diversity=0.655 | INDIVIDUALS: n=200, avg_genome_length=20.07 | VIRUSES: gene_rate=0.000
2021-12-21 17:45:56.338340 | GENERATION: 294 | ERRORS: best=1311.0, median=2154.0, diversity=0.63 | INDIVIDUALS: n=200, avg_genome_length=20.32 | VIRUSES: gene_rate=0.000
2021-12-21 17:46:02.817655 | GENERATION: 295 | ERRORS: best=1308.0, median=2157.0, diversity=0.72 | INDIVIDUALS: n=200, avg_genome_length=20.515 | VIRUSES: gene_rate=0.000
2021-12-21 17:46:08.685208 | GENERATION: 296 | ERRORS: best=1335.0, median=2149.5, diversity=0.69 | INDIVIDUALS: n=200, avg_genome_length=20.44 | VIRUSES: gene_rate=0.000
2021-12-21 17:46:13.489889 | GENERATION: 297 | ERRORS: best=1318.0, median=2073.0, diversity=0.685 | INDIVIDUALS: n=200, avg_genome_length=20.39 | VIRUSES: gene_rate=0.000
2021-12-21 17:46:18.910596 | GENERATION: 298 | ERRORS: best=1312.0, median=2118.0, diversity=0.64 | INDIVIDUALS: n=200, avg_genome_length=20.655 | VIRUSES: gene_rate=0.000
2021-12-21 17:46:24.514041 | GENERATION: 299 | ERRORS: best=1325.0, median=2073.0, diversity=0.735 | INDIVIDUALS: n=200, avg_genome_length=21.355 | VIRUSES: gene_rate=0.000
2021-12-21 17:46:29.915604 | GENERATION: 300 | ERRORS: best=1311.0, median=2073.0, diversity=0.67 | INDIVIDUALS: n=200, avg_genome_length=21.875 | VIRUSES: gene_rate=0.000
Simplifying genome of length 25 with total error 1249.0.
Simplified genome by 1 to length 24.
Simplified genome by 1 to length 23.
Simplified genome by 1 to length 22.
Simplified genome by 1 to length 21.
Simplified genome by 1 to length 20.
Simplified genome by 1 to length 19.
Simplified genome to length 19 and total error 1249.0.
========================================
End Run
========================================
No solution found.
Best Seen Individual
	Genome:
	 pvector([Input(input_index=0), InstructionMeta(name='vector_int_push_all', code_blocks=0), InstructionMeta(name='exec_dup', code_blocks=1), InstructionMeta(name='int_lt', code_blocks=0), InstructionMeta(name='bool_dup', code_blocks=0), InstructionMeta(name='vector_int_remove', code_blocks=0), InstructionMeta(name='int_gte', code_blocks=0), InstructionMeta(name='exec_do_while', code_blocks=1), InstructionMeta(name='bool_shove', code_blocks=0), InstructionMeta(name='bool_stack_depth', code_blocks=0), InstructionMeta(name='exec_shove_dup', code_blocks=1), InstructionMeta(name='int_min', code_blocks=0), Closer(), Closer(), InstructionMeta(name='exec_is_empty', code_blocks=0), InstructionMeta(name='int_yank', code_blocks=0), Input(input_index=0), Literal(value=2000, push_type=<pyshgp.push.types.PushIntType object at 0x7f9448801c10>), InstructionMeta(name='int_stack_depth', code_blocks=0)])
	Program:
	 (input_0 vector_int_push_all exec_dup (int_lt bool_dup vector_int_remove int_gte exec_do_while (bool_shove bool_stack_depth exec_shove_dup (int_min)) exec_is_empty int_yank input_0 2000 int_stack_depth))
	Error vector:
	 [ 9.  9.  9.  3. 10.  1.  0. 14.  2. 12.  9.  5.  0.  1.  4.  4. 14.  9.
 20.  4.  1.  2.  0. 10.  4.  0.  3.  0.  7.  3.  2.  6.  6.  1.  1.  1.
 12. 20. 15.  4. 23. 14.  0. 19.  3.  1.  2.  6.  1.  3.  7.  1.  4. 13.
 11. 22. 17.  1.  1.  6.  1.  1.  1. 20.  1. 12. 14. 14. 17. 13.  9.  6.
 13.  6.  6. 10. 14. 19.  4.  0.  0. 11.  1.  0.  0. 22.  0.  1. 14.  0.
  4. 19. 13.  7.  0.  1.  7.  1.  0. 12.  1. 28.  5. 11.  1.  7.  0.  9.
  8.  0.  1. 14.  0.  7. 21.  3. 11.  1.  1.  5.  0.  0. 11.  9. 13.  1.
  1.  6.  3.  8. 25.  4.  3.  2.  5.  1.  1.  1.  0.  3.  0.  7.  5.  2.
 11. 15. 22. 13.  0. 18.  4.  7.  0.  2. 20.  6.  0.  1.  6.  2.  0.  4.
  3.  1.  2. 22.  8.  7.  0.  1.  0. 14.  1. 10.  1.  4. 15.  4.  1.  2.
  1.  4. 14.  0.  1.  0.  1.  2.  1. 13.  5.  1.  1. 10.  1. 13.  0.  6.
  8.  9.]
	Total error:
	 1249.0
	Test error:
	 17260.0
	Time:
	 00:38:15
