Included 32 edge cases.
Included 168 random cases.
Included 200 cases in total.
Finished formatting.
Included 0 edge cases.
Included 2000 random cases.
Included 2000 cases in total.
Finished formatting.
========================================
Setup
========================================
Search Configuration:
signature: ProgramSignature(push_config=PushConfig(numeric_magnitude_limit=1000000000000.0, collection_size_cap=1000, growth_cap=500, runtime_limit=10, step_limit=1500), output_stacks=['int'], arity=1)
evaluator: <pyshgp.gp.evaluation.DatasetEvaluator object at 0x7f172bcb5820>
spawner: <pyshgp.gp.genome.GeneSpawner object at 0x7f176ad21eb0>
population_size: 200
max_generations: 300
error_threshold: 0.0
initial_genome_size: (50, 250)
simplification_steps: 500
parallel_context: <pyshgp.gp.search.ParallelContext object at 0x7f172bcb5580>
selection: <pyshgp.utils.DiscreteProbDistrib object at 0x7f172c4a7e40>
variation: <pyshgp.utils.DiscreteProbDistrib object at 0x7f172c4a7dc0>
Instructions:
int_add, int_sub, int_mult, int_div, int_mod, int_min, int_max, int_inc, int_dec, int_lt, int_lte, int_gt, int_gte, int_from_bool, bool_and, bool_or, bool_not, bool_xor, bool_invert_first_then_and, bool_second_first_then_and, bool_from_int, noop, noop_open, exec_do_range, exec_do_count, exec_while, exec_do_while, exec_if, exec_when, vector_int_concat, vector_int_conj, vector_int_take, vector_int_subvec, vector_int_first, vector_int_last, vector_int_nth, vector_int_rest, vector_int_but_last, vector_int_length, vector_int_reverse, vector_int_push_all, vector_int_empty_vector, vector_int_contains, vector_int_index_of, vector_int_occurrences_of, vector_int_set_nth, vector_int_replace, vector_int_replace_first, vector_int_remove, vector_int_iterate, print_bool, println_bool, print_int, println_int, print_vector_int, println_vector_int, print_exec, println_exec, bool_pop, bool_dup, bool_dup_times, bool_swap, bool_rot, bool_flush, bool_eq, bool_stack_depth, bool_yank, bool_yank_dup, bool_shove, bool_shove_dup, bool_is_empty, int_pop, int_dup, int_dup_times, int_swap, int_rot, int_flush, int_eq, int_stack_depth, int_yank, int_yank_dup, int_shove, int_shove_dup, int_is_empty, vector_int_pop, vector_int_dup, vector_int_dup_times, vector_int_swap, vector_int_rot, vector_int_flush, vector_int_eq, vector_int_stack_depth, vector_int_yank, vector_int_yank_dup, vector_int_shove, vector_int_shove_dup, vector_int_is_empty, exec_pop, exec_dup, exec_dup_times, exec_swap, exec_rot, exec_flush, exec_eq, exec_stack_depth, exec_yank, exec_yank_dup, exec_shove, exec_shove_dup, exec_is_empty
Literals:
[Literal(value=0, push_type=<pyshgp.push.types.PushIntType object at 0x7f176ae71340>), Literal(value=1, push_type=<pyshgp.push.types.PushIntType object at 0x7f176ae71340>), Literal(value=2, push_type=<pyshgp.push.types.PushIntType object at 0x7f176ae71340>)]
ERC Generators:
[<function rand_int at 0x7f172cf011f0>]
========================================
Start Run
========================================
2021-12-19 11:38:32.089436 | GENERATION: 1 | ERRORS: best=1891.0, median=2217.0, diversity=0.025 | INDIVIDUALS: n=200, avg_genome_length=138.51
2021-12-19 11:38:40.285305 | GENERATION: 2 | ERRORS: best=1885.0, median=2217.0, diversity=0.15 | INDIVIDUALS: n=200, avg_genome_length=106.25
2021-12-19 11:38:53.195244 | GENERATION: 3 | ERRORS: best=1885.0, median=2217.0, diversity=0.215 | INDIVIDUALS: n=200, avg_genome_length=103.34
2021-12-19 11:39:08.466076 | GENERATION: 4 | ERRORS: best=1885.0, median=2217.0, diversity=0.245 | INDIVIDUALS: n=200, avg_genome_length=99.57
2021-12-19 11:39:22.866299 | GENERATION: 5 | ERRORS: best=1885.0, median=2242.0, diversity=0.28 | INDIVIDUALS: n=200, avg_genome_length=95.025
2021-12-19 11:39:36.912193 | GENERATION: 6 | ERRORS: best=1885.0, median=2383.0, diversity=0.335 | INDIVIDUALS: n=200, avg_genome_length=92.325
2021-12-19 11:39:52.966518 | GENERATION: 7 | ERRORS: best=1885.0, median=2218.5, diversity=0.345 | INDIVIDUALS: n=200, avg_genome_length=91.46
2021-12-19 11:40:10.019061 | GENERATION: 8 | ERRORS: best=1879.0, median=2685.0, diversity=0.39 | INDIVIDUALS: n=200, avg_genome_length=89.67
2021-12-19 11:40:27.656611 | GENERATION: 9 | ERRORS: best=1863.0, median=2608.5, diversity=0.455 | INDIVIDUALS: n=200, avg_genome_length=87.585
2021-12-19 11:40:40.682553 | GENERATION: 10 | ERRORS: best=1823.0, median=2349.5, diversity=0.425 | INDIVIDUALS: n=200, avg_genome_length=85.81
2021-12-19 11:40:51.027793 | GENERATION: 11 | ERRORS: best=1526.0, median=2220.5, diversity=0.465 | INDIVIDUALS: n=200, avg_genome_length=83.78
2021-12-19 11:41:02.639739 | GENERATION: 12 | ERRORS: best=1439.0, median=2217.0, diversity=0.575 | INDIVIDUALS: n=200, avg_genome_length=80.01
2021-12-19 11:41:10.370849 | GENERATION: 13 | ERRORS: best=1414.0, median=2217.0, diversity=0.54 | INDIVIDUALS: n=200, avg_genome_length=76.985
2021-12-19 11:41:21.148782 | GENERATION: 14 | ERRORS: best=1411.0, median=2217.0, diversity=0.575 | INDIVIDUALS: n=200, avg_genome_length=75.48
2021-12-19 11:41:29.157317 | GENERATION: 15 | ERRORS: best=1379.0, median=2217.0, diversity=0.535 | INDIVIDUALS: n=200, avg_genome_length=75.045
2021-12-19 11:41:37.278679 | GENERATION: 16 | ERRORS: best=1381.0, median=2217.0, diversity=0.595 | INDIVIDUALS: n=200, avg_genome_length=73.22
2021-12-19 11:41:46.224971 | GENERATION: 17 | ERRORS: best=1364.0, median=2217.0, diversity=0.58 | INDIVIDUALS: n=200, avg_genome_length=72.425
2021-12-19 11:41:56.181055 | GENERATION: 18 | ERRORS: best=1375.0, median=2217.0, diversity=0.64 | INDIVIDUALS: n=200, avg_genome_length=70.75
2021-12-19 11:42:04.332025 | GENERATION: 19 | ERRORS: best=1351.0, median=2217.0, diversity=0.615 | INDIVIDUALS: n=200, avg_genome_length=69.11
2021-12-19 11:42:12.015687 | GENERATION: 20 | ERRORS: best=1366.0, median=2217.0, diversity=0.57 | INDIVIDUALS: n=200, avg_genome_length=65.905
2021-12-19 11:42:19.334798 | GENERATION: 21 | ERRORS: best=1341.0, median=2217.0, diversity=0.54 | INDIVIDUALS: n=200, avg_genome_length=60.755
2021-12-19 11:42:24.964297 | GENERATION: 22 | ERRORS: best=1344.0, median=2217.0, diversity=0.545 | INDIVIDUALS: n=200, avg_genome_length=58.455
2021-12-19 11:42:31.496067 | GENERATION: 23 | ERRORS: best=1364.0, median=2217.0, diversity=0.57 | INDIVIDUALS: n=200, avg_genome_length=54.785
2021-12-19 11:42:37.702667 | GENERATION: 24 | ERRORS: best=1380.0, median=2105.0, diversity=0.51 | INDIVIDUALS: n=200, avg_genome_length=51.505
2021-12-19 11:42:47.192446 | GENERATION: 25 | ERRORS: best=1381.0, median=2183.0, diversity=0.48 | INDIVIDUALS: n=200, avg_genome_length=50.02
2021-12-19 11:42:54.588190 | GENERATION: 26 | ERRORS: best=1371.0, median=2132.0, diversity=0.59 | INDIVIDUALS: n=200, avg_genome_length=51.19
2021-12-19 11:43:01.097194 | GENERATION: 27 | ERRORS: best=1383.0, median=2217.0, diversity=0.525 | INDIVIDUALS: n=200, avg_genome_length=50.535
2021-12-19 11:43:08.178143 | GENERATION: 28 | ERRORS: best=1394.0, median=2217.0, diversity=0.6 | INDIVIDUALS: n=200, avg_genome_length=49.67
2021-12-19 11:43:13.863487 | GENERATION: 29 | ERRORS: best=1378.0, median=2217.0, diversity=0.595 | INDIVIDUALS: n=200, avg_genome_length=45.72
2021-12-19 11:43:19.946534 | GENERATION: 30 | ERRORS: best=1371.0, median=2217.0, diversity=0.575 | INDIVIDUALS: n=200, avg_genome_length=43.54
2021-12-19 11:43:25.260934 | GENERATION: 31 | ERRORS: best=1378.0, median=2217.0, diversity=0.575 | INDIVIDUALS: n=200, avg_genome_length=43.445
2021-12-19 11:43:30.949418 | GENERATION: 32 | ERRORS: best=1383.0, median=2154.5, diversity=0.57 | INDIVIDUALS: n=200, avg_genome_length=42.235
2021-12-19 11:43:36.624968 | GENERATION: 33 | ERRORS: best=1384.0, median=2217.0, diversity=0.59 | INDIVIDUALS: n=200, avg_genome_length=43.725
2021-12-19 11:43:40.450420 | GENERATION: 34 | ERRORS: best=1381.0, median=2217.0, diversity=0.6 | INDIVIDUALS: n=200, avg_genome_length=40.705
2021-12-19 11:43:45.201185 | GENERATION: 35 | ERRORS: best=1378.0, median=2149.5, diversity=0.535 | INDIVIDUALS: n=200, avg_genome_length=35.62
2021-12-19 11:43:50.307539 | GENERATION: 36 | ERRORS: best=1384.0, median=2144.0, diversity=0.515 | INDIVIDUALS: n=200, avg_genome_length=35.165
2021-12-19 11:43:58.494509 | GENERATION: 37 | ERRORS: best=1381.0, median=2217.0, diversity=0.535 | INDIVIDUALS: n=200, avg_genome_length=34.255
2021-12-19 11:44:03.254550 | GENERATION: 38 | ERRORS: best=1383.0, median=2217.0, diversity=0.515 | INDIVIDUALS: n=200, avg_genome_length=33.77
2021-12-19 11:44:08.083550 | GENERATION: 39 | ERRORS: best=1383.0, median=2217.0, diversity=0.525 | INDIVIDUALS: n=200, avg_genome_length=33.185
2021-12-19 11:44:12.613161 | GENERATION: 40 | ERRORS: best=1352.0, median=2105.0, diversity=0.53 | INDIVIDUALS: n=200, avg_genome_length=29.285
2021-12-19 11:44:18.179784 | GENERATION: 41 | ERRORS: best=1352.0, median=2217.0, diversity=0.465 | INDIVIDUALS: n=200, avg_genome_length=29.05
2021-12-19 11:44:23.917753 | GENERATION: 42 | ERRORS: best=1313.0, median=2217.0, diversity=0.525 | INDIVIDUALS: n=200, avg_genome_length=28.49
2021-12-19 11:44:31.078915 | GENERATION: 43 | ERRORS: best=1298.0, median=2217.0, diversity=0.62 | INDIVIDUALS: n=200, avg_genome_length=30.365
2021-12-19 11:44:38.917304 | GENERATION: 44 | ERRORS: best=1324.0, median=2153.0, diversity=0.525 | INDIVIDUALS: n=200, avg_genome_length=29.42
2021-12-19 11:44:46.884060 | GENERATION: 45 | ERRORS: best=1343.0, median=2217.0, diversity=0.59 | INDIVIDUALS: n=200, avg_genome_length=31.285
2021-12-19 11:44:54.965269 | GENERATION: 46 | ERRORS: best=1295.0, median=2217.0, diversity=0.52 | INDIVIDUALS: n=200, avg_genome_length=30.565
2021-12-19 11:45:04.087309 | GENERATION: 47 | ERRORS: best=1293.0, median=2105.0, diversity=0.505 | INDIVIDUALS: n=200, avg_genome_length=31.03
2021-12-19 11:45:14.075538 | GENERATION: 48 | ERRORS: best=1293.0, median=2177.0, diversity=0.59 | INDIVIDUALS: n=200, avg_genome_length=32.065
2021-12-19 11:45:24.513199 | GENERATION: 49 | ERRORS: best=1295.0, median=2217.0, diversity=0.625 | INDIVIDUALS: n=200, avg_genome_length=31.625
2021-12-19 11:45:34.486899 | GENERATION: 50 | ERRORS: best=1298.0, median=2217.0, diversity=0.58 | INDIVIDUALS: n=200, avg_genome_length=30.985
2021-12-19 11:45:44.444079 | GENERATION: 51 | ERRORS: best=1280.0, median=2141.0, diversity=0.555 | INDIVIDUALS: n=200, avg_genome_length=32.13
2021-12-19 11:45:57.792960 | GENERATION: 52 | ERRORS: best=1293.0, median=2217.0, diversity=0.58 | INDIVIDUALS: n=200, avg_genome_length=29.86
2021-12-19 11:46:07.412266 | GENERATION: 53 | ERRORS: best=1295.0, median=2217.0, diversity=0.575 | INDIVIDUALS: n=200, avg_genome_length=29.855
2021-12-19 11:46:15.362433 | GENERATION: 54 | ERRORS: best=1323.0, median=2217.0, diversity=0.5 | INDIVIDUALS: n=200, avg_genome_length=29.605
2021-12-19 11:46:23.250008 | GENERATION: 55 | ERRORS: best=1343.0, median=2217.0, diversity=0.5 | INDIVIDUALS: n=200, avg_genome_length=28.995
2021-12-19 11:46:28.078825 | GENERATION: 56 | ERRORS: best=1362.0, median=2217.0, diversity=0.54 | INDIVIDUALS: n=200, avg_genome_length=30.805
2021-12-19 11:46:35.841046 | GENERATION: 57 | ERRORS: best=1334.0, median=2217.0, diversity=0.64 | INDIVIDUALS: n=200, avg_genome_length=31.695
2021-12-19 11:46:43.317805 | GENERATION: 58 | ERRORS: best=1362.0, median=2217.0, diversity=0.505 | INDIVIDUALS: n=200, avg_genome_length=31.025
2021-12-19 11:46:50.616697 | GENERATION: 59 | ERRORS: best=1344.0, median=2217.0, diversity=0.55 | INDIVIDUALS: n=200, avg_genome_length=29.205
2021-12-19 11:47:06.350148 | GENERATION: 60 | ERRORS: best=1295.0, median=2217.0, diversity=0.56 | INDIVIDUALS: n=200, avg_genome_length=29.225
2021-12-19 11:47:15.339299 | GENERATION: 61 | ERRORS: best=1298.0, median=2217.0, diversity=0.535 | INDIVIDUALS: n=200, avg_genome_length=30.885
2021-12-19 11:47:23.989195 | GENERATION: 62 | ERRORS: best=1334.0, median=2217.0, diversity=0.555 | INDIVIDUALS: n=200, avg_genome_length=30.64
2021-12-19 11:47:31.431205 | GENERATION: 63 | ERRORS: best=1306.0, median=2217.0, diversity=0.6 | INDIVIDUALS: n=200, avg_genome_length=31.695
2021-12-19 11:47:39.463465 | GENERATION: 64 | ERRORS: best=1295.0, median=2217.0, diversity=0.59 | INDIVIDUALS: n=200, avg_genome_length=32.73
2021-12-19 11:47:46.286652 | GENERATION: 65 | ERRORS: best=1295.0, median=2217.0, diversity=0.51 | INDIVIDUALS: n=200, avg_genome_length=33.175
2021-12-19 11:47:54.614060 | GENERATION: 66 | ERRORS: best=1298.0, median=2217.0, diversity=0.585 | INDIVIDUALS: n=200, avg_genome_length=34.31
2021-12-19 11:48:01.984965 | GENERATION: 67 | ERRORS: best=1312.0, median=2217.0, diversity=0.555 | INDIVIDUALS: n=200, avg_genome_length=36.405
2021-12-19 11:48:10.732767 | GENERATION: 68 | ERRORS: best=1295.0, median=2217.0, diversity=0.58 | INDIVIDUALS: n=200, avg_genome_length=39.27
2021-12-19 11:48:17.420861 | GENERATION: 69 | ERRORS: best=1298.0, median=2217.0, diversity=0.56 | INDIVIDUALS: n=200, avg_genome_length=39.29
2021-12-19 11:48:24.604451 | GENERATION: 70 | ERRORS: best=1271.0, median=2217.0, diversity=0.575 | INDIVIDUALS: n=200, avg_genome_length=40.87
2021-12-19 11:48:28.849701 | GENERATION: 71 | ERRORS: best=1295.0, median=2108.5, diversity=0.55 | INDIVIDUALS: n=200, avg_genome_length=40.07
2021-12-19 11:48:34.931222 | GENERATION: 72 | ERRORS: best=1295.0, median=2113.0, diversity=0.56 | INDIVIDUALS: n=200, avg_genome_length=39.45
2021-12-19 11:48:39.748618 | GENERATION: 73 | ERRORS: best=1280.0, median=2217.0, diversity=0.605 | INDIVIDUALS: n=200, avg_genome_length=37.105
2021-12-19 11:48:47.307417 | GENERATION: 74 | ERRORS: best=1280.0, median=2217.0, diversity=0.58 | INDIVIDUALS: n=200, avg_genome_length=36.525
2021-12-19 11:48:55.377128 | GENERATION: 75 | ERRORS: best=1295.0, median=2217.0, diversity=0.515 | INDIVIDUALS: n=200, avg_genome_length=35.72
2021-12-19 11:49:06.834093 | GENERATION: 76 | ERRORS: best=1291.0, median=2217.0, diversity=0.51 | INDIVIDUALS: n=200, avg_genome_length=33.465
2021-12-19 11:49:12.923611 | GENERATION: 77 | ERRORS: best=1301.0, median=2217.0, diversity=0.475 | INDIVIDUALS: n=200, avg_genome_length=32.97
2021-12-19 11:49:20.444438 | GENERATION: 78 | ERRORS: best=1334.0, median=2217.0, diversity=0.47 | INDIVIDUALS: n=200, avg_genome_length=29.76
2021-12-19 11:49:30.902247 | GENERATION: 79 | ERRORS: best=1312.0, median=2108.5, diversity=0.505 | INDIVIDUALS: n=200, avg_genome_length=30.375
2021-12-19 11:49:36.621909 | GENERATION: 80 | ERRORS: best=1334.0, median=2217.0, diversity=0.535 | INDIVIDUALS: n=200, avg_genome_length=31.69
2021-12-19 11:49:42.174740 | GENERATION: 81 | ERRORS: best=1334.0, median=2217.0, diversity=0.54 | INDIVIDUALS: n=200, avg_genome_length=32.245
2021-12-19 11:49:46.818168 | GENERATION: 82 | ERRORS: best=1370.0, median=2217.0, diversity=0.49 | INDIVIDUALS: n=200, avg_genome_length=33.155
2021-12-19 11:49:52.441138 | GENERATION: 83 | ERRORS: best=1371.0, median=2119.0, diversity=0.61 | INDIVIDUALS: n=200, avg_genome_length=33.15
2021-12-19 11:49:57.932936 | GENERATION: 84 | ERRORS: best=1371.0, median=2217.0, diversity=0.61 | INDIVIDUALS: n=200, avg_genome_length=36.535
2021-12-19 11:50:03.144337 | GENERATION: 85 | ERRORS: best=1320.0, median=2217.0, diversity=0.605 | INDIVIDUALS: n=200, avg_genome_length=37.065
2021-12-19 11:50:08.292701 | GENERATION: 86 | ERRORS: best=1330.0, median=2217.0, diversity=0.665 | INDIVIDUALS: n=200, avg_genome_length=36.605
2021-12-19 11:50:14.344398 | GENERATION: 87 | ERRORS: best=1357.0, median=2217.0, diversity=0.61 | INDIVIDUALS: n=200, avg_genome_length=35.965
2021-12-19 11:50:21.610699 | GENERATION: 88 | ERRORS: best=1357.0, median=2217.0, diversity=0.6 | INDIVIDUALS: n=200, avg_genome_length=35.97
2021-12-19 11:50:29.910943 | GENERATION: 89 | ERRORS: best=1339.0, median=2217.0, diversity=0.61 | INDIVIDUALS: n=200, avg_genome_length=36.035
2021-12-19 11:50:36.765897 | GENERATION: 90 | ERRORS: best=1281.0, median=2217.0, diversity=0.625 | INDIVIDUALS: n=200, avg_genome_length=33.87
2021-12-19 11:50:43.933657 | GENERATION: 91 | ERRORS: best=1281.0, median=2217.0, diversity=0.6 | INDIVIDUALS: n=200, avg_genome_length=31.705
2021-12-19 11:50:51.503718 | GENERATION: 92 | ERRORS: best=1334.0, median=2217.0, diversity=0.61 | INDIVIDUALS: n=200, avg_genome_length=30.415
2021-12-19 11:50:58.319104 | GENERATION: 93 | ERRORS: best=1314.0, median=2217.0, diversity=0.6 | INDIVIDUALS: n=200, avg_genome_length=31.915
2021-12-19 11:51:05.588110 | GENERATION: 94 | ERRORS: best=1314.0, median=2217.0, diversity=0.66 | INDIVIDUALS: n=200, avg_genome_length=31.605
2021-12-19 11:51:12.655131 | GENERATION: 95 | ERRORS: best=1335.0, median=2217.0, diversity=0.595 | INDIVIDUALS: n=200, avg_genome_length=30.71
2021-12-19 11:51:21.037426 | GENERATION: 96 | ERRORS: best=1305.0, median=2217.0, diversity=0.555 | INDIVIDUALS: n=200, avg_genome_length=30.655
2021-12-19 11:51:28.294145 | GENERATION: 97 | ERRORS: best=1285.0, median=2217.0, diversity=0.61 | INDIVIDUALS: n=200, avg_genome_length=30.745
2021-12-19 11:51:34.277058 | GENERATION: 98 | ERRORS: best=1285.0, median=2217.0, diversity=0.56 | INDIVIDUALS: n=200, avg_genome_length=31.08
2021-12-19 11:51:38.407511 | GENERATION: 99 | ERRORS: best=1343.0, median=2217.0, diversity=0.53 | INDIVIDUALS: n=200, avg_genome_length=30.31
2021-12-19 11:51:45.123127 | GENERATION: 100 | ERRORS: best=1326.0, median=2217.0, diversity=0.505 | INDIVIDUALS: n=200, avg_genome_length=29.03
2021-12-19 11:51:51.775889 | GENERATION: 101 | ERRORS: best=1242.0, median=2217.0, diversity=0.52 | INDIVIDUALS: n=200, avg_genome_length=28.62
2021-12-19 11:51:59.385761 | GENERATION: 102 | ERRORS: best=1386.0, median=2217.0, diversity=0.575 | INDIVIDUALS: n=200, avg_genome_length=30.1
2021-12-19 11:52:05.736368 | GENERATION: 103 | ERRORS: best=1362.0, median=2146.5, diversity=0.61 | INDIVIDUALS: n=200, avg_genome_length=33.43
2021-12-19 11:52:13.035361 | GENERATION: 104 | ERRORS: best=1356.0, median=2217.0, diversity=0.63 | INDIVIDUALS: n=200, avg_genome_length=33.74
2021-12-19 11:52:19.884577 | GENERATION: 105 | ERRORS: best=1356.0, median=2217.0, diversity=0.48 | INDIVIDUALS: n=200, avg_genome_length=31.585
2021-12-19 11:52:36.648304 | GENERATION: 106 | ERRORS: best=1356.0, median=2217.0, diversity=0.52 | INDIVIDUALS: n=200, avg_genome_length=33.535
2021-12-19 11:52:41.544661 | GENERATION: 107 | ERRORS: best=1362.0, median=2217.0, diversity=0.48 | INDIVIDUALS: n=200, avg_genome_length=30.595
2021-12-19 11:52:50.309047 | GENERATION: 108 | ERRORS: best=1334.0, median=2217.0, diversity=0.49 | INDIVIDUALS: n=200, avg_genome_length=30.32
2021-12-19 11:52:58.977100 | GENERATION: 109 | ERRORS: best=1334.0, median=2217.0, diversity=0.565 | INDIVIDUALS: n=200, avg_genome_length=28.24
2021-12-19 11:53:04.368421 | GENERATION: 110 | ERRORS: best=1361.0, median=2112.5, diversity=0.495 | INDIVIDUALS: n=200, avg_genome_length=27.185
2021-12-19 11:53:11.309040 | GENERATION: 111 | ERRORS: best=1390.0, median=2144.0, diversity=0.5 | INDIVIDUALS: n=200, avg_genome_length=29.31
2021-12-19 11:53:16.926489 | GENERATION: 112 | ERRORS: best=1278.0, median=2217.0, diversity=0.565 | INDIVIDUALS: n=200, avg_genome_length=29.635
2021-12-19 11:53:22.298396 | GENERATION: 113 | ERRORS: best=1348.0, median=2217.0, diversity=0.475 | INDIVIDUALS: n=200, avg_genome_length=29.25
2021-12-19 11:53:27.416368 | GENERATION: 114 | ERRORS: best=1370.0, median=2217.0, diversity=0.505 | INDIVIDUALS: n=200, avg_genome_length=27.92
2021-12-19 11:53:38.016168 | GENERATION: 115 | ERRORS: best=1334.0, median=2217.0, diversity=0.44 | INDIVIDUALS: n=200, avg_genome_length=28.065
2021-12-19 11:53:43.164476 | GENERATION: 116 | ERRORS: best=1334.0, median=2217.0, diversity=0.455 | INDIVIDUALS: n=200, avg_genome_length=30.9
2021-12-19 11:53:49.180037 | GENERATION: 117 | ERRORS: best=1334.0, median=2217.0, diversity=0.475 | INDIVIDUALS: n=200, avg_genome_length=29.395
2021-12-19 11:53:53.609681 | GENERATION: 118 | ERRORS: best=1334.0, median=2217.0, diversity=0.5 | INDIVIDUALS: n=200, avg_genome_length=29.99
2021-12-19 11:53:58.698079 | GENERATION: 119 | ERRORS: best=1321.0, median=2217.0, diversity=0.465 | INDIVIDUALS: n=200, avg_genome_length=29.37
2021-12-19 11:54:04.131934 | GENERATION: 120 | ERRORS: best=1321.0, median=2217.0, diversity=0.5 | INDIVIDUALS: n=200, avg_genome_length=30.735
2021-12-19 11:54:08.885509 | GENERATION: 121 | ERRORS: best=1321.0, median=2217.0, diversity=0.465 | INDIVIDUALS: n=200, avg_genome_length=27.745
2021-12-19 11:54:16.147105 | GENERATION: 122 | ERRORS: best=1334.0, median=2217.0, diversity=0.56 | INDIVIDUALS: n=200, avg_genome_length=28.0
2021-12-19 11:54:21.532422 | GENERATION: 123 | ERRORS: best=1334.0, median=2217.0, diversity=0.465 | INDIVIDUALS: n=200, avg_genome_length=26.125
2021-12-19 11:54:26.638760 | GENERATION: 124 | ERRORS: best=1383.0, median=2217.0, diversity=0.505 | INDIVIDUALS: n=200, avg_genome_length=27.895
2021-12-19 11:54:33.900902 | GENERATION: 125 | ERRORS: best=1383.0, median=2217.0, diversity=0.49 | INDIVIDUALS: n=200, avg_genome_length=27.575
2021-12-19 11:54:40.388222 | GENERATION: 126 | ERRORS: best=1383.0, median=2217.0, diversity=0.515 | INDIVIDUALS: n=200, avg_genome_length=24.805
2021-12-19 11:54:46.019946 | GENERATION: 127 | ERRORS: best=1346.0, median=2217.0, diversity=0.555 | INDIVIDUALS: n=200, avg_genome_length=24.57
2021-12-19 11:54:50.738913 | GENERATION: 128 | ERRORS: best=1346.0, median=2217.0, diversity=0.5 | INDIVIDUALS: n=200, avg_genome_length=24.28
2021-12-19 11:54:56.641604 | GENERATION: 129 | ERRORS: best=1361.0, median=2217.0, diversity=0.48 | INDIVIDUALS: n=200, avg_genome_length=22.505
2021-12-19 11:55:04.718047 | GENERATION: 130 | ERRORS: best=1408.0, median=2217.0, diversity=0.525 | INDIVIDUALS: n=200, avg_genome_length=22.385
2021-12-19 11:55:10.458178 | GENERATION: 131 | ERRORS: best=1362.0, median=2217.0, diversity=0.44 | INDIVIDUALS: n=200, avg_genome_length=22.875
2021-12-19 11:55:14.824137 | GENERATION: 132 | ERRORS: best=1384.0, median=2153.0, diversity=0.47 | INDIVIDUALS: n=200, avg_genome_length=23.18
2021-12-19 11:55:19.381914 | GENERATION: 133 | ERRORS: best=1394.0, median=2217.0, diversity=0.415 | INDIVIDUALS: n=200, avg_genome_length=21.205
2021-12-19 11:55:24.530469 | GENERATION: 134 | ERRORS: best=1387.0, median=2217.0, diversity=0.42 | INDIVIDUALS: n=200, avg_genome_length=19.605
2021-12-19 11:55:28.415450 | GENERATION: 135 | ERRORS: best=1378.0, median=2217.0, diversity=0.425 | INDIVIDUALS: n=200, avg_genome_length=20.745
2021-12-19 11:55:32.630243 | GENERATION: 136 | ERRORS: best=1378.0, median=2183.0, diversity=0.445 | INDIVIDUALS: n=200, avg_genome_length=21.4
2021-12-19 11:55:37.704463 | GENERATION: 137 | ERRORS: best=1364.0, median=2217.0, diversity=0.46 | INDIVIDUALS: n=200, avg_genome_length=21.715
2021-12-19 11:55:42.950516 | GENERATION: 138 | ERRORS: best=1389.0, median=2105.0, diversity=0.525 | INDIVIDUALS: n=200, avg_genome_length=21.24
2021-12-19 11:55:48.273706 | GENERATION: 139 | ERRORS: best=1381.0, median=2217.0, diversity=0.49 | INDIVIDUALS: n=200, avg_genome_length=19.83
2021-12-19 11:55:51.675615 | GENERATION: 140 | ERRORS: best=1329.0, median=2118.5, diversity=0.495 | INDIVIDUALS: n=200, avg_genome_length=17.54
2021-12-19 11:55:56.314991 | GENERATION: 141 | ERRORS: best=1247.0, median=2117.0, diversity=0.54 | INDIVIDUALS: n=200, avg_genome_length=15.695
2021-12-19 11:56:01.171088 | GENERATION: 142 | ERRORS: best=1356.0, median=2217.0, diversity=0.445 | INDIVIDUALS: n=200, avg_genome_length=14.57
2021-12-19 11:56:05.404423 | GENERATION: 143 | ERRORS: best=1388.0, median=2217.0, diversity=0.45 | INDIVIDUALS: n=200, avg_genome_length=14.0
2021-12-19 11:56:10.420170 | GENERATION: 144 | ERRORS: best=1334.0, median=2217.0, diversity=0.415 | INDIVIDUALS: n=200, avg_genome_length=16.395
2021-12-19 11:56:15.029871 | GENERATION: 145 | ERRORS: best=1379.0, median=2217.0, diversity=0.44 | INDIVIDUALS: n=200, avg_genome_length=16.165
2021-12-19 11:56:19.187256 | GENERATION: 146 | ERRORS: best=1383.0, median=2111.0, diversity=0.49 | INDIVIDUALS: n=200, avg_genome_length=16.715
2021-12-19 11:56:23.905620 | GENERATION: 147 | ERRORS: best=1374.0, median=2105.0, diversity=0.49 | INDIVIDUALS: n=200, avg_genome_length=16.855
2021-12-19 11:56:28.119886 | GENERATION: 148 | ERRORS: best=1373.0, median=2109.0, diversity=0.5 | INDIVIDUALS: n=200, avg_genome_length=18.375
2021-12-19 11:56:32.720975 | GENERATION: 149 | ERRORS: best=1381.0, median=2142.5, diversity=0.435 | INDIVIDUALS: n=200, avg_genome_length=20.215
2021-12-19 11:56:36.812410 | GENERATION: 150 | ERRORS: best=1351.0, median=2105.0, diversity=0.47 | INDIVIDUALS: n=200, avg_genome_length=19.855
2021-12-19 11:56:39.846942 | GENERATION: 151 | ERRORS: best=1352.0, median=2185.0, diversity=0.495 | INDIVIDUALS: n=200, avg_genome_length=19.095
2021-12-19 11:56:48.472101 | GENERATION: 152 | ERRORS: best=1378.0, median=2153.0, diversity=0.465 | INDIVIDUALS: n=200, avg_genome_length=17.225
2021-12-19 11:56:53.024937 | GENERATION: 153 | ERRORS: best=1438.0, median=2217.0, diversity=0.375 | INDIVIDUALS: n=200, avg_genome_length=17.63
2021-12-19 11:56:55.141176 | GENERATION: 154 | ERRORS: best=1371.0, median=2217.0, diversity=0.34 | INDIVIDUALS: n=200, avg_genome_length=15.535
2021-12-19 11:56:58.720542 | GENERATION: 155 | ERRORS: best=1458.0, median=2217.0, diversity=0.31 | INDIVIDUALS: n=200, avg_genome_length=14.465
2021-12-19 11:57:03.051440 | GENERATION: 156 | ERRORS: best=1446.0, median=2217.0, diversity=0.295 | INDIVIDUALS: n=200, avg_genome_length=15.89
2021-12-19 11:57:06.865771 | GENERATION: 157 | ERRORS: best=1436.0, median=2217.0, diversity=0.37 | INDIVIDUALS: n=200, avg_genome_length=16.495
2021-12-19 11:57:10.104953 | GENERATION: 158 | ERRORS: best=1410.0, median=2217.0, diversity=0.395 | INDIVIDUALS: n=200, avg_genome_length=16.89
2021-12-19 11:57:14.314791 | GENERATION: 159 | ERRORS: best=1486.0, median=2217.0, diversity=0.325 | INDIVIDUALS: n=200, avg_genome_length=16.51
2021-12-19 11:57:20.119025 | GENERATION: 160 | ERRORS: best=1417.0, median=2217.0, diversity=0.375 | INDIVIDUALS: n=200, avg_genome_length=16.465
2021-12-19 11:57:24.690572 | GENERATION: 161 | ERRORS: best=1438.0, median=2217.0, diversity=0.305 | INDIVIDUALS: n=200, avg_genome_length=15.525
2021-12-19 11:57:28.748693 | GENERATION: 162 | ERRORS: best=1477.0, median=2217.0, diversity=0.33 | INDIVIDUALS: n=200, avg_genome_length=16.36
2021-12-19 11:57:31.946467 | GENERATION: 163 | ERRORS: best=1402.0, median=2217.0, diversity=0.335 | INDIVIDUALS: n=200, avg_genome_length=16.55
2021-12-19 11:57:36.961235 | GENERATION: 164 | ERRORS: best=1454.0, median=2217.0, diversity=0.385 | INDIVIDUALS: n=200, avg_genome_length=17.025
2021-12-19 11:57:41.018821 | GENERATION: 165 | ERRORS: best=1390.0, median=2217.0, diversity=0.415 | INDIVIDUALS: n=200, avg_genome_length=16.105
2021-12-19 11:57:45.630573 | GENERATION: 166 | ERRORS: best=1390.0, median=2217.0, diversity=0.465 | INDIVIDUALS: n=200, avg_genome_length=15.54
2021-12-19 11:57:50.794425 | GENERATION: 167 | ERRORS: best=1381.0, median=2217.0, diversity=0.455 | INDIVIDUALS: n=200, avg_genome_length=15.18
2021-12-19 11:57:55.105325 | GENERATION: 168 | ERRORS: best=1381.0, median=2217.0, diversity=0.46 | INDIVIDUALS: n=200, avg_genome_length=14.87
2021-12-19 11:58:00.139166 | GENERATION: 169 | ERRORS: best=1386.0, median=2217.0, diversity=0.385 | INDIVIDUALS: n=200, avg_genome_length=13.645
2021-12-19 11:58:05.157961 | GENERATION: 170 | ERRORS: best=1419.0, median=2217.0, diversity=0.41 | INDIVIDUALS: n=200, avg_genome_length=13.19
2021-12-19 11:58:10.711447 | GENERATION: 171 | ERRORS: best=1438.0, median=2217.0, diversity=0.375 | INDIVIDUALS: n=200, avg_genome_length=11.745
2021-12-19 11:58:13.230091 | GENERATION: 172 | ERRORS: best=1421.0, median=2217.0, diversity=0.36 | INDIVIDUALS: n=200, avg_genome_length=12.36
2021-12-19 11:58:18.046034 | GENERATION: 173 | ERRORS: best=1334.0, median=2217.0, diversity=0.345 | INDIVIDUALS: n=200, avg_genome_length=11.815
2021-12-19 11:58:20.530356 | GENERATION: 174 | ERRORS: best=1363.0, median=2217.0, diversity=0.37 | INDIVIDUALS: n=200, avg_genome_length=11.63
2021-12-19 11:58:25.151865 | GENERATION: 175 | ERRORS: best=1376.0, median=2217.0, diversity=0.335 | INDIVIDUALS: n=200, avg_genome_length=11.54
2021-12-19 11:58:29.505106 | GENERATION: 176 | ERRORS: best=1363.0, median=2217.0, diversity=0.38 | INDIVIDUALS: n=200, avg_genome_length=12.29
2021-12-19 11:58:34.589679 | GENERATION: 177 | ERRORS: best=1334.0, median=2217.0, diversity=0.345 | INDIVIDUALS: n=200, avg_genome_length=11.855
2021-12-19 11:58:40.815069 | GENERATION: 178 | ERRORS: best=1334.0, median=2217.0, diversity=0.44 | INDIVIDUALS: n=200, avg_genome_length=11.86
2021-12-19 11:58:47.728816 | GENERATION: 179 | ERRORS: best=1334.0, median=2217.0, diversity=0.46 | INDIVIDUALS: n=200, avg_genome_length=11.205
2021-12-19 11:58:54.499750 | GENERATION: 180 | ERRORS: best=1334.0, median=2217.0, diversity=0.385 | INDIVIDUALS: n=200, avg_genome_length=10.38
2021-12-19 11:58:56.669429 | GENERATION: 181 | ERRORS: best=1334.0, median=2217.0, diversity=0.355 | INDIVIDUALS: n=200, avg_genome_length=10.62
2021-12-19 11:59:02.458148 | GENERATION: 182 | ERRORS: best=1334.0, median=2217.0, diversity=0.39 | INDIVIDUALS: n=200, avg_genome_length=10.965
2021-12-19 11:59:07.518532 | GENERATION: 183 | ERRORS: best=1334.0, median=2217.0, diversity=0.38 | INDIVIDUALS: n=200, avg_genome_length=10.565
2021-12-19 11:59:12.737987 | GENERATION: 184 | ERRORS: best=1362.0, median=2217.0, diversity=0.425 | INDIVIDUALS: n=200, avg_genome_length=10.53
2021-12-19 11:59:15.094386 | GENERATION: 185 | ERRORS: best=1334.0, median=2217.0, diversity=0.35 | INDIVIDUALS: n=200, avg_genome_length=10.6
2021-12-19 11:59:19.310663 | GENERATION: 186 | ERRORS: best=1373.0, median=2217.0, diversity=0.31 | INDIVIDUALS: n=200, avg_genome_length=10.075
2021-12-19 11:59:23.841818 | GENERATION: 187 | ERRORS: best=1334.0, median=2217.0, diversity=0.4 | INDIVIDUALS: n=200, avg_genome_length=9.135
2021-12-19 11:59:26.372168 | GENERATION: 188 | ERRORS: best=1334.0, median=2217.0, diversity=0.37 | INDIVIDUALS: n=200, avg_genome_length=10.52
2021-12-19 11:59:30.255293 | GENERATION: 189 | ERRORS: best=1334.0, median=2217.0, diversity=0.37 | INDIVIDUALS: n=200, avg_genome_length=11.425
2021-12-19 11:59:35.180424 | GENERATION: 190 | ERRORS: best=1334.0, median=2217.0, diversity=0.43 | INDIVIDUALS: n=200, avg_genome_length=11.78
2021-12-19 11:59:43.313917 | GENERATION: 191 | ERRORS: best=1334.0, median=2217.0, diversity=0.435 | INDIVIDUALS: n=200, avg_genome_length=12.25
2021-12-19 11:59:48.905522 | GENERATION: 192 | ERRORS: best=1357.0, median=2217.0, diversity=0.46 | INDIVIDUALS: n=200, avg_genome_length=11.655
2021-12-19 11:59:51.232942 | GENERATION: 193 | ERRORS: best=1381.0, median=2217.0, diversity=0.345 | INDIVIDUALS: n=200, avg_genome_length=10.875
2021-12-19 11:59:53.688759 | GENERATION: 194 | ERRORS: best=1334.0, median=2217.0, diversity=0.375 | INDIVIDUALS: n=200, avg_genome_length=11.655
2021-12-19 12:00:00.156432 | GENERATION: 195 | ERRORS: best=1334.0, median=2217.0, diversity=0.37 | INDIVIDUALS: n=200, avg_genome_length=11.69
2021-12-19 12:00:04.828894 | GENERATION: 196 | ERRORS: best=1390.0, median=2217.0, diversity=0.365 | INDIVIDUALS: n=200, avg_genome_length=11.87
2021-12-19 12:00:08.378476 | GENERATION: 197 | ERRORS: best=1334.0, median=2217.0, diversity=0.38 | INDIVIDUALS: n=200, avg_genome_length=12.635
2021-12-19 12:00:14.380725 | GENERATION: 198 | ERRORS: best=1334.0, median=2217.0, diversity=0.39 | INDIVIDUALS: n=200, avg_genome_length=13.725
2021-12-19 12:00:17.285660 | GENERATION: 199 | ERRORS: best=1381.0, median=2217.0, diversity=0.465 | INDIVIDUALS: n=200, avg_genome_length=13.59
2021-12-19 12:00:23.135140 | GENERATION: 200 | ERRORS: best=1381.0, median=2217.0, diversity=0.44 | INDIVIDUALS: n=200, avg_genome_length=13.56
2021-12-19 12:00:28.080485 | GENERATION: 201 | ERRORS: best=1381.0, median=2217.0, diversity=0.4 | INDIVIDUALS: n=200, avg_genome_length=12.575
2021-12-19 12:00:31.116119 | GENERATION: 202 | ERRORS: best=1362.0, median=2217.0, diversity=0.37 | INDIVIDUALS: n=200, avg_genome_length=12.315
2021-12-19 12:00:34.593875 | GENERATION: 203 | ERRORS: best=1357.0, median=2217.0, diversity=0.375 | INDIVIDUALS: n=200, avg_genome_length=12.665
2021-12-19 12:00:37.224373 | GENERATION: 204 | ERRORS: best=1334.0, median=2217.0, diversity=0.34 | INDIVIDUALS: n=200, avg_genome_length=12.69
2021-12-19 12:00:41.449852 | GENERATION: 205 | ERRORS: best=1362.0, median=2217.0, diversity=0.31 | INDIVIDUALS: n=200, avg_genome_length=11.545
2021-12-19 12:00:44.399611 | GENERATION: 206 | ERRORS: best=1357.0, median=2217.0, diversity=0.28 | INDIVIDUALS: n=200, avg_genome_length=10.975
2021-12-19 12:00:47.403567 | GENERATION: 207 | ERRORS: best=1362.0, median=2217.0, diversity=0.32 | INDIVIDUALS: n=200, avg_genome_length=11.155
2021-12-19 12:00:50.719923 | GENERATION: 208 | ERRORS: best=1362.0, median=2217.0, diversity=0.315 | INDIVIDUALS: n=200, avg_genome_length=11.235
2021-12-19 12:00:54.221794 | GENERATION: 209 | ERRORS: best=1362.0, median=2217.0, diversity=0.3 | INDIVIDUALS: n=200, avg_genome_length=10.895
2021-12-19 12:00:55.844254 | GENERATION: 210 | ERRORS: best=1362.0, median=2217.0, diversity=0.285 | INDIVIDUALS: n=200, avg_genome_length=11.265
2021-12-19 12:00:59.550673 | GENERATION: 211 | ERRORS: best=1334.0, median=2217.0, diversity=0.325 | INDIVIDUALS: n=200, avg_genome_length=11.165
2021-12-19 12:01:05.011126 | GENERATION: 212 | ERRORS: best=1362.0, median=2217.0, diversity=0.33 | INDIVIDUALS: n=200, avg_genome_length=11.235
2021-12-19 12:01:07.679892 | GENERATION: 213 | ERRORS: best=1362.0, median=2217.0, diversity=0.305 | INDIVIDUALS: n=200, avg_genome_length=11.765
2021-12-19 12:01:13.461378 | GENERATION: 214 | ERRORS: best=1337.0, median=2217.0, diversity=0.295 | INDIVIDUALS: n=200, avg_genome_length=10.605
2021-12-19 12:01:18.886104 | GENERATION: 215 | ERRORS: best=1362.0, median=2217.0, diversity=0.28 | INDIVIDUALS: n=200, avg_genome_length=9.82
2021-12-19 12:01:23.062071 | GENERATION: 216 | ERRORS: best=1362.0, median=2217.0, diversity=0.24 | INDIVIDUALS: n=200, avg_genome_length=9.695
2021-12-19 12:01:27.816394 | GENERATION: 217 | ERRORS: best=1384.0, median=2217.0, diversity=0.255 | INDIVIDUALS: n=200, avg_genome_length=10.235
2021-12-19 12:01:30.183898 | GENERATION: 218 | ERRORS: best=1449.0, median=2217.0, diversity=0.295 | INDIVIDUALS: n=200, avg_genome_length=9.745
2021-12-19 12:01:34.156242 | GENERATION: 219 | ERRORS: best=1449.0, median=2217.0, diversity=0.25 | INDIVIDUALS: n=200, avg_genome_length=9.245
2021-12-19 12:01:36.007596 | GENERATION: 220 | ERRORS: best=1418.0, median=2217.0, diversity=0.25 | INDIVIDUALS: n=200, avg_genome_length=9.81
2021-12-19 12:01:38.494074 | GENERATION: 221 | ERRORS: best=1418.0, median=2217.0, diversity=0.265 | INDIVIDUALS: n=200, avg_genome_length=9.87
2021-12-19 12:01:40.048357 | GENERATION: 222 | ERRORS: best=1334.0, median=2217.0, diversity=0.265 | INDIVIDUALS: n=200, avg_genome_length=10.145
2021-12-19 12:01:44.502828 | GENERATION: 223 | ERRORS: best=1543.0, median=2217.0, diversity=0.31 | INDIVIDUALS: n=200, avg_genome_length=9.795
2021-12-19 12:01:48.769535 | GENERATION: 224 | ERRORS: best=1487.0, median=2217.0, diversity=0.29 | INDIVIDUALS: n=200, avg_genome_length=8.835
2021-12-19 12:01:54.383860 | GENERATION: 225 | ERRORS: best=1449.0, median=2217.0, diversity=0.255 | INDIVIDUALS: n=200, avg_genome_length=9.535
2021-12-19 12:01:58.872496 | GENERATION: 226 | ERRORS: best=1522.0, median=2217.0, diversity=0.245 | INDIVIDUALS: n=200, avg_genome_length=10.13
2021-12-19 12:02:03.284381 | GENERATION: 227 | ERRORS: best=1481.0, median=2217.0, diversity=0.285 | INDIVIDUALS: n=200, avg_genome_length=10.49
2021-12-19 12:02:07.315728 | GENERATION: 228 | ERRORS: best=1438.0, median=2217.0, diversity=0.345 | INDIVIDUALS: n=200, avg_genome_length=13.065
2021-12-19 12:02:11.603078 | GENERATION: 229 | ERRORS: best=1438.0, median=2217.0, diversity=0.3 | INDIVIDUALS: n=200, avg_genome_length=13.055
2021-12-19 12:02:15.785274 | GENERATION: 230 | ERRORS: best=1362.0, median=2217.0, diversity=0.34 | INDIVIDUALS: n=200, avg_genome_length=14.055
2021-12-19 12:02:21.544015 | GENERATION: 231 | ERRORS: best=1334.0, median=2217.0, diversity=0.34 | INDIVIDUALS: n=200, avg_genome_length=12.675
2021-12-19 12:02:27.439558 | GENERATION: 232 | ERRORS: best=1418.0, median=2217.0, diversity=0.37 | INDIVIDUALS: n=200, avg_genome_length=10.92
2021-12-19 12:02:32.112066 | GENERATION: 233 | ERRORS: best=1592.0, median=2217.0, diversity=0.335 | INDIVIDUALS: n=200, avg_genome_length=10.215
2021-12-19 12:02:38.265519 | GENERATION: 234 | ERRORS: best=1526.0, median=2217.0, diversity=0.285 | INDIVIDUALS: n=200, avg_genome_length=10.725
2021-12-19 12:02:42.083923 | GENERATION: 235 | ERRORS: best=1562.0, median=2217.0, diversity=0.34 | INDIVIDUALS: n=200, avg_genome_length=10.845
2021-12-19 12:02:46.728071 | GENERATION: 236 | ERRORS: best=1434.0, median=2217.0, diversity=0.34 | INDIVIDUALS: n=200, avg_genome_length=10.52
2021-12-19 12:02:52.211239 | GENERATION: 237 | ERRORS: best=1403.0, median=2180.0, diversity=0.345 | INDIVIDUALS: n=200, avg_genome_length=10.415
2021-12-19 12:02:54.981578 | GENERATION: 238 | ERRORS: best=1388.0, median=2217.0, diversity=0.345 | INDIVIDUALS: n=200, avg_genome_length=10.485
2021-12-19 12:03:00.840123 | GENERATION: 239 | ERRORS: best=1377.0, median=2217.0, diversity=0.415 | INDIVIDUALS: n=200, avg_genome_length=12.235
2021-12-19 12:03:06.158125 | GENERATION: 240 | ERRORS: best=1372.0, median=2217.0, diversity=0.415 | INDIVIDUALS: n=200, avg_genome_length=12.4
2021-12-19 12:03:09.638700 | GENERATION: 241 | ERRORS: best=1383.0, median=2217.0, diversity=0.355 | INDIVIDUALS: n=200, avg_genome_length=12.6
2021-12-19 12:03:15.345595 | GENERATION: 242 | ERRORS: best=1378.0, median=2217.0, diversity=0.405 | INDIVIDUALS: n=200, avg_genome_length=13.47
2021-12-19 12:03:21.093487 | GENERATION: 243 | ERRORS: best=1408.0, median=2217.0, diversity=0.415 | INDIVIDUALS: n=200, avg_genome_length=12.94
2021-12-19 12:03:26.282862 | GENERATION: 244 | ERRORS: best=1383.0, median=2217.0, diversity=0.435 | INDIVIDUALS: n=200, avg_genome_length=12.385
2021-12-19 12:03:31.859591 | GENERATION: 245 | ERRORS: best=1373.0, median=2217.0, diversity=0.425 | INDIVIDUALS: n=200, avg_genome_length=12.915
2021-12-19 12:03:37.994982 | GENERATION: 246 | ERRORS: best=1376.0, median=2217.0, diversity=0.425 | INDIVIDUALS: n=200, avg_genome_length=13.6
2021-12-19 12:03:43.535598 | GENERATION: 247 | ERRORS: best=1359.0, median=2217.0, diversity=0.46 | INDIVIDUALS: n=200, avg_genome_length=14.935
2021-12-19 12:03:49.369205 | GENERATION: 248 | ERRORS: best=1359.0, median=2217.0, diversity=0.39 | INDIVIDUALS: n=200, avg_genome_length=13.72
2021-12-19 12:03:54.629603 | GENERATION: 249 | ERRORS: best=1391.0, median=2217.0, diversity=0.4 | INDIVIDUALS: n=200, avg_genome_length=13.045
2021-12-19 12:03:59.747745 | GENERATION: 250 | ERRORS: best=1414.0, median=2217.0, diversity=0.39 | INDIVIDUALS: n=200, avg_genome_length=13.11
2021-12-19 12:04:05.592275 | GENERATION: 251 | ERRORS: best=1346.0, median=2217.0, diversity=0.41 | INDIVIDUALS: n=200, avg_genome_length=14.14
2021-12-19 12:04:18.706681 | GENERATION: 252 | ERRORS: best=1381.0, median=2217.0, diversity=0.375 | INDIVIDUALS: n=200, avg_genome_length=13.91
2021-12-19 12:04:26.692969 | GENERATION: 253 | ERRORS: best=1381.0, median=2217.0, diversity=0.435 | INDIVIDUALS: n=200, avg_genome_length=15.18
2021-12-19 12:04:33.287968 | GENERATION: 254 | ERRORS: best=1441.0, median=2217.0, diversity=0.395 | INDIVIDUALS: n=200, avg_genome_length=14.735
2021-12-19 12:04:38.538558 | GENERATION: 255 | ERRORS: best=1383.0, median=2217.0, diversity=0.4 | INDIVIDUALS: n=200, avg_genome_length=14.225
2021-12-19 12:04:44.578202 | GENERATION: 256 | ERRORS: best=1383.0, median=2217.0, diversity=0.445 | INDIVIDUALS: n=200, avg_genome_length=15.41
2021-12-19 12:04:50.580121 | GENERATION: 257 | ERRORS: best=1383.0, median=2217.0, diversity=0.49 | INDIVIDUALS: n=200, avg_genome_length=14.75
2021-12-19 12:04:58.410338 | GENERATION: 258 | ERRORS: best=1384.0, median=2217.0, diversity=0.42 | INDIVIDUALS: n=200, avg_genome_length=15.565
2021-12-19 12:05:04.108738 | GENERATION: 259 | ERRORS: best=1480.0, median=2217.0, diversity=0.42 | INDIVIDUALS: n=200, avg_genome_length=15.665
2021-12-19 12:05:10.529956 | GENERATION: 260 | ERRORS: best=1527.0, median=2217.0, diversity=0.425 | INDIVIDUALS: n=200, avg_genome_length=15.16
2021-12-19 12:05:15.767882 | GENERATION: 261 | ERRORS: best=1447.0, median=2217.0, diversity=0.435 | INDIVIDUALS: n=200, avg_genome_length=17.045
2021-12-19 12:05:20.936004 | GENERATION: 262 | ERRORS: best=1360.0, median=2153.0, diversity=0.435 | INDIVIDUALS: n=200, avg_genome_length=18.405
2021-12-19 12:05:28.177039 | GENERATION: 263 | ERRORS: best=1319.0, median=2217.0, diversity=0.46 | INDIVIDUALS: n=200, avg_genome_length=19.85
2021-12-19 12:05:33.495756 | GENERATION: 264 | ERRORS: best=1398.0, median=2217.0, diversity=0.485 | INDIVIDUALS: n=200, avg_genome_length=18.82
2021-12-19 12:05:38.968615 | GENERATION: 265 | ERRORS: best=1422.0, median=2217.0, diversity=0.44 | INDIVIDUALS: n=200, avg_genome_length=18.14
2021-12-19 12:05:57.025264 | GENERATION: 266 | ERRORS: best=1395.0, median=2217.0, diversity=0.405 | INDIVIDUALS: n=200, avg_genome_length=16.465
2021-12-19 12:06:16.151585 | GENERATION: 267 | ERRORS: best=1441.0, median=2217.0, diversity=0.335 | INDIVIDUALS: n=200, avg_genome_length=15.045
2021-12-19 12:06:20.363508 | GENERATION: 268 | ERRORS: best=1411.0, median=2217.0, diversity=0.38 | INDIVIDUALS: n=200, avg_genome_length=16.16
2021-12-19 12:06:25.458790 | GENERATION: 269 | ERRORS: best=1455.0, median=2217.0, diversity=0.395 | INDIVIDUALS: n=200, avg_genome_length=17.09
2021-12-19 12:06:29.913439 | GENERATION: 270 | ERRORS: best=1412.0, median=2217.0, diversity=0.4 | INDIVIDUALS: n=200, avg_genome_length=17.12
2021-12-19 12:06:35.353446 | GENERATION: 271 | ERRORS: best=1431.0, median=2217.0, diversity=0.395 | INDIVIDUALS: n=200, avg_genome_length=17.085
2021-12-19 12:06:40.228549 | GENERATION: 272 | ERRORS: best=1389.0, median=2217.0, diversity=0.41 | INDIVIDUALS: n=200, avg_genome_length=17.43
2021-12-19 12:06:54.672182 | GENERATION: 273 | ERRORS: best=1385.0, median=2153.0, diversity=0.485 | INDIVIDUALS: n=200, avg_genome_length=17.1
2021-12-19 12:06:59.895392 | GENERATION: 274 | ERRORS: best=1410.0, median=2149.5, diversity=0.435 | INDIVIDUALS: n=200, avg_genome_length=16.795
2021-12-19 12:07:04.027273 | GENERATION: 275 | ERRORS: best=1399.0, median=2105.0, diversity=0.41 | INDIVIDUALS: n=200, avg_genome_length=17.78
2021-12-19 12:07:07.825742 | GENERATION: 276 | ERRORS: best=1351.0, median=2217.0, diversity=0.43 | INDIVIDUALS: n=200, avg_genome_length=18.415
2021-12-19 12:07:11.473541 | GENERATION: 277 | ERRORS: best=1351.0, median=2217.0, diversity=0.44 | INDIVIDUALS: n=200, avg_genome_length=19.965
2021-12-19 12:07:15.807105 | GENERATION: 278 | ERRORS: best=1292.0, median=2144.0, diversity=0.39 | INDIVIDUALS: n=200, avg_genome_length=19.685
2021-12-19 12:07:21.836477 | GENERATION: 279 | ERRORS: best=1474.0, median=2217.0, diversity=0.47 | INDIVIDUALS: n=200, avg_genome_length=21.05
2021-12-19 12:07:28.142807 | GENERATION: 280 | ERRORS: best=1474.0, median=2217.0, diversity=0.51 | INDIVIDUALS: n=200, avg_genome_length=21.345
2021-12-19 12:07:35.275244 | GENERATION: 281 | ERRORS: best=1339.0, median=2217.0, diversity=0.42 | INDIVIDUALS: n=200, avg_genome_length=21.405
2021-12-19 12:07:40.752312 | GENERATION: 282 | ERRORS: best=1407.0, median=2217.0, diversity=0.405 | INDIVIDUALS: n=200, avg_genome_length=21.17
2021-12-19 12:07:45.986076 | GENERATION: 283 | ERRORS: best=1291.0, median=2217.0, diversity=0.43 | INDIVIDUALS: n=200, avg_genome_length=22.78
2021-12-19 12:07:51.543720 | GENERATION: 284 | ERRORS: best=1433.0, median=2217.0, diversity=0.465 | INDIVIDUALS: n=200, avg_genome_length=20.175
2021-12-19 12:07:58.097468 | GENERATION: 285 | ERRORS: best=1398.0, median=2217.0, diversity=0.445 | INDIVIDUALS: n=200, avg_genome_length=19.515
2021-12-19 12:08:04.109295 | GENERATION: 286 | ERRORS: best=1389.0, median=2138.0, diversity=0.45 | INDIVIDUALS: n=200, avg_genome_length=17.42
2021-12-19 12:08:15.565527 | GENERATION: 287 | ERRORS: best=1399.0, median=2217.0, diversity=0.45 | INDIVIDUALS: n=200, avg_genome_length=16.31
2021-12-19 12:08:20.494370 | GENERATION: 288 | ERRORS: best=1247.0, median=2217.0, diversity=0.375 | INDIVIDUALS: n=200, avg_genome_length=16.665
2021-12-19 12:08:27.431496 | GENERATION: 289 | ERRORS: best=1439.0, median=2217.0, diversity=0.37 | INDIVIDUALS: n=200, avg_genome_length=15.735
2021-12-19 12:08:32.054104 | GENERATION: 290 | ERRORS: best=1416.0, median=2217.0, diversity=0.395 | INDIVIDUALS: n=200, avg_genome_length=17.455
2021-12-19 12:08:36.940505 | GENERATION: 291 | ERRORS: best=1391.0, median=2217.0, diversity=0.42 | INDIVIDUALS: n=200, avg_genome_length=17.935
2021-12-19 12:08:43.710143 | GENERATION: 292 | ERRORS: best=1442.0, median=2154.5, diversity=0.38 | INDIVIDUALS: n=200, avg_genome_length=17.655
2021-12-19 12:08:47.077328 | GENERATION: 293 | ERRORS: best=1455.0, median=2105.0, diversity=0.36 | INDIVIDUALS: n=200, avg_genome_length=16.48
2021-12-19 12:08:52.019480 | GENERATION: 294 | ERRORS: best=1454.0, median=2203.0, diversity=0.395 | INDIVIDUALS: n=200, avg_genome_length=15.15
2021-12-19 12:08:57.884190 | GENERATION: 295 | ERRORS: best=1247.0, median=2217.0, diversity=0.375 | INDIVIDUALS: n=200, avg_genome_length=15.76
2021-12-19 12:09:03.574748 | GENERATION: 296 | ERRORS: best=1474.0, median=2217.0, diversity=0.305 | INDIVIDUALS: n=200, avg_genome_length=15.115
2021-12-19 12:09:08.269299 | GENERATION: 297 | ERRORS: best=1479.0, median=2217.0, diversity=0.31 | INDIVIDUALS: n=200, avg_genome_length=13.895
2021-12-19 12:09:11.636039 | GENERATION: 298 | ERRORS: best=1438.0, median=2217.0, diversity=0.28 | INDIVIDUALS: n=200, avg_genome_length=13.98
2021-12-19 12:09:16.156416 | GENERATION: 299 | ERRORS: best=1438.0, median=2153.0, diversity=0.315 | INDIVIDUALS: n=200, avg_genome_length=14.74
2021-12-19 12:09:21.419425 | GENERATION: 300 | ERRORS: best=1441.0, median=2128.0, diversity=0.36 | INDIVIDUALS: n=200, avg_genome_length=14.495
Simplifying genome of length 22 with total error 1242.0.
Simplified genome by 1 to length 21.
Simplified genome by 2 to length 19.
Simplified genome by 2 to length 17.
Simplified genome by 2 to length 15.
Simplified genome by 1 to length 14.
Simplified genome by 1 to length 13.
Simplified genome by 1 to length 12.
Simplified genome by 1 to length 11.
Simplified genome to length 11 and total error 1067.0.
========================================
End Run
========================================
No solution found.
Best Seen Individual
	Genome:
	 pvector([Input(input_index=0), InstructionMeta(name='vector_int_push_all', code_blocks=0), InstructionMeta(name='int_inc', code_blocks=0), Literal(value=2, push_type=<pyshgp.push.types.PushIntType object at 0x7f172c8e9d90>), InstructionMeta(name='int_mod', code_blocks=0), InstructionMeta(name='exec_shove', code_blocks=1), InstructionMeta(name='exec_stack_depth', code_blocks=0), Closer(), InstructionMeta(name='int_stack_depth', code_blocks=0), InstructionMeta(name='exec_flush', code_blocks=0), InstructionMeta(name='int_add', code_blocks=0)])
	Program:
	 (input_0 vector_int_push_all int_inc 2 int_mod exec_shove (exec_stack_depth) int_stack_depth exec_flush int_add)
	Error vector:
	 [ 2.  0. 23.  0.  0.  1.  2.  2.  2.  0. 21.  0.  2.  5.  2.  1.  0.  0.
 13.  3.  0. 14.  3.  6.  2.  0.  2.  7.  0.  2.  2. 15.  0.  4. 17.  3.
  2.  2. 13. 11.  5.  2.  2.  0.  1.  5.  2.  2.  1. 38.  2.  0.  8.  4.
 13.  8.  1.  2.  2. 16.  2. 18.  7.  2. 22. 22.  4.  1.  2.  0.  0.  9.
  0.  8.  0.  0.  3.  2.  0.  0. 12.  9. 14.  0.  0.  8.  2.  2.  0.  2.
  2.  2.  2. 19.  4. 14.  9.  2.  2.  2.  0.  9.  2.  2.  6. 13.  0. 11.
  1.  2.  7.  2.  8.  0.  0.  2.  1.  0. 21. 16.  2.  0.  2. 17.  1.  0.
  2.  2.  4.  2.  3.  4.  0.  2.  0.  1.  8. 16.  0.  7.  5.  8. 12. 22.
  7.  0.  1.  2.  0. 12. 19.  0.  7.  2.  2.  2. 12.  0.  2.  0. 16.  2.
  7.  0.  2.  3.  3.  6.  0.  6.  1.  7. 27.  0.  9.  2. 19.  8.  2.  2.
 17.  5.  1.  2. 19. 15.  5.  2. 22.  0.  3.  1.  3.  0.  6.  2.  0. 18.
 24.  2.]
	Total error:
	 1067.0
	Test error:
	 12521.0
	Time:
	 00:31:21
