Included 32 edge cases.
Included 168 random cases.
Included 200 cases in total.
Finished formatting.
Included 0 edge cases.
Included 2000 random cases.
Included 2000 cases in total.
Finished formatting.
========================================
Setup
========================================
Search Configuration:
signature: ProgramSignature(push_config=PushConfig(growth_cap=500, numeric_magnitude_limit=1000000000000.0, collection_size_cap=1000, runtime_limit=10, step_limit=1500), arity=1, output_stacks=['int'])
evaluator: <pyshgp.gp.evaluation.DatasetEvaluator object at 0x7f75efe29640>
spawner: <pyshgp.gp.genome.GeneSpawner object at 0x7f75efe12550>
population_size: 200
max_generations: 300
error_threshold: 0.0
initial_genome_size: (50, 250)
simplification_steps: 500
parallel_context: <pyshgp.gp.search.ParallelContext object at 0x7f75efe29af0>
selection: <pyshgp.utils.DiscreteProbDistrib object at 0x7f75b1db6540>
variation: <pyshgp.utils.DiscreteProbDistrib object at 0x7f75b1dd6740>
Instructions:
int_add, int_sub, int_mult, int_div, int_mod, int_min, int_max, int_inc, int_dec, int_lt, int_lte, int_gt, int_gte, int_from_bool, bool_and, bool_or, bool_not, bool_xor, bool_invert_first_then_and, bool_second_first_then_and, bool_from_int, noop, noop_open, exec_do_range, exec_do_count, exec_while, exec_do_while, exec_if, exec_when, vector_int_concat, vector_int_conj, vector_int_take, vector_int_subvec, vector_int_first, vector_int_last, vector_int_nth, vector_int_rest, vector_int_but_last, vector_int_length, vector_int_reverse, vector_int_push_all, vector_int_empty_vector, vector_int_contains, vector_int_index_of, vector_int_occurrences_of, vector_int_set_nth, vector_int_replace, vector_int_replace_first, vector_int_remove, vector_int_iterate, print_bool, println_bool, print_int, println_int, print_vector_int, println_vector_int, print_exec, println_exec, bool_pop, bool_dup, bool_dup_times, bool_swap, bool_rot, bool_flush, bool_eq, bool_stack_depth, bool_yank, bool_yank_dup, bool_shove, bool_shove_dup, bool_is_empty, int_pop, int_dup, int_dup_times, int_swap, int_rot, int_flush, int_eq, int_stack_depth, int_yank, int_yank_dup, int_shove, int_shove_dup, int_is_empty, vector_int_pop, vector_int_dup, vector_int_dup_times, vector_int_swap, vector_int_rot, vector_int_flush, vector_int_eq, vector_int_stack_depth, vector_int_yank, vector_int_yank_dup, vector_int_shove, vector_int_shove_dup, vector_int_is_empty, exec_pop, exec_dup, exec_dup_times, exec_swap, exec_rot, exec_flush, exec_eq, exec_stack_depth, exec_yank, exec_yank_dup, exec_shove, exec_shove_dup, exec_is_empty
Literals:
[Literal(value=0, push_type=<pyshgp.push.types.PushIntType object at 0x7f75eff5f4f0>), Literal(value=1, push_type=<pyshgp.push.types.PushIntType object at 0x7f75eff5f4f0>), Literal(value=2, push_type=<pyshgp.push.types.PushIntType object at 0x7f75eff5f4f0>)]
ERC Generators:
[<function rand_int at 0x7f75b2073280>]
========================================
Start Run
========================================
2021-12-13 07:38:40.912424 | GENERATION: 1 | ERRORS: best=1891.0, median=200000000.0, diversity=0.035 | INDIVIDUALS: n=200, avg_genome_length=156.74
2021-12-13 07:38:47.267919 | GENERATION: 2 | ERRORS: best=1739.0, median=8543619.0, diversity=0.08 | INDIVIDUALS: n=200, avg_genome_length=114.92
2021-12-13 07:38:57.671045 | GENERATION: 3 | ERRORS: best=1739.0, median=2076.0, diversity=0.17 | INDIVIDUALS: n=200, avg_genome_length=142.145
2021-12-13 07:39:16.085971 | GENERATION: 4 | ERRORS: best=1739.0, median=2017.0, diversity=0.3 | INDIVIDUALS: n=200, avg_genome_length=171.07
2021-12-13 07:39:34.793368 | GENERATION: 5 | ERRORS: best=1732.0, median=3595.0, diversity=0.37 | INDIVIDUALS: n=200, avg_genome_length=178.695
2021-12-13 07:39:55.633806 | GENERATION: 6 | ERRORS: best=1539.0, median=2137.5, diversity=0.355 | INDIVIDUALS: n=200, avg_genome_length=182.395
2021-12-13 07:40:14.098567 | GENERATION: 7 | ERRORS: best=1545.0, median=7274.5, diversity=0.41 | INDIVIDUALS: n=200, avg_genome_length=180.875
2021-12-13 07:40:31.070296 | GENERATION: 8 | ERRORS: best=1408.0, median=12153.5, diversity=0.395 | INDIVIDUALS: n=200, avg_genome_length=181.2
2021-12-13 07:40:57.051801 | GENERATION: 9 | ERRORS: best=1377.0, median=2342.5, diversity=0.41 | INDIVIDUALS: n=200, avg_genome_length=177.07
2021-12-13 07:41:13.965000 | GENERATION: 10 | ERRORS: best=1373.0, median=2133.0, diversity=0.425 | INDIVIDUALS: n=200, avg_genome_length=183.3
2021-12-13 07:41:41.535604 | GENERATION: 11 | ERRORS: best=1705.0, median=2233.0, diversity=0.43 | INDIVIDUALS: n=200, avg_genome_length=178.605
2021-12-13 07:42:15.508078 | GENERATION: 12 | ERRORS: best=1373.0, median=2865.0, diversity=0.395 | INDIVIDUALS: n=200, avg_genome_length=181.34
2021-12-13 07:42:36.063070 | GENERATION: 13 | ERRORS: best=1373.0, median=2220.5, diversity=0.38 | INDIVIDUALS: n=200, avg_genome_length=178.665
2021-12-13 07:43:11.586295 | GENERATION: 14 | ERRORS: best=1388.0, median=21662.0, diversity=0.46 | INDIVIDUALS: n=200, avg_genome_length=177.095
2021-12-13 07:43:30.237141 | GENERATION: 15 | ERRORS: best=1318.0, median=2806.5, diversity=0.495 | INDIVIDUALS: n=200, avg_genome_length=177.705
2021-12-13 07:44:07.404704 | GENERATION: 16 | ERRORS: best=1327.0, median=5468.5, diversity=0.5 | INDIVIDUALS: n=200, avg_genome_length=182.04
2021-12-13 07:44:28.002881 | GENERATION: 17 | ERRORS: best=1434.0, median=2263.5, diversity=0.495 | INDIVIDUALS: n=200, avg_genome_length=183.945
2021-12-13 07:44:50.006261 | GENERATION: 18 | ERRORS: best=1412.0, median=2217.0, diversity=0.48 | INDIVIDUALS: n=200, avg_genome_length=183.66
2021-12-13 07:45:09.980978 | GENERATION: 19 | ERRORS: best=1319.0, median=2133.0, diversity=0.53 | INDIVIDUALS: n=200, avg_genome_length=181.505
2021-12-13 07:45:28.702578 | GENERATION: 20 | ERRORS: best=1368.0, median=2187.0, diversity=0.515 | INDIVIDUALS: n=200, avg_genome_length=180.805
2021-12-13 07:45:46.363552 | GENERATION: 21 | ERRORS: best=1558.0, median=8251.0, diversity=0.51 | INDIVIDUALS: n=200, avg_genome_length=179.725
2021-12-13 07:46:04.176361 | GENERATION: 22 | ERRORS: best=1374.0, median=2133.0, diversity=0.525 | INDIVIDUALS: n=200, avg_genome_length=176.975
2021-12-13 07:46:27.605353 | GENERATION: 23 | ERRORS: best=1387.0, median=23839.0, diversity=0.575 | INDIVIDUALS: n=200, avg_genome_length=173.205
2021-12-13 07:46:48.140384 | GENERATION: 24 | ERRORS: best=1425.0, median=75100.0, diversity=0.56 | INDIVIDUALS: n=200, avg_genome_length=170.465
2021-12-13 07:47:09.755794 | GENERATION: 25 | ERRORS: best=1263.0, median=7499.0, diversity=0.555 | INDIVIDUALS: n=200, avg_genome_length=172.64
2021-12-13 07:47:28.635219 | GENERATION: 26 | ERRORS: best=1289.0, median=2722.0, diversity=0.565 | INDIVIDUALS: n=200, avg_genome_length=171.15
2021-12-13 07:47:49.294934 | GENERATION: 27 | ERRORS: best=1341.0, median=2475.5, diversity=0.655 | INDIVIDUALS: n=200, avg_genome_length=170.955
2021-12-13 07:48:12.787340 | GENERATION: 28 | ERRORS: best=1288.0, median=3439.5, diversity=0.63 | INDIVIDUALS: n=200, avg_genome_length=172.3
2021-12-13 07:48:33.413913 | GENERATION: 29 | ERRORS: best=1251.0, median=16251.5, diversity=0.6 | INDIVIDUALS: n=200, avg_genome_length=176.35
2021-12-13 07:48:52.763526 | GENERATION: 30 | ERRORS: best=1269.0, median=2133.0, diversity=0.55 | INDIVIDUALS: n=200, avg_genome_length=170.75
2021-12-13 07:49:13.764886 | GENERATION: 31 | ERRORS: best=1263.0, median=2213.0, diversity=0.585 | INDIVIDUALS: n=200, avg_genome_length=172.76
2021-12-13 07:49:34.033096 | GENERATION: 32 | ERRORS: best=1258.0, median=2433.0, diversity=0.52 | INDIVIDUALS: n=200, avg_genome_length=165.565
2021-12-13 07:49:52.759263 | GENERATION: 33 | ERRORS: best=1251.0, median=2133.0, diversity=0.51 | INDIVIDUALS: n=200, avg_genome_length=165.785
2021-12-13 07:50:13.834576 | GENERATION: 34 | ERRORS: best=1317.0, median=2066.0, diversity=0.49 | INDIVIDUALS: n=200, avg_genome_length=167.095
2021-12-13 07:50:31.788596 | GENERATION: 35 | ERRORS: best=1263.0, median=2333.0, diversity=0.475 | INDIVIDUALS: n=200, avg_genome_length=172.06
2021-12-13 07:50:53.260027 | GENERATION: 36 | ERRORS: best=1269.0, median=2332.0, diversity=0.48 | INDIVIDUALS: n=200, avg_genome_length=168.105
2021-12-13 07:51:12.172392 | GENERATION: 37 | ERRORS: best=1251.0, median=2133.0, diversity=0.5 | INDIVIDUALS: n=200, avg_genome_length=164.765
2021-12-13 07:51:27.010620 | GENERATION: 38 | ERRORS: best=1251.0, median=2133.0, diversity=0.495 | INDIVIDUALS: n=200, avg_genome_length=159.925
2021-12-13 07:51:42.312460 | GENERATION: 39 | ERRORS: best=1251.0, median=2020.5, diversity=0.44 | INDIVIDUALS: n=200, avg_genome_length=149.185
2021-12-13 07:51:59.341374 | GENERATION: 40 | ERRORS: best=1251.0, median=2274.5, diversity=0.505 | INDIVIDUALS: n=200, avg_genome_length=145.715
2021-12-13 07:52:15.890175 | GENERATION: 41 | ERRORS: best=1251.0, median=2040.0, diversity=0.515 | INDIVIDUALS: n=200, avg_genome_length=141.1
2021-12-13 07:52:40.546786 | GENERATION: 42 | ERRORS: best=1251.0, median=2017.5, diversity=0.48 | INDIVIDUALS: n=200, avg_genome_length=143.025
2021-12-13 07:52:56.965869 | GENERATION: 43 | ERRORS: best=1251.0, median=2017.0, diversity=0.515 | INDIVIDUALS: n=200, avg_genome_length=138.89
2021-12-13 07:53:15.087989 | GENERATION: 44 | ERRORS: best=1288.0, median=2017.0, diversity=0.52 | INDIVIDUALS: n=200, avg_genome_length=138.295
2021-12-13 07:53:33.909716 | GENERATION: 45 | ERRORS: best=1251.0, median=2017.0, diversity=0.5 | INDIVIDUALS: n=200, avg_genome_length=135.435
2021-12-13 07:53:52.855356 | GENERATION: 46 | ERRORS: best=1251.0, median=2017.0, diversity=0.5 | INDIVIDUALS: n=200, avg_genome_length=133.015
2021-12-13 07:54:13.880658 | GENERATION: 47 | ERRORS: best=1329.0, median=2017.0, diversity=0.615 | INDIVIDUALS: n=200, avg_genome_length=131.355
2021-12-13 07:54:36.903645 | GENERATION: 48 | ERRORS: best=1320.0, median=2017.0, diversity=0.595 | INDIVIDUALS: n=200, avg_genome_length=125.675
2021-12-13 07:55:01.893684 | GENERATION: 49 | ERRORS: best=1267.0, median=2333.0, diversity=0.65 | INDIVIDUALS: n=200, avg_genome_length=127.2
2021-12-13 07:55:26.081704 | GENERATION: 50 | ERRORS: best=1358.0, median=2133.0, diversity=0.635 | INDIVIDUALS: n=200, avg_genome_length=123.06
2021-12-13 07:55:50.260748 | GENERATION: 51 | ERRORS: best=1344.0, median=2020.5, diversity=0.615 | INDIVIDUALS: n=200, avg_genome_length=121.87
2021-12-13 07:56:15.098150 | GENERATION: 52 | ERRORS: best=1336.0, median=2020.5, diversity=0.675 | INDIVIDUALS: n=200, avg_genome_length=121.66
2021-12-13 07:57:09.970717 | GENERATION: 53 | ERRORS: best=1248.0, median=2017.0, diversity=0.67 | INDIVIDUALS: n=200, avg_genome_length=122.53
2021-12-13 07:57:34.057904 | GENERATION: 54 | ERRORS: best=1352.0, median=2018.5, diversity=0.585 | INDIVIDUALS: n=200, avg_genome_length=123.4
2021-12-13 07:57:56.307747 | GENERATION: 55 | ERRORS: best=1345.0, median=2007.5, diversity=0.585 | INDIVIDUALS: n=200, avg_genome_length=124.99
2021-12-13 07:58:20.690509 | GENERATION: 56 | ERRORS: best=1328.0, median=2020.0, diversity=0.63 | INDIVIDUALS: n=200, avg_genome_length=123.905
2021-12-13 07:58:44.895575 | GENERATION: 57 | ERRORS: best=1304.0, median=2017.0, diversity=0.645 | INDIVIDUALS: n=200, avg_genome_length=120.61
2021-12-13 07:59:06.617359 | GENERATION: 58 | ERRORS: best=1309.0, median=2017.0, diversity=0.49 | INDIVIDUALS: n=200, avg_genome_length=126.37
2021-12-13 07:59:29.574815 | GENERATION: 59 | ERRORS: best=1365.0, median=2017.0, diversity=0.545 | INDIVIDUALS: n=200, avg_genome_length=124.18
2021-12-13 07:59:55.232190 | GENERATION: 60 | ERRORS: best=1356.0, median=2017.0, diversity=0.615 | INDIVIDUALS: n=200, avg_genome_length=125.77
2021-12-13 08:00:17.400296 | GENERATION: 61 | ERRORS: best=1385.0, median=2017.0, diversity=0.58 | INDIVIDUALS: n=200, avg_genome_length=122.815
2021-12-13 08:00:42.709650 | GENERATION: 62 | ERRORS: best=1325.0, median=2017.0, diversity=0.605 | INDIVIDUALS: n=200, avg_genome_length=123.44
2021-12-13 08:01:03.981065 | GENERATION: 63 | ERRORS: best=1340.0, median=2017.0, diversity=0.605 | INDIVIDUALS: n=200, avg_genome_length=122.37
2021-12-13 08:01:26.383961 | GENERATION: 64 | ERRORS: best=1346.0, median=2017.0, diversity=0.675 | INDIVIDUALS: n=200, avg_genome_length=123.72
2021-12-13 08:01:47.641100 | GENERATION: 65 | ERRORS: best=1326.0, median=2017.0, diversity=0.615 | INDIVIDUALS: n=200, avg_genome_length=125.36
2021-12-13 08:02:07.715643 | GENERATION: 66 | ERRORS: best=1269.0, median=2017.0, diversity=0.56 | INDIVIDUALS: n=200, avg_genome_length=125.66
2021-12-13 08:02:30.883580 | GENERATION: 67 | ERRORS: best=1295.0, median=2017.0, diversity=0.635 | INDIVIDUALS: n=200, avg_genome_length=123.56
2021-12-13 08:02:53.436573 | GENERATION: 68 | ERRORS: best=1310.0, median=2017.0, diversity=0.585 | INDIVIDUALS: n=200, avg_genome_length=122.83
2021-12-13 08:03:13.613606 | GENERATION: 69 | ERRORS: best=1298.0, median=2017.0, diversity=0.6 | INDIVIDUALS: n=200, avg_genome_length=122.515
2021-12-13 08:03:37.317276 | GENERATION: 70 | ERRORS: best=1290.0, median=2017.0, diversity=0.645 | INDIVIDUALS: n=200, avg_genome_length=121.145
2021-12-13 08:04:01.261516 | GENERATION: 71 | ERRORS: best=1310.0, median=2017.0, diversity=0.585 | INDIVIDUALS: n=200, avg_genome_length=119.955
2021-12-13 08:04:24.556409 | GENERATION: 72 | ERRORS: best=1291.0, median=2017.0, diversity=0.57 | INDIVIDUALS: n=200, avg_genome_length=118.505
2021-12-13 08:04:48.323003 | GENERATION: 73 | ERRORS: best=1291.0, median=2017.0, diversity=0.67 | INDIVIDUALS: n=200, avg_genome_length=117.765
2021-12-13 08:05:06.965436 | GENERATION: 74 | ERRORS: best=1291.0, median=2017.0, diversity=0.62 | INDIVIDUALS: n=200, avg_genome_length=117.58
2021-12-13 08:05:28.523159 | GENERATION: 75 | ERRORS: best=1296.0, median=2017.0, diversity=0.605 | INDIVIDUALS: n=200, avg_genome_length=118.195
2021-12-13 08:05:48.825040 | GENERATION: 76 | ERRORS: best=1295.0, median=2017.0, diversity=0.6 | INDIVIDUALS: n=200, avg_genome_length=123.17
2021-12-13 08:06:09.786903 | GENERATION: 77 | ERRORS: best=1333.0, median=2017.0, diversity=0.64 | INDIVIDUALS: n=200, avg_genome_length=121.73
2021-12-13 08:06:30.985139 | GENERATION: 78 | ERRORS: best=1294.0, median=2020.0, diversity=0.55 | INDIVIDUALS: n=200, avg_genome_length=122.525
2021-12-13 08:06:50.524952 | GENERATION: 79 | ERRORS: best=1340.0, median=2017.0, diversity=0.59 | INDIVIDUALS: n=200, avg_genome_length=120.79
2021-12-13 08:07:11.386029 | GENERATION: 80 | ERRORS: best=1323.0, median=2020.5, diversity=0.615 | INDIVIDUALS: n=200, avg_genome_length=119.7
2021-12-13 08:07:30.447368 | GENERATION: 81 | ERRORS: best=1332.0, median=2017.0, diversity=0.635 | INDIVIDUALS: n=200, avg_genome_length=116.415
2021-12-13 08:07:47.368503 | GENERATION: 82 | ERRORS: best=1359.0, median=2019.5, diversity=0.61 | INDIVIDUALS: n=200, avg_genome_length=116.435
2021-12-13 08:08:06.962910 | GENERATION: 83 | ERRORS: best=1250.0, median=2017.0, diversity=0.565 | INDIVIDUALS: n=200, avg_genome_length=112.36
2021-12-13 08:08:27.553379 | GENERATION: 84 | ERRORS: best=1300.0, median=2017.0, diversity=0.63 | INDIVIDUALS: n=200, avg_genome_length=115.315
2021-12-13 08:08:46.068001 | GENERATION: 85 | ERRORS: best=1342.0, median=2017.0, diversity=0.61 | INDIVIDUALS: n=200, avg_genome_length=113.54
2021-12-13 08:09:39.337727 | GENERATION: 86 | ERRORS: best=1245.0, median=2017.0, diversity=0.6 | INDIVIDUALS: n=200, avg_genome_length=113.09
2021-12-13 08:10:01.372456 | GENERATION: 87 | ERRORS: best=1358.0, median=2017.0, diversity=0.585 | INDIVIDUALS: n=200, avg_genome_length=116.73
2021-12-13 08:10:25.759546 | GENERATION: 88 | ERRORS: best=1372.0, median=2017.0, diversity=0.625 | INDIVIDUALS: n=200, avg_genome_length=115.37
2021-12-13 08:10:52.083314 | GENERATION: 89 | ERRORS: best=1349.0, median=2017.0, diversity=0.62 | INDIVIDUALS: n=200, avg_genome_length=116.175
2021-12-13 08:11:22.064247 | GENERATION: 90 | ERRORS: best=1380.0, median=2131.5, diversity=0.57 | INDIVIDUALS: n=200, avg_genome_length=113.695
2021-12-13 08:12:17.842864 | GENERATION: 91 | ERRORS: best=1353.0, median=2131.5, diversity=0.595 | INDIVIDUALS: n=200, avg_genome_length=113.395
2021-12-13 08:12:42.782077 | GENERATION: 92 | ERRORS: best=1351.0, median=2133.0, diversity=0.64 | INDIVIDUALS: n=200, avg_genome_length=118.58
2021-12-13 08:13:08.337123 | GENERATION: 93 | ERRORS: best=1318.0, median=2088.0, diversity=0.615 | INDIVIDUALS: n=200, avg_genome_length=118.59
2021-12-13 08:13:33.623202 | GENERATION: 94 | ERRORS: best=1374.0, median=2026.0, diversity=0.585 | INDIVIDUALS: n=200, avg_genome_length=113.935
2021-12-13 08:13:57.776268 | GENERATION: 95 | ERRORS: best=1351.0, median=2017.0, diversity=0.6 | INDIVIDUALS: n=200, avg_genome_length=110.595
2021-12-13 08:14:22.863056 | GENERATION: 96 | ERRORS: best=1378.0, median=2065.0, diversity=0.59 | INDIVIDUALS: n=200, avg_genome_length=110.625
2021-12-13 08:14:50.324060 | GENERATION: 97 | ERRORS: best=1358.0, median=2133.0, diversity=0.645 | INDIVIDUALS: n=200, avg_genome_length=111.995
2021-12-13 08:15:15.574226 | GENERATION: 98 | ERRORS: best=1354.0, median=2133.0, diversity=0.62 | INDIVIDUALS: n=200, avg_genome_length=113.935
2021-12-13 08:15:59.640280 | GENERATION: 99 | ERRORS: best=1357.0, median=2017.0, diversity=0.645 | INDIVIDUALS: n=200, avg_genome_length=110.075
2021-12-13 08:16:25.869125 | GENERATION: 100 | ERRORS: best=1343.0, median=2228.0, diversity=0.61 | INDIVIDUALS: n=200, avg_genome_length=109.985
2021-12-13 08:16:56.337766 | GENERATION: 101 | ERRORS: best=1343.0, median=2133.0, diversity=0.71 | INDIVIDUALS: n=200, avg_genome_length=106.76
2021-12-13 08:17:27.042180 | GENERATION: 102 | ERRORS: best=1333.0, median=2149.0, diversity=0.7 | INDIVIDUALS: n=200, avg_genome_length=107.5
2021-12-13 08:17:54.243097 | GENERATION: 103 | ERRORS: best=1347.0, median=2020.0, diversity=0.655 | INDIVIDUALS: n=200, avg_genome_length=105.94
2021-12-13 08:18:21.645858 | GENERATION: 104 | ERRORS: best=1393.0, median=2188.0, diversity=0.67 | INDIVIDUALS: n=200, avg_genome_length=103.315
2021-12-13 08:18:48.156286 | GENERATION: 105 | ERRORS: best=1358.0, median=2133.0, diversity=0.635 | INDIVIDUALS: n=200, avg_genome_length=98.845
2021-12-13 08:19:14.652651 | GENERATION: 106 | ERRORS: best=1464.0, median=2130.5, diversity=0.585 | INDIVIDUALS: n=200, avg_genome_length=98.715
2021-12-13 08:19:43.381038 | GENERATION: 107 | ERRORS: best=1307.0, median=2020.0, diversity=0.585 | INDIVIDUALS: n=200, avg_genome_length=105.555
2021-12-13 08:20:13.735867 | GENERATION: 108 | ERRORS: best=1319.0, median=2018.5, diversity=0.685 | INDIVIDUALS: n=200, avg_genome_length=102.065
2021-12-13 08:20:47.690094 | GENERATION: 109 | ERRORS: best=1300.0, median=2017.0, diversity=0.715 | INDIVIDUALS: n=200, avg_genome_length=100.7
2021-12-13 08:21:17.887438 | GENERATION: 110 | ERRORS: best=1362.0, median=2017.0, diversity=0.65 | INDIVIDUALS: n=200, avg_genome_length=94.905
2021-12-13 08:21:48.597914 | GENERATION: 111 | ERRORS: best=1413.0, median=2133.0, diversity=0.68 | INDIVIDUALS: n=200, avg_genome_length=96.245
2021-12-13 08:22:20.356564 | GENERATION: 112 | ERRORS: best=1317.0, median=2090.5, diversity=0.695 | INDIVIDUALS: n=200, avg_genome_length=95.16
2021-12-13 08:22:48.982765 | GENERATION: 113 | ERRORS: best=1331.0, median=2025.5, diversity=0.65 | INDIVIDUALS: n=200, avg_genome_length=91.685
2021-12-13 08:23:16.659217 | GENERATION: 114 | ERRORS: best=1331.0, median=2051.5, diversity=0.65 | INDIVIDUALS: n=200, avg_genome_length=90.315
2021-12-13 08:23:47.946413 | GENERATION: 115 | ERRORS: best=1326.0, median=2131.5, diversity=0.7 | INDIVIDUALS: n=200, avg_genome_length=83.18
2021-12-13 08:24:17.318665 | GENERATION: 116 | ERRORS: best=1320.0, median=2133.0, diversity=0.705 | INDIVIDUALS: n=200, avg_genome_length=82.165
2021-12-13 08:24:47.406554 | GENERATION: 117 | ERRORS: best=1305.0, median=2017.0, diversity=0.735 | INDIVIDUALS: n=200, avg_genome_length=80.985
2021-12-13 08:25:18.683508 | GENERATION: 118 | ERRORS: best=1319.0, median=2017.0, diversity=0.66 | INDIVIDUALS: n=200, avg_genome_length=81.795
2021-12-13 08:25:49.527818 | GENERATION: 119 | ERRORS: best=1313.0, median=2092.5, diversity=0.64 | INDIVIDUALS: n=200, avg_genome_length=82.955
2021-12-13 08:26:20.241126 | GENERATION: 120 | ERRORS: best=1310.0, median=2020.0, diversity=0.64 | INDIVIDUALS: n=200, avg_genome_length=81.53
2021-12-13 08:26:51.485487 | GENERATION: 121 | ERRORS: best=1350.0, median=2017.0, diversity=0.69 | INDIVIDUALS: n=200, avg_genome_length=80.505
2021-12-13 08:27:23.360892 | GENERATION: 122 | ERRORS: best=1341.0, median=2020.0, diversity=0.68 | INDIVIDUALS: n=200, avg_genome_length=79.36
2021-12-13 08:27:53.506360 | GENERATION: 123 | ERRORS: best=1327.0, median=2017.0, diversity=0.695 | INDIVIDUALS: n=200, avg_genome_length=78.8
2021-12-13 08:28:23.941154 | GENERATION: 124 | ERRORS: best=1345.0, median=2017.0, diversity=0.645 | INDIVIDUALS: n=200, avg_genome_length=77.14
2021-12-13 08:28:55.840130 | GENERATION: 125 | ERRORS: best=1372.0, median=2021.5, diversity=0.69 | INDIVIDUALS: n=200, avg_genome_length=74.455
2021-12-13 08:29:30.854336 | GENERATION: 126 | ERRORS: best=1315.0, median=2017.0, diversity=0.76 | INDIVIDUALS: n=200, avg_genome_length=74.805
2021-12-13 08:30:05.665582 | GENERATION: 127 | ERRORS: best=1329.0, median=2133.0, diversity=0.725 | INDIVIDUALS: n=200, avg_genome_length=75.29
2021-12-13 08:30:37.722798 | GENERATION: 128 | ERRORS: best=1337.0, median=2021.5, diversity=0.665 | INDIVIDUALS: n=200, avg_genome_length=74.975
2021-12-13 08:31:10.411308 | GENERATION: 129 | ERRORS: best=1366.0, median=2017.0, diversity=0.67 | INDIVIDUALS: n=200, avg_genome_length=73.2
2021-12-13 08:31:44.151196 | GENERATION: 130 | ERRORS: best=1340.0, median=2017.0, diversity=0.75 | INDIVIDUALS: n=200, avg_genome_length=72.91
2021-12-13 08:32:13.799730 | GENERATION: 131 | ERRORS: best=1343.0, median=2017.5, diversity=0.695 | INDIVIDUALS: n=200, avg_genome_length=72.72
2021-12-13 08:32:44.866330 | GENERATION: 132 | ERRORS: best=1251.0, median=2133.0, diversity=0.725 | INDIVIDUALS: n=200, avg_genome_length=72.955
2021-12-13 08:33:15.007545 | GENERATION: 133 | ERRORS: best=1322.0, median=2017.0, diversity=0.695 | INDIVIDUALS: n=200, avg_genome_length=71.75
2021-12-13 08:33:42.258724 | GENERATION: 134 | ERRORS: best=1341.0, median=2133.0, diversity=0.72 | INDIVIDUALS: n=200, avg_genome_length=68.13
2021-12-13 08:34:16.569712 | GENERATION: 135 | ERRORS: best=1346.0, median=2280.0, diversity=0.695 | INDIVIDUALS: n=200, avg_genome_length=67.945
2021-12-13 08:34:43.703266 | GENERATION: 136 | ERRORS: best=1362.0, median=2133.0, diversity=0.68 | INDIVIDUALS: n=200, avg_genome_length=66.76
2021-12-13 08:35:08.452846 | GENERATION: 137 | ERRORS: best=1346.0, median=2019.5, diversity=0.62 | INDIVIDUALS: n=200, avg_genome_length=64.965
2021-12-13 08:35:32.426969 | GENERATION: 138 | ERRORS: best=1324.0, median=2045.0, diversity=0.655 | INDIVIDUALS: n=200, avg_genome_length=64.505
2021-12-13 08:35:56.825106 | GENERATION: 139 | ERRORS: best=1301.0, median=2017.0, diversity=0.645 | INDIVIDUALS: n=200, avg_genome_length=61.875
2021-12-13 08:36:21.078546 | GENERATION: 140 | ERRORS: best=1349.0, median=2017.0, diversity=0.635 | INDIVIDUALS: n=200, avg_genome_length=61.6
2021-12-13 08:36:48.403754 | GENERATION: 141 | ERRORS: best=1287.0, median=2016.5, diversity=0.695 | INDIVIDUALS: n=200, avg_genome_length=62.135
2021-12-13 08:37:15.423895 | GENERATION: 142 | ERRORS: best=1384.0, median=2017.0, diversity=0.64 | INDIVIDUALS: n=200, avg_genome_length=64.98
2021-12-13 08:37:40.517788 | GENERATION: 143 | ERRORS: best=1362.0, median=2017.0, diversity=0.615 | INDIVIDUALS: n=200, avg_genome_length=65.05
2021-12-13 08:38:06.548418 | GENERATION: 144 | ERRORS: best=1341.0, median=2017.5, diversity=0.665 | INDIVIDUALS: n=200, avg_genome_length=64.015
2021-12-13 08:38:30.638506 | GENERATION: 145 | ERRORS: best=1341.0, median=2020.0, diversity=0.62 | INDIVIDUALS: n=200, avg_genome_length=62.955
2021-12-13 08:38:56.610724 | GENERATION: 146 | ERRORS: best=1341.0, median=2017.0, diversity=0.635 | INDIVIDUALS: n=200, avg_genome_length=62.66
2021-12-13 08:39:24.953010 | GENERATION: 147 | ERRORS: best=1351.0, median=2044.0, diversity=0.68 | INDIVIDUALS: n=200, avg_genome_length=63.0
2021-12-13 08:39:58.006020 | GENERATION: 148 | ERRORS: best=1401.0, median=2103.0, diversity=0.68 | INDIVIDUALS: n=200, avg_genome_length=66.875
2021-12-13 08:40:32.773710 | GENERATION: 149 | ERRORS: best=1267.0, median=2017.0, diversity=0.615 | INDIVIDUALS: n=200, avg_genome_length=68.615
2021-12-13 08:41:00.438937 | GENERATION: 150 | ERRORS: best=1336.0, median=2133.0, diversity=0.665 | INDIVIDUALS: n=200, avg_genome_length=68.9
2021-12-13 08:41:26.974068 | GENERATION: 151 | ERRORS: best=1364.0, median=2133.0, diversity=0.58 | INDIVIDUALS: n=200, avg_genome_length=69.235
2021-12-13 08:41:55.177739 | GENERATION: 152 | ERRORS: best=1368.0, median=2019.0, diversity=0.615 | INDIVIDUALS: n=200, avg_genome_length=72.325
2021-12-13 08:42:21.761969 | GENERATION: 153 | ERRORS: best=1368.0, median=2017.0, diversity=0.605 | INDIVIDUALS: n=200, avg_genome_length=71.005
2021-12-13 08:42:50.342428 | GENERATION: 154 | ERRORS: best=1378.0, median=2020.0, diversity=0.635 | INDIVIDUALS: n=200, avg_genome_length=71.73
2021-12-13 08:43:23.042178 | GENERATION: 155 | ERRORS: best=1340.0, median=2022.5, diversity=0.57 | INDIVIDUALS: n=200, avg_genome_length=72.43
2021-12-13 08:43:58.572031 | GENERATION: 156 | ERRORS: best=1356.0, median=2017.0, diversity=0.545 | INDIVIDUALS: n=200, avg_genome_length=71.475
2021-12-13 08:44:26.789526 | GENERATION: 157 | ERRORS: best=1363.0, median=2071.5, diversity=0.57 | INDIVIDUALS: n=200, avg_genome_length=69.245
2021-12-13 08:44:47.711235 | GENERATION: 158 | ERRORS: best=1330.0, median=2074.5, diversity=0.54 | INDIVIDUALS: n=200, avg_genome_length=69.855
2021-12-13 08:45:10.903516 | GENERATION: 159 | ERRORS: best=1342.0, median=2017.0, diversity=0.59 | INDIVIDUALS: n=200, avg_genome_length=69.08
2021-12-13 08:45:34.052550 | GENERATION: 160 | ERRORS: best=1280.0, median=2020.0, diversity=0.565 | INDIVIDUALS: n=200, avg_genome_length=67.225
2021-12-13 08:45:56.058184 | GENERATION: 161 | ERRORS: best=1379.0, median=2133.0, diversity=0.555 | INDIVIDUALS: n=200, avg_genome_length=67.405
2021-12-13 08:46:18.966627 | GENERATION: 162 | ERRORS: best=1280.0, median=2133.0, diversity=0.55 | INDIVIDUALS: n=200, avg_genome_length=67.0
2021-12-13 08:46:43.515875 | GENERATION: 163 | ERRORS: best=1390.0, median=2133.0, diversity=0.595 | INDIVIDUALS: n=200, avg_genome_length=63.15
2021-12-13 08:47:08.308449 | GENERATION: 164 | ERRORS: best=1379.0, median=2020.5, diversity=0.53 | INDIVIDUALS: n=200, avg_genome_length=65.84
2021-12-13 08:47:34.805393 | GENERATION: 165 | ERRORS: best=1313.0, median=2073.5, diversity=0.655 | INDIVIDUALS: n=200, avg_genome_length=65.62
2021-12-13 08:48:02.036925 | GENERATION: 166 | ERRORS: best=1343.0, median=2133.0, diversity=0.59 | INDIVIDUALS: n=200, avg_genome_length=65.33
2021-12-13 08:48:26.896633 | GENERATION: 167 | ERRORS: best=1343.0, median=2133.0, diversity=0.615 | INDIVIDUALS: n=200, avg_genome_length=67.88
2021-12-13 08:48:49.859940 | GENERATION: 168 | ERRORS: best=1356.0, median=2133.0, diversity=0.54 | INDIVIDUALS: n=200, avg_genome_length=67.005
2021-12-13 08:49:15.124909 | GENERATION: 169 | ERRORS: best=1287.0, median=2133.0, diversity=0.615 | INDIVIDUALS: n=200, avg_genome_length=68.765
2021-12-13 08:49:43.166386 | GENERATION: 170 | ERRORS: best=1378.0, median=2133.0, diversity=0.645 | INDIVIDUALS: n=200, avg_genome_length=70.29
2021-12-13 08:50:08.747491 | GENERATION: 171 | ERRORS: best=1320.0, median=2133.0, diversity=0.535 | INDIVIDUALS: n=200, avg_genome_length=74.33
2021-12-13 08:50:33.800304 | GENERATION: 172 | ERRORS: best=1390.0, median=2133.0, diversity=0.595 | INDIVIDUALS: n=200, avg_genome_length=72.455
2021-12-13 08:50:57.313278 | GENERATION: 173 | ERRORS: best=1399.0, median=2131.5, diversity=0.59 | INDIVIDUALS: n=200, avg_genome_length=74.9
2021-12-13 08:51:24.789301 | GENERATION: 174 | ERRORS: best=1315.0, median=2017.0, diversity=0.64 | INDIVIDUALS: n=200, avg_genome_length=77.785
2021-12-13 08:51:51.749665 | GENERATION: 175 | ERRORS: best=1392.0, median=2024.5, diversity=0.61 | INDIVIDUALS: n=200, avg_genome_length=77.05
2021-12-13 08:52:16.242959 | GENERATION: 176 | ERRORS: best=1351.0, median=2129.5, diversity=0.555 | INDIVIDUALS: n=200, avg_genome_length=71.635
2021-12-13 08:52:42.560112 | GENERATION: 177 | ERRORS: best=1311.0, median=2131.0, diversity=0.63 | INDIVIDUALS: n=200, avg_genome_length=71.995
2021-12-13 08:53:17.271992 | GENERATION: 178 | ERRORS: best=1304.0, median=2133.0, diversity=0.645 | INDIVIDUALS: n=200, avg_genome_length=70.655
2021-12-13 08:53:53.695684 | GENERATION: 179 | ERRORS: best=1396.0, median=2133.0, diversity=0.6 | INDIVIDUALS: n=200, avg_genome_length=69.965
2021-12-13 08:54:21.471787 | GENERATION: 180 | ERRORS: best=1312.0, median=2133.0, diversity=0.625 | INDIVIDUALS: n=200, avg_genome_length=71.575
2021-12-13 08:54:53.262462 | GENERATION: 181 | ERRORS: best=1378.0, median=2133.0, diversity=0.66 | INDIVIDUALS: n=200, avg_genome_length=70.755
2021-12-13 08:55:18.781637 | GENERATION: 182 | ERRORS: best=1408.0, median=2133.0, diversity=0.59 | INDIVIDUALS: n=200, avg_genome_length=66.355
2021-12-13 08:55:44.044236 | GENERATION: 183 | ERRORS: best=1387.0, median=2133.0, diversity=0.61 | INDIVIDUALS: n=200, avg_genome_length=68.115
2021-12-13 08:56:11.053544 | GENERATION: 184 | ERRORS: best=1370.0, median=2133.0, diversity=0.535 | INDIVIDUALS: n=200, avg_genome_length=70.12
2021-12-13 08:56:38.607111 | GENERATION: 185 | ERRORS: best=1303.0, median=2133.0, diversity=0.595 | INDIVIDUALS: n=200, avg_genome_length=70.92
2021-12-13 08:57:05.281691 | GENERATION: 186 | ERRORS: best=1330.0, median=2133.0, diversity=0.65 | INDIVIDUALS: n=200, avg_genome_length=67.03
2021-12-13 08:57:33.426562 | GENERATION: 187 | ERRORS: best=1382.0, median=2018.0, diversity=0.605 | INDIVIDUALS: n=200, avg_genome_length=65.575
2021-12-13 08:57:59.564153 | GENERATION: 188 | ERRORS: best=1306.0, median=2017.0, diversity=0.605 | INDIVIDUALS: n=200, avg_genome_length=67.55
2021-12-13 08:58:24.941800 | GENERATION: 189 | ERRORS: best=1306.0, median=2014.5, diversity=0.625 | INDIVIDUALS: n=200, avg_genome_length=66.105
2021-12-13 08:58:51.392053 | GENERATION: 190 | ERRORS: best=1306.0, median=2017.0, diversity=0.66 | INDIVIDUALS: n=200, avg_genome_length=65.28
2021-12-13 08:59:17.031021 | GENERATION: 191 | ERRORS: best=1360.0, median=2017.0, diversity=0.595 | INDIVIDUALS: n=200, avg_genome_length=65.105
2021-12-13 08:59:40.394180 | GENERATION: 192 | ERRORS: best=1306.0, median=2017.0, diversity=0.55 | INDIVIDUALS: n=200, avg_genome_length=64.005
2021-12-13 09:00:06.320939 | GENERATION: 193 | ERRORS: best=1306.0, median=2020.0, diversity=0.625 | INDIVIDUALS: n=200, avg_genome_length=70.795
2021-12-13 09:00:34.210481 | GENERATION: 194 | ERRORS: best=1319.0, median=2017.0, diversity=0.655 | INDIVIDUALS: n=200, avg_genome_length=69.74
2021-12-13 09:01:03.148949 | GENERATION: 195 | ERRORS: best=1306.0, median=2130.5, diversity=0.71 | INDIVIDUALS: n=200, avg_genome_length=70.81
2021-12-13 09:01:30.618492 | GENERATION: 196 | ERRORS: best=1306.0, median=2033.0, diversity=0.635 | INDIVIDUALS: n=200, avg_genome_length=72.23
2021-12-13 09:01:55.340748 | GENERATION: 197 | ERRORS: best=1306.0, median=2133.0, diversity=0.63 | INDIVIDUALS: n=200, avg_genome_length=69.6
2021-12-13 09:02:20.962111 | GENERATION: 198 | ERRORS: best=1306.0, median=2028.0, diversity=0.645 | INDIVIDUALS: n=200, avg_genome_length=69.985
2021-12-13 09:04:10.585286 | GENERATION: 199 | ERRORS: best=1306.0, median=2020.0, diversity=0.62 | INDIVIDUALS: n=200, avg_genome_length=67.05
2021-12-13 09:04:36.120352 | GENERATION: 200 | ERRORS: best=1405.0, median=2020.0, diversity=0.605 | INDIVIDUALS: n=200, avg_genome_length=66.82
2021-12-13 09:05:01.991401 | GENERATION: 201 | ERRORS: best=1392.0, median=2133.0, diversity=0.615 | INDIVIDUALS: n=200, avg_genome_length=64.15
2021-12-13 09:05:27.550577 | GENERATION: 202 | ERRORS: best=1340.0, median=2091.0, diversity=0.595 | INDIVIDUALS: n=200, avg_genome_length=60.515
2021-12-13 09:05:59.163695 | GENERATION: 203 | ERRORS: best=1366.0, median=2133.0, diversity=0.585 | INDIVIDUALS: n=200, avg_genome_length=59.975
2021-12-13 09:06:26.706952 | GENERATION: 204 | ERRORS: best=1413.0, median=2132.5, diversity=0.645 | INDIVIDUALS: n=200, avg_genome_length=65.57
2021-12-13 09:06:54.303911 | GENERATION: 205 | ERRORS: best=1412.0, median=2017.0, diversity=0.65 | INDIVIDUALS: n=200, avg_genome_length=60.825
2021-12-13 09:07:19.393217 | GENERATION: 206 | ERRORS: best=1409.0, median=2056.0, diversity=0.605 | INDIVIDUALS: n=200, avg_genome_length=62.325
2021-12-13 09:07:46.577678 | GENERATION: 207 | ERRORS: best=1369.0, median=2017.0, diversity=0.64 | INDIVIDUALS: n=200, avg_genome_length=56.86
2021-12-13 09:08:13.559729 | GENERATION: 208 | ERRORS: best=1393.0, median=2017.0, diversity=0.605 | INDIVIDUALS: n=200, avg_genome_length=52.655
2021-12-13 09:08:38.821998 | GENERATION: 209 | ERRORS: best=1372.0, median=2096.5, diversity=0.58 | INDIVIDUALS: n=200, avg_genome_length=52.22
2021-12-13 09:09:04.681298 | GENERATION: 210 | ERRORS: best=1372.0, median=2133.0, diversity=0.585 | INDIVIDUALS: n=200, avg_genome_length=53.155
2021-12-13 09:09:46.252627 | GENERATION: 211 | ERRORS: best=1355.0, median=2092.5, diversity=0.615 | INDIVIDUALS: n=200, avg_genome_length=55.975
2021-12-13 09:10:21.832610 | GENERATION: 212 | ERRORS: best=1336.0, median=2017.0, diversity=0.56 | INDIVIDUALS: n=200, avg_genome_length=56.365
2021-12-13 09:10:48.060009 | GENERATION: 213 | ERRORS: best=1330.0, median=2020.5, diversity=0.58 | INDIVIDUALS: n=200, avg_genome_length=54.66
2021-12-13 09:11:13.546520 | GENERATION: 214 | ERRORS: best=1332.0, median=2017.0, diversity=0.575 | INDIVIDUALS: n=200, avg_genome_length=60.235
2021-12-13 09:11:39.162978 | GENERATION: 215 | ERRORS: best=1336.0, median=1950.5, diversity=0.6 | INDIVIDUALS: n=200, avg_genome_length=65.51
2021-12-13 09:12:02.009103 | GENERATION: 216 | ERRORS: best=1383.0, median=2020.0, diversity=0.5 | INDIVIDUALS: n=200, avg_genome_length=68.94
2021-12-13 09:12:26.212992 | GENERATION: 217 | ERRORS: best=1391.0, median=2019.5, diversity=0.56 | INDIVIDUALS: n=200, avg_genome_length=68.58
2021-12-13 09:12:54.790443 | GENERATION: 218 | ERRORS: best=1349.0, median=2017.0, diversity=0.575 | INDIVIDUALS: n=200, avg_genome_length=72.78
2021-12-13 09:13:21.860860 | GENERATION: 219 | ERRORS: best=1312.0, median=2017.0, diversity=0.6 | INDIVIDUALS: n=200, avg_genome_length=73.0
2021-12-13 09:13:48.520839 | GENERATION: 220 | ERRORS: best=1340.0, median=2133.0, diversity=0.64 | INDIVIDUALS: n=200, avg_genome_length=71.6
2021-12-13 09:14:14.323569 | GENERATION: 221 | ERRORS: best=1332.0, median=2017.5, diversity=0.61 | INDIVIDUALS: n=200, avg_genome_length=72.42
2021-12-13 09:14:41.397207 | GENERATION: 222 | ERRORS: best=1327.0, median=2133.0, diversity=0.605 | INDIVIDUALS: n=200, avg_genome_length=73.06
2021-12-13 09:15:04.992516 | GENERATION: 223 | ERRORS: best=1327.0, median=2133.0, diversity=0.55 | INDIVIDUALS: n=200, avg_genome_length=69.46
2021-12-13 09:15:30.932153 | GENERATION: 224 | ERRORS: best=1339.0, median=2030.5, diversity=0.6 | INDIVIDUALS: n=200, avg_genome_length=69.59
2021-12-13 09:15:55.647126 | GENERATION: 225 | ERRORS: best=1345.0, median=2024.0, diversity=0.625 | INDIVIDUALS: n=200, avg_genome_length=65.125
2021-12-13 09:16:18.303501 | GENERATION: 226 | ERRORS: best=1335.0, median=2133.0, diversity=0.595 | INDIVIDUALS: n=200, avg_genome_length=63.305
2021-12-13 09:16:42.875454 | GENERATION: 227 | ERRORS: best=1335.0, median=2041.0, diversity=0.595 | INDIVIDUALS: n=200, avg_genome_length=58.77
2021-12-13 09:17:08.564597 | GENERATION: 228 | ERRORS: best=1374.0, median=2127.0, diversity=0.545 | INDIVIDUALS: n=200, avg_genome_length=55.12
2021-12-13 09:17:51.326157 | GENERATION: 229 | ERRORS: best=1342.0, median=2019.5, diversity=0.6 | INDIVIDUALS: n=200, avg_genome_length=62.39
2021-12-13 09:18:45.106906 | GENERATION: 230 | ERRORS: best=1373.0, median=2108.0, diversity=0.565 | INDIVIDUALS: n=200, avg_genome_length=57.8
2021-12-13 09:19:46.092568 | GENERATION: 231 | ERRORS: best=1336.0, median=2020.0, diversity=0.63 | INDIVIDUALS: n=200, avg_genome_length=53.21
2021-12-13 09:20:19.140663 | GENERATION: 232 | ERRORS: best=1372.0, median=2017.0, diversity=0.635 | INDIVIDUALS: n=200, avg_genome_length=52.12
2021-12-13 09:20:45.638914 | GENERATION: 233 | ERRORS: best=1311.0, median=2020.0, diversity=0.62 | INDIVIDUALS: n=200, avg_genome_length=54.945
2021-12-13 09:21:13.069764 | GENERATION: 234 | ERRORS: best=1311.0, median=2017.0, diversity=0.64 | INDIVIDUALS: n=200, avg_genome_length=59.985
2021-12-13 09:21:39.863761 | GENERATION: 235 | ERRORS: best=1311.0, median=2017.0, diversity=0.6 | INDIVIDUALS: n=200, avg_genome_length=61.81
2021-12-13 09:22:07.228607 | GENERATION: 236 | ERRORS: best=1268.0, median=2017.0, diversity=0.635 | INDIVIDUALS: n=200, avg_genome_length=61.83
2021-12-13 09:22:33.594489 | GENERATION: 237 | ERRORS: best=1311.0, median=2044.5, diversity=0.59 | INDIVIDUALS: n=200, avg_genome_length=63.59
2021-12-13 09:23:02.732260 | GENERATION: 238 | ERRORS: best=1351.0, median=2017.0, diversity=0.66 | INDIVIDUALS: n=200, avg_genome_length=63.325
2021-12-13 09:23:33.314420 | GENERATION: 239 | ERRORS: best=1311.0, median=2010.0, diversity=0.675 | INDIVIDUALS: n=200, avg_genome_length=66.775
2021-12-13 09:24:03.392341 | GENERATION: 240 | ERRORS: best=1351.0, median=2017.0, diversity=0.72 | INDIVIDUALS: n=200, avg_genome_length=65.615
2021-12-13 09:24:33.334370 | GENERATION: 241 | ERRORS: best=1347.0, median=1976.5, diversity=0.665 | INDIVIDUALS: n=200, avg_genome_length=63.99
2021-12-13 09:25:05.287926 | GENERATION: 242 | ERRORS: best=1342.0, median=1992.0, diversity=0.745 | INDIVIDUALS: n=200, avg_genome_length=67.215
2021-12-13 09:25:30.333109 | GENERATION: 243 | ERRORS: best=1351.0, median=2017.0, diversity=0.62 | INDIVIDUALS: n=200, avg_genome_length=64.595
2021-12-13 09:25:53.800700 | GENERATION: 244 | ERRORS: best=1391.0, median=2020.0, diversity=0.555 | INDIVIDUALS: n=200, avg_genome_length=65.925
2021-12-13 09:26:18.997010 | GENERATION: 245 | ERRORS: best=1315.0, median=2078.0, diversity=0.545 | INDIVIDUALS: n=200, avg_genome_length=67.475
2021-12-13 09:26:45.289563 | GENERATION: 246 | ERRORS: best=1315.0, median=2017.0, diversity=0.65 | INDIVIDUALS: n=200, avg_genome_length=67.485
2021-12-13 09:27:13.043087 | GENERATION: 247 | ERRORS: best=1382.0, median=2017.0, diversity=0.635 | INDIVIDUALS: n=200, avg_genome_length=59.945
2021-12-13 09:27:40.087222 | GENERATION: 248 | ERRORS: best=1348.0, median=2017.0, diversity=0.62 | INDIVIDUALS: n=200, avg_genome_length=59.125
2021-12-13 09:28:07.557552 | GENERATION: 249 | ERRORS: best=1328.0, median=2020.0, diversity=0.665 | INDIVIDUALS: n=200, avg_genome_length=63.94
2021-12-13 09:28:32.573831 | GENERATION: 250 | ERRORS: best=1327.0, median=2133.0, diversity=0.59 | INDIVIDUALS: n=200, avg_genome_length=66.655
2021-12-13 09:28:59.752495 | GENERATION: 251 | ERRORS: best=1350.0, median=2020.0, diversity=0.635 | INDIVIDUALS: n=200, avg_genome_length=72.375
2021-12-13 09:29:24.174614 | GENERATION: 252 | ERRORS: best=1347.0, median=2130.5, diversity=0.665 | INDIVIDUALS: n=200, avg_genome_length=65.685
2021-12-13 09:29:51.595329 | GENERATION: 253 | ERRORS: best=1329.0, median=2121.0, diversity=0.63 | INDIVIDUALS: n=200, avg_genome_length=73.03
2021-12-13 09:30:15.696611 | GENERATION: 254 | ERRORS: best=1309.0, median=2044.0, diversity=0.615 | INDIVIDUALS: n=200, avg_genome_length=74.325
2021-12-13 09:30:42.517299 | GENERATION: 255 | ERRORS: best=1311.0, median=2020.0, diversity=0.675 | INDIVIDUALS: n=200, avg_genome_length=76.945
2021-12-13 09:31:09.783609 | GENERATION: 256 | ERRORS: best=1311.0, median=2133.0, diversity=0.62 | INDIVIDUALS: n=200, avg_genome_length=72.22
2021-12-13 09:31:38.089539 | GENERATION: 257 | ERRORS: best=1304.0, median=2087.5, diversity=0.66 | INDIVIDUALS: n=200, avg_genome_length=71.55
2021-12-13 09:32:07.042965 | GENERATION: 258 | ERRORS: best=1352.0, median=2133.0, diversity=0.63 | INDIVIDUALS: n=200, avg_genome_length=69.6
2021-12-13 09:32:38.416613 | GENERATION: 259 | ERRORS: best=1378.0, median=2133.0, diversity=0.645 | INDIVIDUALS: n=200, avg_genome_length=71.285
2021-12-13 09:33:07.261463 | GENERATION: 260 | ERRORS: best=1323.0, median=2169.5, diversity=0.69 | INDIVIDUALS: n=200, avg_genome_length=78.89
2021-12-13 09:33:35.526867 | GENERATION: 261 | ERRORS: best=1344.0, median=2021.0, diversity=0.58 | INDIVIDUALS: n=200, avg_genome_length=80.245
2021-12-13 09:34:22.413266 | GENERATION: 262 | ERRORS: best=1320.0, median=2017.0, diversity=0.665 | INDIVIDUALS: n=200, avg_genome_length=82.0
2021-12-13 09:35:09.112952 | GENERATION: 263 | ERRORS: best=1297.0, median=2017.0, diversity=0.65 | INDIVIDUALS: n=200, avg_genome_length=85.71
2021-12-13 09:35:35.319387 | GENERATION: 264 | ERRORS: best=1309.0, median=2017.0, diversity=0.63 | INDIVIDUALS: n=200, avg_genome_length=87.74
2021-12-13 09:36:03.829911 | GENERATION: 265 | ERRORS: best=1323.0, median=2017.0, diversity=0.655 | INDIVIDUALS: n=200, avg_genome_length=95.82
2021-12-13 09:36:34.037694 | GENERATION: 266 | ERRORS: best=1300.0, median=2017.0, diversity=0.61 | INDIVIDUALS: n=200, avg_genome_length=89.45
2021-12-13 09:36:59.490435 | GENERATION: 267 | ERRORS: best=1312.0, median=2017.0, diversity=0.575 | INDIVIDUALS: n=200, avg_genome_length=90.84
2021-12-13 09:37:24.193600 | GENERATION: 268 | ERRORS: best=1362.0, median=2017.0, diversity=0.585 | INDIVIDUALS: n=200, avg_genome_length=89.255
2021-12-13 09:37:49.337411 | GENERATION: 269 | ERRORS: best=1383.0, median=2076.0, diversity=0.545 | INDIVIDUALS: n=200, avg_genome_length=83.845
2021-12-13 09:38:13.190268 | GENERATION: 270 | ERRORS: best=1354.0, median=2020.0, diversity=0.575 | INDIVIDUALS: n=200, avg_genome_length=75.7
2021-12-13 09:38:37.581804 | GENERATION: 271 | ERRORS: best=1352.0, median=2133.0, diversity=0.565 | INDIVIDUALS: n=200, avg_genome_length=77.37
2021-12-13 09:39:00.086340 | GENERATION: 272 | ERRORS: best=1355.0, median=2020.0, diversity=0.545 | INDIVIDUALS: n=200, avg_genome_length=77.97
2021-12-13 09:39:21.667550 | GENERATION: 273 | ERRORS: best=1370.0, median=2020.0, diversity=0.53 | INDIVIDUALS: n=200, avg_genome_length=77.68
2021-12-13 09:39:42.350858 | GENERATION: 274 | ERRORS: best=1321.0, median=2020.0, diversity=0.475 | INDIVIDUALS: n=200, avg_genome_length=75.875
2021-12-13 09:40:06.055085 | GENERATION: 275 | ERRORS: best=1338.0, median=2133.0, diversity=0.51 | INDIVIDUALS: n=200, avg_genome_length=73.8
2021-12-13 09:40:29.043403 | GENERATION: 276 | ERRORS: best=1356.0, median=2020.0, diversity=0.55 | INDIVIDUALS: n=200, avg_genome_length=76.815
2021-12-13 09:40:52.399572 | GENERATION: 277 | ERRORS: best=1332.0, median=2074.0, diversity=0.555 | INDIVIDUALS: n=200, avg_genome_length=77.41
2021-12-13 09:41:16.144176 | GENERATION: 278 | ERRORS: best=1309.0, median=2017.0, diversity=0.555 | INDIVIDUALS: n=200, avg_genome_length=80.075
2021-12-13 09:41:41.205647 | GENERATION: 279 | ERRORS: best=1281.0, median=2020.0, diversity=0.56 | INDIVIDUALS: n=200, avg_genome_length=72.415
2021-12-13 09:42:09.358056 | GENERATION: 280 | ERRORS: best=1355.0, median=2017.0, diversity=0.635 | INDIVIDUALS: n=200, avg_genome_length=75.68
2021-12-13 09:42:35.093580 | GENERATION: 281 | ERRORS: best=1293.0, median=2127.0, diversity=0.59 | INDIVIDUALS: n=200, avg_genome_length=75.6
2021-12-13 09:43:01.575593 | GENERATION: 282 | ERRORS: best=1391.0, median=2020.0, diversity=0.53 | INDIVIDUALS: n=200, avg_genome_length=67.075
2021-12-13 09:43:26.400023 | GENERATION: 283 | ERRORS: best=1376.0, median=2133.0, diversity=0.52 | INDIVIDUALS: n=200, avg_genome_length=60.8
2021-12-13 09:43:52.259828 | GENERATION: 284 | ERRORS: best=1335.0, median=2017.0, diversity=0.56 | INDIVIDUALS: n=200, avg_genome_length=70.25
2021-12-13 09:44:19.612055 | GENERATION: 285 | ERRORS: best=1335.0, median=2132.5, diversity=0.545 | INDIVIDUALS: n=200, avg_genome_length=75.12
2021-12-13 09:44:46.850620 | GENERATION: 286 | ERRORS: best=1354.0, median=2017.0, diversity=0.61 | INDIVIDUALS: n=200, avg_genome_length=84.365
2021-12-13 09:45:15.583266 | GENERATION: 287 | ERRORS: best=1317.0, median=2133.0, diversity=0.615 | INDIVIDUALS: n=200, avg_genome_length=78.525
2021-12-13 09:45:46.132620 | GENERATION: 288 | ERRORS: best=1320.0, median=2133.0, diversity=0.575 | INDIVIDUALS: n=200, avg_genome_length=68.015
2021-12-13 09:46:15.993064 | GENERATION: 289 | ERRORS: best=1342.0, median=2133.0, diversity=0.575 | INDIVIDUALS: n=200, avg_genome_length=69.685
2021-12-13 09:46:42.960802 | GENERATION: 290 | ERRORS: best=1364.0, median=2133.0, diversity=0.54 | INDIVIDUALS: n=200, avg_genome_length=66.75
2021-12-13 09:47:14.164085 | GENERATION: 291 | ERRORS: best=1311.0, median=2133.0, diversity=0.63 | INDIVIDUALS: n=200, avg_genome_length=65.55
2021-12-13 09:47:43.856568 | GENERATION: 292 | ERRORS: best=1335.0, median=2133.0, diversity=0.6 | INDIVIDUALS: n=200, avg_genome_length=66.555
2021-12-13 09:48:12.974861 | GENERATION: 293 | ERRORS: best=1383.0, median=2101.5, diversity=0.605 | INDIVIDUALS: n=200, avg_genome_length=65.11
2021-12-13 09:48:42.740033 | GENERATION: 294 | ERRORS: best=1307.0, median=2124.0, diversity=0.625 | INDIVIDUALS: n=200, avg_genome_length=59.55
2021-12-13 09:49:11.358201 | GENERATION: 295 | ERRORS: best=1327.0, median=2133.0, diversity=0.61 | INDIVIDUALS: n=200, avg_genome_length=62.195
2021-12-13 09:49:39.832198 | GENERATION: 296 | ERRORS: best=1318.0, median=2133.0, diversity=0.585 | INDIVIDUALS: n=200, avg_genome_length=62.11
2021-12-13 09:50:10.400776 | GENERATION: 297 | ERRORS: best=1348.0, median=2133.0, diversity=0.615 | INDIVIDUALS: n=200, avg_genome_length=52.75
2021-12-13 09:50:41.956590 | GENERATION: 298 | ERRORS: best=1337.0, median=2066.5, diversity=0.64 | INDIVIDUALS: n=200, avg_genome_length=46.735
2021-12-13 09:51:13.579544 | GENERATION: 299 | ERRORS: best=1341.0, median=2020.0, diversity=0.625 | INDIVIDUALS: n=200, avg_genome_length=44.7
2021-12-13 09:51:42.597780 | GENERATION: 300 | ERRORS: best=1334.0, median=2133.0, diversity=0.57 | INDIVIDUALS: n=200, avg_genome_length=51.525
Simplifying genome of length 95 with total error 1245.0.
Simplified genome by 1 to length 94.
Simplified genome by 1 to length 93.
Simplified genome by 2 to length 91.
Simplified genome by 1 to length 90.
Simplified genome by 1 to length 89.
Simplified genome by 2 to length 87.
Simplified genome by 1 to length 86.
Simplified genome by 2 to length 84.
Simplified genome by 3 to length 81.
Simplified genome by 1 to length 80.
Simplified genome by 1 to length 79.
Simplified genome by 3 to length 76.
Simplified genome by 3 to length 73.
Simplified genome by 2 to length 71.
Simplified genome by 2 to length 69.
Simplified genome by 1 to length 68.
Simplified genome by 3 to length 65.
Simplified genome by 1 to length 64.
Simplified genome by 2 to length 62.
Simplified genome by 2 to length 60.
Simplified genome by 1 to length 59.
Simplified genome by 2 to length 57.
Simplified genome by 2 to length 55.
Simplified genome by 2 to length 53.
Simplified genome by 1 to length 52.
Simplified genome by 1 to length 51.
Simplified genome by 3 to length 48.
Simplified genome by 1 to length 47.
Simplified genome by 3 to length 44.
Simplified genome by 1 to length 43.
Simplified genome by 1 to length 42.
Simplified genome by 2 to length 40.
Simplified genome by 1 to length 39.
Simplified genome by 3 to length 36.
Simplified genome by 1 to length 35.
Simplified genome by 1 to length 34.
Simplified genome by 3 to length 31.
Simplified genome by 1 to length 30.
Simplified genome by 1 to length 29.
Simplified genome by 1 to length 28.
Simplified genome by 1 to length 27.
Simplified genome by 1 to length 26.
Simplified genome by 1 to length 25.
Simplified genome by 1 to length 24.
Simplified genome by 1 to length 23.
Simplified genome by 2 to length 21.
Simplified genome by 1 to length 20.
Simplified genome by 1 to length 19.
Simplified genome to length 19 and total error 1244.0.
========================================
End Run
========================================
No solution found.
Best Seen Individual
	Genome:
	 pvector([InstructionMeta(name='exec_do_while', code_blocks=1), InstructionMeta(name='exec_eq', code_blocks=0), InstructionMeta(name='bool_second_first_then_and', code_blocks=0), Closer(), InstructionMeta(name='exec_dup_times', code_blocks=1), Input(input_index=0), InstructionMeta(name='bool_stack_depth', code_blocks=0), InstructionMeta(name='vector_int_length', code_blocks=0), InstructionMeta(name='bool_second_first_then_and', code_blocks=0), InstructionMeta(name='exec_do_range', code_blocks=1), InstructionMeta(name='exec_do_range', code_blocks=1), InstructionMeta(name='int_dec', code_blocks=0), Closer(), Closer(), InstructionMeta(name='int_lte', code_blocks=0), InstructionMeta(name='bool_stack_depth', code_blocks=0), InstructionMeta(name='int_div', code_blocks=0), Literal(value=0, push_type=<pyshgp.push.types.PushIntType object at 0x7f75b1ac6250>), InstructionMeta(name='int_max', code_blocks=0)])
	Program:
	 (exec_do_while (exec_eq bool_second_first_then_and) exec_dup_times (input_0 bool_stack_depth vector_int_length bool_second_first_then_and exec_do_range (exec_do_range (int_dec)) int_lte bool_stack_depth int_div 0 int_max))
	Error vector:
	 [17.  6. 16. 15.  1.  0.  2.  4.  0.  2.  0.  4.  2.  2.  7. 10.  1.  6.
  1.  1.  0.  4.  0.  1.  3. 16.  1. 13. 24.  3.  1. 13.  1. 13.  7.  7.
  6.  8.  7.  4.  1.  2.  5.  5.  5.  3. 10.  0. 10.  3. 16.  9.  2. 19.
  1.  0.  8. 15.  9. 16.  0.  3. 11.  1.  3.  1. 11. 14.  9.  0.  1. 13.
  9. 18.  7.  6.  0. 24.  4.  3.  0.  4. 16. 11.  6. 12. 18.  0.  0.  0.
  1.  2.  1.  0.  4. 12.  8.  0.  0.  5.  7.  0.  0.  0. 12. 14. 14.  4.
  1.  0. 10. 21. 18.  1.  6.  6.  2.  3.  1.  4.  6.  2.  3. 12.  0.  1.
 12.  5.  6.  1. 14. 16.  0.  6. 18.  1.  4.  6. 24. 17.  9.  4.  1.  0.
  1.  7.  0.  6.  4. 17. 11.  1. 14. 16.  7.  0.  2. 18. 17.  4.  0.  3.
  1. 13.  0.  4.  2.  9.  0. 21.  3.  0. 14.  7. 19.  0.  3.  1. 10.  1.
  3.  5.  1.  6.  5. 23.  0.  0.  1.  1.  1.  1.  1.  1. 24.  1.  1. 10.
  4. 21.]
	Total error:
	 1244.0
	Test error:
	 15991.0
	Time:
	 02:22:14
