Included 32 edge cases.
Included 168 random cases.
Included 200 cases in total.
Finished formatting.
Included 0 edge cases.
Included 2000 random cases.
Included 2000 cases in total.
Finished formatting.
========================================
Setup
========================================
Search Configuration:
signature: ProgramSignature(arity=1, output_stacks=['int'], push_config=PushConfig(numeric_magnitude_limit=1000000000000.0, growth_cap=500, collection_size_cap=1000, step_limit=1500, runtime_limit=10))
evaluator: <pyshgp.gp.evaluation.DatasetEvaluator object at 0x7f5cd0c9e4c0>
spawner: <pyshgp.gp.genome.GeneSpawner object at 0x7f5d0fd0ed00>
population_size: 200
max_generations: 300
error_threshold: 0.0
initial_genome_size: (50, 250)
simplification_steps: 500
parallel_context: <pyshgp.gp.search.ParallelContext object at 0x7f5cd0c9e940>
selection: <pyshgp.utils.DiscreteProbDistrib object at 0x7f5cd0f0dcc0>
variation: <pyshgp.utils.DiscreteProbDistrib object at 0x7f5cd0ef4bc0>
Instructions:
int_add, int_sub, int_mult, int_div, int_mod, int_min, int_max, int_inc, int_dec, int_lt, int_lte, int_gt, int_gte, int_from_bool, bool_and, bool_or, bool_not, bool_xor, bool_invert_first_then_and, bool_second_first_then_and, bool_from_int, noop, noop_open, exec_do_range, exec_do_count, exec_while, exec_do_while, exec_if, exec_when, vector_int_concat, vector_int_conj, vector_int_take, vector_int_subvec, vector_int_first, vector_int_last, vector_int_nth, vector_int_rest, vector_int_but_last, vector_int_length, vector_int_reverse, vector_int_push_all, vector_int_empty_vector, vector_int_contains, vector_int_index_of, vector_int_occurrences_of, vector_int_set_nth, vector_int_replace, vector_int_replace_first, vector_int_remove, vector_int_iterate, print_bool, println_bool, print_int, println_int, print_vector_int, println_vector_int, print_exec, println_exec, bool_pop, bool_dup, bool_dup_times, bool_swap, bool_rot, bool_flush, bool_eq, bool_stack_depth, bool_yank, bool_yank_dup, bool_shove, bool_shove_dup, bool_is_empty, int_pop, int_dup, int_dup_times, int_swap, int_rot, int_flush, int_eq, int_stack_depth, int_yank, int_yank_dup, int_shove, int_shove_dup, int_is_empty, vector_int_pop, vector_int_dup, vector_int_dup_times, vector_int_swap, vector_int_rot, vector_int_flush, vector_int_eq, vector_int_stack_depth, vector_int_yank, vector_int_yank_dup, vector_int_shove, vector_int_shove_dup, vector_int_is_empty, exec_pop, exec_dup, exec_dup_times, exec_swap, exec_rot, exec_flush, exec_eq, exec_stack_depth, exec_yank, exec_yank_dup, exec_shove, exec_shove_dup, exec_is_empty
Literals:
[Literal(value=0, push_type=<pyshgp.push.types.PushIntType object at 0x7f5d0fe5b4f0>), Literal(value=1, push_type=<pyshgp.push.types.PushIntType object at 0x7f5d0fe5b4f0>), Literal(value=2, push_type=<pyshgp.push.types.PushIntType object at 0x7f5d0fe5b4f0>)]
ERC Generators:
[<function rand_int at 0x7f5cd1f2c1f0>]
========================================
Start Run
========================================
2021-12-10 14:51:55.261955 | GENERATION: 1 | ERRORS: best=1907.0, median=200000000.0, diversity=0.02 | INDIVIDUALS: n=200, avg_genome_length=164.24
2021-12-10 14:51:57.306415 | GENERATION: 2 | ERRORS: best=1787.0, median=200000000.0, diversity=0.085 | INDIVIDUALS: n=200, avg_genome_length=64.25
2021-12-10 14:52:03.914289 | GENERATION: 3 | ERRORS: best=1715.0, median=200000000.0, diversity=0.08 | INDIVIDUALS: n=200, avg_genome_length=67.225
2021-12-10 14:52:10.520323 | GENERATION: 4 | ERRORS: best=1675.0, median=165907.0, diversity=0.05 | INDIVIDUALS: n=200, avg_genome_length=67.21
2021-12-10 14:52:16.825968 | GENERATION: 5 | ERRORS: best=1633.0, median=1907.0, diversity=0.135 | INDIVIDUALS: n=200, avg_genome_length=69.66
2021-12-10 14:52:19.857700 | GENERATION: 6 | ERRORS: best=1633.0, median=1907.0, diversity=0.17 | INDIVIDUALS: n=200, avg_genome_length=70.245
2021-12-10 14:52:22.205080 | GENERATION: 7 | ERRORS: best=1633.0, median=1947.5, diversity=0.17 | INDIVIDUALS: n=200, avg_genome_length=71.21
2021-12-10 14:52:24.675835 | GENERATION: 8 | ERRORS: best=1633.0, median=1985.0, diversity=0.195 | INDIVIDUALS: n=200, avg_genome_length=70.665
2021-12-10 14:52:29.656329 | GENERATION: 9 | ERRORS: best=1633.0, median=1907.0, diversity=0.2 | INDIVIDUALS: n=200, avg_genome_length=70.17
2021-12-10 14:52:35.620680 | GENERATION: 10 | ERRORS: best=1633.0, median=1983.0, diversity=0.225 | INDIVIDUALS: n=200, avg_genome_length=69.065
2021-12-10 14:52:40.598516 | GENERATION: 11 | ERRORS: best=1637.0, median=1910.0, diversity=0.215 | INDIVIDUALS: n=200, avg_genome_length=69.285
2021-12-10 14:52:46.106698 | GENERATION: 12 | ERRORS: best=1633.0, median=1910.0, diversity=0.235 | INDIVIDUALS: n=200, avg_genome_length=67.795
2021-12-10 14:52:50.977351 | GENERATION: 13 | ERRORS: best=1209.0, median=1907.0, diversity=0.28 | INDIVIDUALS: n=200, avg_genome_length=68.48
2021-12-10 14:52:57.517994 | GENERATION: 14 | ERRORS: best=1633.0, median=1910.0, diversity=0.22 | INDIVIDUALS: n=200, avg_genome_length=68.33
2021-12-10 14:53:04.403309 | GENERATION: 15 | ERRORS: best=1633.0, median=1983.0, diversity=0.265 | INDIVIDUALS: n=200, avg_genome_length=69.795
2021-12-10 14:53:09.063984 | GENERATION: 16 | ERRORS: best=1239.0, median=1907.0, diversity=0.26 | INDIVIDUALS: n=200, avg_genome_length=67.17
2021-12-10 14:53:15.297636 | GENERATION: 17 | ERRORS: best=1235.0, median=1907.0, diversity=0.255 | INDIVIDUALS: n=200, avg_genome_length=67.01
2021-12-10 14:53:21.629364 | GENERATION: 18 | ERRORS: best=1227.0, median=1905.5, diversity=0.34 | INDIVIDUALS: n=200, avg_genome_length=65.52
2021-12-10 14:53:27.133664 | GENERATION: 19 | ERRORS: best=1204.0, median=1870.0, diversity=0.41 | INDIVIDUALS: n=200, avg_genome_length=66.28
2021-12-10 14:53:33.962814 | GENERATION: 20 | ERRORS: best=1204.0, median=1795.0, diversity=0.415 | INDIVIDUALS: n=200, avg_genome_length=63.565
2021-12-10 14:53:39.693078 | GENERATION: 21 | ERRORS: best=1204.0, median=1868.0, diversity=0.37 | INDIVIDUALS: n=200, avg_genome_length=65.085
2021-12-10 14:53:44.798515 | GENERATION: 22 | ERRORS: best=1198.0, median=1870.0, diversity=0.435 | INDIVIDUALS: n=200, avg_genome_length=66.12
2021-12-10 14:53:50.251695 | GENERATION: 23 | ERRORS: best=1204.0, median=1907.0, diversity=0.425 | INDIVIDUALS: n=200, avg_genome_length=66.375
2021-12-10 14:53:56.266800 | GENERATION: 24 | ERRORS: best=1204.0, median=1903.5, diversity=0.515 | INDIVIDUALS: n=200, avg_genome_length=67.62
2021-12-10 14:54:02.873215 | GENERATION: 25 | ERRORS: best=1202.0, median=1886.5, diversity=0.51 | INDIVIDUALS: n=200, avg_genome_length=67.085
2021-12-10 14:54:16.565750 | GENERATION: 26 | ERRORS: best=1202.0, median=1907.0, diversity=0.455 | INDIVIDUALS: n=200, avg_genome_length=67.79
2021-12-10 14:54:24.080226 | GENERATION: 27 | ERRORS: best=1203.0, median=1983.0, diversity=0.46 | INDIVIDUALS: n=200, avg_genome_length=67.755
2021-12-10 14:55:14.360584 | GENERATION: 28 | ERRORS: best=1202.0, median=1907.0, diversity=0.5 | INDIVIDUALS: n=200, avg_genome_length=69.87
2021-12-10 14:55:20.801712 | GENERATION: 29 | ERRORS: best=1204.0, median=1907.0, diversity=0.43 | INDIVIDUALS: n=200, avg_genome_length=70.145
2021-12-10 14:55:26.879122 | GENERATION: 30 | ERRORS: best=1205.0, median=1907.0, diversity=0.44 | INDIVIDUALS: n=200, avg_genome_length=71.035
2021-12-10 14:55:32.106325 | GENERATION: 31 | ERRORS: best=1205.0, median=1907.0, diversity=0.48 | INDIVIDUALS: n=200, avg_genome_length=68.75
2021-12-10 14:55:37.487168 | GENERATION: 32 | ERRORS: best=1203.0, median=1907.0, diversity=0.43 | INDIVIDUALS: n=200, avg_genome_length=69.44
2021-12-10 14:55:43.644487 | GENERATION: 33 | ERRORS: best=1203.0, median=1883.0, diversity=0.41 | INDIVIDUALS: n=200, avg_genome_length=67.825
2021-12-10 14:55:49.502200 | GENERATION: 34 | ERRORS: best=1205.0, median=1840.0, diversity=0.41 | INDIVIDUALS: n=200, avg_genome_length=67.03
2021-12-10 14:55:55.842528 | GENERATION: 35 | ERRORS: best=1203.0, median=1874.5, diversity=0.535 | INDIVIDUALS: n=200, avg_genome_length=69.42
2021-12-10 14:56:00.911326 | GENERATION: 36 | ERRORS: best=1203.0, median=1907.0, diversity=0.485 | INDIVIDUALS: n=200, avg_genome_length=69.94
2021-12-10 14:56:07.581580 | GENERATION: 37 | ERRORS: best=1202.0, median=1870.5, diversity=0.45 | INDIVIDUALS: n=200, avg_genome_length=71.355
2021-12-10 14:56:12.169277 | GENERATION: 38 | ERRORS: best=1198.0, median=1803.0, diversity=0.48 | INDIVIDUALS: n=200, avg_genome_length=72.785
2021-12-10 14:56:19.672727 | GENERATION: 39 | ERRORS: best=1198.0, median=1870.5, diversity=0.41 | INDIVIDUALS: n=200, avg_genome_length=71.85
2021-12-10 14:56:28.563707 | GENERATION: 40 | ERRORS: best=1202.0, median=1803.0, diversity=0.44 | INDIVIDUALS: n=200, avg_genome_length=71.2
2021-12-10 14:56:34.946164 | GENERATION: 41 | ERRORS: best=1202.0, median=1966.0, diversity=0.45 | INDIVIDUALS: n=200, avg_genome_length=71.495
2021-12-10 14:56:40.753514 | GENERATION: 42 | ERRORS: best=1202.0, median=1907.0, diversity=0.485 | INDIVIDUALS: n=200, avg_genome_length=72.825
2021-12-10 14:56:48.153184 | GENERATION: 43 | ERRORS: best=1204.0, median=1907.0, diversity=0.525 | INDIVIDUALS: n=200, avg_genome_length=73.74
2021-12-10 14:56:53.944280 | GENERATION: 44 | ERRORS: best=1197.0, median=1907.0, diversity=0.475 | INDIVIDUALS: n=200, avg_genome_length=72.3
2021-12-10 14:57:00.697415 | GENERATION: 45 | ERRORS: best=1193.0, median=1870.0, diversity=0.485 | INDIVIDUALS: n=200, avg_genome_length=74.635
2021-12-10 14:57:06.741256 | GENERATION: 46 | ERRORS: best=1191.0, median=1820.5, diversity=0.46 | INDIVIDUALS: n=200, avg_genome_length=77.4
2021-12-10 14:57:14.751624 | GENERATION: 47 | ERRORS: best=1191.0, median=1907.0, diversity=0.485 | INDIVIDUALS: n=200, avg_genome_length=75.455
2021-12-10 14:57:22.328387 | GENERATION: 48 | ERRORS: best=1192.0, median=1870.5, diversity=0.53 | INDIVIDUALS: n=200, avg_genome_length=73.1
2021-12-10 14:57:30.564145 | GENERATION: 49 | ERRORS: best=1192.0, median=1803.0, diversity=0.49 | INDIVIDUALS: n=200, avg_genome_length=70.92
2021-12-10 14:57:38.756117 | GENERATION: 50 | ERRORS: best=1195.0, median=1907.0, diversity=0.565 | INDIVIDUALS: n=200, avg_genome_length=73.445
2021-12-10 14:57:45.686904 | GENERATION: 51 | ERRORS: best=1191.0, median=1866.5, diversity=0.6 | INDIVIDUALS: n=200, avg_genome_length=72.99
2021-12-10 14:57:52.416584 | GENERATION: 52 | ERRORS: best=1192.0, median=1901.0, diversity=0.495 | INDIVIDUALS: n=200, avg_genome_length=72.415
2021-12-10 14:57:59.008937 | GENERATION: 53 | ERRORS: best=1192.0, median=1907.0, diversity=0.53 | INDIVIDUALS: n=200, avg_genome_length=73.215
2021-12-10 14:58:05.628751 | GENERATION: 54 | ERRORS: best=1192.0, median=1907.0, diversity=0.555 | INDIVIDUALS: n=200, avg_genome_length=73.865
2021-12-10 14:58:29.347045 | GENERATION: 55 | ERRORS: best=1195.0, median=1907.0, diversity=0.495 | INDIVIDUALS: n=200, avg_genome_length=76.175
2021-12-10 14:58:34.897484 | GENERATION: 56 | ERRORS: best=1192.0, median=1907.0, diversity=0.54 | INDIVIDUALS: n=200, avg_genome_length=75.65
2021-12-10 14:58:42.495321 | GENERATION: 57 | ERRORS: best=1192.0, median=1908.0, diversity=0.52 | INDIVIDUALS: n=200, avg_genome_length=74.86
2021-12-10 14:58:47.845128 | GENERATION: 58 | ERRORS: best=1189.0, median=1907.0, diversity=0.48 | INDIVIDUALS: n=200, avg_genome_length=74.48
2021-12-10 14:58:53.284619 | GENERATION: 59 | ERRORS: best=1194.0, median=1982.5, diversity=0.465 | INDIVIDUALS: n=200, avg_genome_length=72.62
2021-12-10 14:58:59.052731 | GENERATION: 60 | ERRORS: best=1195.0, median=1907.0, diversity=0.52 | INDIVIDUALS: n=200, avg_genome_length=72.855
2021-12-10 14:59:05.457558 | GENERATION: 61 | ERRORS: best=1193.0, median=1907.0, diversity=0.505 | INDIVIDUALS: n=200, avg_genome_length=70.99
2021-12-10 14:59:11.071884 | GENERATION: 62 | ERRORS: best=1196.0, median=1907.0, diversity=0.47 | INDIVIDUALS: n=200, avg_genome_length=70.46
2021-12-10 14:59:17.489147 | GENERATION: 63 | ERRORS: best=1202.0, median=1907.0, diversity=0.415 | INDIVIDUALS: n=200, avg_genome_length=68.71
2021-12-10 14:59:23.250270 | GENERATION: 64 | ERRORS: best=1202.0, median=1907.0, diversity=0.465 | INDIVIDUALS: n=200, avg_genome_length=64.295
2021-12-10 14:59:28.643933 | GENERATION: 65 | ERRORS: best=1202.0, median=1934.0, diversity=0.49 | INDIVIDUALS: n=200, avg_genome_length=66.745
2021-12-10 14:59:34.956493 | GENERATION: 66 | ERRORS: best=1196.0, median=1907.0, diversity=0.605 | INDIVIDUALS: n=200, avg_genome_length=67.21
2021-12-10 14:59:40.647911 | GENERATION: 67 | ERRORS: best=1200.0, median=1907.0, diversity=0.49 | INDIVIDUALS: n=200, avg_genome_length=66.4
2021-12-10 14:59:46.976928 | GENERATION: 68 | ERRORS: best=1198.0, median=1907.0, diversity=0.56 | INDIVIDUALS: n=200, avg_genome_length=67.365
2021-12-10 14:59:52.815813 | GENERATION: 69 | ERRORS: best=1194.0, median=1870.0, diversity=0.535 | INDIVIDUALS: n=200, avg_genome_length=67.18
2021-12-10 14:59:59.690242 | GENERATION: 70 | ERRORS: best=1193.0, median=1907.0, diversity=0.52 | INDIVIDUALS: n=200, avg_genome_length=65.62
2021-12-10 15:00:05.915994 | GENERATION: 71 | ERRORS: best=1219.0, median=1818.5, diversity=0.495 | INDIVIDUALS: n=200, avg_genome_length=64.91
2021-12-10 15:00:12.719828 | GENERATION: 72 | ERRORS: best=1202.0, median=1870.0, diversity=0.505 | INDIVIDUALS: n=200, avg_genome_length=65.04
2021-12-10 15:00:19.635332 | GENERATION: 73 | ERRORS: best=1189.0, median=1870.0, diversity=0.49 | INDIVIDUALS: n=200, avg_genome_length=64.325
2021-12-10 15:00:26.095632 | GENERATION: 74 | ERRORS: best=1202.0, median=1907.0, diversity=0.435 | INDIVIDUALS: n=200, avg_genome_length=64.555
2021-12-10 15:00:32.825600 | GENERATION: 75 | ERRORS: best=1204.0, median=1900.0, diversity=0.45 | INDIVIDUALS: n=200, avg_genome_length=63.35
2021-12-10 15:00:40.362534 | GENERATION: 76 | ERRORS: best=1204.0, median=1907.0, diversity=0.48 | INDIVIDUALS: n=200, avg_genome_length=63.55
2021-12-10 15:00:47.200832 | GENERATION: 77 | ERRORS: best=1202.0, median=1868.0, diversity=0.49 | INDIVIDUALS: n=200, avg_genome_length=62.98
2021-12-10 15:00:53.169720 | GENERATION: 78 | ERRORS: best=1202.0, median=1907.0, diversity=0.475 | INDIVIDUALS: n=200, avg_genome_length=63.825
2021-12-10 15:01:00.821574 | GENERATION: 79 | ERRORS: best=1202.0, median=1907.0, diversity=0.465 | INDIVIDUALS: n=200, avg_genome_length=64.05
2021-12-10 15:01:05.739121 | GENERATION: 80 | ERRORS: best=1198.0, median=1905.5, diversity=0.55 | INDIVIDUALS: n=200, avg_genome_length=63.42
2021-12-10 15:01:12.460424 | GENERATION: 81 | ERRORS: best=1204.0, median=1907.0, diversity=0.525 | INDIVIDUALS: n=200, avg_genome_length=63.26
2021-12-10 15:01:19.078256 | GENERATION: 82 | ERRORS: best=1202.0, median=1906.5, diversity=0.53 | INDIVIDUALS: n=200, avg_genome_length=64.16
2021-12-10 15:01:26.557492 | GENERATION: 83 | ERRORS: best=1204.0, median=1907.0, diversity=0.495 | INDIVIDUALS: n=200, avg_genome_length=61.915
2021-12-10 15:01:34.404434 | GENERATION: 84 | ERRORS: best=1202.0, median=1895.0, diversity=0.475 | INDIVIDUALS: n=200, avg_genome_length=63.88
2021-12-10 15:01:40.218685 | GENERATION: 85 | ERRORS: best=1202.0, median=1907.0, diversity=0.53 | INDIVIDUALS: n=200, avg_genome_length=62.225
2021-12-10 15:01:47.560010 | GENERATION: 86 | ERRORS: best=1204.0, median=1983.0, diversity=0.5 | INDIVIDUALS: n=200, avg_genome_length=61.59
2021-12-10 15:01:53.595072 | GENERATION: 87 | ERRORS: best=1219.0, median=1907.0, diversity=0.525 | INDIVIDUALS: n=200, avg_genome_length=61.49
2021-12-10 15:02:00.923554 | GENERATION: 88 | ERRORS: best=1204.0, median=1907.0, diversity=0.54 | INDIVIDUALS: n=200, avg_genome_length=60.31
2021-12-10 15:02:07.573100 | GENERATION: 89 | ERRORS: best=1202.0, median=1875.5, diversity=0.55 | INDIVIDUALS: n=200, avg_genome_length=58.55
2021-12-10 15:02:15.808265 | GENERATION: 90 | ERRORS: best=1202.0, median=1815.0, diversity=0.575 | INDIVIDUALS: n=200, avg_genome_length=59.715
2021-12-10 15:02:23.895122 | GENERATION: 91 | ERRORS: best=1202.0, median=1870.0, diversity=0.605 | INDIVIDUALS: n=200, avg_genome_length=61.19
2021-12-10 15:02:30.924507 | GENERATION: 92 | ERRORS: best=1198.0, median=1787.0, diversity=0.53 | INDIVIDUALS: n=200, avg_genome_length=61.76
2021-12-10 15:02:36.834063 | GENERATION: 93 | ERRORS: best=1202.0, median=1846.5, diversity=0.54 | INDIVIDUALS: n=200, avg_genome_length=64.17
2021-12-10 15:02:44.292484 | GENERATION: 94 | ERRORS: best=1202.0, median=1786.5, diversity=0.545 | INDIVIDUALS: n=200, avg_genome_length=63.285
2021-12-10 15:02:51.291200 | GENERATION: 95 | ERRORS: best=1202.0, median=1786.0, diversity=0.48 | INDIVIDUALS: n=200, avg_genome_length=64.045
2021-12-10 15:02:56.677351 | GENERATION: 96 | ERRORS: best=1202.0, median=1877.5, diversity=0.515 | INDIVIDUALS: n=200, avg_genome_length=66.53
2021-12-10 15:03:02.832973 | GENERATION: 97 | ERRORS: best=1204.0, median=1941.5, diversity=0.475 | INDIVIDUALS: n=200, avg_genome_length=66.5
2021-12-10 15:03:07.565777 | GENERATION: 98 | ERRORS: best=1227.0, median=1897.0, diversity=0.505 | INDIVIDUALS: n=200, avg_genome_length=67.04
2021-12-10 15:03:12.738173 | GENERATION: 99 | ERRORS: best=1216.0, median=1870.5, diversity=0.525 | INDIVIDUALS: n=200, avg_genome_length=69.465
2021-12-10 15:03:18.363566 | GENERATION: 100 | ERRORS: best=1228.0, median=1857.5, diversity=0.515 | INDIVIDUALS: n=200, avg_genome_length=69.735
2021-12-10 15:03:24.693759 | GENERATION: 101 | ERRORS: best=1192.0, median=1907.0, diversity=0.55 | INDIVIDUALS: n=200, avg_genome_length=70.035
2021-12-10 15:03:31.623374 | GENERATION: 102 | ERRORS: best=1192.0, median=1870.0, diversity=0.58 | INDIVIDUALS: n=200, avg_genome_length=71.175
2021-12-10 15:03:37.869369 | GENERATION: 103 | ERRORS: best=1195.0, median=1870.0, diversity=0.575 | INDIVIDUALS: n=200, avg_genome_length=70.345
2021-12-10 15:03:43.695909 | GENERATION: 104 | ERRORS: best=1198.0, median=1843.5, diversity=0.56 | INDIVIDUALS: n=200, avg_genome_length=69.695
2021-12-10 15:03:49.697408 | GENERATION: 105 | ERRORS: best=1192.0, median=1847.5, diversity=0.55 | INDIVIDUALS: n=200, avg_genome_length=69.7
2021-12-10 15:03:56.660631 | GENERATION: 106 | ERRORS: best=1195.0, median=1787.0, diversity=0.595 | INDIVIDUALS: n=200, avg_genome_length=70.15
2021-12-10 15:04:02.826128 | GENERATION: 107 | ERRORS: best=1202.0, median=1907.0, diversity=0.545 | INDIVIDUALS: n=200, avg_genome_length=71.98
2021-12-10 15:04:10.144548 | GENERATION: 108 | ERRORS: best=1202.0, median=1870.0, diversity=0.51 | INDIVIDUALS: n=200, avg_genome_length=69.935
2021-12-10 15:04:15.173670 | GENERATION: 109 | ERRORS: best=1204.0, median=1862.0, diversity=0.665 | INDIVIDUALS: n=200, avg_genome_length=66.74
2021-12-10 15:04:19.392578 | GENERATION: 110 | ERRORS: best=1227.0, median=1907.0, diversity=0.6 | INDIVIDUALS: n=200, avg_genome_length=66.475
2021-12-10 15:04:25.987561 | GENERATION: 111 | ERRORS: best=1204.0, median=1907.0, diversity=0.585 | INDIVIDUALS: n=200, avg_genome_length=67.645
2021-12-10 15:04:31.963147 | GENERATION: 112 | ERRORS: best=1202.0, median=1787.0, diversity=0.55 | INDIVIDUALS: n=200, avg_genome_length=69.005
2021-12-10 15:04:37.355924 | GENERATION: 113 | ERRORS: best=1202.0, median=1867.5, diversity=0.54 | INDIVIDUALS: n=200, avg_genome_length=70.505
2021-12-10 15:04:43.823588 | GENERATION: 114 | ERRORS: best=1219.0, median=1903.0, diversity=0.545 | INDIVIDUALS: n=200, avg_genome_length=67.67
2021-12-10 15:05:06.500498 | GENERATION: 115 | ERRORS: best=1208.0, median=1835.0, diversity=0.545 | INDIVIDUALS: n=200, avg_genome_length=68.735
2021-12-10 15:05:12.998754 | GENERATION: 116 | ERRORS: best=1198.0, median=1937.5, diversity=0.55 | INDIVIDUALS: n=200, avg_genome_length=68.475
2021-12-10 15:05:20.265337 | GENERATION: 117 | ERRORS: best=1227.0, median=1889.0, diversity=0.555 | INDIVIDUALS: n=200, avg_genome_length=68.71
2021-12-10 15:05:27.195870 | GENERATION: 118 | ERRORS: best=1202.0, median=1905.5, diversity=0.58 | INDIVIDUALS: n=200, avg_genome_length=70.3
2021-12-10 15:05:33.720042 | GENERATION: 119 | ERRORS: best=1212.0, median=1907.0, diversity=0.545 | INDIVIDUALS: n=200, avg_genome_length=68.51
2021-12-10 15:05:39.854560 | GENERATION: 120 | ERRORS: best=1198.0, median=1907.5, diversity=0.545 | INDIVIDUALS: n=200, avg_genome_length=66.28
2021-12-10 15:05:46.417971 | GENERATION: 121 | ERRORS: best=1204.0, median=1880.0, diversity=0.59 | INDIVIDUALS: n=200, avg_genome_length=65.05
2021-12-10 15:05:53.350607 | GENERATION: 122 | ERRORS: best=1208.0, median=1901.5, diversity=0.59 | INDIVIDUALS: n=200, avg_genome_length=66.855
2021-12-10 15:06:00.096383 | GENERATION: 123 | ERRORS: best=1212.0, median=1901.5, diversity=0.55 | INDIVIDUALS: n=200, avg_genome_length=66.91
2021-12-10 15:06:06.507735 | GENERATION: 124 | ERRORS: best=1202.0, median=1903.5, diversity=0.53 | INDIVIDUALS: n=200, avg_genome_length=69.335
2021-12-10 15:06:12.519261 | GENERATION: 125 | ERRORS: best=1209.0, median=1907.0, diversity=0.475 | INDIVIDUALS: n=200, avg_genome_length=73.135
2021-12-10 15:06:18.936226 | GENERATION: 126 | ERRORS: best=1216.0, median=1907.0, diversity=0.505 | INDIVIDUALS: n=200, avg_genome_length=68.695
2021-12-10 15:06:26.381564 | GENERATION: 127 | ERRORS: best=1200.0, median=1831.5, diversity=0.54 | INDIVIDUALS: n=200, avg_genome_length=70.54
2021-12-10 15:06:33.609868 | GENERATION: 128 | ERRORS: best=1198.0, median=1907.0, diversity=0.55 | INDIVIDUALS: n=200, avg_genome_length=69.5
2021-12-10 15:06:39.217209 | GENERATION: 129 | ERRORS: best=1198.0, median=1907.0, diversity=0.575 | INDIVIDUALS: n=200, avg_genome_length=68.465
2021-12-10 15:06:47.786457 | GENERATION: 130 | ERRORS: best=1227.0, median=1980.5, diversity=0.51 | INDIVIDUALS: n=200, avg_genome_length=68.005
2021-12-10 15:06:52.940367 | GENERATION: 131 | ERRORS: best=1202.0, median=1907.0, diversity=0.53 | INDIVIDUALS: n=200, avg_genome_length=67.96
2021-12-10 15:06:58.874194 | GENERATION: 132 | ERRORS: best=1216.0, median=1907.0, diversity=0.58 | INDIVIDUALS: n=200, avg_genome_length=72.915
2021-12-10 15:07:03.517311 | GENERATION: 133 | ERRORS: best=1229.0, median=1907.5, diversity=0.56 | INDIVIDUALS: n=200, avg_genome_length=72.7
2021-12-10 15:07:11.372937 | GENERATION: 134 | ERRORS: best=1202.0, median=1960.0, diversity=0.565 | INDIVIDUALS: n=200, avg_genome_length=77.3
2021-12-10 15:07:16.535373 | GENERATION: 135 | ERRORS: best=1208.0, median=1907.0, diversity=0.5 | INDIVIDUALS: n=200, avg_genome_length=72.495
2021-12-10 15:07:23.538429 | GENERATION: 136 | ERRORS: best=1202.0, median=1907.0, diversity=0.535 | INDIVIDUALS: n=200, avg_genome_length=75.865
2021-12-10 15:07:29.260104 | GENERATION: 137 | ERRORS: best=1204.0, median=1983.0, diversity=0.5 | INDIVIDUALS: n=200, avg_genome_length=74.205
2021-12-10 15:07:34.913385 | GENERATION: 138 | ERRORS: best=1219.0, median=1940.0, diversity=0.47 | INDIVIDUALS: n=200, avg_genome_length=76.1
2021-12-10 15:07:46.759058 | GENERATION: 139 | ERRORS: best=1227.0, median=1905.0, diversity=0.545 | INDIVIDUALS: n=200, avg_genome_length=70.98
2021-12-10 15:07:58.577034 | GENERATION: 140 | ERRORS: best=1235.0, median=1907.0, diversity=0.54 | INDIVIDUALS: n=200, avg_genome_length=76.93
2021-12-10 15:08:06.842240 | GENERATION: 141 | ERRORS: best=1202.0, median=1787.0, diversity=0.55 | INDIVIDUALS: n=200, avg_genome_length=67.415
2021-12-10 15:08:15.413392 | GENERATION: 142 | ERRORS: best=1204.0, median=1871.0, diversity=0.62 | INDIVIDUALS: n=200, avg_genome_length=75.195
2021-12-10 15:08:23.807137 | GENERATION: 143 | ERRORS: best=1216.0, median=1907.0, diversity=0.535 | INDIVIDUALS: n=200, avg_genome_length=76.68
2021-12-10 15:08:29.601186 | GENERATION: 144 | ERRORS: best=1201.0, median=1907.0, diversity=0.54 | INDIVIDUALS: n=200, avg_genome_length=79.445
2021-12-10 15:08:38.773704 | GENERATION: 145 | ERRORS: best=1197.0, median=1870.0, diversity=0.585 | INDIVIDUALS: n=200, avg_genome_length=80.62
2021-12-10 15:08:46.112246 | GENERATION: 146 | ERRORS: best=1219.0, median=1908.0, diversity=0.53 | INDIVIDUALS: n=200, avg_genome_length=78.375
2021-12-10 15:08:54.803653 | GENERATION: 147 | ERRORS: best=1212.0, median=1907.0, diversity=0.505 | INDIVIDUALS: n=200, avg_genome_length=73.65
2021-12-10 15:09:01.902693 | GENERATION: 148 | ERRORS: best=1204.0, median=1907.0, diversity=0.555 | INDIVIDUALS: n=200, avg_genome_length=76.25
2021-12-10 15:09:10.095641 | GENERATION: 149 | ERRORS: best=1208.0, median=1922.0, diversity=0.565 | INDIVIDUALS: n=200, avg_genome_length=75.415
2021-12-10 15:09:16.354108 | GENERATION: 150 | ERRORS: best=1208.0, median=1907.0, diversity=0.53 | INDIVIDUALS: n=200, avg_genome_length=78.785
2021-12-10 15:09:25.351495 | GENERATION: 151 | ERRORS: best=1216.0, median=1983.0, diversity=0.61 | INDIVIDUALS: n=200, avg_genome_length=77.265
2021-12-10 15:09:34.148093 | GENERATION: 152 | ERRORS: best=1204.0, median=1907.0, diversity=0.585 | INDIVIDUALS: n=200, avg_genome_length=77.255
2021-12-10 15:09:42.472137 | GENERATION: 153 | ERRORS: best=1219.0, median=1907.0, diversity=0.52 | INDIVIDUALS: n=200, avg_genome_length=76.265
2021-12-10 15:09:48.698591 | GENERATION: 154 | ERRORS: best=1219.0, median=1871.5, diversity=0.5 | INDIVIDUALS: n=200, avg_genome_length=71.865
2021-12-10 15:09:55.087227 | GENERATION: 155 | ERRORS: best=1204.0, median=1898.5, diversity=0.55 | INDIVIDUALS: n=200, avg_genome_length=71.71
2021-12-10 15:10:02.176079 | GENERATION: 156 | ERRORS: best=1202.0, median=1870.0, diversity=0.495 | INDIVIDUALS: n=200, avg_genome_length=69.28
2021-12-10 15:10:08.897962 | GENERATION: 157 | ERRORS: best=1204.0, median=1869.5, diversity=0.49 | INDIVIDUALS: n=200, avg_genome_length=68.815
2021-12-10 15:10:15.456493 | GENERATION: 158 | ERRORS: best=1202.0, median=1869.0, diversity=0.475 | INDIVIDUALS: n=200, avg_genome_length=68.03
2021-12-10 15:10:20.120821 | GENERATION: 159 | ERRORS: best=1204.0, median=1786.0, diversity=0.46 | INDIVIDUALS: n=200, avg_genome_length=64.755
2021-12-10 15:10:35.957335 | GENERATION: 160 | ERRORS: best=1227.0, median=1715.0, diversity=0.48 | INDIVIDUALS: n=200, avg_genome_length=63.83
2021-12-10 15:10:49.805017 | GENERATION: 161 | ERRORS: best=1227.0, median=1787.0, diversity=0.535 | INDIVIDUALS: n=200, avg_genome_length=64.16
2021-12-10 15:10:54.539679 | GENERATION: 162 | ERRORS: best=1212.0, median=1786.5, diversity=0.535 | INDIVIDUALS: n=200, avg_genome_length=61.145
2021-12-10 15:11:00.522155 | GENERATION: 163 | ERRORS: best=1200.0, median=1906.5, diversity=0.52 | INDIVIDUALS: n=200, avg_genome_length=60.88
2021-12-10 15:11:07.909615 | GENERATION: 164 | ERRORS: best=1204.0, median=1782.5, diversity=0.56 | INDIVIDUALS: n=200, avg_genome_length=61.095
2021-12-10 15:11:18.082473 | GENERATION: 165 | ERRORS: best=1212.0, median=1907.0, diversity=0.535 | INDIVIDUALS: n=200, avg_genome_length=65.475
2021-12-10 15:11:25.159044 | GENERATION: 166 | ERRORS: best=1202.0, median=1786.0, diversity=0.565 | INDIVIDUALS: n=200, avg_genome_length=67.73
2021-12-10 15:11:31.185645 | GENERATION: 167 | ERRORS: best=1200.0, median=1840.0, diversity=0.53 | INDIVIDUALS: n=200, avg_genome_length=67.615
2021-12-10 15:11:35.325472 | GENERATION: 168 | ERRORS: best=1195.0, median=1767.0, diversity=0.595 | INDIVIDUALS: n=200, avg_genome_length=63.125
2021-12-10 15:11:41.270987 | GENERATION: 169 | ERRORS: best=1198.0, median=1787.0, diversity=0.55 | INDIVIDUALS: n=200, avg_genome_length=66.57
2021-12-10 15:11:48.552121 | GENERATION: 170 | ERRORS: best=1198.0, median=1787.0, diversity=0.535 | INDIVIDUALS: n=200, avg_genome_length=57.62
2021-12-10 15:11:53.002278 | GENERATION: 171 | ERRORS: best=1198.0, median=1723.0, diversity=0.605 | INDIVIDUALS: n=200, avg_genome_length=55.5
2021-12-10 15:11:55.542427 | GENERATION: 172 | ERRORS: best=1205.0, median=1787.0, diversity=0.585 | INDIVIDUALS: n=200, avg_genome_length=57.715
2021-12-10 15:12:01.691175 | GENERATION: 173 | ERRORS: best=1205.0, median=1784.0, diversity=0.57 | INDIVIDUALS: n=200, avg_genome_length=55.735
2021-12-10 15:12:07.229149 | GENERATION: 174 | ERRORS: best=1198.0, median=1787.0, diversity=0.57 | INDIVIDUALS: n=200, avg_genome_length=52.87
2021-12-10 15:12:12.772971 | GENERATION: 175 | ERRORS: best=1189.0, median=1786.0, diversity=0.55 | INDIVIDUALS: n=200, avg_genome_length=55.005
2021-12-10 15:12:18.388230 | GENERATION: 176 | ERRORS: best=1193.0, median=1888.0, diversity=0.57 | INDIVIDUALS: n=200, avg_genome_length=55.075
2021-12-10 15:12:22.991328 | GENERATION: 177 | ERRORS: best=1198.0, median=1787.0, diversity=0.505 | INDIVIDUALS: n=200, avg_genome_length=54.185
2021-12-10 15:12:28.900501 | GENERATION: 178 | ERRORS: best=1198.0, median=1870.0, diversity=0.54 | INDIVIDUALS: n=200, avg_genome_length=55.26
2021-12-10 15:12:33.874718 | GENERATION: 179 | ERRORS: best=1202.0, median=1760.0, diversity=0.565 | INDIVIDUALS: n=200, avg_genome_length=51.865
2021-12-10 15:12:39.041456 | GENERATION: 180 | ERRORS: best=1202.0, median=1866.0, diversity=0.52 | INDIVIDUALS: n=200, avg_genome_length=52.255
2021-12-10 15:12:44.456434 | GENERATION: 181 | ERRORS: best=1231.0, median=1787.5, diversity=0.525 | INDIVIDUALS: n=200, avg_genome_length=51.61
2021-12-10 15:12:47.837085 | GENERATION: 182 | ERRORS: best=1212.0, median=1759.5, diversity=0.57 | INDIVIDUALS: n=200, avg_genome_length=47.265
2021-12-10 15:12:50.893313 | GENERATION: 183 | ERRORS: best=1204.0, median=1787.0, diversity=0.53 | INDIVIDUALS: n=200, avg_genome_length=47.285
2021-12-10 15:12:55.384303 | GENERATION: 184 | ERRORS: best=1212.0, median=1811.5, diversity=0.53 | INDIVIDUALS: n=200, avg_genome_length=51.31
2021-12-10 15:13:00.767048 | GENERATION: 185 | ERRORS: best=1200.0, median=1786.0, diversity=0.585 | INDIVIDUALS: n=200, avg_genome_length=55.41
2021-12-10 15:13:05.352387 | GENERATION: 186 | ERRORS: best=1204.0, median=1785.5, diversity=0.565 | INDIVIDUALS: n=200, avg_genome_length=52.575
2021-12-10 15:13:12.139835 | GENERATION: 187 | ERRORS: best=1228.0, median=1907.0, diversity=0.535 | INDIVIDUALS: n=200, avg_genome_length=52.585
2021-12-10 15:13:14.195784 | GENERATION: 188 | ERRORS: best=1212.0, median=1745.0, diversity=0.525 | INDIVIDUALS: n=200, avg_genome_length=45.64
2021-12-10 15:13:19.696060 | GENERATION: 189 | ERRORS: best=1202.0, median=1791.0, diversity=0.575 | INDIVIDUALS: n=200, avg_genome_length=49.185
2021-12-10 15:13:25.601356 | GENERATION: 190 | ERRORS: best=1212.0, median=1907.0, diversity=0.55 | INDIVIDUALS: n=200, avg_genome_length=50.02
2021-12-10 15:13:29.517929 | GENERATION: 191 | ERRORS: best=1204.0, median=1715.0, diversity=0.575 | INDIVIDUALS: n=200, avg_genome_length=46.875
2021-12-10 15:13:34.893909 | GENERATION: 192 | ERRORS: best=1202.0, median=1787.0, diversity=0.595 | INDIVIDUALS: n=200, avg_genome_length=52.87
2021-12-10 15:13:40.667756 | GENERATION: 193 | ERRORS: best=1204.0, median=1845.0, diversity=0.615 | INDIVIDUALS: n=200, avg_genome_length=50.085
2021-12-10 15:13:45.373609 | GENERATION: 194 | ERRORS: best=1228.0, median=1866.0, diversity=0.56 | INDIVIDUALS: n=200, avg_genome_length=53.615
2021-12-10 15:13:48.298246 | GENERATION: 195 | ERRORS: best=1216.0, median=1836.0, diversity=0.55 | INDIVIDUALS: n=200, avg_genome_length=49.785
2021-12-10 15:13:53.489092 | GENERATION: 196 | ERRORS: best=1226.0, median=1812.0, diversity=0.64 | INDIVIDUALS: n=200, avg_genome_length=50.24
2021-12-10 15:13:59.258762 | GENERATION: 197 | ERRORS: best=1216.0, median=1907.0, diversity=0.58 | INDIVIDUALS: n=200, avg_genome_length=50.375
2021-12-10 15:14:04.101601 | GENERATION: 198 | ERRORS: best=1216.0, median=1843.0, diversity=0.545 | INDIVIDUALS: n=200, avg_genome_length=51.73
2021-12-10 15:14:09.121616 | GENERATION: 199 | ERRORS: best=1198.0, median=1983.0, diversity=0.555 | INDIVIDUALS: n=200, avg_genome_length=51.155
2021-12-10 15:14:14.647354 | GENERATION: 200 | ERRORS: best=1204.0, median=1907.0, diversity=0.585 | INDIVIDUALS: n=200, avg_genome_length=53.03
2021-12-10 15:14:19.765112 | GENERATION: 201 | ERRORS: best=1204.0, median=1983.0, diversity=0.615 | INDIVIDUALS: n=200, avg_genome_length=49.25
2021-12-10 15:14:25.741221 | GENERATION: 202 | ERRORS: best=1204.0, median=1907.0, diversity=0.54 | INDIVIDUALS: n=200, avg_genome_length=50.25
2021-12-10 15:14:32.419025 | GENERATION: 203 | ERRORS: best=1202.0, median=1907.0, diversity=0.56 | INDIVIDUALS: n=200, avg_genome_length=47.62
2021-12-10 15:14:38.231716 | GENERATION: 204 | ERRORS: best=1202.0, median=1832.5, diversity=0.625 | INDIVIDUALS: n=200, avg_genome_length=51.36
2021-12-10 15:14:42.831013 | GENERATION: 205 | ERRORS: best=1200.0, median=1906.5, diversity=0.565 | INDIVIDUALS: n=200, avg_genome_length=56.435
2021-12-10 15:14:48.640307 | GENERATION: 206 | ERRORS: best=1216.0, median=1838.5, diversity=0.6 | INDIVIDUALS: n=200, avg_genome_length=54.24
2021-12-10 15:14:53.864191 | GENERATION: 207 | ERRORS: best=1199.0, median=1877.0, diversity=0.595 | INDIVIDUALS: n=200, avg_genome_length=52.785
2021-12-10 15:14:58.468903 | GENERATION: 208 | ERRORS: best=1204.0, median=1907.0, diversity=0.535 | INDIVIDUALS: n=200, avg_genome_length=51.955
2021-12-10 15:15:03.059706 | GENERATION: 209 | ERRORS: best=1219.0, median=1907.0, diversity=0.585 | INDIVIDUALS: n=200, avg_genome_length=56.0
2021-12-10 15:15:07.193876 | GENERATION: 210 | ERRORS: best=1202.0, median=1904.5, diversity=0.6 | INDIVIDUALS: n=200, avg_genome_length=54.975
2021-12-10 15:15:15.207436 | GENERATION: 211 | ERRORS: best=1204.0, median=1866.0, diversity=0.555 | INDIVIDUALS: n=200, avg_genome_length=58.89
2021-12-10 15:15:20.203905 | GENERATION: 212 | ERRORS: best=1219.0, median=1907.0, diversity=0.625 | INDIVIDUALS: n=200, avg_genome_length=58.87
2021-12-10 15:15:25.375582 | GENERATION: 213 | ERRORS: best=1202.0, median=1847.0, diversity=0.605 | INDIVIDUALS: n=200, avg_genome_length=59.385
2021-12-10 15:15:28.831087 | GENERATION: 214 | ERRORS: best=1228.0, median=1885.0, diversity=0.525 | INDIVIDUALS: n=200, avg_genome_length=56.11
2021-12-10 15:15:33.610349 | GENERATION: 215 | ERRORS: best=1204.0, median=1825.5, diversity=0.56 | INDIVIDUALS: n=200, avg_genome_length=53.23
2021-12-10 15:15:40.680403 | GENERATION: 216 | ERRORS: best=1202.0, median=1802.0, diversity=0.605 | INDIVIDUALS: n=200, avg_genome_length=51.22
2021-12-10 15:15:54.515793 | GENERATION: 217 | ERRORS: best=1202.0, median=1905.5, diversity=0.585 | INDIVIDUALS: n=200, avg_genome_length=55.275
2021-12-10 15:15:58.466805 | GENERATION: 218 | ERRORS: best=1227.0, median=1866.0, diversity=0.6 | INDIVIDUALS: n=200, avg_genome_length=51.035
2021-12-10 15:16:12.247478 | GENERATION: 219 | ERRORS: best=1227.0, median=1803.0, diversity=0.625 | INDIVIDUALS: n=200, avg_genome_length=53.88
2021-12-10 15:16:16.247495 | GENERATION: 220 | ERRORS: best=1228.0, median=1861.5, diversity=0.625 | INDIVIDUALS: n=200, avg_genome_length=50.22
2021-12-10 15:16:21.349874 | GENERATION: 221 | ERRORS: best=1212.0, median=1808.0, diversity=0.56 | INDIVIDUALS: n=200, avg_genome_length=48.355
2021-12-10 15:16:26.415402 | GENERATION: 222 | ERRORS: best=1204.0, median=1857.5, diversity=0.59 | INDIVIDUALS: n=200, avg_genome_length=49.21
2021-12-10 15:16:31.028466 | GENERATION: 223 | ERRORS: best=1208.0, median=1781.0, diversity=0.64 | INDIVIDUALS: n=200, avg_genome_length=47.65
2021-12-10 15:16:36.133870 | GENERATION: 224 | ERRORS: best=1228.0, median=1871.0, diversity=0.645 | INDIVIDUALS: n=200, avg_genome_length=50.405
2021-12-10 15:16:40.669964 | GENERATION: 225 | ERRORS: best=1208.0, median=1907.0, diversity=0.505 | INDIVIDUALS: n=200, avg_genome_length=46.42
2021-12-10 15:16:46.306705 | GENERATION: 226 | ERRORS: best=1228.0, median=1907.0, diversity=0.54 | INDIVIDUALS: n=200, avg_genome_length=47.215
2021-12-10 15:16:50.829165 | GENERATION: 227 | ERRORS: best=1228.0, median=1907.0, diversity=0.6 | INDIVIDUALS: n=200, avg_genome_length=47.98
2021-12-10 15:16:57.517335 | GENERATION: 228 | ERRORS: best=1228.0, median=1812.5, diversity=0.61 | INDIVIDUALS: n=200, avg_genome_length=43.645
2021-12-10 15:17:02.848364 | GENERATION: 229 | ERRORS: best=1228.0, median=1907.0, diversity=0.57 | INDIVIDUALS: n=200, avg_genome_length=45.06
2021-12-10 15:17:07.577747 | GENERATION: 230 | ERRORS: best=1226.0, median=1895.0, diversity=0.53 | INDIVIDUALS: n=200, avg_genome_length=43.79
2021-12-10 15:17:17.740222 | GENERATION: 231 | ERRORS: best=1207.0, median=1907.0, diversity=0.555 | INDIVIDUALS: n=200, avg_genome_length=42.735
2021-12-10 15:17:23.855860 | GENERATION: 232 | ERRORS: best=1207.0, median=1920.5, diversity=0.57 | INDIVIDUALS: n=200, avg_genome_length=46.445
2021-12-10 15:17:30.674702 | GENERATION: 233 | ERRORS: best=1202.0, median=1861.0, diversity=0.6 | INDIVIDUALS: n=200, avg_genome_length=42.195
2021-12-10 15:17:35.167293 | GENERATION: 234 | ERRORS: best=1204.0, median=1907.0, diversity=0.575 | INDIVIDUALS: n=200, avg_genome_length=44.48
2021-12-10 15:17:38.085723 | GENERATION: 235 | ERRORS: best=1202.0, median=1900.0, diversity=0.615 | INDIVIDUALS: n=200, avg_genome_length=44.68
2021-12-10 15:17:40.360013 | GENERATION: 236 | ERRORS: best=1202.0, median=1901.5, diversity=0.655 | INDIVIDUALS: n=200, avg_genome_length=42.88
2021-12-10 15:18:20.333491 | GENERATION: 237 | ERRORS: best=1204.0, median=1878.5, diversity=0.64 | INDIVIDUALS: n=200, avg_genome_length=43.315
2021-12-10 15:18:25.431925 | GENERATION: 238 | ERRORS: best=1208.0, median=1907.0, diversity=0.6 | INDIVIDUALS: n=200, avg_genome_length=45.975
2021-12-10 15:18:28.746936 | GENERATION: 239 | ERRORS: best=1212.0, median=1814.0, diversity=0.595 | INDIVIDUALS: n=200, avg_genome_length=43.745
2021-12-10 15:18:33.026703 | GENERATION: 240 | ERRORS: best=1202.0, median=1786.5, diversity=0.615 | INDIVIDUALS: n=200, avg_genome_length=42.755
2021-12-10 15:18:37.950799 | GENERATION: 241 | ERRORS: best=1205.0, median=1801.5, diversity=0.595 | INDIVIDUALS: n=200, avg_genome_length=41.06
2021-12-10 15:18:43.005962 | GENERATION: 242 | ERRORS: best=1202.0, median=1813.0, diversity=0.63 | INDIVIDUALS: n=200, avg_genome_length=40.44
2021-12-10 15:18:46.043140 | GENERATION: 243 | ERRORS: best=1228.0, median=1787.0, diversity=0.545 | INDIVIDUALS: n=200, avg_genome_length=38.23
2021-12-10 15:18:49.131976 | GENERATION: 244 | ERRORS: best=1231.0, median=1907.0, diversity=0.515 | INDIVIDUALS: n=200, avg_genome_length=36.775
2021-12-10 15:18:53.568877 | GENERATION: 245 | ERRORS: best=1234.0, median=1814.5, diversity=0.57 | INDIVIDUALS: n=200, avg_genome_length=35.535
2021-12-10 15:18:55.304781 | GENERATION: 246 | ERRORS: best=1231.0, median=1804.0, diversity=0.59 | INDIVIDUALS: n=200, avg_genome_length=40.145
2021-12-10 15:18:59.868682 | GENERATION: 247 | ERRORS: best=1228.0, median=1814.5, diversity=0.54 | INDIVIDUALS: n=200, avg_genome_length=40.005
2021-12-10 15:19:13.082687 | GENERATION: 248 | ERRORS: best=1228.0, median=1814.0, diversity=0.56 | INDIVIDUALS: n=200, avg_genome_length=43.475
2021-12-10 15:19:18.649358 | GENERATION: 249 | ERRORS: best=1228.0, median=1882.5, diversity=0.565 | INDIVIDUALS: n=200, avg_genome_length=41.135
2021-12-10 15:19:23.899452 | GENERATION: 250 | ERRORS: best=1228.0, median=1785.5, diversity=0.57 | INDIVIDUALS: n=200, avg_genome_length=39.02
2021-12-10 15:19:29.243505 | GENERATION: 251 | ERRORS: best=1228.0, median=1809.0, diversity=0.54 | INDIVIDUALS: n=200, avg_genome_length=39.66
2021-12-10 15:19:34.196133 | GENERATION: 252 | ERRORS: best=1228.0, median=1808.0, diversity=0.57 | INDIVIDUALS: n=200, avg_genome_length=40.47
2021-12-10 15:19:35.906590 | GENERATION: 253 | ERRORS: best=1227.0, median=1787.0, diversity=0.53 | INDIVIDUALS: n=200, avg_genome_length=37.515
2021-12-10 15:19:37.499710 | GENERATION: 254 | ERRORS: best=1227.0, median=1790.0, diversity=0.57 | INDIVIDUALS: n=200, avg_genome_length=35.98
2021-12-10 15:19:42.058104 | GENERATION: 255 | ERRORS: best=1227.0, median=1983.0, diversity=0.59 | INDIVIDUALS: n=200, avg_genome_length=36.965
2021-12-10 15:19:45.206149 | GENERATION: 256 | ERRORS: best=1227.0, median=1787.0, diversity=0.52 | INDIVIDUALS: n=200, avg_genome_length=34.265
2021-12-10 15:19:51.419061 | GENERATION: 257 | ERRORS: best=1227.0, median=1790.0, diversity=0.515 | INDIVIDUALS: n=200, avg_genome_length=34.805
2021-12-10 15:19:55.799026 | GENERATION: 258 | ERRORS: best=1228.0, median=1868.0, diversity=0.48 | INDIVIDUALS: n=200, avg_genome_length=33.835
2021-12-10 15:20:00.059795 | GENERATION: 259 | ERRORS: best=1228.0, median=1825.0, diversity=0.57 | INDIVIDUALS: n=200, avg_genome_length=33.52
2021-12-10 15:20:04.379666 | GENERATION: 260 | ERRORS: best=1227.0, median=1787.0, diversity=0.52 | INDIVIDUALS: n=200, avg_genome_length=33.6
2021-12-10 15:20:08.511581 | GENERATION: 261 | ERRORS: best=1219.0, median=1796.5, diversity=0.545 | INDIVIDUALS: n=200, avg_genome_length=32.89
2021-12-10 15:20:12.941985 | GENERATION: 262 | ERRORS: best=1228.0, median=1787.0, diversity=0.56 | INDIVIDUALS: n=200, avg_genome_length=32.385
2021-12-10 15:20:17.305167 | GENERATION: 263 | ERRORS: best=1219.0, median=1795.5, diversity=0.545 | INDIVIDUALS: n=200, avg_genome_length=32.74
2021-12-10 15:20:23.288214 | GENERATION: 264 | ERRORS: best=1219.0, median=1803.0, diversity=0.525 | INDIVIDUALS: n=200, avg_genome_length=32.755
2021-12-10 15:20:27.696968 | GENERATION: 265 | ERRORS: best=1219.0, median=1787.0, diversity=0.52 | INDIVIDUALS: n=200, avg_genome_length=33.485
2021-12-10 15:20:30.964423 | GENERATION: 266 | ERRORS: best=1204.0, median=1715.0, diversity=0.59 | INDIVIDUALS: n=200, avg_genome_length=32.95
2021-12-10 15:20:33.194724 | GENERATION: 267 | ERRORS: best=1227.0, median=1784.0, diversity=0.54 | INDIVIDUALS: n=200, avg_genome_length=34.495
2021-12-10 15:20:36.068940 | GENERATION: 268 | ERRORS: best=1212.0, median=1802.5, diversity=0.6 | INDIVIDUALS: n=200, avg_genome_length=35.69
2021-12-10 15:20:40.024989 | GENERATION: 269 | ERRORS: best=1202.0, median=1907.0, diversity=0.54 | INDIVIDUALS: n=200, avg_genome_length=36.71
2021-12-10 15:20:43.584465 | GENERATION: 270 | ERRORS: best=1217.0, median=1787.0, diversity=0.62 | INDIVIDUALS: n=200, avg_genome_length=36.76
2021-12-10 15:20:47.487474 | GENERATION: 271 | ERRORS: best=1227.0, median=1868.5, diversity=0.6 | INDIVIDUALS: n=200, avg_genome_length=33.89
2021-12-10 15:20:52.464672 | GENERATION: 272 | ERRORS: best=1228.0, median=1787.0, diversity=0.46 | INDIVIDUALS: n=200, avg_genome_length=35.58
2021-12-10 15:20:57.867889 | GENERATION: 273 | ERRORS: best=1227.0, median=1715.0, diversity=0.51 | INDIVIDUALS: n=200, avg_genome_length=35.415
2021-12-10 15:21:00.712390 | GENERATION: 274 | ERRORS: best=1229.0, median=1856.0, diversity=0.515 | INDIVIDUALS: n=200, avg_genome_length=34.365
2021-12-10 15:21:05.228826 | GENERATION: 275 | ERRORS: best=1227.0, median=1786.5, diversity=0.57 | INDIVIDUALS: n=200, avg_genome_length=34.18
2021-12-10 15:21:09.452353 | GENERATION: 276 | ERRORS: best=1235.0, median=1787.0, diversity=0.57 | INDIVIDUALS: n=200, avg_genome_length=34.745
2021-12-10 15:21:54.387583 | GENERATION: 277 | ERRORS: best=1235.0, median=1787.0, diversity=0.565 | INDIVIDUALS: n=200, avg_genome_length=33.725
2021-12-10 15:22:07.788613 | GENERATION: 278 | ERRORS: best=1237.0, median=1775.5, diversity=0.595 | INDIVIDUALS: n=200, avg_genome_length=33.42
2021-12-10 15:22:13.072721 | GENERATION: 279 | ERRORS: best=1228.0, median=1786.0, diversity=0.6 | INDIVIDUALS: n=200, avg_genome_length=35.055
2021-12-10 15:22:16.658390 | GENERATION: 280 | ERRORS: best=1227.0, median=1758.0, diversity=0.555 | INDIVIDUALS: n=200, avg_genome_length=35.935
2021-12-10 15:22:20.617697 | GENERATION: 281 | ERRORS: best=1229.0, median=1906.0, diversity=0.565 | INDIVIDUALS: n=200, avg_genome_length=35.98
2021-12-10 15:22:25.301147 | GENERATION: 282 | ERRORS: best=1235.0, median=1873.5, diversity=0.67 | INDIVIDUALS: n=200, avg_genome_length=34.18
2021-12-10 15:22:29.343706 | GENERATION: 283 | ERRORS: best=1235.0, median=1797.0, diversity=0.64 | INDIVIDUALS: n=200, avg_genome_length=35.085
2021-12-10 15:22:33.140636 | GENERATION: 284 | ERRORS: best=1227.0, median=1844.5, diversity=0.585 | INDIVIDUALS: n=200, avg_genome_length=35.12
2021-12-10 15:22:37.660491 | GENERATION: 285 | ERRORS: best=1229.0, median=1858.5, diversity=0.595 | INDIVIDUALS: n=200, avg_genome_length=34.29
2021-12-10 15:22:42.696629 | GENERATION: 286 | ERRORS: best=1205.0, median=1785.0, diversity=0.61 | INDIVIDUALS: n=200, avg_genome_length=33.67
2021-12-10 15:22:47.792436 | GENERATION: 287 | ERRORS: best=1227.0, median=1715.0, diversity=0.62 | INDIVIDUALS: n=200, avg_genome_length=33.87
2021-12-10 15:22:54.421581 | GENERATION: 288 | ERRORS: best=1235.0, median=1907.0, diversity=0.655 | INDIVIDUALS: n=200, avg_genome_length=33.48
2021-12-10 15:22:58.298646 | GENERATION: 289 | ERRORS: best=1228.0, median=1783.0, diversity=0.635 | INDIVIDUALS: n=200, avg_genome_length=33.185
2021-12-10 15:23:01.856353 | GENERATION: 290 | ERRORS: best=1227.0, median=1787.0, diversity=0.6 | INDIVIDUALS: n=200, avg_genome_length=31.96
2021-12-10 15:23:05.310264 | GENERATION: 291 | ERRORS: best=1231.0, median=1853.5, diversity=0.59 | INDIVIDUALS: n=200, avg_genome_length=32.29
2021-12-10 15:23:08.961072 | GENERATION: 292 | ERRORS: best=1228.0, median=1701.0, diversity=0.59 | INDIVIDUALS: n=200, avg_genome_length=31.37
2021-12-10 15:23:11.215305 | GENERATION: 293 | ERRORS: best=1234.0, median=1715.0, diversity=0.605 | INDIVIDUALS: n=200, avg_genome_length=31.23
2021-12-10 15:23:16.006646 | GENERATION: 294 | ERRORS: best=1228.0, median=1797.0, diversity=0.655 | INDIVIDUALS: n=200, avg_genome_length=33.985
2021-12-10 15:23:21.949513 | GENERATION: 295 | ERRORS: best=1227.0, median=1785.0, diversity=0.63 | INDIVIDUALS: n=200, avg_genome_length=32.325
2021-12-10 15:23:27.364997 | GENERATION: 296 | ERRORS: best=1228.0, median=1691.0, diversity=0.635 | INDIVIDUALS: n=200, avg_genome_length=30.68
2021-12-10 15:23:31.411558 | GENERATION: 297 | ERRORS: best=1235.0, median=1789.5, diversity=0.685 | INDIVIDUALS: n=200, avg_genome_length=32.13
2021-12-10 15:23:34.902940 | GENERATION: 298 | ERRORS: best=1235.0, median=1733.0, diversity=0.62 | INDIVIDUALS: n=200, avg_genome_length=30.0
2021-12-10 15:23:39.141769 | GENERATION: 299 | ERRORS: best=1229.0, median=1699.0, diversity=0.605 | INDIVIDUALS: n=200, avg_genome_length=30.76
2021-12-10 15:23:43.940644 | GENERATION: 300 | ERRORS: best=1229.0, median=1787.0, diversity=0.61 | INDIVIDUALS: n=200, avg_genome_length=30.45
Simplifying genome of length 85 with total error 1189.0.
Simplified genome by 1 to length 84.
Simplified genome by 3 to length 81.
Simplified genome by 2 to length 79.
Simplified genome by 1 to length 78.
Simplified genome by 2 to length 76.
Simplified genome by 1 to length 75.
Simplified genome by 1 to length 74.
Simplified genome by 1 to length 73.
Simplified genome by 2 to length 71.
Simplified genome by 1 to length 70.
Simplified genome by 1 to length 69.
Simplified genome by 1 to length 68.
Simplified genome by 1 to length 67.
Simplified genome by 1 to length 66.
Simplified genome by 1 to length 65.
Simplified genome by 2 to length 63.
Simplified genome by 3 to length 60.
Simplified genome by 2 to length 58.
Simplified genome by 1 to length 57.
Simplified genome by 1 to length 56.
Simplified genome by 1 to length 55.
Simplified genome by 1 to length 54.
Simplified genome by 1 to length 53.
Simplified genome by 3 to length 50.
Simplified genome by 2 to length 48.
Simplified genome by 1 to length 47.
Simplified genome by 1 to length 46.
Simplified genome by 1 to length 45.
Simplified genome by 1 to length 44.
Simplified genome by 1 to length 43.
Simplified genome by 1 to length 42.
Simplified genome by 1 to length 41.
Simplified genome by 1 to length 40.
Simplified genome by 2 to length 38.
Simplified genome by 1 to length 37.
Simplified genome by 3 to length 34.
Simplified genome by 1 to length 33.
Simplified genome by 1 to length 32.
Simplified genome by 1 to length 31.
Simplified genome by 2 to length 29.
Simplified genome by 1 to length 28.
Simplified genome by 1 to length 27.
Simplified genome by 1 to length 26.
Simplified genome by 1 to length 25.
Simplified genome by 1 to length 24.
Simplified genome to length 24 and total error 1188.0.
========================================
End Run
========================================
No solution found.
Best Seen Individual
	Genome:
	 pvector([Literal(value=1, push_type=<pyshgp.push.types.PushIntType object at 0x7f5cd0a672e0>), Input(input_index=0), InstructionMeta(name='exec_yank_dup', code_blocks=0), InstructionMeta(name='vector_int_but_last', code_blocks=0), InstructionMeta(name='vector_int_but_last', code_blocks=0), InstructionMeta(name='exec_stack_depth', code_blocks=0), InstructionMeta(name='vector_int_subvec', code_blocks=0), InstructionMeta(name='vector_int_take', code_blocks=0), Literal(value=1, push_type=<pyshgp.push.types.PushIntType object at 0x7f5cd0a67340>), InstructionMeta(name='exec_swap', code_blocks=2), Closer(), Closer(), InstructionMeta(name='println_int', code_blocks=0), InstructionMeta(name='int_add', code_blocks=0), InstructionMeta(name='vector_int_but_last', code_blocks=0), InstructionMeta(name='println_bool', code_blocks=0), InstructionMeta(name='vector_int_length', code_blocks=0), InstructionMeta(name='exec_do_count', code_blocks=1), Closer(), InstructionMeta(name='exec_flush', code_blocks=0), InstructionMeta(name='vector_int_remove', code_blocks=0), InstructionMeta(name='vector_int_rot', code_blocks=0), InstructionMeta(name='int_mod', code_blocks=0), InstructionMeta(name='vector_int_rot', code_blocks=0)])
	Program:
	 (1 input_0 exec_yank_dup vector_int_but_last vector_int_but_last exec_stack_depth vector_int_subvec vector_int_take 1 exec_swap () () println_int int_add vector_int_but_last println_bool vector_int_length exec_do_count () exec_flush vector_int_remove vector_int_rot int_mod vector_int_rot)
	Error vector:
	 [ 5. 12.  0.  1. 11.  5.  0. 12. 16.  5.  5.  8. 14.  0.  1. 16.  4.  0.
  7.  2.  3.  1.  1. 10.  5.  5.  6.  2.  1.  1.  0.  5.  8.  5.  8.  2.
  5. 16.  2.  8.  0.  5.  1.  0.  0.  1. 16.  5.  5. 10.  5.  1. 15.  0.
 13.  0.  1.  2.  8. 16.  5. 16.  0.  7.  0.  6.  1.  3.  1.  4. 14.  1.
 16.  4.  0.  6.  5.  2. 26.  3. 14.  6.  5. 15.  0. 10. 16.  4.  0.  1.
  0.  2.  2. 10.  3. 10.  1. 14.  0. 10.  1.  7.  2.  9. 10.  9.  4.  6.
  3.  0.  7. 16.  2.  5.  2. 20.  5.  2.  3. 13. 14.  4.  8.  4. 16.  5.
  4. 13. 12.  1.  7. 24.  0.  2.  0. 14.  1.  3. 14.  9.  5.  3.  1. 11.
  3.  4. 13.  3.  2.  0. 14.  2. 19.  4.  3.  3. 16. 18. 12.  5.  1.  0.
  0.  5.  1.  1.  4.  4.  9. 10. 13.  1.  0.  2.  0.  0.  2.  5.  2.  4.
  2.  4.  0.  5.  3.  2.  3. 17.  5.  1.  1. 23. 15.  3.  4.  9. 16.  4.
 18.  2.]
	Total error:
	 1188.0
	Test error:
	 16539.0
	Time:
	 00:34:10
