========================================
Setup
========================================
Search Configuration:
signature: ProgramSignature(arity=1, output_stacks=['stdout'], push_config=PushConfig(growth_cap=500, runtime_limit=10, step_limit=300, numeric_magnitude_limit=1000000000000.0, collection_size_cap=10000))
evaluator: <pyshgp.gp.evaluation.DatasetEvaluator object at 0x7f35d517a340>
spawner: <pyshgp.gp.genome.GeneSpawner object at 0x7f35d51aad60>
population_size: 200
max_generations: 300
error_threshold: 0.0
initial_genome_size: (20, 100)
simplification_steps: 500
parallel_context: <pyshgp.gp.search.ParallelContext object at 0x7f35d517a670>
selection: <pyshgp.utils.DiscreteProbDistrib object at 0x7f35d50c8e80>
variation: <pyshgp.utils.DiscreteProbDistrib object at 0x7f35d50c8c40>
Instructions:
int_add, int_sub, int_mult, int_div, int_mod, int_min, int_max, int_inc, int_dec, int_lt, int_lte, int_gt, int_gte, int_from_bool, str_concat, str_insert_str, str_from_first_char, str_from_last_char, str_from_nth_char, str_contains_str, str_index_of_str, str_split_on_str, str_replace_first_str, str_replace_n_str, str_replace_all_str, str_remove_first_str, str_remove_n_str, str_remove_all_str, str_occurrences_of_str, str_reverse, str_head, str_tail, str_rest, str_but_last, str_drop, str_but_last_n, str_length, str_make_empty, str_is_empty_string, str_remove_nth, str_strip_whitespace, str_from_bool, str_from_int, bool_and, bool_or, bool_not, bool_xor, bool_invert_first_then_and, bool_second_first_then_and, bool_from_int, noop, noop_open, exec_do_range, exec_do_count, exec_while, exec_do_while, exec_if, exec_when, print_bool, println_bool, print_int, println_int, print_str, println_str, print_exec, println_exec, bool_pop, bool_dup, bool_dup_times, bool_swap, bool_rot, bool_flush, bool_eq, bool_stack_depth, bool_yank, bool_yank_dup, bool_shove, bool_shove_dup, bool_is_empty, int_pop, int_dup, int_dup_times, int_swap, int_rot, int_flush, int_eq, int_stack_depth, int_yank, int_yank_dup, int_shove, int_shove_dup, int_is_empty, str_pop, str_dup, str_dup_times, str_swap, str_rot, str_flush, str_eq, str_stack_depth, str_yank, str_yank_dup, str_shove, str_shove_dup, str_is_empty, exec_pop, exec_dup, exec_dup_times, exec_swap, exec_rot, exec_flush, exec_eq, exec_stack_depth, exec_yank, exec_yank_dup, exec_shove, exec_shove_dup, exec_is_empty
Literals:
[Literal(value='small', push_type=<pyshgp.push.types.PushStrType object at 0x7f35d52a3280>), Literal(value='large', push_type=<pyshgp.push.types.PushStrType object at 0x7f35d52a3280>)]
ERC Generators:
[<function rand_int at 0x7f35f0a0c1f0>]
========================================
Start Run
========================================
2022-01-01 05:26:55.122470 | GENERATION: 1 | ERRORS: best=330, median=632.0, diversity=0.065 | INDIVIDUALS: n=200, avg_genome_length=59.535 | VIRUSES: gene_rate=0.000
2022-01-01 05:26:58.137988 | GENERATION: 2 | ERRORS: best=330, median=330.0, diversity=0.135 | INDIVIDUALS: n=200, avg_genome_length=73.345 | VIRUSES: gene_rate=0.000
2022-01-01 05:27:01.469900 | GENERATION: 3 | ERRORS: best=330, median=330.0, diversity=0.14 | INDIVIDUALS: n=200, avg_genome_length=73.72 | VIRUSES: gene_rate=0.000
2022-01-01 05:27:04.134458 | GENERATION: 4 | ERRORS: best=330, median=330.0, diversity=0.135 | INDIVIDUALS: n=200, avg_genome_length=71.585 | VIRUSES: gene_rate=0.000
2022-01-01 05:27:07.443038 | GENERATION: 5 | ERRORS: best=325, median=330.0, diversity=0.175 | INDIVIDUALS: n=200, avg_genome_length=71.865 | VIRUSES: gene_rate=0.000
2022-01-01 05:27:10.936600 | GENERATION: 6 | ERRORS: best=325, median=330.0, diversity=0.145 | INDIVIDUALS: n=200, avg_genome_length=69.645 | VIRUSES: gene_rate=0.000
2022-01-01 05:27:15.048918 | GENERATION: 7 | ERRORS: best=303, median=330.0, diversity=0.145 | INDIVIDUALS: n=200, avg_genome_length=68.755 | VIRUSES: gene_rate=0.000
2022-01-01 05:27:18.616038 | GENERATION: 8 | ERRORS: best=325, median=330.0, diversity=0.17 | INDIVIDUALS: n=200, avg_genome_length=67.485 | VIRUSES: gene_rate=0.000
2022-01-01 05:27:21.595693 | GENERATION: 9 | ERRORS: best=325, median=330.0, diversity=0.13 | INDIVIDUALS: n=200, avg_genome_length=65.645 | VIRUSES: gene_rate=0.000
2022-01-01 05:27:25.726637 | GENERATION: 10 | ERRORS: best=298, median=330.0, diversity=0.185 | INDIVIDUALS: n=200, avg_genome_length=64.84 | VIRUSES: gene_rate=0.000
2022-01-01 05:27:29.710073 | GENERATION: 11 | ERRORS: best=325, median=332.0, diversity=0.175 | INDIVIDUALS: n=200, avg_genome_length=63.5 | VIRUSES: gene_rate=0.000
2022-01-01 05:27:33.348697 | GENERATION: 12 | ERRORS: best=315, median=331.0, diversity=0.125 | INDIVIDUALS: n=200, avg_genome_length=62.88 | VIRUSES: gene_rate=0.000
2022-01-01 05:27:41.817193 | GENERATION: 13 | ERRORS: best=310, median=330.0, diversity=0.195 | INDIVIDUALS: n=200, avg_genome_length=62.77 | VIRUSES: gene_rate=0.000
2022-01-01 05:27:50.641673 | GENERATION: 14 | ERRORS: best=310, median=330.0, diversity=0.165 | INDIVIDUALS: n=200, avg_genome_length=63.785 | VIRUSES: gene_rate=0.000
2022-01-01 05:27:59.615940 | GENERATION: 15 | ERRORS: best=310, median=330.0, diversity=0.13 | INDIVIDUALS: n=200, avg_genome_length=62.455 | VIRUSES: gene_rate=0.000
2022-01-01 05:28:09.260140 | GENERATION: 16 | ERRORS: best=310, median=330.0, diversity=0.12 | INDIVIDUALS: n=200, avg_genome_length=60.965 | VIRUSES: gene_rate=0.000
2022-01-01 05:28:18.229476 | GENERATION: 17 | ERRORS: best=310, median=330.0, diversity=0.12 | INDIVIDUALS: n=200, avg_genome_length=61.095 | VIRUSES: gene_rate=0.000
2022-01-01 05:28:27.705645 | GENERATION: 18 | ERRORS: best=303, median=330.0, diversity=0.135 | INDIVIDUALS: n=200, avg_genome_length=60.53 | VIRUSES: gene_rate=0.000
2022-01-01 05:28:37.466674 | GENERATION: 19 | ERRORS: best=303, median=330.0, diversity=0.135 | INDIVIDUALS: n=200, avg_genome_length=60.6 | VIRUSES: gene_rate=0.000
2022-01-01 05:28:45.172027 | GENERATION: 20 | ERRORS: best=303, median=330.0, diversity=0.15 | INDIVIDUALS: n=200, avg_genome_length=60.41 | VIRUSES: gene_rate=0.000
2022-01-01 05:28:52.988186 | GENERATION: 21 | ERRORS: best=303, median=331.0, diversity=0.2 | INDIVIDUALS: n=200, avg_genome_length=60.22 | VIRUSES: gene_rate=0.000
2022-01-01 05:29:00.834091 | GENERATION: 22 | ERRORS: best=298, median=330.0, diversity=0.155 | INDIVIDUALS: n=200, avg_genome_length=60.58 | VIRUSES: gene_rate=0.000
2022-01-01 05:29:09.058636 | GENERATION: 23 | ERRORS: best=298, median=330.0, diversity=0.155 | INDIVIDUALS: n=200, avg_genome_length=59.345 | VIRUSES: gene_rate=0.000
2022-01-01 05:29:17.779093 | GENERATION: 24 | ERRORS: best=303, median=330.0, diversity=0.19 | INDIVIDUALS: n=200, avg_genome_length=56.415 | VIRUSES: gene_rate=0.000
2022-01-01 05:29:28.600970 | GENERATION: 25 | ERRORS: best=298, median=330.0, diversity=0.115 | INDIVIDUALS: n=200, avg_genome_length=55.85 | VIRUSES: gene_rate=0.000
2022-01-01 05:29:45.702375 | GENERATION: 26 | ERRORS: best=303, median=330.0, diversity=0.18 | INDIVIDUALS: n=200, avg_genome_length=54.325 | VIRUSES: gene_rate=0.000
2022-01-01 05:29:52.696023 | GENERATION: 27 | ERRORS: best=303, median=330.0, diversity=0.15 | INDIVIDUALS: n=200, avg_genome_length=56.095 | VIRUSES: gene_rate=0.000
2022-01-01 05:30:00.431390 | GENERATION: 28 | ERRORS: best=303, median=330.0, diversity=0.16 | INDIVIDUALS: n=200, avg_genome_length=53.345 | VIRUSES: gene_rate=0.000
2022-01-01 05:30:09.902316 | GENERATION: 29 | ERRORS: best=303, median=330.0, diversity=0.135 | INDIVIDUALS: n=200, avg_genome_length=53.58 | VIRUSES: gene_rate=0.000
2022-01-01 05:30:21.473924 | GENERATION: 30 | ERRORS: best=298, median=330.0, diversity=0.18 | INDIVIDUALS: n=200, avg_genome_length=52.65 | VIRUSES: gene_rate=0.000
2022-01-01 05:30:29.453980 | GENERATION: 31 | ERRORS: best=303, median=330.0, diversity=0.215 | INDIVIDUALS: n=200, avg_genome_length=52.425 | VIRUSES: gene_rate=0.000
2022-01-01 05:30:39.434395 | GENERATION: 32 | ERRORS: best=303, median=330.0, diversity=0.17 | INDIVIDUALS: n=200, avg_genome_length=52.54 | VIRUSES: gene_rate=0.000
2022-01-01 05:30:47.107394 | GENERATION: 33 | ERRORS: best=303, median=330.0, diversity=0.125 | INDIVIDUALS: n=200, avg_genome_length=50.835 | VIRUSES: gene_rate=0.000
2022-01-01 05:30:55.974841 | GENERATION: 34 | ERRORS: best=303, median=330.0, diversity=0.215 | INDIVIDUALS: n=200, avg_genome_length=53.305 | VIRUSES: gene_rate=0.000
2022-01-01 05:31:02.952598 | GENERATION: 35 | ERRORS: best=170, median=330.0, diversity=0.16 | INDIVIDUALS: n=200, avg_genome_length=53.515 | VIRUSES: gene_rate=0.000
2022-01-01 05:31:06.351182 | GENERATION: 36 | ERRORS: best=170, median=330.0, diversity=0.135 | INDIVIDUALS: n=200, avg_genome_length=50.885 | VIRUSES: gene_rate=0.000
2022-01-01 05:31:09.540594 | GENERATION: 37 | ERRORS: best=170, median=326.0, diversity=0.16 | INDIVIDUALS: n=200, avg_genome_length=47.365 | VIRUSES: gene_rate=0.000
2022-01-01 05:31:13.597369 | GENERATION: 38 | ERRORS: best=170, median=307.0, diversity=0.17 | INDIVIDUALS: n=200, avg_genome_length=41.995 | VIRUSES: gene_rate=0.000
2022-01-01 05:31:22.055024 | GENERATION: 39 | ERRORS: best=170, median=330.0, diversity=0.24 | INDIVIDUALS: n=200, avg_genome_length=40.94 | VIRUSES: gene_rate=0.000
2022-01-01 05:31:25.178119 | GENERATION: 40 | ERRORS: best=170, median=330.0, diversity=0.185 | INDIVIDUALS: n=200, avg_genome_length=40.555 | VIRUSES: gene_rate=0.000
2022-01-01 05:31:29.151688 | GENERATION: 41 | ERRORS: best=170, median=323.5, diversity=0.18 | INDIVIDUALS: n=200, avg_genome_length=41.365 | VIRUSES: gene_rate=0.000
2022-01-01 05:31:32.669139 | GENERATION: 42 | ERRORS: best=170, median=330.0, diversity=0.21 | INDIVIDUALS: n=200, avg_genome_length=41.19 | VIRUSES: gene_rate=0.000
2022-01-01 05:31:35.972603 | GENERATION: 43 | ERRORS: best=170, median=327.5, diversity=0.17 | INDIVIDUALS: n=200, avg_genome_length=40.01 | VIRUSES: gene_rate=0.000
2022-01-01 05:31:39.699544 | GENERATION: 44 | ERRORS: best=170, median=170.0, diversity=0.255 | INDIVIDUALS: n=200, avg_genome_length=38.76 | VIRUSES: gene_rate=0.000
2022-01-01 05:31:43.384725 | GENERATION: 45 | ERRORS: best=170, median=330.0, diversity=0.22 | INDIVIDUALS: n=200, avg_genome_length=38.79 | VIRUSES: gene_rate=0.000
2022-01-01 05:31:46.924446 | GENERATION: 46 | ERRORS: best=170, median=311.0, diversity=0.14 | INDIVIDUALS: n=200, avg_genome_length=39.49 | VIRUSES: gene_rate=0.000
2022-01-01 05:31:50.011005 | GENERATION: 47 | ERRORS: best=170, median=188.5, diversity=0.18 | INDIVIDUALS: n=200, avg_genome_length=39.795 | VIRUSES: gene_rate=0.000
2022-01-01 05:31:53.415944 | GENERATION: 48 | ERRORS: best=170, median=322.0, diversity=0.22 | INDIVIDUALS: n=200, avg_genome_length=39.585 | VIRUSES: gene_rate=0.000
2022-01-01 05:31:56.791249 | GENERATION: 49 | ERRORS: best=170, median=170.0, diversity=0.175 | INDIVIDUALS: n=200, avg_genome_length=38.745 | VIRUSES: gene_rate=0.000
2022-01-01 05:32:00.253610 | GENERATION: 50 | ERRORS: best=170, median=330.0, diversity=0.175 | INDIVIDUALS: n=200, avg_genome_length=39.35 | VIRUSES: gene_rate=0.000
2022-01-01 05:32:03.907157 | GENERATION: 51 | ERRORS: best=170, median=322.0, diversity=0.195 | INDIVIDUALS: n=200, avg_genome_length=38.63 | VIRUSES: gene_rate=0.000
2022-01-01 05:32:06.870315 | GENERATION: 52 | ERRORS: best=170, median=305.5, diversity=0.175 | INDIVIDUALS: n=200, avg_genome_length=39.16 | VIRUSES: gene_rate=0.000
2022-01-01 05:32:10.084871 | GENERATION: 53 | ERRORS: best=170, median=330.0, diversity=0.225 | INDIVIDUALS: n=200, avg_genome_length=38.4 | VIRUSES: gene_rate=0.000
2022-01-01 05:32:12.764944 | GENERATION: 54 | ERRORS: best=160, median=330.0, diversity=0.22 | INDIVIDUALS: n=200, avg_genome_length=37.83 | VIRUSES: gene_rate=0.000
2022-01-01 05:32:15.853226 | GENERATION: 55 | ERRORS: best=160, median=330.0, diversity=0.15 | INDIVIDUALS: n=200, avg_genome_length=34.79 | VIRUSES: gene_rate=0.000
2022-01-01 05:32:19.507008 | GENERATION: 56 | ERRORS: best=160, median=330.0, diversity=0.17 | INDIVIDUALS: n=200, avg_genome_length=34.155 | VIRUSES: gene_rate=0.000
2022-01-01 05:32:22.478855 | GENERATION: 57 | ERRORS: best=160, median=330.0, diversity=0.135 | INDIVIDUALS: n=200, avg_genome_length=34.255 | VIRUSES: gene_rate=0.000
2022-01-01 05:32:25.334493 | GENERATION: 58 | ERRORS: best=160, median=330.0, diversity=0.165 | INDIVIDUALS: n=200, avg_genome_length=33.87 | VIRUSES: gene_rate=0.000
2022-01-01 05:32:29.062297 | GENERATION: 59 | ERRORS: best=160, median=330.0, diversity=0.2 | INDIVIDUALS: n=200, avg_genome_length=33.86 | VIRUSES: gene_rate=0.000
2022-01-01 05:32:32.242480 | GENERATION: 60 | ERRORS: best=160, median=330.0, diversity=0.215 | INDIVIDUALS: n=200, avg_genome_length=34.24 | VIRUSES: gene_rate=0.000
2022-01-01 05:32:35.438138 | GENERATION: 61 | ERRORS: best=160, median=312.0, diversity=0.19 | INDIVIDUALS: n=200, avg_genome_length=34.45 | VIRUSES: gene_rate=0.000
2022-01-01 05:32:38.540551 | GENERATION: 62 | ERRORS: best=160, median=330.0, diversity=0.125 | INDIVIDUALS: n=200, avg_genome_length=34.82 | VIRUSES: gene_rate=0.000
2022-01-01 05:32:41.239970 | GENERATION: 63 | ERRORS: best=160, median=330.0, diversity=0.15 | INDIVIDUALS: n=200, avg_genome_length=34.805 | VIRUSES: gene_rate=0.000
2022-01-01 05:32:49.001847 | GENERATION: 64 | ERRORS: best=160, median=186.0, diversity=0.15 | INDIVIDUALS: n=200, avg_genome_length=34.55 | VIRUSES: gene_rate=0.000
2022-01-01 05:32:57.234420 | GENERATION: 65 | ERRORS: best=160, median=330.0, diversity=0.195 | INDIVIDUALS: n=200, avg_genome_length=34.08 | VIRUSES: gene_rate=0.000
2022-01-01 05:33:00.670467 | GENERATION: 66 | ERRORS: best=160, median=330.0, diversity=0.195 | INDIVIDUALS: n=200, avg_genome_length=33.555 | VIRUSES: gene_rate=0.000
2022-01-01 05:33:03.953193 | GENERATION: 67 | ERRORS: best=160, median=330.0, diversity=0.185 | INDIVIDUALS: n=200, avg_genome_length=33.045 | VIRUSES: gene_rate=0.000
2022-01-01 05:33:10.314180 | GENERATION: 68 | ERRORS: best=160, median=330.0, diversity=0.19 | INDIVIDUALS: n=200, avg_genome_length=32.81 | VIRUSES: gene_rate=0.000
2022-01-01 05:33:14.171571 | GENERATION: 69 | ERRORS: best=160, median=171.5, diversity=0.19 | INDIVIDUALS: n=200, avg_genome_length=32.02 | VIRUSES: gene_rate=0.000
2022-01-01 05:33:17.249210 | GENERATION: 70 | ERRORS: best=160, median=330.0, diversity=0.195 | INDIVIDUALS: n=200, avg_genome_length=31.795 | VIRUSES: gene_rate=0.000
2022-01-01 05:33:20.237556 | GENERATION: 71 | ERRORS: best=160, median=330.0, diversity=0.25 | INDIVIDUALS: n=200, avg_genome_length=31.28 | VIRUSES: gene_rate=0.000
2022-01-01 05:33:23.281222 | GENERATION: 72 | ERRORS: best=160, median=330.0, diversity=0.19 | INDIVIDUALS: n=200, avg_genome_length=30.68 | VIRUSES: gene_rate=0.000
Simplifying genome of length 29 with total error 0.
Simplified genome by 2 to length 27.
Simplified genome by 1 to length 26.
Simplified genome by 1 to length 25.
Simplified genome by 1 to length 24.
Simplified genome by 2 to length 22.
Simplified genome by 1 to length 21.
Simplified genome by 2 to length 19.
Simplified genome by 1 to length 18.
Simplified genome by 1 to length 17.
Simplified genome by 1 to length 16.
Simplified genome by 1 to length 15.
Simplified genome to length 15 and total error 0.
========================================
End Run
========================================
Solution found.
Best Seen Individual
	Genome:
	 pvector([Input(input_index=0), InstructionMeta(name='str_length', code_blocks=0), Literal(value=1000, push_type=<pyshgp.push.types.PushIntType object at 0x7f35cf53b280>), InstructionMeta(name='int_lt', code_blocks=0), Literal(value='small', push_type=<pyshgp.push.types.PushStrType object at 0x7f35cf53b760>), InstructionMeta(name='exec_if', code_blocks=2), InstructionMeta(name='print_str', code_blocks=0), Closer(), Input(input_index=0), InstructionMeta(name='str_length', code_blocks=0), Literal(value=2000, push_type=<pyshgp.push.types.PushIntType object at 0x7f35cf53b940>), InstructionMeta(name='int_gte', code_blocks=0), InstructionMeta(name='exec_if', code_blocks=2), Literal(value='large', push_type=<pyshgp.push.types.PushStrType object at 0x7f35cf53bb20>), InstructionMeta(name='print_str', code_blocks=0)])
	Program:
	 (input_0 str_length 1000 int_lt "small" exec_if (print_str) (input_0 str_length 2000 int_gte exec_if ("large" print_str) ()))
	Error vector:
	 [0 0 0 0 0 0 0 0 0 0 0 0 0 0 0 0 0 0 0 0 0 0 0 0 0 0 0 0 0 0 0 0 0 0 0 0 0
 0 0 0 0 0 0 0 0 0 0 0 0 0 0 0 0 0 0 0 0 0 0 0 0 0 0 0 0 0 0 0 0 0 0 0 0 0
 0 0 0 0 0 0 0 0 0 0 0 0 0 0 0 0 0 0 0 0 0 0 0 0 0 0]
	Total error:
	 0
	Test error:
	 0
	Time:
	 00:06:56
