========================================
Setup
========================================
Search Configuration:
signature: ProgramSignature(arity=1, push_config=PushConfig(step_limit=300, runtime_limit=10, collection_size_cap=10000, growth_cap=500, numeric_magnitude_limit=1000000000000.0), output_stacks=['stdout'])
evaluator: <pyshgp.gp.evaluation.DatasetEvaluator object at 0x7fc2841ed340>
spawner: <pyshgp.gp.genome.GeneSpawner object at 0x7fc28421dd60>
population_size: 200
max_generations: 300
error_threshold: 0.0
initial_genome_size: (20, 100)
simplification_steps: 500
parallel_context: <pyshgp.gp.search.ParallelContext object at 0x7fc2841ed670>
selection: <pyshgp.utils.DiscreteProbDistrib object at 0x7fc2841368c0>
variation: <pyshgp.utils.DiscreteProbDistrib object at 0x7fc284136c00>
Instructions:
int_add, int_sub, int_mult, int_div, int_mod, int_min, int_max, int_inc, int_dec, int_lt, int_lte, int_gt, int_gte, int_from_bool, str_concat, str_insert_str, str_from_first_char, str_from_last_char, str_from_nth_char, str_contains_str, str_index_of_str, str_split_on_str, str_replace_first_str, str_replace_n_str, str_replace_all_str, str_remove_first_str, str_remove_n_str, str_remove_all_str, str_occurrences_of_str, str_reverse, str_head, str_tail, str_rest, str_but_last, str_drop, str_but_last_n, str_length, str_make_empty, str_is_empty_string, str_remove_nth, str_strip_whitespace, str_from_bool, str_from_int, bool_and, bool_or, bool_not, bool_xor, bool_invert_first_then_and, bool_second_first_then_and, bool_from_int, noop, noop_open, exec_do_range, exec_do_count, exec_while, exec_do_while, exec_if, exec_when, print_bool, println_bool, print_int, println_int, print_str, println_str, print_exec, println_exec, bool_pop, bool_dup, bool_dup_times, bool_swap, bool_rot, bool_flush, bool_eq, bool_stack_depth, bool_yank, bool_yank_dup, bool_shove, bool_shove_dup, bool_is_empty, int_pop, int_dup, int_dup_times, int_swap, int_rot, int_flush, int_eq, int_stack_depth, int_yank, int_yank_dup, int_shove, int_shove_dup, int_is_empty, str_pop, str_dup, str_dup_times, str_swap, str_rot, str_flush, str_eq, str_stack_depth, str_yank, str_yank_dup, str_shove, str_shove_dup, str_is_empty, exec_pop, exec_dup, exec_dup_times, exec_swap, exec_rot, exec_flush, exec_eq, exec_stack_depth, exec_yank, exec_yank_dup, exec_shove, exec_shove_dup, exec_is_empty
Literals:
[Literal(value='small', push_type=<pyshgp.push.types.PushStrType object at 0x7fc284316280>), Literal(value='large', push_type=<pyshgp.push.types.PushStrType object at 0x7fc284316280>)]
ERC Generators:
[<function rand_int at 0x7fc29fa7f1f0>]
========================================
Start Run
========================================
2022-01-01 06:17:54.805605 | GENERATION: 1 | ERRORS: best=305, median=305.0, diversity=0.05 | INDIVIDUALS: n=200, avg_genome_length=62.045 | VIRUSES: gene_rate=0.000
2022-01-01 06:17:58.042664 | GENERATION: 2 | ERRORS: best=305, median=305.0, diversity=0.11 | INDIVIDUALS: n=200, avg_genome_length=47.955 | VIRUSES: gene_rate=0.000
2022-01-01 06:18:01.193409 | GENERATION: 3 | ERRORS: best=305, median=354.5, diversity=0.14 | INDIVIDUALS: n=200, avg_genome_length=54.575 | VIRUSES: gene_rate=0.000
2022-01-01 06:18:05.005694 | GENERATION: 4 | ERRORS: best=305, median=365.0, diversity=0.15 | INDIVIDUALS: n=200, avg_genome_length=55.355 | VIRUSES: gene_rate=0.000
2022-01-01 06:18:08.913912 | GENERATION: 5 | ERRORS: best=305, median=330.0, diversity=0.125 | INDIVIDUALS: n=200, avg_genome_length=59.11 | VIRUSES: gene_rate=0.000
2022-01-01 06:18:13.126917 | GENERATION: 6 | ERRORS: best=305, median=330.0, diversity=0.16 | INDIVIDUALS: n=200, avg_genome_length=59.865 | VIRUSES: gene_rate=0.000
2022-01-01 06:18:17.246487 | GENERATION: 7 | ERRORS: best=305, median=330.0, diversity=0.165 | INDIVIDUALS: n=200, avg_genome_length=58.305 | VIRUSES: gene_rate=0.000
2022-01-01 06:18:21.393818 | GENERATION: 8 | ERRORS: best=305, median=330.0, diversity=0.15 | INDIVIDUALS: n=200, avg_genome_length=59.41 | VIRUSES: gene_rate=0.000
2022-01-01 06:18:25.766954 | GENERATION: 9 | ERRORS: best=305, median=330.0, diversity=0.19 | INDIVIDUALS: n=200, avg_genome_length=59.765 | VIRUSES: gene_rate=0.000
2022-01-01 06:18:30.325780 | GENERATION: 10 | ERRORS: best=305, median=330.0, diversity=0.185 | INDIVIDUALS: n=200, avg_genome_length=59.225 | VIRUSES: gene_rate=0.000
2022-01-01 06:18:35.282487 | GENERATION: 11 | ERRORS: best=305, median=330.0, diversity=0.18 | INDIVIDUALS: n=200, avg_genome_length=58.6 | VIRUSES: gene_rate=0.000
2022-01-01 06:18:45.357069 | GENERATION: 12 | ERRORS: best=305, median=330.0, diversity=0.215 | INDIVIDUALS: n=200, avg_genome_length=60.615 | VIRUSES: gene_rate=0.000
2022-01-01 06:18:51.687900 | GENERATION: 13 | ERRORS: best=305, median=336.0, diversity=0.235 | INDIVIDUALS: n=200, avg_genome_length=64.46 | VIRUSES: gene_rate=0.000
2022-01-01 06:18:58.744953 | GENERATION: 14 | ERRORS: best=305, median=345.0, diversity=0.35 | INDIVIDUALS: n=200, avg_genome_length=66.075 | VIRUSES: gene_rate=0.000
2022-01-01 06:19:05.510324 | GENERATION: 15 | ERRORS: best=278, median=335.0, diversity=0.31 | INDIVIDUALS: n=200, avg_genome_length=64.88 | VIRUSES: gene_rate=0.000
2022-01-01 06:19:11.382796 | GENERATION: 16 | ERRORS: best=278, median=340.0, diversity=0.3 | INDIVIDUALS: n=200, avg_genome_length=63.32 | VIRUSES: gene_rate=0.000
2022-01-01 06:19:25.325759 | GENERATION: 17 | ERRORS: best=278, median=336.0, diversity=0.32 | INDIVIDUALS: n=200, avg_genome_length=62.51 | VIRUSES: gene_rate=0.000
2022-01-01 06:19:39.475264 | GENERATION: 18 | ERRORS: best=278, median=330.0, diversity=0.26 | INDIVIDUALS: n=200, avg_genome_length=61.79 | VIRUSES: gene_rate=0.000
2022-01-01 06:19:45.169570 | GENERATION: 19 | ERRORS: best=278, median=330.0, diversity=0.245 | INDIVIDUALS: n=200, avg_genome_length=60.385 | VIRUSES: gene_rate=0.000
2022-01-01 06:19:51.614519 | GENERATION: 20 | ERRORS: best=278, median=333.0, diversity=0.27 | INDIVIDUALS: n=200, avg_genome_length=59.23 | VIRUSES: gene_rate=0.000
2022-01-01 06:19:58.205697 | GENERATION: 21 | ERRORS: best=272, median=330.0, diversity=0.325 | INDIVIDUALS: n=200, avg_genome_length=57.965 | VIRUSES: gene_rate=0.000
2022-01-01 06:20:07.995588 | GENERATION: 22 | ERRORS: best=278, median=345.0, diversity=0.34 | INDIVIDUALS: n=200, avg_genome_length=56.76 | VIRUSES: gene_rate=0.000
2022-01-01 06:20:13.898940 | GENERATION: 23 | ERRORS: best=170, median=332.0, diversity=0.36 | INDIVIDUALS: n=200, avg_genome_length=57.43 | VIRUSES: gene_rate=0.000
2022-01-01 06:20:21.725298 | GENERATION: 24 | ERRORS: best=170, median=330.0, diversity=0.325 | INDIVIDUALS: n=200, avg_genome_length=64.14 | VIRUSES: gene_rate=0.000
2022-01-01 06:20:28.617323 | GENERATION: 25 | ERRORS: best=170, median=317.0, diversity=0.255 | INDIVIDUALS: n=200, avg_genome_length=64.385 | VIRUSES: gene_rate=0.000
2022-01-01 06:20:34.609974 | GENERATION: 26 | ERRORS: best=170, median=330.0, diversity=0.315 | INDIVIDUALS: n=200, avg_genome_length=63.565 | VIRUSES: gene_rate=0.000
2022-01-01 06:20:40.677110 | GENERATION: 27 | ERRORS: best=170, median=330.0, diversity=0.355 | INDIVIDUALS: n=200, avg_genome_length=63.3 | VIRUSES: gene_rate=0.000
2022-01-01 06:20:53.344126 | GENERATION: 28 | ERRORS: best=170, median=313.0, diversity=0.33 | INDIVIDUALS: n=200, avg_genome_length=63.515 | VIRUSES: gene_rate=0.000
2022-01-01 06:21:00.307925 | GENERATION: 29 | ERRORS: best=170, median=330.0, diversity=0.295 | INDIVIDUALS: n=200, avg_genome_length=63.08 | VIRUSES: gene_rate=0.000
2022-01-01 06:21:07.348770 | GENERATION: 30 | ERRORS: best=170, median=330.0, diversity=0.385 | INDIVIDUALS: n=200, avg_genome_length=63.405 | VIRUSES: gene_rate=0.000
2022-01-01 06:21:13.040414 | GENERATION: 31 | ERRORS: best=170, median=330.0, diversity=0.38 | INDIVIDUALS: n=200, avg_genome_length=62.965 | VIRUSES: gene_rate=0.000
2022-01-01 06:21:19.018279 | GENERATION: 32 | ERRORS: best=170, median=330.0, diversity=0.345 | INDIVIDUALS: n=200, avg_genome_length=62.42 | VIRUSES: gene_rate=0.000
2022-01-01 06:21:25.271492 | GENERATION: 33 | ERRORS: best=170, median=330.0, diversity=0.375 | INDIVIDUALS: n=200, avg_genome_length=62.75 | VIRUSES: gene_rate=0.000
2022-01-01 06:21:33.006755 | GENERATION: 34 | ERRORS: best=170, median=330.0, diversity=0.39 | INDIVIDUALS: n=200, avg_genome_length=61.6 | VIRUSES: gene_rate=0.000
2022-01-01 06:21:39.978748 | GENERATION: 35 | ERRORS: best=170, median=314.0, diversity=0.365 | INDIVIDUALS: n=200, avg_genome_length=61.535 | VIRUSES: gene_rate=0.000
2022-01-01 06:21:46.772520 | GENERATION: 36 | ERRORS: best=170, median=305.0, diversity=0.315 | INDIVIDUALS: n=200, avg_genome_length=60.92 | VIRUSES: gene_rate=0.000
2022-01-01 06:21:52.870039 | GENERATION: 37 | ERRORS: best=170, median=320.5, diversity=0.31 | INDIVIDUALS: n=200, avg_genome_length=59.735 | VIRUSES: gene_rate=0.000
2022-01-01 06:21:58.174846 | GENERATION: 38 | ERRORS: best=170, median=305.0, diversity=0.29 | INDIVIDUALS: n=200, avg_genome_length=58.93 | VIRUSES: gene_rate=0.000
2022-01-01 06:22:08.536131 | GENERATION: 39 | ERRORS: best=170, median=329.5, diversity=0.34 | INDIVIDUALS: n=200, avg_genome_length=58.335 | VIRUSES: gene_rate=0.000
2022-01-01 06:22:14.140467 | GENERATION: 40 | ERRORS: best=170, median=305.0, diversity=0.315 | INDIVIDUALS: n=200, avg_genome_length=57.295 | VIRUSES: gene_rate=0.000
2022-01-01 06:22:19.531354 | GENERATION: 41 | ERRORS: best=170, median=305.0, diversity=0.335 | INDIVIDUALS: n=200, avg_genome_length=56.82 | VIRUSES: gene_rate=0.000
2022-01-01 06:22:25.390056 | GENERATION: 42 | ERRORS: best=170, median=305.0, diversity=0.315 | INDIVIDUALS: n=200, avg_genome_length=56.16 | VIRUSES: gene_rate=0.000
2022-01-01 06:22:30.763381 | GENERATION: 43 | ERRORS: best=170, median=305.0, diversity=0.31 | INDIVIDUALS: n=200, avg_genome_length=56.4 | VIRUSES: gene_rate=0.000
2022-01-01 06:22:35.682684 | GENERATION: 44 | ERRORS: best=170, median=305.0, diversity=0.28 | INDIVIDUALS: n=200, avg_genome_length=54.865 | VIRUSES: gene_rate=0.000
2022-01-01 06:22:40.392380 | GENERATION: 45 | ERRORS: best=170, median=305.0, diversity=0.27 | INDIVIDUALS: n=200, avg_genome_length=54.565 | VIRUSES: gene_rate=0.000
2022-01-01 06:22:45.893999 | GENERATION: 46 | ERRORS: best=170, median=305.0, diversity=0.29 | INDIVIDUALS: n=200, avg_genome_length=53.165 | VIRUSES: gene_rate=0.000
2022-01-01 06:22:51.080405 | GENERATION: 47 | ERRORS: best=170, median=315.0, diversity=0.325 | INDIVIDUALS: n=200, avg_genome_length=51.435 | VIRUSES: gene_rate=0.000
2022-01-01 06:22:55.842699 | GENERATION: 48 | ERRORS: best=170, median=305.0, diversity=0.29 | INDIVIDUALS: n=200, avg_genome_length=51.525 | VIRUSES: gene_rate=0.000
2022-01-01 06:23:00.193418 | GENERATION: 49 | ERRORS: best=170, median=305.0, diversity=0.25 | INDIVIDUALS: n=200, avg_genome_length=50.25 | VIRUSES: gene_rate=0.000
2022-01-01 06:23:04.532529 | GENERATION: 50 | ERRORS: best=170, median=305.0, diversity=0.275 | INDIVIDUALS: n=200, avg_genome_length=50.355 | VIRUSES: gene_rate=0.000
2022-01-01 06:23:08.938768 | GENERATION: 51 | ERRORS: best=170, median=305.0, diversity=0.28 | INDIVIDUALS: n=200, avg_genome_length=48.68 | VIRUSES: gene_rate=0.000
2022-01-01 06:23:12.927294 | GENERATION: 52 | ERRORS: best=170, median=305.0, diversity=0.265 | INDIVIDUALS: n=200, avg_genome_length=48.98 | VIRUSES: gene_rate=0.000
2022-01-01 06:23:16.945142 | GENERATION: 53 | ERRORS: best=170, median=305.0, diversity=0.275 | INDIVIDUALS: n=200, avg_genome_length=48.185 | VIRUSES: gene_rate=0.000
2022-01-01 06:23:20.763266 | GENERATION: 54 | ERRORS: best=170, median=305.0, diversity=0.24 | INDIVIDUALS: n=200, avg_genome_length=48.07 | VIRUSES: gene_rate=0.000
2022-01-01 06:23:24.822871 | GENERATION: 55 | ERRORS: best=170, median=305.0, diversity=0.28 | INDIVIDUALS: n=200, avg_genome_length=46.22 | VIRUSES: gene_rate=0.000
2022-01-01 06:23:30.682551 | GENERATION: 56 | ERRORS: best=170, median=305.0, diversity=0.265 | INDIVIDUALS: n=200, avg_genome_length=44.81 | VIRUSES: gene_rate=0.000
2022-01-01 06:23:35.382892 | GENERATION: 57 | ERRORS: best=170, median=305.0, diversity=0.245 | INDIVIDUALS: n=200, avg_genome_length=43.94 | VIRUSES: gene_rate=0.000
2022-01-01 06:23:39.104732 | GENERATION: 58 | ERRORS: best=170, median=305.0, diversity=0.25 | INDIVIDUALS: n=200, avg_genome_length=43.255 | VIRUSES: gene_rate=0.000
2022-01-01 06:23:42.711801 | GENERATION: 59 | ERRORS: best=170, median=305.0, diversity=0.235 | INDIVIDUALS: n=200, avg_genome_length=43.945 | VIRUSES: gene_rate=0.000
2022-01-01 06:23:46.440469 | GENERATION: 60 | ERRORS: best=170, median=305.0, diversity=0.22 | INDIVIDUALS: n=200, avg_genome_length=42.965 | VIRUSES: gene_rate=0.000
2022-01-01 06:23:50.391348 | GENERATION: 61 | ERRORS: best=170, median=305.0, diversity=0.235 | INDIVIDUALS: n=200, avg_genome_length=42.43 | VIRUSES: gene_rate=0.000
2022-01-01 06:24:03.363433 | GENERATION: 62 | ERRORS: best=170, median=305.0, diversity=0.255 | INDIVIDUALS: n=200, avg_genome_length=41.955 | VIRUSES: gene_rate=0.000
2022-01-01 06:24:10.318967 | GENERATION: 63 | ERRORS: best=140, median=305.0, diversity=0.265 | INDIVIDUALS: n=200, avg_genome_length=41.005 | VIRUSES: gene_rate=0.000
2022-01-01 06:24:13.475118 | GENERATION: 64 | ERRORS: best=135, median=305.0, diversity=0.25 | INDIVIDUALS: n=200, avg_genome_length=39.005 | VIRUSES: gene_rate=0.000
2022-01-01 06:24:17.893849 | GENERATION: 65 | ERRORS: best=135, median=305.0, diversity=0.2 | INDIVIDUALS: n=200, avg_genome_length=37.355 | VIRUSES: gene_rate=0.000
2022-01-01 06:24:21.728268 | GENERATION: 66 | ERRORS: best=135, median=305.0, diversity=0.23 | INDIVIDUALS: n=200, avg_genome_length=37.16 | VIRUSES: gene_rate=0.000
2022-01-01 06:24:27.386762 | GENERATION: 67 | ERRORS: best=135, median=305.0, diversity=0.205 | INDIVIDUALS: n=200, avg_genome_length=36.725 | VIRUSES: gene_rate=0.000
2022-01-01 06:24:33.009442 | GENERATION: 68 | ERRORS: best=135, median=305.0, diversity=0.24 | INDIVIDUALS: n=200, avg_genome_length=36.145 | VIRUSES: gene_rate=0.000
2022-01-01 06:24:37.298932 | GENERATION: 69 | ERRORS: best=135, median=305.0, diversity=0.23 | INDIVIDUALS: n=200, avg_genome_length=36.05 | VIRUSES: gene_rate=0.000
2022-01-01 06:24:40.577948 | GENERATION: 70 | ERRORS: best=135, median=305.0, diversity=0.185 | INDIVIDUALS: n=200, avg_genome_length=35.72 | VIRUSES: gene_rate=0.000
2022-01-01 06:24:44.089930 | GENERATION: 71 | ERRORS: best=135, median=305.0, diversity=0.185 | INDIVIDUALS: n=200, avg_genome_length=35.335 | VIRUSES: gene_rate=0.000
2022-01-01 06:24:48.126683 | GENERATION: 72 | ERRORS: best=135, median=305.0, diversity=0.125 | INDIVIDUALS: n=200, avg_genome_length=34.955 | VIRUSES: gene_rate=0.000
2022-01-01 06:24:52.766738 | GENERATION: 73 | ERRORS: best=135, median=305.0, diversity=0.195 | INDIVIDUALS: n=200, avg_genome_length=35.88 | VIRUSES: gene_rate=0.000
2022-01-01 06:24:56.896293 | GENERATION: 74 | ERRORS: best=135, median=305.0, diversity=0.19 | INDIVIDUALS: n=200, avg_genome_length=35.97 | VIRUSES: gene_rate=0.000
2022-01-01 06:24:59.900112 | GENERATION: 75 | ERRORS: best=135, median=305.0, diversity=0.185 | INDIVIDUALS: n=200, avg_genome_length=35.48 | VIRUSES: gene_rate=0.000
2022-01-01 06:25:03.450195 | GENERATION: 76 | ERRORS: best=135, median=305.0, diversity=0.155 | INDIVIDUALS: n=200, avg_genome_length=35.475 | VIRUSES: gene_rate=0.000
2022-01-01 06:25:09.995044 | GENERATION: 77 | ERRORS: best=135, median=305.0, diversity=0.195 | INDIVIDUALS: n=200, avg_genome_length=35.49 | VIRUSES: gene_rate=0.000
2022-01-01 06:25:13.404350 | GENERATION: 78 | ERRORS: best=135, median=305.0, diversity=0.16 | INDIVIDUALS: n=200, avg_genome_length=35.68 | VIRUSES: gene_rate=0.000
2022-01-01 06:25:16.960119 | GENERATION: 79 | ERRORS: best=135, median=195.0, diversity=0.165 | INDIVIDUALS: n=200, avg_genome_length=35.27 | VIRUSES: gene_rate=0.000
2022-01-01 06:25:20.623458 | GENERATION: 80 | ERRORS: best=135, median=305.0, diversity=0.2 | INDIVIDUALS: n=200, avg_genome_length=34.725 | VIRUSES: gene_rate=0.000
2022-01-01 06:25:26.903088 | GENERATION: 81 | ERRORS: best=135, median=305.0, diversity=0.195 | INDIVIDUALS: n=200, avg_genome_length=33.62 | VIRUSES: gene_rate=0.000
2022-01-01 06:25:33.032130 | GENERATION: 82 | ERRORS: best=135, median=305.0, diversity=0.18 | INDIVIDUALS: n=200, avg_genome_length=33.245 | VIRUSES: gene_rate=0.000
2022-01-01 06:25:36.009800 | GENERATION: 83 | ERRORS: best=135, median=305.0, diversity=0.15 | INDIVIDUALS: n=200, avg_genome_length=32.355 | VIRUSES: gene_rate=0.000
2022-01-01 06:25:38.779073 | GENERATION: 84 | ERRORS: best=135, median=305.0, diversity=0.165 | INDIVIDUALS: n=200, avg_genome_length=32.305 | VIRUSES: gene_rate=0.000
2022-01-01 06:25:48.727505 | GENERATION: 85 | ERRORS: best=135, median=305.0, diversity=0.155 | INDIVIDUALS: n=200, avg_genome_length=31.74 | VIRUSES: gene_rate=0.000
2022-01-01 06:25:52.752263 | GENERATION: 86 | ERRORS: best=135, median=305.0, diversity=0.22 | INDIVIDUALS: n=200, avg_genome_length=31.315 | VIRUSES: gene_rate=0.000
2022-01-01 06:25:55.811680 | GENERATION: 87 | ERRORS: best=135, median=300.0, diversity=0.175 | INDIVIDUALS: n=200, avg_genome_length=32.855 | VIRUSES: gene_rate=0.000
2022-01-01 06:25:59.474818 | GENERATION: 88 | ERRORS: best=135, median=305.0, diversity=0.165 | INDIVIDUALS: n=200, avg_genome_length=32.69 | VIRUSES: gene_rate=0.000
2022-01-01 06:26:02.398384 | GENERATION: 89 | ERRORS: best=135, median=305.0, diversity=0.16 | INDIVIDUALS: n=200, avg_genome_length=32.155 | VIRUSES: gene_rate=0.000
2022-01-01 06:26:05.857068 | GENERATION: 90 | ERRORS: best=135, median=305.0, diversity=0.17 | INDIVIDUALS: n=200, avg_genome_length=32.02 | VIRUSES: gene_rate=0.000
2022-01-01 06:26:09.193518 | GENERATION: 91 | ERRORS: best=135, median=305.0, diversity=0.205 | INDIVIDUALS: n=200, avg_genome_length=33.085 | VIRUSES: gene_rate=0.000
2022-01-01 06:26:12.282629 | GENERATION: 92 | ERRORS: best=135, median=305.0, diversity=0.175 | INDIVIDUALS: n=200, avg_genome_length=32.385 | VIRUSES: gene_rate=0.000
2022-01-01 06:26:14.833315 | GENERATION: 93 | ERRORS: best=135, median=305.0, diversity=0.145 | INDIVIDUALS: n=200, avg_genome_length=31.905 | VIRUSES: gene_rate=0.000
2022-01-01 06:26:18.126174 | GENERATION: 94 | ERRORS: best=135, median=305.0, diversity=0.17 | INDIVIDUALS: n=200, avg_genome_length=32.145 | VIRUSES: gene_rate=0.000
2022-01-01 06:26:21.153732 | GENERATION: 95 | ERRORS: best=135, median=305.0, diversity=0.15 | INDIVIDUALS: n=200, avg_genome_length=31.62 | VIRUSES: gene_rate=0.000
2022-01-01 06:26:24.146704 | GENERATION: 96 | ERRORS: best=135, median=305.0, diversity=0.155 | INDIVIDUALS: n=200, avg_genome_length=30.765 | VIRUSES: gene_rate=0.000
2022-01-01 06:26:27.056615 | GENERATION: 97 | ERRORS: best=135, median=305.0, diversity=0.195 | INDIVIDUALS: n=200, avg_genome_length=31.38 | VIRUSES: gene_rate=0.000
2022-01-01 06:26:30.868825 | GENERATION: 98 | ERRORS: best=135, median=305.0, diversity=0.17 | INDIVIDUALS: n=200, avg_genome_length=30.93 | VIRUSES: gene_rate=0.000
2022-01-01 06:26:34.260822 | GENERATION: 99 | ERRORS: best=135, median=305.0, diversity=0.165 | INDIVIDUALS: n=200, avg_genome_length=31.22 | VIRUSES: gene_rate=0.000
2022-01-01 06:26:37.453004 | GENERATION: 100 | ERRORS: best=135, median=305.0, diversity=0.175 | INDIVIDUALS: n=200, avg_genome_length=31.33 | VIRUSES: gene_rate=0.000
2022-01-01 06:26:41.996873 | GENERATION: 101 | ERRORS: best=135, median=305.0, diversity=0.215 | INDIVIDUALS: n=200, avg_genome_length=30.8 | VIRUSES: gene_rate=0.000
2022-01-01 06:26:45.898224 | GENERATION: 102 | ERRORS: best=135, median=305.0, diversity=0.165 | INDIVIDUALS: n=200, avg_genome_length=29.76 | VIRUSES: gene_rate=0.000
2022-01-01 06:26:49.442749 | GENERATION: 103 | ERRORS: best=135, median=305.0, diversity=0.145 | INDIVIDUALS: n=200, avg_genome_length=29.22 | VIRUSES: gene_rate=0.000
2022-01-01 06:26:52.698519 | GENERATION: 104 | ERRORS: best=135, median=305.0, diversity=0.155 | INDIVIDUALS: n=200, avg_genome_length=27.57 | VIRUSES: gene_rate=0.000
2022-01-01 06:26:55.937544 | GENERATION: 105 | ERRORS: best=135, median=305.0, diversity=0.155 | INDIVIDUALS: n=200, avg_genome_length=27.15 | VIRUSES: gene_rate=0.000
2022-01-01 06:26:58.867527 | GENERATION: 106 | ERRORS: best=135, median=305.0, diversity=0.16 | INDIVIDUALS: n=200, avg_genome_length=26.35 | VIRUSES: gene_rate=0.000
2022-01-01 06:27:01.922295 | GENERATION: 107 | ERRORS: best=135, median=305.0, diversity=0.16 | INDIVIDUALS: n=200, avg_genome_length=24.755 | VIRUSES: gene_rate=0.000
2022-01-01 06:27:05.422132 | GENERATION: 108 | ERRORS: best=135, median=305.0, diversity=0.165 | INDIVIDUALS: n=200, avg_genome_length=24.17 | VIRUSES: gene_rate=0.000
2022-01-01 06:27:08.715747 | GENERATION: 109 | ERRORS: best=135, median=305.0, diversity=0.18 | INDIVIDUALS: n=200, avg_genome_length=23.775 | VIRUSES: gene_rate=0.000
2022-01-01 06:27:12.707108 | GENERATION: 110 | ERRORS: best=135, median=305.0, diversity=0.16 | INDIVIDUALS: n=200, avg_genome_length=24.615 | VIRUSES: gene_rate=0.000
2022-01-01 06:27:15.273615 | GENERATION: 111 | ERRORS: best=135, median=305.0, diversity=0.175 | INDIVIDUALS: n=200, avg_genome_length=23.935 | VIRUSES: gene_rate=0.000
2022-01-01 06:27:17.321303 | GENERATION: 112 | ERRORS: best=135, median=305.0, diversity=0.125 | INDIVIDUALS: n=200, avg_genome_length=22.705 | VIRUSES: gene_rate=0.000
2022-01-01 06:27:20.203159 | GENERATION: 113 | ERRORS: best=135, median=305.0, diversity=0.15 | INDIVIDUALS: n=200, avg_genome_length=25.03 | VIRUSES: gene_rate=0.000
2022-01-01 06:27:23.566107 | GENERATION: 114 | ERRORS: best=135, median=305.0, diversity=0.1 | INDIVIDUALS: n=200, avg_genome_length=24.195 | VIRUSES: gene_rate=0.000
2022-01-01 06:27:26.098375 | GENERATION: 115 | ERRORS: best=135, median=305.0, diversity=0.135 | INDIVIDUALS: n=200, avg_genome_length=24.53 | VIRUSES: gene_rate=0.000
2022-01-01 06:27:28.907509 | GENERATION: 116 | ERRORS: best=135, median=305.0, diversity=0.17 | INDIVIDUALS: n=200, avg_genome_length=25.78 | VIRUSES: gene_rate=0.000
2022-01-01 06:27:31.566831 | GENERATION: 117 | ERRORS: best=135, median=305.0, diversity=0.155 | INDIVIDUALS: n=200, avg_genome_length=25.895 | VIRUSES: gene_rate=0.000
2022-01-01 06:27:34.315807 | GENERATION: 118 | ERRORS: best=135, median=305.0, diversity=0.15 | INDIVIDUALS: n=200, avg_genome_length=27.035 | VIRUSES: gene_rate=0.000
2022-01-01 06:27:37.104118 | GENERATION: 119 | ERRORS: best=135, median=305.0, diversity=0.165 | INDIVIDUALS: n=200, avg_genome_length=27.045 | VIRUSES: gene_rate=0.000
2022-01-01 06:27:40.886851 | GENERATION: 120 | ERRORS: best=135, median=305.0, diversity=0.14 | INDIVIDUALS: n=200, avg_genome_length=26.05 | VIRUSES: gene_rate=0.000
2022-01-01 06:27:43.881408 | GENERATION: 121 | ERRORS: best=135, median=305.0, diversity=0.135 | INDIVIDUALS: n=200, avg_genome_length=26.215 | VIRUSES: gene_rate=0.000
2022-01-01 06:27:46.807847 | GENERATION: 122 | ERRORS: best=135, median=305.0, diversity=0.185 | INDIVIDUALS: n=200, avg_genome_length=25.975 | VIRUSES: gene_rate=0.000
2022-01-01 06:27:49.475820 | GENERATION: 123 | ERRORS: best=135, median=305.0, diversity=0.155 | INDIVIDUALS: n=200, avg_genome_length=25.19 | VIRUSES: gene_rate=0.000
2022-01-01 06:27:51.582030 | GENERATION: 124 | ERRORS: best=135, median=305.0, diversity=0.16 | INDIVIDUALS: n=200, avg_genome_length=25.25 | VIRUSES: gene_rate=0.000
2022-01-01 06:27:54.274509 | GENERATION: 125 | ERRORS: best=135, median=305.0, diversity=0.14 | INDIVIDUALS: n=200, avg_genome_length=25.49 | VIRUSES: gene_rate=0.000
2022-01-01 06:27:57.097139 | GENERATION: 126 | ERRORS: best=135, median=305.0, diversity=0.135 | INDIVIDUALS: n=200, avg_genome_length=25.815 | VIRUSES: gene_rate=0.000
2022-01-01 06:27:59.672036 | GENERATION: 127 | ERRORS: best=135, median=305.0, diversity=0.165 | INDIVIDUALS: n=200, avg_genome_length=25.4 | VIRUSES: gene_rate=0.000
2022-01-01 06:28:02.142522 | GENERATION: 128 | ERRORS: best=135, median=305.0, diversity=0.17 | INDIVIDUALS: n=200, avg_genome_length=26.115 | VIRUSES: gene_rate=0.000
2022-01-01 06:28:10.575131 | GENERATION: 129 | ERRORS: best=135, median=305.0, diversity=0.135 | INDIVIDUALS: n=200, avg_genome_length=24.53 | VIRUSES: gene_rate=0.000
2022-01-01 06:28:13.457031 | GENERATION: 130 | ERRORS: best=135, median=305.0, diversity=0.135 | INDIVIDUALS: n=200, avg_genome_length=24.605 | VIRUSES: gene_rate=0.000
2022-01-01 06:28:16.062312 | GENERATION: 131 | ERRORS: best=135, median=305.0, diversity=0.13 | INDIVIDUALS: n=200, avg_genome_length=24.03 | VIRUSES: gene_rate=0.000
2022-01-01 06:28:18.685050 | GENERATION: 132 | ERRORS: best=135, median=305.0, diversity=0.13 | INDIVIDUALS: n=200, avg_genome_length=23.525 | VIRUSES: gene_rate=0.000
2022-01-01 06:28:21.164080 | GENERATION: 133 | ERRORS: best=135, median=305.0, diversity=0.135 | INDIVIDUALS: n=200, avg_genome_length=23.505 | VIRUSES: gene_rate=0.000
2022-01-01 06:28:23.561010 | GENERATION: 134 | ERRORS: best=135, median=305.0, diversity=0.145 | INDIVIDUALS: n=200, avg_genome_length=24.425 | VIRUSES: gene_rate=0.000
2022-01-01 06:28:26.028187 | GENERATION: 135 | ERRORS: best=135, median=305.0, diversity=0.125 | INDIVIDUALS: n=200, avg_genome_length=23.375 | VIRUSES: gene_rate=0.000
2022-01-01 06:28:28.478299 | GENERATION: 136 | ERRORS: best=135, median=305.0, diversity=0.175 | INDIVIDUALS: n=200, avg_genome_length=23.955 | VIRUSES: gene_rate=0.000
2022-01-01 06:28:32.979581 | GENERATION: 137 | ERRORS: best=135, median=305.0, diversity=0.16 | INDIVIDUALS: n=200, avg_genome_length=23.33 | VIRUSES: gene_rate=0.000
2022-01-01 06:28:40.214445 | GENERATION: 138 | ERRORS: best=135, median=305.0, diversity=0.135 | INDIVIDUALS: n=200, avg_genome_length=22.385 | VIRUSES: gene_rate=0.000
2022-01-01 06:28:46.844969 | GENERATION: 139 | ERRORS: best=135, median=305.0, diversity=0.145 | INDIVIDUALS: n=200, avg_genome_length=23.425 | VIRUSES: gene_rate=0.000
2022-01-01 06:28:49.674422 | GENERATION: 140 | ERRORS: best=135, median=305.0, diversity=0.175 | INDIVIDUALS: n=200, avg_genome_length=23.28 | VIRUSES: gene_rate=0.000
2022-01-01 06:28:52.492129 | GENERATION: 141 | ERRORS: best=135, median=305.0, diversity=0.13 | INDIVIDUALS: n=200, avg_genome_length=22.605 | VIRUSES: gene_rate=0.000
2022-01-01 06:28:54.959095 | GENERATION: 142 | ERRORS: best=135, median=305.0, diversity=0.145 | INDIVIDUALS: n=200, avg_genome_length=22.28 | VIRUSES: gene_rate=0.000
2022-01-01 06:28:57.404885 | GENERATION: 143 | ERRORS: best=135, median=305.0, diversity=0.115 | INDIVIDUALS: n=200, avg_genome_length=21.105 | VIRUSES: gene_rate=0.000
2022-01-01 06:28:59.599409 | GENERATION: 144 | ERRORS: best=135, median=305.0, diversity=0.145 | INDIVIDUALS: n=200, avg_genome_length=22.01 | VIRUSES: gene_rate=0.000
2022-01-01 06:29:01.770888 | GENERATION: 145 | ERRORS: best=135, median=305.0, diversity=0.135 | INDIVIDUALS: n=200, avg_genome_length=20.635 | VIRUSES: gene_rate=0.000
2022-01-01 06:29:03.959026 | GENERATION: 146 | ERRORS: best=135, median=305.0, diversity=0.14 | INDIVIDUALS: n=200, avg_genome_length=20.71 | VIRUSES: gene_rate=0.000
2022-01-01 06:29:06.330266 | GENERATION: 147 | ERRORS: best=135, median=305.0, diversity=0.16 | INDIVIDUALS: n=200, avg_genome_length=20.53 | VIRUSES: gene_rate=0.000
2022-01-01 06:29:08.776634 | GENERATION: 148 | ERRORS: best=135, median=305.0, diversity=0.14 | INDIVIDUALS: n=200, avg_genome_length=20.385 | VIRUSES: gene_rate=0.000
2022-01-01 06:29:11.238214 | GENERATION: 149 | ERRORS: best=135, median=305.0, diversity=0.135 | INDIVIDUALS: n=200, avg_genome_length=19.795 | VIRUSES: gene_rate=0.000
2022-01-01 06:29:13.994683 | GENERATION: 150 | ERRORS: best=135, median=305.0, diversity=0.145 | INDIVIDUALS: n=200, avg_genome_length=18.77 | VIRUSES: gene_rate=0.000
2022-01-01 06:29:16.217378 | GENERATION: 151 | ERRORS: best=135, median=305.0, diversity=0.145 | INDIVIDUALS: n=200, avg_genome_length=18.615 | VIRUSES: gene_rate=0.000
2022-01-01 06:29:18.454780 | GENERATION: 152 | ERRORS: best=135, median=305.0, diversity=0.13 | INDIVIDUALS: n=200, avg_genome_length=18.415 | VIRUSES: gene_rate=0.000
2022-01-01 06:29:20.578766 | GENERATION: 153 | ERRORS: best=135, median=305.0, diversity=0.135 | INDIVIDUALS: n=200, avg_genome_length=19.075 | VIRUSES: gene_rate=0.000
2022-01-01 06:29:23.678757 | GENERATION: 154 | ERRORS: best=135, median=305.0, diversity=0.14 | INDIVIDUALS: n=200, avg_genome_length=19.49 | VIRUSES: gene_rate=0.000
2022-01-01 06:29:25.824465 | GENERATION: 155 | ERRORS: best=135, median=305.0, diversity=0.145 | INDIVIDUALS: n=200, avg_genome_length=19.31 | VIRUSES: gene_rate=0.000
2022-01-01 06:29:28.470035 | GENERATION: 156 | ERRORS: best=135, median=305.0, diversity=0.165 | INDIVIDUALS: n=200, avg_genome_length=19.21 | VIRUSES: gene_rate=0.000
2022-01-01 06:29:31.477209 | GENERATION: 157 | ERRORS: best=135, median=305.0, diversity=0.17 | INDIVIDUALS: n=200, avg_genome_length=18.04 | VIRUSES: gene_rate=0.000
2022-01-01 06:29:33.843774 | GENERATION: 158 | ERRORS: best=135, median=305.0, diversity=0.12 | INDIVIDUALS: n=200, avg_genome_length=17.85 | VIRUSES: gene_rate=0.000
2022-01-01 06:29:36.757678 | GENERATION: 159 | ERRORS: best=135, median=305.0, diversity=0.16 | INDIVIDUALS: n=200, avg_genome_length=17.335 | VIRUSES: gene_rate=0.000
2022-01-01 06:29:45.748649 | GENERATION: 160 | ERRORS: best=135, median=305.0, diversity=0.175 | INDIVIDUALS: n=200, avg_genome_length=16.695 | VIRUSES: gene_rate=0.000
2022-01-01 06:29:47.987298 | GENERATION: 161 | ERRORS: best=135, median=307.0, diversity=0.14 | INDIVIDUALS: n=200, avg_genome_length=16.43 | VIRUSES: gene_rate=0.000
2022-01-01 06:29:50.477165 | GENERATION: 162 | ERRORS: best=135, median=330.0, diversity=0.13 | INDIVIDUALS: n=200, avg_genome_length=16.39 | VIRUSES: gene_rate=0.000
2022-01-01 06:29:52.787229 | GENERATION: 163 | ERRORS: best=135, median=305.0, diversity=0.1 | INDIVIDUALS: n=200, avg_genome_length=16.235 | VIRUSES: gene_rate=0.000
2022-01-01 06:30:11.274243 | GENERATION: 164 | ERRORS: best=135, median=305.0, diversity=0.14 | INDIVIDUALS: n=200, avg_genome_length=16.705 | VIRUSES: gene_rate=0.000
2022-01-01 06:30:13.636680 | GENERATION: 165 | ERRORS: best=135, median=305.0, diversity=0.11 | INDIVIDUALS: n=200, avg_genome_length=16.22 | VIRUSES: gene_rate=0.000
2022-01-01 06:30:15.744856 | GENERATION: 166 | ERRORS: best=135, median=330.0, diversity=0.125 | INDIVIDUALS: n=200, avg_genome_length=16.0 | VIRUSES: gene_rate=0.000
2022-01-01 06:30:17.965754 | GENERATION: 167 | ERRORS: best=135, median=305.0, diversity=0.145 | INDIVIDUALS: n=200, avg_genome_length=16.44 | VIRUSES: gene_rate=0.000
2022-01-01 06:30:20.120815 | GENERATION: 168 | ERRORS: best=135, median=310.0, diversity=0.14 | INDIVIDUALS: n=200, avg_genome_length=15.78 | VIRUSES: gene_rate=0.000
2022-01-01 06:30:22.569519 | GENERATION: 169 | ERRORS: best=135, median=310.0, diversity=0.12 | INDIVIDUALS: n=200, avg_genome_length=15.67 | VIRUSES: gene_rate=0.000
2022-01-01 06:30:25.252977 | GENERATION: 170 | ERRORS: best=135, median=305.0, diversity=0.115 | INDIVIDUALS: n=200, avg_genome_length=15.605 | VIRUSES: gene_rate=0.000
2022-01-01 06:30:27.952941 | GENERATION: 171 | ERRORS: best=135, median=305.0, diversity=0.125 | INDIVIDUALS: n=200, avg_genome_length=15.47 | VIRUSES: gene_rate=0.000
2022-01-01 06:30:30.134176 | GENERATION: 172 | ERRORS: best=135, median=305.0, diversity=0.095 | INDIVIDUALS: n=200, avg_genome_length=15.42 | VIRUSES: gene_rate=0.000
2022-01-01 06:30:32.464345 | GENERATION: 173 | ERRORS: best=135, median=310.0, diversity=0.115 | INDIVIDUALS: n=200, avg_genome_length=15.385 | VIRUSES: gene_rate=0.000
2022-01-01 06:30:34.343626 | GENERATION: 174 | ERRORS: best=135, median=305.0, diversity=0.125 | INDIVIDUALS: n=200, avg_genome_length=15.26 | VIRUSES: gene_rate=0.000
2022-01-01 06:30:36.476874 | GENERATION: 175 | ERRORS: best=135, median=305.0, diversity=0.14 | INDIVIDUALS: n=200, avg_genome_length=15.14 | VIRUSES: gene_rate=0.000
2022-01-01 06:30:38.655683 | GENERATION: 176 | ERRORS: best=135, median=305.0, diversity=0.105 | INDIVIDUALS: n=200, avg_genome_length=14.58 | VIRUSES: gene_rate=0.000
2022-01-01 06:30:40.573068 | GENERATION: 177 | ERRORS: best=135, median=305.0, diversity=0.11 | INDIVIDUALS: n=200, avg_genome_length=14.205 | VIRUSES: gene_rate=0.000
2022-01-01 06:30:43.392612 | GENERATION: 178 | ERRORS: best=135, median=305.0, diversity=0.13 | INDIVIDUALS: n=200, avg_genome_length=14.855 | VIRUSES: gene_rate=0.000
2022-01-01 06:30:45.998699 | GENERATION: 179 | ERRORS: best=135, median=305.0, diversity=0.115 | INDIVIDUALS: n=200, avg_genome_length=14.69 | VIRUSES: gene_rate=0.000
2022-01-01 06:30:48.166441 | GENERATION: 180 | ERRORS: best=135, median=330.0, diversity=0.125 | INDIVIDUALS: n=200, avg_genome_length=14.055 | VIRUSES: gene_rate=0.000
2022-01-01 06:30:50.981955 | GENERATION: 181 | ERRORS: best=135, median=330.0, diversity=0.13 | INDIVIDUALS: n=200, avg_genome_length=13.745 | VIRUSES: gene_rate=0.000
2022-01-01 06:30:53.050721 | GENERATION: 182 | ERRORS: best=135, median=305.0, diversity=0.13 | INDIVIDUALS: n=200, avg_genome_length=14.1 | VIRUSES: gene_rate=0.000
2022-01-01 06:30:56.054772 | GENERATION: 183 | ERRORS: best=135, median=305.0, diversity=0.13 | INDIVIDUALS: n=200, avg_genome_length=14.005 | VIRUSES: gene_rate=0.000
2022-01-01 06:30:58.492707 | GENERATION: 184 | ERRORS: best=135, median=305.0, diversity=0.155 | INDIVIDUALS: n=200, avg_genome_length=13.92 | VIRUSES: gene_rate=0.000
2022-01-01 06:31:01.048889 | GENERATION: 185 | ERRORS: best=135, median=330.0, diversity=0.155 | INDIVIDUALS: n=200, avg_genome_length=14.605 | VIRUSES: gene_rate=0.000
2022-01-01 06:31:03.166539 | GENERATION: 186 | ERRORS: best=135, median=305.0, diversity=0.155 | INDIVIDUALS: n=200, avg_genome_length=15.125 | VIRUSES: gene_rate=0.000
2022-01-01 06:31:06.031079 | GENERATION: 187 | ERRORS: best=135, median=305.0, diversity=0.16 | INDIVIDUALS: n=200, avg_genome_length=16.34 | VIRUSES: gene_rate=0.000
2022-01-01 06:31:08.420163 | GENERATION: 188 | ERRORS: best=135, median=305.0, diversity=0.13 | INDIVIDUALS: n=200, avg_genome_length=15.895 | VIRUSES: gene_rate=0.000
2022-01-01 06:31:11.343646 | GENERATION: 189 | ERRORS: best=135, median=330.0, diversity=0.15 | INDIVIDUALS: n=200, avg_genome_length=15.505 | VIRUSES: gene_rate=0.000
2022-01-01 06:31:22.212248 | GENERATION: 190 | ERRORS: best=135, median=305.0, diversity=0.145 | INDIVIDUALS: n=200, avg_genome_length=15.15 | VIRUSES: gene_rate=0.000
2022-01-01 06:31:23.908891 | GENERATION: 191 | ERRORS: best=135, median=305.0, diversity=0.12 | INDIVIDUALS: n=200, avg_genome_length=15.22 | VIRUSES: gene_rate=0.000
2022-01-01 06:31:26.221056 | GENERATION: 192 | ERRORS: best=135, median=305.0, diversity=0.12 | INDIVIDUALS: n=200, avg_genome_length=15.44 | VIRUSES: gene_rate=0.000
2022-01-01 06:31:29.216613 | GENERATION: 193 | ERRORS: best=135, median=330.0, diversity=0.12 | INDIVIDUALS: n=200, avg_genome_length=15.085 | VIRUSES: gene_rate=0.000
2022-01-01 06:31:32.081340 | GENERATION: 194 | ERRORS: best=135, median=330.0, diversity=0.15 | INDIVIDUALS: n=200, avg_genome_length=14.89 | VIRUSES: gene_rate=0.000
2022-01-01 06:31:34.617810 | GENERATION: 195 | ERRORS: best=135, median=305.0, diversity=0.15 | INDIVIDUALS: n=200, avg_genome_length=14.825 | VIRUSES: gene_rate=0.000
2022-01-01 06:31:37.445029 | GENERATION: 196 | ERRORS: best=135, median=305.0, diversity=0.15 | INDIVIDUALS: n=200, avg_genome_length=15.385 | VIRUSES: gene_rate=0.000
2022-01-01 06:31:40.169070 | GENERATION: 197 | ERRORS: best=135, median=305.0, diversity=0.14 | INDIVIDUALS: n=200, avg_genome_length=14.955 | VIRUSES: gene_rate=0.000
2022-01-01 06:31:42.775954 | GENERATION: 198 | ERRORS: best=135, median=305.0, diversity=0.105 | INDIVIDUALS: n=200, avg_genome_length=15.355 | VIRUSES: gene_rate=0.000
2022-01-01 06:31:45.485663 | GENERATION: 199 | ERRORS: best=135, median=305.0, diversity=0.145 | INDIVIDUALS: n=200, avg_genome_length=15.315 | VIRUSES: gene_rate=0.000
2022-01-01 06:32:05.857450 | GENERATION: 200 | ERRORS: best=135, median=330.0, diversity=0.155 | INDIVIDUALS: n=200, avg_genome_length=15.245 | VIRUSES: gene_rate=0.000
2022-01-01 06:32:08.074006 | GENERATION: 201 | ERRORS: best=135, median=305.0, diversity=0.135 | INDIVIDUALS: n=200, avg_genome_length=14.035 | VIRUSES: gene_rate=0.000
2022-01-01 06:32:10.447279 | GENERATION: 202 | ERRORS: best=135, median=305.0, diversity=0.135 | INDIVIDUALS: n=200, avg_genome_length=14.265 | VIRUSES: gene_rate=0.000
2022-01-01 06:32:12.450742 | GENERATION: 203 | ERRORS: best=135, median=307.5, diversity=0.13 | INDIVIDUALS: n=200, avg_genome_length=13.925 | VIRUSES: gene_rate=0.000
2022-01-01 06:32:14.683245 | GENERATION: 204 | ERRORS: best=135, median=330.0, diversity=0.135 | INDIVIDUALS: n=200, avg_genome_length=14.57 | VIRUSES: gene_rate=0.000
2022-01-01 06:32:28.490322 | GENERATION: 205 | ERRORS: best=135, median=310.0, diversity=0.135 | INDIVIDUALS: n=200, avg_genome_length=14.545 | VIRUSES: gene_rate=0.000
2022-01-01 06:32:30.860871 | GENERATION: 206 | ERRORS: best=135, median=330.0, diversity=0.13 | INDIVIDUALS: n=200, avg_genome_length=14.495 | VIRUSES: gene_rate=0.000
2022-01-01 06:32:33.096276 | GENERATION: 207 | ERRORS: best=135, median=305.0, diversity=0.145 | INDIVIDUALS: n=200, avg_genome_length=14.72 | VIRUSES: gene_rate=0.000
2022-01-01 06:32:35.647704 | GENERATION: 208 | ERRORS: best=135, median=305.0, diversity=0.165 | INDIVIDUALS: n=200, avg_genome_length=14.47 | VIRUSES: gene_rate=0.000
2022-01-01 06:32:37.897859 | GENERATION: 209 | ERRORS: best=135, median=305.0, diversity=0.14 | INDIVIDUALS: n=200, avg_genome_length=14.505 | VIRUSES: gene_rate=0.000
2022-01-01 06:32:40.595269 | GENERATION: 210 | ERRORS: best=135, median=330.0, diversity=0.14 | INDIVIDUALS: n=200, avg_genome_length=14.49 | VIRUSES: gene_rate=0.000
2022-01-01 06:32:42.763933 | GENERATION: 211 | ERRORS: best=135, median=305.0, diversity=0.15 | INDIVIDUALS: n=200, avg_genome_length=14.485 | VIRUSES: gene_rate=0.000
2022-01-01 06:32:45.483041 | GENERATION: 212 | ERRORS: best=135, median=305.0, diversity=0.16 | INDIVIDUALS: n=200, avg_genome_length=14.385 | VIRUSES: gene_rate=0.000
2022-01-01 06:32:47.666424 | GENERATION: 213 | ERRORS: best=135, median=305.0, diversity=0.15 | INDIVIDUALS: n=200, avg_genome_length=13.525 | VIRUSES: gene_rate=0.000
2022-01-01 06:32:49.959588 | GENERATION: 214 | ERRORS: best=135, median=330.0, diversity=0.13 | INDIVIDUALS: n=200, avg_genome_length=14.25 | VIRUSES: gene_rate=0.000
2022-01-01 06:32:51.939126 | GENERATION: 215 | ERRORS: best=135, median=305.0, diversity=0.145 | INDIVIDUALS: n=200, avg_genome_length=13.665 | VIRUSES: gene_rate=0.000
2022-01-01 06:32:54.042319 | GENERATION: 216 | ERRORS: best=135, median=305.0, diversity=0.14 | INDIVIDUALS: n=200, avg_genome_length=14.285 | VIRUSES: gene_rate=0.000
2022-01-01 06:32:56.327866 | GENERATION: 217 | ERRORS: best=135, median=310.0, diversity=0.14 | INDIVIDUALS: n=200, avg_genome_length=14.4 | VIRUSES: gene_rate=0.000
2022-01-01 06:32:57.948692 | GENERATION: 218 | ERRORS: best=135, median=305.0, diversity=0.125 | INDIVIDUALS: n=200, avg_genome_length=14.645 | VIRUSES: gene_rate=0.000
2022-01-01 06:33:00.251458 | GENERATION: 219 | ERRORS: best=135, median=330.0, diversity=0.19 | INDIVIDUALS: n=200, avg_genome_length=15.015 | VIRUSES: gene_rate=0.000
2022-01-01 06:33:02.287292 | GENERATION: 220 | ERRORS: best=135, median=305.0, diversity=0.145 | INDIVIDUALS: n=200, avg_genome_length=14.945 | VIRUSES: gene_rate=0.000
2022-01-01 06:33:04.687362 | GENERATION: 221 | ERRORS: best=135, median=320.0, diversity=0.145 | INDIVIDUALS: n=200, avg_genome_length=14.87 | VIRUSES: gene_rate=0.000
2022-01-01 06:33:07.720151 | GENERATION: 222 | ERRORS: best=135, median=330.0, diversity=0.175 | INDIVIDUALS: n=200, avg_genome_length=14.345 | VIRUSES: gene_rate=0.000
2022-01-01 06:33:09.501031 | GENERATION: 223 | ERRORS: best=135, median=310.0, diversity=0.155 | INDIVIDUALS: n=200, avg_genome_length=14.72 | VIRUSES: gene_rate=0.000
2022-01-01 06:33:11.940149 | GENERATION: 224 | ERRORS: best=135, median=330.0, diversity=0.115 | INDIVIDUALS: n=200, avg_genome_length=14.72 | VIRUSES: gene_rate=0.000
2022-01-01 06:33:14.368282 | GENERATION: 225 | ERRORS: best=135, median=305.0, diversity=0.135 | INDIVIDUALS: n=200, avg_genome_length=14.41 | VIRUSES: gene_rate=0.000
2022-01-01 06:33:16.360344 | GENERATION: 226 | ERRORS: best=135, median=305.0, diversity=0.16 | INDIVIDUALS: n=200, avg_genome_length=14.29 | VIRUSES: gene_rate=0.000
2022-01-01 06:33:18.417510 | GENERATION: 227 | ERRORS: best=135, median=305.0, diversity=0.125 | INDIVIDUALS: n=200, avg_genome_length=14.66 | VIRUSES: gene_rate=0.000
2022-01-01 06:33:20.402792 | GENERATION: 228 | ERRORS: best=135, median=305.0, diversity=0.13 | INDIVIDUALS: n=200, avg_genome_length=14.92 | VIRUSES: gene_rate=0.000
2022-01-01 06:33:22.718073 | GENERATION: 229 | ERRORS: best=135, median=305.0, diversity=0.135 | INDIVIDUALS: n=200, avg_genome_length=15.255 | VIRUSES: gene_rate=0.000
2022-01-01 06:33:24.619207 | GENERATION: 230 | ERRORS: best=135, median=305.0, diversity=0.095 | INDIVIDUALS: n=200, avg_genome_length=14.68 | VIRUSES: gene_rate=0.000
2022-01-01 06:33:26.530133 | GENERATION: 231 | ERRORS: best=135, median=305.0, diversity=0.14 | INDIVIDUALS: n=200, avg_genome_length=14.8 | VIRUSES: gene_rate=0.000
2022-01-01 06:33:29.175397 | GENERATION: 232 | ERRORS: best=135, median=330.0, diversity=0.13 | INDIVIDUALS: n=200, avg_genome_length=14.47 | VIRUSES: gene_rate=0.000
2022-01-01 06:33:31.825960 | GENERATION: 233 | ERRORS: best=135, median=330.0, diversity=0.105 | INDIVIDUALS: n=200, avg_genome_length=14.825 | VIRUSES: gene_rate=0.000
2022-01-01 06:33:33.924189 | GENERATION: 234 | ERRORS: best=135, median=305.0, diversity=0.14 | INDIVIDUALS: n=200, avg_genome_length=15.14 | VIRUSES: gene_rate=0.000
2022-01-01 06:33:36.424697 | GENERATION: 235 | ERRORS: best=135, median=330.0, diversity=0.13 | INDIVIDUALS: n=200, avg_genome_length=14.605 | VIRUSES: gene_rate=0.000
2022-01-01 06:33:38.948356 | GENERATION: 236 | ERRORS: best=135, median=305.0, diversity=0.15 | INDIVIDUALS: n=200, avg_genome_length=15.03 | VIRUSES: gene_rate=0.000
2022-01-01 06:33:41.111667 | GENERATION: 237 | ERRORS: best=135, median=305.0, diversity=0.155 | INDIVIDUALS: n=200, avg_genome_length=15.31 | VIRUSES: gene_rate=0.000
2022-01-01 06:33:43.620534 | GENERATION: 238 | ERRORS: best=135, median=305.0, diversity=0.155 | INDIVIDUALS: n=200, avg_genome_length=15.48 | VIRUSES: gene_rate=0.000
2022-01-01 06:33:46.028755 | GENERATION: 239 | ERRORS: best=135, median=330.0, diversity=0.12 | INDIVIDUALS: n=200, avg_genome_length=15.54 | VIRUSES: gene_rate=0.000
2022-01-01 06:33:48.490368 | GENERATION: 240 | ERRORS: best=135, median=330.0, diversity=0.12 | INDIVIDUALS: n=200, avg_genome_length=15.205 | VIRUSES: gene_rate=0.000
2022-01-01 06:33:50.802195 | GENERATION: 241 | ERRORS: best=135, median=305.0, diversity=0.15 | INDIVIDUALS: n=200, avg_genome_length=15.205 | VIRUSES: gene_rate=0.000
2022-01-01 06:33:53.253626 | GENERATION: 242 | ERRORS: best=135, median=305.0, diversity=0.13 | INDIVIDUALS: n=200, avg_genome_length=14.63 | VIRUSES: gene_rate=0.000
2022-01-01 06:33:55.841657 | GENERATION: 243 | ERRORS: best=135, median=305.0, diversity=0.125 | INDIVIDUALS: n=200, avg_genome_length=15.765 | VIRUSES: gene_rate=0.000
2022-01-01 06:33:58.286870 | GENERATION: 244 | ERRORS: best=135, median=305.0, diversity=0.13 | INDIVIDUALS: n=200, avg_genome_length=15.575 | VIRUSES: gene_rate=0.000
2022-01-01 06:34:00.935140 | GENERATION: 245 | ERRORS: best=135, median=305.0, diversity=0.11 | INDIVIDUALS: n=200, avg_genome_length=14.625 | VIRUSES: gene_rate=0.000
2022-01-01 06:34:03.405861 | GENERATION: 246 | ERRORS: best=135, median=305.0, diversity=0.145 | INDIVIDUALS: n=200, avg_genome_length=15.27 | VIRUSES: gene_rate=0.000
2022-01-01 06:34:06.038828 | GENERATION: 247 | ERRORS: best=135, median=305.0, diversity=0.16 | INDIVIDUALS: n=200, avg_genome_length=15.625 | VIRUSES: gene_rate=0.000
2022-01-01 06:34:08.671512 | GENERATION: 248 | ERRORS: best=135, median=305.0, diversity=0.115 | INDIVIDUALS: n=200, avg_genome_length=15.97 | VIRUSES: gene_rate=0.000
2022-01-01 06:34:11.104656 | GENERATION: 249 | ERRORS: best=135, median=305.0, diversity=0.105 | INDIVIDUALS: n=200, avg_genome_length=14.67 | VIRUSES: gene_rate=0.000
2022-01-01 06:34:13.332936 | GENERATION: 250 | ERRORS: best=135, median=330.0, diversity=0.145 | INDIVIDUALS: n=200, avg_genome_length=14.51 | VIRUSES: gene_rate=0.000
2022-01-01 06:34:15.596663 | GENERATION: 251 | ERRORS: best=135, median=305.0, diversity=0.12 | INDIVIDUALS: n=200, avg_genome_length=14.21 | VIRUSES: gene_rate=0.000
2022-01-01 06:34:17.945099 | GENERATION: 252 | ERRORS: best=135, median=330.0, diversity=0.14 | INDIVIDUALS: n=200, avg_genome_length=14.135 | VIRUSES: gene_rate=0.000
2022-01-01 06:34:26.546481 | GENERATION: 253 | ERRORS: best=135, median=330.0, diversity=0.145 | INDIVIDUALS: n=200, avg_genome_length=14.28 | VIRUSES: gene_rate=0.000
2022-01-01 06:34:28.838718 | GENERATION: 254 | ERRORS: best=135, median=305.0, diversity=0.15 | INDIVIDUALS: n=200, avg_genome_length=13.87 | VIRUSES: gene_rate=0.000
2022-01-01 06:34:31.176539 | GENERATION: 255 | ERRORS: best=135, median=330.0, diversity=0.145 | INDIVIDUALS: n=200, avg_genome_length=14.45 | VIRUSES: gene_rate=0.000
2022-01-01 06:34:33.980034 | GENERATION: 256 | ERRORS: best=135, median=305.0, diversity=0.125 | INDIVIDUALS: n=200, avg_genome_length=14.53 | VIRUSES: gene_rate=0.000
2022-01-01 06:34:36.411221 | GENERATION: 257 | ERRORS: best=135, median=322.5, diversity=0.1 | INDIVIDUALS: n=200, avg_genome_length=14.31 | VIRUSES: gene_rate=0.000
2022-01-01 06:34:39.015993 | GENERATION: 258 | ERRORS: best=135, median=317.5, diversity=0.13 | INDIVIDUALS: n=200, avg_genome_length=14.34 | VIRUSES: gene_rate=0.000
2022-01-01 06:34:41.011162 | GENERATION: 259 | ERRORS: best=135, median=330.0, diversity=0.15 | INDIVIDUALS: n=200, avg_genome_length=14.09 | VIRUSES: gene_rate=0.000
2022-01-01 06:34:43.546476 | GENERATION: 260 | ERRORS: best=135, median=330.0, diversity=0.165 | INDIVIDUALS: n=200, avg_genome_length=14.345 | VIRUSES: gene_rate=0.000
2022-01-01 06:34:45.931967 | GENERATION: 261 | ERRORS: best=135, median=330.0, diversity=0.19 | INDIVIDUALS: n=200, avg_genome_length=14.385 | VIRUSES: gene_rate=0.000
2022-01-01 06:34:48.551163 | GENERATION: 262 | ERRORS: best=135, median=330.0, diversity=0.165 | INDIVIDUALS: n=200, avg_genome_length=14.03 | VIRUSES: gene_rate=0.000
2022-01-01 06:34:51.670680 | GENERATION: 263 | ERRORS: best=135, median=330.0, diversity=0.17 | INDIVIDUALS: n=200, avg_genome_length=14.05 | VIRUSES: gene_rate=0.000
2022-01-01 06:35:02.902248 | GENERATION: 264 | ERRORS: best=135, median=330.0, diversity=0.165 | INDIVIDUALS: n=200, avg_genome_length=14.12 | VIRUSES: gene_rate=0.000
2022-01-01 06:35:05.686748 | GENERATION: 265 | ERRORS: best=135, median=305.0, diversity=0.1 | INDIVIDUALS: n=200, avg_genome_length=14.485 | VIRUSES: gene_rate=0.000
2022-01-01 06:35:08.458258 | GENERATION: 266 | ERRORS: best=135, median=330.0, diversity=0.125 | INDIVIDUALS: n=200, avg_genome_length=14.21 | VIRUSES: gene_rate=0.000
2022-01-01 06:35:11.068755 | GENERATION: 267 | ERRORS: best=135, median=330.0, diversity=0.135 | INDIVIDUALS: n=200, avg_genome_length=13.83 | VIRUSES: gene_rate=0.000
2022-01-01 06:35:13.087582 | GENERATION: 268 | ERRORS: best=135, median=305.0, diversity=0.15 | INDIVIDUALS: n=200, avg_genome_length=13.62 | VIRUSES: gene_rate=0.000
2022-01-01 06:35:15.119308 | GENERATION: 269 | ERRORS: best=135, median=330.0, diversity=0.135 | INDIVIDUALS: n=200, avg_genome_length=12.995 | VIRUSES: gene_rate=0.000
2022-01-01 06:35:17.454788 | GENERATION: 270 | ERRORS: best=135, median=330.0, diversity=0.125 | INDIVIDUALS: n=200, avg_genome_length=13.145 | VIRUSES: gene_rate=0.000
2022-01-01 06:35:19.642157 | GENERATION: 271 | ERRORS: best=135, median=305.0, diversity=0.125 | INDIVIDUALS: n=200, avg_genome_length=13.705 | VIRUSES: gene_rate=0.000
2022-01-01 06:35:21.905650 | GENERATION: 272 | ERRORS: best=135, median=330.0, diversity=0.125 | INDIVIDUALS: n=200, avg_genome_length=13.255 | VIRUSES: gene_rate=0.000
2022-01-01 06:35:24.329436 | GENERATION: 273 | ERRORS: best=135, median=330.0, diversity=0.15 | INDIVIDUALS: n=200, avg_genome_length=13.08 | VIRUSES: gene_rate=0.000
2022-01-01 06:35:26.626836 | GENERATION: 274 | ERRORS: best=135, median=307.5, diversity=0.16 | INDIVIDUALS: n=200, avg_genome_length=13.04 | VIRUSES: gene_rate=0.000
2022-01-01 06:35:28.870038 | GENERATION: 275 | ERRORS: best=135, median=320.0, diversity=0.11 | INDIVIDUALS: n=200, avg_genome_length=13.195 | VIRUSES: gene_rate=0.000
2022-01-01 06:35:31.642228 | GENERATION: 276 | ERRORS: best=135, median=305.0, diversity=0.13 | INDIVIDUALS: n=200, avg_genome_length=14.15 | VIRUSES: gene_rate=0.000
2022-01-01 06:35:33.983777 | GENERATION: 277 | ERRORS: best=135, median=330.0, diversity=0.15 | INDIVIDUALS: n=200, avg_genome_length=13.87 | VIRUSES: gene_rate=0.000
2022-01-01 06:35:36.309790 | GENERATION: 278 | ERRORS: best=135, median=305.0, diversity=0.12 | INDIVIDUALS: n=200, avg_genome_length=13.39 | VIRUSES: gene_rate=0.000
2022-01-01 06:35:39.497927 | GENERATION: 279 | ERRORS: best=135, median=330.0, diversity=0.125 | INDIVIDUALS: n=200, avg_genome_length=13.28 | VIRUSES: gene_rate=0.000
2022-01-01 06:35:41.893437 | GENERATION: 280 | ERRORS: best=135, median=305.0, diversity=0.15 | INDIVIDUALS: n=200, avg_genome_length=13.415 | VIRUSES: gene_rate=0.000
2022-01-01 06:35:44.885811 | GENERATION: 281 | ERRORS: best=135, median=330.0, diversity=0.14 | INDIVIDUALS: n=200, avg_genome_length=12.705 | VIRUSES: gene_rate=0.000
2022-01-01 06:35:47.738317 | GENERATION: 282 | ERRORS: best=135, median=330.0, diversity=0.15 | INDIVIDUALS: n=200, avg_genome_length=12.925 | VIRUSES: gene_rate=0.000
2022-01-01 06:35:50.840875 | GENERATION: 283 | ERRORS: best=135, median=330.0, diversity=0.105 | INDIVIDUALS: n=200, avg_genome_length=13.435 | VIRUSES: gene_rate=0.000
2022-01-01 06:35:53.239476 | GENERATION: 284 | ERRORS: best=135, median=330.0, diversity=0.125 | INDIVIDUALS: n=200, avg_genome_length=12.835 | VIRUSES: gene_rate=0.000
2022-01-01 06:35:56.088339 | GENERATION: 285 | ERRORS: best=135, median=330.0, diversity=0.11 | INDIVIDUALS: n=200, avg_genome_length=13.16 | VIRUSES: gene_rate=0.000
2022-01-01 06:35:58.686789 | GENERATION: 286 | ERRORS: best=135, median=330.0, diversity=0.125 | INDIVIDUALS: n=200, avg_genome_length=12.625 | VIRUSES: gene_rate=0.000
2022-01-01 06:36:00.893220 | GENERATION: 287 | ERRORS: best=135, median=305.0, diversity=0.125 | INDIVIDUALS: n=200, avg_genome_length=12.41 | VIRUSES: gene_rate=0.000
2022-01-01 06:36:04.041745 | GENERATION: 288 | ERRORS: best=135, median=330.0, diversity=0.12 | INDIVIDUALS: n=200, avg_genome_length=11.955 | VIRUSES: gene_rate=0.000
2022-01-01 06:36:06.715435 | GENERATION: 289 | ERRORS: best=135, median=330.0, diversity=0.125 | INDIVIDUALS: n=200, avg_genome_length=11.965 | VIRUSES: gene_rate=0.000
2022-01-01 06:36:09.254082 | GENERATION: 290 | ERRORS: best=135, median=305.0, diversity=0.115 | INDIVIDUALS: n=200, avg_genome_length=12.1 | VIRUSES: gene_rate=0.000
2022-01-01 06:36:11.446114 | GENERATION: 291 | ERRORS: best=135, median=330.0, diversity=0.12 | INDIVIDUALS: n=200, avg_genome_length=12.32 | VIRUSES: gene_rate=0.000
2022-01-01 06:36:13.917882 | GENERATION: 292 | ERRORS: best=135, median=330.0, diversity=0.16 | INDIVIDUALS: n=200, avg_genome_length=12.185 | VIRUSES: gene_rate=0.000
2022-01-01 06:36:16.116518 | GENERATION: 293 | ERRORS: best=135, median=330.0, diversity=0.12 | INDIVIDUALS: n=200, avg_genome_length=11.815 | VIRUSES: gene_rate=0.000
2022-01-01 06:36:18.516609 | GENERATION: 294 | ERRORS: best=135, median=320.0, diversity=0.12 | INDIVIDUALS: n=200, avg_genome_length=11.65 | VIRUSES: gene_rate=0.000
2022-01-01 06:36:20.712897 | GENERATION: 295 | ERRORS: best=135, median=330.0, diversity=0.15 | INDIVIDUALS: n=200, avg_genome_length=11.875 | VIRUSES: gene_rate=0.000
2022-01-01 06:36:23.793236 | GENERATION: 296 | ERRORS: best=135, median=330.0, diversity=0.13 | INDIVIDUALS: n=200, avg_genome_length=11.51 | VIRUSES: gene_rate=0.000
2022-01-01 06:36:26.291873 | GENERATION: 297 | ERRORS: best=135, median=330.0, diversity=0.135 | INDIVIDUALS: n=200, avg_genome_length=11.48 | VIRUSES: gene_rate=0.000
2022-01-01 06:36:28.812584 | GENERATION: 298 | ERRORS: best=135, median=330.0, diversity=0.15 | INDIVIDUALS: n=200, avg_genome_length=11.535 | VIRUSES: gene_rate=0.000
2022-01-01 06:36:44.338460 | GENERATION: 299 | ERRORS: best=135, median=305.0, diversity=0.135 | INDIVIDUALS: n=200, avg_genome_length=10.865 | VIRUSES: gene_rate=0.000
2022-01-01 06:36:46.603891 | GENERATION: 300 | ERRORS: best=135, median=330.0, diversity=0.13 | INDIVIDUALS: n=200, avg_genome_length=11.33 | VIRUSES: gene_rate=0.000
Simplifying genome of length 39 with total error 135.
Simplified genome by 2 to length 37.
Simplified genome by 2 to length 35.
Simplified genome by 2 to length 33.
Simplified genome by 3 to length 30.
Simplified genome by 1 to length 29.
Simplified genome by 2 to length 27.
Simplified genome by 1 to length 26.
Simplified genome by 1 to length 25.
Simplified genome by 2 to length 23.
Simplified genome by 1 to length 22.
Simplified genome by 1 to length 21.
Simplified genome by 1 to length 20.
Simplified genome by 1 to length 19.
Simplified genome by 2 to length 17.
Simplified genome by 2 to length 15.
Simplified genome by 1 to length 14.
Simplified genome by 2 to length 12.
Simplified genome by 2 to length 10.
Simplified genome by 2 to length 8.
Simplified genome by 1 to length 7.
Simplified genome to length 7 and total error 135.
========================================
End Run
========================================
No solution found.
Best Seen Individual
	Genome:
	 pvector([Input(input_index=0), InstructionMeta(name='str_length', code_blocks=0), Literal(value=2000, push_type=<pyshgp.push.types.PushIntType object at 0x7fc2826b5220>), InstructionMeta(name='int_gte', code_blocks=0), InstructionMeta(name='exec_if', code_blocks=2), Literal(value='large', push_type=<pyshgp.push.types.PushStrType object at 0x7fc2826b5df0>), InstructionMeta(name='print_str', code_blocks=0)])
	Program:
	 (input_0 str_length 2000 int_gte exec_if ("large" print_str) ())
	Error vector:
	 [5 5 5 5 5 5 0 0 0 0 0 0 0 0 0 0 0 0 0 0 0 0 0 0 0 0 0 0 0 0 0 0 5 0 0 5 0
 5 5 0 0 0 0 0 0 0 5 5 0 0 0 0 0 0 5 0 5 0 0 0 0 5 5 5 5 0 5 0 0 5 0 5 5 0
 0 0 0 0 0 0 0 0 0 0 0 0 0 0 0 5 0 5 5 0 0 0 5 0 5 0]
	Total error:
	 135
	Test error:
	 1765
	Time:
	 00:19:18
