========================================
Setup
========================================
Search Configuration:
signature: ProgramSignature(output_stacks=['stdout'], arity=1, push_config=PushConfig(collection_size_cap=10000, runtime_limit=10, step_limit=300, numeric_magnitude_limit=1000000000000.0, growth_cap=500))
evaluator: <pyshgp.gp.evaluation.DatasetEvaluator object at 0x7fd967cad340>
spawner: <pyshgp.gp.genome.GeneSpawner object at 0x7fd967cdcd60>
population_size: 200
max_generations: 300
error_threshold: 0.0
initial_genome_size: (20, 100)
simplification_steps: 500
parallel_context: <pyshgp.gp.search.ParallelContext object at 0x7fd967cad670>
selection: <pyshgp.utils.DiscreteProbDistrib object at 0x7fd967bf7c00>
variation: <pyshgp.utils.DiscreteProbDistrib object at 0x7fd967bf7a40>
Instructions:
int_add, int_sub, int_mult, int_div, int_mod, int_min, int_max, int_inc, int_dec, int_lt, int_lte, int_gt, int_gte, int_from_bool, str_concat, str_insert_str, str_from_first_char, str_from_last_char, str_from_nth_char, str_contains_str, str_index_of_str, str_split_on_str, str_replace_first_str, str_replace_n_str, str_replace_all_str, str_remove_first_str, str_remove_n_str, str_remove_all_str, str_occurrences_of_str, str_reverse, str_head, str_tail, str_rest, str_but_last, str_drop, str_but_last_n, str_length, str_make_empty, str_is_empty_string, str_remove_nth, str_strip_whitespace, str_from_bool, str_from_int, bool_and, bool_or, bool_not, bool_xor, bool_invert_first_then_and, bool_second_first_then_and, bool_from_int, noop, noop_open, exec_do_range, exec_do_count, exec_while, exec_do_while, exec_if, exec_when, print_bool, println_bool, print_int, println_int, print_str, println_str, print_exec, println_exec, bool_pop, bool_dup, bool_dup_times, bool_swap, bool_rot, bool_flush, bool_eq, bool_stack_depth, bool_yank, bool_yank_dup, bool_shove, bool_shove_dup, bool_is_empty, int_pop, int_dup, int_dup_times, int_swap, int_rot, int_flush, int_eq, int_stack_depth, int_yank, int_yank_dup, int_shove, int_shove_dup, int_is_empty, str_pop, str_dup, str_dup_times, str_swap, str_rot, str_flush, str_eq, str_stack_depth, str_yank, str_yank_dup, str_shove, str_shove_dup, str_is_empty, exec_pop, exec_dup, exec_dup_times, exec_swap, exec_rot, exec_flush, exec_eq, exec_stack_depth, exec_yank, exec_yank_dup, exec_shove, exec_shove_dup, exec_is_empty
Literals:
[Literal(value='small', push_type=<pyshgp.push.types.PushStrType object at 0x7fd967dd5280>), Literal(value='large', push_type=<pyshgp.push.types.PushStrType object at 0x7fd967dd5280>)]
ERC Generators:
[<function rand_int at 0x7fd98353e1f0>]
========================================
Start Run
========================================
2022-01-01 05:33:52.688979 | GENERATION: 1 | ERRORS: best=330, median=866.0, diversity=0.035 | INDIVIDUALS: n=200, avg_genome_length=69.625 | VIRUSES: gene_rate=0.000
2022-01-01 05:33:56.098335 | GENERATION: 2 | ERRORS: best=330, median=330.0, diversity=0.175 | INDIVIDUALS: n=200, avg_genome_length=49.6 | VIRUSES: gene_rate=0.000
2022-01-01 05:33:59.198166 | GENERATION: 3 | ERRORS: best=330, median=330.0, diversity=0.14 | INDIVIDUALS: n=200, avg_genome_length=45.67 | VIRUSES: gene_rate=0.000
2022-01-01 05:34:02.560746 | GENERATION: 4 | ERRORS: best=330, median=330.0, diversity=0.145 | INDIVIDUALS: n=200, avg_genome_length=41.72 | VIRUSES: gene_rate=0.000
2022-01-01 05:34:06.407318 | GENERATION: 5 | ERRORS: best=330, median=330.0, diversity=0.15 | INDIVIDUALS: n=200, avg_genome_length=40.03 | VIRUSES: gene_rate=0.000
2022-01-01 05:34:09.689116 | GENERATION: 6 | ERRORS: best=304, median=330.0, diversity=0.135 | INDIVIDUALS: n=200, avg_genome_length=38.645 | VIRUSES: gene_rate=0.000
2022-01-01 05:34:13.128106 | GENERATION: 7 | ERRORS: best=326, median=330.0, diversity=0.145 | INDIVIDUALS: n=200, avg_genome_length=37.745 | VIRUSES: gene_rate=0.000
2022-01-01 05:34:16.542654 | GENERATION: 8 | ERRORS: best=298, median=330.0, diversity=0.165 | INDIVIDUALS: n=200, avg_genome_length=35.965 | VIRUSES: gene_rate=0.000
2022-01-01 05:34:32.137609 | GENERATION: 9 | ERRORS: best=325, median=330.0, diversity=0.165 | INDIVIDUALS: n=200, avg_genome_length=35.335 | VIRUSES: gene_rate=0.000
2022-01-01 05:34:38.499050 | GENERATION: 10 | ERRORS: best=325, median=330.0, diversity=0.22 | INDIVIDUALS: n=200, avg_genome_length=35.005 | VIRUSES: gene_rate=0.000
2022-01-01 05:34:45.214487 | GENERATION: 11 | ERRORS: best=325, median=330.0, diversity=0.15 | INDIVIDUALS: n=200, avg_genome_length=35.12 | VIRUSES: gene_rate=0.000
2022-01-01 05:34:52.149133 | GENERATION: 12 | ERRORS: best=325, median=335.0, diversity=0.185 | INDIVIDUALS: n=200, avg_genome_length=34.86 | VIRUSES: gene_rate=0.000
2022-01-01 05:34:59.141955 | GENERATION: 13 | ERRORS: best=325, median=330.0, diversity=0.18 | INDIVIDUALS: n=200, avg_genome_length=34.88 | VIRUSES: gene_rate=0.000
2022-01-01 05:35:05.347160 | GENERATION: 14 | ERRORS: best=298, median=330.0, diversity=0.21 | INDIVIDUALS: n=200, avg_genome_length=33.635 | VIRUSES: gene_rate=0.000
2022-01-01 05:35:14.705208 | GENERATION: 15 | ERRORS: best=310, median=330.0, diversity=0.17 | INDIVIDUALS: n=200, avg_genome_length=33.985 | VIRUSES: gene_rate=0.000
2022-01-01 05:35:20.955224 | GENERATION: 16 | ERRORS: best=310, median=330.0, diversity=0.165 | INDIVIDUALS: n=200, avg_genome_length=33.12 | VIRUSES: gene_rate=0.000
2022-01-01 05:35:27.819973 | GENERATION: 17 | ERRORS: best=310, median=330.0, diversity=0.16 | INDIVIDUALS: n=200, avg_genome_length=32.565 | VIRUSES: gene_rate=0.000
2022-01-01 05:35:37.474551 | GENERATION: 18 | ERRORS: best=310, median=330.0, diversity=0.21 | INDIVIDUALS: n=200, avg_genome_length=31.33 | VIRUSES: gene_rate=0.000
2022-01-01 05:35:45.432729 | GENERATION: 19 | ERRORS: best=310, median=330.0, diversity=0.16 | INDIVIDUALS: n=200, avg_genome_length=30.335 | VIRUSES: gene_rate=0.000
2022-01-01 05:35:53.104086 | GENERATION: 20 | ERRORS: best=304, median=330.0, diversity=0.18 | INDIVIDUALS: n=200, avg_genome_length=28.365 | VIRUSES: gene_rate=0.000
2022-01-01 05:36:00.223973 | GENERATION: 21 | ERRORS: best=298, median=330.0, diversity=0.16 | INDIVIDUALS: n=200, avg_genome_length=26.55 | VIRUSES: gene_rate=0.000
2022-01-01 05:36:06.800767 | GENERATION: 22 | ERRORS: best=310, median=330.0, diversity=0.165 | INDIVIDUALS: n=200, avg_genome_length=26.135 | VIRUSES: gene_rate=0.000
2022-01-01 05:36:12.886541 | GENERATION: 23 | ERRORS: best=310, median=330.0, diversity=0.18 | INDIVIDUALS: n=200, avg_genome_length=24.44 | VIRUSES: gene_rate=0.000
2022-01-01 05:36:18.592543 | GENERATION: 24 | ERRORS: best=310, median=330.0, diversity=0.14 | INDIVIDUALS: n=200, avg_genome_length=23.14 | VIRUSES: gene_rate=0.000
2022-01-01 05:36:25.393330 | GENERATION: 25 | ERRORS: best=290, median=330.0, diversity=0.135 | INDIVIDUALS: n=200, avg_genome_length=21.305 | VIRUSES: gene_rate=0.000
2022-01-01 05:36:30.390684 | GENERATION: 26 | ERRORS: best=290, median=330.0, diversity=0.145 | INDIVIDUALS: n=200, avg_genome_length=21.39 | VIRUSES: gene_rate=0.000
2022-01-01 05:36:41.100076 | GENERATION: 27 | ERRORS: best=290, median=330.0, diversity=0.14 | INDIVIDUALS: n=200, avg_genome_length=20.5 | VIRUSES: gene_rate=0.000
2022-01-01 05:36:45.541621 | GENERATION: 28 | ERRORS: best=290, median=330.0, diversity=0.15 | INDIVIDUALS: n=200, avg_genome_length=20.015 | VIRUSES: gene_rate=0.000
2022-01-01 05:36:50.081461 | GENERATION: 29 | ERRORS: best=290, median=330.0, diversity=0.135 | INDIVIDUALS: n=200, avg_genome_length=19.115 | VIRUSES: gene_rate=0.000
2022-01-01 05:36:54.403323 | GENERATION: 30 | ERRORS: best=290, median=330.0, diversity=0.185 | INDIVIDUALS: n=200, avg_genome_length=17.845 | VIRUSES: gene_rate=0.000
2022-01-01 05:37:00.234284 | GENERATION: 31 | ERRORS: best=290, median=330.0, diversity=0.105 | INDIVIDUALS: n=200, avg_genome_length=17.86 | VIRUSES: gene_rate=0.000
2022-01-01 05:37:04.442524 | GENERATION: 32 | ERRORS: best=290, median=330.0, diversity=0.13 | INDIVIDUALS: n=200, avg_genome_length=17.675 | VIRUSES: gene_rate=0.000
2022-01-01 05:37:08.253623 | GENERATION: 33 | ERRORS: best=290, median=330.0, diversity=0.135 | INDIVIDUALS: n=200, avg_genome_length=17.255 | VIRUSES: gene_rate=0.000
2022-01-01 05:37:13.309704 | GENERATION: 34 | ERRORS: best=290, median=330.0, diversity=0.135 | INDIVIDUALS: n=200, avg_genome_length=18.51 | VIRUSES: gene_rate=0.000
2022-01-01 05:37:17.903561 | GENERATION: 35 | ERRORS: best=290, median=330.0, diversity=0.155 | INDIVIDUALS: n=200, avg_genome_length=18.24 | VIRUSES: gene_rate=0.000
2022-01-01 05:37:22.669832 | GENERATION: 36 | ERRORS: best=290, median=330.0, diversity=0.15 | INDIVIDUALS: n=200, avg_genome_length=17.13 | VIRUSES: gene_rate=0.000
2022-01-01 05:37:27.758041 | GENERATION: 37 | ERRORS: best=290, median=330.0, diversity=0.19 | INDIVIDUALS: n=200, avg_genome_length=17.51 | VIRUSES: gene_rate=0.000
2022-01-01 05:37:31.779654 | GENERATION: 38 | ERRORS: best=290, median=330.0, diversity=0.17 | INDIVIDUALS: n=200, avg_genome_length=16.51 | VIRUSES: gene_rate=0.000
2022-01-01 05:37:46.450276 | GENERATION: 39 | ERRORS: best=275, median=330.0, diversity=0.19 | INDIVIDUALS: n=200, avg_genome_length=16.57 | VIRUSES: gene_rate=0.000
2022-01-01 05:37:58.580198 | GENERATION: 40 | ERRORS: best=275, median=330.0, diversity=0.185 | INDIVIDUALS: n=200, avg_genome_length=14.095 | VIRUSES: gene_rate=0.000
2022-01-01 05:38:14.994533 | GENERATION: 41 | ERRORS: best=275, median=330.0, diversity=0.2 | INDIVIDUALS: n=200, avg_genome_length=13.325 | VIRUSES: gene_rate=0.000
2022-01-01 05:38:18.981874 | GENERATION: 42 | ERRORS: best=275, median=330.0, diversity=0.205 | INDIVIDUALS: n=200, avg_genome_length=13.65 | VIRUSES: gene_rate=0.000
2022-01-01 05:38:23.406499 | GENERATION: 43 | ERRORS: best=275, median=330.0, diversity=0.21 | INDIVIDUALS: n=200, avg_genome_length=14.095 | VIRUSES: gene_rate=0.000
2022-01-01 05:38:27.521042 | GENERATION: 44 | ERRORS: best=275, median=330.0, diversity=0.165 | INDIVIDUALS: n=200, avg_genome_length=14.005 | VIRUSES: gene_rate=0.000
2022-01-01 05:38:31.881352 | GENERATION: 45 | ERRORS: best=275, median=330.0, diversity=0.19 | INDIVIDUALS: n=200, avg_genome_length=13.915 | VIRUSES: gene_rate=0.000
2022-01-01 05:38:47.203816 | GENERATION: 46 | ERRORS: best=275, median=330.0, diversity=0.22 | INDIVIDUALS: n=200, avg_genome_length=13.885 | VIRUSES: gene_rate=0.000
2022-01-01 05:38:51.897687 | GENERATION: 47 | ERRORS: best=275, median=330.0, diversity=0.21 | INDIVIDUALS: n=200, avg_genome_length=13.945 | VIRUSES: gene_rate=0.000
2022-01-01 05:38:56.538891 | GENERATION: 48 | ERRORS: best=275, median=330.0, diversity=0.215 | INDIVIDUALS: n=200, avg_genome_length=13.635 | VIRUSES: gene_rate=0.000
2022-01-01 05:39:00.831967 | GENERATION: 49 | ERRORS: best=275, median=330.0, diversity=0.19 | INDIVIDUALS: n=200, avg_genome_length=14.89 | VIRUSES: gene_rate=0.000
2022-01-01 05:39:04.921481 | GENERATION: 50 | ERRORS: best=275, median=338.0, diversity=0.165 | INDIVIDUALS: n=200, avg_genome_length=14.115 | VIRUSES: gene_rate=0.000
2022-01-01 05:39:09.522107 | GENERATION: 51 | ERRORS: best=275, median=338.0, diversity=0.205 | INDIVIDUALS: n=200, avg_genome_length=13.615 | VIRUSES: gene_rate=0.000
2022-01-01 05:39:28.599399 | GENERATION: 52 | ERRORS: best=275, median=330.0, diversity=0.24 | INDIVIDUALS: n=200, avg_genome_length=13.255 | VIRUSES: gene_rate=0.000
2022-01-01 05:39:33.462939 | GENERATION: 53 | ERRORS: best=275, median=330.0, diversity=0.185 | INDIVIDUALS: n=200, avg_genome_length=12.075 | VIRUSES: gene_rate=0.000
2022-01-01 05:39:37.780443 | GENERATION: 54 | ERRORS: best=275, median=330.0, diversity=0.18 | INDIVIDUALS: n=200, avg_genome_length=11.365 | VIRUSES: gene_rate=0.000
2022-01-01 05:39:43.184886 | GENERATION: 55 | ERRORS: best=275, median=330.0, diversity=0.23 | INDIVIDUALS: n=200, avg_genome_length=11.675 | VIRUSES: gene_rate=0.000
2022-01-01 05:39:47.692631 | GENERATION: 56 | ERRORS: best=275, median=338.0, diversity=0.215 | INDIVIDUALS: n=200, avg_genome_length=11.92 | VIRUSES: gene_rate=0.000
2022-01-01 05:39:53.148611 | GENERATION: 57 | ERRORS: best=275, median=330.0, diversity=0.225 | INDIVIDUALS: n=200, avg_genome_length=12.805 | VIRUSES: gene_rate=0.000
2022-01-01 05:39:57.347467 | GENERATION: 58 | ERRORS: best=275, median=330.0, diversity=0.22 | INDIVIDUALS: n=200, avg_genome_length=13.155 | VIRUSES: gene_rate=0.000
2022-01-01 05:40:01.585766 | GENERATION: 59 | ERRORS: best=275, median=330.0, diversity=0.245 | INDIVIDUALS: n=200, avg_genome_length=12.52 | VIRUSES: gene_rate=0.000
2022-01-01 05:40:06.023017 | GENERATION: 60 | ERRORS: best=275, median=330.0, diversity=0.245 | INDIVIDUALS: n=200, avg_genome_length=12.34 | VIRUSES: gene_rate=0.000
2022-01-01 05:40:11.458503 | GENERATION: 61 | ERRORS: best=275, median=330.0, diversity=0.21 | INDIVIDUALS: n=200, avg_genome_length=12.305 | VIRUSES: gene_rate=0.000
2022-01-01 05:40:15.753622 | GENERATION: 62 | ERRORS: best=160, median=330.0, diversity=0.185 | INDIVIDUALS: n=200, avg_genome_length=12.055 | VIRUSES: gene_rate=0.000
2022-01-01 05:40:19.444099 | GENERATION: 63 | ERRORS: best=160, median=330.0, diversity=0.21 | INDIVIDUALS: n=200, avg_genome_length=9.995 | VIRUSES: gene_rate=0.000
2022-01-01 05:40:24.126265 | GENERATION: 64 | ERRORS: best=160, median=330.0, diversity=0.195 | INDIVIDUALS: n=200, avg_genome_length=10.135 | VIRUSES: gene_rate=0.000
2022-01-01 05:40:28.622094 | GENERATION: 65 | ERRORS: best=160, median=330.0, diversity=0.18 | INDIVIDUALS: n=200, avg_genome_length=10.025 | VIRUSES: gene_rate=0.000
2022-01-01 05:40:55.209378 | GENERATION: 66 | ERRORS: best=160, median=330.0, diversity=0.19 | INDIVIDUALS: n=200, avg_genome_length=11.305 | VIRUSES: gene_rate=0.000
2022-01-01 05:40:59.583898 | GENERATION: 67 | ERRORS: best=160, median=330.0, diversity=0.195 | INDIVIDUALS: n=200, avg_genome_length=10.96 | VIRUSES: gene_rate=0.000
2022-01-01 05:41:03.219834 | GENERATION: 68 | ERRORS: best=160, median=330.0, diversity=0.145 | INDIVIDUALS: n=200, avg_genome_length=10.8 | VIRUSES: gene_rate=0.000
2022-01-01 05:41:07.395358 | GENERATION: 69 | ERRORS: best=160, median=330.0, diversity=0.175 | INDIVIDUALS: n=200, avg_genome_length=12.4 | VIRUSES: gene_rate=0.000
2022-01-01 05:41:10.676623 | GENERATION: 70 | ERRORS: best=160, median=330.0, diversity=0.155 | INDIVIDUALS: n=200, avg_genome_length=11.96 | VIRUSES: gene_rate=0.000
2022-01-01 05:41:14.519055 | GENERATION: 71 | ERRORS: best=160, median=330.0, diversity=0.15 | INDIVIDUALS: n=200, avg_genome_length=12.14 | VIRUSES: gene_rate=0.000
2022-01-01 05:41:25.439759 | GENERATION: 72 | ERRORS: best=160, median=330.0, diversity=0.21 | INDIVIDUALS: n=200, avg_genome_length=12.42 | VIRUSES: gene_rate=0.000
2022-01-01 05:41:43.270814 | GENERATION: 73 | ERRORS: best=160, median=330.0, diversity=0.21 | INDIVIDUALS: n=200, avg_genome_length=12.71 | VIRUSES: gene_rate=0.000
2022-01-01 05:42:01.609685 | GENERATION: 74 | ERRORS: best=160, median=330.0, diversity=0.16 | INDIVIDUALS: n=200, avg_genome_length=12.81 | VIRUSES: gene_rate=0.000
2022-01-01 05:42:05.008302 | GENERATION: 75 | ERRORS: best=160, median=330.0, diversity=0.16 | INDIVIDUALS: n=200, avg_genome_length=12.325 | VIRUSES: gene_rate=0.000
2022-01-01 05:42:36.188074 | GENERATION: 76 | ERRORS: best=160, median=330.0, diversity=0.135 | INDIVIDUALS: n=200, avg_genome_length=12.49 | VIRUSES: gene_rate=0.000
2022-01-01 05:42:48.823832 | GENERATION: 77 | ERRORS: best=160, median=330.0, diversity=0.15 | INDIVIDUALS: n=200, avg_genome_length=11.745 | VIRUSES: gene_rate=0.000
2022-01-01 05:42:52.837571 | GENERATION: 78 | ERRORS: best=160, median=330.0, diversity=0.165 | INDIVIDUALS: n=200, avg_genome_length=12.165 | VIRUSES: gene_rate=0.000
2022-01-01 05:42:58.833847 | GENERATION: 79 | ERRORS: best=160, median=330.0, diversity=0.185 | INDIVIDUALS: n=200, avg_genome_length=12.145 | VIRUSES: gene_rate=0.000
2022-01-01 05:43:02.511061 | GENERATION: 80 | ERRORS: best=160, median=330.0, diversity=0.18 | INDIVIDUALS: n=200, avg_genome_length=12.45 | VIRUSES: gene_rate=0.000
2022-01-01 05:43:06.370824 | GENERATION: 81 | ERRORS: best=160, median=330.0, diversity=0.2 | INDIVIDUALS: n=200, avg_genome_length=13.49 | VIRUSES: gene_rate=0.000
2022-01-01 05:43:10.222789 | GENERATION: 82 | ERRORS: best=160, median=330.0, diversity=0.22 | INDIVIDUALS: n=200, avg_genome_length=12.605 | VIRUSES: gene_rate=0.000
2022-01-01 05:43:13.638609 | GENERATION: 83 | ERRORS: best=160, median=330.0, diversity=0.18 | INDIVIDUALS: n=200, avg_genome_length=12.885 | VIRUSES: gene_rate=0.000
2022-01-01 05:43:17.288328 | GENERATION: 84 | ERRORS: best=160, median=330.0, diversity=0.145 | INDIVIDUALS: n=200, avg_genome_length=12.305 | VIRUSES: gene_rate=0.000
2022-01-01 05:43:21.359889 | GENERATION: 85 | ERRORS: best=160, median=330.0, diversity=0.155 | INDIVIDUALS: n=200, avg_genome_length=12.175 | VIRUSES: gene_rate=0.000
2022-01-01 05:43:24.724937 | GENERATION: 86 | ERRORS: best=160, median=330.0, diversity=0.15 | INDIVIDUALS: n=200, avg_genome_length=12.755 | VIRUSES: gene_rate=0.000
2022-01-01 05:43:28.164133 | GENERATION: 87 | ERRORS: best=160, median=330.0, diversity=0.155 | INDIVIDUALS: n=200, avg_genome_length=12.165 | VIRUSES: gene_rate=0.000
2022-01-01 05:43:32.133278 | GENERATION: 88 | ERRORS: best=160, median=330.0, diversity=0.185 | INDIVIDUALS: n=200, avg_genome_length=12.285 | VIRUSES: gene_rate=0.000
2022-01-01 05:43:37.668959 | GENERATION: 89 | ERRORS: best=160, median=330.0, diversity=0.185 | INDIVIDUALS: n=200, avg_genome_length=12.685 | VIRUSES: gene_rate=0.000
2022-01-01 05:43:41.667642 | GENERATION: 90 | ERRORS: best=160, median=330.0, diversity=0.17 | INDIVIDUALS: n=200, avg_genome_length=12.77 | VIRUSES: gene_rate=0.000
2022-01-01 05:43:46.050582 | GENERATION: 91 | ERRORS: best=160, median=330.0, diversity=0.21 | INDIVIDUALS: n=200, avg_genome_length=14.24 | VIRUSES: gene_rate=0.000
2022-01-01 05:43:49.385404 | GENERATION: 92 | ERRORS: best=160, median=330.0, diversity=0.175 | INDIVIDUALS: n=200, avg_genome_length=13.325 | VIRUSES: gene_rate=0.000
2022-01-01 05:43:53.061135 | GENERATION: 93 | ERRORS: best=160, median=330.0, diversity=0.145 | INDIVIDUALS: n=200, avg_genome_length=12.86 | VIRUSES: gene_rate=0.000
2022-01-01 05:43:59.330354 | GENERATION: 94 | ERRORS: best=160, median=330.0, diversity=0.19 | INDIVIDUALS: n=200, avg_genome_length=13.25 | VIRUSES: gene_rate=0.000
2022-01-01 05:44:03.551626 | GENERATION: 95 | ERRORS: best=160, median=330.0, diversity=0.18 | INDIVIDUALS: n=200, avg_genome_length=11.75 | VIRUSES: gene_rate=0.000
2022-01-01 05:44:07.769315 | GENERATION: 96 | ERRORS: best=160, median=330.0, diversity=0.165 | INDIVIDUALS: n=200, avg_genome_length=11.015 | VIRUSES: gene_rate=0.000
2022-01-01 05:44:20.397806 | GENERATION: 97 | ERRORS: best=160, median=330.0, diversity=0.175 | INDIVIDUALS: n=200, avg_genome_length=11.185 | VIRUSES: gene_rate=0.000
2022-01-01 05:44:33.001861 | GENERATION: 98 | ERRORS: best=160, median=330.0, diversity=0.175 | INDIVIDUALS: n=200, avg_genome_length=11.325 | VIRUSES: gene_rate=0.000
2022-01-01 05:44:47.488886 | GENERATION: 99 | ERRORS: best=160, median=330.0, diversity=0.2 | INDIVIDUALS: n=200, avg_genome_length=12.06 | VIRUSES: gene_rate=0.000
2022-01-01 05:44:51.562207 | GENERATION: 100 | ERRORS: best=160, median=330.0, diversity=0.18 | INDIVIDUALS: n=200, avg_genome_length=12.46 | VIRUSES: gene_rate=0.000
2022-01-01 05:45:06.301784 | GENERATION: 101 | ERRORS: best=160, median=330.0, diversity=0.19 | INDIVIDUALS: n=200, avg_genome_length=12.5 | VIRUSES: gene_rate=0.000
2022-01-01 05:45:10.573031 | GENERATION: 102 | ERRORS: best=160, median=330.0, diversity=0.195 | INDIVIDUALS: n=200, avg_genome_length=12.36 | VIRUSES: gene_rate=0.000
2022-01-01 05:45:14.009946 | GENERATION: 103 | ERRORS: best=160, median=330.0, diversity=0.18 | INDIVIDUALS: n=200, avg_genome_length=12.54 | VIRUSES: gene_rate=0.000
2022-01-01 05:45:33.788686 | GENERATION: 104 | ERRORS: best=160, median=330.0, diversity=0.19 | INDIVIDUALS: n=200, avg_genome_length=12.27 | VIRUSES: gene_rate=0.000
2022-01-01 05:45:38.384238 | GENERATION: 105 | ERRORS: best=160, median=330.0, diversity=0.205 | INDIVIDUALS: n=200, avg_genome_length=11.9 | VIRUSES: gene_rate=0.000
2022-01-01 05:45:42.215610 | GENERATION: 106 | ERRORS: best=160, median=330.0, diversity=0.2 | INDIVIDUALS: n=200, avg_genome_length=12.275 | VIRUSES: gene_rate=0.000
2022-01-01 05:45:57.392633 | GENERATION: 107 | ERRORS: best=160, median=330.0, diversity=0.215 | INDIVIDUALS: n=200, avg_genome_length=11.64 | VIRUSES: gene_rate=0.000
2022-01-01 05:46:01.737366 | GENERATION: 108 | ERRORS: best=160, median=330.0, diversity=0.23 | INDIVIDUALS: n=200, avg_genome_length=11.53 | VIRUSES: gene_rate=0.000
2022-01-01 05:46:05.180136 | GENERATION: 109 | ERRORS: best=160, median=330.0, diversity=0.17 | INDIVIDUALS: n=200, avg_genome_length=11.63 | VIRUSES: gene_rate=0.000
2022-01-01 05:46:08.592118 | GENERATION: 110 | ERRORS: best=160, median=330.0, diversity=0.18 | INDIVIDUALS: n=200, avg_genome_length=11.95 | VIRUSES: gene_rate=0.000
2022-01-01 05:46:11.953703 | GENERATION: 111 | ERRORS: best=160, median=330.0, diversity=0.21 | INDIVIDUALS: n=200, avg_genome_length=12.32 | VIRUSES: gene_rate=0.000
2022-01-01 05:46:15.458741 | GENERATION: 112 | ERRORS: best=160, median=330.0, diversity=0.185 | INDIVIDUALS: n=200, avg_genome_length=13.915 | VIRUSES: gene_rate=0.000
2022-01-01 05:46:19.659513 | GENERATION: 113 | ERRORS: best=160, median=330.0, diversity=0.19 | INDIVIDUALS: n=200, avg_genome_length=15.84 | VIRUSES: gene_rate=0.000
2022-01-01 05:46:23.836401 | GENERATION: 114 | ERRORS: best=160, median=330.0, diversity=0.18 | INDIVIDUALS: n=200, avg_genome_length=16.665 | VIRUSES: gene_rate=0.000
2022-01-01 05:46:44.687029 | GENERATION: 115 | ERRORS: best=160, median=330.0, diversity=0.185 | INDIVIDUALS: n=200, avg_genome_length=16.63 | VIRUSES: gene_rate=0.000
2022-01-01 05:46:48.495373 | GENERATION: 116 | ERRORS: best=160, median=330.0, diversity=0.205 | INDIVIDUALS: n=200, avg_genome_length=17.37 | VIRUSES: gene_rate=0.000
2022-01-01 05:46:52.054046 | GENERATION: 117 | ERRORS: best=160, median=330.0, diversity=0.195 | INDIVIDUALS: n=200, avg_genome_length=18.75 | VIRUSES: gene_rate=0.000
2022-01-01 05:46:55.910239 | GENERATION: 118 | ERRORS: best=160, median=330.0, diversity=0.225 | INDIVIDUALS: n=200, avg_genome_length=16.93 | VIRUSES: gene_rate=0.000
2022-01-01 05:47:04.280128 | GENERATION: 119 | ERRORS: best=160, median=330.0, diversity=0.18 | INDIVIDUALS: n=200, avg_genome_length=17.695 | VIRUSES: gene_rate=0.000
2022-01-01 05:47:13.173436 | GENERATION: 120 | ERRORS: best=160, median=330.0, diversity=0.16 | INDIVIDUALS: n=200, avg_genome_length=17.705 | VIRUSES: gene_rate=0.000
2022-01-01 05:47:38.599324 | GENERATION: 121 | ERRORS: best=160, median=330.0, diversity=0.135 | INDIVIDUALS: n=200, avg_genome_length=19.325 | VIRUSES: gene_rate=0.000
2022-01-01 05:47:41.607246 | GENERATION: 122 | ERRORS: best=160, median=330.0, diversity=0.14 | INDIVIDUALS: n=200, avg_genome_length=18.43 | VIRUSES: gene_rate=0.000
2022-01-01 05:47:58.708230 | GENERATION: 123 | ERRORS: best=160, median=330.0, diversity=0.15 | INDIVIDUALS: n=200, avg_genome_length=17.5 | VIRUSES: gene_rate=0.000
2022-01-01 05:48:02.198676 | GENERATION: 124 | ERRORS: best=160, median=330.0, diversity=0.165 | INDIVIDUALS: n=200, avg_genome_length=18.89 | VIRUSES: gene_rate=0.000
2022-01-01 05:48:12.556184 | GENERATION: 125 | ERRORS: best=160, median=330.0, diversity=0.16 | INDIVIDUALS: n=200, avg_genome_length=17.55 | VIRUSES: gene_rate=0.000
2022-01-01 05:48:30.610623 | GENERATION: 126 | ERRORS: best=160, median=330.0, diversity=0.15 | INDIVIDUALS: n=200, avg_genome_length=19.4 | VIRUSES: gene_rate=0.000
2022-01-01 05:48:34.045191 | GENERATION: 127 | ERRORS: best=160, median=330.0, diversity=0.14 | INDIVIDUALS: n=200, avg_genome_length=17.7 | VIRUSES: gene_rate=0.000
2022-01-01 05:48:37.306075 | GENERATION: 128 | ERRORS: best=160, median=330.0, diversity=0.2 | INDIVIDUALS: n=200, avg_genome_length=19.54 | VIRUSES: gene_rate=0.000
2022-01-01 05:48:40.972860 | GENERATION: 129 | ERRORS: best=160, median=330.0, diversity=0.185 | INDIVIDUALS: n=200, avg_genome_length=20.62 | VIRUSES: gene_rate=0.000
2022-01-01 05:48:44.679327 | GENERATION: 130 | ERRORS: best=160, median=330.0, diversity=0.155 | INDIVIDUALS: n=200, avg_genome_length=19.38 | VIRUSES: gene_rate=0.000
2022-01-01 05:48:48.653832 | GENERATION: 131 | ERRORS: best=160, median=330.0, diversity=0.17 | INDIVIDUALS: n=200, avg_genome_length=22.145 | VIRUSES: gene_rate=0.000
2022-01-01 05:48:52.653115 | GENERATION: 132 | ERRORS: best=160, median=330.0, diversity=0.155 | INDIVIDUALS: n=200, avg_genome_length=22.375 | VIRUSES: gene_rate=0.000
2022-01-01 05:48:55.809481 | GENERATION: 133 | ERRORS: best=160, median=330.0, diversity=0.145 | INDIVIDUALS: n=200, avg_genome_length=21.125 | VIRUSES: gene_rate=0.000
2022-01-01 05:48:58.764429 | GENERATION: 134 | ERRORS: best=160, median=330.0, diversity=0.125 | INDIVIDUALS: n=200, avg_genome_length=18.865 | VIRUSES: gene_rate=0.000
2022-01-01 05:49:01.931624 | GENERATION: 135 | ERRORS: best=160, median=330.0, diversity=0.155 | INDIVIDUALS: n=200, avg_genome_length=19.915 | VIRUSES: gene_rate=0.000
2022-01-01 05:49:10.027458 | GENERATION: 136 | ERRORS: best=160, median=330.0, diversity=0.165 | INDIVIDUALS: n=200, avg_genome_length=20.48 | VIRUSES: gene_rate=0.000
2022-01-01 05:49:13.191895 | GENERATION: 137 | ERRORS: best=160, median=330.0, diversity=0.14 | INDIVIDUALS: n=200, avg_genome_length=18.685 | VIRUSES: gene_rate=0.000
2022-01-01 05:49:20.213790 | GENERATION: 138 | ERRORS: best=160, median=330.0, diversity=0.18 | INDIVIDUALS: n=200, avg_genome_length=18.405 | VIRUSES: gene_rate=0.000
2022-01-01 05:49:23.365294 | GENERATION: 139 | ERRORS: best=160, median=330.0, diversity=0.225 | INDIVIDUALS: n=200, avg_genome_length=19.135 | VIRUSES: gene_rate=0.000
2022-01-01 05:49:26.519423 | GENERATION: 140 | ERRORS: best=160, median=330.0, diversity=0.185 | INDIVIDUALS: n=200, avg_genome_length=19.885 | VIRUSES: gene_rate=0.000
2022-01-01 05:49:30.465557 | GENERATION: 141 | ERRORS: best=160, median=330.0, diversity=0.185 | INDIVIDUALS: n=200, avg_genome_length=18.45 | VIRUSES: gene_rate=0.000
2022-01-01 05:49:34.717971 | GENERATION: 142 | ERRORS: best=160, median=330.0, diversity=0.225 | INDIVIDUALS: n=200, avg_genome_length=18.29 | VIRUSES: gene_rate=0.000
2022-01-01 05:49:38.584532 | GENERATION: 143 | ERRORS: best=160, median=330.0, diversity=0.16 | INDIVIDUALS: n=200, avg_genome_length=19.15 | VIRUSES: gene_rate=0.000
2022-01-01 05:49:42.549628 | GENERATION: 144 | ERRORS: best=160, median=330.0, diversity=0.22 | INDIVIDUALS: n=200, avg_genome_length=21.48 | VIRUSES: gene_rate=0.000
2022-01-01 05:50:01.457059 | GENERATION: 145 | ERRORS: best=160, median=330.0, diversity=0.225 | INDIVIDUALS: n=200, avg_genome_length=21.56 | VIRUSES: gene_rate=0.000
2022-01-01 05:50:07.086935 | GENERATION: 146 | ERRORS: best=160, median=330.0, diversity=0.19 | INDIVIDUALS: n=200, avg_genome_length=21.015 | VIRUSES: gene_rate=0.000
2022-01-01 05:50:11.010788 | GENERATION: 147 | ERRORS: best=160, median=330.0, diversity=0.255 | INDIVIDUALS: n=200, avg_genome_length=22.7 | VIRUSES: gene_rate=0.000
2022-01-01 05:50:14.983955 | GENERATION: 148 | ERRORS: best=160, median=331.0, diversity=0.245 | INDIVIDUALS: n=200, avg_genome_length=23.76 | VIRUSES: gene_rate=0.000
2022-01-01 05:50:32.066527 | GENERATION: 149 | ERRORS: best=160, median=332.0, diversity=0.22 | INDIVIDUALS: n=200, avg_genome_length=21.99 | VIRUSES: gene_rate=0.000
2022-01-01 05:50:38.344988 | GENERATION: 150 | ERRORS: best=160, median=332.0, diversity=0.29 | INDIVIDUALS: n=200, avg_genome_length=23.005 | VIRUSES: gene_rate=0.000
2022-01-01 05:50:45.586112 | GENERATION: 151 | ERRORS: best=160, median=330.0, diversity=0.215 | INDIVIDUALS: n=200, avg_genome_length=19.795 | VIRUSES: gene_rate=0.000
2022-01-01 05:50:54.536494 | GENERATION: 152 | ERRORS: best=160, median=330.0, diversity=0.22 | INDIVIDUALS: n=200, avg_genome_length=20.615 | VIRUSES: gene_rate=0.000
2022-01-01 05:50:58.349482 | GENERATION: 153 | ERRORS: best=160, median=340.0, diversity=0.235 | INDIVIDUALS: n=200, avg_genome_length=19.325 | VIRUSES: gene_rate=0.000
2022-01-01 05:51:07.584425 | GENERATION: 154 | ERRORS: best=160, median=330.0, diversity=0.19 | INDIVIDUALS: n=200, avg_genome_length=19.25 | VIRUSES: gene_rate=0.000
2022-01-01 05:51:11.223578 | GENERATION: 155 | ERRORS: best=160, median=332.0, diversity=0.25 | INDIVIDUALS: n=200, avg_genome_length=16.945 | VIRUSES: gene_rate=0.000
2022-01-01 05:51:15.032987 | GENERATION: 156 | ERRORS: best=160, median=330.0, diversity=0.195 | INDIVIDUALS: n=200, avg_genome_length=18.49 | VIRUSES: gene_rate=0.000
2022-01-01 05:51:18.457777 | GENERATION: 157 | ERRORS: best=160, median=332.0, diversity=0.205 | INDIVIDUALS: n=200, avg_genome_length=19.955 | VIRUSES: gene_rate=0.000
2022-01-01 05:51:21.689567 | GENERATION: 158 | ERRORS: best=160, median=330.0, diversity=0.235 | INDIVIDUALS: n=200, avg_genome_length=22.665 | VIRUSES: gene_rate=0.000
2022-01-01 05:51:25.420332 | GENERATION: 159 | ERRORS: best=160, median=330.0, diversity=0.215 | INDIVIDUALS: n=200, avg_genome_length=20.37 | VIRUSES: gene_rate=0.000
2022-01-01 05:51:28.871214 | GENERATION: 160 | ERRORS: best=160, median=330.0, diversity=0.225 | INDIVIDUALS: n=200, avg_genome_length=21.24 | VIRUSES: gene_rate=0.000
2022-01-01 05:51:32.534411 | GENERATION: 161 | ERRORS: best=160, median=330.0, diversity=0.205 | INDIVIDUALS: n=200, avg_genome_length=21.255 | VIRUSES: gene_rate=0.000
2022-01-01 05:51:35.891321 | GENERATION: 162 | ERRORS: best=160, median=330.0, diversity=0.22 | INDIVIDUALS: n=200, avg_genome_length=22.085 | VIRUSES: gene_rate=0.000
2022-01-01 05:51:42.454888 | GENERATION: 163 | ERRORS: best=160, median=330.0, diversity=0.19 | INDIVIDUALS: n=200, avg_genome_length=19.36 | VIRUSES: gene_rate=0.000
2022-01-01 05:52:07.808130 | GENERATION: 164 | ERRORS: best=160, median=330.0, diversity=0.165 | INDIVIDUALS: n=200, avg_genome_length=19.775 | VIRUSES: gene_rate=0.000
2022-01-01 05:52:11.239288 | GENERATION: 165 | ERRORS: best=160, median=330.0, diversity=0.195 | INDIVIDUALS: n=200, avg_genome_length=20.005 | VIRUSES: gene_rate=0.000
2022-01-01 05:52:14.239604 | GENERATION: 166 | ERRORS: best=160, median=330.0, diversity=0.21 | INDIVIDUALS: n=200, avg_genome_length=19.58 | VIRUSES: gene_rate=0.000
2022-01-01 05:52:18.639810 | GENERATION: 167 | ERRORS: best=160, median=330.0, diversity=0.225 | INDIVIDUALS: n=200, avg_genome_length=20.08 | VIRUSES: gene_rate=0.000
2022-01-01 05:52:23.612048 | GENERATION: 168 | ERRORS: best=160, median=330.0, diversity=0.215 | INDIVIDUALS: n=200, avg_genome_length=19.3 | VIRUSES: gene_rate=0.000
2022-01-01 05:52:27.626630 | GENERATION: 169 | ERRORS: best=160, median=330.0, diversity=0.22 | INDIVIDUALS: n=200, avg_genome_length=19.195 | VIRUSES: gene_rate=0.000
2022-01-01 05:52:31.428525 | GENERATION: 170 | ERRORS: best=160, median=330.0, diversity=0.17 | INDIVIDUALS: n=200, avg_genome_length=18.605 | VIRUSES: gene_rate=0.000
2022-01-01 05:52:34.135270 | GENERATION: 171 | ERRORS: best=160, median=330.0, diversity=0.17 | INDIVIDUALS: n=200, avg_genome_length=19.655 | VIRUSES: gene_rate=0.000
2022-01-01 05:52:38.644101 | GENERATION: 172 | ERRORS: best=160, median=330.0, diversity=0.255 | INDIVIDUALS: n=200, avg_genome_length=18.42 | VIRUSES: gene_rate=0.000
2022-01-01 05:52:43.109490 | GENERATION: 173 | ERRORS: best=160, median=330.0, diversity=0.195 | INDIVIDUALS: n=200, avg_genome_length=17.505 | VIRUSES: gene_rate=0.000
2022-01-01 05:52:48.970468 | GENERATION: 174 | ERRORS: best=160, median=330.0, diversity=0.19 | INDIVIDUALS: n=200, avg_genome_length=17.715 | VIRUSES: gene_rate=0.000
2022-01-01 05:52:52.398908 | GENERATION: 175 | ERRORS: best=160, median=330.0, diversity=0.195 | INDIVIDUALS: n=200, avg_genome_length=17.42 | VIRUSES: gene_rate=0.000
2022-01-01 05:52:55.927938 | GENERATION: 176 | ERRORS: best=160, median=330.0, diversity=0.135 | INDIVIDUALS: n=200, avg_genome_length=16.65 | VIRUSES: gene_rate=0.000
2022-01-01 05:52:58.799724 | GENERATION: 177 | ERRORS: best=160, median=330.0, diversity=0.13 | INDIVIDUALS: n=200, avg_genome_length=16.17 | VIRUSES: gene_rate=0.000
2022-01-01 05:53:02.622582 | GENERATION: 178 | ERRORS: best=160, median=330.0, diversity=0.14 | INDIVIDUALS: n=200, avg_genome_length=15.315 | VIRUSES: gene_rate=0.000
2022-01-01 05:53:06.142516 | GENERATION: 179 | ERRORS: best=160, median=330.0, diversity=0.165 | INDIVIDUALS: n=200, avg_genome_length=15.82 | VIRUSES: gene_rate=0.000
2022-01-01 05:53:14.732482 | GENERATION: 180 | ERRORS: best=160, median=330.0, diversity=0.17 | INDIVIDUALS: n=200, avg_genome_length=16.055 | VIRUSES: gene_rate=0.000
2022-01-01 05:53:19.325556 | GENERATION: 181 | ERRORS: best=160, median=330.0, diversity=0.115 | INDIVIDUALS: n=200, avg_genome_length=15.32 | VIRUSES: gene_rate=0.000
2022-01-01 05:53:22.726862 | GENERATION: 182 | ERRORS: best=160, median=330.0, diversity=0.165 | INDIVIDUALS: n=200, avg_genome_length=14.885 | VIRUSES: gene_rate=0.000
2022-01-01 05:53:26.122022 | GENERATION: 183 | ERRORS: best=160, median=330.0, diversity=0.12 | INDIVIDUALS: n=200, avg_genome_length=14.815 | VIRUSES: gene_rate=0.000
2022-01-01 05:53:29.392191 | GENERATION: 184 | ERRORS: best=160, median=330.0, diversity=0.135 | INDIVIDUALS: n=200, avg_genome_length=14.31 | VIRUSES: gene_rate=0.000
2022-01-01 05:53:33.217238 | GENERATION: 185 | ERRORS: best=160, median=330.0, diversity=0.2 | INDIVIDUALS: n=200, avg_genome_length=15.315 | VIRUSES: gene_rate=0.000
2022-01-01 05:53:36.356773 | GENERATION: 186 | ERRORS: best=160, median=330.0, diversity=0.13 | INDIVIDUALS: n=200, avg_genome_length=15.955 | VIRUSES: gene_rate=0.000
2022-01-01 05:53:39.963768 | GENERATION: 187 | ERRORS: best=160, median=330.0, diversity=0.185 | INDIVIDUALS: n=200, avg_genome_length=14.44 | VIRUSES: gene_rate=0.000
2022-01-01 05:54:03.090400 | GENERATION: 188 | ERRORS: best=160, median=330.0, diversity=0.14 | INDIVIDUALS: n=200, avg_genome_length=14.535 | VIRUSES: gene_rate=0.000
2022-01-01 05:54:06.657983 | GENERATION: 189 | ERRORS: best=160, median=330.0, diversity=0.17 | INDIVIDUALS: n=200, avg_genome_length=14.91 | VIRUSES: gene_rate=0.000
2022-01-01 05:54:10.468828 | GENERATION: 190 | ERRORS: best=160, median=330.0, diversity=0.13 | INDIVIDUALS: n=200, avg_genome_length=16.06 | VIRUSES: gene_rate=0.000
2022-01-01 05:54:29.988511 | GENERATION: 191 | ERRORS: best=160, median=330.0, diversity=0.16 | INDIVIDUALS: n=200, avg_genome_length=15.115 | VIRUSES: gene_rate=0.000
2022-01-01 05:54:34.320950 | GENERATION: 192 | ERRORS: best=160, median=330.0, diversity=0.16 | INDIVIDUALS: n=200, avg_genome_length=15.045 | VIRUSES: gene_rate=0.000
2022-01-01 05:54:37.612887 | GENERATION: 193 | ERRORS: best=160, median=330.0, diversity=0.155 | INDIVIDUALS: n=200, avg_genome_length=15.815 | VIRUSES: gene_rate=0.000
2022-01-01 05:54:41.026599 | GENERATION: 194 | ERRORS: best=160, median=330.0, diversity=0.17 | INDIVIDUALS: n=200, avg_genome_length=15.025 | VIRUSES: gene_rate=0.000
2022-01-01 05:54:44.420761 | GENERATION: 195 | ERRORS: best=160, median=330.0, diversity=0.155 | INDIVIDUALS: n=200, avg_genome_length=15.145 | VIRUSES: gene_rate=0.000
2022-01-01 05:54:48.375672 | GENERATION: 196 | ERRORS: best=160, median=330.0, diversity=0.135 | INDIVIDUALS: n=200, avg_genome_length=16.075 | VIRUSES: gene_rate=0.000
2022-01-01 05:54:52.333125 | GENERATION: 197 | ERRORS: best=160, median=330.0, diversity=0.185 | INDIVIDUALS: n=200, avg_genome_length=15.485 | VIRUSES: gene_rate=0.000
2022-01-01 05:54:56.211635 | GENERATION: 198 | ERRORS: best=160, median=330.0, diversity=0.14 | INDIVIDUALS: n=200, avg_genome_length=15.185 | VIRUSES: gene_rate=0.000
2022-01-01 05:54:59.536993 | GENERATION: 199 | ERRORS: best=160, median=330.0, diversity=0.15 | INDIVIDUALS: n=200, avg_genome_length=15.62 | VIRUSES: gene_rate=0.000
2022-01-01 05:55:05.947134 | GENERATION: 200 | ERRORS: best=160, median=330.0, diversity=0.155 | INDIVIDUALS: n=200, avg_genome_length=15.76 | VIRUSES: gene_rate=0.000
2022-01-01 05:55:11.779169 | GENERATION: 201 | ERRORS: best=160, median=330.0, diversity=0.135 | INDIVIDUALS: n=200, avg_genome_length=17.115 | VIRUSES: gene_rate=0.000
2022-01-01 05:55:16.331936 | GENERATION: 202 | ERRORS: best=160, median=330.0, diversity=0.16 | INDIVIDUALS: n=200, avg_genome_length=16.765 | VIRUSES: gene_rate=0.000
2022-01-01 05:55:19.216324 | GENERATION: 203 | ERRORS: best=160, median=330.0, diversity=0.15 | INDIVIDUALS: n=200, avg_genome_length=16.32 | VIRUSES: gene_rate=0.000
2022-01-01 05:55:22.742177 | GENERATION: 204 | ERRORS: best=160, median=330.0, diversity=0.145 | INDIVIDUALS: n=200, avg_genome_length=16.28 | VIRUSES: gene_rate=0.000
2022-01-01 05:55:26.161337 | GENERATION: 205 | ERRORS: best=160, median=330.0, diversity=0.155 | INDIVIDUALS: n=200, avg_genome_length=16.11 | VIRUSES: gene_rate=0.000
2022-01-01 05:55:30.038582 | GENERATION: 206 | ERRORS: best=160, median=330.0, diversity=0.145 | INDIVIDUALS: n=200, avg_genome_length=16.025 | VIRUSES: gene_rate=0.000
2022-01-01 05:55:33.903851 | GENERATION: 207 | ERRORS: best=160, median=330.0, diversity=0.15 | INDIVIDUALS: n=200, avg_genome_length=15.475 | VIRUSES: gene_rate=0.000
2022-01-01 05:55:37.857918 | GENERATION: 208 | ERRORS: best=160, median=330.0, diversity=0.165 | INDIVIDUALS: n=200, avg_genome_length=15.035 | VIRUSES: gene_rate=0.000
2022-01-01 05:55:42.433576 | GENERATION: 209 | ERRORS: best=160, median=330.0, diversity=0.13 | INDIVIDUALS: n=200, avg_genome_length=15.205 | VIRUSES: gene_rate=0.000
2022-01-01 05:55:46.177196 | GENERATION: 210 | ERRORS: best=160, median=330.0, diversity=0.18 | INDIVIDUALS: n=200, avg_genome_length=14.615 | VIRUSES: gene_rate=0.000
2022-01-01 05:55:58.255342 | GENERATION: 211 | ERRORS: best=160, median=330.0, diversity=0.135 | INDIVIDUALS: n=200, avg_genome_length=13.285 | VIRUSES: gene_rate=0.000
2022-01-01 05:56:01.921636 | GENERATION: 212 | ERRORS: best=160, median=330.0, diversity=0.19 | INDIVIDUALS: n=200, avg_genome_length=13.345 | VIRUSES: gene_rate=0.000
2022-01-01 05:56:05.372090 | GENERATION: 213 | ERRORS: best=160, median=330.0, diversity=0.165 | INDIVIDUALS: n=200, avg_genome_length=13.48 | VIRUSES: gene_rate=0.000
2022-01-01 05:56:08.494711 | GENERATION: 214 | ERRORS: best=160, median=330.0, diversity=0.14 | INDIVIDUALS: n=200, avg_genome_length=13.475 | VIRUSES: gene_rate=0.000
2022-01-01 05:56:11.867830 | GENERATION: 215 | ERRORS: best=160, median=330.0, diversity=0.145 | INDIVIDUALS: n=200, avg_genome_length=12.71 | VIRUSES: gene_rate=0.000
2022-01-01 05:56:15.116692 | GENERATION: 216 | ERRORS: best=160, median=330.0, diversity=0.105 | INDIVIDUALS: n=200, avg_genome_length=12.25 | VIRUSES: gene_rate=0.000
2022-01-01 05:56:18.668910 | GENERATION: 217 | ERRORS: best=160, median=330.0, diversity=0.125 | INDIVIDUALS: n=200, avg_genome_length=12.115 | VIRUSES: gene_rate=0.000
2022-01-01 05:56:22.017525 | GENERATION: 218 | ERRORS: best=160, median=330.0, diversity=0.135 | INDIVIDUALS: n=200, avg_genome_length=13.075 | VIRUSES: gene_rate=0.000
2022-01-01 05:56:25.673699 | GENERATION: 219 | ERRORS: best=160, median=330.0, diversity=0.1 | INDIVIDUALS: n=200, avg_genome_length=13.06 | VIRUSES: gene_rate=0.000
2022-01-01 05:56:28.888965 | GENERATION: 220 | ERRORS: best=160, median=330.0, diversity=0.1 | INDIVIDUALS: n=200, avg_genome_length=12.4 | VIRUSES: gene_rate=0.000
2022-01-01 05:56:32.348703 | GENERATION: 221 | ERRORS: best=160, median=330.0, diversity=0.14 | INDIVIDUALS: n=200, avg_genome_length=14.17 | VIRUSES: gene_rate=0.000
2022-01-01 05:56:36.087861 | GENERATION: 222 | ERRORS: best=160, median=330.0, diversity=0.135 | INDIVIDUALS: n=200, avg_genome_length=13.395 | VIRUSES: gene_rate=0.000
2022-01-01 05:56:38.906014 | GENERATION: 223 | ERRORS: best=160, median=330.0, diversity=0.115 | INDIVIDUALS: n=200, avg_genome_length=13.125 | VIRUSES: gene_rate=0.000
2022-01-01 05:56:42.468625 | GENERATION: 224 | ERRORS: best=160, median=330.0, diversity=0.145 | INDIVIDUALS: n=200, avg_genome_length=14.13 | VIRUSES: gene_rate=0.000
2022-01-01 05:56:45.022005 | GENERATION: 225 | ERRORS: best=160, median=330.0, diversity=0.115 | INDIVIDUALS: n=200, avg_genome_length=13.545 | VIRUSES: gene_rate=0.000
2022-01-01 05:57:01.039589 | GENERATION: 226 | ERRORS: best=160, median=330.0, diversity=0.125 | INDIVIDUALS: n=200, avg_genome_length=13.51 | VIRUSES: gene_rate=0.000
2022-01-01 05:57:04.500698 | GENERATION: 227 | ERRORS: best=160, median=330.0, diversity=0.12 | INDIVIDUALS: n=200, avg_genome_length=12.825 | VIRUSES: gene_rate=0.000
2022-01-01 05:57:29.622835 | GENERATION: 228 | ERRORS: best=160, median=330.0, diversity=0.155 | INDIVIDUALS: n=200, avg_genome_length=12.12 | VIRUSES: gene_rate=0.000
2022-01-01 05:57:32.517942 | GENERATION: 229 | ERRORS: best=160, median=330.0, diversity=0.155 | INDIVIDUALS: n=200, avg_genome_length=12.81 | VIRUSES: gene_rate=0.000
2022-01-01 05:57:35.576230 | GENERATION: 230 | ERRORS: best=160, median=330.0, diversity=0.14 | INDIVIDUALS: n=200, avg_genome_length=12.3 | VIRUSES: gene_rate=0.000
2022-01-01 05:57:39.504296 | GENERATION: 231 | ERRORS: best=160, median=330.0, diversity=0.13 | INDIVIDUALS: n=200, avg_genome_length=11.22 | VIRUSES: gene_rate=0.000
2022-01-01 05:57:42.228988 | GENERATION: 232 | ERRORS: best=160, median=330.0, diversity=0.115 | INDIVIDUALS: n=200, avg_genome_length=10.91 | VIRUSES: gene_rate=0.000
2022-01-01 05:57:44.281056 | GENERATION: 233 | ERRORS: best=160, median=330.0, diversity=0.09 | INDIVIDUALS: n=200, avg_genome_length=10.185 | VIRUSES: gene_rate=0.000
2022-01-01 05:57:46.879661 | GENERATION: 234 | ERRORS: best=160, median=330.0, diversity=0.12 | INDIVIDUALS: n=200, avg_genome_length=10.415 | VIRUSES: gene_rate=0.000
2022-01-01 05:57:49.375574 | GENERATION: 235 | ERRORS: best=160, median=330.0, diversity=0.1 | INDIVIDUALS: n=200, avg_genome_length=10.425 | VIRUSES: gene_rate=0.000
2022-01-01 05:57:52.382415 | GENERATION: 236 | ERRORS: best=160, median=330.0, diversity=0.12 | INDIVIDUALS: n=200, avg_genome_length=10.79 | VIRUSES: gene_rate=0.000
2022-01-01 05:57:55.410531 | GENERATION: 237 | ERRORS: best=160, median=330.0, diversity=0.115 | INDIVIDUALS: n=200, avg_genome_length=11.055 | VIRUSES: gene_rate=0.000
2022-01-01 05:57:58.371714 | GENERATION: 238 | ERRORS: best=160, median=330.0, diversity=0.115 | INDIVIDUALS: n=200, avg_genome_length=10.79 | VIRUSES: gene_rate=0.000
2022-01-01 05:58:00.943291 | GENERATION: 239 | ERRORS: best=160, median=330.0, diversity=0.145 | INDIVIDUALS: n=200, avg_genome_length=11.3 | VIRUSES: gene_rate=0.000
2022-01-01 05:58:04.063621 | GENERATION: 240 | ERRORS: best=160, median=330.0, diversity=0.145 | INDIVIDUALS: n=200, avg_genome_length=12.245 | VIRUSES: gene_rate=0.000
2022-01-01 05:58:06.288287 | GENERATION: 241 | ERRORS: best=160, median=330.0, diversity=0.12 | INDIVIDUALS: n=200, avg_genome_length=12.565 | VIRUSES: gene_rate=0.000
2022-01-01 05:58:08.159849 | GENERATION: 242 | ERRORS: best=160, median=330.0, diversity=0.1 | INDIVIDUALS: n=200, avg_genome_length=12.605 | VIRUSES: gene_rate=0.000
2022-01-01 05:58:10.240990 | GENERATION: 243 | ERRORS: best=160, median=330.0, diversity=0.11 | INDIVIDUALS: n=200, avg_genome_length=12.81 | VIRUSES: gene_rate=0.000
2022-01-01 05:58:12.785898 | GENERATION: 244 | ERRORS: best=160, median=330.0, diversity=0.13 | INDIVIDUALS: n=200, avg_genome_length=12.755 | VIRUSES: gene_rate=0.000
2022-01-01 05:58:16.219909 | GENERATION: 245 | ERRORS: best=160, median=330.0, diversity=0.12 | INDIVIDUALS: n=200, avg_genome_length=17.04 | VIRUSES: gene_rate=0.000
2022-01-01 05:58:19.842147 | GENERATION: 246 | ERRORS: best=160, median=330.0, diversity=0.14 | INDIVIDUALS: n=200, avg_genome_length=18.62 | VIRUSES: gene_rate=0.000
2022-01-01 05:58:23.035045 | GENERATION: 247 | ERRORS: best=160, median=330.0, diversity=0.175 | INDIVIDUALS: n=200, avg_genome_length=18.21 | VIRUSES: gene_rate=0.000
2022-01-01 05:58:31.185880 | GENERATION: 248 | ERRORS: best=160, median=330.0, diversity=0.135 | INDIVIDUALS: n=200, avg_genome_length=17.33 | VIRUSES: gene_rate=0.000
2022-01-01 05:58:33.998494 | GENERATION: 249 | ERRORS: best=160, median=330.0, diversity=0.115 | INDIVIDUALS: n=200, avg_genome_length=16.57 | VIRUSES: gene_rate=0.000
2022-01-01 05:58:37.246159 | GENERATION: 250 | ERRORS: best=160, median=330.0, diversity=0.125 | INDIVIDUALS: n=200, avg_genome_length=16.865 | VIRUSES: gene_rate=0.000
2022-01-01 05:58:40.604254 | GENERATION: 251 | ERRORS: best=160, median=330.0, diversity=0.115 | INDIVIDUALS: n=200, avg_genome_length=15.215 | VIRUSES: gene_rate=0.000
2022-01-01 05:58:43.270078 | GENERATION: 252 | ERRORS: best=160, median=330.0, diversity=0.085 | INDIVIDUALS: n=200, avg_genome_length=14.575 | VIRUSES: gene_rate=0.000
2022-01-01 05:58:46.584738 | GENERATION: 253 | ERRORS: best=160, median=330.0, diversity=0.14 | INDIVIDUALS: n=200, avg_genome_length=13.825 | VIRUSES: gene_rate=0.000
2022-01-01 05:58:49.504705 | GENERATION: 254 | ERRORS: best=160, median=330.0, diversity=0.15 | INDIVIDUALS: n=200, avg_genome_length=13.345 | VIRUSES: gene_rate=0.000
2022-01-01 05:58:53.062114 | GENERATION: 255 | ERRORS: best=160, median=330.0, diversity=0.12 | INDIVIDUALS: n=200, avg_genome_length=13.255 | VIRUSES: gene_rate=0.000
2022-01-01 05:58:56.987405 | GENERATION: 256 | ERRORS: best=160, median=330.0, diversity=0.13 | INDIVIDUALS: n=200, avg_genome_length=13.865 | VIRUSES: gene_rate=0.000
2022-01-01 05:59:00.086822 | GENERATION: 257 | ERRORS: best=160, median=330.0, diversity=0.2 | INDIVIDUALS: n=200, avg_genome_length=14.54 | VIRUSES: gene_rate=0.000
2022-01-01 05:59:03.574699 | GENERATION: 258 | ERRORS: best=160, median=330.0, diversity=0.14 | INDIVIDUALS: n=200, avg_genome_length=14.745 | VIRUSES: gene_rate=0.000
2022-01-01 05:59:06.757005 | GENERATION: 259 | ERRORS: best=160, median=330.0, diversity=0.155 | INDIVIDUALS: n=200, avg_genome_length=13.87 | VIRUSES: gene_rate=0.000
2022-01-01 05:59:09.889490 | GENERATION: 260 | ERRORS: best=160, median=330.0, diversity=0.145 | INDIVIDUALS: n=200, avg_genome_length=13.485 | VIRUSES: gene_rate=0.000
2022-01-01 05:59:13.026742 | GENERATION: 261 | ERRORS: best=160, median=330.0, diversity=0.13 | INDIVIDUALS: n=200, avg_genome_length=13.795 | VIRUSES: gene_rate=0.000
2022-01-01 05:59:15.626536 | GENERATION: 262 | ERRORS: best=160, median=330.0, diversity=0.115 | INDIVIDUALS: n=200, avg_genome_length=13.855 | VIRUSES: gene_rate=0.000
2022-01-01 05:59:18.618349 | GENERATION: 263 | ERRORS: best=160, median=330.0, diversity=0.125 | INDIVIDUALS: n=200, avg_genome_length=14.25 | VIRUSES: gene_rate=0.000
2022-01-01 05:59:21.474864 | GENERATION: 264 | ERRORS: best=160, median=330.0, diversity=0.135 | INDIVIDUALS: n=200, avg_genome_length=14.275 | VIRUSES: gene_rate=0.000
2022-01-01 05:59:24.502191 | GENERATION: 265 | ERRORS: best=160, median=330.0, diversity=0.125 | INDIVIDUALS: n=200, avg_genome_length=14.38 | VIRUSES: gene_rate=0.000
2022-01-01 05:59:27.223418 | GENERATION: 266 | ERRORS: best=160, median=330.0, diversity=0.12 | INDIVIDUALS: n=200, avg_genome_length=13.96 | VIRUSES: gene_rate=0.000
2022-01-01 05:59:30.945031 | GENERATION: 267 | ERRORS: best=160, median=330.0, diversity=0.16 | INDIVIDUALS: n=200, avg_genome_length=14.0 | VIRUSES: gene_rate=0.000
2022-01-01 05:59:34.617053 | GENERATION: 268 | ERRORS: best=160, median=330.0, diversity=0.135 | INDIVIDUALS: n=200, avg_genome_length=13.695 | VIRUSES: gene_rate=0.000
2022-01-01 05:59:37.837732 | GENERATION: 269 | ERRORS: best=160, median=330.0, diversity=0.14 | INDIVIDUALS: n=200, avg_genome_length=13.14 | VIRUSES: gene_rate=0.000
2022-01-01 05:59:41.371188 | GENERATION: 270 | ERRORS: best=160, median=330.0, diversity=0.16 | INDIVIDUALS: n=200, avg_genome_length=13.79 | VIRUSES: gene_rate=0.000
2022-01-01 06:00:07.568771 | GENERATION: 271 | ERRORS: best=160, median=330.0, diversity=0.125 | INDIVIDUALS: n=200, avg_genome_length=14.33 | VIRUSES: gene_rate=0.000
2022-01-01 06:00:10.900678 | GENERATION: 272 | ERRORS: best=160, median=330.0, diversity=0.145 | INDIVIDUALS: n=200, avg_genome_length=16.195 | VIRUSES: gene_rate=0.000
2022-01-01 06:00:14.230342 | GENERATION: 273 | ERRORS: best=160, median=330.0, diversity=0.14 | INDIVIDUALS: n=200, avg_genome_length=16.52 | VIRUSES: gene_rate=0.000
2022-01-01 06:00:17.099867 | GENERATION: 274 | ERRORS: best=160, median=330.0, diversity=0.11 | INDIVIDUALS: n=200, avg_genome_length=16.3 | VIRUSES: gene_rate=0.000
2022-01-01 06:00:19.978288 | GENERATION: 275 | ERRORS: best=160, median=330.0, diversity=0.12 | INDIVIDUALS: n=200, avg_genome_length=17.745 | VIRUSES: gene_rate=0.000
2022-01-01 06:00:22.429374 | GENERATION: 276 | ERRORS: best=156, median=330.0, diversity=0.125 | INDIVIDUALS: n=200, avg_genome_length=18.545 | VIRUSES: gene_rate=0.000
2022-01-01 06:00:25.468473 | GENERATION: 277 | ERRORS: best=160, median=330.0, diversity=0.195 | INDIVIDUALS: n=200, avg_genome_length=18.805 | VIRUSES: gene_rate=0.000
2022-01-01 06:00:34.811020 | GENERATION: 278 | ERRORS: best=160, median=330.0, diversity=0.22 | INDIVIDUALS: n=200, avg_genome_length=19.245 | VIRUSES: gene_rate=0.000
2022-01-01 06:00:38.622965 | GENERATION: 279 | ERRORS: best=160, median=330.0, diversity=0.235 | INDIVIDUALS: n=200, avg_genome_length=19.865 | VIRUSES: gene_rate=0.000
2022-01-01 06:00:41.584505 | GENERATION: 280 | ERRORS: best=160, median=330.0, diversity=0.23 | INDIVIDUALS: n=200, avg_genome_length=20.645 | VIRUSES: gene_rate=0.000
2022-01-01 06:00:44.892402 | GENERATION: 281 | ERRORS: best=160, median=330.0, diversity=0.23 | INDIVIDUALS: n=200, avg_genome_length=21.17 | VIRUSES: gene_rate=0.000
2022-01-01 06:00:48.242231 | GENERATION: 282 | ERRORS: best=160, median=330.0, diversity=0.18 | INDIVIDUALS: n=200, avg_genome_length=21.015 | VIRUSES: gene_rate=0.000
2022-01-01 06:00:51.871686 | GENERATION: 283 | ERRORS: best=160, median=330.0, diversity=0.19 | INDIVIDUALS: n=200, avg_genome_length=20.95 | VIRUSES: gene_rate=0.000
2022-01-01 06:00:55.035945 | GENERATION: 284 | ERRORS: best=160, median=330.0, diversity=0.195 | INDIVIDUALS: n=200, avg_genome_length=21.025 | VIRUSES: gene_rate=0.000
2022-01-01 06:01:05.757207 | GENERATION: 285 | ERRORS: best=160, median=330.0, diversity=0.265 | INDIVIDUALS: n=200, avg_genome_length=22.51 | VIRUSES: gene_rate=0.000
2022-01-01 06:01:08.794637 | GENERATION: 286 | ERRORS: best=160, median=330.0, diversity=0.235 | INDIVIDUALS: n=200, avg_genome_length=22.645 | VIRUSES: gene_rate=0.000
2022-01-01 06:01:12.205448 | GENERATION: 287 | ERRORS: best=160, median=330.0, diversity=0.225 | INDIVIDUALS: n=200, avg_genome_length=22.92 | VIRUSES: gene_rate=0.000
2022-01-01 06:01:16.302265 | GENERATION: 288 | ERRORS: best=160, median=330.0, diversity=0.215 | INDIVIDUALS: n=200, avg_genome_length=23.4 | VIRUSES: gene_rate=0.000
2022-01-01 06:01:19.781798 | GENERATION: 289 | ERRORS: best=160, median=330.0, diversity=0.24 | INDIVIDUALS: n=200, avg_genome_length=24.13 | VIRUSES: gene_rate=0.000
2022-01-01 06:01:24.204415 | GENERATION: 290 | ERRORS: best=160, median=330.0, diversity=0.17 | INDIVIDUALS: n=200, avg_genome_length=24.895 | VIRUSES: gene_rate=0.000
2022-01-01 06:01:27.598673 | GENERATION: 291 | ERRORS: best=160, median=330.0, diversity=0.225 | INDIVIDUALS: n=200, avg_genome_length=23.54 | VIRUSES: gene_rate=0.000
2022-01-01 06:01:31.922461 | GENERATION: 292 | ERRORS: best=160, median=330.0, diversity=0.175 | INDIVIDUALS: n=200, avg_genome_length=23.04 | VIRUSES: gene_rate=0.000
2022-01-01 06:01:37.703439 | GENERATION: 293 | ERRORS: best=160, median=330.0, diversity=0.175 | INDIVIDUALS: n=200, avg_genome_length=21.57 | VIRUSES: gene_rate=0.000
2022-01-01 06:01:41.660297 | GENERATION: 294 | ERRORS: best=160, median=330.0, diversity=0.195 | INDIVIDUALS: n=200, avg_genome_length=23.7 | VIRUSES: gene_rate=0.000
2022-01-01 06:01:45.160763 | GENERATION: 295 | ERRORS: best=160, median=330.0, diversity=0.165 | INDIVIDUALS: n=200, avg_genome_length=22.965 | VIRUSES: gene_rate=0.000
2022-01-01 06:01:48.868774 | GENERATION: 296 | ERRORS: best=160, median=330.0, diversity=0.205 | INDIVIDUALS: n=200, avg_genome_length=22.78 | VIRUSES: gene_rate=0.000
2022-01-01 06:01:53.408298 | GENERATION: 297 | ERRORS: best=160, median=330.0, diversity=0.225 | INDIVIDUALS: n=200, avg_genome_length=21.43 | VIRUSES: gene_rate=0.000
2022-01-01 06:01:57.025852 | GENERATION: 298 | ERRORS: best=160, median=330.0, diversity=0.195 | INDIVIDUALS: n=200, avg_genome_length=20.885 | VIRUSES: gene_rate=0.000
2022-01-01 06:02:00.681215 | GENERATION: 299 | ERRORS: best=160, median=330.0, diversity=0.175 | INDIVIDUALS: n=200, avg_genome_length=19.9 | VIRUSES: gene_rate=0.000
2022-01-01 06:02:04.243095 | GENERATION: 300 | ERRORS: best=160, median=330.0, diversity=0.165 | INDIVIDUALS: n=200, avg_genome_length=22.84 | VIRUSES: gene_rate=0.000
Simplifying genome of length 19 with total error 156.
Simplified genome by 1 to length 18.
Simplified genome by 1 to length 17.
Simplified genome by 1 to length 16.
Simplified genome by 1 to length 15.
Simplified genome by 1 to length 14.
Simplified genome by 1 to length 13.
Simplified genome by 1 to length 12.
Simplified genome to length 12 and total error 156.
========================================
End Run
========================================
No solution found.
Best Seen Individual
	Genome:
	 pvector([Literal(value='small', push_type=<pyshgp.push.types.PushStrType object at 0x7fd9661d3f40>), Input(input_index=0), InstructionMeta(name='str_length', code_blocks=0), InstructionMeta(name='str_head', code_blocks=0), Input(input_index=0), InstructionMeta(name='str_length', code_blocks=0), Literal(value=2000, push_type=<pyshgp.push.types.PushIntType object at 0x7fd9661d3880>), InstructionMeta(name='int_gte', code_blocks=0), InstructionMeta(name='exec_while', code_blocks=1), Literal(value='large', push_type=<pyshgp.push.types.PushStrType object at 0x7fd9661d3400>), Closer(), InstructionMeta(name='print_str', code_blocks=0)])
	Program:
	 ("small" input_0 str_length str_head input_0 str_length 2000 int_gte exec_while ("large") print_str)
	Error vector:
	 [5 5 4 3 2 1 0 1 2 3 4 0 0 1 2 3 4 0 0 0 0 0 0 0 0 4 0 1 0 3 3 1 0 0 0 0 0
 0 0 0 0 3 0 3 0 5 3 1 0 2 1 0 1 3 5 1 5 0 3 2 2 2 3 0 0 0 5 4 4 3 2 0 0 3
 0 4 2 0 3 0 2 0 1 0 3 1 2 2 5 4 0 0 1 3 0 1 0 4 0 0]
	Total error:
	 156
	Test error:
	 1620
	Time:
	 00:28:49
