========================================
Setup
========================================
Search Configuration:
signature: ProgramSignature(push_config=PushConfig(numeric_magnitude_limit=1000000000000.0, collection_size_cap=10000, step_limit=300, runtime_limit=10, growth_cap=500), output_stacks=['stdout'], arity=1)
evaluator: <pyshgp.gp.evaluation.DatasetEvaluator object at 0x7fe5f66c9ee0>
spawner: <pyshgp.gp.genome.GeneSpawner object at 0x7fe5f66c9bb0>
population_size: 200
max_generations: 300
error_threshold: 0.0
initial_genome_size: (20, 100)
simplification_steps: 500
parallel_context: <pyshgp.gp.search.ParallelContext object at 0x7fe5f66c9f70>
selection: <pyshgp.utils.DiscreteProbDistrib object at 0x7fe5f65cb080>
variation: <pyshgp.utils.DiscreteProbDistrib object at 0x7fe5f65e2480>
Instructions:
int_add, int_sub, int_mult, int_div, int_mod, int_min, int_max, int_inc, int_dec, int_lt, int_lte, int_gt, int_gte, int_from_bool, str_concat, str_insert_str, str_from_first_char, str_from_last_char, str_from_nth_char, str_contains_str, str_index_of_str, str_split_on_str, str_replace_first_str, str_replace_n_str, str_replace_all_str, str_remove_first_str, str_remove_n_str, str_remove_all_str, str_occurrences_of_str, str_reverse, str_head, str_tail, str_rest, str_but_last, str_drop, str_but_last_n, str_length, str_make_empty, str_is_empty_string, str_remove_nth, str_strip_whitespace, str_from_bool, str_from_int, bool_and, bool_or, bool_not, bool_xor, bool_invert_first_then_and, bool_second_first_then_and, bool_from_int, noop, noop_open, exec_do_range, exec_do_count, exec_while, exec_do_while, exec_if, exec_when, print_bool, println_bool, print_int, println_int, print_str, println_str, print_exec, println_exec, bool_pop, bool_dup, bool_dup_times, bool_swap, bool_rot, bool_flush, bool_eq, bool_stack_depth, bool_yank, bool_yank_dup, bool_shove, bool_shove_dup, bool_is_empty, int_pop, int_dup, int_dup_times, int_swap, int_rot, int_flush, int_eq, int_stack_depth, int_yank, int_yank_dup, int_shove, int_shove_dup, int_is_empty, str_pop, str_dup, str_dup_times, str_swap, str_rot, str_flush, str_eq, str_stack_depth, str_yank, str_yank_dup, str_shove, str_shove_dup, str_is_empty, exec_pop, exec_dup, exec_dup_times, exec_swap, exec_rot, exec_flush, exec_eq, exec_stack_depth, exec_yank, exec_yank_dup, exec_shove, exec_shove_dup, exec_is_empty
Literals:
[Literal(value='small', push_type=<pyshgp.push.types.PushStrType object at 0x7fe5f67c00d0>), Literal(value='large', push_type=<pyshgp.push.types.PushStrType object at 0x7fe5f67c00d0>)]
ERC Generators:
[<function rand_int at 0x7fe611f321f0>]
========================================
Start Run
========================================
2022-01-01 00:01:50.953234 | GENERATION: 1 | ERRORS: best=335, median=4706.0, diversity=0.09 | INDIVIDUALS: n=200, avg_genome_length=63.885 | VIRUSES: gene_rate=0.000
2022-01-01 00:01:53.754318 | GENERATION: 2 | ERRORS: best=335, median=380.0, diversity=0.1 | INDIVIDUALS: n=200, avg_genome_length=66.745 | VIRUSES: gene_rate=0.000
2022-01-01 00:01:56.323234 | GENERATION: 3 | ERRORS: best=335, median=380.0, diversity=0.15 | INDIVIDUALS: n=200, avg_genome_length=66.965 | VIRUSES: gene_rate=0.000
2022-01-01 00:01:59.034212 | GENERATION: 4 | ERRORS: best=310, median=350.0, diversity=0.2 | INDIVIDUALS: n=200, avg_genome_length=70.41 | VIRUSES: gene_rate=0.000
2022-01-01 00:02:02.027938 | GENERATION: 5 | ERRORS: best=326, median=350.0, diversity=0.175 | INDIVIDUALS: n=200, avg_genome_length=70.6 | VIRUSES: gene_rate=0.000
2022-01-01 00:02:04.958806 | GENERATION: 6 | ERRORS: best=289, median=350.0, diversity=0.2 | INDIVIDUALS: n=200, avg_genome_length=69.895 | VIRUSES: gene_rate=0.000
2022-01-01 00:02:07.952806 | GENERATION: 7 | ERRORS: best=289, median=335.0, diversity=0.22 | INDIVIDUALS: n=200, avg_genome_length=65.485 | VIRUSES: gene_rate=0.000
2022-01-01 00:02:10.694231 | GENERATION: 8 | ERRORS: best=301, median=335.0, diversity=0.215 | INDIVIDUALS: n=200, avg_genome_length=61.0 | VIRUSES: gene_rate=0.000
2022-01-01 00:02:13.499295 | GENERATION: 9 | ERRORS: best=301, median=335.0, diversity=0.18 | INDIVIDUALS: n=200, avg_genome_length=61.315 | VIRUSES: gene_rate=0.000
2022-01-01 00:02:16.213470 | GENERATION: 10 | ERRORS: best=315, median=335.0, diversity=0.155 | INDIVIDUALS: n=200, avg_genome_length=61.09 | VIRUSES: gene_rate=0.000
2022-01-01 00:02:19.098880 | GENERATION: 11 | ERRORS: best=289, median=335.0, diversity=0.185 | INDIVIDUALS: n=200, avg_genome_length=59.295 | VIRUSES: gene_rate=0.000
2022-01-01 00:02:21.725621 | GENERATION: 12 | ERRORS: best=310, median=335.0, diversity=0.14 | INDIVIDUALS: n=200, avg_genome_length=60.23 | VIRUSES: gene_rate=0.000
2022-01-01 00:02:24.760986 | GENERATION: 13 | ERRORS: best=289, median=335.0, diversity=0.175 | INDIVIDUALS: n=200, avg_genome_length=59.225 | VIRUSES: gene_rate=0.000
2022-01-01 00:02:27.698623 | GENERATION: 14 | ERRORS: best=301, median=335.0, diversity=0.175 | INDIVIDUALS: n=200, avg_genome_length=58.52 | VIRUSES: gene_rate=0.000
2022-01-01 00:02:30.421897 | GENERATION: 15 | ERRORS: best=289, median=335.0, diversity=0.16 | INDIVIDUALS: n=200, avg_genome_length=58.335 | VIRUSES: gene_rate=0.000
2022-01-01 00:02:33.031313 | GENERATION: 16 | ERRORS: best=315, median=335.0, diversity=0.15 | INDIVIDUALS: n=200, avg_genome_length=57.725 | VIRUSES: gene_rate=0.000
2022-01-01 00:02:35.694115 | GENERATION: 17 | ERRORS: best=315, median=335.0, diversity=0.11 | INDIVIDUALS: n=200, avg_genome_length=57.525 | VIRUSES: gene_rate=0.000
2022-01-01 00:02:38.682936 | GENERATION: 18 | ERRORS: best=301, median=335.0, diversity=0.16 | INDIVIDUALS: n=200, avg_genome_length=59.465 | VIRUSES: gene_rate=0.000
2022-01-01 00:02:41.895514 | GENERATION: 19 | ERRORS: best=315, median=335.0, diversity=0.175 | INDIVIDUALS: n=200, avg_genome_length=58.71 | VIRUSES: gene_rate=0.000
2022-01-01 00:02:44.962980 | GENERATION: 20 | ERRORS: best=289, median=335.0, diversity=0.125 | INDIVIDUALS: n=200, avg_genome_length=57.935 | VIRUSES: gene_rate=0.000
2022-01-01 00:02:48.025066 | GENERATION: 21 | ERRORS: best=301, median=335.0, diversity=0.135 | INDIVIDUALS: n=200, avg_genome_length=57.94 | VIRUSES: gene_rate=0.000
2022-01-01 00:02:51.083480 | GENERATION: 22 | ERRORS: best=301, median=335.0, diversity=0.17 | INDIVIDUALS: n=200, avg_genome_length=57.86 | VIRUSES: gene_rate=0.000
2022-01-01 00:02:53.625432 | GENERATION: 23 | ERRORS: best=310, median=335.0, diversity=0.145 | INDIVIDUALS: n=200, avg_genome_length=57.935 | VIRUSES: gene_rate=0.000
2022-01-01 00:02:56.538800 | GENERATION: 24 | ERRORS: best=310, median=335.0, diversity=0.165 | INDIVIDUALS: n=200, avg_genome_length=58.625 | VIRUSES: gene_rate=0.000
2022-01-01 00:02:59.436119 | GENERATION: 25 | ERRORS: best=301, median=335.0, diversity=0.14 | INDIVIDUALS: n=200, avg_genome_length=59.025 | VIRUSES: gene_rate=0.000
2022-01-01 00:03:02.196435 | GENERATION: 26 | ERRORS: best=315, median=335.0, diversity=0.125 | INDIVIDUALS: n=200, avg_genome_length=56.5 | VIRUSES: gene_rate=0.000
2022-01-01 00:03:04.694297 | GENERATION: 27 | ERRORS: best=289, median=335.0, diversity=0.125 | INDIVIDUALS: n=200, avg_genome_length=57.1 | VIRUSES: gene_rate=0.000
2022-01-01 00:03:07.407486 | GENERATION: 28 | ERRORS: best=301, median=335.0, diversity=0.12 | INDIVIDUALS: n=200, avg_genome_length=57.865 | VIRUSES: gene_rate=0.000
2022-01-01 00:03:09.918186 | GENERATION: 29 | ERRORS: best=310, median=335.0, diversity=0.14 | INDIVIDUALS: n=200, avg_genome_length=58.86 | VIRUSES: gene_rate=0.000
2022-01-01 00:03:13.042678 | GENERATION: 30 | ERRORS: best=315, median=335.0, diversity=0.12 | INDIVIDUALS: n=200, avg_genome_length=58.01 | VIRUSES: gene_rate=0.000
2022-01-01 00:03:17.101925 | GENERATION: 31 | ERRORS: best=289, median=335.0, diversity=0.14 | INDIVIDUALS: n=200, avg_genome_length=57.835 | VIRUSES: gene_rate=0.000
2022-01-01 00:03:20.866249 | GENERATION: 32 | ERRORS: best=315, median=335.0, diversity=0.125 | INDIVIDUALS: n=200, avg_genome_length=56.465 | VIRUSES: gene_rate=0.000
2022-01-01 00:03:24.103464 | GENERATION: 33 | ERRORS: best=289, median=335.0, diversity=0.16 | INDIVIDUALS: n=200, avg_genome_length=55.04 | VIRUSES: gene_rate=0.000
2022-01-01 00:03:26.940213 | GENERATION: 34 | ERRORS: best=289, median=335.0, diversity=0.13 | INDIVIDUALS: n=200, avg_genome_length=56.59 | VIRUSES: gene_rate=0.000
2022-01-01 00:03:30.449541 | GENERATION: 35 | ERRORS: best=301, median=335.0, diversity=0.13 | INDIVIDUALS: n=200, avg_genome_length=54.75 | VIRUSES: gene_rate=0.000
2022-01-01 00:03:33.475103 | GENERATION: 36 | ERRORS: best=301, median=335.0, diversity=0.145 | INDIVIDUALS: n=200, avg_genome_length=54.155 | VIRUSES: gene_rate=0.000
2022-01-01 00:03:36.100707 | GENERATION: 37 | ERRORS: best=301, median=335.0, diversity=0.145 | INDIVIDUALS: n=200, avg_genome_length=52.19 | VIRUSES: gene_rate=0.000
2022-01-01 00:03:39.123732 | GENERATION: 38 | ERRORS: best=301, median=335.0, diversity=0.13 | INDIVIDUALS: n=200, avg_genome_length=55.17 | VIRUSES: gene_rate=0.000
2022-01-01 00:03:42.580127 | GENERATION: 39 | ERRORS: best=301, median=335.0, diversity=0.11 | INDIVIDUALS: n=200, avg_genome_length=53.99 | VIRUSES: gene_rate=0.000
2022-01-01 00:03:45.665587 | GENERATION: 40 | ERRORS: best=315, median=335.0, diversity=0.115 | INDIVIDUALS: n=200, avg_genome_length=49.78 | VIRUSES: gene_rate=0.000
2022-01-01 00:03:48.391493 | GENERATION: 41 | ERRORS: best=289, median=335.0, diversity=0.15 | INDIVIDUALS: n=200, avg_genome_length=47.245 | VIRUSES: gene_rate=0.000
2022-01-01 00:03:51.755348 | GENERATION: 42 | ERRORS: best=310, median=335.0, diversity=0.135 | INDIVIDUALS: n=200, avg_genome_length=48.635 | VIRUSES: gene_rate=0.000
2022-01-01 00:03:54.753219 | GENERATION: 43 | ERRORS: best=315, median=335.0, diversity=0.12 | INDIVIDUALS: n=200, avg_genome_length=47.94 | VIRUSES: gene_rate=0.000
2022-01-01 00:03:57.888859 | GENERATION: 44 | ERRORS: best=310, median=335.0, diversity=0.12 | INDIVIDUALS: n=200, avg_genome_length=48.97 | VIRUSES: gene_rate=0.000
2022-01-01 00:04:01.198947 | GENERATION: 45 | ERRORS: best=315, median=335.0, diversity=0.15 | INDIVIDUALS: n=200, avg_genome_length=49.065 | VIRUSES: gene_rate=0.000
2022-01-01 00:04:03.908178 | GENERATION: 46 | ERRORS: best=304, median=335.0, diversity=0.11 | INDIVIDUALS: n=200, avg_genome_length=51.23 | VIRUSES: gene_rate=0.000
2022-01-01 00:04:06.469274 | GENERATION: 47 | ERRORS: best=315, median=335.0, diversity=0.095 | INDIVIDUALS: n=200, avg_genome_length=49.61 | VIRUSES: gene_rate=0.000
2022-01-01 00:04:09.071725 | GENERATION: 48 | ERRORS: best=301, median=335.0, diversity=0.105 | INDIVIDUALS: n=200, avg_genome_length=54.06 | VIRUSES: gene_rate=0.000
2022-01-01 00:04:11.879382 | GENERATION: 49 | ERRORS: best=315, median=335.0, diversity=0.105 | INDIVIDUALS: n=200, avg_genome_length=52.31 | VIRUSES: gene_rate=0.000
2022-01-01 00:04:14.574688 | GENERATION: 50 | ERRORS: best=301, median=335.0, diversity=0.1 | INDIVIDUALS: n=200, avg_genome_length=55.765 | VIRUSES: gene_rate=0.000
2022-01-01 00:04:17.156993 | GENERATION: 51 | ERRORS: best=301, median=335.0, diversity=0.14 | INDIVIDUALS: n=200, avg_genome_length=55.47 | VIRUSES: gene_rate=0.000
2022-01-01 00:04:20.241227 | GENERATION: 52 | ERRORS: best=301, median=335.0, diversity=0.12 | INDIVIDUALS: n=200, avg_genome_length=54.035 | VIRUSES: gene_rate=0.000
2022-01-01 00:04:23.430333 | GENERATION: 53 | ERRORS: best=301, median=335.0, diversity=0.12 | INDIVIDUALS: n=200, avg_genome_length=54.44 | VIRUSES: gene_rate=0.000
2022-01-01 00:04:26.624254 | GENERATION: 54 | ERRORS: best=315, median=335.0, diversity=0.15 | INDIVIDUALS: n=200, avg_genome_length=53.49 | VIRUSES: gene_rate=0.000
2022-01-01 00:04:29.764034 | GENERATION: 55 | ERRORS: best=301, median=335.0, diversity=0.095 | INDIVIDUALS: n=200, avg_genome_length=54.015 | VIRUSES: gene_rate=0.000
2022-01-01 00:04:33.154125 | GENERATION: 56 | ERRORS: best=315, median=335.0, diversity=0.15 | INDIVIDUALS: n=200, avg_genome_length=54.155 | VIRUSES: gene_rate=0.000
2022-01-01 00:04:36.217602 | GENERATION: 57 | ERRORS: best=301, median=335.0, diversity=0.145 | INDIVIDUALS: n=200, avg_genome_length=53.69 | VIRUSES: gene_rate=0.000
2022-01-01 00:04:39.356939 | GENERATION: 58 | ERRORS: best=301, median=335.0, diversity=0.165 | INDIVIDUALS: n=200, avg_genome_length=57.415 | VIRUSES: gene_rate=0.000
2022-01-01 00:04:42.324138 | GENERATION: 59 | ERRORS: best=289, median=335.0, diversity=0.16 | INDIVIDUALS: n=200, avg_genome_length=57.37 | VIRUSES: gene_rate=0.000
2022-01-01 00:04:45.327254 | GENERATION: 60 | ERRORS: best=315, median=335.0, diversity=0.17 | INDIVIDUALS: n=200, avg_genome_length=55.635 | VIRUSES: gene_rate=0.000
2022-01-01 00:04:48.073438 | GENERATION: 61 | ERRORS: best=315, median=335.0, diversity=0.14 | INDIVIDUALS: n=200, avg_genome_length=51.295 | VIRUSES: gene_rate=0.000
2022-01-01 00:04:51.119743 | GENERATION: 62 | ERRORS: best=315, median=335.0, diversity=0.125 | INDIVIDUALS: n=200, avg_genome_length=50.64 | VIRUSES: gene_rate=0.000
2022-01-01 00:04:54.172763 | GENERATION: 63 | ERRORS: best=315, median=335.0, diversity=0.1 | INDIVIDUALS: n=200, avg_genome_length=50.645 | VIRUSES: gene_rate=0.000
2022-01-01 00:04:57.466811 | GENERATION: 64 | ERRORS: best=301, median=335.0, diversity=0.11 | INDIVIDUALS: n=200, avg_genome_length=53.69 | VIRUSES: gene_rate=0.000
2022-01-01 00:05:00.686249 | GENERATION: 65 | ERRORS: best=315, median=335.0, diversity=0.15 | INDIVIDUALS: n=200, avg_genome_length=54.355 | VIRUSES: gene_rate=0.000
2022-01-01 00:05:05.764448 | GENERATION: 66 | ERRORS: best=315, median=335.0, diversity=0.14 | INDIVIDUALS: n=200, avg_genome_length=54.415 | VIRUSES: gene_rate=0.000
2022-01-01 00:05:09.040238 | GENERATION: 67 | ERRORS: best=315, median=335.0, diversity=0.095 | INDIVIDUALS: n=200, avg_genome_length=55.32 | VIRUSES: gene_rate=0.000
2022-01-01 00:05:12.731560 | GENERATION: 68 | ERRORS: best=301, median=335.0, diversity=0.14 | INDIVIDUALS: n=200, avg_genome_length=53.38 | VIRUSES: gene_rate=0.000
2022-01-01 00:05:16.735971 | GENERATION: 69 | ERRORS: best=315, median=335.0, diversity=0.125 | INDIVIDUALS: n=200, avg_genome_length=54.71 | VIRUSES: gene_rate=0.000
2022-01-01 00:05:20.263796 | GENERATION: 70 | ERRORS: best=315, median=335.0, diversity=0.13 | INDIVIDUALS: n=200, avg_genome_length=55.44 | VIRUSES: gene_rate=0.000
2022-01-01 00:05:23.798993 | GENERATION: 71 | ERRORS: best=315, median=335.0, diversity=0.125 | INDIVIDUALS: n=200, avg_genome_length=54.905 | VIRUSES: gene_rate=0.000
2022-01-01 00:05:27.770819 | GENERATION: 72 | ERRORS: best=301, median=335.0, diversity=0.14 | INDIVIDUALS: n=200, avg_genome_length=57.49 | VIRUSES: gene_rate=0.000
2022-01-01 00:05:31.139715 | GENERATION: 73 | ERRORS: best=301, median=335.0, diversity=0.12 | INDIVIDUALS: n=200, avg_genome_length=54.74 | VIRUSES: gene_rate=0.000
2022-01-01 00:05:34.322283 | GENERATION: 74 | ERRORS: best=315, median=335.0, diversity=0.125 | INDIVIDUALS: n=200, avg_genome_length=54.54 | VIRUSES: gene_rate=0.000
2022-01-01 00:05:37.571780 | GENERATION: 75 | ERRORS: best=301, median=335.0, diversity=0.12 | INDIVIDUALS: n=200, avg_genome_length=52.995 | VIRUSES: gene_rate=0.000
2022-01-01 00:05:40.514718 | GENERATION: 76 | ERRORS: best=315, median=335.0, diversity=0.135 | INDIVIDUALS: n=200, avg_genome_length=52.825 | VIRUSES: gene_rate=0.000
2022-01-01 00:05:43.464942 | GENERATION: 77 | ERRORS: best=315, median=335.0, diversity=0.145 | INDIVIDUALS: n=200, avg_genome_length=51.39 | VIRUSES: gene_rate=0.000
2022-01-01 00:05:46.335063 | GENERATION: 78 | ERRORS: best=315, median=335.0, diversity=0.12 | INDIVIDUALS: n=200, avg_genome_length=53.4 | VIRUSES: gene_rate=0.000
2022-01-01 00:05:49.213855 | GENERATION: 79 | ERRORS: best=315, median=335.0, diversity=0.14 | INDIVIDUALS: n=200, avg_genome_length=52.205 | VIRUSES: gene_rate=0.000
2022-01-01 00:05:51.910883 | GENERATION: 80 | ERRORS: best=301, median=335.0, diversity=0.13 | INDIVIDUALS: n=200, avg_genome_length=51.07 | VIRUSES: gene_rate=0.000
2022-01-01 00:05:54.746604 | GENERATION: 81 | ERRORS: best=315, median=335.0, diversity=0.1 | INDIVIDUALS: n=200, avg_genome_length=51.125 | VIRUSES: gene_rate=0.000
2022-01-01 00:05:57.987203 | GENERATION: 82 | ERRORS: best=304, median=335.0, diversity=0.13 | INDIVIDUALS: n=200, avg_genome_length=50.43 | VIRUSES: gene_rate=0.000
2022-01-01 00:06:00.713710 | GENERATION: 83 | ERRORS: best=310, median=335.0, diversity=0.135 | INDIVIDUALS: n=200, avg_genome_length=49.415 | VIRUSES: gene_rate=0.000
2022-01-01 00:06:02.957898 | GENERATION: 84 | ERRORS: best=315, median=335.0, diversity=0.115 | INDIVIDUALS: n=200, avg_genome_length=47.15 | VIRUSES: gene_rate=0.000
2022-01-01 00:06:05.628280 | GENERATION: 85 | ERRORS: best=301, median=335.0, diversity=0.115 | INDIVIDUALS: n=200, avg_genome_length=46.115 | VIRUSES: gene_rate=0.000
2022-01-01 00:06:08.472763 | GENERATION: 86 | ERRORS: best=315, median=335.0, diversity=0.115 | INDIVIDUALS: n=200, avg_genome_length=44.425 | VIRUSES: gene_rate=0.000
2022-01-01 00:06:11.174211 | GENERATION: 87 | ERRORS: best=301, median=335.0, diversity=0.095 | INDIVIDUALS: n=200, avg_genome_length=43.355 | VIRUSES: gene_rate=0.000
2022-01-01 00:06:14.115394 | GENERATION: 88 | ERRORS: best=315, median=335.0, diversity=0.105 | INDIVIDUALS: n=200, avg_genome_length=41.0 | VIRUSES: gene_rate=0.000
2022-01-01 00:06:17.329308 | GENERATION: 89 | ERRORS: best=301, median=335.0, diversity=0.115 | INDIVIDUALS: n=200, avg_genome_length=41.6 | VIRUSES: gene_rate=0.000
2022-01-01 00:06:19.456639 | GENERATION: 90 | ERRORS: best=315, median=335.0, diversity=0.12 | INDIVIDUALS: n=200, avg_genome_length=42.25 | VIRUSES: gene_rate=0.000
2022-01-01 00:06:21.454669 | GENERATION: 91 | ERRORS: best=315, median=335.0, diversity=0.095 | INDIVIDUALS: n=200, avg_genome_length=39.67 | VIRUSES: gene_rate=0.000
2022-01-01 00:06:23.683802 | GENERATION: 92 | ERRORS: best=315, median=335.0, diversity=0.1 | INDIVIDUALS: n=200, avg_genome_length=38.2 | VIRUSES: gene_rate=0.000
2022-01-01 00:06:26.008770 | GENERATION: 93 | ERRORS: best=315, median=335.0, diversity=0.055 | INDIVIDUALS: n=200, avg_genome_length=37.16 | VIRUSES: gene_rate=0.000
2022-01-01 00:06:28.423534 | GENERATION: 94 | ERRORS: best=301, median=335.0, diversity=0.125 | INDIVIDUALS: n=200, avg_genome_length=40.67 | VIRUSES: gene_rate=0.000
2022-01-01 00:06:30.431456 | GENERATION: 95 | ERRORS: best=289, median=335.0, diversity=0.095 | INDIVIDUALS: n=200, avg_genome_length=35.335 | VIRUSES: gene_rate=0.000
2022-01-01 00:06:33.070724 | GENERATION: 96 | ERRORS: best=315, median=335.0, diversity=0.065 | INDIVIDUALS: n=200, avg_genome_length=35.62 | VIRUSES: gene_rate=0.000
2022-01-01 00:06:35.475581 | GENERATION: 97 | ERRORS: best=293, median=335.0, diversity=0.12 | INDIVIDUALS: n=200, avg_genome_length=35.42 | VIRUSES: gene_rate=0.000
2022-01-01 00:06:37.645604 | GENERATION: 98 | ERRORS: best=289, median=335.0, diversity=0.125 | INDIVIDUALS: n=200, avg_genome_length=33.635 | VIRUSES: gene_rate=0.000
2022-01-01 00:06:39.501928 | GENERATION: 99 | ERRORS: best=301, median=335.0, diversity=0.1 | INDIVIDUALS: n=200, avg_genome_length=33.275 | VIRUSES: gene_rate=0.000
2022-01-01 00:06:41.734520 | GENERATION: 100 | ERRORS: best=301, median=335.0, diversity=0.1 | INDIVIDUALS: n=200, avg_genome_length=35.795 | VIRUSES: gene_rate=0.000
2022-01-01 00:06:43.681975 | GENERATION: 101 | ERRORS: best=301, median=335.0, diversity=0.09 | INDIVIDUALS: n=200, avg_genome_length=36.39 | VIRUSES: gene_rate=0.000
2022-01-01 00:06:45.580500 | GENERATION: 102 | ERRORS: best=301, median=335.0, diversity=0.115 | INDIVIDUALS: n=200, avg_genome_length=34.785 | VIRUSES: gene_rate=0.000
2022-01-01 00:06:47.422897 | GENERATION: 103 | ERRORS: best=301, median=335.0, diversity=0.075 | INDIVIDUALS: n=200, avg_genome_length=32.575 | VIRUSES: gene_rate=0.000
2022-01-01 00:06:49.051469 | GENERATION: 104 | ERRORS: best=315, median=335.0, diversity=0.045 | INDIVIDUALS: n=200, avg_genome_length=33.105 | VIRUSES: gene_rate=0.000
2022-01-01 00:06:50.664346 | GENERATION: 105 | ERRORS: best=315, median=335.0, diversity=0.065 | INDIVIDUALS: n=200, avg_genome_length=34.61 | VIRUSES: gene_rate=0.000
2022-01-01 00:06:52.631201 | GENERATION: 106 | ERRORS: best=301, median=335.0, diversity=0.065 | INDIVIDUALS: n=200, avg_genome_length=32.545 | VIRUSES: gene_rate=0.000
2022-01-01 00:06:54.217671 | GENERATION: 107 | ERRORS: best=301, median=335.0, diversity=0.06 | INDIVIDUALS: n=200, avg_genome_length=30.64 | VIRUSES: gene_rate=0.000
2022-01-01 00:06:55.774227 | GENERATION: 108 | ERRORS: best=315, median=335.0, diversity=0.055 | INDIVIDUALS: n=200, avg_genome_length=27.355 | VIRUSES: gene_rate=0.000
2022-01-01 00:06:57.374621 | GENERATION: 109 | ERRORS: best=301, median=335.0, diversity=0.11 | INDIVIDUALS: n=200, avg_genome_length=27.39 | VIRUSES: gene_rate=0.000
2022-01-01 00:06:58.994412 | GENERATION: 110 | ERRORS: best=315, median=335.0, diversity=0.075 | INDIVIDUALS: n=200, avg_genome_length=26.37 | VIRUSES: gene_rate=0.000
2022-01-01 00:07:00.689697 | GENERATION: 111 | ERRORS: best=315, median=335.0, diversity=0.05 | INDIVIDUALS: n=200, avg_genome_length=26.19 | VIRUSES: gene_rate=0.000
2022-01-01 00:07:02.428746 | GENERATION: 112 | ERRORS: best=310, median=335.0, diversity=0.075 | INDIVIDUALS: n=200, avg_genome_length=23.865 | VIRUSES: gene_rate=0.000
2022-01-01 00:07:04.450123 | GENERATION: 113 | ERRORS: best=315, median=335.0, diversity=0.06 | INDIVIDUALS: n=200, avg_genome_length=20.56 | VIRUSES: gene_rate=0.000
2022-01-01 00:07:06.246672 | GENERATION: 114 | ERRORS: best=315, median=335.0, diversity=0.06 | INDIVIDUALS: n=200, avg_genome_length=20.44 | VIRUSES: gene_rate=0.000
2022-01-01 00:07:07.801871 | GENERATION: 115 | ERRORS: best=315, median=335.0, diversity=0.07 | INDIVIDUALS: n=200, avg_genome_length=21.73 | VIRUSES: gene_rate=0.000
2022-01-01 00:07:09.256439 | GENERATION: 116 | ERRORS: best=315, median=335.0, diversity=0.07 | INDIVIDUALS: n=200, avg_genome_length=21.09 | VIRUSES: gene_rate=0.000
2022-01-01 00:07:11.001428 | GENERATION: 117 | ERRORS: best=315, median=335.0, diversity=0.06 | INDIVIDUALS: n=200, avg_genome_length=20.705 | VIRUSES: gene_rate=0.000
2022-01-01 00:07:12.578279 | GENERATION: 118 | ERRORS: best=301, median=335.0, diversity=0.06 | INDIVIDUALS: n=200, avg_genome_length=20.805 | VIRUSES: gene_rate=0.000
2022-01-01 00:07:14.451085 | GENERATION: 119 | ERRORS: best=310, median=335.0, diversity=0.065 | INDIVIDUALS: n=200, avg_genome_length=21.185 | VIRUSES: gene_rate=0.000
2022-01-01 00:07:16.424425 | GENERATION: 120 | ERRORS: best=315, median=335.0, diversity=0.065 | INDIVIDUALS: n=200, avg_genome_length=23.84 | VIRUSES: gene_rate=0.000
2022-01-01 00:07:17.811185 | GENERATION: 121 | ERRORS: best=315, median=335.0, diversity=0.06 | INDIVIDUALS: n=200, avg_genome_length=24.07 | VIRUSES: gene_rate=0.000
2022-01-01 00:07:19.320835 | GENERATION: 122 | ERRORS: best=315, median=335.0, diversity=0.08 | INDIVIDUALS: n=200, avg_genome_length=22.0 | VIRUSES: gene_rate=0.000
2022-01-01 00:07:21.064101 | GENERATION: 123 | ERRORS: best=315, median=335.0, diversity=0.06 | INDIVIDUALS: n=200, avg_genome_length=19.605 | VIRUSES: gene_rate=0.000
2022-01-01 00:07:22.424319 | GENERATION: 124 | ERRORS: best=315, median=335.0, diversity=0.055 | INDIVIDUALS: n=200, avg_genome_length=20.36 | VIRUSES: gene_rate=0.000
2022-01-01 00:07:24.011023 | GENERATION: 125 | ERRORS: best=315, median=335.0, diversity=0.065 | INDIVIDUALS: n=200, avg_genome_length=18.755 | VIRUSES: gene_rate=0.000
2022-01-01 00:07:25.884847 | GENERATION: 126 | ERRORS: best=310, median=335.0, diversity=0.075 | INDIVIDUALS: n=200, avg_genome_length=19.015 | VIRUSES: gene_rate=0.000
2022-01-01 00:07:27.261178 | GENERATION: 127 | ERRORS: best=315, median=335.0, diversity=0.04 | INDIVIDUALS: n=200, avg_genome_length=20.325 | VIRUSES: gene_rate=0.000
2022-01-01 00:07:29.028417 | GENERATION: 128 | ERRORS: best=315, median=335.0, diversity=0.105 | INDIVIDUALS: n=200, avg_genome_length=18.87 | VIRUSES: gene_rate=0.000
2022-01-01 00:07:30.583500 | GENERATION: 129 | ERRORS: best=315, median=335.0, diversity=0.055 | INDIVIDUALS: n=200, avg_genome_length=15.105 | VIRUSES: gene_rate=0.000
2022-01-01 00:07:32.216240 | GENERATION: 130 | ERRORS: best=301, median=335.0, diversity=0.045 | INDIVIDUALS: n=200, avg_genome_length=14.07 | VIRUSES: gene_rate=0.000
2022-01-01 00:07:33.426438 | GENERATION: 131 | ERRORS: best=315, median=335.0, diversity=0.06 | INDIVIDUALS: n=200, avg_genome_length=12.98 | VIRUSES: gene_rate=0.000
2022-01-01 00:07:34.697152 | GENERATION: 132 | ERRORS: best=315, median=335.0, diversity=0.06 | INDIVIDUALS: n=200, avg_genome_length=12.93 | VIRUSES: gene_rate=0.000
2022-01-01 00:07:35.843861 | GENERATION: 133 | ERRORS: best=315, median=335.0, diversity=0.04 | INDIVIDUALS: n=200, avg_genome_length=13.08 | VIRUSES: gene_rate=0.000
2022-01-01 00:07:37.602790 | GENERATION: 134 | ERRORS: best=310, median=335.0, diversity=0.045 | INDIVIDUALS: n=200, avg_genome_length=12.095 | VIRUSES: gene_rate=0.000
2022-01-01 00:07:39.179175 | GENERATION: 135 | ERRORS: best=315, median=335.0, diversity=0.05 | INDIVIDUALS: n=200, avg_genome_length=11.36 | VIRUSES: gene_rate=0.000
2022-01-01 00:07:40.775355 | GENERATION: 136 | ERRORS: best=315, median=335.0, diversity=0.055 | INDIVIDUALS: n=200, avg_genome_length=10.815 | VIRUSES: gene_rate=0.000
2022-01-01 00:07:41.941653 | GENERATION: 137 | ERRORS: best=315, median=335.0, diversity=0.035 | INDIVIDUALS: n=200, avg_genome_length=10.885 | VIRUSES: gene_rate=0.000
2022-01-01 00:07:43.443536 | GENERATION: 138 | ERRORS: best=301, median=335.0, diversity=0.045 | INDIVIDUALS: n=200, avg_genome_length=11.61 | VIRUSES: gene_rate=0.000
2022-01-01 00:07:44.665448 | GENERATION: 139 | ERRORS: best=315, median=335.0, diversity=0.045 | INDIVIDUALS: n=200, avg_genome_length=10.9 | VIRUSES: gene_rate=0.000
2022-01-01 00:07:45.738312 | GENERATION: 140 | ERRORS: best=315, median=335.0, diversity=0.04 | INDIVIDUALS: n=200, avg_genome_length=10.58 | VIRUSES: gene_rate=0.000
2022-01-01 00:07:46.818642 | GENERATION: 141 | ERRORS: best=315, median=335.0, diversity=0.04 | INDIVIDUALS: n=200, avg_genome_length=10.6 | VIRUSES: gene_rate=0.000
2022-01-01 00:07:47.877211 | GENERATION: 142 | ERRORS: best=301, median=335.0, diversity=0.045 | INDIVIDUALS: n=200, avg_genome_length=9.995 | VIRUSES: gene_rate=0.000
2022-01-01 00:07:48.930418 | GENERATION: 143 | ERRORS: best=310, median=335.0, diversity=0.065 | INDIVIDUALS: n=200, avg_genome_length=9.775 | VIRUSES: gene_rate=0.000
2022-01-01 00:07:49.947102 | GENERATION: 144 | ERRORS: best=301, median=335.0, diversity=0.03 | INDIVIDUALS: n=200, avg_genome_length=9.96 | VIRUSES: gene_rate=0.000
2022-01-01 00:07:51.174934 | GENERATION: 145 | ERRORS: best=301, median=335.0, diversity=0.035 | INDIVIDUALS: n=200, avg_genome_length=9.405 | VIRUSES: gene_rate=0.000
2022-01-01 00:07:52.470513 | GENERATION: 146 | ERRORS: best=315, median=335.0, diversity=0.05 | INDIVIDUALS: n=200, avg_genome_length=10.085 | VIRUSES: gene_rate=0.000
2022-01-01 00:07:53.548808 | GENERATION: 147 | ERRORS: best=310, median=335.0, diversity=0.04 | INDIVIDUALS: n=200, avg_genome_length=9.985 | VIRUSES: gene_rate=0.000
2022-01-01 00:07:55.032461 | GENERATION: 148 | ERRORS: best=315, median=335.0, diversity=0.05 | INDIVIDUALS: n=200, avg_genome_length=9.725 | VIRUSES: gene_rate=0.000
2022-01-01 00:07:56.062826 | GENERATION: 149 | ERRORS: best=315, median=335.0, diversity=0.025 | INDIVIDUALS: n=200, avg_genome_length=9.235 | VIRUSES: gene_rate=0.000
2022-01-01 00:07:57.080979 | GENERATION: 150 | ERRORS: best=315, median=335.0, diversity=0.045 | INDIVIDUALS: n=200, avg_genome_length=9.2 | VIRUSES: gene_rate=0.000
2022-01-01 00:07:58.300000 | GENERATION: 151 | ERRORS: best=301, median=335.0, diversity=0.05 | INDIVIDUALS: n=200, avg_genome_length=9.125 | VIRUSES: gene_rate=0.000
2022-01-01 00:07:59.386603 | GENERATION: 152 | ERRORS: best=289, median=335.0, diversity=0.05 | INDIVIDUALS: n=200, avg_genome_length=9.19 | VIRUSES: gene_rate=0.000
2022-01-01 00:08:00.524879 | GENERATION: 153 | ERRORS: best=315, median=335.0, diversity=0.035 | INDIVIDUALS: n=200, avg_genome_length=9.175 | VIRUSES: gene_rate=0.000
2022-01-01 00:08:01.553382 | GENERATION: 154 | ERRORS: best=315, median=335.0, diversity=0.03 | INDIVIDUALS: n=200, avg_genome_length=9.06 | VIRUSES: gene_rate=0.000
2022-01-01 00:08:03.005225 | GENERATION: 155 | ERRORS: best=301, median=335.0, diversity=0.04 | INDIVIDUALS: n=200, avg_genome_length=9.335 | VIRUSES: gene_rate=0.000
2022-01-01 00:08:04.027705 | GENERATION: 156 | ERRORS: best=315, median=335.0, diversity=0.025 | INDIVIDUALS: n=200, avg_genome_length=9.07 | VIRUSES: gene_rate=0.000
2022-01-01 00:08:05.401746 | GENERATION: 157 | ERRORS: best=315, median=335.0, diversity=0.045 | INDIVIDUALS: n=200, avg_genome_length=8.565 | VIRUSES: gene_rate=0.000
2022-01-01 00:08:07.032224 | GENERATION: 158 | ERRORS: best=315, median=335.0, diversity=0.04 | INDIVIDUALS: n=200, avg_genome_length=8.41 | VIRUSES: gene_rate=0.000
2022-01-01 00:08:09.139736 | GENERATION: 159 | ERRORS: best=315, median=335.0, diversity=0.035 | INDIVIDUALS: n=200, avg_genome_length=8.37 | VIRUSES: gene_rate=0.000
2022-01-01 00:08:10.282589 | GENERATION: 160 | ERRORS: best=315, median=335.0, diversity=0.03 | INDIVIDUALS: n=200, avg_genome_length=9.185 | VIRUSES: gene_rate=0.000
2022-01-01 00:08:11.396948 | GENERATION: 161 | ERRORS: best=315, median=335.0, diversity=0.045 | INDIVIDUALS: n=200, avg_genome_length=8.745 | VIRUSES: gene_rate=0.000
2022-01-01 00:08:12.752822 | GENERATION: 162 | ERRORS: best=301, median=335.0, diversity=0.04 | INDIVIDUALS: n=200, avg_genome_length=8.945 | VIRUSES: gene_rate=0.000
2022-01-01 00:08:13.885002 | GENERATION: 163 | ERRORS: best=315, median=335.0, diversity=0.05 | INDIVIDUALS: n=200, avg_genome_length=9.55 | VIRUSES: gene_rate=0.000
2022-01-01 00:08:15.220021 | GENERATION: 164 | ERRORS: best=310, median=335.0, diversity=0.05 | INDIVIDUALS: n=200, avg_genome_length=9.85 | VIRUSES: gene_rate=0.000
2022-01-01 00:08:16.284630 | GENERATION: 165 | ERRORS: best=301, median=335.0, diversity=0.035 | INDIVIDUALS: n=200, avg_genome_length=9.92 | VIRUSES: gene_rate=0.000
2022-01-01 00:08:17.736007 | GENERATION: 166 | ERRORS: best=301, median=335.0, diversity=0.065 | INDIVIDUALS: n=200, avg_genome_length=9.56 | VIRUSES: gene_rate=0.000
2022-01-01 00:08:19.167969 | GENERATION: 167 | ERRORS: best=310, median=335.0, diversity=0.06 | INDIVIDUALS: n=200, avg_genome_length=9.465 | VIRUSES: gene_rate=0.000
2022-01-01 00:08:20.547034 | GENERATION: 168 | ERRORS: best=289, median=335.0, diversity=0.06 | INDIVIDUALS: n=200, avg_genome_length=9.27 | VIRUSES: gene_rate=0.000
2022-01-01 00:08:21.694522 | GENERATION: 169 | ERRORS: best=310, median=335.0, diversity=0.03 | INDIVIDUALS: n=200, avg_genome_length=9.16 | VIRUSES: gene_rate=0.000
2022-01-01 00:08:22.861788 | GENERATION: 170 | ERRORS: best=315, median=335.0, diversity=0.045 | INDIVIDUALS: n=200, avg_genome_length=9.245 | VIRUSES: gene_rate=0.000
2022-01-01 00:08:24.148733 | GENERATION: 171 | ERRORS: best=315, median=335.0, diversity=0.035 | INDIVIDUALS: n=200, avg_genome_length=9.695 | VIRUSES: gene_rate=0.000
2022-01-01 00:08:25.560302 | GENERATION: 172 | ERRORS: best=310, median=335.0, diversity=0.06 | INDIVIDUALS: n=200, avg_genome_length=9.85 | VIRUSES: gene_rate=0.000
2022-01-01 00:08:26.941879 | GENERATION: 173 | ERRORS: best=315, median=335.0, diversity=0.055 | INDIVIDUALS: n=200, avg_genome_length=9.365 | VIRUSES: gene_rate=0.000
2022-01-01 00:08:28.370715 | GENERATION: 174 | ERRORS: best=301, median=335.0, diversity=0.045 | INDIVIDUALS: n=200, avg_genome_length=9.8 | VIRUSES: gene_rate=0.000
2022-01-01 00:08:29.827440 | GENERATION: 175 | ERRORS: best=289, median=335.0, diversity=0.04 | INDIVIDUALS: n=200, avg_genome_length=9.595 | VIRUSES: gene_rate=0.000
2022-01-01 00:08:31.182190 | GENERATION: 176 | ERRORS: best=315, median=335.0, diversity=0.04 | INDIVIDUALS: n=200, avg_genome_length=9.13 | VIRUSES: gene_rate=0.000
2022-01-01 00:08:32.282710 | GENERATION: 177 | ERRORS: best=289, median=335.0, diversity=0.03 | INDIVIDUALS: n=200, avg_genome_length=9.07 | VIRUSES: gene_rate=0.000
2022-01-01 00:08:33.426844 | GENERATION: 178 | ERRORS: best=301, median=335.0, diversity=0.035 | INDIVIDUALS: n=200, avg_genome_length=8.855 | VIRUSES: gene_rate=0.000
2022-01-01 00:08:34.431506 | GENERATION: 179 | ERRORS: best=315, median=335.0, diversity=0.025 | INDIVIDUALS: n=200, avg_genome_length=8.32 | VIRUSES: gene_rate=0.000
2022-01-01 00:08:36.091536 | GENERATION: 180 | ERRORS: best=315, median=335.0, diversity=0.025 | INDIVIDUALS: n=200, avg_genome_length=7.57 | VIRUSES: gene_rate=0.000
2022-01-01 00:08:37.361768 | GENERATION: 181 | ERRORS: best=315, median=335.0, diversity=0.045 | INDIVIDUALS: n=200, avg_genome_length=7.05 | VIRUSES: gene_rate=0.000
2022-01-01 00:08:38.532127 | GENERATION: 182 | ERRORS: best=315, median=335.0, diversity=0.03 | INDIVIDUALS: n=200, avg_genome_length=6.515 | VIRUSES: gene_rate=0.000
2022-01-01 00:08:39.725037 | GENERATION: 183 | ERRORS: best=315, median=335.0, diversity=0.025 | INDIVIDUALS: n=200, avg_genome_length=6.7 | VIRUSES: gene_rate=0.000
2022-01-01 00:08:40.647220 | GENERATION: 184 | ERRORS: best=315, median=335.0, diversity=0.03 | INDIVIDUALS: n=200, avg_genome_length=6.51 | VIRUSES: gene_rate=0.000
2022-01-01 00:08:41.569861 | GENERATION: 185 | ERRORS: best=289, median=335.0, diversity=0.03 | INDIVIDUALS: n=200, avg_genome_length=6.025 | VIRUSES: gene_rate=0.000
2022-01-01 00:08:42.451993 | GENERATION: 186 | ERRORS: best=315, median=335.0, diversity=0.04 | INDIVIDUALS: n=200, avg_genome_length=5.345 | VIRUSES: gene_rate=0.000
2022-01-01 00:08:43.499494 | GENERATION: 187 | ERRORS: best=315, median=335.0, diversity=0.035 | INDIVIDUALS: n=200, avg_genome_length=5.17 | VIRUSES: gene_rate=0.000
2022-01-01 00:08:44.611171 | GENERATION: 188 | ERRORS: best=315, median=335.0, diversity=0.03 | INDIVIDUALS: n=200, avg_genome_length=4.93 | VIRUSES: gene_rate=0.000
2022-01-01 00:08:45.523718 | GENERATION: 189 | ERRORS: best=315, median=335.0, diversity=0.015 | INDIVIDUALS: n=200, avg_genome_length=5.195 | VIRUSES: gene_rate=0.000
2022-01-01 00:08:46.572658 | GENERATION: 190 | ERRORS: best=315, median=335.0, diversity=0.04 | INDIVIDUALS: n=200, avg_genome_length=5.225 | VIRUSES: gene_rate=0.000
2022-01-01 00:08:47.651922 | GENERATION: 191 | ERRORS: best=315, median=335.0, diversity=0.02 | INDIVIDUALS: n=200, avg_genome_length=4.91 | VIRUSES: gene_rate=0.000
2022-01-01 00:08:48.580411 | GENERATION: 192 | ERRORS: best=315, median=335.0, diversity=0.03 | INDIVIDUALS: n=200, avg_genome_length=5.37 | VIRUSES: gene_rate=0.000
2022-01-01 00:08:49.665616 | GENERATION: 193 | ERRORS: best=315, median=335.0, diversity=0.04 | INDIVIDUALS: n=200, avg_genome_length=5.43 | VIRUSES: gene_rate=0.000
2022-01-01 00:08:50.882151 | GENERATION: 194 | ERRORS: best=315, median=335.0, diversity=0.02 | INDIVIDUALS: n=200, avg_genome_length=4.965 | VIRUSES: gene_rate=0.000
2022-01-01 00:08:51.757902 | GENERATION: 195 | ERRORS: best=289, median=335.0, diversity=0.025 | INDIVIDUALS: n=200, avg_genome_length=4.94 | VIRUSES: gene_rate=0.000
2022-01-01 00:08:52.639209 | GENERATION: 196 | ERRORS: best=301, median=335.0, diversity=0.025 | INDIVIDUALS: n=200, avg_genome_length=5.67 | VIRUSES: gene_rate=0.000
2022-01-01 00:08:53.507583 | GENERATION: 197 | ERRORS: best=301, median=335.0, diversity=0.045 | INDIVIDUALS: n=200, avg_genome_length=5.405 | VIRUSES: gene_rate=0.000
2022-01-01 00:08:54.389094 | GENERATION: 198 | ERRORS: best=315, median=335.0, diversity=0.025 | INDIVIDUALS: n=200, avg_genome_length=5.635 | VIRUSES: gene_rate=0.000
2022-01-01 00:08:55.640014 | GENERATION: 199 | ERRORS: best=289, median=335.0, diversity=0.055 | INDIVIDUALS: n=200, avg_genome_length=6.035 | VIRUSES: gene_rate=0.000
2022-01-01 00:08:56.648727 | GENERATION: 200 | ERRORS: best=315, median=335.0, diversity=0.05 | INDIVIDUALS: n=200, avg_genome_length=5.91 | VIRUSES: gene_rate=0.000
2022-01-01 00:08:57.570093 | GENERATION: 201 | ERRORS: best=289, median=335.0, diversity=0.03 | INDIVIDUALS: n=200, avg_genome_length=6.075 | VIRUSES: gene_rate=0.000
2022-01-01 00:08:58.855813 | GENERATION: 202 | ERRORS: best=315, median=335.0, diversity=0.035 | INDIVIDUALS: n=200, avg_genome_length=5.965 | VIRUSES: gene_rate=0.000
2022-01-01 00:08:59.722156 | GENERATION: 203 | ERRORS: best=315, median=335.0, diversity=0.015 | INDIVIDUALS: n=200, avg_genome_length=5.65 | VIRUSES: gene_rate=0.000
2022-01-01 00:09:00.631701 | GENERATION: 204 | ERRORS: best=289, median=335.0, diversity=0.03 | INDIVIDUALS: n=200, avg_genome_length=5.675 | VIRUSES: gene_rate=0.000
2022-01-01 00:09:01.668226 | GENERATION: 205 | ERRORS: best=315, median=335.0, diversity=0.025 | INDIVIDUALS: n=200, avg_genome_length=5.63 | VIRUSES: gene_rate=0.000
2022-01-01 00:09:02.577215 | GENERATION: 206 | ERRORS: best=289, median=335.0, diversity=0.03 | INDIVIDUALS: n=200, avg_genome_length=5.65 | VIRUSES: gene_rate=0.000
2022-01-01 00:09:03.480130 | GENERATION: 207 | ERRORS: best=315, median=335.0, diversity=0.05 | INDIVIDUALS: n=200, avg_genome_length=5.155 | VIRUSES: gene_rate=0.000
2022-01-01 00:09:04.337806 | GENERATION: 208 | ERRORS: best=315, median=335.0, diversity=0.03 | INDIVIDUALS: n=200, avg_genome_length=4.84 | VIRUSES: gene_rate=0.000
2022-01-01 00:09:05.209887 | GENERATION: 209 | ERRORS: best=310, median=335.0, diversity=0.03 | INDIVIDUALS: n=200, avg_genome_length=5.05 | VIRUSES: gene_rate=0.000
2022-01-01 00:09:06.093021 | GENERATION: 210 | ERRORS: best=301, median=335.0, diversity=0.025 | INDIVIDUALS: n=200, avg_genome_length=5.3 | VIRUSES: gene_rate=0.000
2022-01-01 00:09:07.000688 | GENERATION: 211 | ERRORS: best=315, median=335.0, diversity=0.02 | INDIVIDUALS: n=200, avg_genome_length=5.79 | VIRUSES: gene_rate=0.000
2022-01-01 00:09:08.018611 | GENERATION: 212 | ERRORS: best=315, median=335.0, diversity=0.06 | INDIVIDUALS: n=200, avg_genome_length=5.74 | VIRUSES: gene_rate=0.000
2022-01-01 00:09:09.061864 | GENERATION: 213 | ERRORS: best=301, median=335.0, diversity=0.07 | INDIVIDUALS: n=200, avg_genome_length=5.985 | VIRUSES: gene_rate=0.000
2022-01-01 00:09:09.997183 | GENERATION: 214 | ERRORS: best=315, median=335.0, diversity=0.035 | INDIVIDUALS: n=200, avg_genome_length=6.2 | VIRUSES: gene_rate=0.000
2022-01-01 00:09:10.934870 | GENERATION: 215 | ERRORS: best=289, median=335.0, diversity=0.045 | INDIVIDUALS: n=200, avg_genome_length=6.58 | VIRUSES: gene_rate=0.000
2022-01-01 00:09:12.019683 | GENERATION: 216 | ERRORS: best=315, median=335.0, diversity=0.045 | INDIVIDUALS: n=200, avg_genome_length=6.565 | VIRUSES: gene_rate=0.000
2022-01-01 00:09:12.946976 | GENERATION: 217 | ERRORS: best=315, median=335.0, diversity=0.035 | INDIVIDUALS: n=200, avg_genome_length=6.2 | VIRUSES: gene_rate=0.000
2022-01-01 00:09:13.908247 | GENERATION: 218 | ERRORS: best=315, median=335.0, diversity=0.025 | INDIVIDUALS: n=200, avg_genome_length=6.575 | VIRUSES: gene_rate=0.000
2022-01-01 00:09:15.263784 | GENERATION: 219 | ERRORS: best=315, median=335.0, diversity=0.05 | INDIVIDUALS: n=200, avg_genome_length=6.705 | VIRUSES: gene_rate=0.000
2022-01-01 00:09:16.256086 | GENERATION: 220 | ERRORS: best=301, median=335.0, diversity=0.04 | INDIVIDUALS: n=200, avg_genome_length=7.41 | VIRUSES: gene_rate=0.000
2022-01-01 00:09:17.260150 | GENERATION: 221 | ERRORS: best=315, median=335.0, diversity=0.015 | INDIVIDUALS: n=200, avg_genome_length=6.845 | VIRUSES: gene_rate=0.000
2022-01-01 00:09:18.251358 | GENERATION: 222 | ERRORS: best=315, median=335.0, diversity=0.03 | INDIVIDUALS: n=200, avg_genome_length=7.145 | VIRUSES: gene_rate=0.000
2022-01-01 00:09:19.488214 | GENERATION: 223 | ERRORS: best=315, median=335.0, diversity=0.045 | INDIVIDUALS: n=200, avg_genome_length=7.005 | VIRUSES: gene_rate=0.000
2022-01-01 00:09:20.973256 | GENERATION: 224 | ERRORS: best=301, median=335.0, diversity=0.05 | INDIVIDUALS: n=200, avg_genome_length=8.07 | VIRUSES: gene_rate=0.000
2022-01-01 00:09:22.213341 | GENERATION: 225 | ERRORS: best=315, median=335.0, diversity=0.04 | INDIVIDUALS: n=200, avg_genome_length=7.785 | VIRUSES: gene_rate=0.000
2022-01-01 00:09:23.617400 | GENERATION: 226 | ERRORS: best=315, median=335.0, diversity=0.045 | INDIVIDUALS: n=200, avg_genome_length=7.72 | VIRUSES: gene_rate=0.000
2022-01-01 00:09:24.566739 | GENERATION: 227 | ERRORS: best=310, median=335.0, diversity=0.045 | INDIVIDUALS: n=200, avg_genome_length=7.395 | VIRUSES: gene_rate=0.000
2022-01-01 00:09:25.827883 | GENERATION: 228 | ERRORS: best=315, median=335.0, diversity=0.04 | INDIVIDUALS: n=200, avg_genome_length=7.44 | VIRUSES: gene_rate=0.000
2022-01-01 00:09:27.091666 | GENERATION: 229 | ERRORS: best=315, median=335.0, diversity=0.035 | INDIVIDUALS: n=200, avg_genome_length=7.825 | VIRUSES: gene_rate=0.000
2022-01-01 00:09:28.520228 | GENERATION: 230 | ERRORS: best=315, median=335.0, diversity=0.02 | INDIVIDUALS: n=200, avg_genome_length=8.16 | VIRUSES: gene_rate=0.000
2022-01-01 00:09:29.752218 | GENERATION: 231 | ERRORS: best=315, median=335.0, diversity=0.055 | INDIVIDUALS: n=200, avg_genome_length=8.29 | VIRUSES: gene_rate=0.000
2022-01-01 00:09:30.755395 | GENERATION: 232 | ERRORS: best=289, median=335.0, diversity=0.04 | INDIVIDUALS: n=200, avg_genome_length=8.83 | VIRUSES: gene_rate=0.000
2022-01-01 00:09:31.874033 | GENERATION: 233 | ERRORS: best=289, median=335.0, diversity=0.055 | INDIVIDUALS: n=200, avg_genome_length=8.985 | VIRUSES: gene_rate=0.000
2022-01-01 00:09:32.928792 | GENERATION: 234 | ERRORS: best=315, median=335.0, diversity=0.045 | INDIVIDUALS: n=200, avg_genome_length=8.85 | VIRUSES: gene_rate=0.000
2022-01-01 00:09:34.212675 | GENERATION: 235 | ERRORS: best=301, median=335.0, diversity=0.035 | INDIVIDUALS: n=200, avg_genome_length=9.285 | VIRUSES: gene_rate=0.000
2022-01-01 00:09:35.660739 | GENERATION: 236 | ERRORS: best=315, median=335.0, diversity=0.055 | INDIVIDUALS: n=200, avg_genome_length=10.5 | VIRUSES: gene_rate=0.000
2022-01-01 00:09:36.798709 | GENERATION: 237 | ERRORS: best=315, median=335.0, diversity=0.05 | INDIVIDUALS: n=200, avg_genome_length=9.69 | VIRUSES: gene_rate=0.000
2022-01-01 00:09:38.225493 | GENERATION: 238 | ERRORS: best=301, median=335.0, diversity=0.055 | INDIVIDUALS: n=200, avg_genome_length=9.745 | VIRUSES: gene_rate=0.000
2022-01-01 00:09:39.334950 | GENERATION: 239 | ERRORS: best=315, median=335.0, diversity=0.055 | INDIVIDUALS: n=200, avg_genome_length=10.205 | VIRUSES: gene_rate=0.000
2022-01-01 00:09:40.585339 | GENERATION: 240 | ERRORS: best=315, median=335.0, diversity=0.045 | INDIVIDUALS: n=200, avg_genome_length=9.645 | VIRUSES: gene_rate=0.000
2022-01-01 00:09:41.852085 | GENERATION: 241 | ERRORS: best=310, median=335.0, diversity=0.04 | INDIVIDUALS: n=200, avg_genome_length=9.16 | VIRUSES: gene_rate=0.000
2022-01-01 00:09:43.195800 | GENERATION: 242 | ERRORS: best=289, median=335.0, diversity=0.045 | INDIVIDUALS: n=200, avg_genome_length=8.635 | VIRUSES: gene_rate=0.000
2022-01-01 00:09:44.469181 | GENERATION: 243 | ERRORS: best=315, median=335.0, diversity=0.03 | INDIVIDUALS: n=200, avg_genome_length=7.855 | VIRUSES: gene_rate=0.000
2022-01-01 00:09:45.895777 | GENERATION: 244 | ERRORS: best=315, median=335.0, diversity=0.04 | INDIVIDUALS: n=200, avg_genome_length=8.275 | VIRUSES: gene_rate=0.000
2022-01-01 00:09:46.866777 | GENERATION: 245 | ERRORS: best=315, median=335.0, diversity=0.03 | INDIVIDUALS: n=200, avg_genome_length=7.85 | VIRUSES: gene_rate=0.000
2022-01-01 00:09:47.856511 | GENERATION: 246 | ERRORS: best=315, median=335.0, diversity=0.04 | INDIVIDUALS: n=200, avg_genome_length=7.645 | VIRUSES: gene_rate=0.000
2022-01-01 00:09:48.832354 | GENERATION: 247 | ERRORS: best=289, median=335.0, diversity=0.03 | INDIVIDUALS: n=200, avg_genome_length=7.54 | VIRUSES: gene_rate=0.000
2022-01-01 00:09:49.792918 | GENERATION: 248 | ERRORS: best=315, median=335.0, diversity=0.05 | INDIVIDUALS: n=200, avg_genome_length=7.36 | VIRUSES: gene_rate=0.000
2022-01-01 00:09:50.768333 | GENERATION: 249 | ERRORS: best=315, median=335.0, diversity=0.03 | INDIVIDUALS: n=200, avg_genome_length=7.99 | VIRUSES: gene_rate=0.000
2022-01-01 00:09:51.738699 | GENERATION: 250 | ERRORS: best=315, median=335.0, diversity=0.02 | INDIVIDUALS: n=200, avg_genome_length=7.63 | VIRUSES: gene_rate=0.000
2022-01-01 00:09:52.725308 | GENERATION: 251 | ERRORS: best=315, median=335.0, diversity=0.02 | INDIVIDUALS: n=200, avg_genome_length=7.355 | VIRUSES: gene_rate=0.000
2022-01-01 00:09:53.967951 | GENERATION: 252 | ERRORS: best=310, median=335.0, diversity=0.04 | INDIVIDUALS: n=200, avg_genome_length=7.155 | VIRUSES: gene_rate=0.000
2022-01-01 00:09:54.931832 | GENERATION: 253 | ERRORS: best=315, median=335.0, diversity=0.02 | INDIVIDUALS: n=200, avg_genome_length=7.065 | VIRUSES: gene_rate=0.000
2022-01-01 00:09:56.540182 | GENERATION: 254 | ERRORS: best=315, median=335.0, diversity=0.055 | INDIVIDUALS: n=200, avg_genome_length=7.585 | VIRUSES: gene_rate=0.000
2022-01-01 00:09:57.509332 | GENERATION: 255 | ERRORS: best=315, median=335.0, diversity=0.03 | INDIVIDUALS: n=200, avg_genome_length=7.41 | VIRUSES: gene_rate=0.000
2022-01-01 00:09:58.829236 | GENERATION: 256 | ERRORS: best=315, median=335.0, diversity=0.03 | INDIVIDUALS: n=200, avg_genome_length=7.675 | VIRUSES: gene_rate=0.000
2022-01-01 00:09:59.852978 | GENERATION: 257 | ERRORS: best=310, median=335.0, diversity=0.05 | INDIVIDUALS: n=200, avg_genome_length=7.66 | VIRUSES: gene_rate=0.000
2022-01-01 00:10:01.264868 | GENERATION: 258 | ERRORS: best=310, median=335.0, diversity=0.035 | INDIVIDUALS: n=200, avg_genome_length=7.79 | VIRUSES: gene_rate=0.000
2022-01-01 00:10:02.234106 | GENERATION: 259 | ERRORS: best=289, median=335.0, diversity=0.035 | INDIVIDUALS: n=200, avg_genome_length=7.58 | VIRUSES: gene_rate=0.000
2022-01-01 00:10:03.248610 | GENERATION: 260 | ERRORS: best=301, median=335.0, diversity=0.04 | INDIVIDUALS: n=200, avg_genome_length=7.845 | VIRUSES: gene_rate=0.000
2022-01-01 00:10:04.668551 | GENERATION: 261 | ERRORS: best=310, median=335.0, diversity=0.045 | INDIVIDUALS: n=200, avg_genome_length=8.475 | VIRUSES: gene_rate=0.000
2022-01-01 00:10:06.112210 | GENERATION: 262 | ERRORS: best=315, median=335.0, diversity=0.05 | INDIVIDUALS: n=200, avg_genome_length=8.78 | VIRUSES: gene_rate=0.000
2022-01-01 00:10:07.162048 | GENERATION: 263 | ERRORS: best=289, median=335.0, diversity=0.04 | INDIVIDUALS: n=200, avg_genome_length=8.66 | VIRUSES: gene_rate=0.000
2022-01-01 00:10:08.357265 | GENERATION: 264 | ERRORS: best=315, median=335.0, diversity=0.045 | INDIVIDUALS: n=200, avg_genome_length=8.335 | VIRUSES: gene_rate=0.000
2022-01-01 00:10:09.414447 | GENERATION: 265 | ERRORS: best=315, median=335.0, diversity=0.035 | INDIVIDUALS: n=200, avg_genome_length=8.515 | VIRUSES: gene_rate=0.000
2022-01-01 00:10:10.788211 | GENERATION: 266 | ERRORS: best=310, median=335.0, diversity=0.055 | INDIVIDUALS: n=200, avg_genome_length=7.97 | VIRUSES: gene_rate=0.000
2022-01-01 00:10:12.477571 | GENERATION: 267 | ERRORS: best=315, median=335.0, diversity=0.045 | INDIVIDUALS: n=200, avg_genome_length=7.83 | VIRUSES: gene_rate=0.000
2022-01-01 00:10:13.745987 | GENERATION: 268 | ERRORS: best=301, median=335.0, diversity=0.035 | INDIVIDUALS: n=200, avg_genome_length=7.855 | VIRUSES: gene_rate=0.000
2022-01-01 00:10:15.412308 | GENERATION: 269 | ERRORS: best=315, median=335.0, diversity=0.04 | INDIVIDUALS: n=200, avg_genome_length=8.76 | VIRUSES: gene_rate=0.000
2022-01-01 00:10:16.426443 | GENERATION: 270 | ERRORS: best=301, median=335.0, diversity=0.03 | INDIVIDUALS: n=200, avg_genome_length=8.855 | VIRUSES: gene_rate=0.000
2022-01-01 00:10:17.556376 | GENERATION: 271 | ERRORS: best=301, median=335.0, diversity=0.035 | INDIVIDUALS: n=200, avg_genome_length=8.355 | VIRUSES: gene_rate=0.000
2022-01-01 00:10:18.571268 | GENERATION: 272 | ERRORS: best=315, median=335.0, diversity=0.025 | INDIVIDUALS: n=200, avg_genome_length=7.91 | VIRUSES: gene_rate=0.000
2022-01-01 00:10:20.000539 | GENERATION: 273 | ERRORS: best=315, median=335.0, diversity=0.04 | INDIVIDUALS: n=200, avg_genome_length=7.395 | VIRUSES: gene_rate=0.000
2022-01-01 00:10:21.420509 | GENERATION: 274 | ERRORS: best=310, median=335.0, diversity=0.04 | INDIVIDUALS: n=200, avg_genome_length=7.355 | VIRUSES: gene_rate=0.000
2022-01-01 00:10:22.504657 | GENERATION: 275 | ERRORS: best=307, median=335.0, diversity=0.04 | INDIVIDUALS: n=200, avg_genome_length=7.155 | VIRUSES: gene_rate=0.000
2022-01-01 00:10:23.978917 | GENERATION: 276 | ERRORS: best=315, median=335.0, diversity=0.035 | INDIVIDUALS: n=200, avg_genome_length=6.96 | VIRUSES: gene_rate=0.000
2022-01-01 00:10:24.911354 | GENERATION: 277 | ERRORS: best=315, median=335.0, diversity=0.035 | INDIVIDUALS: n=200, avg_genome_length=6.63 | VIRUSES: gene_rate=0.000
2022-01-01 00:10:26.089089 | GENERATION: 278 | ERRORS: best=301, median=335.0, diversity=0.025 | INDIVIDUALS: n=200, avg_genome_length=6.595 | VIRUSES: gene_rate=0.000
2022-01-01 00:10:27.066502 | GENERATION: 279 | ERRORS: best=301, median=335.0, diversity=0.035 | INDIVIDUALS: n=200, avg_genome_length=7.405 | VIRUSES: gene_rate=0.000
2022-01-01 00:10:28.024258 | GENERATION: 280 | ERRORS: best=315, median=335.0, diversity=0.02 | INDIVIDUALS: n=200, avg_genome_length=7.14 | VIRUSES: gene_rate=0.000
2022-01-01 00:10:28.985474 | GENERATION: 281 | ERRORS: best=315, median=335.0, diversity=0.035 | INDIVIDUALS: n=200, avg_genome_length=7.4 | VIRUSES: gene_rate=0.000
2022-01-01 00:10:30.032577 | GENERATION: 282 | ERRORS: best=315, median=335.0, diversity=0.025 | INDIVIDUALS: n=200, avg_genome_length=6.94 | VIRUSES: gene_rate=0.000
2022-01-01 00:10:31.041198 | GENERATION: 283 | ERRORS: best=315, median=335.0, diversity=0.045 | INDIVIDUALS: n=200, avg_genome_length=6.755 | VIRUSES: gene_rate=0.000
2022-01-01 00:10:32.219632 | GENERATION: 284 | ERRORS: best=301, median=335.0, diversity=0.035 | INDIVIDUALS: n=200, avg_genome_length=6.39 | VIRUSES: gene_rate=0.000
2022-01-01 00:10:33.412214 | GENERATION: 285 | ERRORS: best=301, median=335.0, diversity=0.04 | INDIVIDUALS: n=200, avg_genome_length=6.6 | VIRUSES: gene_rate=0.000
2022-01-01 00:10:34.527796 | GENERATION: 286 | ERRORS: best=315, median=335.0, diversity=0.03 | INDIVIDUALS: n=200, avg_genome_length=6.595 | VIRUSES: gene_rate=0.000
2022-01-01 00:10:35.828005 | GENERATION: 287 | ERRORS: best=289, median=335.0, diversity=0.045 | INDIVIDUALS: n=200, avg_genome_length=6.82 | VIRUSES: gene_rate=0.000
2022-01-01 00:10:37.099951 | GENERATION: 288 | ERRORS: best=315, median=335.0, diversity=0.03 | INDIVIDUALS: n=200, avg_genome_length=7.21 | VIRUSES: gene_rate=0.000
2022-01-01 00:10:38.069425 | GENERATION: 289 | ERRORS: best=315, median=335.0, diversity=0.035 | INDIVIDUALS: n=200, avg_genome_length=7.57 | VIRUSES: gene_rate=0.000
2022-01-01 00:10:39.052907 | GENERATION: 290 | ERRORS: best=315, median=335.0, diversity=0.035 | INDIVIDUALS: n=200, avg_genome_length=7.415 | VIRUSES: gene_rate=0.000
2022-01-01 00:10:40.343444 | GENERATION: 291 | ERRORS: best=315, median=335.0, diversity=0.025 | INDIVIDUALS: n=200, avg_genome_length=6.865 | VIRUSES: gene_rate=0.000
2022-01-01 00:10:41.611366 | GENERATION: 292 | ERRORS: best=301, median=335.0, diversity=0.04 | INDIVIDUALS: n=200, avg_genome_length=6.58 | VIRUSES: gene_rate=0.000
2022-01-01 00:10:42.718647 | GENERATION: 293 | ERRORS: best=301, median=335.0, diversity=0.055 | INDIVIDUALS: n=200, avg_genome_length=6.545 | VIRUSES: gene_rate=0.000
2022-01-01 00:10:43.638915 | GENERATION: 294 | ERRORS: best=315, median=335.0, diversity=0.035 | INDIVIDUALS: n=200, avg_genome_length=6.355 | VIRUSES: gene_rate=0.000
2022-01-01 00:10:44.633022 | GENERATION: 295 | ERRORS: best=310, median=335.0, diversity=0.045 | INDIVIDUALS: n=200, avg_genome_length=6.345 | VIRUSES: gene_rate=0.000
2022-01-01 00:10:45.578816 | GENERATION: 296 | ERRORS: best=301, median=335.0, diversity=0.025 | INDIVIDUALS: n=200, avg_genome_length=6.785 | VIRUSES: gene_rate=0.000
2022-01-01 00:10:46.514832 | GENERATION: 297 | ERRORS: best=315, median=335.0, diversity=0.045 | INDIVIDUALS: n=200, avg_genome_length=6.735 | VIRUSES: gene_rate=0.000
2022-01-01 00:10:47.463398 | GENERATION: 298 | ERRORS: best=310, median=335.0, diversity=0.04 | INDIVIDUALS: n=200, avg_genome_length=6.78 | VIRUSES: gene_rate=0.000
2022-01-01 00:10:48.479156 | GENERATION: 299 | ERRORS: best=310, median=335.0, diversity=0.025 | INDIVIDUALS: n=200, avg_genome_length=6.815 | VIRUSES: gene_rate=0.000
2022-01-01 00:10:49.430569 | GENERATION: 300 | ERRORS: best=301, median=335.0, diversity=0.035 | INDIVIDUALS: n=200, avg_genome_length=6.85 | VIRUSES: gene_rate=0.000
Simplifying genome of length 75 with total error 289.
Simplified genome by 2 to length 73.
Simplified genome by 1 to length 72.
Simplified genome by 2 to length 70.
Simplified genome by 3 to length 67.
Simplified genome by 1 to length 66.
Simplified genome by 1 to length 65.
Simplified genome by 3 to length 62.
Simplified genome by 2 to length 60.
Simplified genome by 2 to length 58.
Simplified genome by 3 to length 55.
Simplified genome by 2 to length 53.
Simplified genome by 1 to length 52.
Simplified genome by 2 to length 50.
Simplified genome by 1 to length 49.
Simplified genome by 1 to length 48.
Simplified genome by 3 to length 45.
Simplified genome by 2 to length 43.
Simplified genome by 1 to length 42.
Simplified genome by 2 to length 40.
Simplified genome by 2 to length 38.
Simplified genome by 2 to length 36.
Simplified genome by 1 to length 35.
Simplified genome by 3 to length 32.
Simplified genome by 1 to length 31.
Simplified genome by 3 to length 28.
Simplified genome by 3 to length 25.
Simplified genome by 2 to length 23.
Simplified genome by 2 to length 21.
Simplified genome by 2 to length 19.
Simplified genome by 3 to length 16.
Simplified genome by 1 to length 15.
Simplified genome by 2 to length 13.
Simplified genome by 1 to length 12.
Simplified genome by 2 to length 10.
Simplified genome by 1 to length 9.
Simplified genome by 1 to length 8.
Simplified genome by 1 to length 7.
Simplified genome by 3 to length 4.
Simplified genome by 1 to length 3.
Simplified genome to length 3 and total error 289.
========================================
End Run
========================================
No solution found.
Best Seen Individual
	Genome:
	 pvector([Literal(value='large', push_type=<pyshgp.push.types.PushStrType object at 0x7fe5f4c004c0>), InstructionMeta(name='str_but_last', code_blocks=0), InstructionMeta(name='print_str', code_blocks=0)])
	Program:
	 ("large" str_but_last print_str)
	Error vector:
	 [1 4 4 4 4 4 4 4 4 4 4 4 4 4 4 4 4 1 1 1 1 1 1 1 1 4 1 4 1 4 1 4 4 1 1 1 4
 4 4 4 1 4 4 1 4 4 4 4 1 1 1 4 4 1 4 4 1 4 4 4 4 1 4 4 4 4 1 4 4 4 1 1 4 4
 4 1 1 4 4 4 1 1 4 1 1 1 4 4 4 4 4 4 1 1 4 4 4 1 1 4]
	Total error:
	 289
	Test error:
	 3052
	Time:
	 00:09:11
