========================================
Setup
========================================
Search Configuration:
signature: ProgramSignature(output_stacks=['bool'], arity=1, push_config=PushConfig(growth_cap=500, step_limit=1500, numeric_magnitude_limit=1000000000000.0, collection_size_cap=1000, runtime_limit=10))
evaluator: <pyshgp.gp.evaluation.DatasetEvaluator object at 0x7f9ae7e8ab20>
spawner: <pyshgp.gp.genome.GeneSpawner object at 0x7f9ae7e8a5b0>
population_size: 200
max_generations: 300
error_threshold: 0.0
initial_genome_size: (50, 250)
simplification_steps: 500
parallel_context: <pyshgp.gp.search.ParallelContext object at 0x7f9ae7e8ab80>
selection: <pyshgp.utils.DiscreteProbDistrib object at 0x7f9ae5d486c0>
variation: <pyshgp.utils.DiscreteProbDistrib object at 0x7f9ae5d48ec0>
Instructions:
int_add, int_sub, int_mult, int_div, int_mod, int_min, int_max, int_inc, int_dec, int_lt, int_lte, int_gt, int_gte, int_from_bool, bool_and, bool_or, bool_not, bool_xor, bool_invert_first_then_and, bool_second_first_then_and, bool_from_int, noop, noop_open, exec_do_range, exec_do_count, exec_while, exec_do_while, exec_if, exec_when, vector_int_concat, vector_int_conj, vector_int_take, vector_int_subvec, vector_int_first, vector_int_last, vector_int_nth, vector_int_rest, vector_int_but_last, vector_int_length, vector_int_reverse, vector_int_push_all, vector_int_empty_vector, vector_int_contains, vector_int_index_of, vector_int_occurrences_of, vector_int_set_nth, vector_int_replace, vector_int_replace_first, vector_int_remove, vector_int_iterate, print_bool, println_bool, print_int, println_int, print_vector_int, println_vector_int, print_exec, println_exec, bool_pop, bool_dup, bool_dup_times, bool_swap, bool_rot, bool_flush, bool_eq, bool_stack_depth, bool_yank, bool_yank_dup, bool_shove, bool_shove_dup, bool_is_empty, int_pop, int_dup, int_dup_times, int_swap, int_rot, int_flush, int_eq, int_stack_depth, int_yank, int_yank_dup, int_shove, int_shove_dup, int_is_empty, vector_int_pop, vector_int_dup, vector_int_dup_times, vector_int_swap, vector_int_rot, vector_int_flush, vector_int_eq, vector_int_stack_depth, vector_int_yank, vector_int_yank_dup, vector_int_shove, vector_int_shove_dup, vector_int_is_empty, exec_pop, exec_dup, exec_dup_times, exec_swap, exec_rot, exec_flush, exec_eq, exec_stack_depth, exec_yank, exec_yank_dup, exec_shove, exec_shove_dup, exec_is_empty
Literals:
[Literal(value=0, push_type=<pyshgp.push.types.PushIntType object at 0x7f9ae7f45700>), Literal(value=1, push_type=<pyshgp.push.types.PushIntType object at 0x7f9ae7f45700>), Literal(value=2, push_type=<pyshgp.push.types.PushIntType object at 0x7f9ae7f45700>)]
ERC Generators:
[<function rand_int at 0x7f9afd3871f0>]
========================================
Start Run
========================================
2022-01-04 20:20:37.813932 | GENERATION: 1 | ERRORS: best=46, median=100000000.0, diversity=0.015 | INDIVIDUALS: n=200, avg_genome_length=165.635 | VIRUSES: gene_rate=0.000
2022-01-04 20:20:44.650947 | GENERATION: 2 | ERRORS: best=46, median=54.0, diversity=0.025 | INDIVIDUALS: n=200, avg_genome_length=184.265 | VIRUSES: gene_rate=0.000
2022-01-04 20:20:52.224625 | GENERATION: 3 | ERRORS: best=46, median=54.0, diversity=0.045 | INDIVIDUALS: n=200, avg_genome_length=182.415 | VIRUSES: gene_rate=0.000
2022-01-04 20:20:57.896860 | GENERATION: 4 | ERRORS: best=40, median=50.5, diversity=0.125 | INDIVIDUALS: n=200, avg_genome_length=174.745 | VIRUSES: gene_rate=0.000
2022-01-04 20:21:05.237151 | GENERATION: 5 | ERRORS: best=35, median=51.0, diversity=0.265 | INDIVIDUALS: n=200, avg_genome_length=165.92 | VIRUSES: gene_rate=0.000
2022-01-04 20:21:13.293796 | GENERATION: 6 | ERRORS: best=35, median=52.0, diversity=0.48 | INDIVIDUALS: n=200, avg_genome_length=161.095 | VIRUSES: gene_rate=0.000
2022-01-04 20:21:22.318093 | GENERATION: 7 | ERRORS: best=35, median=53.0, diversity=0.485 | INDIVIDUALS: n=200, avg_genome_length=157.06 | VIRUSES: gene_rate=0.000
2022-01-04 20:21:31.895271 | GENERATION: 8 | ERRORS: best=35, median=53.0, diversity=0.505 | INDIVIDUALS: n=200, avg_genome_length=156.51 | VIRUSES: gene_rate=0.000
2022-01-04 20:21:42.027914 | GENERATION: 9 | ERRORS: best=36, median=48.5, diversity=0.505 | INDIVIDUALS: n=200, avg_genome_length=155.805 | VIRUSES: gene_rate=0.000
2022-01-04 20:21:51.868793 | GENERATION: 10 | ERRORS: best=36, median=51.0, diversity=0.495 | INDIVIDUALS: n=200, avg_genome_length=155.565 | VIRUSES: gene_rate=0.000
2022-01-04 20:22:01.442428 | GENERATION: 11 | ERRORS: best=38, median=46.0, diversity=0.525 | INDIVIDUALS: n=200, avg_genome_length=155.005 | VIRUSES: gene_rate=0.000
2022-01-04 20:22:12.971553 | GENERATION: 12 | ERRORS: best=36, median=50.0, diversity=0.525 | INDIVIDUALS: n=200, avg_genome_length=153.255 | VIRUSES: gene_rate=0.000
2022-01-04 20:22:23.797254 | GENERATION: 13 | ERRORS: best=36, median=49.0, diversity=0.545 | INDIVIDUALS: n=200, avg_genome_length=152.805 | VIRUSES: gene_rate=0.000
2022-01-04 20:22:33.126075 | GENERATION: 14 | ERRORS: best=36, median=47.5, diversity=0.46 | INDIVIDUALS: n=200, avg_genome_length=152.825 | VIRUSES: gene_rate=0.000
2022-01-04 20:22:42.993887 | GENERATION: 15 | ERRORS: best=36, median=48.0, diversity=0.5 | INDIVIDUALS: n=200, avg_genome_length=152.505 | VIRUSES: gene_rate=0.000
2022-01-04 20:22:51.879697 | GENERATION: 16 | ERRORS: best=33, median=49.5, diversity=0.48 | INDIVIDUALS: n=200, avg_genome_length=152.395 | VIRUSES: gene_rate=0.000
2022-01-04 20:23:01.974568 | GENERATION: 17 | ERRORS: best=33, median=47.0, diversity=0.505 | INDIVIDUALS: n=200, avg_genome_length=152.945 | VIRUSES: gene_rate=0.000
2022-01-04 20:23:42.722800 | GENERATION: 18 | ERRORS: best=30, median=46.5, diversity=0.445 | INDIVIDUALS: n=200, avg_genome_length=154.015 | VIRUSES: gene_rate=0.000
2022-01-04 20:23:51.813696 | GENERATION: 19 | ERRORS: best=29, median=46.0, diversity=0.48 | INDIVIDUALS: n=200, avg_genome_length=154.87 | VIRUSES: gene_rate=0.000
2022-01-04 20:24:06.503567 | GENERATION: 20 | ERRORS: best=30, median=48.0, diversity=0.555 | INDIVIDUALS: n=200, avg_genome_length=156.335 | VIRUSES: gene_rate=0.000
2022-01-04 20:24:19.504497 | GENERATION: 21 | ERRORS: best=30, median=47.0, diversity=0.56 | INDIVIDUALS: n=200, avg_genome_length=156.125 | VIRUSES: gene_rate=0.000
2022-01-04 20:24:29.151271 | GENERATION: 22 | ERRORS: best=26, median=47.5, diversity=0.52 | INDIVIDUALS: n=200, avg_genome_length=156.385 | VIRUSES: gene_rate=0.000
2022-01-04 20:24:38.474732 | GENERATION: 23 | ERRORS: best=26, median=48.0, diversity=0.555 | INDIVIDUALS: n=200, avg_genome_length=156.55 | VIRUSES: gene_rate=0.000
2022-01-04 20:24:47.513465 | GENERATION: 24 | ERRORS: best=26, median=46.0, diversity=0.445 | INDIVIDUALS: n=200, avg_genome_length=157.445 | VIRUSES: gene_rate=0.000
2022-01-04 20:25:04.760007 | GENERATION: 25 | ERRORS: best=26, median=46.0, diversity=0.5 | INDIVIDUALS: n=200, avg_genome_length=157.24 | VIRUSES: gene_rate=0.000
2022-01-04 20:25:14.166927 | GENERATION: 26 | ERRORS: best=25, median=46.0, diversity=0.465 | INDIVIDUALS: n=200, avg_genome_length=157.56 | VIRUSES: gene_rate=0.000
2022-01-04 20:25:24.508384 | GENERATION: 27 | ERRORS: best=25, median=46.0, diversity=0.425 | INDIVIDUALS: n=200, avg_genome_length=158.665 | VIRUSES: gene_rate=0.000
2022-01-04 20:25:36.026976 | GENERATION: 28 | ERRORS: best=26, median=46.0, diversity=0.495 | INDIVIDUALS: n=200, avg_genome_length=158.53 | VIRUSES: gene_rate=0.000
2022-01-04 20:25:46.490519 | GENERATION: 29 | ERRORS: best=26, median=46.0, diversity=0.5 | INDIVIDUALS: n=200, avg_genome_length=158.405 | VIRUSES: gene_rate=0.000
2022-01-04 20:25:57.472494 | GENERATION: 30 | ERRORS: best=26, median=46.0, diversity=0.505 | INDIVIDUALS: n=200, avg_genome_length=158.185 | VIRUSES: gene_rate=0.000
2022-01-04 20:26:09.404011 | GENERATION: 31 | ERRORS: best=26, median=46.0, diversity=0.475 | INDIVIDUALS: n=200, avg_genome_length=159.64 | VIRUSES: gene_rate=0.000
2022-01-04 20:26:20.891559 | GENERATION: 32 | ERRORS: best=26, median=46.0, diversity=0.49 | INDIVIDUALS: n=200, avg_genome_length=160.33 | VIRUSES: gene_rate=0.000
2022-01-04 20:26:33.557782 | GENERATION: 33 | ERRORS: best=26, median=46.0, diversity=0.385 | INDIVIDUALS: n=200, avg_genome_length=160.475 | VIRUSES: gene_rate=0.000
2022-01-04 20:26:45.433264 | GENERATION: 34 | ERRORS: best=26, median=46.0, diversity=0.45 | INDIVIDUALS: n=200, avg_genome_length=160.225 | VIRUSES: gene_rate=0.000
2022-01-04 20:26:56.845532 | GENERATION: 35 | ERRORS: best=26, median=46.0, diversity=0.45 | INDIVIDUALS: n=200, avg_genome_length=159.2 | VIRUSES: gene_rate=0.000
2022-01-04 20:27:10.222122 | GENERATION: 36 | ERRORS: best=26, median=46.0, diversity=0.455 | INDIVIDUALS: n=200, avg_genome_length=158.255 | VIRUSES: gene_rate=0.000
2022-01-04 20:27:22.063694 | GENERATION: 37 | ERRORS: best=24, median=46.0, diversity=0.54 | INDIVIDUALS: n=200, avg_genome_length=158.48 | VIRUSES: gene_rate=0.000
2022-01-04 20:27:35.139499 | GENERATION: 38 | ERRORS: best=24, median=46.0, diversity=0.505 | INDIVIDUALS: n=200, avg_genome_length=157.395 | VIRUSES: gene_rate=0.000
2022-01-04 20:27:47.364434 | GENERATION: 39 | ERRORS: best=24, median=46.0, diversity=0.555 | INDIVIDUALS: n=200, avg_genome_length=157.82 | VIRUSES: gene_rate=0.000
2022-01-04 20:28:01.433928 | GENERATION: 40 | ERRORS: best=24, median=46.0, diversity=0.545 | INDIVIDUALS: n=200, avg_genome_length=154.92 | VIRUSES: gene_rate=0.000
2022-01-04 20:28:14.661525 | GENERATION: 41 | ERRORS: best=25, median=46.0, diversity=0.58 | INDIVIDUALS: n=200, avg_genome_length=154.835 | VIRUSES: gene_rate=0.000
2022-01-04 20:28:27.012620 | GENERATION: 42 | ERRORS: best=25, median=46.0, diversity=0.495 | INDIVIDUALS: n=200, avg_genome_length=154.65 | VIRUSES: gene_rate=0.000
2022-01-04 20:28:41.039553 | GENERATION: 43 | ERRORS: best=25, median=46.0, diversity=0.52 | INDIVIDUALS: n=200, avg_genome_length=154.695 | VIRUSES: gene_rate=0.000
2022-01-04 20:28:55.807073 | GENERATION: 44 | ERRORS: best=21, median=46.0, diversity=0.54 | INDIVIDUALS: n=200, avg_genome_length=155.45 | VIRUSES: gene_rate=0.000
2022-01-04 20:29:09.368639 | GENERATION: 45 | ERRORS: best=21, median=46.0, diversity=0.54 | INDIVIDUALS: n=200, avg_genome_length=153.705 | VIRUSES: gene_rate=0.000
2022-01-04 20:29:22.811751 | GENERATION: 46 | ERRORS: best=21, median=46.0, diversity=0.495 | INDIVIDUALS: n=200, avg_genome_length=152.88 | VIRUSES: gene_rate=0.000
2022-01-04 20:29:38.028687 | GENERATION: 47 | ERRORS: best=21, median=46.0, diversity=0.495 | INDIVIDUALS: n=200, avg_genome_length=153.175 | VIRUSES: gene_rate=0.000
2022-01-04 20:29:52.319424 | GENERATION: 48 | ERRORS: best=21, median=46.0, diversity=0.52 | INDIVIDUALS: n=200, avg_genome_length=152.575 | VIRUSES: gene_rate=0.000
2022-01-04 20:30:06.689181 | GENERATION: 49 | ERRORS: best=21, median=46.0, diversity=0.515 | INDIVIDUALS: n=200, avg_genome_length=152.7 | VIRUSES: gene_rate=0.000
2022-01-04 20:30:21.009406 | GENERATION: 50 | ERRORS: best=21, median=46.0, diversity=0.535 | INDIVIDUALS: n=200, avg_genome_length=150.975 | VIRUSES: gene_rate=0.000
2022-01-04 20:30:36.659901 | GENERATION: 51 | ERRORS: best=20, median=46.0, diversity=0.51 | INDIVIDUALS: n=200, avg_genome_length=151.125 | VIRUSES: gene_rate=0.000
2022-01-04 20:30:53.269130 | GENERATION: 52 | ERRORS: best=20, median=46.0, diversity=0.495 | INDIVIDUALS: n=200, avg_genome_length=150.515 | VIRUSES: gene_rate=0.000
2022-01-04 20:31:10.170088 | GENERATION: 53 | ERRORS: best=20, median=45.5, diversity=0.635 | INDIVIDUALS: n=200, avg_genome_length=150.35 | VIRUSES: gene_rate=0.000
2022-01-04 20:31:26.882599 | GENERATION: 54 | ERRORS: best=20, median=46.0, diversity=0.575 | INDIVIDUALS: n=200, avg_genome_length=150.595 | VIRUSES: gene_rate=0.000
2022-01-04 20:31:41.950458 | GENERATION: 55 | ERRORS: best=21, median=46.0, diversity=0.55 | INDIVIDUALS: n=200, avg_genome_length=150.54 | VIRUSES: gene_rate=0.000
2022-01-04 20:31:57.065440 | GENERATION: 56 | ERRORS: best=20, median=46.0, diversity=0.55 | INDIVIDUALS: n=200, avg_genome_length=151.29 | VIRUSES: gene_rate=0.000
2022-01-04 20:32:11.518920 | GENERATION: 57 | ERRORS: best=20, median=46.0, diversity=0.595 | INDIVIDUALS: n=200, avg_genome_length=152.135 | VIRUSES: gene_rate=0.000
2022-01-04 20:32:28.320326 | GENERATION: 58 | ERRORS: best=20, median=46.0, diversity=0.545 | INDIVIDUALS: n=200, avg_genome_length=151.305 | VIRUSES: gene_rate=0.000
2022-01-04 20:32:48.434989 | GENERATION: 59 | ERRORS: best=21, median=46.0, diversity=0.555 | INDIVIDUALS: n=200, avg_genome_length=150.99 | VIRUSES: gene_rate=0.000
2022-01-04 20:33:07.206823 | GENERATION: 60 | ERRORS: best=20, median=46.0, diversity=0.605 | INDIVIDUALS: n=200, avg_genome_length=150.765 | VIRUSES: gene_rate=0.000
2022-01-04 20:33:28.361984 | GENERATION: 61 | ERRORS: best=21, median=46.0, diversity=0.615 | INDIVIDUALS: n=200, avg_genome_length=150.645 | VIRUSES: gene_rate=0.000
2022-01-04 20:33:45.570856 | GENERATION: 62 | ERRORS: best=20, median=42.0, diversity=0.6 | INDIVIDUALS: n=200, avg_genome_length=150.315 | VIRUSES: gene_rate=0.000
2022-01-04 20:34:05.659179 | GENERATION: 63 | ERRORS: best=20, median=46.0, diversity=0.635 | INDIVIDUALS: n=200, avg_genome_length=150.305 | VIRUSES: gene_rate=0.000
2022-01-04 20:34:25.238472 | GENERATION: 64 | ERRORS: best=20, median=42.5, diversity=0.645 | INDIVIDUALS: n=200, avg_genome_length=151.205 | VIRUSES: gene_rate=0.000
2022-01-04 20:34:41.677514 | GENERATION: 65 | ERRORS: best=19, median=46.0, diversity=0.595 | INDIVIDUALS: n=200, avg_genome_length=150.79 | VIRUSES: gene_rate=0.000
2022-01-04 20:34:58.413800 | GENERATION: 66 | ERRORS: best=19, median=46.0, diversity=0.585 | INDIVIDUALS: n=200, avg_genome_length=150.55 | VIRUSES: gene_rate=0.000
2022-01-04 20:35:14.192040 | GENERATION: 67 | ERRORS: best=19, median=46.0, diversity=0.57 | INDIVIDUALS: n=200, avg_genome_length=150.565 | VIRUSES: gene_rate=0.000
2022-01-04 20:35:30.863919 | GENERATION: 68 | ERRORS: best=19, median=44.5, diversity=0.635 | INDIVIDUALS: n=200, avg_genome_length=152.275 | VIRUSES: gene_rate=0.000
2022-01-04 20:35:45.346466 | GENERATION: 69 | ERRORS: best=20, median=46.0, diversity=0.58 | INDIVIDUALS: n=200, avg_genome_length=152.375 | VIRUSES: gene_rate=0.000
2022-01-04 20:35:58.704277 | GENERATION: 70 | ERRORS: best=20, median=46.0, diversity=0.585 | INDIVIDUALS: n=200, avg_genome_length=151.815 | VIRUSES: gene_rate=0.000
2022-01-04 20:36:11.025528 | GENERATION: 71 | ERRORS: best=19, median=46.0, diversity=0.57 | INDIVIDUALS: n=200, avg_genome_length=150.39 | VIRUSES: gene_rate=0.000
2022-01-04 20:36:24.836072 | GENERATION: 72 | ERRORS: best=19, median=46.0, diversity=0.6 | INDIVIDUALS: n=200, avg_genome_length=150.37 | VIRUSES: gene_rate=0.000
2022-01-04 20:36:38.303314 | GENERATION: 73 | ERRORS: best=18, median=46.0, diversity=0.63 | INDIVIDUALS: n=200, avg_genome_length=150.88 | VIRUSES: gene_rate=0.000
2022-01-04 20:36:50.652312 | GENERATION: 74 | ERRORS: best=18, median=46.0, diversity=0.55 | INDIVIDUALS: n=200, avg_genome_length=150.17 | VIRUSES: gene_rate=0.000
2022-01-04 20:37:03.178431 | GENERATION: 75 | ERRORS: best=18, median=46.0, diversity=0.54 | INDIVIDUALS: n=200, avg_genome_length=149.685 | VIRUSES: gene_rate=0.000
2022-01-04 20:37:15.415632 | GENERATION: 76 | ERRORS: best=17, median=46.0, diversity=0.555 | INDIVIDUALS: n=200, avg_genome_length=150.365 | VIRUSES: gene_rate=0.000
2022-01-04 20:37:29.369524 | GENERATION: 77 | ERRORS: best=17, median=46.0, diversity=0.54 | INDIVIDUALS: n=200, avg_genome_length=150.59 | VIRUSES: gene_rate=0.000
2022-01-04 20:37:42.840939 | GENERATION: 78 | ERRORS: best=17, median=46.0, diversity=0.53 | INDIVIDUALS: n=200, avg_genome_length=151.11 | VIRUSES: gene_rate=0.000
2022-01-04 20:37:56.513166 | GENERATION: 79 | ERRORS: best=17, median=46.0, diversity=0.605 | INDIVIDUALS: n=200, avg_genome_length=151.845 | VIRUSES: gene_rate=0.000
2022-01-04 20:38:09.781530 | GENERATION: 80 | ERRORS: best=17, median=46.0, diversity=0.565 | INDIVIDUALS: n=200, avg_genome_length=151.79 | VIRUSES: gene_rate=0.000
2022-01-04 20:38:24.283378 | GENERATION: 81 | ERRORS: best=17, median=46.0, diversity=0.56 | INDIVIDUALS: n=200, avg_genome_length=150.83 | VIRUSES: gene_rate=0.000
2022-01-04 20:38:38.896348 | GENERATION: 82 | ERRORS: best=17, median=44.0, diversity=0.575 | INDIVIDUALS: n=200, avg_genome_length=151.25 | VIRUSES: gene_rate=0.000
2022-01-04 20:38:56.575531 | GENERATION: 83 | ERRORS: best=17, median=40.5, diversity=0.6 | INDIVIDUALS: n=200, avg_genome_length=152.09 | VIRUSES: gene_rate=0.000
2022-01-04 20:39:13.790577 | GENERATION: 84 | ERRORS: best=17, median=46.0, diversity=0.6 | INDIVIDUALS: n=200, avg_genome_length=152.33 | VIRUSES: gene_rate=0.000
2022-01-04 20:39:30.609575 | GENERATION: 85 | ERRORS: best=17, median=41.0, diversity=0.62 | INDIVIDUALS: n=200, avg_genome_length=152.025 | VIRUSES: gene_rate=0.000
2022-01-04 20:39:45.510839 | GENERATION: 86 | ERRORS: best=17, median=46.0, diversity=0.535 | INDIVIDUALS: n=200, avg_genome_length=151.305 | VIRUSES: gene_rate=0.000
2022-01-04 20:40:02.023155 | GENERATION: 87 | ERRORS: best=17, median=40.5, diversity=0.65 | INDIVIDUALS: n=200, avg_genome_length=151.67 | VIRUSES: gene_rate=0.000
2022-01-04 20:40:18.327355 | GENERATION: 88 | ERRORS: best=18, median=46.0, diversity=0.63 | INDIVIDUALS: n=200, avg_genome_length=150.07 | VIRUSES: gene_rate=0.000
2022-01-04 20:40:35.083877 | GENERATION: 89 | ERRORS: best=18, median=45.0, diversity=0.705 | INDIVIDUALS: n=200, avg_genome_length=150.865 | VIRUSES: gene_rate=0.000
2022-01-04 20:40:50.172389 | GENERATION: 90 | ERRORS: best=18, median=46.0, diversity=0.61 | INDIVIDUALS: n=200, avg_genome_length=151.15 | VIRUSES: gene_rate=0.000
2022-01-04 20:41:06.711063 | GENERATION: 91 | ERRORS: best=18, median=46.0, diversity=0.675 | INDIVIDUALS: n=200, avg_genome_length=151.275 | VIRUSES: gene_rate=0.000
2022-01-04 20:41:23.120024 | GENERATION: 92 | ERRORS: best=18, median=46.0, diversity=0.66 | INDIVIDUALS: n=200, avg_genome_length=149.24 | VIRUSES: gene_rate=0.000
2022-01-04 20:41:37.526916 | GENERATION: 93 | ERRORS: best=18, median=46.0, diversity=0.645 | INDIVIDUALS: n=200, avg_genome_length=150.06 | VIRUSES: gene_rate=0.000
2022-01-04 20:41:53.792516 | GENERATION: 94 | ERRORS: best=17, median=46.0, diversity=0.68 | INDIVIDUALS: n=200, avg_genome_length=150.51 | VIRUSES: gene_rate=0.000
2022-01-04 20:42:08.851871 | GENERATION: 95 | ERRORS: best=17, median=46.0, diversity=0.665 | INDIVIDUALS: n=200, avg_genome_length=148.21 | VIRUSES: gene_rate=0.000
2022-01-04 20:42:23.089218 | GENERATION: 96 | ERRORS: best=17, median=46.0, diversity=0.655 | INDIVIDUALS: n=200, avg_genome_length=149.08 | VIRUSES: gene_rate=0.000
2022-01-04 20:42:37.342130 | GENERATION: 97 | ERRORS: best=17, median=46.0, diversity=0.615 | INDIVIDUALS: n=200, avg_genome_length=149.7 | VIRUSES: gene_rate=0.000
2022-01-04 20:42:52.527101 | GENERATION: 98 | ERRORS: best=17, median=46.0, diversity=0.625 | INDIVIDUALS: n=200, avg_genome_length=149.7 | VIRUSES: gene_rate=0.000
2022-01-04 20:43:06.272721 | GENERATION: 99 | ERRORS: best=17, median=46.0, diversity=0.64 | INDIVIDUALS: n=200, avg_genome_length=150.31 | VIRUSES: gene_rate=0.000
2022-01-04 20:43:20.504293 | GENERATION: 100 | ERRORS: best=17, median=42.0, diversity=0.64 | INDIVIDUALS: n=200, avg_genome_length=146.87 | VIRUSES: gene_rate=0.000
2022-01-04 20:43:34.869258 | GENERATION: 101 | ERRORS: best=18, median=46.0, diversity=0.64 | INDIVIDUALS: n=200, avg_genome_length=145.03 | VIRUSES: gene_rate=0.000
2022-01-04 20:43:50.392616 | GENERATION: 102 | ERRORS: best=18, median=45.0, diversity=0.665 | INDIVIDUALS: n=200, avg_genome_length=148.05 | VIRUSES: gene_rate=0.000
2022-01-04 20:44:06.267112 | GENERATION: 103 | ERRORS: best=18, median=46.0, diversity=0.63 | INDIVIDUALS: n=200, avg_genome_length=148.5 | VIRUSES: gene_rate=0.000
2022-01-04 20:44:22.588435 | GENERATION: 104 | ERRORS: best=18, median=46.0, diversity=0.64 | INDIVIDUALS: n=200, avg_genome_length=148.89 | VIRUSES: gene_rate=0.000
2022-01-04 20:44:36.654066 | GENERATION: 105 | ERRORS: best=18, median=46.0, diversity=0.595 | INDIVIDUALS: n=200, avg_genome_length=150.065 | VIRUSES: gene_rate=0.000
2022-01-04 20:44:52.027443 | GENERATION: 106 | ERRORS: best=18, median=46.0, diversity=0.615 | INDIVIDUALS: n=200, avg_genome_length=149.95 | VIRUSES: gene_rate=0.000
2022-01-04 20:45:08.354188 | GENERATION: 107 | ERRORS: best=17, median=46.0, diversity=0.655 | INDIVIDUALS: n=200, avg_genome_length=148.68 | VIRUSES: gene_rate=0.000
2022-01-04 20:45:24.538670 | GENERATION: 108 | ERRORS: best=17, median=46.0, diversity=0.57 | INDIVIDUALS: n=200, avg_genome_length=149.08 | VIRUSES: gene_rate=0.000
2022-01-04 20:45:38.668769 | GENERATION: 109 | ERRORS: best=17, median=46.0, diversity=0.565 | INDIVIDUALS: n=200, avg_genome_length=151.675 | VIRUSES: gene_rate=0.000
2022-01-04 20:45:53.883330 | GENERATION: 110 | ERRORS: best=17, median=45.5, diversity=0.625 | INDIVIDUALS: n=200, avg_genome_length=152.775 | VIRUSES: gene_rate=0.000
2022-01-04 20:46:08.904033 | GENERATION: 111 | ERRORS: best=17, median=46.0, diversity=0.505 | INDIVIDUALS: n=200, avg_genome_length=152.94 | VIRUSES: gene_rate=0.000
2022-01-04 20:46:23.280863 | GENERATION: 112 | ERRORS: best=17, median=46.0, diversity=0.54 | INDIVIDUALS: n=200, avg_genome_length=153.645 | VIRUSES: gene_rate=0.000
2022-01-04 20:46:38.448293 | GENERATION: 113 | ERRORS: best=17, median=46.0, diversity=0.63 | INDIVIDUALS: n=200, avg_genome_length=153.165 | VIRUSES: gene_rate=0.000
2022-01-04 20:46:53.109774 | GENERATION: 114 | ERRORS: best=17, median=46.0, diversity=0.625 | INDIVIDUALS: n=200, avg_genome_length=151.92 | VIRUSES: gene_rate=0.000
2022-01-04 20:47:07.980368 | GENERATION: 115 | ERRORS: best=17, median=42.0, diversity=0.585 | INDIVIDUALS: n=200, avg_genome_length=151.4 | VIRUSES: gene_rate=0.000
2022-01-04 20:47:21.783891 | GENERATION: 116 | ERRORS: best=17, median=46.0, diversity=0.535 | INDIVIDUALS: n=200, avg_genome_length=151.99 | VIRUSES: gene_rate=0.000
2022-01-04 20:47:35.152125 | GENERATION: 117 | ERRORS: best=17, median=46.0, diversity=0.51 | INDIVIDUALS: n=200, avg_genome_length=151.555 | VIRUSES: gene_rate=0.000
2022-01-04 20:47:49.783084 | GENERATION: 118 | ERRORS: best=17, median=46.0, diversity=0.53 | INDIVIDUALS: n=200, avg_genome_length=152.22 | VIRUSES: gene_rate=0.000
2022-01-04 20:48:03.694518 | GENERATION: 119 | ERRORS: best=17, median=46.0, diversity=0.53 | INDIVIDUALS: n=200, avg_genome_length=151.905 | VIRUSES: gene_rate=0.000
2022-01-04 20:48:18.351957 | GENERATION: 120 | ERRORS: best=17, median=46.0, diversity=0.525 | INDIVIDUALS: n=200, avg_genome_length=152.525 | VIRUSES: gene_rate=0.000
2022-01-04 20:48:32.608524 | GENERATION: 121 | ERRORS: best=17, median=38.5, diversity=0.615 | INDIVIDUALS: n=200, avg_genome_length=151.8 | VIRUSES: gene_rate=0.000
2022-01-04 20:48:47.888239 | GENERATION: 122 | ERRORS: best=17, median=46.0, diversity=0.56 | INDIVIDUALS: n=200, avg_genome_length=151.09 | VIRUSES: gene_rate=0.000
2022-01-04 20:49:02.603264 | GENERATION: 123 | ERRORS: best=17, median=46.0, diversity=0.58 | INDIVIDUALS: n=200, avg_genome_length=152.135 | VIRUSES: gene_rate=0.000
2022-01-04 20:49:17.356699 | GENERATION: 124 | ERRORS: best=17, median=46.0, diversity=0.575 | INDIVIDUALS: n=200, avg_genome_length=152.13 | VIRUSES: gene_rate=0.000
2022-01-04 20:49:41.096139 | GENERATION: 125 | ERRORS: best=17, median=46.0, diversity=0.625 | INDIVIDUALS: n=200, avg_genome_length=151.81 | VIRUSES: gene_rate=0.000
2022-01-04 20:49:56.467471 | GENERATION: 126 | ERRORS: best=17, median=46.0, diversity=0.595 | INDIVIDUALS: n=200, avg_genome_length=152.23 | VIRUSES: gene_rate=0.000
2022-01-04 20:50:13.864374 | GENERATION: 127 | ERRORS: best=17, median=46.0, diversity=0.605 | INDIVIDUALS: n=200, avg_genome_length=150.935 | VIRUSES: gene_rate=0.000
2022-01-04 20:50:32.533911 | GENERATION: 128 | ERRORS: best=16, median=46.0, diversity=0.72 | INDIVIDUALS: n=200, avg_genome_length=150.85 | VIRUSES: gene_rate=0.000
2022-01-04 20:50:49.610298 | GENERATION: 129 | ERRORS: best=16, median=46.0, diversity=0.605 | INDIVIDUALS: n=200, avg_genome_length=151.985 | VIRUSES: gene_rate=0.000
2022-01-04 20:51:06.765995 | GENERATION: 130 | ERRORS: best=16, median=46.0, diversity=0.615 | INDIVIDUALS: n=200, avg_genome_length=151.52 | VIRUSES: gene_rate=0.000
2022-01-04 20:51:24.598194 | GENERATION: 131 | ERRORS: best=16, median=46.0, diversity=0.62 | INDIVIDUALS: n=200, avg_genome_length=151.705 | VIRUSES: gene_rate=0.000
2022-01-04 20:51:42.440416 | GENERATION: 132 | ERRORS: best=16, median=42.5, diversity=0.65 | INDIVIDUALS: n=200, avg_genome_length=150.835 | VIRUSES: gene_rate=0.000
2022-01-04 20:52:00.164648 | GENERATION: 133 | ERRORS: best=16, median=43.0, diversity=0.67 | INDIVIDUALS: n=200, avg_genome_length=151.08 | VIRUSES: gene_rate=0.000
2022-01-04 20:52:18.280457 | GENERATION: 134 | ERRORS: best=16, median=46.0, diversity=0.675 | INDIVIDUALS: n=200, avg_genome_length=151.31 | VIRUSES: gene_rate=0.000
2022-01-04 20:52:42.438417 | GENERATION: 135 | ERRORS: best=15, median=46.0, diversity=0.635 | INDIVIDUALS: n=200, avg_genome_length=152.27 | VIRUSES: gene_rate=0.000
2022-01-04 20:52:59.407330 | GENERATION: 136 | ERRORS: best=15, median=46.0, diversity=0.595 | INDIVIDUALS: n=200, avg_genome_length=151.77 | VIRUSES: gene_rate=0.000
2022-01-04 20:53:18.495712 | GENERATION: 137 | ERRORS: best=15, median=42.0, diversity=0.68 | INDIVIDUALS: n=200, avg_genome_length=152.85 | VIRUSES: gene_rate=0.000
2022-01-04 20:53:38.464665 | GENERATION: 138 | ERRORS: best=15, median=36.0, diversity=0.72 | INDIVIDUALS: n=200, avg_genome_length=152.57 | VIRUSES: gene_rate=0.000
2022-01-04 20:53:56.831831 | GENERATION: 139 | ERRORS: best=16, median=46.0, diversity=0.665 | INDIVIDUALS: n=200, avg_genome_length=151.13 | VIRUSES: gene_rate=0.000
2022-01-04 20:54:16.588370 | GENERATION: 140 | ERRORS: best=17, median=46.0, diversity=0.71 | INDIVIDUALS: n=200, avg_genome_length=150.78 | VIRUSES: gene_rate=0.000
2022-01-04 20:54:36.377469 | GENERATION: 141 | ERRORS: best=15, median=46.0, diversity=0.665 | INDIVIDUALS: n=200, avg_genome_length=151.0 | VIRUSES: gene_rate=0.000
2022-01-04 20:54:57.400035 | GENERATION: 142 | ERRORS: best=16, median=46.0, diversity=0.7 | INDIVIDUALS: n=200, avg_genome_length=151.94 | VIRUSES: gene_rate=0.000
2022-01-04 20:55:18.406244 | GENERATION: 143 | ERRORS: best=15, median=46.0, diversity=0.695 | INDIVIDUALS: n=200, avg_genome_length=152.525 | VIRUSES: gene_rate=0.000
2022-01-04 20:55:39.379354 | GENERATION: 144 | ERRORS: best=15, median=46.0, diversity=0.645 | INDIVIDUALS: n=200, avg_genome_length=152.75 | VIRUSES: gene_rate=0.000
2022-01-04 20:55:59.077379 | GENERATION: 145 | ERRORS: best=15, median=46.0, diversity=0.67 | INDIVIDUALS: n=200, avg_genome_length=153.535 | VIRUSES: gene_rate=0.000
2022-01-04 20:56:17.764325 | GENERATION: 146 | ERRORS: best=15, median=46.0, diversity=0.65 | INDIVIDUALS: n=200, avg_genome_length=153.0 | VIRUSES: gene_rate=0.000
2022-01-04 20:56:37.319370 | GENERATION: 147 | ERRORS: best=15, median=46.0, diversity=0.675 | INDIVIDUALS: n=200, avg_genome_length=153.07 | VIRUSES: gene_rate=0.000
2022-01-04 20:56:58.019888 | GENERATION: 148 | ERRORS: best=15, median=46.0, diversity=0.695 | INDIVIDUALS: n=200, avg_genome_length=152.995 | VIRUSES: gene_rate=0.000
2022-01-04 20:57:18.131328 | GENERATION: 149 | ERRORS: best=15, median=46.0, diversity=0.63 | INDIVIDUALS: n=200, avg_genome_length=152.805 | VIRUSES: gene_rate=0.000
2022-01-04 20:57:38.501046 | GENERATION: 150 | ERRORS: best=15, median=46.0, diversity=0.635 | INDIVIDUALS: n=200, avg_genome_length=152.265 | VIRUSES: gene_rate=0.000
2022-01-04 20:57:58.886136 | GENERATION: 151 | ERRORS: best=15, median=46.0, diversity=0.65 | INDIVIDUALS: n=200, avg_genome_length=152.085 | VIRUSES: gene_rate=0.000
2022-01-04 20:58:22.318134 | GENERATION: 152 | ERRORS: best=15, median=46.0, diversity=0.7 | INDIVIDUALS: n=200, avg_genome_length=152.73 | VIRUSES: gene_rate=0.000
2022-01-04 20:58:44.630164 | GENERATION: 153 | ERRORS: best=15, median=46.0, diversity=0.685 | INDIVIDUALS: n=200, avg_genome_length=152.425 | VIRUSES: gene_rate=0.000
2022-01-04 20:59:04.368171 | GENERATION: 154 | ERRORS: best=15, median=46.0, diversity=0.635 | INDIVIDUALS: n=200, avg_genome_length=153.115 | VIRUSES: gene_rate=0.000
2022-01-04 20:59:24.236146 | GENERATION: 155 | ERRORS: best=15, median=46.0, diversity=0.695 | INDIVIDUALS: n=200, avg_genome_length=153.435 | VIRUSES: gene_rate=0.000
2022-01-04 20:59:43.955929 | GENERATION: 156 | ERRORS: best=15, median=46.0, diversity=0.705 | INDIVIDUALS: n=200, avg_genome_length=152.505 | VIRUSES: gene_rate=0.000
2022-01-04 21:00:04.319995 | GENERATION: 157 | ERRORS: best=15, median=46.0, diversity=0.705 | INDIVIDUALS: n=200, avg_genome_length=153.83 | VIRUSES: gene_rate=0.000
2022-01-04 21:00:34.922320 | GENERATION: 158 | ERRORS: best=15, median=46.0, diversity=0.695 | INDIVIDUALS: n=200, avg_genome_length=153.725 | VIRUSES: gene_rate=0.000
2022-01-04 21:01:09.088824 | GENERATION: 159 | ERRORS: best=15, median=46.0, diversity=0.64 | INDIVIDUALS: n=200, avg_genome_length=153.505 | VIRUSES: gene_rate=0.000
2022-01-04 21:01:30.922630 | GENERATION: 160 | ERRORS: best=15, median=46.0, diversity=0.7 | INDIVIDUALS: n=200, avg_genome_length=153.47 | VIRUSES: gene_rate=0.000
2022-01-04 21:01:51.130590 | GENERATION: 161 | ERRORS: best=11, median=45.0, diversity=0.67 | INDIVIDUALS: n=200, avg_genome_length=152.43 | VIRUSES: gene_rate=0.000
2022-01-04 21:02:12.358307 | GENERATION: 162 | ERRORS: best=11, median=46.0, diversity=0.705 | INDIVIDUALS: n=200, avg_genome_length=152.205 | VIRUSES: gene_rate=0.000
2022-01-04 21:02:32.224634 | GENERATION: 163 | ERRORS: best=11, median=45.5, diversity=0.735 | INDIVIDUALS: n=200, avg_genome_length=153.415 | VIRUSES: gene_rate=0.000
2022-01-04 21:02:53.254962 | GENERATION: 164 | ERRORS: best=12, median=46.0, diversity=0.745 | INDIVIDUALS: n=200, avg_genome_length=153.5 | VIRUSES: gene_rate=0.000
2022-01-04 21:03:13.369856 | GENERATION: 165 | ERRORS: best=12, median=46.0, diversity=0.64 | INDIVIDUALS: n=200, avg_genome_length=153.035 | VIRUSES: gene_rate=0.000
2022-01-04 21:03:33.519828 | GENERATION: 166 | ERRORS: best=13, median=46.0, diversity=0.69 | INDIVIDUALS: n=200, avg_genome_length=152.54 | VIRUSES: gene_rate=0.000
2022-01-04 21:03:55.718449 | GENERATION: 167 | ERRORS: best=12, median=46.0, diversity=0.74 | INDIVIDUALS: n=200, avg_genome_length=153.82 | VIRUSES: gene_rate=0.000
2022-01-04 21:04:16.439272 | GENERATION: 168 | ERRORS: best=12, median=46.0, diversity=0.68 | INDIVIDUALS: n=200, avg_genome_length=153.885 | VIRUSES: gene_rate=0.000
2022-01-04 21:04:37.288740 | GENERATION: 169 | ERRORS: best=12, median=44.5, diversity=0.715 | INDIVIDUALS: n=200, avg_genome_length=153.98 | VIRUSES: gene_rate=0.000
2022-01-04 21:04:58.613141 | GENERATION: 170 | ERRORS: best=12, median=46.0, diversity=0.72 | INDIVIDUALS: n=200, avg_genome_length=153.645 | VIRUSES: gene_rate=0.000
2022-01-04 21:05:18.802715 | GENERATION: 171 | ERRORS: best=12, median=43.0, diversity=0.685 | INDIVIDUALS: n=200, avg_genome_length=152.995 | VIRUSES: gene_rate=0.000
2022-01-04 21:05:40.338457 | GENERATION: 172 | ERRORS: best=12, median=42.0, diversity=0.675 | INDIVIDUALS: n=200, avg_genome_length=152.96 | VIRUSES: gene_rate=0.000
2022-01-04 21:06:01.775267 | GENERATION: 173 | ERRORS: best=12, median=46.0, diversity=0.665 | INDIVIDUALS: n=200, avg_genome_length=152.75 | VIRUSES: gene_rate=0.000
2022-01-04 21:06:23.762077 | GENERATION: 174 | ERRORS: best=12, median=46.0, diversity=0.68 | INDIVIDUALS: n=200, avg_genome_length=152.615 | VIRUSES: gene_rate=0.000
2022-01-04 21:06:44.623893 | GENERATION: 175 | ERRORS: best=15, median=46.0, diversity=0.685 | INDIVIDUALS: n=200, avg_genome_length=152.41 | VIRUSES: gene_rate=0.000
2022-01-04 21:07:04.809293 | GENERATION: 176 | ERRORS: best=14, median=46.0, diversity=0.67 | INDIVIDUALS: n=200, avg_genome_length=152.3 | VIRUSES: gene_rate=0.000
2022-01-04 21:07:26.528571 | GENERATION: 177 | ERRORS: best=14, median=46.0, diversity=0.725 | INDIVIDUALS: n=200, avg_genome_length=152.61 | VIRUSES: gene_rate=0.000
2022-01-04 21:07:49.099104 | GENERATION: 178 | ERRORS: best=14, median=46.0, diversity=0.735 | INDIVIDUALS: n=200, avg_genome_length=152.68 | VIRUSES: gene_rate=0.000
2022-01-04 21:08:11.469950 | GENERATION: 179 | ERRORS: best=14, median=46.0, diversity=0.675 | INDIVIDUALS: n=200, avg_genome_length=153.29 | VIRUSES: gene_rate=0.000
2022-01-04 21:08:35.331946 | GENERATION: 180 | ERRORS: best=14, median=46.0, diversity=0.71 | INDIVIDUALS: n=200, avg_genome_length=152.94 | VIRUSES: gene_rate=0.000
2022-01-04 21:08:58.791466 | GENERATION: 181 | ERRORS: best=14, median=46.0, diversity=0.715 | INDIVIDUALS: n=200, avg_genome_length=153.1 | VIRUSES: gene_rate=0.000
2022-01-04 21:09:20.423018 | GENERATION: 182 | ERRORS: best=14, median=46.0, diversity=0.705 | INDIVIDUALS: n=200, avg_genome_length=152.535 | VIRUSES: gene_rate=0.000
2022-01-04 21:09:43.670512 | GENERATION: 183 | ERRORS: best=14, median=46.0, diversity=0.735 | INDIVIDUALS: n=200, avg_genome_length=152.795 | VIRUSES: gene_rate=0.000
2022-01-04 21:10:05.115774 | GENERATION: 184 | ERRORS: best=14, median=46.0, diversity=0.685 | INDIVIDUALS: n=200, avg_genome_length=153.425 | VIRUSES: gene_rate=0.000
2022-01-04 21:10:27.491214 | GENERATION: 185 | ERRORS: best=14, median=46.0, diversity=0.705 | INDIVIDUALS: n=200, avg_genome_length=153.1 | VIRUSES: gene_rate=0.000
2022-01-04 21:10:49.092644 | GENERATION: 186 | ERRORS: best=13, median=46.0, diversity=0.665 | INDIVIDUALS: n=200, avg_genome_length=152.845 | VIRUSES: gene_rate=0.000
2022-01-04 21:11:10.990066 | GENERATION: 187 | ERRORS: best=13, median=45.0, diversity=0.715 | INDIVIDUALS: n=200, avg_genome_length=152.985 | VIRUSES: gene_rate=0.000
2022-01-04 21:11:31.200827 | GENERATION: 188 | ERRORS: best=13, median=46.0, diversity=0.68 | INDIVIDUALS: n=200, avg_genome_length=151.96 | VIRUSES: gene_rate=0.000
2022-01-04 21:11:52.872189 | GENERATION: 189 | ERRORS: best=13, median=46.0, diversity=0.715 | INDIVIDUALS: n=200, avg_genome_length=151.395 | VIRUSES: gene_rate=0.000
2022-01-04 21:12:15.298029 | GENERATION: 190 | ERRORS: best=13, median=45.0, diversity=0.705 | INDIVIDUALS: n=200, avg_genome_length=152.65 | VIRUSES: gene_rate=0.000
2022-01-04 21:12:38.797581 | GENERATION: 191 | ERRORS: best=13, median=46.0, diversity=0.76 | INDIVIDUALS: n=200, avg_genome_length=152.005 | VIRUSES: gene_rate=0.000
2022-01-04 21:13:00.808649 | GENERATION: 192 | ERRORS: best=13, median=46.0, diversity=0.67 | INDIVIDUALS: n=200, avg_genome_length=152.69 | VIRUSES: gene_rate=0.000
2022-01-04 21:13:21.766351 | GENERATION: 193 | ERRORS: best=15, median=46.0, diversity=0.675 | INDIVIDUALS: n=200, avg_genome_length=151.785 | VIRUSES: gene_rate=0.000
2022-01-04 21:13:44.048666 | GENERATION: 194 | ERRORS: best=14, median=46.0, diversity=0.65 | INDIVIDUALS: n=200, avg_genome_length=152.765 | VIRUSES: gene_rate=0.000
2022-01-04 21:14:06.344317 | GENERATION: 195 | ERRORS: best=14, median=46.0, diversity=0.77 | INDIVIDUALS: n=200, avg_genome_length=151.96 | VIRUSES: gene_rate=0.000
2022-01-04 21:14:29.288071 | GENERATION: 196 | ERRORS: best=13, median=46.0, diversity=0.79 | INDIVIDUALS: n=200, avg_genome_length=151.95 | VIRUSES: gene_rate=0.000
2022-01-04 21:14:51.196497 | GENERATION: 197 | ERRORS: best=14, median=46.5, diversity=0.75 | INDIVIDUALS: n=200, avg_genome_length=151.335 | VIRUSES: gene_rate=0.000
2022-01-04 21:15:12.677086 | GENERATION: 198 | ERRORS: best=14, median=46.0, diversity=0.69 | INDIVIDUALS: n=200, avg_genome_length=151.295 | VIRUSES: gene_rate=0.000
2022-01-04 21:15:32.160688 | GENERATION: 199 | ERRORS: best=13, median=46.0, diversity=0.67 | INDIVIDUALS: n=200, avg_genome_length=151.55 | VIRUSES: gene_rate=0.000
2022-01-04 21:15:53.180889 | GENERATION: 200 | ERRORS: best=13, median=46.0, diversity=0.71 | INDIVIDUALS: n=200, avg_genome_length=151.84 | VIRUSES: gene_rate=0.000
2022-01-04 21:16:14.338149 | GENERATION: 201 | ERRORS: best=13, median=46.0, diversity=0.735 | INDIVIDUALS: n=200, avg_genome_length=151.765 | VIRUSES: gene_rate=0.000
2022-01-04 21:16:35.458530 | GENERATION: 202 | ERRORS: best=14, median=46.0, diversity=0.715 | INDIVIDUALS: n=200, avg_genome_length=150.715 | VIRUSES: gene_rate=0.000
2022-01-04 21:16:55.860635 | GENERATION: 203 | ERRORS: best=14, median=46.0, diversity=0.635 | INDIVIDUALS: n=200, avg_genome_length=150.24 | VIRUSES: gene_rate=0.000
2022-01-04 21:17:16.254857 | GENERATION: 204 | ERRORS: best=13, median=54.0, diversity=0.625 | INDIVIDUALS: n=200, avg_genome_length=151.475 | VIRUSES: gene_rate=0.000
2022-01-04 21:17:40.716988 | GENERATION: 205 | ERRORS: best=13, median=52.0, diversity=0.745 | INDIVIDUALS: n=200, avg_genome_length=152.17 | VIRUSES: gene_rate=0.000
2022-01-04 21:18:06.239462 | GENERATION: 206 | ERRORS: best=13, median=46.0, diversity=0.695 | INDIVIDUALS: n=200, avg_genome_length=151.52 | VIRUSES: gene_rate=0.000
2022-01-04 21:18:28.276435 | GENERATION: 207 | ERRORS: best=13, median=54.0, diversity=0.675 | INDIVIDUALS: n=200, avg_genome_length=151.99 | VIRUSES: gene_rate=0.000
2022-01-04 21:18:52.782319 | GENERATION: 208 | ERRORS: best=13, median=54.0, diversity=0.71 | INDIVIDUALS: n=200, avg_genome_length=153.125 | VIRUSES: gene_rate=0.000
2022-01-04 21:19:19.155276 | GENERATION: 209 | ERRORS: best=13, median=46.0, diversity=0.69 | INDIVIDUALS: n=200, avg_genome_length=152.21 | VIRUSES: gene_rate=0.000
2022-01-04 21:19:44.027946 | GENERATION: 210 | ERRORS: best=13, median=49.5, diversity=0.725 | INDIVIDUALS: n=200, avg_genome_length=152.33 | VIRUSES: gene_rate=0.000
2022-01-04 21:20:07.773471 | GENERATION: 211 | ERRORS: best=13, median=46.0, diversity=0.745 | INDIVIDUALS: n=200, avg_genome_length=151.91 | VIRUSES: gene_rate=0.000
2022-01-04 21:20:37.356955 | GENERATION: 212 | ERRORS: best=15, median=46.0, diversity=0.74 | INDIVIDUALS: n=200, avg_genome_length=151.39 | VIRUSES: gene_rate=0.000
2022-01-04 21:20:58.508368 | GENERATION: 213 | ERRORS: best=15, median=46.0, diversity=0.755 | INDIVIDUALS: n=200, avg_genome_length=151.81 | VIRUSES: gene_rate=0.000
2022-01-04 21:21:21.262452 | GENERATION: 214 | ERRORS: best=15, median=46.5, diversity=0.755 | INDIVIDUALS: n=200, avg_genome_length=151.695 | VIRUSES: gene_rate=0.000
2022-01-04 21:21:42.301897 | GENERATION: 215 | ERRORS: best=14, median=48.0, diversity=0.75 | INDIVIDUALS: n=200, avg_genome_length=151.505 | VIRUSES: gene_rate=0.000
2022-01-04 21:22:03.601826 | GENERATION: 216 | ERRORS: best=14, median=47.0, diversity=0.725 | INDIVIDUALS: n=200, avg_genome_length=151.825 | VIRUSES: gene_rate=0.000
2022-01-04 21:22:27.642439 | GENERATION: 217 | ERRORS: best=14, median=49.0, diversity=0.76 | INDIVIDUALS: n=200, avg_genome_length=151.45 | VIRUSES: gene_rate=0.000
2022-01-04 21:22:51.581043 | GENERATION: 218 | ERRORS: best=14, median=48.0, diversity=0.785 | INDIVIDUALS: n=200, avg_genome_length=151.585 | VIRUSES: gene_rate=0.000
2022-01-04 21:23:14.932253 | GENERATION: 219 | ERRORS: best=14, median=46.0, diversity=0.765 | INDIVIDUALS: n=200, avg_genome_length=150.635 | VIRUSES: gene_rate=0.000
2022-01-04 21:23:37.959011 | GENERATION: 220 | ERRORS: best=14, median=46.0, diversity=0.75 | INDIVIDUALS: n=200, avg_genome_length=151.165 | VIRUSES: gene_rate=0.000
2022-01-04 21:23:59.903914 | GENERATION: 221 | ERRORS: best=13, median=46.0, diversity=0.75 | INDIVIDUALS: n=200, avg_genome_length=151.195 | VIRUSES: gene_rate=0.000
2022-01-04 21:24:21.051851 | GENERATION: 222 | ERRORS: best=13, median=46.5, diversity=0.725 | INDIVIDUALS: n=200, avg_genome_length=151.1 | VIRUSES: gene_rate=0.000
2022-01-04 21:24:45.598887 | GENERATION: 223 | ERRORS: best=13, median=46.0, diversity=0.765 | INDIVIDUALS: n=200, avg_genome_length=151.185 | VIRUSES: gene_rate=0.000
2022-01-04 21:25:09.112265 | GENERATION: 224 | ERRORS: best=13, median=46.0, diversity=0.745 | INDIVIDUALS: n=200, avg_genome_length=151.745 | VIRUSES: gene_rate=0.000
2022-01-04 21:25:30.904906 | GENERATION: 225 | ERRORS: best=13, median=49.0, diversity=0.705 | INDIVIDUALS: n=200, avg_genome_length=151.15 | VIRUSES: gene_rate=0.000
2022-01-04 21:25:57.159029 | GENERATION: 226 | ERRORS: best=13, median=46.0, diversity=0.755 | INDIVIDUALS: n=200, avg_genome_length=150.865 | VIRUSES: gene_rate=0.000
2022-01-04 21:26:28.694756 | GENERATION: 227 | ERRORS: best=13, median=46.0, diversity=0.695 | INDIVIDUALS: n=200, avg_genome_length=150.75 | VIRUSES: gene_rate=0.000
2022-01-04 21:26:57.390193 | GENERATION: 228 | ERRORS: best=13, median=46.0, diversity=0.735 | INDIVIDUALS: n=200, avg_genome_length=150.08 | VIRUSES: gene_rate=0.000
2022-01-04 21:27:20.213560 | GENERATION: 229 | ERRORS: best=14, median=46.0, diversity=0.755 | INDIVIDUALS: n=200, avg_genome_length=149.84 | VIRUSES: gene_rate=0.000
2022-01-04 21:27:42.795476 | GENERATION: 230 | ERRORS: best=14, median=44.0, diversity=0.72 | INDIVIDUALS: n=200, avg_genome_length=149.84 | VIRUSES: gene_rate=0.000
2022-01-04 21:28:08.499285 | GENERATION: 231 | ERRORS: best=13, median=46.0, diversity=0.7 | INDIVIDUALS: n=200, avg_genome_length=148.44 | VIRUSES: gene_rate=0.000
2022-01-04 21:28:41.065293 | GENERATION: 232 | ERRORS: best=13, median=46.0, diversity=0.8 | INDIVIDUALS: n=200, avg_genome_length=149.065 | VIRUSES: gene_rate=0.000
2022-01-04 21:29:01.560297 | GENERATION: 233 | ERRORS: best=13, median=46.0, diversity=0.675 | INDIVIDUALS: n=200, avg_genome_length=149.36 | VIRUSES: gene_rate=0.000
2022-01-04 21:29:22.576322 | GENERATION: 234 | ERRORS: best=13, median=46.0, diversity=0.685 | INDIVIDUALS: n=200, avg_genome_length=149.625 | VIRUSES: gene_rate=0.000
2022-01-04 21:29:44.069299 | GENERATION: 235 | ERRORS: best=13, median=46.0, diversity=0.745 | INDIVIDUALS: n=200, avg_genome_length=150.205 | VIRUSES: gene_rate=0.000
2022-01-04 21:30:04.443887 | GENERATION: 236 | ERRORS: best=13, median=46.0, diversity=0.73 | INDIVIDUALS: n=200, avg_genome_length=150.57 | VIRUSES: gene_rate=0.000
2022-01-04 21:30:25.666037 | GENERATION: 237 | ERRORS: best=13, median=46.0, diversity=0.645 | INDIVIDUALS: n=200, avg_genome_length=151.55 | VIRUSES: gene_rate=0.000
2022-01-04 21:30:46.733679 | GENERATION: 238 | ERRORS: best=13, median=44.5, diversity=0.685 | INDIVIDUALS: n=200, avg_genome_length=151.185 | VIRUSES: gene_rate=0.000
2022-01-04 21:31:06.875764 | GENERATION: 239 | ERRORS: best=13, median=40.0, diversity=0.665 | INDIVIDUALS: n=200, avg_genome_length=151.605 | VIRUSES: gene_rate=0.000
2022-01-04 21:31:27.745771 | GENERATION: 240 | ERRORS: best=13, median=46.0, diversity=0.685 | INDIVIDUALS: n=200, avg_genome_length=151.25 | VIRUSES: gene_rate=0.000
2022-01-04 21:31:49.031002 | GENERATION: 241 | ERRORS: best=13, median=46.0, diversity=0.725 | INDIVIDUALS: n=200, avg_genome_length=151.785 | VIRUSES: gene_rate=0.000
2022-01-04 21:32:13.963090 | GENERATION: 242 | ERRORS: best=13, median=46.0, diversity=0.7 | INDIVIDUALS: n=200, avg_genome_length=151.325 | VIRUSES: gene_rate=0.000
2022-01-04 21:32:36.042228 | GENERATION: 243 | ERRORS: best=13, median=41.5, diversity=0.735 | INDIVIDUALS: n=200, avg_genome_length=151.03 | VIRUSES: gene_rate=0.000
2022-01-04 21:33:19.910524 | GENERATION: 244 | ERRORS: best=13, median=46.0, diversity=0.745 | INDIVIDUALS: n=200, avg_genome_length=150.855 | VIRUSES: gene_rate=0.000
2022-01-04 21:33:39.901603 | GENERATION: 245 | ERRORS: best=13, median=46.0, diversity=0.67 | INDIVIDUALS: n=200, avg_genome_length=151.085 | VIRUSES: gene_rate=0.000
2022-01-04 21:34:00.358184 | GENERATION: 246 | ERRORS: best=13, median=46.0, diversity=0.725 | INDIVIDUALS: n=200, avg_genome_length=151.005 | VIRUSES: gene_rate=0.000
2022-01-04 21:34:21.501046 | GENERATION: 247 | ERRORS: best=13, median=46.0, diversity=0.7 | INDIVIDUALS: n=200, avg_genome_length=150.08 | VIRUSES: gene_rate=0.000
2022-01-04 21:34:41.998515 | GENERATION: 248 | ERRORS: best=13, median=53.5, diversity=0.75 | INDIVIDUALS: n=200, avg_genome_length=150.6 | VIRUSES: gene_rate=0.000
2022-01-04 21:35:02.675045 | GENERATION: 249 | ERRORS: best=13, median=46.0, diversity=0.725 | INDIVIDUALS: n=200, avg_genome_length=150.27 | VIRUSES: gene_rate=0.000
2022-01-04 21:35:22.083602 | GENERATION: 250 | ERRORS: best=13, median=46.0, diversity=0.645 | INDIVIDUALS: n=200, avg_genome_length=149.525 | VIRUSES: gene_rate=0.000
2022-01-04 21:35:44.015058 | GENERATION: 251 | ERRORS: best=13, median=46.0, diversity=0.78 | INDIVIDUALS: n=200, avg_genome_length=150.21 | VIRUSES: gene_rate=0.000
2022-01-04 21:36:03.706821 | GENERATION: 252 | ERRORS: best=13, median=46.0, diversity=0.75 | INDIVIDUALS: n=200, avg_genome_length=150.51 | VIRUSES: gene_rate=0.000
2022-01-04 21:36:23.713662 | GENERATION: 253 | ERRORS: best=13, median=46.0, diversity=0.75 | INDIVIDUALS: n=200, avg_genome_length=150.165 | VIRUSES: gene_rate=0.000
2022-01-04 21:36:43.682335 | GENERATION: 254 | ERRORS: best=13, median=47.0, diversity=0.76 | INDIVIDUALS: n=200, avg_genome_length=150.495 | VIRUSES: gene_rate=0.000
2022-01-04 21:37:03.437314 | GENERATION: 255 | ERRORS: best=13, median=46.0, diversity=0.65 | INDIVIDUALS: n=200, avg_genome_length=150.77 | VIRUSES: gene_rate=0.000
2022-01-04 21:37:23.921425 | GENERATION: 256 | ERRORS: best=13, median=46.0, diversity=0.695 | INDIVIDUALS: n=200, avg_genome_length=150.835 | VIRUSES: gene_rate=0.000
2022-01-04 21:37:42.582028 | GENERATION: 257 | ERRORS: best=13, median=46.0, diversity=0.67 | INDIVIDUALS: n=200, avg_genome_length=150.96 | VIRUSES: gene_rate=0.000
2022-01-04 21:38:03.742385 | GENERATION: 258 | ERRORS: best=13, median=46.0, diversity=0.7 | INDIVIDUALS: n=200, avg_genome_length=151.66 | VIRUSES: gene_rate=0.000
2022-01-04 21:38:29.772229 | GENERATION: 259 | ERRORS: best=13, median=43.5, diversity=0.77 | INDIVIDUALS: n=200, avg_genome_length=152.075 | VIRUSES: gene_rate=0.000
2022-01-04 21:38:50.061634 | GENERATION: 260 | ERRORS: best=13, median=44.0, diversity=0.725 | INDIVIDUALS: n=200, avg_genome_length=150.925 | VIRUSES: gene_rate=0.000
2022-01-04 21:39:09.456713 | GENERATION: 261 | ERRORS: best=13, median=46.0, diversity=0.615 | INDIVIDUALS: n=200, avg_genome_length=149.76 | VIRUSES: gene_rate=0.000
2022-01-04 21:39:31.012404 | GENERATION: 262 | ERRORS: best=13, median=46.0, diversity=0.725 | INDIVIDUALS: n=200, avg_genome_length=150.32 | VIRUSES: gene_rate=0.000
2022-01-04 21:39:51.213787 | GENERATION: 263 | ERRORS: best=13, median=50.5, diversity=0.7 | INDIVIDUALS: n=200, avg_genome_length=150.8 | VIRUSES: gene_rate=0.000
2022-01-04 21:40:12.766154 | GENERATION: 264 | ERRORS: best=13, median=44.5, diversity=0.715 | INDIVIDUALS: n=200, avg_genome_length=151.9 | VIRUSES: gene_rate=0.000
2022-01-04 21:40:33.990301 | GENERATION: 265 | ERRORS: best=13, median=46.0, diversity=0.705 | INDIVIDUALS: n=200, avg_genome_length=150.87 | VIRUSES: gene_rate=0.000
2022-01-04 21:40:54.204248 | GENERATION: 266 | ERRORS: best=13, median=49.5, diversity=0.74 | INDIVIDUALS: n=200, avg_genome_length=150.31 | VIRUSES: gene_rate=0.000
2022-01-04 21:41:15.613317 | GENERATION: 267 | ERRORS: best=13, median=46.0, diversity=0.68 | INDIVIDUALS: n=200, avg_genome_length=149.01 | VIRUSES: gene_rate=0.000
2022-01-04 21:41:37.911086 | GENERATION: 268 | ERRORS: best=13, median=37.0, diversity=0.675 | INDIVIDUALS: n=200, avg_genome_length=149.605 | VIRUSES: gene_rate=0.000
2022-01-04 21:41:57.237216 | GENERATION: 269 | ERRORS: best=13, median=46.0, diversity=0.67 | INDIVIDUALS: n=200, avg_genome_length=149.605 | VIRUSES: gene_rate=0.000
2022-01-04 21:42:17.993667 | GENERATION: 270 | ERRORS: best=13, median=44.0, diversity=0.65 | INDIVIDUALS: n=200, avg_genome_length=149.595 | VIRUSES: gene_rate=0.000
2022-01-04 21:42:37.571795 | GENERATION: 271 | ERRORS: best=13, median=46.0, diversity=0.675 | INDIVIDUALS: n=200, avg_genome_length=148.875 | VIRUSES: gene_rate=0.000
2022-01-04 21:42:56.054711 | GENERATION: 272 | ERRORS: best=13, median=46.0, diversity=0.62 | INDIVIDUALS: n=200, avg_genome_length=146.87 | VIRUSES: gene_rate=0.000
2022-01-04 21:43:16.431230 | GENERATION: 273 | ERRORS: best=13, median=45.5, diversity=0.69 | INDIVIDUALS: n=200, avg_genome_length=148.4 | VIRUSES: gene_rate=0.000
2022-01-04 21:43:39.433223 | GENERATION: 274 | ERRORS: best=13, median=46.0, diversity=0.705 | INDIVIDUALS: n=200, avg_genome_length=147.96 | VIRUSES: gene_rate=0.000
2022-01-04 21:44:00.711231 | GENERATION: 275 | ERRORS: best=13, median=46.0, diversity=0.64 | INDIVIDUALS: n=200, avg_genome_length=147.515 | VIRUSES: gene_rate=0.000
2022-01-04 21:44:19.679302 | GENERATION: 276 | ERRORS: best=13, median=46.0, diversity=0.645 | INDIVIDUALS: n=200, avg_genome_length=145.905 | VIRUSES: gene_rate=0.000
2022-01-04 21:44:39.845082 | GENERATION: 277 | ERRORS: best=13, median=46.0, diversity=0.675 | INDIVIDUALS: n=200, avg_genome_length=145.895 | VIRUSES: gene_rate=0.000
2022-01-04 21:45:01.974375 | GENERATION: 278 | ERRORS: best=13, median=46.0, diversity=0.675 | INDIVIDUALS: n=200, avg_genome_length=146.77 | VIRUSES: gene_rate=0.000
2022-01-04 21:45:22.607399 | GENERATION: 279 | ERRORS: best=13, median=46.0, diversity=0.65 | INDIVIDUALS: n=200, avg_genome_length=147.74 | VIRUSES: gene_rate=0.000
2022-01-04 21:45:42.636018 | GENERATION: 280 | ERRORS: best=13, median=46.0, diversity=0.66 | INDIVIDUALS: n=200, avg_genome_length=148.36 | VIRUSES: gene_rate=0.000
2022-01-04 21:46:03.789917 | GENERATION: 281 | ERRORS: best=13, median=43.0, diversity=0.755 | INDIVIDUALS: n=200, avg_genome_length=148.91 | VIRUSES: gene_rate=0.000
2022-01-04 21:46:25.000210 | GENERATION: 282 | ERRORS: best=12, median=46.0, diversity=0.695 | INDIVIDUALS: n=200, avg_genome_length=150.685 | VIRUSES: gene_rate=0.000
2022-01-04 21:46:46.059262 | GENERATION: 283 | ERRORS: best=12, median=46.0, diversity=0.69 | INDIVIDUALS: n=200, avg_genome_length=150.62 | VIRUSES: gene_rate=0.000
2022-01-04 21:47:08.281818 | GENERATION: 284 | ERRORS: best=12, median=43.0, diversity=0.725 | INDIVIDUALS: n=200, avg_genome_length=150.885 | VIRUSES: gene_rate=0.000
2022-01-04 21:47:31.688599 | GENERATION: 285 | ERRORS: best=12, median=46.0, diversity=0.69 | INDIVIDUALS: n=200, avg_genome_length=151.205 | VIRUSES: gene_rate=0.000
2022-01-04 21:48:05.852863 | GENERATION: 286 | ERRORS: best=12, median=46.0, diversity=0.7 | INDIVIDUALS: n=200, avg_genome_length=151.025 | VIRUSES: gene_rate=0.000
2022-01-04 21:48:28.181717 | GENERATION: 287 | ERRORS: best=12, median=46.0, diversity=0.755 | INDIVIDUALS: n=200, avg_genome_length=150.42 | VIRUSES: gene_rate=0.000
2022-01-04 21:48:49.690706 | GENERATION: 288 | ERRORS: best=11, median=46.0, diversity=0.7 | INDIVIDUALS: n=200, avg_genome_length=150.83 | VIRUSES: gene_rate=0.000
2022-01-04 21:49:10.956876 | GENERATION: 289 | ERRORS: best=11, median=46.0, diversity=0.745 | INDIVIDUALS: n=200, avg_genome_length=149.465 | VIRUSES: gene_rate=0.000
2022-01-04 21:49:31.655392 | GENERATION: 290 | ERRORS: best=11, median=40.0, diversity=0.64 | INDIVIDUALS: n=200, avg_genome_length=148.625 | VIRUSES: gene_rate=0.000
2022-01-04 21:50:01.198523 | GENERATION: 291 | ERRORS: best=11, median=46.0, diversity=0.705 | INDIVIDUALS: n=200, avg_genome_length=150.18 | VIRUSES: gene_rate=0.000
2022-01-04 21:50:23.718015 | GENERATION: 292 | ERRORS: best=10, median=35.5, diversity=0.755 | INDIVIDUALS: n=200, avg_genome_length=149.49 | VIRUSES: gene_rate=0.000
2022-01-04 21:50:44.238713 | GENERATION: 293 | ERRORS: best=10, median=46.0, diversity=0.68 | INDIVIDUALS: n=200, avg_genome_length=149.9 | VIRUSES: gene_rate=0.000
2022-01-04 21:51:06.187825 | GENERATION: 294 | ERRORS: best=10, median=46.0, diversity=0.72 | INDIVIDUALS: n=200, avg_genome_length=148.975 | VIRUSES: gene_rate=0.000
2022-01-04 21:51:28.155795 | GENERATION: 295 | ERRORS: best=10, median=46.0, diversity=0.75 | INDIVIDUALS: n=200, avg_genome_length=150.11 | VIRUSES: gene_rate=0.000
2022-01-04 21:51:50.126248 | GENERATION: 296 | ERRORS: best=10, median=46.0, diversity=0.785 | INDIVIDUALS: n=200, avg_genome_length=150.305 | VIRUSES: gene_rate=0.000
2022-01-04 21:52:11.419917 | GENERATION: 297 | ERRORS: best=10, median=46.0, diversity=0.745 | INDIVIDUALS: n=200, avg_genome_length=150.58 | VIRUSES: gene_rate=0.000
2022-01-04 21:52:33.633737 | GENERATION: 298 | ERRORS: best=10, median=46.0, diversity=0.785 | INDIVIDUALS: n=200, avg_genome_length=151.135 | VIRUSES: gene_rate=0.000
2022-01-04 21:52:54.788224 | GENERATION: 299 | ERRORS: best=10, median=46.0, diversity=0.705 | INDIVIDUALS: n=200, avg_genome_length=150.915 | VIRUSES: gene_rate=0.000
2022-01-04 21:53:18.166010 | GENERATION: 300 | ERRORS: best=10, median=44.5, diversity=0.75 | INDIVIDUALS: n=200, avg_genome_length=151.245 | VIRUSES: gene_rate=0.000
Simplifying genome of length 156 with total error 10.
Simplified genome by 1 to length 155.
Simplified genome by 1 to length 154.
Simplified genome by 1 to length 153.
Simplified genome by 1 to length 152.
Simplified genome by 1 to length 151.
Simplified genome by 2 to length 149.
Simplified genome by 1 to length 148.
Simplified genome by 1 to length 147.
Simplified genome by 1 to length 146.
Simplified genome by 1 to length 145.
Simplified genome by 3 to length 142.
Simplified genome by 2 to length 140.
Simplified genome by 1 to length 139.
Simplified genome by 1 to length 138.
Simplified genome to length 138 and total error 10.
========================================
End Run
========================================
No solution found.
Best Seen Individual
	Genome:
	 pvector([InstructionMeta(name='exec_if', code_blocks=2), InstructionMeta(name='int_eq', code_blocks=0), Input(input_index=0), Literal(value=1000, push_type=<pyshgp.push.types.PushIntType object at 0x7f9ae59ccfd0>), InstructionMeta(name='exec_if', code_blocks=2), Input(input_index=0), Input(input_index=0), InstructionMeta(name='bool_and', code_blocks=0), Input(input_index=0), Literal(value=2000, push_type=<pyshgp.push.types.PushIntType object at 0x7f9ae59cceb0>), InstructionMeta(name='int_gte', code_blocks=0), Input(input_index=0), InstructionMeta(name='vector_int_iterate', code_blocks=1), InstructionMeta(name='vector_int_iterate', code_blocks=1), InstructionMeta(name='int_max', code_blocks=0), InstructionMeta(name='int_lt', code_blocks=0), InstructionMeta(name='exec_if', code_blocks=2), InstructionMeta(name='int_lt', code_blocks=0), Literal(value=1, push_type=<pyshgp.push.types.PushIntType object at 0x7f9ae59cc490>), InstructionMeta(name='int_eq', code_blocks=0), InstructionMeta(name='int_eq', code_blocks=0), Literal(value=1, push_type=<pyshgp.push.types.PushIntType object at 0x7f9ae59cc8b0>), InstructionMeta(name='int_eq', code_blocks=0), InstructionMeta(name='int_eq', code_blocks=0), InstructionMeta(name='int_max', code_blocks=0), InstructionMeta(name='bool_and', code_blocks=0), InstructionMeta(name='int_max', code_blocks=0), InstructionMeta(name='bool_and', code_blocks=0), Input(input_index=0), InstructionMeta(name='vector_int_iterate', code_blocks=1), Literal(value=2, push_type=<pyshgp.push.types.PushIntType object at 0x7f9ae59cc250>), InstructionMeta(name='int_min', code_blocks=0), Input(input_index=0), InstructionMeta(name='vector_int_iterate', code_blocks=1), Input(input_index=0), InstructionMeta(name='int_mod', code_blocks=0), InstructionMeta(name='vector_int_iterate', code_blocks=1), InstructionMeta(name='exec_if', code_blocks=2), Input(input_index=0), InstructionMeta(name='int_swap', code_blocks=0), InstructionMeta(name='int_lt', code_blocks=0), InstructionMeta(name='int_max', code_blocks=0), InstructionMeta(name='int_min', code_blocks=0), Input(input_index=0), Literal(value=2, push_type=<pyshgp.push.types.PushIntType object at 0x7f9ae59cc370>), InstructionMeta(name='int_mod', code_blocks=0), InstructionMeta(name='vector_int_iterate', code_blocks=1), Literal(value=-124, push_type=<pyshgp.push.types.PushIntType object at 0x7f9ae59cc310>), InstructionMeta(name='int_min', code_blocks=0), InstructionMeta(name='exec_if', code_blocks=2), Input(input_index=0), Literal(value=2000, push_type=<pyshgp.push.types.PushIntType object at 0x7f9ae59cce50>), InstructionMeta(name='int_gte', code_blocks=0), Input(input_index=0), InstructionMeta(name='vector_int_iterate', code_blocks=1), Literal(value=1, push_type=<pyshgp.push.types.PushIntType object at 0x7f9ae59cc850>), InstructionMeta(name='int_eq', code_blocks=0), Input(input_index=0), Literal(value=1, push_type=<pyshgp.push.types.PushIntType object at 0x7f9ae59cc760>), Input(input_index=0), Literal(value=1000, push_type=<pyshgp.push.types.PushIntType object at 0x7f9ae59cc580>), InstructionMeta(name='int_lt', code_blocks=0), InstructionMeta(name='int_max', code_blocks=0), InstructionMeta(name='int_min', code_blocks=0), Literal(value=1, push_type=<pyshgp.push.types.PushIntType object at 0x7f9ae59cc910>), InstructionMeta(name='int_eq', code_blocks=0), Literal(value=1000, push_type=<pyshgp.push.types.PushIntType object at 0x7f9ae59cc970>), InstructionMeta(name='int_lt', code_blocks=0), InstructionMeta(name='int_min', code_blocks=0), Input(input_index=0), InstructionMeta(name='vector_int_iterate', code_blocks=1), Literal(value=2, push_type=<pyshgp.push.types.PushIntType object at 0x7f9ae59cc9d0>), InstructionMeta(name='int_mod', code_blocks=0), InstructionMeta(name='int_mod', code_blocks=0), InstructionMeta(name='int_inc', code_blocks=0), Input(input_index=0), Input(input_index=0), InstructionMeta(name='vector_int_push_all', code_blocks=0), InstructionMeta(name='int_inc', code_blocks=0), InstructionMeta(name='vector_int_stack_depth', code_blocks=0), InstructionMeta(name='bool_and', code_blocks=0), InstructionMeta(name='bool_shove', code_blocks=0), InstructionMeta(name='vector_int_last', code_blocks=0), Closer(), Closer(), Literal(value=1, push_type=<pyshgp.push.types.PushIntType object at 0x7f9ae59cca30>), InstructionMeta(name='int_lt', code_blocks=0), Closer(), InstructionMeta(name='bool_and', code_blocks=0), Input(input_index=0), Closer(), InstructionMeta(name='bool_shove', code_blocks=0), Input(input_index=0), InstructionMeta(name='print_vector_int', code_blocks=0), InstructionMeta(name='vector_int_replace', code_blocks=0), InstructionMeta(name='int_inc', code_blocks=0), Literal(value=2, push_type=<pyshgp.push.types.PushIntType object at 0x7f9ae59cca90>), InstructionMeta(name='int_mod', code_blocks=0), InstructionMeta(name='bool_and', code_blocks=0), InstructionMeta(name='vector_int_set_nth', code_blocks=0), InstructionMeta(name='int_min', code_blocks=0), InstructionMeta(name='int_max', code_blocks=0), InstructionMeta(name='bool_and', code_blocks=0), InstructionMeta(name='int_inc', code_blocks=0), InstructionMeta(name='int_eq', code_blocks=0), InstructionMeta(name='int_min', code_blocks=0), InstructionMeta(name='exec_do_range', code_blocks=1), InstructionMeta(name='print_int', code_blocks=0), InstructionMeta(name='exec_dup_times', code_blocks=1), InstructionMeta(name='exec_if', code_blocks=2), InstructionMeta(name='vector_int_iterate', code_blocks=1), InstructionMeta(name='vector_int_concat', code_blocks=0), InstructionMeta(name='exec_if', code_blocks=2), Closer(), InstructionMeta(name='exec_if', code_blocks=2), Literal(value=1000, push_type=<pyshgp.push.types.PushIntType object at 0x7f9ae59ccaf0>), Input(input_index=0), InstructionMeta(name='vector_int_iterate', code_blocks=1), Input(input_index=0), Input(input_index=0), Input(input_index=0), InstructionMeta(name='vector_int_iterate', code_blocks=1), Literal(value=2, push_type=<pyshgp.push.types.PushIntType object at 0x7f9ae59ccb50>), InstructionMeta(name='int_mod', code_blocks=0), Literal(value=1, push_type=<pyshgp.push.types.PushIntType object at 0x7f9ae59ccdf0>), InstructionMeta(name='int_eq', code_blocks=0), InstructionMeta(name='bool_dup_times', code_blocks=0), InstructionMeta(name='bool_and', code_blocks=0), InstructionMeta(name='noop', code_blocks=0), InstructionMeta(name='int_inc', code_blocks=0), Closer(), InstructionMeta(name='int_shove', code_blocks=0), InstructionMeta(name='vector_int_iterate', code_blocks=1), InstructionMeta(name='int_dec', code_blocks=0), Literal(value=1, push_type=<pyshgp.push.types.PushIntType object at 0x7f9ae59cccd0>), InstructionMeta(name='int_eq', code_blocks=0), InstructionMeta(name='exec_if', code_blocks=2), InstructionMeta(name='int_max', code_blocks=0)])
	Program:
	 (exec_if (int_eq input_0 1000 exec_if (input_0 input_0 bool_and input_0 2000 int_gte input_0 vector_int_iterate (vector_int_iterate (int_max int_lt exec_if (int_lt 1 int_eq int_eq 1 int_eq int_eq int_max bool_and int_max bool_and input_0 vector_int_iterate (2 int_min input_0 vector_int_iterate (input_0 int_mod vector_int_iterate (exec_if (input_0 int_swap int_lt int_max int_min input_0 2 int_mod vector_int_iterate (-124 int_min exec_if (input_0 2000 int_gte input_0 vector_int_iterate (1 int_eq input_0 1 input_0 1000 int_lt int_max int_min 1 int_eq 1000 int_lt int_min input_0 vector_int_iterate (2 int_mod int_mod int_inc input_0 input_0 vector_int_push_all int_inc vector_int_stack_depth bool_and bool_shove vector_int_last)) 1 int_lt) (bool_and input_0) bool_shove input_0 print_vector_int vector_int_replace int_inc 2 int_mod bool_and vector_int_set_nth int_min int_max bool_and int_inc int_eq int_min exec_do_range (print_int exec_dup_times (exec_if (vector_int_iterate (vector_int_concat exec_if () (exec_if (1000 input_0 vector_int_iterate (input_0 input_0 input_0 vector_int_iterate (2 int_mod 1 int_eq bool_dup_times bool_and noop int_inc) int_shove vector_int_iterate (int_dec 1 int_eq exec_if (int_max) ()))) ()))) ())))) ())))) ()))) ()) ())
	Error vector:
	 [0 0 0 0 0 0 0 0 0 0 0 0 0 0 0 0 0 0 0 0 0 0 0 0 0 0 0 0 0 0 0 0 0 0 0 0 0
 0 1 0 0 0 0 0 0 0 0 1 0 0 0 0 1 0 0 0 1 1 0 1 0 0 0 0 1 0 0 0 0 0 1 0 1 0
 0 0 0 0 0 0 0 0 0 0 0 0 1 0 0 0 0 0 0 0 0 0 0 0 0 0]
	Total error:
	 10
	Test error:
	 262
	Time:
	 01:50:56
