========================================
Setup
========================================
Search Configuration:
signature: ProgramSignature(push_config=PushConfig(numeric_magnitude_limit=1000000000000.0, runtime_limit=10, collection_size_cap=1000, growth_cap=500, step_limit=1500), arity=1, output_stacks=['bool'])
evaluator: <pyshgp.gp.evaluation.DatasetEvaluator object at 0x7fbe7a02cb80>
spawner: <pyshgp.gp.genome.GeneSpawner object at 0x7fbe7a02c5e0>
population_size: 200
max_generations: 300
error_threshold: 0.0
initial_genome_size: (50, 250)
simplification_steps: 500
parallel_context: <pyshgp.gp.search.ParallelContext object at 0x7fbe7a02cc10>
selection: <pyshgp.utils.DiscreteProbDistrib object at 0x7fbe77e7ab40>
variation: <pyshgp.utils.DiscreteProbDistrib object at 0x7fbe77e7acc0>
Instructions:
int_add, int_sub, int_mult, int_div, int_mod, int_min, int_max, int_inc, int_dec, int_lt, int_lte, int_gt, int_gte, int_from_bool, bool_and, bool_or, bool_not, bool_xor, bool_invert_first_then_and, bool_second_first_then_and, bool_from_int, noop, noop_open, exec_do_range, exec_do_count, exec_while, exec_do_while, exec_if, exec_when, vector_int_concat, vector_int_conj, vector_int_take, vector_int_subvec, vector_int_first, vector_int_last, vector_int_nth, vector_int_rest, vector_int_but_last, vector_int_length, vector_int_reverse, vector_int_push_all, vector_int_empty_vector, vector_int_contains, vector_int_index_of, vector_int_occurrences_of, vector_int_set_nth, vector_int_replace, vector_int_replace_first, vector_int_remove, vector_int_iterate, print_bool, println_bool, print_int, println_int, print_vector_int, println_vector_int, print_exec, println_exec, bool_pop, bool_dup, bool_dup_times, bool_swap, bool_rot, bool_flush, bool_eq, bool_stack_depth, bool_yank, bool_yank_dup, bool_shove, bool_shove_dup, bool_is_empty, int_pop, int_dup, int_dup_times, int_swap, int_rot, int_flush, int_eq, int_stack_depth, int_yank, int_yank_dup, int_shove, int_shove_dup, int_is_empty, vector_int_pop, vector_int_dup, vector_int_dup_times, vector_int_swap, vector_int_rot, vector_int_flush, vector_int_eq, vector_int_stack_depth, vector_int_yank, vector_int_yank_dup, vector_int_shove, vector_int_shove_dup, vector_int_is_empty, exec_pop, exec_dup, exec_dup_times, exec_swap, exec_rot, exec_flush, exec_eq, exec_stack_depth, exec_yank, exec_yank_dup, exec_shove, exec_shove_dup, exec_is_empty
Literals:
[Literal(value=0, push_type=<pyshgp.push.types.PushIntType object at 0x7fbe7a0e7700>), Literal(value=1, push_type=<pyshgp.push.types.PushIntType object at 0x7fbe7a0e7700>), Literal(value=2, push_type=<pyshgp.push.types.PushIntType object at 0x7fbe7a0e7700>)]
ERC Generators:
[<function rand_int at 0x7fbe8f5291f0>]
========================================
Start Run
========================================
2022-01-04 23:47:19.716005 | GENERATION: 1 | ERRORS: best=47, median=53.0, diversity=0.02 | INDIVIDUALS: n=200, avg_genome_length=119.16 | VIRUSES: gene_rate=0.000
2022-01-04 23:47:23.506262 | GENERATION: 2 | ERRORS: best=45, median=53.0, diversity=0.02 | INDIVIDUALS: n=200, avg_genome_length=116.725 | VIRUSES: gene_rate=0.000
2022-01-04 23:47:26.954811 | GENERATION: 3 | ERRORS: best=41, median=47.0, diversity=0.14 | INDIVIDUALS: n=200, avg_genome_length=107.85 | VIRUSES: gene_rate=0.000
2022-01-04 23:47:32.780046 | GENERATION: 4 | ERRORS: best=40, median=48.0, diversity=0.385 | INDIVIDUALS: n=200, avg_genome_length=106.815 | VIRUSES: gene_rate=0.000
2022-01-04 23:47:39.011519 | GENERATION: 5 | ERRORS: best=38, median=49.0, diversity=0.525 | INDIVIDUALS: n=200, avg_genome_length=94.015 | VIRUSES: gene_rate=0.000
2022-01-04 23:47:44.815665 | GENERATION: 6 | ERRORS: best=38, median=48.0, diversity=0.57 | INDIVIDUALS: n=200, avg_genome_length=93.73 | VIRUSES: gene_rate=0.000
2022-01-04 23:47:52.213478 | GENERATION: 7 | ERRORS: best=37, median=48.0, diversity=0.59 | INDIVIDUALS: n=200, avg_genome_length=94.935 | VIRUSES: gene_rate=0.000
2022-01-04 23:47:59.450817 | GENERATION: 8 | ERRORS: best=37, median=48.0, diversity=0.625 | INDIVIDUALS: n=200, avg_genome_length=104.13 | VIRUSES: gene_rate=0.000
2022-01-04 23:48:08.364530 | GENERATION: 9 | ERRORS: best=37, median=49.0, diversity=0.55 | INDIVIDUALS: n=200, avg_genome_length=109.535 | VIRUSES: gene_rate=0.000
2022-01-04 23:48:17.234915 | GENERATION: 10 | ERRORS: best=37, median=49.0, diversity=0.505 | INDIVIDUALS: n=200, avg_genome_length=110.9 | VIRUSES: gene_rate=0.000
2022-01-04 23:48:26.858460 | GENERATION: 11 | ERRORS: best=37, median=49.0, diversity=0.6 | INDIVIDUALS: n=200, avg_genome_length=110.28 | VIRUSES: gene_rate=0.000
2022-01-04 23:48:36.646716 | GENERATION: 12 | ERRORS: best=37, median=49.0, diversity=0.515 | INDIVIDUALS: n=200, avg_genome_length=112.06 | VIRUSES: gene_rate=0.000
2022-01-04 23:48:46.632322 | GENERATION: 13 | ERRORS: best=37, median=48.0, diversity=0.53 | INDIVIDUALS: n=200, avg_genome_length=116.215 | VIRUSES: gene_rate=0.000
2022-01-04 23:48:56.346055 | GENERATION: 14 | ERRORS: best=37, median=48.0, diversity=0.56 | INDIVIDUALS: n=200, avg_genome_length=124.62 | VIRUSES: gene_rate=0.000
2022-01-04 23:49:05.427409 | GENERATION: 15 | ERRORS: best=37, median=48.0, diversity=0.565 | INDIVIDUALS: n=200, avg_genome_length=114.445 | VIRUSES: gene_rate=0.000
2022-01-04 23:49:15.452687 | GENERATION: 16 | ERRORS: best=37, median=51.0, diversity=0.63 | INDIVIDUALS: n=200, avg_genome_length=128.89 | VIRUSES: gene_rate=0.000
2022-01-04 23:49:25.263066 | GENERATION: 17 | ERRORS: best=37, median=48.0, diversity=0.58 | INDIVIDUALS: n=200, avg_genome_length=130.92 | VIRUSES: gene_rate=0.000
2022-01-04 23:49:35.876834 | GENERATION: 18 | ERRORS: best=37, median=48.0, diversity=0.585 | INDIVIDUALS: n=200, avg_genome_length=134.14 | VIRUSES: gene_rate=0.000
2022-01-04 23:49:44.613230 | GENERATION: 19 | ERRORS: best=37, median=48.5, diversity=0.6 | INDIVIDUALS: n=200, avg_genome_length=129.995 | VIRUSES: gene_rate=0.000
2022-01-04 23:49:55.397796 | GENERATION: 20 | ERRORS: best=37, median=49.0, diversity=0.625 | INDIVIDUALS: n=200, avg_genome_length=140.69 | VIRUSES: gene_rate=0.000
2022-01-04 23:50:06.034153 | GENERATION: 21 | ERRORS: best=33, median=48.0, diversity=0.635 | INDIVIDUALS: n=200, avg_genome_length=130.165 | VIRUSES: gene_rate=0.000
2022-01-04 23:50:15.725241 | GENERATION: 22 | ERRORS: best=33, median=48.0, diversity=0.57 | INDIVIDUALS: n=200, avg_genome_length=131.085 | VIRUSES: gene_rate=0.000
2022-01-04 23:50:26.410383 | GENERATION: 23 | ERRORS: best=34, median=49.0, diversity=0.64 | INDIVIDUALS: n=200, avg_genome_length=128.66 | VIRUSES: gene_rate=0.000
2022-01-04 23:50:36.606092 | GENERATION: 24 | ERRORS: best=34, median=48.0, diversity=0.635 | INDIVIDUALS: n=200, avg_genome_length=125.45 | VIRUSES: gene_rate=0.000
2022-01-04 23:50:51.024803 | GENERATION: 25 | ERRORS: best=34, median=49.0, diversity=0.58 | INDIVIDUALS: n=200, avg_genome_length=121.755 | VIRUSES: gene_rate=0.000
2022-01-04 23:51:02.237233 | GENERATION: 26 | ERRORS: best=37, median=48.0, diversity=0.61 | INDIVIDUALS: n=200, avg_genome_length=122.775 | VIRUSES: gene_rate=0.000
2022-01-04 23:51:13.778594 | GENERATION: 27 | ERRORS: best=37, median=48.0, diversity=0.565 | INDIVIDUALS: n=200, avg_genome_length=116.505 | VIRUSES: gene_rate=0.000
2022-01-04 23:51:25.438542 | GENERATION: 28 | ERRORS: best=37, median=47.0, diversity=0.62 | INDIVIDUALS: n=200, avg_genome_length=118.245 | VIRUSES: gene_rate=0.000
2022-01-04 23:51:34.575924 | GENERATION: 29 | ERRORS: best=37, median=48.0, diversity=0.67 | INDIVIDUALS: n=200, avg_genome_length=115.815 | VIRUSES: gene_rate=0.000
2022-01-04 23:51:42.859542 | GENERATION: 30 | ERRORS: best=37, median=48.0, diversity=0.65 | INDIVIDUALS: n=200, avg_genome_length=113.28 | VIRUSES: gene_rate=0.000
2022-01-04 23:51:52.337479 | GENERATION: 31 | ERRORS: best=37, median=49.0, diversity=0.705 | INDIVIDUALS: n=200, avg_genome_length=116.76 | VIRUSES: gene_rate=0.000
2022-01-04 23:52:03.312872 | GENERATION: 32 | ERRORS: best=37, median=48.0, diversity=0.72 | INDIVIDUALS: n=200, avg_genome_length=116.115 | VIRUSES: gene_rate=0.000
2022-01-04 23:52:13.104289 | GENERATION: 33 | ERRORS: best=37, median=50.0, diversity=0.69 | INDIVIDUALS: n=200, avg_genome_length=108.61 | VIRUSES: gene_rate=0.000
2022-01-04 23:52:24.980233 | GENERATION: 34 | ERRORS: best=37, median=51.0, diversity=0.665 | INDIVIDUALS: n=200, avg_genome_length=100.74 | VIRUSES: gene_rate=0.000
2022-01-04 23:52:35.804734 | GENERATION: 35 | ERRORS: best=37, median=50.0, diversity=0.715 | INDIVIDUALS: n=200, avg_genome_length=101.68 | VIRUSES: gene_rate=0.000
2022-01-04 23:52:47.078921 | GENERATION: 36 | ERRORS: best=36, median=50.0, diversity=0.69 | INDIVIDUALS: n=200, avg_genome_length=108.23 | VIRUSES: gene_rate=0.000
2022-01-04 23:52:58.252028 | GENERATION: 37 | ERRORS: best=37, median=50.0, diversity=0.68 | INDIVIDUALS: n=200, avg_genome_length=109.85 | VIRUSES: gene_rate=0.000
2022-01-04 23:53:08.901308 | GENERATION: 38 | ERRORS: best=29, median=51.0, diversity=0.7 | INDIVIDUALS: n=200, avg_genome_length=105.175 | VIRUSES: gene_rate=0.000
2022-01-04 23:53:19.294046 | GENERATION: 39 | ERRORS: best=28, median=49.0, diversity=0.695 | INDIVIDUALS: n=200, avg_genome_length=100.935 | VIRUSES: gene_rate=0.000
2022-01-04 23:53:30.580681 | GENERATION: 40 | ERRORS: best=27, median=52.0, diversity=0.635 | INDIVIDUALS: n=200, avg_genome_length=92.93 | VIRUSES: gene_rate=0.000
2022-01-04 23:53:40.720052 | GENERATION: 41 | ERRORS: best=27, median=50.0, diversity=0.66 | INDIVIDUALS: n=200, avg_genome_length=91.845 | VIRUSES: gene_rate=0.000
2022-01-04 23:53:51.413591 | GENERATION: 42 | ERRORS: best=27, median=47.0, diversity=0.63 | INDIVIDUALS: n=200, avg_genome_length=88.595 | VIRUSES: gene_rate=0.000
2022-01-04 23:54:03.238435 | GENERATION: 43 | ERRORS: best=26, median=49.0, diversity=0.67 | INDIVIDUALS: n=200, avg_genome_length=86.735 | VIRUSES: gene_rate=0.000
2022-01-04 23:54:14.259781 | GENERATION: 44 | ERRORS: best=26, median=50.0, diversity=0.75 | INDIVIDUALS: n=200, avg_genome_length=86.98 | VIRUSES: gene_rate=0.000
2022-01-04 23:54:25.719203 | GENERATION: 45 | ERRORS: best=26, median=47.0, diversity=0.625 | INDIVIDUALS: n=200, avg_genome_length=81.265 | VIRUSES: gene_rate=0.000
2022-01-04 23:54:36.317861 | GENERATION: 46 | ERRORS: best=25, median=48.0, diversity=0.645 | INDIVIDUALS: n=200, avg_genome_length=80.55 | VIRUSES: gene_rate=0.000
2022-01-04 23:54:47.051195 | GENERATION: 47 | ERRORS: best=26, median=52.0, diversity=0.59 | INDIVIDUALS: n=200, avg_genome_length=78.48 | VIRUSES: gene_rate=0.000
2022-01-04 23:54:58.367241 | GENERATION: 48 | ERRORS: best=22, median=50.5, diversity=0.61 | INDIVIDUALS: n=200, avg_genome_length=72.91 | VIRUSES: gene_rate=0.000
2022-01-04 23:55:11.434726 | GENERATION: 49 | ERRORS: best=22, median=48.0, diversity=0.69 | INDIVIDUALS: n=200, avg_genome_length=68.765 | VIRUSES: gene_rate=0.000
2022-01-04 23:55:25.706441 | GENERATION: 50 | ERRORS: best=22, median=51.0, diversity=0.665 | INDIVIDUALS: n=200, avg_genome_length=65.1 | VIRUSES: gene_rate=0.000
2022-01-04 23:55:37.157084 | GENERATION: 51 | ERRORS: best=22, median=48.0, diversity=0.675 | INDIVIDUALS: n=200, avg_genome_length=64.015 | VIRUSES: gene_rate=0.000
2022-01-04 23:55:48.501055 | GENERATION: 52 | ERRORS: best=21, median=48.0, diversity=0.715 | INDIVIDUALS: n=200, avg_genome_length=62.84 | VIRUSES: gene_rate=0.000
2022-01-04 23:56:00.328606 | GENERATION: 53 | ERRORS: best=22, median=47.0, diversity=0.735 | INDIVIDUALS: n=200, avg_genome_length=62.2 | VIRUSES: gene_rate=0.000
2022-01-04 23:56:11.628436 | GENERATION: 54 | ERRORS: best=24, median=47.0, diversity=0.645 | INDIVIDUALS: n=200, avg_genome_length=60.405 | VIRUSES: gene_rate=0.000
2022-01-04 23:56:26.735218 | GENERATION: 55 | ERRORS: best=24, median=51.5, diversity=0.61 | INDIVIDUALS: n=200, avg_genome_length=57.585 | VIRUSES: gene_rate=0.000
2022-01-04 23:56:38.266031 | GENERATION: 56 | ERRORS: best=24, median=47.0, diversity=0.67 | INDIVIDUALS: n=200, avg_genome_length=58.75 | VIRUSES: gene_rate=0.000
2022-01-04 23:56:51.435340 | GENERATION: 57 | ERRORS: best=24, median=47.0, diversity=0.625 | INDIVIDUALS: n=200, avg_genome_length=58.215 | VIRUSES: gene_rate=0.000
2022-01-04 23:57:04.112341 | GENERATION: 58 | ERRORS: best=24, median=47.0, diversity=0.685 | INDIVIDUALS: n=200, avg_genome_length=57.785 | VIRUSES: gene_rate=0.000
2022-01-04 23:57:19.558409 | GENERATION: 59 | ERRORS: best=23, median=47.0, diversity=0.695 | INDIVIDUALS: n=200, avg_genome_length=58.125 | VIRUSES: gene_rate=0.000
2022-01-04 23:57:32.763041 | GENERATION: 60 | ERRORS: best=19, median=50.0, diversity=0.725 | INDIVIDUALS: n=200, avg_genome_length=60.265 | VIRUSES: gene_rate=0.000
2022-01-04 23:57:43.925533 | GENERATION: 61 | ERRORS: best=25, median=47.0, diversity=0.685 | INDIVIDUALS: n=200, avg_genome_length=59.95 | VIRUSES: gene_rate=0.000
2022-01-04 23:57:55.581594 | GENERATION: 62 | ERRORS: best=23, median=47.0, diversity=0.665 | INDIVIDUALS: n=200, avg_genome_length=57.73 | VIRUSES: gene_rate=0.000
2022-01-04 23:58:08.030653 | GENERATION: 63 | ERRORS: best=23, median=47.0, diversity=0.675 | INDIVIDUALS: n=200, avg_genome_length=58.635 | VIRUSES: gene_rate=0.000
2022-01-04 23:58:18.625660 | GENERATION: 64 | ERRORS: best=20, median=47.5, diversity=0.665 | INDIVIDUALS: n=200, avg_genome_length=59.285 | VIRUSES: gene_rate=0.000
2022-01-04 23:58:29.125900 | GENERATION: 65 | ERRORS: best=20, median=44.5, diversity=0.645 | INDIVIDUALS: n=200, avg_genome_length=60.04 | VIRUSES: gene_rate=0.000
2022-01-04 23:58:37.719759 | GENERATION: 66 | ERRORS: best=23, median=47.0, diversity=0.68 | INDIVIDUALS: n=200, avg_genome_length=62.33 | VIRUSES: gene_rate=0.000
2022-01-04 23:58:47.326591 | GENERATION: 67 | ERRORS: best=23, median=46.0, diversity=0.7 | INDIVIDUALS: n=200, avg_genome_length=60.995 | VIRUSES: gene_rate=0.000
2022-01-04 23:58:57.625914 | GENERATION: 68 | ERRORS: best=21, median=47.0, diversity=0.65 | INDIVIDUALS: n=200, avg_genome_length=59.225 | VIRUSES: gene_rate=0.000
2022-01-04 23:59:06.180747 | GENERATION: 69 | ERRORS: best=22, median=47.0, diversity=0.675 | INDIVIDUALS: n=200, avg_genome_length=60.11 | VIRUSES: gene_rate=0.000
2022-01-04 23:59:14.091957 | GENERATION: 70 | ERRORS: best=21, median=47.0, diversity=0.735 | INDIVIDUALS: n=200, avg_genome_length=63.99 | VIRUSES: gene_rate=0.000
2022-01-04 23:59:21.052211 | GENERATION: 71 | ERRORS: best=21, median=43.0, diversity=0.695 | INDIVIDUALS: n=200, avg_genome_length=63.9 | VIRUSES: gene_rate=0.000
2022-01-04 23:59:28.119525 | GENERATION: 72 | ERRORS: best=19, median=47.0, diversity=0.625 | INDIVIDUALS: n=200, avg_genome_length=64.51 | VIRUSES: gene_rate=0.000
2022-01-04 23:59:34.734363 | GENERATION: 73 | ERRORS: best=19, median=47.0, diversity=0.645 | INDIVIDUALS: n=200, avg_genome_length=64.975 | VIRUSES: gene_rate=0.000
2022-01-04 23:59:41.048619 | GENERATION: 74 | ERRORS: best=19, median=47.0, diversity=0.58 | INDIVIDUALS: n=200, avg_genome_length=65.78 | VIRUSES: gene_rate=0.000
2022-01-04 23:59:46.449502 | GENERATION: 75 | ERRORS: best=19, median=47.0, diversity=0.595 | INDIVIDUALS: n=200, avg_genome_length=66.565 | VIRUSES: gene_rate=0.000
2022-01-04 23:59:51.193767 | GENERATION: 76 | ERRORS: best=19, median=47.0, diversity=0.535 | INDIVIDUALS: n=200, avg_genome_length=65.775 | VIRUSES: gene_rate=0.000
2022-01-04 23:59:56.444100 | GENERATION: 77 | ERRORS: best=19, median=47.0, diversity=0.525 | INDIVIDUALS: n=200, avg_genome_length=65.815 | VIRUSES: gene_rate=0.000
2022-01-05 00:00:01.913161 | GENERATION: 78 | ERRORS: best=19, median=47.0, diversity=0.57 | INDIVIDUALS: n=200, avg_genome_length=65.455 | VIRUSES: gene_rate=0.000
2022-01-05 00:00:08.618020 | GENERATION: 79 | ERRORS: best=19, median=47.0, diversity=0.58 | INDIVIDUALS: n=200, avg_genome_length=64.875 | VIRUSES: gene_rate=0.000
2022-01-05 00:00:12.861397 | GENERATION: 80 | ERRORS: best=19, median=47.0, diversity=0.53 | INDIVIDUALS: n=200, avg_genome_length=64.285 | VIRUSES: gene_rate=0.000
2022-01-05 00:00:17.023098 | GENERATION: 81 | ERRORS: best=19, median=46.0, diversity=0.53 | INDIVIDUALS: n=200, avg_genome_length=63.7 | VIRUSES: gene_rate=0.000
2022-01-05 00:00:22.002101 | GENERATION: 82 | ERRORS: best=19, median=47.0, diversity=0.565 | INDIVIDUALS: n=200, avg_genome_length=63.145 | VIRUSES: gene_rate=0.000
2022-01-05 00:00:27.219159 | GENERATION: 83 | ERRORS: best=19, median=47.0, diversity=0.57 | INDIVIDUALS: n=200, avg_genome_length=63.295 | VIRUSES: gene_rate=0.000
2022-01-05 00:00:32.129103 | GENERATION: 84 | ERRORS: best=19, median=47.0, diversity=0.61 | INDIVIDUALS: n=200, avg_genome_length=62.96 | VIRUSES: gene_rate=0.000
2022-01-05 00:00:37.462458 | GENERATION: 85 | ERRORS: best=19, median=47.0, diversity=0.565 | INDIVIDUALS: n=200, avg_genome_length=62.11 | VIRUSES: gene_rate=0.000
2022-01-05 00:00:43.226072 | GENERATION: 86 | ERRORS: best=19, median=47.0, diversity=0.525 | INDIVIDUALS: n=200, avg_genome_length=62.69 | VIRUSES: gene_rate=0.000
2022-01-05 00:00:49.042559 | GENERATION: 87 | ERRORS: best=19, median=47.0, diversity=0.605 | INDIVIDUALS: n=200, avg_genome_length=61.975 | VIRUSES: gene_rate=0.000
2022-01-05 00:00:54.056323 | GENERATION: 88 | ERRORS: best=20, median=47.0, diversity=0.585 | INDIVIDUALS: n=200, avg_genome_length=61.83 | VIRUSES: gene_rate=0.000
2022-01-05 00:00:58.806599 | GENERATION: 89 | ERRORS: best=20, median=47.0, diversity=0.605 | INDIVIDUALS: n=200, avg_genome_length=61.3 | VIRUSES: gene_rate=0.000
2022-01-05 00:01:03.887722 | GENERATION: 90 | ERRORS: best=20, median=47.0, diversity=0.685 | INDIVIDUALS: n=200, avg_genome_length=61.445 | VIRUSES: gene_rate=0.000
2022-01-05 00:01:11.886721 | GENERATION: 91 | ERRORS: best=20, median=47.0, diversity=0.6 | INDIVIDUALS: n=200, avg_genome_length=60.38 | VIRUSES: gene_rate=0.000
2022-01-05 00:01:16.576152 | GENERATION: 92 | ERRORS: best=20, median=47.0, diversity=0.555 | INDIVIDUALS: n=200, avg_genome_length=60.355 | VIRUSES: gene_rate=0.000
2022-01-05 00:01:21.277146 | GENERATION: 93 | ERRORS: best=20, median=47.0, diversity=0.595 | INDIVIDUALS: n=200, avg_genome_length=59.595 | VIRUSES: gene_rate=0.000
2022-01-05 00:01:27.136324 | GENERATION: 94 | ERRORS: best=21, median=52.5, diversity=0.645 | INDIVIDUALS: n=200, avg_genome_length=59.905 | VIRUSES: gene_rate=0.000
2022-01-05 00:01:32.916234 | GENERATION: 95 | ERRORS: best=21, median=48.0, diversity=0.565 | INDIVIDUALS: n=200, avg_genome_length=59.62 | VIRUSES: gene_rate=0.000
2022-01-05 00:01:37.958608 | GENERATION: 96 | ERRORS: best=21, median=47.0, diversity=0.605 | INDIVIDUALS: n=200, avg_genome_length=58.305 | VIRUSES: gene_rate=0.000
2022-01-05 00:01:42.702393 | GENERATION: 97 | ERRORS: best=21, median=47.0, diversity=0.615 | INDIVIDUALS: n=200, avg_genome_length=58.115 | VIRUSES: gene_rate=0.000
2022-01-05 00:01:48.074716 | GENERATION: 98 | ERRORS: best=21, median=47.0, diversity=0.585 | INDIVIDUALS: n=200, avg_genome_length=58.73 | VIRUSES: gene_rate=0.000
2022-01-05 00:01:53.537733 | GENERATION: 99 | ERRORS: best=21, median=47.0, diversity=0.545 | INDIVIDUALS: n=200, avg_genome_length=58.75 | VIRUSES: gene_rate=0.000
2022-01-05 00:01:58.366667 | GENERATION: 100 | ERRORS: best=21, median=47.0, diversity=0.595 | INDIVIDUALS: n=200, avg_genome_length=59.555 | VIRUSES: gene_rate=0.000
2022-01-05 00:02:03.371433 | GENERATION: 101 | ERRORS: best=21, median=51.0, diversity=0.585 | INDIVIDUALS: n=200, avg_genome_length=59.4 | VIRUSES: gene_rate=0.000
2022-01-05 00:02:08.244244 | GENERATION: 102 | ERRORS: best=21, median=47.0, diversity=0.53 | INDIVIDUALS: n=200, avg_genome_length=59.12 | VIRUSES: gene_rate=0.000
2022-01-05 00:02:12.172996 | GENERATION: 103 | ERRORS: best=21, median=47.0, diversity=0.55 | INDIVIDUALS: n=200, avg_genome_length=59.44 | VIRUSES: gene_rate=0.000
2022-01-05 00:02:17.295919 | GENERATION: 104 | ERRORS: best=21, median=47.0, diversity=0.57 | INDIVIDUALS: n=200, avg_genome_length=58.865 | VIRUSES: gene_rate=0.000
2022-01-05 00:02:22.245972 | GENERATION: 105 | ERRORS: best=21, median=47.0, diversity=0.55 | INDIVIDUALS: n=200, avg_genome_length=58.19 | VIRUSES: gene_rate=0.000
2022-01-05 00:02:27.038747 | GENERATION: 106 | ERRORS: best=21, median=47.0, diversity=0.535 | INDIVIDUALS: n=200, avg_genome_length=57.885 | VIRUSES: gene_rate=0.000
2022-01-05 00:02:31.623296 | GENERATION: 107 | ERRORS: best=21, median=48.5, diversity=0.595 | INDIVIDUALS: n=200, avg_genome_length=58.105 | VIRUSES: gene_rate=0.000
2022-01-05 00:02:36.394141 | GENERATION: 108 | ERRORS: best=20, median=47.0, diversity=0.54 | INDIVIDUALS: n=200, avg_genome_length=57.445 | VIRUSES: gene_rate=0.000
2022-01-05 00:02:41.304235 | GENERATION: 109 | ERRORS: best=21, median=50.0, diversity=0.56 | INDIVIDUALS: n=200, avg_genome_length=56.42 | VIRUSES: gene_rate=0.000
2022-01-05 00:02:45.455377 | GENERATION: 110 | ERRORS: best=21, median=47.0, diversity=0.515 | INDIVIDUALS: n=200, avg_genome_length=56.185 | VIRUSES: gene_rate=0.000
2022-01-05 00:02:49.378904 | GENERATION: 111 | ERRORS: best=21, median=53.0, diversity=0.605 | INDIVIDUALS: n=200, avg_genome_length=57.0 | VIRUSES: gene_rate=0.000
2022-01-05 00:02:53.975681 | GENERATION: 112 | ERRORS: best=21, median=47.0, diversity=0.545 | INDIVIDUALS: n=200, avg_genome_length=56.61 | VIRUSES: gene_rate=0.000
2022-01-05 00:02:58.269070 | GENERATION: 113 | ERRORS: best=21, median=48.5, diversity=0.54 | INDIVIDUALS: n=200, avg_genome_length=56.88 | VIRUSES: gene_rate=0.000
2022-01-05 00:03:02.224419 | GENERATION: 114 | ERRORS: best=21, median=51.5, diversity=0.525 | INDIVIDUALS: n=200, avg_genome_length=56.35 | VIRUSES: gene_rate=0.000
2022-01-05 00:03:07.070912 | GENERATION: 115 | ERRORS: best=21, median=51.5, diversity=0.565 | INDIVIDUALS: n=200, avg_genome_length=54.69 | VIRUSES: gene_rate=0.000
2022-01-05 00:03:10.920221 | GENERATION: 116 | ERRORS: best=21, median=53.0, diversity=0.575 | INDIVIDUALS: n=200, avg_genome_length=53.895 | VIRUSES: gene_rate=0.000
2022-01-05 00:03:15.137665 | GENERATION: 117 | ERRORS: best=18, median=51.0, diversity=0.625 | INDIVIDUALS: n=200, avg_genome_length=53.16 | VIRUSES: gene_rate=0.000
2022-01-05 00:03:19.585363 | GENERATION: 118 | ERRORS: best=18, median=46.0, diversity=0.51 | INDIVIDUALS: n=200, avg_genome_length=54.935 | VIRUSES: gene_rate=0.000
2022-01-05 00:03:23.964482 | GENERATION: 119 | ERRORS: best=18, median=52.0, diversity=0.515 | INDIVIDUALS: n=200, avg_genome_length=54.905 | VIRUSES: gene_rate=0.000
2022-01-05 00:03:28.400905 | GENERATION: 120 | ERRORS: best=18, median=53.0, diversity=0.555 | INDIVIDUALS: n=200, avg_genome_length=54.875 | VIRUSES: gene_rate=0.000
2022-01-05 00:03:31.672948 | GENERATION: 121 | ERRORS: best=18, median=49.0, diversity=0.565 | INDIVIDUALS: n=200, avg_genome_length=55.055 | VIRUSES: gene_rate=0.000
2022-01-05 00:03:36.465964 | GENERATION: 122 | ERRORS: best=18, median=47.0, diversity=0.605 | INDIVIDUALS: n=200, avg_genome_length=56.955 | VIRUSES: gene_rate=0.000
2022-01-05 00:03:40.966866 | GENERATION: 123 | ERRORS: best=18, median=48.5, diversity=0.57 | INDIVIDUALS: n=200, avg_genome_length=56.635 | VIRUSES: gene_rate=0.000
2022-01-05 00:03:45.124978 | GENERATION: 124 | ERRORS: best=18, median=47.0, diversity=0.595 | INDIVIDUALS: n=200, avg_genome_length=57.375 | VIRUSES: gene_rate=0.000
2022-01-05 00:03:50.144933 | GENERATION: 125 | ERRORS: best=18, median=53.0, diversity=0.575 | INDIVIDUALS: n=200, avg_genome_length=56.515 | VIRUSES: gene_rate=0.000
2022-01-05 00:03:54.291107 | GENERATION: 126 | ERRORS: best=18, median=47.0, diversity=0.61 | INDIVIDUALS: n=200, avg_genome_length=57.23 | VIRUSES: gene_rate=0.000
2022-01-05 00:04:02.028854 | GENERATION: 127 | ERRORS: best=21, median=53.0, diversity=0.625 | INDIVIDUALS: n=200, avg_genome_length=55.015 | VIRUSES: gene_rate=0.000
2022-01-05 00:04:05.592505 | GENERATION: 128 | ERRORS: best=21, median=48.0, diversity=0.585 | INDIVIDUALS: n=200, avg_genome_length=51.24 | VIRUSES: gene_rate=0.000
2022-01-05 00:04:09.850025 | GENERATION: 129 | ERRORS: best=21, median=53.0, diversity=0.525 | INDIVIDUALS: n=200, avg_genome_length=51.54 | VIRUSES: gene_rate=0.000
2022-01-05 00:04:14.214994 | GENERATION: 130 | ERRORS: best=18, median=47.5, diversity=0.655 | INDIVIDUALS: n=200, avg_genome_length=50.265 | VIRUSES: gene_rate=0.000
2022-01-05 00:04:17.723825 | GENERATION: 131 | ERRORS: best=18, median=48.0, diversity=0.62 | INDIVIDUALS: n=200, avg_genome_length=49.12 | VIRUSES: gene_rate=0.000
2022-01-05 00:04:22.332095 | GENERATION: 132 | ERRORS: best=18, median=53.0, diversity=0.585 | INDIVIDUALS: n=200, avg_genome_length=49.855 | VIRUSES: gene_rate=0.000
2022-01-05 00:04:26.755778 | GENERATION: 133 | ERRORS: best=18, median=49.0, diversity=0.535 | INDIVIDUALS: n=200, avg_genome_length=49.025 | VIRUSES: gene_rate=0.000
2022-01-05 00:04:30.658064 | GENERATION: 134 | ERRORS: best=18, median=49.0, diversity=0.545 | INDIVIDUALS: n=200, avg_genome_length=49.86 | VIRUSES: gene_rate=0.000
2022-01-05 00:04:35.618335 | GENERATION: 135 | ERRORS: best=18, median=51.0, diversity=0.52 | INDIVIDUALS: n=200, avg_genome_length=49.81 | VIRUSES: gene_rate=0.000
2022-01-05 00:04:40.222516 | GENERATION: 136 | ERRORS: best=18, median=53.0, diversity=0.605 | INDIVIDUALS: n=200, avg_genome_length=49.765 | VIRUSES: gene_rate=0.000
2022-01-05 00:04:45.767103 | GENERATION: 137 | ERRORS: best=18, median=53.0, diversity=0.55 | INDIVIDUALS: n=200, avg_genome_length=49.635 | VIRUSES: gene_rate=0.000
2022-01-05 00:04:51.185004 | GENERATION: 138 | ERRORS: best=18, median=46.5, diversity=0.61 | INDIVIDUALS: n=200, avg_genome_length=50.395 | VIRUSES: gene_rate=0.000
2022-01-05 00:04:56.529217 | GENERATION: 139 | ERRORS: best=18, median=47.0, diversity=0.58 | INDIVIDUALS: n=200, avg_genome_length=50.515 | VIRUSES: gene_rate=0.000
2022-01-05 00:05:01.657447 | GENERATION: 140 | ERRORS: best=18, median=47.0, diversity=0.56 | INDIVIDUALS: n=200, avg_genome_length=49.86 | VIRUSES: gene_rate=0.000
2022-01-05 00:05:05.390908 | GENERATION: 141 | ERRORS: best=18, median=47.0, diversity=0.61 | INDIVIDUALS: n=200, avg_genome_length=48.36 | VIRUSES: gene_rate=0.000
2022-01-05 00:05:09.583002 | GENERATION: 142 | ERRORS: best=18, median=47.0, diversity=0.565 | INDIVIDUALS: n=200, avg_genome_length=48.14 | VIRUSES: gene_rate=0.000
2022-01-05 00:05:13.623665 | GENERATION: 143 | ERRORS: best=18, median=51.0, diversity=0.55 | INDIVIDUALS: n=200, avg_genome_length=47.425 | VIRUSES: gene_rate=0.000
2022-01-05 00:05:17.420226 | GENERATION: 144 | ERRORS: best=18, median=48.0, diversity=0.49 | INDIVIDUALS: n=200, avg_genome_length=47.02 | VIRUSES: gene_rate=0.000
2022-01-05 00:05:20.588356 | GENERATION: 145 | ERRORS: best=18, median=47.0, diversity=0.445 | INDIVIDUALS: n=200, avg_genome_length=46.465 | VIRUSES: gene_rate=0.000
2022-01-05 00:05:22.901088 | GENERATION: 146 | ERRORS: best=18, median=47.0, diversity=0.53 | INDIVIDUALS: n=200, avg_genome_length=46.515 | VIRUSES: gene_rate=0.000
2022-01-05 00:05:24.779093 | GENERATION: 147 | ERRORS: best=18, median=47.0, diversity=0.485 | INDIVIDUALS: n=200, avg_genome_length=45.27 | VIRUSES: gene_rate=0.000
2022-01-05 00:05:26.493072 | GENERATION: 148 | ERRORS: best=18, median=47.0, diversity=0.495 | INDIVIDUALS: n=200, avg_genome_length=44.855 | VIRUSES: gene_rate=0.000
2022-01-05 00:05:29.266117 | GENERATION: 149 | ERRORS: best=17, median=47.0, diversity=0.525 | INDIVIDUALS: n=200, avg_genome_length=44.68 | VIRUSES: gene_rate=0.000
2022-01-05 00:05:31.960900 | GENERATION: 150 | ERRORS: best=18, median=47.0, diversity=0.495 | INDIVIDUALS: n=200, avg_genome_length=43.895 | VIRUSES: gene_rate=0.000
2022-01-05 00:05:33.669224 | GENERATION: 151 | ERRORS: best=18, median=48.0, diversity=0.56 | INDIVIDUALS: n=200, avg_genome_length=44.05 | VIRUSES: gene_rate=0.000
2022-01-05 00:05:36.880483 | GENERATION: 152 | ERRORS: best=18, median=47.0, diversity=0.505 | INDIVIDUALS: n=200, avg_genome_length=43.48 | VIRUSES: gene_rate=0.000
2022-01-05 00:05:40.011443 | GENERATION: 153 | ERRORS: best=18, median=41.5, diversity=0.51 | INDIVIDUALS: n=200, avg_genome_length=43.44 | VIRUSES: gene_rate=0.000
2022-01-05 00:05:43.766588 | GENERATION: 154 | ERRORS: best=18, median=49.0, diversity=0.545 | INDIVIDUALS: n=200, avg_genome_length=42.845 | VIRUSES: gene_rate=0.000
2022-01-05 00:05:47.333431 | GENERATION: 155 | ERRORS: best=18, median=47.0, diversity=0.505 | INDIVIDUALS: n=200, avg_genome_length=42.69 | VIRUSES: gene_rate=0.000
2022-01-05 00:05:50.973262 | GENERATION: 156 | ERRORS: best=18, median=47.0, diversity=0.525 | INDIVIDUALS: n=200, avg_genome_length=42.545 | VIRUSES: gene_rate=0.000
2022-01-05 00:05:54.948759 | GENERATION: 157 | ERRORS: best=17, median=47.0, diversity=0.54 | INDIVIDUALS: n=200, avg_genome_length=41.555 | VIRUSES: gene_rate=0.000
2022-01-05 00:05:59.292705 | GENERATION: 158 | ERRORS: best=17, median=48.0, diversity=0.545 | INDIVIDUALS: n=200, avg_genome_length=40.615 | VIRUSES: gene_rate=0.000
2022-01-05 00:06:02.918529 | GENERATION: 159 | ERRORS: best=17, median=47.0, diversity=0.545 | INDIVIDUALS: n=200, avg_genome_length=40.2 | VIRUSES: gene_rate=0.000
2022-01-05 00:06:06.013107 | GENERATION: 160 | ERRORS: best=17, median=47.0, diversity=0.555 | INDIVIDUALS: n=200, avg_genome_length=40.12 | VIRUSES: gene_rate=0.000
2022-01-05 00:06:09.725017 | GENERATION: 161 | ERRORS: best=17, median=47.0, diversity=0.575 | INDIVIDUALS: n=200, avg_genome_length=39.88 | VIRUSES: gene_rate=0.000
2022-01-05 00:06:13.925456 | GENERATION: 162 | ERRORS: best=17, median=47.0, diversity=0.57 | INDIVIDUALS: n=200, avg_genome_length=39.53 | VIRUSES: gene_rate=0.000
2022-01-05 00:06:17.713990 | GENERATION: 163 | ERRORS: best=17, median=47.5, diversity=0.545 | INDIVIDUALS: n=200, avg_genome_length=40.52 | VIRUSES: gene_rate=0.000
2022-01-05 00:06:20.961823 | GENERATION: 164 | ERRORS: best=17, median=49.0, diversity=0.59 | INDIVIDUALS: n=200, avg_genome_length=42.57 | VIRUSES: gene_rate=0.000
2022-01-05 00:06:26.035564 | GENERATION: 165 | ERRORS: best=17, median=53.0, diversity=0.63 | INDIVIDUALS: n=200, avg_genome_length=42.465 | VIRUSES: gene_rate=0.000
2022-01-05 00:06:30.088217 | GENERATION: 166 | ERRORS: best=18, median=50.5, diversity=0.595 | INDIVIDUALS: n=200, avg_genome_length=42.72 | VIRUSES: gene_rate=0.000
2022-01-05 00:06:33.405717 | GENERATION: 167 | ERRORS: best=18, median=45.0, diversity=0.585 | INDIVIDUALS: n=200, avg_genome_length=42.11 | VIRUSES: gene_rate=0.000
2022-01-05 00:06:36.558379 | GENERATION: 168 | ERRORS: best=18, median=47.0, diversity=0.64 | INDIVIDUALS: n=200, avg_genome_length=42.345 | VIRUSES: gene_rate=0.000
2022-01-05 00:06:39.890003 | GENERATION: 169 | ERRORS: best=18, median=51.5, diversity=0.58 | INDIVIDUALS: n=200, avg_genome_length=41.94 | VIRUSES: gene_rate=0.000
2022-01-05 00:06:41.795774 | GENERATION: 170 | ERRORS: best=18, median=47.0, diversity=0.595 | INDIVIDUALS: n=200, avg_genome_length=41.585 | VIRUSES: gene_rate=0.000
2022-01-05 00:06:44.470920 | GENERATION: 171 | ERRORS: best=18, median=47.0, diversity=0.565 | INDIVIDUALS: n=200, avg_genome_length=42.36 | VIRUSES: gene_rate=0.000
2022-01-05 00:06:47.889622 | GENERATION: 172 | ERRORS: best=18, median=47.5, diversity=0.575 | INDIVIDUALS: n=200, avg_genome_length=42.53 | VIRUSES: gene_rate=0.000
2022-01-05 00:06:51.010069 | GENERATION: 173 | ERRORS: best=18, median=45.0, diversity=0.54 | INDIVIDUALS: n=200, avg_genome_length=41.94 | VIRUSES: gene_rate=0.000
2022-01-05 00:06:55.036300 | GENERATION: 174 | ERRORS: best=18, median=51.0, diversity=0.63 | INDIVIDUALS: n=200, avg_genome_length=42.09 | VIRUSES: gene_rate=0.000
2022-01-05 00:06:58.792704 | GENERATION: 175 | ERRORS: best=18, median=47.0, diversity=0.61 | INDIVIDUALS: n=200, avg_genome_length=41.445 | VIRUSES: gene_rate=0.000
2022-01-05 00:07:01.887595 | GENERATION: 176 | ERRORS: best=18, median=47.0, diversity=0.615 | INDIVIDUALS: n=200, avg_genome_length=39.79 | VIRUSES: gene_rate=0.000
2022-01-05 00:07:04.758108 | GENERATION: 177 | ERRORS: best=18, median=47.0, diversity=0.625 | INDIVIDUALS: n=200, avg_genome_length=40.27 | VIRUSES: gene_rate=0.000
2022-01-05 00:07:08.839621 | GENERATION: 178 | ERRORS: best=18, median=49.5, diversity=0.625 | INDIVIDUALS: n=200, avg_genome_length=38.975 | VIRUSES: gene_rate=0.000
2022-01-05 00:07:13.194177 | GENERATION: 179 | ERRORS: best=18, median=47.0, diversity=0.645 | INDIVIDUALS: n=200, avg_genome_length=39.16 | VIRUSES: gene_rate=0.000
2022-01-05 00:07:17.007116 | GENERATION: 180 | ERRORS: best=18, median=47.0, diversity=0.65 | INDIVIDUALS: n=200, avg_genome_length=38.48 | VIRUSES: gene_rate=0.000
2022-01-05 00:07:20.379585 | GENERATION: 181 | ERRORS: best=16, median=51.5, diversity=0.66 | INDIVIDUALS: n=200, avg_genome_length=38.005 | VIRUSES: gene_rate=0.000
2022-01-05 00:07:24.100744 | GENERATION: 182 | ERRORS: best=16, median=49.0, diversity=0.675 | INDIVIDUALS: n=200, avg_genome_length=39.45 | VIRUSES: gene_rate=0.000
2022-01-05 00:07:28.322639 | GENERATION: 183 | ERRORS: best=18, median=47.0, diversity=0.695 | INDIVIDUALS: n=200, avg_genome_length=37.995 | VIRUSES: gene_rate=0.000
2022-01-05 00:07:32.812832 | GENERATION: 184 | ERRORS: best=18, median=49.0, diversity=0.6 | INDIVIDUALS: n=200, avg_genome_length=37.69 | VIRUSES: gene_rate=0.000
2022-01-05 00:07:35.941770 | GENERATION: 185 | ERRORS: best=19, median=52.0, diversity=0.645 | INDIVIDUALS: n=200, avg_genome_length=38.65 | VIRUSES: gene_rate=0.000
2022-01-05 00:07:39.917638 | GENERATION: 186 | ERRORS: best=17, median=53.0, diversity=0.59 | INDIVIDUALS: n=200, avg_genome_length=36.06 | VIRUSES: gene_rate=0.000
2022-01-05 00:07:44.534758 | GENERATION: 187 | ERRORS: best=17, median=50.0, diversity=0.6 | INDIVIDUALS: n=200, avg_genome_length=37.2 | VIRUSES: gene_rate=0.000
2022-01-05 00:07:49.635678 | GENERATION: 188 | ERRORS: best=17, median=47.0, diversity=0.645 | INDIVIDUALS: n=200, avg_genome_length=37.78 | VIRUSES: gene_rate=0.000
2022-01-05 00:07:52.579972 | GENERATION: 189 | ERRORS: best=16, median=47.0, diversity=0.595 | INDIVIDUALS: n=200, avg_genome_length=37.61 | VIRUSES: gene_rate=0.000
2022-01-05 00:07:57.232838 | GENERATION: 190 | ERRORS: best=17, median=53.0, diversity=0.64 | INDIVIDUALS: n=200, avg_genome_length=36.675 | VIRUSES: gene_rate=0.000
2022-01-05 00:08:00.794063 | GENERATION: 191 | ERRORS: best=16, median=47.0, diversity=0.665 | INDIVIDUALS: n=200, avg_genome_length=37.92 | VIRUSES: gene_rate=0.000
2022-01-05 00:08:04.557198 | GENERATION: 192 | ERRORS: best=16, median=55.5, diversity=0.65 | INDIVIDUALS: n=200, avg_genome_length=38.795 | VIRUSES: gene_rate=0.000
2022-01-05 00:08:07.962455 | GENERATION: 193 | ERRORS: best=16, median=52.0, diversity=0.65 | INDIVIDUALS: n=200, avg_genome_length=38.815 | VIRUSES: gene_rate=0.000
2022-01-05 00:08:10.983598 | GENERATION: 194 | ERRORS: best=18, median=47.0, diversity=0.68 | INDIVIDUALS: n=200, avg_genome_length=38.305 | VIRUSES: gene_rate=0.000
2022-01-05 00:08:13.838053 | GENERATION: 195 | ERRORS: best=18, median=47.0, diversity=0.585 | INDIVIDUALS: n=200, avg_genome_length=38.36 | VIRUSES: gene_rate=0.000
2022-01-05 00:08:17.067190 | GENERATION: 196 | ERRORS: best=18, median=47.0, diversity=0.54 | INDIVIDUALS: n=200, avg_genome_length=38.845 | VIRUSES: gene_rate=0.000
2022-01-05 00:08:21.408668 | GENERATION: 197 | ERRORS: best=18, median=47.0, diversity=0.64 | INDIVIDUALS: n=200, avg_genome_length=38.635 | VIRUSES: gene_rate=0.000
2022-01-05 00:08:25.858548 | GENERATION: 198 | ERRORS: best=18, median=52.0, diversity=0.615 | INDIVIDUALS: n=200, avg_genome_length=38.175 | VIRUSES: gene_rate=0.000
2022-01-05 00:08:30.244873 | GENERATION: 199 | ERRORS: best=18, median=47.0, diversity=0.655 | INDIVIDUALS: n=200, avg_genome_length=38.665 | VIRUSES: gene_rate=0.000
2022-01-05 00:08:35.354431 | GENERATION: 200 | ERRORS: best=18, median=47.0, diversity=0.59 | INDIVIDUALS: n=200, avg_genome_length=39.06 | VIRUSES: gene_rate=0.000
2022-01-05 00:08:40.432017 | GENERATION: 201 | ERRORS: best=18, median=49.0, diversity=0.68 | INDIVIDUALS: n=200, avg_genome_length=39.285 | VIRUSES: gene_rate=0.000
2022-01-05 00:08:45.114162 | GENERATION: 202 | ERRORS: best=18, median=47.0, diversity=0.61 | INDIVIDUALS: n=200, avg_genome_length=38.275 | VIRUSES: gene_rate=0.000
2022-01-05 00:08:50.351606 | GENERATION: 203 | ERRORS: best=18, median=47.0, diversity=0.625 | INDIVIDUALS: n=200, avg_genome_length=38.12 | VIRUSES: gene_rate=0.000
2022-01-05 00:08:55.100584 | GENERATION: 204 | ERRORS: best=18, median=47.0, diversity=0.595 | INDIVIDUALS: n=200, avg_genome_length=38.07 | VIRUSES: gene_rate=0.000
2022-01-05 00:08:59.482074 | GENERATION: 205 | ERRORS: best=18, median=47.0, diversity=0.595 | INDIVIDUALS: n=200, avg_genome_length=39.005 | VIRUSES: gene_rate=0.000
2022-01-05 00:09:04.338943 | GENERATION: 206 | ERRORS: best=18, median=47.0, diversity=0.565 | INDIVIDUALS: n=200, avg_genome_length=39.225 | VIRUSES: gene_rate=0.000
2022-01-05 00:09:07.706355 | GENERATION: 207 | ERRORS: best=18, median=47.0, diversity=0.615 | INDIVIDUALS: n=200, avg_genome_length=39.045 | VIRUSES: gene_rate=0.000
2022-01-05 00:09:11.162448 | GENERATION: 208 | ERRORS: best=18, median=47.0, diversity=0.625 | INDIVIDUALS: n=200, avg_genome_length=38.425 | VIRUSES: gene_rate=0.000
2022-01-05 00:09:15.677664 | GENERATION: 209 | ERRORS: best=18, median=49.0, diversity=0.565 | INDIVIDUALS: n=200, avg_genome_length=37.935 | VIRUSES: gene_rate=0.000
2022-01-05 00:09:18.963471 | GENERATION: 210 | ERRORS: best=18, median=47.0, diversity=0.605 | INDIVIDUALS: n=200, avg_genome_length=38.025 | VIRUSES: gene_rate=0.000
2022-01-05 00:09:23.437726 | GENERATION: 211 | ERRORS: best=18, median=47.0, diversity=0.56 | INDIVIDUALS: n=200, avg_genome_length=37.02 | VIRUSES: gene_rate=0.000
2022-01-05 00:09:27.378983 | GENERATION: 212 | ERRORS: best=18, median=47.0, diversity=0.54 | INDIVIDUALS: n=200, avg_genome_length=36.685 | VIRUSES: gene_rate=0.000
2022-01-05 00:09:31.188172 | GENERATION: 213 | ERRORS: best=18, median=35.0, diversity=0.585 | INDIVIDUALS: n=200, avg_genome_length=37.31 | VIRUSES: gene_rate=0.000
2022-01-05 00:09:35.728880 | GENERATION: 214 | ERRORS: best=18, median=47.0, diversity=0.595 | INDIVIDUALS: n=200, avg_genome_length=36.37 | VIRUSES: gene_rate=0.000
2022-01-05 00:09:39.302803 | GENERATION: 215 | ERRORS: best=18, median=45.0, diversity=0.585 | INDIVIDUALS: n=200, avg_genome_length=37.055 | VIRUSES: gene_rate=0.000
2022-01-05 00:09:44.399319 | GENERATION: 216 | ERRORS: best=18, median=47.0, diversity=0.55 | INDIVIDUALS: n=200, avg_genome_length=37.715 | VIRUSES: gene_rate=0.000
2022-01-05 00:09:49.547504 | GENERATION: 217 | ERRORS: best=18, median=47.0, diversity=0.635 | INDIVIDUALS: n=200, avg_genome_length=37.8 | VIRUSES: gene_rate=0.000
2022-01-05 00:09:54.178979 | GENERATION: 218 | ERRORS: best=18, median=47.5, diversity=0.57 | INDIVIDUALS: n=200, avg_genome_length=36.875 | VIRUSES: gene_rate=0.000
2022-01-05 00:09:59.020402 | GENERATION: 219 | ERRORS: best=18, median=47.0, diversity=0.645 | INDIVIDUALS: n=200, avg_genome_length=37.915 | VIRUSES: gene_rate=0.000
2022-01-05 00:10:03.325504 | GENERATION: 220 | ERRORS: best=18, median=53.0, diversity=0.6 | INDIVIDUALS: n=200, avg_genome_length=37.32 | VIRUSES: gene_rate=0.000
2022-01-05 00:10:08.212017 | GENERATION: 221 | ERRORS: best=18, median=49.0, diversity=0.595 | INDIVIDUALS: n=200, avg_genome_length=37.66 | VIRUSES: gene_rate=0.000
2022-01-05 00:10:12.140928 | GENERATION: 222 | ERRORS: best=18, median=47.0, diversity=0.59 | INDIVIDUALS: n=200, avg_genome_length=36.92 | VIRUSES: gene_rate=0.000
2022-01-05 00:10:17.002158 | GENERATION: 223 | ERRORS: best=18, median=51.0, diversity=0.59 | INDIVIDUALS: n=200, avg_genome_length=37.14 | VIRUSES: gene_rate=0.000
2022-01-05 00:10:21.404275 | GENERATION: 224 | ERRORS: best=18, median=48.5, diversity=0.555 | INDIVIDUALS: n=200, avg_genome_length=36.235 | VIRUSES: gene_rate=0.000
2022-01-05 00:10:26.113522 | GENERATION: 225 | ERRORS: best=19, median=53.0, diversity=0.61 | INDIVIDUALS: n=200, avg_genome_length=36.905 | VIRUSES: gene_rate=0.000
2022-01-05 00:10:31.198934 | GENERATION: 226 | ERRORS: best=19, median=47.0, diversity=0.595 | INDIVIDUALS: n=200, avg_genome_length=36.795 | VIRUSES: gene_rate=0.000
2022-01-05 00:10:36.034095 | GENERATION: 227 | ERRORS: best=18, median=47.0, diversity=0.515 | INDIVIDUALS: n=200, avg_genome_length=35.55 | VIRUSES: gene_rate=0.000
2022-01-05 00:10:41.062380 | GENERATION: 228 | ERRORS: best=16, median=47.0, diversity=0.56 | INDIVIDUALS: n=200, avg_genome_length=35.1 | VIRUSES: gene_rate=0.000
2022-01-05 00:10:46.845544 | GENERATION: 229 | ERRORS: best=13, median=49.5, diversity=0.665 | INDIVIDUALS: n=200, avg_genome_length=33.81 | VIRUSES: gene_rate=0.000
2022-01-05 00:10:51.063212 | GENERATION: 230 | ERRORS: best=11, median=47.0, diversity=0.625 | INDIVIDUALS: n=200, avg_genome_length=31.965 | VIRUSES: gene_rate=0.000
2022-01-05 00:10:55.148473 | GENERATION: 231 | ERRORS: best=11, median=47.0, diversity=0.57 | INDIVIDUALS: n=200, avg_genome_length=30.725 | VIRUSES: gene_rate=0.000
2022-01-05 00:11:00.200116 | GENERATION: 232 | ERRORS: best=11, median=47.0, diversity=0.665 | INDIVIDUALS: n=200, avg_genome_length=31.635 | VIRUSES: gene_rate=0.000
2022-01-05 00:11:04.559146 | GENERATION: 233 | ERRORS: best=11, median=48.5, diversity=0.615 | INDIVIDUALS: n=200, avg_genome_length=31.33 | VIRUSES: gene_rate=0.000
2022-01-05 00:11:08.091043 | GENERATION: 234 | ERRORS: best=11, median=47.0, diversity=0.605 | INDIVIDUALS: n=200, avg_genome_length=31.205 | VIRUSES: gene_rate=0.000
2022-01-05 00:11:11.555442 | GENERATION: 235 | ERRORS: best=11, median=47.0, diversity=0.61 | INDIVIDUALS: n=200, avg_genome_length=31.025 | VIRUSES: gene_rate=0.000
2022-01-05 00:11:15.287586 | GENERATION: 236 | ERRORS: best=11, median=47.0, diversity=0.63 | INDIVIDUALS: n=200, avg_genome_length=31.265 | VIRUSES: gene_rate=0.000
2022-01-05 00:11:19.113447 | GENERATION: 237 | ERRORS: best=8, median=46.5, diversity=0.62 | INDIVIDUALS: n=200, avg_genome_length=31.56 | VIRUSES: gene_rate=0.000
2022-01-05 00:11:22.757731 | GENERATION: 238 | ERRORS: best=8, median=47.0, diversity=0.595 | INDIVIDUALS: n=200, avg_genome_length=32.055 | VIRUSES: gene_rate=0.000
2022-01-05 00:11:26.338237 | GENERATION: 239 | ERRORS: best=8, median=49.5, diversity=0.655 | INDIVIDUALS: n=200, avg_genome_length=31.52 | VIRUSES: gene_rate=0.000
2022-01-05 00:11:30.311309 | GENERATION: 240 | ERRORS: best=8, median=52.5, diversity=0.68 | INDIVIDUALS: n=200, avg_genome_length=31.23 | VIRUSES: gene_rate=0.000
2022-01-05 00:11:38.641406 | GENERATION: 241 | ERRORS: best=8, median=47.0, diversity=0.685 | INDIVIDUALS: n=200, avg_genome_length=31.255 | VIRUSES: gene_rate=0.000
2022-01-05 00:11:41.730914 | GENERATION: 242 | ERRORS: best=8, median=52.5, diversity=0.7 | INDIVIDUALS: n=200, avg_genome_length=30.73 | VIRUSES: gene_rate=0.000
2022-01-05 00:11:44.072791 | GENERATION: 243 | ERRORS: best=8, median=53.0, diversity=0.67 | INDIVIDUALS: n=200, avg_genome_length=30.66 | VIRUSES: gene_rate=0.000
2022-01-05 00:11:47.298865 | GENERATION: 244 | ERRORS: best=8, median=53.0, diversity=0.69 | INDIVIDUALS: n=200, avg_genome_length=30.83 | VIRUSES: gene_rate=0.000
2022-01-05 00:11:51.265549 | GENERATION: 245 | ERRORS: best=8, median=53.0, diversity=0.645 | INDIVIDUALS: n=200, avg_genome_length=31.04 | VIRUSES: gene_rate=0.000
2022-01-05 00:11:54.466598 | GENERATION: 246 | ERRORS: best=8, median=52.5, diversity=0.655 | INDIVIDUALS: n=200, avg_genome_length=31.19 | VIRUSES: gene_rate=0.000
2022-01-05 00:11:57.027060 | GENERATION: 247 | ERRORS: best=8, median=53.0, diversity=0.67 | INDIVIDUALS: n=200, avg_genome_length=31.38 | VIRUSES: gene_rate=0.000
2022-01-05 00:12:00.269710 | GENERATION: 248 | ERRORS: best=7, median=51.5, diversity=0.68 | INDIVIDUALS: n=200, avg_genome_length=31.27 | VIRUSES: gene_rate=0.000
2022-01-05 00:12:03.438157 | GENERATION: 249 | ERRORS: best=7, median=48.0, diversity=0.61 | INDIVIDUALS: n=200, avg_genome_length=31.76 | VIRUSES: gene_rate=0.000
2022-01-05 00:12:06.506378 | GENERATION: 250 | ERRORS: best=7, median=53.0, diversity=0.635 | INDIVIDUALS: n=200, avg_genome_length=31.37 | VIRUSES: gene_rate=0.000
2022-01-05 00:12:08.995886 | GENERATION: 251 | ERRORS: best=7, median=53.0, diversity=0.635 | INDIVIDUALS: n=200, avg_genome_length=31.895 | VIRUSES: gene_rate=0.000
2022-01-05 00:12:12.177800 | GENERATION: 252 | ERRORS: best=7, median=54.0, diversity=0.7 | INDIVIDUALS: n=200, avg_genome_length=31.63 | VIRUSES: gene_rate=0.000
2022-01-05 00:12:15.652676 | GENERATION: 253 | ERRORS: best=7, median=3000026.5, diversity=0.66 | INDIVIDUALS: n=200, avg_genome_length=31.725 | VIRUSES: gene_rate=0.000
2022-01-05 00:12:18.257214 | GENERATION: 254 | ERRORS: best=7, median=55.5, diversity=0.69 | INDIVIDUALS: n=200, avg_genome_length=31.81 | VIRUSES: gene_rate=0.000
2022-01-05 00:12:21.592699 | GENERATION: 255 | ERRORS: best=7, median=53.0, diversity=0.6 | INDIVIDUALS: n=200, avg_genome_length=31.785 | VIRUSES: gene_rate=0.000
2022-01-05 00:12:24.210433 | GENERATION: 256 | ERRORS: best=7, median=55.0, diversity=0.64 | INDIVIDUALS: n=200, avg_genome_length=31.765 | VIRUSES: gene_rate=0.000
2022-01-05 00:12:26.722865 | GENERATION: 257 | ERRORS: best=7, median=2500023.0, diversity=0.685 | INDIVIDUALS: n=200, avg_genome_length=32.02 | VIRUSES: gene_rate=0.000
2022-01-05 00:12:29.989958 | GENERATION: 258 | ERRORS: best=7, median=52.5, diversity=0.685 | INDIVIDUALS: n=200, avg_genome_length=31.955 | VIRUSES: gene_rate=0.000
2022-01-05 00:12:33.655964 | GENERATION: 259 | ERRORS: best=7, median=53.0, diversity=0.62 | INDIVIDUALS: n=200, avg_genome_length=31.9 | VIRUSES: gene_rate=0.000
2022-01-05 00:12:37.138126 | GENERATION: 260 | ERRORS: best=7, median=1000016.5, diversity=0.73 | INDIVIDUALS: n=200, avg_genome_length=31.75 | VIRUSES: gene_rate=0.000
2022-01-05 00:12:39.177410 | GENERATION: 261 | ERRORS: best=7, median=53.0, diversity=0.725 | INDIVIDUALS: n=200, avg_genome_length=31.445 | VIRUSES: gene_rate=0.000
2022-01-05 00:12:41.915528 | GENERATION: 262 | ERRORS: best=7, median=12500027.0, diversity=0.67 | INDIVIDUALS: n=200, avg_genome_length=31.14 | VIRUSES: gene_rate=0.000
2022-01-05 00:12:44.676454 | GENERATION: 263 | ERRORS: best=7, median=4500026.0, diversity=0.665 | INDIVIDUALS: n=200, avg_genome_length=30.98 | VIRUSES: gene_rate=0.000
2022-01-05 00:12:48.393983 | GENERATION: 264 | ERRORS: best=7, median=9500033.5, diversity=0.68 | INDIVIDUALS: n=200, avg_genome_length=30.83 | VIRUSES: gene_rate=0.000
2022-01-05 00:12:51.545686 | GENERATION: 265 | ERRORS: best=7, median=8000051.0, diversity=0.705 | INDIVIDUALS: n=200, avg_genome_length=30.535 | VIRUSES: gene_rate=0.000
2022-01-05 00:12:53.811958 | GENERATION: 266 | ERRORS: best=7, median=53.0, diversity=0.69 | INDIVIDUALS: n=200, avg_genome_length=30.48 | VIRUSES: gene_rate=0.000
2022-01-05 00:12:57.320183 | GENERATION: 267 | ERRORS: best=7, median=1000019.5, diversity=0.69 | INDIVIDUALS: n=200, avg_genome_length=30.575 | VIRUSES: gene_rate=0.000
2022-01-05 00:12:59.769892 | GENERATION: 268 | ERRORS: best=7, median=10500027.5, diversity=0.785 | INDIVIDUALS: n=200, avg_genome_length=30.345 | VIRUSES: gene_rate=0.000
2022-01-05 00:13:03.406590 | GENERATION: 269 | ERRORS: best=7, median=3000041.5, diversity=0.725 | INDIVIDUALS: n=200, avg_genome_length=30.435 | VIRUSES: gene_rate=0.000
2022-01-05 00:13:05.706923 | GENERATION: 270 | ERRORS: best=7, median=48.0, diversity=0.685 | INDIVIDUALS: n=200, avg_genome_length=30.055 | VIRUSES: gene_rate=0.000
2022-01-05 00:13:09.005922 | GENERATION: 271 | ERRORS: best=7, median=53.0, diversity=0.715 | INDIVIDUALS: n=200, avg_genome_length=29.76 | VIRUSES: gene_rate=0.000
2022-01-05 00:13:11.505790 | GENERATION: 272 | ERRORS: best=7, median=52.0, diversity=0.73 | INDIVIDUALS: n=200, avg_genome_length=29.5 | VIRUSES: gene_rate=0.000
2022-01-05 00:13:13.627937 | GENERATION: 273 | ERRORS: best=7, median=7500023.0, diversity=0.675 | INDIVIDUALS: n=200, avg_genome_length=30.305 | VIRUSES: gene_rate=0.000
2022-01-05 00:13:17.123014 | GENERATION: 274 | ERRORS: best=7, median=9500023.0, diversity=0.63 | INDIVIDUALS: n=200, avg_genome_length=31.3 | VIRUSES: gene_rate=0.000
2022-01-05 00:13:20.871384 | GENERATION: 275 | ERRORS: best=7, median=11500027.0, diversity=0.665 | INDIVIDUALS: n=200, avg_genome_length=31.52 | VIRUSES: gene_rate=0.000
2022-01-05 00:13:24.085287 | GENERATION: 276 | ERRORS: best=7, median=2500025.0, diversity=0.71 | INDIVIDUALS: n=200, avg_genome_length=31.02 | VIRUSES: gene_rate=0.000
2022-01-05 00:13:27.743746 | GENERATION: 277 | ERRORS: best=7, median=6000023.5, diversity=0.645 | INDIVIDUALS: n=200, avg_genome_length=31.625 | VIRUSES: gene_rate=0.000
2022-01-05 00:13:31.845522 | GENERATION: 278 | ERRORS: best=7, median=53.0, diversity=0.685 | INDIVIDUALS: n=200, avg_genome_length=32.205 | VIRUSES: gene_rate=0.000
2022-01-05 00:13:33.755009 | GENERATION: 279 | ERRORS: best=7, median=53.5, diversity=0.72 | INDIVIDUALS: n=200, avg_genome_length=32.41 | VIRUSES: gene_rate=0.000
2022-01-05 00:13:37.444909 | GENERATION: 280 | ERRORS: best=7, median=2000029.0, diversity=0.685 | INDIVIDUALS: n=200, avg_genome_length=31.94 | VIRUSES: gene_rate=0.000
2022-01-05 00:13:41.180929 | GENERATION: 281 | ERRORS: best=7, median=2000028.5, diversity=0.7 | INDIVIDUALS: n=200, avg_genome_length=32.17 | VIRUSES: gene_rate=0.000
2022-01-05 00:13:44.190255 | GENERATION: 282 | ERRORS: best=7, median=53.0, diversity=0.675 | INDIVIDUALS: n=200, avg_genome_length=32.235 | VIRUSES: gene_rate=0.000
2022-01-05 00:13:47.461893 | GENERATION: 283 | ERRORS: best=7, median=50.0, diversity=0.655 | INDIVIDUALS: n=200, avg_genome_length=32.21 | VIRUSES: gene_rate=0.000
2022-01-05 00:13:50.598232 | GENERATION: 284 | ERRORS: best=7, median=2000017.5, diversity=0.67 | INDIVIDUALS: n=200, avg_genome_length=31.88 | VIRUSES: gene_rate=0.000
2022-01-05 00:13:52.801923 | GENERATION: 285 | ERRORS: best=7, median=53.0, diversity=0.68 | INDIVIDUALS: n=200, avg_genome_length=31.985 | VIRUSES: gene_rate=0.000
2022-01-05 00:13:56.513230 | GENERATION: 286 | ERRORS: best=7, median=500044.5, diversity=0.66 | INDIVIDUALS: n=200, avg_genome_length=31.71 | VIRUSES: gene_rate=0.000
2022-01-05 00:13:59.286828 | GENERATION: 287 | ERRORS: best=7, median=2000037.0, diversity=0.62 | INDIVIDUALS: n=200, avg_genome_length=32.16 | VIRUSES: gene_rate=0.000
2022-01-05 00:14:02.334508 | GENERATION: 288 | ERRORS: best=7, median=4500025.0, diversity=0.69 | INDIVIDUALS: n=200, avg_genome_length=31.345 | VIRUSES: gene_rate=0.000
2022-01-05 00:14:05.034588 | GENERATION: 289 | ERRORS: best=7, median=53.0, diversity=0.685 | INDIVIDUALS: n=200, avg_genome_length=31.48 | VIRUSES: gene_rate=0.000
2022-01-05 00:14:08.648137 | GENERATION: 290 | ERRORS: best=7, median=55.0, diversity=0.71 | INDIVIDUALS: n=200, avg_genome_length=31.945 | VIRUSES: gene_rate=0.000
2022-01-05 00:14:11.498144 | GENERATION: 291 | ERRORS: best=7, median=53.0, diversity=0.675 | INDIVIDUALS: n=200, avg_genome_length=32.08 | VIRUSES: gene_rate=0.000
2022-01-05 00:14:14.573505 | GENERATION: 292 | ERRORS: best=7, median=53.0, diversity=0.67 | INDIVIDUALS: n=200, avg_genome_length=31.69 | VIRUSES: gene_rate=0.000
2022-01-05 00:14:16.531370 | GENERATION: 293 | ERRORS: best=7, median=1000054.0, diversity=0.73 | INDIVIDUALS: n=200, avg_genome_length=31.955 | VIRUSES: gene_rate=0.000
2022-01-05 00:14:20.547453 | GENERATION: 294 | ERRORS: best=7, median=2500037.0, diversity=0.75 | INDIVIDUALS: n=200, avg_genome_length=32.6 | VIRUSES: gene_rate=0.000
2022-01-05 00:14:23.506315 | GENERATION: 295 | ERRORS: best=7, median=2000029.0, diversity=0.685 | INDIVIDUALS: n=200, avg_genome_length=32.65 | VIRUSES: gene_rate=0.000
2022-01-05 00:14:26.215178 | GENERATION: 296 | ERRORS: best=7, median=53.0, diversity=0.65 | INDIVIDUALS: n=200, avg_genome_length=32.29 | VIRUSES: gene_rate=0.000
2022-01-05 00:14:28.338214 | GENERATION: 297 | ERRORS: best=7, median=53.0, diversity=0.69 | INDIVIDUALS: n=200, avg_genome_length=32.22 | VIRUSES: gene_rate=0.000
2022-01-05 00:14:31.063142 | GENERATION: 298 | ERRORS: best=7, median=53.0, diversity=0.715 | INDIVIDUALS: n=200, avg_genome_length=32.325 | VIRUSES: gene_rate=0.000
2022-01-05 00:14:34.770408 | GENERATION: 299 | ERRORS: best=7, median=47.0, diversity=0.655 | INDIVIDUALS: n=200, avg_genome_length=32.435 | VIRUSES: gene_rate=0.000
2022-01-05 00:14:37.708678 | GENERATION: 300 | ERRORS: best=7, median=53.0, diversity=0.65 | INDIVIDUALS: n=200, avg_genome_length=32.33 | VIRUSES: gene_rate=0.000
Simplifying genome of length 33 with total error 7.
Simplified genome by 1 to length 32.
Simplified genome by 2 to length 30.
Simplified genome by 1 to length 29.
Simplified genome by 1 to length 28.
Simplified genome by 1 to length 27.
Simplified genome by 1 to length 26.
Simplified genome by 2 to length 24.
Simplified genome by 1 to length 23.
Simplified genome by 1 to length 22.
Simplified genome to length 22 and total error 7.
========================================
End Run
========================================
No solution found.
Best Seen Individual
	Genome:
	 pvector([Input(input_index=0), InstructionMeta(name='vector_int_iterate', code_blocks=1), Literal(value=2, push_type=<pyshgp.push.types.PushIntType object at 0x7fbe77aed7f0>), InstructionMeta(name='int_mod', code_blocks=0), InstructionMeta(name='bool_from_int', code_blocks=0), Literal(value=2, push_type=<pyshgp.push.types.PushIntType object at 0x7fbe77aed100>), InstructionMeta(name='bool_shove_dup', code_blocks=0), Input(input_index=0), Closer(), InstructionMeta(name='vector_int_push_all', code_blocks=0), Literal(value=2, push_type=<pyshgp.push.types.PushIntType object at 0x7fbe77aed400>), InstructionMeta(name='int_lt', code_blocks=0), InstructionMeta(name='int_max', code_blocks=0), InstructionMeta(name='vector_int_iterate', code_blocks=1), InstructionMeta(name='int_gte', code_blocks=0), InstructionMeta(name='exec_if', code_blocks=2), InstructionMeta(name='vector_int_shove', code_blocks=0), InstructionMeta(name='vector_int_shove_dup', code_blocks=0), InstructionMeta(name='exec_if', code_blocks=2), Input(input_index=0), InstructionMeta(name='vector_int_push_all', code_blocks=0), InstructionMeta(name='exec_if', code_blocks=2)])
	Program:
	 (input_0 vector_int_iterate (2 int_mod bool_from_int 2 bool_shove_dup input_0) vector_int_push_all 2 int_lt int_max vector_int_iterate (int_gte exec_if (vector_int_shove vector_int_shove_dup exec_if (input_0 vector_int_push_all exec_if () ()) ()) ()))
	Error vector:
	 [0 0 0 0 0 0 0 0 0 0 0 0 0 1 0 0 0 0 0 0 0 0 0 0 0 0 0 0 0 0 0 0 0 0 0 0 0
 0 0 0 0 1 0 0 1 0 0 0 0 0 0 0 0 0 0 0 0 1 0 0 0 0 0 0 0 0 0 0 0 0 0 0 0 0
 0 0 0 0 0 0 0 1 0 0 0 0 0 0 0 0 0 0 0 0 1 0 0 0 0 1]
	Total error:
	 7
	Test error:
	 147
	Time:
	 00:28:11
