========================================
Setup
========================================
Search Configuration:
signature: ProgramSignature(output_stacks=['bool'], arity=1, push_config=PushConfig(numeric_magnitude_limit=1000000000000.0, growth_cap=500, runtime_limit=10, collection_size_cap=1000, step_limit=1500))
evaluator: <pyshgp.gp.evaluation.DatasetEvaluator object at 0x7fe8f2c0fb20>
spawner: <pyshgp.gp.genome.GeneSpawner object at 0x7fe8f2c0f5b0>
population_size: 200
max_generations: 300
error_threshold: 0.0
initial_genome_size: (50, 250)
simplification_steps: 500
parallel_context: <pyshgp.gp.search.ParallelContext object at 0x7fe8f2c0fb80>
selection: <pyshgp.utils.DiscreteProbDistrib object at 0x7fe8f0ac4900>
variation: <pyshgp.utils.DiscreteProbDistrib object at 0x7fe8f0ac4700>
Instructions:
int_add, int_sub, int_mult, int_div, int_mod, int_min, int_max, int_inc, int_dec, int_lt, int_lte, int_gt, int_gte, int_from_bool, bool_and, bool_or, bool_not, bool_xor, bool_invert_first_then_and, bool_second_first_then_and, bool_from_int, noop, noop_open, exec_do_range, exec_do_count, exec_while, exec_do_while, exec_if, exec_when, vector_int_concat, vector_int_conj, vector_int_take, vector_int_subvec, vector_int_first, vector_int_last, vector_int_nth, vector_int_rest, vector_int_but_last, vector_int_length, vector_int_reverse, vector_int_push_all, vector_int_empty_vector, vector_int_contains, vector_int_index_of, vector_int_occurrences_of, vector_int_set_nth, vector_int_replace, vector_int_replace_first, vector_int_remove, vector_int_iterate, print_bool, println_bool, print_int, println_int, print_vector_int, println_vector_int, print_exec, println_exec, bool_pop, bool_dup, bool_dup_times, bool_swap, bool_rot, bool_flush, bool_eq, bool_stack_depth, bool_yank, bool_yank_dup, bool_shove, bool_shove_dup, bool_is_empty, int_pop, int_dup, int_dup_times, int_swap, int_rot, int_flush, int_eq, int_stack_depth, int_yank, int_yank_dup, int_shove, int_shove_dup, int_is_empty, vector_int_pop, vector_int_dup, vector_int_dup_times, vector_int_swap, vector_int_rot, vector_int_flush, vector_int_eq, vector_int_stack_depth, vector_int_yank, vector_int_yank_dup, vector_int_shove, vector_int_shove_dup, vector_int_is_empty, exec_pop, exec_dup, exec_dup_times, exec_swap, exec_rot, exec_flush, exec_eq, exec_stack_depth, exec_yank, exec_yank_dup, exec_shove, exec_shove_dup, exec_is_empty
Literals:
[Literal(value=0, push_type=<pyshgp.push.types.PushIntType object at 0x7fe8f2cca700>), Literal(value=1, push_type=<pyshgp.push.types.PushIntType object at 0x7fe8f2cca700>), Literal(value=2, push_type=<pyshgp.push.types.PushIntType object at 0x7fe8f2cca700>)]
ERC Generators:
[<function rand_int at 0x7fe90810c1f0>]
========================================
Start Run
========================================
2022-01-06 14:18:06.017947 | GENERATION: 1 | ERRORS: best=43, median=50.0, diversity=0.015 | INDIVIDUALS: n=200, avg_genome_length=159.73 | VIRUSES: gene_rate=0.000
2022-01-06 14:18:12.364776 | GENERATION: 2 | ERRORS: best=43, median=43.0, diversity=0.065 | INDIVIDUALS: n=200, avg_genome_length=164.905 | VIRUSES: gene_rate=0.000
2022-01-06 14:18:24.809345 | GENERATION: 3 | ERRORS: best=41, median=50.0, diversity=0.145 | INDIVIDUALS: n=200, avg_genome_length=153.045 | VIRUSES: gene_rate=0.000
2022-01-06 14:18:37.023761 | GENERATION: 4 | ERRORS: best=41, median=44.0, diversity=0.315 | INDIVIDUALS: n=200, avg_genome_length=153.075 | VIRUSES: gene_rate=0.000
2022-01-06 14:18:49.893090 | GENERATION: 5 | ERRORS: best=36, median=44.0, diversity=0.42 | INDIVIDUALS: n=200, avg_genome_length=144.84 | VIRUSES: gene_rate=0.000
2022-01-06 14:19:04.300194 | GENERATION: 6 | ERRORS: best=35, median=45.0, diversity=0.445 | INDIVIDUALS: n=200, avg_genome_length=136.875 | VIRUSES: gene_rate=0.000
2022-01-06 14:19:19.461922 | GENERATION: 7 | ERRORS: best=35, median=46.0, diversity=0.505 | INDIVIDUALS: n=200, avg_genome_length=139.155 | VIRUSES: gene_rate=0.000
2022-01-06 14:19:36.045169 | GENERATION: 8 | ERRORS: best=35, median=45.0, diversity=0.43 | INDIVIDUALS: n=200, avg_genome_length=130.015 | VIRUSES: gene_rate=0.000
2022-01-06 14:19:52.455344 | GENERATION: 9 | ERRORS: best=35, median=47.0, diversity=0.605 | INDIVIDUALS: n=200, avg_genome_length=117.555 | VIRUSES: gene_rate=0.000
2022-01-06 14:20:07.251885 | GENERATION: 10 | ERRORS: best=35, median=46.0, diversity=0.515 | INDIVIDUALS: n=200, avg_genome_length=113.635 | VIRUSES: gene_rate=0.000
2022-01-06 14:20:23.120817 | GENERATION: 11 | ERRORS: best=35, median=47.0, diversity=0.64 | INDIVIDUALS: n=200, avg_genome_length=113.075 | VIRUSES: gene_rate=0.000
2022-01-06 14:20:38.954448 | GENERATION: 12 | ERRORS: best=33, median=45.5, diversity=0.645 | INDIVIDUALS: n=200, avg_genome_length=113.655 | VIRUSES: gene_rate=0.000
2022-01-06 14:20:55.104726 | GENERATION: 13 | ERRORS: best=33, median=45.0, diversity=0.62 | INDIVIDUALS: n=200, avg_genome_length=113.29 | VIRUSES: gene_rate=0.000
2022-01-06 14:21:10.612854 | GENERATION: 14 | ERRORS: best=33, median=44.0, diversity=0.635 | INDIVIDUALS: n=200, avg_genome_length=112.905 | VIRUSES: gene_rate=0.000
2022-01-06 14:21:26.432241 | GENERATION: 15 | ERRORS: best=33, median=45.0, diversity=0.69 | INDIVIDUALS: n=200, avg_genome_length=112.865 | VIRUSES: gene_rate=0.000
2022-01-06 14:21:41.788569 | GENERATION: 16 | ERRORS: best=30, median=44.0, diversity=0.65 | INDIVIDUALS: n=200, avg_genome_length=113.425 | VIRUSES: gene_rate=0.000
2022-01-06 14:21:56.081749 | GENERATION: 17 | ERRORS: best=28, median=43.0, diversity=0.62 | INDIVIDUALS: n=200, avg_genome_length=113.59 | VIRUSES: gene_rate=0.000
2022-01-06 14:22:09.967503 | GENERATION: 18 | ERRORS: best=28, median=44.0, diversity=0.565 | INDIVIDUALS: n=200, avg_genome_length=114.3 | VIRUSES: gene_rate=0.000
2022-01-06 14:22:23.573454 | GENERATION: 19 | ERRORS: best=28, median=43.0, diversity=0.53 | INDIVIDUALS: n=200, avg_genome_length=114.765 | VIRUSES: gene_rate=0.000
2022-01-06 14:22:36.804412 | GENERATION: 20 | ERRORS: best=28, median=44.0, diversity=0.585 | INDIVIDUALS: n=200, avg_genome_length=114.89 | VIRUSES: gene_rate=0.000
2022-01-06 14:22:49.866013 | GENERATION: 21 | ERRORS: best=28, median=43.0, diversity=0.605 | INDIVIDUALS: n=200, avg_genome_length=115.175 | VIRUSES: gene_rate=0.000
2022-01-06 14:23:02.435536 | GENERATION: 22 | ERRORS: best=28, median=43.5, diversity=0.57 | INDIVIDUALS: n=200, avg_genome_length=116.33 | VIRUSES: gene_rate=0.000
2022-01-06 14:23:16.610109 | GENERATION: 23 | ERRORS: best=28, median=43.5, diversity=0.635 | INDIVIDUALS: n=200, avg_genome_length=117.435 | VIRUSES: gene_rate=0.000
2022-01-06 14:23:30.450298 | GENERATION: 24 | ERRORS: best=26, median=43.0, diversity=0.59 | INDIVIDUALS: n=200, avg_genome_length=117.045 | VIRUSES: gene_rate=0.000
2022-01-06 14:23:44.470340 | GENERATION: 25 | ERRORS: best=26, median=43.0, diversity=0.615 | INDIVIDUALS: n=200, avg_genome_length=118.015 | VIRUSES: gene_rate=0.000
2022-01-06 14:23:57.451220 | GENERATION: 26 | ERRORS: best=26, median=43.0, diversity=0.57 | INDIVIDUALS: n=200, avg_genome_length=117.725 | VIRUSES: gene_rate=0.000
2022-01-06 14:24:11.820121 | GENERATION: 27 | ERRORS: best=26, median=43.0, diversity=0.605 | INDIVIDUALS: n=200, avg_genome_length=118.83 | VIRUSES: gene_rate=0.000
2022-01-06 14:24:25.774559 | GENERATION: 28 | ERRORS: best=26, median=44.0, diversity=0.625 | INDIVIDUALS: n=200, avg_genome_length=119.795 | VIRUSES: gene_rate=0.000
2022-01-06 14:24:38.029355 | GENERATION: 29 | ERRORS: best=25, median=45.0, diversity=0.625 | INDIVIDUALS: n=200, avg_genome_length=118.755 | VIRUSES: gene_rate=0.000
2022-01-06 14:24:50.463363 | GENERATION: 30 | ERRORS: best=25, median=45.0, diversity=0.63 | INDIVIDUALS: n=200, avg_genome_length=120.165 | VIRUSES: gene_rate=0.000
2022-01-06 14:25:04.300299 | GENERATION: 31 | ERRORS: best=25, median=48.0, diversity=0.69 | INDIVIDUALS: n=200, avg_genome_length=120.24 | VIRUSES: gene_rate=0.000
2022-01-06 14:25:17.206467 | GENERATION: 32 | ERRORS: best=25, median=44.5, diversity=0.665 | INDIVIDUALS: n=200, avg_genome_length=120.96 | VIRUSES: gene_rate=0.000
2022-01-06 14:25:35.396608 | GENERATION: 33 | ERRORS: best=25, median=46.0, diversity=0.685 | INDIVIDUALS: n=200, avg_genome_length=121.08 | VIRUSES: gene_rate=0.000
2022-01-06 14:25:45.878248 | GENERATION: 34 | ERRORS: best=25, median=51.0, diversity=0.72 | INDIVIDUALS: n=200, avg_genome_length=122.12 | VIRUSES: gene_rate=0.000
2022-01-06 14:25:57.928069 | GENERATION: 35 | ERRORS: best=25, median=48.0, diversity=0.685 | INDIVIDUALS: n=200, avg_genome_length=121.57 | VIRUSES: gene_rate=0.000
2022-01-06 14:26:09.488000 | GENERATION: 36 | ERRORS: best=25, median=46.0, diversity=0.685 | INDIVIDUALS: n=200, avg_genome_length=122.68 | VIRUSES: gene_rate=0.000
2022-01-06 14:26:21.871599 | GENERATION: 37 | ERRORS: best=25, median=46.0, diversity=0.72 | INDIVIDUALS: n=200, avg_genome_length=121.91 | VIRUSES: gene_rate=0.000
2022-01-06 14:26:34.317760 | GENERATION: 38 | ERRORS: best=25, median=52.0, diversity=0.755 | INDIVIDUALS: n=200, avg_genome_length=122.105 | VIRUSES: gene_rate=0.000
2022-01-06 14:26:47.362478 | GENERATION: 39 | ERRORS: best=25, median=48.0, diversity=0.755 | INDIVIDUALS: n=200, avg_genome_length=120.865 | VIRUSES: gene_rate=0.000
2022-01-06 14:26:59.817185 | GENERATION: 40 | ERRORS: best=21, median=47.0, diversity=0.69 | INDIVIDUALS: n=200, avg_genome_length=121.79 | VIRUSES: gene_rate=0.000
2022-01-06 14:27:11.091730 | GENERATION: 41 | ERRORS: best=24, median=49.0, diversity=0.7 | INDIVIDUALS: n=200, avg_genome_length=121.85 | VIRUSES: gene_rate=0.000
2022-01-06 14:27:23.255022 | GENERATION: 42 | ERRORS: best=20, median=50.0, diversity=0.71 | INDIVIDUALS: n=200, avg_genome_length=121.74 | VIRUSES: gene_rate=0.000
2022-01-06 14:27:34.596287 | GENERATION: 43 | ERRORS: best=19, median=49.5, diversity=0.685 | INDIVIDUALS: n=200, avg_genome_length=120.055 | VIRUSES: gene_rate=0.000
2022-01-06 14:27:46.516588 | GENERATION: 44 | ERRORS: best=19, median=44.0, diversity=0.63 | INDIVIDUALS: n=200, avg_genome_length=120.34 | VIRUSES: gene_rate=0.000
2022-01-06 14:27:58.272932 | GENERATION: 45 | ERRORS: best=19, median=43.0, diversity=0.64 | INDIVIDUALS: n=200, avg_genome_length=118.7 | VIRUSES: gene_rate=0.000
2022-01-06 14:28:08.907656 | GENERATION: 46 | ERRORS: best=19, median=43.0, diversity=0.52 | INDIVIDUALS: n=200, avg_genome_length=117.09 | VIRUSES: gene_rate=0.000
2022-01-06 14:28:22.270788 | GENERATION: 47 | ERRORS: best=19, median=44.0, diversity=0.54 | INDIVIDUALS: n=200, avg_genome_length=116.315 | VIRUSES: gene_rate=0.000
2022-01-06 14:28:34.523676 | GENERATION: 48 | ERRORS: best=18, median=43.5, diversity=0.565 | INDIVIDUALS: n=200, avg_genome_length=116.48 | VIRUSES: gene_rate=0.000
2022-01-06 14:28:49.523624 | GENERATION: 49 | ERRORS: best=15, median=43.0, diversity=0.615 | INDIVIDUALS: n=200, avg_genome_length=118.48 | VIRUSES: gene_rate=0.000
2022-01-06 14:28:59.677822 | GENERATION: 50 | ERRORS: best=15, median=45.5, diversity=0.56 | INDIVIDUALS: n=200, avg_genome_length=116.985 | VIRUSES: gene_rate=0.000
2022-01-06 14:29:11.488874 | GENERATION: 51 | ERRORS: best=15, median=44.0, diversity=0.545 | INDIVIDUALS: n=200, avg_genome_length=117.53 | VIRUSES: gene_rate=0.000
2022-01-06 14:29:21.682628 | GENERATION: 52 | ERRORS: best=15, median=43.0, diversity=0.54 | INDIVIDUALS: n=200, avg_genome_length=116.69 | VIRUSES: gene_rate=0.000
2022-01-06 14:29:31.642604 | GENERATION: 53 | ERRORS: best=15, median=43.0, diversity=0.58 | INDIVIDUALS: n=200, avg_genome_length=116.84 | VIRUSES: gene_rate=0.000
2022-01-06 14:29:41.499883 | GENERATION: 54 | ERRORS: best=15, median=43.0, diversity=0.465 | INDIVIDUALS: n=200, avg_genome_length=115.4 | VIRUSES: gene_rate=0.000
2022-01-06 14:29:54.480987 | GENERATION: 55 | ERRORS: best=15, median=43.0, diversity=0.505 | INDIVIDUALS: n=200, avg_genome_length=116.11 | VIRUSES: gene_rate=0.000
2022-01-06 14:30:05.697861 | GENERATION: 56 | ERRORS: best=15, median=43.0, diversity=0.52 | INDIVIDUALS: n=200, avg_genome_length=114.82 | VIRUSES: gene_rate=0.000
2022-01-06 14:30:15.612625 | GENERATION: 57 | ERRORS: best=15, median=45.5, diversity=0.55 | INDIVIDUALS: n=200, avg_genome_length=114.255 | VIRUSES: gene_rate=0.000
2022-01-06 14:30:25.978782 | GENERATION: 58 | ERRORS: best=15, median=43.0, diversity=0.44 | INDIVIDUALS: n=200, avg_genome_length=114.435 | VIRUSES: gene_rate=0.000
2022-01-06 14:30:36.337959 | GENERATION: 59 | ERRORS: best=15, median=43.0, diversity=0.46 | INDIVIDUALS: n=200, avg_genome_length=113.3 | VIRUSES: gene_rate=0.000
2022-01-06 14:30:48.513296 | GENERATION: 60 | ERRORS: best=15, median=43.0, diversity=0.48 | INDIVIDUALS: n=200, avg_genome_length=114.825 | VIRUSES: gene_rate=0.000
2022-01-06 14:30:59.994841 | GENERATION: 61 | ERRORS: best=15, median=43.0, diversity=0.455 | INDIVIDUALS: n=200, avg_genome_length=113.355 | VIRUSES: gene_rate=0.000
2022-01-06 14:31:10.853484 | GENERATION: 62 | ERRORS: best=15, median=43.0, diversity=0.505 | INDIVIDUALS: n=200, avg_genome_length=114.71 | VIRUSES: gene_rate=0.000
2022-01-06 14:31:20.246456 | GENERATION: 63 | ERRORS: best=15, median=43.0, diversity=0.475 | INDIVIDUALS: n=200, avg_genome_length=115.09 | VIRUSES: gene_rate=0.000
2022-01-06 14:31:29.439516 | GENERATION: 64 | ERRORS: best=15, median=43.0, diversity=0.49 | INDIVIDUALS: n=200, avg_genome_length=115.915 | VIRUSES: gene_rate=0.000
2022-01-06 14:31:38.204152 | GENERATION: 65 | ERRORS: best=15, median=43.0, diversity=0.485 | INDIVIDUALS: n=200, avg_genome_length=114.6 | VIRUSES: gene_rate=0.000
2022-01-06 14:31:47.991825 | GENERATION: 66 | ERRORS: best=15, median=43.0, diversity=0.44 | INDIVIDUALS: n=200, avg_genome_length=116.485 | VIRUSES: gene_rate=0.000
2022-01-06 14:31:57.751539 | GENERATION: 67 | ERRORS: best=15, median=43.0, diversity=0.42 | INDIVIDUALS: n=200, avg_genome_length=116.45 | VIRUSES: gene_rate=0.000
2022-01-06 14:32:07.218058 | GENERATION: 68 | ERRORS: best=15, median=43.0, diversity=0.45 | INDIVIDUALS: n=200, avg_genome_length=115.41 | VIRUSES: gene_rate=0.000
2022-01-06 14:32:17.737689 | GENERATION: 69 | ERRORS: best=14, median=43.0, diversity=0.43 | INDIVIDUALS: n=200, avg_genome_length=117.855 | VIRUSES: gene_rate=0.000
2022-01-06 14:32:28.246818 | GENERATION: 70 | ERRORS: best=14, median=43.0, diversity=0.38 | INDIVIDUALS: n=200, avg_genome_length=116.28 | VIRUSES: gene_rate=0.000
2022-01-06 14:32:39.420332 | GENERATION: 71 | ERRORS: best=14, median=43.0, diversity=0.365 | INDIVIDUALS: n=200, avg_genome_length=114.635 | VIRUSES: gene_rate=0.000
2022-01-06 14:32:52.935456 | GENERATION: 72 | ERRORS: best=14, median=43.0, diversity=0.38 | INDIVIDUALS: n=200, avg_genome_length=114.31 | VIRUSES: gene_rate=0.000
2022-01-06 14:33:02.838002 | GENERATION: 73 | ERRORS: best=14, median=43.0, diversity=0.37 | INDIVIDUALS: n=200, avg_genome_length=114.815 | VIRUSES: gene_rate=0.000
2022-01-06 14:33:15.568324 | GENERATION: 74 | ERRORS: best=14, median=43.0, diversity=0.34 | INDIVIDUALS: n=200, avg_genome_length=114.13 | VIRUSES: gene_rate=0.000
2022-01-06 14:33:27.608560 | GENERATION: 75 | ERRORS: best=14, median=43.0, diversity=0.4 | INDIVIDUALS: n=200, avg_genome_length=114.905 | VIRUSES: gene_rate=0.000
2022-01-06 14:33:38.682733 | GENERATION: 76 | ERRORS: best=12, median=43.0, diversity=0.415 | INDIVIDUALS: n=200, avg_genome_length=115.6 | VIRUSES: gene_rate=0.000
2022-01-06 14:33:48.840849 | GENERATION: 77 | ERRORS: best=12, median=43.0, diversity=0.425 | INDIVIDUALS: n=200, avg_genome_length=113.105 | VIRUSES: gene_rate=0.000
2022-01-06 14:33:59.947871 | GENERATION: 78 | ERRORS: best=12, median=43.0, diversity=0.415 | INDIVIDUALS: n=200, avg_genome_length=112.965 | VIRUSES: gene_rate=0.000
2022-01-06 14:34:11.079151 | GENERATION: 79 | ERRORS: best=12, median=43.0, diversity=0.405 | INDIVIDUALS: n=200, avg_genome_length=114.38 | VIRUSES: gene_rate=0.000
2022-01-06 14:34:22.263644 | GENERATION: 80 | ERRORS: best=12, median=43.0, diversity=0.415 | INDIVIDUALS: n=200, avg_genome_length=111.35 | VIRUSES: gene_rate=0.000
2022-01-06 14:34:33.680066 | GENERATION: 81 | ERRORS: best=12, median=43.0, diversity=0.41 | INDIVIDUALS: n=200, avg_genome_length=112.035 | VIRUSES: gene_rate=0.000
2022-01-06 14:34:46.179439 | GENERATION: 82 | ERRORS: best=12, median=43.0, diversity=0.455 | INDIVIDUALS: n=200, avg_genome_length=113.585 | VIRUSES: gene_rate=0.000
2022-01-06 14:34:59.513458 | GENERATION: 83 | ERRORS: best=12, median=43.0, diversity=0.51 | INDIVIDUALS: n=200, avg_genome_length=114.315 | VIRUSES: gene_rate=0.000
2022-01-06 14:35:11.815706 | GENERATION: 84 | ERRORS: best=12, median=43.0, diversity=0.475 | INDIVIDUALS: n=200, avg_genome_length=112.61 | VIRUSES: gene_rate=0.000
2022-01-06 14:35:22.734169 | GENERATION: 85 | ERRORS: best=12, median=43.0, diversity=0.395 | INDIVIDUALS: n=200, avg_genome_length=110.93 | VIRUSES: gene_rate=0.000
2022-01-06 14:35:33.703425 | GENERATION: 86 | ERRORS: best=12, median=43.0, diversity=0.42 | INDIVIDUALS: n=200, avg_genome_length=111.535 | VIRUSES: gene_rate=0.000
2022-01-06 14:35:44.998485 | GENERATION: 87 | ERRORS: best=12, median=43.0, diversity=0.42 | INDIVIDUALS: n=200, avg_genome_length=113.345 | VIRUSES: gene_rate=0.000
2022-01-06 14:35:54.921045 | GENERATION: 88 | ERRORS: best=12, median=43.0, diversity=0.385 | INDIVIDUALS: n=200, avg_genome_length=111.495 | VIRUSES: gene_rate=0.000
2022-01-06 14:36:45.674670 | GENERATION: 89 | ERRORS: best=12, median=43.0, diversity=0.485 | INDIVIDUALS: n=200, avg_genome_length=112.07 | VIRUSES: gene_rate=0.000
2022-01-06 14:36:55.182070 | GENERATION: 90 | ERRORS: best=12, median=43.0, diversity=0.385 | INDIVIDUALS: n=200, avg_genome_length=112.23 | VIRUSES: gene_rate=0.000
2022-01-06 14:37:05.643534 | GENERATION: 91 | ERRORS: best=12, median=43.0, diversity=0.405 | INDIVIDUALS: n=200, avg_genome_length=109.835 | VIRUSES: gene_rate=0.000
2022-01-06 14:37:14.283013 | GENERATION: 92 | ERRORS: best=12, median=43.0, diversity=0.425 | INDIVIDUALS: n=200, avg_genome_length=109.185 | VIRUSES: gene_rate=0.000
2022-01-06 14:37:23.245234 | GENERATION: 93 | ERRORS: best=12, median=43.0, diversity=0.41 | INDIVIDUALS: n=200, avg_genome_length=111.2 | VIRUSES: gene_rate=0.000
2022-01-06 14:37:32.043598 | GENERATION: 94 | ERRORS: best=12, median=43.0, diversity=0.43 | INDIVIDUALS: n=200, avg_genome_length=109.25 | VIRUSES: gene_rate=0.000
2022-01-06 14:37:40.015925 | GENERATION: 95 | ERRORS: best=12, median=43.0, diversity=0.415 | INDIVIDUALS: n=200, avg_genome_length=108.675 | VIRUSES: gene_rate=0.000
Simplifying genome of length 97 with total error 0.
Simplified genome by 2 to length 95.
Simplified genome by 2 to length 93.
Simplified genome by 3 to length 90.
Simplified genome by 2 to length 88.
Simplified genome by 1 to length 87.
Simplified genome by 2 to length 85.
Simplified genome by 3 to length 82.
Simplified genome by 2 to length 80.
Simplified genome by 1 to length 79.
Simplified genome by 1 to length 78.
Simplified genome by 2 to length 76.
Simplified genome by 1 to length 75.
Simplified genome by 1 to length 74.
Simplified genome by 1 to length 73.
Simplified genome by 1 to length 72.
Simplified genome by 1 to length 71.
Simplified genome by 2 to length 69.
Simplified genome by 1 to length 68.
Simplified genome by 2 to length 66.
Simplified genome by 1 to length 65.
Simplified genome by 1 to length 64.
Simplified genome by 2 to length 62.
Simplified genome by 1 to length 61.
Simplified genome by 2 to length 59.
Simplified genome by 1 to length 58.
Simplified genome by 1 to length 57.
Simplified genome by 2 to length 55.
Simplified genome by 2 to length 53.
Simplified genome by 2 to length 51.
Simplified genome by 1 to length 50.
Simplified genome by 2 to length 48.
Simplified genome by 1 to length 47.
Simplified genome by 1 to length 46.
Simplified genome by 1 to length 45.
Simplified genome by 2 to length 43.
Simplified genome by 1 to length 42.
Simplified genome by 2 to length 40.
Simplified genome by 1 to length 39.
Simplified genome by 1 to length 38.
Simplified genome by 2 to length 36.
Simplified genome by 1 to length 35.
Simplified genome by 3 to length 32.
Simplified genome by 1 to length 31.
Simplified genome by 1 to length 30.
Simplified genome by 1 to length 29.
Simplified genome by 1 to length 28.
Simplified genome by 3 to length 25.
Simplified genome by 1 to length 24.
Simplified genome by 1 to length 23.
Simplified genome by 1 to length 22.
Simplified genome by 1 to length 21.
Simplified genome by 1 to length 20.
Simplified genome by 2 to length 18.
Simplified genome by 1 to length 17.
Simplified genome to length 17 and total error 0.
========================================
End Run
========================================
Solution found.
Best Seen Individual
	Genome:
	 pvector([InstructionMeta(name='vector_int_stack_depth', code_blocks=0), Input(input_index=0), Literal(value=1000, push_type=<pyshgp.push.types.PushIntType object at 0x7fe8f059f370>), InstructionMeta(name='int_gte', code_blocks=0), InstructionMeta(name='vector_int_iterate', code_blocks=1), Closer(), Input(input_index=0), InstructionMeta(name='int_max', code_blocks=0), InstructionMeta(name='int_min', code_blocks=0), InstructionMeta(name='vector_int_push_all', code_blocks=0), InstructionMeta(name='bool_dup_times', code_blocks=0), InstructionMeta(name='int_min', code_blocks=0), InstructionMeta(name='int_max', code_blocks=0), Literal(value=2, push_type=<pyshgp.push.types.PushIntType object at 0x7fe8f059f850>), InstructionMeta(name='int_mod', code_blocks=0), Literal(value=1, push_type=<pyshgp.push.types.PushIntType object at 0x7fe8f059f9a0>), InstructionMeta(name='int_eq', code_blocks=0)])
	Program:
	 (vector_int_stack_depth input_0 1000 int_gte vector_int_iterate () input_0 int_max int_min vector_int_push_all bool_dup_times int_min int_max 2 int_mod 1 int_eq)
	Error vector:
	 [0 0 0 0 0 0 0 0 0 0 0 0 0 0 0 0 0 0 0 0 0 0 0 0 0 0 0 0 0 0 0 0 0 0 0 0 0
 0 0 0 0 0 0 0 0 0 0 0 0 0 0 0 0 0 0 0 0 0 0 0 0 0 0 0 0 0 0 0 0 0 0 0 0 0
 0 0 0 0 0 0 0 0 0 0 0 0 0 0 0 0 0 0 0 0 0 0 0 0 0 0]
	Total error:
	 0
	Test error:
	 0
	Time:
	 00:20:21
