========================================
Setup
========================================
Search Configuration:
signature: ProgramSignature(output_stacks=['bool'], arity=1, push_config=PushConfig(numeric_magnitude_limit=1000000000000.0, collection_size_cap=1000, growth_cap=500, runtime_limit=10, step_limit=1500))
evaluator: <pyshgp.gp.evaluation.DatasetEvaluator object at 0x7fd68f601b80>
spawner: <pyshgp.gp.genome.GeneSpawner object at 0x7fd68f6015e0>
population_size: 200
max_generations: 300
error_threshold: 0.0
initial_genome_size: (50, 250)
simplification_steps: 500
parallel_context: <pyshgp.gp.search.ParallelContext object at 0x7fd68f601be0>
selection: <pyshgp.utils.DiscreteProbDistrib object at 0x7fd68d44f300>
variation: <pyshgp.utils.DiscreteProbDistrib object at 0x7fd68f57b3c0>
Instructions:
int_add, int_sub, int_mult, int_div, int_mod, int_min, int_max, int_inc, int_dec, int_lt, int_lte, int_gt, int_gte, int_from_bool, bool_and, bool_or, bool_not, bool_xor, bool_invert_first_then_and, bool_second_first_then_and, bool_from_int, noop, noop_open, exec_do_range, exec_do_count, exec_while, exec_do_while, exec_if, exec_when, vector_int_concat, vector_int_conj, vector_int_take, vector_int_subvec, vector_int_first, vector_int_last, vector_int_nth, vector_int_rest, vector_int_but_last, vector_int_length, vector_int_reverse, vector_int_push_all, vector_int_empty_vector, vector_int_contains, vector_int_index_of, vector_int_occurrences_of, vector_int_set_nth, vector_int_replace, vector_int_replace_first, vector_int_remove, vector_int_iterate, print_bool, println_bool, print_int, println_int, print_vector_int, println_vector_int, print_exec, println_exec, bool_pop, bool_dup, bool_dup_times, bool_swap, bool_rot, bool_flush, bool_eq, bool_stack_depth, bool_yank, bool_yank_dup, bool_shove, bool_shove_dup, bool_is_empty, int_pop, int_dup, int_dup_times, int_swap, int_rot, int_flush, int_eq, int_stack_depth, int_yank, int_yank_dup, int_shove, int_shove_dup, int_is_empty, vector_int_pop, vector_int_dup, vector_int_dup_times, vector_int_swap, vector_int_rot, vector_int_flush, vector_int_eq, vector_int_stack_depth, vector_int_yank, vector_int_yank_dup, vector_int_shove, vector_int_shove_dup, vector_int_is_empty, exec_pop, exec_dup, exec_dup_times, exec_swap, exec_rot, exec_flush, exec_eq, exec_stack_depth, exec_yank, exec_yank_dup, exec_shove, exec_shove_dup, exec_is_empty
Literals:
[Literal(value=0, push_type=<pyshgp.push.types.PushIntType object at 0x7fd68f6bc700>), Literal(value=1, push_type=<pyshgp.push.types.PushIntType object at 0x7fd68f6bc700>), Literal(value=2, push_type=<pyshgp.push.types.PushIntType object at 0x7fd68f6bc700>)]
ERC Generators:
[<function rand_int at 0x7fd6a4afe1f0>]
========================================
Start Run
========================================
2022-01-06 13:05:48.729404 | GENERATION: 1 | ERRORS: best=48, median=52.0, diversity=0.015 | INDIVIDUALS: n=200, avg_genome_length=168.03 | VIRUSES: gene_rate=0.000
2022-01-06 13:05:53.401705 | GENERATION: 2 | ERRORS: best=42, median=52.0, diversity=0.04 | INDIVIDUALS: n=200, avg_genome_length=172.43 | VIRUSES: gene_rate=0.000
2022-01-06 13:05:59.516826 | GENERATION: 3 | ERRORS: best=42, median=52.0, diversity=0.085 | INDIVIDUALS: n=200, avg_genome_length=169.925 | VIRUSES: gene_rate=0.000
2022-01-06 13:06:07.123695 | GENERATION: 4 | ERRORS: best=42, median=52.0, diversity=0.145 | INDIVIDUALS: n=200, avg_genome_length=158.24 | VIRUSES: gene_rate=0.000
2022-01-06 13:06:14.124294 | GENERATION: 5 | ERRORS: best=42, median=52.0, diversity=0.18 | INDIVIDUALS: n=200, avg_genome_length=150.94 | VIRUSES: gene_rate=0.000
2022-01-06 13:06:23.518966 | GENERATION: 6 | ERRORS: best=42, median=52.0, diversity=0.265 | INDIVIDUALS: n=200, avg_genome_length=156.765 | VIRUSES: gene_rate=0.000
2022-01-06 13:06:34.479296 | GENERATION: 7 | ERRORS: best=40, median=52.0, diversity=0.38 | INDIVIDUALS: n=200, avg_genome_length=162.72 | VIRUSES: gene_rate=0.000
2022-01-06 13:06:44.904979 | GENERATION: 8 | ERRORS: best=40, median=52.0, diversity=0.34 | INDIVIDUALS: n=200, avg_genome_length=157.805 | VIRUSES: gene_rate=0.000
2022-01-06 13:06:57.638287 | GENERATION: 9 | ERRORS: best=42, median=52.0, diversity=0.43 | INDIVIDUALS: n=200, avg_genome_length=162.47 | VIRUSES: gene_rate=0.000
2022-01-06 13:07:12.391942 | GENERATION: 10 | ERRORS: best=39, median=52.0, diversity=0.38 | INDIVIDUALS: n=200, avg_genome_length=164.515 | VIRUSES: gene_rate=0.000
2022-01-06 13:07:27.203081 | GENERATION: 11 | ERRORS: best=39, median=52.0, diversity=0.49 | INDIVIDUALS: n=200, avg_genome_length=167.505 | VIRUSES: gene_rate=0.000
2022-01-06 13:07:42.150278 | GENERATION: 12 | ERRORS: best=40, median=52.0, diversity=0.5 | INDIVIDUALS: n=200, avg_genome_length=173.065 | VIRUSES: gene_rate=0.000
2022-01-06 13:07:56.147379 | GENERATION: 13 | ERRORS: best=29, median=52.0, diversity=0.555 | INDIVIDUALS: n=200, avg_genome_length=173.225 | VIRUSES: gene_rate=0.000
2022-01-06 13:08:13.388241 | GENERATION: 14 | ERRORS: best=29, median=52.0, diversity=0.53 | INDIVIDUALS: n=200, avg_genome_length=175.635 | VIRUSES: gene_rate=0.000
2022-01-06 13:08:31.589049 | GENERATION: 15 | ERRORS: best=29, median=52.0, diversity=0.51 | INDIVIDUALS: n=200, avg_genome_length=177.23 | VIRUSES: gene_rate=0.000
2022-01-06 13:08:48.214407 | GENERATION: 16 | ERRORS: best=29, median=52.0, diversity=0.5 | INDIVIDUALS: n=200, avg_genome_length=182.58 | VIRUSES: gene_rate=0.000
2022-01-06 13:09:03.687539 | GENERATION: 17 | ERRORS: best=29, median=52.0, diversity=0.575 | INDIVIDUALS: n=200, avg_genome_length=189.71 | VIRUSES: gene_rate=0.000
2022-01-06 13:09:17.902233 | GENERATION: 18 | ERRORS: best=29, median=52.0, diversity=0.495 | INDIVIDUALS: n=200, avg_genome_length=185.645 | VIRUSES: gene_rate=0.000
2022-01-06 13:09:36.861137 | GENERATION: 19 | ERRORS: best=29, median=52.0, diversity=0.49 | INDIVIDUALS: n=200, avg_genome_length=185.405 | VIRUSES: gene_rate=0.000
2022-01-06 13:09:51.892076 | GENERATION: 20 | ERRORS: best=29, median=52.0, diversity=0.465 | INDIVIDUALS: n=200, avg_genome_length=190.335 | VIRUSES: gene_rate=0.000
2022-01-06 13:10:05.678990 | GENERATION: 21 | ERRORS: best=29, median=52.0, diversity=0.35 | INDIVIDUALS: n=200, avg_genome_length=192.115 | VIRUSES: gene_rate=0.000
2022-01-06 13:10:18.154914 | GENERATION: 22 | ERRORS: best=29, median=52.0, diversity=0.445 | INDIVIDUALS: n=200, avg_genome_length=187.815 | VIRUSES: gene_rate=0.000
2022-01-06 13:10:29.211831 | GENERATION: 23 | ERRORS: best=29, median=52.0, diversity=0.375 | INDIVIDUALS: n=200, avg_genome_length=183.285 | VIRUSES: gene_rate=0.000
2022-01-06 13:10:37.790739 | GENERATION: 24 | ERRORS: best=26, median=52.0, diversity=0.4 | INDIVIDUALS: n=200, avg_genome_length=182.345 | VIRUSES: gene_rate=0.000
2022-01-06 13:10:51.908526 | GENERATION: 25 | ERRORS: best=24, median=48.0, diversity=0.405 | INDIVIDUALS: n=200, avg_genome_length=178.935 | VIRUSES: gene_rate=0.000
2022-01-06 13:11:01.113099 | GENERATION: 26 | ERRORS: best=26, median=48.0, diversity=0.365 | INDIVIDUALS: n=200, avg_genome_length=182.115 | VIRUSES: gene_rate=0.000
2022-01-06 13:11:09.533961 | GENERATION: 27 | ERRORS: best=26, median=48.0, diversity=0.385 | INDIVIDUALS: n=200, avg_genome_length=186.655 | VIRUSES: gene_rate=0.000
2022-01-06 13:11:18.476984 | GENERATION: 28 | ERRORS: best=26, median=48.0, diversity=0.365 | INDIVIDUALS: n=200, avg_genome_length=184.71 | VIRUSES: gene_rate=0.000
2022-01-06 13:11:27.732137 | GENERATION: 29 | ERRORS: best=26, median=48.0, diversity=0.46 | INDIVIDUALS: n=200, avg_genome_length=190.95 | VIRUSES: gene_rate=0.000
2022-01-06 13:11:37.642183 | GENERATION: 30 | ERRORS: best=23, median=48.0, diversity=0.44 | INDIVIDUALS: n=200, avg_genome_length=189.02 | VIRUSES: gene_rate=0.000
2022-01-06 13:11:49.593081 | GENERATION: 31 | ERRORS: best=23, median=52.0, diversity=0.41 | INDIVIDUALS: n=200, avg_genome_length=191.355 | VIRUSES: gene_rate=0.000
2022-01-06 13:11:59.927352 | GENERATION: 32 | ERRORS: best=23, median=48.0, diversity=0.44 | INDIVIDUALS: n=200, avg_genome_length=194.625 | VIRUSES: gene_rate=0.000
2022-01-06 13:12:09.475140 | GENERATION: 33 | ERRORS: best=24, median=49.0, diversity=0.425 | INDIVIDUALS: n=200, avg_genome_length=193.245 | VIRUSES: gene_rate=0.000
2022-01-06 13:12:18.351718 | GENERATION: 34 | ERRORS: best=23, median=52.0, diversity=0.39 | INDIVIDUALS: n=200, avg_genome_length=194.575 | VIRUSES: gene_rate=0.000
2022-01-06 13:12:26.917970 | GENERATION: 35 | ERRORS: best=23, median=52.0, diversity=0.345 | INDIVIDUALS: n=200, avg_genome_length=197.91 | VIRUSES: gene_rate=0.000
2022-01-06 13:12:36.274398 | GENERATION: 36 | ERRORS: best=23, median=49.0, diversity=0.41 | INDIVIDUALS: n=200, avg_genome_length=195.79 | VIRUSES: gene_rate=0.000
2022-01-06 13:12:44.792905 | GENERATION: 37 | ERRORS: best=23, median=48.0, diversity=0.405 | INDIVIDUALS: n=200, avg_genome_length=196.31 | VIRUSES: gene_rate=0.000
2022-01-06 13:12:52.879258 | GENERATION: 38 | ERRORS: best=24, median=52.0, diversity=0.33 | INDIVIDUALS: n=200, avg_genome_length=194.51 | VIRUSES: gene_rate=0.000
2022-01-06 13:13:00.411047 | GENERATION: 39 | ERRORS: best=24, median=52.0, diversity=0.365 | INDIVIDUALS: n=200, avg_genome_length=195.675 | VIRUSES: gene_rate=0.000
2022-01-06 13:13:08.739061 | GENERATION: 40 | ERRORS: best=25, median=49.5, diversity=0.33 | INDIVIDUALS: n=200, avg_genome_length=196.275 | VIRUSES: gene_rate=0.000
2022-01-06 13:13:17.008108 | GENERATION: 41 | ERRORS: best=22, median=48.0, diversity=0.405 | INDIVIDUALS: n=200, avg_genome_length=195.305 | VIRUSES: gene_rate=0.000
2022-01-06 13:13:24.200551 | GENERATION: 42 | ERRORS: best=20, median=48.5, diversity=0.355 | INDIVIDUALS: n=200, avg_genome_length=194.56 | VIRUSES: gene_rate=0.000
2022-01-06 13:13:30.603249 | GENERATION: 43 | ERRORS: best=20, median=48.0, diversity=0.375 | INDIVIDUALS: n=200, avg_genome_length=196.24 | VIRUSES: gene_rate=0.000
2022-01-06 13:13:37.722345 | GENERATION: 44 | ERRORS: best=20, median=48.0, diversity=0.29 | INDIVIDUALS: n=200, avg_genome_length=197.98 | VIRUSES: gene_rate=0.000
2022-01-06 13:13:43.996361 | GENERATION: 45 | ERRORS: best=20, median=48.0, diversity=0.27 | INDIVIDUALS: n=200, avg_genome_length=197.895 | VIRUSES: gene_rate=0.000
2022-01-06 13:13:50.513015 | GENERATION: 46 | ERRORS: best=10, median=48.0, diversity=0.295 | INDIVIDUALS: n=200, avg_genome_length=196.445 | VIRUSES: gene_rate=0.000
2022-01-06 13:13:55.657815 | GENERATION: 47 | ERRORS: best=10, median=48.0, diversity=0.29 | INDIVIDUALS: n=200, avg_genome_length=196.975 | VIRUSES: gene_rate=0.000
2022-01-06 13:14:00.645572 | GENERATION: 48 | ERRORS: best=10, median=48.0, diversity=0.29 | INDIVIDUALS: n=200, avg_genome_length=197.155 | VIRUSES: gene_rate=0.000
2022-01-06 13:14:06.003297 | GENERATION: 49 | ERRORS: best=10, median=48.0, diversity=0.265 | INDIVIDUALS: n=200, avg_genome_length=195.425 | VIRUSES: gene_rate=0.000
2022-01-06 13:14:11.175542 | GENERATION: 50 | ERRORS: best=10, median=48.0, diversity=0.28 | INDIVIDUALS: n=200, avg_genome_length=193.805 | VIRUSES: gene_rate=0.000
2022-01-06 13:14:16.693325 | GENERATION: 51 | ERRORS: best=10, median=48.0, diversity=0.33 | INDIVIDUALS: n=200, avg_genome_length=196.58 | VIRUSES: gene_rate=0.000
2022-01-06 13:14:22.296761 | GENERATION: 52 | ERRORS: best=10, median=48.0, diversity=0.31 | INDIVIDUALS: n=200, avg_genome_length=196.98 | VIRUSES: gene_rate=0.000
2022-01-06 13:14:27.272410 | GENERATION: 53 | ERRORS: best=10, median=48.0, diversity=0.33 | INDIVIDUALS: n=200, avg_genome_length=197.09 | VIRUSES: gene_rate=0.000
2022-01-06 13:14:32.564296 | GENERATION: 54 | ERRORS: best=10, median=48.0, diversity=0.295 | INDIVIDUALS: n=200, avg_genome_length=195.935 | VIRUSES: gene_rate=0.000
2022-01-06 13:14:37.850438 | GENERATION: 55 | ERRORS: best=10, median=48.0, diversity=0.275 | INDIVIDUALS: n=200, avg_genome_length=192.85 | VIRUSES: gene_rate=0.000
2022-01-06 13:14:43.627269 | GENERATION: 56 | ERRORS: best=10, median=48.0, diversity=0.265 | INDIVIDUALS: n=200, avg_genome_length=188.495 | VIRUSES: gene_rate=0.000
2022-01-06 13:14:48.890032 | GENERATION: 57 | ERRORS: best=10, median=48.0, diversity=0.225 | INDIVIDUALS: n=200, avg_genome_length=181.575 | VIRUSES: gene_rate=0.000
2022-01-06 13:14:53.865308 | GENERATION: 58 | ERRORS: best=10, median=48.0, diversity=0.19 | INDIVIDUALS: n=200, avg_genome_length=179.39 | VIRUSES: gene_rate=0.000
2022-01-06 13:14:57.704744 | GENERATION: 59 | ERRORS: best=10, median=48.0, diversity=0.285 | INDIVIDUALS: n=200, avg_genome_length=179.6 | VIRUSES: gene_rate=0.000
2022-01-06 13:15:02.831751 | GENERATION: 60 | ERRORS: best=10, median=48.0, diversity=0.275 | INDIVIDUALS: n=200, avg_genome_length=178.925 | VIRUSES: gene_rate=0.000
2022-01-06 13:15:08.300551 | GENERATION: 61 | ERRORS: best=10, median=48.0, diversity=0.22 | INDIVIDUALS: n=200, avg_genome_length=177.23 | VIRUSES: gene_rate=0.000
2022-01-06 13:15:13.960033 | GENERATION: 62 | ERRORS: best=10, median=48.0, diversity=0.265 | INDIVIDUALS: n=200, avg_genome_length=169.6 | VIRUSES: gene_rate=0.000
2022-01-06 13:15:19.448657 | GENERATION: 63 | ERRORS: best=10, median=48.0, diversity=0.31 | INDIVIDUALS: n=200, avg_genome_length=170.19 | VIRUSES: gene_rate=0.000
2022-01-06 13:15:24.749191 | GENERATION: 64 | ERRORS: best=10, median=48.0, diversity=0.29 | INDIVIDUALS: n=200, avg_genome_length=169.68 | VIRUSES: gene_rate=0.000
2022-01-06 13:15:30.037153 | GENERATION: 65 | ERRORS: best=10, median=48.0, diversity=0.275 | INDIVIDUALS: n=200, avg_genome_length=170.6 | VIRUSES: gene_rate=0.000
2022-01-06 13:15:34.441381 | GENERATION: 66 | ERRORS: best=10, median=52.0, diversity=0.23 | INDIVIDUALS: n=200, avg_genome_length=164.045 | VIRUSES: gene_rate=0.000
2022-01-06 13:15:38.985830 | GENERATION: 67 | ERRORS: best=10, median=48.0, diversity=0.28 | INDIVIDUALS: n=200, avg_genome_length=167.585 | VIRUSES: gene_rate=0.000
2022-01-06 13:15:44.749830 | GENERATION: 68 | ERRORS: best=10, median=48.0, diversity=0.345 | INDIVIDUALS: n=200, avg_genome_length=166.565 | VIRUSES: gene_rate=0.000
2022-01-06 13:15:50.157538 | GENERATION: 69 | ERRORS: best=10, median=48.0, diversity=0.255 | INDIVIDUALS: n=200, avg_genome_length=166.69 | VIRUSES: gene_rate=0.000
2022-01-06 13:15:54.876848 | GENERATION: 70 | ERRORS: best=10, median=48.0, diversity=0.235 | INDIVIDUALS: n=200, avg_genome_length=165.335 | VIRUSES: gene_rate=0.000
2022-01-06 13:16:02.700944 | GENERATION: 71 | ERRORS: best=10, median=48.0, diversity=0.25 | INDIVIDUALS: n=200, avg_genome_length=160.975 | VIRUSES: gene_rate=0.000
2022-01-06 13:16:10.015714 | GENERATION: 72 | ERRORS: best=9, median=48.0, diversity=0.26 | INDIVIDUALS: n=200, avg_genome_length=160.945 | VIRUSES: gene_rate=0.000
2022-01-06 13:16:15.098789 | GENERATION: 73 | ERRORS: best=7, median=48.0, diversity=0.32 | INDIVIDUALS: n=200, avg_genome_length=163.89 | VIRUSES: gene_rate=0.000
2022-01-06 13:16:21.212154 | GENERATION: 74 | ERRORS: best=6, median=48.0, diversity=0.39 | INDIVIDUALS: n=200, avg_genome_length=161.65 | VIRUSES: gene_rate=0.000
2022-01-06 13:16:26.285053 | GENERATION: 75 | ERRORS: best=6, median=48.5, diversity=0.35 | INDIVIDUALS: n=200, avg_genome_length=162.71 | VIRUSES: gene_rate=0.000
2022-01-06 13:16:35.014127 | GENERATION: 76 | ERRORS: best=6, median=52.0, diversity=0.335 | INDIVIDUALS: n=200, avg_genome_length=156.52 | VIRUSES: gene_rate=0.000
2022-01-06 13:16:41.403548 | GENERATION: 77 | ERRORS: best=6, median=48.0, diversity=0.305 | INDIVIDUALS: n=200, avg_genome_length=153.455 | VIRUSES: gene_rate=0.000
2022-01-06 13:16:48.065100 | GENERATION: 78 | ERRORS: best=6, median=52.0, diversity=0.355 | INDIVIDUALS: n=200, avg_genome_length=152.28 | VIRUSES: gene_rate=0.000
2022-01-06 13:17:03.158636 | GENERATION: 79 | ERRORS: best=6, median=48.0, diversity=0.34 | INDIVIDUALS: n=200, avg_genome_length=146.195 | VIRUSES: gene_rate=0.000
2022-01-06 13:17:09.959227 | GENERATION: 80 | ERRORS: best=6, median=52.0, diversity=0.39 | INDIVIDUALS: n=200, avg_genome_length=143.955 | VIRUSES: gene_rate=0.000
2022-01-06 13:17:14.925886 | GENERATION: 81 | ERRORS: best=6, median=52.0, diversity=0.34 | INDIVIDUALS: n=200, avg_genome_length=140.385 | VIRUSES: gene_rate=0.000
2022-01-06 13:17:20.710188 | GENERATION: 82 | ERRORS: best=6, median=49.0, diversity=0.335 | INDIVIDUALS: n=200, avg_genome_length=142.015 | VIRUSES: gene_rate=0.000
2022-01-06 13:17:26.813089 | GENERATION: 83 | ERRORS: best=6, median=48.0, diversity=0.355 | INDIVIDUALS: n=200, avg_genome_length=142.35 | VIRUSES: gene_rate=0.000
2022-01-06 13:17:35.922945 | GENERATION: 84 | ERRORS: best=6, median=50.5, diversity=0.33 | INDIVIDUALS: n=200, avg_genome_length=139.81 | VIRUSES: gene_rate=0.000
2022-01-06 13:17:45.923278 | GENERATION: 85 | ERRORS: best=6, median=49.0, diversity=0.335 | INDIVIDUALS: n=200, avg_genome_length=142.185 | VIRUSES: gene_rate=0.000
2022-01-06 13:18:00.194334 | GENERATION: 86 | ERRORS: best=6, median=48.0, diversity=0.33 | INDIVIDUALS: n=200, avg_genome_length=145.45 | VIRUSES: gene_rate=0.000
2022-01-06 13:18:05.146060 | GENERATION: 87 | ERRORS: best=6, median=50.5, diversity=0.315 | INDIVIDUALS: n=200, avg_genome_length=147.9 | VIRUSES: gene_rate=0.000
2022-01-06 13:18:09.627056 | GENERATION: 88 | ERRORS: best=6, median=48.0, diversity=0.32 | INDIVIDUALS: n=200, avg_genome_length=137.905 | VIRUSES: gene_rate=0.000
2022-01-06 13:18:14.091630 | GENERATION: 89 | ERRORS: best=6, median=48.0, diversity=0.325 | INDIVIDUALS: n=200, avg_genome_length=137.63 | VIRUSES: gene_rate=0.000
2022-01-06 13:18:31.999838 | GENERATION: 90 | ERRORS: best=6, median=48.0, diversity=0.33 | INDIVIDUALS: n=200, avg_genome_length=137.855 | VIRUSES: gene_rate=0.000
2022-01-06 13:18:35.171828 | GENERATION: 91 | ERRORS: best=6, median=48.0, diversity=0.24 | INDIVIDUALS: n=200, avg_genome_length=130.14 | VIRUSES: gene_rate=0.000
2022-01-06 13:18:39.109689 | GENERATION: 92 | ERRORS: best=6, median=48.0, diversity=0.29 | INDIVIDUALS: n=200, avg_genome_length=125.605 | VIRUSES: gene_rate=0.000
2022-01-06 13:18:42.675467 | GENERATION: 93 | ERRORS: best=6, median=48.0, diversity=0.275 | INDIVIDUALS: n=200, avg_genome_length=126.965 | VIRUSES: gene_rate=0.000
2022-01-06 13:18:46.911799 | GENERATION: 94 | ERRORS: best=6, median=48.0, diversity=0.32 | INDIVIDUALS: n=200, avg_genome_length=137.93 | VIRUSES: gene_rate=0.000
2022-01-06 13:18:51.871600 | GENERATION: 95 | ERRORS: best=6, median=48.0, diversity=0.355 | INDIVIDUALS: n=200, avg_genome_length=139.405 | VIRUSES: gene_rate=0.000
2022-01-06 13:18:56.430410 | GENERATION: 96 | ERRORS: best=6, median=48.0, diversity=0.34 | INDIVIDUALS: n=200, avg_genome_length=137.66 | VIRUSES: gene_rate=0.000
2022-01-06 13:19:01.170998 | GENERATION: 97 | ERRORS: best=5, median=48.0, diversity=0.395 | INDIVIDUALS: n=200, avg_genome_length=145.0 | VIRUSES: gene_rate=0.000
2022-01-06 13:19:06.757943 | GENERATION: 98 | ERRORS: best=6, median=52.0, diversity=0.41 | INDIVIDUALS: n=200, avg_genome_length=145.31 | VIRUSES: gene_rate=0.000
2022-01-06 13:19:10.578838 | GENERATION: 99 | ERRORS: best=6, median=52.0, diversity=0.425 | INDIVIDUALS: n=200, avg_genome_length=142.92 | VIRUSES: gene_rate=0.000
2022-01-06 13:19:14.799963 | GENERATION: 100 | ERRORS: best=6, median=52.0, diversity=0.35 | INDIVIDUALS: n=200, avg_genome_length=132.665 | VIRUSES: gene_rate=0.000
2022-01-06 13:19:20.076592 | GENERATION: 101 | ERRORS: best=6, median=48.0, diversity=0.43 | INDIVIDUALS: n=200, avg_genome_length=139.54 | VIRUSES: gene_rate=0.000
2022-01-06 13:19:24.363020 | GENERATION: 102 | ERRORS: best=6, median=48.0, diversity=0.315 | INDIVIDUALS: n=200, avg_genome_length=132.435 | VIRUSES: gene_rate=0.000
2022-01-06 13:19:28.383845 | GENERATION: 103 | ERRORS: best=6, median=48.0, diversity=0.35 | INDIVIDUALS: n=200, avg_genome_length=139.505 | VIRUSES: gene_rate=0.000
2022-01-06 13:19:32.670654 | GENERATION: 104 | ERRORS: best=6, median=48.0, diversity=0.37 | INDIVIDUALS: n=200, avg_genome_length=131.58 | VIRUSES: gene_rate=0.000
2022-01-06 13:19:38.324249 | GENERATION: 105 | ERRORS: best=6, median=48.0, diversity=0.365 | INDIVIDUALS: n=200, avg_genome_length=148.425 | VIRUSES: gene_rate=0.000
2022-01-06 13:19:43.508599 | GENERATION: 106 | ERRORS: best=6, median=48.0, diversity=0.37 | INDIVIDUALS: n=200, avg_genome_length=149.735 | VIRUSES: gene_rate=0.000
2022-01-06 13:19:48.358647 | GENERATION: 107 | ERRORS: best=6, median=48.0, diversity=0.395 | INDIVIDUALS: n=200, avg_genome_length=140.995 | VIRUSES: gene_rate=0.000
2022-01-06 13:19:56.482935 | GENERATION: 108 | ERRORS: best=4, median=52.0, diversity=0.415 | INDIVIDUALS: n=200, avg_genome_length=133.865 | VIRUSES: gene_rate=0.000
2022-01-06 13:20:01.829060 | GENERATION: 109 | ERRORS: best=4, median=48.0, diversity=0.515 | INDIVIDUALS: n=200, avg_genome_length=128.175 | VIRUSES: gene_rate=0.000
2022-01-06 13:20:08.514248 | GENERATION: 110 | ERRORS: best=4, median=52.0, diversity=0.475 | INDIVIDUALS: n=200, avg_genome_length=123.97 | VIRUSES: gene_rate=0.000
2022-01-06 13:20:16.197088 | GENERATION: 111 | ERRORS: best=4, median=49.0, diversity=0.495 | INDIVIDUALS: n=200, avg_genome_length=125.3 | VIRUSES: gene_rate=0.000
2022-01-06 13:20:22.943236 | GENERATION: 112 | ERRORS: best=4, median=48.0, diversity=0.53 | INDIVIDUALS: n=200, avg_genome_length=124.975 | VIRUSES: gene_rate=0.000
2022-01-06 13:20:29.740982 | GENERATION: 113 | ERRORS: best=4, median=52.0, diversity=0.485 | INDIVIDUALS: n=200, avg_genome_length=121.69 | VIRUSES: gene_rate=0.000
2022-01-06 13:20:37.693959 | GENERATION: 114 | ERRORS: best=3, median=52.0, diversity=0.5 | INDIVIDUALS: n=200, avg_genome_length=122.395 | VIRUSES: gene_rate=0.000
2022-01-06 13:20:45.250335 | GENERATION: 115 | ERRORS: best=4, median=49.0, diversity=0.515 | INDIVIDUALS: n=200, avg_genome_length=115.885 | VIRUSES: gene_rate=0.000
2022-01-06 13:20:53.693493 | GENERATION: 116 | ERRORS: best=4, median=48.0, diversity=0.485 | INDIVIDUALS: n=200, avg_genome_length=115.62 | VIRUSES: gene_rate=0.000
2022-01-06 13:21:04.642987 | GENERATION: 117 | ERRORS: best=3, median=48.0, diversity=0.555 | INDIVIDUALS: n=200, avg_genome_length=115.095 | VIRUSES: gene_rate=0.000
2022-01-06 13:21:11.687047 | GENERATION: 118 | ERRORS: best=3, median=52.0, diversity=0.585 | INDIVIDUALS: n=200, avg_genome_length=115.165 | VIRUSES: gene_rate=0.000
2022-01-06 13:21:19.036773 | GENERATION: 119 | ERRORS: best=3, median=52.0, diversity=0.495 | INDIVIDUALS: n=200, avg_genome_length=110.335 | VIRUSES: gene_rate=0.000
2022-01-06 13:21:27.190082 | GENERATION: 120 | ERRORS: best=3, median=52.0, diversity=0.525 | INDIVIDUALS: n=200, avg_genome_length=111.91 | VIRUSES: gene_rate=0.000
2022-01-06 13:21:35.816675 | GENERATION: 121 | ERRORS: best=4, median=52.0, diversity=0.495 | INDIVIDUALS: n=200, avg_genome_length=112.42 | VIRUSES: gene_rate=0.000
2022-01-06 13:21:40.993764 | GENERATION: 122 | ERRORS: best=4, median=52.0, diversity=0.4 | INDIVIDUALS: n=200, avg_genome_length=109.405 | VIRUSES: gene_rate=0.000
2022-01-06 13:21:46.102619 | GENERATION: 123 | ERRORS: best=4, median=50.0, diversity=0.41 | INDIVIDUALS: n=200, avg_genome_length=107.675 | VIRUSES: gene_rate=0.000
2022-01-06 13:21:51.199027 | GENERATION: 124 | ERRORS: best=4, median=52.0, diversity=0.41 | INDIVIDUALS: n=200, avg_genome_length=103.545 | VIRUSES: gene_rate=0.000
2022-01-06 13:21:55.826865 | GENERATION: 125 | ERRORS: best=3, median=48.0, diversity=0.41 | INDIVIDUALS: n=200, avg_genome_length=103.535 | VIRUSES: gene_rate=0.000
2022-01-06 13:22:01.501308 | GENERATION: 126 | ERRORS: best=3, median=52.0, diversity=0.45 | INDIVIDUALS: n=200, avg_genome_length=103.055 | VIRUSES: gene_rate=0.000
2022-01-06 13:22:06.737425 | GENERATION: 127 | ERRORS: best=4, median=52.0, diversity=0.43 | INDIVIDUALS: n=200, avg_genome_length=102.75 | VIRUSES: gene_rate=0.000
2022-01-06 13:22:11.585530 | GENERATION: 128 | ERRORS: best=3, median=48.0, diversity=0.44 | INDIVIDUALS: n=200, avg_genome_length=103.25 | VIRUSES: gene_rate=0.000
2022-01-06 13:22:17.248397 | GENERATION: 129 | ERRORS: best=3, median=48.0, diversity=0.465 | INDIVIDUALS: n=200, avg_genome_length=103.465 | VIRUSES: gene_rate=0.000
2022-01-06 13:22:22.064067 | GENERATION: 130 | ERRORS: best=3, median=48.0, diversity=0.445 | INDIVIDUALS: n=200, avg_genome_length=100.01 | VIRUSES: gene_rate=0.000
2022-01-06 13:22:26.653798 | GENERATION: 131 | ERRORS: best=3, median=48.0, diversity=0.39 | INDIVIDUALS: n=200, avg_genome_length=98.87 | VIRUSES: gene_rate=0.000
2022-01-06 13:22:31.807120 | GENERATION: 132 | ERRORS: best=3, median=48.0, diversity=0.5 | INDIVIDUALS: n=200, avg_genome_length=101.64 | VIRUSES: gene_rate=0.000
2022-01-06 13:22:37.789622 | GENERATION: 133 | ERRORS: best=3, median=48.0, diversity=0.42 | INDIVIDUALS: n=200, avg_genome_length=101.11 | VIRUSES: gene_rate=0.000
2022-01-06 13:22:42.105816 | GENERATION: 134 | ERRORS: best=3, median=49.5, diversity=0.465 | INDIVIDUALS: n=200, avg_genome_length=100.43 | VIRUSES: gene_rate=0.000
2022-01-06 13:22:48.052285 | GENERATION: 135 | ERRORS: best=3, median=48.0, diversity=0.385 | INDIVIDUALS: n=200, avg_genome_length=107.825 | VIRUSES: gene_rate=0.000
2022-01-06 13:22:53.690205 | GENERATION: 136 | ERRORS: best=3, median=51.0, diversity=0.47 | INDIVIDUALS: n=200, avg_genome_length=111.57 | VIRUSES: gene_rate=0.000
2022-01-06 13:22:59.128059 | GENERATION: 137 | ERRORS: best=3, median=48.0, diversity=0.45 | INDIVIDUALS: n=200, avg_genome_length=111.78 | VIRUSES: gene_rate=0.000
2022-01-06 13:23:05.104852 | GENERATION: 138 | ERRORS: best=3, median=48.0, diversity=0.51 | INDIVIDUALS: n=200, avg_genome_length=110.7 | VIRUSES: gene_rate=0.000
2022-01-06 13:23:11.676441 | GENERATION: 139 | ERRORS: best=4, median=52.0, diversity=0.415 | INDIVIDUALS: n=200, avg_genome_length=116.41 | VIRUSES: gene_rate=0.000
2022-01-06 13:23:18.208642 | GENERATION: 140 | ERRORS: best=3, median=48.0, diversity=0.475 | INDIVIDUALS: n=200, avg_genome_length=115.355 | VIRUSES: gene_rate=0.000
2022-01-06 13:23:24.077185 | GENERATION: 141 | ERRORS: best=3, median=52.0, diversity=0.465 | INDIVIDUALS: n=200, avg_genome_length=115.285 | VIRUSES: gene_rate=0.000
2022-01-06 13:23:30.166352 | GENERATION: 142 | ERRORS: best=3, median=48.0, diversity=0.43 | INDIVIDUALS: n=200, avg_genome_length=112.285 | VIRUSES: gene_rate=0.000
2022-01-06 13:23:36.577689 | GENERATION: 143 | ERRORS: best=3, median=48.0, diversity=0.435 | INDIVIDUALS: n=200, avg_genome_length=109.485 | VIRUSES: gene_rate=0.000
2022-01-06 13:23:42.081390 | GENERATION: 144 | ERRORS: best=3, median=48.0, diversity=0.39 | INDIVIDUALS: n=200, avg_genome_length=107.065 | VIRUSES: gene_rate=0.000
2022-01-06 13:23:47.150025 | GENERATION: 145 | ERRORS: best=3, median=48.0, diversity=0.45 | INDIVIDUALS: n=200, avg_genome_length=107.71 | VIRUSES: gene_rate=0.000
2022-01-06 13:23:53.613016 | GENERATION: 146 | ERRORS: best=3, median=48.0, diversity=0.515 | INDIVIDUALS: n=200, avg_genome_length=107.05 | VIRUSES: gene_rate=0.000
2022-01-06 13:23:59.799508 | GENERATION: 147 | ERRORS: best=3, median=48.0, diversity=0.45 | INDIVIDUALS: n=200, avg_genome_length=105.4 | VIRUSES: gene_rate=0.000
2022-01-06 13:24:06.203646 | GENERATION: 148 | ERRORS: best=3, median=48.0, diversity=0.42 | INDIVIDUALS: n=200, avg_genome_length=106.18 | VIRUSES: gene_rate=0.000
2022-01-06 13:24:12.528393 | GENERATION: 149 | ERRORS: best=3, median=48.0, diversity=0.49 | INDIVIDUALS: n=200, avg_genome_length=104.565 | VIRUSES: gene_rate=0.000
2022-01-06 13:24:17.793129 | GENERATION: 150 | ERRORS: best=3, median=48.0, diversity=0.46 | INDIVIDUALS: n=200, avg_genome_length=105.92 | VIRUSES: gene_rate=0.000
2022-01-06 13:24:24.081386 | GENERATION: 151 | ERRORS: best=3, median=48.0, diversity=0.455 | INDIVIDUALS: n=200, avg_genome_length=103.55 | VIRUSES: gene_rate=0.000
2022-01-06 13:24:31.226993 | GENERATION: 152 | ERRORS: best=5, median=48.5, diversity=0.49 | INDIVIDUALS: n=200, avg_genome_length=104.515 | VIRUSES: gene_rate=0.000
2022-01-06 13:24:38.029988 | GENERATION: 153 | ERRORS: best=4, median=48.0, diversity=0.45 | INDIVIDUALS: n=200, avg_genome_length=97.365 | VIRUSES: gene_rate=0.000
2022-01-06 13:24:44.590076 | GENERATION: 154 | ERRORS: best=3, median=52.0, diversity=0.455 | INDIVIDUALS: n=200, avg_genome_length=95.935 | VIRUSES: gene_rate=0.000
2022-01-06 13:24:53.899186 | GENERATION: 155 | ERRORS: best=3, median=60.0, diversity=0.505 | INDIVIDUALS: n=200, avg_genome_length=89.345 | VIRUSES: gene_rate=0.000
2022-01-06 13:25:03.140067 | GENERATION: 156 | ERRORS: best=3, median=52.0, diversity=0.475 | INDIVIDUALS: n=200, avg_genome_length=81.21 | VIRUSES: gene_rate=0.000
2022-01-06 13:25:09.214972 | GENERATION: 157 | ERRORS: best=3, median=52.0, diversity=0.5 | INDIVIDUALS: n=200, avg_genome_length=74.62 | VIRUSES: gene_rate=0.000
2022-01-06 13:25:16.595387 | GENERATION: 158 | ERRORS: best=3, median=50.5, diversity=0.505 | INDIVIDUALS: n=200, avg_genome_length=72.175 | VIRUSES: gene_rate=0.000
2022-01-06 13:25:22.045439 | GENERATION: 159 | ERRORS: best=3, median=52.0, diversity=0.545 | INDIVIDUALS: n=200, avg_genome_length=70.345 | VIRUSES: gene_rate=0.000
2022-01-06 13:25:30.892235 | GENERATION: 160 | ERRORS: best=3, median=52.0, diversity=0.6 | INDIVIDUALS: n=200, avg_genome_length=68.3 | VIRUSES: gene_rate=0.000
2022-01-06 13:25:41.428812 | GENERATION: 161 | ERRORS: best=3, median=52.0, diversity=0.495 | INDIVIDUALS: n=200, avg_genome_length=67.745 | VIRUSES: gene_rate=0.000
2022-01-06 13:25:47.847620 | GENERATION: 162 | ERRORS: best=4, median=50.5, diversity=0.505 | INDIVIDUALS: n=200, avg_genome_length=68.335 | VIRUSES: gene_rate=0.000
2022-01-06 13:25:54.063052 | GENERATION: 163 | ERRORS: best=4, median=48.0, diversity=0.575 | INDIVIDUALS: n=200, avg_genome_length=70.24 | VIRUSES: gene_rate=0.000
2022-01-06 13:26:00.056678 | GENERATION: 164 | ERRORS: best=3, median=48.0, diversity=0.54 | INDIVIDUALS: n=200, avg_genome_length=70.45 | VIRUSES: gene_rate=0.000
2022-01-06 13:26:07.128785 | GENERATION: 165 | ERRORS: best=4, median=51.0, diversity=0.495 | INDIVIDUALS: n=200, avg_genome_length=68.28 | VIRUSES: gene_rate=0.000
2022-01-06 13:26:13.978666 | GENERATION: 166 | ERRORS: best=3, median=49.5, diversity=0.51 | INDIVIDUALS: n=200, avg_genome_length=70.195 | VIRUSES: gene_rate=0.000
2022-01-06 13:26:22.722388 | GENERATION: 167 | ERRORS: best=3, median=49.0, diversity=0.665 | INDIVIDUALS: n=200, avg_genome_length=68.82 | VIRUSES: gene_rate=0.000
2022-01-06 13:26:29.027548 | GENERATION: 168 | ERRORS: best=6, median=49.0, diversity=0.53 | INDIVIDUALS: n=200, avg_genome_length=67.11 | VIRUSES: gene_rate=0.000
2022-01-06 13:26:36.152539 | GENERATION: 169 | ERRORS: best=6, median=52.0, diversity=0.535 | INDIVIDUALS: n=200, avg_genome_length=65.265 | VIRUSES: gene_rate=0.000
2022-01-06 13:26:42.472640 | GENERATION: 170 | ERRORS: best=3, median=49.0, diversity=0.53 | INDIVIDUALS: n=200, avg_genome_length=66.005 | VIRUSES: gene_rate=0.000
2022-01-06 13:26:48.438171 | GENERATION: 171 | ERRORS: best=4, median=48.0, diversity=0.585 | INDIVIDUALS: n=200, avg_genome_length=72.97 | VIRUSES: gene_rate=0.000
2022-01-06 13:26:55.142420 | GENERATION: 172 | ERRORS: best=3, median=52.0, diversity=0.53 | INDIVIDUALS: n=200, avg_genome_length=74.7 | VIRUSES: gene_rate=0.000
2022-01-06 13:27:00.284801 | GENERATION: 173 | ERRORS: best=4, median=51.0, diversity=0.52 | INDIVIDUALS: n=200, avg_genome_length=75.935 | VIRUSES: gene_rate=0.000
2022-01-06 13:27:06.476971 | GENERATION: 174 | ERRORS: best=3, median=52.0, diversity=0.545 | INDIVIDUALS: n=200, avg_genome_length=76.36 | VIRUSES: gene_rate=0.000
2022-01-06 13:27:13.263372 | GENERATION: 175 | ERRORS: best=4, median=52.0, diversity=0.5 | INDIVIDUALS: n=200, avg_genome_length=77.375 | VIRUSES: gene_rate=0.000
2022-01-06 13:27:18.471127 | GENERATION: 176 | ERRORS: best=4, median=51.0, diversity=0.535 | INDIVIDUALS: n=200, avg_genome_length=75.78 | VIRUSES: gene_rate=0.000
2022-01-06 13:27:23.833367 | GENERATION: 177 | ERRORS: best=4, median=48.0, diversity=0.53 | INDIVIDUALS: n=200, avg_genome_length=75.69 | VIRUSES: gene_rate=0.000
2022-01-06 13:27:33.011713 | GENERATION: 178 | ERRORS: best=3, median=48.0, diversity=0.545 | INDIVIDUALS: n=200, avg_genome_length=72.985 | VIRUSES: gene_rate=0.000
2022-01-06 13:27:38.329069 | GENERATION: 179 | ERRORS: best=3, median=48.0, diversity=0.5 | INDIVIDUALS: n=200, avg_genome_length=69.83 | VIRUSES: gene_rate=0.000
2022-01-06 13:27:43.728311 | GENERATION: 180 | ERRORS: best=3, median=48.0, diversity=0.55 | INDIVIDUALS: n=200, avg_genome_length=70.015 | VIRUSES: gene_rate=0.000
2022-01-06 13:27:49.590574 | GENERATION: 181 | ERRORS: best=3, median=48.0, diversity=0.48 | INDIVIDUALS: n=200, avg_genome_length=70.285 | VIRUSES: gene_rate=0.000
2022-01-06 13:27:56.806273 | GENERATION: 182 | ERRORS: best=3, median=48.0, diversity=0.555 | INDIVIDUALS: n=200, avg_genome_length=69.945 | VIRUSES: gene_rate=0.000
2022-01-06 13:28:03.345631 | GENERATION: 183 | ERRORS: best=3, median=50.0, diversity=0.455 | INDIVIDUALS: n=200, avg_genome_length=74.425 | VIRUSES: gene_rate=0.000
2022-01-06 13:28:08.496769 | GENERATION: 184 | ERRORS: best=3, median=48.0, diversity=0.535 | INDIVIDUALS: n=200, avg_genome_length=77.18 | VIRUSES: gene_rate=0.000
2022-01-06 13:28:13.861349 | GENERATION: 185 | ERRORS: best=3, median=51.0, diversity=0.485 | INDIVIDUALS: n=200, avg_genome_length=74.835 | VIRUSES: gene_rate=0.000
2022-01-06 13:28:20.495729 | GENERATION: 186 | ERRORS: best=3, median=52.0, diversity=0.53 | INDIVIDUALS: n=200, avg_genome_length=76.985 | VIRUSES: gene_rate=0.000
2022-01-06 13:28:26.696328 | GENERATION: 187 | ERRORS: best=3, median=48.0, diversity=0.47 | INDIVIDUALS: n=200, avg_genome_length=78.43 | VIRUSES: gene_rate=0.000
2022-01-06 13:28:32.643263 | GENERATION: 188 | ERRORS: best=3, median=48.0, diversity=0.445 | INDIVIDUALS: n=200, avg_genome_length=85.455 | VIRUSES: gene_rate=0.000
2022-01-06 13:28:38.855980 | GENERATION: 189 | ERRORS: best=3, median=48.0, diversity=0.45 | INDIVIDUALS: n=200, avg_genome_length=80.9 | VIRUSES: gene_rate=0.000
2022-01-06 13:28:45.804737 | GENERATION: 190 | ERRORS: best=3, median=48.0, diversity=0.51 | INDIVIDUALS: n=200, avg_genome_length=83.285 | VIRUSES: gene_rate=0.000
2022-01-06 13:28:51.971664 | GENERATION: 191 | ERRORS: best=3, median=48.0, diversity=0.545 | INDIVIDUALS: n=200, avg_genome_length=83.88 | VIRUSES: gene_rate=0.000
2022-01-06 13:28:57.645160 | GENERATION: 192 | ERRORS: best=3, median=48.0, diversity=0.585 | INDIVIDUALS: n=200, avg_genome_length=81.11 | VIRUSES: gene_rate=0.000
2022-01-06 13:29:04.023482 | GENERATION: 193 | ERRORS: best=3, median=49.0, diversity=0.515 | INDIVIDUALS: n=200, avg_genome_length=83.14 | VIRUSES: gene_rate=0.000
2022-01-06 13:29:10.308054 | GENERATION: 194 | ERRORS: best=3, median=52.0, diversity=0.555 | INDIVIDUALS: n=200, avg_genome_length=79.89 | VIRUSES: gene_rate=0.000
2022-01-06 13:29:16.577483 | GENERATION: 195 | ERRORS: best=3, median=48.0, diversity=0.475 | INDIVIDUALS: n=200, avg_genome_length=76.69 | VIRUSES: gene_rate=0.000
2022-01-06 13:29:23.059589 | GENERATION: 196 | ERRORS: best=3, median=48.0, diversity=0.475 | INDIVIDUALS: n=200, avg_genome_length=76.565 | VIRUSES: gene_rate=0.000
2022-01-06 13:29:29.336186 | GENERATION: 197 | ERRORS: best=3, median=48.0, diversity=0.49 | INDIVIDUALS: n=200, avg_genome_length=75.68 | VIRUSES: gene_rate=0.000
2022-01-06 13:29:34.520166 | GENERATION: 198 | ERRORS: best=3, median=48.0, diversity=0.455 | INDIVIDUALS: n=200, avg_genome_length=71.11 | VIRUSES: gene_rate=0.000
2022-01-06 13:29:40.239820 | GENERATION: 199 | ERRORS: best=3, median=49.5, diversity=0.435 | INDIVIDUALS: n=200, avg_genome_length=71.76 | VIRUSES: gene_rate=0.000
2022-01-06 13:29:45.500872 | GENERATION: 200 | ERRORS: best=3, median=49.0, diversity=0.48 | INDIVIDUALS: n=200, avg_genome_length=71.31 | VIRUSES: gene_rate=0.000
2022-01-06 13:29:55.508878 | GENERATION: 201 | ERRORS: best=3, median=52.0, diversity=0.46 | INDIVIDUALS: n=200, avg_genome_length=73.67 | VIRUSES: gene_rate=0.000
2022-01-06 13:30:01.040179 | GENERATION: 202 | ERRORS: best=3, median=52.0, diversity=0.415 | INDIVIDUALS: n=200, avg_genome_length=73.505 | VIRUSES: gene_rate=0.000
2022-01-06 13:30:06.791384 | GENERATION: 203 | ERRORS: best=3, median=1000009.0, diversity=0.535 | INDIVIDUALS: n=200, avg_genome_length=74.26 | VIRUSES: gene_rate=0.000
2022-01-06 13:30:12.043689 | GENERATION: 204 | ERRORS: best=3, median=52.0, diversity=0.47 | INDIVIDUALS: n=200, avg_genome_length=75.625 | VIRUSES: gene_rate=0.000
2022-01-06 13:30:17.461435 | GENERATION: 205 | ERRORS: best=3, median=1000015.5, diversity=0.47 | INDIVIDUALS: n=200, avg_genome_length=76.785 | VIRUSES: gene_rate=0.000
2022-01-06 13:30:22.558999 | GENERATION: 206 | ERRORS: best=3, median=52.0, diversity=0.455 | INDIVIDUALS: n=200, avg_genome_length=75.875 | VIRUSES: gene_rate=0.000
2022-01-06 13:30:27.508280 | GENERATION: 207 | ERRORS: best=3, median=1000033.5, diversity=0.515 | INDIVIDUALS: n=200, avg_genome_length=78.035 | VIRUSES: gene_rate=0.000
2022-01-06 13:30:34.364541 | GENERATION: 208 | ERRORS: best=3, median=52.0, diversity=0.545 | INDIVIDUALS: n=200, avg_genome_length=78.77 | VIRUSES: gene_rate=0.000
2022-01-06 13:30:39.465227 | GENERATION: 209 | ERRORS: best=3, median=1000003.5, diversity=0.505 | INDIVIDUALS: n=200, avg_genome_length=77.82 | VIRUSES: gene_rate=0.000
2022-01-06 13:30:45.279183 | GENERATION: 210 | ERRORS: best=3, median=52.0, diversity=0.525 | INDIVIDUALS: n=200, avg_genome_length=76.165 | VIRUSES: gene_rate=0.000
2022-01-06 13:30:51.018890 | GENERATION: 211 | ERRORS: best=3, median=51.0, diversity=0.54 | INDIVIDUALS: n=200, avg_genome_length=75.485 | VIRUSES: gene_rate=0.000
2022-01-06 13:30:57.175146 | GENERATION: 212 | ERRORS: best=3, median=48.0, diversity=0.485 | INDIVIDUALS: n=200, avg_genome_length=72.31 | VIRUSES: gene_rate=0.000
2022-01-06 13:31:02.647141 | GENERATION: 213 | ERRORS: best=3, median=48.0, diversity=0.51 | INDIVIDUALS: n=200, avg_genome_length=71.435 | VIRUSES: gene_rate=0.000
2022-01-06 13:31:08.433026 | GENERATION: 214 | ERRORS: best=3, median=52.0, diversity=0.55 | INDIVIDUALS: n=200, avg_genome_length=71.385 | VIRUSES: gene_rate=0.000
2022-01-06 13:31:14.096728 | GENERATION: 215 | ERRORS: best=3, median=52.0, diversity=0.565 | INDIVIDUALS: n=200, avg_genome_length=71.8 | VIRUSES: gene_rate=0.000
2022-01-06 13:31:21.436525 | GENERATION: 216 | ERRORS: best=3, median=52.5, diversity=0.59 | INDIVIDUALS: n=200, avg_genome_length=69.66 | VIRUSES: gene_rate=0.000
2022-01-06 13:31:27.036375 | GENERATION: 217 | ERRORS: best=3, median=52.0, diversity=0.52 | INDIVIDUALS: n=200, avg_genome_length=63.795 | VIRUSES: gene_rate=0.000
2022-01-06 13:31:32.423729 | GENERATION: 218 | ERRORS: best=3, median=48.0, diversity=0.55 | INDIVIDUALS: n=200, avg_genome_length=62.36 | VIRUSES: gene_rate=0.000
2022-01-06 13:31:40.350076 | GENERATION: 219 | ERRORS: best=3, median=52.0, diversity=0.57 | INDIVIDUALS: n=200, avg_genome_length=60.385 | VIRUSES: gene_rate=0.000
2022-01-06 13:31:51.185718 | GENERATION: 220 | ERRORS: best=3, median=52.0, diversity=0.58 | INDIVIDUALS: n=200, avg_genome_length=57.565 | VIRUSES: gene_rate=0.000
2022-01-06 13:31:58.066285 | GENERATION: 221 | ERRORS: best=3, median=1000006.0, diversity=0.55 | INDIVIDUALS: n=200, avg_genome_length=57.545 | VIRUSES: gene_rate=0.000
2022-01-06 13:32:04.225659 | GENERATION: 222 | ERRORS: best=3, median=48.0, diversity=0.51 | INDIVIDUALS: n=200, avg_genome_length=56.455 | VIRUSES: gene_rate=0.000
2022-01-06 13:32:15.735395 | GENERATION: 223 | ERRORS: best=3, median=52.0, diversity=0.565 | INDIVIDUALS: n=200, avg_genome_length=55.31 | VIRUSES: gene_rate=0.000
2022-01-06 13:32:21.674518 | GENERATION: 224 | ERRORS: best=3, median=51.5, diversity=0.49 | INDIVIDUALS: n=200, avg_genome_length=52.48 | VIRUSES: gene_rate=0.000
2022-01-06 13:32:28.819897 | GENERATION: 225 | ERRORS: best=3, median=48.0, diversity=0.51 | INDIVIDUALS: n=200, avg_genome_length=46.535 | VIRUSES: gene_rate=0.000
2022-01-06 13:32:35.086161 | GENERATION: 226 | ERRORS: best=3, median=48.0, diversity=0.555 | INDIVIDUALS: n=200, avg_genome_length=45.985 | VIRUSES: gene_rate=0.000
2022-01-06 13:32:41.315770 | GENERATION: 227 | ERRORS: best=4, median=1000005.0, diversity=0.54 | INDIVIDUALS: n=200, avg_genome_length=45.73 | VIRUSES: gene_rate=0.000
2022-01-06 13:32:46.386765 | GENERATION: 228 | ERRORS: best=4, median=52.0, diversity=0.46 | INDIVIDUALS: n=200, avg_genome_length=45.565 | VIRUSES: gene_rate=0.000
2022-01-06 13:32:52.323317 | GENERATION: 229 | ERRORS: best=4, median=48.0, diversity=0.535 | INDIVIDUALS: n=200, avg_genome_length=43.23 | VIRUSES: gene_rate=0.000
2022-01-06 13:32:57.250779 | GENERATION: 230 | ERRORS: best=4, median=52.0, diversity=0.535 | INDIVIDUALS: n=200, avg_genome_length=43.52 | VIRUSES: gene_rate=0.000
2022-01-06 13:33:01.893701 | GENERATION: 231 | ERRORS: best=3, median=52.0, diversity=0.495 | INDIVIDUALS: n=200, avg_genome_length=43.62 | VIRUSES: gene_rate=0.000
2022-01-06 13:33:06.987802 | GENERATION: 232 | ERRORS: best=3, median=52.0, diversity=0.555 | INDIVIDUALS: n=200, avg_genome_length=41.34 | VIRUSES: gene_rate=0.000
2022-01-06 13:33:12.655847 | GENERATION: 233 | ERRORS: best=3, median=52.0, diversity=0.485 | INDIVIDUALS: n=200, avg_genome_length=38.625 | VIRUSES: gene_rate=0.000
2022-01-06 13:33:18.846413 | GENERATION: 234 | ERRORS: best=3, median=52.0, diversity=0.545 | INDIVIDUALS: n=200, avg_genome_length=39.165 | VIRUSES: gene_rate=0.000
2022-01-06 13:33:23.843264 | GENERATION: 235 | ERRORS: best=3, median=52.0, diversity=0.52 | INDIVIDUALS: n=200, avg_genome_length=39.325 | VIRUSES: gene_rate=0.000
2022-01-06 13:33:31.068438 | GENERATION: 236 | ERRORS: best=3, median=1000042.0, diversity=0.565 | INDIVIDUALS: n=200, avg_genome_length=41.155 | VIRUSES: gene_rate=0.000
2022-01-06 13:33:36.697706 | GENERATION: 237 | ERRORS: best=3, median=52.0, diversity=0.525 | INDIVIDUALS: n=200, avg_genome_length=38.56 | VIRUSES: gene_rate=0.000
2022-01-06 13:33:42.185882 | GENERATION: 238 | ERRORS: best=3, median=50.0, diversity=0.475 | INDIVIDUALS: n=200, avg_genome_length=39.12 | VIRUSES: gene_rate=0.000
2022-01-06 13:33:50.985718 | GENERATION: 239 | ERRORS: best=3, median=52.0, diversity=0.515 | INDIVIDUALS: n=200, avg_genome_length=36.385 | VIRUSES: gene_rate=0.000
2022-01-06 13:34:11.490272 | GENERATION: 240 | ERRORS: best=3, median=48.0, diversity=0.505 | INDIVIDUALS: n=200, avg_genome_length=35.58 | VIRUSES: gene_rate=0.000
2022-01-06 13:34:17.010149 | GENERATION: 241 | ERRORS: best=3, median=48.0, diversity=0.435 | INDIVIDUALS: n=200, avg_genome_length=33.365 | VIRUSES: gene_rate=0.000
2022-01-06 13:34:22.286976 | GENERATION: 242 | ERRORS: best=3, median=48.0, diversity=0.49 | INDIVIDUALS: n=200, avg_genome_length=32.665 | VIRUSES: gene_rate=0.000
2022-01-06 13:34:27.458948 | GENERATION: 243 | ERRORS: best=3, median=52.0, diversity=0.51 | INDIVIDUALS: n=200, avg_genome_length=32.135 | VIRUSES: gene_rate=0.000
2022-01-06 13:34:32.082013 | GENERATION: 244 | ERRORS: best=3, median=52.0, diversity=0.54 | INDIVIDUALS: n=200, avg_genome_length=32.07 | VIRUSES: gene_rate=0.000
2022-01-06 13:34:37.517697 | GENERATION: 245 | ERRORS: best=3, median=52.0, diversity=0.49 | INDIVIDUALS: n=200, avg_genome_length=30.21 | VIRUSES: gene_rate=0.000
2022-01-06 13:34:43.458204 | GENERATION: 246 | ERRORS: best=3, median=48.0, diversity=0.405 | INDIVIDUALS: n=200, avg_genome_length=29.345 | VIRUSES: gene_rate=0.000
2022-01-06 13:34:48.625740 | GENERATION: 247 | ERRORS: best=3, median=51.0, diversity=0.425 | INDIVIDUALS: n=200, avg_genome_length=30.52 | VIRUSES: gene_rate=0.000
2022-01-06 13:34:55.968305 | GENERATION: 248 | ERRORS: best=3, median=48.0, diversity=0.455 | INDIVIDUALS: n=200, avg_genome_length=30.71 | VIRUSES: gene_rate=0.000
2022-01-06 13:35:03.239043 | GENERATION: 249 | ERRORS: best=3, median=52.0, diversity=0.515 | INDIVIDUALS: n=200, avg_genome_length=31.3 | VIRUSES: gene_rate=0.000
2022-01-06 13:35:08.586243 | GENERATION: 250 | ERRORS: best=3, median=48.0, diversity=0.4 | INDIVIDUALS: n=200, avg_genome_length=30.135 | VIRUSES: gene_rate=0.000
2022-01-06 13:35:17.776109 | GENERATION: 251 | ERRORS: best=3, median=48.0, diversity=0.43 | INDIVIDUALS: n=200, avg_genome_length=30.76 | VIRUSES: gene_rate=0.000
2022-01-06 13:35:27.285018 | GENERATION: 252 | ERRORS: best=3, median=48.0, diversity=0.395 | INDIVIDUALS: n=200, avg_genome_length=28.685 | VIRUSES: gene_rate=0.000
2022-01-06 13:35:32.429487 | GENERATION: 253 | ERRORS: best=3, median=48.0, diversity=0.41 | INDIVIDUALS: n=200, avg_genome_length=26.745 | VIRUSES: gene_rate=0.000
2022-01-06 13:35:38.689403 | GENERATION: 254 | ERRORS: best=4, median=48.0, diversity=0.435 | INDIVIDUALS: n=200, avg_genome_length=27.825 | VIRUSES: gene_rate=0.000
2022-01-06 13:35:44.650032 | GENERATION: 255 | ERRORS: best=4, median=48.0, diversity=0.4 | INDIVIDUALS: n=200, avg_genome_length=27.735 | VIRUSES: gene_rate=0.000
2022-01-06 13:35:49.944274 | GENERATION: 256 | ERRORS: best=4, median=52.0, diversity=0.45 | INDIVIDUALS: n=200, avg_genome_length=27.82 | VIRUSES: gene_rate=0.000
2022-01-06 13:35:54.370062 | GENERATION: 257 | ERRORS: best=3, median=48.0, diversity=0.465 | INDIVIDUALS: n=200, avg_genome_length=27.68 | VIRUSES: gene_rate=0.000
2022-01-06 13:35:58.761694 | GENERATION: 258 | ERRORS: best=3, median=48.0, diversity=0.47 | INDIVIDUALS: n=200, avg_genome_length=30.09 | VIRUSES: gene_rate=0.000
2022-01-06 13:36:03.143877 | GENERATION: 259 | ERRORS: best=3, median=52.0, diversity=0.505 | INDIVIDUALS: n=200, avg_genome_length=33.29 | VIRUSES: gene_rate=0.000
2022-01-06 13:36:08.176430 | GENERATION: 260 | ERRORS: best=3, median=48.0, diversity=0.445 | INDIVIDUALS: n=200, avg_genome_length=34.905 | VIRUSES: gene_rate=0.000
2022-01-06 13:36:13.948103 | GENERATION: 261 | ERRORS: best=3, median=48.0, diversity=0.425 | INDIVIDUALS: n=200, avg_genome_length=36.22 | VIRUSES: gene_rate=0.000
2022-01-06 13:36:19.574306 | GENERATION: 262 | ERRORS: best=3, median=48.0, diversity=0.4 | INDIVIDUALS: n=200, avg_genome_length=35.815 | VIRUSES: gene_rate=0.000
2022-01-06 13:36:25.246186 | GENERATION: 263 | ERRORS: best=3, median=49.0, diversity=0.37 | INDIVIDUALS: n=200, avg_genome_length=35.335 | VIRUSES: gene_rate=0.000
2022-01-06 13:36:30.343674 | GENERATION: 264 | ERRORS: best=3, median=48.0, diversity=0.395 | INDIVIDUALS: n=200, avg_genome_length=35.87 | VIRUSES: gene_rate=0.000
2022-01-06 13:36:35.688935 | GENERATION: 265 | ERRORS: best=3, median=48.0, diversity=0.46 | INDIVIDUALS: n=200, avg_genome_length=36.38 | VIRUSES: gene_rate=0.000
2022-01-06 13:36:40.539546 | GENERATION: 266 | ERRORS: best=3, median=48.0, diversity=0.42 | INDIVIDUALS: n=200, avg_genome_length=37.125 | VIRUSES: gene_rate=0.000
2022-01-06 13:36:45.568337 | GENERATION: 267 | ERRORS: best=3, median=48.0, diversity=0.44 | INDIVIDUALS: n=200, avg_genome_length=34.755 | VIRUSES: gene_rate=0.000
2022-01-06 13:36:49.853893 | GENERATION: 268 | ERRORS: best=3, median=48.0, diversity=0.3 | INDIVIDUALS: n=200, avg_genome_length=29.975 | VIRUSES: gene_rate=0.000
2022-01-06 13:36:53.941273 | GENERATION: 269 | ERRORS: best=3, median=48.0, diversity=0.385 | INDIVIDUALS: n=200, avg_genome_length=28.76 | VIRUSES: gene_rate=0.000
2022-01-06 13:36:59.734456 | GENERATION: 270 | ERRORS: best=3, median=48.0, diversity=0.44 | INDIVIDUALS: n=200, avg_genome_length=29.695 | VIRUSES: gene_rate=0.000
2022-01-06 13:37:05.209438 | GENERATION: 271 | ERRORS: best=3, median=48.0, diversity=0.405 | INDIVIDUALS: n=200, avg_genome_length=29.605 | VIRUSES: gene_rate=0.000
2022-01-06 13:37:09.359162 | GENERATION: 272 | ERRORS: best=3, median=48.0, diversity=0.375 | INDIVIDUALS: n=200, avg_genome_length=29.125 | VIRUSES: gene_rate=0.000
2022-01-06 13:37:13.987379 | GENERATION: 273 | ERRORS: best=3, median=48.0, diversity=0.41 | INDIVIDUALS: n=200, avg_genome_length=28.73 | VIRUSES: gene_rate=0.000
2022-01-06 13:37:20.058901 | GENERATION: 274 | ERRORS: best=3, median=52.0, diversity=0.38 | INDIVIDUALS: n=200, avg_genome_length=29.485 | VIRUSES: gene_rate=0.000
2022-01-06 13:37:26.419966 | GENERATION: 275 | ERRORS: best=3, median=48.0, diversity=0.37 | INDIVIDUALS: n=200, avg_genome_length=28.59 | VIRUSES: gene_rate=0.000
2022-01-06 13:37:31.943576 | GENERATION: 276 | ERRORS: best=3, median=48.0, diversity=0.37 | INDIVIDUALS: n=200, avg_genome_length=27.53 | VIRUSES: gene_rate=0.000
2022-01-06 13:37:37.270988 | GENERATION: 277 | ERRORS: best=3, median=48.0, diversity=0.415 | INDIVIDUALS: n=200, avg_genome_length=26.44 | VIRUSES: gene_rate=0.000
2022-01-06 13:37:42.216267 | GENERATION: 278 | ERRORS: best=3, median=48.0, diversity=0.335 | INDIVIDUALS: n=200, avg_genome_length=25.285 | VIRUSES: gene_rate=0.000
2022-01-06 13:37:47.443587 | GENERATION: 279 | ERRORS: best=3, median=48.0, diversity=0.355 | INDIVIDUALS: n=200, avg_genome_length=24.685 | VIRUSES: gene_rate=0.000
2022-01-06 13:37:52.130180 | GENERATION: 280 | ERRORS: best=3, median=48.0, diversity=0.375 | INDIVIDUALS: n=200, avg_genome_length=23.79 | VIRUSES: gene_rate=0.000
2022-01-06 13:37:55.906558 | GENERATION: 281 | ERRORS: best=3, median=48.0, diversity=0.295 | INDIVIDUALS: n=200, avg_genome_length=23.64 | VIRUSES: gene_rate=0.000
2022-01-06 13:38:00.599657 | GENERATION: 282 | ERRORS: best=3, median=48.0, diversity=0.285 | INDIVIDUALS: n=200, avg_genome_length=23.58 | VIRUSES: gene_rate=0.000
2022-01-06 13:38:04.750511 | GENERATION: 283 | ERRORS: best=3, median=48.0, diversity=0.37 | INDIVIDUALS: n=200, avg_genome_length=21.5 | VIRUSES: gene_rate=0.000
2022-01-06 13:38:08.939612 | GENERATION: 284 | ERRORS: best=3, median=48.0, diversity=0.35 | INDIVIDUALS: n=200, avg_genome_length=23.045 | VIRUSES: gene_rate=0.000
2022-01-06 13:38:12.675955 | GENERATION: 285 | ERRORS: best=3, median=48.0, diversity=0.375 | INDIVIDUALS: n=200, avg_genome_length=21.76 | VIRUSES: gene_rate=0.000
2022-01-06 13:38:16.736372 | GENERATION: 286 | ERRORS: best=3, median=48.0, diversity=0.395 | INDIVIDUALS: n=200, avg_genome_length=20.83 | VIRUSES: gene_rate=0.000
2022-01-06 13:38:21.980473 | GENERATION: 287 | ERRORS: best=3, median=50.0, diversity=0.375 | INDIVIDUALS: n=200, avg_genome_length=23.735 | VIRUSES: gene_rate=0.000
2022-01-06 13:38:25.440771 | GENERATION: 288 | ERRORS: best=3, median=48.0, diversity=0.305 | INDIVIDUALS: n=200, avg_genome_length=23.775 | VIRUSES: gene_rate=0.000
2022-01-06 13:38:29.550607 | GENERATION: 289 | ERRORS: best=3, median=48.0, diversity=0.29 | INDIVIDUALS: n=200, avg_genome_length=24.22 | VIRUSES: gene_rate=0.000
2022-01-06 13:38:34.527404 | GENERATION: 290 | ERRORS: best=3, median=48.0, diversity=0.295 | INDIVIDUALS: n=200, avg_genome_length=25.875 | VIRUSES: gene_rate=0.000
2022-01-06 13:38:53.110168 | GENERATION: 291 | ERRORS: best=3, median=48.0, diversity=0.305 | INDIVIDUALS: n=200, avg_genome_length=23.835 | VIRUSES: gene_rate=0.000
2022-01-06 13:38:57.190823 | GENERATION: 292 | ERRORS: best=3, median=48.0, diversity=0.34 | INDIVIDUALS: n=200, avg_genome_length=23.055 | VIRUSES: gene_rate=0.000
2022-01-06 13:39:01.189207 | GENERATION: 293 | ERRORS: best=3, median=48.0, diversity=0.32 | INDIVIDUALS: n=200, avg_genome_length=25.55 | VIRUSES: gene_rate=0.000
2022-01-06 13:39:10.123689 | GENERATION: 294 | ERRORS: best=3, median=48.0, diversity=0.3 | INDIVIDUALS: n=200, avg_genome_length=25.945 | VIRUSES: gene_rate=0.000
2022-01-06 13:39:16.212406 | GENERATION: 295 | ERRORS: best=3, median=48.0, diversity=0.37 | INDIVIDUALS: n=200, avg_genome_length=24.755 | VIRUSES: gene_rate=0.000
2022-01-06 13:39:36.756516 | GENERATION: 296 | ERRORS: best=3, median=48.0, diversity=0.35 | INDIVIDUALS: n=200, avg_genome_length=25.67 | VIRUSES: gene_rate=0.000
2022-01-06 13:39:40.751054 | GENERATION: 297 | ERRORS: best=3, median=48.0, diversity=0.3 | INDIVIDUALS: n=200, avg_genome_length=25.97 | VIRUSES: gene_rate=0.000
2022-01-06 13:40:25.707594 | GENERATION: 298 | ERRORS: best=3, median=48.0, diversity=0.32 | INDIVIDUALS: n=200, avg_genome_length=26.37 | VIRUSES: gene_rate=0.000
2022-01-06 13:40:33.369571 | GENERATION: 299 | ERRORS: best=3, median=48.0, diversity=0.32 | INDIVIDUALS: n=200, avg_genome_length=25.3 | VIRUSES: gene_rate=0.000
2022-01-06 13:40:43.836025 | GENERATION: 300 | ERRORS: best=3, median=48.0, diversity=0.355 | INDIVIDUALS: n=200, avg_genome_length=27.215 | VIRUSES: gene_rate=0.000
Simplifying genome of length 120 with total error 3.
Simplified genome by 2 to length 118.
Simplified genome by 2 to length 116.
Simplified genome by 2 to length 114.
Simplified genome by 2 to length 112.
Simplified genome by 1 to length 111.
Simplified genome by 1 to length 110.
Simplified genome by 1 to length 109.
Simplified genome by 1 to length 108.
Simplified genome by 2 to length 106.
Simplified genome by 1 to length 105.
Simplified genome by 2 to length 103.
Simplified genome by 1 to length 102.
Simplified genome by 2 to length 100.
Simplified genome by 1 to length 99.
Simplified genome by 1 to length 98.
Simplified genome by 2 to length 96.
Simplified genome by 3 to length 93.
Simplified genome by 3 to length 90.
Simplified genome by 1 to length 89.
Simplified genome by 1 to length 88.
Simplified genome by 3 to length 85.
Simplified genome by 1 to length 84.
Simplified genome by 1 to length 83.
Simplified genome by 2 to length 81.
Simplified genome by 2 to length 79.
Simplified genome by 1 to length 78.
Simplified genome by 2 to length 76.
Simplified genome by 1 to length 75.
Simplified genome by 2 to length 73.
Simplified genome by 1 to length 72.
Simplified genome by 1 to length 71.
Simplified genome by 1 to length 70.
Simplified genome by 2 to length 68.
Simplified genome by 1 to length 67.
Simplified genome by 1 to length 66.
Simplified genome by 1 to length 65.
Simplified genome by 1 to length 64.
Simplified genome by 1 to length 63.
Simplified genome by 1 to length 62.
Simplified genome by 1 to length 61.
Simplified genome by 1 to length 60.
Simplified genome by 3 to length 57.
Simplified genome by 1 to length 56.
Simplified genome by 1 to length 55.
Simplified genome by 1 to length 54.
Simplified genome by 1 to length 53.
Simplified genome by 1 to length 52.
Simplified genome by 1 to length 51.
Simplified genome to length 51 and total error 3.
========================================
End Run
========================================
No solution found.
Best Seen Individual
	Genome:
	 pvector([InstructionMeta(name='int_gt', code_blocks=0), Input(input_index=0), Literal(value=2000, push_type=<pyshgp.push.types.PushIntType object at 0x7fd68d2b03d0>), InstructionMeta(name='exec_dup_times', code_blocks=1), InstructionMeta(name='vector_int_push_all', code_blocks=0), InstructionMeta(name='int_swap', code_blocks=0), InstructionMeta(name='int_dup', code_blocks=0), InstructionMeta(name='exec_yank_dup', code_blocks=0), InstructionMeta(name='int_rot', code_blocks=0), InstructionMeta(name='bool_xor', code_blocks=0), InstructionMeta(name='bool_swap', code_blocks=0), InstructionMeta(name='int_min', code_blocks=0), InstructionMeta(name='exec_when', code_blocks=1), InstructionMeta(name='int_max', code_blocks=0), Literal(value=2, push_type=<pyshgp.push.types.PushIntType object at 0x7fd68d2b0880>), Closer(), InstructionMeta(name='int_mod', code_blocks=0), InstructionMeta(name='bool_swap', code_blocks=0), InstructionMeta(name='bool_dup_times', code_blocks=0), InstructionMeta(name='bool_from_int', code_blocks=0), InstructionMeta(name='exec_flush', code_blocks=0), InstructionMeta(name='exec_stack_depth', code_blocks=0), Closer(), InstructionMeta(name='int_min', code_blocks=0), InstructionMeta(name='vector_int_yank', code_blocks=0), InstructionMeta(name='exec_swap', code_blocks=2), Closer(), Closer(), InstructionMeta(name='int_mod', code_blocks=0), InstructionMeta(name='int_gte', code_blocks=0), InstructionMeta(name='println_vector_int', code_blocks=0), InstructionMeta(name='bool_rot', code_blocks=0), Literal(value=-120, push_type=<pyshgp.push.types.PushIntType object at 0x7fd68d2b0790>), Literal(value=-675, push_type=<pyshgp.push.types.PushIntType object at 0x7fd68d2b0f70>), InstructionMeta(name='vector_int_swap', code_blocks=0), InstructionMeta(name='print_exec', code_blocks=0), InstructionMeta(name='int_flush', code_blocks=0), InstructionMeta(name='exec_if', code_blocks=2), Closer(), Closer(), InstructionMeta(name='int_rot', code_blocks=0), InstructionMeta(name='exec_is_empty', code_blocks=0), InstructionMeta(name='exec_if', code_blocks=2), InstructionMeta(name='vector_int_reverse', code_blocks=0), InstructionMeta(name='int_eq', code_blocks=0), InstructionMeta(name='exec_flush', code_blocks=0), Closer(), Closer(), InstructionMeta(name='int_from_bool', code_blocks=0), InstructionMeta(name='int_dup', code_blocks=0), InstructionMeta(name='vector_int_concat', code_blocks=0)])
	Program:
	 (int_gt input_0 2000 exec_dup_times (vector_int_push_all int_swap int_dup exec_yank_dup int_rot bool_xor bool_swap int_min exec_when (int_max 2) int_mod bool_swap bool_dup_times bool_from_int exec_flush exec_stack_depth) int_min vector_int_yank exec_swap () () int_mod int_gte println_vector_int bool_rot -120 -675 vector_int_swap print_exec int_flush exec_if () () int_rot exec_is_empty exec_if (vector_int_reverse int_eq exec_flush) () int_from_bool int_dup vector_int_concat)
	Error vector:
	 [0 0 0 0 0 0 0 0 0 0 0 0 0 0 0 0 0 0 0 0 0 0 0 0 0 0 0 0 0 0 1 0 0 0 0 0 0
 0 0 0 0 0 0 0 0 0 0 0 0 0 0 0 0 0 0 0 0 0 0 0 0 1 0 0 0 0 0 0 0 0 0 0 0 0
 0 0 0 0 0 0 0 0 0 0 0 0 0 0 0 0 0 0 0 1 0 0 0 0 0 0]
	Total error:
	 3
	Test error:
	 2000059.0
	Time:
	 00:36:23
