========================================
Setup
========================================
Search Configuration:
signature: ProgramSignature(arity=1, push_config=PushConfig(collection_size_cap=1000, numeric_magnitude_limit=1000000000000.0, growth_cap=500, runtime_limit=10, step_limit=1500), output_stacks=['bool'])
evaluator: <pyshgp.gp.evaluation.DatasetEvaluator object at 0x7f86e38e2940>
spawner: <pyshgp.gp.genome.GeneSpawner object at 0x7f86e38e25e0>
population_size: 200
max_generations: 300
error_threshold: 0.0
initial_genome_size: (50, 250)
simplification_steps: 500
parallel_context: <pyshgp.gp.search.ParallelContext object at 0x7f86e38e29d0>
selection: <pyshgp.utils.DiscreteProbDistrib object at 0x7f86e17a4640>
variation: <pyshgp.utils.DiscreteProbDistrib object at 0x7f86e1728f40>
Instructions:
int_add, int_sub, int_mult, int_div, int_mod, int_min, int_max, int_inc, int_dec, int_lt, int_lte, int_gt, int_gte, int_from_bool, bool_and, bool_or, bool_not, bool_xor, bool_invert_first_then_and, bool_second_first_then_and, bool_from_int, noop, noop_open, exec_do_range, exec_do_count, exec_while, exec_do_while, exec_if, exec_when, vector_int_concat, vector_int_conj, vector_int_take, vector_int_subvec, vector_int_first, vector_int_last, vector_int_nth, vector_int_rest, vector_int_but_last, vector_int_length, vector_int_reverse, vector_int_push_all, vector_int_empty_vector, vector_int_contains, vector_int_index_of, vector_int_occurrences_of, vector_int_set_nth, vector_int_replace, vector_int_replace_first, vector_int_remove, vector_int_iterate, print_bool, println_bool, print_int, println_int, print_vector_int, println_vector_int, print_exec, println_exec, bool_pop, bool_dup, bool_dup_times, bool_swap, bool_rot, bool_flush, bool_eq, bool_stack_depth, bool_yank, bool_yank_dup, bool_shove, bool_shove_dup, bool_is_empty, int_pop, int_dup, int_dup_times, int_swap, int_rot, int_flush, int_eq, int_stack_depth, int_yank, int_yank_dup, int_shove, int_shove_dup, int_is_empty, vector_int_pop, vector_int_dup, vector_int_dup_times, vector_int_swap, vector_int_rot, vector_int_flush, vector_int_eq, vector_int_stack_depth, vector_int_yank, vector_int_yank_dup, vector_int_shove, vector_int_shove_dup, vector_int_is_empty, exec_pop, exec_dup, exec_dup_times, exec_swap, exec_rot, exec_flush, exec_eq, exec_stack_depth, exec_yank, exec_yank_dup, exec_shove, exec_shove_dup, exec_is_empty
Literals:
[Literal(value=0, push_type=<pyshgp.push.types.PushIntType object at 0x7f86e399b730>), Literal(value=1, push_type=<pyshgp.push.types.PushIntType object at 0x7f86e399b730>), Literal(value=2, push_type=<pyshgp.push.types.PushIntType object at 0x7f86e399b730>)]
ERC Generators:
[<function rand_int at 0x7f86f8ddf1f0>]
========================================
Start Run
========================================
2022-01-06 11:14:52.597489 | GENERATION: 1 | ERRORS: best=55, median=100000000.0, diversity=0.01 | INDIVIDUALS: n=200, avg_genome_length=139.075 | VIRUSES: gene_rate=0.000
2022-01-06 11:14:57.250354 | GENERATION: 2 | ERRORS: best=45, median=55.0, diversity=0.025 | INDIVIDUALS: n=200, avg_genome_length=142.895 | VIRUSES: gene_rate=0.000
2022-01-06 11:15:01.648962 | GENERATION: 3 | ERRORS: best=45, median=55.0, diversity=0.035 | INDIVIDUALS: n=200, avg_genome_length=140.06 | VIRUSES: gene_rate=0.000
2022-01-06 11:15:05.320630 | GENERATION: 4 | ERRORS: best=40, median=55.0, diversity=0.06 | INDIVIDUALS: n=200, avg_genome_length=136.7 | VIRUSES: gene_rate=0.000
2022-01-06 11:15:10.069014 | GENERATION: 5 | ERRORS: best=39, median=55.0, diversity=0.175 | INDIVIDUALS: n=200, avg_genome_length=129.025 | VIRUSES: gene_rate=0.000
2022-01-06 11:15:15.788110 | GENERATION: 6 | ERRORS: best=39, median=55.0, diversity=0.285 | INDIVIDUALS: n=200, avg_genome_length=128.825 | VIRUSES: gene_rate=0.000
2022-01-06 11:15:22.218288 | GENERATION: 7 | ERRORS: best=39, median=55.0, diversity=0.31 | INDIVIDUALS: n=200, avg_genome_length=131.88 | VIRUSES: gene_rate=0.000
2022-01-06 11:15:29.672041 | GENERATION: 8 | ERRORS: best=39, median=55.0, diversity=0.41 | INDIVIDUALS: n=200, avg_genome_length=133.87 | VIRUSES: gene_rate=0.000
2022-01-06 11:15:36.507814 | GENERATION: 9 | ERRORS: best=37, median=55.0, diversity=0.375 | INDIVIDUALS: n=200, avg_genome_length=133.665 | VIRUSES: gene_rate=0.000
2022-01-06 11:15:42.343571 | GENERATION: 10 | ERRORS: best=37, median=55.0, diversity=0.4 | INDIVIDUALS: n=200, avg_genome_length=131.785 | VIRUSES: gene_rate=0.000
2022-01-06 11:15:48.436339 | GENERATION: 11 | ERRORS: best=39, median=55.0, diversity=0.435 | INDIVIDUALS: n=200, avg_genome_length=133.52 | VIRUSES: gene_rate=0.000
2022-01-06 11:15:54.780448 | GENERATION: 12 | ERRORS: best=39, median=55.0, diversity=0.37 | INDIVIDUALS: n=200, avg_genome_length=133.735 | VIRUSES: gene_rate=0.000
2022-01-06 11:16:00.936122 | GENERATION: 13 | ERRORS: best=39, median=54.0, diversity=0.42 | INDIVIDUALS: n=200, avg_genome_length=133.91 | VIRUSES: gene_rate=0.000
2022-01-06 11:16:06.571144 | GENERATION: 14 | ERRORS: best=39, median=54.0, diversity=0.36 | INDIVIDUALS: n=200, avg_genome_length=132.71 | VIRUSES: gene_rate=0.000
2022-01-06 11:16:12.613808 | GENERATION: 15 | ERRORS: best=39, median=55.0, diversity=0.325 | INDIVIDUALS: n=200, avg_genome_length=133.525 | VIRUSES: gene_rate=0.000
2022-01-06 11:16:18.521519 | GENERATION: 16 | ERRORS: best=39, median=54.5, diversity=0.295 | INDIVIDUALS: n=200, avg_genome_length=132.53 | VIRUSES: gene_rate=0.000
2022-01-06 11:16:25.808664 | GENERATION: 17 | ERRORS: best=39, median=55.0, diversity=0.35 | INDIVIDUALS: n=200, avg_genome_length=129.29 | VIRUSES: gene_rate=0.000
2022-01-06 11:16:33.475798 | GENERATION: 18 | ERRORS: best=39, median=54.5, diversity=0.32 | INDIVIDUALS: n=200, avg_genome_length=129.365 | VIRUSES: gene_rate=0.000
2022-01-06 11:16:42.045299 | GENERATION: 19 | ERRORS: best=39, median=49.5, diversity=0.335 | INDIVIDUALS: n=200, avg_genome_length=128.555 | VIRUSES: gene_rate=0.000
2022-01-06 11:16:52.907762 | GENERATION: 20 | ERRORS: best=39, median=54.0, diversity=0.44 | INDIVIDUALS: n=200, avg_genome_length=127.505 | VIRUSES: gene_rate=0.000
2022-01-06 11:17:02.818571 | GENERATION: 21 | ERRORS: best=37, median=55.0, diversity=0.45 | INDIVIDUALS: n=200, avg_genome_length=124.885 | VIRUSES: gene_rate=0.000
2022-01-06 11:17:19.144431 | GENERATION: 22 | ERRORS: best=39, median=55.0, diversity=0.385 | INDIVIDUALS: n=200, avg_genome_length=122.23 | VIRUSES: gene_rate=0.000
2022-01-06 11:17:32.514304 | GENERATION: 23 | ERRORS: best=39, median=53.5, diversity=0.505 | INDIVIDUALS: n=200, avg_genome_length=118.895 | VIRUSES: gene_rate=0.000
2022-01-06 11:17:50.475837 | GENERATION: 24 | ERRORS: best=38, median=55.0, diversity=0.43 | INDIVIDUALS: n=200, avg_genome_length=120.58 | VIRUSES: gene_rate=0.000
2022-01-06 11:18:07.746044 | GENERATION: 25 | ERRORS: best=39, median=55.0, diversity=0.515 | INDIVIDUALS: n=200, avg_genome_length=120.26 | VIRUSES: gene_rate=0.000
2022-01-06 11:18:20.776230 | GENERATION: 26 | ERRORS: best=38, median=55.0, diversity=0.525 | INDIVIDUALS: n=200, avg_genome_length=119.62 | VIRUSES: gene_rate=0.000
2022-01-06 11:18:34.200872 | GENERATION: 27 | ERRORS: best=37, median=55.0, diversity=0.475 | INDIVIDUALS: n=200, avg_genome_length=121.175 | VIRUSES: gene_rate=0.000
2022-01-06 11:18:53.689371 | GENERATION: 28 | ERRORS: best=36, median=55.0, diversity=0.47 | INDIVIDUALS: n=200, avg_genome_length=120.345 | VIRUSES: gene_rate=0.000
2022-01-06 11:19:06.821133 | GENERATION: 29 | ERRORS: best=37, median=55.0, diversity=0.47 | INDIVIDUALS: n=200, avg_genome_length=123.45 | VIRUSES: gene_rate=0.000
2022-01-06 11:19:19.725059 | GENERATION: 30 | ERRORS: best=35, median=55.0, diversity=0.46 | INDIVIDUALS: n=200, avg_genome_length=121.905 | VIRUSES: gene_rate=0.000
2022-01-06 11:19:33.987809 | GENERATION: 31 | ERRORS: best=37, median=55.0, diversity=0.505 | INDIVIDUALS: n=200, avg_genome_length=123.935 | VIRUSES: gene_rate=0.000
2022-01-06 11:19:52.314078 | GENERATION: 32 | ERRORS: best=36, median=55.0, diversity=0.48 | INDIVIDUALS: n=200, avg_genome_length=123.695 | VIRUSES: gene_rate=0.000
2022-01-06 11:20:06.342001 | GENERATION: 33 | ERRORS: best=36, median=55.0, diversity=0.45 | INDIVIDUALS: n=200, avg_genome_length=122.355 | VIRUSES: gene_rate=0.000
2022-01-06 11:20:21.432218 | GENERATION: 34 | ERRORS: best=37, median=54.0, diversity=0.56 | INDIVIDUALS: n=200, avg_genome_length=124.47 | VIRUSES: gene_rate=0.000
2022-01-06 11:20:36.138770 | GENERATION: 35 | ERRORS: best=37, median=55.0, diversity=0.51 | INDIVIDUALS: n=200, avg_genome_length=124.73 | VIRUSES: gene_rate=0.000
2022-01-06 11:20:50.405806 | GENERATION: 36 | ERRORS: best=38, median=55.0, diversity=0.535 | INDIVIDUALS: n=200, avg_genome_length=126.02 | VIRUSES: gene_rate=0.000
2022-01-06 11:21:06.782393 | GENERATION: 37 | ERRORS: best=37, median=55.0, diversity=0.58 | INDIVIDUALS: n=200, avg_genome_length=125.545 | VIRUSES: gene_rate=0.000
2022-01-06 11:21:22.831355 | GENERATION: 38 | ERRORS: best=36, median=52.0, diversity=0.595 | INDIVIDUALS: n=200, avg_genome_length=126.29 | VIRUSES: gene_rate=0.000
2022-01-06 11:21:37.924503 | GENERATION: 39 | ERRORS: best=38, median=55.0, diversity=0.555 | INDIVIDUALS: n=200, avg_genome_length=124.625 | VIRUSES: gene_rate=0.000
2022-01-06 11:21:53.556805 | GENERATION: 40 | ERRORS: best=36, median=54.0, diversity=0.585 | INDIVIDUALS: n=200, avg_genome_length=126.81 | VIRUSES: gene_rate=0.000
2022-01-06 11:22:08.090820 | GENERATION: 41 | ERRORS: best=36, median=55.0, diversity=0.54 | INDIVIDUALS: n=200, avg_genome_length=125.375 | VIRUSES: gene_rate=0.000
2022-01-06 11:22:23.321394 | GENERATION: 42 | ERRORS: best=38, median=55.0, diversity=0.63 | INDIVIDUALS: n=200, avg_genome_length=127.515 | VIRUSES: gene_rate=0.000
2022-01-06 11:22:37.305405 | GENERATION: 43 | ERRORS: best=39, median=55.0, diversity=0.585 | INDIVIDUALS: n=200, avg_genome_length=129.395 | VIRUSES: gene_rate=0.000
2022-01-06 11:22:52.197739 | GENERATION: 44 | ERRORS: best=38, median=55.0, diversity=0.635 | INDIVIDUALS: n=200, avg_genome_length=130.81 | VIRUSES: gene_rate=0.000
2022-01-06 11:23:06.565907 | GENERATION: 45 | ERRORS: best=37, median=55.0, diversity=0.615 | INDIVIDUALS: n=200, avg_genome_length=131.43 | VIRUSES: gene_rate=0.000
2022-01-06 11:23:20.119554 | GENERATION: 46 | ERRORS: best=36, median=53.0, diversity=0.635 | INDIVIDUALS: n=200, avg_genome_length=130.59 | VIRUSES: gene_rate=0.000
2022-01-06 11:23:36.033437 | GENERATION: 47 | ERRORS: best=37, median=55.0, diversity=0.625 | INDIVIDUALS: n=200, avg_genome_length=131.465 | VIRUSES: gene_rate=0.000
2022-01-06 11:23:50.185948 | GENERATION: 48 | ERRORS: best=36, median=54.0, diversity=0.54 | INDIVIDUALS: n=200, avg_genome_length=127.23 | VIRUSES: gene_rate=0.000
2022-01-06 11:24:03.100807 | GENERATION: 49 | ERRORS: best=36, median=55.0, diversity=0.615 | INDIVIDUALS: n=200, avg_genome_length=128.55 | VIRUSES: gene_rate=0.000
2022-01-06 11:24:14.471567 | GENERATION: 50 | ERRORS: best=36, median=55.0, diversity=0.55 | INDIVIDUALS: n=200, avg_genome_length=127.11 | VIRUSES: gene_rate=0.000
2022-01-06 11:24:27.153435 | GENERATION: 51 | ERRORS: best=36, median=55.0, diversity=0.6 | INDIVIDUALS: n=200, avg_genome_length=127.335 | VIRUSES: gene_rate=0.000
2022-01-06 11:24:38.341499 | GENERATION: 52 | ERRORS: best=36, median=55.0, diversity=0.595 | INDIVIDUALS: n=200, avg_genome_length=125.715 | VIRUSES: gene_rate=0.000
2022-01-06 11:24:49.720876 | GENERATION: 53 | ERRORS: best=36, median=55.0, diversity=0.56 | INDIVIDUALS: n=200, avg_genome_length=125.82 | VIRUSES: gene_rate=0.000
2022-01-06 11:25:01.668159 | GENERATION: 54 | ERRORS: best=36, median=55.0, diversity=0.51 | INDIVIDUALS: n=200, avg_genome_length=125.325 | VIRUSES: gene_rate=0.000
2022-01-06 11:25:14.312281 | GENERATION: 55 | ERRORS: best=36, median=55.0, diversity=0.54 | INDIVIDUALS: n=200, avg_genome_length=125.215 | VIRUSES: gene_rate=0.000
2022-01-06 11:25:26.134418 | GENERATION: 56 | ERRORS: best=36, median=55.0, diversity=0.505 | INDIVIDUALS: n=200, avg_genome_length=129.83 | VIRUSES: gene_rate=0.000
2022-01-06 11:25:36.852009 | GENERATION: 57 | ERRORS: best=39, median=55.0, diversity=0.555 | INDIVIDUALS: n=200, avg_genome_length=127.47 | VIRUSES: gene_rate=0.000
2022-01-06 11:25:47.420524 | GENERATION: 58 | ERRORS: best=35, median=53.5, diversity=0.555 | INDIVIDUALS: n=200, avg_genome_length=125.65 | VIRUSES: gene_rate=0.000
2022-01-06 11:25:59.249526 | GENERATION: 59 | ERRORS: best=36, median=55.0, diversity=0.595 | INDIVIDUALS: n=200, avg_genome_length=129.835 | VIRUSES: gene_rate=0.000
2022-01-06 11:26:11.667223 | GENERATION: 60 | ERRORS: best=34, median=55.0, diversity=0.575 | INDIVIDUALS: n=200, avg_genome_length=126.94 | VIRUSES: gene_rate=0.000
2022-01-06 11:26:24.017213 | GENERATION: 61 | ERRORS: best=32, median=55.0, diversity=0.53 | INDIVIDUALS: n=200, avg_genome_length=126.05 | VIRUSES: gene_rate=0.000
2022-01-06 11:26:35.506600 | GENERATION: 62 | ERRORS: best=34, median=54.5, diversity=0.5 | INDIVIDUALS: n=200, avg_genome_length=129.715 | VIRUSES: gene_rate=0.000
2022-01-06 11:26:46.470299 | GENERATION: 63 | ERRORS: best=34, median=55.0, diversity=0.51 | INDIVIDUALS: n=200, avg_genome_length=126.795 | VIRUSES: gene_rate=0.000
2022-01-06 11:26:58.535590 | GENERATION: 64 | ERRORS: best=35, median=52.0, diversity=0.51 | INDIVIDUALS: n=200, avg_genome_length=124.66 | VIRUSES: gene_rate=0.000
2022-01-06 11:27:29.190352 | GENERATION: 65 | ERRORS: best=36, median=55.0, diversity=0.58 | INDIVIDUALS: n=200, avg_genome_length=125.675 | VIRUSES: gene_rate=0.000
2022-01-06 11:27:40.642024 | GENERATION: 66 | ERRORS: best=35, median=55.0, diversity=0.48 | INDIVIDUALS: n=200, avg_genome_length=123.875 | VIRUSES: gene_rate=0.000
2022-01-06 11:27:50.551869 | GENERATION: 67 | ERRORS: best=35, median=53.0, diversity=0.49 | INDIVIDUALS: n=200, avg_genome_length=122.145 | VIRUSES: gene_rate=0.000
2022-01-06 11:28:00.853733 | GENERATION: 68 | ERRORS: best=35, median=52.0, diversity=0.49 | INDIVIDUALS: n=200, avg_genome_length=124.0 | VIRUSES: gene_rate=0.000
2022-01-06 11:28:12.243715 | GENERATION: 69 | ERRORS: best=35, median=50.0, diversity=0.515 | INDIVIDUALS: n=200, avg_genome_length=124.025 | VIRUSES: gene_rate=0.000
2022-01-06 11:28:32.963847 | GENERATION: 70 | ERRORS: best=35, median=53.0, diversity=0.465 | INDIVIDUALS: n=200, avg_genome_length=122.735 | VIRUSES: gene_rate=0.000
2022-01-06 11:28:43.311224 | GENERATION: 71 | ERRORS: best=34, median=53.5, diversity=0.48 | INDIVIDUALS: n=200, avg_genome_length=123.035 | VIRUSES: gene_rate=0.000
2022-01-06 11:28:53.531502 | GENERATION: 72 | ERRORS: best=34, median=54.0, diversity=0.525 | INDIVIDUALS: n=200, avg_genome_length=123.49 | VIRUSES: gene_rate=0.000
2022-01-06 11:29:04.762494 | GENERATION: 73 | ERRORS: best=34, median=51.5, diversity=0.515 | INDIVIDUALS: n=200, avg_genome_length=126.935 | VIRUSES: gene_rate=0.000
2022-01-06 11:29:16.653745 | GENERATION: 74 | ERRORS: best=35, median=54.5, diversity=0.475 | INDIVIDUALS: n=200, avg_genome_length=131.525 | VIRUSES: gene_rate=0.000
2022-01-06 11:29:26.366410 | GENERATION: 75 | ERRORS: best=36, median=54.0, diversity=0.575 | INDIVIDUALS: n=200, avg_genome_length=137.69 | VIRUSES: gene_rate=0.000
2022-01-06 11:29:36.446644 | GENERATION: 76 | ERRORS: best=36, median=53.0, diversity=0.49 | INDIVIDUALS: n=200, avg_genome_length=140.595 | VIRUSES: gene_rate=0.000
2022-01-06 11:29:47.196079 | GENERATION: 77 | ERRORS: best=38, median=54.5, diversity=0.49 | INDIVIDUALS: n=200, avg_genome_length=134.455 | VIRUSES: gene_rate=0.000
2022-01-06 11:30:00.819710 | GENERATION: 78 | ERRORS: best=36, median=55.0, diversity=0.465 | INDIVIDUALS: n=200, avg_genome_length=127.855 | VIRUSES: gene_rate=0.000
2022-01-06 11:30:14.111448 | GENERATION: 79 | ERRORS: best=35, median=55.0, diversity=0.58 | INDIVIDUALS: n=200, avg_genome_length=127.34 | VIRUSES: gene_rate=0.000
2022-01-06 11:30:26.663972 | GENERATION: 80 | ERRORS: best=35, median=55.0, diversity=0.49 | INDIVIDUALS: n=200, avg_genome_length=126.805 | VIRUSES: gene_rate=0.000
2022-01-06 11:30:40.868845 | GENERATION: 81 | ERRORS: best=36, median=54.0, diversity=0.565 | INDIVIDUALS: n=200, avg_genome_length=125.05 | VIRUSES: gene_rate=0.000
2022-01-06 11:30:53.395172 | GENERATION: 82 | ERRORS: best=35, median=50.5, diversity=0.505 | INDIVIDUALS: n=200, avg_genome_length=131.56 | VIRUSES: gene_rate=0.000
2022-01-06 11:31:07.927905 | GENERATION: 83 | ERRORS: best=34, median=55.0, diversity=0.525 | INDIVIDUALS: n=200, avg_genome_length=131.895 | VIRUSES: gene_rate=0.000
2022-01-06 11:31:19.754471 | GENERATION: 84 | ERRORS: best=34, median=55.0, diversity=0.48 | INDIVIDUALS: n=200, avg_genome_length=127.02 | VIRUSES: gene_rate=0.000
2022-01-06 11:31:32.363146 | GENERATION: 85 | ERRORS: best=34, median=55.0, diversity=0.525 | INDIVIDUALS: n=200, avg_genome_length=123.105 | VIRUSES: gene_rate=0.000
2022-01-06 11:31:42.847090 | GENERATION: 86 | ERRORS: best=34, median=51.5, diversity=0.455 | INDIVIDUALS: n=200, avg_genome_length=119.14 | VIRUSES: gene_rate=0.000
2022-01-06 11:31:54.432246 | GENERATION: 87 | ERRORS: best=34, median=53.5, diversity=0.485 | INDIVIDUALS: n=200, avg_genome_length=117.57 | VIRUSES: gene_rate=0.000
2022-01-06 11:32:05.745280 | GENERATION: 88 | ERRORS: best=36, median=53.0, diversity=0.56 | INDIVIDUALS: n=200, avg_genome_length=114.17 | VIRUSES: gene_rate=0.000
2022-01-06 11:32:18.043356 | GENERATION: 89 | ERRORS: best=34, median=55.0, diversity=0.545 | INDIVIDUALS: n=200, avg_genome_length=120.015 | VIRUSES: gene_rate=0.000
2022-01-06 11:32:31.260552 | GENERATION: 90 | ERRORS: best=34, median=50.0, diversity=0.505 | INDIVIDUALS: n=200, avg_genome_length=121.325 | VIRUSES: gene_rate=0.000
2022-01-06 11:32:42.085252 | GENERATION: 91 | ERRORS: best=34, median=50.0, diversity=0.46 | INDIVIDUALS: n=200, avg_genome_length=114.95 | VIRUSES: gene_rate=0.000
2022-01-06 11:32:52.749713 | GENERATION: 92 | ERRORS: best=34, median=51.0, diversity=0.495 | INDIVIDUALS: n=200, avg_genome_length=112.235 | VIRUSES: gene_rate=0.000
2022-01-06 11:33:03.470420 | GENERATION: 93 | ERRORS: best=34, median=48.0, diversity=0.43 | INDIVIDUALS: n=200, avg_genome_length=110.36 | VIRUSES: gene_rate=0.000
2022-01-06 11:33:13.653079 | GENERATION: 94 | ERRORS: best=34, median=52.0, diversity=0.395 | INDIVIDUALS: n=200, avg_genome_length=106.265 | VIRUSES: gene_rate=0.000
2022-01-06 11:33:24.943037 | GENERATION: 95 | ERRORS: best=34, median=47.0, diversity=0.555 | INDIVIDUALS: n=200, avg_genome_length=109.595 | VIRUSES: gene_rate=0.000
2022-01-06 11:33:37.606267 | GENERATION: 96 | ERRORS: best=34, median=48.5, diversity=0.575 | INDIVIDUALS: n=200, avg_genome_length=113.835 | VIRUSES: gene_rate=0.000
2022-01-06 11:33:49.079262 | GENERATION: 97 | ERRORS: best=34, median=52.0, diversity=0.495 | INDIVIDUALS: n=200, avg_genome_length=115.93 | VIRUSES: gene_rate=0.000
2022-01-06 11:34:02.135854 | GENERATION: 98 | ERRORS: best=35, median=49.0, diversity=0.455 | INDIVIDUALS: n=200, avg_genome_length=119.61 | VIRUSES: gene_rate=0.000
2022-01-06 11:34:16.452054 | GENERATION: 99 | ERRORS: best=34, median=51.0, diversity=0.5 | INDIVIDUALS: n=200, avg_genome_length=117.34 | VIRUSES: gene_rate=0.000
2022-01-06 11:34:30.524893 | GENERATION: 100 | ERRORS: best=34, median=51.5, diversity=0.525 | INDIVIDUALS: n=200, avg_genome_length=114.935 | VIRUSES: gene_rate=0.000
2022-01-06 11:34:41.320485 | GENERATION: 101 | ERRORS: best=35, median=55.0, diversity=0.475 | INDIVIDUALS: n=200, avg_genome_length=112.96 | VIRUSES: gene_rate=0.000
2022-01-06 11:34:53.281788 | GENERATION: 102 | ERRORS: best=34, median=51.0, diversity=0.525 | INDIVIDUALS: n=200, avg_genome_length=113.56 | VIRUSES: gene_rate=0.000
2022-01-06 11:35:04.343044 | GENERATION: 103 | ERRORS: best=31, median=51.5, diversity=0.525 | INDIVIDUALS: n=200, avg_genome_length=116.405 | VIRUSES: gene_rate=0.000
2022-01-06 11:35:14.700935 | GENERATION: 104 | ERRORS: best=36, median=55.0, diversity=0.49 | INDIVIDUALS: n=200, avg_genome_length=117.265 | VIRUSES: gene_rate=0.000
2022-01-06 11:35:27.813940 | GENERATION: 105 | ERRORS: best=37, median=54.0, diversity=0.645 | INDIVIDUALS: n=200, avg_genome_length=102.09 | VIRUSES: gene_rate=0.000
2022-01-06 11:35:41.016100 | GENERATION: 106 | ERRORS: best=34, median=52.0, diversity=0.56 | INDIVIDUALS: n=200, avg_genome_length=107.845 | VIRUSES: gene_rate=0.000
2022-01-06 11:35:53.376562 | GENERATION: 107 | ERRORS: best=35, median=53.0, diversity=0.54 | INDIVIDUALS: n=200, avg_genome_length=108.11 | VIRUSES: gene_rate=0.000
2022-01-06 11:36:06.006079 | GENERATION: 108 | ERRORS: best=35, median=53.0, diversity=0.605 | INDIVIDUALS: n=200, avg_genome_length=103.855 | VIRUSES: gene_rate=0.000
2022-01-06 11:36:18.405822 | GENERATION: 109 | ERRORS: best=37, median=54.5, diversity=0.54 | INDIVIDUALS: n=200, avg_genome_length=112.1 | VIRUSES: gene_rate=0.000
2022-01-06 11:36:34.763512 | GENERATION: 110 | ERRORS: best=35, median=54.0, diversity=0.6 | INDIVIDUALS: n=200, avg_genome_length=104.285 | VIRUSES: gene_rate=0.000
2022-01-06 11:36:46.550927 | GENERATION: 111 | ERRORS: best=35, median=55.0, diversity=0.555 | INDIVIDUALS: n=200, avg_genome_length=102.725 | VIRUSES: gene_rate=0.000
2022-01-06 11:36:59.806612 | GENERATION: 112 | ERRORS: best=35, median=54.0, diversity=0.54 | INDIVIDUALS: n=200, avg_genome_length=96.41 | VIRUSES: gene_rate=0.000
2022-01-06 11:37:12.510459 | GENERATION: 113 | ERRORS: best=35, median=55.0, diversity=0.565 | INDIVIDUALS: n=200, avg_genome_length=99.865 | VIRUSES: gene_rate=0.000
2022-01-06 11:37:25.195870 | GENERATION: 114 | ERRORS: best=36, median=53.0, diversity=0.58 | INDIVIDUALS: n=200, avg_genome_length=91.2 | VIRUSES: gene_rate=0.000
2022-01-06 11:37:40.585472 | GENERATION: 115 | ERRORS: best=37, median=55.0, diversity=0.605 | INDIVIDUALS: n=200, avg_genome_length=89.69 | VIRUSES: gene_rate=0.000
2022-01-06 11:37:55.825585 | GENERATION: 116 | ERRORS: best=37, median=52.0, diversity=0.55 | INDIVIDUALS: n=200, avg_genome_length=95.335 | VIRUSES: gene_rate=0.000
2022-01-06 11:38:12.817862 | GENERATION: 117 | ERRORS: best=37, median=55.0, diversity=0.575 | INDIVIDUALS: n=200, avg_genome_length=94.19 | VIRUSES: gene_rate=0.000
2022-01-06 11:38:31.245139 | GENERATION: 118 | ERRORS: best=36, median=54.0, diversity=0.63 | INDIVIDUALS: n=200, avg_genome_length=96.97 | VIRUSES: gene_rate=0.000
2022-01-06 11:38:47.119206 | GENERATION: 119 | ERRORS: best=36, median=53.5, diversity=0.62 | INDIVIDUALS: n=200, avg_genome_length=94.5 | VIRUSES: gene_rate=0.000
2022-01-06 11:39:03.194105 | GENERATION: 120 | ERRORS: best=34, median=55.0, diversity=0.575 | INDIVIDUALS: n=200, avg_genome_length=92.72 | VIRUSES: gene_rate=0.000
2022-01-06 11:39:23.862254 | GENERATION: 121 | ERRORS: best=34, median=54.0, diversity=0.69 | INDIVIDUALS: n=200, avg_genome_length=93.195 | VIRUSES: gene_rate=0.000
2022-01-06 11:39:41.795313 | GENERATION: 122 | ERRORS: best=34, median=50.0, diversity=0.71 | INDIVIDUALS: n=200, avg_genome_length=92.295 | VIRUSES: gene_rate=0.000
2022-01-06 11:39:59.307675 | GENERATION: 123 | ERRORS: best=34, median=55.0, diversity=0.66 | INDIVIDUALS: n=200, avg_genome_length=95.065 | VIRUSES: gene_rate=0.000
2022-01-06 11:40:16.266429 | GENERATION: 124 | ERRORS: best=35, median=55.0, diversity=0.655 | INDIVIDUALS: n=200, avg_genome_length=95.355 | VIRUSES: gene_rate=0.000
2022-01-06 11:40:34.024534 | GENERATION: 125 | ERRORS: best=35, median=54.0, diversity=0.605 | INDIVIDUALS: n=200, avg_genome_length=95.7 | VIRUSES: gene_rate=0.000
2022-01-06 11:40:52.084501 | GENERATION: 126 | ERRORS: best=35, median=52.5, diversity=0.695 | INDIVIDUALS: n=200, avg_genome_length=90.505 | VIRUSES: gene_rate=0.000
2022-01-06 11:41:09.487095 | GENERATION: 127 | ERRORS: best=33, median=53.0, diversity=0.675 | INDIVIDUALS: n=200, avg_genome_length=87.705 | VIRUSES: gene_rate=0.000
2022-01-06 11:41:28.600871 | GENERATION: 128 | ERRORS: best=35, median=55.0, diversity=0.66 | INDIVIDUALS: n=200, avg_genome_length=87.985 | VIRUSES: gene_rate=0.000
2022-01-06 11:41:46.055771 | GENERATION: 129 | ERRORS: best=34, median=55.0, diversity=0.605 | INDIVIDUALS: n=200, avg_genome_length=87.915 | VIRUSES: gene_rate=0.000
2022-01-06 11:42:03.024191 | GENERATION: 130 | ERRORS: best=34, median=52.5, diversity=0.66 | INDIVIDUALS: n=200, avg_genome_length=87.19 | VIRUSES: gene_rate=0.000
2022-01-06 11:42:30.273090 | GENERATION: 131 | ERRORS: best=34, median=54.0, diversity=0.635 | INDIVIDUALS: n=200, avg_genome_length=86.745 | VIRUSES: gene_rate=0.000
2022-01-06 11:42:49.214076 | GENERATION: 132 | ERRORS: best=34, median=50.0, diversity=0.66 | INDIVIDUALS: n=200, avg_genome_length=89.41 | VIRUSES: gene_rate=0.000
2022-01-06 11:43:04.750122 | GENERATION: 133 | ERRORS: best=35, median=53.0, diversity=0.595 | INDIVIDUALS: n=200, avg_genome_length=85.54 | VIRUSES: gene_rate=0.000
2022-01-06 11:43:19.436227 | GENERATION: 134 | ERRORS: best=35, median=51.0, diversity=0.605 | INDIVIDUALS: n=200, avg_genome_length=80.795 | VIRUSES: gene_rate=0.000
2022-01-06 11:43:42.637375 | GENERATION: 135 | ERRORS: best=34, median=49.5, diversity=0.625 | INDIVIDUALS: n=200, avg_genome_length=78.95 | VIRUSES: gene_rate=0.000
2022-01-06 11:43:59.676605 | GENERATION: 136 | ERRORS: best=34, median=49.0, diversity=0.665 | INDIVIDUALS: n=200, avg_genome_length=81.575 | VIRUSES: gene_rate=0.000
2022-01-06 11:44:15.850190 | GENERATION: 137 | ERRORS: best=34, median=50.0, diversity=0.715 | INDIVIDUALS: n=200, avg_genome_length=78.945 | VIRUSES: gene_rate=0.000
2022-01-06 11:44:32.353687 | GENERATION: 138 | ERRORS: best=35, median=51.0, diversity=0.68 | INDIVIDUALS: n=200, avg_genome_length=77.435 | VIRUSES: gene_rate=0.000
2022-01-06 11:44:47.531501 | GENERATION: 139 | ERRORS: best=35, median=53.0, diversity=0.635 | INDIVIDUALS: n=200, avg_genome_length=80.57 | VIRUSES: gene_rate=0.000
2022-01-06 11:45:10.001142 | GENERATION: 140 | ERRORS: best=34, median=55.0, diversity=0.64 | INDIVIDUALS: n=200, avg_genome_length=81.185 | VIRUSES: gene_rate=0.000
2022-01-06 11:45:29.714168 | GENERATION: 141 | ERRORS: best=36, median=55.0, diversity=0.64 | INDIVIDUALS: n=200, avg_genome_length=76.365 | VIRUSES: gene_rate=0.000
2022-01-06 11:45:47.696456 | GENERATION: 142 | ERRORS: best=36, median=50.5, diversity=0.6 | INDIVIDUALS: n=200, avg_genome_length=78.04 | VIRUSES: gene_rate=0.000
2022-01-06 11:46:09.024434 | GENERATION: 143 | ERRORS: best=35, median=55.0, diversity=0.625 | INDIVIDUALS: n=200, avg_genome_length=78.35 | VIRUSES: gene_rate=0.000
2022-01-06 11:46:24.500855 | GENERATION: 144 | ERRORS: best=34, median=53.0, diversity=0.66 | INDIVIDUALS: n=200, avg_genome_length=81.56 | VIRUSES: gene_rate=0.000
2022-01-06 11:46:39.148187 | GENERATION: 145 | ERRORS: best=33, median=54.0, diversity=0.69 | INDIVIDUALS: n=200, avg_genome_length=81.905 | VIRUSES: gene_rate=0.000
2022-01-06 11:46:54.732989 | GENERATION: 146 | ERRORS: best=33, median=54.0, diversity=0.605 | INDIVIDUALS: n=200, avg_genome_length=84.93 | VIRUSES: gene_rate=0.000
2022-01-06 11:47:08.605817 | GENERATION: 147 | ERRORS: best=34, median=55.0, diversity=0.59 | INDIVIDUALS: n=200, avg_genome_length=80.04 | VIRUSES: gene_rate=0.000
2022-01-06 11:47:22.543151 | GENERATION: 148 | ERRORS: best=34, median=51.5, diversity=0.635 | INDIVIDUALS: n=200, avg_genome_length=77.185 | VIRUSES: gene_rate=0.000
2022-01-06 11:47:38.426154 | GENERATION: 149 | ERRORS: best=34, median=52.5, diversity=0.665 | INDIVIDUALS: n=200, avg_genome_length=76.47 | VIRUSES: gene_rate=0.000
2022-01-06 11:47:54.757849 | GENERATION: 150 | ERRORS: best=34, median=49.0, diversity=0.62 | INDIVIDUALS: n=200, avg_genome_length=77.3 | VIRUSES: gene_rate=0.000
2022-01-06 11:48:08.730578 | GENERATION: 151 | ERRORS: best=35, median=54.0, diversity=0.59 | INDIVIDUALS: n=200, avg_genome_length=75.36 | VIRUSES: gene_rate=0.000
2022-01-06 11:48:26.531249 | GENERATION: 152 | ERRORS: best=34, median=52.0, diversity=0.605 | INDIVIDUALS: n=200, avg_genome_length=68.945 | VIRUSES: gene_rate=0.000
2022-01-06 11:48:39.827405 | GENERATION: 153 | ERRORS: best=34, median=47.0, diversity=0.625 | INDIVIDUALS: n=200, avg_genome_length=66.26 | VIRUSES: gene_rate=0.000
2022-01-06 11:48:52.929434 | GENERATION: 154 | ERRORS: best=34, median=48.5, diversity=0.67 | INDIVIDUALS: n=200, avg_genome_length=62.16 | VIRUSES: gene_rate=0.000
2022-01-06 11:49:05.284115 | GENERATION: 155 | ERRORS: best=34, median=52.0, diversity=0.665 | INDIVIDUALS: n=200, avg_genome_length=57.265 | VIRUSES: gene_rate=0.000
2022-01-06 11:49:17.397657 | GENERATION: 156 | ERRORS: best=35, median=49.0, diversity=0.7 | INDIVIDUALS: n=200, avg_genome_length=59.27 | VIRUSES: gene_rate=0.000
2022-01-06 11:49:29.360968 | GENERATION: 157 | ERRORS: best=35, median=49.5, diversity=0.64 | INDIVIDUALS: n=200, avg_genome_length=58.715 | VIRUSES: gene_rate=0.000
2022-01-06 11:49:41.550664 | GENERATION: 158 | ERRORS: best=34, median=52.0, diversity=0.62 | INDIVIDUALS: n=200, avg_genome_length=60.36 | VIRUSES: gene_rate=0.000
2022-01-06 11:49:54.676327 | GENERATION: 159 | ERRORS: best=36, median=49.0, diversity=0.635 | INDIVIDUALS: n=200, avg_genome_length=66.73 | VIRUSES: gene_rate=0.000
2022-01-06 11:50:06.060951 | GENERATION: 160 | ERRORS: best=35, median=50.0, diversity=0.595 | INDIVIDUALS: n=200, avg_genome_length=65.785 | VIRUSES: gene_rate=0.000
2022-01-06 11:50:17.774835 | GENERATION: 161 | ERRORS: best=34, median=52.0, diversity=0.625 | INDIVIDUALS: n=200, avg_genome_length=68.05 | VIRUSES: gene_rate=0.000
2022-01-06 11:50:29.917873 | GENERATION: 162 | ERRORS: best=34, median=51.0, diversity=0.68 | INDIVIDUALS: n=200, avg_genome_length=69.575 | VIRUSES: gene_rate=0.000
2022-01-06 11:50:41.120740 | GENERATION: 163 | ERRORS: best=34, median=50.0, diversity=0.565 | INDIVIDUALS: n=200, avg_genome_length=65.33 | VIRUSES: gene_rate=0.000
2022-01-06 11:50:54.070310 | GENERATION: 164 | ERRORS: best=34, median=50.0, diversity=0.64 | INDIVIDUALS: n=200, avg_genome_length=70.555 | VIRUSES: gene_rate=0.000
2022-01-06 11:51:06.558470 | GENERATION: 165 | ERRORS: best=35, median=52.0, diversity=0.66 | INDIVIDUALS: n=200, avg_genome_length=69.6 | VIRUSES: gene_rate=0.000
2022-01-06 11:51:17.772048 | GENERATION: 166 | ERRORS: best=36, median=55.0, diversity=0.565 | INDIVIDUALS: n=200, avg_genome_length=73.355 | VIRUSES: gene_rate=0.000
2022-01-06 11:51:30.688915 | GENERATION: 167 | ERRORS: best=35, median=54.5, diversity=0.57 | INDIVIDUALS: n=200, avg_genome_length=74.07 | VIRUSES: gene_rate=0.000
2022-01-06 11:51:42.374527 | GENERATION: 168 | ERRORS: best=36, median=55.0, diversity=0.615 | INDIVIDUALS: n=200, avg_genome_length=76.505 | VIRUSES: gene_rate=0.000
2022-01-06 11:51:56.152310 | GENERATION: 169 | ERRORS: best=35, median=54.5, diversity=0.635 | INDIVIDUALS: n=200, avg_genome_length=81.51 | VIRUSES: gene_rate=0.000
2022-01-06 11:52:09.846205 | GENERATION: 170 | ERRORS: best=36, median=55.0, diversity=0.565 | INDIVIDUALS: n=200, avg_genome_length=88.82 | VIRUSES: gene_rate=0.000
2022-01-06 11:52:22.894223 | GENERATION: 171 | ERRORS: best=33, median=55.0, diversity=0.635 | INDIVIDUALS: n=200, avg_genome_length=84.53 | VIRUSES: gene_rate=0.000
2022-01-06 11:52:35.763527 | GENERATION: 172 | ERRORS: best=33, median=55.0, diversity=0.575 | INDIVIDUALS: n=200, avg_genome_length=87.485 | VIRUSES: gene_rate=0.000
2022-01-06 11:52:48.591300 | GENERATION: 173 | ERRORS: best=33, median=55.0, diversity=0.56 | INDIVIDUALS: n=200, avg_genome_length=95.395 | VIRUSES: gene_rate=0.000
2022-01-06 11:52:59.455246 | GENERATION: 174 | ERRORS: best=33, median=55.0, diversity=0.54 | INDIVIDUALS: n=200, avg_genome_length=89.665 | VIRUSES: gene_rate=0.000
2022-01-06 11:53:12.361715 | GENERATION: 175 | ERRORS: best=33, median=55.0, diversity=0.49 | INDIVIDUALS: n=200, avg_genome_length=87.005 | VIRUSES: gene_rate=0.000
2022-01-06 11:53:26.216797 | GENERATION: 176 | ERRORS: best=35, median=55.0, diversity=0.515 | INDIVIDUALS: n=200, avg_genome_length=82.825 | VIRUSES: gene_rate=0.000
2022-01-06 11:53:37.116874 | GENERATION: 177 | ERRORS: best=33, median=55.0, diversity=0.56 | INDIVIDUALS: n=200, avg_genome_length=83.005 | VIRUSES: gene_rate=0.000
2022-01-06 11:53:48.873708 | GENERATION: 178 | ERRORS: best=33, median=55.0, diversity=0.485 | INDIVIDUALS: n=200, avg_genome_length=83.925 | VIRUSES: gene_rate=0.000
2022-01-06 11:53:59.912197 | GENERATION: 179 | ERRORS: best=33, median=54.0, diversity=0.515 | INDIVIDUALS: n=200, avg_genome_length=87.025 | VIRUSES: gene_rate=0.000
2022-01-06 11:54:14.094449 | GENERATION: 180 | ERRORS: best=33, median=52.0, diversity=0.59 | INDIVIDUALS: n=200, avg_genome_length=84.07 | VIRUSES: gene_rate=0.000
2022-01-06 11:54:25.685100 | GENERATION: 181 | ERRORS: best=33, median=50.5, diversity=0.505 | INDIVIDUALS: n=200, avg_genome_length=80.86 | VIRUSES: gene_rate=0.000
2022-01-06 11:54:37.775216 | GENERATION: 182 | ERRORS: best=33, median=49.0, diversity=0.505 | INDIVIDUALS: n=200, avg_genome_length=79.57 | VIRUSES: gene_rate=0.000
2022-01-06 11:54:52.240685 | GENERATION: 183 | ERRORS: best=33, median=50.0, diversity=0.515 | INDIVIDUALS: n=200, avg_genome_length=79.665 | VIRUSES: gene_rate=0.000
2022-01-06 11:55:05.981420 | GENERATION: 184 | ERRORS: best=33, median=52.0, diversity=0.57 | INDIVIDUALS: n=200, avg_genome_length=70.495 | VIRUSES: gene_rate=0.000
2022-01-06 11:55:17.329240 | GENERATION: 185 | ERRORS: best=32, median=50.0, diversity=0.54 | INDIVIDUALS: n=200, avg_genome_length=56.465 | VIRUSES: gene_rate=0.000
2022-01-06 11:55:26.499661 | GENERATION: 186 | ERRORS: best=32, median=53.0, diversity=0.505 | INDIVIDUALS: n=200, avg_genome_length=50.23 | VIRUSES: gene_rate=0.000
2022-01-06 11:55:36.259913 | GENERATION: 187 | ERRORS: best=32, median=49.0, diversity=0.52 | INDIVIDUALS: n=200, avg_genome_length=47.4 | VIRUSES: gene_rate=0.000
2022-01-06 11:55:47.006517 | GENERATION: 188 | ERRORS: best=32, median=50.0, diversity=0.51 | INDIVIDUALS: n=200, avg_genome_length=47.985 | VIRUSES: gene_rate=0.000
2022-01-06 11:55:56.994483 | GENERATION: 189 | ERRORS: best=32, median=49.0, diversity=0.54 | INDIVIDUALS: n=200, avg_genome_length=50.475 | VIRUSES: gene_rate=0.000
2022-01-06 11:56:06.562143 | GENERATION: 190 | ERRORS: best=32, median=52.0, diversity=0.575 | INDIVIDUALS: n=200, avg_genome_length=48.785 | VIRUSES: gene_rate=0.000
2022-01-06 11:56:18.274450 | GENERATION: 191 | ERRORS: best=32, median=49.5, diversity=0.535 | INDIVIDUALS: n=200, avg_genome_length=47.14 | VIRUSES: gene_rate=0.000
2022-01-06 11:56:27.338435 | GENERATION: 192 | ERRORS: best=31, median=49.0, diversity=0.52 | INDIVIDUALS: n=200, avg_genome_length=53.345 | VIRUSES: gene_rate=0.000
2022-01-06 11:56:35.842443 | GENERATION: 193 | ERRORS: best=31, median=47.0, diversity=0.56 | INDIVIDUALS: n=200, avg_genome_length=49.95 | VIRUSES: gene_rate=0.000
2022-01-06 11:56:43.007283 | GENERATION: 194 | ERRORS: best=31, median=50.0, diversity=0.495 | INDIVIDUALS: n=200, avg_genome_length=49.26 | VIRUSES: gene_rate=0.000
2022-01-06 11:56:50.850081 | GENERATION: 195 | ERRORS: best=32, median=52.0, diversity=0.515 | INDIVIDUALS: n=200, avg_genome_length=47.53 | VIRUSES: gene_rate=0.000
2022-01-06 11:56:59.971448 | GENERATION: 196 | ERRORS: best=32, median=50.0, diversity=0.6 | INDIVIDUALS: n=200, avg_genome_length=46.345 | VIRUSES: gene_rate=0.000
2022-01-06 11:57:09.878919 | GENERATION: 197 | ERRORS: best=33, median=50.0, diversity=0.62 | INDIVIDUALS: n=200, avg_genome_length=45.19 | VIRUSES: gene_rate=0.000
2022-01-06 11:57:19.794396 | GENERATION: 198 | ERRORS: best=32, median=50.0, diversity=0.615 | INDIVIDUALS: n=200, avg_genome_length=43.71 | VIRUSES: gene_rate=0.000
2022-01-06 11:57:29.951217 | GENERATION: 199 | ERRORS: best=31, median=47.0, diversity=0.645 | INDIVIDUALS: n=200, avg_genome_length=46.575 | VIRUSES: gene_rate=0.000
2022-01-06 11:57:38.896215 | GENERATION: 200 | ERRORS: best=32, median=45.0, diversity=0.545 | INDIVIDUALS: n=200, avg_genome_length=47.37 | VIRUSES: gene_rate=0.000
2022-01-06 11:57:48.133328 | GENERATION: 201 | ERRORS: best=31, median=45.0, diversity=0.595 | INDIVIDUALS: n=200, avg_genome_length=50.99 | VIRUSES: gene_rate=0.000
2022-01-06 11:57:56.870692 | GENERATION: 202 | ERRORS: best=31, median=45.0, diversity=0.565 | INDIVIDUALS: n=200, avg_genome_length=53.445 | VIRUSES: gene_rate=0.000
2022-01-06 11:58:05.151609 | GENERATION: 203 | ERRORS: best=30, median=47.5, diversity=0.6 | INDIVIDUALS: n=200, avg_genome_length=54.505 | VIRUSES: gene_rate=0.000
2022-01-06 11:58:11.996019 | GENERATION: 204 | ERRORS: best=33, median=46.0, diversity=0.545 | INDIVIDUALS: n=200, avg_genome_length=53.535 | VIRUSES: gene_rate=0.000
2022-01-06 11:58:19.670477 | GENERATION: 205 | ERRORS: best=33, median=46.5, diversity=0.56 | INDIVIDUALS: n=200, avg_genome_length=58.265 | VIRUSES: gene_rate=0.000
2022-01-06 11:58:27.482086 | GENERATION: 206 | ERRORS: best=31, median=46.0, diversity=0.5 | INDIVIDUALS: n=200, avg_genome_length=59.715 | VIRUSES: gene_rate=0.000
2022-01-06 11:58:35.123993 | GENERATION: 207 | ERRORS: best=29, median=47.0, diversity=0.515 | INDIVIDUALS: n=200, avg_genome_length=60.53 | VIRUSES: gene_rate=0.000
2022-01-06 11:58:42.672800 | GENERATION: 208 | ERRORS: best=29, median=45.0, diversity=0.51 | INDIVIDUALS: n=200, avg_genome_length=70.34 | VIRUSES: gene_rate=0.000
2022-01-06 11:58:50.829434 | GENERATION: 209 | ERRORS: best=29, median=45.0, diversity=0.535 | INDIVIDUALS: n=200, avg_genome_length=69.98 | VIRUSES: gene_rate=0.000
2022-01-06 11:58:58.825337 | GENERATION: 210 | ERRORS: best=29, median=45.0, diversity=0.48 | INDIVIDUALS: n=200, avg_genome_length=69.88 | VIRUSES: gene_rate=0.000
2022-01-06 11:59:05.505427 | GENERATION: 211 | ERRORS: best=29, median=45.0, diversity=0.42 | INDIVIDUALS: n=200, avg_genome_length=76.31 | VIRUSES: gene_rate=0.000
2022-01-06 11:59:12.512743 | GENERATION: 212 | ERRORS: best=29, median=46.0, diversity=0.415 | INDIVIDUALS: n=200, avg_genome_length=79.595 | VIRUSES: gene_rate=0.000
2022-01-06 11:59:21.207904 | GENERATION: 213 | ERRORS: best=27, median=46.0, diversity=0.46 | INDIVIDUALS: n=200, avg_genome_length=81.095 | VIRUSES: gene_rate=0.000
2022-01-06 11:59:28.545123 | GENERATION: 214 | ERRORS: best=27, median=45.0, diversity=0.415 | INDIVIDUALS: n=200, avg_genome_length=86.055 | VIRUSES: gene_rate=0.000
2022-01-06 11:59:36.238675 | GENERATION: 215 | ERRORS: best=27, median=45.0, diversity=0.39 | INDIVIDUALS: n=200, avg_genome_length=90.86 | VIRUSES: gene_rate=0.000
2022-01-06 11:59:44.063919 | GENERATION: 216 | ERRORS: best=27, median=46.0, diversity=0.44 | INDIVIDUALS: n=200, avg_genome_length=82.965 | VIRUSES: gene_rate=0.000
2022-01-06 11:59:52.241049 | GENERATION: 217 | ERRORS: best=27, median=45.0, diversity=0.45 | INDIVIDUALS: n=200, avg_genome_length=78.595 | VIRUSES: gene_rate=0.000
2022-01-06 11:59:58.652343 | GENERATION: 218 | ERRORS: best=27, median=45.0, diversity=0.45 | INDIVIDUALS: n=200, avg_genome_length=79.97 | VIRUSES: gene_rate=0.000
2022-01-06 12:00:05.662980 | GENERATION: 219 | ERRORS: best=27, median=46.0, diversity=0.39 | INDIVIDUALS: n=200, avg_genome_length=83.04 | VIRUSES: gene_rate=0.000
2022-01-06 12:00:12.780544 | GENERATION: 220 | ERRORS: best=27, median=45.0, diversity=0.385 | INDIVIDUALS: n=200, avg_genome_length=80.425 | VIRUSES: gene_rate=0.000
2022-01-06 12:00:19.825749 | GENERATION: 221 | ERRORS: best=27, median=45.0, diversity=0.38 | INDIVIDUALS: n=200, avg_genome_length=77.73 | VIRUSES: gene_rate=0.000
2022-01-06 12:00:26.381857 | GENERATION: 222 | ERRORS: best=27, median=48.0, diversity=0.425 | INDIVIDUALS: n=200, avg_genome_length=77.08 | VIRUSES: gene_rate=0.000
2022-01-06 12:00:32.642735 | GENERATION: 223 | ERRORS: best=27, median=45.0, diversity=0.39 | INDIVIDUALS: n=200, avg_genome_length=83.925 | VIRUSES: gene_rate=0.000
2022-01-06 12:00:38.593781 | GENERATION: 224 | ERRORS: best=27, median=45.0, diversity=0.36 | INDIVIDUALS: n=200, avg_genome_length=91.71 | VIRUSES: gene_rate=0.000
2022-01-06 12:00:45.358350 | GENERATION: 225 | ERRORS: best=27, median=45.0, diversity=0.38 | INDIVIDUALS: n=200, avg_genome_length=86.02 | VIRUSES: gene_rate=0.000
2022-01-06 12:00:51.083723 | GENERATION: 226 | ERRORS: best=27, median=45.0, diversity=0.44 | INDIVIDUALS: n=200, avg_genome_length=87.715 | VIRUSES: gene_rate=0.000
2022-01-06 12:00:56.858132 | GENERATION: 227 | ERRORS: best=27, median=45.0, diversity=0.39 | INDIVIDUALS: n=200, avg_genome_length=92.16 | VIRUSES: gene_rate=0.000
2022-01-06 12:01:02.670902 | GENERATION: 228 | ERRORS: best=27, median=45.0, diversity=0.445 | INDIVIDUALS: n=200, avg_genome_length=87.54 | VIRUSES: gene_rate=0.000
2022-01-06 12:01:09.275452 | GENERATION: 229 | ERRORS: best=27, median=45.0, diversity=0.42 | INDIVIDUALS: n=200, avg_genome_length=86.61 | VIRUSES: gene_rate=0.000
2022-01-06 12:01:15.864007 | GENERATION: 230 | ERRORS: best=27, median=53.0, diversity=0.42 | INDIVIDUALS: n=200, avg_genome_length=85.82 | VIRUSES: gene_rate=0.000
2022-01-06 12:01:22.219090 | GENERATION: 231 | ERRORS: best=27, median=45.0, diversity=0.37 | INDIVIDUALS: n=200, avg_genome_length=90.19 | VIRUSES: gene_rate=0.000
2022-01-06 12:01:28.412617 | GENERATION: 232 | ERRORS: best=27, median=45.0, diversity=0.36 | INDIVIDUALS: n=200, avg_genome_length=98.64 | VIRUSES: gene_rate=0.000
2022-01-06 12:01:34.385663 | GENERATION: 233 | ERRORS: best=27, median=45.0, diversity=0.34 | INDIVIDUALS: n=200, avg_genome_length=93.21 | VIRUSES: gene_rate=0.000
2022-01-06 12:01:40.146266 | GENERATION: 234 | ERRORS: best=27, median=45.0, diversity=0.37 | INDIVIDUALS: n=200, avg_genome_length=95.975 | VIRUSES: gene_rate=0.000
2022-01-06 12:01:46.351297 | GENERATION: 235 | ERRORS: best=27, median=45.0, diversity=0.38 | INDIVIDUALS: n=200, avg_genome_length=90.735 | VIRUSES: gene_rate=0.000
2022-01-06 12:01:52.811743 | GENERATION: 236 | ERRORS: best=27, median=45.0, diversity=0.44 | INDIVIDUALS: n=200, avg_genome_length=87.635 | VIRUSES: gene_rate=0.000
2022-01-06 12:01:58.784578 | GENERATION: 237 | ERRORS: best=27, median=45.0, diversity=0.38 | INDIVIDUALS: n=200, avg_genome_length=95.29 | VIRUSES: gene_rate=0.000
2022-01-06 12:02:04.051032 | GENERATION: 238 | ERRORS: best=27, median=45.0, diversity=0.385 | INDIVIDUALS: n=200, avg_genome_length=96.095 | VIRUSES: gene_rate=0.000
2022-01-06 12:02:10.748320 | GENERATION: 239 | ERRORS: best=27, median=45.0, diversity=0.455 | INDIVIDUALS: n=200, avg_genome_length=98.22 | VIRUSES: gene_rate=0.000
2022-01-06 12:02:15.962528 | GENERATION: 240 | ERRORS: best=27, median=45.0, diversity=0.43 | INDIVIDUALS: n=200, avg_genome_length=101.475 | VIRUSES: gene_rate=0.000
2022-01-06 12:02:22.136459 | GENERATION: 241 | ERRORS: best=27, median=45.0, diversity=0.43 | INDIVIDUALS: n=200, avg_genome_length=102.68 | VIRUSES: gene_rate=0.000
2022-01-06 12:02:27.897674 | GENERATION: 242 | ERRORS: best=27, median=46.0, diversity=0.43 | INDIVIDUALS: n=200, avg_genome_length=95.52 | VIRUSES: gene_rate=0.000
2022-01-06 12:02:33.145126 | GENERATION: 243 | ERRORS: best=27, median=45.0, diversity=0.39 | INDIVIDUALS: n=200, avg_genome_length=91.76 | VIRUSES: gene_rate=0.000
2022-01-06 12:02:37.966458 | GENERATION: 244 | ERRORS: best=27, median=45.0, diversity=0.425 | INDIVIDUALS: n=200, avg_genome_length=92.915 | VIRUSES: gene_rate=0.000
2022-01-06 12:02:43.776884 | GENERATION: 245 | ERRORS: best=27, median=45.0, diversity=0.435 | INDIVIDUALS: n=200, avg_genome_length=96.935 | VIRUSES: gene_rate=0.000
2022-01-06 12:02:52.573672 | GENERATION: 246 | ERRORS: best=27, median=45.0, diversity=0.405 | INDIVIDUALS: n=200, avg_genome_length=92.605 | VIRUSES: gene_rate=0.000
2022-01-06 12:02:58.651934 | GENERATION: 247 | ERRORS: best=27, median=45.0, diversity=0.425 | INDIVIDUALS: n=200, avg_genome_length=91.605 | VIRUSES: gene_rate=0.000
2022-01-06 12:03:04.791349 | GENERATION: 248 | ERRORS: best=25, median=45.0, diversity=0.415 | INDIVIDUALS: n=200, avg_genome_length=89.15 | VIRUSES: gene_rate=0.000
2022-01-06 12:03:09.854345 | GENERATION: 249 | ERRORS: best=25, median=45.0, diversity=0.41 | INDIVIDUALS: n=200, avg_genome_length=87.41 | VIRUSES: gene_rate=0.000
2022-01-06 12:03:15.321188 | GENERATION: 250 | ERRORS: best=25, median=45.0, diversity=0.425 | INDIVIDUALS: n=200, avg_genome_length=88.725 | VIRUSES: gene_rate=0.000
2022-01-06 12:03:20.462997 | GENERATION: 251 | ERRORS: best=25, median=45.0, diversity=0.4 | INDIVIDUALS: n=200, avg_genome_length=87.93 | VIRUSES: gene_rate=0.000
2022-01-06 12:03:25.633996 | GENERATION: 252 | ERRORS: best=27, median=45.0, diversity=0.395 | INDIVIDUALS: n=200, avg_genome_length=83.6 | VIRUSES: gene_rate=0.000
2022-01-06 12:03:31.252313 | GENERATION: 253 | ERRORS: best=27, median=45.0, diversity=0.41 | INDIVIDUALS: n=200, avg_genome_length=82.905 | VIRUSES: gene_rate=0.000
2022-01-06 12:03:37.947828 | GENERATION: 254 | ERRORS: best=27, median=45.0, diversity=0.445 | INDIVIDUALS: n=200, avg_genome_length=83.175 | VIRUSES: gene_rate=0.000
2022-01-06 12:03:44.068209 | GENERATION: 255 | ERRORS: best=27, median=45.0, diversity=0.435 | INDIVIDUALS: n=200, avg_genome_length=80.95 | VIRUSES: gene_rate=0.000
2022-01-06 12:03:50.027020 | GENERATION: 256 | ERRORS: best=25, median=45.0, diversity=0.365 | INDIVIDUALS: n=200, avg_genome_length=83.345 | VIRUSES: gene_rate=0.000
2022-01-06 12:03:58.389095 | GENERATION: 257 | ERRORS: best=25, median=45.0, diversity=0.385 | INDIVIDUALS: n=200, avg_genome_length=78.015 | VIRUSES: gene_rate=0.000
2022-01-06 12:04:05.182897 | GENERATION: 258 | ERRORS: best=25, median=45.0, diversity=0.48 | INDIVIDUALS: n=200, avg_genome_length=86.98 | VIRUSES: gene_rate=0.000
2022-01-06 12:04:11.839800 | GENERATION: 259 | ERRORS: best=23, median=45.0, diversity=0.48 | INDIVIDUALS: n=200, avg_genome_length=86.195 | VIRUSES: gene_rate=0.000
2022-01-06 12:04:18.801105 | GENERATION: 260 | ERRORS: best=23, median=45.0, diversity=0.465 | INDIVIDUALS: n=200, avg_genome_length=82.1 | VIRUSES: gene_rate=0.000
2022-01-06 12:04:25.380945 | GENERATION: 261 | ERRORS: best=23, median=45.0, diversity=0.45 | INDIVIDUALS: n=200, avg_genome_length=84.73 | VIRUSES: gene_rate=0.000
2022-01-06 12:04:32.140494 | GENERATION: 262 | ERRORS: best=23, median=45.0, diversity=0.44 | INDIVIDUALS: n=200, avg_genome_length=80.435 | VIRUSES: gene_rate=0.000
2022-01-06 12:04:39.430015 | GENERATION: 263 | ERRORS: best=28, median=45.0, diversity=0.44 | INDIVIDUALS: n=200, avg_genome_length=79.75 | VIRUSES: gene_rate=0.000
2022-01-06 12:04:47.124184 | GENERATION: 264 | ERRORS: best=28, median=45.0, diversity=0.455 | INDIVIDUALS: n=200, avg_genome_length=87.86 | VIRUSES: gene_rate=0.000
2022-01-06 12:04:53.960575 | GENERATION: 265 | ERRORS: best=28, median=45.0, diversity=0.385 | INDIVIDUALS: n=200, avg_genome_length=80.355 | VIRUSES: gene_rate=0.000
2022-01-06 12:05:01.103713 | GENERATION: 266 | ERRORS: best=28, median=45.0, diversity=0.365 | INDIVIDUALS: n=200, avg_genome_length=83.31 | VIRUSES: gene_rate=0.000
2022-01-06 12:05:08.577670 | GENERATION: 267 | ERRORS: best=28, median=45.0, diversity=0.405 | INDIVIDUALS: n=200, avg_genome_length=76.46 | VIRUSES: gene_rate=0.000
2022-01-06 12:05:17.091238 | GENERATION: 268 | ERRORS: best=28, median=45.0, diversity=0.445 | INDIVIDUALS: n=200, avg_genome_length=76.995 | VIRUSES: gene_rate=0.000
2022-01-06 12:05:24.835277 | GENERATION: 269 | ERRORS: best=26, median=45.0, diversity=0.43 | INDIVIDUALS: n=200, avg_genome_length=79.22 | VIRUSES: gene_rate=0.000
2022-01-06 12:05:32.552491 | GENERATION: 270 | ERRORS: best=26, median=45.0, diversity=0.43 | INDIVIDUALS: n=200, avg_genome_length=71.1 | VIRUSES: gene_rate=0.000
2022-01-06 12:05:40.988815 | GENERATION: 271 | ERRORS: best=26, median=45.0, diversity=0.475 | INDIVIDUALS: n=200, avg_genome_length=75.185 | VIRUSES: gene_rate=0.000
2022-01-06 12:05:48.785473 | GENERATION: 272 | ERRORS: best=27, median=45.0, diversity=0.46 | INDIVIDUALS: n=200, avg_genome_length=76.42 | VIRUSES: gene_rate=0.000
2022-01-06 12:05:56.203023 | GENERATION: 273 | ERRORS: best=26, median=45.0, diversity=0.39 | INDIVIDUALS: n=200, avg_genome_length=78.24 | VIRUSES: gene_rate=0.000
2022-01-06 12:06:05.187198 | GENERATION: 274 | ERRORS: best=26, median=45.0, diversity=0.435 | INDIVIDUALS: n=200, avg_genome_length=72.375 | VIRUSES: gene_rate=0.000
2022-01-06 12:06:13.165465 | GENERATION: 275 | ERRORS: best=27, median=45.0, diversity=0.44 | INDIVIDUALS: n=200, avg_genome_length=75.12 | VIRUSES: gene_rate=0.000
2022-01-06 12:06:20.865644 | GENERATION: 276 | ERRORS: best=28, median=45.0, diversity=0.45 | INDIVIDUALS: n=200, avg_genome_length=72.875 | VIRUSES: gene_rate=0.000
2022-01-06 12:06:28.996399 | GENERATION: 277 | ERRORS: best=28, median=45.0, diversity=0.44 | INDIVIDUALS: n=200, avg_genome_length=74.335 | VIRUSES: gene_rate=0.000
2022-01-06 12:06:38.253157 | GENERATION: 278 | ERRORS: best=28, median=45.0, diversity=0.385 | INDIVIDUALS: n=200, avg_genome_length=77.75 | VIRUSES: gene_rate=0.000
2022-01-06 12:06:46.626406 | GENERATION: 279 | ERRORS: best=29, median=47.5, diversity=0.485 | INDIVIDUALS: n=200, avg_genome_length=68.47 | VIRUSES: gene_rate=0.000
2022-01-06 12:06:54.465210 | GENERATION: 280 | ERRORS: best=29, median=46.0, diversity=0.475 | INDIVIDUALS: n=200, avg_genome_length=67.085 | VIRUSES: gene_rate=0.000
2022-01-06 12:07:04.160576 | GENERATION: 281 | ERRORS: best=29, median=45.0, diversity=0.505 | INDIVIDUALS: n=200, avg_genome_length=68.645 | VIRUSES: gene_rate=0.000
2022-01-06 12:07:13.263035 | GENERATION: 282 | ERRORS: best=29, median=45.0, diversity=0.51 | INDIVIDUALS: n=200, avg_genome_length=72.065 | VIRUSES: gene_rate=0.000
2022-01-06 12:07:22.920495 | GENERATION: 283 | ERRORS: best=30, median=46.0, diversity=0.5 | INDIVIDUALS: n=200, avg_genome_length=69.915 | VIRUSES: gene_rate=0.000
2022-01-06 12:07:30.398267 | GENERATION: 284 | ERRORS: best=32, median=49.0, diversity=0.4 | INDIVIDUALS: n=200, avg_genome_length=74.255 | VIRUSES: gene_rate=0.000
2022-01-06 12:07:37.658839 | GENERATION: 285 | ERRORS: best=17, median=49.0, diversity=0.43 | INDIVIDUALS: n=200, avg_genome_length=79.275 | VIRUSES: gene_rate=0.000
2022-01-06 12:07:44.293910 | GENERATION: 286 | ERRORS: best=17, median=48.0, diversity=0.365 | INDIVIDUALS: n=200, avg_genome_length=89.52 | VIRUSES: gene_rate=0.000
2022-01-06 12:07:52.405437 | GENERATION: 287 | ERRORS: best=17, median=45.0, diversity=0.345 | INDIVIDUALS: n=200, avg_genome_length=92.545 | VIRUSES: gene_rate=0.000
2022-01-06 12:07:58.829204 | GENERATION: 288 | ERRORS: best=17, median=45.0, diversity=0.34 | INDIVIDUALS: n=200, avg_genome_length=93.005 | VIRUSES: gene_rate=0.000
2022-01-06 12:08:05.436402 | GENERATION: 289 | ERRORS: best=17, median=45.0, diversity=0.315 | INDIVIDUALS: n=200, avg_genome_length=94.325 | VIRUSES: gene_rate=0.000
2022-01-06 12:08:13.994337 | GENERATION: 290 | ERRORS: best=17, median=45.0, diversity=0.355 | INDIVIDUALS: n=200, avg_genome_length=98.99 | VIRUSES: gene_rate=0.000
2022-01-06 12:08:18.704788 | GENERATION: 291 | ERRORS: best=17, median=45.0, diversity=0.285 | INDIVIDUALS: n=200, avg_genome_length=95.63 | VIRUSES: gene_rate=0.000
2022-01-06 12:08:23.478691 | GENERATION: 292 | ERRORS: best=17, median=45.0, diversity=0.32 | INDIVIDUALS: n=200, avg_genome_length=96.565 | VIRUSES: gene_rate=0.000
2022-01-06 12:08:39.190631 | GENERATION: 293 | ERRORS: best=17, median=45.0, diversity=0.29 | INDIVIDUALS: n=200, avg_genome_length=96.285 | VIRUSES: gene_rate=0.000
2022-01-06 12:08:44.321628 | GENERATION: 294 | ERRORS: best=17, median=45.0, diversity=0.33 | INDIVIDUALS: n=200, avg_genome_length=92.75 | VIRUSES: gene_rate=0.000
2022-01-06 12:08:49.475835 | GENERATION: 295 | ERRORS: best=17, median=45.0, diversity=0.33 | INDIVIDUALS: n=200, avg_genome_length=99.23 | VIRUSES: gene_rate=0.000
2022-01-06 12:08:54.373561 | GENERATION: 296 | ERRORS: best=17, median=45.0, diversity=0.345 | INDIVIDUALS: n=200, avg_genome_length=101.15 | VIRUSES: gene_rate=0.000
2022-01-06 12:08:59.024539 | GENERATION: 297 | ERRORS: best=17, median=45.0, diversity=0.305 | INDIVIDUALS: n=200, avg_genome_length=108.875 | VIRUSES: gene_rate=0.000
2022-01-06 12:09:03.416608 | GENERATION: 298 | ERRORS: best=17, median=45.0, diversity=0.325 | INDIVIDUALS: n=200, avg_genome_length=112.745 | VIRUSES: gene_rate=0.000
2022-01-06 12:09:08.515884 | GENERATION: 299 | ERRORS: best=17, median=45.0, diversity=0.275 | INDIVIDUALS: n=200, avg_genome_length=114.33 | VIRUSES: gene_rate=0.000
2022-01-06 12:09:12.847799 | GENERATION: 300 | ERRORS: best=17, median=45.0, diversity=0.295 | INDIVIDUALS: n=200, avg_genome_length=111.24 | VIRUSES: gene_rate=0.000
Simplifying genome of length 112 with total error 17.
Simplified genome by 2 to length 110.
Simplified genome by 2 to length 108.
Simplified genome by 1 to length 107.
Simplified genome by 2 to length 105.
Simplified genome by 3 to length 102.
Simplified genome by 2 to length 100.
Simplified genome by 3 to length 97.
Simplified genome by 3 to length 94.
Simplified genome by 2 to length 92.
Simplified genome by 1 to length 91.
Simplified genome by 2 to length 89.
Simplified genome by 2 to length 87.
Simplified genome by 2 to length 85.
Simplified genome by 1 to length 84.
Simplified genome by 2 to length 82.
Simplified genome by 1 to length 81.
Simplified genome by 1 to length 80.
Simplified genome by 2 to length 78.
Simplified genome by 1 to length 77.
Simplified genome by 1 to length 76.
Simplified genome by 1 to length 75.
Simplified genome by 2 to length 73.
Simplified genome by 2 to length 71.
Simplified genome by 2 to length 69.
Simplified genome by 2 to length 67.
Simplified genome by 1 to length 66.
Simplified genome by 2 to length 64.
Simplified genome by 3 to length 61.
Simplified genome by 3 to length 58.
Simplified genome by 2 to length 56.
Simplified genome by 2 to length 54.
Simplified genome by 1 to length 53.
Simplified genome by 1 to length 52.
Simplified genome by 3 to length 49.
Simplified genome by 2 to length 47.
Simplified genome by 1 to length 46.
Simplified genome by 3 to length 43.
Simplified genome by 2 to length 41.
Simplified genome by 2 to length 39.
Simplified genome by 1 to length 38.
Simplified genome by 3 to length 35.
Simplified genome by 2 to length 33.
Simplified genome by 1 to length 32.
Simplified genome by 2 to length 30.
Simplified genome by 2 to length 28.
Simplified genome by 1 to length 27.
Simplified genome by 3 to length 24.
Simplified genome by 1 to length 23.
Simplified genome by 1 to length 22.
Simplified genome by 1 to length 21.
Simplified genome by 3 to length 18.
Simplified genome by 1 to length 17.
Simplified genome by 1 to length 16.
Simplified genome by 1 to length 15.
Simplified genome by 1 to length 14.
Simplified genome by 1 to length 13.
Simplified genome by 1 to length 12.
Simplified genome by 2 to length 10.
Simplified genome by 1 to length 9.
Simplified genome by 2 to length 7.
Simplified genome to length 7 and total error 17.
========================================
End Run
========================================
No solution found.
Best Seen Individual
	Genome:
	 pvector([Input(input_index=0), InstructionMeta(name='vector_int_push_all', code_blocks=0), InstructionMeta(name='int_min', code_blocks=0), InstructionMeta(name='int_max', code_blocks=0), Literal(value=2, push_type=<pyshgp.push.types.PushIntType object at 0x7f86e11bed30>), InstructionMeta(name='int_mod', code_blocks=0), InstructionMeta(name='bool_from_int', code_blocks=0)])
	Program:
	 (input_0 vector_int_push_all int_min int_max 2 int_mod bool_from_int)
	Error vector:
	 [0 0 0 0 0 0 0 0 0 0 1 1 0 0 1 0 0 1 0 0 1 0 0 0 0 0 0 0 1 1 0 0 0 1 0 0 1
 0 0 0 0 0 0 0 0 0 0 0 0 0 0 0 0 0 0 0 0 0 0 0 1 0 0 0 0 0 0 1 0 0 0 0 0 1
 1 1 0 0 0 0 0 0 1 0 0 0 0 0 0 0 1 0 0 0 0 0 0 0 1 0]
	Total error:
	 17
	Test error:
	 156
	Time:
	 00:54:38
