Included 0 edge cases.
Included 100 random cases.
Included 100 cases in total.
Finished formatting.
Included 0 edge cases.
Included 1000 random cases.
Included 1000 cases in total.
Finished formatting.
========================================
Setup
========================================
Search Configuration:
signature: ProgramSignature(arity=3, output_stacks=['stdout'], push_config=PushConfig(numeric_magnitude_limit=1000000000000.0, collection_size_cap=1000, step_limit=200, growth_cap=500, runtime_limit=10))
evaluator: <pyshgp.gp.evaluation.DatasetEvaluator object at 0x7fe7ec2b4670>
spawner: <pyshgp.gp.genome.GeneSpawner object at 0x7fe7ec2b4b50>
population_size: 200
max_generations: 300
error_threshold: 0.0
initial_genome_size: (20, 100)
simplification_steps: 500
parallel_context: <pyshgp.gp.search.ParallelContext object at 0x7fe7ec2b48e0>
selection: <pyshgp.utils.DiscreteProbDistrib object at 0x7fe7ec1f52c0>
variation: <pyshgp.utils.DiscreteProbDistrib object at 0x7fe7ec1f57c0>
Instructions:
int_add, int_sub, int_mult, int_div, int_mod, int_min, int_max, int_inc, int_dec, int_lt, int_lte, int_gt, int_gte, int_from_bool, bool_and, bool_or, bool_not, bool_xor, bool_invert_first_then_and, bool_second_first_then_and, bool_from_int, noop, noop_open, exec_do_range, exec_do_count, exec_while, exec_do_while, exec_if, exec_when, print_bool, println_bool, print_int, println_int, print_exec, println_exec, bool_pop, bool_dup, bool_dup_times, bool_swap, bool_rot, bool_flush, bool_eq, bool_stack_depth, bool_yank, bool_yank_dup, bool_shove, bool_shove_dup, bool_is_empty, int_pop, int_dup, int_dup_times, int_swap, int_rot, int_flush, int_eq, int_stack_depth, int_yank, int_yank_dup, int_shove, int_shove_dup, int_is_empty, exec_pop, exec_dup, exec_dup_times, exec_swap, exec_rot, exec_flush, exec_eq, exec_stack_depth, exec_yank, exec_yank_dup, exec_shove, exec_shove_dup, exec_is_empty
Literals:
[]
ERC Generators:
[<function rand_int at 0x7fe7e4758430>]
========================================
Start Run
========================================
2021-12-18 15:01:40.402550 | GENERATION: 1 | ERRORS: best=235, median=4593.0, diversity=0.055 | INDIVIDUALS: n=200, avg_genome_length=63.47 | VIRUSES: gene_rate=0.000
2021-12-18 15:01:42.501761 | GENERATION: 2 | ERRORS: best=175, median=235.0, diversity=0.09 | INDIVIDUALS: n=200, avg_genome_length=66.57 | VIRUSES: gene_rate=0.000
2021-12-18 15:01:46.363371 | GENERATION: 3 | ERRORS: best=88, median=235.0, diversity=0.19 | INDIVIDUALS: n=200, avg_genome_length=56.125 | VIRUSES: gene_rate=0.000
2021-12-18 15:01:51.484701 | GENERATION: 4 | ERRORS: best=88, median=235.0, diversity=0.25 | INDIVIDUALS: n=200, avg_genome_length=64.24 | VIRUSES: gene_rate=0.000
2021-12-18 15:01:55.662167 | GENERATION: 5 | ERRORS: best=88, median=225.0, diversity=0.255 | INDIVIDUALS: n=200, avg_genome_length=68.08 | VIRUSES: gene_rate=0.000
2021-12-18 15:02:00.062052 | GENERATION: 6 | ERRORS: best=88, median=225.0, diversity=0.25 | INDIVIDUALS: n=200, avg_genome_length=62.565 | VIRUSES: gene_rate=0.000
2021-12-18 15:02:04.058341 | GENERATION: 7 | ERRORS: best=88, median=181.0, diversity=0.25 | INDIVIDUALS: n=200, avg_genome_length=63.875 | VIRUSES: gene_rate=0.000
2021-12-18 15:02:07.687444 | GENERATION: 8 | ERRORS: best=88, median=122.0, diversity=0.23 | INDIVIDUALS: n=200, avg_genome_length=64.075 | VIRUSES: gene_rate=0.000
2021-12-18 15:02:11.355383 | GENERATION: 9 | ERRORS: best=88, median=148.0, diversity=0.245 | INDIVIDUALS: n=200, avg_genome_length=61.81 | VIRUSES: gene_rate=0.000
2021-12-18 15:02:15.264358 | GENERATION: 10 | ERRORS: best=88, median=209.0, diversity=0.23 | INDIVIDUALS: n=200, avg_genome_length=64.39 | VIRUSES: gene_rate=0.000
2021-12-18 15:02:19.444027 | GENERATION: 11 | ERRORS: best=88, median=122.0, diversity=0.205 | INDIVIDUALS: n=200, avg_genome_length=62.91 | VIRUSES: gene_rate=0.000
2021-12-18 15:02:23.161921 | GENERATION: 12 | ERRORS: best=88, median=143.5, diversity=0.255 | INDIVIDUALS: n=200, avg_genome_length=63.6 | VIRUSES: gene_rate=0.000
2021-12-18 15:02:26.730901 | GENERATION: 13 | ERRORS: best=88, median=137.0, diversity=0.235 | INDIVIDUALS: n=200, avg_genome_length=63.93 | VIRUSES: gene_rate=0.000
2021-12-18 15:02:30.501969 | GENERATION: 14 | ERRORS: best=88, median=122.0, diversity=0.255 | INDIVIDUALS: n=200, avg_genome_length=65.175 | VIRUSES: gene_rate=0.000
2021-12-18 15:02:34.231784 | GENERATION: 15 | ERRORS: best=88, median=122.0, diversity=0.27 | INDIVIDUALS: n=200, avg_genome_length=67.895 | VIRUSES: gene_rate=0.000
2021-12-18 15:02:38.238738 | GENERATION: 16 | ERRORS: best=88, median=122.0, diversity=0.315 | INDIVIDUALS: n=200, avg_genome_length=73.195 | VIRUSES: gene_rate=0.000
2021-12-18 15:02:41.991090 | GENERATION: 17 | ERRORS: best=88, median=122.0, diversity=0.38 | INDIVIDUALS: n=200, avg_genome_length=76.875 | VIRUSES: gene_rate=0.000
2021-12-18 15:02:45.666344 | GENERATION: 18 | ERRORS: best=88, median=122.0, diversity=0.45 | INDIVIDUALS: n=200, avg_genome_length=78.495 | VIRUSES: gene_rate=0.000
2021-12-18 15:02:49.108819 | GENERATION: 19 | ERRORS: best=88, median=122.0, diversity=0.475 | INDIVIDUALS: n=200, avg_genome_length=78.255 | VIRUSES: gene_rate=0.000
2021-12-18 15:02:52.717364 | GENERATION: 20 | ERRORS: best=88, median=138.0, diversity=0.575 | INDIVIDUALS: n=200, avg_genome_length=78.52 | VIRUSES: gene_rate=0.000
2021-12-18 15:02:56.148102 | GENERATION: 21 | ERRORS: best=88, median=122.0, diversity=0.47 | INDIVIDUALS: n=200, avg_genome_length=77.265 | VIRUSES: gene_rate=0.000
2021-12-18 15:02:59.552083 | GENERATION: 22 | ERRORS: best=88, median=122.0, diversity=0.45 | INDIVIDUALS: n=200, avg_genome_length=75.885 | VIRUSES: gene_rate=0.000
2021-12-18 15:03:03.129763 | GENERATION: 23 | ERRORS: best=88, median=128.0, diversity=0.525 | INDIVIDUALS: n=200, avg_genome_length=75.76 | VIRUSES: gene_rate=0.000
2021-12-18 15:03:06.518115 | GENERATION: 24 | ERRORS: best=88, median=115.0, diversity=0.525 | INDIVIDUALS: n=200, avg_genome_length=76.32 | VIRUSES: gene_rate=0.000
2021-12-18 15:03:09.760579 | GENERATION: 25 | ERRORS: best=88, median=115.0, diversity=0.495 | INDIVIDUALS: n=200, avg_genome_length=76.28 | VIRUSES: gene_rate=0.000
2021-12-18 15:03:13.370264 | GENERATION: 26 | ERRORS: best=85, median=126.5, diversity=0.56 | INDIVIDUALS: n=200, avg_genome_length=76.96 | VIRUSES: gene_rate=0.000
2021-12-18 15:03:16.848509 | GENERATION: 27 | ERRORS: best=85, median=115.5, diversity=0.545 | INDIVIDUALS: n=200, avg_genome_length=76.355 | VIRUSES: gene_rate=0.000
2021-12-18 15:03:20.219577 | GENERATION: 28 | ERRORS: best=85, median=128.0, diversity=0.65 | INDIVIDUALS: n=200, avg_genome_length=75.44 | VIRUSES: gene_rate=0.000
2021-12-18 15:03:23.641615 | GENERATION: 29 | ERRORS: best=72, median=122.0, diversity=0.695 | INDIVIDUALS: n=200, avg_genome_length=74.67 | VIRUSES: gene_rate=0.000
2021-12-18 15:03:26.976827 | GENERATION: 30 | ERRORS: best=72, median=125.0, diversity=0.605 | INDIVIDUALS: n=200, avg_genome_length=74.1 | VIRUSES: gene_rate=0.000
2021-12-18 15:03:30.183213 | GENERATION: 31 | ERRORS: best=72, median=125.0, diversity=0.645 | INDIVIDUALS: n=200, avg_genome_length=74.635 | VIRUSES: gene_rate=0.000
2021-12-18 15:03:33.441298 | GENERATION: 32 | ERRORS: best=72, median=118.5, diversity=0.67 | INDIVIDUALS: n=200, avg_genome_length=74.79 | VIRUSES: gene_rate=0.000
2021-12-18 15:03:36.967616 | GENERATION: 33 | ERRORS: best=72, median=125.0, diversity=0.695 | INDIVIDUALS: n=200, avg_genome_length=74.245 | VIRUSES: gene_rate=0.000
2021-12-18 15:03:40.469313 | GENERATION: 34 | ERRORS: best=72, median=122.0, diversity=0.64 | INDIVIDUALS: n=200, avg_genome_length=73.93 | VIRUSES: gene_rate=0.000
2021-12-18 15:03:44.205902 | GENERATION: 35 | ERRORS: best=70, median=121.5, diversity=0.63 | INDIVIDUALS: n=200, avg_genome_length=73.34 | VIRUSES: gene_rate=0.000
2021-12-18 15:03:47.964641 | GENERATION: 36 | ERRORS: best=70, median=116.0, diversity=0.635 | INDIVIDUALS: n=200, avg_genome_length=72.93 | VIRUSES: gene_rate=0.000
2021-12-18 15:03:51.545302 | GENERATION: 37 | ERRORS: best=70, median=116.0, diversity=0.66 | INDIVIDUALS: n=200, avg_genome_length=72.405 | VIRUSES: gene_rate=0.000
2021-12-18 15:03:55.134392 | GENERATION: 38 | ERRORS: best=70, median=114.0, diversity=0.63 | INDIVIDUALS: n=200, avg_genome_length=71.645 | VIRUSES: gene_rate=0.000
2021-12-18 15:03:58.683501 | GENERATION: 39 | ERRORS: best=70, median=112.5, diversity=0.62 | INDIVIDUALS: n=200, avg_genome_length=70.94 | VIRUSES: gene_rate=0.000
2021-12-18 15:04:02.274113 | GENERATION: 40 | ERRORS: best=70, median=110.0, diversity=0.655 | INDIVIDUALS: n=200, avg_genome_length=71.86 | VIRUSES: gene_rate=0.000
2021-12-18 15:04:05.901415 | GENERATION: 41 | ERRORS: best=70, median=122.0, diversity=0.7 | INDIVIDUALS: n=200, avg_genome_length=72.1 | VIRUSES: gene_rate=0.000
2021-12-18 15:04:09.739251 | GENERATION: 42 | ERRORS: best=70, median=122.0, diversity=0.65 | INDIVIDUALS: n=200, avg_genome_length=71.11 | VIRUSES: gene_rate=0.000
2021-12-18 15:04:13.299538 | GENERATION: 43 | ERRORS: best=70, median=114.5, diversity=0.67 | INDIVIDUALS: n=200, avg_genome_length=70.57 | VIRUSES: gene_rate=0.000
2021-12-18 15:04:16.901345 | GENERATION: 44 | ERRORS: best=70, median=123.0, diversity=0.64 | INDIVIDUALS: n=200, avg_genome_length=70.825 | VIRUSES: gene_rate=0.000
2021-12-18 15:04:20.763516 | GENERATION: 45 | ERRORS: best=70, median=106.5, diversity=0.625 | INDIVIDUALS: n=200, avg_genome_length=71.58 | VIRUSES: gene_rate=0.000
2021-12-18 15:04:25.197691 | GENERATION: 46 | ERRORS: best=70, median=122.0, diversity=0.675 | INDIVIDUALS: n=200, avg_genome_length=71.57 | VIRUSES: gene_rate=0.000
2021-12-18 15:04:29.400108 | GENERATION: 47 | ERRORS: best=70, median=122.0, diversity=0.605 | INDIVIDUALS: n=200, avg_genome_length=71.54 | VIRUSES: gene_rate=0.000
2021-12-18 15:04:33.619161 | GENERATION: 48 | ERRORS: best=70, median=113.0, diversity=0.64 | INDIVIDUALS: n=200, avg_genome_length=71.645 | VIRUSES: gene_rate=0.000
2021-12-18 15:04:37.466059 | GENERATION: 49 | ERRORS: best=70, median=112.0, diversity=0.645 | INDIVIDUALS: n=200, avg_genome_length=70.445 | VIRUSES: gene_rate=0.000
2021-12-18 15:04:41.518558 | GENERATION: 50 | ERRORS: best=70, median=107.0, diversity=0.605 | INDIVIDUALS: n=200, avg_genome_length=70.86 | VIRUSES: gene_rate=0.000
2021-12-18 15:04:45.123635 | GENERATION: 51 | ERRORS: best=70, median=106.0, diversity=0.575 | INDIVIDUALS: n=200, avg_genome_length=70.16 | VIRUSES: gene_rate=0.000
2021-12-18 15:04:48.893069 | GENERATION: 52 | ERRORS: best=70, median=121.0, diversity=0.635 | INDIVIDUALS: n=200, avg_genome_length=69.935 | VIRUSES: gene_rate=0.000
2021-12-18 15:04:52.924749 | GENERATION: 53 | ERRORS: best=70, median=105.0, diversity=0.585 | INDIVIDUALS: n=200, avg_genome_length=70.09 | VIRUSES: gene_rate=0.000
2021-12-18 15:04:56.794384 | GENERATION: 54 | ERRORS: best=70, median=110.0, diversity=0.615 | INDIVIDUALS: n=200, avg_genome_length=69.575 | VIRUSES: gene_rate=0.000
2021-12-18 15:05:00.596625 | GENERATION: 55 | ERRORS: best=70, median=118.5, diversity=0.565 | INDIVIDUALS: n=200, avg_genome_length=69.515 | VIRUSES: gene_rate=0.000
2021-12-18 15:05:04.879399 | GENERATION: 56 | ERRORS: best=71, median=105.0, diversity=0.555 | INDIVIDUALS: n=200, avg_genome_length=68.355 | VIRUSES: gene_rate=0.000
2021-12-18 15:05:08.709754 | GENERATION: 57 | ERRORS: best=71, median=112.5, diversity=0.575 | INDIVIDUALS: n=200, avg_genome_length=68.35 | VIRUSES: gene_rate=0.000
2021-12-18 15:05:12.437084 | GENERATION: 58 | ERRORS: best=71, median=106.0, diversity=0.575 | INDIVIDUALS: n=200, avg_genome_length=67.76 | VIRUSES: gene_rate=0.000
2021-12-18 15:05:16.457991 | GENERATION: 59 | ERRORS: best=71, median=115.5, diversity=0.54 | INDIVIDUALS: n=200, avg_genome_length=68.845 | VIRUSES: gene_rate=0.000
2021-12-18 15:05:20.355228 | GENERATION: 60 | ERRORS: best=71, median=115.0, diversity=0.575 | INDIVIDUALS: n=200, avg_genome_length=68.025 | VIRUSES: gene_rate=0.000
2021-12-18 15:05:23.973306 | GENERATION: 61 | ERRORS: best=71, median=105.0, diversity=0.495 | INDIVIDUALS: n=200, avg_genome_length=67.48 | VIRUSES: gene_rate=0.000
2021-12-18 15:05:27.934575 | GENERATION: 62 | ERRORS: best=71, median=110.0, diversity=0.49 | INDIVIDUALS: n=200, avg_genome_length=67.625 | VIRUSES: gene_rate=0.000
2021-12-18 15:05:31.751899 | GENERATION: 63 | ERRORS: best=72, median=112.0, diversity=0.61 | INDIVIDUALS: n=200, avg_genome_length=67.675 | VIRUSES: gene_rate=0.000
2021-12-18 15:05:35.515313 | GENERATION: 64 | ERRORS: best=72, median=112.0, diversity=0.57 | INDIVIDUALS: n=200, avg_genome_length=66.465 | VIRUSES: gene_rate=0.000
2021-12-18 15:05:39.446173 | GENERATION: 65 | ERRORS: best=72, median=115.0, diversity=0.535 | INDIVIDUALS: n=200, avg_genome_length=68.18 | VIRUSES: gene_rate=0.000
2021-12-18 15:05:42.965685 | GENERATION: 66 | ERRORS: best=72, median=112.0, diversity=0.55 | INDIVIDUALS: n=200, avg_genome_length=66.85 | VIRUSES: gene_rate=0.000
2021-12-18 15:05:46.082480 | GENERATION: 67 | ERRORS: best=72, median=105.0, diversity=0.525 | INDIVIDUALS: n=200, avg_genome_length=67.405 | VIRUSES: gene_rate=0.000
2021-12-18 15:05:49.519979 | GENERATION: 68 | ERRORS: best=66, median=110.0, diversity=0.55 | INDIVIDUALS: n=200, avg_genome_length=68.91 | VIRUSES: gene_rate=0.000
2021-12-18 15:05:53.122445 | GENERATION: 69 | ERRORS: best=61, median=106.5, diversity=0.585 | INDIVIDUALS: n=200, avg_genome_length=67.535 | VIRUSES: gene_rate=0.000
2021-12-18 15:05:56.593720 | GENERATION: 70 | ERRORS: best=59, median=105.0, diversity=0.535 | INDIVIDUALS: n=200, avg_genome_length=67.57 | VIRUSES: gene_rate=0.000
2021-12-18 15:06:00.315820 | GENERATION: 71 | ERRORS: best=59, median=111.5, diversity=0.57 | INDIVIDUALS: n=200, avg_genome_length=67.825 | VIRUSES: gene_rate=0.000
2021-12-18 15:06:03.960310 | GENERATION: 72 | ERRORS: best=55, median=106.0, diversity=0.595 | INDIVIDUALS: n=200, avg_genome_length=66.835 | VIRUSES: gene_rate=0.000
2021-12-18 15:06:07.752394 | GENERATION: 73 | ERRORS: best=52, median=105.0, diversity=0.565 | INDIVIDUALS: n=200, avg_genome_length=65.705 | VIRUSES: gene_rate=0.000
2021-12-18 15:06:11.758566 | GENERATION: 74 | ERRORS: best=52, median=122.5, diversity=0.665 | INDIVIDUALS: n=200, avg_genome_length=65.925 | VIRUSES: gene_rate=0.000
2021-12-18 15:06:15.958997 | GENERATION: 75 | ERRORS: best=50, median=121.0, diversity=0.685 | INDIVIDUALS: n=200, avg_genome_length=65.29 | VIRUSES: gene_rate=0.000
2021-12-18 15:06:20.507635 | GENERATION: 76 | ERRORS: best=48, median=105.5, diversity=0.6 | INDIVIDUALS: n=200, avg_genome_length=64.735 | VIRUSES: gene_rate=0.000
2021-12-18 15:06:24.958027 | GENERATION: 77 | ERRORS: best=48, median=104.5, diversity=0.55 | INDIVIDUALS: n=200, avg_genome_length=64.635 | VIRUSES: gene_rate=0.000
2021-12-18 15:06:29.393934 | GENERATION: 78 | ERRORS: best=48, median=105.0, diversity=0.605 | INDIVIDUALS: n=200, avg_genome_length=64.72 | VIRUSES: gene_rate=0.000
2021-12-18 15:06:33.865316 | GENERATION: 79 | ERRORS: best=48, median=133.5, diversity=0.665 | INDIVIDUALS: n=200, avg_genome_length=65.715 | VIRUSES: gene_rate=0.000
2021-12-18 15:06:38.417331 | GENERATION: 80 | ERRORS: best=48, median=123.5, diversity=0.615 | INDIVIDUALS: n=200, avg_genome_length=65.505 | VIRUSES: gene_rate=0.000
2021-12-18 15:06:42.860385 | GENERATION: 81 | ERRORS: best=48, median=105.5, diversity=0.605 | INDIVIDUALS: n=200, avg_genome_length=61.855 | VIRUSES: gene_rate=0.000
2021-12-18 15:06:47.707123 | GENERATION: 82 | ERRORS: best=48, median=109.0, diversity=0.6 | INDIVIDUALS: n=200, avg_genome_length=63.555 | VIRUSES: gene_rate=0.000
2021-12-18 15:06:52.006957 | GENERATION: 83 | ERRORS: best=48, median=122.0, diversity=0.64 | INDIVIDUALS: n=200, avg_genome_length=63.89 | VIRUSES: gene_rate=0.000
2021-12-18 15:06:56.442276 | GENERATION: 84 | ERRORS: best=48, median=107.0, diversity=0.59 | INDIVIDUALS: n=200, avg_genome_length=62.405 | VIRUSES: gene_rate=0.000
2021-12-18 15:07:01.019680 | GENERATION: 85 | ERRORS: best=48, median=143.0, diversity=0.55 | INDIVIDUALS: n=200, avg_genome_length=61.795 | VIRUSES: gene_rate=0.000
2021-12-18 15:07:05.403707 | GENERATION: 86 | ERRORS: best=48, median=114.0, diversity=0.57 | INDIVIDUALS: n=200, avg_genome_length=61.23 | VIRUSES: gene_rate=0.000
2021-12-18 15:07:09.456557 | GENERATION: 87 | ERRORS: best=48, median=114.5, diversity=0.58 | INDIVIDUALS: n=200, avg_genome_length=60.815 | VIRUSES: gene_rate=0.000
2021-12-18 15:07:13.632911 | GENERATION: 88 | ERRORS: best=48, median=115.5, diversity=0.565 | INDIVIDUALS: n=200, avg_genome_length=60.39 | VIRUSES: gene_rate=0.000
2021-12-18 15:07:18.111919 | GENERATION: 89 | ERRORS: best=48, median=115.0, diversity=0.56 | INDIVIDUALS: n=200, avg_genome_length=59.74 | VIRUSES: gene_rate=0.000
2021-12-18 15:07:22.365818 | GENERATION: 90 | ERRORS: best=48, median=122.0, diversity=0.52 | INDIVIDUALS: n=200, avg_genome_length=59.415 | VIRUSES: gene_rate=0.000
2021-12-18 15:07:27.007529 | GENERATION: 91 | ERRORS: best=48, median=121.5, diversity=0.615 | INDIVIDUALS: n=200, avg_genome_length=61.065 | VIRUSES: gene_rate=0.000
2021-12-18 15:07:31.107929 | GENERATION: 92 | ERRORS: best=48, median=120.5, diversity=0.62 | INDIVIDUALS: n=200, avg_genome_length=59.71 | VIRUSES: gene_rate=0.000
2021-12-18 15:07:35.417042 | GENERATION: 93 | ERRORS: best=48, median=127.5, diversity=0.65 | INDIVIDUALS: n=200, avg_genome_length=61.85 | VIRUSES: gene_rate=0.000
2021-12-18 15:07:39.386424 | GENERATION: 94 | ERRORS: best=48, median=105.0, diversity=0.595 | INDIVIDUALS: n=200, avg_genome_length=61.555 | VIRUSES: gene_rate=0.000
2021-12-18 15:07:43.466674 | GENERATION: 95 | ERRORS: best=48, median=121.0, diversity=0.59 | INDIVIDUALS: n=200, avg_genome_length=63.205 | VIRUSES: gene_rate=0.000
2021-12-18 15:07:47.476606 | GENERATION: 96 | ERRORS: best=48, median=122.0, diversity=0.61 | INDIVIDUALS: n=200, avg_genome_length=62.56 | VIRUSES: gene_rate=0.000
2021-12-18 15:07:51.470447 | GENERATION: 97 | ERRORS: best=48, median=122.0, diversity=0.66 | INDIVIDUALS: n=200, avg_genome_length=63.34 | VIRUSES: gene_rate=0.000
2021-12-18 15:07:55.329184 | GENERATION: 98 | ERRORS: best=47, median=118.0, diversity=0.67 | INDIVIDUALS: n=200, avg_genome_length=63.43 | VIRUSES: gene_rate=0.000
2021-12-18 15:07:59.258135 | GENERATION: 99 | ERRORS: best=38, median=115.5, diversity=0.71 | INDIVIDUALS: n=200, avg_genome_length=64.62 | VIRUSES: gene_rate=0.000
2021-12-18 15:08:03.200933 | GENERATION: 100 | ERRORS: best=38, median=113.5, diversity=0.685 | INDIVIDUALS: n=200, avg_genome_length=64.765 | VIRUSES: gene_rate=0.000
2021-12-18 15:08:06.982052 | GENERATION: 101 | ERRORS: best=38, median=105.5, diversity=0.66 | INDIVIDUALS: n=200, avg_genome_length=61.965 | VIRUSES: gene_rate=0.000
2021-12-18 15:08:10.677718 | GENERATION: 102 | ERRORS: best=30, median=117.0, diversity=0.67 | INDIVIDUALS: n=200, avg_genome_length=63.35 | VIRUSES: gene_rate=0.000
2021-12-18 15:08:14.678017 | GENERATION: 103 | ERRORS: best=30, median=144.5, diversity=0.67 | INDIVIDUALS: n=200, avg_genome_length=64.585 | VIRUSES: gene_rate=0.000
2021-12-18 15:08:18.756004 | GENERATION: 104 | ERRORS: best=30, median=112.5, diversity=0.76 | INDIVIDUALS: n=200, avg_genome_length=64.73 | VIRUSES: gene_rate=0.000
2021-12-18 15:08:22.907304 | GENERATION: 105 | ERRORS: best=30, median=121.5, diversity=0.71 | INDIVIDUALS: n=200, avg_genome_length=65.17 | VIRUSES: gene_rate=0.000
2021-12-18 15:08:26.960908 | GENERATION: 106 | ERRORS: best=30, median=111.0, diversity=0.73 | INDIVIDUALS: n=200, avg_genome_length=63.93 | VIRUSES: gene_rate=0.000
2021-12-18 15:08:30.952840 | GENERATION: 107 | ERRORS: best=30, median=113.0, diversity=0.7 | INDIVIDUALS: n=200, avg_genome_length=65.05 | VIRUSES: gene_rate=0.000
2021-12-18 15:08:35.151531 | GENERATION: 108 | ERRORS: best=30, median=117.5, diversity=0.75 | INDIVIDUALS: n=200, avg_genome_length=64.32 | VIRUSES: gene_rate=0.000
2021-12-18 15:08:39.487767 | GENERATION: 109 | ERRORS: best=30, median=111.0, diversity=0.745 | INDIVIDUALS: n=200, avg_genome_length=64.65 | VIRUSES: gene_rate=0.000
2021-12-18 15:08:43.775934 | GENERATION: 110 | ERRORS: best=30, median=122.0, diversity=0.74 | INDIVIDUALS: n=200, avg_genome_length=65.86 | VIRUSES: gene_rate=0.000
2021-12-18 15:08:47.379142 | GENERATION: 111 | ERRORS: best=30, median=116.0, diversity=0.69 | INDIVIDUALS: n=200, avg_genome_length=64.35 | VIRUSES: gene_rate=0.000
2021-12-18 15:08:51.382998 | GENERATION: 112 | ERRORS: best=30, median=105.0, diversity=0.705 | INDIVIDUALS: n=200, avg_genome_length=66.29 | VIRUSES: gene_rate=0.000
2021-12-18 15:08:55.270506 | GENERATION: 113 | ERRORS: best=30, median=105.0, diversity=0.735 | INDIVIDUALS: n=200, avg_genome_length=66.22 | VIRUSES: gene_rate=0.000
2021-12-18 15:08:59.062414 | GENERATION: 114 | ERRORS: best=30, median=124.5, diversity=0.76 | INDIVIDUALS: n=200, avg_genome_length=66.52 | VIRUSES: gene_rate=0.000
2021-12-18 15:09:03.094269 | GENERATION: 115 | ERRORS: best=30, median=123.5, diversity=0.78 | INDIVIDUALS: n=200, avg_genome_length=66.01 | VIRUSES: gene_rate=0.000
2021-12-18 15:09:06.913039 | GENERATION: 116 | ERRORS: best=30, median=105.5, diversity=0.765 | INDIVIDUALS: n=200, avg_genome_length=65.775 | VIRUSES: gene_rate=0.000
2021-12-18 15:09:10.941844 | GENERATION: 117 | ERRORS: best=29, median=111.0, diversity=0.795 | INDIVIDUALS: n=200, avg_genome_length=65.885 | VIRUSES: gene_rate=0.000
2021-12-18 15:09:14.961506 | GENERATION: 118 | ERRORS: best=29, median=124.5, diversity=0.775 | INDIVIDUALS: n=200, avg_genome_length=65.065 | VIRUSES: gene_rate=0.000
2021-12-18 15:09:18.951156 | GENERATION: 119 | ERRORS: best=29, median=118.0, diversity=0.785 | INDIVIDUALS: n=200, avg_genome_length=65.425 | VIRUSES: gene_rate=0.000
2021-12-18 15:09:22.930936 | GENERATION: 120 | ERRORS: best=29, median=117.5, diversity=0.77 | INDIVIDUALS: n=200, avg_genome_length=65.735 | VIRUSES: gene_rate=0.000
2021-12-18 15:09:26.786954 | GENERATION: 121 | ERRORS: best=29, median=108.0, diversity=0.775 | INDIVIDUALS: n=200, avg_genome_length=65.855 | VIRUSES: gene_rate=0.000
2021-12-18 15:09:31.107569 | GENERATION: 122 | ERRORS: best=29, median=110.5, diversity=0.785 | INDIVIDUALS: n=200, avg_genome_length=65.195 | VIRUSES: gene_rate=0.000
2021-12-18 15:09:35.157799 | GENERATION: 123 | ERRORS: best=29, median=131.0, diversity=0.76 | INDIVIDUALS: n=200, avg_genome_length=65.505 | VIRUSES: gene_rate=0.000
2021-12-18 15:09:39.199975 | GENERATION: 124 | ERRORS: best=29, median=110.5, diversity=0.735 | INDIVIDUALS: n=200, avg_genome_length=65.125 | VIRUSES: gene_rate=0.000
2021-12-18 15:09:43.100706 | GENERATION: 125 | ERRORS: best=29, median=112.0, diversity=0.77 | INDIVIDUALS: n=200, avg_genome_length=65.345 | VIRUSES: gene_rate=0.000
2021-12-18 15:09:47.159154 | GENERATION: 126 | ERRORS: best=29, median=113.0, diversity=0.735 | INDIVIDUALS: n=200, avg_genome_length=65.03 | VIRUSES: gene_rate=0.000
2021-12-18 15:09:51.045631 | GENERATION: 127 | ERRORS: best=29, median=125.0, diversity=0.805 | INDIVIDUALS: n=200, avg_genome_length=65.74 | VIRUSES: gene_rate=0.000
2021-12-18 15:09:55.123227 | GENERATION: 128 | ERRORS: best=29, median=124.5, diversity=0.765 | INDIVIDUALS: n=200, avg_genome_length=64.41 | VIRUSES: gene_rate=0.000
2021-12-18 15:09:58.975412 | GENERATION: 129 | ERRORS: best=29, median=113.5, diversity=0.77 | INDIVIDUALS: n=200, avg_genome_length=65.0 | VIRUSES: gene_rate=0.000
2021-12-18 15:10:02.907811 | GENERATION: 130 | ERRORS: best=32, median=113.0, diversity=0.815 | INDIVIDUALS: n=200, avg_genome_length=64.75 | VIRUSES: gene_rate=0.000
2021-12-18 15:10:06.622844 | GENERATION: 131 | ERRORS: best=32, median=105.0, diversity=0.71 | INDIVIDUALS: n=200, avg_genome_length=64.19 | VIRUSES: gene_rate=0.000
2021-12-18 15:10:10.554139 | GENERATION: 132 | ERRORS: best=29, median=114.5, diversity=0.74 | INDIVIDUALS: n=200, avg_genome_length=64.425 | VIRUSES: gene_rate=0.000
2021-12-18 15:10:14.313601 | GENERATION: 133 | ERRORS: best=29, median=112.0, diversity=0.705 | INDIVIDUALS: n=200, avg_genome_length=62.475 | VIRUSES: gene_rate=0.000
2021-12-18 15:10:18.129912 | GENERATION: 134 | ERRORS: best=29, median=112.0, diversity=0.745 | INDIVIDUALS: n=200, avg_genome_length=63.195 | VIRUSES: gene_rate=0.000
2021-12-18 15:10:21.844481 | GENERATION: 135 | ERRORS: best=29, median=114.0, diversity=0.785 | INDIVIDUALS: n=200, avg_genome_length=62.55 | VIRUSES: gene_rate=0.000
2021-12-18 15:10:25.639788 | GENERATION: 136 | ERRORS: best=29, median=113.0, diversity=0.775 | INDIVIDUALS: n=200, avg_genome_length=62.55 | VIRUSES: gene_rate=0.000
2021-12-18 15:10:29.354415 | GENERATION: 137 | ERRORS: best=29, median=106.5, diversity=0.745 | INDIVIDUALS: n=200, avg_genome_length=62.815 | VIRUSES: gene_rate=0.000
2021-12-18 15:10:33.336153 | GENERATION: 138 | ERRORS: best=28, median=119.5, diversity=0.72 | INDIVIDUALS: n=200, avg_genome_length=62.32 | VIRUSES: gene_rate=0.000
2021-12-18 15:10:36.956384 | GENERATION: 139 | ERRORS: best=29, median=119.0, diversity=0.775 | INDIVIDUALS: n=200, avg_genome_length=62.23 | VIRUSES: gene_rate=0.000
2021-12-18 15:10:40.756187 | GENERATION: 140 | ERRORS: best=25, median=106.5, diversity=0.77 | INDIVIDUALS: n=200, avg_genome_length=62.265 | VIRUSES: gene_rate=0.000
2021-12-18 15:10:44.705711 | GENERATION: 141 | ERRORS: best=25, median=112.5, diversity=0.755 | INDIVIDUALS: n=200, avg_genome_length=62.71 | VIRUSES: gene_rate=0.000
2021-12-18 15:10:48.708163 | GENERATION: 142 | ERRORS: best=25, median=108.0, diversity=0.715 | INDIVIDUALS: n=200, avg_genome_length=61.775 | VIRUSES: gene_rate=0.000
2021-12-18 15:10:52.693716 | GENERATION: 143 | ERRORS: best=25, median=111.0, diversity=0.78 | INDIVIDUALS: n=200, avg_genome_length=61.385 | VIRUSES: gene_rate=0.000
2021-12-18 15:10:56.480752 | GENERATION: 144 | ERRORS: best=25, median=128.5, diversity=0.775 | INDIVIDUALS: n=200, avg_genome_length=61.22 | VIRUSES: gene_rate=0.000
2021-12-18 15:11:00.228694 | GENERATION: 145 | ERRORS: best=25, median=109.5, diversity=0.71 | INDIVIDUALS: n=200, avg_genome_length=60.615 | VIRUSES: gene_rate=0.000
2021-12-18 15:11:03.978260 | GENERATION: 146 | ERRORS: best=25, median=108.5, diversity=0.725 | INDIVIDUALS: n=200, avg_genome_length=61.04 | VIRUSES: gene_rate=0.000
2021-12-18 15:11:07.625951 | GENERATION: 147 | ERRORS: best=25, median=115.0, diversity=0.685 | INDIVIDUALS: n=200, avg_genome_length=62.205 | VIRUSES: gene_rate=0.000
2021-12-18 15:11:11.288891 | GENERATION: 148 | ERRORS: best=24, median=126.5, diversity=0.71 | INDIVIDUALS: n=200, avg_genome_length=61.14 | VIRUSES: gene_rate=0.000
2021-12-18 15:11:14.795119 | GENERATION: 149 | ERRORS: best=24, median=122.0, diversity=0.55 | INDIVIDUALS: n=200, avg_genome_length=61.57 | VIRUSES: gene_rate=0.000
2021-12-18 15:11:18.599640 | GENERATION: 150 | ERRORS: best=24, median=115.0, diversity=0.645 | INDIVIDUALS: n=200, avg_genome_length=62.095 | VIRUSES: gene_rate=0.000
2021-12-18 15:11:22.220187 | GENERATION: 151 | ERRORS: best=24, median=107.0, diversity=0.58 | INDIVIDUALS: n=200, avg_genome_length=61.145 | VIRUSES: gene_rate=0.000
2021-12-18 15:11:25.905498 | GENERATION: 152 | ERRORS: best=24, median=112.0, diversity=0.64 | INDIVIDUALS: n=200, avg_genome_length=61.86 | VIRUSES: gene_rate=0.000
2021-12-18 15:11:29.719842 | GENERATION: 153 | ERRORS: best=24, median=112.5, diversity=0.66 | INDIVIDUALS: n=200, avg_genome_length=62.04 | VIRUSES: gene_rate=0.000
2021-12-18 15:11:33.357731 | GENERATION: 154 | ERRORS: best=24, median=111.5, diversity=0.62 | INDIVIDUALS: n=200, avg_genome_length=61.735 | VIRUSES: gene_rate=0.000
2021-12-18 15:11:36.958929 | GENERATION: 155 | ERRORS: best=24, median=120.5, diversity=0.66 | INDIVIDUALS: n=200, avg_genome_length=60.605 | VIRUSES: gene_rate=0.000
2021-12-18 15:11:40.593475 | GENERATION: 156 | ERRORS: best=24, median=110.0, diversity=0.61 | INDIVIDUALS: n=200, avg_genome_length=60.02 | VIRUSES: gene_rate=0.000
2021-12-18 15:11:44.339095 | GENERATION: 157 | ERRORS: best=24, median=110.0, diversity=0.62 | INDIVIDUALS: n=200, avg_genome_length=60.005 | VIRUSES: gene_rate=0.000
2021-12-18 15:11:48.094691 | GENERATION: 158 | ERRORS: best=20, median=111.5, diversity=0.535 | INDIVIDUALS: n=200, avg_genome_length=60.08 | VIRUSES: gene_rate=0.000
2021-12-18 15:11:51.446870 | GENERATION: 159 | ERRORS: best=20, median=117.5, diversity=0.49 | INDIVIDUALS: n=200, avg_genome_length=58.835 | VIRUSES: gene_rate=0.000
2021-12-18 15:11:54.989626 | GENERATION: 160 | ERRORS: best=20, median=122.0, diversity=0.555 | INDIVIDUALS: n=200, avg_genome_length=59.005 | VIRUSES: gene_rate=0.000
2021-12-18 15:11:58.721136 | GENERATION: 161 | ERRORS: best=20, median=118.5, diversity=0.595 | INDIVIDUALS: n=200, avg_genome_length=58.93 | VIRUSES: gene_rate=0.000
2021-12-18 15:12:02.440285 | GENERATION: 162 | ERRORS: best=20, median=112.0, diversity=0.53 | INDIVIDUALS: n=200, avg_genome_length=58.775 | VIRUSES: gene_rate=0.000
2021-12-18 15:12:05.998963 | GENERATION: 163 | ERRORS: best=20, median=112.5, diversity=0.525 | INDIVIDUALS: n=200, avg_genome_length=58.18 | VIRUSES: gene_rate=0.000
2021-12-18 15:12:09.715189 | GENERATION: 164 | ERRORS: best=20, median=110.0, diversity=0.505 | INDIVIDUALS: n=200, avg_genome_length=59.815 | VIRUSES: gene_rate=0.000
2021-12-18 15:12:13.637174 | GENERATION: 165 | ERRORS: best=20, median=112.0, diversity=0.54 | INDIVIDUALS: n=200, avg_genome_length=59.1 | VIRUSES: gene_rate=0.000
2021-12-18 15:12:17.016802 | GENERATION: 166 | ERRORS: best=16, median=112.0, diversity=0.51 | INDIVIDUALS: n=200, avg_genome_length=58.755 | VIRUSES: gene_rate=0.000
2021-12-18 15:12:20.820543 | GENERATION: 167 | ERRORS: best=16, median=109.0, diversity=0.54 | INDIVIDUALS: n=200, avg_genome_length=60.055 | VIRUSES: gene_rate=0.000
2021-12-18 15:12:24.464034 | GENERATION: 168 | ERRORS: best=16, median=105.0, diversity=0.485 | INDIVIDUALS: n=200, avg_genome_length=60.08 | VIRUSES: gene_rate=0.000
2021-12-18 15:12:28.137718 | GENERATION: 169 | ERRORS: best=16, median=111.5, diversity=0.535 | INDIVIDUALS: n=200, avg_genome_length=59.845 | VIRUSES: gene_rate=0.000
2021-12-18 15:12:32.012869 | GENERATION: 170 | ERRORS: best=16, median=110.5, diversity=0.525 | INDIVIDUALS: n=200, avg_genome_length=59.92 | VIRUSES: gene_rate=0.000
2021-12-18 15:12:35.812377 | GENERATION: 171 | ERRORS: best=16, median=105.5, diversity=0.455 | INDIVIDUALS: n=200, avg_genome_length=60.475 | VIRUSES: gene_rate=0.000
2021-12-18 15:12:39.601648 | GENERATION: 172 | ERRORS: best=16, median=109.0, diversity=0.495 | INDIVIDUALS: n=200, avg_genome_length=59.08 | VIRUSES: gene_rate=0.000
2021-12-18 15:12:43.127883 | GENERATION: 173 | ERRORS: best=16, median=105.0, diversity=0.5 | INDIVIDUALS: n=200, avg_genome_length=58.935 | VIRUSES: gene_rate=0.000
2021-12-18 15:12:46.923323 | GENERATION: 174 | ERRORS: best=16, median=105.0, diversity=0.52 | INDIVIDUALS: n=200, avg_genome_length=59.225 | VIRUSES: gene_rate=0.000
2021-12-18 15:12:50.727734 | GENERATION: 175 | ERRORS: best=16, median=105.0, diversity=0.475 | INDIVIDUALS: n=200, avg_genome_length=58.355 | VIRUSES: gene_rate=0.000
2021-12-18 15:12:54.685558 | GENERATION: 176 | ERRORS: best=16, median=105.0, diversity=0.535 | INDIVIDUALS: n=200, avg_genome_length=59.775 | VIRUSES: gene_rate=0.000
2021-12-18 15:12:58.391325 | GENERATION: 177 | ERRORS: best=16, median=105.0, diversity=0.475 | INDIVIDUALS: n=200, avg_genome_length=61.53 | VIRUSES: gene_rate=0.000
2021-12-18 15:13:02.285950 | GENERATION: 178 | ERRORS: best=16, median=105.0, diversity=0.465 | INDIVIDUALS: n=200, avg_genome_length=59.0 | VIRUSES: gene_rate=0.000
2021-12-18 15:13:05.959425 | GENERATION: 179 | ERRORS: best=16, median=105.0, diversity=0.535 | INDIVIDUALS: n=200, avg_genome_length=59.75 | VIRUSES: gene_rate=0.000
2021-12-18 15:13:09.663027 | GENERATION: 180 | ERRORS: best=16, median=104.0, diversity=0.51 | INDIVIDUALS: n=200, avg_genome_length=59.925 | VIRUSES: gene_rate=0.000
2021-12-18 15:13:13.229269 | GENERATION: 181 | ERRORS: best=16, median=105.0, diversity=0.52 | INDIVIDUALS: n=200, avg_genome_length=60.805 | VIRUSES: gene_rate=0.000
2021-12-18 15:13:16.918633 | GENERATION: 182 | ERRORS: best=16, median=106.5, diversity=0.49 | INDIVIDUALS: n=200, avg_genome_length=58.235 | VIRUSES: gene_rate=0.000
2021-12-18 15:13:20.722261 | GENERATION: 183 | ERRORS: best=16, median=105.0, diversity=0.52 | INDIVIDUALS: n=200, avg_genome_length=59.785 | VIRUSES: gene_rate=0.000
2021-12-18 15:13:24.303371 | GENERATION: 184 | ERRORS: best=16, median=105.0, diversity=0.53 | INDIVIDUALS: n=200, avg_genome_length=58.17 | VIRUSES: gene_rate=0.000
2021-12-18 15:13:27.954589 | GENERATION: 185 | ERRORS: best=16, median=105.5, diversity=0.495 | INDIVIDUALS: n=200, avg_genome_length=58.915 | VIRUSES: gene_rate=0.000
2021-12-18 15:13:31.906117 | GENERATION: 186 | ERRORS: best=16, median=105.0, diversity=0.525 | INDIVIDUALS: n=200, avg_genome_length=57.51 | VIRUSES: gene_rate=0.000
2021-12-18 15:13:35.739243 | GENERATION: 187 | ERRORS: best=16, median=112.0, diversity=0.54 | INDIVIDUALS: n=200, avg_genome_length=59.655 | VIRUSES: gene_rate=0.000
2021-12-18 15:13:39.307981 | GENERATION: 188 | ERRORS: best=16, median=109.0, diversity=0.45 | INDIVIDUALS: n=200, avg_genome_length=57.625 | VIRUSES: gene_rate=0.000
2021-12-18 15:13:42.987766 | GENERATION: 189 | ERRORS: best=16, median=108.5, diversity=0.51 | INDIVIDUALS: n=200, avg_genome_length=58.53 | VIRUSES: gene_rate=0.000
2021-12-18 15:13:46.515920 | GENERATION: 190 | ERRORS: best=16, median=105.0, diversity=0.475 | INDIVIDUALS: n=200, avg_genome_length=58.125 | VIRUSES: gene_rate=0.000
2021-12-18 15:13:50.064129 | GENERATION: 191 | ERRORS: best=16, median=105.0, diversity=0.515 | INDIVIDUALS: n=200, avg_genome_length=58.05 | VIRUSES: gene_rate=0.000
2021-12-18 15:13:53.427503 | GENERATION: 192 | ERRORS: best=16, median=110.0, diversity=0.495 | INDIVIDUALS: n=200, avg_genome_length=57.775 | VIRUSES: gene_rate=0.000
2021-12-18 15:13:57.187074 | GENERATION: 193 | ERRORS: best=16, median=102.0, diversity=0.485 | INDIVIDUALS: n=200, avg_genome_length=58.465 | VIRUSES: gene_rate=0.000
2021-12-18 15:14:00.674706 | GENERATION: 194 | ERRORS: best=16, median=110.0, diversity=0.475 | INDIVIDUALS: n=200, avg_genome_length=57.41 | VIRUSES: gene_rate=0.000
2021-12-18 15:14:04.237176 | GENERATION: 195 | ERRORS: best=16, median=105.0, diversity=0.485 | INDIVIDUALS: n=200, avg_genome_length=58.86 | VIRUSES: gene_rate=0.000
2021-12-18 15:14:07.621605 | GENERATION: 196 | ERRORS: best=16, median=93.0, diversity=0.485 | INDIVIDUALS: n=200, avg_genome_length=59.755 | VIRUSES: gene_rate=0.000
2021-12-18 15:14:11.362708 | GENERATION: 197 | ERRORS: best=16, median=110.5, diversity=0.515 | INDIVIDUALS: n=200, avg_genome_length=59.41 | VIRUSES: gene_rate=0.000
2021-12-18 15:14:14.894803 | GENERATION: 198 | ERRORS: best=16, median=110.0, diversity=0.515 | INDIVIDUALS: n=200, avg_genome_length=58.995 | VIRUSES: gene_rate=0.000
2021-12-18 15:14:18.517058 | GENERATION: 199 | ERRORS: best=16, median=112.0, diversity=0.51 | INDIVIDUALS: n=200, avg_genome_length=58.23 | VIRUSES: gene_rate=0.000
2021-12-18 15:14:21.896844 | GENERATION: 200 | ERRORS: best=16, median=110.0, diversity=0.505 | INDIVIDUALS: n=200, avg_genome_length=57.895 | VIRUSES: gene_rate=0.000
2021-12-18 15:14:25.385789 | GENERATION: 201 | ERRORS: best=16, median=111.0, diversity=0.51 | INDIVIDUALS: n=200, avg_genome_length=57.3 | VIRUSES: gene_rate=0.000
2021-12-18 15:14:28.770726 | GENERATION: 202 | ERRORS: best=16, median=106.5, diversity=0.46 | INDIVIDUALS: n=200, avg_genome_length=56.865 | VIRUSES: gene_rate=0.000
2021-12-18 15:14:32.161022 | GENERATION: 203 | ERRORS: best=16, median=105.0, diversity=0.53 | INDIVIDUALS: n=200, avg_genome_length=57.265 | VIRUSES: gene_rate=0.000
2021-12-18 15:14:35.730914 | GENERATION: 204 | ERRORS: best=16, median=106.0, diversity=0.515 | INDIVIDUALS: n=200, avg_genome_length=58.78 | VIRUSES: gene_rate=0.000
2021-12-18 15:14:39.169555 | GENERATION: 205 | ERRORS: best=16, median=105.0, diversity=0.505 | INDIVIDUALS: n=200, avg_genome_length=58.875 | VIRUSES: gene_rate=0.000
2021-12-18 15:14:42.506296 | GENERATION: 206 | ERRORS: best=16, median=105.0, diversity=0.52 | INDIVIDUALS: n=200, avg_genome_length=58.48 | VIRUSES: gene_rate=0.000
2021-12-18 15:14:46.211763 | GENERATION: 207 | ERRORS: best=16, median=105.0, diversity=0.43 | INDIVIDUALS: n=200, avg_genome_length=58.645 | VIRUSES: gene_rate=0.000
2021-12-18 15:14:49.591846 | GENERATION: 208 | ERRORS: best=16, median=105.0, diversity=0.48 | INDIVIDUALS: n=200, avg_genome_length=58.5 | VIRUSES: gene_rate=0.000
2021-12-18 15:14:53.211192 | GENERATION: 209 | ERRORS: best=16, median=105.0, diversity=0.465 | INDIVIDUALS: n=200, avg_genome_length=58.2 | VIRUSES: gene_rate=0.000
2021-12-18 15:14:56.774631 | GENERATION: 210 | ERRORS: best=16, median=110.0, diversity=0.505 | INDIVIDUALS: n=200, avg_genome_length=58.765 | VIRUSES: gene_rate=0.000
2021-12-18 15:15:00.545899 | GENERATION: 211 | ERRORS: best=16, median=105.0, diversity=0.435 | INDIVIDUALS: n=200, avg_genome_length=57.095 | VIRUSES: gene_rate=0.000
2021-12-18 15:15:04.100960 | GENERATION: 212 | ERRORS: best=16, median=105.0, diversity=0.46 | INDIVIDUALS: n=200, avg_genome_length=59.585 | VIRUSES: gene_rate=0.000
2021-12-18 15:15:07.952584 | GENERATION: 213 | ERRORS: best=16, median=110.0, diversity=0.52 | INDIVIDUALS: n=200, avg_genome_length=60.575 | VIRUSES: gene_rate=0.000
2021-12-18 15:15:11.455029 | GENERATION: 214 | ERRORS: best=16, median=100.0, diversity=0.475 | INDIVIDUALS: n=200, avg_genome_length=60.425 | VIRUSES: gene_rate=0.000
2021-12-18 15:15:15.100015 | GENERATION: 215 | ERRORS: best=16, median=105.0, diversity=0.505 | INDIVIDUALS: n=200, avg_genome_length=60.555 | VIRUSES: gene_rate=0.000
2021-12-18 15:15:18.676083 | GENERATION: 216 | ERRORS: best=16, median=105.0, diversity=0.505 | INDIVIDUALS: n=200, avg_genome_length=60.415 | VIRUSES: gene_rate=0.000
2021-12-18 15:15:22.399869 | GENERATION: 217 | ERRORS: best=16, median=105.0, diversity=0.46 | INDIVIDUALS: n=200, avg_genome_length=60.05 | VIRUSES: gene_rate=0.000
2021-12-18 15:15:25.844656 | GENERATION: 218 | ERRORS: best=16, median=105.0, diversity=0.515 | INDIVIDUALS: n=200, avg_genome_length=60.515 | VIRUSES: gene_rate=0.000
2021-12-18 15:15:29.433516 | GENERATION: 219 | ERRORS: best=16, median=110.0, diversity=0.465 | INDIVIDUALS: n=200, avg_genome_length=59.91 | VIRUSES: gene_rate=0.000
2021-12-18 15:15:33.170983 | GENERATION: 220 | ERRORS: best=16, median=110.0, diversity=0.47 | INDIVIDUALS: n=200, avg_genome_length=60.22 | VIRUSES: gene_rate=0.000
2021-12-18 15:15:36.638423 | GENERATION: 221 | ERRORS: best=16, median=110.0, diversity=0.49 | INDIVIDUALS: n=200, avg_genome_length=59.47 | VIRUSES: gene_rate=0.000
2021-12-18 15:15:39.856458 | GENERATION: 222 | ERRORS: best=16, median=105.0, diversity=0.47 | INDIVIDUALS: n=200, avg_genome_length=59.965 | VIRUSES: gene_rate=0.000
2021-12-18 15:15:42.865231 | GENERATION: 223 | ERRORS: best=16, median=105.0, diversity=0.47 | INDIVIDUALS: n=200, avg_genome_length=59.4 | VIRUSES: gene_rate=0.000
2021-12-18 15:15:45.743714 | GENERATION: 224 | ERRORS: best=16, median=105.0, diversity=0.465 | INDIVIDUALS: n=200, avg_genome_length=59.335 | VIRUSES: gene_rate=0.000
2021-12-18 15:15:48.714453 | GENERATION: 225 | ERRORS: best=16, median=110.0, diversity=0.465 | INDIVIDUALS: n=200, avg_genome_length=58.735 | VIRUSES: gene_rate=0.000
2021-12-18 15:15:51.834895 | GENERATION: 226 | ERRORS: best=16, median=110.0, diversity=0.46 | INDIVIDUALS: n=200, avg_genome_length=58.66 | VIRUSES: gene_rate=0.000
2021-12-18 15:15:54.616420 | GENERATION: 227 | ERRORS: best=16, median=110.0, diversity=0.515 | INDIVIDUALS: n=200, avg_genome_length=58.825 | VIRUSES: gene_rate=0.000
2021-12-18 15:15:57.328674 | GENERATION: 228 | ERRORS: best=16, median=108.0, diversity=0.45 | INDIVIDUALS: n=200, avg_genome_length=58.4 | VIRUSES: gene_rate=0.000
2021-12-18 15:16:00.011820 | GENERATION: 229 | ERRORS: best=16, median=107.0, diversity=0.545 | INDIVIDUALS: n=200, avg_genome_length=58.685 | VIRUSES: gene_rate=0.000
2021-12-18 15:16:02.814459 | GENERATION: 230 | ERRORS: best=16, median=110.0, diversity=0.55 | INDIVIDUALS: n=200, avg_genome_length=58.45 | VIRUSES: gene_rate=0.000
2021-12-18 15:16:05.836053 | GENERATION: 231 | ERRORS: best=16, median=105.0, diversity=0.48 | INDIVIDUALS: n=200, avg_genome_length=58.005 | VIRUSES: gene_rate=0.000
2021-12-18 15:16:08.722004 | GENERATION: 232 | ERRORS: best=16, median=103.0, diversity=0.465 | INDIVIDUALS: n=200, avg_genome_length=58.055 | VIRUSES: gene_rate=0.000
2021-12-18 15:16:11.472355 | GENERATION: 233 | ERRORS: best=16, median=105.0, diversity=0.405 | INDIVIDUALS: n=200, avg_genome_length=57.48 | VIRUSES: gene_rate=0.000
2021-12-18 15:16:14.084850 | GENERATION: 234 | ERRORS: best=16, median=110.0, diversity=0.455 | INDIVIDUALS: n=200, avg_genome_length=57.16 | VIRUSES: gene_rate=0.000
2021-12-18 15:16:16.807927 | GENERATION: 235 | ERRORS: best=16, median=110.0, diversity=0.5 | INDIVIDUALS: n=200, avg_genome_length=56.95 | VIRUSES: gene_rate=0.000
2021-12-18 15:16:19.600969 | GENERATION: 236 | ERRORS: best=16, median=106.0, diversity=0.48 | INDIVIDUALS: n=200, avg_genome_length=57.33 | VIRUSES: gene_rate=0.000
2021-12-18 15:16:22.385533 | GENERATION: 237 | ERRORS: best=16, median=110.0, diversity=0.51 | INDIVIDUALS: n=200, avg_genome_length=56.955 | VIRUSES: gene_rate=0.000
2021-12-18 15:16:25.206305 | GENERATION: 238 | ERRORS: best=16, median=110.0, diversity=0.525 | INDIVIDUALS: n=200, avg_genome_length=56.935 | VIRUSES: gene_rate=0.000
2021-12-18 15:16:27.843075 | GENERATION: 239 | ERRORS: best=16, median=105.0, diversity=0.465 | INDIVIDUALS: n=200, avg_genome_length=56.535 | VIRUSES: gene_rate=0.000
2021-12-18 15:16:30.584697 | GENERATION: 240 | ERRORS: best=16, median=110.0, diversity=0.485 | INDIVIDUALS: n=200, avg_genome_length=56.01 | VIRUSES: gene_rate=0.000
2021-12-18 15:16:33.324796 | GENERATION: 241 | ERRORS: best=16, median=105.0, diversity=0.5 | INDIVIDUALS: n=200, avg_genome_length=56.31 | VIRUSES: gene_rate=0.000
2021-12-18 15:16:36.264467 | GENERATION: 242 | ERRORS: best=16, median=105.0, diversity=0.535 | INDIVIDUALS: n=200, avg_genome_length=55.95 | VIRUSES: gene_rate=0.000
2021-12-18 15:16:39.853716 | GENERATION: 243 | ERRORS: best=16, median=111.0, diversity=0.475 | INDIVIDUALS: n=200, avg_genome_length=55.915 | VIRUSES: gene_rate=0.000
2021-12-18 15:16:42.659588 | GENERATION: 244 | ERRORS: best=16, median=105.0, diversity=0.465 | INDIVIDUALS: n=200, avg_genome_length=56.28 | VIRUSES: gene_rate=0.000
2021-12-18 15:16:45.570415 | GENERATION: 245 | ERRORS: best=16, median=109.0, diversity=0.48 | INDIVIDUALS: n=200, avg_genome_length=55.545 | VIRUSES: gene_rate=0.000
2021-12-18 15:16:48.608749 | GENERATION: 246 | ERRORS: best=16, median=110.0, diversity=0.555 | INDIVIDUALS: n=200, avg_genome_length=55.64 | VIRUSES: gene_rate=0.000
2021-12-18 15:16:51.310129 | GENERATION: 247 | ERRORS: best=16, median=108.0, diversity=0.515 | INDIVIDUALS: n=200, avg_genome_length=55.82 | VIRUSES: gene_rate=0.000
2021-12-18 15:16:54.242231 | GENERATION: 248 | ERRORS: best=16, median=110.0, diversity=0.555 | INDIVIDUALS: n=200, avg_genome_length=55.9 | VIRUSES: gene_rate=0.000
2021-12-18 15:16:56.919456 | GENERATION: 249 | ERRORS: best=16, median=110.5, diversity=0.5 | INDIVIDUALS: n=200, avg_genome_length=56.07 | VIRUSES: gene_rate=0.000
2021-12-18 15:16:59.853710 | GENERATION: 250 | ERRORS: best=16, median=105.0, diversity=0.495 | INDIVIDUALS: n=200, avg_genome_length=55.51 | VIRUSES: gene_rate=0.000
2021-12-18 15:17:02.615465 | GENERATION: 251 | ERRORS: best=16, median=105.0, diversity=0.435 | INDIVIDUALS: n=200, avg_genome_length=55.69 | VIRUSES: gene_rate=0.000
2021-12-18 15:17:05.453326 | GENERATION: 252 | ERRORS: best=16, median=112.0, diversity=0.51 | INDIVIDUALS: n=200, avg_genome_length=55.5 | VIRUSES: gene_rate=0.000
2021-12-18 15:17:08.143960 | GENERATION: 253 | ERRORS: best=16, median=110.0, diversity=0.495 | INDIVIDUALS: n=200, avg_genome_length=55.305 | VIRUSES: gene_rate=0.000
2021-12-18 15:17:10.992772 | GENERATION: 254 | ERRORS: best=16, median=110.0, diversity=0.455 | INDIVIDUALS: n=200, avg_genome_length=55.87 | VIRUSES: gene_rate=0.000
2021-12-18 15:17:13.732631 | GENERATION: 255 | ERRORS: best=16, median=110.0, diversity=0.43 | INDIVIDUALS: n=200, avg_genome_length=56.025 | VIRUSES: gene_rate=0.000
2021-12-18 15:17:16.496361 | GENERATION: 256 | ERRORS: best=16, median=110.0, diversity=0.485 | INDIVIDUALS: n=200, avg_genome_length=56.125 | VIRUSES: gene_rate=0.000
2021-12-18 15:17:19.104792 | GENERATION: 257 | ERRORS: best=16, median=109.0, diversity=0.465 | INDIVIDUALS: n=200, avg_genome_length=55.78 | VIRUSES: gene_rate=0.000
2021-12-18 15:17:21.675857 | GENERATION: 258 | ERRORS: best=16, median=105.0, diversity=0.405 | INDIVIDUALS: n=200, avg_genome_length=55.525 | VIRUSES: gene_rate=0.000
2021-12-18 15:17:24.592299 | GENERATION: 259 | ERRORS: best=16, median=112.0, diversity=0.49 | INDIVIDUALS: n=200, avg_genome_length=55.55 | VIRUSES: gene_rate=0.000
2021-12-18 15:17:27.318882 | GENERATION: 260 | ERRORS: best=16, median=122.0, diversity=0.455 | INDIVIDUALS: n=200, avg_genome_length=55.525 | VIRUSES: gene_rate=0.000
2021-12-18 15:17:30.141590 | GENERATION: 261 | ERRORS: best=16, median=105.0, diversity=0.405 | INDIVIDUALS: n=200, avg_genome_length=55.585 | VIRUSES: gene_rate=0.000
2021-12-18 15:17:32.827475 | GENERATION: 262 | ERRORS: best=16, median=105.0, diversity=0.415 | INDIVIDUALS: n=200, avg_genome_length=55.645 | VIRUSES: gene_rate=0.000
2021-12-18 15:17:35.648541 | GENERATION: 263 | ERRORS: best=16, median=110.0, diversity=0.535 | INDIVIDUALS: n=200, avg_genome_length=55.68 | VIRUSES: gene_rate=0.000
2021-12-18 15:17:38.386129 | GENERATION: 264 | ERRORS: best=16, median=105.0, diversity=0.45 | INDIVIDUALS: n=200, avg_genome_length=55.02 | VIRUSES: gene_rate=0.000
2021-12-18 15:17:41.073723 | GENERATION: 265 | ERRORS: best=16, median=110.0, diversity=0.44 | INDIVIDUALS: n=200, avg_genome_length=55.26 | VIRUSES: gene_rate=0.000
2021-12-18 15:17:43.734691 | GENERATION: 266 | ERRORS: best=16, median=105.0, diversity=0.45 | INDIVIDUALS: n=200, avg_genome_length=55.325 | VIRUSES: gene_rate=0.000
2021-12-18 15:17:46.410096 | GENERATION: 267 | ERRORS: best=16, median=105.0, diversity=0.44 | INDIVIDUALS: n=200, avg_genome_length=55.42 | VIRUSES: gene_rate=0.000
2021-12-18 15:17:49.134766 | GENERATION: 268 | ERRORS: best=16, median=110.0, diversity=0.5 | INDIVIDUALS: n=200, avg_genome_length=55.295 | VIRUSES: gene_rate=0.000
2021-12-18 15:17:51.860608 | GENERATION: 269 | ERRORS: best=16, median=105.0, diversity=0.45 | INDIVIDUALS: n=200, avg_genome_length=55.385 | VIRUSES: gene_rate=0.000
2021-12-18 15:17:54.538701 | GENERATION: 270 | ERRORS: best=16, median=106.5, diversity=0.445 | INDIVIDUALS: n=200, avg_genome_length=55.2 | VIRUSES: gene_rate=0.000
2021-12-18 15:17:57.187843 | GENERATION: 271 | ERRORS: best=16, median=109.0, diversity=0.485 | INDIVIDUALS: n=200, avg_genome_length=55.085 | VIRUSES: gene_rate=0.000
2021-12-18 15:17:59.944707 | GENERATION: 272 | ERRORS: best=16, median=112.0, diversity=0.515 | INDIVIDUALS: n=200, avg_genome_length=54.825 | VIRUSES: gene_rate=0.000
2021-12-18 15:18:02.733758 | GENERATION: 273 | ERRORS: best=16, median=110.0, diversity=0.495 | INDIVIDUALS: n=200, avg_genome_length=55.215 | VIRUSES: gene_rate=0.000
2021-12-18 15:18:05.381594 | GENERATION: 274 | ERRORS: best=16, median=108.0, diversity=0.495 | INDIVIDUALS: n=200, avg_genome_length=54.79 | VIRUSES: gene_rate=0.000
2021-12-18 15:18:08.089066 | GENERATION: 275 | ERRORS: best=16, median=110.0, diversity=0.48 | INDIVIDUALS: n=200, avg_genome_length=54.52 | VIRUSES: gene_rate=0.000
2021-12-18 15:18:10.931121 | GENERATION: 276 | ERRORS: best=16, median=110.0, diversity=0.51 | INDIVIDUALS: n=200, avg_genome_length=55.085 | VIRUSES: gene_rate=0.000
2021-12-18 15:18:13.827997 | GENERATION: 277 | ERRORS: best=16, median=105.0, diversity=0.465 | INDIVIDUALS: n=200, avg_genome_length=54.775 | VIRUSES: gene_rate=0.000
2021-12-18 15:18:16.861620 | GENERATION: 278 | ERRORS: best=16, median=105.0, diversity=0.455 | INDIVIDUALS: n=200, avg_genome_length=55.505 | VIRUSES: gene_rate=0.000
2021-12-18 15:18:19.594247 | GENERATION: 279 | ERRORS: best=16, median=105.0, diversity=0.435 | INDIVIDUALS: n=200, avg_genome_length=54.48 | VIRUSES: gene_rate=0.000
2021-12-18 15:18:22.321759 | GENERATION: 280 | ERRORS: best=16, median=110.0, diversity=0.43 | INDIVIDUALS: n=200, avg_genome_length=55.19 | VIRUSES: gene_rate=0.000
2021-12-18 15:18:25.071376 | GENERATION: 281 | ERRORS: best=16, median=112.0, diversity=0.455 | INDIVIDUALS: n=200, avg_genome_length=54.51 | VIRUSES: gene_rate=0.000
2021-12-18 15:18:27.810395 | GENERATION: 282 | ERRORS: best=16, median=113.5, diversity=0.425 | INDIVIDUALS: n=200, avg_genome_length=54.5 | VIRUSES: gene_rate=0.000
2021-12-18 15:18:30.659524 | GENERATION: 283 | ERRORS: best=16, median=112.0, diversity=0.435 | INDIVIDUALS: n=200, avg_genome_length=54.6 | VIRUSES: gene_rate=0.000
2021-12-18 15:18:33.379227 | GENERATION: 284 | ERRORS: best=16, median=113.0, diversity=0.48 | INDIVIDUALS: n=200, avg_genome_length=54.785 | VIRUSES: gene_rate=0.000
2021-12-18 15:18:36.276732 | GENERATION: 285 | ERRORS: best=16, median=107.0, diversity=0.455 | INDIVIDUALS: n=200, avg_genome_length=54.95 | VIRUSES: gene_rate=0.000
2021-12-18 15:18:39.035401 | GENERATION: 286 | ERRORS: best=16, median=110.0, diversity=0.455 | INDIVIDUALS: n=200, avg_genome_length=54.545 | VIRUSES: gene_rate=0.000
2021-12-18 15:18:41.717632 | GENERATION: 287 | ERRORS: best=16, median=133.0, diversity=0.5 | INDIVIDUALS: n=200, avg_genome_length=54.305 | VIRUSES: gene_rate=0.000
2021-12-18 15:18:44.379112 | GENERATION: 288 | ERRORS: best=16, median=105.0, diversity=0.455 | INDIVIDUALS: n=200, avg_genome_length=54.665 | VIRUSES: gene_rate=0.000
2021-12-18 15:18:47.142458 | GENERATION: 289 | ERRORS: best=16, median=113.0, diversity=0.5 | INDIVIDUALS: n=200, avg_genome_length=54.62 | VIRUSES: gene_rate=0.000
2021-12-18 15:18:49.964143 | GENERATION: 290 | ERRORS: best=16, median=114.5, diversity=0.51 | INDIVIDUALS: n=200, avg_genome_length=54.815 | VIRUSES: gene_rate=0.000
2021-12-18 15:18:52.642922 | GENERATION: 291 | ERRORS: best=16, median=105.0, diversity=0.405 | INDIVIDUALS: n=200, avg_genome_length=55.3 | VIRUSES: gene_rate=0.000
2021-12-18 15:18:55.426550 | GENERATION: 292 | ERRORS: best=16, median=125.5, diversity=0.445 | INDIVIDUALS: n=200, avg_genome_length=54.815 | VIRUSES: gene_rate=0.000
2021-12-18 15:18:58.266154 | GENERATION: 293 | ERRORS: best=16, median=112.0, diversity=0.49 | INDIVIDUALS: n=200, avg_genome_length=55.385 | VIRUSES: gene_rate=0.000
2021-12-18 15:19:01.053627 | GENERATION: 294 | ERRORS: best=16, median=110.0, diversity=0.48 | INDIVIDUALS: n=200, avg_genome_length=55.87 | VIRUSES: gene_rate=0.000
2021-12-18 15:19:03.768177 | GENERATION: 295 | ERRORS: best=16, median=110.0, diversity=0.49 | INDIVIDUALS: n=200, avg_genome_length=55.12 | VIRUSES: gene_rate=0.000
2021-12-18 15:19:06.741952 | GENERATION: 296 | ERRORS: best=16, median=111.5, diversity=0.485 | INDIVIDUALS: n=200, avg_genome_length=54.755 | VIRUSES: gene_rate=0.000
2021-12-18 15:19:09.468275 | GENERATION: 297 | ERRORS: best=16, median=111.5, diversity=0.455 | INDIVIDUALS: n=200, avg_genome_length=54.96 | VIRUSES: gene_rate=0.000
2021-12-18 15:19:12.298969 | GENERATION: 298 | ERRORS: best=16, median=110.0, diversity=0.43 | INDIVIDUALS: n=200, avg_genome_length=54.89 | VIRUSES: gene_rate=0.000
2021-12-18 15:19:15.128936 | GENERATION: 299 | ERRORS: best=16, median=122.0, diversity=0.465 | INDIVIDUALS: n=200, avg_genome_length=54.485 | VIRUSES: gene_rate=0.000
2021-12-18 15:19:17.866693 | GENERATION: 300 | ERRORS: best=16, median=106.5, diversity=0.465 | INDIVIDUALS: n=200, avg_genome_length=54.935 | VIRUSES: gene_rate=0.000
Simplifying genome of length 64 with total error 16.
Simplified genome by 1 to length 63.
Simplified genome by 2 to length 61.
Simplified genome by 2 to length 59.
Simplified genome by 1 to length 58.
Simplified genome by 1 to length 57.
Simplified genome by 1 to length 56.
Simplified genome by 2 to length 54.
Simplified genome by 1 to length 53.
Simplified genome by 1 to length 52.
Simplified genome by 2 to length 50.
Simplified genome by 1 to length 49.
Simplified genome by 1 to length 48.
Simplified genome by 2 to length 46.
Simplified genome by 1 to length 45.
Simplified genome by 1 to length 44.
Simplified genome by 1 to length 43.
Simplified genome by 1 to length 42.
Simplified genome by 1 to length 41.
Simplified genome by 1 to length 40.
Simplified genome by 1 to length 39.
Simplified genome by 1 to length 38.
Simplified genome by 2 to length 36.
Simplified genome by 1 to length 35.
Simplified genome by 3 to length 32.
Simplified genome by 1 to length 31.
Simplified genome by 1 to length 30.
Simplified genome by 2 to length 28.
Simplified genome by 1 to length 27.
Simplified genome to length 27 and total error 16.
========================================
End Run
========================================
No solution found.
Best Seen Individual
	Genome:
	 pvector([Input(input_index=2), InstructionMeta(name='exec_yank_dup', code_blocks=0), Input(input_index=0), Input(input_index=1), InstructionMeta(name='exec_if', code_blocks=2), InstructionMeta(name='int_min', code_blocks=0), Input(input_index=1), Literal(value=2000, push_type=<pyshgp.push.types.PushIntType object at 0x7fe7e40c1a30>), InstructionMeta(name='int_gte', code_blocks=0), Input(input_index=2), Closer(), Closer(), InstructionMeta(name='int_max', code_blocks=0), InstructionMeta(name='print_int', code_blocks=0), Literal(value=1000, push_type=<pyshgp.push.types.PushIntType object at 0x7fe7e40c1af0>), InstructionMeta(name='int_mod', code_blocks=0), Input(input_index=1), InstructionMeta(name='int_lt', code_blocks=0), InstructionMeta(name='noop_open', code_blocks=1), Input(input_index=2), Input(input_index=1), InstructionMeta(name='int_lt', code_blocks=0), Input(input_index=1), Input(input_index=2), Literal(value=1, push_type=<pyshgp.push.types.PushIntType object at 0x7fe7e40c1fd0>), InstructionMeta(name='int_eq', code_blocks=0), InstructionMeta(name='exec_do_while', code_blocks=1)])
	Program:
	 (input_2 exec_yank_dup input_0 input_1 exec_if (int_min input_1 2000 int_gte input_2) () int_max print_int 1000 int_mod input_1 int_lt noop_open (input_2 input_1 int_lt input_1 input_2 1 int_eq exec_do_while ()))
	Error vector:
	 [0 0 0 0 0 0 0 0 0 2 0 0 0 0 0 0 0 2 0 0 0 0 0 0 0 0 0 0 0 0 2 0 0 0 0 0 0
 0 0 0 0 0 0 0 0 0 1 0 0 0 0 0 0 0 0 2 2 1 0 0 0 0 0 0 0 0 2 0 0 0 2 0 0 0
 0 0 0 0 0 0 0 0 0 0 0 0 0 0 0 0 0 0 0 0 0 0 0 0 0 0]
	Total error:
	 16
	Test error:
	 196
	Time:
	 00:18:09
