Included 0 edge cases.
Included 100 random cases.
Included 100 cases in total.
Finished formatting.
Included 0 edge cases.
Included 1000 random cases.
Included 1000 cases in total.
Finished formatting.
========================================
Setup
========================================
Search Configuration:
signature: ProgramSignature(arity=3, output_stacks=['stdout'], push_config=PushConfig(step_limit=200, numeric_magnitude_limit=1000000000000.0, collection_size_cap=1000, runtime_limit=10, growth_cap=500))
evaluator: <pyshgp.gp.evaluation.DatasetEvaluator object at 0x7f67b9ce7670>
spawner: <pyshgp.gp.genome.GeneSpawner object at 0x7f67b9ce7b50>
population_size: 200
max_generations: 300
error_threshold: 0.0
initial_genome_size: (20, 100)
simplification_steps: 500
parallel_context: <pyshgp.gp.search.ParallelContext object at 0x7f67b9ce78e0>
selection: <pyshgp.utils.DiscreteProbDistrib object at 0x7f67b9c39580>
variation: <pyshgp.utils.DiscreteProbDistrib object at 0x7f67b9c395c0>
Instructions:
int_add, int_sub, int_mult, int_div, int_mod, int_min, int_max, int_inc, int_dec, int_lt, int_lte, int_gt, int_gte, int_from_bool, bool_and, bool_or, bool_not, bool_xor, bool_invert_first_then_and, bool_second_first_then_and, bool_from_int, noop, noop_open, exec_do_range, exec_do_count, exec_while, exec_do_while, exec_if, exec_when, print_bool, println_bool, print_int, println_int, print_exec, println_exec, bool_pop, bool_dup, bool_dup_times, bool_swap, bool_rot, bool_flush, bool_eq, bool_stack_depth, bool_yank, bool_yank_dup, bool_shove, bool_shove_dup, bool_is_empty, int_pop, int_dup, int_dup_times, int_swap, int_rot, int_flush, int_eq, int_stack_depth, int_yank, int_yank_dup, int_shove, int_shove_dup, int_is_empty, exec_pop, exec_dup, exec_dup_times, exec_swap, exec_rot, exec_flush, exec_eq, exec_stack_depth, exec_yank, exec_yank_dup, exec_shove, exec_shove_dup, exec_is_empty
Literals:
[]
ERC Generators:
[<function rand_int at 0x7f67b306c430>]
========================================
Start Run
========================================
2021-12-18 18:15:54.796773 | GENERATION: 1 | ERRORS: best=237, median=4688.0, diversity=0.09 | INDIVIDUALS: n=200, avg_genome_length=60.44 | VIRUSES: gene_rate=0.000
2021-12-18 18:15:57.142411 | GENERATION: 2 | ERRORS: best=221, median=237.0, diversity=0.14 | INDIVIDUALS: n=200, avg_genome_length=55.37 | VIRUSES: gene_rate=0.000
2021-12-18 18:16:01.167464 | GENERATION: 3 | ERRORS: best=103, median=237.0, diversity=0.33 | INDIVIDUALS: n=200, avg_genome_length=49.39 | VIRUSES: gene_rate=0.000
2021-12-18 18:16:04.623052 | GENERATION: 4 | ERRORS: best=103, median=219.0, diversity=0.29 | INDIVIDUALS: n=200, avg_genome_length=46.84 | VIRUSES: gene_rate=0.000
2021-12-18 18:16:07.919622 | GENERATION: 5 | ERRORS: best=103, median=225.0, diversity=0.355 | INDIVIDUALS: n=200, avg_genome_length=45.57 | VIRUSES: gene_rate=0.000
2021-12-18 18:16:10.927050 | GENERATION: 6 | ERRORS: best=103, median=217.0, diversity=0.315 | INDIVIDUALS: n=200, avg_genome_length=43.51 | VIRUSES: gene_rate=0.000
2021-12-18 18:16:13.872905 | GENERATION: 7 | ERRORS: best=103, median=217.0, diversity=0.305 | INDIVIDUALS: n=200, avg_genome_length=42.025 | VIRUSES: gene_rate=0.000
2021-12-18 18:16:16.975718 | GENERATION: 8 | ERRORS: best=96, median=217.0, diversity=0.27 | INDIVIDUALS: n=200, avg_genome_length=41.5 | VIRUSES: gene_rate=0.000
2021-12-18 18:16:20.147874 | GENERATION: 9 | ERRORS: best=90, median=149.0, diversity=0.295 | INDIVIDUALS: n=200, avg_genome_length=41.655 | VIRUSES: gene_rate=0.000
2021-12-18 18:16:22.944708 | GENERATION: 10 | ERRORS: best=90, median=125.5, diversity=0.285 | INDIVIDUALS: n=200, avg_genome_length=41.06 | VIRUSES: gene_rate=0.000
2021-12-18 18:16:25.743095 | GENERATION: 11 | ERRORS: best=90, median=142.5, diversity=0.32 | INDIVIDUALS: n=200, avg_genome_length=41.175 | VIRUSES: gene_rate=0.000
2021-12-18 18:16:28.317736 | GENERATION: 12 | ERRORS: best=90, median=109.0, diversity=0.27 | INDIVIDUALS: n=200, avg_genome_length=40.895 | VIRUSES: gene_rate=0.000
2021-12-18 18:16:30.882780 | GENERATION: 13 | ERRORS: best=90, median=109.0, diversity=0.315 | INDIVIDUALS: n=200, avg_genome_length=43.02 | VIRUSES: gene_rate=0.000
2021-12-18 18:16:33.534734 | GENERATION: 14 | ERRORS: best=90, median=105.5, diversity=0.33 | INDIVIDUALS: n=200, avg_genome_length=42.53 | VIRUSES: gene_rate=0.000
2021-12-18 18:16:36.487161 | GENERATION: 15 | ERRORS: best=90, median=106.0, diversity=0.31 | INDIVIDUALS: n=200, avg_genome_length=39.87 | VIRUSES: gene_rate=0.000
2021-12-18 18:16:39.213582 | GENERATION: 16 | ERRORS: best=90, median=107.5, diversity=0.29 | INDIVIDUALS: n=200, avg_genome_length=40.175 | VIRUSES: gene_rate=0.000
2021-12-18 18:16:42.018571 | GENERATION: 17 | ERRORS: best=90, median=112.0, diversity=0.37 | INDIVIDUALS: n=200, avg_genome_length=40.37 | VIRUSES: gene_rate=0.000
2021-12-18 18:16:45.393399 | GENERATION: 18 | ERRORS: best=90, median=109.0, diversity=0.335 | INDIVIDUALS: n=200, avg_genome_length=40.395 | VIRUSES: gene_rate=0.000
2021-12-18 18:16:48.710110 | GENERATION: 19 | ERRORS: best=90, median=112.0, diversity=0.295 | INDIVIDUALS: n=200, avg_genome_length=39.44 | VIRUSES: gene_rate=0.000
2021-12-18 18:16:51.936172 | GENERATION: 20 | ERRORS: best=90, median=106.0, diversity=0.3 | INDIVIDUALS: n=200, avg_genome_length=38.065 | VIRUSES: gene_rate=0.000
2021-12-18 18:16:55.196093 | GENERATION: 21 | ERRORS: best=90, median=109.0, diversity=0.34 | INDIVIDUALS: n=200, avg_genome_length=37.925 | VIRUSES: gene_rate=0.000
2021-12-18 18:16:58.035175 | GENERATION: 22 | ERRORS: best=90, median=105.0, diversity=0.235 | INDIVIDUALS: n=200, avg_genome_length=37.055 | VIRUSES: gene_rate=0.000
2021-12-18 18:17:01.060330 | GENERATION: 23 | ERRORS: best=71, median=118.5, diversity=0.325 | INDIVIDUALS: n=200, avg_genome_length=37.21 | VIRUSES: gene_rate=0.000
2021-12-18 18:17:04.163685 | GENERATION: 24 | ERRORS: best=71, median=106.0, diversity=0.355 | INDIVIDUALS: n=200, avg_genome_length=37.165 | VIRUSES: gene_rate=0.000
2021-12-18 18:17:06.875951 | GENERATION: 25 | ERRORS: best=71, median=106.0, diversity=0.31 | INDIVIDUALS: n=200, avg_genome_length=37.78 | VIRUSES: gene_rate=0.000
2021-12-18 18:17:09.924645 | GENERATION: 26 | ERRORS: best=71, median=149.0, diversity=0.4 | INDIVIDUALS: n=200, avg_genome_length=36.62 | VIRUSES: gene_rate=0.000
2021-12-18 18:17:13.054408 | GENERATION: 27 | ERRORS: best=71, median=106.0, diversity=0.33 | INDIVIDUALS: n=200, avg_genome_length=35.675 | VIRUSES: gene_rate=0.000
2021-12-18 18:17:16.539657 | GENERATION: 28 | ERRORS: best=70, median=116.5, diversity=0.4 | INDIVIDUALS: n=200, avg_genome_length=36.67 | VIRUSES: gene_rate=0.000
2021-12-18 18:17:20.450613 | GENERATION: 29 | ERRORS: best=70, median=105.0, diversity=0.365 | INDIVIDUALS: n=200, avg_genome_length=35.525 | VIRUSES: gene_rate=0.000
2021-12-18 18:17:24.411163 | GENERATION: 30 | ERRORS: best=71, median=108.5, diversity=0.375 | INDIVIDUALS: n=200, avg_genome_length=34.11 | VIRUSES: gene_rate=0.000
2021-12-18 18:17:28.848981 | GENERATION: 31 | ERRORS: best=71, median=105.0, diversity=0.355 | INDIVIDUALS: n=200, avg_genome_length=34.275 | VIRUSES: gene_rate=0.000
2021-12-18 18:17:33.053829 | GENERATION: 32 | ERRORS: best=71, median=108.5, diversity=0.375 | INDIVIDUALS: n=200, avg_genome_length=33.88 | VIRUSES: gene_rate=0.000
2021-12-18 18:17:36.283146 | GENERATION: 33 | ERRORS: best=70, median=105.0, diversity=0.365 | INDIVIDUALS: n=200, avg_genome_length=32.23 | VIRUSES: gene_rate=0.000
2021-12-18 18:17:40.097100 | GENERATION: 34 | ERRORS: best=53, median=115.0, diversity=0.365 | INDIVIDUALS: n=200, avg_genome_length=31.9 | VIRUSES: gene_rate=0.000
2021-12-18 18:17:43.686624 | GENERATION: 35 | ERRORS: best=53, median=107.5, diversity=0.385 | INDIVIDUALS: n=200, avg_genome_length=33.0 | VIRUSES: gene_rate=0.000
2021-12-18 18:17:46.596764 | GENERATION: 36 | ERRORS: best=45, median=117.5, diversity=0.42 | INDIVIDUALS: n=200, avg_genome_length=32.005 | VIRUSES: gene_rate=0.000
2021-12-18 18:17:49.810715 | GENERATION: 37 | ERRORS: best=45, median=105.0, diversity=0.375 | INDIVIDUALS: n=200, avg_genome_length=31.3 | VIRUSES: gene_rate=0.000
2021-12-18 18:17:52.827589 | GENERATION: 38 | ERRORS: best=41, median=105.0, diversity=0.43 | INDIVIDUALS: n=200, avg_genome_length=30.37 | VIRUSES: gene_rate=0.000
2021-12-18 18:17:55.455656 | GENERATION: 39 | ERRORS: best=41, median=105.0, diversity=0.395 | INDIVIDUALS: n=200, avg_genome_length=33.665 | VIRUSES: gene_rate=0.000
2021-12-18 18:17:58.322791 | GENERATION: 40 | ERRORS: best=41, median=105.0, diversity=0.34 | INDIVIDUALS: n=200, avg_genome_length=32.9 | VIRUSES: gene_rate=0.000
2021-12-18 18:18:00.733267 | GENERATION: 41 | ERRORS: best=41, median=103.0, diversity=0.34 | INDIVIDUALS: n=200, avg_genome_length=31.96 | VIRUSES: gene_rate=0.000
2021-12-18 18:18:03.070676 | GENERATION: 42 | ERRORS: best=41, median=110.0, diversity=0.385 | INDIVIDUALS: n=200, avg_genome_length=31.1 | VIRUSES: gene_rate=0.000
2021-12-18 18:18:05.640806 | GENERATION: 43 | ERRORS: best=41, median=105.0, diversity=0.405 | INDIVIDUALS: n=200, avg_genome_length=31.135 | VIRUSES: gene_rate=0.000
2021-12-18 18:18:08.216400 | GENERATION: 44 | ERRORS: best=41, median=113.0, diversity=0.415 | INDIVIDUALS: n=200, avg_genome_length=31.11 | VIRUSES: gene_rate=0.000
2021-12-18 18:18:10.568632 | GENERATION: 45 | ERRORS: best=41, median=106.0, diversity=0.41 | INDIVIDUALS: n=200, avg_genome_length=30.505 | VIRUSES: gene_rate=0.000
2021-12-18 18:18:12.853528 | GENERATION: 46 | ERRORS: best=41, median=103.0, diversity=0.385 | INDIVIDUALS: n=200, avg_genome_length=31.055 | VIRUSES: gene_rate=0.000
2021-12-18 18:18:15.565944 | GENERATION: 47 | ERRORS: best=41, median=104.5, diversity=0.435 | INDIVIDUALS: n=200, avg_genome_length=30.465 | VIRUSES: gene_rate=0.000
2021-12-18 18:18:18.054282 | GENERATION: 48 | ERRORS: best=41, median=103.0, diversity=0.405 | INDIVIDUALS: n=200, avg_genome_length=30.36 | VIRUSES: gene_rate=0.000
2021-12-18 18:18:20.677762 | GENERATION: 49 | ERRORS: best=41, median=112.0, diversity=0.46 | INDIVIDUALS: n=200, avg_genome_length=30.16 | VIRUSES: gene_rate=0.000
2021-12-18 18:18:23.146776 | GENERATION: 50 | ERRORS: best=41, median=111.0, diversity=0.41 | INDIVIDUALS: n=200, avg_genome_length=29.655 | VIRUSES: gene_rate=0.000
2021-12-18 18:18:25.331135 | GENERATION: 51 | ERRORS: best=41, median=113.0, diversity=0.375 | INDIVIDUALS: n=200, avg_genome_length=29.04 | VIRUSES: gene_rate=0.000
2021-12-18 18:18:27.723541 | GENERATION: 52 | ERRORS: best=34, median=107.0, diversity=0.39 | INDIVIDUALS: n=200, avg_genome_length=28.48 | VIRUSES: gene_rate=0.000
2021-12-18 18:18:30.145118 | GENERATION: 53 | ERRORS: best=30, median=103.0, diversity=0.405 | INDIVIDUALS: n=200, avg_genome_length=29.89 | VIRUSES: gene_rate=0.000
2021-12-18 18:18:32.471820 | GENERATION: 54 | ERRORS: best=11, median=100.0, diversity=0.385 | INDIVIDUALS: n=200, avg_genome_length=29.335 | VIRUSES: gene_rate=0.000
2021-12-18 18:18:34.986681 | GENERATION: 55 | ERRORS: best=11, median=96.0, diversity=0.4 | INDIVIDUALS: n=200, avg_genome_length=29.075 | VIRUSES: gene_rate=0.000
2021-12-18 18:18:37.349725 | GENERATION: 56 | ERRORS: best=11, median=90.0, diversity=0.365 | INDIVIDUALS: n=200, avg_genome_length=28.745 | VIRUSES: gene_rate=0.000
2021-12-18 18:18:39.649856 | GENERATION: 57 | ERRORS: best=11, median=101.0, diversity=0.38 | INDIVIDUALS: n=200, avg_genome_length=28.055 | VIRUSES: gene_rate=0.000
2021-12-18 18:18:42.002936 | GENERATION: 58 | ERRORS: best=11, median=100.5, diversity=0.36 | INDIVIDUALS: n=200, avg_genome_length=28.205 | VIRUSES: gene_rate=0.000
2021-12-18 18:18:44.266094 | GENERATION: 59 | ERRORS: best=11, median=94.5, diversity=0.375 | INDIVIDUALS: n=200, avg_genome_length=27.715 | VIRUSES: gene_rate=0.000
2021-12-18 18:18:46.698157 | GENERATION: 60 | ERRORS: best=11, median=103.0, diversity=0.395 | INDIVIDUALS: n=200, avg_genome_length=27.95 | VIRUSES: gene_rate=0.000
2021-12-18 18:18:48.951108 | GENERATION: 61 | ERRORS: best=11, median=105.0, diversity=0.45 | INDIVIDUALS: n=200, avg_genome_length=27.225 | VIRUSES: gene_rate=0.000
2021-12-18 18:18:51.475070 | GENERATION: 62 | ERRORS: best=11, median=101.0, diversity=0.36 | INDIVIDUALS: n=200, avg_genome_length=27.975 | VIRUSES: gene_rate=0.000
2021-12-18 18:18:53.890233 | GENERATION: 63 | ERRORS: best=11, median=107.0, diversity=0.41 | INDIVIDUALS: n=200, avg_genome_length=27.99 | VIRUSES: gene_rate=0.000
2021-12-18 18:18:56.352940 | GENERATION: 64 | ERRORS: best=11, median=103.5, diversity=0.41 | INDIVIDUALS: n=200, avg_genome_length=28.16 | VIRUSES: gene_rate=0.000
2021-12-18 18:18:59.172627 | GENERATION: 65 | ERRORS: best=11, median=101.0, diversity=0.36 | INDIVIDUALS: n=200, avg_genome_length=28.31 | VIRUSES: gene_rate=0.000
2021-12-18 18:19:01.372869 | GENERATION: 66 | ERRORS: best=11, median=99.5, diversity=0.395 | INDIVIDUALS: n=200, avg_genome_length=28.09 | VIRUSES: gene_rate=0.000
2021-12-18 18:19:03.718874 | GENERATION: 67 | ERRORS: best=11, median=103.0, diversity=0.32 | INDIVIDUALS: n=200, avg_genome_length=27.855 | VIRUSES: gene_rate=0.000
2021-12-18 18:19:05.957535 | GENERATION: 68 | ERRORS: best=11, median=103.0, diversity=0.33 | INDIVIDUALS: n=200, avg_genome_length=27.32 | VIRUSES: gene_rate=0.000
2021-12-18 18:19:08.261360 | GENERATION: 69 | ERRORS: best=11, median=101.0, diversity=0.345 | INDIVIDUALS: n=200, avg_genome_length=26.875 | VIRUSES: gene_rate=0.000
2021-12-18 18:19:10.328599 | GENERATION: 70 | ERRORS: best=11, median=105.0, diversity=0.335 | INDIVIDUALS: n=200, avg_genome_length=26.825 | VIRUSES: gene_rate=0.000
2021-12-18 18:19:12.619757 | GENERATION: 71 | ERRORS: best=11, median=98.0, diversity=0.3 | INDIVIDUALS: n=200, avg_genome_length=26.425 | VIRUSES: gene_rate=0.000
2021-12-18 18:19:14.864098 | GENERATION: 72 | ERRORS: best=11, median=93.0, diversity=0.295 | INDIVIDUALS: n=200, avg_genome_length=26.57 | VIRUSES: gene_rate=0.000
2021-12-18 18:19:17.147648 | GENERATION: 73 | ERRORS: best=11, median=96.0, diversity=0.275 | INDIVIDUALS: n=200, avg_genome_length=26.54 | VIRUSES: gene_rate=0.000
2021-12-18 18:19:19.363442 | GENERATION: 74 | ERRORS: best=11, median=101.0, diversity=0.31 | INDIVIDUALS: n=200, avg_genome_length=25.85 | VIRUSES: gene_rate=0.000
2021-12-18 18:19:21.643986 | GENERATION: 75 | ERRORS: best=11, median=96.0, diversity=0.325 | INDIVIDUALS: n=200, avg_genome_length=24.66 | VIRUSES: gene_rate=0.000
2021-12-18 18:19:24.024959 | GENERATION: 76 | ERRORS: best=11, median=101.0, diversity=0.305 | INDIVIDUALS: n=200, avg_genome_length=24.275 | VIRUSES: gene_rate=0.000
2021-12-18 18:19:26.099806 | GENERATION: 77 | ERRORS: best=11, median=93.0, diversity=0.305 | INDIVIDUALS: n=200, avg_genome_length=24.295 | VIRUSES: gene_rate=0.000
2021-12-18 18:19:28.110470 | GENERATION: 78 | ERRORS: best=11, median=101.0, diversity=0.295 | INDIVIDUALS: n=200, avg_genome_length=24.755 | VIRUSES: gene_rate=0.000
2021-12-18 18:19:30.233709 | GENERATION: 79 | ERRORS: best=11, median=94.5, diversity=0.305 | INDIVIDUALS: n=200, avg_genome_length=24.115 | VIRUSES: gene_rate=0.000
2021-12-18 18:19:32.402373 | GENERATION: 80 | ERRORS: best=11, median=90.0, diversity=0.295 | INDIVIDUALS: n=200, avg_genome_length=24.205 | VIRUSES: gene_rate=0.000
2021-12-18 18:19:34.498009 | GENERATION: 81 | ERRORS: best=11, median=98.0, diversity=0.335 | INDIVIDUALS: n=200, avg_genome_length=24.49 | VIRUSES: gene_rate=0.000
2021-12-18 18:19:36.610550 | GENERATION: 82 | ERRORS: best=11, median=90.0, diversity=0.31 | INDIVIDUALS: n=200, avg_genome_length=23.845 | VIRUSES: gene_rate=0.000
2021-12-18 18:19:38.663547 | GENERATION: 83 | ERRORS: best=11, median=93.0, diversity=0.32 | INDIVIDUALS: n=200, avg_genome_length=24.295 | VIRUSES: gene_rate=0.000
2021-12-18 18:19:40.709470 | GENERATION: 84 | ERRORS: best=11, median=101.0, diversity=0.325 | INDIVIDUALS: n=200, avg_genome_length=24.14 | VIRUSES: gene_rate=0.000
2021-12-18 18:19:42.883696 | GENERATION: 85 | ERRORS: best=11, median=93.0, diversity=0.335 | INDIVIDUALS: n=200, avg_genome_length=24.265 | VIRUSES: gene_rate=0.000
2021-12-18 18:19:45.010571 | GENERATION: 86 | ERRORS: best=11, median=98.0, diversity=0.31 | INDIVIDUALS: n=200, avg_genome_length=23.815 | VIRUSES: gene_rate=0.000
2021-12-18 18:19:47.183081 | GENERATION: 87 | ERRORS: best=11, median=91.5, diversity=0.31 | INDIVIDUALS: n=200, avg_genome_length=24.075 | VIRUSES: gene_rate=0.000
2021-12-18 18:19:49.311028 | GENERATION: 88 | ERRORS: best=11, median=103.0, diversity=0.305 | INDIVIDUALS: n=200, avg_genome_length=25.155 | VIRUSES: gene_rate=0.000
2021-12-18 18:19:51.369437 | GENERATION: 89 | ERRORS: best=11, median=100.0, diversity=0.34 | INDIVIDUALS: n=200, avg_genome_length=24.9 | VIRUSES: gene_rate=0.000
2021-12-18 18:19:53.331119 | GENERATION: 90 | ERRORS: best=11, median=103.0, diversity=0.305 | INDIVIDUALS: n=200, avg_genome_length=24.55 | VIRUSES: gene_rate=0.000
2021-12-18 18:19:55.409275 | GENERATION: 91 | ERRORS: best=11, median=103.0, diversity=0.38 | INDIVIDUALS: n=200, avg_genome_length=24.31 | VIRUSES: gene_rate=0.000
2021-12-18 18:19:57.435432 | GENERATION: 92 | ERRORS: best=11, median=101.0, diversity=0.31 | INDIVIDUALS: n=200, avg_genome_length=23.815 | VIRUSES: gene_rate=0.000
2021-12-18 18:19:59.473084 | GENERATION: 93 | ERRORS: best=11, median=102.0, diversity=0.33 | INDIVIDUALS: n=200, avg_genome_length=25.18 | VIRUSES: gene_rate=0.000
2021-12-18 18:20:01.675984 | GENERATION: 94 | ERRORS: best=11, median=94.5, diversity=0.37 | INDIVIDUALS: n=200, avg_genome_length=25.21 | VIRUSES: gene_rate=0.000
2021-12-18 18:20:03.920681 | GENERATION: 95 | ERRORS: best=11, median=101.0, diversity=0.34 | INDIVIDUALS: n=200, avg_genome_length=25.065 | VIRUSES: gene_rate=0.000
2021-12-18 18:20:06.072278 | GENERATION: 96 | ERRORS: best=11, median=99.5, diversity=0.34 | INDIVIDUALS: n=200, avg_genome_length=24.925 | VIRUSES: gene_rate=0.000
2021-12-18 18:20:08.184899 | GENERATION: 97 | ERRORS: best=11, median=103.0, diversity=0.38 | INDIVIDUALS: n=200, avg_genome_length=24.865 | VIRUSES: gene_rate=0.000
2021-12-18 18:20:10.474191 | GENERATION: 98 | ERRORS: best=11, median=103.0, diversity=0.365 | INDIVIDUALS: n=200, avg_genome_length=25.17 | VIRUSES: gene_rate=0.000
2021-12-18 18:20:12.583569 | GENERATION: 99 | ERRORS: best=11, median=93.0, diversity=0.385 | INDIVIDUALS: n=200, avg_genome_length=24.955 | VIRUSES: gene_rate=0.000
2021-12-18 18:20:14.729627 | GENERATION: 100 | ERRORS: best=11, median=90.0, diversity=0.33 | INDIVIDUALS: n=200, avg_genome_length=24.58 | VIRUSES: gene_rate=0.000
2021-12-18 18:20:16.834089 | GENERATION: 101 | ERRORS: best=11, median=103.0, diversity=0.355 | INDIVIDUALS: n=200, avg_genome_length=24.355 | VIRUSES: gene_rate=0.000
2021-12-18 18:20:18.788132 | GENERATION: 102 | ERRORS: best=11, median=101.0, diversity=0.36 | INDIVIDUALS: n=200, avg_genome_length=23.775 | VIRUSES: gene_rate=0.000
2021-12-18 18:20:20.860609 | GENERATION: 103 | ERRORS: best=11, median=101.0, diversity=0.365 | INDIVIDUALS: n=200, avg_genome_length=24.59 | VIRUSES: gene_rate=0.000
2021-12-18 18:20:22.876463 | GENERATION: 104 | ERRORS: best=11, median=101.0, diversity=0.35 | INDIVIDUALS: n=200, avg_genome_length=24.585 | VIRUSES: gene_rate=0.000
2021-12-18 18:20:24.985640 | GENERATION: 105 | ERRORS: best=11, median=103.0, diversity=0.35 | INDIVIDUALS: n=200, avg_genome_length=24.665 | VIRUSES: gene_rate=0.000
2021-12-18 18:20:26.999935 | GENERATION: 106 | ERRORS: best=11, median=101.0, diversity=0.345 | INDIVIDUALS: n=200, avg_genome_length=25.205 | VIRUSES: gene_rate=0.000
2021-12-18 18:20:29.102567 | GENERATION: 107 | ERRORS: best=11, median=102.0, diversity=0.405 | INDIVIDUALS: n=200, avg_genome_length=24.865 | VIRUSES: gene_rate=0.000
2021-12-18 18:20:31.095695 | GENERATION: 108 | ERRORS: best=11, median=101.0, diversity=0.355 | INDIVIDUALS: n=200, avg_genome_length=24.61 | VIRUSES: gene_rate=0.000
2021-12-18 18:20:33.270615 | GENERATION: 109 | ERRORS: best=11, median=102.0, diversity=0.345 | INDIVIDUALS: n=200, avg_genome_length=24.475 | VIRUSES: gene_rate=0.000
2021-12-18 18:20:35.285363 | GENERATION: 110 | ERRORS: best=11, median=101.0, diversity=0.39 | INDIVIDUALS: n=200, avg_genome_length=24.105 | VIRUSES: gene_rate=0.000
2021-12-18 18:20:37.397227 | GENERATION: 111 | ERRORS: best=11, median=101.0, diversity=0.325 | INDIVIDUALS: n=200, avg_genome_length=24.465 | VIRUSES: gene_rate=0.000
2021-12-18 18:20:39.605887 | GENERATION: 112 | ERRORS: best=11, median=95.0, diversity=0.375 | INDIVIDUALS: n=200, avg_genome_length=25.175 | VIRUSES: gene_rate=0.000
2021-12-18 18:20:41.695985 | GENERATION: 113 | ERRORS: best=11, median=101.0, diversity=0.365 | INDIVIDUALS: n=200, avg_genome_length=23.645 | VIRUSES: gene_rate=0.000
2021-12-18 18:20:43.619346 | GENERATION: 114 | ERRORS: best=11, median=118.0, diversity=0.415 | INDIVIDUALS: n=200, avg_genome_length=24.655 | VIRUSES: gene_rate=0.000
2021-12-18 18:20:45.417058 | GENERATION: 115 | ERRORS: best=11, median=113.5, diversity=0.37 | INDIVIDUALS: n=200, avg_genome_length=24.65 | VIRUSES: gene_rate=0.000
2021-12-18 18:20:47.359365 | GENERATION: 116 | ERRORS: best=11, median=103.0, diversity=0.325 | INDIVIDUALS: n=200, avg_genome_length=24.25 | VIRUSES: gene_rate=0.000
2021-12-18 18:20:49.411258 | GENERATION: 117 | ERRORS: best=11, median=103.0, diversity=0.37 | INDIVIDUALS: n=200, avg_genome_length=23.34 | VIRUSES: gene_rate=0.000
2021-12-18 18:20:51.115329 | GENERATION: 118 | ERRORS: best=11, median=101.0, diversity=0.325 | INDIVIDUALS: n=200, avg_genome_length=23.58 | VIRUSES: gene_rate=0.000
2021-12-18 18:20:52.880774 | GENERATION: 119 | ERRORS: best=11, median=103.0, diversity=0.4 | INDIVIDUALS: n=200, avg_genome_length=23.55 | VIRUSES: gene_rate=0.000
2021-12-18 18:20:54.630501 | GENERATION: 120 | ERRORS: best=11, median=101.0, diversity=0.41 | INDIVIDUALS: n=200, avg_genome_length=25.03 | VIRUSES: gene_rate=0.000
2021-12-18 18:20:56.654557 | GENERATION: 121 | ERRORS: best=11, median=112.0, diversity=0.425 | INDIVIDUALS: n=200, avg_genome_length=25.17 | VIRUSES: gene_rate=0.000
2021-12-18 18:20:58.640068 | GENERATION: 122 | ERRORS: best=11, median=110.5, diversity=0.47 | INDIVIDUALS: n=200, avg_genome_length=24.74 | VIRUSES: gene_rate=0.000
2021-12-18 18:21:00.481665 | GENERATION: 123 | ERRORS: best=11, median=103.0, diversity=0.425 | INDIVIDUALS: n=200, avg_genome_length=24.97 | VIRUSES: gene_rate=0.000
2021-12-18 18:21:02.358461 | GENERATION: 124 | ERRORS: best=11, median=103.0, diversity=0.485 | INDIVIDUALS: n=200, avg_genome_length=25.135 | VIRUSES: gene_rate=0.000
2021-12-18 18:21:04.505361 | GENERATION: 125 | ERRORS: best=11, median=105.0, diversity=0.455 | INDIVIDUALS: n=200, avg_genome_length=25.11 | VIRUSES: gene_rate=0.000
2021-12-18 18:21:06.450101 | GENERATION: 126 | ERRORS: best=11, median=101.0, diversity=0.425 | INDIVIDUALS: n=200, avg_genome_length=26.035 | VIRUSES: gene_rate=0.000
2021-12-18 18:21:08.483308 | GENERATION: 127 | ERRORS: best=11, median=110.5, diversity=0.47 | INDIVIDUALS: n=200, avg_genome_length=26.345 | VIRUSES: gene_rate=0.000
2021-12-18 18:21:10.492418 | GENERATION: 128 | ERRORS: best=11, median=101.0, diversity=0.435 | INDIVIDUALS: n=200, avg_genome_length=26.36 | VIRUSES: gene_rate=0.000
2021-12-18 18:21:12.425326 | GENERATION: 129 | ERRORS: best=11, median=102.0, diversity=0.37 | INDIVIDUALS: n=200, avg_genome_length=26.095 | VIRUSES: gene_rate=0.000
2021-12-18 18:21:14.536106 | GENERATION: 130 | ERRORS: best=11, median=103.0, diversity=0.485 | INDIVIDUALS: n=200, avg_genome_length=26.495 | VIRUSES: gene_rate=0.000
2021-12-18 18:21:16.465571 | GENERATION: 131 | ERRORS: best=11, median=103.0, diversity=0.455 | INDIVIDUALS: n=200, avg_genome_length=26.385 | VIRUSES: gene_rate=0.000
2021-12-18 18:21:18.372834 | GENERATION: 132 | ERRORS: best=11, median=103.0, diversity=0.435 | INDIVIDUALS: n=200, avg_genome_length=26.575 | VIRUSES: gene_rate=0.000
2021-12-18 18:21:20.333307 | GENERATION: 133 | ERRORS: best=11, median=105.0, diversity=0.475 | INDIVIDUALS: n=200, avg_genome_length=26.54 | VIRUSES: gene_rate=0.000
2021-12-18 18:21:22.131494 | GENERATION: 134 | ERRORS: best=11, median=108.0, diversity=0.435 | INDIVIDUALS: n=200, avg_genome_length=26.235 | VIRUSES: gene_rate=0.000
2021-12-18 18:21:24.352258 | GENERATION: 135 | ERRORS: best=11, median=103.0, diversity=0.45 | INDIVIDUALS: n=200, avg_genome_length=26.39 | VIRUSES: gene_rate=0.000
2021-12-18 18:21:26.277933 | GENERATION: 136 | ERRORS: best=11, median=99.0, diversity=0.42 | INDIVIDUALS: n=200, avg_genome_length=25.825 | VIRUSES: gene_rate=0.000
2021-12-18 18:21:28.145752 | GENERATION: 137 | ERRORS: best=11, median=100.0, diversity=0.44 | INDIVIDUALS: n=200, avg_genome_length=25.365 | VIRUSES: gene_rate=0.000
2021-12-18 18:21:29.957275 | GENERATION: 138 | ERRORS: best=11, median=101.0, diversity=0.39 | INDIVIDUALS: n=200, avg_genome_length=24.825 | VIRUSES: gene_rate=0.000
2021-12-18 18:21:31.674287 | GENERATION: 139 | ERRORS: best=11, median=101.0, diversity=0.33 | INDIVIDUALS: n=200, avg_genome_length=24.675 | VIRUSES: gene_rate=0.000
2021-12-18 18:21:33.482725 | GENERATION: 140 | ERRORS: best=11, median=98.5, diversity=0.42 | INDIVIDUALS: n=200, avg_genome_length=24.45 | VIRUSES: gene_rate=0.000
2021-12-18 18:21:35.319873 | GENERATION: 141 | ERRORS: best=11, median=96.0, diversity=0.425 | INDIVIDUALS: n=200, avg_genome_length=24.835 | VIRUSES: gene_rate=0.000
2021-12-18 18:21:37.183167 | GENERATION: 142 | ERRORS: best=11, median=103.0, diversity=0.385 | INDIVIDUALS: n=200, avg_genome_length=26.015 | VIRUSES: gene_rate=0.000
2021-12-18 18:21:38.894470 | GENERATION: 143 | ERRORS: best=11, median=90.0, diversity=0.385 | INDIVIDUALS: n=200, avg_genome_length=25.99 | VIRUSES: gene_rate=0.000
2021-12-18 18:21:40.577574 | GENERATION: 144 | ERRORS: best=11, median=101.0, diversity=0.425 | INDIVIDUALS: n=200, avg_genome_length=26.44 | VIRUSES: gene_rate=0.000
2021-12-18 18:21:42.272424 | GENERATION: 145 | ERRORS: best=11, median=102.5, diversity=0.38 | INDIVIDUALS: n=200, avg_genome_length=26.475 | VIRUSES: gene_rate=0.000
2021-12-18 18:21:44.023906 | GENERATION: 146 | ERRORS: best=11, median=95.0, diversity=0.49 | INDIVIDUALS: n=200, avg_genome_length=26.665 | VIRUSES: gene_rate=0.000
2021-12-18 18:21:45.920474 | GENERATION: 147 | ERRORS: best=11, median=103.0, diversity=0.47 | INDIVIDUALS: n=200, avg_genome_length=26.205 | VIRUSES: gene_rate=0.000
2021-12-18 18:21:47.673036 | GENERATION: 148 | ERRORS: best=11, median=99.0, diversity=0.425 | INDIVIDUALS: n=200, avg_genome_length=25.845 | VIRUSES: gene_rate=0.000
2021-12-18 18:21:49.373666 | GENERATION: 149 | ERRORS: best=11, median=105.0, diversity=0.45 | INDIVIDUALS: n=200, avg_genome_length=26.22 | VIRUSES: gene_rate=0.000
2021-12-18 18:21:51.270522 | GENERATION: 150 | ERRORS: best=11, median=101.0, diversity=0.485 | INDIVIDUALS: n=200, avg_genome_length=25.985 | VIRUSES: gene_rate=0.000
2021-12-18 18:21:52.933758 | GENERATION: 151 | ERRORS: best=11, median=102.5, diversity=0.42 | INDIVIDUALS: n=200, avg_genome_length=25.735 | VIRUSES: gene_rate=0.000
2021-12-18 18:21:54.634923 | GENERATION: 152 | ERRORS: best=11, median=100.5, diversity=0.405 | INDIVIDUALS: n=200, avg_genome_length=25.81 | VIRUSES: gene_rate=0.000
2021-12-18 18:21:56.322727 | GENERATION: 153 | ERRORS: best=11, median=101.5, diversity=0.435 | INDIVIDUALS: n=200, avg_genome_length=26.235 | VIRUSES: gene_rate=0.000
2021-12-18 18:21:58.162154 | GENERATION: 154 | ERRORS: best=11, median=101.0, diversity=0.5 | INDIVIDUALS: n=200, avg_genome_length=25.875 | VIRUSES: gene_rate=0.000
2021-12-18 18:21:59.998423 | GENERATION: 155 | ERRORS: best=11, median=101.0, diversity=0.445 | INDIVIDUALS: n=200, avg_genome_length=26.295 | VIRUSES: gene_rate=0.000
2021-12-18 18:22:01.813894 | GENERATION: 156 | ERRORS: best=11, median=91.0, diversity=0.42 | INDIVIDUALS: n=200, avg_genome_length=25.62 | VIRUSES: gene_rate=0.000
2021-12-18 18:22:03.553281 | GENERATION: 157 | ERRORS: best=11, median=101.0, diversity=0.45 | INDIVIDUALS: n=200, avg_genome_length=25.345 | VIRUSES: gene_rate=0.000
2021-12-18 18:22:05.147634 | GENERATION: 158 | ERRORS: best=10, median=101.5, diversity=0.495 | INDIVIDUALS: n=200, avg_genome_length=25.315 | VIRUSES: gene_rate=0.000
2021-12-18 18:22:06.787156 | GENERATION: 159 | ERRORS: best=10, median=101.5, diversity=0.475 | INDIVIDUALS: n=200, avg_genome_length=23.22 | VIRUSES: gene_rate=0.000
2021-12-18 18:22:08.503924 | GENERATION: 160 | ERRORS: best=10, median=101.0, diversity=0.5 | INDIVIDUALS: n=200, avg_genome_length=23.06 | VIRUSES: gene_rate=0.000
2021-12-18 18:22:10.071889 | GENERATION: 161 | ERRORS: best=10, median=107.0, diversity=0.525 | INDIVIDUALS: n=200, avg_genome_length=22.84 | VIRUSES: gene_rate=0.000
2021-12-18 18:22:11.663995 | GENERATION: 162 | ERRORS: best=10, median=107.5, diversity=0.51 | INDIVIDUALS: n=200, avg_genome_length=22.38 | VIRUSES: gene_rate=0.000
2021-12-18 18:22:13.278553 | GENERATION: 163 | ERRORS: best=10, median=102.0, diversity=0.495 | INDIVIDUALS: n=200, avg_genome_length=22.33 | VIRUSES: gene_rate=0.000
2021-12-18 18:22:15.000454 | GENERATION: 164 | ERRORS: best=10, median=103.0, diversity=0.48 | INDIVIDUALS: n=200, avg_genome_length=22.52 | VIRUSES: gene_rate=0.000
2021-12-18 18:22:16.583543 | GENERATION: 165 | ERRORS: best=10, median=103.0, diversity=0.51 | INDIVIDUALS: n=200, avg_genome_length=22.975 | VIRUSES: gene_rate=0.000
2021-12-18 18:22:18.197334 | GENERATION: 166 | ERRORS: best=10, median=104.5, diversity=0.545 | INDIVIDUALS: n=200, avg_genome_length=22.875 | VIRUSES: gene_rate=0.000
2021-12-18 18:22:19.811854 | GENERATION: 167 | ERRORS: best=10, median=104.0, diversity=0.525 | INDIVIDUALS: n=200, avg_genome_length=23.33 | VIRUSES: gene_rate=0.000
2021-12-18 18:22:21.549345 | GENERATION: 168 | ERRORS: best=10, median=104.5, diversity=0.485 | INDIVIDUALS: n=200, avg_genome_length=23.385 | VIRUSES: gene_rate=0.000
2021-12-18 18:22:23.351767 | GENERATION: 169 | ERRORS: best=10, median=103.0, diversity=0.495 | INDIVIDUALS: n=200, avg_genome_length=23.545 | VIRUSES: gene_rate=0.000
2021-12-18 18:22:25.002026 | GENERATION: 170 | ERRORS: best=10, median=103.0, diversity=0.555 | INDIVIDUALS: n=200, avg_genome_length=23.145 | VIRUSES: gene_rate=0.000
2021-12-18 18:22:26.670256 | GENERATION: 171 | ERRORS: best=10, median=105.5, diversity=0.55 | INDIVIDUALS: n=200, avg_genome_length=23.37 | VIRUSES: gene_rate=0.000
2021-12-18 18:22:28.304571 | GENERATION: 172 | ERRORS: best=10, median=103.0, diversity=0.49 | INDIVIDUALS: n=200, avg_genome_length=23.165 | VIRUSES: gene_rate=0.000
2021-12-18 18:22:29.975621 | GENERATION: 173 | ERRORS: best=8, median=103.0, diversity=0.51 | INDIVIDUALS: n=200, avg_genome_length=22.905 | VIRUSES: gene_rate=0.000
2021-12-18 18:22:31.713547 | GENERATION: 174 | ERRORS: best=8, median=101.0, diversity=0.48 | INDIVIDUALS: n=200, avg_genome_length=23.275 | VIRUSES: gene_rate=0.000
2021-12-18 18:22:33.433266 | GENERATION: 175 | ERRORS: best=8, median=103.0, diversity=0.495 | INDIVIDUALS: n=200, avg_genome_length=23.535 | VIRUSES: gene_rate=0.000
2021-12-18 18:22:35.194809 | GENERATION: 176 | ERRORS: best=8, median=101.0, diversity=0.48 | INDIVIDUALS: n=200, avg_genome_length=23.48 | VIRUSES: gene_rate=0.000
2021-12-18 18:22:37.059915 | GENERATION: 177 | ERRORS: best=8, median=105.0, diversity=0.51 | INDIVIDUALS: n=200, avg_genome_length=23.47 | VIRUSES: gene_rate=0.000
2021-12-18 18:22:38.951859 | GENERATION: 178 | ERRORS: best=8, median=106.5, diversity=0.5 | INDIVIDUALS: n=200, avg_genome_length=23.15 | VIRUSES: gene_rate=0.000
2021-12-18 18:22:40.600456 | GENERATION: 179 | ERRORS: best=8, median=101.0, diversity=0.495 | INDIVIDUALS: n=200, avg_genome_length=23.83 | VIRUSES: gene_rate=0.000
Simplifying genome of length 22 with total error 0.
Simplified genome by 1 to length 21.
Simplified genome by 1 to length 20.
Simplified genome by 1 to length 19.
Simplified genome by 1 to length 18.
Simplified genome by 1 to length 17.
Simplified genome to length 17 and total error 0.
========================================
End Run
========================================
Solution found.
Best Seen Individual
	Genome:
	 pvector([InstructionMeta(name='exec_dup', code_blocks=1), Input(input_index=0), InstructionMeta(name='int_mult', code_blocks=0), InstructionMeta(name='bool_shove', code_blocks=0), Input(input_index=1), InstructionMeta(name='int_lt', code_blocks=0), InstructionMeta(name='bool_and', code_blocks=0), Input(input_index=2), Input(input_index=0), Closer(), InstructionMeta(name='exec_if', code_blocks=2), Closer(), InstructionMeta(name='int_min', code_blocks=0), Input(input_index=1), Closer(), InstructionMeta(name='int_max', code_blocks=0), InstructionMeta(name='print_int', code_blocks=0)])
	Program:
	 (exec_dup (input_0 int_mult bool_shove input_1 int_lt bool_and input_2 input_0) exec_if () (int_min input_1) int_max print_int)
	Error vector:
	 [0 0 0 0 0 0 0 0 0 0 0 0 0 0 0 0 0 0 0 0 0 0 0 0 0 0 0 0 0 0 0 0 0 0 0 0 0
 0 0 0 0 0 0 0 0 0 0 0 0 0 0 0 0 0 0 0 0 0 0 0 0 0 0 0 0 0 0 0 0 0 0 0 0 0
 0 0 0 0 0 0 0 0 0 0 0 0 0 0 0 0 0 0 0 0 0 0 0 0 0 0]
	Total error:
	 0
	Test error:
	 0
	Time:
	 00:07:08
