Included 0 edge cases.
Included 100 random cases.
Included 100 cases in total.
Finished formatting.
Included 0 edge cases.
Included 1000 random cases.
Included 1000 cases in total.
Finished formatting.
========================================
Setup
========================================
Search Configuration:
signature: ProgramSignature(arity=3, push_config=PushConfig(numeric_magnitude_limit=1000000000000.0, collection_size_cap=1000, step_limit=200, growth_cap=500, runtime_limit=10), output_stacks=['stdout'])
evaluator: <pyshgp.gp.evaluation.DatasetEvaluator object at 0x7f5c44e394c0>
spawner: <pyshgp.gp.genome.GeneSpawner object at 0x7f5c44e39eb0>
population_size: 200
max_generations: 300
error_threshold: 0.0
initial_genome_size: (20, 100)
simplification_steps: 500
parallel_context: <pyshgp.gp.search.ParallelContext object at 0x7f5c44e39640>
selection: <pyshgp.utils.DiscreteProbDistrib object at 0x7f5c3de7aa80>
variation: <pyshgp.utils.DiscreteProbDistrib object at 0x7f5c45e676c0>
Instructions:
int_add, int_sub, int_mult, int_div, int_mod, int_min, int_max, int_inc, int_dec, int_lt, int_lte, int_gt, int_gte, int_from_bool, bool_and, bool_or, bool_not, bool_xor, bool_invert_first_then_and, bool_second_first_then_and, bool_from_int, noop, noop_open, exec_do_range, exec_do_count, exec_while, exec_do_while, exec_if, exec_when, print_bool, println_bool, print_int, println_int, print_exec, println_exec, bool_pop, bool_dup, bool_dup_times, bool_swap, bool_rot, bool_flush, bool_eq, bool_stack_depth, bool_yank, bool_yank_dup, bool_shove, bool_shove_dup, bool_is_empty, int_pop, int_dup, int_dup_times, int_swap, int_rot, int_flush, int_eq, int_stack_depth, int_yank, int_yank_dup, int_shove, int_shove_dup, int_is_empty, exec_pop, exec_dup, exec_dup_times, exec_swap, exec_rot, exec_flush, exec_eq, exec_stack_depth, exec_yank, exec_yank_dup, exec_shove, exec_shove_dup, exec_is_empty
Literals:
[]
ERC Generators:
[<function rand_int at 0x7f5c44e3de50>]
========================================
Start Run
========================================
2021-12-17 03:40:20.580416 | GENERATION: 1 | ERRORS: best=152, median=400.0, diversity=0.115 | INDIVIDUALS: n=200, avg_genome_length=48.87
2021-12-17 03:40:23.250575 | GENERATION: 2 | ERRORS: best=87, median=201.0, diversity=0.38 | INDIVIDUALS: n=200, avg_genome_length=59.895
2021-12-17 03:40:26.275877 | GENERATION: 3 | ERRORS: best=87, median=157.5, diversity=0.435 | INDIVIDUALS: n=200, avg_genome_length=64.535
2021-12-17 03:40:29.525871 | GENERATION: 4 | ERRORS: best=85, median=148.0, diversity=0.435 | INDIVIDUALS: n=200, avg_genome_length=63.845
2021-12-17 03:40:33.019225 | GENERATION: 5 | ERRORS: best=84, median=160.5, diversity=0.575 | INDIVIDUALS: n=200, avg_genome_length=63.96
2021-12-17 03:40:36.074177 | GENERATION: 6 | ERRORS: best=84, median=145.5, diversity=0.55 | INDIVIDUALS: n=200, avg_genome_length=61.72
2021-12-17 03:40:39.421322 | GENERATION: 7 | ERRORS: best=84, median=121.0, diversity=0.585 | INDIVIDUALS: n=200, avg_genome_length=63.14
2021-12-17 03:40:42.747935 | GENERATION: 8 | ERRORS: best=85, median=112.0, diversity=0.515 | INDIVIDUALS: n=200, avg_genome_length=62.845
2021-12-17 03:40:45.866911 | GENERATION: 9 | ERRORS: best=80, median=114.0, diversity=0.68 | INDIVIDUALS: n=200, avg_genome_length=63.465
2021-12-17 03:40:48.725208 | GENERATION: 10 | ERRORS: best=64, median=119.0, diversity=0.67 | INDIVIDUALS: n=200, avg_genome_length=61.28
2021-12-17 03:40:51.592242 | GENERATION: 11 | ERRORS: best=48, median=114.0, diversity=0.705 | INDIVIDUALS: n=200, avg_genome_length=59.815
2021-12-17 03:40:54.485474 | GENERATION: 12 | ERRORS: best=44, median=110.5, diversity=0.705 | INDIVIDUALS: n=200, avg_genome_length=58.37
2021-12-17 03:40:57.644353 | GENERATION: 13 | ERRORS: best=32, median=86.5, diversity=0.64 | INDIVIDUALS: n=200, avg_genome_length=56.84
2021-12-17 03:41:00.730701 | GENERATION: 14 | ERRORS: best=32, median=97.0, diversity=0.655 | INDIVIDUALS: n=200, avg_genome_length=56.785
2021-12-17 03:41:03.607144 | GENERATION: 15 | ERRORS: best=16, median=91.0, diversity=0.57 | INDIVIDUALS: n=200, avg_genome_length=56.37
2021-12-17 03:41:07.220469 | GENERATION: 16 | ERRORS: best=12, median=94.0, diversity=0.675 | INDIVIDUALS: n=200, avg_genome_length=54.445
2021-12-17 03:41:10.813529 | GENERATION: 17 | ERRORS: best=12, median=80.0, diversity=0.685 | INDIVIDUALS: n=200, avg_genome_length=54.13
2021-12-17 03:41:14.131820 | GENERATION: 18 | ERRORS: best=11, median=78.0, diversity=0.675 | INDIVIDUALS: n=200, avg_genome_length=51.91
2021-12-17 03:41:17.200356 | GENERATION: 19 | ERRORS: best=11, median=74.5, diversity=0.69 | INDIVIDUALS: n=200, avg_genome_length=51.32
2021-12-17 03:41:20.398200 | GENERATION: 20 | ERRORS: best=11, median=89.0, diversity=0.68 | INDIVIDUALS: n=200, avg_genome_length=50.98
2021-12-17 03:41:23.698681 | GENERATION: 21 | ERRORS: best=11, median=89.5, diversity=0.7 | INDIVIDUALS: n=200, avg_genome_length=51.17
2021-12-17 03:41:26.901852 | GENERATION: 22 | ERRORS: best=11, median=91.0, diversity=0.65 | INDIVIDUALS: n=200, avg_genome_length=50.905
2021-12-17 03:41:30.199910 | GENERATION: 23 | ERRORS: best=11, median=85.0, diversity=0.72 | INDIVIDUALS: n=200, avg_genome_length=50.94
2021-12-17 03:41:33.359211 | GENERATION: 24 | ERRORS: best=11, median=85.0, diversity=0.655 | INDIVIDUALS: n=200, avg_genome_length=51.22
2021-12-17 03:41:36.832114 | GENERATION: 25 | ERRORS: best=11, median=98.0, diversity=0.7 | INDIVIDUALS: n=200, avg_genome_length=51.03
2021-12-17 03:41:40.326945 | GENERATION: 26 | ERRORS: best=11, median=89.0, diversity=0.58 | INDIVIDUALS: n=200, avg_genome_length=50.505
2021-12-17 03:41:43.583627 | GENERATION: 27 | ERRORS: best=11, median=87.0, diversity=0.575 | INDIVIDUALS: n=200, avg_genome_length=49.925
2021-12-17 03:41:47.314365 | GENERATION: 28 | ERRORS: best=11, median=91.0, diversity=0.655 | INDIVIDUALS: n=200, avg_genome_length=50.485
2021-12-17 03:41:50.809123 | GENERATION: 29 | ERRORS: best=11, median=92.5, diversity=0.6 | INDIVIDUALS: n=200, avg_genome_length=49.505
2021-12-17 03:41:54.458574 | GENERATION: 30 | ERRORS: best=11, median=91.5, diversity=0.64 | INDIVIDUALS: n=200, avg_genome_length=49.745
2021-12-17 03:41:57.874692 | GENERATION: 31 | ERRORS: best=11, median=78.0, diversity=0.58 | INDIVIDUALS: n=200, avg_genome_length=48.705
2021-12-17 03:42:01.144345 | GENERATION: 32 | ERRORS: best=11, median=98.0, diversity=0.53 | INDIVIDUALS: n=200, avg_genome_length=47.99
2021-12-17 03:42:04.456666 | GENERATION: 33 | ERRORS: best=11, median=87.0, diversity=0.575 | INDIVIDUALS: n=200, avg_genome_length=48.19
2021-12-17 03:42:07.890619 | GENERATION: 34 | ERRORS: best=11, median=88.0, diversity=0.55 | INDIVIDUALS: n=200, avg_genome_length=48.415
2021-12-17 03:42:11.422181 | GENERATION: 35 | ERRORS: best=11, median=87.5, diversity=0.645 | INDIVIDUALS: n=200, avg_genome_length=48.45
2021-12-17 03:42:14.978644 | GENERATION: 36 | ERRORS: best=11, median=88.5, diversity=0.625 | INDIVIDUALS: n=200, avg_genome_length=47.84
2021-12-17 03:42:18.432634 | GENERATION: 37 | ERRORS: best=11, median=96.5, diversity=0.595 | INDIVIDUALS: n=200, avg_genome_length=48.59
2021-12-17 03:42:22.187420 | GENERATION: 38 | ERRORS: best=11, median=87.0, diversity=0.665 | INDIVIDUALS: n=200, avg_genome_length=49.225
2021-12-17 03:42:25.592223 | GENERATION: 39 | ERRORS: best=11, median=88.0, diversity=0.685 | INDIVIDUALS: n=200, avg_genome_length=48.65
2021-12-17 03:42:29.437611 | GENERATION: 40 | ERRORS: best=11, median=87.5, diversity=0.59 | INDIVIDUALS: n=200, avg_genome_length=50.18
2021-12-17 03:42:33.212758 | GENERATION: 41 | ERRORS: best=7, median=95.0, diversity=0.675 | INDIVIDUALS: n=200, avg_genome_length=50.065
2021-12-17 03:42:36.379230 | GENERATION: 42 | ERRORS: best=7, median=104.5, diversity=0.67 | INDIVIDUALS: n=200, avg_genome_length=50.825
2021-12-17 03:42:39.579202 | GENERATION: 43 | ERRORS: best=7, median=98.0, diversity=0.695 | INDIVIDUALS: n=200, avg_genome_length=51.365
2021-12-17 03:42:42.614376 | GENERATION: 44 | ERRORS: best=7, median=107.0, diversity=0.685 | INDIVIDUALS: n=200, avg_genome_length=51.2
2021-12-17 03:42:45.334723 | GENERATION: 45 | ERRORS: best=7, median=97.0, diversity=0.68 | INDIVIDUALS: n=200, avg_genome_length=51.0
2021-12-17 03:42:48.313887 | GENERATION: 46 | ERRORS: best=7, median=114.0, diversity=0.665 | INDIVIDUALS: n=200, avg_genome_length=51.805
2021-12-17 03:42:51.276300 | GENERATION: 47 | ERRORS: best=7, median=98.5, diversity=0.605 | INDIVIDUALS: n=200, avg_genome_length=51.47
2021-12-17 03:42:54.213513 | GENERATION: 48 | ERRORS: best=7, median=116.0, diversity=0.615 | INDIVIDUALS: n=200, avg_genome_length=52.02
2021-12-17 03:42:57.301697 | GENERATION: 49 | ERRORS: best=7, median=101.0, diversity=0.635 | INDIVIDUALS: n=200, avg_genome_length=51.93
2021-12-17 03:43:00.420706 | GENERATION: 50 | ERRORS: best=7, median=97.0, diversity=0.665 | INDIVIDUALS: n=200, avg_genome_length=50.975
2021-12-17 03:43:03.427985 | GENERATION: 51 | ERRORS: best=7, median=108.0, diversity=0.6 | INDIVIDUALS: n=200, avg_genome_length=51.245
2021-12-17 03:43:06.636296 | GENERATION: 52 | ERRORS: best=7, median=126.0, diversity=0.61 | INDIVIDUALS: n=200, avg_genome_length=50.325
2021-12-17 03:43:09.739115 | GENERATION: 53 | ERRORS: best=7, median=86.0, diversity=0.635 | INDIVIDUALS: n=200, avg_genome_length=51.72
2021-12-17 03:43:13.027848 | GENERATION: 54 | ERRORS: best=7, median=106.5, diversity=0.56 | INDIVIDUALS: n=200, avg_genome_length=52.255
2021-12-17 03:43:16.161651 | GENERATION: 55 | ERRORS: best=7, median=107.0, diversity=0.575 | INDIVIDUALS: n=200, avg_genome_length=52.6
2021-12-17 03:43:19.159520 | GENERATION: 56 | ERRORS: best=7, median=87.5, diversity=0.59 | INDIVIDUALS: n=200, avg_genome_length=52.485
2021-12-17 03:43:22.342860 | GENERATION: 57 | ERRORS: best=4, median=95.0, diversity=0.55 | INDIVIDUALS: n=200, avg_genome_length=52.39
2021-12-17 03:43:25.417832 | GENERATION: 58 | ERRORS: best=4, median=66.5, diversity=0.465 | INDIVIDUALS: n=200, avg_genome_length=48.985
2021-12-17 03:43:28.591342 | GENERATION: 59 | ERRORS: best=4, median=93.5, diversity=0.57 | INDIVIDUALS: n=200, avg_genome_length=48.77
2021-12-17 03:43:32.092245 | GENERATION: 60 | ERRORS: best=4, median=99.0, diversity=0.555 | INDIVIDUALS: n=200, avg_genome_length=47.98
2021-12-17 03:43:35.533158 | GENERATION: 61 | ERRORS: best=4, median=98.0, diversity=0.56 | INDIVIDUALS: n=200, avg_genome_length=48.48
2021-12-17 03:43:38.807504 | GENERATION: 62 | ERRORS: best=4, median=97.0, diversity=0.595 | INDIVIDUALS: n=200, avg_genome_length=48.365
2021-12-17 03:43:42.033942 | GENERATION: 63 | ERRORS: best=4, median=96.0, diversity=0.53 | INDIVIDUALS: n=200, avg_genome_length=46.99
2021-12-17 03:43:45.408074 | GENERATION: 64 | ERRORS: best=4, median=96.0, diversity=0.535 | INDIVIDUALS: n=200, avg_genome_length=47.005
2021-12-17 03:43:48.937235 | GENERATION: 65 | ERRORS: best=4, median=97.0, diversity=0.58 | INDIVIDUALS: n=200, avg_genome_length=46.725
2021-12-17 03:43:52.357513 | GENERATION: 66 | ERRORS: best=4, median=96.0, diversity=0.61 | INDIVIDUALS: n=200, avg_genome_length=47.585
2021-12-17 03:43:55.549535 | GENERATION: 67 | ERRORS: best=4, median=71.0, diversity=0.53 | INDIVIDUALS: n=200, avg_genome_length=46.5
2021-12-17 03:43:58.892393 | GENERATION: 68 | ERRORS: best=4, median=89.0, diversity=0.575 | INDIVIDUALS: n=200, avg_genome_length=47.57
2021-12-17 03:44:02.050930 | GENERATION: 69 | ERRORS: best=4, median=98.0, diversity=0.595 | INDIVIDUALS: n=200, avg_genome_length=45.44
2021-12-17 03:44:05.242663 | GENERATION: 70 | ERRORS: best=4, median=87.0, diversity=0.555 | INDIVIDUALS: n=200, avg_genome_length=44.445
2021-12-17 03:44:08.259603 | GENERATION: 71 | ERRORS: best=4, median=94.0, diversity=0.58 | INDIVIDUALS: n=200, avg_genome_length=45.215
2021-12-17 03:44:11.586443 | GENERATION: 72 | ERRORS: best=4, median=97.0, diversity=0.58 | INDIVIDUALS: n=200, avg_genome_length=43.77
2021-12-17 03:44:14.830235 | GENERATION: 73 | ERRORS: best=4, median=88.0, diversity=0.6 | INDIVIDUALS: n=200, avg_genome_length=43.745
Simplifying genome of length 45 with total error 0.
Simplified genome by 1 to length 44.
Simplified genome by 2 to length 42.
Simplified genome by 1 to length 41.
Simplified genome by 1 to length 40.
Simplified genome by 1 to length 39.
Simplified genome by 1 to length 38.
Simplified genome by 1 to length 37.
Simplified genome by 3 to length 34.
Simplified genome by 3 to length 31.
Simplified genome by 1 to length 30.
Simplified genome by 1 to length 29.
Simplified genome by 3 to length 26.
Simplified genome by 1 to length 25.
Simplified genome by 3 to length 22.
Simplified genome by 1 to length 21.
Simplified genome by 3 to length 18.
Simplified genome by 1 to length 17.
Simplified genome by 1 to length 16.
Simplified genome by 2 to length 14.
Simplified genome by 1 to length 13.
Simplified genome by 1 to length 12.
Simplified genome by 1 to length 11.
Simplified genome by 1 to length 10.
Simplified genome to length 10 and total error 0.
========================================
End Run
========================================
Solution found.
Best Seen Individual
	Genome:
	 pvector([Input(input_index=2), Input(input_index=0), InstructionMeta(name='int_max', code_blocks=0), Input(input_index=1), Input(input_index=0), Input(input_index=2), InstructionMeta(name='int_min', code_blocks=0), InstructionMeta(name='int_max', code_blocks=0), InstructionMeta(name='int_min', code_blocks=0), InstructionMeta(name='print_int', code_blocks=0)])
	Program:
	 (input_2 input_0 int_max input_1 input_0 input_2 int_min int_max int_min print_int)
	Error vector:
	 [0 0 0 0 0 0 0 0 0 0 0 0 0 0 0 0 0 0 0 0 0 0 0 0 0 0 0 0 0 0 0 0 0 0 0 0 0
 0 0 0 0 0 0 0 0 0 0 0 0 0 0 0 0 0 0 0 0 0 0 0 0 0 0 0 0 0 0 0 0 0 0 0 0 0
 0 0 0 0 0 0 0 0 0 0 0 0 0 0 0 0 0 0 0 0 0 0 0 0 0 0]
	Total error:
	 0
	Test error:
	 0
	Time:
	 00:04:14
