Included 0 edge cases.
Included 100 random cases.
Included 100 cases in total.
Finished formatting.
Included 0 edge cases.
Included 1000 random cases.
Included 1000 cases in total.
Finished formatting.
========================================
Setup
========================================
Search Configuration:
signature: ProgramSignature(arity=3, push_config=PushConfig(growth_cap=500, numeric_magnitude_limit=1000000000000.0, runtime_limit=10, step_limit=200, collection_size_cap=1000), output_stacks=['stdout'])
evaluator: <pyshgp.gp.evaluation.DatasetEvaluator object at 0x7f01bb25d640>
spawner: <pyshgp.gp.genome.GeneSpawner object at 0x7f01c1c7ac10>
population_size: 200
max_generations: 300
error_threshold: 0.0
initial_genome_size: (20, 100)
simplification_steps: 500
parallel_context: <pyshgp.gp.search.ParallelContext object at 0x7f01bb25d130>
selection: <pyshgp.utils.DiscreteProbDistrib object at 0x7f01c1bd8640>
variation: <pyshgp.utils.DiscreteProbDistrib object at 0x7f01c1bd8ec0>
Instructions:
int_add, int_sub, int_mult, int_div, int_mod, int_min, int_max, int_inc, int_dec, int_lt, int_lte, int_gt, int_gte, int_from_bool, bool_and, bool_or, bool_not, bool_xor, bool_invert_first_then_and, bool_second_first_then_and, bool_from_int, noop, noop_open, exec_do_range, exec_do_count, exec_while, exec_do_while, exec_if, exec_when, print_bool, println_bool, print_int, println_int, print_exec, println_exec, bool_pop, bool_dup, bool_dup_times, bool_swap, bool_rot, bool_flush, bool_eq, bool_stack_depth, bool_yank, bool_yank_dup, bool_shove, bool_shove_dup, bool_is_empty, int_pop, int_dup, int_dup_times, int_swap, int_rot, int_flush, int_eq, int_stack_depth, int_yank, int_yank_dup, int_shove, int_shove_dup, int_is_empty, exec_pop, exec_dup, exec_dup_times, exec_swap, exec_rot, exec_flush, exec_eq, exec_stack_depth, exec_yank, exec_yank_dup, exec_shove, exec_shove_dup, exec_is_empty
Literals:
[]
ERC Generators:
[<function rand_int at 0x7f01baffc430>]
========================================
Start Run
========================================
2021-12-17 16:55:34.242968 | GENERATION: 1 | ERRORS: best=227, median=400.0, diversity=0.125 | INDIVIDUALS: n=200, avg_genome_length=65.875 | VIRUSES: gene_rate=0.000
2021-12-17 16:55:36.823020 | GENERATION: 2 | ERRORS: best=108, median=235.0, diversity=0.2 | INDIVIDUALS: n=200, avg_genome_length=62.18 | VIRUSES: gene_rate=0.005
2021-12-17 16:55:39.269991 | GENERATION: 3 | ERRORS: best=91, median=235.0, diversity=0.275 | INDIVIDUALS: n=200, avg_genome_length=62.52 | VIRUSES: gene_rate=0.015
2021-12-17 16:55:42.277126 | GENERATION: 4 | ERRORS: best=91, median=235.0, diversity=0.345 | INDIVIDUALS: n=200, avg_genome_length=63.07 | VIRUSES: gene_rate=0.026
2021-12-17 16:55:45.373054 | GENERATION: 5 | ERRORS: best=91, median=235.0, diversity=0.44 | INDIVIDUALS: n=200, avg_genome_length=63.26 | VIRUSES: gene_rate=0.035
2021-12-17 16:55:48.521158 | GENERATION: 6 | ERRORS: best=91, median=225.0, diversity=0.555 | INDIVIDUALS: n=200, avg_genome_length=61.86 | VIRUSES: gene_rate=0.046
2021-12-17 16:55:51.575784 | GENERATION: 7 | ERRORS: best=73, median=204.5, diversity=0.645 | INDIVIDUALS: n=200, avg_genome_length=60.45 | VIRUSES: gene_rate=0.051
2021-12-17 16:55:55.032942 | GENERATION: 8 | ERRORS: best=72, median=171.0, diversity=0.64 | INDIVIDUALS: n=200, avg_genome_length=58.485 | VIRUSES: gene_rate=0.068
2021-12-17 16:55:58.139785 | GENERATION: 9 | ERRORS: best=72, median=194.5, diversity=0.62 | INDIVIDUALS: n=200, avg_genome_length=56.215 | VIRUSES: gene_rate=0.086
2021-12-17 16:56:01.426135 | GENERATION: 10 | ERRORS: best=71, median=137.5, diversity=0.61 | INDIVIDUALS: n=200, avg_genome_length=55.21 | VIRUSES: gene_rate=0.097
2021-12-17 16:56:04.881323 | GENERATION: 11 | ERRORS: best=60, median=137.0, diversity=0.64 | INDIVIDUALS: n=200, avg_genome_length=54.915 | VIRUSES: gene_rate=0.113
2021-12-17 16:56:08.706210 | GENERATION: 12 | ERRORS: best=55, median=129.5, diversity=0.58 | INDIVIDUALS: n=200, avg_genome_length=54.08 | VIRUSES: gene_rate=0.137
2021-12-17 16:56:12.048776 | GENERATION: 13 | ERRORS: best=39, median=125.0, diversity=0.595 | INDIVIDUALS: n=200, avg_genome_length=52.33 | VIRUSES: gene_rate=0.147
2021-12-17 16:56:15.617105 | GENERATION: 14 | ERRORS: best=39, median=119.0, diversity=0.54 | INDIVIDUALS: n=200, avg_genome_length=51.96 | VIRUSES: gene_rate=0.160
2021-12-17 16:56:19.736612 | GENERATION: 15 | ERRORS: best=39, median=115.5, diversity=0.535 | INDIVIDUALS: n=200, avg_genome_length=49.825 | VIRUSES: gene_rate=0.164
2021-12-17 16:56:23.760009 | GENERATION: 16 | ERRORS: best=39, median=123.5, diversity=0.525 | INDIVIDUALS: n=200, avg_genome_length=49.63 | VIRUSES: gene_rate=0.173
2021-12-17 16:56:27.733367 | GENERATION: 17 | ERRORS: best=31, median=108.0, diversity=0.49 | INDIVIDUALS: n=200, avg_genome_length=48.55 | VIRUSES: gene_rate=0.191
2021-12-17 16:56:31.399074 | GENERATION: 18 | ERRORS: best=39, median=122.5, diversity=0.525 | INDIVIDUALS: n=200, avg_genome_length=48.91 | VIRUSES: gene_rate=0.191
2021-12-17 16:56:34.649172 | GENERATION: 19 | ERRORS: best=39, median=125.5, diversity=0.455 | INDIVIDUALS: n=200, avg_genome_length=48.245 | VIRUSES: gene_rate=0.207
2021-12-17 16:56:37.744946 | GENERATION: 20 | ERRORS: best=39, median=120.5, diversity=0.565 | INDIVIDUALS: n=200, avg_genome_length=48.055 | VIRUSES: gene_rate=0.215
2021-12-17 16:56:40.845044 | GENERATION: 21 | ERRORS: best=39, median=118.0, diversity=0.575 | INDIVIDUALS: n=200, avg_genome_length=48.015 | VIRUSES: gene_rate=0.218
2021-12-17 16:56:44.152005 | GENERATION: 22 | ERRORS: best=31, median=116.5, diversity=0.55 | INDIVIDUALS: n=200, avg_genome_length=47.395 | VIRUSES: gene_rate=0.224
2021-12-17 16:56:47.184759 | GENERATION: 23 | ERRORS: best=31, median=118.0, diversity=0.54 | INDIVIDUALS: n=200, avg_genome_length=46.045 | VIRUSES: gene_rate=0.215
2021-12-17 16:56:50.090723 | GENERATION: 24 | ERRORS: best=26, median=118.0, diversity=0.65 | INDIVIDUALS: n=200, avg_genome_length=46.75 | VIRUSES: gene_rate=0.213
2021-12-17 16:56:52.882748 | GENERATION: 25 | ERRORS: best=26, median=115.0, diversity=0.59 | INDIVIDUALS: n=200, avg_genome_length=43.72 | VIRUSES: gene_rate=0.231
2021-12-17 16:56:55.829122 | GENERATION: 26 | ERRORS: best=26, median=117.5, diversity=0.595 | INDIVIDUALS: n=200, avg_genome_length=42.195 | VIRUSES: gene_rate=0.241
2021-12-17 16:56:59.058751 | GENERATION: 27 | ERRORS: best=22, median=108.0, diversity=0.585 | INDIVIDUALS: n=200, avg_genome_length=44.17 | VIRUSES: gene_rate=0.253
Simplifying genome of length 62 with total error 0.
Simplified genome by 2 to length 60.
Simplified genome by 1 to length 59.
Simplified genome by 1 to length 58.
Simplified genome by 1 to length 57.
Simplified genome by 1 to length 56.
Simplified genome by 3 to length 53.
Simplified genome by 1 to length 52.
Simplified genome by 1 to length 51.
Simplified genome by 1 to length 50.
Simplified genome by 1 to length 49.
Simplified genome by 3 to length 46.
Simplified genome by 1 to length 45.
Simplified genome by 1 to length 44.
Simplified genome by 1 to length 43.
Simplified genome by 1 to length 42.
Simplified genome by 2 to length 40.
Simplified genome by 2 to length 38.
Simplified genome by 2 to length 36.
Simplified genome by 1 to length 35.
Simplified genome by 2 to length 33.
Simplified genome by 1 to length 32.
Simplified genome by 2 to length 30.
Simplified genome by 2 to length 28.
Simplified genome by 1 to length 27.
Simplified genome by 3 to length 24.
Simplified genome by 1 to length 23.
Simplified genome by 3 to length 20.
Simplified genome by 1 to length 19.
Simplified genome by 1 to length 18.
Simplified genome by 1 to length 17.
Simplified genome by 1 to length 16.
Simplified genome by 2 to length 14.
Simplified genome by 1 to length 13.
Simplified genome by 3 to length 10.
Simplified genome to length 10 and total error 0.
========================================
End Run
========================================
Solution found.
Best Seen Individual
	Genome:
	 pvector([VirusInput(input_index=1), VirusInput(input_index=2), InstructionMeta(name='int_max', code_blocks=0), VirusInput(input_index=0), VirusInput(input_index=1), VirusInput(input_index=2), VirusInstructionMeta(name='int_min', code_blocks=0), VirusInstructionMeta(name='int_max', code_blocks=0), VirusInstructionMeta(name='int_min', code_blocks=0), InstructionMeta(name='print_int', code_blocks=0)])
	Program:
	 (vinput_1 vinput_2 int_max vinput_0 vinput_1 vinput_2 vint_min vint_max vint_min print_int)
	Error vector:
	 [0 0 0 0 0 0 0 0 0 0 0 0 0 0 0 0 0 0 0 0 0 0 0 0 0 0 0 0 0 0 0 0 0 0 0 0 0
 0 0 0 0 0 0 0 0 0 0 0 0 0 0 0 0 0 0 0 0 0 0 0 0 0 0 0 0 0 0 0 0 0 0 0 0 0
 0 0 0 0 0 0 0 0 0 0 0 0 0 0 0 0 0 0 0 0 0 0 0 0 0 0]
	Total error:
	 0
	Test error:
	 0
	Time:
	 00:01:46
