Included 0 edge cases.
Included 100 random cases.
Included 100 cases in total.
Finished formatting.
Included 0 edge cases.
Included 1000 random cases.
Included 1000 cases in total.
Finished formatting.
========================================
Setup
========================================
Search Configuration:
signature: ProgramSignature(arity=3, push_config=PushConfig(numeric_magnitude_limit=1000000000000.0, growth_cap=500, runtime_limit=10, collection_size_cap=1000, step_limit=200), output_stacks=['stdout'])
evaluator: <pyshgp.gp.evaluation.DatasetEvaluator object at 0x7f978169d160>
spawner: <pyshgp.gp.genome.GeneSpawner object at 0x7f978afa5bb0>
population_size: 200
max_generations: 300
error_threshold: 0.0
initial_genome_size: (20, 100)
simplification_steps: 500
parallel_context: <pyshgp.gp.search.ParallelContext object at 0x7f978169d730>
selection: <pyshgp.utils.DiscreteProbDistrib object at 0x7f9784272dc0>
variation: <pyshgp.utils.DiscreteProbDistrib object at 0x7f978425adc0>
Instructions:
int_add, int_sub, int_mult, int_div, int_mod, int_min, int_max, int_inc, int_dec, int_lt, int_lte, int_gt, int_gte, int_from_bool, bool_and, bool_or, bool_not, bool_xor, bool_invert_first_then_and, bool_second_first_then_and, bool_from_int, noop, noop_open, exec_do_range, exec_do_count, exec_while, exec_do_while, exec_if, exec_when, print_bool, println_bool, print_int, println_int, print_exec, println_exec, bool_pop, bool_dup, bool_dup_times, bool_swap, bool_rot, bool_flush, bool_eq, bool_stack_depth, bool_yank, bool_yank_dup, bool_shove, bool_shove_dup, bool_is_empty, int_pop, int_dup, int_dup_times, int_swap, int_rot, int_flush, int_eq, int_stack_depth, int_yank, int_yank_dup, int_shove, int_shove_dup, int_is_empty, exec_pop, exec_dup, exec_dup_times, exec_swap, exec_rot, exec_flush, exec_eq, exec_stack_depth, exec_yank, exec_yank_dup, exec_shove, exec_shove_dup, exec_is_empty
Literals:
[]
ERC Generators:
[<function rand_int at 0x7f978afaba60>]
========================================
Start Run
========================================
2021-12-15 08:23:26.164228 | GENERATION: 1 | ERRORS: best=213, median=230.0, diversity=0.065 | INDIVIDUALS: n=200, avg_genome_length=56.715
2021-12-15 08:23:33.060083 | GENERATION: 2 | ERRORS: best=90, median=213.0, diversity=0.14 | INDIVIDUALS: n=200, avg_genome_length=51.785
2021-12-15 08:23:38.126433 | GENERATION: 3 | ERRORS: best=89, median=90.0, diversity=0.185 | INDIVIDUALS: n=200, avg_genome_length=49.87
2021-12-15 08:23:45.359765 | GENERATION: 4 | ERRORS: best=88, median=117.0, diversity=0.22 | INDIVIDUALS: n=200, avg_genome_length=45.575
2021-12-15 08:23:52.440019 | GENERATION: 5 | ERRORS: best=76, median=117.0, diversity=0.26 | INDIVIDUALS: n=200, avg_genome_length=45.56
2021-12-15 08:23:57.004266 | GENERATION: 6 | ERRORS: best=74, median=117.0, diversity=0.39 | INDIVIDUALS: n=200, avg_genome_length=44.175
2021-12-15 08:24:01.790370 | GENERATION: 7 | ERRORS: best=74, median=117.0, diversity=0.405 | INDIVIDUALS: n=200, avg_genome_length=41.11
2021-12-15 08:24:06.136191 | GENERATION: 8 | ERRORS: best=74, median=117.0, diversity=0.425 | INDIVIDUALS: n=200, avg_genome_length=39.49
2021-12-15 08:24:10.248608 | GENERATION: 9 | ERRORS: best=73, median=117.0, diversity=0.44 | INDIVIDUALS: n=200, avg_genome_length=38.95
2021-12-15 08:24:13.855928 | GENERATION: 10 | ERRORS: best=73, median=117.0, diversity=0.375 | INDIVIDUALS: n=200, avg_genome_length=37.68
2021-12-15 08:24:17.035538 | GENERATION: 11 | ERRORS: best=55, median=113.0, diversity=0.405 | INDIVIDUALS: n=200, avg_genome_length=37.9
2021-12-15 08:24:20.219683 | GENERATION: 12 | ERRORS: best=55, median=102.0, diversity=0.34 | INDIVIDUALS: n=200, avg_genome_length=38.405
2021-12-15 08:24:23.364876 | GENERATION: 13 | ERRORS: best=54, median=102.0, diversity=0.325 | INDIVIDUALS: n=200, avg_genome_length=38.23
2021-12-15 08:24:25.697906 | GENERATION: 14 | ERRORS: best=54, median=90.0, diversity=0.35 | INDIVIDUALS: n=200, avg_genome_length=36.28
2021-12-15 08:24:28.167705 | GENERATION: 15 | ERRORS: best=50, median=99.0, diversity=0.3 | INDIVIDUALS: n=200, avg_genome_length=35.615
2021-12-15 08:24:30.714161 | GENERATION: 16 | ERRORS: best=40, median=62.0, diversity=0.25 | INDIVIDUALS: n=200, avg_genome_length=35.96
2021-12-15 08:24:33.189747 | GENERATION: 17 | ERRORS: best=40, median=62.0, diversity=0.26 | INDIVIDUALS: n=200, avg_genome_length=35.82
2021-12-15 08:24:35.788426 | GENERATION: 18 | ERRORS: best=40, median=62.0, diversity=0.225 | INDIVIDUALS: n=200, avg_genome_length=35.22
2021-12-15 08:24:38.483973 | GENERATION: 19 | ERRORS: best=40, median=70.0, diversity=0.23 | INDIVIDUALS: n=200, avg_genome_length=34.545
2021-12-15 08:24:41.024369 | GENERATION: 20 | ERRORS: best=40, median=62.0, diversity=0.21 | INDIVIDUALS: n=200, avg_genome_length=33.64
2021-12-15 08:24:43.870335 | GENERATION: 21 | ERRORS: best=40, median=70.0, diversity=0.27 | INDIVIDUALS: n=200, avg_genome_length=32.67
2021-12-15 08:24:46.580980 | GENERATION: 22 | ERRORS: best=40, median=71.0, diversity=0.22 | INDIVIDUALS: n=200, avg_genome_length=31.97
2021-12-15 08:24:49.206816 | GENERATION: 23 | ERRORS: best=40, median=93.5, diversity=0.225 | INDIVIDUALS: n=200, avg_genome_length=31.8
2021-12-15 08:24:51.526189 | GENERATION: 24 | ERRORS: best=40, median=62.0, diversity=0.235 | INDIVIDUALS: n=200, avg_genome_length=31.25
2021-12-15 08:24:54.346832 | GENERATION: 25 | ERRORS: best=40, median=92.5, diversity=0.245 | INDIVIDUALS: n=200, avg_genome_length=31.195
2021-12-15 08:24:56.815488 | GENERATION: 26 | ERRORS: best=40, median=62.0, diversity=0.23 | INDIVIDUALS: n=200, avg_genome_length=30.745
2021-12-15 08:24:59.603906 | GENERATION: 27 | ERRORS: best=40, median=101.0, diversity=0.215 | INDIVIDUALS: n=200, avg_genome_length=29.365
2021-12-15 08:25:02.157129 | GENERATION: 28 | ERRORS: best=40, median=90.0, diversity=0.365 | INDIVIDUALS: n=200, avg_genome_length=29.55
2021-12-15 08:25:04.457053 | GENERATION: 29 | ERRORS: best=40, median=92.5, diversity=0.3 | INDIVIDUALS: n=200, avg_genome_length=28.915
2021-12-15 08:25:06.913886 | GENERATION: 30 | ERRORS: best=40, median=91.0, diversity=0.25 | INDIVIDUALS: n=200, avg_genome_length=27.915
2021-12-15 08:25:09.125553 | GENERATION: 31 | ERRORS: best=40, median=90.0, diversity=0.26 | INDIVIDUALS: n=200, avg_genome_length=26.15
2021-12-15 08:25:11.419361 | GENERATION: 32 | ERRORS: best=40, median=90.0, diversity=0.26 | INDIVIDUALS: n=200, avg_genome_length=26.425
2021-12-15 08:25:13.576463 | GENERATION: 33 | ERRORS: best=40, median=90.0, diversity=0.24 | INDIVIDUALS: n=200, avg_genome_length=25.785
2021-12-15 08:25:16.219915 | GENERATION: 34 | ERRORS: best=40, median=101.0, diversity=0.29 | INDIVIDUALS: n=200, avg_genome_length=26.865
2021-12-15 08:25:18.717385 | GENERATION: 35 | ERRORS: best=40, median=101.0, diversity=0.27 | INDIVIDUALS: n=200, avg_genome_length=25.865
2021-12-15 08:25:21.129425 | GENERATION: 36 | ERRORS: best=40, median=98.0, diversity=0.255 | INDIVIDUALS: n=200, avg_genome_length=25.735
2021-12-15 08:25:23.173056 | GENERATION: 37 | ERRORS: best=40, median=90.0, diversity=0.25 | INDIVIDUALS: n=200, avg_genome_length=26.065
2021-12-15 08:25:25.468430 | GENERATION: 38 | ERRORS: best=40, median=90.0, diversity=0.225 | INDIVIDUALS: n=200, avg_genome_length=25.665
2021-12-15 08:25:28.001773 | GENERATION: 39 | ERRORS: best=40, median=101.0, diversity=0.305 | INDIVIDUALS: n=200, avg_genome_length=26.17
2021-12-15 08:25:30.659208 | GENERATION: 40 | ERRORS: best=40, median=95.5, diversity=0.345 | INDIVIDUALS: n=200, avg_genome_length=26.215
2021-12-15 08:25:33.394475 | GENERATION: 41 | ERRORS: best=40, median=101.0, diversity=0.34 | INDIVIDUALS: n=200, avg_genome_length=26.935
2021-12-15 08:25:36.044113 | GENERATION: 42 | ERRORS: best=40, median=90.0, diversity=0.275 | INDIVIDUALS: n=200, avg_genome_length=25.915
2021-12-15 08:25:38.788294 | GENERATION: 43 | ERRORS: best=40, median=101.0, diversity=0.3 | INDIVIDUALS: n=200, avg_genome_length=26.125
2021-12-15 08:25:41.251237 | GENERATION: 44 | ERRORS: best=40, median=112.0, diversity=0.295 | INDIVIDUALS: n=200, avg_genome_length=25.22
2021-12-15 08:25:43.463215 | GENERATION: 45 | ERRORS: best=40, median=95.0, diversity=0.265 | INDIVIDUALS: n=200, avg_genome_length=25.73
2021-12-15 08:25:45.881746 | GENERATION: 46 | ERRORS: best=40, median=99.0, diversity=0.285 | INDIVIDUALS: n=200, avg_genome_length=26.65
2021-12-15 08:25:48.404719 | GENERATION: 47 | ERRORS: best=40, median=90.0, diversity=0.245 | INDIVIDUALS: n=200, avg_genome_length=26.285
2021-12-15 08:25:50.849404 | GENERATION: 48 | ERRORS: best=39, median=110.0, diversity=0.33 | INDIVIDUALS: n=200, avg_genome_length=26.88
2021-12-15 08:25:53.555018 | GENERATION: 49 | ERRORS: best=39, median=93.0, diversity=0.385 | INDIVIDUALS: n=200, avg_genome_length=27.2
2021-12-15 08:25:55.917738 | GENERATION: 50 | ERRORS: best=38, median=96.5, diversity=0.43 | INDIVIDUALS: n=200, avg_genome_length=27.19
2021-12-15 08:25:58.658403 | GENERATION: 51 | ERRORS: best=36, median=101.5, diversity=0.405 | INDIVIDUALS: n=200, avg_genome_length=27.07
2021-12-15 08:26:00.916286 | GENERATION: 52 | ERRORS: best=31, median=106.0, diversity=0.375 | INDIVIDUALS: n=200, avg_genome_length=26.795
2021-12-15 08:26:03.024192 | GENERATION: 53 | ERRORS: best=9, median=91.0, diversity=0.475 | INDIVIDUALS: n=200, avg_genome_length=25.905
2021-12-15 08:26:05.320661 | GENERATION: 54 | ERRORS: best=9, median=104.0, diversity=0.37 | INDIVIDUALS: n=200, avg_genome_length=23.915
2021-12-15 08:26:07.476334 | GENERATION: 55 | ERRORS: best=7, median=115.0, diversity=0.395 | INDIVIDUALS: n=200, avg_genome_length=23.035
2021-12-15 08:26:09.950433 | GENERATION: 56 | ERRORS: best=6, median=117.0, diversity=0.445 | INDIVIDUALS: n=200, avg_genome_length=23.075
2021-12-15 08:26:12.400998 | GENERATION: 57 | ERRORS: best=6, median=112.0, diversity=0.45 | INDIVIDUALS: n=200, avg_genome_length=22.605
2021-12-15 08:26:14.665942 | GENERATION: 58 | ERRORS: best=6, median=112.5, diversity=0.47 | INDIVIDUALS: n=200, avg_genome_length=21.69
2021-12-15 08:26:16.859769 | GENERATION: 59 | ERRORS: best=6, median=102.5, diversity=0.445 | INDIVIDUALS: n=200, avg_genome_length=21.195
2021-12-15 08:26:18.926599 | GENERATION: 60 | ERRORS: best=5, median=117.0, diversity=0.505 | INDIVIDUALS: n=200, avg_genome_length=20.35
2021-12-15 08:26:21.089114 | GENERATION: 61 | ERRORS: best=5, median=117.0, diversity=0.46 | INDIVIDUALS: n=200, avg_genome_length=19.9
2021-12-15 08:26:23.418377 | GENERATION: 62 | ERRORS: best=5, median=117.0, diversity=0.465 | INDIVIDUALS: n=200, avg_genome_length=20.115
2021-12-15 08:26:25.376391 | GENERATION: 63 | ERRORS: best=5, median=117.0, diversity=0.435 | INDIVIDUALS: n=200, avg_genome_length=20.005
2021-12-15 08:26:27.550151 | GENERATION: 64 | ERRORS: best=5, median=117.0, diversity=0.425 | INDIVIDUALS: n=200, avg_genome_length=19.655
2021-12-15 08:26:29.544837 | GENERATION: 65 | ERRORS: best=5, median=112.5, diversity=0.545 | INDIVIDUALS: n=200, avg_genome_length=20.16
2021-12-15 08:26:31.770538 | GENERATION: 66 | ERRORS: best=5, median=112.0, diversity=0.525 | INDIVIDUALS: n=200, avg_genome_length=19.725
2021-12-15 08:26:33.705978 | GENERATION: 67 | ERRORS: best=5, median=113.0, diversity=0.45 | INDIVIDUALS: n=200, avg_genome_length=18.74
2021-12-15 08:26:35.631840 | GENERATION: 68 | ERRORS: best=5, median=117.0, diversity=0.38 | INDIVIDUALS: n=200, avg_genome_length=16.415
2021-12-15 08:26:37.503786 | GENERATION: 69 | ERRORS: best=5, median=113.5, diversity=0.475 | INDIVIDUALS: n=200, avg_genome_length=15.83
2021-12-15 08:26:39.331618 | GENERATION: 70 | ERRORS: best=5, median=117.0, diversity=0.41 | INDIVIDUALS: n=200, avg_genome_length=16.235
2021-12-15 08:26:41.147119 | GENERATION: 71 | ERRORS: best=5, median=113.0, diversity=0.395 | INDIVIDUALS: n=200, avg_genome_length=15.94
2021-12-15 08:26:42.783451 | GENERATION: 72 | ERRORS: best=5, median=113.0, diversity=0.405 | INDIVIDUALS: n=200, avg_genome_length=15.415
2021-12-15 08:26:44.863315 | GENERATION: 73 | ERRORS: best=5, median=117.0, diversity=0.37 | INDIVIDUALS: n=200, avg_genome_length=15.56
2021-12-15 08:26:46.930157 | GENERATION: 74 | ERRORS: best=5, median=117.0, diversity=0.365 | INDIVIDUALS: n=200, avg_genome_length=15.505
2021-12-15 08:26:48.717848 | GENERATION: 75 | ERRORS: best=5, median=113.0, diversity=0.46 | INDIVIDUALS: n=200, avg_genome_length=15.435
2021-12-15 08:26:50.524946 | GENERATION: 76 | ERRORS: best=5, median=117.0, diversity=0.375 | INDIVIDUALS: n=200, avg_genome_length=16.385
2021-12-15 08:26:52.429212 | GENERATION: 77 | ERRORS: best=5, median=112.5, diversity=0.435 | INDIVIDUALS: n=200, avg_genome_length=16.04
2021-12-15 08:26:54.310603 | GENERATION: 78 | ERRORS: best=5, median=117.0, diversity=0.44 | INDIVIDUALS: n=200, avg_genome_length=15.1
2021-12-15 08:26:56.287591 | GENERATION: 79 | ERRORS: best=5, median=113.0, diversity=0.49 | INDIVIDUALS: n=200, avg_genome_length=19.625
2021-12-15 08:26:58.618748 | GENERATION: 80 | ERRORS: best=5, median=117.0, diversity=0.515 | INDIVIDUALS: n=200, avg_genome_length=19.185
2021-12-15 08:27:00.864665 | GENERATION: 81 | ERRORS: best=5, median=112.0, diversity=0.52 | INDIVIDUALS: n=200, avg_genome_length=19.695
2021-12-15 08:27:02.818726 | GENERATION: 82 | ERRORS: best=5, median=112.0, diversity=0.465 | INDIVIDUALS: n=200, avg_genome_length=19.725
2021-12-15 08:27:04.863228 | GENERATION: 83 | ERRORS: best=5, median=117.0, diversity=0.485 | INDIVIDUALS: n=200, avg_genome_length=19.715
2021-12-15 08:27:06.910531 | GENERATION: 84 | ERRORS: best=5, median=117.0, diversity=0.5 | INDIVIDUALS: n=200, avg_genome_length=19.68
2021-12-15 08:27:08.943416 | GENERATION: 85 | ERRORS: best=5, median=108.0, diversity=0.525 | INDIVIDUALS: n=200, avg_genome_length=19.775
2021-12-15 08:27:11.338785 | GENERATION: 86 | ERRORS: best=5, median=106.5, diversity=0.515 | INDIVIDUALS: n=200, avg_genome_length=19.905
Simplifying genome of length 20 with total error 0.
Simplified genome by 1 to length 19.
Simplified genome by 1 to length 18.
Simplified genome by 1 to length 17.
Simplified genome by 1 to length 16.
Simplified genome by 1 to length 15.
Simplified genome by 1 to length 14.
Simplified genome by 2 to length 12.
Simplified genome by 2 to length 10.
Simplified genome to length 10 and total error 0.
========================================
End Run
========================================
Solution found.
Best Seen Individual
	Genome:
	 pvector([Input(input_index=2), Input(input_index=0), Input(input_index=1), InstructionMeta(name='int_max', code_blocks=0), InstructionMeta(name='int_min', code_blocks=0), Input(input_index=0), Input(input_index=1), InstructionMeta(name='int_min', code_blocks=0), InstructionMeta(name='int_max', code_blocks=0), InstructionMeta(name='print_int', code_blocks=0)])
	Program:
	 (input_2 input_0 input_1 int_max int_min input_0 input_1 int_min int_max print_int)
	Error vector:
	 [0 0 0 0 0 0 0 0 0 0 0 0 0 0 0 0 0 0 0 0 0 0 0 0 0 0 0 0 0 0 0 0 0 0 0 0 0
 0 0 0 0 0 0 0 0 0 0 0 0 0 0 0 0 0 0 0 0 0 0 0 0 0 0 0 0 0 0 0 0 0 0 0 0 0
 0 0 0 0 0 0 0 0 0 0 0 0 0 0 0 0 0 0 0 0 0 0 0 0 0 0]
	Total error:
	 0
	Test error:
	 0
	Time:
	 00:04:08
