Included 0 edge cases.
Included 100 random cases.
Included 100 cases in total.
Finished formatting.
Included 0 edge cases.
Included 1000 random cases.
Included 1000 cases in total.
Finished formatting.
========================================
Setup
========================================
Search Configuration:
signature: ProgramSignature(output_stacks=['stdout'], arity=3, push_config=PushConfig(numeric_magnitude_limit=1000000000000.0, growth_cap=500, collection_size_cap=1000, step_limit=200, runtime_limit=10))
evaluator: <pyshgp.gp.evaluation.DatasetEvaluator object at 0x7fc854a004c0>
spawner: <pyshgp.gp.genome.GeneSpawner object at 0x7fc854a00eb0>
population_size: 200
max_generations: 300
error_threshold: 0.0
initial_genome_size: (20, 100)
simplification_steps: 500
parallel_context: <pyshgp.gp.search.ParallelContext object at 0x7fc854a00850>
selection: <pyshgp.utils.DiscreteProbDistrib object at 0x7fc84c344940>
variation: <pyshgp.utils.DiscreteProbDistrib object at 0x7fc84c344780>
Instructions:
int_add, int_sub, int_mult, int_div, int_mod, int_min, int_max, int_inc, int_dec, int_lt, int_lte, int_gt, int_gte, int_from_bool, bool_and, bool_or, bool_not, bool_xor, bool_invert_first_then_and, bool_second_first_then_and, bool_from_int, noop, noop_open, exec_do_range, exec_do_count, exec_while, exec_do_while, exec_if, exec_when, print_bool, println_bool, print_int, println_int, print_exec, println_exec, bool_pop, bool_dup, bool_dup_times, bool_swap, bool_rot, bool_flush, bool_eq, bool_stack_depth, bool_yank, bool_yank_dup, bool_shove, bool_shove_dup, bool_is_empty, int_pop, int_dup, int_dup_times, int_swap, int_rot, int_flush, int_eq, int_stack_depth, int_yank, int_yank_dup, int_shove, int_shove_dup, int_is_empty, exec_pop, exec_dup, exec_dup_times, exec_swap, exec_rot, exec_flush, exec_eq, exec_stack_depth, exec_yank, exec_yank_dup, exec_shove, exec_shove_dup, exec_is_empty
Literals:
[]
ERC Generators:
[<function rand_int at 0x7fc854a05e50>]
========================================
Start Run
========================================
2021-12-17 05:32:06.045476 | GENERATION: 1 | ERRORS: best=237, median=4688.0, diversity=0.095 | INDIVIDUALS: n=200, avg_genome_length=60.195
2021-12-17 05:32:07.958579 | GENERATION: 2 | ERRORS: best=103, median=237.0, diversity=0.16 | INDIVIDUALS: n=200, avg_genome_length=55.84
2021-12-17 05:32:10.259658 | GENERATION: 3 | ERRORS: best=96, median=105.0, diversity=0.205 | INDIVIDUALS: n=200, avg_genome_length=52.93
2021-12-17 05:32:12.594303 | GENERATION: 4 | ERRORS: best=96, median=105.0, diversity=0.235 | INDIVIDUALS: n=200, avg_genome_length=59.31
2021-12-17 05:32:15.040262 | GENERATION: 5 | ERRORS: best=96, median=105.0, diversity=0.29 | INDIVIDUALS: n=200, avg_genome_length=63.885
2021-12-17 05:32:17.688572 | GENERATION: 6 | ERRORS: best=96, median=105.0, diversity=0.24 | INDIVIDUALS: n=200, avg_genome_length=63.22
2021-12-17 05:32:20.341215 | GENERATION: 7 | ERRORS: best=96, median=105.0, diversity=0.215 | INDIVIDUALS: n=200, avg_genome_length=63.995
2021-12-17 05:32:22.791510 | GENERATION: 8 | ERRORS: best=93, median=105.0, diversity=0.26 | INDIVIDUALS: n=200, avg_genome_length=64.91
2021-12-17 05:32:25.356719 | GENERATION: 9 | ERRORS: best=93, median=105.0, diversity=0.27 | INDIVIDUALS: n=200, avg_genome_length=59.395
2021-12-17 05:32:27.563208 | GENERATION: 10 | ERRORS: best=90, median=103.0, diversity=0.305 | INDIVIDUALS: n=200, avg_genome_length=55.82
2021-12-17 05:32:29.688823 | GENERATION: 11 | ERRORS: best=90, median=103.0, diversity=0.235 | INDIVIDUALS: n=200, avg_genome_length=54.01
2021-12-17 05:32:31.920401 | GENERATION: 12 | ERRORS: best=90, median=105.0, diversity=0.25 | INDIVIDUALS: n=200, avg_genome_length=49.625
2021-12-17 05:32:34.300397 | GENERATION: 13 | ERRORS: best=90, median=105.0, diversity=0.33 | INDIVIDUALS: n=200, avg_genome_length=47.975
2021-12-17 05:32:36.388629 | GENERATION: 14 | ERRORS: best=53, median=105.0, diversity=0.285 | INDIVIDUALS: n=200, avg_genome_length=46.42
2021-12-17 05:32:38.236110 | GENERATION: 15 | ERRORS: best=52, median=98.0, diversity=0.29 | INDIVIDUALS: n=200, avg_genome_length=39.57
2021-12-17 05:32:40.135567 | GENERATION: 16 | ERRORS: best=52, median=102.0, diversity=0.305 | INDIVIDUALS: n=200, avg_genome_length=30.415
2021-12-17 05:32:42.032975 | GENERATION: 17 | ERRORS: best=52, median=96.0, diversity=0.29 | INDIVIDUALS: n=200, avg_genome_length=31.94
2021-12-17 05:32:43.843402 | GENERATION: 18 | ERRORS: best=52, median=100.0, diversity=0.28 | INDIVIDUALS: n=200, avg_genome_length=29.15
2021-12-17 05:32:45.742200 | GENERATION: 19 | ERRORS: best=52, median=96.0, diversity=0.38 | INDIVIDUALS: n=200, avg_genome_length=27.67
2021-12-17 05:32:47.655860 | GENERATION: 20 | ERRORS: best=52, median=103.0, diversity=0.34 | INDIVIDUALS: n=200, avg_genome_length=26.435
2021-12-17 05:32:49.634371 | GENERATION: 21 | ERRORS: best=52, median=105.0, diversity=0.365 | INDIVIDUALS: n=200, avg_genome_length=27.68
2021-12-17 05:32:51.531396 | GENERATION: 22 | ERRORS: best=52, median=103.0, diversity=0.385 | INDIVIDUALS: n=200, avg_genome_length=27.315
2021-12-17 05:32:53.587912 | GENERATION: 23 | ERRORS: best=49, median=103.0, diversity=0.325 | INDIVIDUALS: n=200, avg_genome_length=27.32
2021-12-17 05:32:55.539454 | GENERATION: 24 | ERRORS: best=49, median=96.5, diversity=0.285 | INDIVIDUALS: n=200, avg_genome_length=27.195
2021-12-17 05:32:57.644694 | GENERATION: 25 | ERRORS: best=49, median=103.0, diversity=0.3 | INDIVIDUALS: n=200, avg_genome_length=27.265
2021-12-17 05:32:59.682857 | GENERATION: 26 | ERRORS: best=49, median=103.0, diversity=0.265 | INDIVIDUALS: n=200, avg_genome_length=25.97
2021-12-17 05:33:01.969441 | GENERATION: 27 | ERRORS: best=49, median=105.0, diversity=0.295 | INDIVIDUALS: n=200, avg_genome_length=25.705
2021-12-17 05:33:03.864528 | GENERATION: 28 | ERRORS: best=47, median=100.5, diversity=0.24 | INDIVIDUALS: n=200, avg_genome_length=24.085
2021-12-17 05:33:06.082288 | GENERATION: 29 | ERRORS: best=47, median=102.5, diversity=0.305 | INDIVIDUALS: n=200, avg_genome_length=24.515
2021-12-17 05:33:08.515671 | GENERATION: 30 | ERRORS: best=41, median=100.0, diversity=0.26 | INDIVIDUALS: n=200, avg_genome_length=24.59
2021-12-17 05:33:12.182455 | GENERATION: 31 | ERRORS: best=41, median=103.0, diversity=0.21 | INDIVIDUALS: n=200, avg_genome_length=24.52
2021-12-17 05:33:15.381165 | GENERATION: 32 | ERRORS: best=41, median=62.0, diversity=0.205 | INDIVIDUALS: n=200, avg_genome_length=24.0
2021-12-17 05:33:18.217096 | GENERATION: 33 | ERRORS: best=38, median=102.0, diversity=0.265 | INDIVIDUALS: n=200, avg_genome_length=23.23
2021-12-17 05:33:21.095785 | GENERATION: 34 | ERRORS: best=38, median=100.0, diversity=0.26 | INDIVIDUALS: n=200, avg_genome_length=22.96
2021-12-17 05:33:23.789788 | GENERATION: 35 | ERRORS: best=27, median=96.0, diversity=0.32 | INDIVIDUALS: n=200, avg_genome_length=23.975
2021-12-17 05:33:26.781323 | GENERATION: 36 | ERRORS: best=27, median=100.0, diversity=0.33 | INDIVIDUALS: n=200, avg_genome_length=24.825
2021-12-17 05:33:30.036124 | GENERATION: 37 | ERRORS: best=26, median=98.0, diversity=0.385 | INDIVIDUALS: n=200, avg_genome_length=23.42
2021-12-17 05:33:32.406635 | GENERATION: 38 | ERRORS: best=23, median=103.0, diversity=0.39 | INDIVIDUALS: n=200, avg_genome_length=24.08
2021-12-17 05:33:34.800564 | GENERATION: 39 | ERRORS: best=21, median=97.5, diversity=0.415 | INDIVIDUALS: n=200, avg_genome_length=25.295
2021-12-17 05:33:36.949016 | GENERATION: 40 | ERRORS: best=21, median=105.0, diversity=0.49 | INDIVIDUALS: n=200, avg_genome_length=25.265
2021-12-17 05:33:39.447719 | GENERATION: 41 | ERRORS: best=18, median=103.0, diversity=0.405 | INDIVIDUALS: n=200, avg_genome_length=25.095
2021-12-17 05:33:41.843065 | GENERATION: 42 | ERRORS: best=18, median=96.0, diversity=0.415 | INDIVIDUALS: n=200, avg_genome_length=23.885
2021-12-17 05:33:44.310515 | GENERATION: 43 | ERRORS: best=18, median=104.0, diversity=0.425 | INDIVIDUALS: n=200, avg_genome_length=24.615
2021-12-17 05:33:46.601871 | GENERATION: 44 | ERRORS: best=18, median=103.0, diversity=0.485 | INDIVIDUALS: n=200, avg_genome_length=24.465
2021-12-17 05:33:48.690278 | GENERATION: 45 | ERRORS: best=18, median=93.0, diversity=0.42 | INDIVIDUALS: n=200, avg_genome_length=23.71
2021-12-17 05:33:50.774052 | GENERATION: 46 | ERRORS: best=18, median=105.0, diversity=0.44 | INDIVIDUALS: n=200, avg_genome_length=23.575
2021-12-17 05:33:52.848402 | GENERATION: 47 | ERRORS: best=18, median=106.5, diversity=0.515 | INDIVIDUALS: n=200, avg_genome_length=24.08
2021-12-17 05:33:54.929844 | GENERATION: 48 | ERRORS: best=18, median=98.5, diversity=0.395 | INDIVIDUALS: n=200, avg_genome_length=23.83
2021-12-17 05:33:56.865603 | GENERATION: 49 | ERRORS: best=18, median=103.0, diversity=0.56 | INDIVIDUALS: n=200, avg_genome_length=23.275
2021-12-17 05:33:59.030632 | GENERATION: 50 | ERRORS: best=18, median=94.5, diversity=0.49 | INDIVIDUALS: n=200, avg_genome_length=24.735
2021-12-17 05:34:01.016462 | GENERATION: 51 | ERRORS: best=18, median=100.0, diversity=0.415 | INDIVIDUALS: n=200, avg_genome_length=24.7
2021-12-17 05:34:02.914573 | GENERATION: 52 | ERRORS: best=18, median=102.5, diversity=0.425 | INDIVIDUALS: n=200, avg_genome_length=25.3
2021-12-17 05:34:04.887052 | GENERATION: 53 | ERRORS: best=18, median=95.0, diversity=0.345 | INDIVIDUALS: n=200, avg_genome_length=24.95
2021-12-17 05:34:06.879166 | GENERATION: 54 | ERRORS: best=18, median=103.0, diversity=0.39 | INDIVIDUALS: n=200, avg_genome_length=24.69
2021-12-17 05:34:08.722777 | GENERATION: 55 | ERRORS: best=18, median=105.0, diversity=0.385 | INDIVIDUALS: n=200, avg_genome_length=24.51
2021-12-17 05:34:10.814608 | GENERATION: 56 | ERRORS: best=18, median=99.0, diversity=0.4 | INDIVIDUALS: n=200, avg_genome_length=25.12
2021-12-17 05:34:12.727942 | GENERATION: 57 | ERRORS: best=18, median=103.0, diversity=0.365 | INDIVIDUALS: n=200, avg_genome_length=25.075
2021-12-17 05:34:15.103576 | GENERATION: 58 | ERRORS: best=18, median=103.0, diversity=0.32 | INDIVIDUALS: n=200, avg_genome_length=25.57
2021-12-17 05:34:17.519142 | GENERATION: 59 | ERRORS: best=18, median=102.0, diversity=0.335 | INDIVIDUALS: n=200, avg_genome_length=24.585
2021-12-17 05:34:19.567670 | GENERATION: 60 | ERRORS: best=18, median=103.0, diversity=0.31 | INDIVIDUALS: n=200, avg_genome_length=24.1
2021-12-17 05:34:21.601811 | GENERATION: 61 | ERRORS: best=18, median=103.0, diversity=0.32 | INDIVIDUALS: n=200, avg_genome_length=23.9
2021-12-17 05:34:23.630388 | GENERATION: 62 | ERRORS: best=18, median=100.0, diversity=0.315 | INDIVIDUALS: n=200, avg_genome_length=23.41
2021-12-17 05:34:25.728291 | GENERATION: 63 | ERRORS: best=18, median=102.0, diversity=0.41 | INDIVIDUALS: n=200, avg_genome_length=24.55
2021-12-17 05:34:27.940728 | GENERATION: 64 | ERRORS: best=18, median=102.0, diversity=0.35 | INDIVIDUALS: n=200, avg_genome_length=24.455
2021-12-17 05:34:30.099853 | GENERATION: 65 | ERRORS: best=18, median=105.0, diversity=0.395 | INDIVIDUALS: n=200, avg_genome_length=24.765
2021-12-17 05:34:32.343871 | GENERATION: 66 | ERRORS: best=18, median=103.0, diversity=0.43 | INDIVIDUALS: n=200, avg_genome_length=25.905
2021-12-17 05:34:34.722017 | GENERATION: 67 | ERRORS: best=18, median=100.0, diversity=0.375 | INDIVIDUALS: n=200, avg_genome_length=25.445
2021-12-17 05:34:37.019864 | GENERATION: 68 | ERRORS: best=18, median=100.5, diversity=0.305 | INDIVIDUALS: n=200, avg_genome_length=24.85
2021-12-17 05:34:39.109656 | GENERATION: 69 | ERRORS: best=18, median=103.0, diversity=0.345 | INDIVIDUALS: n=200, avg_genome_length=24.36
2021-12-17 05:34:41.269586 | GENERATION: 70 | ERRORS: best=18, median=103.0, diversity=0.33 | INDIVIDUALS: n=200, avg_genome_length=24.11
2021-12-17 05:34:43.335270 | GENERATION: 71 | ERRORS: best=18, median=103.0, diversity=0.375 | INDIVIDUALS: n=200, avg_genome_length=24.51
2021-12-17 05:34:46.109548 | GENERATION: 72 | ERRORS: best=18, median=103.0, diversity=0.405 | INDIVIDUALS: n=200, avg_genome_length=24.595
2021-12-17 05:34:48.843266 | GENERATION: 73 | ERRORS: best=18, median=103.0, diversity=0.35 | INDIVIDUALS: n=200, avg_genome_length=23.62
2021-12-17 05:34:51.378831 | GENERATION: 74 | ERRORS: best=18, median=96.0, diversity=0.33 | INDIVIDUALS: n=200, avg_genome_length=23.575
2021-12-17 05:34:54.023824 | GENERATION: 75 | ERRORS: best=18, median=100.0, diversity=0.325 | INDIVIDUALS: n=200, avg_genome_length=24.645
2021-12-17 05:34:56.417559 | GENERATION: 76 | ERRORS: best=18, median=102.0, diversity=0.315 | INDIVIDUALS: n=200, avg_genome_length=24.225
2021-12-17 05:34:58.569577 | GENERATION: 77 | ERRORS: best=18, median=103.0, diversity=0.385 | INDIVIDUALS: n=200, avg_genome_length=23.885
2021-12-17 05:35:00.863586 | GENERATION: 78 | ERRORS: best=18, median=96.0, diversity=0.385 | INDIVIDUALS: n=200, avg_genome_length=24.515
2021-12-17 05:35:03.482489 | GENERATION: 79 | ERRORS: best=18, median=103.0, diversity=0.485 | INDIVIDUALS: n=200, avg_genome_length=24.52
2021-12-17 05:35:06.064626 | GENERATION: 80 | ERRORS: best=18, median=100.0, diversity=0.44 | INDIVIDUALS: n=200, avg_genome_length=23.995
2021-12-17 05:35:08.446785 | GENERATION: 81 | ERRORS: best=18, median=103.0, diversity=0.455 | INDIVIDUALS: n=200, avg_genome_length=22.99
2021-12-17 05:35:10.590242 | GENERATION: 82 | ERRORS: best=18, median=103.0, diversity=0.42 | INDIVIDUALS: n=200, avg_genome_length=23.35
2021-12-17 05:35:12.809127 | GENERATION: 83 | ERRORS: best=18, median=100.0, diversity=0.39 | INDIVIDUALS: n=200, avg_genome_length=22.31
2021-12-17 05:35:14.646094 | GENERATION: 84 | ERRORS: best=18, median=100.0, diversity=0.41 | INDIVIDUALS: n=200, avg_genome_length=22.335
2021-12-17 05:35:16.805033 | GENERATION: 85 | ERRORS: best=18, median=101.0, diversity=0.37 | INDIVIDUALS: n=200, avg_genome_length=21.235
2021-12-17 05:35:19.026345 | GENERATION: 86 | ERRORS: best=18, median=103.0, diversity=0.39 | INDIVIDUALS: n=200, avg_genome_length=21.605
2021-12-17 05:35:21.010138 | GENERATION: 87 | ERRORS: best=18, median=101.0, diversity=0.365 | INDIVIDUALS: n=200, avg_genome_length=21.89
2021-12-17 05:35:23.154132 | GENERATION: 88 | ERRORS: best=18, median=103.0, diversity=0.38 | INDIVIDUALS: n=200, avg_genome_length=22.275
2021-12-17 05:35:25.106717 | GENERATION: 89 | ERRORS: best=18, median=103.0, diversity=0.37 | INDIVIDUALS: n=200, avg_genome_length=22.9
2021-12-17 05:35:27.475572 | GENERATION: 90 | ERRORS: best=18, median=100.0, diversity=0.38 | INDIVIDUALS: n=200, avg_genome_length=22.815
2021-12-17 05:35:29.615809 | GENERATION: 91 | ERRORS: best=18, median=103.5, diversity=0.36 | INDIVIDUALS: n=200, avg_genome_length=21.555
2021-12-17 05:35:31.581207 | GENERATION: 92 | ERRORS: best=18, median=100.0, diversity=0.345 | INDIVIDUALS: n=200, avg_genome_length=21.945
2021-12-17 05:35:33.478632 | GENERATION: 93 | ERRORS: best=18, median=103.0, diversity=0.335 | INDIVIDUALS: n=200, avg_genome_length=21.72
2021-12-17 05:35:35.521630 | GENERATION: 94 | ERRORS: best=18, median=103.0, diversity=0.305 | INDIVIDUALS: n=200, avg_genome_length=22.445
2021-12-17 05:35:37.392440 | GENERATION: 95 | ERRORS: best=18, median=100.0, diversity=0.375 | INDIVIDUALS: n=200, avg_genome_length=21.7
2021-12-17 05:35:39.441661 | GENERATION: 96 | ERRORS: best=18, median=100.0, diversity=0.385 | INDIVIDUALS: n=200, avg_genome_length=21.58
2021-12-17 05:35:41.516659 | GENERATION: 97 | ERRORS: best=18, median=101.5, diversity=0.36 | INDIVIDUALS: n=200, avg_genome_length=21.11
2021-12-17 05:35:43.462930 | GENERATION: 98 | ERRORS: best=18, median=105.0, diversity=0.32 | INDIVIDUALS: n=200, avg_genome_length=21.18
2021-12-17 05:35:45.404063 | GENERATION: 99 | ERRORS: best=14, median=94.0, diversity=0.345 | INDIVIDUALS: n=200, avg_genome_length=21.98
2021-12-17 05:35:47.280833 | GENERATION: 100 | ERRORS: best=14, median=101.0, diversity=0.37 | INDIVIDUALS: n=200, avg_genome_length=21.56
2021-12-17 05:35:49.300341 | GENERATION: 101 | ERRORS: best=14, median=100.5, diversity=0.39 | INDIVIDUALS: n=200, avg_genome_length=21.725
2021-12-17 05:35:51.414594 | GENERATION: 102 | ERRORS: best=11, median=103.0, diversity=0.405 | INDIVIDUALS: n=200, avg_genome_length=22.285
2021-12-17 05:35:53.448885 | GENERATION: 103 | ERRORS: best=12, median=100.0, diversity=0.505 | INDIVIDUALS: n=200, avg_genome_length=21.015
2021-12-17 05:35:55.521274 | GENERATION: 104 | ERRORS: best=18, median=103.0, diversity=0.46 | INDIVIDUALS: n=200, avg_genome_length=19.52
2021-12-17 05:35:57.616277 | GENERATION: 105 | ERRORS: best=18, median=103.0, diversity=0.37 | INDIVIDUALS: n=200, avg_genome_length=21.015
2021-12-17 05:35:59.500361 | GENERATION: 106 | ERRORS: best=18, median=103.0, diversity=0.315 | INDIVIDUALS: n=200, avg_genome_length=21.26
2021-12-17 05:36:01.339614 | GENERATION: 107 | ERRORS: best=18, median=96.5, diversity=0.365 | INDIVIDUALS: n=200, avg_genome_length=21.585
2021-12-17 05:36:03.229652 | GENERATION: 108 | ERRORS: best=18, median=100.0, diversity=0.34 | INDIVIDUALS: n=200, avg_genome_length=22.785
2021-12-17 05:36:05.160810 | GENERATION: 109 | ERRORS: best=18, median=102.5, diversity=0.405 | INDIVIDUALS: n=200, avg_genome_length=22.79
2021-12-17 05:36:07.252714 | GENERATION: 110 | ERRORS: best=18, median=105.0, diversity=0.34 | INDIVIDUALS: n=200, avg_genome_length=23.685
2021-12-17 05:36:09.251780 | GENERATION: 111 | ERRORS: best=18, median=103.0, diversity=0.36 | INDIVIDUALS: n=200, avg_genome_length=22.31
2021-12-17 05:36:11.384011 | GENERATION: 112 | ERRORS: best=18, median=100.0, diversity=0.375 | INDIVIDUALS: n=200, avg_genome_length=22.65
2021-12-17 05:36:13.431676 | GENERATION: 113 | ERRORS: best=10, median=100.0, diversity=0.415 | INDIVIDUALS: n=200, avg_genome_length=23.075
2021-12-17 05:36:15.654272 | GENERATION: 114 | ERRORS: best=10, median=100.0, diversity=0.53 | INDIVIDUALS: n=200, avg_genome_length=22.545
2021-12-17 05:36:18.038540 | GENERATION: 115 | ERRORS: best=10, median=103.0, diversity=0.495 | INDIVIDUALS: n=200, avg_genome_length=22.51
2021-12-17 05:36:20.293630 | GENERATION: 116 | ERRORS: best=10, median=102.5, diversity=0.445 | INDIVIDUALS: n=200, avg_genome_length=21.785
2021-12-17 05:36:22.560946 | GENERATION: 117 | ERRORS: best=10, median=100.0, diversity=0.495 | INDIVIDUALS: n=200, avg_genome_length=22.525
2021-12-17 05:36:24.728513 | GENERATION: 118 | ERRORS: best=10, median=103.0, diversity=0.465 | INDIVIDUALS: n=200, avg_genome_length=22.24
2021-12-17 05:36:27.016242 | GENERATION: 119 | ERRORS: best=10, median=98.5, diversity=0.5 | INDIVIDUALS: n=200, avg_genome_length=22.53
2021-12-17 05:36:29.439153 | GENERATION: 120 | ERRORS: best=10, median=105.0, diversity=0.485 | INDIVIDUALS: n=200, avg_genome_length=22.085
2021-12-17 05:36:31.714530 | GENERATION: 121 | ERRORS: best=10, median=103.0, diversity=0.545 | INDIVIDUALS: n=200, avg_genome_length=22.305
2021-12-17 05:36:34.125386 | GENERATION: 122 | ERRORS: best=10, median=102.0, diversity=0.53 | INDIVIDUALS: n=200, avg_genome_length=22.575
2021-12-17 05:36:36.502125 | GENERATION: 123 | ERRORS: best=15, median=103.0, diversity=0.53 | INDIVIDUALS: n=200, avg_genome_length=22.09
2021-12-17 05:36:38.782211 | GENERATION: 124 | ERRORS: best=11, median=100.0, diversity=0.54 | INDIVIDUALS: n=200, avg_genome_length=21.85
2021-12-17 05:36:40.960165 | GENERATION: 125 | ERRORS: best=9, median=105.0, diversity=0.52 | INDIVIDUALS: n=200, avg_genome_length=21.32
2021-12-17 05:36:43.043885 | GENERATION: 126 | ERRORS: best=6, median=97.5, diversity=0.515 | INDIVIDUALS: n=200, avg_genome_length=22.345
2021-12-17 05:36:45.278490 | GENERATION: 127 | ERRORS: best=6, median=101.5, diversity=0.49 | INDIVIDUALS: n=200, avg_genome_length=22.27
2021-12-17 05:36:47.610203 | GENERATION: 128 | ERRORS: best=6, median=103.0, diversity=0.485 | INDIVIDUALS: n=200, avg_genome_length=21.975
2021-12-17 05:36:49.943276 | GENERATION: 129 | ERRORS: best=6, median=95.0, diversity=0.44 | INDIVIDUALS: n=200, avg_genome_length=22.155
2021-12-17 05:36:52.495930 | GENERATION: 130 | ERRORS: best=6, median=100.0, diversity=0.495 | INDIVIDUALS: n=200, avg_genome_length=21.855
Simplifying genome of length 22 with total error 0.
Simplified genome by 1 to length 21.
Simplified genome by 2 to length 19.
Simplified genome by 2 to length 17.
Simplified genome by 1 to length 16.
Simplified genome by 1 to length 15.
Simplified genome by 1 to length 14.
Simplified genome by 1 to length 13.
Simplified genome to length 13 and total error 0.
========================================
End Run
========================================
Solution found.
Best Seen Individual
	Genome:
	 pvector([Literal(value=38, push_type=<pyshgp.push.types.PushIntType object at 0x7fc84d9a5c10>), InstructionMeta(name='exec_shove', code_blocks=1), Input(input_index=1), InstructionMeta(name='int_min', code_blocks=0), InstructionMeta(name='int_max', code_blocks=0), InstructionMeta(name='int_min', code_blocks=0), InstructionMeta(name='print_int', code_blocks=0), Closer(), Input(input_index=2), Input(input_index=1), InstructionMeta(name='int_max', code_blocks=0), Input(input_index=0), Input(input_index=2)])
	Program:
	 (38 exec_shove (input_1 int_min int_max int_min print_int) input_2 input_1 int_max input_0 input_2)
	Error vector:
	 [0 0 0 0 0 0 0 0 0 0 0 0 0 0 0 0 0 0 0 0 0 0 0 0 0 0 0 0 0 0 0 0 0 0 0 0 0
 0 0 0 0 0 0 0 0 0 0 0 0 0 0 0 0 0 0 0 0 0 0 0 0 0 0 0 0 0 0 0 0 0 0 0 0 0
 0 0 0 0 0 0 0 0 0 0 0 0 0 0 0 0 0 0 0 0 0 0 0 0 0 0]
	Total error:
	 0
	Test error:
	 0
	Time:
	 00:05:06
