Included 0 edge cases.
Included 100 random cases.
Included 100 cases in total.
Finished formatting.
Included 0 edge cases.
Included 1000 random cases.
Included 1000 cases in total.
Finished formatting.
========================================
Setup
========================================
Search Configuration:
signature: ProgramSignature(push_config=PushConfig(runtime_limit=10, collection_size_cap=1000, growth_cap=500, step_limit=200, numeric_magnitude_limit=1000000000000.0), arity=3, output_stacks=['stdout'])
evaluator: <pyshgp.gp.evaluation.DatasetEvaluator object at 0x7fad2f5054c0>
spawner: <pyshgp.gp.genome.GeneSpawner object at 0x7fad2f505eb0>
population_size: 200
max_generations: 300
error_threshold: 0.0
initial_genome_size: (20, 100)
simplification_steps: 500
parallel_context: <pyshgp.gp.search.ParallelContext object at 0x7fad2f505850>
selection: <pyshgp.utils.DiscreteProbDistrib object at 0x7fad27715780>
variation: <pyshgp.utils.DiscreteProbDistrib object at 0x7fad27715600>
Instructions:
int_add, int_sub, int_mult, int_div, int_mod, int_min, int_max, int_inc, int_dec, int_lt, int_lte, int_gt, int_gte, int_from_bool, bool_and, bool_or, bool_not, bool_xor, bool_invert_first_then_and, bool_second_first_then_and, bool_from_int, noop, noop_open, exec_do_range, exec_do_count, exec_while, exec_do_while, exec_if, exec_when, print_bool, println_bool, print_int, println_int, print_exec, println_exec, bool_pop, bool_dup, bool_dup_times, bool_swap, bool_rot, bool_flush, bool_eq, bool_stack_depth, bool_yank, bool_yank_dup, bool_shove, bool_shove_dup, bool_is_empty, int_pop, int_dup, int_dup_times, int_swap, int_rot, int_flush, int_eq, int_stack_depth, int_yank, int_yank_dup, int_shove, int_shove_dup, int_is_empty, exec_pop, exec_dup, exec_dup_times, exec_swap, exec_rot, exec_flush, exec_eq, exec_stack_depth, exec_yank, exec_yank_dup, exec_shove, exec_shove_dup, exec_is_empty
Literals:
[]
ERC Generators:
[<function rand_int at 0x7fad2f508e50>]
========================================
Start Run
========================================
2021-12-17 08:37:21.276742 | GENERATION: 1 | ERRORS: best=233, median=285.0, diversity=0.105 | INDIVIDUALS: n=200, avg_genome_length=58.04
2021-12-17 08:37:23.865054 | GENERATION: 2 | ERRORS: best=173, median=233.0, diversity=0.205 | INDIVIDUALS: n=200, avg_genome_length=48.15
2021-12-17 08:37:27.139425 | GENERATION: 3 | ERRORS: best=93, median=183.0, diversity=0.29 | INDIVIDUALS: n=200, avg_genome_length=40.635
2021-12-17 08:37:29.557959 | GENERATION: 4 | ERRORS: best=93, median=114.0, diversity=0.165 | INDIVIDUALS: n=200, avg_genome_length=38.29
2021-12-17 08:37:32.384993 | GENERATION: 5 | ERRORS: best=93, median=112.0, diversity=0.205 | INDIVIDUALS: n=200, avg_genome_length=38.835
2021-12-17 08:37:35.163767 | GENERATION: 6 | ERRORS: best=93, median=114.0, diversity=0.285 | INDIVIDUALS: n=200, avg_genome_length=37.975
2021-12-17 08:37:37.588268 | GENERATION: 7 | ERRORS: best=93, median=112.5, diversity=0.365 | INDIVIDUALS: n=200, avg_genome_length=38.1
2021-12-17 08:37:39.969710 | GENERATION: 8 | ERRORS: best=93, median=113.5, diversity=0.315 | INDIVIDUALS: n=200, avg_genome_length=37.395
2021-12-17 08:37:42.210338 | GENERATION: 9 | ERRORS: best=93, median=108.0, diversity=0.305 | INDIVIDUALS: n=200, avg_genome_length=36.895
2021-12-17 08:37:44.299229 | GENERATION: 10 | ERRORS: best=80, median=109.5, diversity=0.32 | INDIVIDUALS: n=200, avg_genome_length=36.325
2021-12-17 08:37:46.371470 | GENERATION: 11 | ERRORS: best=80, median=110.0, diversity=0.32 | INDIVIDUALS: n=200, avg_genome_length=35.02
2021-12-17 08:37:48.439743 | GENERATION: 12 | ERRORS: best=68, median=108.0, diversity=0.365 | INDIVIDUALS: n=200, avg_genome_length=34.455
2021-12-17 08:37:50.498001 | GENERATION: 13 | ERRORS: best=68, median=112.0, diversity=0.41 | INDIVIDUALS: n=200, avg_genome_length=32.29
2021-12-17 08:37:52.689002 | GENERATION: 14 | ERRORS: best=68, median=108.0, diversity=0.39 | INDIVIDUALS: n=200, avg_genome_length=31.385
2021-12-17 08:37:54.735103 | GENERATION: 15 | ERRORS: best=51, median=113.5, diversity=0.42 | INDIVIDUALS: n=200, avg_genome_length=32.705
2021-12-17 08:37:56.718670 | GENERATION: 16 | ERRORS: best=33, median=99.0, diversity=0.325 | INDIVIDUALS: n=200, avg_genome_length=29.85
2021-12-17 08:37:58.654324 | GENERATION: 17 | ERRORS: best=33, median=110.5, diversity=0.285 | INDIVIDUALS: n=200, avg_genome_length=28.635
2021-12-17 08:38:00.579252 | GENERATION: 18 | ERRORS: best=33, median=107.0, diversity=0.295 | INDIVIDUALS: n=200, avg_genome_length=27.51
2021-12-17 08:38:02.335017 | GENERATION: 19 | ERRORS: best=33, median=108.0, diversity=0.295 | INDIVIDUALS: n=200, avg_genome_length=27.175
2021-12-17 08:38:04.201390 | GENERATION: 20 | ERRORS: best=33, median=93.0, diversity=0.255 | INDIVIDUALS: n=200, avg_genome_length=25.93
2021-12-17 08:38:06.065730 | GENERATION: 21 | ERRORS: best=33, median=107.0, diversity=0.21 | INDIVIDUALS: n=200, avg_genome_length=25.09
2021-12-17 08:38:08.095107 | GENERATION: 22 | ERRORS: best=33, median=107.0, diversity=0.27 | INDIVIDUALS: n=200, avg_genome_length=24.185
2021-12-17 08:38:10.145466 | GENERATION: 23 | ERRORS: best=33, median=107.0, diversity=0.24 | INDIVIDUALS: n=200, avg_genome_length=22.935
2021-12-17 08:38:11.965521 | GENERATION: 24 | ERRORS: best=33, median=107.5, diversity=0.225 | INDIVIDUALS: n=200, avg_genome_length=22.415
2021-12-17 08:38:13.639879 | GENERATION: 25 | ERRORS: best=33, median=107.0, diversity=0.21 | INDIVIDUALS: n=200, avg_genome_length=21.55
2021-12-17 08:38:15.144258 | GENERATION: 26 | ERRORS: best=33, median=105.0, diversity=0.225 | INDIVIDUALS: n=200, avg_genome_length=21.09
2021-12-17 08:38:16.664618 | GENERATION: 27 | ERRORS: best=33, median=93.0, diversity=0.245 | INDIVIDUALS: n=200, avg_genome_length=20.72
2021-12-17 08:38:18.206927 | GENERATION: 28 | ERRORS: best=33, median=107.0, diversity=0.23 | INDIVIDUALS: n=200, avg_genome_length=20.275
2021-12-17 08:38:19.799075 | GENERATION: 29 | ERRORS: best=33, median=114.0, diversity=0.22 | INDIVIDUALS: n=200, avg_genome_length=20.265
2021-12-17 08:38:21.572091 | GENERATION: 30 | ERRORS: best=33, median=93.0, diversity=0.24 | INDIVIDUALS: n=200, avg_genome_length=20.03
2021-12-17 08:38:22.909122 | GENERATION: 31 | ERRORS: best=33, median=107.0, diversity=0.215 | INDIVIDUALS: n=200, avg_genome_length=18.93
2021-12-17 08:38:24.399287 | GENERATION: 32 | ERRORS: best=33, median=93.5, diversity=0.265 | INDIVIDUALS: n=200, avg_genome_length=19.085
2021-12-17 08:38:25.772121 | GENERATION: 33 | ERRORS: best=33, median=102.5, diversity=0.185 | INDIVIDUALS: n=200, avg_genome_length=18.075
2021-12-17 08:38:26.983075 | GENERATION: 34 | ERRORS: best=33, median=93.0, diversity=0.19 | INDIVIDUALS: n=200, avg_genome_length=18.265
2021-12-17 08:38:28.327781 | GENERATION: 35 | ERRORS: best=33, median=93.0, diversity=0.225 | INDIVIDUALS: n=200, avg_genome_length=18.98
2021-12-17 08:38:29.614965 | GENERATION: 36 | ERRORS: best=33, median=112.0, diversity=0.235 | INDIVIDUALS: n=200, avg_genome_length=17.77
2021-12-17 08:38:30.988364 | GENERATION: 37 | ERRORS: best=33, median=107.0, diversity=0.215 | INDIVIDUALS: n=200, avg_genome_length=18.17
2021-12-17 08:38:32.227971 | GENERATION: 38 | ERRORS: best=33, median=107.0, diversity=0.225 | INDIVIDUALS: n=200, avg_genome_length=18.475
2021-12-17 08:38:33.786230 | GENERATION: 39 | ERRORS: best=33, median=110.5, diversity=0.195 | INDIVIDUALS: n=200, avg_genome_length=19.13
2021-12-17 08:38:35.161680 | GENERATION: 40 | ERRORS: best=33, median=110.5, diversity=0.215 | INDIVIDUALS: n=200, avg_genome_length=18.815
2021-12-17 08:38:36.591120 | GENERATION: 41 | ERRORS: best=33, median=109.0, diversity=0.215 | INDIVIDUALS: n=200, avg_genome_length=18.1
2021-12-17 08:38:38.048717 | GENERATION: 42 | ERRORS: best=33, median=109.0, diversity=0.225 | INDIVIDUALS: n=200, avg_genome_length=18.43
2021-12-17 08:38:39.630931 | GENERATION: 43 | ERRORS: best=33, median=110.5, diversity=0.22 | INDIVIDUALS: n=200, avg_genome_length=18.71
2021-12-17 08:38:41.078552 | GENERATION: 44 | ERRORS: best=33, median=114.0, diversity=0.265 | INDIVIDUALS: n=200, avg_genome_length=18.345
2021-12-17 08:38:42.461255 | GENERATION: 45 | ERRORS: best=33, median=114.0, diversity=0.275 | INDIVIDUALS: n=200, avg_genome_length=17.605
2021-12-17 08:38:43.811490 | GENERATION: 46 | ERRORS: best=33, median=108.0, diversity=0.225 | INDIVIDUALS: n=200, avg_genome_length=18.03
2021-12-17 08:38:45.105022 | GENERATION: 47 | ERRORS: best=33, median=109.0, diversity=0.23 | INDIVIDUALS: n=200, avg_genome_length=17.54
2021-12-17 08:38:46.485095 | GENERATION: 48 | ERRORS: best=33, median=107.0, diversity=0.22 | INDIVIDUALS: n=200, avg_genome_length=17.485
2021-12-17 08:38:47.806696 | GENERATION: 49 | ERRORS: best=33, median=112.0, diversity=0.27 | INDIVIDUALS: n=200, avg_genome_length=18.56
2021-12-17 08:38:48.985608 | GENERATION: 50 | ERRORS: best=33, median=112.0, diversity=0.24 | INDIVIDUALS: n=200, avg_genome_length=18.295
2021-12-17 08:38:50.319801 | GENERATION: 51 | ERRORS: best=33, median=107.0, diversity=0.25 | INDIVIDUALS: n=200, avg_genome_length=18.38
2021-12-17 08:38:51.701286 | GENERATION: 52 | ERRORS: best=31, median=109.0, diversity=0.25 | INDIVIDUALS: n=200, avg_genome_length=18.145
2021-12-17 08:38:53.124122 | GENERATION: 53 | ERRORS: best=31, median=114.0, diversity=0.28 | INDIVIDUALS: n=200, avg_genome_length=17.145
2021-12-17 08:38:54.515664 | GENERATION: 54 | ERRORS: best=31, median=114.0, diversity=0.26 | INDIVIDUALS: n=200, avg_genome_length=17.925
2021-12-17 08:38:55.847079 | GENERATION: 55 | ERRORS: best=31, median=112.0, diversity=0.295 | INDIVIDUALS: n=200, avg_genome_length=18.085
2021-12-17 08:38:57.263038 | GENERATION: 56 | ERRORS: best=31, median=108.0, diversity=0.235 | INDIVIDUALS: n=200, avg_genome_length=17.885
2021-12-17 08:38:58.517889 | GENERATION: 57 | ERRORS: best=31, median=108.0, diversity=0.245 | INDIVIDUALS: n=200, avg_genome_length=17.725
2021-12-17 08:38:59.814525 | GENERATION: 58 | ERRORS: best=31, median=114.0, diversity=0.25 | INDIVIDUALS: n=200, avg_genome_length=17.71
2021-12-17 08:39:01.040789 | GENERATION: 59 | ERRORS: best=31, median=112.0, diversity=0.245 | INDIVIDUALS: n=200, avg_genome_length=15.945
2021-12-17 08:39:02.321829 | GENERATION: 60 | ERRORS: best=31, median=114.0, diversity=0.265 | INDIVIDUALS: n=200, avg_genome_length=16.165
Simplifying genome of length 19 with total error 0.
Simplified genome by 2 to length 17.
Simplified genome by 1 to length 16.
Simplified genome by 2 to length 14.
Simplified genome by 2 to length 12.
Simplified genome by 1 to length 11.
Simplified genome by 1 to length 10.
Simplified genome to length 10 and total error 0.
========================================
End Run
========================================
Solution found.
Best Seen Individual
	Genome:
	 pvector([InstructionMeta(name='exec_dup', code_blocks=1), InstructionMeta(name='int_min', code_blocks=0), Input(input_index=1), InstructionMeta(name='int_max', code_blocks=0), Input(input_index=2), Input(input_index=0), Closer(), InstructionMeta(name='int_max', code_blocks=0), InstructionMeta(name='int_min', code_blocks=0), InstructionMeta(name='print_int', code_blocks=0)])
	Program:
	 (exec_dup (int_min input_1 int_max input_2 input_0) int_max int_min print_int)
	Error vector:
	 [0 0 0 0 0 0 0 0 0 0 0 0 0 0 0 0 0 0 0 0 0 0 0 0 0 0 0 0 0 0 0 0 0 0 0 0 0
 0 0 0 0 0 0 0 0 0 0 0 0 0 0 0 0 0 0 0 0 0 0 0 0 0 0 0 0 0 0 0 0 0 0 0 0 0
 0 0 0 0 0 0 0 0 0 0 0 0 0 0 0 0 0 0 0 0 0 0 0 0 0 0]
	Total error:
	 0
	Test error:
	 0
	Time:
	 00:01:59
