Included 0 edge cases.
Included 100 random cases.
Included 100 cases in total.
Finished formatting.
Included 0 edge cases.
Included 1000 random cases.
Included 1000 cases in total.
Finished formatting.
========================================
Setup
========================================
Search Configuration:
signature: ProgramSignature(output_stacks=['stdout'], arity=3, push_config=PushConfig(step_limit=200, numeric_magnitude_limit=1000000000000.0, growth_cap=500, collection_size_cap=1000, runtime_limit=10))
evaluator: <pyshgp.gp.evaluation.DatasetEvaluator object at 0x7ff790f42640>
spawner: <pyshgp.gp.genome.GeneSpawner object at 0x7ff79796cc10>
population_size: 200
max_generations: 300
error_threshold: 0.0
initial_genome_size: (20, 100)
simplification_steps: 500
parallel_context: <pyshgp.gp.search.ParallelContext object at 0x7ff790f42400>
selection: <pyshgp.utils.DiscreteProbDistrib object at 0x7ff78e9e9d40>
variation: <pyshgp.utils.DiscreteProbDistrib object at 0x7ff78e9e9b80>
Instructions:
int_add, int_sub, int_mult, int_div, int_mod, int_min, int_max, int_inc, int_dec, int_lt, int_lte, int_gt, int_gte, int_from_bool, bool_and, bool_or, bool_not, bool_xor, bool_invert_first_then_and, bool_second_first_then_and, bool_from_int, noop, noop_open, exec_do_range, exec_do_count, exec_while, exec_do_while, exec_if, exec_when, print_bool, println_bool, print_int, println_int, print_exec, println_exec, bool_pop, bool_dup, bool_dup_times, bool_swap, bool_rot, bool_flush, bool_eq, bool_stack_depth, bool_yank, bool_yank_dup, bool_shove, bool_shove_dup, bool_is_empty, int_pop, int_dup, int_dup_times, int_swap, int_rot, int_flush, int_eq, int_stack_depth, int_yank, int_yank_dup, int_shove, int_shove_dup, int_is_empty, exec_pop, exec_dup, exec_dup_times, exec_swap, exec_rot, exec_flush, exec_eq, exec_stack_depth, exec_yank, exec_yank_dup, exec_shove, exec_shove_dup, exec_is_empty
Literals:
[]
ERC Generators:
[<function rand_int at 0x7ff7901e1430>]
========================================
Start Run
========================================
2021-12-17 17:47:51.944468 | GENERATION: 1 | ERRORS: best=246, median=1980.0, diversity=0.095 | INDIVIDUALS: n=200, avg_genome_length=60.275 | VIRUSES: gene_rate=0.000
2021-12-17 17:47:55.470500 | GENERATION: 2 | ERRORS: best=118, median=246.0, diversity=0.24 | INDIVIDUALS: n=200, avg_genome_length=49.45 | VIRUSES: gene_rate=0.009
2021-12-17 17:47:59.001426 | GENERATION: 3 | ERRORS: best=118, median=228.0, diversity=0.255 | INDIVIDUALS: n=200, avg_genome_length=51.475 | VIRUSES: gene_rate=0.009
2021-12-17 17:48:02.199648 | GENERATION: 4 | ERRORS: best=109, median=230.0, diversity=0.215 | INDIVIDUALS: n=200, avg_genome_length=51.96 | VIRUSES: gene_rate=0.011
2021-12-17 17:48:04.728641 | GENERATION: 5 | ERRORS: best=109, median=126.0, diversity=0.135 | INDIVIDUALS: n=200, avg_genome_length=50.975 | VIRUSES: gene_rate=0.013
2021-12-17 17:48:07.380829 | GENERATION: 6 | ERRORS: best=109, median=126.0, diversity=0.115 | INDIVIDUALS: n=200, avg_genome_length=50.055 | VIRUSES: gene_rate=0.016
2021-12-17 17:48:10.198422 | GENERATION: 7 | ERRORS: best=109, median=126.0, diversity=0.185 | INDIVIDUALS: n=200, avg_genome_length=48.76 | VIRUSES: gene_rate=0.025
2021-12-17 17:48:13.418014 | GENERATION: 8 | ERRORS: best=109, median=126.0, diversity=0.23 | INDIVIDUALS: n=200, avg_genome_length=47.565 | VIRUSES: gene_rate=0.036
2021-12-17 17:48:16.426236 | GENERATION: 9 | ERRORS: best=109, median=123.0, diversity=0.225 | INDIVIDUALS: n=200, avg_genome_length=45.695 | VIRUSES: gene_rate=0.044
2021-12-17 17:48:19.131952 | GENERATION: 10 | ERRORS: best=109, median=126.0, diversity=0.2 | INDIVIDUALS: n=200, avg_genome_length=45.505 | VIRUSES: gene_rate=0.045
2021-12-17 17:48:22.204971 | GENERATION: 11 | ERRORS: best=109, median=126.0, diversity=0.235 | INDIVIDUALS: n=200, avg_genome_length=43.55 | VIRUSES: gene_rate=0.050
2021-12-17 17:48:24.825188 | GENERATION: 12 | ERRORS: best=109, median=126.0, diversity=0.19 | INDIVIDUALS: n=200, avg_genome_length=43.195 | VIRUSES: gene_rate=0.055
2021-12-17 17:48:27.527266 | GENERATION: 13 | ERRORS: best=109, median=126.0, diversity=0.19 | INDIVIDUALS: n=200, avg_genome_length=42.155 | VIRUSES: gene_rate=0.060
2021-12-17 17:48:30.183731 | GENERATION: 14 | ERRORS: best=109, median=126.0, diversity=0.18 | INDIVIDUALS: n=200, avg_genome_length=40.225 | VIRUSES: gene_rate=0.071
2021-12-17 17:48:32.905269 | GENERATION: 15 | ERRORS: best=109, median=126.0, diversity=0.205 | INDIVIDUALS: n=200, avg_genome_length=39.295 | VIRUSES: gene_rate=0.070
2021-12-17 17:48:35.334623 | GENERATION: 16 | ERRORS: best=109, median=126.0, diversity=0.18 | INDIVIDUALS: n=200, avg_genome_length=36.65 | VIRUSES: gene_rate=0.084
2021-12-17 17:48:37.975421 | GENERATION: 17 | ERRORS: best=97, median=126.0, diversity=0.205 | INDIVIDUALS: n=200, avg_genome_length=35.975 | VIRUSES: gene_rate=0.091
2021-12-17 17:48:40.723445 | GENERATION: 18 | ERRORS: best=97, median=125.0, diversity=0.19 | INDIVIDUALS: n=200, avg_genome_length=32.525 | VIRUSES: gene_rate=0.116
2021-12-17 17:48:43.232927 | GENERATION: 19 | ERRORS: best=55, median=124.0, diversity=0.2 | INDIVIDUALS: n=200, avg_genome_length=27.61 | VIRUSES: gene_rate=0.135
2021-12-17 17:48:45.325775 | GENERATION: 20 | ERRORS: best=55, median=124.0, diversity=0.14 | INDIVIDUALS: n=200, avg_genome_length=19.945 | VIRUSES: gene_rate=0.188
2021-12-17 17:48:47.391719 | GENERATION: 21 | ERRORS: best=55, median=119.0, diversity=0.165 | INDIVIDUALS: n=200, avg_genome_length=18.045 | VIRUSES: gene_rate=0.242
2021-12-17 17:48:49.299467 | GENERATION: 22 | ERRORS: best=55, median=130.0, diversity=0.245 | INDIVIDUALS: n=200, avg_genome_length=16.185 | VIRUSES: gene_rate=0.265
2021-12-17 17:48:50.996447 | GENERATION: 23 | ERRORS: best=55, median=129.0, diversity=0.2 | INDIVIDUALS: n=200, avg_genome_length=14.81 | VIRUSES: gene_rate=0.285
2021-12-17 17:48:52.761189 | GENERATION: 24 | ERRORS: best=55, median=124.0, diversity=0.235 | INDIVIDUALS: n=200, avg_genome_length=15.175 | VIRUSES: gene_rate=0.329
2021-12-17 17:48:54.530323 | GENERATION: 25 | ERRORS: best=55, median=126.0, diversity=0.195 | INDIVIDUALS: n=200, avg_genome_length=14.405 | VIRUSES: gene_rate=0.357
2021-12-17 17:48:56.122102 | GENERATION: 26 | ERRORS: best=42, median=128.0, diversity=0.255 | INDIVIDUALS: n=200, avg_genome_length=14.335 | VIRUSES: gene_rate=0.387
2021-12-17 17:48:58.249409 | GENERATION: 27 | ERRORS: best=42, median=119.0, diversity=0.25 | INDIVIDUALS: n=200, avg_genome_length=15.53 | VIRUSES: gene_rate=0.373
2021-12-17 17:49:00.053985 | GENERATION: 28 | ERRORS: best=42, median=123.0, diversity=0.27 | INDIVIDUALS: n=200, avg_genome_length=14.86 | VIRUSES: gene_rate=0.419
2021-12-17 17:49:01.856298 | GENERATION: 29 | ERRORS: best=42, median=118.0, diversity=0.25 | INDIVIDUALS: n=200, avg_genome_length=15.0 | VIRUSES: gene_rate=0.433
2021-12-17 17:49:03.493726 | GENERATION: 30 | ERRORS: best=42, median=118.0, diversity=0.305 | INDIVIDUALS: n=200, avg_genome_length=15.44 | VIRUSES: gene_rate=0.431
2021-12-17 17:49:05.153749 | GENERATION: 31 | ERRORS: best=42, median=125.0, diversity=0.295 | INDIVIDUALS: n=200, avg_genome_length=14.375 | VIRUSES: gene_rate=0.462
2021-12-17 17:49:06.743455 | GENERATION: 32 | ERRORS: best=42, median=118.0, diversity=0.245 | INDIVIDUALS: n=200, avg_genome_length=13.535 | VIRUSES: gene_rate=0.488
2021-12-17 17:49:08.602400 | GENERATION: 33 | ERRORS: best=42, median=118.0, diversity=0.255 | INDIVIDUALS: n=200, avg_genome_length=13.305 | VIRUSES: gene_rate=0.522
2021-12-17 17:49:10.107496 | GENERATION: 34 | ERRORS: best=42, median=118.0, diversity=0.26 | INDIVIDUALS: n=200, avg_genome_length=13.28 | VIRUSES: gene_rate=0.522
2021-12-17 17:49:11.682142 | GENERATION: 35 | ERRORS: best=42, median=119.0, diversity=0.25 | INDIVIDUALS: n=200, avg_genome_length=13.83 | VIRUSES: gene_rate=0.495
2021-12-17 17:49:13.601475 | GENERATION: 36 | ERRORS: best=42, median=125.0, diversity=0.28 | INDIVIDUALS: n=200, avg_genome_length=13.97 | VIRUSES: gene_rate=0.504
2021-12-17 17:49:15.356062 | GENERATION: 37 | ERRORS: best=42, median=125.0, diversity=0.33 | INDIVIDUALS: n=200, avg_genome_length=13.885 | VIRUSES: gene_rate=0.503
2021-12-17 17:49:17.023058 | GENERATION: 38 | ERRORS: best=42, median=119.0, diversity=0.295 | INDIVIDUALS: n=200, avg_genome_length=13.075 | VIRUSES: gene_rate=0.531
2021-12-17 17:49:18.676959 | GENERATION: 39 | ERRORS: best=42, median=125.0, diversity=0.27 | INDIVIDUALS: n=200, avg_genome_length=12.07 | VIRUSES: gene_rate=0.601
2021-12-17 17:49:20.518904 | GENERATION: 40 | ERRORS: best=42, median=126.0, diversity=0.345 | INDIVIDUALS: n=200, avg_genome_length=12.54 | VIRUSES: gene_rate=0.603
2021-12-17 17:49:22.455320 | GENERATION: 41 | ERRORS: best=42, median=118.0, diversity=0.265 | INDIVIDUALS: n=200, avg_genome_length=11.78 | VIRUSES: gene_rate=0.592
2021-12-17 17:49:24.050786 | GENERATION: 42 | ERRORS: best=42, median=121.0, diversity=0.285 | INDIVIDUALS: n=200, avg_genome_length=11.575 | VIRUSES: gene_rate=0.595
2021-12-17 17:49:25.681002 | GENERATION: 43 | ERRORS: best=42, median=123.0, diversity=0.275 | INDIVIDUALS: n=200, avg_genome_length=11.55 | VIRUSES: gene_rate=0.577
2021-12-17 17:49:27.038725 | GENERATION: 44 | ERRORS: best=42, median=119.0, diversity=0.255 | INDIVIDUALS: n=200, avg_genome_length=11.625 | VIRUSES: gene_rate=0.592
2021-12-17 17:49:28.432651 | GENERATION: 45 | ERRORS: best=18, median=119.0, diversity=0.365 | INDIVIDUALS: n=200, avg_genome_length=11.77 | VIRUSES: gene_rate=0.605
2021-12-17 17:49:29.900717 | GENERATION: 46 | ERRORS: best=18, median=126.0, diversity=0.325 | INDIVIDUALS: n=200, avg_genome_length=13.16 | VIRUSES: gene_rate=0.630
2021-12-17 17:49:31.397860 | GENERATION: 47 | ERRORS: best=17, median=120.5, diversity=0.275 | INDIVIDUALS: n=200, avg_genome_length=13.01 | VIRUSES: gene_rate=0.630
2021-12-17 17:49:32.984550 | GENERATION: 48 | ERRORS: best=17, median=125.5, diversity=0.27 | INDIVIDUALS: n=200, avg_genome_length=14.18 | VIRUSES: gene_rate=0.621
2021-12-17 17:49:34.524709 | GENERATION: 49 | ERRORS: best=17, median=124.0, diversity=0.295 | INDIVIDUALS: n=200, avg_genome_length=14.325 | VIRUSES: gene_rate=0.613
2021-12-17 17:49:36.164028 | GENERATION: 50 | ERRORS: best=17, median=126.0, diversity=0.355 | INDIVIDUALS: n=200, avg_genome_length=14.265 | VIRUSES: gene_rate=0.621
2021-12-17 17:49:37.698285 | GENERATION: 51 | ERRORS: best=17, median=126.0, diversity=0.35 | INDIVIDUALS: n=200, avg_genome_length=14.73 | VIRUSES: gene_rate=0.599
2021-12-17 17:49:39.436913 | GENERATION: 52 | ERRORS: best=17, median=123.0, diversity=0.39 | INDIVIDUALS: n=200, avg_genome_length=15.385 | VIRUSES: gene_rate=0.660
2021-12-17 17:49:40.982540 | GENERATION: 53 | ERRORS: best=17, median=126.0, diversity=0.345 | INDIVIDUALS: n=200, avg_genome_length=15.075 | VIRUSES: gene_rate=0.670
2021-12-17 17:49:42.776057 | GENERATION: 54 | ERRORS: best=17, median=126.0, diversity=0.345 | INDIVIDUALS: n=200, avg_genome_length=14.72 | VIRUSES: gene_rate=0.633
2021-12-17 17:49:44.515751 | GENERATION: 55 | ERRORS: best=17, median=126.0, diversity=0.365 | INDIVIDUALS: n=200, avg_genome_length=14.745 | VIRUSES: gene_rate=0.635
2021-12-17 17:49:46.198836 | GENERATION: 56 | ERRORS: best=17, median=125.5, diversity=0.315 | INDIVIDUALS: n=200, avg_genome_length=14.25 | VIRUSES: gene_rate=0.604
2021-12-17 17:49:47.752115 | GENERATION: 57 | ERRORS: best=17, median=123.0, diversity=0.3 | INDIVIDUALS: n=200, avg_genome_length=14.39 | VIRUSES: gene_rate=0.628
2021-12-17 17:49:49.318400 | GENERATION: 58 | ERRORS: best=17, median=125.0, diversity=0.31 | INDIVIDUALS: n=200, avg_genome_length=14.66 | VIRUSES: gene_rate=0.615
2021-12-17 17:49:50.851289 | GENERATION: 59 | ERRORS: best=6, median=123.0, diversity=0.3 | INDIVIDUALS: n=200, avg_genome_length=14.01 | VIRUSES: gene_rate=0.636
2021-12-17 17:49:52.539761 | GENERATION: 60 | ERRORS: best=6, median=126.0, diversity=0.325 | INDIVIDUALS: n=200, avg_genome_length=14.905 | VIRUSES: gene_rate=0.651
Simplifying genome of length 15 with total error 0.
Simplified genome by 1 to length 14.
Simplified genome by 1 to length 13.
Simplified genome by 2 to length 11.
Simplified genome by 1 to length 10.
Simplified genome to length 10 and total error 0.
========================================
End Run
========================================
Solution found.
Best Seen Individual
	Genome:
	 pvector([VirusInput(input_index=2), VirusInput(input_index=0), VirusInput(input_index=1), VirusInstructionMeta(name='int_min', code_blocks=0), VirusInstructionMeta(name='int_max', code_blocks=0), VirusInput(input_index=0), VirusInput(input_index=1), VirusInstructionMeta(name='int_max', code_blocks=0), VirusInstructionMeta(name='int_min', code_blocks=0), InstructionMeta(name='print_int', code_blocks=0)])
	Program:
	 (vinput_2 vinput_0 vinput_1 vint_min vint_max vinput_0 vinput_1 vint_max vint_min print_int)
	Error vector:
	 [0 0 0 0 0 0 0 0 0 0 0 0 0 0 0 0 0 0 0 0 0 0 0 0 0 0 0 0 0 0 0 0 0 0 0 0 0
 0 0 0 0 0 0 0 0 0 0 0 0 0 0 0 0 0 0 0 0 0 0 0 0 0 0 0 0 0 0 0 0 0 0 0 0 0
 0 0 0 0 0 0 0 0 0 0 0 0 0 0 0 0 0 0 0 0 0 0 0 0 0 0]
	Total error:
	 0
	Test error:
	 0
	Time:
	 00:02:21
