Included 0 edge cases.
Included 100 random cases.
Included 100 cases in total.
Finished formatting.
Included 0 edge cases.
Included 1000 random cases.
Included 1000 cases in total.
Finished formatting.
========================================
Setup
========================================
Search Configuration:
signature: ProgramSignature(output_stacks=['stdout'], arity=3, push_config=PushConfig(growth_cap=500, collection_size_cap=1000, numeric_magnitude_limit=1000000000000.0, step_limit=200, runtime_limit=10))
evaluator: <pyshgp.gp.evaluation.DatasetEvaluator object at 0x7fd4e2bdd490>
spawner: <pyshgp.gp.genome.GeneSpawner object at 0x7fd4ec3f6a00>
population_size: 200
max_generations: 300
error_threshold: 0.0
initial_genome_size: (20, 100)
simplification_steps: 500
parallel_context: <pyshgp.gp.search.ParallelContext object at 0x7fd4e2bdd160>
selection: <pyshgp.utils.DiscreteProbDistrib object at 0x7fd4e45f55c0>
variation: <pyshgp.utils.DiscreteProbDistrib object at 0x7fd4e45f5600>
Instructions:
int_add, int_sub, int_mult, int_div, int_mod, int_min, int_max, int_inc, int_dec, int_lt, int_lte, int_gt, int_gte, int_from_bool, bool_and, bool_or, bool_not, bool_xor, bool_invert_first_then_and, bool_second_first_then_and, bool_from_int, noop, noop_open, exec_do_range, exec_do_count, exec_while, exec_do_while, exec_if, exec_when, print_bool, println_bool, print_int, println_int, print_exec, println_exec, bool_pop, bool_dup, bool_dup_times, bool_swap, bool_rot, bool_flush, bool_eq, bool_stack_depth, bool_yank, bool_yank_dup, bool_shove, bool_shove_dup, bool_is_empty, int_pop, int_dup, int_dup_times, int_swap, int_rot, int_flush, int_eq, int_stack_depth, int_yank, int_yank_dup, int_shove, int_shove_dup, int_is_empty, exec_pop, exec_dup, exec_dup_times, exec_swap, exec_rot, exec_flush, exec_eq, exec_stack_depth, exec_yank, exec_yank_dup, exec_shove, exec_shove_dup, exec_is_empty
Literals:
[]
ERC Generators:
[<function rand_int at 0x7fd4ec3fca60>]
========================================
Start Run
========================================
2021-12-14 20:17:23.836953 | GENERATION: 1 | ERRORS: best=167, median=4880.0, diversity=0.24 | INDIVIDUALS: n=200, avg_genome_length=58.29
2021-12-14 20:17:32.271762 | GENERATION: 2 | ERRORS: best=126, median=189.0, diversity=0.42 | INDIVIDUALS: n=200, avg_genome_length=72.74
2021-12-14 20:17:39.867833 | GENERATION: 3 | ERRORS: best=95, median=179.5, diversity=0.48 | INDIVIDUALS: n=200, avg_genome_length=71.415
2021-12-14 20:17:45.783970 | GENERATION: 4 | ERRORS: best=95, median=176.0, diversity=0.495 | INDIVIDUALS: n=200, avg_genome_length=70.41
2021-12-14 20:17:51.606525 | GENERATION: 5 | ERRORS: best=95, median=132.0, diversity=0.425 | INDIVIDUALS: n=200, avg_genome_length=69.82
2021-12-14 20:17:58.325222 | GENERATION: 6 | ERRORS: best=95, median=126.0, diversity=0.4 | INDIVIDUALS: n=200, avg_genome_length=69.295
2021-12-14 20:18:04.124831 | GENERATION: 7 | ERRORS: best=95, median=148.5, diversity=0.415 | INDIVIDUALS: n=200, avg_genome_length=68.595
2021-12-14 20:18:09.854496 | GENERATION: 8 | ERRORS: best=95, median=126.0, diversity=0.365 | INDIVIDUALS: n=200, avg_genome_length=68.295
2021-12-14 20:18:15.584518 | GENERATION: 9 | ERRORS: best=95, median=111.5, diversity=0.355 | INDIVIDUALS: n=200, avg_genome_length=67.0
2021-12-14 20:18:21.333958 | GENERATION: 10 | ERRORS: best=95, median=126.0, diversity=0.365 | INDIVIDUALS: n=200, avg_genome_length=65.525
2021-12-14 20:18:27.035893 | GENERATION: 11 | ERRORS: best=95, median=125.0, diversity=0.43 | INDIVIDUALS: n=200, avg_genome_length=65.61
2021-12-14 20:18:32.834519 | GENERATION: 12 | ERRORS: best=95, median=125.0, diversity=0.415 | INDIVIDUALS: n=200, avg_genome_length=65.97
2021-12-14 20:18:39.135916 | GENERATION: 13 | ERRORS: best=95, median=127.5, diversity=0.51 | INDIVIDUALS: n=200, avg_genome_length=67.175
2021-12-14 20:18:45.694434 | GENERATION: 14 | ERRORS: best=95, median=131.0, diversity=0.54 | INDIVIDUALS: n=200, avg_genome_length=66.92
2021-12-14 20:18:52.000480 | GENERATION: 15 | ERRORS: best=95, median=130.0, diversity=0.52 | INDIVIDUALS: n=200, avg_genome_length=66.885
2021-12-14 20:18:58.403060 | GENERATION: 16 | ERRORS: best=95, median=141.5, diversity=0.52 | INDIVIDUALS: n=200, avg_genome_length=67.175
2021-12-14 20:19:05.060847 | GENERATION: 17 | ERRORS: best=95, median=143.5, diversity=0.58 | INDIVIDUALS: n=200, avg_genome_length=68.81
2021-12-14 20:19:11.522130 | GENERATION: 18 | ERRORS: best=95, median=146.5, diversity=0.585 | INDIVIDUALS: n=200, avg_genome_length=67.835
2021-12-14 20:19:17.521214 | GENERATION: 19 | ERRORS: best=95, median=126.0, diversity=0.48 | INDIVIDUALS: n=200, avg_genome_length=65.455
2021-12-14 20:19:23.935605 | GENERATION: 20 | ERRORS: best=87, median=126.0, diversity=0.495 | INDIVIDUALS: n=200, avg_genome_length=66.385
2021-12-14 20:19:30.319885 | GENERATION: 21 | ERRORS: best=87, median=126.0, diversity=0.44 | INDIVIDUALS: n=200, avg_genome_length=62.94
2021-12-14 20:19:35.804915 | GENERATION: 22 | ERRORS: best=87, median=125.0, diversity=0.38 | INDIVIDUALS: n=200, avg_genome_length=58.5
2021-12-14 20:19:42.546455 | GENERATION: 23 | ERRORS: best=87, median=126.0, diversity=0.495 | INDIVIDUALS: n=200, avg_genome_length=61.775
2021-12-14 20:19:48.777056 | GENERATION: 24 | ERRORS: best=87, median=126.0, diversity=0.485 | INDIVIDUALS: n=200, avg_genome_length=62.08
2021-12-14 20:19:54.937382 | GENERATION: 25 | ERRORS: best=87, median=128.0, diversity=0.49 | INDIVIDUALS: n=200, avg_genome_length=61.81
2021-12-14 20:20:01.599272 | GENERATION: 26 | ERRORS: best=87, median=131.5, diversity=0.5 | INDIVIDUALS: n=200, avg_genome_length=62.59
2021-12-14 20:20:07.658038 | GENERATION: 27 | ERRORS: best=87, median=129.5, diversity=0.52 | INDIVIDUALS: n=200, avg_genome_length=58.705
2021-12-14 20:20:13.796546 | GENERATION: 28 | ERRORS: best=87, median=145.5, diversity=0.585 | INDIVIDUALS: n=200, avg_genome_length=59.435
2021-12-14 20:20:19.474522 | GENERATION: 29 | ERRORS: best=87, median=132.0, diversity=0.525 | INDIVIDUALS: n=200, avg_genome_length=55.685
2021-12-14 20:20:24.876606 | GENERATION: 30 | ERRORS: best=87, median=130.0, diversity=0.515 | INDIVIDUALS: n=200, avg_genome_length=54.33
2021-12-14 20:20:30.198636 | GENERATION: 31 | ERRORS: best=87, median=128.0, diversity=0.51 | INDIVIDUALS: n=200, avg_genome_length=54.06
2021-12-14 20:20:35.531181 | GENERATION: 32 | ERRORS: best=87, median=126.0, diversity=0.485 | INDIVIDUALS: n=200, avg_genome_length=51.19
2021-12-14 20:20:39.969009 | GENERATION: 33 | ERRORS: best=87, median=126.0, diversity=0.455 | INDIVIDUALS: n=200, avg_genome_length=46.185
2021-12-14 20:20:44.954729 | GENERATION: 34 | ERRORS: best=89, median=145.5, diversity=0.52 | INDIVIDUALS: n=200, avg_genome_length=49.34
2021-12-14 20:20:49.565553 | GENERATION: 35 | ERRORS: best=89, median=147.0, diversity=0.535 | INDIVIDUALS: n=200, avg_genome_length=44.325
2021-12-14 20:20:54.106057 | GENERATION: 36 | ERRORS: best=88, median=128.5, diversity=0.485 | INDIVIDUALS: n=200, avg_genome_length=44.805
2021-12-14 20:20:59.086140 | GENERATION: 37 | ERRORS: best=88, median=126.5, diversity=0.5 | INDIVIDUALS: n=200, avg_genome_length=49.655
2021-12-14 20:21:03.918310 | GENERATION: 38 | ERRORS: best=88, median=157.0, diversity=0.515 | INDIVIDUALS: n=200, avg_genome_length=49.845
2021-12-14 20:21:08.963757 | GENERATION: 39 | ERRORS: best=79, median=127.5, diversity=0.515 | INDIVIDUALS: n=200, avg_genome_length=48.545
2021-12-14 20:21:14.105451 | GENERATION: 40 | ERRORS: best=79, median=150.5, diversity=0.48 | INDIVIDUALS: n=200, avg_genome_length=51.035
2021-12-14 20:21:18.362974 | GENERATION: 41 | ERRORS: best=68, median=157.0, diversity=0.455 | INDIVIDUALS: n=200, avg_genome_length=47.925
2021-12-14 20:21:22.348830 | GENERATION: 42 | ERRORS: best=64, median=135.0, diversity=0.47 | INDIVIDUALS: n=200, avg_genome_length=47.985
2021-12-14 20:21:26.825566 | GENERATION: 43 | ERRORS: best=64, median=138.0, diversity=0.445 | INDIVIDUALS: n=200, avg_genome_length=48.82
2021-12-14 20:21:31.167839 | GENERATION: 44 | ERRORS: best=64, median=152.5, diversity=0.43 | INDIVIDUALS: n=200, avg_genome_length=45.695
2021-12-14 20:21:35.691023 | GENERATION: 45 | ERRORS: best=64, median=146.0, diversity=0.455 | INDIVIDUALS: n=200, avg_genome_length=47.43
2021-12-14 20:21:40.232724 | GENERATION: 46 | ERRORS: best=46, median=146.5, diversity=0.445 | INDIVIDUALS: n=200, avg_genome_length=44.725
2021-12-14 20:21:44.187868 | GENERATION: 47 | ERRORS: best=46, median=126.0, diversity=0.4 | INDIVIDUALS: n=200, avg_genome_length=41.17
2021-12-14 20:21:47.885363 | GENERATION: 48 | ERRORS: best=46, median=118.0, diversity=0.325 | INDIVIDUALS: n=200, avg_genome_length=39.115
2021-12-14 20:21:51.948517 | GENERATION: 49 | ERRORS: best=46, median=118.0, diversity=0.345 | INDIVIDUALS: n=200, avg_genome_length=42.035
2021-12-14 20:21:56.350612 | GENERATION: 50 | ERRORS: best=43, median=118.0, diversity=0.445 | INDIVIDUALS: n=200, avg_genome_length=43.96
2021-12-14 20:21:59.816008 | GENERATION: 51 | ERRORS: best=43, median=103.0, diversity=0.335 | INDIVIDUALS: n=200, avg_genome_length=37.435
2021-12-14 20:22:03.482501 | GENERATION: 52 | ERRORS: best=43, median=107.0, diversity=0.315 | INDIVIDUALS: n=200, avg_genome_length=35.055
2021-12-14 20:22:06.862208 | GENERATION: 53 | ERRORS: best=43, median=103.0, diversity=0.31 | INDIVIDUALS: n=200, avg_genome_length=33.63
2021-12-14 20:22:10.485985 | GENERATION: 54 | ERRORS: best=43, median=109.5, diversity=0.285 | INDIVIDUALS: n=200, avg_genome_length=32.875
2021-12-14 20:22:13.447671 | GENERATION: 55 | ERRORS: best=43, median=103.0, diversity=0.225 | INDIVIDUALS: n=200, avg_genome_length=27.485
2021-12-14 20:22:16.810226 | GENERATION: 56 | ERRORS: best=43, median=106.0, diversity=0.24 | INDIVIDUALS: n=200, avg_genome_length=30.31
2021-12-14 20:22:19.841845 | GENERATION: 57 | ERRORS: best=43, median=103.0, diversity=0.245 | INDIVIDUALS: n=200, avg_genome_length=30.635
2021-12-14 20:22:22.884654 | GENERATION: 58 | ERRORS: best=43, median=103.0, diversity=0.265 | INDIVIDUALS: n=200, avg_genome_length=31.785
2021-12-14 20:22:25.948055 | GENERATION: 59 | ERRORS: best=43, median=106.0, diversity=0.255 | INDIVIDUALS: n=200, avg_genome_length=30.105
2021-12-14 20:22:28.967818 | GENERATION: 60 | ERRORS: best=43, median=103.0, diversity=0.255 | INDIVIDUALS: n=200, avg_genome_length=29.2
2021-12-14 20:22:32.032683 | GENERATION: 61 | ERRORS: best=43, median=103.0, diversity=0.32 | INDIVIDUALS: n=200, avg_genome_length=31.215
2021-12-14 20:22:35.185507 | GENERATION: 62 | ERRORS: best=43, median=107.0, diversity=0.24 | INDIVIDUALS: n=200, avg_genome_length=31.555
2021-12-14 20:22:38.090712 | GENERATION: 63 | ERRORS: best=43, median=103.0, diversity=0.23 | INDIVIDUALS: n=200, avg_genome_length=29.805
2021-12-14 20:22:41.232428 | GENERATION: 64 | ERRORS: best=43, median=103.0, diversity=0.25 | INDIVIDUALS: n=200, avg_genome_length=28.17
2021-12-14 20:22:43.967675 | GENERATION: 65 | ERRORS: best=43, median=110.5, diversity=0.295 | INDIVIDUALS: n=200, avg_genome_length=27.28
2021-12-14 20:22:46.819484 | GENERATION: 66 | ERRORS: best=43, median=123.0, diversity=0.285 | INDIVIDUALS: n=200, avg_genome_length=28.245
2021-12-14 20:22:49.791488 | GENERATION: 67 | ERRORS: best=43, median=111.0, diversity=0.19 | INDIVIDUALS: n=200, avg_genome_length=26.445
2021-12-14 20:22:52.678369 | GENERATION: 68 | ERRORS: best=43, median=112.5, diversity=0.245 | INDIVIDUALS: n=200, avg_genome_length=26.515
2021-12-14 20:22:55.728295 | GENERATION: 69 | ERRORS: best=43, median=111.0, diversity=0.23 | INDIVIDUALS: n=200, avg_genome_length=27.495
2021-12-14 20:22:58.700695 | GENERATION: 70 | ERRORS: best=43, median=126.0, diversity=0.245 | INDIVIDUALS: n=200, avg_genome_length=26.27
2021-12-14 20:23:01.911913 | GENERATION: 71 | ERRORS: best=43, median=111.0, diversity=0.275 | INDIVIDUALS: n=200, avg_genome_length=29.07
2021-12-14 20:23:05.217995 | GENERATION: 72 | ERRORS: best=43, median=104.5, diversity=0.215 | INDIVIDUALS: n=200, avg_genome_length=27.73
2021-12-14 20:23:08.626839 | GENERATION: 73 | ERRORS: best=43, median=111.0, diversity=0.24 | INDIVIDUALS: n=200, avg_genome_length=29.09
2021-12-14 20:23:12.023519 | GENERATION: 74 | ERRORS: best=43, median=103.0, diversity=0.21 | INDIVIDUALS: n=200, avg_genome_length=30.535
2021-12-14 20:23:15.749756 | GENERATION: 75 | ERRORS: best=43, median=106.0, diversity=0.295 | INDIVIDUALS: n=200, avg_genome_length=36.96
2021-12-14 20:23:19.394687 | GENERATION: 76 | ERRORS: best=43, median=111.0, diversity=0.285 | INDIVIDUALS: n=200, avg_genome_length=30.675
2021-12-14 20:23:23.102596 | GENERATION: 77 | ERRORS: best=43, median=126.0, diversity=0.29 | INDIVIDUALS: n=200, avg_genome_length=34.775
2021-12-14 20:23:26.480966 | GENERATION: 78 | ERRORS: best=43, median=112.5, diversity=0.295 | INDIVIDUALS: n=200, avg_genome_length=31.095
2021-12-14 20:23:30.012037 | GENERATION: 79 | ERRORS: best=43, median=111.0, diversity=0.245 | INDIVIDUALS: n=200, avg_genome_length=31.645
2021-12-14 20:23:33.791227 | GENERATION: 80 | ERRORS: best=43, median=126.0, diversity=0.26 | INDIVIDUALS: n=200, avg_genome_length=32.14
2021-12-14 20:23:36.912844 | GENERATION: 81 | ERRORS: best=41, median=114.0, diversity=0.23 | INDIVIDUALS: n=200, avg_genome_length=29.85
2021-12-14 20:23:40.020641 | GENERATION: 82 | ERRORS: best=41, median=107.0, diversity=0.26 | INDIVIDUALS: n=200, avg_genome_length=32.47
2021-12-14 20:23:43.568314 | GENERATION: 83 | ERRORS: best=41, median=112.5, diversity=0.245 | INDIVIDUALS: n=200, avg_genome_length=36.57
2021-12-14 20:23:47.124427 | GENERATION: 84 | ERRORS: best=41, median=118.0, diversity=0.245 | INDIVIDUALS: n=200, avg_genome_length=34.06
2021-12-14 20:23:50.713093 | GENERATION: 85 | ERRORS: best=41, median=103.0, diversity=0.255 | INDIVIDUALS: n=200, avg_genome_length=35.205
2021-12-14 20:23:54.654987 | GENERATION: 86 | ERRORS: best=41, median=106.5, diversity=0.305 | INDIVIDUALS: n=200, avg_genome_length=37.345
2021-12-14 20:23:58.838546 | GENERATION: 87 | ERRORS: best=41, median=108.0, diversity=0.26 | INDIVIDUALS: n=200, avg_genome_length=37.07
2021-12-14 20:24:02.749182 | GENERATION: 88 | ERRORS: best=41, median=113.0, diversity=0.305 | INDIVIDUALS: n=200, avg_genome_length=34.615
2021-12-14 20:24:06.749493 | GENERATION: 89 | ERRORS: best=41, median=111.0, diversity=0.265 | INDIVIDUALS: n=200, avg_genome_length=36.26
2021-12-14 20:24:11.352578 | GENERATION: 90 | ERRORS: best=41, median=124.0, diversity=0.315 | INDIVIDUALS: n=200, avg_genome_length=38.48
2021-12-14 20:24:15.759460 | GENERATION: 91 | ERRORS: best=41, median=126.0, diversity=0.33 | INDIVIDUALS: n=200, avg_genome_length=37.82
2021-12-14 20:24:20.136989 | GENERATION: 92 | ERRORS: best=41, median=124.5, diversity=0.32 | INDIVIDUALS: n=200, avg_genome_length=38.65
2021-12-14 20:24:24.077763 | GENERATION: 93 | ERRORS: best=41, median=119.0, diversity=0.3 | INDIVIDUALS: n=200, avg_genome_length=33.15
2021-12-14 20:24:28.549694 | GENERATION: 94 | ERRORS: best=41, median=111.0, diversity=0.28 | INDIVIDUALS: n=200, avg_genome_length=37.555
2021-12-14 20:24:33.492071 | GENERATION: 95 | ERRORS: best=41, median=118.0, diversity=0.29 | INDIVIDUALS: n=200, avg_genome_length=42.565
2021-12-14 20:24:37.861175 | GENERATION: 96 | ERRORS: best=41, median=107.0, diversity=0.275 | INDIVIDUALS: n=200, avg_genome_length=37.005
Simplifying genome of length 14 with total error 0.
Simplified genome by 1 to length 13.
Simplified genome by 2 to length 11.
Simplified genome by 1 to length 10.
Simplified genome to length 10 and total error 0.
========================================
End Run
========================================
Solution found.
Best Seen Individual
	Genome:
	 pvector([Input(input_index=2), Input(input_index=0), Input(input_index=1), InstructionMeta(name='int_max', code_blocks=0), InstructionMeta(name='int_min', code_blocks=0), Input(input_index=0), Input(input_index=1), InstructionMeta(name='int_min', code_blocks=0), InstructionMeta(name='int_max', code_blocks=0), InstructionMeta(name='print_int', code_blocks=0)])
	Program:
	 (input_2 input_0 input_1 int_max int_min input_0 input_1 int_min int_max print_int)
	Error vector:
	 [0 0 0 0 0 0 0 0 0 0 0 0 0 0 0 0 0 0 0 0 0 0 0 0 0 0 0 0 0 0 0 0 0 0 0 0 0
 0 0 0 0 0 0 0 0 0 0 0 0 0 0 0 0 0 0 0 0 0 0 0 0 0 0 0 0 0 0 0 0 0 0 0 0 0
 0 0 0 0 0 0 0 0 0 0 0 0 0 0 0 0 0 0 0 0 0 0 0 0 0 0]
	Total error:
	 0
	Test error:
	 0
	Time:
	 00:07:41
