Included 0 edge cases.
Included 100 random cases.
Included 100 cases in total.
Finished formatting.
Included 0 edge cases.
Included 1000 random cases.
Included 1000 cases in total.
Finished formatting.
========================================
Setup
========================================
Search Configuration:
signature: ProgramSignature(arity=3, output_stacks=['stdout'], push_config=PushConfig(numeric_magnitude_limit=1000000000000.0, growth_cap=500, runtime_limit=10, step_limit=200, collection_size_cap=1000))
evaluator: <pyshgp.gp.evaluation.DatasetEvaluator object at 0x7fe56dcd8160>
spawner: <pyshgp.gp.genome.GeneSpawner object at 0x7fe57661dbb0>
population_size: 200
max_generations: 300
error_threshold: 0.0
initial_genome_size: (20, 100)
simplification_steps: 500
parallel_context: <pyshgp.gp.search.ParallelContext object at 0x7fe56dcd8730>
selection: <pyshgp.utils.DiscreteProbDistrib object at 0x7fe576792cc0>
variation: <pyshgp.utils.DiscreteProbDistrib object at 0x7fe576638a00>
Instructions:
int_add, int_sub, int_mult, int_div, int_mod, int_min, int_max, int_inc, int_dec, int_lt, int_lte, int_gt, int_gte, int_from_bool, bool_and, bool_or, bool_not, bool_xor, bool_invert_first_then_and, bool_second_first_then_and, bool_from_int, noop, noop_open, exec_do_range, exec_do_count, exec_while, exec_do_while, exec_if, exec_when, print_bool, println_bool, print_int, println_int, print_exec, println_exec, bool_pop, bool_dup, bool_dup_times, bool_swap, bool_rot, bool_flush, bool_eq, bool_stack_depth, bool_yank, bool_yank_dup, bool_shove, bool_shove_dup, bool_is_empty, int_pop, int_dup, int_dup_times, int_swap, int_rot, int_flush, int_eq, int_stack_depth, int_yank, int_yank_dup, int_shove, int_shove_dup, int_is_empty, exec_pop, exec_dup, exec_dup_times, exec_swap, exec_rot, exec_flush, exec_eq, exec_stack_depth, exec_yank, exec_yank_dup, exec_shove, exec_shove_dup, exec_is_empty
Literals:
[]
ERC Generators:
[<function rand_int at 0x7fe576623a60>]
========================================
Start Run
========================================
2021-12-15 06:36:05.164298 | GENERATION: 1 | ERRORS: best=114, median=233.0, diversity=0.07 | INDIVIDUALS: n=200, avg_genome_length=50.625
2021-12-15 06:36:08.227795 | GENERATION: 2 | ERRORS: best=114, median=207.0, diversity=0.24 | INDIVIDUALS: n=200, avg_genome_length=77.755
2021-12-15 06:36:11.692651 | GENERATION: 3 | ERRORS: best=114, median=187.0, diversity=0.29 | INDIVIDUALS: n=200, avg_genome_length=79.255
2021-12-15 06:36:15.529840 | GENERATION: 4 | ERRORS: best=99, median=187.0, diversity=0.325 | INDIVIDUALS: n=200, avg_genome_length=77.225
2021-12-15 06:36:19.808109 | GENERATION: 5 | ERRORS: best=99, median=152.0, diversity=0.305 | INDIVIDUALS: n=200, avg_genome_length=74.145
2021-12-15 06:36:24.265665 | GENERATION: 6 | ERRORS: best=99, median=116.0, diversity=0.38 | INDIVIDUALS: n=200, avg_genome_length=73.33
2021-12-15 06:36:28.381190 | GENERATION: 7 | ERRORS: best=99, median=136.0, diversity=0.47 | INDIVIDUALS: n=200, avg_genome_length=70.755
2021-12-15 06:36:33.078835 | GENERATION: 8 | ERRORS: best=96, median=136.5, diversity=0.51 | INDIVIDUALS: n=200, avg_genome_length=70.065
2021-12-15 06:36:37.398512 | GENERATION: 9 | ERRORS: best=96, median=145.5, diversity=0.55 | INDIVIDUALS: n=200, avg_genome_length=68.945
2021-12-15 06:36:41.912505 | GENERATION: 10 | ERRORS: best=96, median=146.0, diversity=0.64 | INDIVIDUALS: n=200, avg_genome_length=68.9
2021-12-15 06:36:46.409643 | GENERATION: 11 | ERRORS: best=72, median=123.5, diversity=0.595 | INDIVIDUALS: n=200, avg_genome_length=67.865
2021-12-15 06:36:51.463081 | GENERATION: 12 | ERRORS: best=72, median=128.5, diversity=0.655 | INDIVIDUALS: n=200, avg_genome_length=66.895
2021-12-15 06:36:56.834707 | GENERATION: 13 | ERRORS: best=72, median=123.0, diversity=0.66 | INDIVIDUALS: n=200, avg_genome_length=64.645
2021-12-15 06:37:02.819416 | GENERATION: 14 | ERRORS: best=68, median=142.5, diversity=0.775 | INDIVIDUALS: n=200, avg_genome_length=63.655
2021-12-15 06:37:08.674171 | GENERATION: 15 | ERRORS: best=38, median=151.5, diversity=0.76 | INDIVIDUALS: n=200, avg_genome_length=62.5
2021-12-15 06:37:13.747386 | GENERATION: 16 | ERRORS: best=38, median=120.0, diversity=0.59 | INDIVIDUALS: n=200, avg_genome_length=62.51
2021-12-15 06:37:18.368927 | GENERATION: 17 | ERRORS: best=38, median=119.5, diversity=0.56 | INDIVIDUALS: n=200, avg_genome_length=62.21
2021-12-15 06:37:22.244916 | GENERATION: 18 | ERRORS: best=38, median=114.0, diversity=0.385 | INDIVIDUALS: n=200, avg_genome_length=60.595
2021-12-15 06:37:26.449315 | GENERATION: 19 | ERRORS: best=38, median=114.0, diversity=0.35 | INDIVIDUALS: n=200, avg_genome_length=60.33
2021-12-15 06:37:30.472124 | GENERATION: 20 | ERRORS: best=38, median=102.5, diversity=0.365 | INDIVIDUALS: n=200, avg_genome_length=61.29
2021-12-15 06:37:34.589178 | GENERATION: 21 | ERRORS: best=35, median=114.0, diversity=0.35 | INDIVIDUALS: n=200, avg_genome_length=60.045
2021-12-15 06:37:38.614224 | GENERATION: 22 | ERRORS: best=35, median=116.0, diversity=0.46 | INDIVIDUALS: n=200, avg_genome_length=59.395
2021-12-15 06:37:42.815476 | GENERATION: 23 | ERRORS: best=35, median=114.0, diversity=0.41 | INDIVIDUALS: n=200, avg_genome_length=60.165
2021-12-15 06:37:46.820966 | GENERATION: 24 | ERRORS: best=35, median=101.0, diversity=0.365 | INDIVIDUALS: n=200, avg_genome_length=59.355
2021-12-15 06:37:51.198365 | GENERATION: 25 | ERRORS: best=35, median=116.0, diversity=0.515 | INDIVIDUALS: n=200, avg_genome_length=58.655
2021-12-15 06:37:54.878232 | GENERATION: 26 | ERRORS: best=35, median=102.0, diversity=0.495 | INDIVIDUALS: n=200, avg_genome_length=58.26
2021-12-15 06:37:58.648138 | GENERATION: 27 | ERRORS: best=35, median=101.0, diversity=0.485 | INDIVIDUALS: n=200, avg_genome_length=57.775
2021-12-15 06:38:02.429819 | GENERATION: 28 | ERRORS: best=35, median=112.0, diversity=0.485 | INDIVIDUALS: n=200, avg_genome_length=57.625
2021-12-15 06:38:06.336584 | GENERATION: 29 | ERRORS: best=25, median=111.5, diversity=0.565 | INDIVIDUALS: n=200, avg_genome_length=56.93
2021-12-15 06:38:10.312609 | GENERATION: 30 | ERRORS: best=24, median=102.5, diversity=0.57 | INDIVIDUALS: n=200, avg_genome_length=58.055
2021-12-15 06:38:14.230041 | GENERATION: 31 | ERRORS: best=24, median=99.0, diversity=0.535 | INDIVIDUALS: n=200, avg_genome_length=57.835
2021-12-15 06:38:18.124466 | GENERATION: 32 | ERRORS: best=24, median=99.0, diversity=0.49 | INDIVIDUALS: n=200, avg_genome_length=57.135
2021-12-15 06:38:22.358173 | GENERATION: 33 | ERRORS: best=24, median=103.5, diversity=0.555 | INDIVIDUALS: n=200, avg_genome_length=56.72
2021-12-15 06:38:26.292143 | GENERATION: 34 | ERRORS: best=21, median=99.0, diversity=0.565 | INDIVIDUALS: n=200, avg_genome_length=55.665
2021-12-15 06:38:30.531181 | GENERATION: 35 | ERRORS: best=21, median=101.0, diversity=0.545 | INDIVIDUALS: n=200, avg_genome_length=56.7
2021-12-15 06:38:34.909373 | GENERATION: 36 | ERRORS: best=21, median=99.0, diversity=0.475 | INDIVIDUALS: n=200, avg_genome_length=56.355
2021-12-15 06:38:39.121031 | GENERATION: 37 | ERRORS: best=21, median=101.0, diversity=0.555 | INDIVIDUALS: n=200, avg_genome_length=57.135
2021-12-15 06:38:43.321808 | GENERATION: 38 | ERRORS: best=21, median=113.0, diversity=0.58 | INDIVIDUALS: n=200, avg_genome_length=57.65
2021-12-15 06:38:48.162664 | GENERATION: 39 | ERRORS: best=21, median=105.0, diversity=0.57 | INDIVIDUALS: n=200, avg_genome_length=56.43
2021-12-15 06:38:52.959203 | GENERATION: 40 | ERRORS: best=21, median=107.0, diversity=0.6 | INDIVIDUALS: n=200, avg_genome_length=59.01
2021-12-15 06:38:58.092490 | GENERATION: 41 | ERRORS: best=21, median=107.5, diversity=0.6 | INDIVIDUALS: n=200, avg_genome_length=58.095
2021-12-15 06:39:03.246421 | GENERATION: 42 | ERRORS: best=21, median=109.0, diversity=0.595 | INDIVIDUALS: n=200, avg_genome_length=54.15
2021-12-15 06:39:07.966357 | GENERATION: 43 | ERRORS: best=19, median=116.0, diversity=0.635 | INDIVIDUALS: n=200, avg_genome_length=56.11
2021-12-15 06:39:12.895091 | GENERATION: 44 | ERRORS: best=19, median=108.0, diversity=0.59 | INDIVIDUALS: n=200, avg_genome_length=58.295
2021-12-15 06:39:17.895999 | GENERATION: 45 | ERRORS: best=19, median=109.0, diversity=0.55 | INDIVIDUALS: n=200, avg_genome_length=59.635
2021-12-15 06:39:23.072476 | GENERATION: 46 | ERRORS: best=14, median=99.5, diversity=0.6 | INDIVIDUALS: n=200, avg_genome_length=60.135
2021-12-15 06:39:27.690527 | GENERATION: 47 | ERRORS: best=14, median=101.0, diversity=0.63 | INDIVIDUALS: n=200, avg_genome_length=60.48
2021-12-15 06:39:32.541079 | GENERATION: 48 | ERRORS: best=14, median=101.0, diversity=0.685 | INDIVIDUALS: n=200, avg_genome_length=61.205
2021-12-15 06:39:37.275856 | GENERATION: 49 | ERRORS: best=14, median=109.0, diversity=0.65 | INDIVIDUALS: n=200, avg_genome_length=61.17
2021-12-15 06:39:41.898634 | GENERATION: 50 | ERRORS: best=14, median=102.5, diversity=0.645 | INDIVIDUALS: n=200, avg_genome_length=61.31
2021-12-15 06:39:46.364473 | GENERATION: 51 | ERRORS: best=12, median=109.0, diversity=0.7 | INDIVIDUALS: n=200, avg_genome_length=60.88
2021-12-15 06:39:50.970392 | GENERATION: 52 | ERRORS: best=12, median=108.5, diversity=0.725 | INDIVIDUALS: n=200, avg_genome_length=60.87
2021-12-15 06:39:55.558897 | GENERATION: 53 | ERRORS: best=12, median=118.5, diversity=0.675 | INDIVIDUALS: n=200, avg_genome_length=60.415
2021-12-15 06:40:00.132825 | GENERATION: 54 | ERRORS: best=12, median=99.5, diversity=0.68 | INDIVIDUALS: n=200, avg_genome_length=61.035
2021-12-15 06:40:04.270398 | GENERATION: 55 | ERRORS: best=12, median=109.0, diversity=0.695 | INDIVIDUALS: n=200, avg_genome_length=60.83
2021-12-15 06:40:08.719025 | GENERATION: 56 | ERRORS: best=12, median=114.0, diversity=0.695 | INDIVIDUALS: n=200, avg_genome_length=61.23
2021-12-15 06:40:13.078196 | GENERATION: 57 | ERRORS: best=12, median=110.0, diversity=0.7 | INDIVIDUALS: n=200, avg_genome_length=61.325
2021-12-15 06:40:17.481251 | GENERATION: 58 | ERRORS: best=12, median=93.0, diversity=0.72 | INDIVIDUALS: n=200, avg_genome_length=61.245
2021-12-15 06:40:21.660628 | GENERATION: 59 | ERRORS: best=12, median=116.5, diversity=0.75 | INDIVIDUALS: n=200, avg_genome_length=61.395
2021-12-15 06:40:25.732117 | GENERATION: 60 | ERRORS: best=12, median=107.5, diversity=0.725 | INDIVIDUALS: n=200, avg_genome_length=60.8
2021-12-15 06:40:29.928702 | GENERATION: 61 | ERRORS: best=12, median=114.5, diversity=0.73 | INDIVIDUALS: n=200, avg_genome_length=60.15
2021-12-15 06:40:34.089995 | GENERATION: 62 | ERRORS: best=12, median=110.0, diversity=0.68 | INDIVIDUALS: n=200, avg_genome_length=59.83
2021-12-15 06:40:38.581731 | GENERATION: 63 | ERRORS: best=12, median=109.0, diversity=0.655 | INDIVIDUALS: n=200, avg_genome_length=60.535
2021-12-15 06:40:43.075733 | GENERATION: 64 | ERRORS: best=12, median=103.0, diversity=0.715 | INDIVIDUALS: n=200, avg_genome_length=60.37
2021-12-15 06:40:47.440181 | GENERATION: 65 | ERRORS: best=12, median=108.0, diversity=0.74 | INDIVIDUALS: n=200, avg_genome_length=60.25
2021-12-15 06:40:52.384965 | GENERATION: 66 | ERRORS: best=12, median=99.0, diversity=0.68 | INDIVIDUALS: n=200, avg_genome_length=60.555
2021-12-15 06:40:56.659860 | GENERATION: 67 | ERRORS: best=12, median=97.0, diversity=0.75 | INDIVIDUALS: n=200, avg_genome_length=60.16
2021-12-15 06:41:01.309522 | GENERATION: 68 | ERRORS: best=12, median=112.5, diversity=0.735 | INDIVIDUALS: n=200, avg_genome_length=59.395
2021-12-15 06:41:06.547107 | GENERATION: 69 | ERRORS: best=12, median=116.0, diversity=0.605 | INDIVIDUALS: n=200, avg_genome_length=59.705
2021-12-15 06:41:11.291847 | GENERATION: 70 | ERRORS: best=12, median=106.0, diversity=0.645 | INDIVIDUALS: n=200, avg_genome_length=59.47
2021-12-15 06:41:15.995243 | GENERATION: 71 | ERRORS: best=12, median=112.0, diversity=0.67 | INDIVIDUALS: n=200, avg_genome_length=59.315
2021-12-15 06:41:20.166308 | GENERATION: 72 | ERRORS: best=12, median=96.0, diversity=0.675 | INDIVIDUALS: n=200, avg_genome_length=59.49
2021-12-15 06:41:24.738194 | GENERATION: 73 | ERRORS: best=12, median=107.0, diversity=0.69 | INDIVIDUALS: n=200, avg_genome_length=59.265
2021-12-15 06:41:28.838679 | GENERATION: 74 | ERRORS: best=12, median=97.0, diversity=0.595 | INDIVIDUALS: n=200, avg_genome_length=59.475
2021-12-15 06:41:33.396751 | GENERATION: 75 | ERRORS: best=10, median=114.0, diversity=0.695 | INDIVIDUALS: n=200, avg_genome_length=59.64
2021-12-15 06:41:37.597019 | GENERATION: 76 | ERRORS: best=10, median=101.0, diversity=0.61 | INDIVIDUALS: n=200, avg_genome_length=59.92
2021-12-15 06:41:41.470582 | GENERATION: 77 | ERRORS: best=10, median=112.5, diversity=0.65 | INDIVIDUALS: n=200, avg_genome_length=61.025
Simplifying genome of length 64 with total error 0.
Simplified genome by 1 to length 63.
Simplified genome by 1 to length 62.
Simplified genome by 3 to length 59.
Simplified genome by 1 to length 58.
Simplified genome by 1 to length 57.
Simplified genome by 3 to length 54.
Simplified genome by 2 to length 52.
Simplified genome by 1 to length 51.
Simplified genome by 2 to length 49.
Simplified genome by 1 to length 48.
Simplified genome by 1 to length 47.
Simplified genome by 1 to length 46.
Simplified genome by 3 to length 43.
Simplified genome by 1 to length 42.
Simplified genome by 1 to length 41.
Simplified genome by 1 to length 40.
Simplified genome by 1 to length 39.
Simplified genome by 1 to length 38.
Simplified genome by 2 to length 36.
Simplified genome by 3 to length 33.
Simplified genome by 2 to length 31.
Simplified genome by 1 to length 30.
Simplified genome by 2 to length 28.
Simplified genome by 1 to length 27.
Simplified genome by 1 to length 26.
Simplified genome by 2 to length 24.
Simplified genome by 1 to length 23.
Simplified genome by 1 to length 22.
Simplified genome by 1 to length 21.
Simplified genome to length 21 and total error 0.
========================================
End Run
========================================
Solution found.
Best Seen Individual
	Genome:
	 pvector([Input(input_index=1), Input(input_index=0), InstructionMeta(name='exec_rot', code_blocks=3), Closer(), Input(input_index=1), InstructionMeta(name='int_min', code_blocks=0), Input(input_index=2), InstructionMeta(name='int_max', code_blocks=0), InstructionMeta(name='int_min', code_blocks=0), InstructionMeta(name='print_int', code_blocks=0), InstructionMeta(name='exec_rot', code_blocks=3), InstructionMeta(name='exec_rot', code_blocks=3), Closer(), Closer(), Closer(), Closer(), Closer(), Closer(), Closer(), InstructionMeta(name='int_max', code_blocks=0), Input(input_index=0)])
	Program:
	 (input_1 input_0 exec_rot () (input_1 int_min input_2 int_max int_min print_int exec_rot (exec_rot () () ()) () ()) (int_max input_0))
	Error vector:
	 [0 0 0 0 0 0 0 0 0 0 0 0 0 0 0 0 0 0 0 0 0 0 0 0 0 0 0 0 0 0 0 0 0 0 0 0 0
 0 0 0 0 0 0 0 0 0 0 0 0 0 0 0 0 0 0 0 0 0 0 0 0 0 0 0 0 0 0 0 0 0 0 0 0 0
 0 0 0 0 0 0 0 0 0 0 0 0 0 0 0 0 0 0 0 0 0 0 0 0 0 0]
	Total error:
	 0
	Test error:
	 0
	Time:
	 00:06:11
