Included 0 edge cases.
Included 100 random cases.
Included 100 cases in total.
Finished formatting.
Included 0 edge cases.
Included 1000 random cases.
Included 1000 cases in total.
Finished formatting.
========================================
Setup
========================================
Search Configuration:
signature: ProgramSignature(arity=3, push_config=PushConfig(numeric_magnitude_limit=1000000000000.0, growth_cap=500, step_limit=200, runtime_limit=10, collection_size_cap=1000), output_stacks=['stdout'])
evaluator: <pyshgp.gp.evaluation.DatasetEvaluator object at 0x7f7163ab44c0>
spawner: <pyshgp.gp.genome.GeneSpawner object at 0x7f7163ab4eb0>
population_size: 200
max_generations: 300
error_threshold: 0.0
initial_genome_size: (20, 100)
simplification_steps: 500
parallel_context: <pyshgp.gp.search.ParallelContext object at 0x7f7163ab4640>
selection: <pyshgp.utils.DiscreteProbDistrib object at 0x7f715a5ec800>
variation: <pyshgp.utils.DiscreteProbDistrib object at 0x7f715a5ec740>
Instructions:
int_add, int_sub, int_mult, int_div, int_mod, int_min, int_max, int_inc, int_dec, int_lt, int_lte, int_gt, int_gte, int_from_bool, bool_and, bool_or, bool_not, bool_xor, bool_invert_first_then_and, bool_second_first_then_and, bool_from_int, noop, noop_open, exec_do_range, exec_do_count, exec_while, exec_do_while, exec_if, exec_when, print_bool, println_bool, print_int, println_int, print_exec, println_exec, bool_pop, bool_dup, bool_dup_times, bool_swap, bool_rot, bool_flush, bool_eq, bool_stack_depth, bool_yank, bool_yank_dup, bool_shove, bool_shove_dup, bool_is_empty, int_pop, int_dup, int_dup_times, int_swap, int_rot, int_flush, int_eq, int_stack_depth, int_yank, int_yank_dup, int_shove, int_shove_dup, int_is_empty, exec_pop, exec_dup, exec_dup_times, exec_swap, exec_rot, exec_flush, exec_eq, exec_stack_depth, exec_yank, exec_yank_dup, exec_shove, exec_shove_dup, exec_is_empty
Literals:
[]
ERC Generators:
[<function rand_int at 0x7f7163ab8e50>]
========================================
Start Run
========================================
2021-12-17 08:06:04.359809 | GENERATION: 1 | ERRORS: best=182, median=321.5, diversity=0.21 | INDIVIDUALS: n=200, avg_genome_length=58.275
2021-12-17 08:06:08.139759 | GENERATION: 2 | ERRORS: best=182, median=225.0, diversity=0.195 | INDIVIDUALS: n=200, avg_genome_length=43.885
2021-12-17 08:06:12.149933 | GENERATION: 3 | ERRORS: best=97, median=225.0, diversity=0.24 | INDIVIDUALS: n=200, avg_genome_length=41.96
2021-12-17 08:06:16.526285 | GENERATION: 4 | ERRORS: best=97, median=214.0, diversity=0.255 | INDIVIDUALS: n=200, avg_genome_length=35.86
2021-12-17 08:06:21.485996 | GENERATION: 5 | ERRORS: best=97, median=182.0, diversity=0.3 | INDIVIDUALS: n=200, avg_genome_length=33.6
2021-12-17 08:06:26.214972 | GENERATION: 6 | ERRORS: best=97, median=124.0, diversity=0.255 | INDIVIDUALS: n=200, avg_genome_length=32.395
2021-12-17 08:06:30.316003 | GENERATION: 7 | ERRORS: best=97, median=124.0, diversity=0.21 | INDIVIDUALS: n=200, avg_genome_length=32.025
2021-12-17 08:06:35.356247 | GENERATION: 8 | ERRORS: best=97, median=109.0, diversity=0.135 | INDIVIDUALS: n=200, avg_genome_length=24.93
2021-12-17 08:06:39.671080 | GENERATION: 9 | ERRORS: best=97, median=109.0, diversity=0.15 | INDIVIDUALS: n=200, avg_genome_length=23.55
2021-12-17 08:06:43.845808 | GENERATION: 10 | ERRORS: best=97, median=109.0, diversity=0.09 | INDIVIDUALS: n=200, avg_genome_length=22.105
2021-12-17 08:06:47.933879 | GENERATION: 11 | ERRORS: best=97, median=109.0, diversity=0.135 | INDIVIDUALS: n=200, avg_genome_length=20.66
2021-12-17 08:06:51.700283 | GENERATION: 12 | ERRORS: best=97, median=109.0, diversity=0.125 | INDIVIDUALS: n=200, avg_genome_length=20.335
2021-12-17 08:06:55.248287 | GENERATION: 13 | ERRORS: best=97, median=124.0, diversity=0.12 | INDIVIDUALS: n=200, avg_genome_length=19.2
2021-12-17 08:06:58.574547 | GENERATION: 14 | ERRORS: best=97, median=116.5, diversity=0.105 | INDIVIDUALS: n=200, avg_genome_length=18.49
2021-12-17 08:07:01.790789 | GENERATION: 15 | ERRORS: best=97, median=124.0, diversity=0.13 | INDIVIDUALS: n=200, avg_genome_length=17.76
2021-12-17 08:07:04.669847 | GENERATION: 16 | ERRORS: best=97, median=124.0, diversity=0.155 | INDIVIDUALS: n=200, avg_genome_length=16.615
2021-12-17 08:07:06.949910 | GENERATION: 17 | ERRORS: best=75, median=124.0, diversity=0.155 | INDIVIDUALS: n=200, avg_genome_length=15.285
2021-12-17 08:07:08.759967 | GENERATION: 18 | ERRORS: best=75, median=124.0, diversity=0.105 | INDIVIDUALS: n=200, avg_genome_length=12.475
2021-12-17 08:07:10.215900 | GENERATION: 19 | ERRORS: best=75, median=240.0, diversity=0.13 | INDIVIDUALS: n=200, avg_genome_length=10.75
2021-12-17 08:07:11.444647 | GENERATION: 20 | ERRORS: best=67, median=124.0, diversity=0.17 | INDIVIDUALS: n=200, avg_genome_length=11.165
2021-12-17 08:07:12.794953 | GENERATION: 21 | ERRORS: best=49, median=124.0, diversity=0.245 | INDIVIDUALS: n=200, avg_genome_length=11.44
2021-12-17 08:07:14.182788 | GENERATION: 22 | ERRORS: best=47, median=114.0, diversity=0.275 | INDIVIDUALS: n=200, avg_genome_length=11.8
2021-12-17 08:07:15.528473 | GENERATION: 23 | ERRORS: best=34, median=124.0, diversity=0.36 | INDIVIDUALS: n=200, avg_genome_length=10.385
2021-12-17 08:07:16.856587 | GENERATION: 24 | ERRORS: best=34, median=109.0, diversity=0.415 | INDIVIDUALS: n=200, avg_genome_length=10.54
2021-12-17 08:07:18.352347 | GENERATION: 25 | ERRORS: best=34, median=115.0, diversity=0.285 | INDIVIDUALS: n=200, avg_genome_length=10.49
2021-12-17 08:07:19.744798 | GENERATION: 26 | ERRORS: best=43, median=114.0, diversity=0.305 | INDIVIDUALS: n=200, avg_genome_length=9.98
2021-12-17 08:07:21.334186 | GENERATION: 27 | ERRORS: best=43, median=112.0, diversity=0.26 | INDIVIDUALS: n=200, avg_genome_length=9.43
2021-12-17 08:07:22.529761 | GENERATION: 28 | ERRORS: best=43, median=109.0, diversity=0.22 | INDIVIDUALS: n=200, avg_genome_length=9.115
2021-12-17 08:07:23.844507 | GENERATION: 29 | ERRORS: best=43, median=115.0, diversity=0.225 | INDIVIDUALS: n=200, avg_genome_length=9.215
2021-12-17 08:07:25.378218 | GENERATION: 30 | ERRORS: best=35, median=115.0, diversity=0.26 | INDIVIDUALS: n=200, avg_genome_length=8.96
2021-12-17 08:07:26.737511 | GENERATION: 31 | ERRORS: best=43, median=124.0, diversity=0.325 | INDIVIDUALS: n=200, avg_genome_length=9.23
2021-12-17 08:07:27.948623 | GENERATION: 32 | ERRORS: best=43, median=122.5, diversity=0.23 | INDIVIDUALS: n=200, avg_genome_length=8.76
2021-12-17 08:07:29.206020 | GENERATION: 33 | ERRORS: best=43, median=109.0, diversity=0.27 | INDIVIDUALS: n=200, avg_genome_length=9.51
2021-12-17 08:07:30.629586 | GENERATION: 34 | ERRORS: best=43, median=122.5, diversity=0.255 | INDIVIDUALS: n=200, avg_genome_length=9.465
2021-12-17 08:07:31.919663 | GENERATION: 35 | ERRORS: best=43, median=109.0, diversity=0.215 | INDIVIDUALS: n=200, avg_genome_length=10.26
2021-12-17 08:07:33.207095 | GENERATION: 36 | ERRORS: best=43, median=109.0, diversity=0.2 | INDIVIDUALS: n=200, avg_genome_length=9.605
2021-12-17 08:07:34.629104 | GENERATION: 37 | ERRORS: best=43, median=109.0, diversity=0.19 | INDIVIDUALS: n=200, avg_genome_length=9.56
2021-12-17 08:07:36.189622 | GENERATION: 38 | ERRORS: best=43, median=109.0, diversity=0.225 | INDIVIDUALS: n=200, avg_genome_length=9.225
2021-12-17 08:07:37.438261 | GENERATION: 39 | ERRORS: best=43, median=109.0, diversity=0.225 | INDIVIDUALS: n=200, avg_genome_length=9.11
2021-12-17 08:07:38.580147 | GENERATION: 40 | ERRORS: best=43, median=109.0, diversity=0.2 | INDIVIDUALS: n=200, avg_genome_length=8.965
2021-12-17 08:07:39.945790 | GENERATION: 41 | ERRORS: best=43, median=109.0, diversity=0.285 | INDIVIDUALS: n=200, avg_genome_length=9.445
2021-12-17 08:07:41.264771 | GENERATION: 42 | ERRORS: best=40, median=111.0, diversity=0.265 | INDIVIDUALS: n=200, avg_genome_length=9.815
2021-12-17 08:07:42.795277 | GENERATION: 43 | ERRORS: best=43, median=117.5, diversity=0.38 | INDIVIDUALS: n=200, avg_genome_length=10.05
2021-12-17 08:07:44.052951 | GENERATION: 44 | ERRORS: best=43, median=124.0, diversity=0.205 | INDIVIDUALS: n=200, avg_genome_length=8.27
2021-12-17 08:07:45.456861 | GENERATION: 45 | ERRORS: best=43, median=109.0, diversity=0.2 | INDIVIDUALS: n=200, avg_genome_length=8.5
2021-12-17 08:07:46.866913 | GENERATION: 46 | ERRORS: best=43, median=109.0, diversity=0.17 | INDIVIDUALS: n=200, avg_genome_length=7.995
2021-12-17 08:07:48.165976 | GENERATION: 47 | ERRORS: best=43, median=109.0, diversity=0.19 | INDIVIDUALS: n=200, avg_genome_length=8.215
2021-12-17 08:07:49.370952 | GENERATION: 48 | ERRORS: best=43, median=124.0, diversity=0.17 | INDIVIDUALS: n=200, avg_genome_length=8.01
2021-12-17 08:07:50.959492 | GENERATION: 49 | ERRORS: best=43, median=106.0, diversity=0.185 | INDIVIDUALS: n=200, avg_genome_length=8.56
2021-12-17 08:07:52.404729 | GENERATION: 50 | ERRORS: best=43, median=108.5, diversity=0.21 | INDIVIDUALS: n=200, avg_genome_length=8.59
2021-12-17 08:07:53.739236 | GENERATION: 51 | ERRORS: best=43, median=109.0, diversity=0.235 | INDIVIDUALS: n=200, avg_genome_length=8.315
2021-12-17 08:07:55.071988 | GENERATION: 52 | ERRORS: best=43, median=109.0, diversity=0.235 | INDIVIDUALS: n=200, avg_genome_length=8.905
2021-12-17 08:07:56.567484 | GENERATION: 53 | ERRORS: best=43, median=109.0, diversity=0.225 | INDIVIDUALS: n=200, avg_genome_length=8.57
2021-12-17 08:07:57.751465 | GENERATION: 54 | ERRORS: best=43, median=106.0, diversity=0.185 | INDIVIDUALS: n=200, avg_genome_length=8.08
2021-12-17 08:07:58.954877 | GENERATION: 55 | ERRORS: best=43, median=109.0, diversity=0.165 | INDIVIDUALS: n=200, avg_genome_length=8.095
Simplifying genome of length 11 with total error 0.
Simplified genome by 1 to length 10.
Simplified genome to length 10 and total error 0.
========================================
End Run
========================================
Solution found.
Best Seen Individual
	Genome:
	 pvector([Input(input_index=0), Input(input_index=1), Input(input_index=2), InstructionMeta(name='int_min', code_blocks=0), InstructionMeta(name='int_max', code_blocks=0), Input(input_index=1), Input(input_index=2), InstructionMeta(name='int_max', code_blocks=0), InstructionMeta(name='int_min', code_blocks=0), InstructionMeta(name='print_int', code_blocks=0)])
	Program:
	 (input_0 input_1 input_2 int_min int_max input_1 input_2 int_max int_min print_int)
	Error vector:
	 [0 0 0 0 0 0 0 0 0 0 0 0 0 0 0 0 0 0 0 0 0 0 0 0 0 0 0 0 0 0 0 0 0 0 0 0 0
 0 0 0 0 0 0 0 0 0 0 0 0 0 0 0 0 0 0 0 0 0 0 0 0 0 0 0 0 0 0 0 0 0 0 0 0 0
 0 0 0 0 0 0 0 0 0 0 0 0 0 0 0 0 0 0 0 0 0 0 0 0 0 0]
	Total error:
	 0
	Test error:
	 0
	Time:
	 00:02:12
