Included 0 edge cases.
Included 100 random cases.
Included 100 cases in total.
Finished formatting.
Included 0 edge cases.
Included 1000 random cases.
Included 1000 cases in total.
Finished formatting.
========================================
Setup
========================================
Search Configuration:
signature: ProgramSignature(output_stacks=['stdout'], arity=3, push_config=PushConfig(runtime_limit=10, collection_size_cap=1000, numeric_magnitude_limit=1000000000000.0, step_limit=200, growth_cap=500))
evaluator: <pyshgp.gp.evaluation.DatasetEvaluator object at 0x7fe61751e670>
spawner: <pyshgp.gp.genome.GeneSpawner object at 0x7fe61751e3d0>
population_size: 200
max_generations: 300
error_threshold: 0.0
initial_genome_size: (20, 100)
simplification_steps: 500
parallel_context: <pyshgp.gp.search.ParallelContext object at 0x7fe61751ebe0>
selection: <pyshgp.utils.DiscreteProbDistrib object at 0x7fe617458d80>
variation: <pyshgp.utils.DiscreteProbDistrib object at 0x7fe617458c00>
Instructions:
int_add, int_sub, int_mult, int_div, int_mod, int_min, int_max, int_inc, int_dec, int_lt, int_lte, int_gt, int_gte, int_from_bool, bool_and, bool_or, bool_not, bool_xor, bool_invert_first_then_and, bool_second_first_then_and, bool_from_int, noop, noop_open, exec_do_range, exec_do_count, exec_while, exec_do_while, exec_if, exec_when, print_bool, println_bool, print_int, println_int, print_exec, println_exec, bool_pop, bool_dup, bool_dup_times, bool_swap, bool_rot, bool_flush, bool_eq, bool_stack_depth, bool_yank, bool_yank_dup, bool_shove, bool_shove_dup, bool_is_empty, int_pop, int_dup, int_dup_times, int_swap, int_rot, int_flush, int_eq, int_stack_depth, int_yank, int_yank_dup, int_shove, int_shove_dup, int_is_empty, exec_pop, exec_dup, exec_dup_times, exec_swap, exec_rot, exec_flush, exec_eq, exec_stack_depth, exec_yank, exec_yank_dup, exec_shove, exec_shove_dup, exec_is_empty
Literals:
[]
ERC Generators:
[<function rand_int at 0x7fe60f2fc430>]
========================================
Start Run
========================================
2021-12-18 16:01:51.169955 | GENERATION: 1 | ERRORS: best=109, median=2737.0, diversity=0.16 | INDIVIDUALS: n=200, avg_genome_length=67.35 | VIRUSES: gene_rate=0.000
2021-12-18 16:01:54.015799 | GENERATION: 2 | ERRORS: best=109, median=190.0, diversity=0.265 | INDIVIDUALS: n=200, avg_genome_length=86.36 | VIRUSES: gene_rate=0.000
2021-12-18 16:01:57.206219 | GENERATION: 3 | ERRORS: best=96, median=190.0, diversity=0.29 | INDIVIDUALS: n=200, avg_genome_length=79.43 | VIRUSES: gene_rate=0.000
2021-12-18 16:02:01.753705 | GENERATION: 4 | ERRORS: best=96, median=109.0, diversity=0.215 | INDIVIDUALS: n=200, avg_genome_length=85.455 | VIRUSES: gene_rate=0.000
2021-12-18 16:02:06.395548 | GENERATION: 5 | ERRORS: best=96, median=162.0, diversity=0.305 | INDIVIDUALS: n=200, avg_genome_length=88.35 | VIRUSES: gene_rate=0.000
2021-12-18 16:02:10.953823 | GENERATION: 6 | ERRORS: best=96, median=178.0, diversity=0.24 | INDIVIDUALS: n=200, avg_genome_length=87.45 | VIRUSES: gene_rate=0.000
2021-12-18 16:02:15.252987 | GENERATION: 7 | ERRORS: best=96, median=156.0, diversity=0.36 | INDIVIDUALS: n=200, avg_genome_length=90.285 | VIRUSES: gene_rate=0.000
2021-12-18 16:02:19.635095 | GENERATION: 8 | ERRORS: best=96, median=109.0, diversity=0.235 | INDIVIDUALS: n=200, avg_genome_length=88.5 | VIRUSES: gene_rate=0.000
2021-12-18 16:02:24.314626 | GENERATION: 9 | ERRORS: best=96, median=109.0, diversity=0.305 | INDIVIDUALS: n=200, avg_genome_length=87.29 | VIRUSES: gene_rate=0.000
2021-12-18 16:02:28.681307 | GENERATION: 10 | ERRORS: best=96, median=109.0, diversity=0.24 | INDIVIDUALS: n=200, avg_genome_length=86.305 | VIRUSES: gene_rate=0.000
2021-12-18 16:02:32.966102 | GENERATION: 11 | ERRORS: best=94, median=109.0, diversity=0.315 | INDIVIDUALS: n=200, avg_genome_length=86.05 | VIRUSES: gene_rate=0.000
2021-12-18 16:02:36.418389 | GENERATION: 12 | ERRORS: best=94, median=109.0, diversity=0.23 | INDIVIDUALS: n=200, avg_genome_length=85.12 | VIRUSES: gene_rate=0.000
2021-12-18 16:02:39.879025 | GENERATION: 13 | ERRORS: best=94, median=106.0, diversity=0.225 | INDIVIDUALS: n=200, avg_genome_length=85.625 | VIRUSES: gene_rate=0.000
2021-12-18 16:02:43.204288 | GENERATION: 14 | ERRORS: best=94, median=109.0, diversity=0.215 | INDIVIDUALS: n=200, avg_genome_length=84.755 | VIRUSES: gene_rate=0.000
2021-12-18 16:02:46.663636 | GENERATION: 15 | ERRORS: best=94, median=109.0, diversity=0.26 | INDIVIDUALS: n=200, avg_genome_length=85.21 | VIRUSES: gene_rate=0.000
2021-12-18 16:02:50.296249 | GENERATION: 16 | ERRORS: best=94, median=103.0, diversity=0.215 | INDIVIDUALS: n=200, avg_genome_length=84.525 | VIRUSES: gene_rate=0.000
2021-12-18 16:02:53.916084 | GENERATION: 17 | ERRORS: best=94, median=109.0, diversity=0.26 | INDIVIDUALS: n=200, avg_genome_length=84.85 | VIRUSES: gene_rate=0.000
2021-12-18 16:02:57.049869 | GENERATION: 18 | ERRORS: best=94, median=109.0, diversity=0.225 | INDIVIDUALS: n=200, avg_genome_length=84.63 | VIRUSES: gene_rate=0.000
2021-12-18 16:03:00.457708 | GENERATION: 19 | ERRORS: best=94, median=109.0, diversity=0.285 | INDIVIDUALS: n=200, avg_genome_length=85.345 | VIRUSES: gene_rate=0.000
2021-12-18 16:03:03.824101 | GENERATION: 20 | ERRORS: best=94, median=109.0, diversity=0.35 | INDIVIDUALS: n=200, avg_genome_length=85.66 | VIRUSES: gene_rate=0.000
2021-12-18 16:03:07.221326 | GENERATION: 21 | ERRORS: best=79, median=108.0, diversity=0.31 | INDIVIDUALS: n=200, avg_genome_length=84.82 | VIRUSES: gene_rate=0.000
2021-12-18 16:03:09.902105 | GENERATION: 22 | ERRORS: best=79, median=109.0, diversity=0.33 | INDIVIDUALS: n=200, avg_genome_length=89.055 | VIRUSES: gene_rate=0.000
2021-12-18 16:03:12.771179 | GENERATION: 23 | ERRORS: best=79, median=109.0, diversity=0.335 | INDIVIDUALS: n=200, avg_genome_length=90.34 | VIRUSES: gene_rate=0.000
2021-12-18 16:03:15.539459 | GENERATION: 24 | ERRORS: best=79, median=103.5, diversity=0.34 | INDIVIDUALS: n=200, avg_genome_length=88.05 | VIRUSES: gene_rate=0.000
2021-12-18 16:03:18.182469 | GENERATION: 25 | ERRORS: best=79, median=109.0, diversity=0.425 | INDIVIDUALS: n=200, avg_genome_length=88.925 | VIRUSES: gene_rate=0.000
2021-12-18 16:03:20.809539 | GENERATION: 26 | ERRORS: best=79, median=109.0, diversity=0.36 | INDIVIDUALS: n=200, avg_genome_length=88.165 | VIRUSES: gene_rate=0.000
2021-12-18 16:03:23.471703 | GENERATION: 27 | ERRORS: best=76, median=109.0, diversity=0.35 | INDIVIDUALS: n=200, avg_genome_length=89.45 | VIRUSES: gene_rate=0.000
2021-12-18 16:03:26.350312 | GENERATION: 28 | ERRORS: best=76, median=113.0, diversity=0.34 | INDIVIDUALS: n=200, avg_genome_length=89.9 | VIRUSES: gene_rate=0.000
2021-12-18 16:03:28.826430 | GENERATION: 29 | ERRORS: best=76, median=109.0, diversity=0.32 | INDIVIDUALS: n=200, avg_genome_length=91.545 | VIRUSES: gene_rate=0.000
2021-12-18 16:03:31.785664 | GENERATION: 30 | ERRORS: best=76, median=109.0, diversity=0.375 | INDIVIDUALS: n=200, avg_genome_length=91.48 | VIRUSES: gene_rate=0.000
2021-12-18 16:03:34.587959 | GENERATION: 31 | ERRORS: best=71, median=104.0, diversity=0.36 | INDIVIDUALS: n=200, avg_genome_length=92.535 | VIRUSES: gene_rate=0.000
2021-12-18 16:03:37.011030 | GENERATION: 32 | ERRORS: best=69, median=104.0, diversity=0.355 | INDIVIDUALS: n=200, avg_genome_length=92.445 | VIRUSES: gene_rate=0.000
2021-12-18 16:03:39.875397 | GENERATION: 33 | ERRORS: best=68, median=108.0, diversity=0.39 | INDIVIDUALS: n=200, avg_genome_length=92.11 | VIRUSES: gene_rate=0.000
2021-12-18 16:03:42.531953 | GENERATION: 34 | ERRORS: best=68, median=107.5, diversity=0.405 | INDIVIDUALS: n=200, avg_genome_length=91.87 | VIRUSES: gene_rate=0.000
2021-12-18 16:03:45.040269 | GENERATION: 35 | ERRORS: best=67, median=103.0, diversity=0.38 | INDIVIDUALS: n=200, avg_genome_length=91.495 | VIRUSES: gene_rate=0.000
2021-12-18 16:03:47.443304 | GENERATION: 36 | ERRORS: best=67, median=107.5, diversity=0.375 | INDIVIDUALS: n=200, avg_genome_length=91.58 | VIRUSES: gene_rate=0.000
2021-12-18 16:03:50.059961 | GENERATION: 37 | ERRORS: best=67, median=103.5, diversity=0.33 | INDIVIDUALS: n=200, avg_genome_length=91.22 | VIRUSES: gene_rate=0.000
2021-12-18 16:03:52.659544 | GENERATION: 38 | ERRORS: best=67, median=109.5, diversity=0.37 | INDIVIDUALS: n=200, avg_genome_length=89.835 | VIRUSES: gene_rate=0.000
2021-12-18 16:03:55.305542 | GENERATION: 39 | ERRORS: best=67, median=103.0, diversity=0.385 | INDIVIDUALS: n=200, avg_genome_length=90.445 | VIRUSES: gene_rate=0.000
2021-12-18 16:03:57.863499 | GENERATION: 40 | ERRORS: best=67, median=103.0, diversity=0.335 | INDIVIDUALS: n=200, avg_genome_length=91.06 | VIRUSES: gene_rate=0.000
2021-12-18 16:04:00.362948 | GENERATION: 41 | ERRORS: best=67, median=103.5, diversity=0.38 | INDIVIDUALS: n=200, avg_genome_length=90.1 | VIRUSES: gene_rate=0.000
2021-12-18 16:04:02.815904 | GENERATION: 42 | ERRORS: best=67, median=103.0, diversity=0.355 | INDIVIDUALS: n=200, avg_genome_length=89.805 | VIRUSES: gene_rate=0.000
2021-12-18 16:04:05.258782 | GENERATION: 43 | ERRORS: best=67, median=103.0, diversity=0.355 | INDIVIDUALS: n=200, avg_genome_length=89.095 | VIRUSES: gene_rate=0.000
2021-12-18 16:04:07.739755 | GENERATION: 44 | ERRORS: best=67, median=97.0, diversity=0.305 | INDIVIDUALS: n=200, avg_genome_length=88.415 | VIRUSES: gene_rate=0.000
2021-12-18 16:04:10.273322 | GENERATION: 45 | ERRORS: best=67, median=103.5, diversity=0.395 | INDIVIDUALS: n=200, avg_genome_length=88.495 | VIRUSES: gene_rate=0.000
2021-12-18 16:04:12.956337 | GENERATION: 46 | ERRORS: best=67, median=99.0, diversity=0.345 | INDIVIDUALS: n=200, avg_genome_length=88.275 | VIRUSES: gene_rate=0.000
2021-12-18 16:04:15.372630 | GENERATION: 47 | ERRORS: best=67, median=103.0, diversity=0.385 | INDIVIDUALS: n=200, avg_genome_length=87.56 | VIRUSES: gene_rate=0.000
2021-12-18 16:04:17.883170 | GENERATION: 48 | ERRORS: best=67, median=99.5, diversity=0.36 | INDIVIDUALS: n=200, avg_genome_length=87.705 | VIRUSES: gene_rate=0.000
2021-12-18 16:04:20.520873 | GENERATION: 49 | ERRORS: best=67, median=99.0, diversity=0.375 | INDIVIDUALS: n=200, avg_genome_length=87.105 | VIRUSES: gene_rate=0.000
2021-12-18 16:04:23.105452 | GENERATION: 50 | ERRORS: best=67, median=99.0, diversity=0.345 | INDIVIDUALS: n=200, avg_genome_length=87.575 | VIRUSES: gene_rate=0.000
2021-12-18 16:04:25.576882 | GENERATION: 51 | ERRORS: best=67, median=99.0, diversity=0.375 | INDIVIDUALS: n=200, avg_genome_length=86.74 | VIRUSES: gene_rate=0.000
2021-12-18 16:04:28.553452 | GENERATION: 52 | ERRORS: best=67, median=103.0, diversity=0.4 | INDIVIDUALS: n=200, avg_genome_length=85.815 | VIRUSES: gene_rate=0.000
2021-12-18 16:04:31.338737 | GENERATION: 53 | ERRORS: best=67, median=96.5, diversity=0.425 | INDIVIDUALS: n=200, avg_genome_length=86.065 | VIRUSES: gene_rate=0.000
2021-12-18 16:04:34.145441 | GENERATION: 54 | ERRORS: best=67, median=96.0, diversity=0.48 | INDIVIDUALS: n=200, avg_genome_length=85.485 | VIRUSES: gene_rate=0.000
2021-12-18 16:04:36.949404 | GENERATION: 55 | ERRORS: best=67, median=103.0, diversity=0.47 | INDIVIDUALS: n=200, avg_genome_length=86.9 | VIRUSES: gene_rate=0.000
2021-12-18 16:04:39.932698 | GENERATION: 56 | ERRORS: best=67, median=101.0, diversity=0.38 | INDIVIDUALS: n=200, avg_genome_length=85.565 | VIRUSES: gene_rate=0.000
2021-12-18 16:04:42.614998 | GENERATION: 57 | ERRORS: best=67, median=96.5, diversity=0.375 | INDIVIDUALS: n=200, avg_genome_length=85.495 | VIRUSES: gene_rate=0.000
2021-12-18 16:04:45.313495 | GENERATION: 58 | ERRORS: best=67, median=101.5, diversity=0.445 | INDIVIDUALS: n=200, avg_genome_length=85.62 | VIRUSES: gene_rate=0.000
2021-12-18 16:04:48.199691 | GENERATION: 59 | ERRORS: best=67, median=103.0, diversity=0.405 | INDIVIDUALS: n=200, avg_genome_length=84.84 | VIRUSES: gene_rate=0.000
2021-12-18 16:04:51.022050 | GENERATION: 60 | ERRORS: best=67, median=98.0, diversity=0.445 | INDIVIDUALS: n=200, avg_genome_length=85.66 | VIRUSES: gene_rate=0.000
2021-12-18 16:04:53.916350 | GENERATION: 61 | ERRORS: best=67, median=96.0, diversity=0.41 | INDIVIDUALS: n=200, avg_genome_length=84.96 | VIRUSES: gene_rate=0.000
2021-12-18 16:04:56.727987 | GENERATION: 62 | ERRORS: best=67, median=96.0, diversity=0.445 | INDIVIDUALS: n=200, avg_genome_length=84.93 | VIRUSES: gene_rate=0.000
2021-12-18 16:04:59.685443 | GENERATION: 63 | ERRORS: best=67, median=96.0, diversity=0.445 | INDIVIDUALS: n=200, avg_genome_length=85.175 | VIRUSES: gene_rate=0.000
2021-12-18 16:05:02.573676 | GENERATION: 64 | ERRORS: best=67, median=96.0, diversity=0.4 | INDIVIDUALS: n=200, avg_genome_length=83.44 | VIRUSES: gene_rate=0.000
2021-12-18 16:05:06.005608 | GENERATION: 65 | ERRORS: best=67, median=101.0, diversity=0.465 | INDIVIDUALS: n=200, avg_genome_length=83.445 | VIRUSES: gene_rate=0.000
2021-12-18 16:05:08.882642 | GENERATION: 66 | ERRORS: best=67, median=103.0, diversity=0.425 | INDIVIDUALS: n=200, avg_genome_length=84.55 | VIRUSES: gene_rate=0.000
2021-12-18 16:05:11.987016 | GENERATION: 67 | ERRORS: best=67, median=100.0, diversity=0.44 | INDIVIDUALS: n=200, avg_genome_length=84.39 | VIRUSES: gene_rate=0.000
2021-12-18 16:05:15.363596 | GENERATION: 68 | ERRORS: best=67, median=103.0, diversity=0.43 | INDIVIDUALS: n=200, avg_genome_length=82.635 | VIRUSES: gene_rate=0.000
2021-12-18 16:05:18.928777 | GENERATION: 69 | ERRORS: best=67, median=96.5, diversity=0.46 | INDIVIDUALS: n=200, avg_genome_length=83.47 | VIRUSES: gene_rate=0.000
2021-12-18 16:05:22.834110 | GENERATION: 70 | ERRORS: best=67, median=103.0, diversity=0.47 | INDIVIDUALS: n=200, avg_genome_length=83.285 | VIRUSES: gene_rate=0.000
2021-12-18 16:05:26.060223 | GENERATION: 71 | ERRORS: best=67, median=101.0, diversity=0.44 | INDIVIDUALS: n=200, avg_genome_length=83.175 | VIRUSES: gene_rate=0.000
2021-12-18 16:05:29.614341 | GENERATION: 72 | ERRORS: best=67, median=101.0, diversity=0.5 | INDIVIDUALS: n=200, avg_genome_length=84.94 | VIRUSES: gene_rate=0.000
2021-12-18 16:05:32.831020 | GENERATION: 73 | ERRORS: best=67, median=96.0, diversity=0.45 | INDIVIDUALS: n=200, avg_genome_length=84.405 | VIRUSES: gene_rate=0.000
2021-12-18 16:05:35.879200 | GENERATION: 74 | ERRORS: best=66, median=101.0, diversity=0.46 | INDIVIDUALS: n=200, avg_genome_length=83.98 | VIRUSES: gene_rate=0.000
2021-12-18 16:05:38.891908 | GENERATION: 75 | ERRORS: best=66, median=101.0, diversity=0.46 | INDIVIDUALS: n=200, avg_genome_length=84.81 | VIRUSES: gene_rate=0.000
2021-12-18 16:05:41.831672 | GENERATION: 76 | ERRORS: best=66, median=106.5, diversity=0.455 | INDIVIDUALS: n=200, avg_genome_length=84.085 | VIRUSES: gene_rate=0.000
2021-12-18 16:05:44.899133 | GENERATION: 77 | ERRORS: best=66, median=101.0, diversity=0.515 | INDIVIDUALS: n=200, avg_genome_length=83.56 | VIRUSES: gene_rate=0.000
2021-12-18 16:05:47.974313 | GENERATION: 78 | ERRORS: best=66, median=105.0, diversity=0.48 | INDIVIDUALS: n=200, avg_genome_length=83.305 | VIRUSES: gene_rate=0.000
2021-12-18 16:05:51.062089 | GENERATION: 79 | ERRORS: best=66, median=108.0, diversity=0.52 | INDIVIDUALS: n=200, avg_genome_length=84.49 | VIRUSES: gene_rate=0.000
2021-12-18 16:05:54.122136 | GENERATION: 80 | ERRORS: best=66, median=94.5, diversity=0.46 | INDIVIDUALS: n=200, avg_genome_length=83.785 | VIRUSES: gene_rate=0.000
2021-12-18 16:05:57.186693 | GENERATION: 81 | ERRORS: best=66, median=108.0, diversity=0.455 | INDIVIDUALS: n=200, avg_genome_length=83.565 | VIRUSES: gene_rate=0.000
2021-12-18 16:06:00.620085 | GENERATION: 82 | ERRORS: best=66, median=103.0, diversity=0.42 | INDIVIDUALS: n=200, avg_genome_length=82.84 | VIRUSES: gene_rate=0.000
2021-12-18 16:06:03.613751 | GENERATION: 83 | ERRORS: best=66, median=96.0, diversity=0.46 | INDIVIDUALS: n=200, avg_genome_length=83.335 | VIRUSES: gene_rate=0.000
2021-12-18 16:06:06.530537 | GENERATION: 84 | ERRORS: best=66, median=103.0, diversity=0.455 | INDIVIDUALS: n=200, avg_genome_length=82.93 | VIRUSES: gene_rate=0.000
2021-12-18 16:06:09.324149 | GENERATION: 85 | ERRORS: best=66, median=99.0, diversity=0.385 | INDIVIDUALS: n=200, avg_genome_length=82.98 | VIRUSES: gene_rate=0.000
2021-12-18 16:06:12.438175 | GENERATION: 86 | ERRORS: best=66, median=100.0, diversity=0.415 | INDIVIDUALS: n=200, avg_genome_length=82.79 | VIRUSES: gene_rate=0.000
2021-12-18 16:06:15.997137 | GENERATION: 87 | ERRORS: best=62, median=104.5, diversity=0.45 | INDIVIDUALS: n=200, avg_genome_length=83.64 | VIRUSES: gene_rate=0.000
2021-12-18 16:06:18.650796 | GENERATION: 88 | ERRORS: best=62, median=100.0, diversity=0.43 | INDIVIDUALS: n=200, avg_genome_length=84.72 | VIRUSES: gene_rate=0.000
2021-12-18 16:06:21.448611 | GENERATION: 89 | ERRORS: best=62, median=104.0, diversity=0.49 | INDIVIDUALS: n=200, avg_genome_length=83.815 | VIRUSES: gene_rate=0.000
2021-12-18 16:06:24.416679 | GENERATION: 90 | ERRORS: best=53, median=108.0, diversity=0.48 | INDIVIDUALS: n=200, avg_genome_length=82.445 | VIRUSES: gene_rate=0.000
2021-12-18 16:06:27.645456 | GENERATION: 91 | ERRORS: best=53, median=100.5, diversity=0.48 | INDIVIDUALS: n=200, avg_genome_length=83.985 | VIRUSES: gene_rate=0.000
2021-12-18 16:06:30.441619 | GENERATION: 92 | ERRORS: best=53, median=101.0, diversity=0.495 | INDIVIDUALS: n=200, avg_genome_length=82.8 | VIRUSES: gene_rate=0.000
2021-12-18 16:06:33.150341 | GENERATION: 93 | ERRORS: best=53, median=96.0, diversity=0.465 | INDIVIDUALS: n=200, avg_genome_length=83.665 | VIRUSES: gene_rate=0.000
2021-12-18 16:06:36.162056 | GENERATION: 94 | ERRORS: best=53, median=109.0, diversity=0.535 | INDIVIDUALS: n=200, avg_genome_length=84.455 | VIRUSES: gene_rate=0.000
2021-12-18 16:06:39.067904 | GENERATION: 95 | ERRORS: best=53, median=95.0, diversity=0.485 | INDIVIDUALS: n=200, avg_genome_length=83.445 | VIRUSES: gene_rate=0.000
2021-12-18 16:06:41.936400 | GENERATION: 96 | ERRORS: best=53, median=104.0, diversity=0.48 | INDIVIDUALS: n=200, avg_genome_length=81.665 | VIRUSES: gene_rate=0.000
2021-12-18 16:06:44.682177 | GENERATION: 97 | ERRORS: best=53, median=96.5, diversity=0.555 | INDIVIDUALS: n=200, avg_genome_length=82.04 | VIRUSES: gene_rate=0.000
2021-12-18 16:06:47.433446 | GENERATION: 98 | ERRORS: best=53, median=103.0, diversity=0.585 | INDIVIDUALS: n=200, avg_genome_length=80.735 | VIRUSES: gene_rate=0.000
2021-12-18 16:06:50.180303 | GENERATION: 99 | ERRORS: best=53, median=96.0, diversity=0.53 | INDIVIDUALS: n=200, avg_genome_length=80.97 | VIRUSES: gene_rate=0.000
2021-12-18 16:06:52.874398 | GENERATION: 100 | ERRORS: best=53, median=96.0, diversity=0.555 | INDIVIDUALS: n=200, avg_genome_length=81.215 | VIRUSES: gene_rate=0.000
2021-12-18 16:06:55.601469 | GENERATION: 101 | ERRORS: best=53, median=99.0, diversity=0.57 | INDIVIDUALS: n=200, avg_genome_length=81.155 | VIRUSES: gene_rate=0.000
2021-12-18 16:06:58.076278 | GENERATION: 102 | ERRORS: best=53, median=100.0, diversity=0.525 | INDIVIDUALS: n=200, avg_genome_length=78.53 | VIRUSES: gene_rate=0.000
2021-12-18 16:07:00.877118 | GENERATION: 103 | ERRORS: best=53, median=106.0, diversity=0.555 | INDIVIDUALS: n=200, avg_genome_length=79.235 | VIRUSES: gene_rate=0.000
2021-12-18 16:07:03.733636 | GENERATION: 104 | ERRORS: best=53, median=103.0, diversity=0.56 | INDIVIDUALS: n=200, avg_genome_length=80.445 | VIRUSES: gene_rate=0.000
2021-12-18 16:07:06.563169 | GENERATION: 105 | ERRORS: best=53, median=101.5, diversity=0.605 | INDIVIDUALS: n=200, avg_genome_length=79.555 | VIRUSES: gene_rate=0.000
2021-12-18 16:07:09.488832 | GENERATION: 106 | ERRORS: best=53, median=96.5, diversity=0.51 | INDIVIDUALS: n=200, avg_genome_length=80.91 | VIRUSES: gene_rate=0.000
2021-12-18 16:07:12.143170 | GENERATION: 107 | ERRORS: best=53, median=102.5, diversity=0.545 | INDIVIDUALS: n=200, avg_genome_length=79.945 | VIRUSES: gene_rate=0.000
2021-12-18 16:07:15.059820 | GENERATION: 108 | ERRORS: best=53, median=103.0, diversity=0.5 | INDIVIDUALS: n=200, avg_genome_length=78.685 | VIRUSES: gene_rate=0.000
2021-12-18 16:07:17.916074 | GENERATION: 109 | ERRORS: best=53, median=96.0, diversity=0.495 | INDIVIDUALS: n=200, avg_genome_length=76.8 | VIRUSES: gene_rate=0.000
2021-12-18 16:07:20.537582 | GENERATION: 110 | ERRORS: best=53, median=99.0, diversity=0.555 | INDIVIDUALS: n=200, avg_genome_length=77.995 | VIRUSES: gene_rate=0.000
2021-12-18 16:07:23.181283 | GENERATION: 111 | ERRORS: best=53, median=99.0, diversity=0.575 | INDIVIDUALS: n=200, avg_genome_length=75.035 | VIRUSES: gene_rate=0.000
2021-12-18 16:07:25.884413 | GENERATION: 112 | ERRORS: best=53, median=101.0, diversity=0.52 | INDIVIDUALS: n=200, avg_genome_length=77.26 | VIRUSES: gene_rate=0.000
2021-12-18 16:07:28.599687 | GENERATION: 113 | ERRORS: best=51, median=99.5, diversity=0.62 | INDIVIDUALS: n=200, avg_genome_length=76.89 | VIRUSES: gene_rate=0.000
2021-12-18 16:07:31.539208 | GENERATION: 114 | ERRORS: best=51, median=95.5, diversity=0.545 | INDIVIDUALS: n=200, avg_genome_length=75.075 | VIRUSES: gene_rate=0.000
2021-12-18 16:07:34.536141 | GENERATION: 115 | ERRORS: best=51, median=95.0, diversity=0.535 | INDIVIDUALS: n=200, avg_genome_length=74.625 | VIRUSES: gene_rate=0.000
2021-12-18 16:07:37.420203 | GENERATION: 116 | ERRORS: best=51, median=90.0, diversity=0.555 | INDIVIDUALS: n=200, avg_genome_length=75.805 | VIRUSES: gene_rate=0.000
2021-12-18 16:07:40.135274 | GENERATION: 117 | ERRORS: best=51, median=98.0, diversity=0.51 | INDIVIDUALS: n=200, avg_genome_length=71.83 | VIRUSES: gene_rate=0.000
2021-12-18 16:07:42.748956 | GENERATION: 118 | ERRORS: best=51, median=96.0, diversity=0.53 | INDIVIDUALS: n=200, avg_genome_length=71.965 | VIRUSES: gene_rate=0.000
2021-12-18 16:07:45.202789 | GENERATION: 119 | ERRORS: best=51, median=86.0, diversity=0.53 | INDIVIDUALS: n=200, avg_genome_length=72.24 | VIRUSES: gene_rate=0.000
2021-12-18 16:07:47.806263 | GENERATION: 120 | ERRORS: best=51, median=90.0, diversity=0.57 | INDIVIDUALS: n=200, avg_genome_length=72.855 | VIRUSES: gene_rate=0.000
2021-12-18 16:07:50.515104 | GENERATION: 121 | ERRORS: best=51, median=96.0, diversity=0.61 | INDIVIDUALS: n=200, avg_genome_length=72.425 | VIRUSES: gene_rate=0.000
2021-12-18 16:07:53.200511 | GENERATION: 122 | ERRORS: best=51, median=96.0, diversity=0.615 | INDIVIDUALS: n=200, avg_genome_length=73.02 | VIRUSES: gene_rate=0.000
2021-12-18 16:07:55.961295 | GENERATION: 123 | ERRORS: best=51, median=96.0, diversity=0.595 | INDIVIDUALS: n=200, avg_genome_length=71.835 | VIRUSES: gene_rate=0.000
2021-12-18 16:07:58.683923 | GENERATION: 124 | ERRORS: best=51, median=96.0, diversity=0.585 | INDIVIDUALS: n=200, avg_genome_length=73.285 | VIRUSES: gene_rate=0.000
2021-12-18 16:08:01.375560 | GENERATION: 125 | ERRORS: best=51, median=106.5, diversity=0.605 | INDIVIDUALS: n=200, avg_genome_length=70.825 | VIRUSES: gene_rate=0.000
2021-12-18 16:08:04.294458 | GENERATION: 126 | ERRORS: best=51, median=97.0, diversity=0.625 | INDIVIDUALS: n=200, avg_genome_length=73.515 | VIRUSES: gene_rate=0.000
2021-12-18 16:08:06.784306 | GENERATION: 127 | ERRORS: best=51, median=99.0, diversity=0.61 | INDIVIDUALS: n=200, avg_genome_length=68.7 | VIRUSES: gene_rate=0.000
2021-12-18 16:08:09.138870 | GENERATION: 128 | ERRORS: best=51, median=96.0, diversity=0.565 | INDIVIDUALS: n=200, avg_genome_length=68.355 | VIRUSES: gene_rate=0.000
2021-12-18 16:08:11.725890 | GENERATION: 129 | ERRORS: best=51, median=93.5, diversity=0.58 | INDIVIDUALS: n=200, avg_genome_length=68.885 | VIRUSES: gene_rate=0.000
2021-12-18 16:08:14.086226 | GENERATION: 130 | ERRORS: best=51, median=93.0, diversity=0.505 | INDIVIDUALS: n=200, avg_genome_length=67.07 | VIRUSES: gene_rate=0.000
2021-12-18 16:08:16.327740 | GENERATION: 131 | ERRORS: best=49, median=95.5, diversity=0.605 | INDIVIDUALS: n=200, avg_genome_length=67.125 | VIRUSES: gene_rate=0.000
2021-12-18 16:08:18.815561 | GENERATION: 132 | ERRORS: best=49, median=96.0, diversity=0.545 | INDIVIDUALS: n=200, avg_genome_length=69.02 | VIRUSES: gene_rate=0.000
2021-12-18 16:08:21.405685 | GENERATION: 133 | ERRORS: best=49, median=97.0, diversity=0.525 | INDIVIDUALS: n=200, avg_genome_length=66.165 | VIRUSES: gene_rate=0.000
2021-12-18 16:08:23.885356 | GENERATION: 134 | ERRORS: best=49, median=108.5, diversity=0.635 | INDIVIDUALS: n=200, avg_genome_length=66.015 | VIRUSES: gene_rate=0.000
2021-12-18 16:08:26.492294 | GENERATION: 135 | ERRORS: best=49, median=108.0, diversity=0.595 | INDIVIDUALS: n=200, avg_genome_length=66.08 | VIRUSES: gene_rate=0.000
2021-12-18 16:08:28.806001 | GENERATION: 136 | ERRORS: best=49, median=86.5, diversity=0.56 | INDIVIDUALS: n=200, avg_genome_length=64.635 | VIRUSES: gene_rate=0.000
2021-12-18 16:08:31.241491 | GENERATION: 137 | ERRORS: best=49, median=93.5, diversity=0.595 | INDIVIDUALS: n=200, avg_genome_length=65.15 | VIRUSES: gene_rate=0.000
2021-12-18 16:08:33.789398 | GENERATION: 138 | ERRORS: best=49, median=96.0, diversity=0.595 | INDIVIDUALS: n=200, avg_genome_length=65.025 | VIRUSES: gene_rate=0.000
2021-12-18 16:08:36.307537 | GENERATION: 139 | ERRORS: best=49, median=96.0, diversity=0.585 | INDIVIDUALS: n=200, avg_genome_length=64.465 | VIRUSES: gene_rate=0.000
2021-12-18 16:08:38.886028 | GENERATION: 140 | ERRORS: best=49, median=101.5, diversity=0.59 | INDIVIDUALS: n=200, avg_genome_length=64.035 | VIRUSES: gene_rate=0.000
2021-12-18 16:08:42.274334 | GENERATION: 141 | ERRORS: best=49, median=92.0, diversity=0.535 | INDIVIDUALS: n=200, avg_genome_length=64.235 | VIRUSES: gene_rate=0.000
2021-12-18 16:08:44.722426 | GENERATION: 142 | ERRORS: best=49, median=103.5, diversity=0.58 | INDIVIDUALS: n=200, avg_genome_length=63.545 | VIRUSES: gene_rate=0.000
2021-12-18 16:08:47.501793 | GENERATION: 143 | ERRORS: best=49, median=85.5, diversity=0.505 | INDIVIDUALS: n=200, avg_genome_length=63.91 | VIRUSES: gene_rate=0.000
2021-12-18 16:08:50.115977 | GENERATION: 144 | ERRORS: best=49, median=96.0, diversity=0.61 | INDIVIDUALS: n=200, avg_genome_length=64.335 | VIRUSES: gene_rate=0.000
2021-12-18 16:08:52.613524 | GENERATION: 145 | ERRORS: best=49, median=96.0, diversity=0.65 | INDIVIDUALS: n=200, avg_genome_length=65.025 | VIRUSES: gene_rate=0.000
2021-12-18 16:08:55.034036 | GENERATION: 146 | ERRORS: best=49, median=98.5, diversity=0.61 | INDIVIDUALS: n=200, avg_genome_length=64.475 | VIRUSES: gene_rate=0.000
2021-12-18 16:08:57.344548 | GENERATION: 147 | ERRORS: best=49, median=103.0, diversity=0.61 | INDIVIDUALS: n=200, avg_genome_length=64.215 | VIRUSES: gene_rate=0.000
2021-12-18 16:08:59.494045 | GENERATION: 148 | ERRORS: best=49, median=96.0, diversity=0.6 | INDIVIDUALS: n=200, avg_genome_length=62.005 | VIRUSES: gene_rate=0.000
2021-12-18 16:09:01.971474 | GENERATION: 149 | ERRORS: best=49, median=100.0, diversity=0.57 | INDIVIDUALS: n=200, avg_genome_length=63.88 | VIRUSES: gene_rate=0.000
2021-12-18 16:09:04.017565 | GENERATION: 150 | ERRORS: best=49, median=103.0, diversity=0.575 | INDIVIDUALS: n=200, avg_genome_length=62.305 | VIRUSES: gene_rate=0.000
2021-12-18 16:09:06.268162 | GENERATION: 151 | ERRORS: best=49, median=102.0, diversity=0.58 | INDIVIDUALS: n=200, avg_genome_length=60.71 | VIRUSES: gene_rate=0.000
2021-12-18 16:09:08.465974 | GENERATION: 152 | ERRORS: best=49, median=102.0, diversity=0.57 | INDIVIDUALS: n=200, avg_genome_length=61.955 | VIRUSES: gene_rate=0.000
2021-12-18 16:09:10.755114 | GENERATION: 153 | ERRORS: best=49, median=97.0, diversity=0.535 | INDIVIDUALS: n=200, avg_genome_length=63.365 | VIRUSES: gene_rate=0.000
2021-12-18 16:09:13.259855 | GENERATION: 154 | ERRORS: best=49, median=103.5, diversity=0.575 | INDIVIDUALS: n=200, avg_genome_length=63.09 | VIRUSES: gene_rate=0.000
2021-12-18 16:09:15.362123 | GENERATION: 155 | ERRORS: best=49, median=106.0, diversity=0.58 | INDIVIDUALS: n=200, avg_genome_length=60.975 | VIRUSES: gene_rate=0.000
2021-12-18 16:09:17.846455 | GENERATION: 156 | ERRORS: best=49, median=106.0, diversity=0.585 | INDIVIDUALS: n=200, avg_genome_length=61.43 | VIRUSES: gene_rate=0.000
2021-12-18 16:09:20.229815 | GENERATION: 157 | ERRORS: best=49, median=109.0, diversity=0.61 | INDIVIDUALS: n=200, avg_genome_length=60.93 | VIRUSES: gene_rate=0.000
2021-12-18 16:09:22.673293 | GENERATION: 158 | ERRORS: best=47, median=103.5, diversity=0.625 | INDIVIDUALS: n=200, avg_genome_length=60.0 | VIRUSES: gene_rate=0.000
2021-12-18 16:09:24.913548 | GENERATION: 159 | ERRORS: best=47, median=103.0, diversity=0.575 | INDIVIDUALS: n=200, avg_genome_length=61.035 | VIRUSES: gene_rate=0.000
2021-12-18 16:09:27.154288 | GENERATION: 160 | ERRORS: best=47, median=103.0, diversity=0.615 | INDIVIDUALS: n=200, avg_genome_length=58.78 | VIRUSES: gene_rate=0.000
2021-12-18 16:09:29.313656 | GENERATION: 161 | ERRORS: best=47, median=103.0, diversity=0.61 | INDIVIDUALS: n=200, avg_genome_length=59.12 | VIRUSES: gene_rate=0.000
2021-12-18 16:09:31.532112 | GENERATION: 162 | ERRORS: best=47, median=96.0, diversity=0.605 | INDIVIDUALS: n=200, avg_genome_length=60.955 | VIRUSES: gene_rate=0.000
2021-12-18 16:09:33.695123 | GENERATION: 163 | ERRORS: best=47, median=96.0, diversity=0.515 | INDIVIDUALS: n=200, avg_genome_length=57.86 | VIRUSES: gene_rate=0.000
2021-12-18 16:09:35.893816 | GENERATION: 164 | ERRORS: best=47, median=103.0, diversity=0.595 | INDIVIDUALS: n=200, avg_genome_length=57.235 | VIRUSES: gene_rate=0.000
2021-12-18 16:09:38.081716 | GENERATION: 165 | ERRORS: best=47, median=102.0, diversity=0.655 | INDIVIDUALS: n=200, avg_genome_length=56.755 | VIRUSES: gene_rate=0.000
2021-12-18 16:09:40.334871 | GENERATION: 166 | ERRORS: best=47, median=103.0, diversity=0.59 | INDIVIDUALS: n=200, avg_genome_length=53.19 | VIRUSES: gene_rate=0.000
2021-12-18 16:09:42.664217 | GENERATION: 167 | ERRORS: best=47, median=101.0, diversity=0.57 | INDIVIDUALS: n=200, avg_genome_length=54.78 | VIRUSES: gene_rate=0.000
2021-12-18 16:09:44.958938 | GENERATION: 168 | ERRORS: best=47, median=103.5, diversity=0.595 | INDIVIDUALS: n=200, avg_genome_length=55.725 | VIRUSES: gene_rate=0.000
2021-12-18 16:09:47.166101 | GENERATION: 169 | ERRORS: best=47, median=108.0, diversity=0.6 | INDIVIDUALS: n=200, avg_genome_length=55.66 | VIRUSES: gene_rate=0.000
2021-12-18 16:09:49.336286 | GENERATION: 170 | ERRORS: best=47, median=105.0, diversity=0.59 | INDIVIDUALS: n=200, avg_genome_length=53.5 | VIRUSES: gene_rate=0.000
2021-12-18 16:09:51.552071 | GENERATION: 171 | ERRORS: best=47, median=103.0, diversity=0.59 | INDIVIDUALS: n=200, avg_genome_length=54.795 | VIRUSES: gene_rate=0.000
2021-12-18 16:09:53.678910 | GENERATION: 172 | ERRORS: best=47, median=101.0, diversity=0.59 | INDIVIDUALS: n=200, avg_genome_length=51.275 | VIRUSES: gene_rate=0.000
2021-12-18 16:09:55.845711 | GENERATION: 173 | ERRORS: best=47, median=96.0, diversity=0.58 | INDIVIDUALS: n=200, avg_genome_length=50.87 | VIRUSES: gene_rate=0.000
2021-12-18 16:09:58.029121 | GENERATION: 174 | ERRORS: best=47, median=99.0, diversity=0.545 | INDIVIDUALS: n=200, avg_genome_length=52.925 | VIRUSES: gene_rate=0.000
2021-12-18 16:10:00.265931 | GENERATION: 175 | ERRORS: best=47, median=96.5, diversity=0.59 | INDIVIDUALS: n=200, avg_genome_length=52.815 | VIRUSES: gene_rate=0.000
2021-12-18 16:10:02.580717 | GENERATION: 176 | ERRORS: best=47, median=96.0, diversity=0.62 | INDIVIDUALS: n=200, avg_genome_length=52.495 | VIRUSES: gene_rate=0.000
2021-12-18 16:10:04.805730 | GENERATION: 177 | ERRORS: best=47, median=92.0, diversity=0.65 | INDIVIDUALS: n=200, avg_genome_length=55.125 | VIRUSES: gene_rate=0.000
2021-12-18 16:10:07.015129 | GENERATION: 178 | ERRORS: best=47, median=96.0, diversity=0.7 | INDIVIDUALS: n=200, avg_genome_length=53.6 | VIRUSES: gene_rate=0.000
2021-12-18 16:10:09.335304 | GENERATION: 179 | ERRORS: best=47, median=98.0, diversity=0.625 | INDIVIDUALS: n=200, avg_genome_length=51.455 | VIRUSES: gene_rate=0.000
2021-12-18 16:10:11.830461 | GENERATION: 180 | ERRORS: best=47, median=109.0, diversity=0.685 | INDIVIDUALS: n=200, avg_genome_length=51.505 | VIRUSES: gene_rate=0.000
2021-12-18 16:10:14.459400 | GENERATION: 181 | ERRORS: best=47, median=97.0, diversity=0.64 | INDIVIDUALS: n=200, avg_genome_length=51.86 | VIRUSES: gene_rate=0.000
2021-12-18 16:10:16.777749 | GENERATION: 182 | ERRORS: best=47, median=105.0, diversity=0.64 | INDIVIDUALS: n=200, avg_genome_length=50.505 | VIRUSES: gene_rate=0.000
2021-12-18 16:10:19.085159 | GENERATION: 183 | ERRORS: best=47, median=97.0, diversity=0.66 | INDIVIDUALS: n=200, avg_genome_length=50.8 | VIRUSES: gene_rate=0.000
2021-12-18 16:10:21.313764 | GENERATION: 184 | ERRORS: best=47, median=109.0, diversity=0.64 | INDIVIDUALS: n=200, avg_genome_length=49.93 | VIRUSES: gene_rate=0.000
2021-12-18 16:10:23.391617 | GENERATION: 185 | ERRORS: best=47, median=102.0, diversity=0.63 | INDIVIDUALS: n=200, avg_genome_length=48.175 | VIRUSES: gene_rate=0.000
2021-12-18 16:10:25.495151 | GENERATION: 186 | ERRORS: best=47, median=96.0, diversity=0.65 | INDIVIDUALS: n=200, avg_genome_length=49.34 | VIRUSES: gene_rate=0.000
2021-12-18 16:10:27.676808 | GENERATION: 187 | ERRORS: best=47, median=96.0, diversity=0.575 | INDIVIDUALS: n=200, avg_genome_length=47.845 | VIRUSES: gene_rate=0.000
2021-12-18 16:10:29.817211 | GENERATION: 188 | ERRORS: best=47, median=96.0, diversity=0.66 | INDIVIDUALS: n=200, avg_genome_length=50.055 | VIRUSES: gene_rate=0.000
2021-12-18 16:10:32.147253 | GENERATION: 189 | ERRORS: best=47, median=97.5, diversity=0.68 | INDIVIDUALS: n=200, avg_genome_length=51.0 | VIRUSES: gene_rate=0.000
2021-12-18 16:10:34.343808 | GENERATION: 190 | ERRORS: best=47, median=94.5, diversity=0.66 | INDIVIDUALS: n=200, avg_genome_length=50.595 | VIRUSES: gene_rate=0.000
2021-12-18 16:10:36.657296 | GENERATION: 191 | ERRORS: best=49, median=102.0, diversity=0.64 | INDIVIDUALS: n=200, avg_genome_length=49.385 | VIRUSES: gene_rate=0.000
2021-12-18 16:10:38.641639 | GENERATION: 192 | ERRORS: best=47, median=102.0, diversity=0.63 | INDIVIDUALS: n=200, avg_genome_length=46.83 | VIRUSES: gene_rate=0.000
2021-12-18 16:10:40.843690 | GENERATION: 193 | ERRORS: best=47, median=102.5, diversity=0.64 | INDIVIDUALS: n=200, avg_genome_length=49.0 | VIRUSES: gene_rate=0.000
2021-12-18 16:10:43.079365 | GENERATION: 194 | ERRORS: best=47, median=103.0, diversity=0.65 | INDIVIDUALS: n=200, avg_genome_length=48.67 | VIRUSES: gene_rate=0.000
2021-12-18 16:10:45.570274 | GENERATION: 195 | ERRORS: best=47, median=98.5, diversity=0.68 | INDIVIDUALS: n=200, avg_genome_length=50.435 | VIRUSES: gene_rate=0.000
2021-12-18 16:10:47.997763 | GENERATION: 196 | ERRORS: best=47, median=108.0, diversity=0.685 | INDIVIDUALS: n=200, avg_genome_length=49.67 | VIRUSES: gene_rate=0.000
2021-12-18 16:10:50.105054 | GENERATION: 197 | ERRORS: best=47, median=96.0, diversity=0.58 | INDIVIDUALS: n=200, avg_genome_length=49.305 | VIRUSES: gene_rate=0.000
2021-12-18 16:10:52.465779 | GENERATION: 198 | ERRORS: best=47, median=103.0, diversity=0.66 | INDIVIDUALS: n=200, avg_genome_length=44.49 | VIRUSES: gene_rate=0.000
2021-12-18 16:10:55.043232 | GENERATION: 199 | ERRORS: best=47, median=103.0, diversity=0.64 | INDIVIDUALS: n=200, avg_genome_length=46.65 | VIRUSES: gene_rate=0.000
2021-12-18 16:10:57.655743 | GENERATION: 200 | ERRORS: best=47, median=103.5, diversity=0.62 | INDIVIDUALS: n=200, avg_genome_length=47.925 | VIRUSES: gene_rate=0.000
2021-12-18 16:10:59.945938 | GENERATION: 201 | ERRORS: best=47, median=101.5, diversity=0.665 | INDIVIDUALS: n=200, avg_genome_length=46.685 | VIRUSES: gene_rate=0.000
2021-12-18 16:11:02.404451 | GENERATION: 202 | ERRORS: best=47, median=100.0, diversity=0.63 | INDIVIDUALS: n=200, avg_genome_length=47.71 | VIRUSES: gene_rate=0.000
2021-12-18 16:11:04.770315 | GENERATION: 203 | ERRORS: best=47, median=95.0, diversity=0.675 | INDIVIDUALS: n=200, avg_genome_length=49.135 | VIRUSES: gene_rate=0.000
2021-12-18 16:11:07.340944 | GENERATION: 204 | ERRORS: best=47, median=88.0, diversity=0.605 | INDIVIDUALS: n=200, avg_genome_length=46.815 | VIRUSES: gene_rate=0.000
2021-12-18 16:11:10.111485 | GENERATION: 205 | ERRORS: best=47, median=96.0, diversity=0.59 | INDIVIDUALS: n=200, avg_genome_length=51.06 | VIRUSES: gene_rate=0.000
2021-12-18 16:11:12.473067 | GENERATION: 206 | ERRORS: best=47, median=96.5, diversity=0.63 | INDIVIDUALS: n=200, avg_genome_length=47.475 | VIRUSES: gene_rate=0.000
2021-12-18 16:11:14.895556 | GENERATION: 207 | ERRORS: best=47, median=101.5, diversity=0.7 | INDIVIDUALS: n=200, avg_genome_length=47.705 | VIRUSES: gene_rate=0.000
2021-12-18 16:11:17.407438 | GENERATION: 208 | ERRORS: best=47, median=103.0, diversity=0.625 | INDIVIDUALS: n=200, avg_genome_length=48.31 | VIRUSES: gene_rate=0.000
2021-12-18 16:11:20.413029 | GENERATION: 209 | ERRORS: best=47, median=99.5, diversity=0.625 | INDIVIDUALS: n=200, avg_genome_length=50.09 | VIRUSES: gene_rate=0.000
2021-12-18 16:11:23.180110 | GENERATION: 210 | ERRORS: best=47, median=101.5, diversity=0.605 | INDIVIDUALS: n=200, avg_genome_length=48.255 | VIRUSES: gene_rate=0.000
2021-12-18 16:11:26.083125 | GENERATION: 211 | ERRORS: best=47, median=96.0, diversity=0.59 | INDIVIDUALS: n=200, avg_genome_length=48.43 | VIRUSES: gene_rate=0.000
2021-12-18 16:11:28.923235 | GENERATION: 212 | ERRORS: best=47, median=97.5, diversity=0.57 | INDIVIDUALS: n=200, avg_genome_length=51.595 | VIRUSES: gene_rate=0.000
2021-12-18 16:11:31.498428 | GENERATION: 213 | ERRORS: best=47, median=96.0, diversity=0.595 | INDIVIDUALS: n=200, avg_genome_length=53.73 | VIRUSES: gene_rate=0.000
2021-12-18 16:11:34.001005 | GENERATION: 214 | ERRORS: best=47, median=91.5, diversity=0.575 | INDIVIDUALS: n=200, avg_genome_length=53.64 | VIRUSES: gene_rate=0.000
2021-12-18 16:11:36.315923 | GENERATION: 215 | ERRORS: best=47, median=96.5, diversity=0.615 | INDIVIDUALS: n=200, avg_genome_length=54.96 | VIRUSES: gene_rate=0.000
2021-12-18 16:11:39.022468 | GENERATION: 216 | ERRORS: best=47, median=100.5, diversity=0.6 | INDIVIDUALS: n=200, avg_genome_length=56.925 | VIRUSES: gene_rate=0.000
2021-12-18 16:11:41.483333 | GENERATION: 217 | ERRORS: best=47, median=96.0, diversity=0.59 | INDIVIDUALS: n=200, avg_genome_length=55.1 | VIRUSES: gene_rate=0.000
2021-12-18 16:11:44.087505 | GENERATION: 218 | ERRORS: best=47, median=99.0, diversity=0.555 | INDIVIDUALS: n=200, avg_genome_length=55.375 | VIRUSES: gene_rate=0.000
2021-12-18 16:11:46.687906 | GENERATION: 219 | ERRORS: best=47, median=96.0, diversity=0.535 | INDIVIDUALS: n=200, avg_genome_length=56.275 | VIRUSES: gene_rate=0.000
2021-12-18 16:11:49.544298 | GENERATION: 220 | ERRORS: best=47, median=85.0, diversity=0.52 | INDIVIDUALS: n=200, avg_genome_length=55.055 | VIRUSES: gene_rate=0.000
2021-12-18 16:11:52.852687 | GENERATION: 221 | ERRORS: best=47, median=96.0, diversity=0.645 | INDIVIDUALS: n=200, avg_genome_length=54.125 | VIRUSES: gene_rate=0.000
2021-12-18 16:11:55.812875 | GENERATION: 222 | ERRORS: best=47, median=93.5, diversity=0.61 | INDIVIDUALS: n=200, avg_genome_length=54.19 | VIRUSES: gene_rate=0.000
2021-12-18 16:11:58.766728 | GENERATION: 223 | ERRORS: best=47, median=96.0, diversity=0.55 | INDIVIDUALS: n=200, avg_genome_length=54.505 | VIRUSES: gene_rate=0.000
2021-12-18 16:12:01.331465 | GENERATION: 224 | ERRORS: best=47, median=96.0, diversity=0.53 | INDIVIDUALS: n=200, avg_genome_length=52.6 | VIRUSES: gene_rate=0.000
2021-12-18 16:12:03.754943 | GENERATION: 225 | ERRORS: best=47, median=88.5, diversity=0.575 | INDIVIDUALS: n=200, avg_genome_length=53.185 | VIRUSES: gene_rate=0.000
2021-12-18 16:12:06.162899 | GENERATION: 226 | ERRORS: best=47, median=93.0, diversity=0.625 | INDIVIDUALS: n=200, avg_genome_length=51.625 | VIRUSES: gene_rate=0.000
2021-12-18 16:12:08.669597 | GENERATION: 227 | ERRORS: best=47, median=93.5, diversity=0.655 | INDIVIDUALS: n=200, avg_genome_length=51.71 | VIRUSES: gene_rate=0.000
2021-12-18 16:12:11.367760 | GENERATION: 228 | ERRORS: best=47, median=98.5, diversity=0.635 | INDIVIDUALS: n=200, avg_genome_length=50.19 | VIRUSES: gene_rate=0.000
2021-12-18 16:12:14.058784 | GENERATION: 229 | ERRORS: best=47, median=96.0, diversity=0.66 | INDIVIDUALS: n=200, avg_genome_length=50.985 | VIRUSES: gene_rate=0.000
2021-12-18 16:12:16.562678 | GENERATION: 230 | ERRORS: best=47, median=90.5, diversity=0.64 | INDIVIDUALS: n=200, avg_genome_length=51.61 | VIRUSES: gene_rate=0.000
2021-12-18 16:12:19.173081 | GENERATION: 231 | ERRORS: best=47, median=100.0, diversity=0.645 | INDIVIDUALS: n=200, avg_genome_length=51.775 | VIRUSES: gene_rate=0.000
2021-12-18 16:12:21.903551 | GENERATION: 232 | ERRORS: best=47, median=96.0, diversity=0.585 | INDIVIDUALS: n=200, avg_genome_length=51.96 | VIRUSES: gene_rate=0.000
2021-12-18 16:12:24.466024 | GENERATION: 233 | ERRORS: best=47, median=98.0, diversity=0.59 | INDIVIDUALS: n=200, avg_genome_length=49.955 | VIRUSES: gene_rate=0.000
2021-12-18 16:12:26.957580 | GENERATION: 234 | ERRORS: best=47, median=98.0, diversity=0.595 | INDIVIDUALS: n=200, avg_genome_length=52.335 | VIRUSES: gene_rate=0.000
2021-12-18 16:12:29.679948 | GENERATION: 235 | ERRORS: best=45, median=105.0, diversity=0.605 | INDIVIDUALS: n=200, avg_genome_length=52.04 | VIRUSES: gene_rate=0.000
2021-12-18 16:12:32.392982 | GENERATION: 236 | ERRORS: best=45, median=102.5, diversity=0.665 | INDIVIDUALS: n=200, avg_genome_length=52.82 | VIRUSES: gene_rate=0.000
2021-12-18 16:12:35.062242 | GENERATION: 237 | ERRORS: best=45, median=104.5, diversity=0.645 | INDIVIDUALS: n=200, avg_genome_length=51.41 | VIRUSES: gene_rate=0.000
2021-12-18 16:12:37.694393 | GENERATION: 238 | ERRORS: best=45, median=99.5, diversity=0.58 | INDIVIDUALS: n=200, avg_genome_length=51.705 | VIRUSES: gene_rate=0.000
2021-12-18 16:12:40.097202 | GENERATION: 239 | ERRORS: best=45, median=96.5, diversity=0.525 | INDIVIDUALS: n=200, avg_genome_length=50.45 | VIRUSES: gene_rate=0.000
2021-12-18 16:12:43.109992 | GENERATION: 240 | ERRORS: best=45, median=95.5, diversity=0.56 | INDIVIDUALS: n=200, avg_genome_length=52.045 | VIRUSES: gene_rate=0.000
2021-12-18 16:12:45.611002 | GENERATION: 241 | ERRORS: best=45, median=95.0, diversity=0.635 | INDIVIDUALS: n=200, avg_genome_length=49.19 | VIRUSES: gene_rate=0.000
2021-12-18 16:12:48.068232 | GENERATION: 242 | ERRORS: best=45, median=103.0, diversity=0.635 | INDIVIDUALS: n=200, avg_genome_length=53.135 | VIRUSES: gene_rate=0.000
2021-12-18 16:12:50.716790 | GENERATION: 243 | ERRORS: best=45, median=98.0, diversity=0.625 | INDIVIDUALS: n=200, avg_genome_length=51.695 | VIRUSES: gene_rate=0.000
2021-12-18 16:12:53.125137 | GENERATION: 244 | ERRORS: best=45, median=98.5, diversity=0.63 | INDIVIDUALS: n=200, avg_genome_length=47.045 | VIRUSES: gene_rate=0.000
2021-12-18 16:12:55.666423 | GENERATION: 245 | ERRORS: best=45, median=100.5, diversity=0.63 | INDIVIDUALS: n=200, avg_genome_length=47.3 | VIRUSES: gene_rate=0.000
2021-12-18 16:12:58.309559 | GENERATION: 246 | ERRORS: best=45, median=100.0, diversity=0.585 | INDIVIDUALS: n=200, avg_genome_length=49.135 | VIRUSES: gene_rate=0.000
2021-12-18 16:13:00.802149 | GENERATION: 247 | ERRORS: best=45, median=103.0, diversity=0.6 | INDIVIDUALS: n=200, avg_genome_length=49.62 | VIRUSES: gene_rate=0.000
2021-12-18 16:13:03.514709 | GENERATION: 248 | ERRORS: best=45, median=102.0, diversity=0.66 | INDIVIDUALS: n=200, avg_genome_length=50.54 | VIRUSES: gene_rate=0.000
2021-12-18 16:13:06.031441 | GENERATION: 249 | ERRORS: best=45, median=96.0, diversity=0.625 | INDIVIDUALS: n=200, avg_genome_length=49.055 | VIRUSES: gene_rate=0.000
2021-12-18 16:13:08.432497 | GENERATION: 250 | ERRORS: best=45, median=102.5, diversity=0.625 | INDIVIDUALS: n=200, avg_genome_length=47.915 | VIRUSES: gene_rate=0.000
2021-12-18 16:13:10.906074 | GENERATION: 251 | ERRORS: best=45, median=101.5, diversity=0.58 | INDIVIDUALS: n=200, avg_genome_length=49.4 | VIRUSES: gene_rate=0.000
2021-12-18 16:13:13.447764 | GENERATION: 252 | ERRORS: best=45, median=106.5, diversity=0.65 | INDIVIDUALS: n=200, avg_genome_length=47.12 | VIRUSES: gene_rate=0.000
2021-12-18 16:13:15.929763 | GENERATION: 253 | ERRORS: best=45, median=99.0, diversity=0.575 | INDIVIDUALS: n=200, avg_genome_length=49.32 | VIRUSES: gene_rate=0.000
2021-12-18 16:13:18.594967 | GENERATION: 254 | ERRORS: best=45, median=102.0, diversity=0.64 | INDIVIDUALS: n=200, avg_genome_length=53.0 | VIRUSES: gene_rate=0.000
2021-12-18 16:13:21.220482 | GENERATION: 255 | ERRORS: best=45, median=97.0, diversity=0.66 | INDIVIDUALS: n=200, avg_genome_length=51.27 | VIRUSES: gene_rate=0.000
2021-12-18 16:13:23.955691 | GENERATION: 256 | ERRORS: best=45, median=106.0, diversity=0.655 | INDIVIDUALS: n=200, avg_genome_length=54.845 | VIRUSES: gene_rate=0.000
2021-12-18 16:13:26.645924 | GENERATION: 257 | ERRORS: best=45, median=95.0, diversity=0.595 | INDIVIDUALS: n=200, avg_genome_length=51.21 | VIRUSES: gene_rate=0.000
2021-12-18 16:13:29.148094 | GENERATION: 258 | ERRORS: best=43, median=99.0, diversity=0.625 | INDIVIDUALS: n=200, avg_genome_length=49.67 | VIRUSES: gene_rate=0.000
2021-12-18 16:13:31.777951 | GENERATION: 259 | ERRORS: best=43, median=103.5, diversity=0.655 | INDIVIDUALS: n=200, avg_genome_length=48.45 | VIRUSES: gene_rate=0.000
2021-12-18 16:13:34.336801 | GENERATION: 260 | ERRORS: best=43, median=96.0, diversity=0.645 | INDIVIDUALS: n=200, avg_genome_length=47.985 | VIRUSES: gene_rate=0.000
2021-12-18 16:13:36.927802 | GENERATION: 261 | ERRORS: best=43, median=91.5, diversity=0.65 | INDIVIDUALS: n=200, avg_genome_length=50.07 | VIRUSES: gene_rate=0.000
2021-12-18 16:13:39.481227 | GENERATION: 262 | ERRORS: best=43, median=94.0, diversity=0.66 | INDIVIDUALS: n=200, avg_genome_length=49.94 | VIRUSES: gene_rate=0.000
2021-12-18 16:13:41.999860 | GENERATION: 263 | ERRORS: best=43, median=103.0, diversity=0.67 | INDIVIDUALS: n=200, avg_genome_length=49.91 | VIRUSES: gene_rate=0.000
2021-12-18 16:13:44.482729 | GENERATION: 264 | ERRORS: best=39, median=98.0, diversity=0.735 | INDIVIDUALS: n=200, avg_genome_length=47.665 | VIRUSES: gene_rate=0.000
2021-12-18 16:13:46.968931 | GENERATION: 265 | ERRORS: best=39, median=96.0, diversity=0.68 | INDIVIDUALS: n=200, avg_genome_length=47.17 | VIRUSES: gene_rate=0.000
2021-12-18 16:13:49.578204 | GENERATION: 266 | ERRORS: best=39, median=107.5, diversity=0.765 | INDIVIDUALS: n=200, avg_genome_length=49.945 | VIRUSES: gene_rate=0.000
2021-12-18 16:13:52.135459 | GENERATION: 267 | ERRORS: best=39, median=109.0, diversity=0.73 | INDIVIDUALS: n=200, avg_genome_length=51.135 | VIRUSES: gene_rate=0.000
2021-12-18 16:13:54.720290 | GENERATION: 268 | ERRORS: best=39, median=100.5, diversity=0.665 | INDIVIDUALS: n=200, avg_genome_length=48.85 | VIRUSES: gene_rate=0.000
2021-12-18 16:13:57.321504 | GENERATION: 269 | ERRORS: best=39, median=93.0, diversity=0.74 | INDIVIDUALS: n=200, avg_genome_length=52.59 | VIRUSES: gene_rate=0.000
2021-12-18 16:13:59.979087 | GENERATION: 270 | ERRORS: best=39, median=96.0, diversity=0.655 | INDIVIDUALS: n=200, avg_genome_length=51.635 | VIRUSES: gene_rate=0.000
2021-12-18 16:14:02.677147 | GENERATION: 271 | ERRORS: best=39, median=102.0, diversity=0.705 | INDIVIDUALS: n=200, avg_genome_length=51.69 | VIRUSES: gene_rate=0.000
2021-12-18 16:14:05.137246 | GENERATION: 272 | ERRORS: best=39, median=96.0, diversity=0.715 | INDIVIDUALS: n=200, avg_genome_length=48.75 | VIRUSES: gene_rate=0.000
2021-12-18 16:14:07.766855 | GENERATION: 273 | ERRORS: best=39, median=95.0, diversity=0.71 | INDIVIDUALS: n=200, avg_genome_length=47.89 | VIRUSES: gene_rate=0.000
2021-12-18 16:14:10.334279 | GENERATION: 274 | ERRORS: best=38, median=96.0, diversity=0.765 | INDIVIDUALS: n=200, avg_genome_length=49.33 | VIRUSES: gene_rate=0.000
2021-12-18 16:14:12.845236 | GENERATION: 275 | ERRORS: best=38, median=93.5, diversity=0.735 | INDIVIDUALS: n=200, avg_genome_length=48.52 | VIRUSES: gene_rate=0.000
2021-12-18 16:14:15.433076 | GENERATION: 276 | ERRORS: best=38, median=99.0, diversity=0.7 | INDIVIDUALS: n=200, avg_genome_length=50.93 | VIRUSES: gene_rate=0.000
2021-12-18 16:14:18.112605 | GENERATION: 277 | ERRORS: best=38, median=103.5, diversity=0.73 | INDIVIDUALS: n=200, avg_genome_length=50.685 | VIRUSES: gene_rate=0.000
2021-12-18 16:14:20.800643 | GENERATION: 278 | ERRORS: best=38, median=108.5, diversity=0.71 | INDIVIDUALS: n=200, avg_genome_length=49.52 | VIRUSES: gene_rate=0.000
2021-12-18 16:14:23.202392 | GENERATION: 279 | ERRORS: best=38, median=106.0, diversity=0.735 | INDIVIDUALS: n=200, avg_genome_length=48.22 | VIRUSES: gene_rate=0.000
2021-12-18 16:14:25.749640 | GENERATION: 280 | ERRORS: best=38, median=99.0, diversity=0.645 | INDIVIDUALS: n=200, avg_genome_length=49.775 | VIRUSES: gene_rate=0.000
2021-12-18 16:14:28.219958 | GENERATION: 281 | ERRORS: best=38, median=93.0, diversity=0.69 | INDIVIDUALS: n=200, avg_genome_length=53.92 | VIRUSES: gene_rate=0.000
2021-12-18 16:14:30.606486 | GENERATION: 282 | ERRORS: best=38, median=88.5, diversity=0.625 | INDIVIDUALS: n=200, avg_genome_length=52.43 | VIRUSES: gene_rate=0.000
2021-12-18 16:14:32.953994 | GENERATION: 283 | ERRORS: best=38, median=91.5, diversity=0.69 | INDIVIDUALS: n=200, avg_genome_length=50.565 | VIRUSES: gene_rate=0.000
2021-12-18 16:14:35.402383 | GENERATION: 284 | ERRORS: best=38, median=103.0, diversity=0.645 | INDIVIDUALS: n=200, avg_genome_length=49.865 | VIRUSES: gene_rate=0.000
2021-12-18 16:14:37.969513 | GENERATION: 285 | ERRORS: best=39, median=108.0, diversity=0.72 | INDIVIDUALS: n=200, avg_genome_length=51.91 | VIRUSES: gene_rate=0.000
2021-12-18 16:14:40.545788 | GENERATION: 286 | ERRORS: best=39, median=89.0, diversity=0.64 | INDIVIDUALS: n=200, avg_genome_length=53.04 | VIRUSES: gene_rate=0.000
2021-12-18 16:14:43.050178 | GENERATION: 287 | ERRORS: best=39, median=98.0, diversity=0.635 | INDIVIDUALS: n=200, avg_genome_length=53.03 | VIRUSES: gene_rate=0.000
2021-12-18 16:14:45.617494 | GENERATION: 288 | ERRORS: best=45, median=103.5, diversity=0.64 | INDIVIDUALS: n=200, avg_genome_length=50.97 | VIRUSES: gene_rate=0.000
2021-12-18 16:14:48.101764 | GENERATION: 289 | ERRORS: best=44, median=104.5, diversity=0.59 | INDIVIDUALS: n=200, avg_genome_length=48.65 | VIRUSES: gene_rate=0.000
2021-12-18 16:14:50.665851 | GENERATION: 290 | ERRORS: best=44, median=94.5, diversity=0.56 | INDIVIDUALS: n=200, avg_genome_length=46.43 | VIRUSES: gene_rate=0.000
2021-12-18 16:14:53.237319 | GENERATION: 291 | ERRORS: best=44, median=104.0, diversity=0.7 | INDIVIDUALS: n=200, avg_genome_length=49.44 | VIRUSES: gene_rate=0.000
2021-12-18 16:14:55.817360 | GENERATION: 292 | ERRORS: best=44, median=104.0, diversity=0.675 | INDIVIDUALS: n=200, avg_genome_length=52.805 | VIRUSES: gene_rate=0.000
2021-12-18 16:14:58.512531 | GENERATION: 293 | ERRORS: best=44, median=103.0, diversity=0.655 | INDIVIDUALS: n=200, avg_genome_length=50.095 | VIRUSES: gene_rate=0.000
2021-12-18 16:15:01.413394 | GENERATION: 294 | ERRORS: best=44, median=97.0, diversity=0.63 | INDIVIDUALS: n=200, avg_genome_length=48.9 | VIRUSES: gene_rate=0.000
2021-12-18 16:15:04.165092 | GENERATION: 295 | ERRORS: best=44, median=89.5, diversity=0.615 | INDIVIDUALS: n=200, avg_genome_length=49.25 | VIRUSES: gene_rate=0.000
2021-12-18 16:15:06.784027 | GENERATION: 296 | ERRORS: best=44, median=98.5, diversity=0.645 | INDIVIDUALS: n=200, avg_genome_length=49.005 | VIRUSES: gene_rate=0.000
2021-12-18 16:15:09.285177 | GENERATION: 297 | ERRORS: best=44, median=103.0, diversity=0.675 | INDIVIDUALS: n=200, avg_genome_length=47.35 | VIRUSES: gene_rate=0.000
2021-12-18 16:15:11.775843 | GENERATION: 298 | ERRORS: best=44, median=98.5, diversity=0.565 | INDIVIDUALS: n=200, avg_genome_length=49.455 | VIRUSES: gene_rate=0.000
2021-12-18 16:15:14.390830 | GENERATION: 299 | ERRORS: best=44, median=97.5, diversity=0.63 | INDIVIDUALS: n=200, avg_genome_length=47.345 | VIRUSES: gene_rate=0.000
2021-12-18 16:15:16.828580 | GENERATION: 300 | ERRORS: best=44, median=103.5, diversity=0.645 | INDIVIDUALS: n=200, avg_genome_length=50.025 | VIRUSES: gene_rate=0.000
Simplifying genome of length 47 with total error 38.
Simplified genome by 1 to length 46.
Simplified genome by 1 to length 45.
Simplified genome by 1 to length 44.
Simplified genome by 1 to length 43.
Simplified genome by 1 to length 42.
Simplified genome by 1 to length 41.
Simplified genome by 1 to length 40.
Simplified genome by 3 to length 37.
Simplified genome to length 37 and total error 38.
========================================
End Run
========================================
No solution found.
Best Seen Individual
	Genome:
	 pvector([Literal(value=2, push_type=<pyshgp.push.types.PushIntType object at 0x7fe60ee67640>), InstructionMeta(name='exec_shove_dup', code_blocks=1), Input(input_index=1), InstructionMeta(name='exec_if', code_blocks=2), Input(input_index=2), Input(input_index=0), Input(input_index=1), InstructionMeta(name='exec_yank', code_blocks=0), InstructionMeta(name='int_shove_dup', code_blocks=0), InstructionMeta(name='int_div', code_blocks=0), InstructionMeta(name='int_yank', code_blocks=0), InstructionMeta(name='print_int', code_blocks=0), InstructionMeta(name='int_inc', code_blocks=0), InstructionMeta(name='bool_and', code_blocks=0), InstructionMeta(name='exec_flush', code_blocks=0), Literal(value=2, push_type=<pyshgp.push.types.PushIntType object at 0x7fe60ee676a0>), InstructionMeta(name='bool_and', code_blocks=0), Literal(value=2000, push_type=<pyshgp.push.types.PushIntType object at 0x7fe6101d4e50>), Input(input_index=0), Literal(value=2000, push_type=<pyshgp.push.types.PushIntType object at 0x7fe6101d4eb0>), InstructionMeta(name='int_gte', code_blocks=0), InstructionMeta(name='int_rot', code_blocks=0), InstructionMeta(name='int_gte', code_blocks=0), Input(input_index=0), Literal(value=1000, push_type=<pyshgp.push.types.PushIntType object at 0x7fe6101d4f10>), InstructionMeta(name='int_lt', code_blocks=0), Closer(), Closer(), InstructionMeta(name='int_lt', code_blocks=0), Literal(value=2000, push_type=<pyshgp.push.types.PushIntType object at 0x7fe6101d4f70>), InstructionMeta(name='int_eq', code_blocks=0), InstructionMeta(name='bool_and', code_blocks=0), InstructionMeta(name='int_lt', code_blocks=0), Literal(value=1, push_type=<pyshgp.push.types.PushIntType object at 0x7fe6101d4fd0>), Input(input_index=1), InstructionMeta(name='int_lt', code_blocks=0), InstructionMeta(name='int_mod', code_blocks=0)])
	Program:
	 (2 exec_shove_dup (input_1 exec_if (input_2 input_0 input_1 exec_yank int_shove_dup int_div int_yank print_int int_inc bool_and exec_flush 2 bool_and 2000 input_0 2000 int_gte int_rot int_gte input_0 1000 int_lt) () int_lt 2000 int_eq bool_and int_lt 1 input_1 int_lt int_mod))
	Error vector:
	 [0 0 0 2 0 0 0 0 0 0 0 0 0 0 0 0 0 0 0 0 0 0 0 0 0 0 0 0 0 0 0 0 2 0 2 1 0
 0 2 0 0 2 2 0 0 0 2 2 0 0 0 0 0 0 0 0 0 2 0 1 0 0 0 1 0 2 0 0 0 2 0 0 0 2
 0 0 0 0 0 0 0 0 2 0 0 0 2 2 0 0 0 0 0 0 2 1 2 0 0 0]
	Total error:
	 38
	Test error:
	 687
	Time:
	 00:13:49
