Included 0 edge cases.
Included 100 random cases.
Included 100 cases in total.
Finished formatting.
Included 0 edge cases.
Included 1000 random cases.
Included 1000 cases in total.
Finished formatting.
========================================
Setup
========================================
Search Configuration:
signature: ProgramSignature(output_stacks=['stdout'], arity=3, push_config=PushConfig(numeric_magnitude_limit=1000000000000.0, collection_size_cap=1000, growth_cap=500, runtime_limit=10, step_limit=200))
evaluator: <pyshgp.gp.evaluation.DatasetEvaluator object at 0x7f9867b7ec40>
spawner: <pyshgp.gp.genome.GeneSpawner object at 0x7f9867b7eeb0>
population_size: 200
max_generations: 300
error_threshold: 0.0
initial_genome_size: (20, 100)
simplification_steps: 500
parallel_context: <pyshgp.gp.search.ParallelContext object at 0x7f9867b7e640>
selection: <pyshgp.utils.DiscreteProbDistrib object at 0x7f9860948700>
variation: <pyshgp.utils.DiscreteProbDistrib object at 0x7f9860948d80>
Instructions:
int_add, int_sub, int_mult, int_div, int_mod, int_min, int_max, int_inc, int_dec, int_lt, int_lte, int_gt, int_gte, int_from_bool, bool_and, bool_or, bool_not, bool_xor, bool_invert_first_then_and, bool_second_first_then_and, bool_from_int, noop, noop_open, exec_do_range, exec_do_count, exec_while, exec_do_while, exec_if, exec_when, print_bool, println_bool, print_int, println_int, print_exec, println_exec, bool_pop, bool_dup, bool_dup_times, bool_swap, bool_rot, bool_flush, bool_eq, bool_stack_depth, bool_yank, bool_yank_dup, bool_shove, bool_shove_dup, bool_is_empty, int_pop, int_dup, int_dup_times, int_swap, int_rot, int_flush, int_eq, int_stack_depth, int_yank, int_yank_dup, int_shove, int_shove_dup, int_is_empty, exec_pop, exec_dup, exec_dup_times, exec_swap, exec_rot, exec_flush, exec_eq, exec_stack_depth, exec_yank, exec_yank_dup, exec_shove, exec_shove_dup, exec_is_empty
Literals:
[]
ERC Generators:
[<function rand_int at 0x7f9867b81e50>]
========================================
Start Run
========================================
2021-12-17 02:17:18.091102 | GENERATION: 1 | ERRORS: best=168, median=4880.0, diversity=0.24 | INDIVIDUALS: n=200, avg_genome_length=58.225
2021-12-17 02:17:24.027163 | GENERATION: 2 | ERRORS: best=95, median=237.0, diversity=0.605 | INDIVIDUALS: n=200, avg_genome_length=72.415
2021-12-17 02:17:28.443930 | GENERATION: 3 | ERRORS: best=95, median=237.0, diversity=0.555 | INDIVIDUALS: n=200, avg_genome_length=70.455
2021-12-17 02:17:32.852224 | GENERATION: 4 | ERRORS: best=95, median=237.0, diversity=0.59 | INDIVIDUALS: n=200, avg_genome_length=68.77
2021-12-17 02:17:37.107653 | GENERATION: 5 | ERRORS: best=95, median=237.0, diversity=0.47 | INDIVIDUALS: n=200, avg_genome_length=67.195
2021-12-17 02:17:41.314854 | GENERATION: 6 | ERRORS: best=95, median=229.5, diversity=0.425 | INDIVIDUALS: n=200, avg_genome_length=68.325
2021-12-17 02:17:44.917819 | GENERATION: 7 | ERRORS: best=95, median=237.0, diversity=0.445 | INDIVIDUALS: n=200, avg_genome_length=64.59
2021-12-17 02:17:48.417541 | GENERATION: 8 | ERRORS: best=95, median=215.0, diversity=0.38 | INDIVIDUALS: n=200, avg_genome_length=63.475
2021-12-17 02:17:52.047659 | GENERATION: 9 | ERRORS: best=95, median=222.5, diversity=0.38 | INDIVIDUALS: n=200, avg_genome_length=61.95
2021-12-17 02:17:55.478355 | GENERATION: 10 | ERRORS: best=95, median=237.0, diversity=0.39 | INDIVIDUALS: n=200, avg_genome_length=58.935
2021-12-17 02:17:59.006783 | GENERATION: 11 | ERRORS: best=95, median=231.0, diversity=0.39 | INDIVIDUALS: n=200, avg_genome_length=57.935
2021-12-17 02:18:02.385643 | GENERATION: 12 | ERRORS: best=95, median=199.0, diversity=0.41 | INDIVIDUALS: n=200, avg_genome_length=54.21
2021-12-17 02:18:05.597463 | GENERATION: 13 | ERRORS: best=95, median=217.0, diversity=0.435 | INDIVIDUALS: n=200, avg_genome_length=53.565
2021-12-17 02:18:08.527143 | GENERATION: 14 | ERRORS: best=95, median=237.0, diversity=0.405 | INDIVIDUALS: n=200, avg_genome_length=52.675
2021-12-17 02:18:11.799634 | GENERATION: 15 | ERRORS: best=95, median=213.0, diversity=0.38 | INDIVIDUALS: n=200, avg_genome_length=49.91
2021-12-17 02:18:14.957056 | GENERATION: 16 | ERRORS: best=95, median=237.0, diversity=0.4 | INDIVIDUALS: n=200, avg_genome_length=45.27
2021-12-17 02:18:17.808748 | GENERATION: 17 | ERRORS: best=95, median=237.0, diversity=0.31 | INDIVIDUALS: n=200, avg_genome_length=42.37
2021-12-17 02:18:20.564144 | GENERATION: 18 | ERRORS: best=92, median=211.0, diversity=0.325 | INDIVIDUALS: n=200, avg_genome_length=40.055
2021-12-17 02:18:23.068904 | GENERATION: 19 | ERRORS: best=92, median=126.0, diversity=0.265 | INDIVIDUALS: n=200, avg_genome_length=37.61
2021-12-17 02:18:25.342220 | GENERATION: 20 | ERRORS: best=92, median=186.5, diversity=0.305 | INDIVIDUALS: n=200, avg_genome_length=35.17
2021-12-17 02:18:27.560518 | GENERATION: 21 | ERRORS: best=92, median=214.5, diversity=0.31 | INDIVIDUALS: n=200, avg_genome_length=32.935
2021-12-17 02:18:29.799968 | GENERATION: 22 | ERRORS: best=92, median=222.5, diversity=0.295 | INDIVIDUALS: n=200, avg_genome_length=31.265
2021-12-17 02:18:31.956144 | GENERATION: 23 | ERRORS: best=92, median=128.0, diversity=0.27 | INDIVIDUALS: n=200, avg_genome_length=29.94
2021-12-17 02:18:33.972787 | GENERATION: 24 | ERRORS: best=92, median=237.0, diversity=0.295 | INDIVIDUALS: n=200, avg_genome_length=29.96
2021-12-17 02:18:36.223353 | GENERATION: 25 | ERRORS: best=92, median=158.0, diversity=0.305 | INDIVIDUALS: n=200, avg_genome_length=29.63
2021-12-17 02:18:38.050181 | GENERATION: 26 | ERRORS: best=92, median=126.0, diversity=0.23 | INDIVIDUALS: n=200, avg_genome_length=27.245
2021-12-17 02:18:40.005456 | GENERATION: 27 | ERRORS: best=92, median=224.5, diversity=0.26 | INDIVIDUALS: n=200, avg_genome_length=25.88
2021-12-17 02:18:41.802451 | GENERATION: 28 | ERRORS: best=92, median=237.0, diversity=0.3 | INDIVIDUALS: n=200, avg_genome_length=23.155
2021-12-17 02:18:43.835731 | GENERATION: 29 | ERRORS: best=90, median=237.0, diversity=0.305 | INDIVIDUALS: n=200, avg_genome_length=23.155
2021-12-17 02:18:45.767941 | GENERATION: 30 | ERRORS: best=90, median=175.5, diversity=0.35 | INDIVIDUALS: n=200, avg_genome_length=22.895
2021-12-17 02:18:47.449614 | GENERATION: 31 | ERRORS: best=83, median=165.0, diversity=0.315 | INDIVIDUALS: n=200, avg_genome_length=21.015
2021-12-17 02:18:49.217952 | GENERATION: 32 | ERRORS: best=83, median=237.0, diversity=0.32 | INDIVIDUALS: n=200, avg_genome_length=20.875
2021-12-17 02:18:50.775355 | GENERATION: 33 | ERRORS: best=83, median=237.0, diversity=0.29 | INDIVIDUALS: n=200, avg_genome_length=18.4
2021-12-17 02:18:52.798395 | GENERATION: 34 | ERRORS: best=83, median=237.0, diversity=0.26 | INDIVIDUALS: n=200, avg_genome_length=16.275
2021-12-17 02:18:54.652521 | GENERATION: 35 | ERRORS: best=83, median=237.0, diversity=0.25 | INDIVIDUALS: n=200, avg_genome_length=14.63
2021-12-17 02:18:56.156436 | GENERATION: 36 | ERRORS: best=92, median=237.0, diversity=0.195 | INDIVIDUALS: n=200, avg_genome_length=13.085
2021-12-17 02:18:57.846832 | GENERATION: 37 | ERRORS: best=83, median=237.0, diversity=0.22 | INDIVIDUALS: n=200, avg_genome_length=13.265
2021-12-17 02:18:59.570885 | GENERATION: 38 | ERRORS: best=83, median=237.0, diversity=0.165 | INDIVIDUALS: n=200, avg_genome_length=13.83
2021-12-17 02:19:01.375680 | GENERATION: 39 | ERRORS: best=83, median=237.0, diversity=0.215 | INDIVIDUALS: n=200, avg_genome_length=15.26
2021-12-17 02:19:03.511794 | GENERATION: 40 | ERRORS: best=83, median=214.5, diversity=0.28 | INDIVIDUALS: n=200, avg_genome_length=17.26
2021-12-17 02:19:05.704534 | GENERATION: 41 | ERRORS: best=83, median=218.0, diversity=0.255 | INDIVIDUALS: n=200, avg_genome_length=16.93
2021-12-17 02:19:07.945881 | GENERATION: 42 | ERRORS: best=83, median=156.0, diversity=0.235 | INDIVIDUALS: n=200, avg_genome_length=16.34
2021-12-17 02:19:10.254675 | GENERATION: 43 | ERRORS: best=80, median=237.0, diversity=0.275 | INDIVIDUALS: n=200, avg_genome_length=14.43
2021-12-17 02:19:12.766453 | GENERATION: 44 | ERRORS: best=83, median=237.0, diversity=0.245 | INDIVIDUALS: n=200, avg_genome_length=13.555
2021-12-17 02:19:14.941678 | GENERATION: 45 | ERRORS: best=83, median=237.0, diversity=0.19 | INDIVIDUALS: n=200, avg_genome_length=10.52
2021-12-17 02:19:16.923364 | GENERATION: 46 | ERRORS: best=83, median=237.0, diversity=0.16 | INDIVIDUALS: n=200, avg_genome_length=9.045
2021-12-17 02:19:18.824767 | GENERATION: 47 | ERRORS: best=92, median=237.0, diversity=0.105 | INDIVIDUALS: n=200, avg_genome_length=7.335
2021-12-17 02:19:20.637994 | GENERATION: 48 | ERRORS: best=92, median=237.0, diversity=0.095 | INDIVIDUALS: n=200, avg_genome_length=7.28
2021-12-17 02:19:21.727226 | GENERATION: 49 | ERRORS: best=63, median=237.0, diversity=0.11 | INDIVIDUALS: n=200, avg_genome_length=7.24
2021-12-17 02:19:22.772851 | GENERATION: 50 | ERRORS: best=63, median=237.0, diversity=0.13 | INDIVIDUALS: n=200, avg_genome_length=9.03
2021-12-17 02:19:23.873184 | GENERATION: 51 | ERRORS: best=63, median=237.0, diversity=0.13 | INDIVIDUALS: n=200, avg_genome_length=9.67
2021-12-17 02:19:25.004928 | GENERATION: 52 | ERRORS: best=63, median=237.0, diversity=0.15 | INDIVIDUALS: n=200, avg_genome_length=9.555
2021-12-17 02:19:26.256614 | GENERATION: 53 | ERRORS: best=51, median=237.0, diversity=0.16 | INDIVIDUALS: n=200, avg_genome_length=10.1
2021-12-17 02:19:27.322228 | GENERATION: 54 | ERRORS: best=51, median=237.0, diversity=0.215 | INDIVIDUALS: n=200, avg_genome_length=9.585
2021-12-17 02:19:28.523542 | GENERATION: 55 | ERRORS: best=48, median=216.5, diversity=0.24 | INDIVIDUALS: n=200, avg_genome_length=9.22
2021-12-17 02:19:29.529672 | GENERATION: 56 | ERRORS: best=48, median=215.5, diversity=0.195 | INDIVIDUALS: n=200, avg_genome_length=9.045
2021-12-17 02:19:30.637751 | GENERATION: 57 | ERRORS: best=48, median=237.0, diversity=0.175 | INDIVIDUALS: n=200, avg_genome_length=9.22
2021-12-17 02:19:31.998472 | GENERATION: 58 | ERRORS: best=48, median=237.0, diversity=0.19 | INDIVIDUALS: n=200, avg_genome_length=9.52
2021-12-17 02:19:33.090568 | GENERATION: 59 | ERRORS: best=44, median=237.0, diversity=0.175 | INDIVIDUALS: n=200, avg_genome_length=9.265
2021-12-17 02:19:34.566289 | GENERATION: 60 | ERRORS: best=44, median=180.5, diversity=0.225 | INDIVIDUALS: n=200, avg_genome_length=13.45
2021-12-17 02:19:35.882420 | GENERATION: 61 | ERRORS: best=44, median=237.0, diversity=0.195 | INDIVIDUALS: n=200, avg_genome_length=12.94
2021-12-17 02:19:37.219367 | GENERATION: 62 | ERRORS: best=44, median=237.0, diversity=0.195 | INDIVIDUALS: n=200, avg_genome_length=12.03
2021-12-17 02:19:38.587499 | GENERATION: 63 | ERRORS: best=44, median=171.0, diversity=0.215 | INDIVIDUALS: n=200, avg_genome_length=14.3
2021-12-17 02:19:39.993333 | GENERATION: 64 | ERRORS: best=44, median=237.0, diversity=0.225 | INDIVIDUALS: n=200, avg_genome_length=13.11
2021-12-17 02:19:41.292484 | GENERATION: 65 | ERRORS: best=44, median=227.0, diversity=0.245 | INDIVIDUALS: n=200, avg_genome_length=13.26
2021-12-17 02:19:42.562983 | GENERATION: 66 | ERRORS: best=48, median=237.0, diversity=0.25 | INDIVIDUALS: n=200, avg_genome_length=13.87
2021-12-17 02:19:44.316539 | GENERATION: 67 | ERRORS: best=48, median=169.0, diversity=0.225 | INDIVIDUALS: n=200, avg_genome_length=16.07
2021-12-17 02:19:45.751768 | GENERATION: 68 | ERRORS: best=44, median=237.0, diversity=0.285 | INDIVIDUALS: n=200, avg_genome_length=15.02
2021-12-17 02:19:47.154400 | GENERATION: 69 | ERRORS: best=44, median=167.5, diversity=0.265 | INDIVIDUALS: n=200, avg_genome_length=15.55
2021-12-17 02:19:48.539010 | GENERATION: 70 | ERRORS: best=44, median=237.0, diversity=0.22 | INDIVIDUALS: n=200, avg_genome_length=14.445
2021-12-17 02:19:49.997591 | GENERATION: 71 | ERRORS: best=44, median=233.5, diversity=0.235 | INDIVIDUALS: n=200, avg_genome_length=14.47
2021-12-17 02:19:51.450228 | GENERATION: 72 | ERRORS: best=48, median=237.0, diversity=0.19 | INDIVIDUALS: n=200, avg_genome_length=15.265
2021-12-17 02:19:52.824760 | GENERATION: 73 | ERRORS: best=44, median=218.0, diversity=0.26 | INDIVIDUALS: n=200, avg_genome_length=14.705
2021-12-17 02:19:54.214897 | GENERATION: 74 | ERRORS: best=44, median=237.0, diversity=0.27 | INDIVIDUALS: n=200, avg_genome_length=14.75
2021-12-17 02:19:55.660466 | GENERATION: 75 | ERRORS: best=44, median=196.5, diversity=0.28 | INDIVIDUALS: n=200, avg_genome_length=16.66
2021-12-17 02:19:56.993239 | GENERATION: 76 | ERRORS: best=44, median=169.0, diversity=0.24 | INDIVIDUALS: n=200, avg_genome_length=16.785
2021-12-17 02:19:58.376965 | GENERATION: 77 | ERRORS: best=44, median=237.0, diversity=0.33 | INDIVIDUALS: n=200, avg_genome_length=17.59
2021-12-17 02:19:59.884128 | GENERATION: 78 | ERRORS: best=44, median=196.5, diversity=0.24 | INDIVIDUALS: n=200, avg_genome_length=18.09
2021-12-17 02:20:01.372183 | GENERATION: 79 | ERRORS: best=44, median=126.0, diversity=0.225 | INDIVIDUALS: n=200, avg_genome_length=18.405
2021-12-17 02:20:02.792004 | GENERATION: 80 | ERRORS: best=44, median=223.0, diversity=0.275 | INDIVIDUALS: n=200, avg_genome_length=17.795
2021-12-17 02:20:04.367980 | GENERATION: 81 | ERRORS: best=44, median=126.0, diversity=0.255 | INDIVIDUALS: n=200, avg_genome_length=18.27
2021-12-17 02:20:05.754308 | GENERATION: 82 | ERRORS: best=44, median=126.0, diversity=0.245 | INDIVIDUALS: n=200, avg_genome_length=18.08
2021-12-17 02:20:07.294125 | GENERATION: 83 | ERRORS: best=44, median=172.5, diversity=0.29 | INDIVIDUALS: n=200, avg_genome_length=18.42
2021-12-17 02:20:08.606087 | GENERATION: 84 | ERRORS: best=44, median=180.0, diversity=0.26 | INDIVIDUALS: n=200, avg_genome_length=17.345
2021-12-17 02:20:09.943683 | GENERATION: 85 | ERRORS: best=44, median=151.0, diversity=0.255 | INDIVIDUALS: n=200, avg_genome_length=16.265
2021-12-17 02:20:11.470877 | GENERATION: 86 | ERRORS: best=44, median=224.5, diversity=0.205 | INDIVIDUALS: n=200, avg_genome_length=15.46
2021-12-17 02:20:12.754950 | GENERATION: 87 | ERRORS: best=44, median=135.5, diversity=0.235 | INDIVIDUALS: n=200, avg_genome_length=13.015
2021-12-17 02:20:13.904706 | GENERATION: 88 | ERRORS: best=44, median=167.0, diversity=0.245 | INDIVIDUALS: n=200, avg_genome_length=12.645
2021-12-17 02:20:15.346435 | GENERATION: 89 | ERRORS: best=44, median=126.0, diversity=0.235 | INDIVIDUALS: n=200, avg_genome_length=11.52
2021-12-17 02:20:16.648736 | GENERATION: 90 | ERRORS: best=44, median=126.0, diversity=0.205 | INDIVIDUALS: n=200, avg_genome_length=11.435
2021-12-17 02:20:17.880009 | GENERATION: 91 | ERRORS: best=44, median=147.0, diversity=0.235 | INDIVIDUALS: n=200, avg_genome_length=11.045
2021-12-17 02:20:19.092032 | GENERATION: 92 | ERRORS: best=44, median=237.0, diversity=0.225 | INDIVIDUALS: n=200, avg_genome_length=11.57
2021-12-17 02:20:20.702826 | GENERATION: 93 | ERRORS: best=44, median=160.5, diversity=0.24 | INDIVIDUALS: n=200, avg_genome_length=14.295
2021-12-17 02:20:22.160600 | GENERATION: 94 | ERRORS: best=44, median=126.0, diversity=0.285 | INDIVIDUALS: n=200, avg_genome_length=12.905
2021-12-17 02:20:23.736707 | GENERATION: 95 | ERRORS: best=44, median=126.0, diversity=0.26 | INDIVIDUALS: n=200, avg_genome_length=13.24
2021-12-17 02:20:25.046501 | GENERATION: 96 | ERRORS: best=44, median=126.0, diversity=0.265 | INDIVIDUALS: n=200, avg_genome_length=13.34
2021-12-17 02:20:26.388474 | GENERATION: 97 | ERRORS: best=44, median=170.5, diversity=0.275 | INDIVIDUALS: n=200, avg_genome_length=12.13
2021-12-17 02:20:27.724680 | GENERATION: 98 | ERRORS: best=44, median=237.0, diversity=0.245 | INDIVIDUALS: n=200, avg_genome_length=10.765
2021-12-17 02:20:29.202151 | GENERATION: 99 | ERRORS: best=44, median=237.0, diversity=0.225 | INDIVIDUALS: n=200, avg_genome_length=10.875
2021-12-17 02:20:30.460486 | GENERATION: 100 | ERRORS: best=44, median=216.0, diversity=0.255 | INDIVIDUALS: n=200, avg_genome_length=10.615
2021-12-17 02:20:31.800083 | GENERATION: 101 | ERRORS: best=44, median=237.0, diversity=0.19 | INDIVIDUALS: n=200, avg_genome_length=9.325
2021-12-17 02:20:33.016988 | GENERATION: 102 | ERRORS: best=44, median=237.0, diversity=0.185 | INDIVIDUALS: n=200, avg_genome_length=9.76
2021-12-17 02:20:34.610961 | GENERATION: 103 | ERRORS: best=44, median=237.0, diversity=0.24 | INDIVIDUALS: n=200, avg_genome_length=12.54
2021-12-17 02:20:35.697195 | GENERATION: 104 | ERRORS: best=44, median=237.0, diversity=0.2 | INDIVIDUALS: n=200, avg_genome_length=9.915
2021-12-17 02:20:36.968848 | GENERATION: 105 | ERRORS: best=51, median=227.5, diversity=0.195 | INDIVIDUALS: n=200, avg_genome_length=11.16
2021-12-17 02:20:38.163095 | GENERATION: 106 | ERRORS: best=55, median=237.0, diversity=0.2 | INDIVIDUALS: n=200, avg_genome_length=9.74
2021-12-17 02:20:39.448042 | GENERATION: 107 | ERRORS: best=48, median=188.5, diversity=0.205 | INDIVIDUALS: n=200, avg_genome_length=10.35
2021-12-17 02:20:40.397610 | GENERATION: 108 | ERRORS: best=48, median=237.0, diversity=0.145 | INDIVIDUALS: n=200, avg_genome_length=7.055
2021-12-17 02:20:41.497197 | GENERATION: 109 | ERRORS: best=48, median=237.0, diversity=0.145 | INDIVIDUALS: n=200, avg_genome_length=6.68
2021-12-17 02:20:42.495638 | GENERATION: 110 | ERRORS: best=48, median=224.0, diversity=0.175 | INDIVIDUALS: n=200, avg_genome_length=7.39
2021-12-17 02:20:43.361804 | GENERATION: 111 | ERRORS: best=55, median=237.0, diversity=0.155 | INDIVIDUALS: n=200, avg_genome_length=6.03
2021-12-17 02:20:44.240148 | GENERATION: 112 | ERRORS: best=95, median=237.0, diversity=0.125 | INDIVIDUALS: n=200, avg_genome_length=5.33
2021-12-17 02:20:45.163735 | GENERATION: 113 | ERRORS: best=63, median=237.0, diversity=0.17 | INDIVIDUALS: n=200, avg_genome_length=6.225
2021-12-17 02:20:46.233775 | GENERATION: 114 | ERRORS: best=63, median=237.0, diversity=0.25 | INDIVIDUALS: n=200, avg_genome_length=7.365
2021-12-17 02:20:47.554871 | GENERATION: 115 | ERRORS: best=63, median=237.0, diversity=0.215 | INDIVIDUALS: n=200, avg_genome_length=7.615
2021-12-17 02:20:48.683768 | GENERATION: 116 | ERRORS: best=51, median=180.0, diversity=0.22 | INDIVIDUALS: n=200, avg_genome_length=7.8
2021-12-17 02:20:49.959912 | GENERATION: 117 | ERRORS: best=51, median=126.0, diversity=0.21 | INDIVIDUALS: n=200, avg_genome_length=9.175
2021-12-17 02:20:51.262018 | GENERATION: 118 | ERRORS: best=48, median=159.0, diversity=0.275 | INDIVIDUALS: n=200, avg_genome_length=9.25
2021-12-17 02:20:52.591832 | GENERATION: 119 | ERRORS: best=48, median=126.0, diversity=0.26 | INDIVIDUALS: n=200, avg_genome_length=8.995
2021-12-17 02:20:53.740379 | GENERATION: 120 | ERRORS: best=48, median=126.0, diversity=0.22 | INDIVIDUALS: n=200, avg_genome_length=8.185
2021-12-17 02:20:54.947558 | GENERATION: 121 | ERRORS: best=48, median=126.0, diversity=0.205 | INDIVIDUALS: n=200, avg_genome_length=8.985
2021-12-17 02:20:56.050714 | GENERATION: 122 | ERRORS: best=48, median=126.0, diversity=0.23 | INDIVIDUALS: n=200, avg_genome_length=10.345
2021-12-17 02:20:57.084838 | GENERATION: 123 | ERRORS: best=48, median=126.0, diversity=0.255 | INDIVIDUALS: n=200, avg_genome_length=9.045
2021-12-17 02:20:58.414538 | GENERATION: 124 | ERRORS: best=48, median=182.0, diversity=0.265 | INDIVIDUALS: n=200, avg_genome_length=8.28
2021-12-17 02:20:59.523166 | GENERATION: 125 | ERRORS: best=55, median=126.0, diversity=0.225 | INDIVIDUALS: n=200, avg_genome_length=8.355
2021-12-17 02:21:00.692302 | GENERATION: 126 | ERRORS: best=44, median=169.5, diversity=0.245 | INDIVIDUALS: n=200, avg_genome_length=8.8
2021-12-17 02:21:01.915927 | GENERATION: 127 | ERRORS: best=44, median=163.0, diversity=0.225 | INDIVIDUALS: n=200, avg_genome_length=8.045
2021-12-17 02:21:03.035713 | GENERATION: 128 | ERRORS: best=44, median=126.0, diversity=0.255 | INDIVIDUALS: n=200, avg_genome_length=8.71
2021-12-17 02:21:04.193775 | GENERATION: 129 | ERRORS: best=51, median=126.0, diversity=0.175 | INDIVIDUALS: n=200, avg_genome_length=7.405
2021-12-17 02:21:05.107632 | GENERATION: 130 | ERRORS: best=48, median=214.0, diversity=0.205 | INDIVIDUALS: n=200, avg_genome_length=6.365
2021-12-17 02:21:05.979061 | GENERATION: 131 | ERRORS: best=55, median=215.5, diversity=0.195 | INDIVIDUALS: n=200, avg_genome_length=6.805
2021-12-17 02:21:06.859778 | GENERATION: 132 | ERRORS: best=63, median=237.0, diversity=0.165 | INDIVIDUALS: n=200, avg_genome_length=6.39
2021-12-17 02:21:07.798310 | GENERATION: 133 | ERRORS: best=63, median=237.0, diversity=0.145 | INDIVIDUALS: n=200, avg_genome_length=6.945
2021-12-17 02:21:08.692754 | GENERATION: 134 | ERRORS: best=63, median=214.5, diversity=0.17 | INDIVIDUALS: n=200, avg_genome_length=6.48
2021-12-17 02:21:09.701301 | GENERATION: 135 | ERRORS: best=63, median=237.0, diversity=0.185 | INDIVIDUALS: n=200, avg_genome_length=6.39
2021-12-17 02:21:10.720982 | GENERATION: 136 | ERRORS: best=63, median=237.0, diversity=0.15 | INDIVIDUALS: n=200, avg_genome_length=5.49
2021-12-17 02:21:11.574967 | GENERATION: 137 | ERRORS: best=63, median=237.0, diversity=0.125 | INDIVIDUALS: n=200, avg_genome_length=5.57
2021-12-17 02:21:12.622324 | GENERATION: 138 | ERRORS: best=63, median=237.0, diversity=0.17 | INDIVIDUALS: n=200, avg_genome_length=5.71
2021-12-17 02:21:13.518381 | GENERATION: 139 | ERRORS: best=63, median=237.0, diversity=0.195 | INDIVIDUALS: n=200, avg_genome_length=6.075
2021-12-17 02:21:14.380702 | GENERATION: 140 | ERRORS: best=63, median=237.0, diversity=0.145 | INDIVIDUALS: n=200, avg_genome_length=5.925
2021-12-17 02:21:15.329598 | GENERATION: 141 | ERRORS: best=63, median=237.0, diversity=0.165 | INDIVIDUALS: n=200, avg_genome_length=5.81
2021-12-17 02:21:16.254744 | GENERATION: 142 | ERRORS: best=92, median=237.0, diversity=0.15 | INDIVIDUALS: n=200, avg_genome_length=5.565
2021-12-17 02:21:17.051552 | GENERATION: 143 | ERRORS: best=95, median=237.0, diversity=0.09 | INDIVIDUALS: n=200, avg_genome_length=4.76
2021-12-17 02:21:17.968244 | GENERATION: 144 | ERRORS: best=95, median=237.0, diversity=0.145 | INDIVIDUALS: n=200, avg_genome_length=5.505
2021-12-17 02:21:18.788736 | GENERATION: 145 | ERRORS: best=95, median=237.0, diversity=0.09 | INDIVIDUALS: n=200, avg_genome_length=5.595
2021-12-17 02:21:19.581011 | GENERATION: 146 | ERRORS: best=95, median=237.0, diversity=0.085 | INDIVIDUALS: n=200, avg_genome_length=5.09
2021-12-17 02:21:20.359817 | GENERATION: 147 | ERRORS: best=95, median=237.0, diversity=0.07 | INDIVIDUALS: n=200, avg_genome_length=5.045
2021-12-17 02:21:21.173417 | GENERATION: 148 | ERRORS: best=95, median=237.0, diversity=0.075 | INDIVIDUALS: n=200, avg_genome_length=5.605
2021-12-17 02:21:21.987131 | GENERATION: 149 | ERRORS: best=95, median=237.0, diversity=0.1 | INDIVIDUALS: n=200, avg_genome_length=5.31
2021-12-17 02:21:22.776294 | GENERATION: 150 | ERRORS: best=95, median=237.0, diversity=0.08 | INDIVIDUALS: n=200, avg_genome_length=5.18
2021-12-17 02:21:23.580139 | GENERATION: 151 | ERRORS: best=95, median=237.0, diversity=0.075 | INDIVIDUALS: n=200, avg_genome_length=5.05
2021-12-17 02:21:24.380648 | GENERATION: 152 | ERRORS: best=95, median=237.0, diversity=0.12 | INDIVIDUALS: n=200, avg_genome_length=5.165
2021-12-17 02:21:25.162682 | GENERATION: 153 | ERRORS: best=95, median=237.0, diversity=0.085 | INDIVIDUALS: n=200, avg_genome_length=5.015
2021-12-17 02:21:25.950752 | GENERATION: 154 | ERRORS: best=95, median=237.0, diversity=0.1 | INDIVIDUALS: n=200, avg_genome_length=5.395
2021-12-17 02:21:26.750321 | GENERATION: 155 | ERRORS: best=95, median=237.0, diversity=0.12 | INDIVIDUALS: n=200, avg_genome_length=5.21
2021-12-17 02:21:27.607050 | GENERATION: 156 | ERRORS: best=95, median=237.0, diversity=0.095 | INDIVIDUALS: n=200, avg_genome_length=5.09
2021-12-17 02:21:28.406423 | GENERATION: 157 | ERRORS: best=95, median=237.0, diversity=0.1 | INDIVIDUALS: n=200, avg_genome_length=5.365
2021-12-17 02:21:29.262547 | GENERATION: 158 | ERRORS: best=95, median=237.0, diversity=0.14 | INDIVIDUALS: n=200, avg_genome_length=6.11
2021-12-17 02:21:30.061552 | GENERATION: 159 | ERRORS: best=92, median=237.0, diversity=0.105 | INDIVIDUALS: n=200, avg_genome_length=5.64
2021-12-17 02:21:30.943666 | GENERATION: 160 | ERRORS: best=95, median=237.0, diversity=0.105 | INDIVIDUALS: n=200, avg_genome_length=5.5
2021-12-17 02:21:31.736208 | GENERATION: 161 | ERRORS: best=95, median=237.0, diversity=0.08 | INDIVIDUALS: n=200, avg_genome_length=5.37
2021-12-17 02:21:32.541641 | GENERATION: 162 | ERRORS: best=95, median=237.0, diversity=0.085 | INDIVIDUALS: n=200, avg_genome_length=5.175
2021-12-17 02:21:33.331830 | GENERATION: 163 | ERRORS: best=95, median=237.0, diversity=0.065 | INDIVIDUALS: n=200, avg_genome_length=4.855
2021-12-17 02:21:34.151413 | GENERATION: 164 | ERRORS: best=95, median=237.0, diversity=0.105 | INDIVIDUALS: n=200, avg_genome_length=5.89
2021-12-17 02:21:34.990845 | GENERATION: 165 | ERRORS: best=95, median=237.0, diversity=0.115 | INDIVIDUALS: n=200, avg_genome_length=6.385
2021-12-17 02:21:35.854169 | GENERATION: 166 | ERRORS: best=92, median=237.0, diversity=0.13 | INDIVIDUALS: n=200, avg_genome_length=6.06
2021-12-17 02:21:36.901399 | GENERATION: 167 | ERRORS: best=92, median=237.0, diversity=0.105 | INDIVIDUALS: n=200, avg_genome_length=6.045
2021-12-17 02:21:37.721170 | GENERATION: 168 | ERRORS: best=92, median=237.0, diversity=0.125 | INDIVIDUALS: n=200, avg_genome_length=5.625
2021-12-17 02:21:38.544299 | GENERATION: 169 | ERRORS: best=95, median=237.0, diversity=0.085 | INDIVIDUALS: n=200, avg_genome_length=5.1
2021-12-17 02:21:39.341791 | GENERATION: 170 | ERRORS: best=95, median=237.0, diversity=0.11 | INDIVIDUALS: n=200, avg_genome_length=5.535
2021-12-17 02:21:40.215321 | GENERATION: 171 | ERRORS: best=95, median=237.0, diversity=0.135 | INDIVIDUALS: n=200, avg_genome_length=6.135
2021-12-17 02:21:41.054924 | GENERATION: 172 | ERRORS: best=95, median=237.0, diversity=0.125 | INDIVIDUALS: n=200, avg_genome_length=5.785
2021-12-17 02:21:41.895660 | GENERATION: 173 | ERRORS: best=95, median=237.0, diversity=0.1 | INDIVIDUALS: n=200, avg_genome_length=5.685
2021-12-17 02:21:42.729853 | GENERATION: 174 | ERRORS: best=63, median=237.0, diversity=0.135 | INDIVIDUALS: n=200, avg_genome_length=5.355
2021-12-17 02:21:43.666573 | GENERATION: 175 | ERRORS: best=63, median=237.0, diversity=0.135 | INDIVIDUALS: n=200, avg_genome_length=5.16
2021-12-17 02:21:44.596368 | GENERATION: 176 | ERRORS: best=63, median=237.0, diversity=0.15 | INDIVIDUALS: n=200, avg_genome_length=5.235
2021-12-17 02:21:45.509225 | GENERATION: 177 | ERRORS: best=63, median=237.0, diversity=0.135 | INDIVIDUALS: n=200, avg_genome_length=5.015
2021-12-17 02:21:46.527247 | GENERATION: 178 | ERRORS: best=63, median=237.0, diversity=0.15 | INDIVIDUALS: n=200, avg_genome_length=5.875
2021-12-17 02:21:47.486701 | GENERATION: 179 | ERRORS: best=63, median=237.0, diversity=0.175 | INDIVIDUALS: n=200, avg_genome_length=5.95
2021-12-17 02:21:48.595631 | GENERATION: 180 | ERRORS: best=51, median=237.0, diversity=0.235 | INDIVIDUALS: n=200, avg_genome_length=7.315
2021-12-17 02:21:49.598958 | GENERATION: 181 | ERRORS: best=48, median=237.0, diversity=0.23 | INDIVIDUALS: n=200, avg_genome_length=6.485
2021-12-17 02:21:50.938751 | GENERATION: 182 | ERRORS: best=44, median=126.0, diversity=0.22 | INDIVIDUALS: n=200, avg_genome_length=6.855
2021-12-17 02:21:52.068715 | GENERATION: 183 | ERRORS: best=44, median=220.5, diversity=0.195 | INDIVIDUALS: n=200, avg_genome_length=5.735
2021-12-17 02:21:53.118757 | GENERATION: 184 | ERRORS: best=55, median=237.0, diversity=0.12 | INDIVIDUALS: n=200, avg_genome_length=4.725
2021-12-17 02:21:54.037896 | GENERATION: 185 | ERRORS: best=55, median=237.0, diversity=0.09 | INDIVIDUALS: n=200, avg_genome_length=4.195
2021-12-17 02:21:54.864773 | GENERATION: 186 | ERRORS: best=48, median=237.0, diversity=0.14 | INDIVIDUALS: n=200, avg_genome_length=4.475
2021-12-17 02:21:55.901834 | GENERATION: 187 | ERRORS: best=48, median=237.0, diversity=0.16 | INDIVIDUALS: n=200, avg_genome_length=5.335
2021-12-17 02:21:56.815854 | GENERATION: 188 | ERRORS: best=48, median=237.0, diversity=0.14 | INDIVIDUALS: n=200, avg_genome_length=5.34
2021-12-17 02:21:57.729259 | GENERATION: 189 | ERRORS: best=48, median=237.0, diversity=0.17 | INDIVIDUALS: n=200, avg_genome_length=5.325
2021-12-17 02:21:58.666673 | GENERATION: 190 | ERRORS: best=48, median=237.0, diversity=0.16 | INDIVIDUALS: n=200, avg_genome_length=6.065
2021-12-17 02:21:59.534529 | GENERATION: 191 | ERRORS: best=48, median=237.0, diversity=0.165 | INDIVIDUALS: n=200, avg_genome_length=6.635
2021-12-17 02:22:00.520951 | GENERATION: 192 | ERRORS: best=48, median=237.0, diversity=0.205 | INDIVIDUALS: n=200, avg_genome_length=7.01
2021-12-17 02:22:01.462498 | GENERATION: 193 | ERRORS: best=48, median=237.0, diversity=0.125 | INDIVIDUALS: n=200, avg_genome_length=6.41
2021-12-17 02:22:02.302545 | GENERATION: 194 | ERRORS: best=92, median=237.0, diversity=0.145 | INDIVIDUALS: n=200, avg_genome_length=5.21
2021-12-17 02:22:03.064912 | GENERATION: 195 | ERRORS: best=92, median=237.0, diversity=0.1 | INDIVIDUALS: n=200, avg_genome_length=4.475
2021-12-17 02:22:03.875078 | GENERATION: 196 | ERRORS: best=92, median=237.0, diversity=0.095 | INDIVIDUALS: n=200, avg_genome_length=4.585
2021-12-17 02:22:04.635866 | GENERATION: 197 | ERRORS: best=95, median=237.0, diversity=0.105 | INDIVIDUALS: n=200, avg_genome_length=4.345
2021-12-17 02:22:05.431914 | GENERATION: 198 | ERRORS: best=95, median=237.0, diversity=0.105 | INDIVIDUALS: n=200, avg_genome_length=5.555
2021-12-17 02:22:06.295106 | GENERATION: 199 | ERRORS: best=95, median=237.0, diversity=0.115 | INDIVIDUALS: n=200, avg_genome_length=6.21
2021-12-17 02:22:07.184356 | GENERATION: 200 | ERRORS: best=95, median=237.0, diversity=0.075 | INDIVIDUALS: n=200, avg_genome_length=5.755
2021-12-17 02:22:07.975435 | GENERATION: 201 | ERRORS: best=95, median=237.0, diversity=0.105 | INDIVIDUALS: n=200, avg_genome_length=5.86
2021-12-17 02:22:08.863340 | GENERATION: 202 | ERRORS: best=95, median=237.0, diversity=0.105 | INDIVIDUALS: n=200, avg_genome_length=5.98
2021-12-17 02:22:09.682494 | GENERATION: 203 | ERRORS: best=95, median=237.0, diversity=0.1 | INDIVIDUALS: n=200, avg_genome_length=5.76
2021-12-17 02:22:10.712787 | GENERATION: 204 | ERRORS: best=95, median=237.0, diversity=0.1 | INDIVIDUALS: n=200, avg_genome_length=5.33
2021-12-17 02:22:11.729271 | GENERATION: 205 | ERRORS: best=92, median=237.0, diversity=0.105 | INDIVIDUALS: n=200, avg_genome_length=5.61
2021-12-17 02:22:12.724599 | GENERATION: 206 | ERRORS: best=92, median=237.0, diversity=0.12 | INDIVIDUALS: n=200, avg_genome_length=6.745
2021-12-17 02:22:13.602230 | GENERATION: 207 | ERRORS: best=92, median=237.0, diversity=0.14 | INDIVIDUALS: n=200, avg_genome_length=6.55
2021-12-17 02:22:14.555608 | GENERATION: 208 | ERRORS: best=92, median=237.0, diversity=0.14 | INDIVIDUALS: n=200, avg_genome_length=7.46
2021-12-17 02:22:15.566972 | GENERATION: 209 | ERRORS: best=63, median=237.0, diversity=0.145 | INDIVIDUALS: n=200, avg_genome_length=7.495
2021-12-17 02:22:16.466137 | GENERATION: 210 | ERRORS: best=63, median=237.0, diversity=0.105 | INDIVIDUALS: n=200, avg_genome_length=6.685
2021-12-17 02:22:17.357059 | GENERATION: 211 | ERRORS: best=63, median=233.5, diversity=0.165 | INDIVIDUALS: n=200, avg_genome_length=6.89
2021-12-17 02:22:18.244074 | GENERATION: 212 | ERRORS: best=63, median=237.0, diversity=0.145 | INDIVIDUALS: n=200, avg_genome_length=6.255
2021-12-17 02:22:19.179685 | GENERATION: 213 | ERRORS: best=63, median=237.0, diversity=0.125 | INDIVIDUALS: n=200, avg_genome_length=5.99
2021-12-17 02:22:20.054082 | GENERATION: 214 | ERRORS: best=63, median=237.0, diversity=0.155 | INDIVIDUALS: n=200, avg_genome_length=6.445
2021-12-17 02:22:20.959678 | GENERATION: 215 | ERRORS: best=63, median=237.0, diversity=0.15 | INDIVIDUALS: n=200, avg_genome_length=6.005
2021-12-17 02:22:21.901009 | GENERATION: 216 | ERRORS: best=48, median=237.0, diversity=0.185 | INDIVIDUALS: n=200, avg_genome_length=6.91
2021-12-17 02:22:22.977289 | GENERATION: 217 | ERRORS: best=48, median=237.0, diversity=0.165 | INDIVIDUALS: n=200, avg_genome_length=6.44
2021-12-17 02:22:23.978578 | GENERATION: 218 | ERRORS: best=48, median=153.0, diversity=0.17 | INDIVIDUALS: n=200, avg_genome_length=7.2
2021-12-17 02:22:24.915910 | GENERATION: 219 | ERRORS: best=55, median=126.0, diversity=0.19 | INDIVIDUALS: n=200, avg_genome_length=7.14
2021-12-17 02:22:25.940024 | GENERATION: 220 | ERRORS: best=44, median=146.0, diversity=0.17 | INDIVIDUALS: n=200, avg_genome_length=6.925
2021-12-17 02:22:27.066038 | GENERATION: 221 | ERRORS: best=44, median=126.0, diversity=0.175 | INDIVIDUALS: n=200, avg_genome_length=7.21
2021-12-17 02:22:28.007077 | GENERATION: 222 | ERRORS: best=44, median=126.0, diversity=0.2 | INDIVIDUALS: n=200, avg_genome_length=7.58
2021-12-17 02:22:29.044630 | GENERATION: 223 | ERRORS: best=44, median=227.5, diversity=0.21 | INDIVIDUALS: n=200, avg_genome_length=7.36
2021-12-17 02:22:30.119340 | GENERATION: 224 | ERRORS: best=44, median=171.5, diversity=0.225 | INDIVIDUALS: n=200, avg_genome_length=8.17
2021-12-17 02:22:31.442044 | GENERATION: 225 | ERRORS: best=44, median=161.5, diversity=0.27 | INDIVIDUALS: n=200, avg_genome_length=9.09
2021-12-17 02:22:32.656245 | GENERATION: 226 | ERRORS: best=44, median=126.0, diversity=0.215 | INDIVIDUALS: n=200, avg_genome_length=8.765
2021-12-17 02:22:33.773585 | GENERATION: 227 | ERRORS: best=44, median=235.5, diversity=0.24 | INDIVIDUALS: n=200, avg_genome_length=7.67
2021-12-17 02:22:35.114355 | GENERATION: 228 | ERRORS: best=44, median=237.0, diversity=0.185 | INDIVIDUALS: n=200, avg_genome_length=7.43
2021-12-17 02:22:36.163611 | GENERATION: 229 | ERRORS: best=51, median=222.5, diversity=0.225 | INDIVIDUALS: n=200, avg_genome_length=7.08
2021-12-17 02:22:37.327735 | GENERATION: 230 | ERRORS: best=51, median=161.5, diversity=0.185 | INDIVIDUALS: n=200, avg_genome_length=7.47
2021-12-17 02:22:38.601988 | GENERATION: 231 | ERRORS: best=44, median=226.5, diversity=0.25 | INDIVIDUALS: n=200, avg_genome_length=8.315
2021-12-17 02:22:39.688211 | GENERATION: 232 | ERRORS: best=44, median=176.5, diversity=0.245 | INDIVIDUALS: n=200, avg_genome_length=8.095
2021-12-17 02:22:40.583834 | GENERATION: 233 | ERRORS: best=44, median=237.0, diversity=0.18 | INDIVIDUALS: n=200, avg_genome_length=6.095
2021-12-17 02:22:41.581382 | GENERATION: 234 | ERRORS: best=44, median=180.0, diversity=0.22 | INDIVIDUALS: n=200, avg_genome_length=5.935
2021-12-17 02:22:42.630904 | GENERATION: 235 | ERRORS: best=48, median=126.0, diversity=0.21 | INDIVIDUALS: n=200, avg_genome_length=7.27
2021-12-17 02:22:43.866095 | GENERATION: 236 | ERRORS: best=48, median=144.0, diversity=0.22 | INDIVIDUALS: n=200, avg_genome_length=6.395
2021-12-17 02:22:44.851636 | GENERATION: 237 | ERRORS: best=48, median=237.0, diversity=0.195 | INDIVIDUALS: n=200, avg_genome_length=6.37
2021-12-17 02:22:46.067728 | GENERATION: 238 | ERRORS: best=63, median=237.0, diversity=0.16 | INDIVIDUALS: n=200, avg_genome_length=6.425
2021-12-17 02:22:47.063182 | GENERATION: 239 | ERRORS: best=48, median=126.0, diversity=0.22 | INDIVIDUALS: n=200, avg_genome_length=6.545
2021-12-17 02:22:48.150632 | GENERATION: 240 | ERRORS: best=48, median=221.5, diversity=0.23 | INDIVIDUALS: n=200, avg_genome_length=6.495
2021-12-17 02:22:49.146263 | GENERATION: 241 | ERRORS: best=48, median=237.0, diversity=0.195 | INDIVIDUALS: n=200, avg_genome_length=5.705
2021-12-17 02:22:50.345800 | GENERATION: 242 | ERRORS: best=48, median=237.0, diversity=0.195 | INDIVIDUALS: n=200, avg_genome_length=5.955
2021-12-17 02:22:51.318848 | GENERATION: 243 | ERRORS: best=55, median=157.5, diversity=0.25 | INDIVIDUALS: n=200, avg_genome_length=7.14
2021-12-17 02:22:52.408273 | GENERATION: 244 | ERRORS: best=48, median=162.0, diversity=0.275 | INDIVIDUALS: n=200, avg_genome_length=7.195
2021-12-17 02:22:53.692014 | GENERATION: 245 | ERRORS: best=48, median=154.5, diversity=0.23 | INDIVIDUALS: n=200, avg_genome_length=7.37
2021-12-17 02:22:54.967014 | GENERATION: 246 | ERRORS: best=48, median=162.0, diversity=0.2 | INDIVIDUALS: n=200, avg_genome_length=7.53
2021-12-17 02:22:56.137753 | GENERATION: 247 | ERRORS: best=48, median=126.0, diversity=0.17 | INDIVIDUALS: n=200, avg_genome_length=8.085
2021-12-17 02:22:57.215848 | GENERATION: 248 | ERRORS: best=48, median=182.0, diversity=0.245 | INDIVIDUALS: n=200, avg_genome_length=8.3
2021-12-17 02:22:58.233423 | GENERATION: 249 | ERRORS: best=44, median=178.0, diversity=0.185 | INDIVIDUALS: n=200, avg_genome_length=7.805
2021-12-17 02:22:59.437276 | GENERATION: 250 | ERRORS: best=44, median=172.0, diversity=0.23 | INDIVIDUALS: n=200, avg_genome_length=9.43
2021-12-17 02:23:00.466110 | GENERATION: 251 | ERRORS: best=44, median=217.0, diversity=0.195 | INDIVIDUALS: n=200, avg_genome_length=8.28
2021-12-17 02:23:01.494158 | GENERATION: 252 | ERRORS: best=44, median=213.5, diversity=0.19 | INDIVIDUALS: n=200, avg_genome_length=7.265
2021-12-17 02:23:02.449398 | GENERATION: 253 | ERRORS: best=44, median=182.0, diversity=0.23 | INDIVIDUALS: n=200, avg_genome_length=7.57
2021-12-17 02:23:03.380685 | GENERATION: 254 | ERRORS: best=44, median=173.0, diversity=0.2 | INDIVIDUALS: n=200, avg_genome_length=6.715
2021-12-17 02:23:04.316537 | GENERATION: 255 | ERRORS: best=48, median=237.0, diversity=0.15 | INDIVIDUALS: n=200, avg_genome_length=6.245
2021-12-17 02:23:05.342687 | GENERATION: 256 | ERRORS: best=48, median=237.0, diversity=0.17 | INDIVIDUALS: n=200, avg_genome_length=7.175
2021-12-17 02:23:06.359485 | GENERATION: 257 | ERRORS: best=44, median=237.0, diversity=0.155 | INDIVIDUALS: n=200, avg_genome_length=7.235
2021-12-17 02:23:07.380053 | GENERATION: 258 | ERRORS: best=44, median=237.0, diversity=0.205 | INDIVIDUALS: n=200, avg_genome_length=6.385
2021-12-17 02:23:08.327456 | GENERATION: 259 | ERRORS: best=48, median=237.0, diversity=0.16 | INDIVIDUALS: n=200, avg_genome_length=5.95
2021-12-17 02:23:09.156481 | GENERATION: 260 | ERRORS: best=48, median=237.0, diversity=0.145 | INDIVIDUALS: n=200, avg_genome_length=5.875
2021-12-17 02:23:10.053744 | GENERATION: 261 | ERRORS: best=48, median=237.0, diversity=0.11 | INDIVIDUALS: n=200, avg_genome_length=6.33
2021-12-17 02:23:11.112304 | GENERATION: 262 | ERRORS: best=48, median=237.0, diversity=0.165 | INDIVIDUALS: n=200, avg_genome_length=6.625
2021-12-17 02:23:12.154231 | GENERATION: 263 | ERRORS: best=48, median=126.0, diversity=0.18 | INDIVIDUALS: n=200, avg_genome_length=7.28
2021-12-17 02:23:13.056561 | GENERATION: 264 | ERRORS: best=48, median=182.0, diversity=0.18 | INDIVIDUALS: n=200, avg_genome_length=7.09
2021-12-17 02:23:14.047383 | GENERATION: 265 | ERRORS: best=48, median=237.0, diversity=0.195 | INDIVIDUALS: n=200, avg_genome_length=6.63
2021-12-17 02:23:14.937427 | GENERATION: 266 | ERRORS: best=48, median=237.0, diversity=0.145 | INDIVIDUALS: n=200, avg_genome_length=5.345
2021-12-17 02:23:15.888999 | GENERATION: 267 | ERRORS: best=48, median=237.0, diversity=0.135 | INDIVIDUALS: n=200, avg_genome_length=4.945
2021-12-17 02:23:16.781281 | GENERATION: 268 | ERRORS: best=48, median=237.0, diversity=0.145 | INDIVIDUALS: n=200, avg_genome_length=4.815
2021-12-17 02:23:17.546533 | GENERATION: 269 | ERRORS: best=48, median=237.0, diversity=0.12 | INDIVIDUALS: n=200, avg_genome_length=4.335
2021-12-17 02:23:18.611361 | GENERATION: 270 | ERRORS: best=48, median=237.0, diversity=0.12 | INDIVIDUALS: n=200, avg_genome_length=4.905
2021-12-17 02:23:19.487769 | GENERATION: 271 | ERRORS: best=48, median=237.0, diversity=0.135 | INDIVIDUALS: n=200, avg_genome_length=5.105
2021-12-17 02:23:20.461064 | GENERATION: 272 | ERRORS: best=48, median=237.0, diversity=0.13 | INDIVIDUALS: n=200, avg_genome_length=5.06
2021-12-17 02:23:21.275431 | GENERATION: 273 | ERRORS: best=48, median=237.0, diversity=0.11 | INDIVIDUALS: n=200, avg_genome_length=4.99
2021-12-17 02:23:22.381146 | GENERATION: 274 | ERRORS: best=48, median=237.0, diversity=0.13 | INDIVIDUALS: n=200, avg_genome_length=5.185
2021-12-17 02:23:23.228244 | GENERATION: 275 | ERRORS: best=48, median=237.0, diversity=0.13 | INDIVIDUALS: n=200, avg_genome_length=5.335
2021-12-17 02:23:24.168144 | GENERATION: 276 | ERRORS: best=48, median=237.0, diversity=0.155 | INDIVIDUALS: n=200, avg_genome_length=5.965
2021-12-17 02:23:25.098937 | GENERATION: 277 | ERRORS: best=48, median=126.0, diversity=0.175 | INDIVIDUALS: n=200, avg_genome_length=7.02
2021-12-17 02:23:25.979125 | GENERATION: 278 | ERRORS: best=48, median=237.0, diversity=0.16 | INDIVIDUALS: n=200, avg_genome_length=7.005
2021-12-17 02:23:26.834627 | GENERATION: 279 | ERRORS: best=48, median=237.0, diversity=0.175 | INDIVIDUALS: n=200, avg_genome_length=6.985
2021-12-17 02:23:27.908983 | GENERATION: 280 | ERRORS: best=48, median=237.0, diversity=0.14 | INDIVIDUALS: n=200, avg_genome_length=7.265
2021-12-17 02:23:29.018475 | GENERATION: 281 | ERRORS: best=48, median=237.0, diversity=0.18 | INDIVIDUALS: n=200, avg_genome_length=7.895
2021-12-17 02:23:30.001226 | GENERATION: 282 | ERRORS: best=48, median=182.0, diversity=0.2 | INDIVIDUALS: n=200, avg_genome_length=7.4
2021-12-17 02:23:31.068499 | GENERATION: 283 | ERRORS: best=63, median=237.0, diversity=0.22 | INDIVIDUALS: n=200, avg_genome_length=6.15
2021-12-17 02:23:31.960268 | GENERATION: 284 | ERRORS: best=63, median=237.0, diversity=0.145 | INDIVIDUALS: n=200, avg_genome_length=6.835
2021-12-17 02:23:32.903416 | GENERATION: 285 | ERRORS: best=63, median=237.0, diversity=0.125 | INDIVIDUALS: n=200, avg_genome_length=7.585
2021-12-17 02:23:33.853345 | GENERATION: 286 | ERRORS: best=63, median=237.0, diversity=0.15 | INDIVIDUALS: n=200, avg_genome_length=8.505
2021-12-17 02:23:34.872199 | GENERATION: 287 | ERRORS: best=63, median=145.0, diversity=0.15 | INDIVIDUALS: n=200, avg_genome_length=8.475
2021-12-17 02:23:35.931720 | GENERATION: 288 | ERRORS: best=63, median=237.0, diversity=0.17 | INDIVIDUALS: n=200, avg_genome_length=8.545
2021-12-17 02:23:37.007930 | GENERATION: 289 | ERRORS: best=63, median=237.0, diversity=0.205 | INDIVIDUALS: n=200, avg_genome_length=8.255
2021-12-17 02:23:37.960951 | GENERATION: 290 | ERRORS: best=63, median=237.0, diversity=0.19 | INDIVIDUALS: n=200, avg_genome_length=8.55
2021-12-17 02:23:39.007402 | GENERATION: 291 | ERRORS: best=63, median=160.0, diversity=0.195 | INDIVIDUALS: n=200, avg_genome_length=9.895
2021-12-17 02:23:40.049943 | GENERATION: 292 | ERRORS: best=63, median=181.0, diversity=0.21 | INDIVIDUALS: n=200, avg_genome_length=10.845
2021-12-17 02:23:41.110805 | GENERATION: 293 | ERRORS: best=63, median=126.0, diversity=0.205 | INDIVIDUALS: n=200, avg_genome_length=10.21
2021-12-17 02:23:42.142030 | GENERATION: 294 | ERRORS: best=63, median=135.0, diversity=0.22 | INDIVIDUALS: n=200, avg_genome_length=10.135
2021-12-17 02:23:43.341647 | GENERATION: 295 | ERRORS: best=63, median=183.0, diversity=0.245 | INDIVIDUALS: n=200, avg_genome_length=10.145
2021-12-17 02:23:44.371405 | GENERATION: 296 | ERRORS: best=63, median=144.5, diversity=0.22 | INDIVIDUALS: n=200, avg_genome_length=10.84
2021-12-17 02:23:45.411328 | GENERATION: 297 | ERRORS: best=63, median=144.0, diversity=0.22 | INDIVIDUALS: n=200, avg_genome_length=9.5
2021-12-17 02:23:46.663169 | GENERATION: 298 | ERRORS: best=44, median=182.0, diversity=0.22 | INDIVIDUALS: n=200, avg_genome_length=9.625
2021-12-17 02:23:47.920192 | GENERATION: 299 | ERRORS: best=44, median=157.0, diversity=0.305 | INDIVIDUALS: n=200, avg_genome_length=10.625
2021-12-17 02:23:49.046288 | GENERATION: 300 | ERRORS: best=44, median=131.5, diversity=0.215 | INDIVIDUALS: n=200, avg_genome_length=9.595
Simplifying genome of length 19 with total error 44.
Simplified genome by 2 to length 17.
Simplified genome by 1 to length 16.
Simplified genome by 1 to length 15.
Simplified genome by 1 to length 14.
Simplified genome by 1 to length 13.
Simplified genome by 1 to length 12.
Simplified genome by 2 to length 10.
Simplified genome by 2 to length 8.
Simplified genome by 1 to length 7.
Simplified genome by 1 to length 6.
Simplified genome to length 6 and total error 44.
========================================
End Run
========================================
No solution found.
Best Seen Individual
	Genome:
	 pvector([Input(input_index=1), Input(input_index=0), Input(input_index=2), InstructionMeta(name='int_min', code_blocks=0), InstructionMeta(name='int_max', code_blocks=0), InstructionMeta(name='print_int', code_blocks=0)])
	Program:
	 (input_1 input_0 input_2 int_min int_max print_int)
	Error vector:
	 [0 0 0 0 2 0 0 0 0 0 0 0 0 0 1 0 2 0 0 0 0 1 0 0 0 0 0 3 0 0 0 0 0 0 2 1 0
 0 0 2 0 0 2 0 0 0 0 0 0 2 0 0 0 0 0 0 0 0 0 0 2 0 0 3 0 0 0 0 0 0 2 2 0 3
 0 0 2 0 0 0 2 0 0 0 0 3 2 3 0 0 0 0 0 0 0 0 0 0 0 2]
	Total error:
	 44
	Test error:
	 564
	Time:
	 00:06:44
