Included 0 edge cases.
Included 100 random cases.
Included 100 cases in total.
Finished formatting.
Included 0 edge cases.
Included 1000 random cases.
Included 1000 cases in total.
Finished formatting.
========================================
Setup
========================================
Search Configuration:
signature: ProgramSignature(push_config=PushConfig(step_limit=200, runtime_limit=10, collection_size_cap=1000, numeric_magnitude_limit=1000000000000.0, growth_cap=500), output_stacks=['stdout'], arity=3)
evaluator: <pyshgp.gp.evaluation.DatasetEvaluator object at 0x7f6d69ac77c0>
spawner: <pyshgp.gp.genome.GeneSpawner object at 0x7f6d711bba90>
population_size: 200
max_generations: 300
error_threshold: 0.0
initial_genome_size: (20, 100)
simplification_steps: 500
parallel_context: <pyshgp.gp.search.ParallelContext object at 0x7f6d69ac7460>
selection: <pyshgp.utils.DiscreteProbDistrib object at 0x7f6d711d8700>
variation: <pyshgp.utils.DiscreteProbDistrib object at 0x7f6d711d8600>
Instructions:
int_add, int_sub, int_mult, int_div, int_mod, int_min, int_max, int_inc, int_dec, int_lt, int_lte, int_gt, int_gte, int_from_bool, bool_and, bool_or, bool_not, bool_xor, bool_invert_first_then_and, bool_second_first_then_and, bool_from_int, noop, noop_open, exec_do_range, exec_do_count, exec_while, exec_do_while, exec_if, exec_when, print_bool, println_bool, print_int, println_int, print_exec, println_exec, bool_pop, bool_dup, bool_dup_times, bool_swap, bool_rot, bool_flush, bool_eq, bool_stack_depth, bool_yank, bool_yank_dup, bool_shove, bool_shove_dup, bool_is_empty, int_pop, int_dup, int_dup_times, int_swap, int_rot, int_flush, int_eq, int_stack_depth, int_yank, int_yank_dup, int_shove, int_shove_dup, int_is_empty, exec_pop, exec_dup, exec_dup_times, exec_swap, exec_rot, exec_flush, exec_eq, exec_stack_depth, exec_yank, exec_yank_dup, exec_shove, exec_shove_dup, exec_is_empty
Literals:
[]
ERC Generators:
[<function rand_int at 0x7f6d711c1a60>]
========================================
Start Run
========================================
2021-12-15 06:25:56.302358 | GENERATION: 1 | ERRORS: best=233, median=233.0, diversity=0.065 | INDIVIDUALS: n=200, avg_genome_length=49.7
2021-12-15 06:25:59.071448 | GENERATION: 2 | ERRORS: best=175, median=233.0, diversity=0.14 | INDIVIDUALS: n=200, avg_genome_length=47.99
2021-12-15 06:26:01.114380 | GENERATION: 3 | ERRORS: best=114, median=233.0, diversity=0.175 | INDIVIDUALS: n=200, avg_genome_length=33.16
2021-12-15 06:26:03.670440 | GENERATION: 4 | ERRORS: best=114, median=231.0, diversity=0.335 | INDIVIDUALS: n=200, avg_genome_length=45.005
2021-12-15 06:26:06.341033 | GENERATION: 5 | ERRORS: best=114, median=220.0, diversity=0.32 | INDIVIDUALS: n=200, avg_genome_length=51.005
2021-12-15 06:26:08.953520 | GENERATION: 6 | ERRORS: best=114, median=233.0, diversity=0.335 | INDIVIDUALS: n=200, avg_genome_length=47.67
2021-12-15 06:26:11.985332 | GENERATION: 7 | ERRORS: best=99, median=233.0, diversity=0.345 | INDIVIDUALS: n=200, avg_genome_length=47.12
2021-12-15 06:26:15.211722 | GENERATION: 8 | ERRORS: best=99, median=233.0, diversity=0.415 | INDIVIDUALS: n=200, avg_genome_length=47.415
2021-12-15 06:26:18.893055 | GENERATION: 9 | ERRORS: best=99, median=233.0, diversity=0.41 | INDIVIDUALS: n=200, avg_genome_length=44.32
2021-12-15 06:26:21.887731 | GENERATION: 10 | ERRORS: best=99, median=233.0, diversity=0.275 | INDIVIDUALS: n=200, avg_genome_length=38.73
2021-12-15 06:26:24.720606 | GENERATION: 11 | ERRORS: best=99, median=220.0, diversity=0.34 | INDIVIDUALS: n=200, avg_genome_length=39.925
2021-12-15 06:26:27.887375 | GENERATION: 12 | ERRORS: best=99, median=233.0, diversity=0.345 | INDIVIDUALS: n=200, avg_genome_length=39.685
2021-12-15 06:26:30.950151 | GENERATION: 13 | ERRORS: best=99, median=230.0, diversity=0.32 | INDIVIDUALS: n=200, avg_genome_length=38.49
2021-12-15 06:26:33.952974 | GENERATION: 14 | ERRORS: best=99, median=196.5, diversity=0.375 | INDIVIDUALS: n=200, avg_genome_length=37.995
2021-12-15 06:26:37.025849 | GENERATION: 15 | ERRORS: best=99, median=201.0, diversity=0.325 | INDIVIDUALS: n=200, avg_genome_length=37.655
2021-12-15 06:26:40.497134 | GENERATION: 16 | ERRORS: best=99, median=233.0, diversity=0.395 | INDIVIDUALS: n=200, avg_genome_length=38.415
2021-12-15 06:26:44.372308 | GENERATION: 17 | ERRORS: best=94, median=220.0, diversity=0.425 | INDIVIDUALS: n=200, avg_genome_length=39.655
2021-12-15 06:26:48.057417 | GENERATION: 18 | ERRORS: best=94, median=220.0, diversity=0.405 | INDIVIDUALS: n=200, avg_genome_length=39.53
2021-12-15 06:26:51.717952 | GENERATION: 19 | ERRORS: best=83, median=233.0, diversity=0.455 | INDIVIDUALS: n=200, avg_genome_length=38.91
2021-12-15 06:26:55.404051 | GENERATION: 20 | ERRORS: best=83, median=233.0, diversity=0.46 | INDIVIDUALS: n=200, avg_genome_length=39.16
2021-12-15 06:26:59.195089 | GENERATION: 21 | ERRORS: best=83, median=220.0, diversity=0.495 | INDIVIDUALS: n=200, avg_genome_length=42.695
2021-12-15 06:27:02.843342 | GENERATION: 22 | ERRORS: best=83, median=221.0, diversity=0.59 | INDIVIDUALS: n=200, avg_genome_length=48.46
2021-12-15 06:27:06.525619 | GENERATION: 23 | ERRORS: best=83, median=233.0, diversity=0.555 | INDIVIDUALS: n=200, avg_genome_length=45.37
2021-12-15 06:27:10.554072 | GENERATION: 24 | ERRORS: best=83, median=222.0, diversity=0.575 | INDIVIDUALS: n=200, avg_genome_length=44.18
2021-12-15 06:27:14.531408 | GENERATION: 25 | ERRORS: best=83, median=226.0, diversity=0.525 | INDIVIDUALS: n=200, avg_genome_length=43.2
2021-12-15 06:27:18.248622 | GENERATION: 26 | ERRORS: best=83, median=233.0, diversity=0.54 | INDIVIDUALS: n=200, avg_genome_length=41.895
2021-12-15 06:27:21.671606 | GENERATION: 27 | ERRORS: best=83, median=233.0, diversity=0.445 | INDIVIDUALS: n=200, avg_genome_length=38.155
2021-12-15 06:27:25.765250 | GENERATION: 28 | ERRORS: best=83, median=201.0, diversity=0.445 | INDIVIDUALS: n=200, avg_genome_length=36.37
2021-12-15 06:27:29.245483 | GENERATION: 29 | ERRORS: best=83, median=233.0, diversity=0.415 | INDIVIDUALS: n=200, avg_genome_length=34.295
2021-12-15 06:27:32.793944 | GENERATION: 30 | ERRORS: best=83, median=204.0, diversity=0.435 | INDIVIDUALS: n=200, avg_genome_length=33.82
2021-12-15 06:27:36.254517 | GENERATION: 31 | ERRORS: best=83, median=233.0, diversity=0.38 | INDIVIDUALS: n=200, avg_genome_length=32.445
2021-12-15 06:27:39.349840 | GENERATION: 32 | ERRORS: best=83, median=208.0, diversity=0.365 | INDIVIDUALS: n=200, avg_genome_length=31.615
2021-12-15 06:27:42.705163 | GENERATION: 33 | ERRORS: best=83, median=164.5, diversity=0.43 | INDIVIDUALS: n=200, avg_genome_length=30.575
2021-12-15 06:27:46.220909 | GENERATION: 34 | ERRORS: best=83, median=198.0, diversity=0.41 | INDIVIDUALS: n=200, avg_genome_length=28.88
2021-12-15 06:27:49.295186 | GENERATION: 35 | ERRORS: best=83, median=191.0, diversity=0.315 | INDIVIDUALS: n=200, avg_genome_length=26.52
2021-12-15 06:27:51.950662 | GENERATION: 36 | ERRORS: best=94, median=137.5, diversity=0.265 | INDIVIDUALS: n=200, avg_genome_length=24.48
2021-12-15 06:27:54.648473 | GENERATION: 37 | ERRORS: best=94, median=194.0, diversity=0.31 | INDIVIDUALS: n=200, avg_genome_length=22.175
2021-12-15 06:27:57.419056 | GENERATION: 38 | ERRORS: best=94, median=220.0, diversity=0.315 | INDIVIDUALS: n=200, avg_genome_length=20.595
2021-12-15 06:28:00.030593 | GENERATION: 39 | ERRORS: best=94, median=220.0, diversity=0.235 | INDIVIDUALS: n=200, avg_genome_length=19.415
2021-12-15 06:28:02.303716 | GENERATION: 40 | ERRORS: best=94, median=204.5, diversity=0.19 | INDIVIDUALS: n=200, avg_genome_length=18.03
2021-12-15 06:28:04.405434 | GENERATION: 41 | ERRORS: best=94, median=233.0, diversity=0.22 | INDIVIDUALS: n=200, avg_genome_length=17.95
2021-12-15 06:28:06.702990 | GENERATION: 42 | ERRORS: best=94, median=233.0, diversity=0.195 | INDIVIDUALS: n=200, avg_genome_length=17.29
2021-12-15 06:28:08.792800 | GENERATION: 43 | ERRORS: best=94, median=216.0, diversity=0.24 | INDIVIDUALS: n=200, avg_genome_length=17.06
2021-12-15 06:28:10.728382 | GENERATION: 44 | ERRORS: best=94, median=233.0, diversity=0.25 | INDIVIDUALS: n=200, avg_genome_length=15.06
2021-12-15 06:28:12.827237 | GENERATION: 45 | ERRORS: best=94, median=233.0, diversity=0.235 | INDIVIDUALS: n=200, avg_genome_length=15.655
2021-12-15 06:28:14.840595 | GENERATION: 46 | ERRORS: best=94, median=233.0, diversity=0.195 | INDIVIDUALS: n=200, avg_genome_length=16.315
2021-12-15 06:28:17.128590 | GENERATION: 47 | ERRORS: best=94, median=233.0, diversity=0.215 | INDIVIDUALS: n=200, avg_genome_length=18.02
2021-12-15 06:28:19.239863 | GENERATION: 48 | ERRORS: best=80, median=233.0, diversity=0.25 | INDIVIDUALS: n=200, avg_genome_length=17.55
2021-12-15 06:28:21.660757 | GENERATION: 49 | ERRORS: best=80, median=170.0, diversity=0.235 | INDIVIDUALS: n=200, avg_genome_length=17.95
2021-12-15 06:28:23.951315 | GENERATION: 50 | ERRORS: best=94, median=226.0, diversity=0.21 | INDIVIDUALS: n=200, avg_genome_length=17.3
2021-12-15 06:28:25.832757 | GENERATION: 51 | ERRORS: best=94, median=233.0, diversity=0.23 | INDIVIDUALS: n=200, avg_genome_length=15.4
2021-12-15 06:28:27.780672 | GENERATION: 52 | ERRORS: best=94, median=233.0, diversity=0.165 | INDIVIDUALS: n=200, avg_genome_length=14.32
2021-12-15 06:28:29.589485 | GENERATION: 53 | ERRORS: best=96, median=233.0, diversity=0.19 | INDIVIDUALS: n=200, avg_genome_length=12.92
2021-12-15 06:28:31.222732 | GENERATION: 54 | ERRORS: best=96, median=233.0, diversity=0.14 | INDIVIDUALS: n=200, avg_genome_length=11.965
2021-12-15 06:28:32.642926 | GENERATION: 55 | ERRORS: best=96, median=233.0, diversity=0.105 | INDIVIDUALS: n=200, avg_genome_length=10.25
2021-12-15 06:28:34.313164 | GENERATION: 56 | ERRORS: best=96, median=233.0, diversity=0.185 | INDIVIDUALS: n=200, avg_genome_length=10.155
2021-12-15 06:28:36.032466 | GENERATION: 57 | ERRORS: best=89, median=233.0, diversity=0.175 | INDIVIDUALS: n=200, avg_genome_length=9.15
2021-12-15 06:28:37.605999 | GENERATION: 58 | ERRORS: best=96, median=170.0, diversity=0.165 | INDIVIDUALS: n=200, avg_genome_length=8.675
2021-12-15 06:28:39.253714 | GENERATION: 59 | ERRORS: best=96, median=201.0, diversity=0.095 | INDIVIDUALS: n=200, avg_genome_length=7.81
2021-12-15 06:28:40.537462 | GENERATION: 60 | ERRORS: best=96, median=233.0, diversity=0.11 | INDIVIDUALS: n=200, avg_genome_length=7.29
2021-12-15 06:28:41.808426 | GENERATION: 61 | ERRORS: best=96, median=233.0, diversity=0.085 | INDIVIDUALS: n=200, avg_genome_length=7.055
2021-12-15 06:28:43.191374 | GENERATION: 62 | ERRORS: best=96, median=233.0, diversity=0.105 | INDIVIDUALS: n=200, avg_genome_length=7.265
2021-12-15 06:28:44.439257 | GENERATION: 63 | ERRORS: best=96, median=233.0, diversity=0.085 | INDIVIDUALS: n=200, avg_genome_length=6.715
2021-12-15 06:28:45.686827 | GENERATION: 64 | ERRORS: best=96, median=226.5, diversity=0.095 | INDIVIDUALS: n=200, avg_genome_length=6.78
2021-12-15 06:28:46.912051 | GENERATION: 65 | ERRORS: best=99, median=233.0, diversity=0.105 | INDIVIDUALS: n=200, avg_genome_length=6.385
2021-12-15 06:28:48.235648 | GENERATION: 66 | ERRORS: best=99, median=233.0, diversity=0.06 | INDIVIDUALS: n=200, avg_genome_length=5.27
2021-12-15 06:28:49.337395 | GENERATION: 67 | ERRORS: best=99, median=233.0, diversity=0.06 | INDIVIDUALS: n=200, avg_genome_length=5.19
2021-12-15 06:28:50.549861 | GENERATION: 68 | ERRORS: best=99, median=233.0, diversity=0.09 | INDIVIDUALS: n=200, avg_genome_length=6.335
2021-12-15 06:28:52.169584 | GENERATION: 69 | ERRORS: best=99, median=233.0, diversity=0.075 | INDIVIDUALS: n=200, avg_genome_length=6.215
2021-12-15 06:28:53.624526 | GENERATION: 70 | ERRORS: best=99, median=233.0, diversity=0.08 | INDIVIDUALS: n=200, avg_genome_length=6.685
2021-12-15 06:28:55.200581 | GENERATION: 71 | ERRORS: best=99, median=233.0, diversity=0.11 | INDIVIDUALS: n=200, avg_genome_length=7.665
2021-12-15 06:28:56.943545 | GENERATION: 72 | ERRORS: best=99, median=199.0, diversity=0.085 | INDIVIDUALS: n=200, avg_genome_length=7.855
2021-12-15 06:28:58.357919 | GENERATION: 73 | ERRORS: best=96, median=233.0, diversity=0.1 | INDIVIDUALS: n=200, avg_genome_length=8.15
2021-12-15 06:28:59.954546 | GENERATION: 74 | ERRORS: best=96, median=226.5, diversity=0.14 | INDIVIDUALS: n=200, avg_genome_length=8.68
2021-12-15 06:29:01.511220 | GENERATION: 75 | ERRORS: best=96, median=121.0, diversity=0.16 | INDIVIDUALS: n=200, avg_genome_length=9.495
2021-12-15 06:29:02.956674 | GENERATION: 76 | ERRORS: best=96, median=169.5, diversity=0.155 | INDIVIDUALS: n=200, avg_genome_length=8.335
2021-12-15 06:29:04.296372 | GENERATION: 77 | ERRORS: best=96, median=233.0, diversity=0.115 | INDIVIDUALS: n=200, avg_genome_length=7.23
2021-12-15 06:29:05.628900 | GENERATION: 78 | ERRORS: best=96, median=233.0, diversity=0.105 | INDIVIDUALS: n=200, avg_genome_length=6.95
2021-12-15 06:29:06.976481 | GENERATION: 79 | ERRORS: best=96, median=233.0, diversity=0.08 | INDIVIDUALS: n=200, avg_genome_length=6.885
2021-12-15 06:29:08.271363 | GENERATION: 80 | ERRORS: best=96, median=233.0, diversity=0.08 | INDIVIDUALS: n=200, avg_genome_length=6.76
2021-12-15 06:29:09.504085 | GENERATION: 81 | ERRORS: best=96, median=233.0, diversity=0.05 | INDIVIDUALS: n=200, avg_genome_length=6.65
2021-12-15 06:29:10.814849 | GENERATION: 82 | ERRORS: best=96, median=233.0, diversity=0.07 | INDIVIDUALS: n=200, avg_genome_length=6.445
2021-12-15 06:29:11.981298 | GENERATION: 83 | ERRORS: best=99, median=233.0, diversity=0.065 | INDIVIDUALS: n=200, avg_genome_length=6.08
2021-12-15 06:29:13.364093 | GENERATION: 84 | ERRORS: best=96, median=233.0, diversity=0.1 | INDIVIDUALS: n=200, avg_genome_length=6.5
2021-12-15 06:29:14.568806 | GENERATION: 85 | ERRORS: best=96, median=233.0, diversity=0.085 | INDIVIDUALS: n=200, avg_genome_length=6.365
2021-12-15 06:29:16.032630 | GENERATION: 86 | ERRORS: best=96, median=233.0, diversity=0.065 | INDIVIDUALS: n=200, avg_genome_length=6.995
2021-12-15 06:29:17.386104 | GENERATION: 87 | ERRORS: best=96, median=233.0, diversity=0.095 | INDIVIDUALS: n=200, avg_genome_length=7.535
2021-12-15 06:29:18.860173 | GENERATION: 88 | ERRORS: best=96, median=233.0, diversity=0.09 | INDIVIDUALS: n=200, avg_genome_length=7.285
2021-12-15 06:29:20.242494 | GENERATION: 89 | ERRORS: best=96, median=233.0, diversity=0.07 | INDIVIDUALS: n=200, avg_genome_length=7.435
2021-12-15 06:29:21.457053 | GENERATION: 90 | ERRORS: best=96, median=233.0, diversity=0.06 | INDIVIDUALS: n=200, avg_genome_length=6.575
2021-12-15 06:29:22.831289 | GENERATION: 91 | ERRORS: best=96, median=233.0, diversity=0.09 | INDIVIDUALS: n=200, avg_genome_length=6.04
2021-12-15 06:29:24.060836 | GENERATION: 92 | ERRORS: best=96, median=233.0, diversity=0.075 | INDIVIDUALS: n=200, avg_genome_length=6.615
2021-12-15 06:29:25.356583 | GENERATION: 93 | ERRORS: best=99, median=233.0, diversity=0.055 | INDIVIDUALS: n=200, avg_genome_length=6.68
2021-12-15 06:29:26.736165 | GENERATION: 94 | ERRORS: best=99, median=233.0, diversity=0.06 | INDIVIDUALS: n=200, avg_genome_length=6.65
2021-12-15 06:29:28.014084 | GENERATION: 95 | ERRORS: best=99, median=233.0, diversity=0.07 | INDIVIDUALS: n=200, avg_genome_length=6.91
2021-12-15 06:29:29.233038 | GENERATION: 96 | ERRORS: best=99, median=233.0, diversity=0.055 | INDIVIDUALS: n=200, avg_genome_length=6.155
2021-12-15 06:29:30.496756 | GENERATION: 97 | ERRORS: best=96, median=233.0, diversity=0.1 | INDIVIDUALS: n=200, avg_genome_length=6.4
2021-12-15 06:29:31.749809 | GENERATION: 98 | ERRORS: best=99, median=233.0, diversity=0.09 | INDIVIDUALS: n=200, avg_genome_length=7.25
2021-12-15 06:29:33.082547 | GENERATION: 99 | ERRORS: best=99, median=233.0, diversity=0.075 | INDIVIDUALS: n=200, avg_genome_length=7.045
2021-12-15 06:29:34.572836 | GENERATION: 100 | ERRORS: best=99, median=233.0, diversity=0.09 | INDIVIDUALS: n=200, avg_genome_length=6.775
2021-12-15 06:29:36.144034 | GENERATION: 101 | ERRORS: best=99, median=233.0, diversity=0.075 | INDIVIDUALS: n=200, avg_genome_length=6.265
2021-12-15 06:29:37.623726 | GENERATION: 102 | ERRORS: best=99, median=233.0, diversity=0.07 | INDIVIDUALS: n=200, avg_genome_length=6.85
2021-12-15 06:29:38.873895 | GENERATION: 103 | ERRORS: best=99, median=233.0, diversity=0.065 | INDIVIDUALS: n=200, avg_genome_length=7.165
2021-12-15 06:29:40.110186 | GENERATION: 104 | ERRORS: best=99, median=233.0, diversity=0.075 | INDIVIDUALS: n=200, avg_genome_length=5.975
2021-12-15 06:29:41.430040 | GENERATION: 105 | ERRORS: best=99, median=233.0, diversity=0.075 | INDIVIDUALS: n=200, avg_genome_length=5.8
2021-12-15 06:29:42.675284 | GENERATION: 106 | ERRORS: best=99, median=233.0, diversity=0.085 | INDIVIDUALS: n=200, avg_genome_length=7.17
2021-12-15 06:29:44.405612 | GENERATION: 107 | ERRORS: best=99, median=233.0, diversity=0.1 | INDIVIDUALS: n=200, avg_genome_length=7.61
2021-12-15 06:29:45.789156 | GENERATION: 108 | ERRORS: best=99, median=233.0, diversity=0.095 | INDIVIDUALS: n=200, avg_genome_length=6.94
2021-12-15 06:29:47.351687 | GENERATION: 109 | ERRORS: best=99, median=233.0, diversity=0.085 | INDIVIDUALS: n=200, avg_genome_length=6.925
2021-12-15 06:29:48.685157 | GENERATION: 110 | ERRORS: best=99, median=233.0, diversity=0.11 | INDIVIDUALS: n=200, avg_genome_length=6.895
2021-12-15 06:29:50.217783 | GENERATION: 111 | ERRORS: best=99, median=233.0, diversity=0.085 | INDIVIDUALS: n=200, avg_genome_length=6.715
2021-12-15 06:29:51.554017 | GENERATION: 112 | ERRORS: best=99, median=233.0, diversity=0.075 | INDIVIDUALS: n=200, avg_genome_length=5.935
2021-12-15 06:29:52.806541 | GENERATION: 113 | ERRORS: best=99, median=233.0, diversity=0.065 | INDIVIDUALS: n=200, avg_genome_length=5.99
2021-12-15 06:29:54.000645 | GENERATION: 114 | ERRORS: best=99, median=233.0, diversity=0.07 | INDIVIDUALS: n=200, avg_genome_length=5.59
2021-12-15 06:29:55.484791 | GENERATION: 115 | ERRORS: best=99, median=233.0, diversity=0.075 | INDIVIDUALS: n=200, avg_genome_length=6.72
2021-12-15 06:29:56.755368 | GENERATION: 116 | ERRORS: best=99, median=233.0, diversity=0.08 | INDIVIDUALS: n=200, avg_genome_length=6.84
2021-12-15 06:29:58.082501 | GENERATION: 117 | ERRORS: best=99, median=233.0, diversity=0.09 | INDIVIDUALS: n=200, avg_genome_length=7.37
2021-12-15 06:29:59.391030 | GENERATION: 118 | ERRORS: best=99, median=233.0, diversity=0.07 | INDIVIDUALS: n=200, avg_genome_length=6.97
2021-12-15 06:30:00.815587 | GENERATION: 119 | ERRORS: best=99, median=233.0, diversity=0.065 | INDIVIDUALS: n=200, avg_genome_length=6.21
2021-12-15 06:30:02.040973 | GENERATION: 120 | ERRORS: best=99, median=233.0, diversity=0.055 | INDIVIDUALS: n=200, avg_genome_length=5.915
2021-12-15 06:30:03.280611 | GENERATION: 121 | ERRORS: best=99, median=233.0, diversity=0.065 | INDIVIDUALS: n=200, avg_genome_length=6.26
2021-12-15 06:30:04.516608 | GENERATION: 122 | ERRORS: best=99, median=233.0, diversity=0.07 | INDIVIDUALS: n=200, avg_genome_length=6.15
2021-12-15 06:30:05.740070 | GENERATION: 123 | ERRORS: best=99, median=233.0, diversity=0.06 | INDIVIDUALS: n=200, avg_genome_length=5.61
2021-12-15 06:30:06.847821 | GENERATION: 124 | ERRORS: best=99, median=233.0, diversity=0.05 | INDIVIDUALS: n=200, avg_genome_length=5.23
2021-12-15 06:30:08.031802 | GENERATION: 125 | ERRORS: best=99, median=233.0, diversity=0.05 | INDIVIDUALS: n=200, avg_genome_length=5.19
2021-12-15 06:30:09.393897 | GENERATION: 126 | ERRORS: best=99, median=233.0, diversity=0.075 | INDIVIDUALS: n=200, avg_genome_length=5.325
2021-12-15 06:30:10.735684 | GENERATION: 127 | ERRORS: best=99, median=233.0, diversity=0.055 | INDIVIDUALS: n=200, avg_genome_length=4.975
2021-12-15 06:30:11.884265 | GENERATION: 128 | ERRORS: best=99, median=233.0, diversity=0.04 | INDIVIDUALS: n=200, avg_genome_length=5.085
2021-12-15 06:30:13.049269 | GENERATION: 129 | ERRORS: best=99, median=233.0, diversity=0.03 | INDIVIDUALS: n=200, avg_genome_length=4.94
2021-12-15 06:30:14.271442 | GENERATION: 130 | ERRORS: best=99, median=233.0, diversity=0.035 | INDIVIDUALS: n=200, avg_genome_length=4.85
2021-12-15 06:30:15.401935 | GENERATION: 131 | ERRORS: best=99, median=233.0, diversity=0.04 | INDIVIDUALS: n=200, avg_genome_length=4.99
2021-12-15 06:30:16.818954 | GENERATION: 132 | ERRORS: best=99, median=233.0, diversity=0.04 | INDIVIDUALS: n=200, avg_genome_length=5.235
2021-12-15 06:30:18.047005 | GENERATION: 133 | ERRORS: best=99, median=233.0, diversity=0.03 | INDIVIDUALS: n=200, avg_genome_length=5.48
2021-12-15 06:30:19.426755 | GENERATION: 134 | ERRORS: best=99, median=233.0, diversity=0.04 | INDIVIDUALS: n=200, avg_genome_length=5.495
2021-12-15 06:30:20.602408 | GENERATION: 135 | ERRORS: best=99, median=233.0, diversity=0.035 | INDIVIDUALS: n=200, avg_genome_length=5.745
2021-12-15 06:30:21.785019 | GENERATION: 136 | ERRORS: best=99, median=233.0, diversity=0.045 | INDIVIDUALS: n=200, avg_genome_length=5.655
2021-12-15 06:30:23.050227 | GENERATION: 137 | ERRORS: best=99, median=233.0, diversity=0.035 | INDIVIDUALS: n=200, avg_genome_length=5.085
2021-12-15 06:30:24.149419 | GENERATION: 138 | ERRORS: best=99, median=233.0, diversity=0.035 | INDIVIDUALS: n=200, avg_genome_length=4.86
2021-12-15 06:30:25.344189 | GENERATION: 139 | ERRORS: best=99, median=233.0, diversity=0.045 | INDIVIDUALS: n=200, avg_genome_length=5.505
2021-12-15 06:30:26.468660 | GENERATION: 140 | ERRORS: best=99, median=233.0, diversity=0.045 | INDIVIDUALS: n=200, avg_genome_length=5.045
2021-12-15 06:30:27.608130 | GENERATION: 141 | ERRORS: best=99, median=233.0, diversity=0.045 | INDIVIDUALS: n=200, avg_genome_length=4.95
2021-12-15 06:30:29.127826 | GENERATION: 142 | ERRORS: best=99, median=233.0, diversity=0.065 | INDIVIDUALS: n=200, avg_genome_length=5.39
2021-12-15 06:30:30.564027 | GENERATION: 143 | ERRORS: best=99, median=233.0, diversity=0.085 | INDIVIDUALS: n=200, avg_genome_length=5.62
2021-12-15 06:30:31.689669 | GENERATION: 144 | ERRORS: best=99, median=233.0, diversity=0.05 | INDIVIDUALS: n=200, avg_genome_length=5.335
2021-12-15 06:30:33.058008 | GENERATION: 145 | ERRORS: best=99, median=233.0, diversity=0.045 | INDIVIDUALS: n=200, avg_genome_length=5.53
2021-12-15 06:30:34.387502 | GENERATION: 146 | ERRORS: best=99, median=233.0, diversity=0.065 | INDIVIDUALS: n=200, avg_genome_length=6.0
2021-12-15 06:30:35.721317 | GENERATION: 147 | ERRORS: best=99, median=233.0, diversity=0.065 | INDIVIDUALS: n=200, avg_genome_length=5.475
2021-12-15 06:30:36.863122 | GENERATION: 148 | ERRORS: best=99, median=233.0, diversity=0.04 | INDIVIDUALS: n=200, avg_genome_length=5.375
2021-12-15 06:30:38.242892 | GENERATION: 149 | ERRORS: best=99, median=233.0, diversity=0.07 | INDIVIDUALS: n=200, avg_genome_length=5.945
2021-12-15 06:30:39.705549 | GENERATION: 150 | ERRORS: best=99, median=233.0, diversity=0.05 | INDIVIDUALS: n=200, avg_genome_length=6.52
2021-12-15 06:30:41.031448 | GENERATION: 151 | ERRORS: best=99, median=233.0, diversity=0.05 | INDIVIDUALS: n=200, avg_genome_length=5.995
2021-12-15 06:30:42.263134 | GENERATION: 152 | ERRORS: best=99, median=233.0, diversity=0.045 | INDIVIDUALS: n=200, avg_genome_length=5.76
2021-12-15 06:30:43.582047 | GENERATION: 153 | ERRORS: best=99, median=233.0, diversity=0.075 | INDIVIDUALS: n=200, avg_genome_length=5.51
2021-12-15 06:30:44.807475 | GENERATION: 154 | ERRORS: best=99, median=233.0, diversity=0.055 | INDIVIDUALS: n=200, avg_genome_length=5.565
2021-12-15 06:30:45.946667 | GENERATION: 155 | ERRORS: best=99, median=233.0, diversity=0.045 | INDIVIDUALS: n=200, avg_genome_length=5.71
2021-12-15 06:30:47.101148 | GENERATION: 156 | ERRORS: best=99, median=233.0, diversity=0.035 | INDIVIDUALS: n=200, avg_genome_length=5.71
2021-12-15 06:30:48.412378 | GENERATION: 157 | ERRORS: best=99, median=233.0, diversity=0.04 | INDIVIDUALS: n=200, avg_genome_length=6.3
2021-12-15 06:30:49.735950 | GENERATION: 158 | ERRORS: best=99, median=233.0, diversity=0.075 | INDIVIDUALS: n=200, avg_genome_length=6.325
2021-12-15 06:30:51.271978 | GENERATION: 159 | ERRORS: best=99, median=233.0, diversity=0.05 | INDIVIDUALS: n=200, avg_genome_length=5.905
2021-12-15 06:30:52.586488 | GENERATION: 160 | ERRORS: best=99, median=233.0, diversity=0.04 | INDIVIDUALS: n=200, avg_genome_length=6.25
2021-12-15 06:30:54.021425 | GENERATION: 161 | ERRORS: best=99, median=233.0, diversity=0.05 | INDIVIDUALS: n=200, avg_genome_length=6.08
2021-12-15 06:30:55.240589 | GENERATION: 162 | ERRORS: best=99, median=233.0, diversity=0.045 | INDIVIDUALS: n=200, avg_genome_length=6.185
2021-12-15 06:30:56.490133 | GENERATION: 163 | ERRORS: best=99, median=233.0, diversity=0.04 | INDIVIDUALS: n=200, avg_genome_length=6.065
2021-12-15 06:30:57.706434 | GENERATION: 164 | ERRORS: best=99, median=233.0, diversity=0.04 | INDIVIDUALS: n=200, avg_genome_length=6.19
2021-12-15 06:30:59.144598 | GENERATION: 165 | ERRORS: best=99, median=233.0, diversity=0.06 | INDIVIDUALS: n=200, avg_genome_length=6.4
2021-12-15 06:31:00.413496 | GENERATION: 166 | ERRORS: best=99, median=233.0, diversity=0.04 | INDIVIDUALS: n=200, avg_genome_length=6.835
2021-12-15 06:31:01.985599 | GENERATION: 167 | ERRORS: best=99, median=233.0, diversity=0.065 | INDIVIDUALS: n=200, avg_genome_length=7.09
2021-12-15 06:31:03.574382 | GENERATION: 168 | ERRORS: best=99, median=233.0, diversity=0.085 | INDIVIDUALS: n=200, avg_genome_length=6.95
2021-12-15 06:31:04.817973 | GENERATION: 169 | ERRORS: best=99, median=233.0, diversity=0.045 | INDIVIDUALS: n=200, avg_genome_length=6.295
2021-12-15 06:31:06.003337 | GENERATION: 170 | ERRORS: best=99, median=233.0, diversity=0.045 | INDIVIDUALS: n=200, avg_genome_length=5.605
2021-12-15 06:31:07.353190 | GENERATION: 171 | ERRORS: best=99, median=233.0, diversity=0.04 | INDIVIDUALS: n=200, avg_genome_length=5.21
2021-12-15 06:31:08.736437 | GENERATION: 172 | ERRORS: best=99, median=233.0, diversity=0.035 | INDIVIDUALS: n=200, avg_genome_length=5.985
2021-12-15 06:31:09.983243 | GENERATION: 173 | ERRORS: best=99, median=233.0, diversity=0.05 | INDIVIDUALS: n=200, avg_genome_length=5.645
2021-12-15 06:31:11.471132 | GENERATION: 174 | ERRORS: best=99, median=233.0, diversity=0.055 | INDIVIDUALS: n=200, avg_genome_length=5.34
2021-12-15 06:31:12.720902 | GENERATION: 175 | ERRORS: best=99, median=233.0, diversity=0.045 | INDIVIDUALS: n=200, avg_genome_length=5.575
2021-12-15 06:31:13.879346 | GENERATION: 176 | ERRORS: best=99, median=233.0, diversity=0.06 | INDIVIDUALS: n=200, avg_genome_length=5.3
2021-12-15 06:31:15.069211 | GENERATION: 177 | ERRORS: best=99, median=233.0, diversity=0.05 | INDIVIDUALS: n=200, avg_genome_length=5.675
2021-12-15 06:31:16.249461 | GENERATION: 178 | ERRORS: best=99, median=233.0, diversity=0.04 | INDIVIDUALS: n=200, avg_genome_length=5.545
2021-12-15 06:31:17.377065 | GENERATION: 179 | ERRORS: best=99, median=233.0, diversity=0.04 | INDIVIDUALS: n=200, avg_genome_length=5.12
2021-12-15 06:31:18.945474 | GENERATION: 180 | ERRORS: best=99, median=233.0, diversity=0.08 | INDIVIDUALS: n=200, avg_genome_length=6.865
2021-12-15 06:31:20.243913 | GENERATION: 181 | ERRORS: best=99, median=233.0, diversity=0.065 | INDIVIDUALS: n=200, avg_genome_length=6.1
2021-12-15 06:31:21.841055 | GENERATION: 182 | ERRORS: best=99, median=233.0, diversity=0.08 | INDIVIDUALS: n=200, avg_genome_length=7.03
2021-12-15 06:31:23.372743 | GENERATION: 183 | ERRORS: best=99, median=233.0, diversity=0.075 | INDIVIDUALS: n=200, avg_genome_length=7.7
2021-12-15 06:31:24.921184 | GENERATION: 184 | ERRORS: best=99, median=233.0, diversity=0.075 | INDIVIDUALS: n=200, avg_genome_length=8.445
2021-12-15 06:31:26.327598 | GENERATION: 185 | ERRORS: best=99, median=204.0, diversity=0.07 | INDIVIDUALS: n=200, avg_genome_length=7.91
2021-12-15 06:31:27.874736 | GENERATION: 186 | ERRORS: best=99, median=233.0, diversity=0.08 | INDIVIDUALS: n=200, avg_genome_length=7.215
2021-12-15 06:31:29.365190 | GENERATION: 187 | ERRORS: best=99, median=233.0, diversity=0.045 | INDIVIDUALS: n=200, avg_genome_length=5.955
2021-12-15 06:31:30.671263 | GENERATION: 188 | ERRORS: best=99, median=233.0, diversity=0.09 | INDIVIDUALS: n=200, avg_genome_length=6.19
2021-12-15 06:31:32.055997 | GENERATION: 189 | ERRORS: best=99, median=233.0, diversity=0.06 | INDIVIDUALS: n=200, avg_genome_length=5.925
2021-12-15 06:31:33.367221 | GENERATION: 190 | ERRORS: best=99, median=116.0, diversity=0.055 | INDIVIDUALS: n=200, avg_genome_length=6.49
2021-12-15 06:31:34.655971 | GENERATION: 191 | ERRORS: best=99, median=233.0, diversity=0.07 | INDIVIDUALS: n=200, avg_genome_length=6.005
2021-12-15 06:31:35.910919 | GENERATION: 192 | ERRORS: best=99, median=233.0, diversity=0.085 | INDIVIDUALS: n=200, avg_genome_length=5.79
2021-12-15 06:31:37.046927 | GENERATION: 193 | ERRORS: best=99, median=233.0, diversity=0.065 | INDIVIDUALS: n=200, avg_genome_length=5.255
2021-12-15 06:31:38.466413 | GENERATION: 194 | ERRORS: best=99, median=233.0, diversity=0.055 | INDIVIDUALS: n=200, avg_genome_length=5.42
2021-12-15 06:31:39.674846 | GENERATION: 195 | ERRORS: best=99, median=233.0, diversity=0.05 | INDIVIDUALS: n=200, avg_genome_length=5.335
2021-12-15 06:31:41.189213 | GENERATION: 196 | ERRORS: best=99, median=233.0, diversity=0.065 | INDIVIDUALS: n=200, avg_genome_length=5.41
2021-12-15 06:31:42.622211 | GENERATION: 197 | ERRORS: best=99, median=233.0, diversity=0.045 | INDIVIDUALS: n=200, avg_genome_length=5.62
2021-12-15 06:31:43.929226 | GENERATION: 198 | ERRORS: best=99, median=233.0, diversity=0.04 | INDIVIDUALS: n=200, avg_genome_length=5.04
2021-12-15 06:31:45.050891 | GENERATION: 199 | ERRORS: best=99, median=233.0, diversity=0.035 | INDIVIDUALS: n=200, avg_genome_length=4.815
2021-12-15 06:31:46.260524 | GENERATION: 200 | ERRORS: best=99, median=233.0, diversity=0.04 | INDIVIDUALS: n=200, avg_genome_length=5.255
2021-12-15 06:31:47.475060 | GENERATION: 201 | ERRORS: best=99, median=233.0, diversity=0.035 | INDIVIDUALS: n=200, avg_genome_length=5.405
2021-12-15 06:31:48.799588 | GENERATION: 202 | ERRORS: best=99, median=233.0, diversity=0.06 | INDIVIDUALS: n=200, avg_genome_length=5.595
2021-12-15 06:31:49.958550 | GENERATION: 203 | ERRORS: best=99, median=233.0, diversity=0.035 | INDIVIDUALS: n=200, avg_genome_length=5.61
2021-12-15 06:31:51.423518 | GENERATION: 204 | ERRORS: best=99, median=233.0, diversity=0.04 | INDIVIDUALS: n=200, avg_genome_length=5.54
2021-12-15 06:31:52.582193 | GENERATION: 205 | ERRORS: best=99, median=233.0, diversity=0.03 | INDIVIDUALS: n=200, avg_genome_length=5.77
2021-12-15 06:31:53.746258 | GENERATION: 206 | ERRORS: best=99, median=233.0, diversity=0.065 | INDIVIDUALS: n=200, avg_genome_length=5.555
2021-12-15 06:31:54.959002 | GENERATION: 207 | ERRORS: best=99, median=233.0, diversity=0.045 | INDIVIDUALS: n=200, avg_genome_length=5.825
2021-12-15 06:31:56.476936 | GENERATION: 208 | ERRORS: best=99, median=233.0, diversity=0.075 | INDIVIDUALS: n=200, avg_genome_length=6.695
2021-12-15 06:31:57.643508 | GENERATION: 209 | ERRORS: best=99, median=233.0, diversity=0.055 | INDIVIDUALS: n=200, avg_genome_length=5.77
2021-12-15 06:31:59.043348 | GENERATION: 210 | ERRORS: best=99, median=233.0, diversity=0.055 | INDIVIDUALS: n=200, avg_genome_length=5.285
2021-12-15 06:32:00.479033 | GENERATION: 211 | ERRORS: best=99, median=233.0, diversity=0.04 | INDIVIDUALS: n=200, avg_genome_length=5.895
2021-12-15 06:32:01.900133 | GENERATION: 212 | ERRORS: best=99, median=233.0, diversity=0.055 | INDIVIDUALS: n=200, avg_genome_length=6.125
2021-12-15 06:32:03.217907 | GENERATION: 213 | ERRORS: best=99, median=233.0, diversity=0.07 | INDIVIDUALS: n=200, avg_genome_length=6.445
2021-12-15 06:32:04.657777 | GENERATION: 214 | ERRORS: best=99, median=233.0, diversity=0.05 | INDIVIDUALS: n=200, avg_genome_length=6.015
2021-12-15 06:32:05.968412 | GENERATION: 215 | ERRORS: best=99, median=233.0, diversity=0.08 | INDIVIDUALS: n=200, avg_genome_length=5.935
2021-12-15 06:32:07.235037 | GENERATION: 216 | ERRORS: best=99, median=233.0, diversity=0.035 | INDIVIDUALS: n=200, avg_genome_length=5.875
2021-12-15 06:32:08.595497 | GENERATION: 217 | ERRORS: best=99, median=233.0, diversity=0.05 | INDIVIDUALS: n=200, avg_genome_length=5.925
2021-12-15 06:32:09.908689 | GENERATION: 218 | ERRORS: best=99, median=233.0, diversity=0.06 | INDIVIDUALS: n=200, avg_genome_length=6.105
2021-12-15 06:32:11.469200 | GENERATION: 219 | ERRORS: best=99, median=233.0, diversity=0.045 | INDIVIDUALS: n=200, avg_genome_length=6.065
2021-12-15 06:32:13.169873 | GENERATION: 220 | ERRORS: best=99, median=233.0, diversity=0.05 | INDIVIDUALS: n=200, avg_genome_length=6.86
2021-12-15 06:32:14.434304 | GENERATION: 221 | ERRORS: best=99, median=233.0, diversity=0.055 | INDIVIDUALS: n=200, avg_genome_length=6.59
2021-12-15 06:32:15.936684 | GENERATION: 222 | ERRORS: best=99, median=233.0, diversity=0.04 | INDIVIDUALS: n=200, avg_genome_length=6.05
2021-12-15 06:32:17.341404 | GENERATION: 223 | ERRORS: best=99, median=233.0, diversity=0.045 | INDIVIDUALS: n=200, avg_genome_length=5.285
2021-12-15 06:32:18.574657 | GENERATION: 224 | ERRORS: best=99, median=233.0, diversity=0.035 | INDIVIDUALS: n=200, avg_genome_length=5.825
2021-12-15 06:32:19.826894 | GENERATION: 225 | ERRORS: best=99, median=233.0, diversity=0.04 | INDIVIDUALS: n=200, avg_genome_length=6.25
2021-12-15 06:32:21.118156 | GENERATION: 226 | ERRORS: best=99, median=233.0, diversity=0.05 | INDIVIDUALS: n=200, avg_genome_length=6.605
2021-12-15 06:32:22.359391 | GENERATION: 227 | ERRORS: best=99, median=233.0, diversity=0.045 | INDIVIDUALS: n=200, avg_genome_length=5.98
2021-12-15 06:32:23.512030 | GENERATION: 228 | ERRORS: best=99, median=233.0, diversity=0.05 | INDIVIDUALS: n=200, avg_genome_length=5.45
2021-12-15 06:32:24.934478 | GENERATION: 229 | ERRORS: best=99, median=233.0, diversity=0.045 | INDIVIDUALS: n=200, avg_genome_length=5.13
2021-12-15 06:32:26.099790 | GENERATION: 230 | ERRORS: best=99, median=233.0, diversity=0.035 | INDIVIDUALS: n=200, avg_genome_length=5.755
2021-12-15 06:32:27.348514 | GENERATION: 231 | ERRORS: best=99, median=233.0, diversity=0.055 | INDIVIDUALS: n=200, avg_genome_length=6.69
2021-12-15 06:32:28.636929 | GENERATION: 232 | ERRORS: best=99, median=233.0, diversity=0.055 | INDIVIDUALS: n=200, avg_genome_length=7.02
2021-12-15 06:32:29.859858 | GENERATION: 233 | ERRORS: best=99, median=233.0, diversity=0.06 | INDIVIDUALS: n=200, avg_genome_length=6.35
2021-12-15 06:32:31.454997 | GENERATION: 234 | ERRORS: best=99, median=233.0, diversity=0.055 | INDIVIDUALS: n=200, avg_genome_length=6.51
2021-12-15 06:32:32.866996 | GENERATION: 235 | ERRORS: best=99, median=233.0, diversity=0.035 | INDIVIDUALS: n=200, avg_genome_length=6.285
2021-12-15 06:32:34.091155 | GENERATION: 236 | ERRORS: best=99, median=233.0, diversity=0.04 | INDIVIDUALS: n=200, avg_genome_length=5.905
2021-12-15 06:32:35.360503 | GENERATION: 237 | ERRORS: best=99, median=233.0, diversity=0.04 | INDIVIDUALS: n=200, avg_genome_length=5.85
2021-12-15 06:32:36.589368 | GENERATION: 238 | ERRORS: best=99, median=233.0, diversity=0.04 | INDIVIDUALS: n=200, avg_genome_length=6.085
2021-12-15 06:32:37.907051 | GENERATION: 239 | ERRORS: best=99, median=233.0, diversity=0.06 | INDIVIDUALS: n=200, avg_genome_length=6.815
2021-12-15 06:32:39.400446 | GENERATION: 240 | ERRORS: best=99, median=233.0, diversity=0.06 | INDIVIDUALS: n=200, avg_genome_length=6.555
2021-12-15 06:32:40.589286 | GENERATION: 241 | ERRORS: best=99, median=233.0, diversity=0.065 | INDIVIDUALS: n=200, avg_genome_length=6.025
2021-12-15 06:32:42.157666 | GENERATION: 242 | ERRORS: best=99, median=233.0, diversity=0.055 | INDIVIDUALS: n=200, avg_genome_length=5.905
2021-12-15 06:32:43.281374 | GENERATION: 243 | ERRORS: best=99, median=233.0, diversity=0.025 | INDIVIDUALS: n=200, avg_genome_length=5.375
2021-12-15 06:32:44.735156 | GENERATION: 244 | ERRORS: best=99, median=233.0, diversity=0.075 | INDIVIDUALS: n=200, avg_genome_length=5.615
2021-12-15 06:32:45.887476 | GENERATION: 245 | ERRORS: best=99, median=233.0, diversity=0.045 | INDIVIDUALS: n=200, avg_genome_length=5.17
2021-12-15 06:32:47.355561 | GENERATION: 246 | ERRORS: best=99, median=233.0, diversity=0.03 | INDIVIDUALS: n=200, avg_genome_length=4.995
2021-12-15 06:32:48.534665 | GENERATION: 247 | ERRORS: best=99, median=233.0, diversity=0.04 | INDIVIDUALS: n=200, avg_genome_length=5.0
2021-12-15 06:32:49.655176 | GENERATION: 248 | ERRORS: best=99, median=233.0, diversity=0.03 | INDIVIDUALS: n=200, avg_genome_length=5.0
2021-12-15 06:32:50.882202 | GENERATION: 249 | ERRORS: best=99, median=233.0, diversity=0.04 | INDIVIDUALS: n=200, avg_genome_length=5.545
2021-12-15 06:32:52.079410 | GENERATION: 250 | ERRORS: best=99, median=233.0, diversity=0.055 | INDIVIDUALS: n=200, avg_genome_length=5.515
2021-12-15 06:32:53.346637 | GENERATION: 251 | ERRORS: best=99, median=233.0, diversity=0.055 | INDIVIDUALS: n=200, avg_genome_length=5.47
2021-12-15 06:32:54.587959 | GENERATION: 252 | ERRORS: best=99, median=233.0, diversity=0.045 | INDIVIDUALS: n=200, avg_genome_length=5.265
2021-12-15 06:32:55.977104 | GENERATION: 253 | ERRORS: best=99, median=233.0, diversity=0.05 | INDIVIDUALS: n=200, avg_genome_length=5.98
2021-12-15 06:32:57.178257 | GENERATION: 254 | ERRORS: best=99, median=233.0, diversity=0.03 | INDIVIDUALS: n=200, avg_genome_length=5.785
2021-12-15 06:32:58.489112 | GENERATION: 255 | ERRORS: best=99, median=233.0, diversity=0.06 | INDIVIDUALS: n=200, avg_genome_length=6.025
2021-12-15 06:32:59.697104 | GENERATION: 256 | ERRORS: best=99, median=233.0, diversity=0.05 | INDIVIDUALS: n=200, avg_genome_length=5.74
2021-12-15 06:33:01.034264 | GENERATION: 257 | ERRORS: best=99, median=233.0, diversity=0.035 | INDIVIDUALS: n=200, avg_genome_length=6.085
2021-12-15 06:33:02.390697 | GENERATION: 258 | ERRORS: best=99, median=233.0, diversity=0.05 | INDIVIDUALS: n=200, avg_genome_length=6.37
2021-12-15 06:33:03.644340 | GENERATION: 259 | ERRORS: best=99, median=233.0, diversity=0.055 | INDIVIDUALS: n=200, avg_genome_length=6.61
2021-12-15 06:33:04.929745 | GENERATION: 260 | ERRORS: best=99, median=233.0, diversity=0.035 | INDIVIDUALS: n=200, avg_genome_length=6.625
2021-12-15 06:33:06.177435 | GENERATION: 261 | ERRORS: best=99, median=233.0, diversity=0.045 | INDIVIDUALS: n=200, avg_genome_length=6.385
2021-12-15 06:33:07.504548 | GENERATION: 262 | ERRORS: best=99, median=233.0, diversity=0.05 | INDIVIDUALS: n=200, avg_genome_length=6.695
2021-12-15 06:33:08.778655 | GENERATION: 263 | ERRORS: best=99, median=233.0, diversity=0.045 | INDIVIDUALS: n=200, avg_genome_length=5.925
2021-12-15 06:33:10.003864 | GENERATION: 264 | ERRORS: best=99, median=233.0, diversity=0.03 | INDIVIDUALS: n=200, avg_genome_length=6.02
2021-12-15 06:33:11.497785 | GENERATION: 265 | ERRORS: best=99, median=233.0, diversity=0.035 | INDIVIDUALS: n=200, avg_genome_length=6.925
2021-12-15 06:33:12.942937 | GENERATION: 266 | ERRORS: best=99, median=233.0, diversity=0.065 | INDIVIDUALS: n=200, avg_genome_length=6.355
2021-12-15 06:33:14.422941 | GENERATION: 267 | ERRORS: best=99, median=233.0, diversity=0.05 | INDIVIDUALS: n=200, avg_genome_length=6.185
2021-12-15 06:33:15.703312 | GENERATION: 268 | ERRORS: best=99, median=233.0, diversity=0.035 | INDIVIDUALS: n=200, avg_genome_length=5.625
2021-12-15 06:33:17.051720 | GENERATION: 269 | ERRORS: best=99, median=233.0, diversity=0.05 | INDIVIDUALS: n=200, avg_genome_length=5.505
2021-12-15 06:33:18.172531 | GENERATION: 270 | ERRORS: best=99, median=233.0, diversity=0.045 | INDIVIDUALS: n=200, avg_genome_length=5.1
2021-12-15 06:33:19.321095 | GENERATION: 271 | ERRORS: best=99, median=233.0, diversity=0.06 | INDIVIDUALS: n=200, avg_genome_length=4.71
2021-12-15 06:33:20.490886 | GENERATION: 272 | ERRORS: best=99, median=233.0, diversity=0.03 | INDIVIDUALS: n=200, avg_genome_length=5.0
2021-12-15 06:33:21.794925 | GENERATION: 273 | ERRORS: best=99, median=233.0, diversity=0.035 | INDIVIDUALS: n=200, avg_genome_length=4.775
2021-12-15 06:33:23.096956 | GENERATION: 274 | ERRORS: best=99, median=233.0, diversity=0.055 | INDIVIDUALS: n=200, avg_genome_length=5.205
2021-12-15 06:33:24.413387 | GENERATION: 275 | ERRORS: best=99, median=233.0, diversity=0.045 | INDIVIDUALS: n=200, avg_genome_length=5.215
2021-12-15 06:33:25.875082 | GENERATION: 276 | ERRORS: best=99, median=233.0, diversity=0.06 | INDIVIDUALS: n=200, avg_genome_length=5.26
2021-12-15 06:33:27.244481 | GENERATION: 277 | ERRORS: best=99, median=233.0, diversity=0.045 | INDIVIDUALS: n=200, avg_genome_length=5.445
2021-12-15 06:33:28.523015 | GENERATION: 278 | ERRORS: best=99, median=233.0, diversity=0.055 | INDIVIDUALS: n=200, avg_genome_length=5.36
2021-12-15 06:33:29.807979 | GENERATION: 279 | ERRORS: best=99, median=233.0, diversity=0.05 | INDIVIDUALS: n=200, avg_genome_length=5.3
2021-12-15 06:33:31.088239 | GENERATION: 280 | ERRORS: best=99, median=233.0, diversity=0.035 | INDIVIDUALS: n=200, avg_genome_length=5.105
2021-12-15 06:33:32.266435 | GENERATION: 281 | ERRORS: best=99, median=233.0, diversity=0.03 | INDIVIDUALS: n=200, avg_genome_length=5.17
2021-12-15 06:33:33.616600 | GENERATION: 282 | ERRORS: best=99, median=233.0, diversity=0.045 | INDIVIDUALS: n=200, avg_genome_length=5.445
2021-12-15 06:33:34.782457 | GENERATION: 283 | ERRORS: best=99, median=233.0, diversity=0.05 | INDIVIDUALS: n=200, avg_genome_length=5.75
2021-12-15 06:33:35.982745 | GENERATION: 284 | ERRORS: best=99, median=233.0, diversity=0.05 | INDIVIDUALS: n=200, avg_genome_length=5.685
2021-12-15 06:33:37.185634 | GENERATION: 285 | ERRORS: best=99, median=233.0, diversity=0.04 | INDIVIDUALS: n=200, avg_genome_length=5.54
2021-12-15 06:33:38.600040 | GENERATION: 286 | ERRORS: best=99, median=233.0, diversity=0.045 | INDIVIDUALS: n=200, avg_genome_length=5.56
2021-12-15 06:33:39.781963 | GENERATION: 287 | ERRORS: best=99, median=233.0, diversity=0.045 | INDIVIDUALS: n=200, avg_genome_length=5.77
2021-12-15 06:33:40.967398 | GENERATION: 288 | ERRORS: best=99, median=233.0, diversity=0.04 | INDIVIDUALS: n=200, avg_genome_length=5.275
2021-12-15 06:33:42.141867 | GENERATION: 289 | ERRORS: best=99, median=233.0, diversity=0.05 | INDIVIDUALS: n=200, avg_genome_length=5.185
2021-12-15 06:33:43.542607 | GENERATION: 290 | ERRORS: best=99, median=233.0, diversity=0.025 | INDIVIDUALS: n=200, avg_genome_length=5.425
2021-12-15 06:33:44.684506 | GENERATION: 291 | ERRORS: best=99, median=233.0, diversity=0.035 | INDIVIDUALS: n=200, avg_genome_length=5.22
2021-12-15 06:33:45.856742 | GENERATION: 292 | ERRORS: best=99, median=233.0, diversity=0.035 | INDIVIDUALS: n=200, avg_genome_length=5.59
2021-12-15 06:33:47.006280 | GENERATION: 293 | ERRORS: best=99, median=233.0, diversity=0.04 | INDIVIDUALS: n=200, avg_genome_length=5.675
2021-12-15 06:33:48.250951 | GENERATION: 294 | ERRORS: best=99, median=233.0, diversity=0.07 | INDIVIDUALS: n=200, avg_genome_length=5.48
2021-12-15 06:33:49.447513 | GENERATION: 295 | ERRORS: best=99, median=233.0, diversity=0.04 | INDIVIDUALS: n=200, avg_genome_length=5.245
2021-12-15 06:33:50.727974 | GENERATION: 296 | ERRORS: best=99, median=233.0, diversity=0.04 | INDIVIDUALS: n=200, avg_genome_length=5.395
2021-12-15 06:33:52.320745 | GENERATION: 297 | ERRORS: best=99, median=233.0, diversity=0.07 | INDIVIDUALS: n=200, avg_genome_length=6.065
2021-12-15 06:33:53.491421 | GENERATION: 298 | ERRORS: best=99, median=233.0, diversity=0.05 | INDIVIDUALS: n=200, avg_genome_length=5.395
2021-12-15 06:33:54.699927 | GENERATION: 299 | ERRORS: best=99, median=233.0, diversity=0.045 | INDIVIDUALS: n=200, avg_genome_length=5.095
2021-12-15 06:33:55.855181 | GENERATION: 300 | ERRORS: best=99, median=233.0, diversity=0.045 | INDIVIDUALS: n=200, avg_genome_length=5.04
Simplifying genome of length 20 with total error 80.
Simplified genome by 1 to length 19.
Simplified genome by 2 to length 17.
Simplified genome by 1 to length 16.
Simplified genome by 3 to length 13.
Simplified genome by 1 to length 12.
Simplified genome by 1 to length 11.
Simplified genome by 1 to length 10.
Simplified genome by 1 to length 9.
Simplified genome by 1 to length 8.
Simplified genome by 1 to length 7.
Simplified genome to length 7 and total error 80.
========================================
End Run
========================================
No solution found.
Best Seen Individual
	Genome:
	 pvector([Input(input_index=0), Input(input_index=1), Input(input_index=2), Input(input_index=1), InstructionMeta(name='int_yank', code_blocks=0), InstructionMeta(name='int_shove', code_blocks=0), InstructionMeta(name='print_int', code_blocks=0)])
	Program:
	 (input_0 input_1 input_2 input_1 int_yank int_shove print_int)
	Error vector:
	 [0 2 0 0 2 2 1 0 2 0 2 2 0 2 2 2 0 0 0 1 0 2 2 0 0 0 0 1 2 0 0 0 2 0 0 0 0
 2 2 0 0 1 1 0 0 0 2 0 2 0 2 2 0 2 0 0 2 0 0 0 0 0 0 0 2 0 2 2 1 0 0 2 2 2
 2 1 2 1 0 0 0 0 0 0 0 2 0 0 0 0 2 2 0 0 2 0 0 2 2 2]
	Total error:
	 80
	Test error:
	 664
	Time:
	 00:08:16
