Included 0 edge cases.
Included 100 random cases.
Included 100 cases in total.
Finished formatting.
Included 0 edge cases.
Included 1000 random cases.
Included 1000 cases in total.
Finished formatting.
========================================
Setup
========================================
Search Configuration:
signature: ProgramSignature(arity=3, output_stacks=['stdout'], push_config=PushConfig(runtime_limit=10, growth_cap=500, collection_size_cap=1000, numeric_magnitude_limit=1000000000000.0, step_limit=200))
evaluator: <pyshgp.gp.evaluation.DatasetEvaluator object at 0x7f26577e30d0>
spawner: <pyshgp.gp.genome.GeneSpawner object at 0x7f266092af40>
population_size: 200
max_generations: 300
error_threshold: 0.0
initial_genome_size: (20, 100)
simplification_steps: 500
parallel_context: <pyshgp.gp.search.ParallelContext object at 0x7f26577e3700>
selection: <pyshgp.utils.DiscreteProbDistrib object at 0x7f26609576c0>
variation: <pyshgp.utils.DiscreteProbDistrib object at 0x7f2660957f00>
Instructions:
int_add, int_sub, int_mult, int_div, int_mod, int_min, int_max, int_inc, int_dec, int_lt, int_lte, int_gt, int_gte, int_from_bool, bool_and, bool_or, bool_not, bool_xor, bool_invert_first_then_and, bool_second_first_then_and, bool_from_int, noop, noop_open, exec_do_range, exec_do_count, exec_while, exec_do_while, exec_if, exec_when, print_bool, println_bool, print_int, println_int, print_exec, println_exec, bool_pop, bool_dup, bool_dup_times, bool_swap, bool_rot, bool_flush, bool_eq, bool_stack_depth, bool_yank, bool_yank_dup, bool_shove, bool_shove_dup, bool_is_empty, int_pop, int_dup, int_dup_times, int_swap, int_rot, int_flush, int_eq, int_stack_depth, int_yank, int_yank_dup, int_shove, int_shove_dup, int_is_empty, exec_pop, exec_dup, exec_dup_times, exec_swap, exec_rot, exec_flush, exec_eq, exec_stack_depth, exec_yank, exec_yank_dup, exec_shove, exec_shove_dup, exec_is_empty
Literals:
[]
ERC Generators:
[<function rand_int at 0x7f2660930a60>]
========================================
Start Run
========================================
2021-12-15 03:50:34.725766 | GENERATION: 1 | ERRORS: best=183, median=777.0, diversity=0.115 | INDIVIDUALS: n=200, avg_genome_length=62.425
2021-12-15 03:50:40.785868 | GENERATION: 2 | ERRORS: best=183, median=233.0, diversity=0.17 | INDIVIDUALS: n=200, avg_genome_length=36.895
2021-12-15 03:50:45.973885 | GENERATION: 3 | ERRORS: best=183, median=233.0, diversity=0.24 | INDIVIDUALS: n=200, avg_genome_length=23.985
2021-12-15 03:50:51.150976 | GENERATION: 4 | ERRORS: best=88, median=233.0, diversity=0.27 | INDIVIDUALS: n=200, avg_genome_length=19.35
2021-12-15 03:50:56.481137 | GENERATION: 5 | ERRORS: best=88, median=233.0, diversity=0.23 | INDIVIDUALS: n=200, avg_genome_length=18.275
2021-12-15 03:50:59.829062 | GENERATION: 6 | ERRORS: best=88, median=233.0, diversity=0.17 | INDIVIDUALS: n=200, avg_genome_length=18.445
2021-12-15 03:51:02.303449 | GENERATION: 7 | ERRORS: best=88, median=233.0, diversity=0.2 | INDIVIDUALS: n=200, avg_genome_length=16.91
2021-12-15 03:51:05.080042 | GENERATION: 8 | ERRORS: best=88, median=233.0, diversity=0.2 | INDIVIDUALS: n=200, avg_genome_length=15.46
2021-12-15 03:51:07.602029 | GENERATION: 9 | ERRORS: best=88, median=233.0, diversity=0.185 | INDIVIDUALS: n=200, avg_genome_length=13.3
2021-12-15 03:51:10.162297 | GENERATION: 10 | ERRORS: best=88, median=233.0, diversity=0.205 | INDIVIDUALS: n=200, avg_genome_length=12.57
2021-12-15 03:51:12.354196 | GENERATION: 11 | ERRORS: best=88, median=233.0, diversity=0.175 | INDIVIDUALS: n=200, avg_genome_length=10.085
2021-12-15 03:51:14.668375 | GENERATION: 12 | ERRORS: best=88, median=233.0, diversity=0.12 | INDIVIDUALS: n=200, avg_genome_length=9.54
2021-12-15 03:51:17.002074 | GENERATION: 13 | ERRORS: best=88, median=233.0, diversity=0.13 | INDIVIDUALS: n=200, avg_genome_length=8.8
2021-12-15 03:51:19.339091 | GENERATION: 14 | ERRORS: best=88, median=233.0, diversity=0.12 | INDIVIDUALS: n=200, avg_genome_length=9.0
2021-12-15 03:51:21.552725 | GENERATION: 15 | ERRORS: best=88, median=233.0, diversity=0.155 | INDIVIDUALS: n=200, avg_genome_length=8.07
2021-12-15 03:51:23.881207 | GENERATION: 16 | ERRORS: best=88, median=233.0, diversity=0.17 | INDIVIDUALS: n=200, avg_genome_length=8.72
2021-12-15 03:51:26.186537 | GENERATION: 17 | ERRORS: best=88, median=233.0, diversity=0.12 | INDIVIDUALS: n=200, avg_genome_length=8.195
2021-12-15 03:51:28.420197 | GENERATION: 18 | ERRORS: best=88, median=233.0, diversity=0.15 | INDIVIDUALS: n=200, avg_genome_length=8.02
2021-12-15 03:51:30.467567 | GENERATION: 19 | ERRORS: best=88, median=233.0, diversity=0.17 | INDIVIDUALS: n=200, avg_genome_length=7.265
2021-12-15 03:51:32.570914 | GENERATION: 20 | ERRORS: best=88, median=233.0, diversity=0.14 | INDIVIDUALS: n=200, avg_genome_length=6.525
2021-12-15 03:51:34.982746 | GENERATION: 21 | ERRORS: best=88, median=233.0, diversity=0.18 | INDIVIDUALS: n=200, avg_genome_length=6.83
2021-12-15 03:51:37.361156 | GENERATION: 22 | ERRORS: best=88, median=233.0, diversity=0.15 | INDIVIDUALS: n=200, avg_genome_length=7.375
2021-12-15 03:51:40.068365 | GENERATION: 23 | ERRORS: best=88, median=233.0, diversity=0.135 | INDIVIDUALS: n=200, avg_genome_length=6.665
2021-12-15 03:51:42.743059 | GENERATION: 24 | ERRORS: best=93, median=233.0, diversity=0.145 | INDIVIDUALS: n=200, avg_genome_length=6.86
2021-12-15 03:51:45.456899 | GENERATION: 25 | ERRORS: best=93, median=233.0, diversity=0.125 | INDIVIDUALS: n=200, avg_genome_length=8.765
2021-12-15 03:51:47.851769 | GENERATION: 26 | ERRORS: best=93, median=233.0, diversity=0.115 | INDIVIDUALS: n=200, avg_genome_length=8.915
2021-12-15 03:51:50.389778 | GENERATION: 27 | ERRORS: best=93, median=233.0, diversity=0.135 | INDIVIDUALS: n=200, avg_genome_length=8.355
2021-12-15 03:51:52.497425 | GENERATION: 28 | ERRORS: best=88, median=233.0, diversity=0.155 | INDIVIDUALS: n=200, avg_genome_length=8.005
2021-12-15 03:51:54.813874 | GENERATION: 29 | ERRORS: best=88, median=233.0, diversity=0.12 | INDIVIDUALS: n=200, avg_genome_length=7.705
2021-12-15 03:51:57.315996 | GENERATION: 30 | ERRORS: best=88, median=233.0, diversity=0.155 | INDIVIDUALS: n=200, avg_genome_length=7.785
2021-12-15 03:51:59.878342 | GENERATION: 31 | ERRORS: best=88, median=233.0, diversity=0.105 | INDIVIDUALS: n=200, avg_genome_length=7.175
2021-12-15 03:52:02.284614 | GENERATION: 32 | ERRORS: best=88, median=233.0, diversity=0.135 | INDIVIDUALS: n=200, avg_genome_length=8.135
2021-12-15 03:52:04.800988 | GENERATION: 33 | ERRORS: best=88, median=233.0, diversity=0.15 | INDIVIDUALS: n=200, avg_genome_length=8.675
2021-12-15 03:52:07.511620 | GENERATION: 34 | ERRORS: best=88, median=233.0, diversity=0.13 | INDIVIDUALS: n=200, avg_genome_length=8.33
2021-12-15 03:52:09.915369 | GENERATION: 35 | ERRORS: best=88, median=233.0, diversity=0.15 | INDIVIDUALS: n=200, avg_genome_length=8.45
2021-12-15 03:52:12.356233 | GENERATION: 36 | ERRORS: best=88, median=233.0, diversity=0.145 | INDIVIDUALS: n=200, avg_genome_length=8.495
2021-12-15 03:52:14.980170 | GENERATION: 37 | ERRORS: best=88, median=233.0, diversity=0.115 | INDIVIDUALS: n=200, avg_genome_length=7.795
2021-12-15 03:52:17.782873 | GENERATION: 38 | ERRORS: best=88, median=233.0, diversity=0.18 | INDIVIDUALS: n=200, avg_genome_length=10.495
2021-12-15 03:52:20.012893 | GENERATION: 39 | ERRORS: best=88, median=233.0, diversity=0.145 | INDIVIDUALS: n=200, avg_genome_length=8.795
2021-12-15 03:52:22.559008 | GENERATION: 40 | ERRORS: best=88, median=233.0, diversity=0.145 | INDIVIDUALS: n=200, avg_genome_length=9.85
2021-12-15 03:52:25.015806 | GENERATION: 41 | ERRORS: best=88, median=233.0, diversity=0.13 | INDIVIDUALS: n=200, avg_genome_length=10.065
2021-12-15 03:52:27.336934 | GENERATION: 42 | ERRORS: best=88, median=233.0, diversity=0.175 | INDIVIDUALS: n=200, avg_genome_length=9.855
2021-12-15 03:52:29.828178 | GENERATION: 43 | ERRORS: best=88, median=233.0, diversity=0.16 | INDIVIDUALS: n=200, avg_genome_length=10.82
2021-12-15 03:52:32.254591 | GENERATION: 44 | ERRORS: best=88, median=233.0, diversity=0.205 | INDIVIDUALS: n=200, avg_genome_length=11.545
2021-12-15 03:52:34.717530 | GENERATION: 45 | ERRORS: best=88, median=233.0, diversity=0.135 | INDIVIDUALS: n=200, avg_genome_length=10.395
2021-12-15 03:52:37.390843 | GENERATION: 46 | ERRORS: best=88, median=233.0, diversity=0.14 | INDIVIDUALS: n=200, avg_genome_length=9.52
2021-12-15 03:52:39.949502 | GENERATION: 47 | ERRORS: best=85, median=233.0, diversity=0.19 | INDIVIDUALS: n=200, avg_genome_length=11.505
2021-12-15 03:52:42.361448 | GENERATION: 48 | ERRORS: best=85, median=233.0, diversity=0.195 | INDIVIDUALS: n=200, avg_genome_length=11.225
2021-12-15 03:52:44.680639 | GENERATION: 49 | ERRORS: best=85, median=233.0, diversity=0.185 | INDIVIDUALS: n=200, avg_genome_length=10.42
2021-12-15 03:52:47.360756 | GENERATION: 50 | ERRORS: best=85, median=233.0, diversity=0.17 | INDIVIDUALS: n=200, avg_genome_length=9.375
2021-12-15 03:52:49.589054 | GENERATION: 51 | ERRORS: best=85, median=233.0, diversity=0.19 | INDIVIDUALS: n=200, avg_genome_length=10.56
2021-12-15 03:52:52.114053 | GENERATION: 52 | ERRORS: best=85, median=233.0, diversity=0.16 | INDIVIDUALS: n=200, avg_genome_length=10.485
2021-12-15 03:52:54.562115 | GENERATION: 53 | ERRORS: best=85, median=233.0, diversity=0.145 | INDIVIDUALS: n=200, avg_genome_length=9.18
2021-12-15 03:52:56.767872 | GENERATION: 54 | ERRORS: best=85, median=233.0, diversity=0.115 | INDIVIDUALS: n=200, avg_genome_length=8.665
2021-12-15 03:52:59.391055 | GENERATION: 55 | ERRORS: best=85, median=233.0, diversity=0.185 | INDIVIDUALS: n=200, avg_genome_length=10.235
2021-12-15 03:53:02.179303 | GENERATION: 56 | ERRORS: best=85, median=233.0, diversity=0.15 | INDIVIDUALS: n=200, avg_genome_length=10.0
2021-12-15 03:53:04.829419 | GENERATION: 57 | ERRORS: best=85, median=233.0, diversity=0.135 | INDIVIDUALS: n=200, avg_genome_length=9.085
2021-12-15 03:53:07.328408 | GENERATION: 58 | ERRORS: best=85, median=233.0, diversity=0.2 | INDIVIDUALS: n=200, avg_genome_length=8.935
2021-12-15 03:53:09.611381 | GENERATION: 59 | ERRORS: best=85, median=233.0, diversity=0.135 | INDIVIDUALS: n=200, avg_genome_length=8.725
2021-12-15 03:53:11.742877 | GENERATION: 60 | ERRORS: best=85, median=233.0, diversity=0.17 | INDIVIDUALS: n=200, avg_genome_length=8.925
2021-12-15 03:53:14.144177 | GENERATION: 61 | ERRORS: best=85, median=233.0, diversity=0.145 | INDIVIDUALS: n=200, avg_genome_length=9.825
2021-12-15 03:53:16.879469 | GENERATION: 62 | ERRORS: best=85, median=233.0, diversity=0.16 | INDIVIDUALS: n=200, avg_genome_length=10.275
2021-12-15 03:53:19.821258 | GENERATION: 63 | ERRORS: best=85, median=233.0, diversity=0.17 | INDIVIDUALS: n=200, avg_genome_length=10.45
2021-12-15 03:53:22.489862 | GENERATION: 64 | ERRORS: best=85, median=233.0, diversity=0.18 | INDIVIDUALS: n=200, avg_genome_length=10.215
2021-12-15 03:53:25.117108 | GENERATION: 65 | ERRORS: best=85, median=233.0, diversity=0.13 | INDIVIDUALS: n=200, avg_genome_length=10.345
2021-12-15 03:53:27.328717 | GENERATION: 66 | ERRORS: best=85, median=233.0, diversity=0.145 | INDIVIDUALS: n=200, avg_genome_length=9.985
2021-12-15 03:53:29.468251 | GENERATION: 67 | ERRORS: best=85, median=233.0, diversity=0.145 | INDIVIDUALS: n=200, avg_genome_length=9.69
2021-12-15 03:53:32.283938 | GENERATION: 68 | ERRORS: best=85, median=233.0, diversity=0.175 | INDIVIDUALS: n=200, avg_genome_length=10.025
2021-12-15 03:53:34.649657 | GENERATION: 69 | ERRORS: best=88, median=233.0, diversity=0.16 | INDIVIDUALS: n=200, avg_genome_length=9.125
2021-12-15 03:53:36.926453 | GENERATION: 70 | ERRORS: best=88, median=233.0, diversity=0.175 | INDIVIDUALS: n=200, avg_genome_length=8.775
2021-12-15 03:53:39.229724 | GENERATION: 71 | ERRORS: best=88, median=233.0, diversity=0.105 | INDIVIDUALS: n=200, avg_genome_length=8.66
2021-12-15 03:53:41.638724 | GENERATION: 72 | ERRORS: best=85, median=233.0, diversity=0.11 | INDIVIDUALS: n=200, avg_genome_length=10.115
2021-12-15 03:53:44.895553 | GENERATION: 73 | ERRORS: best=85, median=233.0, diversity=0.17 | INDIVIDUALS: n=200, avg_genome_length=12.49
2021-12-15 03:53:48.232557 | GENERATION: 74 | ERRORS: best=85, median=233.0, diversity=0.125 | INDIVIDUALS: n=200, avg_genome_length=12.315
2021-12-15 03:53:51.846929 | GENERATION: 75 | ERRORS: best=85, median=233.0, diversity=0.175 | INDIVIDUALS: n=200, avg_genome_length=11.23
2021-12-15 03:53:55.080615 | GENERATION: 76 | ERRORS: best=85, median=233.0, diversity=0.21 | INDIVIDUALS: n=200, avg_genome_length=11.785
2021-12-15 03:53:58.426717 | GENERATION: 77 | ERRORS: best=85, median=233.0, diversity=0.145 | INDIVIDUALS: n=200, avg_genome_length=10.395
2021-12-15 03:54:01.616224 | GENERATION: 78 | ERRORS: best=85, median=233.0, diversity=0.14 | INDIVIDUALS: n=200, avg_genome_length=10.15
2021-12-15 03:54:04.659091 | GENERATION: 79 | ERRORS: best=85, median=233.0, diversity=0.195 | INDIVIDUALS: n=200, avg_genome_length=10.475
2021-12-15 03:54:07.358100 | GENERATION: 80 | ERRORS: best=85, median=233.0, diversity=0.14 | INDIVIDUALS: n=200, avg_genome_length=9.055
2021-12-15 03:54:09.740457 | GENERATION: 81 | ERRORS: best=85, median=233.0, diversity=0.175 | INDIVIDUALS: n=200, avg_genome_length=9.45
2021-12-15 03:54:12.690599 | GENERATION: 82 | ERRORS: best=85, median=233.0, diversity=0.13 | INDIVIDUALS: n=200, avg_genome_length=9.58
2021-12-15 03:54:15.912264 | GENERATION: 83 | ERRORS: best=85, median=233.0, diversity=0.18 | INDIVIDUALS: n=200, avg_genome_length=9.245
2021-12-15 03:54:18.653231 | GENERATION: 84 | ERRORS: best=85, median=233.0, diversity=0.145 | INDIVIDUALS: n=200, avg_genome_length=8.835
2021-12-15 03:54:21.791121 | GENERATION: 85 | ERRORS: best=72, median=233.0, diversity=0.17 | INDIVIDUALS: n=200, avg_genome_length=8.945
2021-12-15 03:54:25.176678 | GENERATION: 86 | ERRORS: best=72, median=233.0, diversity=0.13 | INDIVIDUALS: n=200, avg_genome_length=10.79
2021-12-15 03:54:28.802478 | GENERATION: 87 | ERRORS: best=72, median=233.0, diversity=0.15 | INDIVIDUALS: n=200, avg_genome_length=9.425
2021-12-15 03:54:32.370224 | GENERATION: 88 | ERRORS: best=72, median=233.0, diversity=0.18 | INDIVIDUALS: n=200, avg_genome_length=9.855
2021-12-15 03:54:35.647712 | GENERATION: 89 | ERRORS: best=72, median=233.0, diversity=0.18 | INDIVIDUALS: n=200, avg_genome_length=10.28
2021-12-15 03:54:38.981024 | GENERATION: 90 | ERRORS: best=72, median=233.0, diversity=0.12 | INDIVIDUALS: n=200, avg_genome_length=10.445
2021-12-15 03:54:42.027889 | GENERATION: 91 | ERRORS: best=72, median=233.0, diversity=0.205 | INDIVIDUALS: n=200, avg_genome_length=9.79
2021-12-15 03:54:44.759936 | GENERATION: 92 | ERRORS: best=72, median=233.0, diversity=0.185 | INDIVIDUALS: n=200, avg_genome_length=10.46
2021-12-15 03:54:47.375803 | GENERATION: 93 | ERRORS: best=72, median=233.0, diversity=0.115 | INDIVIDUALS: n=200, avg_genome_length=9.655
2021-12-15 03:54:50.096021 | GENERATION: 94 | ERRORS: best=72, median=233.0, diversity=0.225 | INDIVIDUALS: n=200, avg_genome_length=10.445
2021-12-15 03:54:53.084584 | GENERATION: 95 | ERRORS: best=72, median=233.0, diversity=0.175 | INDIVIDUALS: n=200, avg_genome_length=11.07
2021-12-15 03:54:55.786354 | GENERATION: 96 | ERRORS: best=72, median=233.0, diversity=0.14 | INDIVIDUALS: n=200, avg_genome_length=10.205
2021-12-15 03:54:58.503756 | GENERATION: 97 | ERRORS: best=72, median=233.0, diversity=0.155 | INDIVIDUALS: n=200, avg_genome_length=9.28
2021-12-15 03:55:00.937895 | GENERATION: 98 | ERRORS: best=85, median=233.0, diversity=0.13 | INDIVIDUALS: n=200, avg_genome_length=7.95
2021-12-15 03:55:03.282671 | GENERATION: 99 | ERRORS: best=85, median=233.0, diversity=0.17 | INDIVIDUALS: n=200, avg_genome_length=10.48
2021-12-15 03:55:05.669752 | GENERATION: 100 | ERRORS: best=85, median=233.0, diversity=0.16 | INDIVIDUALS: n=200, avg_genome_length=10.13
2021-12-15 03:55:08.026244 | GENERATION: 101 | ERRORS: best=85, median=233.0, diversity=0.165 | INDIVIDUALS: n=200, avg_genome_length=9.225
2021-12-15 03:55:10.576625 | GENERATION: 102 | ERRORS: best=85, median=233.0, diversity=0.195 | INDIVIDUALS: n=200, avg_genome_length=13.135
2021-12-15 03:55:13.322523 | GENERATION: 103 | ERRORS: best=85, median=233.0, diversity=0.21 | INDIVIDUALS: n=200, avg_genome_length=10.69
2021-12-15 03:55:15.901900 | GENERATION: 104 | ERRORS: best=85, median=233.0, diversity=0.225 | INDIVIDUALS: n=200, avg_genome_length=9.565
2021-12-15 03:55:18.983922 | GENERATION: 105 | ERRORS: best=85, median=233.0, diversity=0.165 | INDIVIDUALS: n=200, avg_genome_length=9.385
2021-12-15 03:55:21.664728 | GENERATION: 106 | ERRORS: best=85, median=233.0, diversity=0.16 | INDIVIDUALS: n=200, avg_genome_length=9.54
2021-12-15 03:55:25.019121 | GENERATION: 107 | ERRORS: best=85, median=233.0, diversity=0.22 | INDIVIDUALS: n=200, avg_genome_length=12.2
2021-12-15 03:55:28.216651 | GENERATION: 108 | ERRORS: best=85, median=233.0, diversity=0.195 | INDIVIDUALS: n=200, avg_genome_length=12.425
2021-12-15 03:55:31.406177 | GENERATION: 109 | ERRORS: best=85, median=233.0, diversity=0.2 | INDIVIDUALS: n=200, avg_genome_length=12.065
2021-12-15 03:55:34.226391 | GENERATION: 110 | ERRORS: best=85, median=233.0, diversity=0.17 | INDIVIDUALS: n=200, avg_genome_length=11.555
2021-12-15 03:55:37.418825 | GENERATION: 111 | ERRORS: best=85, median=233.0, diversity=0.18 | INDIVIDUALS: n=200, avg_genome_length=11.625
2021-12-15 03:55:40.185288 | GENERATION: 112 | ERRORS: best=85, median=233.0, diversity=0.13 | INDIVIDUALS: n=200, avg_genome_length=11.085
2021-12-15 03:55:43.103426 | GENERATION: 113 | ERRORS: best=85, median=233.0, diversity=0.155 | INDIVIDUALS: n=200, avg_genome_length=9.445
2021-12-15 03:55:45.280206 | GENERATION: 114 | ERRORS: best=85, median=233.0, diversity=0.17 | INDIVIDUALS: n=200, avg_genome_length=8.885
2021-12-15 03:55:47.592071 | GENERATION: 115 | ERRORS: best=85, median=233.0, diversity=0.15 | INDIVIDUALS: n=200, avg_genome_length=9.555
2021-12-15 03:55:50.271034 | GENERATION: 116 | ERRORS: best=85, median=233.0, diversity=0.17 | INDIVIDUALS: n=200, avg_genome_length=9.105
2021-12-15 03:55:52.944933 | GENERATION: 117 | ERRORS: best=85, median=233.0, diversity=0.205 | INDIVIDUALS: n=200, avg_genome_length=9.805
2021-12-15 03:55:55.484438 | GENERATION: 118 | ERRORS: best=85, median=233.0, diversity=0.18 | INDIVIDUALS: n=200, avg_genome_length=10.195
2021-12-15 03:55:58.051178 | GENERATION: 119 | ERRORS: best=85, median=233.0, diversity=0.15 | INDIVIDUALS: n=200, avg_genome_length=8.995
2021-12-15 03:56:00.596312 | GENERATION: 120 | ERRORS: best=85, median=233.0, diversity=0.13 | INDIVIDUALS: n=200, avg_genome_length=8.93
2021-12-15 03:56:03.033923 | GENERATION: 121 | ERRORS: best=85, median=233.0, diversity=0.12 | INDIVIDUALS: n=200, avg_genome_length=8.215
2021-12-15 03:56:05.195127 | GENERATION: 122 | ERRORS: best=85, median=233.0, diversity=0.16 | INDIVIDUALS: n=200, avg_genome_length=8.165
2021-12-15 03:56:07.747435 | GENERATION: 123 | ERRORS: best=85, median=233.0, diversity=0.135 | INDIVIDUALS: n=200, avg_genome_length=8.665
2021-12-15 03:56:10.101658 | GENERATION: 124 | ERRORS: best=85, median=233.0, diversity=0.17 | INDIVIDUALS: n=200, avg_genome_length=8.16
2021-12-15 03:56:12.708522 | GENERATION: 125 | ERRORS: best=85, median=233.0, diversity=0.17 | INDIVIDUALS: n=200, avg_genome_length=8.235
2021-12-15 03:56:14.819089 | GENERATION: 126 | ERRORS: best=85, median=233.0, diversity=0.15 | INDIVIDUALS: n=200, avg_genome_length=8.42
2021-12-15 03:56:17.057940 | GENERATION: 127 | ERRORS: best=85, median=233.0, diversity=0.155 | INDIVIDUALS: n=200, avg_genome_length=8.045
2021-12-15 03:56:19.477695 | GENERATION: 128 | ERRORS: best=85, median=233.0, diversity=0.12 | INDIVIDUALS: n=200, avg_genome_length=9.595
2021-12-15 03:56:21.985904 | GENERATION: 129 | ERRORS: best=85, median=233.0, diversity=0.155 | INDIVIDUALS: n=200, avg_genome_length=8.62
2021-12-15 03:56:24.309118 | GENERATION: 130 | ERRORS: best=85, median=233.0, diversity=0.15 | INDIVIDUALS: n=200, avg_genome_length=8.09
2021-12-15 03:56:27.019677 | GENERATION: 131 | ERRORS: best=85, median=233.0, diversity=0.17 | INDIVIDUALS: n=200, avg_genome_length=8.925
2021-12-15 03:56:30.093237 | GENERATION: 132 | ERRORS: best=85, median=233.0, diversity=0.165 | INDIVIDUALS: n=200, avg_genome_length=11.175
2021-12-15 03:56:32.579908 | GENERATION: 133 | ERRORS: best=85, median=233.0, diversity=0.135 | INDIVIDUALS: n=200, avg_genome_length=9.495
2021-12-15 03:56:35.037182 | GENERATION: 134 | ERRORS: best=85, median=233.0, diversity=0.155 | INDIVIDUALS: n=200, avg_genome_length=10.54
2021-12-15 03:56:37.471372 | GENERATION: 135 | ERRORS: best=85, median=233.0, diversity=0.13 | INDIVIDUALS: n=200, avg_genome_length=10.52
2021-12-15 03:56:39.696049 | GENERATION: 136 | ERRORS: best=85, median=233.0, diversity=0.185 | INDIVIDUALS: n=200, avg_genome_length=10.665
2021-12-15 03:56:41.667323 | GENERATION: 137 | ERRORS: best=85, median=233.0, diversity=0.12 | INDIVIDUALS: n=200, avg_genome_length=9.375
2021-12-15 03:56:43.713986 | GENERATION: 138 | ERRORS: best=85, median=233.0, diversity=0.14 | INDIVIDUALS: n=200, avg_genome_length=9.385
2021-12-15 03:56:46.090228 | GENERATION: 139 | ERRORS: best=88, median=233.0, diversity=0.12 | INDIVIDUALS: n=200, avg_genome_length=9.25
2021-12-15 03:56:48.319975 | GENERATION: 140 | ERRORS: best=88, median=233.0, diversity=0.115 | INDIVIDUALS: n=200, avg_genome_length=9.63
2021-12-15 03:56:50.557111 | GENERATION: 141 | ERRORS: best=88, median=233.0, diversity=0.145 | INDIVIDUALS: n=200, avg_genome_length=9.53
2021-12-15 03:56:52.756537 | GENERATION: 142 | ERRORS: best=88, median=233.0, diversity=0.16 | INDIVIDUALS: n=200, avg_genome_length=9.2
2021-12-15 03:56:54.841476 | GENERATION: 143 | ERRORS: best=88, median=233.0, diversity=0.1 | INDIVIDUALS: n=200, avg_genome_length=8.42
2021-12-15 03:56:56.961085 | GENERATION: 144 | ERRORS: best=88, median=233.0, diversity=0.105 | INDIVIDUALS: n=200, avg_genome_length=8.475
2021-12-15 03:56:58.844857 | GENERATION: 145 | ERRORS: best=88, median=233.0, diversity=0.13 | INDIVIDUALS: n=200, avg_genome_length=8.775
2021-12-15 03:57:00.975976 | GENERATION: 146 | ERRORS: best=88, median=233.0, diversity=0.135 | INDIVIDUALS: n=200, avg_genome_length=8.405
2021-12-15 03:57:03.409060 | GENERATION: 147 | ERRORS: best=88, median=233.0, diversity=0.13 | INDIVIDUALS: n=200, avg_genome_length=8.895
2021-12-15 03:57:05.772057 | GENERATION: 148 | ERRORS: best=88, median=233.0, diversity=0.15 | INDIVIDUALS: n=200, avg_genome_length=8.7
2021-12-15 03:57:07.848088 | GENERATION: 149 | ERRORS: best=88, median=233.0, diversity=0.125 | INDIVIDUALS: n=200, avg_genome_length=8.48
2021-12-15 03:57:09.969676 | GENERATION: 150 | ERRORS: best=88, median=233.0, diversity=0.1 | INDIVIDUALS: n=200, avg_genome_length=8.535
2021-12-15 03:57:12.359364 | GENERATION: 151 | ERRORS: best=88, median=233.0, diversity=0.125 | INDIVIDUALS: n=200, avg_genome_length=7.68
2021-12-15 03:57:14.900459 | GENERATION: 152 | ERRORS: best=88, median=233.0, diversity=0.115 | INDIVIDUALS: n=200, avg_genome_length=7.83
2021-12-15 03:57:17.444623 | GENERATION: 153 | ERRORS: best=88, median=233.0, diversity=0.175 | INDIVIDUALS: n=200, avg_genome_length=7.945
2021-12-15 03:57:19.649406 | GENERATION: 154 | ERRORS: best=88, median=233.0, diversity=0.14 | INDIVIDUALS: n=200, avg_genome_length=8.07
2021-12-15 03:57:21.818800 | GENERATION: 155 | ERRORS: best=88, median=233.0, diversity=0.11 | INDIVIDUALS: n=200, avg_genome_length=7.915
2021-12-15 03:57:24.029083 | GENERATION: 156 | ERRORS: best=88, median=233.0, diversity=0.125 | INDIVIDUALS: n=200, avg_genome_length=8.365
2021-12-15 03:57:26.306998 | GENERATION: 157 | ERRORS: best=88, median=233.0, diversity=0.145 | INDIVIDUALS: n=200, avg_genome_length=7.99
2021-12-15 03:57:28.619478 | GENERATION: 158 | ERRORS: best=88, median=233.0, diversity=0.14 | INDIVIDUALS: n=200, avg_genome_length=6.88
2021-12-15 03:57:30.918599 | GENERATION: 159 | ERRORS: best=88, median=233.0, diversity=0.125 | INDIVIDUALS: n=200, avg_genome_length=7.28
2021-12-15 03:57:33.457941 | GENERATION: 160 | ERRORS: best=88, median=233.0, diversity=0.165 | INDIVIDUALS: n=200, avg_genome_length=8.295
2021-12-15 03:57:35.732335 | GENERATION: 161 | ERRORS: best=88, median=233.0, diversity=0.11 | INDIVIDUALS: n=200, avg_genome_length=7.685
2021-12-15 03:57:38.175588 | GENERATION: 162 | ERRORS: best=88, median=233.0, diversity=0.13 | INDIVIDUALS: n=200, avg_genome_length=7.83
2021-12-15 03:57:40.629131 | GENERATION: 163 | ERRORS: best=88, median=233.0, diversity=0.105 | INDIVIDUALS: n=200, avg_genome_length=7.54
2021-12-15 03:57:43.280813 | GENERATION: 164 | ERRORS: best=88, median=233.0, diversity=0.125 | INDIVIDUALS: n=200, avg_genome_length=8.15
2021-12-15 03:57:45.323512 | GENERATION: 165 | ERRORS: best=88, median=233.0, diversity=0.095 | INDIVIDUALS: n=200, avg_genome_length=7.81
2021-12-15 03:57:47.639320 | GENERATION: 166 | ERRORS: best=88, median=233.0, diversity=0.15 | INDIVIDUALS: n=200, avg_genome_length=10.405
2021-12-15 03:57:49.894878 | GENERATION: 167 | ERRORS: best=88, median=233.0, diversity=0.12 | INDIVIDUALS: n=200, avg_genome_length=8.635
2021-12-15 03:57:52.111840 | GENERATION: 168 | ERRORS: best=88, median=233.0, diversity=0.13 | INDIVIDUALS: n=200, avg_genome_length=8.025
2021-12-15 03:57:54.542608 | GENERATION: 169 | ERRORS: best=88, median=233.0, diversity=0.095 | INDIVIDUALS: n=200, avg_genome_length=7.965
2021-12-15 03:57:57.156829 | GENERATION: 170 | ERRORS: best=88, median=233.0, diversity=0.15 | INDIVIDUALS: n=200, avg_genome_length=7.725
2021-12-15 03:57:59.805900 | GENERATION: 171 | ERRORS: best=88, median=233.0, diversity=0.135 | INDIVIDUALS: n=200, avg_genome_length=7.885
2021-12-15 03:58:02.258359 | GENERATION: 172 | ERRORS: best=88, median=233.0, diversity=0.15 | INDIVIDUALS: n=200, avg_genome_length=7.95
2021-12-15 03:58:04.617431 | GENERATION: 173 | ERRORS: best=88, median=233.0, diversity=0.13 | INDIVIDUALS: n=200, avg_genome_length=8.22
2021-12-15 03:58:07.165013 | GENERATION: 174 | ERRORS: best=88, median=233.0, diversity=0.16 | INDIVIDUALS: n=200, avg_genome_length=8.43
2021-12-15 03:58:09.245234 | GENERATION: 175 | ERRORS: best=88, median=233.0, diversity=0.175 | INDIVIDUALS: n=200, avg_genome_length=8.375
2021-12-15 03:58:11.674754 | GENERATION: 176 | ERRORS: best=88, median=233.0, diversity=0.12 | INDIVIDUALS: n=200, avg_genome_length=8.405
2021-12-15 03:58:14.050412 | GENERATION: 177 | ERRORS: best=88, median=233.0, diversity=0.155 | INDIVIDUALS: n=200, avg_genome_length=8.55
2021-12-15 03:58:16.133376 | GENERATION: 178 | ERRORS: best=88, median=233.0, diversity=0.105 | INDIVIDUALS: n=200, avg_genome_length=7.395
2021-12-15 03:58:18.218812 | GENERATION: 179 | ERRORS: best=88, median=233.0, diversity=0.13 | INDIVIDUALS: n=200, avg_genome_length=7.895
2021-12-15 03:58:20.448625 | GENERATION: 180 | ERRORS: best=88, median=233.0, diversity=0.12 | INDIVIDUALS: n=200, avg_genome_length=8.04
2021-12-15 03:58:22.662556 | GENERATION: 181 | ERRORS: best=88, median=233.0, diversity=0.135 | INDIVIDUALS: n=200, avg_genome_length=7.1
2021-12-15 03:58:24.783284 | GENERATION: 182 | ERRORS: best=88, median=233.0, diversity=0.125 | INDIVIDUALS: n=200, avg_genome_length=7.335
2021-12-15 03:58:27.083132 | GENERATION: 183 | ERRORS: best=88, median=233.0, diversity=0.165 | INDIVIDUALS: n=200, avg_genome_length=7.115
2021-12-15 03:58:29.394956 | GENERATION: 184 | ERRORS: best=88, median=233.0, diversity=0.145 | INDIVIDUALS: n=200, avg_genome_length=6.3
2021-12-15 03:58:31.405203 | GENERATION: 185 | ERRORS: best=88, median=233.0, diversity=0.14 | INDIVIDUALS: n=200, avg_genome_length=6.18
2021-12-15 03:58:33.196277 | GENERATION: 186 | ERRORS: best=88, median=233.0, diversity=0.125 | INDIVIDUALS: n=200, avg_genome_length=6.61
2021-12-15 03:58:35.610607 | GENERATION: 187 | ERRORS: best=88, median=233.0, diversity=0.145 | INDIVIDUALS: n=200, avg_genome_length=7.27
2021-12-15 03:58:37.574359 | GENERATION: 188 | ERRORS: best=88, median=233.0, diversity=0.18 | INDIVIDUALS: n=200, avg_genome_length=8.39
2021-12-15 03:58:39.941652 | GENERATION: 189 | ERRORS: best=88, median=233.0, diversity=0.115 | INDIVIDUALS: n=200, avg_genome_length=8.01
2021-12-15 03:58:42.332265 | GENERATION: 190 | ERRORS: best=88, median=233.0, diversity=0.15 | INDIVIDUALS: n=200, avg_genome_length=8.81
2021-12-15 03:58:44.485749 | GENERATION: 191 | ERRORS: best=88, median=233.0, diversity=0.17 | INDIVIDUALS: n=200, avg_genome_length=8.23
2021-12-15 03:58:46.664991 | GENERATION: 192 | ERRORS: best=88, median=233.0, diversity=0.145 | INDIVIDUALS: n=200, avg_genome_length=8.535
2021-12-15 03:58:49.033580 | GENERATION: 193 | ERRORS: best=88, median=233.0, diversity=0.1 | INDIVIDUALS: n=200, avg_genome_length=8.36
2021-12-15 03:58:51.266759 | GENERATION: 194 | ERRORS: best=88, median=233.0, diversity=0.185 | INDIVIDUALS: n=200, avg_genome_length=7.255
2021-12-15 03:58:53.549399 | GENERATION: 195 | ERRORS: best=88, median=233.0, diversity=0.15 | INDIVIDUALS: n=200, avg_genome_length=8.145
2021-12-15 03:58:55.915700 | GENERATION: 196 | ERRORS: best=88, median=233.0, diversity=0.125 | INDIVIDUALS: n=200, avg_genome_length=8.345
2021-12-15 03:58:58.104650 | GENERATION: 197 | ERRORS: best=88, median=233.0, diversity=0.14 | INDIVIDUALS: n=200, avg_genome_length=7.545
2021-12-15 03:59:00.468901 | GENERATION: 198 | ERRORS: best=88, median=233.0, diversity=0.13 | INDIVIDUALS: n=200, avg_genome_length=6.505
2021-12-15 03:59:03.073996 | GENERATION: 199 | ERRORS: best=88, median=233.0, diversity=0.125 | INDIVIDUALS: n=200, avg_genome_length=7.135
2021-12-15 03:59:05.371450 | GENERATION: 200 | ERRORS: best=88, median=233.0, diversity=0.165 | INDIVIDUALS: n=200, avg_genome_length=7.385
2021-12-15 03:59:08.033139 | GENERATION: 201 | ERRORS: best=88, median=233.0, diversity=0.145 | INDIVIDUALS: n=200, avg_genome_length=7.965
2021-12-15 03:59:10.485807 | GENERATION: 202 | ERRORS: best=88, median=233.0, diversity=0.11 | INDIVIDUALS: n=200, avg_genome_length=8.265
2021-12-15 03:59:13.123081 | GENERATION: 203 | ERRORS: best=88, median=233.0, diversity=0.15 | INDIVIDUALS: n=200, avg_genome_length=9.49
2021-12-15 03:59:15.685816 | GENERATION: 204 | ERRORS: best=88, median=233.0, diversity=0.1 | INDIVIDUALS: n=200, avg_genome_length=9.56
2021-12-15 03:59:18.069419 | GENERATION: 205 | ERRORS: best=88, median=233.0, diversity=0.145 | INDIVIDUALS: n=200, avg_genome_length=9.355
2021-12-15 03:59:20.830471 | GENERATION: 206 | ERRORS: best=88, median=233.0, diversity=0.14 | INDIVIDUALS: n=200, avg_genome_length=8.985
2021-12-15 03:59:23.071468 | GENERATION: 207 | ERRORS: best=88, median=233.0, diversity=0.125 | INDIVIDUALS: n=200, avg_genome_length=8.52
2021-12-15 03:59:25.750654 | GENERATION: 208 | ERRORS: best=88, median=233.0, diversity=0.155 | INDIVIDUALS: n=200, avg_genome_length=8.905
2021-12-15 03:59:28.157186 | GENERATION: 209 | ERRORS: best=88, median=233.0, diversity=0.18 | INDIVIDUALS: n=200, avg_genome_length=8.84
2021-12-15 03:59:30.968537 | GENERATION: 210 | ERRORS: best=88, median=233.0, diversity=0.145 | INDIVIDUALS: n=200, avg_genome_length=9.54
2021-12-15 03:59:33.583483 | GENERATION: 211 | ERRORS: best=88, median=233.0, diversity=0.155 | INDIVIDUALS: n=200, avg_genome_length=11.145
2021-12-15 03:59:36.078229 | GENERATION: 212 | ERRORS: best=88, median=233.0, diversity=0.105 | INDIVIDUALS: n=200, avg_genome_length=10.395
2021-12-15 03:59:38.826793 | GENERATION: 213 | ERRORS: best=88, median=233.0, diversity=0.155 | INDIVIDUALS: n=200, avg_genome_length=10.615
2021-12-15 03:59:41.533574 | GENERATION: 214 | ERRORS: best=88, median=233.0, diversity=0.17 | INDIVIDUALS: n=200, avg_genome_length=11.315
2021-12-15 03:59:44.041607 | GENERATION: 215 | ERRORS: best=88, median=233.0, diversity=0.21 | INDIVIDUALS: n=200, avg_genome_length=11.77
2021-12-15 03:59:46.709393 | GENERATION: 216 | ERRORS: best=88, median=233.0, diversity=0.17 | INDIVIDUALS: n=200, avg_genome_length=11.03
2021-12-15 03:59:49.507180 | GENERATION: 217 | ERRORS: best=88, median=233.0, diversity=0.21 | INDIVIDUALS: n=200, avg_genome_length=14.055
2021-12-15 03:59:52.868692 | GENERATION: 218 | ERRORS: best=88, median=233.0, diversity=0.175 | INDIVIDUALS: n=200, avg_genome_length=16.005
2021-12-15 03:59:56.451954 | GENERATION: 219 | ERRORS: best=88, median=233.0, diversity=0.205 | INDIVIDUALS: n=200, avg_genome_length=16.725
2021-12-15 03:59:59.436003 | GENERATION: 220 | ERRORS: best=88, median=233.0, diversity=0.195 | INDIVIDUALS: n=200, avg_genome_length=13.515
2021-12-15 04:00:02.301528 | GENERATION: 221 | ERRORS: best=88, median=233.0, diversity=0.17 | INDIVIDUALS: n=200, avg_genome_length=11.465
2021-12-15 04:00:05.098384 | GENERATION: 222 | ERRORS: best=88, median=233.0, diversity=0.17 | INDIVIDUALS: n=200, avg_genome_length=10.4
2021-12-15 04:00:08.038469 | GENERATION: 223 | ERRORS: best=88, median=233.0, diversity=0.19 | INDIVIDUALS: n=200, avg_genome_length=9.52
2021-12-15 04:00:10.572653 | GENERATION: 224 | ERRORS: best=88, median=233.0, diversity=0.15 | INDIVIDUALS: n=200, avg_genome_length=10.935
2021-12-15 04:00:13.436817 | GENERATION: 225 | ERRORS: best=88, median=233.0, diversity=0.17 | INDIVIDUALS: n=200, avg_genome_length=12.45
2021-12-15 04:00:16.326823 | GENERATION: 226 | ERRORS: best=88, median=233.0, diversity=0.125 | INDIVIDUALS: n=200, avg_genome_length=12.68
2021-12-15 04:00:19.432627 | GENERATION: 227 | ERRORS: best=88, median=233.0, diversity=0.15 | INDIVIDUALS: n=200, avg_genome_length=11.38
2021-12-15 04:00:22.802131 | GENERATION: 228 | ERRORS: best=88, median=233.0, diversity=0.145 | INDIVIDUALS: n=200, avg_genome_length=12.005
2021-12-15 04:00:25.736437 | GENERATION: 229 | ERRORS: best=88, median=233.0, diversity=0.115 | INDIVIDUALS: n=200, avg_genome_length=11.49
2021-12-15 04:00:28.597172 | GENERATION: 230 | ERRORS: best=88, median=233.0, diversity=0.145 | INDIVIDUALS: n=200, avg_genome_length=10.645
2021-12-15 04:00:31.036408 | GENERATION: 231 | ERRORS: best=88, median=233.0, diversity=0.15 | INDIVIDUALS: n=200, avg_genome_length=10.08
2021-12-15 04:00:33.473907 | GENERATION: 232 | ERRORS: best=88, median=233.0, diversity=0.165 | INDIVIDUALS: n=200, avg_genome_length=10.285
2021-12-15 04:00:35.915852 | GENERATION: 233 | ERRORS: best=88, median=233.0, diversity=0.115 | INDIVIDUALS: n=200, avg_genome_length=10.135
2021-12-15 04:00:38.551021 | GENERATION: 234 | ERRORS: best=88, median=233.0, diversity=0.155 | INDIVIDUALS: n=200, avg_genome_length=8.895
2021-12-15 04:00:41.218652 | GENERATION: 235 | ERRORS: best=88, median=233.0, diversity=0.155 | INDIVIDUALS: n=200, avg_genome_length=9.045
2021-12-15 04:00:43.793626 | GENERATION: 236 | ERRORS: best=88, median=233.0, diversity=0.12 | INDIVIDUALS: n=200, avg_genome_length=8.345
2021-12-15 04:00:46.256200 | GENERATION: 237 | ERRORS: best=88, median=233.0, diversity=0.135 | INDIVIDUALS: n=200, avg_genome_length=8.805
2021-12-15 04:00:48.859244 | GENERATION: 238 | ERRORS: best=88, median=233.0, diversity=0.17 | INDIVIDUALS: n=200, avg_genome_length=8.085
2021-12-15 04:00:51.234292 | GENERATION: 239 | ERRORS: best=88, median=233.0, diversity=0.125 | INDIVIDUALS: n=200, avg_genome_length=8.59
2021-12-15 04:00:53.663727 | GENERATION: 240 | ERRORS: best=88, median=233.0, diversity=0.135 | INDIVIDUALS: n=200, avg_genome_length=8.305
2021-12-15 04:00:55.851192 | GENERATION: 241 | ERRORS: best=88, median=233.0, diversity=0.145 | INDIVIDUALS: n=200, avg_genome_length=7.47
2021-12-15 04:00:58.305165 | GENERATION: 242 | ERRORS: best=88, median=233.0, diversity=0.145 | INDIVIDUALS: n=200, avg_genome_length=7.035
2021-12-15 04:01:00.604067 | GENERATION: 243 | ERRORS: best=88, median=233.0, diversity=0.145 | INDIVIDUALS: n=200, avg_genome_length=7.53
2021-12-15 04:01:02.954094 | GENERATION: 244 | ERRORS: best=88, median=233.0, diversity=0.125 | INDIVIDUALS: n=200, avg_genome_length=8.805
2021-12-15 04:01:04.857211 | GENERATION: 245 | ERRORS: best=88, median=233.0, diversity=0.15 | INDIVIDUALS: n=200, avg_genome_length=8.07
2021-12-15 04:01:07.196572 | GENERATION: 246 | ERRORS: best=88, median=233.0, diversity=0.16 | INDIVIDUALS: n=200, avg_genome_length=8.06
2021-12-15 04:01:09.606589 | GENERATION: 247 | ERRORS: best=88, median=233.0, diversity=0.15 | INDIVIDUALS: n=200, avg_genome_length=9.355
2021-12-15 04:01:12.277339 | GENERATION: 248 | ERRORS: best=88, median=233.0, diversity=0.155 | INDIVIDUALS: n=200, avg_genome_length=10.65
2021-12-15 04:01:14.487972 | GENERATION: 249 | ERRORS: best=88, median=233.0, diversity=0.135 | INDIVIDUALS: n=200, avg_genome_length=9.06
2021-12-15 04:01:17.125821 | GENERATION: 250 | ERRORS: best=88, median=233.0, diversity=0.15 | INDIVIDUALS: n=200, avg_genome_length=8.88
2021-12-15 04:01:20.176182 | GENERATION: 251 | ERRORS: best=88, median=233.0, diversity=0.12 | INDIVIDUALS: n=200, avg_genome_length=11.52
2021-12-15 04:01:22.916767 | GENERATION: 252 | ERRORS: best=88, median=233.0, diversity=0.085 | INDIVIDUALS: n=200, avg_genome_length=11.05
2021-12-15 04:01:25.360726 | GENERATION: 253 | ERRORS: best=88, median=233.0, diversity=0.12 | INDIVIDUALS: n=200, avg_genome_length=11.0
2021-12-15 04:01:28.235756 | GENERATION: 254 | ERRORS: best=88, median=233.0, diversity=0.155 | INDIVIDUALS: n=200, avg_genome_length=10.945
2021-12-15 04:01:30.747026 | GENERATION: 255 | ERRORS: best=88, median=233.0, diversity=0.16 | INDIVIDUALS: n=200, avg_genome_length=9.435
2021-12-15 04:01:33.435068 | GENERATION: 256 | ERRORS: best=88, median=233.0, diversity=0.17 | INDIVIDUALS: n=200, avg_genome_length=9.34
2021-12-15 04:01:35.841126 | GENERATION: 257 | ERRORS: best=88, median=233.0, diversity=0.13 | INDIVIDUALS: n=200, avg_genome_length=8.54
2021-12-15 04:01:38.588246 | GENERATION: 258 | ERRORS: best=88, median=233.0, diversity=0.15 | INDIVIDUALS: n=200, avg_genome_length=7.95
2021-12-15 04:01:41.597205 | GENERATION: 259 | ERRORS: best=88, median=233.0, diversity=0.14 | INDIVIDUALS: n=200, avg_genome_length=8.83
2021-12-15 04:01:44.463530 | GENERATION: 260 | ERRORS: best=88, median=233.0, diversity=0.095 | INDIVIDUALS: n=200, avg_genome_length=9.335
2021-12-15 04:01:46.703654 | GENERATION: 261 | ERRORS: best=88, median=233.0, diversity=0.12 | INDIVIDUALS: n=200, avg_genome_length=9.505
2021-12-15 04:01:49.208181 | GENERATION: 262 | ERRORS: best=88, median=233.0, diversity=0.16 | INDIVIDUALS: n=200, avg_genome_length=9.495
2021-12-15 04:01:51.487736 | GENERATION: 263 | ERRORS: best=88, median=233.0, diversity=0.15 | INDIVIDUALS: n=200, avg_genome_length=9.13
2021-12-15 04:01:53.971376 | GENERATION: 264 | ERRORS: best=88, median=233.0, diversity=0.12 | INDIVIDUALS: n=200, avg_genome_length=8.94
2021-12-15 04:01:56.371729 | GENERATION: 265 | ERRORS: best=88, median=233.0, diversity=0.195 | INDIVIDUALS: n=200, avg_genome_length=9.715
2021-12-15 04:01:58.695227 | GENERATION: 266 | ERRORS: best=88, median=233.0, diversity=0.18 | INDIVIDUALS: n=200, avg_genome_length=8.59
2021-12-15 04:02:00.678884 | GENERATION: 267 | ERRORS: best=88, median=233.0, diversity=0.135 | INDIVIDUALS: n=200, avg_genome_length=8.33
2021-12-15 04:02:02.853061 | GENERATION: 268 | ERRORS: best=88, median=233.0, diversity=0.12 | INDIVIDUALS: n=200, avg_genome_length=6.435
2021-12-15 04:02:05.559654 | GENERATION: 269 | ERRORS: best=88, median=233.0, diversity=0.11 | INDIVIDUALS: n=200, avg_genome_length=8.42
2021-12-15 04:02:07.628281 | GENERATION: 270 | ERRORS: best=88, median=233.0, diversity=0.135 | INDIVIDUALS: n=200, avg_genome_length=7.93
2021-12-15 04:02:09.903654 | GENERATION: 271 | ERRORS: best=88, median=233.0, diversity=0.095 | INDIVIDUALS: n=200, avg_genome_length=7.285
2021-12-15 04:02:12.057489 | GENERATION: 272 | ERRORS: best=88, median=233.0, diversity=0.13 | INDIVIDUALS: n=200, avg_genome_length=6.99
2021-12-15 04:02:14.560978 | GENERATION: 273 | ERRORS: best=88, median=233.0, diversity=0.12 | INDIVIDUALS: n=200, avg_genome_length=7.055
2021-12-15 04:02:16.976733 | GENERATION: 274 | ERRORS: best=88, median=233.0, diversity=0.1 | INDIVIDUALS: n=200, avg_genome_length=6.3
2021-12-15 04:02:19.172397 | GENERATION: 275 | ERRORS: best=88, median=233.0, diversity=0.155 | INDIVIDUALS: n=200, avg_genome_length=6.855
2021-12-15 04:02:21.570137 | GENERATION: 276 | ERRORS: best=88, median=233.0, diversity=0.14 | INDIVIDUALS: n=200, avg_genome_length=6.975
2021-12-15 04:02:23.910187 | GENERATION: 277 | ERRORS: best=88, median=233.0, diversity=0.12 | INDIVIDUALS: n=200, avg_genome_length=7.005
2021-12-15 04:02:26.285457 | GENERATION: 278 | ERRORS: best=88, median=233.0, diversity=0.135 | INDIVIDUALS: n=200, avg_genome_length=6.76
2021-12-15 04:02:28.953874 | GENERATION: 279 | ERRORS: best=88, median=233.0, diversity=0.11 | INDIVIDUALS: n=200, avg_genome_length=8.105
2021-12-15 04:02:31.547263 | GENERATION: 280 | ERRORS: best=88, median=233.0, diversity=0.085 | INDIVIDUALS: n=200, avg_genome_length=7.565
2021-12-15 04:02:33.629133 | GENERATION: 281 | ERRORS: best=88, median=233.0, diversity=0.125 | INDIVIDUALS: n=200, avg_genome_length=7.05
2021-12-15 04:02:35.972241 | GENERATION: 282 | ERRORS: best=88, median=233.0, diversity=0.135 | INDIVIDUALS: n=200, avg_genome_length=9.4
2021-12-15 04:02:38.353903 | GENERATION: 283 | ERRORS: best=88, median=233.0, diversity=0.12 | INDIVIDUALS: n=200, avg_genome_length=8.805
2021-12-15 04:02:40.875171 | GENERATION: 284 | ERRORS: best=88, median=233.0, diversity=0.125 | INDIVIDUALS: n=200, avg_genome_length=8.235
2021-12-15 04:02:43.604015 | GENERATION: 285 | ERRORS: best=88, median=233.0, diversity=0.17 | INDIVIDUALS: n=200, avg_genome_length=8.67
2021-12-15 04:02:45.914006 | GENERATION: 286 | ERRORS: best=88, median=233.0, diversity=0.16 | INDIVIDUALS: n=200, avg_genome_length=8.3
2021-12-15 04:02:48.015621 | GENERATION: 287 | ERRORS: best=88, median=233.0, diversity=0.145 | INDIVIDUALS: n=200, avg_genome_length=7.78
2021-12-15 04:02:50.727692 | GENERATION: 288 | ERRORS: best=88, median=233.0, diversity=0.175 | INDIVIDUALS: n=200, avg_genome_length=7.305
2021-12-15 04:02:53.046927 | GENERATION: 289 | ERRORS: best=88, median=233.0, diversity=0.125 | INDIVIDUALS: n=200, avg_genome_length=7.185
2021-12-15 04:02:55.458117 | GENERATION: 290 | ERRORS: best=88, median=233.0, diversity=0.125 | INDIVIDUALS: n=200, avg_genome_length=8.375
2021-12-15 04:02:57.844402 | GENERATION: 291 | ERRORS: best=88, median=233.0, diversity=0.165 | INDIVIDUALS: n=200, avg_genome_length=8.045
2021-12-15 04:03:00.400057 | GENERATION: 292 | ERRORS: best=88, median=233.0, diversity=0.195 | INDIVIDUALS: n=200, avg_genome_length=8.125
2021-12-15 04:03:03.094326 | GENERATION: 293 | ERRORS: best=88, median=233.0, diversity=0.13 | INDIVIDUALS: n=200, avg_genome_length=8.22
2021-12-15 04:03:05.813617 | GENERATION: 294 | ERRORS: best=88, median=233.0, diversity=0.15 | INDIVIDUALS: n=200, avg_genome_length=8.54
2021-12-15 04:03:08.525376 | GENERATION: 295 | ERRORS: best=88, median=233.0, diversity=0.165 | INDIVIDUALS: n=200, avg_genome_length=7.58
2021-12-15 04:03:10.790316 | GENERATION: 296 | ERRORS: best=72, median=233.0, diversity=0.175 | INDIVIDUALS: n=200, avg_genome_length=7.49
2021-12-15 04:03:12.876105 | GENERATION: 297 | ERRORS: best=72, median=233.0, diversity=0.14 | INDIVIDUALS: n=200, avg_genome_length=8.025
2021-12-15 04:03:15.549232 | GENERATION: 298 | ERRORS: best=72, median=233.0, diversity=0.16 | INDIVIDUALS: n=200, avg_genome_length=8.1
2021-12-15 04:03:18.602590 | GENERATION: 299 | ERRORS: best=72, median=233.0, diversity=0.14 | INDIVIDUALS: n=200, avg_genome_length=7.19
2021-12-15 04:03:21.991967 | GENERATION: 300 | ERRORS: best=72, median=233.0, diversity=0.17 | INDIVIDUALS: n=200, avg_genome_length=8.2
Simplifying genome of length 16 with total error 72.
Simplified genome by 3 to length 13.
Simplified genome by 1 to length 12.
Simplified genome by 1 to length 11.
Simplified genome by 2 to length 9.
Simplified genome by 2 to length 7.
Simplified genome by 1 to length 6.
Simplified genome by 1 to length 5.
Simplified genome by 1 to length 4.
Simplified genome to length 4 and total error 72.
========================================
End Run
========================================
No solution found.
Best Seen Individual
	Genome:
	 pvector([Input(input_index=0), Input(input_index=2), InstructionMeta(name='int_max', code_blocks=0), InstructionMeta(name='print_int', code_blocks=0)])
	Program:
	 (input_0 input_2 int_max print_int)
	Error vector:
	 [2 0 0 0 0 1 3 0 3 2 0 2 0 2 0 0 0 0 2 0 0 2 0 0 0 1 1 0 0 0 0 3 1 0 0 1 2
 0 0 0 0 3 2 0 0 3 0 0 0 3 0 2 0 2 2 0 0 0 0 0 0 0 0 0 0 0 0 0 0 0 0 2 0 3
 0 1 0 2 2 0 0 3 0 0 0 0 3 2 0 1 3 0 0 0 1 0 2 0 2 0]
	Total error:
	 72
	Test error:
	 1023
	Time:
	 00:13:07
