Included 0 edge cases.
Included 100 random cases.
Included 100 cases in total.
Finished formatting.
Included 0 edge cases.
Included 1000 random cases.
Included 1000 cases in total.
Finished formatting.
========================================
Setup
========================================
Search Configuration:
signature: ProgramSignature(arity=3, push_config=PushConfig(growth_cap=500, numeric_magnitude_limit=1000000000000.0, collection_size_cap=1000, runtime_limit=10, step_limit=200), output_stacks=['stdout'])
evaluator: <pyshgp.gp.evaluation.DatasetEvaluator object at 0x7fd04bb29760>
spawner: <pyshgp.gp.genome.GeneSpawner object at 0x7fd055474730>
population_size: 200
max_generations: 300
error_threshold: 0.0
initial_genome_size: (20, 100)
simplification_steps: 500
parallel_context: <pyshgp.gp.search.ParallelContext object at 0x7fd04bb292b0>
selection: <pyshgp.utils.DiscreteProbDistrib object at 0x7fd055486100>
variation: <pyshgp.utils.DiscreteProbDistrib object at 0x7fd055486e00>
Instructions:
int_add, int_sub, int_mult, int_div, int_mod, int_min, int_max, int_inc, int_dec, int_lt, int_lte, int_gt, int_gte, int_from_bool, bool_and, bool_or, bool_not, bool_xor, bool_invert_first_then_and, bool_second_first_then_and, bool_from_int, noop, noop_open, exec_do_range, exec_do_count, exec_while, exec_do_while, exec_if, exec_when, print_bool, println_bool, print_int, println_int, print_exec, println_exec, bool_pop, bool_dup, bool_dup_times, bool_swap, bool_rot, bool_flush, bool_eq, bool_stack_depth, bool_yank, bool_yank_dup, bool_shove, bool_shove_dup, bool_is_empty, int_pop, int_dup, int_dup_times, int_swap, int_rot, int_flush, int_eq, int_stack_depth, int_yank, int_yank_dup, int_shove, int_shove_dup, int_is_empty, exec_pop, exec_dup, exec_dup_times, exec_swap, exec_rot, exec_flush, exec_eq, exec_stack_depth, exec_yank, exec_yank_dup, exec_shove, exec_shove_dup, exec_is_empty
Literals:
[]
ERC Generators:
[<function rand_int at 0x7fd055479a60>]
========================================
Start Run
========================================
2021-12-15 08:11:16.036596 | GENERATION: 1 | ERRORS: best=213, median=230.0, diversity=0.06 | INDIVIDUALS: n=200, avg_genome_length=56.715
2021-12-15 08:11:22.971232 | GENERATION: 2 | ERRORS: best=90, median=213.0, diversity=0.225 | INDIVIDUALS: n=200, avg_genome_length=50.63
2021-12-15 08:11:27.936414 | GENERATION: 3 | ERRORS: best=89, median=117.0, diversity=0.18 | INDIVIDUALS: n=200, avg_genome_length=47.895
2021-12-15 08:11:32.257473 | GENERATION: 4 | ERRORS: best=89, median=117.0, diversity=0.285 | INDIVIDUALS: n=200, avg_genome_length=48.125
2021-12-15 08:11:36.465189 | GENERATION: 5 | ERRORS: best=89, median=137.5, diversity=0.27 | INDIVIDUALS: n=200, avg_genome_length=44.6
2021-12-15 08:11:40.214924 | GENERATION: 6 | ERRORS: best=89, median=117.0, diversity=0.25 | INDIVIDUALS: n=200, avg_genome_length=41.14
2021-12-15 08:11:43.263894 | GENERATION: 7 | ERRORS: best=89, median=181.5, diversity=0.285 | INDIVIDUALS: n=200, avg_genome_length=38.945
2021-12-15 08:11:46.550372 | GENERATION: 8 | ERRORS: best=89, median=117.0, diversity=0.275 | INDIVIDUALS: n=200, avg_genome_length=36.605
2021-12-15 08:11:49.532800 | GENERATION: 9 | ERRORS: best=89, median=148.0, diversity=0.33 | INDIVIDUALS: n=200, avg_genome_length=35.035
2021-12-15 08:11:52.482851 | GENERATION: 10 | ERRORS: best=88, median=176.0, diversity=0.3 | INDIVIDUALS: n=200, avg_genome_length=32.46
2021-12-15 08:11:55.322758 | GENERATION: 11 | ERRORS: best=89, median=117.0, diversity=0.29 | INDIVIDUALS: n=200, avg_genome_length=31.865
2021-12-15 08:11:57.934407 | GENERATION: 12 | ERRORS: best=89, median=121.0, diversity=0.285 | INDIVIDUALS: n=200, avg_genome_length=29.785
2021-12-15 08:12:00.467226 | GENERATION: 13 | ERRORS: best=88, median=117.0, diversity=0.24 | INDIVIDUALS: n=200, avg_genome_length=31.64
2021-12-15 08:12:03.188908 | GENERATION: 14 | ERRORS: best=87, median=118.5, diversity=0.38 | INDIVIDUALS: n=200, avg_genome_length=33.03
2021-12-15 08:12:06.413475 | GENERATION: 15 | ERRORS: best=88, median=163.0, diversity=0.455 | INDIVIDUALS: n=200, avg_genome_length=36.485
2021-12-15 08:12:09.518141 | GENERATION: 16 | ERRORS: best=89, median=157.5, diversity=0.49 | INDIVIDUALS: n=200, avg_genome_length=35.685
2021-12-15 08:12:12.645806 | GENERATION: 17 | ERRORS: best=88, median=153.5, diversity=0.445 | INDIVIDUALS: n=200, avg_genome_length=34.77
2021-12-15 08:12:15.535056 | GENERATION: 18 | ERRORS: best=79, median=155.0, diversity=0.46 | INDIVIDUALS: n=200, avg_genome_length=34.615
2021-12-15 08:12:18.872314 | GENERATION: 19 | ERRORS: best=89, median=181.0, diversity=0.46 | INDIVIDUALS: n=200, avg_genome_length=31.585
2021-12-15 08:12:21.791632 | GENERATION: 20 | ERRORS: best=89, median=230.0, diversity=0.365 | INDIVIDUALS: n=200, avg_genome_length=29.69
2021-12-15 08:12:24.617432 | GENERATION: 21 | ERRORS: best=90, median=230.0, diversity=0.42 | INDIVIDUALS: n=200, avg_genome_length=31.195
2021-12-15 08:12:27.466927 | GENERATION: 22 | ERRORS: best=90, median=230.0, diversity=0.405 | INDIVIDUALS: n=200, avg_genome_length=29.47
2021-12-15 08:12:30.658802 | GENERATION: 23 | ERRORS: best=88, median=230.0, diversity=0.355 | INDIVIDUALS: n=200, avg_genome_length=28.71
2021-12-15 08:12:33.545473 | GENERATION: 24 | ERRORS: best=90, median=230.0, diversity=0.365 | INDIVIDUALS: n=200, avg_genome_length=27.57
2021-12-15 08:12:36.510060 | GENERATION: 25 | ERRORS: best=89, median=214.0, diversity=0.415 | INDIVIDUALS: n=200, avg_genome_length=30.44
2021-12-15 08:12:39.246899 | GENERATION: 26 | ERRORS: best=89, median=205.5, diversity=0.37 | INDIVIDUALS: n=200, avg_genome_length=27.69
2021-12-15 08:12:42.030846 | GENERATION: 27 | ERRORS: best=89, median=230.0, diversity=0.285 | INDIVIDUALS: n=200, avg_genome_length=23.765
2021-12-15 08:12:45.003799 | GENERATION: 28 | ERRORS: best=89, median=220.5, diversity=0.345 | INDIVIDUALS: n=200, avg_genome_length=22.985
2021-12-15 08:12:48.016097 | GENERATION: 29 | ERRORS: best=87, median=230.0, diversity=0.355 | INDIVIDUALS: n=200, avg_genome_length=21.99
2021-12-15 08:12:50.378104 | GENERATION: 30 | ERRORS: best=87, median=214.0, diversity=0.3 | INDIVIDUALS: n=200, avg_genome_length=19.73
2021-12-15 08:12:53.045171 | GENERATION: 31 | ERRORS: best=87, median=229.0, diversity=0.265 | INDIVIDUALS: n=200, avg_genome_length=18.765
2021-12-15 08:12:55.609273 | GENERATION: 32 | ERRORS: best=89, median=230.0, diversity=0.24 | INDIVIDUALS: n=200, avg_genome_length=16.5
2021-12-15 08:12:57.608099 | GENERATION: 33 | ERRORS: best=80, median=230.0, diversity=0.21 | INDIVIDUALS: n=200, avg_genome_length=15.52
2021-12-15 08:12:59.667448 | GENERATION: 34 | ERRORS: best=80, median=230.0, diversity=0.225 | INDIVIDUALS: n=200, avg_genome_length=16.75
2021-12-15 08:13:01.919415 | GENERATION: 35 | ERRORS: best=80, median=230.0, diversity=0.25 | INDIVIDUALS: n=200, avg_genome_length=16.545
2021-12-15 08:13:04.579229 | GENERATION: 36 | ERRORS: best=84, median=230.0, diversity=0.28 | INDIVIDUALS: n=200, avg_genome_length=17.48
2021-12-15 08:13:07.775430 | GENERATION: 37 | ERRORS: best=79, median=230.0, diversity=0.275 | INDIVIDUALS: n=200, avg_genome_length=16.76
2021-12-15 08:13:10.781063 | GENERATION: 38 | ERRORS: best=79, median=230.0, diversity=0.255 | INDIVIDUALS: n=200, avg_genome_length=16.83
2021-12-15 08:13:14.007473 | GENERATION: 39 | ERRORS: best=79, median=230.0, diversity=0.27 | INDIVIDUALS: n=200, avg_genome_length=17.17
2021-12-15 08:13:16.645421 | GENERATION: 40 | ERRORS: best=79, median=230.0, diversity=0.245 | INDIVIDUALS: n=200, avg_genome_length=17.255
2021-12-15 08:13:19.161087 | GENERATION: 41 | ERRORS: best=79, median=230.0, diversity=0.24 | INDIVIDUALS: n=200, avg_genome_length=15.735
2021-12-15 08:13:21.554411 | GENERATION: 42 | ERRORS: best=90, median=230.0, diversity=0.2 | INDIVIDUALS: n=200, avg_genome_length=14.77
2021-12-15 08:13:23.438507 | GENERATION: 43 | ERRORS: best=90, median=230.0, diversity=0.17 | INDIVIDUALS: n=200, avg_genome_length=12.655
2021-12-15 08:13:25.271745 | GENERATION: 44 | ERRORS: best=90, median=230.0, diversity=0.105 | INDIVIDUALS: n=200, avg_genome_length=11.25
2021-12-15 08:13:26.723965 | GENERATION: 45 | ERRORS: best=90, median=230.0, diversity=0.075 | INDIVIDUALS: n=200, avg_genome_length=9.165
2021-12-15 08:13:28.197221 | GENERATION: 46 | ERRORS: best=90, median=230.0, diversity=0.045 | INDIVIDUALS: n=200, avg_genome_length=8.785
2021-12-15 08:13:29.660880 | GENERATION: 47 | ERRORS: best=90, median=230.0, diversity=0.06 | INDIVIDUALS: n=200, avg_genome_length=8.835
2021-12-15 08:13:31.231356 | GENERATION: 48 | ERRORS: best=90, median=230.0, diversity=0.06 | INDIVIDUALS: n=200, avg_genome_length=9.3
2021-12-15 08:13:32.900043 | GENERATION: 49 | ERRORS: best=90, median=230.0, diversity=0.07 | INDIVIDUALS: n=200, avg_genome_length=9.65
2021-12-15 08:13:34.518689 | GENERATION: 50 | ERRORS: best=90, median=230.0, diversity=0.05 | INDIVIDUALS: n=200, avg_genome_length=9.295
2021-12-15 08:13:36.104031 | GENERATION: 51 | ERRORS: best=90, median=230.0, diversity=0.065 | INDIVIDUALS: n=200, avg_genome_length=9.22
2021-12-15 08:13:37.569526 | GENERATION: 52 | ERRORS: best=90, median=230.0, diversity=0.06 | INDIVIDUALS: n=200, avg_genome_length=8.75
2021-12-15 08:13:38.947828 | GENERATION: 53 | ERRORS: best=90, median=230.0, diversity=0.045 | INDIVIDUALS: n=200, avg_genome_length=7.46
2021-12-15 08:13:40.279282 | GENERATION: 54 | ERRORS: best=90, median=230.0, diversity=0.035 | INDIVIDUALS: n=200, avg_genome_length=7.6
2021-12-15 08:13:41.695157 | GENERATION: 55 | ERRORS: best=90, median=230.0, diversity=0.05 | INDIVIDUALS: n=200, avg_genome_length=7.73
2021-12-15 08:13:43.134068 | GENERATION: 56 | ERRORS: best=90, median=230.0, diversity=0.045 | INDIVIDUALS: n=200, avg_genome_length=7.09
2021-12-15 08:13:44.563126 | GENERATION: 57 | ERRORS: best=90, median=230.0, diversity=0.03 | INDIVIDUALS: n=200, avg_genome_length=6.86
2021-12-15 08:13:45.913029 | GENERATION: 58 | ERRORS: best=90, median=230.0, diversity=0.045 | INDIVIDUALS: n=200, avg_genome_length=7.72
2021-12-15 08:13:47.401104 | GENERATION: 59 | ERRORS: best=90, median=230.0, diversity=0.06 | INDIVIDUALS: n=200, avg_genome_length=8.075
2021-12-15 08:13:48.652903 | GENERATION: 60 | ERRORS: best=90, median=230.0, diversity=0.055 | INDIVIDUALS: n=200, avg_genome_length=7.3
2021-12-15 08:13:50.224409 | GENERATION: 61 | ERRORS: best=90, median=230.0, diversity=0.025 | INDIVIDUALS: n=200, avg_genome_length=7.12
2021-12-15 08:13:51.408870 | GENERATION: 62 | ERRORS: best=90, median=230.0, diversity=0.035 | INDIVIDUALS: n=200, avg_genome_length=6.41
2021-12-15 08:13:52.723049 | GENERATION: 63 | ERRORS: best=90, median=230.0, diversity=0.035 | INDIVIDUALS: n=200, avg_genome_length=6.88
2021-12-15 08:13:54.045990 | GENERATION: 64 | ERRORS: best=90, median=230.0, diversity=0.02 | INDIVIDUALS: n=200, avg_genome_length=6.13
2021-12-15 08:13:55.357078 | GENERATION: 65 | ERRORS: best=90, median=230.0, diversity=0.04 | INDIVIDUALS: n=200, avg_genome_length=7.025
2021-12-15 08:13:56.703434 | GENERATION: 66 | ERRORS: best=90, median=230.0, diversity=0.025 | INDIVIDUALS: n=200, avg_genome_length=7.375
2021-12-15 08:13:58.198368 | GENERATION: 67 | ERRORS: best=90, median=230.0, diversity=0.03 | INDIVIDUALS: n=200, avg_genome_length=8.295
2021-12-15 08:13:59.598576 | GENERATION: 68 | ERRORS: best=90, median=230.0, diversity=0.03 | INDIVIDUALS: n=200, avg_genome_length=8.17
2021-12-15 08:14:00.867452 | GENERATION: 69 | ERRORS: best=90, median=230.0, diversity=0.04 | INDIVIDUALS: n=200, avg_genome_length=6.93
2021-12-15 08:14:02.138886 | GENERATION: 70 | ERRORS: best=90, median=230.0, diversity=0.04 | INDIVIDUALS: n=200, avg_genome_length=6.74
2021-12-15 08:14:03.368556 | GENERATION: 71 | ERRORS: best=90, median=230.0, diversity=0.02 | INDIVIDUALS: n=200, avg_genome_length=7.56
2021-12-15 08:14:04.664723 | GENERATION: 72 | ERRORS: best=90, median=230.0, diversity=0.06 | INDIVIDUALS: n=200, avg_genome_length=7.28
2021-12-15 08:14:05.995985 | GENERATION: 73 | ERRORS: best=90, median=230.0, diversity=0.045 | INDIVIDUALS: n=200, avg_genome_length=7.235
2021-12-15 08:14:07.416436 | GENERATION: 74 | ERRORS: best=90, median=230.0, diversity=0.05 | INDIVIDUALS: n=200, avg_genome_length=7.88
2021-12-15 08:14:08.714250 | GENERATION: 75 | ERRORS: best=90, median=230.0, diversity=0.04 | INDIVIDUALS: n=200, avg_genome_length=7.55
2021-12-15 08:14:10.194739 | GENERATION: 76 | ERRORS: best=90, median=230.0, diversity=0.045 | INDIVIDUALS: n=200, avg_genome_length=8.27
2021-12-15 08:14:11.599452 | GENERATION: 77 | ERRORS: best=90, median=230.0, diversity=0.06 | INDIVIDUALS: n=200, avg_genome_length=8.895
2021-12-15 08:14:12.922696 | GENERATION: 78 | ERRORS: best=90, median=230.0, diversity=0.05 | INDIVIDUALS: n=200, avg_genome_length=7.535
2021-12-15 08:14:14.306318 | GENERATION: 79 | ERRORS: best=90, median=230.0, diversity=0.05 | INDIVIDUALS: n=200, avg_genome_length=7.12
2021-12-15 08:14:15.646931 | GENERATION: 80 | ERRORS: best=90, median=230.0, diversity=0.06 | INDIVIDUALS: n=200, avg_genome_length=7.59
2021-12-15 08:14:17.048417 | GENERATION: 81 | ERRORS: best=90, median=230.0, diversity=0.055 | INDIVIDUALS: n=200, avg_genome_length=7.355
2021-12-15 08:14:18.368447 | GENERATION: 82 | ERRORS: best=90, median=230.0, diversity=0.055 | INDIVIDUALS: n=200, avg_genome_length=7.525
2021-12-15 08:14:19.726298 | GENERATION: 83 | ERRORS: best=90, median=230.0, diversity=0.05 | INDIVIDUALS: n=200, avg_genome_length=7.81
2021-12-15 08:14:21.055790 | GENERATION: 84 | ERRORS: best=90, median=230.0, diversity=0.035 | INDIVIDUALS: n=200, avg_genome_length=7.815
2021-12-15 08:14:22.548954 | GENERATION: 85 | ERRORS: best=90, median=230.0, diversity=0.07 | INDIVIDUALS: n=200, avg_genome_length=8.92
2021-12-15 08:14:24.023504 | GENERATION: 86 | ERRORS: best=90, median=230.0, diversity=0.055 | INDIVIDUALS: n=200, avg_genome_length=9.105
2021-12-15 08:14:25.328600 | GENERATION: 87 | ERRORS: best=90, median=230.0, diversity=0.05 | INDIVIDUALS: n=200, avg_genome_length=8.37
2021-12-15 08:14:26.686087 | GENERATION: 88 | ERRORS: best=90, median=230.0, diversity=0.06 | INDIVIDUALS: n=200, avg_genome_length=8.56
2021-12-15 08:14:28.152318 | GENERATION: 89 | ERRORS: best=90, median=230.0, diversity=0.07 | INDIVIDUALS: n=200, avg_genome_length=8.245
2021-12-15 08:14:29.502256 | GENERATION: 90 | ERRORS: best=90, median=230.0, diversity=0.04 | INDIVIDUALS: n=200, avg_genome_length=7.7
2021-12-15 08:14:30.879765 | GENERATION: 91 | ERRORS: best=90, median=230.0, diversity=0.03 | INDIVIDUALS: n=200, avg_genome_length=7.715
2021-12-15 08:14:32.182005 | GENERATION: 92 | ERRORS: best=90, median=230.0, diversity=0.035 | INDIVIDUALS: n=200, avg_genome_length=7.02
2021-12-15 08:14:33.578929 | GENERATION: 93 | ERRORS: best=90, median=230.0, diversity=0.04 | INDIVIDUALS: n=200, avg_genome_length=7.845
2021-12-15 08:14:34.883824 | GENERATION: 94 | ERRORS: best=90, median=230.0, diversity=0.03 | INDIVIDUALS: n=200, avg_genome_length=6.67
2021-12-15 08:14:36.154739 | GENERATION: 95 | ERRORS: best=90, median=230.0, diversity=0.045 | INDIVIDUALS: n=200, avg_genome_length=6.52
2021-12-15 08:14:37.546449 | GENERATION: 96 | ERRORS: best=90, median=230.0, diversity=0.045 | INDIVIDUALS: n=200, avg_genome_length=6.305
2021-12-15 08:14:38.818544 | GENERATION: 97 | ERRORS: best=90, median=230.0, diversity=0.025 | INDIVIDUALS: n=200, avg_genome_length=6.67
2021-12-15 08:14:40.069909 | GENERATION: 98 | ERRORS: best=90, median=230.0, diversity=0.02 | INDIVIDUALS: n=200, avg_genome_length=6.505
2021-12-15 08:14:41.265058 | GENERATION: 99 | ERRORS: best=90, median=230.0, diversity=0.03 | INDIVIDUALS: n=200, avg_genome_length=5.6
2021-12-15 08:14:42.473411 | GENERATION: 100 | ERRORS: best=90, median=230.0, diversity=0.04 | INDIVIDUALS: n=200, avg_genome_length=5.775
2021-12-15 08:14:43.688296 | GENERATION: 101 | ERRORS: best=90, median=230.0, diversity=0.05 | INDIVIDUALS: n=200, avg_genome_length=5.86
2021-12-15 08:14:44.824442 | GENERATION: 102 | ERRORS: best=90, median=230.0, diversity=0.045 | INDIVIDUALS: n=200, avg_genome_length=5.65
2021-12-15 08:14:46.004323 | GENERATION: 103 | ERRORS: best=90, median=230.0, diversity=0.05 | INDIVIDUALS: n=200, avg_genome_length=6.01
2021-12-15 08:14:47.230336 | GENERATION: 104 | ERRORS: best=90, median=230.0, diversity=0.035 | INDIVIDUALS: n=200, avg_genome_length=6.79
2021-12-15 08:14:48.641335 | GENERATION: 105 | ERRORS: best=90, median=230.0, diversity=0.03 | INDIVIDUALS: n=200, avg_genome_length=7.045
2021-12-15 08:14:50.020498 | GENERATION: 106 | ERRORS: best=90, median=230.0, diversity=0.035 | INDIVIDUALS: n=200, avg_genome_length=6.655
2021-12-15 08:14:51.276572 | GENERATION: 107 | ERRORS: best=90, median=230.0, diversity=0.035 | INDIVIDUALS: n=200, avg_genome_length=6.645
2021-12-15 08:14:52.486792 | GENERATION: 108 | ERRORS: best=90, median=230.0, diversity=0.04 | INDIVIDUALS: n=200, avg_genome_length=6.595
2021-12-15 08:14:53.664578 | GENERATION: 109 | ERRORS: best=90, median=230.0, diversity=0.025 | INDIVIDUALS: n=200, avg_genome_length=6.35
2021-12-15 08:14:54.875515 | GENERATION: 110 | ERRORS: best=90, median=230.0, diversity=0.04 | INDIVIDUALS: n=200, avg_genome_length=6.925
2021-12-15 08:14:56.157477 | GENERATION: 111 | ERRORS: best=90, median=230.0, diversity=0.04 | INDIVIDUALS: n=200, avg_genome_length=6.925
2021-12-15 08:14:57.467396 | GENERATION: 112 | ERRORS: best=90, median=230.0, diversity=0.035 | INDIVIDUALS: n=200, avg_genome_length=6.975
2021-12-15 08:14:58.731621 | GENERATION: 113 | ERRORS: best=90, median=230.0, diversity=0.04 | INDIVIDUALS: n=200, avg_genome_length=7.11
2021-12-15 08:14:59.927847 | GENERATION: 114 | ERRORS: best=90, median=230.0, diversity=0.045 | INDIVIDUALS: n=200, avg_genome_length=6.625
2021-12-15 08:15:01.220075 | GENERATION: 115 | ERRORS: best=90, median=230.0, diversity=0.065 | INDIVIDUALS: n=200, avg_genome_length=7.625
2021-12-15 08:15:02.517748 | GENERATION: 116 | ERRORS: best=90, median=230.0, diversity=0.035 | INDIVIDUALS: n=200, avg_genome_length=7.025
2021-12-15 08:15:03.987216 | GENERATION: 117 | ERRORS: best=90, median=230.0, diversity=0.05 | INDIVIDUALS: n=200, avg_genome_length=6.575
2021-12-15 08:15:05.256450 | GENERATION: 118 | ERRORS: best=90, median=230.0, diversity=0.04 | INDIVIDUALS: n=200, avg_genome_length=7.325
2021-12-15 08:15:06.646962 | GENERATION: 119 | ERRORS: best=90, median=230.0, diversity=0.055 | INDIVIDUALS: n=200, avg_genome_length=7.625
2021-12-15 08:15:07.985181 | GENERATION: 120 | ERRORS: best=90, median=230.0, diversity=0.035 | INDIVIDUALS: n=200, avg_genome_length=7.515
2021-12-15 08:15:09.331351 | GENERATION: 121 | ERRORS: best=90, median=230.0, diversity=0.05 | INDIVIDUALS: n=200, avg_genome_length=7.03
2021-12-15 08:15:10.535683 | GENERATION: 122 | ERRORS: best=90, median=230.0, diversity=0.03 | INDIVIDUALS: n=200, avg_genome_length=6.4
2021-12-15 08:15:11.820129 | GENERATION: 123 | ERRORS: best=90, median=230.0, diversity=0.05 | INDIVIDUALS: n=200, avg_genome_length=6.305
2021-12-15 08:15:13.126899 | GENERATION: 124 | ERRORS: best=90, median=230.0, diversity=0.05 | INDIVIDUALS: n=200, avg_genome_length=7.035
2021-12-15 08:15:14.432930 | GENERATION: 125 | ERRORS: best=90, median=230.0, diversity=0.035 | INDIVIDUALS: n=200, avg_genome_length=6.52
2021-12-15 08:15:15.696060 | GENERATION: 126 | ERRORS: best=90, median=230.0, diversity=0.045 | INDIVIDUALS: n=200, avg_genome_length=6.695
2021-12-15 08:15:16.959020 | GENERATION: 127 | ERRORS: best=90, median=230.0, diversity=0.025 | INDIVIDUALS: n=200, avg_genome_length=6.645
2021-12-15 08:15:18.189822 | GENERATION: 128 | ERRORS: best=90, median=230.0, diversity=0.035 | INDIVIDUALS: n=200, avg_genome_length=6.265
2021-12-15 08:15:19.402546 | GENERATION: 129 | ERRORS: best=90, median=230.0, diversity=0.045 | INDIVIDUALS: n=200, avg_genome_length=6.275
2021-12-15 08:15:20.642469 | GENERATION: 130 | ERRORS: best=90, median=230.0, diversity=0.045 | INDIVIDUALS: n=200, avg_genome_length=7.01
2021-12-15 08:15:21.795543 | GENERATION: 131 | ERRORS: best=90, median=230.0, diversity=0.045 | INDIVIDUALS: n=200, avg_genome_length=6.005
2021-12-15 08:15:22.998153 | GENERATION: 132 | ERRORS: best=90, median=230.0, diversity=0.04 | INDIVIDUALS: n=200, avg_genome_length=5.74
2021-12-15 08:15:24.136480 | GENERATION: 133 | ERRORS: best=90, median=230.0, diversity=0.035 | INDIVIDUALS: n=200, avg_genome_length=5.275
2021-12-15 08:15:25.281529 | GENERATION: 134 | ERRORS: best=90, median=230.0, diversity=0.035 | INDIVIDUALS: n=200, avg_genome_length=5.525
2021-12-15 08:15:26.499589 | GENERATION: 135 | ERRORS: best=90, median=230.0, diversity=0.045 | INDIVIDUALS: n=200, avg_genome_length=6.3
2021-12-15 08:15:27.705236 | GENERATION: 136 | ERRORS: best=90, median=230.0, diversity=0.03 | INDIVIDUALS: n=200, avg_genome_length=5.92
2021-12-15 08:15:28.842380 | GENERATION: 137 | ERRORS: best=90, median=230.0, diversity=0.035 | INDIVIDUALS: n=200, avg_genome_length=5.79
2021-12-15 08:15:30.030837 | GENERATION: 138 | ERRORS: best=90, median=230.0, diversity=0.04 | INDIVIDUALS: n=200, avg_genome_length=6.255
2021-12-15 08:15:31.186555 | GENERATION: 139 | ERRORS: best=90, median=230.0, diversity=0.035 | INDIVIDUALS: n=200, avg_genome_length=5.97
2021-12-15 08:15:32.329307 | GENERATION: 140 | ERRORS: best=90, median=230.0, diversity=0.035 | INDIVIDUALS: n=200, avg_genome_length=5.905
2021-12-15 08:15:33.498029 | GENERATION: 141 | ERRORS: best=90, median=230.0, diversity=0.035 | INDIVIDUALS: n=200, avg_genome_length=5.605
2021-12-15 08:15:34.630015 | GENERATION: 142 | ERRORS: best=90, median=230.0, diversity=0.025 | INDIVIDUALS: n=200, avg_genome_length=5.555
2021-12-15 08:15:35.775715 | GENERATION: 143 | ERRORS: best=90, median=230.0, diversity=0.045 | INDIVIDUALS: n=200, avg_genome_length=5.36
2021-12-15 08:15:36.892340 | GENERATION: 144 | ERRORS: best=90, median=230.0, diversity=0.025 | INDIVIDUALS: n=200, avg_genome_length=4.925
2021-12-15 08:15:38.033062 | GENERATION: 145 | ERRORS: best=90, median=230.0, diversity=0.03 | INDIVIDUALS: n=200, avg_genome_length=5.22
2021-12-15 08:15:39.146940 | GENERATION: 146 | ERRORS: best=90, median=230.0, diversity=0.025 | INDIVIDUALS: n=200, avg_genome_length=5.52
2021-12-15 08:15:40.345322 | GENERATION: 147 | ERRORS: best=90, median=230.0, diversity=0.045 | INDIVIDUALS: n=200, avg_genome_length=6.045
2021-12-15 08:15:41.514757 | GENERATION: 148 | ERRORS: best=90, median=230.0, diversity=0.05 | INDIVIDUALS: n=200, avg_genome_length=5.96
2021-12-15 08:15:42.697159 | GENERATION: 149 | ERRORS: best=90, median=230.0, diversity=0.025 | INDIVIDUALS: n=200, avg_genome_length=5.73
2021-12-15 08:15:43.800734 | GENERATION: 150 | ERRORS: best=90, median=230.0, diversity=0.02 | INDIVIDUALS: n=200, avg_genome_length=5.295
2021-12-15 08:15:45.158613 | GENERATION: 151 | ERRORS: best=90, median=230.0, diversity=0.04 | INDIVIDUALS: n=200, avg_genome_length=5.4
2021-12-15 08:15:46.275423 | GENERATION: 152 | ERRORS: best=90, median=230.0, diversity=0.045 | INDIVIDUALS: n=200, avg_genome_length=5.495
2021-12-15 08:15:47.485085 | GENERATION: 153 | ERRORS: best=90, median=230.0, diversity=0.045 | INDIVIDUALS: n=200, avg_genome_length=6.005
2021-12-15 08:15:48.722820 | GENERATION: 154 | ERRORS: best=90, median=230.0, diversity=0.045 | INDIVIDUALS: n=200, avg_genome_length=5.715
2021-12-15 08:15:49.849525 | GENERATION: 155 | ERRORS: best=90, median=230.0, diversity=0.02 | INDIVIDUALS: n=200, avg_genome_length=5.165
2021-12-15 08:15:50.995449 | GENERATION: 156 | ERRORS: best=90, median=230.0, diversity=0.03 | INDIVIDUALS: n=200, avg_genome_length=5.275
2021-12-15 08:15:52.133885 | GENERATION: 157 | ERRORS: best=90, median=230.0, diversity=0.035 | INDIVIDUALS: n=200, avg_genome_length=5.7
2021-12-15 08:15:53.263862 | GENERATION: 158 | ERRORS: best=90, median=230.0, diversity=0.03 | INDIVIDUALS: n=200, avg_genome_length=5.225
2021-12-15 08:15:54.537768 | GENERATION: 159 | ERRORS: best=90, median=230.0, diversity=0.035 | INDIVIDUALS: n=200, avg_genome_length=5.66
2021-12-15 08:15:55.699590 | GENERATION: 160 | ERRORS: best=90, median=230.0, diversity=0.025 | INDIVIDUALS: n=200, avg_genome_length=5.225
2021-12-15 08:15:56.837727 | GENERATION: 161 | ERRORS: best=90, median=230.0, diversity=0.035 | INDIVIDUALS: n=200, avg_genome_length=5.2
2021-12-15 08:15:57.973967 | GENERATION: 162 | ERRORS: best=90, median=230.0, diversity=0.03 | INDIVIDUALS: n=200, avg_genome_length=5.585
2021-12-15 08:15:59.178500 | GENERATION: 163 | ERRORS: best=90, median=230.0, diversity=0.05 | INDIVIDUALS: n=200, avg_genome_length=5.925
2021-12-15 08:16:00.354936 | GENERATION: 164 | ERRORS: best=90, median=230.0, diversity=0.04 | INDIVIDUALS: n=200, avg_genome_length=5.795
2021-12-15 08:16:01.474392 | GENERATION: 165 | ERRORS: best=90, median=230.0, diversity=0.03 | INDIVIDUALS: n=200, avg_genome_length=5.41
2021-12-15 08:16:02.616644 | GENERATION: 166 | ERRORS: best=90, median=230.0, diversity=0.025 | INDIVIDUALS: n=200, avg_genome_length=6.115
2021-12-15 08:16:03.840055 | GENERATION: 167 | ERRORS: best=90, median=230.0, diversity=0.03 | INDIVIDUALS: n=200, avg_genome_length=6.895
2021-12-15 08:16:05.045920 | GENERATION: 168 | ERRORS: best=90, median=230.0, diversity=0.03 | INDIVIDUALS: n=200, avg_genome_length=6.9
2021-12-15 08:16:06.230017 | GENERATION: 169 | ERRORS: best=90, median=230.0, diversity=0.04 | INDIVIDUALS: n=200, avg_genome_length=6.1
2021-12-15 08:16:07.372140 | GENERATION: 170 | ERRORS: best=90, median=230.0, diversity=0.045 | INDIVIDUALS: n=200, avg_genome_length=5.585
2021-12-15 08:16:08.582882 | GENERATION: 171 | ERRORS: best=90, median=230.0, diversity=0.025 | INDIVIDUALS: n=200, avg_genome_length=5.695
2021-12-15 08:16:09.737316 | GENERATION: 172 | ERRORS: best=90, median=230.0, diversity=0.035 | INDIVIDUALS: n=200, avg_genome_length=5.1
2021-12-15 08:16:10.900762 | GENERATION: 173 | ERRORS: best=90, median=230.0, diversity=0.025 | INDIVIDUALS: n=200, avg_genome_length=5.445
2021-12-15 08:16:12.102965 | GENERATION: 174 | ERRORS: best=90, median=230.0, diversity=0.035 | INDIVIDUALS: n=200, avg_genome_length=5.04
2021-12-15 08:16:13.277317 | GENERATION: 175 | ERRORS: best=90, median=230.0, diversity=0.025 | INDIVIDUALS: n=200, avg_genome_length=5.66
2021-12-15 08:16:14.476147 | GENERATION: 176 | ERRORS: best=90, median=230.0, diversity=0.02 | INDIVIDUALS: n=200, avg_genome_length=6.405
2021-12-15 08:16:15.722151 | GENERATION: 177 | ERRORS: best=90, median=230.0, diversity=0.03 | INDIVIDUALS: n=200, avg_genome_length=6.915
2021-12-15 08:16:16.951571 | GENERATION: 178 | ERRORS: best=90, median=230.0, diversity=0.04 | INDIVIDUALS: n=200, avg_genome_length=6.22
2021-12-15 08:16:18.155753 | GENERATION: 179 | ERRORS: best=90, median=230.0, diversity=0.035 | INDIVIDUALS: n=200, avg_genome_length=6.89
2021-12-15 08:16:19.373408 | GENERATION: 180 | ERRORS: best=90, median=230.0, diversity=0.035 | INDIVIDUALS: n=200, avg_genome_length=6.46
2021-12-15 08:16:20.538924 | GENERATION: 181 | ERRORS: best=90, median=230.0, diversity=0.025 | INDIVIDUALS: n=200, avg_genome_length=6.0
2021-12-15 08:16:21.725615 | GENERATION: 182 | ERRORS: best=90, median=230.0, diversity=0.045 | INDIVIDUALS: n=200, avg_genome_length=6.26
2021-12-15 08:16:22.948932 | GENERATION: 183 | ERRORS: best=90, median=230.0, diversity=0.045 | INDIVIDUALS: n=200, avg_genome_length=6.585
2021-12-15 08:16:24.148124 | GENERATION: 184 | ERRORS: best=90, median=230.0, diversity=0.04 | INDIVIDUALS: n=200, avg_genome_length=6.56
2021-12-15 08:16:25.358416 | GENERATION: 185 | ERRORS: best=90, median=230.0, diversity=0.04 | INDIVIDUALS: n=200, avg_genome_length=6.71
2021-12-15 08:16:26.561921 | GENERATION: 186 | ERRORS: best=90, median=230.0, diversity=0.03 | INDIVIDUALS: n=200, avg_genome_length=6.85
2021-12-15 08:16:27.773198 | GENERATION: 187 | ERRORS: best=90, median=230.0, diversity=0.04 | INDIVIDUALS: n=200, avg_genome_length=6.965
2021-12-15 08:16:29.086504 | GENERATION: 188 | ERRORS: best=90, median=230.0, diversity=0.055 | INDIVIDUALS: n=200, avg_genome_length=7.18
2021-12-15 08:16:30.298412 | GENERATION: 189 | ERRORS: best=90, median=230.0, diversity=0.04 | INDIVIDUALS: n=200, avg_genome_length=7.045
2021-12-15 08:16:31.569252 | GENERATION: 190 | ERRORS: best=90, median=230.0, diversity=0.04 | INDIVIDUALS: n=200, avg_genome_length=7.09
2021-12-15 08:16:32.782737 | GENERATION: 191 | ERRORS: best=90, median=230.0, diversity=0.04 | INDIVIDUALS: n=200, avg_genome_length=7.155
2021-12-15 08:16:34.018336 | GENERATION: 192 | ERRORS: best=90, median=230.0, diversity=0.045 | INDIVIDUALS: n=200, avg_genome_length=7.34
2021-12-15 08:16:35.288633 | GENERATION: 193 | ERRORS: best=90, median=230.0, diversity=0.04 | INDIVIDUALS: n=200, avg_genome_length=7.155
2021-12-15 08:16:36.619589 | GENERATION: 194 | ERRORS: best=90, median=230.0, diversity=0.06 | INDIVIDUALS: n=200, avg_genome_length=6.87
2021-12-15 08:16:37.888488 | GENERATION: 195 | ERRORS: best=90, median=230.0, diversity=0.06 | INDIVIDUALS: n=200, avg_genome_length=7.64
2021-12-15 08:16:39.241355 | GENERATION: 196 | ERRORS: best=90, median=230.0, diversity=0.06 | INDIVIDUALS: n=200, avg_genome_length=8.07
2021-12-15 08:16:40.530286 | GENERATION: 197 | ERRORS: best=90, median=230.0, diversity=0.045 | INDIVIDUALS: n=200, avg_genome_length=7.56
2021-12-15 08:16:41.789261 | GENERATION: 198 | ERRORS: best=90, median=230.0, diversity=0.055 | INDIVIDUALS: n=200, avg_genome_length=6.95
2021-12-15 08:16:42.999718 | GENERATION: 199 | ERRORS: best=90, median=230.0, diversity=0.045 | INDIVIDUALS: n=200, avg_genome_length=6.795
2021-12-15 08:16:44.227523 | GENERATION: 200 | ERRORS: best=90, median=230.0, diversity=0.045 | INDIVIDUALS: n=200, avg_genome_length=6.665
2021-12-15 08:16:45.454809 | GENERATION: 201 | ERRORS: best=90, median=230.0, diversity=0.025 | INDIVIDUALS: n=200, avg_genome_length=6.695
2021-12-15 08:16:46.759677 | GENERATION: 202 | ERRORS: best=90, median=230.0, diversity=0.035 | INDIVIDUALS: n=200, avg_genome_length=6.55
2021-12-15 08:16:48.071840 | GENERATION: 203 | ERRORS: best=90, median=230.0, diversity=0.045 | INDIVIDUALS: n=200, avg_genome_length=7.025
2021-12-15 08:16:49.627527 | GENERATION: 204 | ERRORS: best=90, median=222.0, diversity=0.05 | INDIVIDUALS: n=200, avg_genome_length=7.365
2021-12-15 08:16:50.800968 | GENERATION: 205 | ERRORS: best=90, median=230.0, diversity=0.035 | INDIVIDUALS: n=200, avg_genome_length=6.65
2021-12-15 08:16:52.045142 | GENERATION: 206 | ERRORS: best=90, median=230.0, diversity=0.035 | INDIVIDUALS: n=200, avg_genome_length=7.37
2021-12-15 08:16:53.347895 | GENERATION: 207 | ERRORS: best=90, median=230.0, diversity=0.045 | INDIVIDUALS: n=200, avg_genome_length=7.43
2021-12-15 08:16:54.659441 | GENERATION: 208 | ERRORS: best=90, median=230.0, diversity=0.045 | INDIVIDUALS: n=200, avg_genome_length=7.265
2021-12-15 08:16:55.916901 | GENERATION: 209 | ERRORS: best=90, median=117.0, diversity=0.03 | INDIVIDUALS: n=200, avg_genome_length=7.15
2021-12-15 08:16:57.255912 | GENERATION: 210 | ERRORS: best=90, median=230.0, diversity=0.065 | INDIVIDUALS: n=200, avg_genome_length=6.7
2021-12-15 08:16:58.595545 | GENERATION: 211 | ERRORS: best=90, median=230.0, diversity=0.055 | INDIVIDUALS: n=200, avg_genome_length=6.38
2021-12-15 08:16:59.933008 | GENERATION: 212 | ERRORS: best=90, median=230.0, diversity=0.05 | INDIVIDUALS: n=200, avg_genome_length=6.625
2021-12-15 08:17:01.098390 | GENERATION: 213 | ERRORS: best=90, median=230.0, diversity=0.025 | INDIVIDUALS: n=200, avg_genome_length=6.485
2021-12-15 08:17:02.344700 | GENERATION: 214 | ERRORS: best=90, median=230.0, diversity=0.05 | INDIVIDUALS: n=200, avg_genome_length=7.525
2021-12-15 08:17:03.563188 | GENERATION: 215 | ERRORS: best=90, median=230.0, diversity=0.02 | INDIVIDUALS: n=200, avg_genome_length=7.06
2021-12-15 08:17:04.843774 | GENERATION: 216 | ERRORS: best=90, median=230.0, diversity=0.04 | INDIVIDUALS: n=200, avg_genome_length=7.675
2021-12-15 08:17:06.124064 | GENERATION: 217 | ERRORS: best=90, median=230.0, diversity=0.03 | INDIVIDUALS: n=200, avg_genome_length=7.895
2021-12-15 08:17:07.385820 | GENERATION: 218 | ERRORS: best=90, median=230.0, diversity=0.04 | INDIVIDUALS: n=200, avg_genome_length=7.705
2021-12-15 08:17:08.683767 | GENERATION: 219 | ERRORS: best=90, median=230.0, diversity=0.045 | INDIVIDUALS: n=200, avg_genome_length=6.95
2021-12-15 08:17:09.884803 | GENERATION: 220 | ERRORS: best=90, median=230.0, diversity=0.03 | INDIVIDUALS: n=200, avg_genome_length=6.565
2021-12-15 08:17:11.075406 | GENERATION: 221 | ERRORS: best=90, median=230.0, diversity=0.045 | INDIVIDUALS: n=200, avg_genome_length=6.65
2021-12-15 08:17:12.356582 | GENERATION: 222 | ERRORS: best=90, median=230.0, diversity=0.045 | INDIVIDUALS: n=200, avg_genome_length=7.345
2021-12-15 08:17:13.643558 | GENERATION: 223 | ERRORS: best=90, median=230.0, diversity=0.07 | INDIVIDUALS: n=200, avg_genome_length=8.075
2021-12-15 08:17:14.974275 | GENERATION: 224 | ERRORS: best=90, median=117.0, diversity=0.08 | INDIVIDUALS: n=200, avg_genome_length=8.455
2021-12-15 08:17:16.235266 | GENERATION: 225 | ERRORS: best=90, median=230.0, diversity=0.075 | INDIVIDUALS: n=200, avg_genome_length=7.575
2021-12-15 08:17:17.589340 | GENERATION: 226 | ERRORS: best=90, median=230.0, diversity=0.085 | INDIVIDUALS: n=200, avg_genome_length=7.05
2021-12-15 08:17:18.996094 | GENERATION: 227 | ERRORS: best=90, median=230.0, diversity=0.055 | INDIVIDUALS: n=200, avg_genome_length=6.79
2021-12-15 08:17:20.340346 | GENERATION: 228 | ERRORS: best=90, median=230.0, diversity=0.085 | INDIVIDUALS: n=200, avg_genome_length=7.11
2021-12-15 08:17:21.575633 | GENERATION: 229 | ERRORS: best=90, median=230.0, diversity=0.045 | INDIVIDUALS: n=200, avg_genome_length=5.755
2021-12-15 08:17:22.973158 | GENERATION: 230 | ERRORS: best=90, median=230.0, diversity=0.05 | INDIVIDUALS: n=200, avg_genome_length=6.555
2021-12-15 08:17:24.303168 | GENERATION: 231 | ERRORS: best=90, median=230.0, diversity=0.035 | INDIVIDUALS: n=200, avg_genome_length=7.08
2021-12-15 08:17:25.544364 | GENERATION: 232 | ERRORS: best=90, median=230.0, diversity=0.045 | INDIVIDUALS: n=200, avg_genome_length=6.7
2021-12-15 08:17:26.758918 | GENERATION: 233 | ERRORS: best=90, median=230.0, diversity=0.055 | INDIVIDUALS: n=200, avg_genome_length=7.075
2021-12-15 08:17:28.068389 | GENERATION: 234 | ERRORS: best=90, median=230.0, diversity=0.07 | INDIVIDUALS: n=200, avg_genome_length=6.825
2021-12-15 08:17:29.374090 | GENERATION: 235 | ERRORS: best=90, median=230.0, diversity=0.035 | INDIVIDUALS: n=200, avg_genome_length=7.195
2021-12-15 08:17:30.582667 | GENERATION: 236 | ERRORS: best=90, median=230.0, diversity=0.03 | INDIVIDUALS: n=200, avg_genome_length=6.325
2021-12-15 08:17:31.749781 | GENERATION: 237 | ERRORS: best=90, median=230.0, diversity=0.025 | INDIVIDUALS: n=200, avg_genome_length=5.695
2021-12-15 08:17:32.902388 | GENERATION: 238 | ERRORS: best=90, median=230.0, diversity=0.03 | INDIVIDUALS: n=200, avg_genome_length=5.505
2021-12-15 08:17:34.079999 | GENERATION: 239 | ERRORS: best=90, median=230.0, diversity=0.04 | INDIVIDUALS: n=200, avg_genome_length=5.76
2021-12-15 08:17:35.258657 | GENERATION: 240 | ERRORS: best=90, median=230.0, diversity=0.035 | INDIVIDUALS: n=200, avg_genome_length=6.14
2021-12-15 08:17:36.495055 | GENERATION: 241 | ERRORS: best=90, median=230.0, diversity=0.05 | INDIVIDUALS: n=200, avg_genome_length=6.66
2021-12-15 08:17:37.707435 | GENERATION: 242 | ERRORS: best=90, median=230.0, diversity=0.065 | INDIVIDUALS: n=200, avg_genome_length=6.345
2021-12-15 08:17:38.913773 | GENERATION: 243 | ERRORS: best=90, median=230.0, diversity=0.04 | INDIVIDUALS: n=200, avg_genome_length=6.635
2021-12-15 08:17:40.196063 | GENERATION: 244 | ERRORS: best=90, median=230.0, diversity=0.045 | INDIVIDUALS: n=200, avg_genome_length=6.835
2021-12-15 08:17:41.369407 | GENERATION: 245 | ERRORS: best=90, median=230.0, diversity=0.02 | INDIVIDUALS: n=200, avg_genome_length=6.035
2021-12-15 08:17:42.597407 | GENERATION: 246 | ERRORS: best=90, median=230.0, diversity=0.035 | INDIVIDUALS: n=200, avg_genome_length=7.335
2021-12-15 08:17:43.826684 | GENERATION: 247 | ERRORS: best=90, median=230.0, diversity=0.045 | INDIVIDUALS: n=200, avg_genome_length=6.745
2021-12-15 08:17:45.097906 | GENERATION: 248 | ERRORS: best=90, median=230.0, diversity=0.025 | INDIVIDUALS: n=200, avg_genome_length=7.44
2021-12-15 08:17:46.383147 | GENERATION: 249 | ERRORS: best=90, median=230.0, diversity=0.03 | INDIVIDUALS: n=200, avg_genome_length=7.015
2021-12-15 08:17:47.610153 | GENERATION: 250 | ERRORS: best=90, median=230.0, diversity=0.05 | INDIVIDUALS: n=200, avg_genome_length=7.41
2021-12-15 08:17:48.919400 | GENERATION: 251 | ERRORS: best=90, median=230.0, diversity=0.05 | INDIVIDUALS: n=200, avg_genome_length=8.435
2021-12-15 08:17:50.164976 | GENERATION: 252 | ERRORS: best=90, median=230.0, diversity=0.06 | INDIVIDUALS: n=200, avg_genome_length=7.755
2021-12-15 08:17:51.468765 | GENERATION: 253 | ERRORS: best=90, median=117.0, diversity=0.035 | INDIVIDUALS: n=200, avg_genome_length=8.125
2021-12-15 08:17:52.710588 | GENERATION: 254 | ERRORS: best=90, median=230.0, diversity=0.055 | INDIVIDUALS: n=200, avg_genome_length=7.37
2021-12-15 08:17:53.926856 | GENERATION: 255 | ERRORS: best=90, median=230.0, diversity=0.035 | INDIVIDUALS: n=200, avg_genome_length=6.5
2021-12-15 08:17:55.141366 | GENERATION: 256 | ERRORS: best=90, median=230.0, diversity=0.055 | INDIVIDUALS: n=200, avg_genome_length=6.375
2021-12-15 08:17:56.317286 | GENERATION: 257 | ERRORS: best=90, median=230.0, diversity=0.05 | INDIVIDUALS: n=200, avg_genome_length=5.835
2021-12-15 08:17:57.564234 | GENERATION: 258 | ERRORS: best=90, median=230.0, diversity=0.04 | INDIVIDUALS: n=200, avg_genome_length=5.31
2021-12-15 08:17:58.734297 | GENERATION: 259 | ERRORS: best=90, median=230.0, diversity=0.025 | INDIVIDUALS: n=200, avg_genome_length=5.98
2021-12-15 08:17:59.878743 | GENERATION: 260 | ERRORS: best=90, median=230.0, diversity=0.03 | INDIVIDUALS: n=200, avg_genome_length=6.02
2021-12-15 08:18:01.061310 | GENERATION: 261 | ERRORS: best=90, median=230.0, diversity=0.035 | INDIVIDUALS: n=200, avg_genome_length=6.335
2021-12-15 08:18:02.229200 | GENERATION: 262 | ERRORS: best=90, median=230.0, diversity=0.05 | INDIVIDUALS: n=200, avg_genome_length=5.88
2021-12-15 08:18:03.434607 | GENERATION: 263 | ERRORS: best=90, median=230.0, diversity=0.04 | INDIVIDUALS: n=200, avg_genome_length=6.18
2021-12-15 08:18:04.570621 | GENERATION: 264 | ERRORS: best=90, median=230.0, diversity=0.035 | INDIVIDUALS: n=200, avg_genome_length=5.43
2021-12-15 08:18:05.870081 | GENERATION: 265 | ERRORS: best=90, median=230.0, diversity=0.045 | INDIVIDUALS: n=200, avg_genome_length=5.57
2021-12-15 08:18:07.034544 | GENERATION: 266 | ERRORS: best=90, median=230.0, diversity=0.04 | INDIVIDUALS: n=200, avg_genome_length=5.675
2021-12-15 08:18:08.190102 | GENERATION: 267 | ERRORS: best=90, median=230.0, diversity=0.025 | INDIVIDUALS: n=200, avg_genome_length=6.005
2021-12-15 08:18:09.344403 | GENERATION: 268 | ERRORS: best=90, median=230.0, diversity=0.035 | INDIVIDUALS: n=200, avg_genome_length=5.755
2021-12-15 08:18:10.494292 | GENERATION: 269 | ERRORS: best=90, median=230.0, diversity=0.025 | INDIVIDUALS: n=200, avg_genome_length=6.005
2021-12-15 08:18:11.639310 | GENERATION: 270 | ERRORS: best=90, median=230.0, diversity=0.035 | INDIVIDUALS: n=200, avg_genome_length=5.895
2021-12-15 08:18:12.810028 | GENERATION: 271 | ERRORS: best=90, median=230.0, diversity=0.03 | INDIVIDUALS: n=200, avg_genome_length=6.27
2021-12-15 08:18:13.992211 | GENERATION: 272 | ERRORS: best=90, median=230.0, diversity=0.035 | INDIVIDUALS: n=200, avg_genome_length=5.805
2021-12-15 08:18:15.139412 | GENERATION: 273 | ERRORS: best=90, median=230.0, diversity=0.025 | INDIVIDUALS: n=200, avg_genome_length=5.555
2021-12-15 08:18:16.282914 | GENERATION: 274 | ERRORS: best=90, median=230.0, diversity=0.045 | INDIVIDUALS: n=200, avg_genome_length=5.515
2021-12-15 08:18:17.429850 | GENERATION: 275 | ERRORS: best=90, median=230.0, diversity=0.02 | INDIVIDUALS: n=200, avg_genome_length=5.36
2021-12-15 08:18:18.589278 | GENERATION: 276 | ERRORS: best=90, median=230.0, diversity=0.03 | INDIVIDUALS: n=200, avg_genome_length=5.675
2021-12-15 08:18:19.786419 | GENERATION: 277 | ERRORS: best=90, median=230.0, diversity=0.035 | INDIVIDUALS: n=200, avg_genome_length=5.805
2021-12-15 08:18:20.977105 | GENERATION: 278 | ERRORS: best=90, median=230.0, diversity=0.04 | INDIVIDUALS: n=200, avg_genome_length=6.055
2021-12-15 08:18:22.215009 | GENERATION: 279 | ERRORS: best=90, median=230.0, diversity=0.045 | INDIVIDUALS: n=200, avg_genome_length=6.565
2021-12-15 08:18:23.399490 | GENERATION: 280 | ERRORS: best=90, median=230.0, diversity=0.045 | INDIVIDUALS: n=200, avg_genome_length=6.345
2021-12-15 08:18:24.630463 | GENERATION: 281 | ERRORS: best=90, median=230.0, diversity=0.055 | INDIVIDUALS: n=200, avg_genome_length=6.085
2021-12-15 08:18:25.810857 | GENERATION: 282 | ERRORS: best=90, median=230.0, diversity=0.035 | INDIVIDUALS: n=200, avg_genome_length=5.815
2021-12-15 08:18:27.021264 | GENERATION: 283 | ERRORS: best=90, median=230.0, diversity=0.035 | INDIVIDUALS: n=200, avg_genome_length=6.21
2021-12-15 08:18:28.233857 | GENERATION: 284 | ERRORS: best=90, median=230.0, diversity=0.045 | INDIVIDUALS: n=200, avg_genome_length=6.39
2021-12-15 08:18:29.710395 | GENERATION: 285 | ERRORS: best=90, median=230.0, diversity=0.07 | INDIVIDUALS: n=200, avg_genome_length=6.16
2021-12-15 08:18:30.829292 | GENERATION: 286 | ERRORS: best=90, median=230.0, diversity=0.03 | INDIVIDUALS: n=200, avg_genome_length=5.745
2021-12-15 08:18:32.041538 | GENERATION: 287 | ERRORS: best=90, median=230.0, diversity=0.03 | INDIVIDUALS: n=200, avg_genome_length=6.71
2021-12-15 08:18:33.245248 | GENERATION: 288 | ERRORS: best=90, median=230.0, diversity=0.055 | INDIVIDUALS: n=200, avg_genome_length=6.08
2021-12-15 08:18:34.394576 | GENERATION: 289 | ERRORS: best=90, median=230.0, diversity=0.035 | INDIVIDUALS: n=200, avg_genome_length=6.015
2021-12-15 08:18:35.752536 | GENERATION: 290 | ERRORS: best=90, median=230.0, diversity=0.06 | INDIVIDUALS: n=200, avg_genome_length=7.65
2021-12-15 08:18:36.967805 | GENERATION: 291 | ERRORS: best=90, median=230.0, diversity=0.025 | INDIVIDUALS: n=200, avg_genome_length=7.06
2021-12-15 08:18:38.232779 | GENERATION: 292 | ERRORS: best=90, median=230.0, diversity=0.045 | INDIVIDUALS: n=200, avg_genome_length=7.055
2021-12-15 08:18:39.431881 | GENERATION: 293 | ERRORS: best=90, median=230.0, diversity=0.035 | INDIVIDUALS: n=200, avg_genome_length=6.645
2021-12-15 08:18:40.653468 | GENERATION: 294 | ERRORS: best=90, median=230.0, diversity=0.045 | INDIVIDUALS: n=200, avg_genome_length=6.295
2021-12-15 08:18:41.924200 | GENERATION: 295 | ERRORS: best=90, median=230.0, diversity=0.06 | INDIVIDUALS: n=200, avg_genome_length=6.52
2021-12-15 08:18:43.140164 | GENERATION: 296 | ERRORS: best=90, median=230.0, diversity=0.05 | INDIVIDUALS: n=200, avg_genome_length=6.625
2021-12-15 08:18:44.311733 | GENERATION: 297 | ERRORS: best=90, median=230.0, diversity=0.045 | INDIVIDUALS: n=200, avg_genome_length=6.515
2021-12-15 08:18:45.558146 | GENERATION: 298 | ERRORS: best=90, median=230.0, diversity=0.04 | INDIVIDUALS: n=200, avg_genome_length=6.375
2021-12-15 08:18:46.718473 | GENERATION: 299 | ERRORS: best=90, median=230.0, diversity=0.04 | INDIVIDUALS: n=200, avg_genome_length=6.44
2021-12-15 08:18:47.930702 | GENERATION: 300 | ERRORS: best=90, median=230.0, diversity=0.035 | INDIVIDUALS: n=200, avg_genome_length=7.48
Simplifying genome of length 16 with total error 79.
Simplified genome by 2 to length 14.
Simplified genome by 2 to length 12.
Simplified genome by 1 to length 11.
Simplified genome by 1 to length 10.
Simplified genome by 2 to length 8.
Simplified genome by 1 to length 7.
Simplified genome to length 7 and total error 79.
========================================
End Run
========================================
No solution found.
Best Seen Individual
	Genome:
	 pvector([Input(input_index=2), Input(input_index=0), InstructionMeta(name='exec_yank_dup', code_blocks=0), Input(input_index=1), InstructionMeta(name='exec_shove_dup', code_blocks=1), InstructionMeta(name='int_min', code_blocks=0), InstructionMeta(name='print_int', code_blocks=0)])
	Program:
	 (input_2 input_0 exec_yank_dup input_1 exec_shove_dup (int_min print_int))
	Error vector:
	 [0 0 0 2 0 1 0 3 2 0 3 2 1 0 3 0 1 0 0 0 3 0 2 0 2 0 0 2 3 0 2 0 0 0 0 0 0
 0 3 2 2 0 0 2 0 3 2 2 0 0 0 0 0 0 0 0 0 2 0 2 0 2 0 0 0 2 0 0 2 0 1 0 0 1
 0 0 0 0 1 0 0 0 0 0 2 3 1 2 0 0 3 1 0 1 0 1 0 2 2 0]
	Total error:
	 79
	Test error:
	 804
	Time:
	 00:07:51
