Included 0 edge cases.
Included 100 random cases.
Included 100 cases in total.
Finished formatting.
Included 0 edge cases.
Included 1000 random cases.
Included 1000 cases in total.
Finished formatting.
========================================
Setup
========================================
Search Configuration:
signature: ProgramSignature(output_stacks=['stdout'], push_config=PushConfig(collection_size_cap=1000, growth_cap=500, step_limit=200, numeric_magnitude_limit=1000000000000.0, runtime_limit=10), arity=3)
evaluator: <pyshgp.gp.evaluation.DatasetEvaluator object at 0x7f8cb2cc57f0>
spawner: <pyshgp.gp.genome.GeneSpawner object at 0x7f8cba378f40>
population_size: 200
max_generations: 300
error_threshold: 0.0
initial_genome_size: (20, 100)
simplification_steps: 500
parallel_context: <pyshgp.gp.search.ParallelContext object at 0x7f8cb2cc5700>
selection: <pyshgp.utils.DiscreteProbDistrib object at 0x7f8cba3a3140>
variation: <pyshgp.utils.DiscreteProbDistrib object at 0x7f8cba3a3200>
Instructions:
int_add, int_sub, int_mult, int_div, int_mod, int_min, int_max, int_inc, int_dec, int_lt, int_lte, int_gt, int_gte, int_from_bool, bool_and, bool_or, bool_not, bool_xor, bool_invert_first_then_and, bool_second_first_then_and, bool_from_int, noop, noop_open, exec_do_range, exec_do_count, exec_while, exec_do_while, exec_if, exec_when, print_bool, println_bool, print_int, println_int, print_exec, println_exec, bool_pop, bool_dup, bool_dup_times, bool_swap, bool_rot, bool_flush, bool_eq, bool_stack_depth, bool_yank, bool_yank_dup, bool_shove, bool_shove_dup, bool_is_empty, int_pop, int_dup, int_dup_times, int_swap, int_rot, int_flush, int_eq, int_stack_depth, int_yank, int_yank_dup, int_shove, int_shove_dup, int_is_empty, exec_pop, exec_dup, exec_dup_times, exec_swap, exec_rot, exec_flush, exec_eq, exec_stack_depth, exec_yank, exec_yank_dup, exec_shove, exec_shove_dup, exec_is_empty
Literals:
[]
ERC Generators:
[<function rand_int at 0x7f8cba37ea60>]
========================================
Start Run
========================================
2021-12-15 07:57:44.543621 | GENERATION: 1 | ERRORS: best=213, median=230.0, diversity=0.055 | INDIVIDUALS: n=200, avg_genome_length=57.2
2021-12-15 07:57:51.703541 | GENERATION: 2 | ERRORS: best=90, median=213.0, diversity=0.255 | INDIVIDUALS: n=200, avg_genome_length=51.945
2021-12-15 07:57:57.596753 | GENERATION: 3 | ERRORS: best=89, median=202.0, diversity=0.295 | INDIVIDUALS: n=200, avg_genome_length=50.025
2021-12-15 07:58:03.842421 | GENERATION: 4 | ERRORS: best=89, median=171.0, diversity=0.395 | INDIVIDUALS: n=200, avg_genome_length=51.53
2021-12-15 07:58:09.985775 | GENERATION: 5 | ERRORS: best=89, median=209.0, diversity=0.395 | INDIVIDUALS: n=200, avg_genome_length=49.25
2021-12-15 07:58:17.064645 | GENERATION: 6 | ERRORS: best=89, median=202.0, diversity=0.445 | INDIVIDUALS: n=200, avg_genome_length=48.62
2021-12-15 07:58:23.207995 | GENERATION: 7 | ERRORS: best=74, median=205.0, diversity=0.455 | INDIVIDUALS: n=200, avg_genome_length=49.365
2021-12-15 07:58:29.831454 | GENERATION: 8 | ERRORS: best=45, median=155.5, diversity=0.56 | INDIVIDUALS: n=200, avg_genome_length=50.69
2021-12-15 07:58:36.252857 | GENERATION: 9 | ERRORS: best=45, median=117.0, diversity=0.51 | INDIVIDUALS: n=200, avg_genome_length=50.75
2021-12-15 07:58:41.582998 | GENERATION: 10 | ERRORS: best=45, median=116.0, diversity=0.615 | INDIVIDUALS: n=200, avg_genome_length=50.515
2021-12-15 07:58:46.809319 | GENERATION: 11 | ERRORS: best=44, median=132.0, diversity=0.6 | INDIVIDUALS: n=200, avg_genome_length=48.335
2021-12-15 07:58:51.310739 | GENERATION: 12 | ERRORS: best=44, median=113.0, diversity=0.455 | INDIVIDUALS: n=200, avg_genome_length=49.02
2021-12-15 07:58:55.712641 | GENERATION: 13 | ERRORS: best=44, median=102.0, diversity=0.465 | INDIVIDUALS: n=200, avg_genome_length=48.15
2021-12-15 07:59:00.216093 | GENERATION: 14 | ERRORS: best=40, median=112.0, diversity=0.46 | INDIVIDUALS: n=200, avg_genome_length=47.735
2021-12-15 07:59:04.393158 | GENERATION: 15 | ERRORS: best=40, median=113.0, diversity=0.425 | INDIVIDUALS: n=200, avg_genome_length=48.86
2021-12-15 07:59:08.924852 | GENERATION: 16 | ERRORS: best=40, median=112.0, diversity=0.505 | INDIVIDUALS: n=200, avg_genome_length=46.58
2021-12-15 07:59:13.124922 | GENERATION: 17 | ERRORS: best=40, median=117.0, diversity=0.535 | INDIVIDUALS: n=200, avg_genome_length=45.675
2021-12-15 07:59:17.470394 | GENERATION: 18 | ERRORS: best=40, median=112.0, diversity=0.5 | INDIVIDUALS: n=200, avg_genome_length=43.545
2021-12-15 07:59:21.330547 | GENERATION: 19 | ERRORS: best=40, median=113.0, diversity=0.5 | INDIVIDUALS: n=200, avg_genome_length=42.69
2021-12-15 07:59:25.231022 | GENERATION: 20 | ERRORS: best=40, median=114.0, diversity=0.555 | INDIVIDUALS: n=200, avg_genome_length=42.08
2021-12-15 07:59:29.394402 | GENERATION: 21 | ERRORS: best=40, median=117.0, diversity=0.62 | INDIVIDUALS: n=200, avg_genome_length=41.995
2021-12-15 07:59:33.279121 | GENERATION: 22 | ERRORS: best=40, median=112.0, diversity=0.51 | INDIVIDUALS: n=200, avg_genome_length=39.84
2021-12-15 07:59:37.222553 | GENERATION: 23 | ERRORS: best=40, median=116.5, diversity=0.54 | INDIVIDUALS: n=200, avg_genome_length=39.23
2021-12-15 07:59:40.514706 | GENERATION: 24 | ERRORS: best=40, median=132.0, diversity=0.565 | INDIVIDUALS: n=200, avg_genome_length=37.33
2021-12-15 07:59:44.097219 | GENERATION: 25 | ERRORS: best=40, median=117.0, diversity=0.48 | INDIVIDUALS: n=200, avg_genome_length=37.645
2021-12-15 07:59:47.830842 | GENERATION: 26 | ERRORS: best=40, median=116.0, diversity=0.535 | INDIVIDUALS: n=200, avg_genome_length=36.495
2021-12-15 07:59:51.883690 | GENERATION: 27 | ERRORS: best=40, median=117.0, diversity=0.45 | INDIVIDUALS: n=200, avg_genome_length=36.72
2021-12-15 07:59:55.973123 | GENERATION: 28 | ERRORS: best=40, median=126.5, diversity=0.575 | INDIVIDUALS: n=200, avg_genome_length=36.78
2021-12-15 07:59:59.670903 | GENERATION: 29 | ERRORS: best=40, median=112.5, diversity=0.47 | INDIVIDUALS: n=200, avg_genome_length=36.47
2021-12-15 08:00:03.008028 | GENERATION: 30 | ERRORS: best=40, median=112.5, diversity=0.44 | INDIVIDUALS: n=200, avg_genome_length=34.345
2021-12-15 08:00:06.270409 | GENERATION: 31 | ERRORS: best=25, median=113.0, diversity=0.48 | INDIVIDUALS: n=200, avg_genome_length=33.855
2021-12-15 08:00:08.829301 | GENERATION: 32 | ERRORS: best=25, median=113.5, diversity=0.505 | INDIVIDUALS: n=200, avg_genome_length=30.35
2021-12-15 08:00:11.525265 | GENERATION: 33 | ERRORS: best=25, median=117.0, diversity=0.595 | INDIVIDUALS: n=200, avg_genome_length=29.37
2021-12-15 08:00:14.189146 | GENERATION: 34 | ERRORS: best=25, median=117.0, diversity=0.57 | INDIVIDUALS: n=200, avg_genome_length=27.69
2021-12-15 08:00:16.685751 | GENERATION: 35 | ERRORS: best=25, median=117.0, diversity=0.49 | INDIVIDUALS: n=200, avg_genome_length=26.515
2021-12-15 08:00:19.025400 | GENERATION: 36 | ERRORS: best=15, median=117.0, diversity=0.54 | INDIVIDUALS: n=200, avg_genome_length=25.4
2021-12-15 08:00:21.422918 | GENERATION: 37 | ERRORS: best=15, median=113.0, diversity=0.4 | INDIVIDUALS: n=200, avg_genome_length=23.735
2021-12-15 08:00:23.577386 | GENERATION: 38 | ERRORS: best=15, median=117.0, diversity=0.37 | INDIVIDUALS: n=200, avg_genome_length=22.285
2021-12-15 08:00:25.852146 | GENERATION: 39 | ERRORS: best=15, median=117.0, diversity=0.395 | INDIVIDUALS: n=200, avg_genome_length=22.25
2021-12-15 08:00:28.008904 | GENERATION: 40 | ERRORS: best=15, median=117.0, diversity=0.45 | INDIVIDUALS: n=200, avg_genome_length=20.855
2021-12-15 08:00:30.282462 | GENERATION: 41 | ERRORS: best=15, median=138.0, diversity=0.435 | INDIVIDUALS: n=200, avg_genome_length=20.935
2021-12-15 08:00:32.406216 | GENERATION: 42 | ERRORS: best=15, median=117.0, diversity=0.415 | INDIVIDUALS: n=200, avg_genome_length=19.34
2021-12-15 08:00:34.574274 | GENERATION: 43 | ERRORS: best=15, median=117.0, diversity=0.415 | INDIVIDUALS: n=200, avg_genome_length=19.39
2021-12-15 08:00:36.712226 | GENERATION: 44 | ERRORS: best=15, median=113.0, diversity=0.375 | INDIVIDUALS: n=200, avg_genome_length=18.8
2021-12-15 08:00:38.933622 | GENERATION: 45 | ERRORS: best=15, median=117.0, diversity=0.405 | INDIVIDUALS: n=200, avg_genome_length=18.85
2021-12-15 08:00:40.917716 | GENERATION: 46 | ERRORS: best=15, median=117.0, diversity=0.395 | INDIVIDUALS: n=200, avg_genome_length=18.12
2021-12-15 08:00:43.177508 | GENERATION: 47 | ERRORS: best=15, median=113.0, diversity=0.445 | INDIVIDUALS: n=200, avg_genome_length=16.85
2021-12-15 08:00:45.103085 | GENERATION: 48 | ERRORS: best=15, median=113.0, diversity=0.38 | INDIVIDUALS: n=200, avg_genome_length=16.42
2021-12-15 08:00:47.312288 | GENERATION: 49 | ERRORS: best=15, median=117.0, diversity=0.365 | INDIVIDUALS: n=200, avg_genome_length=15.725
2021-12-15 08:00:49.503613 | GENERATION: 50 | ERRORS: best=15, median=117.0, diversity=0.395 | INDIVIDUALS: n=200, avg_genome_length=15.525
2021-12-15 08:00:51.450846 | GENERATION: 51 | ERRORS: best=15, median=146.5, diversity=0.405 | INDIVIDUALS: n=200, avg_genome_length=16.575
2021-12-15 08:00:53.315537 | GENERATION: 52 | ERRORS: best=15, median=113.0, diversity=0.385 | INDIVIDUALS: n=200, avg_genome_length=17.035
2021-12-15 08:00:55.176233 | GENERATION: 53 | ERRORS: best=15, median=113.0, diversity=0.425 | INDIVIDUALS: n=200, avg_genome_length=17.225
2021-12-15 08:00:57.193900 | GENERATION: 54 | ERRORS: best=15, median=117.0, diversity=0.46 | INDIVIDUALS: n=200, avg_genome_length=17.37
2021-12-15 08:00:59.389095 | GENERATION: 55 | ERRORS: best=5, median=113.0, diversity=0.38 | INDIVIDUALS: n=200, avg_genome_length=16.87
2021-12-15 08:01:01.568389 | GENERATION: 56 | ERRORS: best=5, median=113.0, diversity=0.315 | INDIVIDUALS: n=200, avg_genome_length=19.05
2021-12-15 08:01:03.743891 | GENERATION: 57 | ERRORS: best=5, median=115.5, diversity=0.345 | INDIVIDUALS: n=200, avg_genome_length=18.365
2021-12-15 08:01:06.368738 | GENERATION: 58 | ERRORS: best=5, median=113.0, diversity=0.42 | INDIVIDUALS: n=200, avg_genome_length=18.385
2021-12-15 08:01:09.151996 | GENERATION: 59 | ERRORS: best=5, median=117.0, diversity=0.335 | INDIVIDUALS: n=200, avg_genome_length=18.195
2021-12-15 08:01:11.309249 | GENERATION: 60 | ERRORS: best=5, median=113.5, diversity=0.345 | INDIVIDUALS: n=200, avg_genome_length=17.875
2021-12-15 08:01:13.566587 | GENERATION: 61 | ERRORS: best=5, median=117.0, diversity=0.455 | INDIVIDUALS: n=200, avg_genome_length=17.6
2021-12-15 08:01:15.666160 | GENERATION: 62 | ERRORS: best=5, median=117.0, diversity=0.395 | INDIVIDUALS: n=200, avg_genome_length=17.815
2021-12-15 08:01:17.548487 | GENERATION: 63 | ERRORS: best=5, median=117.0, diversity=0.42 | INDIVIDUALS: n=200, avg_genome_length=17.76
2021-12-15 08:01:20.034455 | GENERATION: 64 | ERRORS: best=5, median=117.0, diversity=0.375 | INDIVIDUALS: n=200, avg_genome_length=17.62
2021-12-15 08:01:21.903477 | GENERATION: 65 | ERRORS: best=5, median=114.5, diversity=0.34 | INDIVIDUALS: n=200, avg_genome_length=18.055
2021-12-15 08:01:24.483492 | GENERATION: 66 | ERRORS: best=5, median=117.0, diversity=0.41 | INDIVIDUALS: n=200, avg_genome_length=18.735
2021-12-15 08:01:26.461150 | GENERATION: 67 | ERRORS: best=5, median=117.0, diversity=0.38 | INDIVIDUALS: n=200, avg_genome_length=18.275
2021-12-15 08:01:28.929309 | GENERATION: 68 | ERRORS: best=5, median=130.0, diversity=0.465 | INDIVIDUALS: n=200, avg_genome_length=17.915
2021-12-15 08:01:31.511667 | GENERATION: 69 | ERRORS: best=5, median=117.0, diversity=0.39 | INDIVIDUALS: n=200, avg_genome_length=17.69
2021-12-15 08:01:33.917420 | GENERATION: 70 | ERRORS: best=5, median=117.0, diversity=0.44 | INDIVIDUALS: n=200, avg_genome_length=16.46
2021-12-15 08:01:35.901998 | GENERATION: 71 | ERRORS: best=5, median=113.0, diversity=0.365 | INDIVIDUALS: n=200, avg_genome_length=16.105
2021-12-15 08:01:37.866931 | GENERATION: 72 | ERRORS: best=5, median=113.0, diversity=0.34 | INDIVIDUALS: n=200, avg_genome_length=15.4
2021-12-15 08:01:39.970640 | GENERATION: 73 | ERRORS: best=5, median=113.0, diversity=0.455 | INDIVIDUALS: n=200, avg_genome_length=15.36
2021-12-15 08:01:41.988574 | GENERATION: 74 | ERRORS: best=5, median=117.0, diversity=0.47 | INDIVIDUALS: n=200, avg_genome_length=14.87
2021-12-15 08:01:44.157895 | GENERATION: 75 | ERRORS: best=5, median=117.0, diversity=0.395 | INDIVIDUALS: n=200, avg_genome_length=13.915
2021-12-15 08:01:46.073275 | GENERATION: 76 | ERRORS: best=5, median=117.0, diversity=0.375 | INDIVIDUALS: n=200, avg_genome_length=15.07
2021-12-15 08:01:48.015194 | GENERATION: 77 | ERRORS: best=5, median=117.0, diversity=0.35 | INDIVIDUALS: n=200, avg_genome_length=14.82
2021-12-15 08:01:49.880256 | GENERATION: 78 | ERRORS: best=5, median=113.0, diversity=0.38 | INDIVIDUALS: n=200, avg_genome_length=15.085
2021-12-15 08:01:51.626954 | GENERATION: 79 | ERRORS: best=5, median=117.0, diversity=0.4 | INDIVIDUALS: n=200, avg_genome_length=15.325
2021-12-15 08:01:53.572650 | GENERATION: 80 | ERRORS: best=5, median=117.0, diversity=0.365 | INDIVIDUALS: n=200, avg_genome_length=15.48
2021-12-15 08:01:55.520887 | GENERATION: 81 | ERRORS: best=5, median=117.0, diversity=0.385 | INDIVIDUALS: n=200, avg_genome_length=15.845
2021-12-15 08:01:57.438654 | GENERATION: 82 | ERRORS: best=5, median=117.0, diversity=0.47 | INDIVIDUALS: n=200, avg_genome_length=16.075
2021-12-15 08:01:59.358539 | GENERATION: 83 | ERRORS: best=5, median=117.0, diversity=0.45 | INDIVIDUALS: n=200, avg_genome_length=15.305
2021-12-15 08:02:01.532744 | GENERATION: 84 | ERRORS: best=5, median=113.0, diversity=0.43 | INDIVIDUALS: n=200, avg_genome_length=16.225
2021-12-15 08:02:03.499135 | GENERATION: 85 | ERRORS: best=5, median=113.0, diversity=0.35 | INDIVIDUALS: n=200, avg_genome_length=15.615
2021-12-15 08:02:05.675362 | GENERATION: 86 | ERRORS: best=5, median=113.0, diversity=0.44 | INDIVIDUALS: n=200, avg_genome_length=16.75
2021-12-15 08:02:07.774895 | GENERATION: 87 | ERRORS: best=5, median=113.0, diversity=0.4 | INDIVIDUALS: n=200, avg_genome_length=17.825
2021-12-15 08:02:09.978938 | GENERATION: 88 | ERRORS: best=5, median=117.0, diversity=0.415 | INDIVIDUALS: n=200, avg_genome_length=17.82
2021-12-15 08:02:12.107325 | GENERATION: 89 | ERRORS: best=5, median=113.0, diversity=0.425 | INDIVIDUALS: n=200, avg_genome_length=18.15
2021-12-15 08:02:14.247391 | GENERATION: 90 | ERRORS: best=5, median=113.0, diversity=0.43 | INDIVIDUALS: n=200, avg_genome_length=17.25
2021-12-15 08:02:16.056402 | GENERATION: 91 | ERRORS: best=5, median=117.0, diversity=0.38 | INDIVIDUALS: n=200, avg_genome_length=14.79
2021-12-15 08:02:17.931745 | GENERATION: 92 | ERRORS: best=5, median=113.0, diversity=0.365 | INDIVIDUALS: n=200, avg_genome_length=15.69
2021-12-15 08:02:19.908641 | GENERATION: 93 | ERRORS: best=5, median=113.0, diversity=0.36 | INDIVIDUALS: n=200, avg_genome_length=16.81
2021-12-15 08:02:21.916242 | GENERATION: 94 | ERRORS: best=5, median=113.0, diversity=0.42 | INDIVIDUALS: n=200, avg_genome_length=17.51
2021-12-15 08:02:23.909739 | GENERATION: 95 | ERRORS: best=5, median=113.0, diversity=0.39 | INDIVIDUALS: n=200, avg_genome_length=18.15
2021-12-15 08:02:25.834062 | GENERATION: 96 | ERRORS: best=5, median=113.0, diversity=0.345 | INDIVIDUALS: n=200, avg_genome_length=17.53
2021-12-15 08:02:27.865488 | GENERATION: 97 | ERRORS: best=5, median=113.0, diversity=0.355 | INDIVIDUALS: n=200, avg_genome_length=17.485
2021-12-15 08:02:29.766922 | GENERATION: 98 | ERRORS: best=5, median=117.0, diversity=0.44 | INDIVIDUALS: n=200, avg_genome_length=17.125
2021-12-15 08:02:31.738151 | GENERATION: 99 | ERRORS: best=5, median=113.0, diversity=0.35 | INDIVIDUALS: n=200, avg_genome_length=17.145
2021-12-15 08:02:34.092508 | GENERATION: 100 | ERRORS: best=5, median=115.5, diversity=0.39 | INDIVIDUALS: n=200, avg_genome_length=17.45
2021-12-15 08:02:36.163455 | GENERATION: 101 | ERRORS: best=5, median=113.0, diversity=0.315 | INDIVIDUALS: n=200, avg_genome_length=17.895
2021-12-15 08:02:38.198756 | GENERATION: 102 | ERRORS: best=5, median=113.0, diversity=0.37 | INDIVIDUALS: n=200, avg_genome_length=18.175
2021-12-15 08:02:40.088043 | GENERATION: 103 | ERRORS: best=5, median=113.0, diversity=0.335 | INDIVIDUALS: n=200, avg_genome_length=17.15
2021-12-15 08:02:42.241445 | GENERATION: 104 | ERRORS: best=5, median=113.0, diversity=0.325 | INDIVIDUALS: n=200, avg_genome_length=19.69
2021-12-15 08:02:44.471373 | GENERATION: 105 | ERRORS: best=5, median=113.0, diversity=0.4 | INDIVIDUALS: n=200, avg_genome_length=19.92
2021-12-15 08:02:46.586554 | GENERATION: 106 | ERRORS: best=5, median=113.0, diversity=0.295 | INDIVIDUALS: n=200, avg_genome_length=19.025
2021-12-15 08:02:48.566660 | GENERATION: 107 | ERRORS: best=5, median=117.0, diversity=0.345 | INDIVIDUALS: n=200, avg_genome_length=18.63
2021-12-15 08:02:50.475549 | GENERATION: 108 | ERRORS: best=5, median=113.0, diversity=0.325 | INDIVIDUALS: n=200, avg_genome_length=18.605
2021-12-15 08:02:52.731813 | GENERATION: 109 | ERRORS: best=5, median=113.0, diversity=0.385 | INDIVIDUALS: n=200, avg_genome_length=18.885
2021-12-15 08:02:54.924278 | GENERATION: 110 | ERRORS: best=5, median=113.0, diversity=0.34 | INDIVIDUALS: n=200, avg_genome_length=18.35
2021-12-15 08:02:56.906672 | GENERATION: 111 | ERRORS: best=5, median=117.0, diversity=0.405 | INDIVIDUALS: n=200, avg_genome_length=18.19
2021-12-15 08:02:59.010578 | GENERATION: 112 | ERRORS: best=5, median=117.0, diversity=0.385 | INDIVIDUALS: n=200, avg_genome_length=18.4
2021-12-15 08:03:01.000965 | GENERATION: 113 | ERRORS: best=5, median=117.0, diversity=0.38 | INDIVIDUALS: n=200, avg_genome_length=18.625
2021-12-15 08:03:03.027352 | GENERATION: 114 | ERRORS: best=5, median=113.0, diversity=0.33 | INDIVIDUALS: n=200, avg_genome_length=19.58
2021-12-15 08:03:05.005783 | GENERATION: 115 | ERRORS: best=5, median=113.0, diversity=0.35 | INDIVIDUALS: n=200, avg_genome_length=19.03
2021-12-15 08:03:06.886039 | GENERATION: 116 | ERRORS: best=5, median=113.0, diversity=0.35 | INDIVIDUALS: n=200, avg_genome_length=18.55
2021-12-15 08:03:08.954350 | GENERATION: 117 | ERRORS: best=5, median=113.0, diversity=0.32 | INDIVIDUALS: n=200, avg_genome_length=18.53
2021-12-15 08:03:11.032887 | GENERATION: 118 | ERRORS: best=5, median=113.0, diversity=0.385 | INDIVIDUALS: n=200, avg_genome_length=18.72
2021-12-15 08:03:12.952950 | GENERATION: 119 | ERRORS: best=5, median=113.0, diversity=0.36 | INDIVIDUALS: n=200, avg_genome_length=18.28
2021-12-15 08:03:14.865937 | GENERATION: 120 | ERRORS: best=5, median=117.0, diversity=0.395 | INDIVIDUALS: n=200, avg_genome_length=18.515
2021-12-15 08:03:17.331061 | GENERATION: 121 | ERRORS: best=5, median=113.0, diversity=0.355 | INDIVIDUALS: n=200, avg_genome_length=19.575
2021-12-15 08:03:19.877035 | GENERATION: 122 | ERRORS: best=5, median=113.0, diversity=0.33 | INDIVIDUALS: n=200, avg_genome_length=20.76
2021-12-15 08:03:21.825922 | GENERATION: 123 | ERRORS: best=5, median=113.0, diversity=0.36 | INDIVIDUALS: n=200, avg_genome_length=21.03
2021-12-15 08:03:23.835301 | GENERATION: 124 | ERRORS: best=5, median=117.0, diversity=0.425 | INDIVIDUALS: n=200, avg_genome_length=21.585
2021-12-15 08:03:25.889559 | GENERATION: 125 | ERRORS: best=5, median=113.0, diversity=0.345 | INDIVIDUALS: n=200, avg_genome_length=21.495
2021-12-15 08:03:27.945507 | GENERATION: 126 | ERRORS: best=5, median=117.0, diversity=0.425 | INDIVIDUALS: n=200, avg_genome_length=21.455
2021-12-15 08:03:30.030418 | GENERATION: 127 | ERRORS: best=5, median=113.0, diversity=0.315 | INDIVIDUALS: n=200, avg_genome_length=20.745
2021-12-15 08:03:32.166228 | GENERATION: 128 | ERRORS: best=5, median=113.0, diversity=0.34 | INDIVIDUALS: n=200, avg_genome_length=20.94
2021-12-15 08:03:34.480703 | GENERATION: 129 | ERRORS: best=5, median=117.0, diversity=0.36 | INDIVIDUALS: n=200, avg_genome_length=22.135
2021-12-15 08:03:36.591935 | GENERATION: 130 | ERRORS: best=5, median=117.0, diversity=0.39 | INDIVIDUALS: n=200, avg_genome_length=22.64
2021-12-15 08:03:38.801398 | GENERATION: 131 | ERRORS: best=5, median=117.0, diversity=0.365 | INDIVIDUALS: n=200, avg_genome_length=22.605
2021-12-15 08:03:41.504754 | GENERATION: 132 | ERRORS: best=5, median=117.0, diversity=0.405 | INDIVIDUALS: n=200, avg_genome_length=25.67
2021-12-15 08:03:44.276179 | GENERATION: 133 | ERRORS: best=5, median=114.5, diversity=0.45 | INDIVIDUALS: n=200, avg_genome_length=25.805
2021-12-15 08:03:47.337739 | GENERATION: 134 | ERRORS: best=5, median=115.0, diversity=0.445 | INDIVIDUALS: n=200, avg_genome_length=26.27
2021-12-15 08:03:50.876117 | GENERATION: 135 | ERRORS: best=5, median=113.0, diversity=0.415 | INDIVIDUALS: n=200, avg_genome_length=27.3
2021-12-15 08:03:54.632983 | GENERATION: 136 | ERRORS: best=5, median=117.0, diversity=0.38 | INDIVIDUALS: n=200, avg_genome_length=25.7
2021-12-15 08:03:58.230017 | GENERATION: 137 | ERRORS: best=5, median=117.0, diversity=0.355 | INDIVIDUALS: n=200, avg_genome_length=24.315
2021-12-15 08:04:01.831775 | GENERATION: 138 | ERRORS: best=5, median=117.0, diversity=0.37 | INDIVIDUALS: n=200, avg_genome_length=23.695
2021-12-15 08:04:05.247217 | GENERATION: 139 | ERRORS: best=5, median=113.0, diversity=0.395 | INDIVIDUALS: n=200, avg_genome_length=25.065
2021-12-15 08:04:08.401141 | GENERATION: 140 | ERRORS: best=5, median=113.5, diversity=0.39 | INDIVIDUALS: n=200, avg_genome_length=23.585
2021-12-15 08:04:11.435381 | GENERATION: 141 | ERRORS: best=5, median=117.0, diversity=0.35 | INDIVIDUALS: n=200, avg_genome_length=24.98
2021-12-15 08:04:14.589058 | GENERATION: 142 | ERRORS: best=5, median=129.0, diversity=0.475 | INDIVIDUALS: n=200, avg_genome_length=26.6
2021-12-15 08:04:17.700353 | GENERATION: 143 | ERRORS: best=5, median=117.0, diversity=0.415 | INDIVIDUALS: n=200, avg_genome_length=24.21
2021-12-15 08:04:20.828840 | GENERATION: 144 | ERRORS: best=5, median=117.0, diversity=0.395 | INDIVIDUALS: n=200, avg_genome_length=24.085
2021-12-15 08:04:23.774518 | GENERATION: 145 | ERRORS: best=5, median=113.0, diversity=0.33 | INDIVIDUALS: n=200, avg_genome_length=22.37
2021-12-15 08:04:26.574625 | GENERATION: 146 | ERRORS: best=5, median=115.0, diversity=0.345 | INDIVIDUALS: n=200, avg_genome_length=20.86
2021-12-15 08:04:29.378966 | GENERATION: 147 | ERRORS: best=5, median=117.0, diversity=0.4 | INDIVIDUALS: n=200, avg_genome_length=19.81
2021-12-15 08:04:31.673056 | GENERATION: 148 | ERRORS: best=5, median=117.0, diversity=0.305 | INDIVIDUALS: n=200, avg_genome_length=18.49
2021-12-15 08:04:34.614697 | GENERATION: 149 | ERRORS: best=5, median=113.0, diversity=0.325 | INDIVIDUALS: n=200, avg_genome_length=19.82
2021-12-15 08:04:37.074220 | GENERATION: 150 | ERRORS: best=5, median=117.0, diversity=0.32 | INDIVIDUALS: n=200, avg_genome_length=20.96
2021-12-15 08:04:39.567096 | GENERATION: 151 | ERRORS: best=5, median=113.0, diversity=0.33 | INDIVIDUALS: n=200, avg_genome_length=21.415
2021-12-15 08:04:42.099081 | GENERATION: 152 | ERRORS: best=5, median=113.0, diversity=0.38 | INDIVIDUALS: n=200, avg_genome_length=20.975
2021-12-15 08:04:44.566234 | GENERATION: 153 | ERRORS: best=5, median=112.0, diversity=0.35 | INDIVIDUALS: n=200, avg_genome_length=22.04
2021-12-15 08:04:47.136692 | GENERATION: 154 | ERRORS: best=5, median=113.0, diversity=0.29 | INDIVIDUALS: n=200, avg_genome_length=21.74
2021-12-15 08:04:49.524926 | GENERATION: 155 | ERRORS: best=5, median=113.0, diversity=0.4 | INDIVIDUALS: n=200, avg_genome_length=21.66
2021-12-15 08:04:51.922261 | GENERATION: 156 | ERRORS: best=5, median=113.0, diversity=0.35 | INDIVIDUALS: n=200, avg_genome_length=20.86
2021-12-15 08:04:54.530878 | GENERATION: 157 | ERRORS: best=5, median=117.0, diversity=0.38 | INDIVIDUALS: n=200, avg_genome_length=21.575
2021-12-15 08:04:56.665427 | GENERATION: 158 | ERRORS: best=5, median=113.0, diversity=0.36 | INDIVIDUALS: n=200, avg_genome_length=22.345
2021-12-15 08:04:58.925220 | GENERATION: 159 | ERRORS: best=5, median=113.0, diversity=0.36 | INDIVIDUALS: n=200, avg_genome_length=21.96
2021-12-15 08:05:01.376374 | GENERATION: 160 | ERRORS: best=5, median=113.0, diversity=0.37 | INDIVIDUALS: n=200, avg_genome_length=21.495
2021-12-15 08:05:03.703233 | GENERATION: 161 | ERRORS: best=5, median=113.0, diversity=0.385 | INDIVIDUALS: n=200, avg_genome_length=21.75
2021-12-15 08:05:06.149714 | GENERATION: 162 | ERRORS: best=5, median=113.0, diversity=0.36 | INDIVIDUALS: n=200, avg_genome_length=22.5
2021-12-15 08:05:08.440956 | GENERATION: 163 | ERRORS: best=5, median=113.5, diversity=0.43 | INDIVIDUALS: n=200, avg_genome_length=21.0
2021-12-15 08:05:10.637387 | GENERATION: 164 | ERRORS: best=5, median=113.0, diversity=0.355 | INDIVIDUALS: n=200, avg_genome_length=21.32
2021-12-15 08:05:12.849916 | GENERATION: 165 | ERRORS: best=5, median=117.0, diversity=0.37 | INDIVIDUALS: n=200, avg_genome_length=21.01
2021-12-15 08:05:15.215625 | GENERATION: 166 | ERRORS: best=5, median=113.0, diversity=0.415 | INDIVIDUALS: n=200, avg_genome_length=20.66
2021-12-15 08:05:17.415326 | GENERATION: 167 | ERRORS: best=5, median=113.0, diversity=0.385 | INDIVIDUALS: n=200, avg_genome_length=20.665
2021-12-15 08:05:20.062192 | GENERATION: 168 | ERRORS: best=5, median=113.0, diversity=0.3 | INDIVIDUALS: n=200, avg_genome_length=21.81
2021-12-15 08:05:22.241249 | GENERATION: 169 | ERRORS: best=5, median=113.0, diversity=0.38 | INDIVIDUALS: n=200, avg_genome_length=20.97
2021-12-15 08:05:24.427163 | GENERATION: 170 | ERRORS: best=5, median=113.0, diversity=0.33 | INDIVIDUALS: n=200, avg_genome_length=20.445
2021-12-15 08:05:26.705338 | GENERATION: 171 | ERRORS: best=5, median=113.0, diversity=0.32 | INDIVIDUALS: n=200, avg_genome_length=19.86
2021-12-15 08:05:28.659585 | GENERATION: 172 | ERRORS: best=5, median=113.0, diversity=0.305 | INDIVIDUALS: n=200, avg_genome_length=18.34
2021-12-15 08:05:31.080795 | GENERATION: 173 | ERRORS: best=5, median=113.0, diversity=0.275 | INDIVIDUALS: n=200, avg_genome_length=18.175
2021-12-15 08:05:33.464906 | GENERATION: 174 | ERRORS: best=5, median=117.0, diversity=0.38 | INDIVIDUALS: n=200, avg_genome_length=18.87
2021-12-15 08:05:35.798275 | GENERATION: 175 | ERRORS: best=5, median=113.0, diversity=0.39 | INDIVIDUALS: n=200, avg_genome_length=18.99
2021-12-15 08:05:38.232784 | GENERATION: 176 | ERRORS: best=5, median=113.0, diversity=0.305 | INDIVIDUALS: n=200, avg_genome_length=18.43
2021-12-15 08:05:40.685333 | GENERATION: 177 | ERRORS: best=5, median=112.0, diversity=0.35 | INDIVIDUALS: n=200, avg_genome_length=18.98
2021-12-15 08:05:42.742639 | GENERATION: 178 | ERRORS: best=5, median=113.0, diversity=0.38 | INDIVIDUALS: n=200, avg_genome_length=18.805
2021-12-15 08:05:44.773736 | GENERATION: 179 | ERRORS: best=5, median=113.0, diversity=0.315 | INDIVIDUALS: n=200, avg_genome_length=20.95
2021-12-15 08:05:47.088922 | GENERATION: 180 | ERRORS: best=5, median=117.0, diversity=0.42 | INDIVIDUALS: n=200, avg_genome_length=20.52
2021-12-15 08:05:49.624703 | GENERATION: 181 | ERRORS: best=5, median=113.0, diversity=0.365 | INDIVIDUALS: n=200, avg_genome_length=20.245
2021-12-15 08:05:52.060627 | GENERATION: 182 | ERRORS: best=5, median=117.0, diversity=0.39 | INDIVIDUALS: n=200, avg_genome_length=20.58
2021-12-15 08:05:54.658816 | GENERATION: 183 | ERRORS: best=5, median=113.0, diversity=0.42 | INDIVIDUALS: n=200, avg_genome_length=19.98
2021-12-15 08:05:57.214403 | GENERATION: 184 | ERRORS: best=5, median=113.0, diversity=0.35 | INDIVIDUALS: n=200, avg_genome_length=21.56
2021-12-15 08:05:59.605309 | GENERATION: 185 | ERRORS: best=5, median=112.5, diversity=0.315 | INDIVIDUALS: n=200, avg_genome_length=20.785
2021-12-15 08:06:02.176048 | GENERATION: 186 | ERRORS: best=5, median=117.0, diversity=0.36 | INDIVIDUALS: n=200, avg_genome_length=20.595
2021-12-15 08:06:04.578922 | GENERATION: 187 | ERRORS: best=5, median=113.0, diversity=0.345 | INDIVIDUALS: n=200, avg_genome_length=19.89
2021-12-15 08:06:06.990526 | GENERATION: 188 | ERRORS: best=5, median=117.0, diversity=0.395 | INDIVIDUALS: n=200, avg_genome_length=19.55
2021-12-15 08:06:09.371623 | GENERATION: 189 | ERRORS: best=5, median=117.0, diversity=0.31 | INDIVIDUALS: n=200, avg_genome_length=19.71
2021-12-15 08:06:11.783367 | GENERATION: 190 | ERRORS: best=5, median=113.0, diversity=0.375 | INDIVIDUALS: n=200, avg_genome_length=18.655
2021-12-15 08:06:14.163969 | GENERATION: 191 | ERRORS: best=5, median=113.0, diversity=0.35 | INDIVIDUALS: n=200, avg_genome_length=18.38
2021-12-15 08:06:16.609641 | GENERATION: 192 | ERRORS: best=5, median=113.0, diversity=0.385 | INDIVIDUALS: n=200, avg_genome_length=18.95
2021-12-15 08:06:18.896589 | GENERATION: 193 | ERRORS: best=5, median=113.0, diversity=0.315 | INDIVIDUALS: n=200, avg_genome_length=17.575
2021-12-15 08:06:21.222272 | GENERATION: 194 | ERRORS: best=5, median=113.0, diversity=0.345 | INDIVIDUALS: n=200, avg_genome_length=17.105
2021-12-15 08:06:23.692579 | GENERATION: 195 | ERRORS: best=5, median=113.0, diversity=0.295 | INDIVIDUALS: n=200, avg_genome_length=16.765
2021-12-15 08:06:25.753902 | GENERATION: 196 | ERRORS: best=5, median=115.0, diversity=0.305 | INDIVIDUALS: n=200, avg_genome_length=18.025
2021-12-15 08:06:27.990657 | GENERATION: 197 | ERRORS: best=5, median=113.0, diversity=0.33 | INDIVIDUALS: n=200, avg_genome_length=19.3
2021-12-15 08:06:30.494939 | GENERATION: 198 | ERRORS: best=5, median=113.0, diversity=0.345 | INDIVIDUALS: n=200, avg_genome_length=18.305
2021-12-15 08:06:32.870030 | GENERATION: 199 | ERRORS: best=5, median=113.0, diversity=0.33 | INDIVIDUALS: n=200, avg_genome_length=17.39
2021-12-15 08:06:34.997082 | GENERATION: 200 | ERRORS: best=5, median=117.0, diversity=0.325 | INDIVIDUALS: n=200, avg_genome_length=18.475
2021-12-15 08:06:37.091535 | GENERATION: 201 | ERRORS: best=5, median=115.0, diversity=0.31 | INDIVIDUALS: n=200, avg_genome_length=18.485
2021-12-15 08:06:39.191695 | GENERATION: 202 | ERRORS: best=5, median=113.0, diversity=0.38 | INDIVIDUALS: n=200, avg_genome_length=18.945
2021-12-15 08:06:41.477427 | GENERATION: 203 | ERRORS: best=5, median=113.0, diversity=0.305 | INDIVIDUALS: n=200, avg_genome_length=19.205
2021-12-15 08:06:43.951833 | GENERATION: 204 | ERRORS: best=5, median=112.0, diversity=0.33 | INDIVIDUALS: n=200, avg_genome_length=19.74
2021-12-15 08:06:46.054993 | GENERATION: 205 | ERRORS: best=5, median=117.0, diversity=0.425 | INDIVIDUALS: n=200, avg_genome_length=20.375
2021-12-15 08:06:48.319366 | GENERATION: 206 | ERRORS: best=5, median=117.0, diversity=0.365 | INDIVIDUALS: n=200, avg_genome_length=20.07
2021-12-15 08:06:50.396213 | GENERATION: 207 | ERRORS: best=5, median=115.0, diversity=0.38 | INDIVIDUALS: n=200, avg_genome_length=20.1
2021-12-15 08:06:52.539658 | GENERATION: 208 | ERRORS: best=5, median=113.0, diversity=0.355 | INDIVIDUALS: n=200, avg_genome_length=19.395
2021-12-15 08:06:54.698999 | GENERATION: 209 | ERRORS: best=5, median=117.0, diversity=0.38 | INDIVIDUALS: n=200, avg_genome_length=19.13
2021-12-15 08:06:57.268840 | GENERATION: 210 | ERRORS: best=5, median=113.0, diversity=0.375 | INDIVIDUALS: n=200, avg_genome_length=19.325
2021-12-15 08:06:59.340760 | GENERATION: 211 | ERRORS: best=5, median=117.0, diversity=0.345 | INDIVIDUALS: n=200, avg_genome_length=18.505
2021-12-15 08:07:01.482906 | GENERATION: 212 | ERRORS: best=5, median=113.0, diversity=0.34 | INDIVIDUALS: n=200, avg_genome_length=18.4
2021-12-15 08:07:03.445117 | GENERATION: 213 | ERRORS: best=5, median=113.0, diversity=0.32 | INDIVIDUALS: n=200, avg_genome_length=17.2
2021-12-15 08:07:05.381966 | GENERATION: 214 | ERRORS: best=5, median=113.0, diversity=0.345 | INDIVIDUALS: n=200, avg_genome_length=17.7
2021-12-15 08:07:07.726179 | GENERATION: 215 | ERRORS: best=5, median=113.0, diversity=0.32 | INDIVIDUALS: n=200, avg_genome_length=17.15
2021-12-15 08:07:09.777752 | GENERATION: 216 | ERRORS: best=5, median=113.0, diversity=0.34 | INDIVIDUALS: n=200, avg_genome_length=19.085
2021-12-15 08:07:11.731307 | GENERATION: 217 | ERRORS: best=5, median=113.0, diversity=0.315 | INDIVIDUALS: n=200, avg_genome_length=18.875
2021-12-15 08:07:14.028697 | GENERATION: 218 | ERRORS: best=5, median=116.5, diversity=0.35 | INDIVIDUALS: n=200, avg_genome_length=20.27
2021-12-15 08:07:16.129383 | GENERATION: 219 | ERRORS: best=5, median=113.0, diversity=0.34 | INDIVIDUALS: n=200, avg_genome_length=19.59
2021-12-15 08:07:18.376214 | GENERATION: 220 | ERRORS: best=5, median=117.0, diversity=0.375 | INDIVIDUALS: n=200, avg_genome_length=19.325
2021-12-15 08:07:20.743851 | GENERATION: 221 | ERRORS: best=5, median=113.0, diversity=0.365 | INDIVIDUALS: n=200, avg_genome_length=21.94
2021-12-15 08:07:23.492018 | GENERATION: 222 | ERRORS: best=5, median=113.0, diversity=0.405 | INDIVIDUALS: n=200, avg_genome_length=22.415
2021-12-15 08:07:26.246878 | GENERATION: 223 | ERRORS: best=5, median=113.0, diversity=0.345 | INDIVIDUALS: n=200, avg_genome_length=23.06
2021-12-15 08:07:28.763294 | GENERATION: 224 | ERRORS: best=5, median=113.0, diversity=0.36 | INDIVIDUALS: n=200, avg_genome_length=24.155
2021-12-15 08:07:31.589840 | GENERATION: 225 | ERRORS: best=5, median=117.0, diversity=0.42 | INDIVIDUALS: n=200, avg_genome_length=25.935
2021-12-15 08:07:34.040049 | GENERATION: 226 | ERRORS: best=5, median=113.0, diversity=0.425 | INDIVIDUALS: n=200, avg_genome_length=27.855
2021-12-15 08:07:36.403305 | GENERATION: 227 | ERRORS: best=5, median=113.0, diversity=0.39 | INDIVIDUALS: n=200, avg_genome_length=27.27
2021-12-15 08:07:38.674580 | GENERATION: 228 | ERRORS: best=5, median=117.0, diversity=0.425 | INDIVIDUALS: n=200, avg_genome_length=25.47
2021-12-15 08:07:41.026788 | GENERATION: 229 | ERRORS: best=5, median=113.0, diversity=0.385 | INDIVIDUALS: n=200, avg_genome_length=26.78
2021-12-15 08:07:43.477869 | GENERATION: 230 | ERRORS: best=5, median=113.0, diversity=0.32 | INDIVIDUALS: n=200, avg_genome_length=25.96
2021-12-15 08:07:46.244162 | GENERATION: 231 | ERRORS: best=5, median=113.0, diversity=0.435 | INDIVIDUALS: n=200, avg_genome_length=27.06
2021-12-15 08:07:48.932904 | GENERATION: 232 | ERRORS: best=5, median=113.0, diversity=0.29 | INDIVIDUALS: n=200, avg_genome_length=26.69
2021-12-15 08:07:52.003495 | GENERATION: 233 | ERRORS: best=5, median=113.0, diversity=0.425 | INDIVIDUALS: n=200, avg_genome_length=27.015
2021-12-15 08:07:54.703284 | GENERATION: 234 | ERRORS: best=5, median=113.0, diversity=0.43 | INDIVIDUALS: n=200, avg_genome_length=27.385
2021-12-15 08:07:57.180704 | GENERATION: 235 | ERRORS: best=5, median=113.0, diversity=0.465 | INDIVIDUALS: n=200, avg_genome_length=26.86
2021-12-15 08:07:59.698765 | GENERATION: 236 | ERRORS: best=5, median=113.0, diversity=0.39 | INDIVIDUALS: n=200, avg_genome_length=26.255
2021-12-15 08:08:02.231598 | GENERATION: 237 | ERRORS: best=5, median=115.0, diversity=0.355 | INDIVIDUALS: n=200, avg_genome_length=25.525
2021-12-15 08:08:04.495258 | GENERATION: 238 | ERRORS: best=5, median=117.0, diversity=0.44 | INDIVIDUALS: n=200, avg_genome_length=25.375
2021-12-15 08:08:06.657189 | GENERATION: 239 | ERRORS: best=5, median=117.0, diversity=0.38 | INDIVIDUALS: n=200, avg_genome_length=23.92
2021-12-15 08:08:08.758403 | GENERATION: 240 | ERRORS: best=5, median=113.0, diversity=0.345 | INDIVIDUALS: n=200, avg_genome_length=25.075
2021-12-15 08:08:11.202733 | GENERATION: 241 | ERRORS: best=5, median=112.0, diversity=0.36 | INDIVIDUALS: n=200, avg_genome_length=25.475
2021-12-15 08:08:13.663914 | GENERATION: 242 | ERRORS: best=5, median=113.0, diversity=0.405 | INDIVIDUALS: n=200, avg_genome_length=26.21
2021-12-15 08:08:15.888918 | GENERATION: 243 | ERRORS: best=5, median=113.0, diversity=0.395 | INDIVIDUALS: n=200, avg_genome_length=25.06
2021-12-15 08:08:18.024522 | GENERATION: 244 | ERRORS: best=5, median=112.0, diversity=0.42 | INDIVIDUALS: n=200, avg_genome_length=25.065
2021-12-15 08:08:20.355933 | GENERATION: 245 | ERRORS: best=5, median=113.0, diversity=0.38 | INDIVIDUALS: n=200, avg_genome_length=25.135
2021-12-15 08:08:22.817064 | GENERATION: 246 | ERRORS: best=5, median=113.0, diversity=0.39 | INDIVIDUALS: n=200, avg_genome_length=26.5
2021-12-15 08:08:25.122895 | GENERATION: 247 | ERRORS: best=5, median=113.0, diversity=0.325 | INDIVIDUALS: n=200, avg_genome_length=25.73
2021-12-15 08:08:27.217395 | GENERATION: 248 | ERRORS: best=5, median=113.0, diversity=0.365 | INDIVIDUALS: n=200, avg_genome_length=26.825
2021-12-15 08:08:29.539407 | GENERATION: 249 | ERRORS: best=5, median=113.0, diversity=0.38 | INDIVIDUALS: n=200, avg_genome_length=26.98
2021-12-15 08:08:31.745627 | GENERATION: 250 | ERRORS: best=5, median=113.0, diversity=0.41 | INDIVIDUALS: n=200, avg_genome_length=28.265
2021-12-15 08:08:34.182737 | GENERATION: 251 | ERRORS: best=5, median=113.0, diversity=0.405 | INDIVIDUALS: n=200, avg_genome_length=28.645
2021-12-15 08:08:36.782246 | GENERATION: 252 | ERRORS: best=5, median=114.0, diversity=0.405 | INDIVIDUALS: n=200, avg_genome_length=28.69
2021-12-15 08:08:39.074904 | GENERATION: 253 | ERRORS: best=5, median=113.0, diversity=0.39 | INDIVIDUALS: n=200, avg_genome_length=29.235
2021-12-15 08:08:41.483852 | GENERATION: 254 | ERRORS: best=5, median=113.0, diversity=0.4 | INDIVIDUALS: n=200, avg_genome_length=29.2
2021-12-15 08:08:44.117689 | GENERATION: 255 | ERRORS: best=5, median=113.0, diversity=0.41 | INDIVIDUALS: n=200, avg_genome_length=28.66
2021-12-15 08:08:46.670899 | GENERATION: 256 | ERRORS: best=5, median=113.0, diversity=0.36 | INDIVIDUALS: n=200, avg_genome_length=29.6
2021-12-15 08:08:49.413593 | GENERATION: 257 | ERRORS: best=5, median=113.0, diversity=0.415 | INDIVIDUALS: n=200, avg_genome_length=29.135
2021-12-15 08:08:52.088526 | GENERATION: 258 | ERRORS: best=5, median=117.0, diversity=0.475 | INDIVIDUALS: n=200, avg_genome_length=28.685
2021-12-15 08:08:54.561700 | GENERATION: 259 | ERRORS: best=5, median=113.0, diversity=0.36 | INDIVIDUALS: n=200, avg_genome_length=27.245
2021-12-15 08:08:56.905621 | GENERATION: 260 | ERRORS: best=5, median=113.0, diversity=0.365 | INDIVIDUALS: n=200, avg_genome_length=26.445
2021-12-15 08:08:59.648094 | GENERATION: 261 | ERRORS: best=5, median=117.0, diversity=0.41 | INDIVIDUALS: n=200, avg_genome_length=25.895
2021-12-15 08:09:02.326170 | GENERATION: 262 | ERRORS: best=5, median=117.0, diversity=0.4 | INDIVIDUALS: n=200, avg_genome_length=26.695
2021-12-15 08:09:05.240887 | GENERATION: 263 | ERRORS: best=5, median=113.0, diversity=0.34 | INDIVIDUALS: n=200, avg_genome_length=27.735
2021-12-15 08:09:08.197197 | GENERATION: 264 | ERRORS: best=5, median=113.0, diversity=0.44 | INDIVIDUALS: n=200, avg_genome_length=27.415
2021-12-15 08:09:11.267231 | GENERATION: 265 | ERRORS: best=5, median=113.0, diversity=0.36 | INDIVIDUALS: n=200, avg_genome_length=27.815
2021-12-15 08:09:14.725955 | GENERATION: 266 | ERRORS: best=5, median=117.0, diversity=0.435 | INDIVIDUALS: n=200, avg_genome_length=29.65
2021-12-15 08:09:18.161175 | GENERATION: 267 | ERRORS: best=5, median=113.0, diversity=0.395 | INDIVIDUALS: n=200, avg_genome_length=28.58
2021-12-15 08:09:20.985411 | GENERATION: 268 | ERRORS: best=5, median=113.0, diversity=0.4 | INDIVIDUALS: n=200, avg_genome_length=29.175
2021-12-15 08:09:23.900911 | GENERATION: 269 | ERRORS: best=5, median=117.0, diversity=0.435 | INDIVIDUALS: n=200, avg_genome_length=29.605
2021-12-15 08:09:26.658973 | GENERATION: 270 | ERRORS: best=5, median=113.0, diversity=0.455 | INDIVIDUALS: n=200, avg_genome_length=29.38
2021-12-15 08:09:29.849422 | GENERATION: 271 | ERRORS: best=5, median=117.0, diversity=0.47 | INDIVIDUALS: n=200, avg_genome_length=30.245
2021-12-15 08:09:32.604663 | GENERATION: 272 | ERRORS: best=5, median=113.0, diversity=0.465 | INDIVIDUALS: n=200, avg_genome_length=30.605
2021-12-15 08:09:35.876088 | GENERATION: 273 | ERRORS: best=5, median=113.0, diversity=0.46 | INDIVIDUALS: n=200, avg_genome_length=30.78
2021-12-15 08:09:39.071147 | GENERATION: 274 | ERRORS: best=5, median=133.0, diversity=0.475 | INDIVIDUALS: n=200, avg_genome_length=31.415
2021-12-15 08:09:42.229525 | GENERATION: 275 | ERRORS: best=5, median=117.0, diversity=0.445 | INDIVIDUALS: n=200, avg_genome_length=32.02
2021-12-15 08:09:45.188077 | GENERATION: 276 | ERRORS: best=5, median=117.0, diversity=0.52 | INDIVIDUALS: n=200, avg_genome_length=31.465
2021-12-15 08:09:48.186675 | GENERATION: 277 | ERRORS: best=5, median=113.0, diversity=0.45 | INDIVIDUALS: n=200, avg_genome_length=31.1
2021-12-15 08:09:50.801187 | GENERATION: 278 | ERRORS: best=5, median=113.5, diversity=0.395 | INDIVIDUALS: n=200, avg_genome_length=30.16
2021-12-15 08:09:53.793746 | GENERATION: 279 | ERRORS: best=5, median=113.0, diversity=0.445 | INDIVIDUALS: n=200, avg_genome_length=30.4
2021-12-15 08:09:56.456985 | GENERATION: 280 | ERRORS: best=5, median=117.0, diversity=0.395 | INDIVIDUALS: n=200, avg_genome_length=29.36
2021-12-15 08:09:59.276519 | GENERATION: 281 | ERRORS: best=5, median=117.0, diversity=0.42 | INDIVIDUALS: n=200, avg_genome_length=29.26
2021-12-15 08:10:02.247327 | GENERATION: 282 | ERRORS: best=5, median=113.0, diversity=0.47 | INDIVIDUALS: n=200, avg_genome_length=29.025
2021-12-15 08:10:05.041125 | GENERATION: 283 | ERRORS: best=5, median=113.0, diversity=0.45 | INDIVIDUALS: n=200, avg_genome_length=27.36
2021-12-15 08:10:08.070676 | GENERATION: 284 | ERRORS: best=5, median=143.5, diversity=0.5 | INDIVIDUALS: n=200, avg_genome_length=27.855
2021-12-15 08:10:10.847826 | GENERATION: 285 | ERRORS: best=5, median=142.5, diversity=0.47 | INDIVIDUALS: n=200, avg_genome_length=25.495
2021-12-15 08:10:13.907085 | GENERATION: 286 | ERRORS: best=5, median=117.0, diversity=0.415 | INDIVIDUALS: n=200, avg_genome_length=25.29
2021-12-15 08:10:17.054825 | GENERATION: 287 | ERRORS: best=5, median=117.0, diversity=0.435 | INDIVIDUALS: n=200, avg_genome_length=24.585
2021-12-15 08:10:20.383032 | GENERATION: 288 | ERRORS: best=5, median=117.0, diversity=0.45 | INDIVIDUALS: n=200, avg_genome_length=24.33
2021-12-15 08:10:23.711937 | GENERATION: 289 | ERRORS: best=5, median=113.0, diversity=0.4 | INDIVIDUALS: n=200, avg_genome_length=25.365
2021-12-15 08:10:26.733290 | GENERATION: 290 | ERRORS: best=5, median=117.0, diversity=0.415 | INDIVIDUALS: n=200, avg_genome_length=26.185
2021-12-15 08:10:29.888517 | GENERATION: 291 | ERRORS: best=5, median=113.0, diversity=0.405 | INDIVIDUALS: n=200, avg_genome_length=28.045
2021-12-15 08:10:32.542534 | GENERATION: 292 | ERRORS: best=5, median=113.0, diversity=0.37 | INDIVIDUALS: n=200, avg_genome_length=28.33
2021-12-15 08:10:35.073654 | GENERATION: 293 | ERRORS: best=5, median=113.0, diversity=0.375 | INDIVIDUALS: n=200, avg_genome_length=29.74
2021-12-15 08:10:37.459860 | GENERATION: 294 | ERRORS: best=5, median=117.0, diversity=0.38 | INDIVIDUALS: n=200, avg_genome_length=30.345
2021-12-15 08:10:40.252957 | GENERATION: 295 | ERRORS: best=5, median=114.0, diversity=0.395 | INDIVIDUALS: n=200, avg_genome_length=33.64
2021-12-15 08:10:43.046769 | GENERATION: 296 | ERRORS: best=5, median=113.0, diversity=0.35 | INDIVIDUALS: n=200, avg_genome_length=33.05
2021-12-15 08:10:46.275732 | GENERATION: 297 | ERRORS: best=5, median=117.0, diversity=0.425 | INDIVIDUALS: n=200, avg_genome_length=33.455
2021-12-15 08:10:49.392714 | GENERATION: 298 | ERRORS: best=5, median=117.0, diversity=0.44 | INDIVIDUALS: n=200, avg_genome_length=30.935
2021-12-15 08:10:52.237410 | GENERATION: 299 | ERRORS: best=5, median=117.0, diversity=0.43 | INDIVIDUALS: n=200, avg_genome_length=29.75
2021-12-15 08:10:54.673167 | GENERATION: 300 | ERRORS: best=5, median=129.5, diversity=0.445 | INDIVIDUALS: n=200, avg_genome_length=28.525
Simplifying genome of length 21 with total error 5.
Simplified genome by 1 to length 20.
Simplified genome by 2 to length 18.
Simplified genome by 1 to length 17.
Simplified genome by 1 to length 16.
Simplified genome by 1 to length 15.
Simplified genome by 1 to length 14.
Simplified genome by 2 to length 12.
Simplified genome by 2 to length 10.
Simplified genome by 2 to length 8.
Simplified genome to length 8 and total error 5.
========================================
End Run
========================================
No solution found.
Best Seen Individual
	Genome:
	 pvector([Input(input_index=0), Input(input_index=2), Input(input_index=1), Input(input_index=2), InstructionMeta(name='int_yank', code_blocks=0), InstructionMeta(name='int_max', code_blocks=0), InstructionMeta(name='int_min', code_blocks=0), InstructionMeta(name='print_int', code_blocks=0)])
	Program:
	 (input_0 input_2 input_1 input_2 int_yank int_max int_min print_int)
	Error vector:
	 [0 0 0 0 0 0 0 0 0 0 0 0 0 0 0 0 0 1 0 0 0 0 0 0 0 0 0 0 0 0 0 0 0 0 0 0 0
 0 0 0 0 0 0 0 0 0 0 0 0 0 0 0 0 0 0 0 0 0 0 0 0 0 0 0 0 0 2 0 2 0 0 0 0 0
 0 0 0 0 0 0 0 0 0 0 0 0 0 0 0 0 0 0 0 0 0 0 0 0 0 0]
	Total error:
	 5
	Test error:
	 184
	Time:
	 00:13:29
