Included 0 edge cases.
Included 100 random cases.
Included 100 cases in total.
Finished formatting.
Included 0 edge cases.
Included 1000 random cases.
Included 1000 cases in total.
Finished formatting.
========================================
Setup
========================================
Search Configuration:
signature: ProgramSignature(arity=3, output_stacks=['stdout'], push_config=PushConfig(collection_size_cap=1000, step_limit=200, runtime_limit=10, growth_cap=500, numeric_magnitude_limit=1000000000000.0))
evaluator: <pyshgp.gp.evaluation.DatasetEvaluator object at 0x7f8f2199a7f0>
spawner: <pyshgp.gp.genome.GeneSpawner object at 0x7f8f29049f40>
population_size: 200
max_generations: 300
error_threshold: 0.0
initial_genome_size: (20, 100)
simplification_steps: 500
parallel_context: <pyshgp.gp.search.ParallelContext object at 0x7f8f2199a070>
selection: <pyshgp.utils.DiscreteProbDistrib object at 0x7f8f29066d40>
variation: <pyshgp.utils.DiscreteProbDistrib object at 0x7f8f29066740>
Instructions:
int_add, int_sub, int_mult, int_div, int_mod, int_min, int_max, int_inc, int_dec, int_lt, int_lte, int_gt, int_gte, int_from_bool, bool_and, bool_or, bool_not, bool_xor, bool_invert_first_then_and, bool_second_first_then_and, bool_from_int, noop, noop_open, exec_do_range, exec_do_count, exec_while, exec_do_while, exec_if, exec_when, print_bool, println_bool, print_int, println_int, print_exec, println_exec, bool_pop, bool_dup, bool_dup_times, bool_swap, bool_rot, bool_flush, bool_eq, bool_stack_depth, bool_yank, bool_yank_dup, bool_shove, bool_shove_dup, bool_is_empty, int_pop, int_dup, int_dup_times, int_swap, int_rot, int_flush, int_eq, int_stack_depth, int_yank, int_yank_dup, int_shove, int_shove_dup, int_is_empty, exec_pop, exec_dup, exec_dup_times, exec_swap, exec_rot, exec_flush, exec_eq, exec_stack_depth, exec_yank, exec_yank_dup, exec_shove, exec_shove_dup, exec_is_empty
Literals:
[]
ERC Generators:
[<function rand_int at 0x7f8f2904ea60>]
========================================
Start Run
========================================
2021-12-14 23:31:15.205981 | GENERATION: 1 | ERRORS: best=108, median=235.0, diversity=0.1 | INDIVIDUALS: n=200, avg_genome_length=53.505
2021-12-14 23:31:18.538075 | GENERATION: 2 | ERRORS: best=79, median=214.0, diversity=0.255 | INDIVIDUALS: n=200, avg_genome_length=29.355
2021-12-14 23:31:21.146172 | GENERATION: 3 | ERRORS: best=79, median=203.0, diversity=0.245 | INDIVIDUALS: n=200, avg_genome_length=22.81
2021-12-14 23:31:23.676006 | GENERATION: 4 | ERRORS: best=79, median=108.0, diversity=0.215 | INDIVIDUALS: n=200, avg_genome_length=21.985
2021-12-14 23:31:26.378587 | GENERATION: 5 | ERRORS: best=79, median=113.0, diversity=0.26 | INDIVIDUALS: n=200, avg_genome_length=21.0
2021-12-14 23:31:28.742838 | GENERATION: 6 | ERRORS: best=79, median=108.0, diversity=0.21 | INDIVIDUALS: n=200, avg_genome_length=19.825
2021-12-14 23:31:31.055740 | GENERATION: 7 | ERRORS: best=79, median=108.0, diversity=0.17 | INDIVIDUALS: n=200, avg_genome_length=19.795
2021-12-14 23:31:33.323108 | GENERATION: 8 | ERRORS: best=79, median=108.0, diversity=0.185 | INDIVIDUALS: n=200, avg_genome_length=19.25
2021-12-14 23:31:35.354948 | GENERATION: 9 | ERRORS: best=79, median=108.0, diversity=0.195 | INDIVIDUALS: n=200, avg_genome_length=18.785
2021-12-14 23:31:37.371417 | GENERATION: 10 | ERRORS: best=79, median=108.0, diversity=0.215 | INDIVIDUALS: n=200, avg_genome_length=19.13
2021-12-14 23:31:39.605157 | GENERATION: 11 | ERRORS: best=79, median=108.0, diversity=0.21 | INDIVIDUALS: n=200, avg_genome_length=18.9
2021-12-14 23:31:41.925749 | GENERATION: 12 | ERRORS: best=79, median=108.0, diversity=0.24 | INDIVIDUALS: n=200, avg_genome_length=18.56
2021-12-14 23:31:43.907739 | GENERATION: 13 | ERRORS: best=57, median=105.5, diversity=0.225 | INDIVIDUALS: n=200, avg_genome_length=17.915
2021-12-14 23:31:47.260727 | GENERATION: 14 | ERRORS: best=57, median=108.0, diversity=0.36 | INDIVIDUALS: n=200, avg_genome_length=22.555
2021-12-14 23:31:51.391256 | GENERATION: 15 | ERRORS: best=36, median=117.0, diversity=0.43 | INDIVIDUALS: n=200, avg_genome_length=24.05
2021-12-14 23:31:53.756267 | GENERATION: 16 | ERRORS: best=36, median=108.0, diversity=0.34 | INDIVIDUALS: n=200, avg_genome_length=18.61
2021-12-14 23:31:56.104683 | GENERATION: 17 | ERRORS: best=36, median=108.0, diversity=0.305 | INDIVIDUALS: n=200, avg_genome_length=18.255
2021-12-14 23:31:58.416363 | GENERATION: 18 | ERRORS: best=36, median=108.0, diversity=0.33 | INDIVIDUALS: n=200, avg_genome_length=19.615
2021-12-14 23:32:01.115932 | GENERATION: 19 | ERRORS: best=36, median=108.0, diversity=0.37 | INDIVIDUALS: n=200, avg_genome_length=20.635
2021-12-14 23:32:03.396278 | GENERATION: 20 | ERRORS: best=36, median=108.0, diversity=0.29 | INDIVIDUALS: n=200, avg_genome_length=18.66
2021-12-14 23:32:05.977001 | GENERATION: 21 | ERRORS: best=36, median=108.0, diversity=0.32 | INDIVIDUALS: n=200, avg_genome_length=19.355
2021-12-14 23:32:08.361202 | GENERATION: 22 | ERRORS: best=36, median=108.0, diversity=0.32 | INDIVIDUALS: n=200, avg_genome_length=18.26
2021-12-14 23:32:10.278265 | GENERATION: 23 | ERRORS: best=36, median=108.0, diversity=0.285 | INDIVIDUALS: n=200, avg_genome_length=17.15
2021-12-14 23:32:12.495111 | GENERATION: 24 | ERRORS: best=29, median=108.0, diversity=0.335 | INDIVIDUALS: n=200, avg_genome_length=17.76
2021-12-14 23:32:14.816050 | GENERATION: 25 | ERRORS: best=29, median=108.0, diversity=0.36 | INDIVIDUALS: n=200, avg_genome_length=18.86
2021-12-14 23:32:17.007052 | GENERATION: 26 | ERRORS: best=29, median=108.0, diversity=0.455 | INDIVIDUALS: n=200, avg_genome_length=18.605
2021-12-14 23:32:19.461989 | GENERATION: 27 | ERRORS: best=29, median=108.0, diversity=0.37 | INDIVIDUALS: n=200, avg_genome_length=18.14
2021-12-14 23:32:21.649230 | GENERATION: 28 | ERRORS: best=29, median=111.5, diversity=0.385 | INDIVIDUALS: n=200, avg_genome_length=17.545
2021-12-14 23:32:24.208084 | GENERATION: 29 | ERRORS: best=29, median=108.0, diversity=0.36 | INDIVIDUALS: n=200, avg_genome_length=17.69
2021-12-14 23:32:26.527704 | GENERATION: 30 | ERRORS: best=29, median=108.0, diversity=0.41 | INDIVIDUALS: n=200, avg_genome_length=17.805
2021-12-14 23:32:28.971169 | GENERATION: 31 | ERRORS: best=23, median=108.0, diversity=0.36 | INDIVIDUALS: n=200, avg_genome_length=18.045
2021-12-14 23:32:31.104443 | GENERATION: 32 | ERRORS: best=23, median=108.0, diversity=0.335 | INDIVIDUALS: n=200, avg_genome_length=15.685
2021-12-14 23:32:33.178367 | GENERATION: 33 | ERRORS: best=23, median=103.0, diversity=0.31 | INDIVIDUALS: n=200, avg_genome_length=16.09
2021-12-14 23:32:35.124132 | GENERATION: 34 | ERRORS: best=23, median=108.0, diversity=0.36 | INDIVIDUALS: n=200, avg_genome_length=15.855
2021-12-14 23:32:37.216781 | GENERATION: 35 | ERRORS: best=23, median=110.5, diversity=0.38 | INDIVIDUALS: n=200, avg_genome_length=15.875
2021-12-14 23:32:39.279805 | GENERATION: 36 | ERRORS: best=23, median=108.0, diversity=0.4 | INDIVIDUALS: n=200, avg_genome_length=15.815
2021-12-14 23:32:41.335620 | GENERATION: 37 | ERRORS: best=23, median=108.0, diversity=0.305 | INDIVIDUALS: n=200, avg_genome_length=15.335
2021-12-14 23:32:43.168413 | GENERATION: 38 | ERRORS: best=23, median=108.0, diversity=0.34 | INDIVIDUALS: n=200, avg_genome_length=14.735
2021-12-14 23:32:45.414894 | GENERATION: 39 | ERRORS: best=23, median=108.0, diversity=0.385 | INDIVIDUALS: n=200, avg_genome_length=15.565
2021-12-14 23:32:47.324970 | GENERATION: 40 | ERRORS: best=23, median=108.0, diversity=0.355 | INDIVIDUALS: n=200, avg_genome_length=15.505
2021-12-14 23:32:49.553403 | GENERATION: 41 | ERRORS: best=23, median=108.0, diversity=0.39 | INDIVIDUALS: n=200, avg_genome_length=15.845
2021-12-14 23:32:51.500791 | GENERATION: 42 | ERRORS: best=23, median=108.0, diversity=0.385 | INDIVIDUALS: n=200, avg_genome_length=15.045
2021-12-14 23:32:53.348041 | GENERATION: 43 | ERRORS: best=20, median=108.0, diversity=0.39 | INDIVIDUALS: n=200, avg_genome_length=14.78
2021-12-14 23:32:55.198761 | GENERATION: 44 | ERRORS: best=20, median=108.0, diversity=0.38 | INDIVIDUALS: n=200, avg_genome_length=15.355
2021-12-14 23:32:57.225470 | GENERATION: 45 | ERRORS: best=20, median=108.0, diversity=0.375 | INDIVIDUALS: n=200, avg_genome_length=15.31
2021-12-14 23:32:59.074201 | GENERATION: 46 | ERRORS: best=20, median=108.0, diversity=0.385 | INDIVIDUALS: n=200, avg_genome_length=15.005
2021-12-14 23:33:00.924607 | GENERATION: 47 | ERRORS: best=20, median=108.0, diversity=0.325 | INDIVIDUALS: n=200, avg_genome_length=15.02
2021-12-14 23:33:03.084536 | GENERATION: 48 | ERRORS: best=20, median=108.0, diversity=0.39 | INDIVIDUALS: n=200, avg_genome_length=14.675
2021-12-14 23:33:05.190100 | GENERATION: 49 | ERRORS: best=20, median=108.0, diversity=0.33 | INDIVIDUALS: n=200, avg_genome_length=13.655
2021-12-14 23:33:07.213715 | GENERATION: 50 | ERRORS: best=20, median=108.0, diversity=0.32 | INDIVIDUALS: n=200, avg_genome_length=13.115
2021-12-14 23:33:09.263464 | GENERATION: 51 | ERRORS: best=20, median=108.0, diversity=0.34 | INDIVIDUALS: n=200, avg_genome_length=12.89
2021-12-14 23:33:11.263760 | GENERATION: 52 | ERRORS: best=20, median=108.0, diversity=0.35 | INDIVIDUALS: n=200, avg_genome_length=13.195
2021-12-14 23:33:13.415740 | GENERATION: 53 | ERRORS: best=20, median=113.0, diversity=0.34 | INDIVIDUALS: n=200, avg_genome_length=14.675
2021-12-14 23:33:15.514941 | GENERATION: 54 | ERRORS: best=20, median=108.0, diversity=0.325 | INDIVIDUALS: n=200, avg_genome_length=16.085
2021-12-14 23:33:17.539031 | GENERATION: 55 | ERRORS: best=18, median=107.5, diversity=0.38 | INDIVIDUALS: n=200, avg_genome_length=16.18
2021-12-14 23:33:20.227375 | GENERATION: 56 | ERRORS: best=18, median=95.0, diversity=0.4 | INDIVIDUALS: n=200, avg_genome_length=16.045
2021-12-14 23:33:22.792735 | GENERATION: 57 | ERRORS: best=18, median=108.0, diversity=0.425 | INDIVIDUALS: n=200, avg_genome_length=15.865
2021-12-14 23:33:25.119951 | GENERATION: 58 | ERRORS: best=18, median=99.5, diversity=0.495 | INDIVIDUALS: n=200, avg_genome_length=16.195
2021-12-14 23:33:27.002542 | GENERATION: 59 | ERRORS: best=18, median=100.0, diversity=0.425 | INDIVIDUALS: n=200, avg_genome_length=15.405
2021-12-14 23:33:28.984026 | GENERATION: 60 | ERRORS: best=19, median=110.5, diversity=0.525 | INDIVIDUALS: n=200, avg_genome_length=16.73
2021-12-14 23:33:30.943934 | GENERATION: 61 | ERRORS: best=19, median=108.0, diversity=0.455 | INDIVIDUALS: n=200, avg_genome_length=16.915
2021-12-14 23:33:32.866946 | GENERATION: 62 | ERRORS: best=19, median=108.0, diversity=0.46 | INDIVIDUALS: n=200, avg_genome_length=15.385
2021-12-14 23:33:34.714053 | GENERATION: 63 | ERRORS: best=19, median=108.0, diversity=0.47 | INDIVIDUALS: n=200, avg_genome_length=14.21
2021-12-14 23:33:36.477904 | GENERATION: 64 | ERRORS: best=20, median=108.0, diversity=0.345 | INDIVIDUALS: n=200, avg_genome_length=13.46
2021-12-14 23:33:38.329699 | GENERATION: 65 | ERRORS: best=20, median=108.0, diversity=0.38 | INDIVIDUALS: n=200, avg_genome_length=14.485
2021-12-14 23:33:40.300281 | GENERATION: 66 | ERRORS: best=19, median=113.0, diversity=0.41 | INDIVIDUALS: n=200, avg_genome_length=15.135
2021-12-14 23:33:42.086897 | GENERATION: 67 | ERRORS: best=19, median=108.0, diversity=0.455 | INDIVIDUALS: n=200, avg_genome_length=13.99
2021-12-14 23:33:43.918159 | GENERATION: 68 | ERRORS: best=19, median=98.0, diversity=0.36 | INDIVIDUALS: n=200, avg_genome_length=13.87
2021-12-14 23:33:45.806121 | GENERATION: 69 | ERRORS: best=20, median=108.0, diversity=0.41 | INDIVIDUALS: n=200, avg_genome_length=14.52
2021-12-14 23:33:47.616920 | GENERATION: 70 | ERRORS: best=20, median=96.0, diversity=0.35 | INDIVIDUALS: n=200, avg_genome_length=13.89
2021-12-14 23:33:49.315707 | GENERATION: 71 | ERRORS: best=20, median=108.0, diversity=0.325 | INDIVIDUALS: n=200, avg_genome_length=14.02
2021-12-14 23:33:50.987611 | GENERATION: 72 | ERRORS: best=20, median=108.0, diversity=0.405 | INDIVIDUALS: n=200, avg_genome_length=14.1
2021-12-14 23:33:53.029241 | GENERATION: 73 | ERRORS: best=20, median=108.0, diversity=0.4 | INDIVIDUALS: n=200, avg_genome_length=14.19
2021-12-14 23:33:54.768444 | GENERATION: 74 | ERRORS: best=20, median=108.0, diversity=0.4 | INDIVIDUALS: n=200, avg_genome_length=14.79
2021-12-14 23:33:56.688378 | GENERATION: 75 | ERRORS: best=20, median=96.0, diversity=0.345 | INDIVIDUALS: n=200, avg_genome_length=14.525
2021-12-14 23:33:58.549657 | GENERATION: 76 | ERRORS: best=20, median=107.5, diversity=0.395 | INDIVIDUALS: n=200, avg_genome_length=15.21
2021-12-14 23:34:00.681252 | GENERATION: 77 | ERRORS: best=20, median=108.0, diversity=0.395 | INDIVIDUALS: n=200, avg_genome_length=15.795
2021-12-14 23:34:02.461266 | GENERATION: 78 | ERRORS: best=20, median=96.0, diversity=0.335 | INDIVIDUALS: n=200, avg_genome_length=15.615
2021-12-14 23:34:04.425247 | GENERATION: 79 | ERRORS: best=20, median=113.0, diversity=0.42 | INDIVIDUALS: n=200, avg_genome_length=16.38
2021-12-14 23:34:06.367963 | GENERATION: 80 | ERRORS: best=20, median=108.0, diversity=0.45 | INDIVIDUALS: n=200, avg_genome_length=16.38
2021-12-14 23:34:08.411634 | GENERATION: 81 | ERRORS: best=20, median=108.0, diversity=0.395 | INDIVIDUALS: n=200, avg_genome_length=16.405
2021-12-14 23:34:10.300558 | GENERATION: 82 | ERRORS: best=20, median=103.5, diversity=0.36 | INDIVIDUALS: n=200, avg_genome_length=16.755
2021-12-14 23:34:12.313396 | GENERATION: 83 | ERRORS: best=20, median=101.0, diversity=0.38 | INDIVIDUALS: n=200, avg_genome_length=17.705
2021-12-14 23:34:14.342398 | GENERATION: 84 | ERRORS: best=20, median=108.0, diversity=0.46 | INDIVIDUALS: n=200, avg_genome_length=17.49
2021-12-14 23:34:16.370290 | GENERATION: 85 | ERRORS: best=20, median=105.5, diversity=0.44 | INDIVIDUALS: n=200, avg_genome_length=17.365
2021-12-14 23:34:18.376317 | GENERATION: 86 | ERRORS: best=20, median=108.0, diversity=0.415 | INDIVIDUALS: n=200, avg_genome_length=17.59
Simplifying genome of length 20 with total error 0.
Simplified genome by 1 to length 19.
Simplified genome by 3 to length 16.
Simplified genome by 1 to length 15.
Simplified genome by 1 to length 14.
Simplified genome by 1 to length 13.
Simplified genome by 1 to length 12.
Simplified genome by 2 to length 10.
Simplified genome to length 10 and total error 0.
========================================
End Run
========================================
Solution found.
Best Seen Individual
	Genome:
	 pvector([Input(input_index=0), Input(input_index=1), InstructionMeta(name='int_max', code_blocks=0), Input(input_index=2), Input(input_index=0), Input(input_index=1), InstructionMeta(name='int_min', code_blocks=0), InstructionMeta(name='int_max', code_blocks=0), InstructionMeta(name='int_min', code_blocks=0), InstructionMeta(name='print_int', code_blocks=0)])
	Program:
	 (input_0 input_1 int_max input_2 input_0 input_1 int_min int_max int_min print_int)
	Error vector:
	 [0 0 0 0 0 0 0 0 0 0 0 0 0 0 0 0 0 0 0 0 0 0 0 0 0 0 0 0 0 0 0 0 0 0 0 0 0
 0 0 0 0 0 0 0 0 0 0 0 0 0 0 0 0 0 0 0 0 0 0 0 0 0 0 0 0 0 0 0 0 0 0 0 0 0
 0 0 0 0 0 0 0 0 0 0 0 0 0 0 0 0 0 0 0 0 0 0 0 0 0 0]
	Total error:
	 0
	Test error:
	 0
	Time:
	 00:03:24
