Included 0 edge cases.
Included 100 random cases.
Included 100 cases in total.
Finished formatting.
Included 0 edge cases.
Included 1000 random cases.
Included 1000 cases in total.
Finished formatting.
========================================
Setup
========================================
Search Configuration:
signature: ProgramSignature(output_stacks=['stdout'], arity=3, push_config=PushConfig(growth_cap=500, collection_size_cap=1000, runtime_limit=10, step_limit=200, numeric_magnitude_limit=1000000000000.0))
evaluator: <pyshgp.gp.evaluation.DatasetEvaluator object at 0x7f9057374670>
spawner: <pyshgp.gp.genome.GeneSpawner object at 0x7f9057374b20>
population_size: 200
max_generations: 300
error_threshold: 0.0
initial_genome_size: (20, 100)
simplification_steps: 500
parallel_context: <pyshgp.gp.search.ParallelContext object at 0x7f90573748e0>
selection: <pyshgp.utils.DiscreteProbDistrib object at 0x7f90572be880>
variation: <pyshgp.utils.DiscreteProbDistrib object at 0x7f90572be7c0>
Instructions:
int_add, int_sub, int_mult, int_div, int_mod, int_min, int_max, int_inc, int_dec, int_lt, int_lte, int_gt, int_gte, int_from_bool, bool_and, bool_or, bool_not, bool_xor, bool_invert_first_then_and, bool_second_first_then_and, bool_from_int, noop, noop_open, exec_do_range, exec_do_count, exec_while, exec_do_while, exec_if, exec_when, print_bool, println_bool, print_int, println_int, print_exec, println_exec, bool_pop, bool_dup, bool_dup_times, bool_swap, bool_rot, bool_flush, bool_eq, bool_stack_depth, bool_yank, bool_yank_dup, bool_shove, bool_shove_dup, bool_is_empty, int_pop, int_dup, int_dup_times, int_swap, int_rot, int_flush, int_eq, int_stack_depth, int_yank, int_yank_dup, int_shove, int_shove_dup, int_is_empty, exec_pop, exec_dup, exec_dup_times, exec_swap, exec_rot, exec_flush, exec_eq, exec_stack_depth, exec_yank, exec_yank_dup, exec_shove, exec_shove_dup, exec_is_empty
Literals:
[]
ERC Generators:
[<function rand_int at 0x7f9050724430>]
========================================
Start Run
========================================
2021-12-18 21:51:46.704463 | GENERATION: 1 | ERRORS: best=221, median=2045.5, diversity=0.09 | INDIVIDUALS: n=200, avg_genome_length=60.69 | VIRUSES: gene_rate=0.000
2021-12-18 21:51:50.115009 | GENERATION: 2 | ERRORS: best=144, median=222.0, diversity=0.515 | INDIVIDUALS: n=200, avg_genome_length=42.44 | VIRUSES: gene_rate=0.000
2021-12-18 21:51:54.334654 | GENERATION: 3 | ERRORS: best=102, median=226.0, diversity=0.65 | INDIVIDUALS: n=200, avg_genome_length=56.52 | VIRUSES: gene_rate=0.000
2021-12-18 21:51:58.671799 | GENERATION: 4 | ERRORS: best=94, median=229.5, diversity=0.585 | INDIVIDUALS: n=200, avg_genome_length=54.425 | VIRUSES: gene_rate=0.000
2021-12-18 21:52:02.538332 | GENERATION: 5 | ERRORS: best=94, median=225.5, diversity=0.54 | INDIVIDUALS: n=200, avg_genome_length=51.105 | VIRUSES: gene_rate=0.000
2021-12-18 21:52:05.361411 | GENERATION: 6 | ERRORS: best=97, median=223.5, diversity=0.485 | INDIVIDUALS: n=200, avg_genome_length=47.545 | VIRUSES: gene_rate=0.000
2021-12-18 21:52:08.910569 | GENERATION: 7 | ERRORS: best=101, median=235.0, diversity=0.475 | INDIVIDUALS: n=200, avg_genome_length=47.645 | VIRUSES: gene_rate=0.000
2021-12-18 21:52:12.195578 | GENERATION: 8 | ERRORS: best=83, median=221.5, diversity=0.515 | INDIVIDUALS: n=200, avg_genome_length=46.665 | VIRUSES: gene_rate=0.000
2021-12-18 21:52:15.725371 | GENERATION: 9 | ERRORS: best=102, median=221.0, diversity=0.525 | INDIVIDUALS: n=200, avg_genome_length=45.97 | VIRUSES: gene_rate=0.000
2021-12-18 21:52:18.638233 | GENERATION: 10 | ERRORS: best=96, median=229.0, diversity=0.495 | INDIVIDUALS: n=200, avg_genome_length=41.425 | VIRUSES: gene_rate=0.000
2021-12-18 21:52:21.333592 | GENERATION: 11 | ERRORS: best=96, median=232.0, diversity=0.485 | INDIVIDUALS: n=200, avg_genome_length=38.805 | VIRUSES: gene_rate=0.000
2021-12-18 21:52:24.366330 | GENERATION: 12 | ERRORS: best=96, median=232.5, diversity=0.52 | INDIVIDUALS: n=200, avg_genome_length=33.725 | VIRUSES: gene_rate=0.000
2021-12-18 21:52:26.869215 | GENERATION: 13 | ERRORS: best=96, median=221.5, diversity=0.415 | INDIVIDUALS: n=200, avg_genome_length=30.77 | VIRUSES: gene_rate=0.000
2021-12-18 21:52:28.828113 | GENERATION: 14 | ERRORS: best=96, median=221.5, diversity=0.405 | INDIVIDUALS: n=200, avg_genome_length=28.425 | VIRUSES: gene_rate=0.000
2021-12-18 21:52:30.637025 | GENERATION: 15 | ERRORS: best=96, median=221.0, diversity=0.35 | INDIVIDUALS: n=200, avg_genome_length=27.49 | VIRUSES: gene_rate=0.000
2021-12-18 21:52:32.577364 | GENERATION: 16 | ERRORS: best=96, median=221.0, diversity=0.42 | INDIVIDUALS: n=200, avg_genome_length=27.425 | VIRUSES: gene_rate=0.000
2021-12-18 21:52:34.746940 | GENERATION: 17 | ERRORS: best=96, median=221.0, diversity=0.415 | INDIVIDUALS: n=200, avg_genome_length=28.87 | VIRUSES: gene_rate=0.000
2021-12-18 21:52:36.602147 | GENERATION: 18 | ERRORS: best=96, median=218.5, diversity=0.4 | INDIVIDUALS: n=200, avg_genome_length=28.29 | VIRUSES: gene_rate=0.000
2021-12-18 21:52:38.474858 | GENERATION: 19 | ERRORS: best=96, median=221.0, diversity=0.435 | INDIVIDUALS: n=200, avg_genome_length=26.525 | VIRUSES: gene_rate=0.000
2021-12-18 21:52:40.419714 | GENERATION: 20 | ERRORS: best=96, median=207.0, diversity=0.42 | INDIVIDUALS: n=200, avg_genome_length=26.03 | VIRUSES: gene_rate=0.000
2021-12-18 21:52:42.372044 | GENERATION: 21 | ERRORS: best=91, median=178.5, diversity=0.475 | INDIVIDUALS: n=200, avg_genome_length=25.075 | VIRUSES: gene_rate=0.000
2021-12-18 21:52:44.272716 | GENERATION: 22 | ERRORS: best=90, median=207.0, diversity=0.485 | INDIVIDUALS: n=200, avg_genome_length=25.59 | VIRUSES: gene_rate=0.000
2021-12-18 21:52:46.234901 | GENERATION: 23 | ERRORS: best=84, median=167.0, diversity=0.545 | INDIVIDUALS: n=200, avg_genome_length=24.88 | VIRUSES: gene_rate=0.000
2021-12-18 21:52:47.968739 | GENERATION: 24 | ERRORS: best=86, median=174.5, diversity=0.435 | INDIVIDUALS: n=200, avg_genome_length=26.405 | VIRUSES: gene_rate=0.000
2021-12-18 21:52:50.041147 | GENERATION: 25 | ERRORS: best=87, median=188.0, diversity=0.555 | INDIVIDUALS: n=200, avg_genome_length=27.28 | VIRUSES: gene_rate=0.000
2021-12-18 21:52:51.737465 | GENERATION: 26 | ERRORS: best=87, median=170.0, diversity=0.445 | INDIVIDUALS: n=200, avg_genome_length=26.35 | VIRUSES: gene_rate=0.000
2021-12-18 21:52:53.593086 | GENERATION: 27 | ERRORS: best=87, median=180.0, diversity=0.465 | INDIVIDUALS: n=200, avg_genome_length=25.13 | VIRUSES: gene_rate=0.000
2021-12-18 21:52:55.250787 | GENERATION: 28 | ERRORS: best=73, median=172.0, diversity=0.405 | INDIVIDUALS: n=200, avg_genome_length=24.48 | VIRUSES: gene_rate=0.000
2021-12-18 21:52:56.770994 | GENERATION: 29 | ERRORS: best=73, median=175.0, diversity=0.36 | INDIVIDUALS: n=200, avg_genome_length=23.57 | VIRUSES: gene_rate=0.000
2021-12-18 21:52:58.485108 | GENERATION: 30 | ERRORS: best=73, median=194.0, diversity=0.445 | INDIVIDUALS: n=200, avg_genome_length=24.235 | VIRUSES: gene_rate=0.000
2021-12-18 21:53:00.280479 | GENERATION: 31 | ERRORS: best=73, median=165.0, diversity=0.42 | INDIVIDUALS: n=200, avg_genome_length=23.745 | VIRUSES: gene_rate=0.000
2021-12-18 21:53:01.980751 | GENERATION: 32 | ERRORS: best=73, median=175.0, diversity=0.425 | INDIVIDUALS: n=200, avg_genome_length=23.005 | VIRUSES: gene_rate=0.000
2021-12-18 21:53:03.517044 | GENERATION: 33 | ERRORS: best=73, median=178.5, diversity=0.47 | INDIVIDUALS: n=200, avg_genome_length=21.435 | VIRUSES: gene_rate=0.000
2021-12-18 21:53:05.041409 | GENERATION: 34 | ERRORS: best=73, median=153.5, diversity=0.465 | INDIVIDUALS: n=200, avg_genome_length=20.535 | VIRUSES: gene_rate=0.000
2021-12-18 21:53:06.674193 | GENERATION: 35 | ERRORS: best=73, median=159.0, diversity=0.475 | INDIVIDUALS: n=200, avg_genome_length=20.295 | VIRUSES: gene_rate=0.000
2021-12-18 21:53:08.285092 | GENERATION: 36 | ERRORS: best=73, median=176.5, diversity=0.435 | INDIVIDUALS: n=200, avg_genome_length=19.095 | VIRUSES: gene_rate=0.000
2021-12-18 21:53:09.828936 | GENERATION: 37 | ERRORS: best=64, median=154.5, diversity=0.43 | INDIVIDUALS: n=200, avg_genome_length=19.545 | VIRUSES: gene_rate=0.000
2021-12-18 21:53:11.416226 | GENERATION: 38 | ERRORS: best=60, median=131.0, diversity=0.445 | INDIVIDUALS: n=200, avg_genome_length=19.68 | VIRUSES: gene_rate=0.000
2021-12-18 21:53:12.844768 | GENERATION: 39 | ERRORS: best=60, median=176.5, diversity=0.475 | INDIVIDUALS: n=200, avg_genome_length=19.64 | VIRUSES: gene_rate=0.000
2021-12-18 21:53:14.260015 | GENERATION: 40 | ERRORS: best=60, median=131.0, diversity=0.465 | INDIVIDUALS: n=200, avg_genome_length=19.03 | VIRUSES: gene_rate=0.000
2021-12-18 21:53:15.771169 | GENERATION: 41 | ERRORS: best=60, median=125.5, diversity=0.37 | INDIVIDUALS: n=200, avg_genome_length=18.245 | VIRUSES: gene_rate=0.000
2021-12-18 21:53:17.117195 | GENERATION: 42 | ERRORS: best=60, median=131.0, diversity=0.425 | INDIVIDUALS: n=200, avg_genome_length=18.505 | VIRUSES: gene_rate=0.000
2021-12-18 21:53:18.672871 | GENERATION: 43 | ERRORS: best=60, median=131.0, diversity=0.4 | INDIVIDUALS: n=200, avg_genome_length=17.785 | VIRUSES: gene_rate=0.000
2021-12-18 21:53:20.199440 | GENERATION: 44 | ERRORS: best=60, median=142.0, diversity=0.445 | INDIVIDUALS: n=200, avg_genome_length=19.085 | VIRUSES: gene_rate=0.000
2021-12-18 21:53:21.646551 | GENERATION: 45 | ERRORS: best=60, median=132.0, diversity=0.45 | INDIVIDUALS: n=200, avg_genome_length=20.215 | VIRUSES: gene_rate=0.000
2021-12-18 21:53:23.095897 | GENERATION: 46 | ERRORS: best=60, median=131.0, diversity=0.38 | INDIVIDUALS: n=200, avg_genome_length=19.925 | VIRUSES: gene_rate=0.000
2021-12-18 21:53:24.721889 | GENERATION: 47 | ERRORS: best=60, median=131.0, diversity=0.44 | INDIVIDUALS: n=200, avg_genome_length=20.32 | VIRUSES: gene_rate=0.000
2021-12-18 21:53:26.282011 | GENERATION: 48 | ERRORS: best=55, median=128.0, diversity=0.365 | INDIVIDUALS: n=200, avg_genome_length=19.26 | VIRUSES: gene_rate=0.000
2021-12-18 21:53:27.939705 | GENERATION: 49 | ERRORS: best=55, median=114.5, diversity=0.385 | INDIVIDUALS: n=200, avg_genome_length=19.21 | VIRUSES: gene_rate=0.000
2021-12-18 21:53:29.628034 | GENERATION: 50 | ERRORS: best=55, median=121.0, diversity=0.44 | INDIVIDUALS: n=200, avg_genome_length=19.245 | VIRUSES: gene_rate=0.000
2021-12-18 21:53:31.213027 | GENERATION: 51 | ERRORS: best=55, median=121.0, diversity=0.385 | INDIVIDUALS: n=200, avg_genome_length=19.695 | VIRUSES: gene_rate=0.000
2021-12-18 21:53:32.833478 | GENERATION: 52 | ERRORS: best=55, median=121.5, diversity=0.4 | INDIVIDUALS: n=200, avg_genome_length=19.27 | VIRUSES: gene_rate=0.000
2021-12-18 21:53:34.560215 | GENERATION: 53 | ERRORS: best=55, median=114.0, diversity=0.375 | INDIVIDUALS: n=200, avg_genome_length=18.885 | VIRUSES: gene_rate=0.000
2021-12-18 21:53:36.218310 | GENERATION: 54 | ERRORS: best=55, median=131.0, diversity=0.34 | INDIVIDUALS: n=200, avg_genome_length=18.04 | VIRUSES: gene_rate=0.000
2021-12-18 21:53:37.769526 | GENERATION: 55 | ERRORS: best=55, median=114.0, diversity=0.385 | INDIVIDUALS: n=200, avg_genome_length=17.08 | VIRUSES: gene_rate=0.000
2021-12-18 21:53:39.193295 | GENERATION: 56 | ERRORS: best=55, median=116.5, diversity=0.34 | INDIVIDUALS: n=200, avg_genome_length=16.645 | VIRUSES: gene_rate=0.000
2021-12-18 21:53:40.780674 | GENERATION: 57 | ERRORS: best=55, median=131.0, diversity=0.385 | INDIVIDUALS: n=200, avg_genome_length=16.645 | VIRUSES: gene_rate=0.000
2021-12-18 21:53:42.066793 | GENERATION: 58 | ERRORS: best=55, median=112.0, diversity=0.34 | INDIVIDUALS: n=200, avg_genome_length=16.12 | VIRUSES: gene_rate=0.000
2021-12-18 21:53:43.544821 | GENERATION: 59 | ERRORS: best=55, median=131.0, diversity=0.38 | INDIVIDUALS: n=200, avg_genome_length=15.39 | VIRUSES: gene_rate=0.000
2021-12-18 21:53:45.115739 | GENERATION: 60 | ERRORS: best=55, median=121.0, diversity=0.32 | INDIVIDUALS: n=200, avg_genome_length=14.18 | VIRUSES: gene_rate=0.000
2021-12-18 21:53:46.475685 | GENERATION: 61 | ERRORS: best=55, median=121.5, diversity=0.35 | INDIVIDUALS: n=200, avg_genome_length=13.58 | VIRUSES: gene_rate=0.000
2021-12-18 21:53:47.987701 | GENERATION: 62 | ERRORS: best=55, median=121.0, diversity=0.31 | INDIVIDUALS: n=200, avg_genome_length=13.465 | VIRUSES: gene_rate=0.000
2021-12-18 21:53:49.352607 | GENERATION: 63 | ERRORS: best=55, median=121.0, diversity=0.305 | INDIVIDUALS: n=200, avg_genome_length=12.05 | VIRUSES: gene_rate=0.000
2021-12-18 21:53:50.499749 | GENERATION: 64 | ERRORS: best=55, median=114.0, diversity=0.275 | INDIVIDUALS: n=200, avg_genome_length=11.845 | VIRUSES: gene_rate=0.000
2021-12-18 21:53:51.710852 | GENERATION: 65 | ERRORS: best=55, median=131.0, diversity=0.305 | INDIVIDUALS: n=200, avg_genome_length=12.21 | VIRUSES: gene_rate=0.000
2021-12-18 21:53:53.144474 | GENERATION: 66 | ERRORS: best=55, median=114.0, diversity=0.245 | INDIVIDUALS: n=200, avg_genome_length=12.125 | VIRUSES: gene_rate=0.000
2021-12-18 21:53:54.316672 | GENERATION: 67 | ERRORS: best=55, median=114.0, diversity=0.26 | INDIVIDUALS: n=200, avg_genome_length=11.78 | VIRUSES: gene_rate=0.000
2021-12-18 21:53:55.427065 | GENERATION: 68 | ERRORS: best=55, median=122.0, diversity=0.275 | INDIVIDUALS: n=200, avg_genome_length=10.935 | VIRUSES: gene_rate=0.000
2021-12-18 21:53:56.744088 | GENERATION: 69 | ERRORS: best=55, median=114.0, diversity=0.225 | INDIVIDUALS: n=200, avg_genome_length=10.305 | VIRUSES: gene_rate=0.000
2021-12-18 21:53:57.980506 | GENERATION: 70 | ERRORS: best=55, median=131.0, diversity=0.295 | INDIVIDUALS: n=200, avg_genome_length=11.485 | VIRUSES: gene_rate=0.000
2021-12-18 21:53:59.277559 | GENERATION: 71 | ERRORS: best=55, median=121.5, diversity=0.305 | INDIVIDUALS: n=200, avg_genome_length=11.135 | VIRUSES: gene_rate=0.000
2021-12-18 21:54:00.470369 | GENERATION: 72 | ERRORS: best=55, median=131.0, diversity=0.285 | INDIVIDUALS: n=200, avg_genome_length=11.615 | VIRUSES: gene_rate=0.000
2021-12-18 21:54:01.880754 | GENERATION: 73 | ERRORS: best=55, median=131.0, diversity=0.315 | INDIVIDUALS: n=200, avg_genome_length=12.125 | VIRUSES: gene_rate=0.000
2021-12-18 21:54:03.056364 | GENERATION: 74 | ERRORS: best=55, median=131.0, diversity=0.345 | INDIVIDUALS: n=200, avg_genome_length=11.275 | VIRUSES: gene_rate=0.000
2021-12-18 21:54:04.333552 | GENERATION: 75 | ERRORS: best=55, median=121.0, diversity=0.31 | INDIVIDUALS: n=200, avg_genome_length=10.53 | VIRUSES: gene_rate=0.000
2021-12-18 21:54:05.578890 | GENERATION: 76 | ERRORS: best=55, median=112.0, diversity=0.265 | INDIVIDUALS: n=200, avg_genome_length=10.16 | VIRUSES: gene_rate=0.000
2021-12-18 21:54:06.900764 | GENERATION: 77 | ERRORS: best=55, median=131.0, diversity=0.31 | INDIVIDUALS: n=200, avg_genome_length=10.02 | VIRUSES: gene_rate=0.000
2021-12-18 21:54:08.117317 | GENERATION: 78 | ERRORS: best=55, median=121.0, diversity=0.295 | INDIVIDUALS: n=200, avg_genome_length=10.5 | VIRUSES: gene_rate=0.000
2021-12-18 21:54:09.457785 | GENERATION: 79 | ERRORS: best=55, median=126.0, diversity=0.315 | INDIVIDUALS: n=200, avg_genome_length=10.44 | VIRUSES: gene_rate=0.000
2021-12-18 21:54:10.710236 | GENERATION: 80 | ERRORS: best=55, median=131.0, diversity=0.35 | INDIVIDUALS: n=200, avg_genome_length=10.155 | VIRUSES: gene_rate=0.000
2021-12-18 21:54:11.843701 | GENERATION: 81 | ERRORS: best=55, median=112.0, diversity=0.23 | INDIVIDUALS: n=200, avg_genome_length=9.675 | VIRUSES: gene_rate=0.000
2021-12-18 21:54:13.042840 | GENERATION: 82 | ERRORS: best=55, median=114.0, diversity=0.205 | INDIVIDUALS: n=200, avg_genome_length=10.35 | VIRUSES: gene_rate=0.000
2021-12-18 21:54:14.293945 | GENERATION: 83 | ERRORS: best=55, median=114.0, diversity=0.275 | INDIVIDUALS: n=200, avg_genome_length=10.805 | VIRUSES: gene_rate=0.000
2021-12-18 21:54:15.575553 | GENERATION: 84 | ERRORS: best=17, median=121.0, diversity=0.305 | INDIVIDUALS: n=200, avg_genome_length=12.73 | VIRUSES: gene_rate=0.000
2021-12-18 21:54:17.314278 | GENERATION: 85 | ERRORS: best=17, median=131.0, diversity=0.355 | INDIVIDUALS: n=200, avg_genome_length=18.06 | VIRUSES: gene_rate=0.000
2021-12-18 21:54:18.864694 | GENERATION: 86 | ERRORS: best=17, median=131.0, diversity=0.315 | INDIVIDUALS: n=200, avg_genome_length=18.02 | VIRUSES: gene_rate=0.000
2021-12-18 21:54:20.453258 | GENERATION: 87 | ERRORS: best=17, median=131.0, diversity=0.355 | INDIVIDUALS: n=200, avg_genome_length=17.34 | VIRUSES: gene_rate=0.000
2021-12-18 21:54:22.075106 | GENERATION: 88 | ERRORS: best=17, median=121.0, diversity=0.29 | INDIVIDUALS: n=200, avg_genome_length=19.355 | VIRUSES: gene_rate=0.000
2021-12-18 21:54:23.759106 | GENERATION: 89 | ERRORS: best=17, median=143.0, diversity=0.39 | INDIVIDUALS: n=200, avg_genome_length=20.4 | VIRUSES: gene_rate=0.000
2021-12-18 21:54:25.396693 | GENERATION: 90 | ERRORS: best=17, median=131.0, diversity=0.38 | INDIVIDUALS: n=200, avg_genome_length=20.09 | VIRUSES: gene_rate=0.000
2021-12-18 21:54:27.256975 | GENERATION: 91 | ERRORS: best=17, median=136.5, diversity=0.37 | INDIVIDUALS: n=200, avg_genome_length=18.885 | VIRUSES: gene_rate=0.000
2021-12-18 21:54:28.946306 | GENERATION: 92 | ERRORS: best=17, median=131.0, diversity=0.355 | INDIVIDUALS: n=200, avg_genome_length=20.46 | VIRUSES: gene_rate=0.000
2021-12-18 21:54:30.816721 | GENERATION: 93 | ERRORS: best=17, median=131.0, diversity=0.35 | INDIVIDUALS: n=200, avg_genome_length=20.875 | VIRUSES: gene_rate=0.000
2021-12-18 21:54:32.624534 | GENERATION: 94 | ERRORS: best=17, median=131.0, diversity=0.37 | INDIVIDUALS: n=200, avg_genome_length=19.96 | VIRUSES: gene_rate=0.000
2021-12-18 21:54:34.333387 | GENERATION: 95 | ERRORS: best=17, median=123.0, diversity=0.34 | INDIVIDUALS: n=200, avg_genome_length=18.51 | VIRUSES: gene_rate=0.000
2021-12-18 21:54:35.990011 | GENERATION: 96 | ERRORS: best=17, median=124.5, diversity=0.33 | INDIVIDUALS: n=200, avg_genome_length=17.87 | VIRUSES: gene_rate=0.000
2021-12-18 21:54:37.787223 | GENERATION: 97 | ERRORS: best=17, median=121.0, diversity=0.385 | INDIVIDUALS: n=200, avg_genome_length=17.63 | VIRUSES: gene_rate=0.000
2021-12-18 21:54:39.574077 | GENERATION: 98 | ERRORS: best=17, median=121.0, diversity=0.34 | INDIVIDUALS: n=200, avg_genome_length=19.3 | VIRUSES: gene_rate=0.000
2021-12-18 21:54:41.368388 | GENERATION: 99 | ERRORS: best=17, median=126.5, diversity=0.37 | INDIVIDUALS: n=200, avg_genome_length=17.94 | VIRUSES: gene_rate=0.000
2021-12-18 21:54:43.197423 | GENERATION: 100 | ERRORS: best=17, median=143.0, diversity=0.35 | INDIVIDUALS: n=200, avg_genome_length=16.225 | VIRUSES: gene_rate=0.000
2021-12-18 21:54:44.993217 | GENERATION: 101 | ERRORS: best=17, median=131.0, diversity=0.36 | INDIVIDUALS: n=200, avg_genome_length=15.785 | VIRUSES: gene_rate=0.000
2021-12-18 21:54:46.504701 | GENERATION: 102 | ERRORS: best=17, median=126.5, diversity=0.365 | INDIVIDUALS: n=200, avg_genome_length=14.875 | VIRUSES: gene_rate=0.000
2021-12-18 21:54:48.272287 | GENERATION: 103 | ERRORS: best=17, median=121.0, diversity=0.325 | INDIVIDUALS: n=200, avg_genome_length=14.95 | VIRUSES: gene_rate=0.000
2021-12-18 21:54:49.647422 | GENERATION: 104 | ERRORS: best=17, median=121.0, diversity=0.32 | INDIVIDUALS: n=200, avg_genome_length=13.555 | VIRUSES: gene_rate=0.000
2021-12-18 21:54:51.044481 | GENERATION: 105 | ERRORS: best=17, median=122.0, diversity=0.325 | INDIVIDUALS: n=200, avg_genome_length=13.705 | VIRUSES: gene_rate=0.000
2021-12-18 21:54:52.437213 | GENERATION: 106 | ERRORS: best=17, median=121.0, diversity=0.325 | INDIVIDUALS: n=200, avg_genome_length=12.925 | VIRUSES: gene_rate=0.000
2021-12-18 21:54:53.905528 | GENERATION: 107 | ERRORS: best=17, median=131.0, diversity=0.29 | INDIVIDUALS: n=200, avg_genome_length=13.485 | VIRUSES: gene_rate=0.000
2021-12-18 21:54:55.257596 | GENERATION: 108 | ERRORS: best=17, median=122.5, diversity=0.29 | INDIVIDUALS: n=200, avg_genome_length=12.84 | VIRUSES: gene_rate=0.000
2021-12-18 21:54:56.754046 | GENERATION: 109 | ERRORS: best=17, median=131.0, diversity=0.325 | INDIVIDUALS: n=200, avg_genome_length=13.41 | VIRUSES: gene_rate=0.000
2021-12-18 21:54:58.319356 | GENERATION: 110 | ERRORS: best=17, median=121.0, diversity=0.31 | INDIVIDUALS: n=200, avg_genome_length=12.175 | VIRUSES: gene_rate=0.000
2021-12-18 21:54:59.773184 | GENERATION: 111 | ERRORS: best=17, median=131.0, diversity=0.325 | INDIVIDUALS: n=200, avg_genome_length=13.02 | VIRUSES: gene_rate=0.000
2021-12-18 21:55:01.103891 | GENERATION: 112 | ERRORS: best=17, median=119.5, diversity=0.27 | INDIVIDUALS: n=200, avg_genome_length=11.23 | VIRUSES: gene_rate=0.000
2021-12-18 21:55:03.398827 | GENERATION: 113 | ERRORS: best=17, median=121.0, diversity=0.3 | INDIVIDUALS: n=200, avg_genome_length=12.42 | VIRUSES: gene_rate=0.000
2021-12-18 21:55:04.934142 | GENERATION: 114 | ERRORS: best=17, median=121.0, diversity=0.31 | INDIVIDUALS: n=200, avg_genome_length=12.41 | VIRUSES: gene_rate=0.000
2021-12-18 21:55:06.384236 | GENERATION: 115 | ERRORS: best=17, median=137.0, diversity=0.355 | INDIVIDUALS: n=200, avg_genome_length=12.925 | VIRUSES: gene_rate=0.000
2021-12-18 21:55:08.120680 | GENERATION: 116 | ERRORS: best=17, median=162.0, diversity=0.36 | INDIVIDUALS: n=200, avg_genome_length=13.695 | VIRUSES: gene_rate=0.000
2021-12-18 21:55:09.521140 | GENERATION: 117 | ERRORS: best=17, median=131.0, diversity=0.295 | INDIVIDUALS: n=200, avg_genome_length=12.415 | VIRUSES: gene_rate=0.000
2021-12-18 21:55:11.025256 | GENERATION: 118 | ERRORS: best=17, median=142.0, diversity=0.34 | INDIVIDUALS: n=200, avg_genome_length=12.105 | VIRUSES: gene_rate=0.000
2021-12-18 21:55:12.588709 | GENERATION: 119 | ERRORS: best=17, median=131.0, diversity=0.275 | INDIVIDUALS: n=200, avg_genome_length=12.055 | VIRUSES: gene_rate=0.000
2021-12-18 21:55:13.991557 | GENERATION: 120 | ERRORS: best=17, median=131.0, diversity=0.33 | INDIVIDUALS: n=200, avg_genome_length=11.605 | VIRUSES: gene_rate=0.000
2021-12-18 21:55:15.496115 | GENERATION: 121 | ERRORS: best=17, median=121.0, diversity=0.29 | INDIVIDUALS: n=200, avg_genome_length=11.445 | VIRUSES: gene_rate=0.000
2021-12-18 21:55:17.061291 | GENERATION: 122 | ERRORS: best=17, median=131.0, diversity=0.305 | INDIVIDUALS: n=200, avg_genome_length=11.915 | VIRUSES: gene_rate=0.000
2021-12-18 21:55:18.374716 | GENERATION: 123 | ERRORS: best=17, median=121.0, diversity=0.29 | INDIVIDUALS: n=200, avg_genome_length=11.905 | VIRUSES: gene_rate=0.000
2021-12-18 21:55:19.652146 | GENERATION: 124 | ERRORS: best=17, median=121.0, diversity=0.24 | INDIVIDUALS: n=200, avg_genome_length=10.98 | VIRUSES: gene_rate=0.000
2021-12-18 21:55:21.160770 | GENERATION: 125 | ERRORS: best=17, median=131.0, diversity=0.31 | INDIVIDUALS: n=200, avg_genome_length=12.16 | VIRUSES: gene_rate=0.000
2021-12-18 21:55:22.472719 | GENERATION: 126 | ERRORS: best=17, median=121.0, diversity=0.325 | INDIVIDUALS: n=200, avg_genome_length=11.765 | VIRUSES: gene_rate=0.000
2021-12-18 21:55:24.274094 | GENERATION: 127 | ERRORS: best=17, median=131.0, diversity=0.365 | INDIVIDUALS: n=200, avg_genome_length=13.75 | VIRUSES: gene_rate=0.000
2021-12-18 21:55:25.938390 | GENERATION: 128 | ERRORS: best=17, median=131.0, diversity=0.355 | INDIVIDUALS: n=200, avg_genome_length=14.71 | VIRUSES: gene_rate=0.000
2021-12-18 21:55:27.595462 | GENERATION: 129 | ERRORS: best=17, median=126.0, diversity=0.34 | INDIVIDUALS: n=200, avg_genome_length=14.21 | VIRUSES: gene_rate=0.000
2021-12-18 21:55:29.104643 | GENERATION: 130 | ERRORS: best=17, median=130.5, diversity=0.28 | INDIVIDUALS: n=200, avg_genome_length=13.205 | VIRUSES: gene_rate=0.000
2021-12-18 21:55:30.749515 | GENERATION: 131 | ERRORS: best=17, median=121.0, diversity=0.315 | INDIVIDUALS: n=200, avg_genome_length=14.015 | VIRUSES: gene_rate=0.000
2021-12-18 21:55:32.353610 | GENERATION: 132 | ERRORS: best=17, median=131.0, diversity=0.36 | INDIVIDUALS: n=200, avg_genome_length=14.295 | VIRUSES: gene_rate=0.000
2021-12-18 21:55:34.206083 | GENERATION: 133 | ERRORS: best=17, median=131.0, diversity=0.385 | INDIVIDUALS: n=200, avg_genome_length=14.745 | VIRUSES: gene_rate=0.000
2021-12-18 21:55:35.904783 | GENERATION: 134 | ERRORS: best=17, median=131.0, diversity=0.325 | INDIVIDUALS: n=200, avg_genome_length=14.38 | VIRUSES: gene_rate=0.000
2021-12-18 21:55:37.427124 | GENERATION: 135 | ERRORS: best=17, median=127.5, diversity=0.33 | INDIVIDUALS: n=200, avg_genome_length=13.455 | VIRUSES: gene_rate=0.000
2021-12-18 21:55:39.132889 | GENERATION: 136 | ERRORS: best=17, median=131.0, diversity=0.305 | INDIVIDUALS: n=200, avg_genome_length=16.63 | VIRUSES: gene_rate=0.000
2021-12-18 21:55:40.783448 | GENERATION: 137 | ERRORS: best=14, median=131.0, diversity=0.405 | INDIVIDUALS: n=200, avg_genome_length=17.595 | VIRUSES: gene_rate=0.000
2021-12-18 21:55:42.312561 | GENERATION: 138 | ERRORS: best=14, median=121.5, diversity=0.36 | INDIVIDUALS: n=200, avg_genome_length=16.36 | VIRUSES: gene_rate=0.000
2021-12-18 21:55:43.983561 | GENERATION: 139 | ERRORS: best=14, median=131.0, diversity=0.38 | INDIVIDUALS: n=200, avg_genome_length=16.165 | VIRUSES: gene_rate=0.000
2021-12-18 21:55:45.697635 | GENERATION: 140 | ERRORS: best=14, median=125.5, diversity=0.375 | INDIVIDUALS: n=200, avg_genome_length=15.725 | VIRUSES: gene_rate=0.000
2021-12-18 21:55:47.330549 | GENERATION: 141 | ERRORS: best=14, median=142.0, diversity=0.385 | INDIVIDUALS: n=200, avg_genome_length=15.665 | VIRUSES: gene_rate=0.000
2021-12-18 21:55:48.991691 | GENERATION: 142 | ERRORS: best=14, median=131.0, diversity=0.35 | INDIVIDUALS: n=200, avg_genome_length=16.22 | VIRUSES: gene_rate=0.000
2021-12-18 21:55:50.888928 | GENERATION: 143 | ERRORS: best=14, median=131.0, diversity=0.38 | INDIVIDUALS: n=200, avg_genome_length=16.67 | VIRUSES: gene_rate=0.000
2021-12-18 21:55:53.178126 | GENERATION: 144 | ERRORS: best=14, median=131.0, diversity=0.41 | INDIVIDUALS: n=200, avg_genome_length=16.835 | VIRUSES: gene_rate=0.000
2021-12-18 21:55:54.875924 | GENERATION: 145 | ERRORS: best=14, median=144.0, diversity=0.405 | INDIVIDUALS: n=200, avg_genome_length=17.51 | VIRUSES: gene_rate=0.000
2021-12-18 21:55:56.594064 | GENERATION: 146 | ERRORS: best=14, median=135.0, diversity=0.375 | INDIVIDUALS: n=200, avg_genome_length=19.06 | VIRUSES: gene_rate=0.000
2021-12-18 21:55:58.498180 | GENERATION: 147 | ERRORS: best=14, median=141.5, diversity=0.4 | INDIVIDUALS: n=200, avg_genome_length=19.52 | VIRUSES: gene_rate=0.000
2021-12-18 21:56:00.333434 | GENERATION: 148 | ERRORS: best=14, median=147.5, diversity=0.445 | INDIVIDUALS: n=200, avg_genome_length=19.65 | VIRUSES: gene_rate=0.000
2021-12-18 21:56:02.240076 | GENERATION: 149 | ERRORS: best=14, median=131.0, diversity=0.435 | INDIVIDUALS: n=200, avg_genome_length=19.205 | VIRUSES: gene_rate=0.000
2021-12-18 21:56:04.208979 | GENERATION: 150 | ERRORS: best=14, median=150.0, diversity=0.43 | INDIVIDUALS: n=200, avg_genome_length=20.81 | VIRUSES: gene_rate=0.000
2021-12-18 21:56:06.112884 | GENERATION: 151 | ERRORS: best=14, median=144.5, diversity=0.44 | INDIVIDUALS: n=200, avg_genome_length=21.235 | VIRUSES: gene_rate=0.000
2021-12-18 21:56:08.068772 | GENERATION: 152 | ERRORS: best=14, median=135.5, diversity=0.41 | INDIVIDUALS: n=200, avg_genome_length=20.68 | VIRUSES: gene_rate=0.000
2021-12-18 21:56:10.221352 | GENERATION: 153 | ERRORS: best=14, median=135.5, diversity=0.405 | INDIVIDUALS: n=200, avg_genome_length=21.57 | VIRUSES: gene_rate=0.000
2021-12-18 21:56:12.093053 | GENERATION: 154 | ERRORS: best=14, median=150.0, diversity=0.445 | INDIVIDUALS: n=200, avg_genome_length=20.485 | VIRUSES: gene_rate=0.000
2021-12-18 21:56:13.938370 | GENERATION: 155 | ERRORS: best=14, median=151.0, diversity=0.505 | INDIVIDUALS: n=200, avg_genome_length=21.35 | VIRUSES: gene_rate=0.000
2021-12-18 21:56:15.807246 | GENERATION: 156 | ERRORS: best=14, median=143.0, diversity=0.42 | INDIVIDUALS: n=200, avg_genome_length=18.96 | VIRUSES: gene_rate=0.000
2021-12-18 21:56:17.412456 | GENERATION: 157 | ERRORS: best=14, median=151.0, diversity=0.45 | INDIVIDUALS: n=200, avg_genome_length=17.895 | VIRUSES: gene_rate=0.000
2021-12-18 21:56:18.872595 | GENERATION: 158 | ERRORS: best=14, median=150.0, diversity=0.42 | INDIVIDUALS: n=200, avg_genome_length=15.77 | VIRUSES: gene_rate=0.000
2021-12-18 21:56:20.493539 | GENERATION: 159 | ERRORS: best=14, median=148.0, diversity=0.42 | INDIVIDUALS: n=200, avg_genome_length=15.91 | VIRUSES: gene_rate=0.000
2021-12-18 21:56:22.126447 | GENERATION: 160 | ERRORS: best=14, median=131.0, diversity=0.35 | INDIVIDUALS: n=200, avg_genome_length=15.355 | VIRUSES: gene_rate=0.000
2021-12-18 21:56:23.738371 | GENERATION: 161 | ERRORS: best=14, median=131.0, diversity=0.385 | INDIVIDUALS: n=200, avg_genome_length=15.325 | VIRUSES: gene_rate=0.000
2021-12-18 21:56:25.325848 | GENERATION: 162 | ERRORS: best=14, median=129.5, diversity=0.43 | INDIVIDUALS: n=200, avg_genome_length=14.965 | VIRUSES: gene_rate=0.000
2021-12-18 21:56:26.916249 | GENERATION: 163 | ERRORS: best=14, median=131.0, diversity=0.43 | INDIVIDUALS: n=200, avg_genome_length=14.615 | VIRUSES: gene_rate=0.000
2021-12-18 21:56:28.531404 | GENERATION: 164 | ERRORS: best=25, median=140.0, diversity=0.42 | INDIVIDUALS: n=200, avg_genome_length=14.865 | VIRUSES: gene_rate=0.000
2021-12-18 21:56:31.202824 | GENERATION: 165 | ERRORS: best=25, median=151.0, diversity=0.48 | INDIVIDUALS: n=200, avg_genome_length=14.125 | VIRUSES: gene_rate=0.000
2021-12-18 21:56:33.835380 | GENERATION: 166 | ERRORS: best=47, median=151.0, diversity=0.44 | INDIVIDUALS: n=200, avg_genome_length=13.275 | VIRUSES: gene_rate=0.000
2021-12-18 21:56:35.965188 | GENERATION: 167 | ERRORS: best=47, median=161.0, diversity=0.44 | INDIVIDUALS: n=200, avg_genome_length=13.52 | VIRUSES: gene_rate=0.000
2021-12-18 21:56:37.540433 | GENERATION: 168 | ERRORS: best=47, median=153.5, diversity=0.395 | INDIVIDUALS: n=200, avg_genome_length=13.72 | VIRUSES: gene_rate=0.000
2021-12-18 21:56:39.120620 | GENERATION: 169 | ERRORS: best=47, median=138.0, diversity=0.38 | INDIVIDUALS: n=200, avg_genome_length=13.97 | VIRUSES: gene_rate=0.000
2021-12-18 21:56:40.510371 | GENERATION: 170 | ERRORS: best=47, median=130.0, diversity=0.35 | INDIVIDUALS: n=200, avg_genome_length=13.26 | VIRUSES: gene_rate=0.000
2021-12-18 21:56:42.053825 | GENERATION: 171 | ERRORS: best=47, median=127.5, diversity=0.335 | INDIVIDUALS: n=200, avg_genome_length=13.255 | VIRUSES: gene_rate=0.000
2021-12-18 21:56:43.379706 | GENERATION: 172 | ERRORS: best=47, median=126.5, diversity=0.295 | INDIVIDUALS: n=200, avg_genome_length=11.525 | VIRUSES: gene_rate=0.000
2021-12-18 21:56:44.966204 | GENERATION: 173 | ERRORS: best=47, median=117.5, diversity=0.27 | INDIVIDUALS: n=200, avg_genome_length=11.745 | VIRUSES: gene_rate=0.000
2021-12-18 21:56:46.434668 | GENERATION: 174 | ERRORS: best=47, median=121.0, diversity=0.285 | INDIVIDUALS: n=200, avg_genome_length=12.675 | VIRUSES: gene_rate=0.000
2021-12-18 21:56:48.034152 | GENERATION: 175 | ERRORS: best=47, median=121.0, diversity=0.3 | INDIVIDUALS: n=200, avg_genome_length=11.795 | VIRUSES: gene_rate=0.000
2021-12-18 21:56:49.664748 | GENERATION: 176 | ERRORS: best=47, median=121.0, diversity=0.28 | INDIVIDUALS: n=200, avg_genome_length=11.635 | VIRUSES: gene_rate=0.000
2021-12-18 21:56:51.473344 | GENERATION: 177 | ERRORS: best=47, median=121.0, diversity=0.2 | INDIVIDUALS: n=200, avg_genome_length=11.71 | VIRUSES: gene_rate=0.000
2021-12-18 21:56:52.942541 | GENERATION: 178 | ERRORS: best=47, median=121.0, diversity=0.21 | INDIVIDUALS: n=200, avg_genome_length=10.92 | VIRUSES: gene_rate=0.000
2021-12-18 21:56:54.247535 | GENERATION: 179 | ERRORS: best=47, median=121.0, diversity=0.2 | INDIVIDUALS: n=200, avg_genome_length=10.425 | VIRUSES: gene_rate=0.000
2021-12-18 21:56:55.688831 | GENERATION: 180 | ERRORS: best=47, median=121.0, diversity=0.205 | INDIVIDUALS: n=200, avg_genome_length=9.72 | VIRUSES: gene_rate=0.000
2021-12-18 21:56:57.164584 | GENERATION: 181 | ERRORS: best=47, median=121.0, diversity=0.255 | INDIVIDUALS: n=200, avg_genome_length=9.475 | VIRUSES: gene_rate=0.000
2021-12-18 21:56:58.636864 | GENERATION: 182 | ERRORS: best=47, median=121.0, diversity=0.2 | INDIVIDUALS: n=200, avg_genome_length=9.495 | VIRUSES: gene_rate=0.000
2021-12-18 21:56:59.928145 | GENERATION: 183 | ERRORS: best=47, median=115.5, diversity=0.275 | INDIVIDUALS: n=200, avg_genome_length=10.945 | VIRUSES: gene_rate=0.000
2021-12-18 21:57:01.248366 | GENERATION: 184 | ERRORS: best=47, median=117.0, diversity=0.275 | INDIVIDUALS: n=200, avg_genome_length=11.035 | VIRUSES: gene_rate=0.000
2021-12-18 21:57:02.508633 | GENERATION: 185 | ERRORS: best=47, median=121.0, diversity=0.285 | INDIVIDUALS: n=200, avg_genome_length=10.165 | VIRUSES: gene_rate=0.000
2021-12-18 21:57:03.758337 | GENERATION: 186 | ERRORS: best=47, median=121.0, diversity=0.32 | INDIVIDUALS: n=200, avg_genome_length=10.005 | VIRUSES: gene_rate=0.000
2021-12-18 21:57:05.368502 | GENERATION: 187 | ERRORS: best=47, median=121.0, diversity=0.32 | INDIVIDUALS: n=200, avg_genome_length=10.845 | VIRUSES: gene_rate=0.000
2021-12-18 21:57:06.627437 | GENERATION: 188 | ERRORS: best=47, median=114.0, diversity=0.28 | INDIVIDUALS: n=200, avg_genome_length=9.225 | VIRUSES: gene_rate=0.000
2021-12-18 21:57:07.850638 | GENERATION: 189 | ERRORS: best=47, median=114.0, diversity=0.255 | INDIVIDUALS: n=200, avg_genome_length=8.98 | VIRUSES: gene_rate=0.000
2021-12-18 21:57:09.064993 | GENERATION: 190 | ERRORS: best=47, median=114.0, diversity=0.24 | INDIVIDUALS: n=200, avg_genome_length=8.315 | VIRUSES: gene_rate=0.000
2021-12-18 21:57:10.310019 | GENERATION: 191 | ERRORS: best=47, median=115.5, diversity=0.28 | INDIVIDUALS: n=200, avg_genome_length=8.315 | VIRUSES: gene_rate=0.000
2021-12-18 21:57:11.580332 | GENERATION: 192 | ERRORS: best=47, median=119.0, diversity=0.25 | INDIVIDUALS: n=200, avg_genome_length=7.865 | VIRUSES: gene_rate=0.000
2021-12-18 21:57:12.853193 | GENERATION: 193 | ERRORS: best=47, median=121.0, diversity=0.24 | INDIVIDUALS: n=200, avg_genome_length=7.535 | VIRUSES: gene_rate=0.000
2021-12-18 21:57:14.042735 | GENERATION: 194 | ERRORS: best=47, median=114.0, diversity=0.23 | INDIVIDUALS: n=200, avg_genome_length=7.895 | VIRUSES: gene_rate=0.000
2021-12-18 21:57:15.194005 | GENERATION: 195 | ERRORS: best=47, median=112.0, diversity=0.235 | INDIVIDUALS: n=200, avg_genome_length=8.245 | VIRUSES: gene_rate=0.000
2021-12-18 21:57:16.341608 | GENERATION: 196 | ERRORS: best=47, median=121.0, diversity=0.2 | INDIVIDUALS: n=200, avg_genome_length=8.04 | VIRUSES: gene_rate=0.000
2021-12-18 21:57:17.601855 | GENERATION: 197 | ERRORS: best=47, median=115.0, diversity=0.255 | INDIVIDUALS: n=200, avg_genome_length=8.64 | VIRUSES: gene_rate=0.000
2021-12-18 21:57:18.873041 | GENERATION: 198 | ERRORS: best=47, median=114.0, diversity=0.235 | INDIVIDUALS: n=200, avg_genome_length=8.975 | VIRUSES: gene_rate=0.000
2021-12-18 21:57:20.163428 | GENERATION: 199 | ERRORS: best=47, median=114.0, diversity=0.255 | INDIVIDUALS: n=200, avg_genome_length=8.8 | VIRUSES: gene_rate=0.000
2021-12-18 21:57:21.544253 | GENERATION: 200 | ERRORS: best=47, median=112.0, diversity=0.235 | INDIVIDUALS: n=200, avg_genome_length=8.68 | VIRUSES: gene_rate=0.000
2021-12-18 21:57:22.847702 | GENERATION: 201 | ERRORS: best=47, median=114.0, diversity=0.245 | INDIVIDUALS: n=200, avg_genome_length=9.07 | VIRUSES: gene_rate=0.000
2021-12-18 21:57:24.050553 | GENERATION: 202 | ERRORS: best=47, median=110.0, diversity=0.23 | INDIVIDUALS: n=200, avg_genome_length=8.515 | VIRUSES: gene_rate=0.000
2021-12-18 21:57:25.268777 | GENERATION: 203 | ERRORS: best=47, median=114.0, diversity=0.235 | INDIVIDUALS: n=200, avg_genome_length=9.16 | VIRUSES: gene_rate=0.000
2021-12-18 21:57:26.527241 | GENERATION: 204 | ERRORS: best=47, median=120.5, diversity=0.28 | INDIVIDUALS: n=200, avg_genome_length=9.235 | VIRUSES: gene_rate=0.000
2021-12-18 21:57:27.896569 | GENERATION: 205 | ERRORS: best=47, median=112.0, diversity=0.225 | INDIVIDUALS: n=200, avg_genome_length=8.205 | VIRUSES: gene_rate=0.000
2021-12-18 21:57:29.169004 | GENERATION: 206 | ERRORS: best=47, median=112.0, diversity=0.29 | INDIVIDUALS: n=200, avg_genome_length=8.895 | VIRUSES: gene_rate=0.000
2021-12-18 21:57:30.688264 | GENERATION: 207 | ERRORS: best=47, median=114.0, diversity=0.27 | INDIVIDUALS: n=200, avg_genome_length=9.425 | VIRUSES: gene_rate=0.000
2021-12-18 21:57:31.902178 | GENERATION: 208 | ERRORS: best=47, median=112.0, diversity=0.245 | INDIVIDUALS: n=200, avg_genome_length=9.03 | VIRUSES: gene_rate=0.000
2021-12-18 21:57:33.499626 | GENERATION: 209 | ERRORS: best=47, median=121.0, diversity=0.25 | INDIVIDUALS: n=200, avg_genome_length=8.41 | VIRUSES: gene_rate=0.000
2021-12-18 21:57:34.701192 | GENERATION: 210 | ERRORS: best=47, median=121.0, diversity=0.205 | INDIVIDUALS: n=200, avg_genome_length=8.84 | VIRUSES: gene_rate=0.000
2021-12-18 21:57:36.033141 | GENERATION: 211 | ERRORS: best=47, median=114.0, diversity=0.235 | INDIVIDUALS: n=200, avg_genome_length=9.925 | VIRUSES: gene_rate=0.000
2021-12-18 21:57:37.304874 | GENERATION: 212 | ERRORS: best=47, median=114.0, diversity=0.22 | INDIVIDUALS: n=200, avg_genome_length=9.825 | VIRUSES: gene_rate=0.000
2021-12-18 21:57:38.579210 | GENERATION: 213 | ERRORS: best=47, median=117.0, diversity=0.205 | INDIVIDUALS: n=200, avg_genome_length=9.32 | VIRUSES: gene_rate=0.000
2021-12-18 21:57:39.852424 | GENERATION: 214 | ERRORS: best=47, median=121.0, diversity=0.21 | INDIVIDUALS: n=200, avg_genome_length=8.5 | VIRUSES: gene_rate=0.000
2021-12-18 21:57:41.294150 | GENERATION: 215 | ERRORS: best=47, median=121.0, diversity=0.23 | INDIVIDUALS: n=200, avg_genome_length=8.535 | VIRUSES: gene_rate=0.000
2021-12-18 21:57:42.573486 | GENERATION: 216 | ERRORS: best=47, median=121.0, diversity=0.225 | INDIVIDUALS: n=200, avg_genome_length=9.21 | VIRUSES: gene_rate=0.000
2021-12-18 21:57:43.821723 | GENERATION: 217 | ERRORS: best=47, median=114.0, diversity=0.225 | INDIVIDUALS: n=200, avg_genome_length=9.23 | VIRUSES: gene_rate=0.000
2021-12-18 21:57:45.353201 | GENERATION: 218 | ERRORS: best=47, median=114.0, diversity=0.195 | INDIVIDUALS: n=200, avg_genome_length=9.585 | VIRUSES: gene_rate=0.000
2021-12-18 21:57:46.637832 | GENERATION: 219 | ERRORS: best=47, median=112.0, diversity=0.205 | INDIVIDUALS: n=200, avg_genome_length=9.7 | VIRUSES: gene_rate=0.000
2021-12-18 21:57:47.941797 | GENERATION: 220 | ERRORS: best=47, median=114.0, diversity=0.215 | INDIVIDUALS: n=200, avg_genome_length=8.955 | VIRUSES: gene_rate=0.000
2021-12-18 21:57:49.407456 | GENERATION: 221 | ERRORS: best=47, median=114.0, diversity=0.205 | INDIVIDUALS: n=200, avg_genome_length=9.785 | VIRUSES: gene_rate=0.000
2021-12-18 21:57:50.810059 | GENERATION: 222 | ERRORS: best=47, median=112.0, diversity=0.235 | INDIVIDUALS: n=200, avg_genome_length=9.59 | VIRUSES: gene_rate=0.000
2021-12-18 21:57:52.232948 | GENERATION: 223 | ERRORS: best=47, median=112.0, diversity=0.225 | INDIVIDUALS: n=200, avg_genome_length=11.205 | VIRUSES: gene_rate=0.000
2021-12-18 21:57:53.744957 | GENERATION: 224 | ERRORS: best=47, median=114.0, diversity=0.265 | INDIVIDUALS: n=200, avg_genome_length=11.715 | VIRUSES: gene_rate=0.000
2021-12-18 21:57:55.174160 | GENERATION: 225 | ERRORS: best=47, median=112.0, diversity=0.235 | INDIVIDUALS: n=200, avg_genome_length=11.535 | VIRUSES: gene_rate=0.000
2021-12-18 21:57:56.530896 | GENERATION: 226 | ERRORS: best=47, median=112.0, diversity=0.235 | INDIVIDUALS: n=200, avg_genome_length=11.32 | VIRUSES: gene_rate=0.000
2021-12-18 21:57:57.946051 | GENERATION: 227 | ERRORS: best=47, median=114.0, diversity=0.28 | INDIVIDUALS: n=200, avg_genome_length=12.09 | VIRUSES: gene_rate=0.000
2021-12-18 21:57:59.428796 | GENERATION: 228 | ERRORS: best=47, median=121.0, diversity=0.31 | INDIVIDUALS: n=200, avg_genome_length=12.205 | VIRUSES: gene_rate=0.000
2021-12-18 21:58:01.057730 | GENERATION: 229 | ERRORS: best=47, median=121.0, diversity=0.325 | INDIVIDUALS: n=200, avg_genome_length=13.53 | VIRUSES: gene_rate=0.000
2021-12-18 21:58:02.527616 | GENERATION: 230 | ERRORS: best=47, median=121.0, diversity=0.27 | INDIVIDUALS: n=200, avg_genome_length=13.45 | VIRUSES: gene_rate=0.000
2021-12-18 21:58:04.379916 | GENERATION: 231 | ERRORS: best=47, median=121.0, diversity=0.305 | INDIVIDUALS: n=200, avg_genome_length=13.505 | VIRUSES: gene_rate=0.000
2021-12-18 21:58:05.994864 | GENERATION: 232 | ERRORS: best=47, median=110.0, diversity=0.295 | INDIVIDUALS: n=200, avg_genome_length=13.425 | VIRUSES: gene_rate=0.000
2021-12-18 21:58:07.593149 | GENERATION: 233 | ERRORS: best=47, median=121.0, diversity=0.325 | INDIVIDUALS: n=200, avg_genome_length=13.695 | VIRUSES: gene_rate=0.000
2021-12-18 21:58:09.515706 | GENERATION: 234 | ERRORS: best=47, median=121.0, diversity=0.325 | INDIVIDUALS: n=200, avg_genome_length=13.905 | VIRUSES: gene_rate=0.000
2021-12-18 21:58:10.996335 | GENERATION: 235 | ERRORS: best=47, median=121.0, diversity=0.315 | INDIVIDUALS: n=200, avg_genome_length=13.6 | VIRUSES: gene_rate=0.000
2021-12-18 21:58:12.503383 | GENERATION: 236 | ERRORS: best=47, median=121.0, diversity=0.3 | INDIVIDUALS: n=200, avg_genome_length=12.98 | VIRUSES: gene_rate=0.000
2021-12-18 21:58:13.965088 | GENERATION: 237 | ERRORS: best=47, median=114.0, diversity=0.26 | INDIVIDUALS: n=200, avg_genome_length=12.195 | VIRUSES: gene_rate=0.000
2021-12-18 21:58:15.302462 | GENERATION: 238 | ERRORS: best=47, median=121.0, diversity=0.18 | INDIVIDUALS: n=200, avg_genome_length=11.24 | VIRUSES: gene_rate=0.000
2021-12-18 21:58:16.692413 | GENERATION: 239 | ERRORS: best=47, median=121.0, diversity=0.23 | INDIVIDUALS: n=200, avg_genome_length=12.19 | VIRUSES: gene_rate=0.000
2021-12-18 21:58:18.124418 | GENERATION: 240 | ERRORS: best=47, median=120.0, diversity=0.24 | INDIVIDUALS: n=200, avg_genome_length=11.085 | VIRUSES: gene_rate=0.000
2021-12-18 21:58:19.587799 | GENERATION: 241 | ERRORS: best=47, median=114.0, diversity=0.235 | INDIVIDUALS: n=200, avg_genome_length=10.935 | VIRUSES: gene_rate=0.000
2021-12-18 21:58:20.967512 | GENERATION: 242 | ERRORS: best=47, median=121.0, diversity=0.265 | INDIVIDUALS: n=200, avg_genome_length=10.655 | VIRUSES: gene_rate=0.000
2021-12-18 21:58:22.308641 | GENERATION: 243 | ERRORS: best=47, median=114.0, diversity=0.23 | INDIVIDUALS: n=200, avg_genome_length=10.21 | VIRUSES: gene_rate=0.000
2021-12-18 21:58:23.863502 | GENERATION: 244 | ERRORS: best=47, median=112.0, diversity=0.185 | INDIVIDUALS: n=200, avg_genome_length=9.675 | VIRUSES: gene_rate=0.000
2021-12-18 21:58:25.244134 | GENERATION: 245 | ERRORS: best=47, median=121.0, diversity=0.225 | INDIVIDUALS: n=200, avg_genome_length=8.71 | VIRUSES: gene_rate=0.000
2021-12-18 21:58:26.436003 | GENERATION: 246 | ERRORS: best=47, median=112.0, diversity=0.175 | INDIVIDUALS: n=200, avg_genome_length=8.46 | VIRUSES: gene_rate=0.000
2021-12-18 21:58:27.885031 | GENERATION: 247 | ERRORS: best=47, median=114.0, diversity=0.265 | INDIVIDUALS: n=200, avg_genome_length=9.69 | VIRUSES: gene_rate=0.000
2021-12-18 21:58:29.133663 | GENERATION: 248 | ERRORS: best=47, median=114.5, diversity=0.27 | INDIVIDUALS: n=200, avg_genome_length=10.065 | VIRUSES: gene_rate=0.000
2021-12-18 21:58:30.397503 | GENERATION: 249 | ERRORS: best=47, median=112.0, diversity=0.185 | INDIVIDUALS: n=200, avg_genome_length=8.27 | VIRUSES: gene_rate=0.000
2021-12-18 21:58:31.639088 | GENERATION: 250 | ERRORS: best=47, median=121.0, diversity=0.21 | INDIVIDUALS: n=200, avg_genome_length=8.69 | VIRUSES: gene_rate=0.000
2021-12-18 21:58:32.868889 | GENERATION: 251 | ERRORS: best=47, median=121.0, diversity=0.205 | INDIVIDUALS: n=200, avg_genome_length=8.68 | VIRUSES: gene_rate=0.000
2021-12-18 21:58:34.200294 | GENERATION: 252 | ERRORS: best=47, median=117.0, diversity=0.2 | INDIVIDUALS: n=200, avg_genome_length=9.17 | VIRUSES: gene_rate=0.000
2021-12-18 21:58:35.415507 | GENERATION: 253 | ERRORS: best=47, median=121.0, diversity=0.215 | INDIVIDUALS: n=200, avg_genome_length=8.395 | VIRUSES: gene_rate=0.000
2021-12-18 21:58:36.590260 | GENERATION: 254 | ERRORS: best=47, median=114.0, diversity=0.23 | INDIVIDUALS: n=200, avg_genome_length=8.56 | VIRUSES: gene_rate=0.000
2021-12-18 21:58:37.862032 | GENERATION: 255 | ERRORS: best=47, median=121.0, diversity=0.245 | INDIVIDUALS: n=200, avg_genome_length=9.33 | VIRUSES: gene_rate=0.000
2021-12-18 21:58:39.152058 | GENERATION: 256 | ERRORS: best=47, median=121.0, diversity=0.25 | INDIVIDUALS: n=200, avg_genome_length=9.83 | VIRUSES: gene_rate=0.000
2021-12-18 21:58:40.428203 | GENERATION: 257 | ERRORS: best=47, median=121.0, diversity=0.19 | INDIVIDUALS: n=200, avg_genome_length=10.03 | VIRUSES: gene_rate=0.000
2021-12-18 21:58:41.682514 | GENERATION: 258 | ERRORS: best=47, median=110.0, diversity=0.255 | INDIVIDUALS: n=200, avg_genome_length=9.485 | VIRUSES: gene_rate=0.000
2021-12-18 21:58:43.079290 | GENERATION: 259 | ERRORS: best=47, median=115.5, diversity=0.29 | INDIVIDUALS: n=200, avg_genome_length=9.81 | VIRUSES: gene_rate=0.000
2021-12-18 21:58:44.325140 | GENERATION: 260 | ERRORS: best=47, median=114.0, diversity=0.205 | INDIVIDUALS: n=200, avg_genome_length=10.015 | VIRUSES: gene_rate=0.000
2021-12-18 21:58:45.666050 | GENERATION: 261 | ERRORS: best=47, median=114.0, diversity=0.25 | INDIVIDUALS: n=200, avg_genome_length=10.29 | VIRUSES: gene_rate=0.000
2021-12-18 21:58:46.973104 | GENERATION: 262 | ERRORS: best=47, median=111.5, diversity=0.185 | INDIVIDUALS: n=200, avg_genome_length=9.635 | VIRUSES: gene_rate=0.000
2021-12-18 21:58:48.185219 | GENERATION: 263 | ERRORS: best=47, median=121.0, diversity=0.27 | INDIVIDUALS: n=200, avg_genome_length=9.725 | VIRUSES: gene_rate=0.000
2021-12-18 21:58:49.448608 | GENERATION: 264 | ERRORS: best=47, median=113.0, diversity=0.245 | INDIVIDUALS: n=200, avg_genome_length=10.1 | VIRUSES: gene_rate=0.000
2021-12-18 21:58:50.691257 | GENERATION: 265 | ERRORS: best=47, median=111.0, diversity=0.185 | INDIVIDUALS: n=200, avg_genome_length=9.86 | VIRUSES: gene_rate=0.000
2021-12-18 21:58:52.118044 | GENERATION: 266 | ERRORS: best=47, median=113.0, diversity=0.27 | INDIVIDUALS: n=200, avg_genome_length=9.645 | VIRUSES: gene_rate=0.000
2021-12-18 21:58:53.368934 | GENERATION: 267 | ERRORS: best=47, median=114.0, diversity=0.27 | INDIVIDUALS: n=200, avg_genome_length=9.74 | VIRUSES: gene_rate=0.000
2021-12-18 21:58:54.708364 | GENERATION: 268 | ERRORS: best=47, median=121.0, diversity=0.245 | INDIVIDUALS: n=200, avg_genome_length=9.495 | VIRUSES: gene_rate=0.000
2021-12-18 21:58:55.993234 | GENERATION: 269 | ERRORS: best=47, median=121.0, diversity=0.245 | INDIVIDUALS: n=200, avg_genome_length=10.095 | VIRUSES: gene_rate=0.000
2021-12-18 21:58:57.268956 | GENERATION: 270 | ERRORS: best=47, median=117.5, diversity=0.26 | INDIVIDUALS: n=200, avg_genome_length=9.975 | VIRUSES: gene_rate=0.000
2021-12-18 21:58:58.842174 | GENERATION: 271 | ERRORS: best=47, median=116.5, diversity=0.27 | INDIVIDUALS: n=200, avg_genome_length=9.445 | VIRUSES: gene_rate=0.000
2021-12-18 21:59:00.232511 | GENERATION: 272 | ERRORS: best=47, median=121.0, diversity=0.3 | INDIVIDUALS: n=200, avg_genome_length=9.07 | VIRUSES: gene_rate=0.000
2021-12-18 21:59:01.606278 | GENERATION: 273 | ERRORS: best=47, median=127.5, diversity=0.25 | INDIVIDUALS: n=200, avg_genome_length=8.58 | VIRUSES: gene_rate=0.000
2021-12-18 21:59:03.046086 | GENERATION: 274 | ERRORS: best=47, median=121.0, diversity=0.27 | INDIVIDUALS: n=200, avg_genome_length=8.9 | VIRUSES: gene_rate=0.000
2021-12-18 21:59:04.708759 | GENERATION: 275 | ERRORS: best=47, median=121.0, diversity=0.245 | INDIVIDUALS: n=200, avg_genome_length=9.71 | VIRUSES: gene_rate=0.000
2021-12-18 21:59:05.964346 | GENERATION: 276 | ERRORS: best=47, median=115.5, diversity=0.265 | INDIVIDUALS: n=200, avg_genome_length=9.63 | VIRUSES: gene_rate=0.000
2021-12-18 21:59:07.337410 | GENERATION: 277 | ERRORS: best=47, median=112.0, diversity=0.24 | INDIVIDUALS: n=200, avg_genome_length=9.55 | VIRUSES: gene_rate=0.000
2021-12-18 21:59:08.607425 | GENERATION: 278 | ERRORS: best=47, median=121.0, diversity=0.245 | INDIVIDUALS: n=200, avg_genome_length=9.91 | VIRUSES: gene_rate=0.000
2021-12-18 21:59:09.916528 | GENERATION: 279 | ERRORS: best=47, median=114.0, diversity=0.255 | INDIVIDUALS: n=200, avg_genome_length=9.475 | VIRUSES: gene_rate=0.000
2021-12-18 21:59:11.168824 | GENERATION: 280 | ERRORS: best=47, median=121.0, diversity=0.295 | INDIVIDUALS: n=200, avg_genome_length=9.005 | VIRUSES: gene_rate=0.000
2021-12-18 21:59:12.425138 | GENERATION: 281 | ERRORS: best=47, median=121.0, diversity=0.215 | INDIVIDUALS: n=200, avg_genome_length=9.175 | VIRUSES: gene_rate=0.000
2021-12-18 21:59:13.842012 | GENERATION: 282 | ERRORS: best=47, median=121.0, diversity=0.22 | INDIVIDUALS: n=200, avg_genome_length=9.79 | VIRUSES: gene_rate=0.000
2021-12-18 21:59:15.476312 | GENERATION: 283 | ERRORS: best=47, median=114.0, diversity=0.265 | INDIVIDUALS: n=200, avg_genome_length=10.515 | VIRUSES: gene_rate=0.000
2021-12-18 21:59:17.231474 | GENERATION: 284 | ERRORS: best=47, median=131.0, diversity=0.265 | INDIVIDUALS: n=200, avg_genome_length=9.715 | VIRUSES: gene_rate=0.000
2021-12-18 21:59:18.550586 | GENERATION: 285 | ERRORS: best=47, median=114.0, diversity=0.27 | INDIVIDUALS: n=200, avg_genome_length=9.195 | VIRUSES: gene_rate=0.000
2021-12-18 21:59:19.828097 | GENERATION: 286 | ERRORS: best=47, median=114.0, diversity=0.255 | INDIVIDUALS: n=200, avg_genome_length=9.02 | VIRUSES: gene_rate=0.000
2021-12-18 21:59:21.342718 | GENERATION: 287 | ERRORS: best=47, median=114.0, diversity=0.235 | INDIVIDUALS: n=200, avg_genome_length=9.96 | VIRUSES: gene_rate=0.000
2021-12-18 21:59:22.587909 | GENERATION: 288 | ERRORS: best=47, median=113.0, diversity=0.17 | INDIVIDUALS: n=200, avg_genome_length=9.72 | VIRUSES: gene_rate=0.000
2021-12-18 21:59:23.975073 | GENERATION: 289 | ERRORS: best=47, median=114.0, diversity=0.215 | INDIVIDUALS: n=200, avg_genome_length=9.22 | VIRUSES: gene_rate=0.000
2021-12-18 21:59:25.282525 | GENERATION: 290 | ERRORS: best=47, median=114.0, diversity=0.205 | INDIVIDUALS: n=200, avg_genome_length=9.565 | VIRUSES: gene_rate=0.000
2021-12-18 21:59:26.585205 | GENERATION: 291 | ERRORS: best=47, median=121.0, diversity=0.245 | INDIVIDUALS: n=200, avg_genome_length=10.325 | VIRUSES: gene_rate=0.000
2021-12-18 21:59:27.933119 | GENERATION: 292 | ERRORS: best=47, median=114.0, diversity=0.25 | INDIVIDUALS: n=200, avg_genome_length=10.66 | VIRUSES: gene_rate=0.000
2021-12-18 21:59:29.629856 | GENERATION: 293 | ERRORS: best=47, median=121.0, diversity=0.25 | INDIVIDUALS: n=200, avg_genome_length=11.09 | VIRUSES: gene_rate=0.000
2021-12-18 21:59:30.976852 | GENERATION: 294 | ERRORS: best=47, median=114.0, diversity=0.235 | INDIVIDUALS: n=200, avg_genome_length=10.28 | VIRUSES: gene_rate=0.000
2021-12-18 21:59:32.340183 | GENERATION: 295 | ERRORS: best=47, median=114.0, diversity=0.24 | INDIVIDUALS: n=200, avg_genome_length=10.055 | VIRUSES: gene_rate=0.000
2021-12-18 21:59:33.736168 | GENERATION: 296 | ERRORS: best=47, median=114.0, diversity=0.27 | INDIVIDUALS: n=200, avg_genome_length=9.84 | VIRUSES: gene_rate=0.000
2021-12-18 21:59:35.138118 | GENERATION: 297 | ERRORS: best=47, median=115.0, diversity=0.245 | INDIVIDUALS: n=200, avg_genome_length=9.43 | VIRUSES: gene_rate=0.000
2021-12-18 21:59:36.428402 | GENERATION: 298 | ERRORS: best=47, median=114.0, diversity=0.205 | INDIVIDUALS: n=200, avg_genome_length=9.875 | VIRUSES: gene_rate=0.000
2021-12-18 21:59:37.964189 | GENERATION: 299 | ERRORS: best=47, median=112.0, diversity=0.27 | INDIVIDUALS: n=200, avg_genome_length=10.28 | VIRUSES: gene_rate=0.000
2021-12-18 21:59:39.295495 | GENERATION: 300 | ERRORS: best=47, median=112.0, diversity=0.245 | INDIVIDUALS: n=200, avg_genome_length=9.29 | VIRUSES: gene_rate=0.000
Simplifying genome of length 18 with total error 14.
Simplified genome by 1 to length 17.
Simplified genome by 1 to length 16.
Simplified genome by 1 to length 15.
Simplified genome by 1 to length 14.
Simplified genome by 1 to length 13.
Simplified genome to length 13 and total error 14.
========================================
End Run
========================================
No solution found.
Best Seen Individual
	Genome:
	 pvector([Input(input_index=2), InstructionMeta(name='int_inc', code_blocks=0), InstructionMeta(name='int_inc', code_blocks=0), Input(input_index=1), Input(input_index=2), InstructionMeta(name='int_rot', code_blocks=0), InstructionMeta(name='int_shove_dup', code_blocks=0), Literal(value=1000, push_type=<pyshgp.push.types.PushIntType object at 0x7f904fd3a910>), InstructionMeta(name='int_lt', code_blocks=0), Input(input_index=0), InstructionMeta(name='int_max', code_blocks=0), InstructionMeta(name='int_min', code_blocks=0), InstructionMeta(name='print_int', code_blocks=0)])
	Program:
	 (input_2 int_inc int_inc input_1 input_2 int_rot int_shove_dup 1000 int_lt input_0 int_max int_min print_int)
	Error vector:
	 [2 0 0 0 0 0 0 0 1 0 0 0 0 0 0 0 0 0 0 0 0 0 0 0 0 0 0 0 0 0 0 0 0 0 0 0 0
 0 0 0 0 0 0 0 0 0 0 0 2 2 2 0 0 0 0 0 0 0 0 0 0 0 0 0 0 0 0 0 0 0 0 0 0 0
 0 0 0 0 0 0 2 0 0 0 0 0 0 0 0 0 1 0 2 0 0 0 0 0 0 0]
	Total error:
	 14
	Test error:
	 197
	Time:
	 00:08:10
