Included 0 edge cases.
Included 100 random cases.
Included 100 cases in total.
Finished formatting.
Included 0 edge cases.
Included 1000 random cases.
Included 1000 cases in total.
Finished formatting.
========================================
Setup
========================================
Search Configuration:
signature: ProgramSignature(arity=3, push_config=PushConfig(growth_cap=500, numeric_magnitude_limit=1000000000000.0, collection_size_cap=1000, step_limit=200, runtime_limit=10), output_stacks=['stdout'])
evaluator: <pyshgp.gp.evaluation.DatasetEvaluator object at 0x7fdb1b3407c0>
spawner: <pyshgp.gp.genome.GeneSpawner object at 0x7fdb229f2a90>
population_size: 200
max_generations: 300
error_threshold: 0.0
initial_genome_size: (20, 100)
simplification_steps: 500
parallel_context: <pyshgp.gp.search.ParallelContext object at 0x7fdb1b3408b0>
selection: <pyshgp.utils.DiscreteProbDistrib object at 0x7fdb22a16540>
variation: <pyshgp.utils.DiscreteProbDistrib object at 0x7fdb22a16440>
Instructions:
int_add, int_sub, int_mult, int_div, int_mod, int_min, int_max, int_inc, int_dec, int_lt, int_lte, int_gt, int_gte, int_from_bool, bool_and, bool_or, bool_not, bool_xor, bool_invert_first_then_and, bool_second_first_then_and, bool_from_int, noop, noop_open, exec_do_range, exec_do_count, exec_while, exec_do_while, exec_if, exec_when, print_bool, println_bool, print_int, println_int, print_exec, println_exec, bool_pop, bool_dup, bool_dup_times, bool_swap, bool_rot, bool_flush, bool_eq, bool_stack_depth, bool_yank, bool_yank_dup, bool_shove, bool_shove_dup, bool_is_empty, int_pop, int_dup, int_dup_times, int_swap, int_rot, int_flush, int_eq, int_stack_depth, int_yank, int_yank_dup, int_shove, int_shove_dup, int_is_empty, exec_pop, exec_dup, exec_dup_times, exec_swap, exec_rot, exec_flush, exec_eq, exec_stack_depth, exec_yank, exec_yank_dup, exec_shove, exec_shove_dup, exec_is_empty
Literals:
[]
ERC Generators:
[<function rand_int at 0x7fdb229f7a60>]
========================================
Start Run
========================================
2021-12-14 22:51:31.066600 | GENERATION: 1 | ERRORS: best=235, median=400.0, diversity=0.115 | INDIVIDUALS: n=200, avg_genome_length=65.41
2021-12-14 22:51:35.365991 | GENERATION: 2 | ERRORS: best=118, median=235.0, diversity=0.24 | INDIVIDUALS: n=200, avg_genome_length=67.855
2021-12-14 22:51:41.858833 | GENERATION: 3 | ERRORS: best=118, median=235.0, diversity=0.37 | INDIVIDUALS: n=200, avg_genome_length=79.46
2021-12-14 22:51:49.774905 | GENERATION: 4 | ERRORS: best=91, median=235.0, diversity=0.48 | INDIVIDUALS: n=200, avg_genome_length=82.55
2021-12-14 22:51:55.684695 | GENERATION: 5 | ERRORS: best=91, median=235.0, diversity=0.41 | INDIVIDUALS: n=200, avg_genome_length=82.21
2021-12-14 22:52:01.691334 | GENERATION: 6 | ERRORS: best=91, median=235.0, diversity=0.5 | INDIVIDUALS: n=200, avg_genome_length=79.86
2021-12-14 22:52:07.020825 | GENERATION: 7 | ERRORS: best=91, median=235.0, diversity=0.48 | INDIVIDUALS: n=200, avg_genome_length=78.335
2021-12-14 22:52:11.791979 | GENERATION: 8 | ERRORS: best=91, median=235.0, diversity=0.38 | INDIVIDUALS: n=200, avg_genome_length=76.92
2021-12-14 22:52:16.291398 | GENERATION: 9 | ERRORS: best=90, median=235.0, diversity=0.495 | INDIVIDUALS: n=200, avg_genome_length=74.8
2021-12-14 22:52:24.179864 | GENERATION: 10 | ERRORS: best=80, median=195.5, diversity=0.5 | INDIVIDUALS: n=200, avg_genome_length=70.35
2021-12-14 22:52:28.137331 | GENERATION: 11 | ERRORS: best=80, median=197.5, diversity=0.51 | INDIVIDUALS: n=200, avg_genome_length=69.705
2021-12-14 22:52:32.521057 | GENERATION: 12 | ERRORS: best=80, median=152.0, diversity=0.53 | INDIVIDUALS: n=200, avg_genome_length=67.63
2021-12-14 22:52:36.788608 | GENERATION: 13 | ERRORS: best=80, median=144.0, diversity=0.53 | INDIVIDUALS: n=200, avg_genome_length=64.165
2021-12-14 22:52:40.849305 | GENERATION: 14 | ERRORS: best=72, median=153.0, diversity=0.57 | INDIVIDUALS: n=200, avg_genome_length=61.75
2021-12-14 22:52:44.984451 | GENERATION: 15 | ERRORS: best=72, median=143.5, diversity=0.515 | INDIVIDUALS: n=200, avg_genome_length=60.585
2021-12-14 22:52:48.912258 | GENERATION: 16 | ERRORS: best=62, median=162.0, diversity=0.495 | INDIVIDUALS: n=200, avg_genome_length=59.51
2021-12-14 22:52:52.503095 | GENERATION: 17 | ERRORS: best=62, median=142.0, diversity=0.445 | INDIVIDUALS: n=200, avg_genome_length=54.42
2021-12-14 22:52:55.891679 | GENERATION: 18 | ERRORS: best=62, median=153.0, diversity=0.53 | INDIVIDUALS: n=200, avg_genome_length=51.86
2021-12-14 22:52:59.893993 | GENERATION: 19 | ERRORS: best=62, median=130.5, diversity=0.465 | INDIVIDUALS: n=200, avg_genome_length=52.9
2021-12-14 22:53:03.750591 | GENERATION: 20 | ERRORS: best=62, median=165.0, diversity=0.53 | INDIVIDUALS: n=200, avg_genome_length=50.93
2021-12-14 22:53:07.997609 | GENERATION: 21 | ERRORS: best=62, median=118.0, diversity=0.41 | INDIVIDUALS: n=200, avg_genome_length=51.29
2021-12-14 22:53:12.374989 | GENERATION: 22 | ERRORS: best=62, median=118.0, diversity=0.455 | INDIVIDUALS: n=200, avg_genome_length=49.43
2021-12-14 22:53:16.154799 | GENERATION: 23 | ERRORS: best=62, median=118.0, diversity=0.44 | INDIVIDUALS: n=200, avg_genome_length=48.61
2021-12-14 22:53:19.768836 | GENERATION: 24 | ERRORS: best=62, median=112.0, diversity=0.375 | INDIVIDUALS: n=200, avg_genome_length=47.25
2021-12-14 22:53:23.307006 | GENERATION: 25 | ERRORS: best=62, median=117.5, diversity=0.37 | INDIVIDUALS: n=200, avg_genome_length=41.855
2021-12-14 22:53:26.467826 | GENERATION: 26 | ERRORS: best=62, median=118.0, diversity=0.37 | INDIVIDUALS: n=200, avg_genome_length=43.845
2021-12-14 22:53:29.816789 | GENERATION: 27 | ERRORS: best=62, median=118.0, diversity=0.42 | INDIVIDUALS: n=200, avg_genome_length=43.25
2021-12-14 22:53:33.412629 | GENERATION: 28 | ERRORS: best=62, median=118.0, diversity=0.41 | INDIVIDUALS: n=200, avg_genome_length=38.245
2021-12-14 22:53:36.929857 | GENERATION: 29 | ERRORS: best=61, median=111.5, diversity=0.405 | INDIVIDUALS: n=200, avg_genome_length=34.595
2021-12-14 22:53:40.316860 | GENERATION: 30 | ERRORS: best=54, median=118.0, diversity=0.41 | INDIVIDUALS: n=200, avg_genome_length=31.365
2021-12-14 22:53:43.438389 | GENERATION: 31 | ERRORS: best=48, median=118.0, diversity=0.41 | INDIVIDUALS: n=200, avg_genome_length=29.5
2021-12-14 22:53:46.016095 | GENERATION: 32 | ERRORS: best=48, median=118.0, diversity=0.355 | INDIVIDUALS: n=200, avg_genome_length=27.115
2021-12-14 22:53:48.937264 | GENERATION: 33 | ERRORS: best=48, median=118.0, diversity=0.385 | INDIVIDUALS: n=200, avg_genome_length=25.665
2021-12-14 22:53:51.536023 | GENERATION: 34 | ERRORS: best=48, median=118.0, diversity=0.32 | INDIVIDUALS: n=200, avg_genome_length=25.04
2021-12-14 22:53:53.986707 | GENERATION: 35 | ERRORS: best=48, median=165.0, diversity=0.31 | INDIVIDUALS: n=200, avg_genome_length=23.755
2021-12-14 22:53:56.418130 | GENERATION: 36 | ERRORS: best=48, median=155.5, diversity=0.295 | INDIVIDUALS: n=200, avg_genome_length=26.605
2021-12-14 22:53:59.974074 | GENERATION: 37 | ERRORS: best=39, median=132.0, diversity=0.25 | INDIVIDUALS: n=200, avg_genome_length=26.95
2021-12-14 22:54:03.935791 | GENERATION: 38 | ERRORS: best=39, median=118.0, diversity=0.255 | INDIVIDUALS: n=200, avg_genome_length=34.26
2021-12-14 22:54:08.049641 | GENERATION: 39 | ERRORS: best=39, median=109.0, diversity=0.255 | INDIVIDUALS: n=200, avg_genome_length=34.86
2021-12-14 22:54:11.991501 | GENERATION: 40 | ERRORS: best=39, median=125.0, diversity=0.335 | INDIVIDUALS: n=200, avg_genome_length=34.645
2021-12-14 22:54:15.286494 | GENERATION: 41 | ERRORS: best=39, median=125.0, diversity=0.355 | INDIVIDUALS: n=200, avg_genome_length=34.43
2021-12-14 22:54:18.586990 | GENERATION: 42 | ERRORS: best=39, median=116.0, diversity=0.335 | INDIVIDUALS: n=200, avg_genome_length=33.08
2021-12-14 22:54:22.068067 | GENERATION: 43 | ERRORS: best=39, median=118.5, diversity=0.365 | INDIVIDUALS: n=200, avg_genome_length=32.56
2021-12-14 22:54:25.558674 | GENERATION: 44 | ERRORS: best=39, median=219.5, diversity=0.355 | INDIVIDUALS: n=200, avg_genome_length=30.55
2021-12-14 22:54:28.564182 | GENERATION: 45 | ERRORS: best=39, median=125.0, diversity=0.34 | INDIVIDUALS: n=200, avg_genome_length=27.745
2021-12-14 22:54:32.297549 | GENERATION: 46 | ERRORS: best=39, median=109.0, diversity=0.31 | INDIVIDUALS: n=200, avg_genome_length=25.0
2021-12-14 22:54:35.007116 | GENERATION: 47 | ERRORS: best=39, median=125.0, diversity=0.365 | INDIVIDUALS: n=200, avg_genome_length=25.435
2021-12-14 22:54:38.365092 | GENERATION: 48 | ERRORS: best=39, median=124.0, diversity=0.32 | INDIVIDUALS: n=200, avg_genome_length=24.895
2021-12-14 22:54:40.949259 | GENERATION: 49 | ERRORS: best=39, median=109.0, diversity=0.32 | INDIVIDUALS: n=200, avg_genome_length=22.85
2021-12-14 22:54:43.620687 | GENERATION: 50 | ERRORS: best=39, median=109.0, diversity=0.24 | INDIVIDUALS: n=200, avg_genome_length=21.175
2021-12-14 22:54:47.054149 | GENERATION: 51 | ERRORS: best=39, median=121.5, diversity=0.265 | INDIVIDUALS: n=200, avg_genome_length=20.335
2021-12-14 22:54:49.707957 | GENERATION: 52 | ERRORS: best=39, median=108.0, diversity=0.275 | INDIVIDUALS: n=200, avg_genome_length=22.485
2021-12-14 22:54:52.553457 | GENERATION: 53 | ERRORS: best=39, median=129.5, diversity=0.285 | INDIVIDUALS: n=200, avg_genome_length=22.675
2021-12-14 22:54:55.056897 | GENERATION: 54 | ERRORS: best=39, median=130.5, diversity=0.255 | INDIVIDUALS: n=200, avg_genome_length=20.1
2021-12-14 22:54:57.860189 | GENERATION: 55 | ERRORS: best=39, median=118.0, diversity=0.245 | INDIVIDUALS: n=200, avg_genome_length=21.16
2021-12-14 22:55:00.823810 | GENERATION: 56 | ERRORS: best=39, median=125.0, diversity=0.245 | INDIVIDUALS: n=200, avg_genome_length=20.825
2021-12-14 22:55:03.911630 | GENERATION: 57 | ERRORS: best=39, median=109.0, diversity=0.22 | INDIVIDUALS: n=200, avg_genome_length=21.835
2021-12-14 22:55:06.780434 | GENERATION: 58 | ERRORS: best=39, median=126.0, diversity=0.215 | INDIVIDUALS: n=200, avg_genome_length=20.39
2021-12-14 22:55:09.435759 | GENERATION: 59 | ERRORS: best=39, median=150.0, diversity=0.21 | INDIVIDUALS: n=200, avg_genome_length=18.93
2021-12-14 22:55:12.085344 | GENERATION: 60 | ERRORS: best=39, median=109.0, diversity=0.255 | INDIVIDUALS: n=200, avg_genome_length=19.075
2021-12-14 22:55:14.507651 | GENERATION: 61 | ERRORS: best=39, median=151.5, diversity=0.195 | INDIVIDUALS: n=200, avg_genome_length=15.885
2021-12-14 22:55:17.806408 | GENERATION: 62 | ERRORS: best=39, median=123.5, diversity=0.28 | INDIVIDUALS: n=200, avg_genome_length=20.04
2021-12-14 22:55:21.265649 | GENERATION: 63 | ERRORS: best=39, median=143.0, diversity=0.27 | INDIVIDUALS: n=200, avg_genome_length=23.225
2021-12-14 22:55:24.216848 | GENERATION: 64 | ERRORS: best=39, median=109.0, diversity=0.285 | INDIVIDUALS: n=200, avg_genome_length=23.155
2021-12-14 22:55:27.120893 | GENERATION: 65 | ERRORS: best=39, median=209.0, diversity=0.295 | INDIVIDUALS: n=200, avg_genome_length=21.255
2021-12-14 22:55:29.627515 | GENERATION: 66 | ERRORS: best=39, median=118.0, diversity=0.27 | INDIVIDUALS: n=200, avg_genome_length=20.67
2021-12-14 22:55:32.533933 | GENERATION: 67 | ERRORS: best=39, median=121.0, diversity=0.265 | INDIVIDUALS: n=200, avg_genome_length=18.705
2021-12-14 22:55:35.679107 | GENERATION: 68 | ERRORS: best=39, median=118.0, diversity=0.28 | INDIVIDUALS: n=200, avg_genome_length=21.11
2021-12-14 22:55:38.670787 | GENERATION: 69 | ERRORS: best=39, median=144.0, diversity=0.28 | INDIVIDUALS: n=200, avg_genome_length=20.095
2021-12-14 22:55:41.990840 | GENERATION: 70 | ERRORS: best=39, median=134.0, diversity=0.275 | INDIVIDUALS: n=200, avg_genome_length=21.955
2021-12-14 22:55:45.482202 | GENERATION: 71 | ERRORS: best=39, median=108.0, diversity=0.25 | INDIVIDUALS: n=200, avg_genome_length=21.76
2021-12-14 22:55:49.121243 | GENERATION: 72 | ERRORS: best=39, median=129.5, diversity=0.255 | INDIVIDUALS: n=200, avg_genome_length=20.685
2021-12-14 22:55:52.269929 | GENERATION: 73 | ERRORS: best=39, median=118.0, diversity=0.27 | INDIVIDUALS: n=200, avg_genome_length=20.71
2021-12-14 22:55:55.142951 | GENERATION: 74 | ERRORS: best=39, median=118.0, diversity=0.225 | INDIVIDUALS: n=200, avg_genome_length=18.88
2021-12-14 22:55:58.213542 | GENERATION: 75 | ERRORS: best=39, median=165.0, diversity=0.26 | INDIVIDUALS: n=200, avg_genome_length=18.565
2021-12-14 22:56:01.197913 | GENERATION: 76 | ERRORS: best=39, median=111.0, diversity=0.21 | INDIVIDUALS: n=200, avg_genome_length=18.24
2021-12-14 22:56:03.934932 | GENERATION: 77 | ERRORS: best=39, median=125.0, diversity=0.17 | INDIVIDUALS: n=200, avg_genome_length=16.775
2021-12-14 22:56:06.462456 | GENERATION: 78 | ERRORS: best=39, median=113.5, diversity=0.165 | INDIVIDUALS: n=200, avg_genome_length=17.065
2021-12-14 22:56:09.139175 | GENERATION: 79 | ERRORS: best=39, median=118.0, diversity=0.19 | INDIVIDUALS: n=200, avg_genome_length=17.3
2021-12-14 22:56:11.342156 | GENERATION: 80 | ERRORS: best=39, median=167.5, diversity=0.22 | INDIVIDUALS: n=200, avg_genome_length=16.845
2021-12-14 22:56:13.521540 | GENERATION: 81 | ERRORS: best=39, median=125.0, diversity=0.185 | INDIVIDUALS: n=200, avg_genome_length=14.99
2021-12-14 22:56:15.881560 | GENERATION: 82 | ERRORS: best=39, median=118.0, diversity=0.15 | INDIVIDUALS: n=200, avg_genome_length=15.03
2021-12-14 22:56:18.192821 | GENERATION: 83 | ERRORS: best=39, median=125.0, diversity=0.165 | INDIVIDUALS: n=200, avg_genome_length=16.425
2021-12-14 22:56:20.382689 | GENERATION: 84 | ERRORS: best=39, median=109.0, diversity=0.22 | INDIVIDUALS: n=200, avg_genome_length=15.705
2021-12-14 22:56:22.515599 | GENERATION: 85 | ERRORS: best=39, median=121.5, diversity=0.215 | INDIVIDUALS: n=200, avg_genome_length=16.585
2021-12-14 22:56:24.587827 | GENERATION: 86 | ERRORS: best=39, median=109.0, diversity=0.2 | INDIVIDUALS: n=200, avg_genome_length=16.56
2021-12-14 22:56:26.574272 | GENERATION: 87 | ERRORS: best=39, median=118.0, diversity=0.18 | INDIVIDUALS: n=200, avg_genome_length=16.655
2021-12-14 22:56:28.401955 | GENERATION: 88 | ERRORS: best=39, median=118.0, diversity=0.175 | INDIVIDUALS: n=200, avg_genome_length=13.91
2021-12-14 22:56:30.369750 | GENERATION: 89 | ERRORS: best=38, median=131.0, diversity=0.23 | INDIVIDUALS: n=200, avg_genome_length=15.515
2021-12-14 22:56:32.766969 | GENERATION: 90 | ERRORS: best=39, median=118.0, diversity=0.26 | INDIVIDUALS: n=200, avg_genome_length=14.805
2021-12-14 22:56:34.913496 | GENERATION: 91 | ERRORS: best=39, median=118.0, diversity=0.22 | INDIVIDUALS: n=200, avg_genome_length=14.31
2021-12-14 22:56:36.783121 | GENERATION: 92 | ERRORS: best=39, median=117.5, diversity=0.175 | INDIVIDUALS: n=200, avg_genome_length=14.935
2021-12-14 22:56:38.745578 | GENERATION: 93 | ERRORS: best=39, median=154.0, diversity=0.185 | INDIVIDUALS: n=200, avg_genome_length=13.935
2021-12-14 22:56:40.702959 | GENERATION: 94 | ERRORS: best=39, median=125.0, diversity=0.145 | INDIVIDUALS: n=200, avg_genome_length=13.98
2021-12-14 22:56:42.564797 | GENERATION: 95 | ERRORS: best=39, median=150.5, diversity=0.16 | INDIVIDUALS: n=200, avg_genome_length=14.64
2021-12-14 22:56:44.470137 | GENERATION: 96 | ERRORS: best=39, median=118.0, diversity=0.145 | INDIVIDUALS: n=200, avg_genome_length=13.65
2021-12-14 22:56:46.131386 | GENERATION: 97 | ERRORS: best=39, median=118.0, diversity=0.18 | INDIVIDUALS: n=200, avg_genome_length=12.9
2021-12-14 22:56:47.975945 | GENERATION: 98 | ERRORS: best=39, median=118.0, diversity=0.185 | INDIVIDUALS: n=200, avg_genome_length=12.355
2021-12-14 22:56:49.584639 | GENERATION: 99 | ERRORS: best=39, median=118.0, diversity=0.145 | INDIVIDUALS: n=200, avg_genome_length=10.835
2021-12-14 22:56:51.337270 | GENERATION: 100 | ERRORS: best=39, median=110.5, diversity=0.2 | INDIVIDUALS: n=200, avg_genome_length=12.155
2021-12-14 22:56:53.234513 | GENERATION: 101 | ERRORS: best=39, median=108.0, diversity=0.165 | INDIVIDUALS: n=200, avg_genome_length=13.67
2021-12-14 22:56:54.906903 | GENERATION: 102 | ERRORS: best=39, median=118.0, diversity=0.165 | INDIVIDUALS: n=200, avg_genome_length=13.16
2021-12-14 22:56:56.830777 | GENERATION: 103 | ERRORS: best=39, median=118.0, diversity=0.21 | INDIVIDUALS: n=200, avg_genome_length=12.17
2021-12-14 22:56:58.828519 | GENERATION: 104 | ERRORS: best=39, median=125.0, diversity=0.185 | INDIVIDUALS: n=200, avg_genome_length=13.86
2021-12-14 22:57:00.636930 | GENERATION: 105 | ERRORS: best=39, median=118.0, diversity=0.19 | INDIVIDUALS: n=200, avg_genome_length=13.325
2021-12-14 22:57:02.391012 | GENERATION: 106 | ERRORS: best=39, median=118.0, diversity=0.23 | INDIVIDUALS: n=200, avg_genome_length=13.28
2021-12-14 22:57:04.402844 | GENERATION: 107 | ERRORS: best=39, median=109.0, diversity=0.205 | INDIVIDUALS: n=200, avg_genome_length=14.085
2021-12-14 22:57:06.476859 | GENERATION: 108 | ERRORS: best=39, median=146.0, diversity=0.195 | INDIVIDUALS: n=200, avg_genome_length=12.715
2021-12-14 22:57:08.448467 | GENERATION: 109 | ERRORS: best=39, median=198.0, diversity=0.265 | INDIVIDUALS: n=200, avg_genome_length=13.835
2021-12-14 22:57:10.978066 | GENERATION: 110 | ERRORS: best=39, median=186.5, diversity=0.215 | INDIVIDUALS: n=200, avg_genome_length=14.695
2021-12-14 22:57:13.434813 | GENERATION: 111 | ERRORS: best=39, median=186.0, diversity=0.215 | INDIVIDUALS: n=200, avg_genome_length=15.665
2021-12-14 22:57:15.587211 | GENERATION: 112 | ERRORS: best=39, median=118.0, diversity=0.185 | INDIVIDUALS: n=200, avg_genome_length=16.215
2021-12-14 22:57:17.741509 | GENERATION: 113 | ERRORS: best=39, median=118.0, diversity=0.205 | INDIVIDUALS: n=200, avg_genome_length=16.255
2021-12-14 22:57:19.856007 | GENERATION: 114 | ERRORS: best=39, median=118.0, diversity=0.18 | INDIVIDUALS: n=200, avg_genome_length=15.755
2021-12-14 22:57:22.270316 | GENERATION: 115 | ERRORS: best=39, median=235.0, diversity=0.14 | INDIVIDUALS: n=200, avg_genome_length=14.79
2021-12-14 22:57:24.628483 | GENERATION: 116 | ERRORS: best=39, median=195.0, diversity=0.175 | INDIVIDUALS: n=200, avg_genome_length=14.62
2021-12-14 22:57:26.806383 | GENERATION: 117 | ERRORS: best=39, median=125.0, diversity=0.18 | INDIVIDUALS: n=200, avg_genome_length=15.525
2021-12-14 22:57:29.243844 | GENERATION: 118 | ERRORS: best=39, median=154.0, diversity=0.205 | INDIVIDUALS: n=200, avg_genome_length=15.605
2021-12-14 22:57:31.960295 | GENERATION: 119 | ERRORS: best=39, median=127.0, diversity=0.22 | INDIVIDUALS: n=200, avg_genome_length=18.265
2021-12-14 22:57:34.716472 | GENERATION: 120 | ERRORS: best=39, median=157.5, diversity=0.21 | INDIVIDUALS: n=200, avg_genome_length=18.535
2021-12-14 22:57:36.927262 | GENERATION: 121 | ERRORS: best=39, median=162.5, diversity=0.16 | INDIVIDUALS: n=200, avg_genome_length=16.405
2021-12-14 22:57:39.209907 | GENERATION: 122 | ERRORS: best=39, median=191.0, diversity=0.17 | INDIVIDUALS: n=200, avg_genome_length=14.795
2021-12-14 22:57:41.369472 | GENERATION: 123 | ERRORS: best=39, median=166.5, diversity=0.195 | INDIVIDUALS: n=200, avg_genome_length=13.285
2021-12-14 22:57:43.398043 | GENERATION: 124 | ERRORS: best=39, median=201.0, diversity=0.17 | INDIVIDUALS: n=200, avg_genome_length=12.685
2021-12-14 22:57:45.390742 | GENERATION: 125 | ERRORS: best=39, median=173.5, diversity=0.165 | INDIVIDUALS: n=200, avg_genome_length=12.97
2021-12-14 22:57:47.476577 | GENERATION: 126 | ERRORS: best=39, median=235.0, diversity=0.155 | INDIVIDUALS: n=200, avg_genome_length=12.875
2021-12-14 22:57:49.853552 | GENERATION: 127 | ERRORS: best=39, median=235.0, diversity=0.165 | INDIVIDUALS: n=200, avg_genome_length=14.79
2021-12-14 22:57:51.951685 | GENERATION: 128 | ERRORS: best=39, median=125.0, diversity=0.14 | INDIVIDUALS: n=200, avg_genome_length=15.325
2021-12-14 22:57:54.036577 | GENERATION: 129 | ERRORS: best=39, median=127.0, diversity=0.18 | INDIVIDUALS: n=200, avg_genome_length=16.52
2021-12-14 22:57:56.183359 | GENERATION: 130 | ERRORS: best=39, median=136.5, diversity=0.13 | INDIVIDUALS: n=200, avg_genome_length=15.645
2021-12-14 22:57:58.326803 | GENERATION: 131 | ERRORS: best=39, median=164.0, diversity=0.17 | INDIVIDUALS: n=200, avg_genome_length=15.095
2021-12-14 22:58:00.660221 | GENERATION: 132 | ERRORS: best=39, median=159.5, diversity=0.155 | INDIVIDUALS: n=200, avg_genome_length=16.13
2021-12-14 22:58:02.759282 | GENERATION: 133 | ERRORS: best=39, median=125.0, diversity=0.175 | INDIVIDUALS: n=200, avg_genome_length=16.165
2021-12-14 22:58:05.398555 | GENERATION: 134 | ERRORS: best=39, median=153.5, diversity=0.23 | INDIVIDUALS: n=200, avg_genome_length=18.315
2021-12-14 22:58:08.051673 | GENERATION: 135 | ERRORS: best=39, median=187.5, diversity=0.32 | INDIVIDUALS: n=200, avg_genome_length=18.78
2021-12-14 22:58:10.643104 | GENERATION: 136 | ERRORS: best=39, median=154.5, diversity=0.315 | INDIVIDUALS: n=200, avg_genome_length=20.87
2021-12-14 22:58:13.318764 | GENERATION: 137 | ERRORS: best=39, median=224.0, diversity=0.325 | INDIVIDUALS: n=200, avg_genome_length=19.615
2021-12-14 22:58:15.653499 | GENERATION: 138 | ERRORS: best=39, median=125.0, diversity=0.3 | INDIVIDUALS: n=200, avg_genome_length=17.47
2021-12-14 22:58:17.736440 | GENERATION: 139 | ERRORS: best=39, median=138.0, diversity=0.225 | INDIVIDUALS: n=200, avg_genome_length=16.84
2021-12-14 22:58:20.100632 | GENERATION: 140 | ERRORS: best=39, median=158.0, diversity=0.29 | INDIVIDUALS: n=200, avg_genome_length=17.645
2021-12-14 22:58:22.564652 | GENERATION: 141 | ERRORS: best=39, median=165.0, diversity=0.3 | INDIVIDUALS: n=200, avg_genome_length=18.17
2021-12-14 22:58:24.847241 | GENERATION: 142 | ERRORS: best=39, median=164.5, diversity=0.265 | INDIVIDUALS: n=200, avg_genome_length=17.31
2021-12-14 22:58:26.897753 | GENERATION: 143 | ERRORS: best=39, median=125.0, diversity=0.225 | INDIVIDUALS: n=200, avg_genome_length=16.48
2021-12-14 22:58:29.013595 | GENERATION: 144 | ERRORS: best=39, median=118.0, diversity=0.195 | INDIVIDUALS: n=200, avg_genome_length=15.355
2021-12-14 22:58:31.173642 | GENERATION: 145 | ERRORS: best=39, median=118.0, diversity=0.2 | INDIVIDUALS: n=200, avg_genome_length=16.475
2021-12-14 22:58:33.172775 | GENERATION: 146 | ERRORS: best=39, median=161.0, diversity=0.235 | INDIVIDUALS: n=200, avg_genome_length=16.785
2021-12-14 22:58:35.112142 | GENERATION: 147 | ERRORS: best=39, median=125.0, diversity=0.21 | INDIVIDUALS: n=200, avg_genome_length=16.04
2021-12-14 22:58:37.448384 | GENERATION: 148 | ERRORS: best=39, median=180.0, diversity=0.21 | INDIVIDUALS: n=200, avg_genome_length=15.57
2021-12-14 22:58:40.305223 | GENERATION: 149 | ERRORS: best=39, median=128.0, diversity=0.23 | INDIVIDUALS: n=200, avg_genome_length=15.91
2021-12-14 22:58:43.008828 | GENERATION: 150 | ERRORS: best=39, median=125.0, diversity=0.19 | INDIVIDUALS: n=200, avg_genome_length=16.77
2021-12-14 22:58:45.453952 | GENERATION: 151 | ERRORS: best=39, median=125.0, diversity=0.19 | INDIVIDUALS: n=200, avg_genome_length=16.78
2021-12-14 22:58:47.737027 | GENERATION: 152 | ERRORS: best=39, median=118.0, diversity=0.15 | INDIVIDUALS: n=200, avg_genome_length=17.185
2021-12-14 22:58:50.271205 | GENERATION: 153 | ERRORS: best=39, median=132.0, diversity=0.185 | INDIVIDUALS: n=200, avg_genome_length=18.265
2021-12-14 22:58:52.765722 | GENERATION: 154 | ERRORS: best=39, median=118.0, diversity=0.185 | INDIVIDUALS: n=200, avg_genome_length=19.275
2021-12-14 22:58:55.822587 | GENERATION: 155 | ERRORS: best=39, median=125.0, diversity=0.22 | INDIVIDUALS: n=200, avg_genome_length=20.155
2021-12-14 22:58:58.799681 | GENERATION: 156 | ERRORS: best=39, median=122.0, diversity=0.23 | INDIVIDUALS: n=200, avg_genome_length=20.77
2021-12-14 22:59:01.603380 | GENERATION: 157 | ERRORS: best=39, median=118.0, diversity=0.24 | INDIVIDUALS: n=200, avg_genome_length=19.74
2021-12-14 22:59:04.354832 | GENERATION: 158 | ERRORS: best=39, median=118.0, diversity=0.205 | INDIVIDUALS: n=200, avg_genome_length=18.57
2021-12-14 22:59:06.761702 | GENERATION: 159 | ERRORS: best=39, median=165.5, diversity=0.25 | INDIVIDUALS: n=200, avg_genome_length=18.595
2021-12-14 22:59:09.181493 | GENERATION: 160 | ERRORS: best=39, median=118.0, diversity=0.21 | INDIVIDUALS: n=200, avg_genome_length=17.95
2021-12-14 22:59:11.759365 | GENERATION: 161 | ERRORS: best=39, median=125.0, diversity=0.235 | INDIVIDUALS: n=200, avg_genome_length=17.895
2021-12-14 22:59:14.271322 | GENERATION: 162 | ERRORS: best=39, median=133.5, diversity=0.215 | INDIVIDUALS: n=200, avg_genome_length=18.07
2021-12-14 22:59:16.700260 | GENERATION: 163 | ERRORS: best=39, median=167.0, diversity=0.265 | INDIVIDUALS: n=200, avg_genome_length=18.58
2021-12-14 22:59:19.494763 | GENERATION: 164 | ERRORS: best=39, median=125.0, diversity=0.27 | INDIVIDUALS: n=200, avg_genome_length=16.585
2021-12-14 22:59:22.454335 | GENERATION: 165 | ERRORS: best=39, median=142.0, diversity=0.3 | INDIVIDUALS: n=200, avg_genome_length=17.06
2021-12-14 22:59:25.214137 | GENERATION: 166 | ERRORS: best=39, median=155.5, diversity=0.29 | INDIVIDUALS: n=200, avg_genome_length=18.79
2021-12-14 22:59:27.993719 | GENERATION: 167 | ERRORS: best=39, median=125.0, diversity=0.32 | INDIVIDUALS: n=200, avg_genome_length=19.175
2021-12-14 22:59:30.972367 | GENERATION: 168 | ERRORS: best=39, median=125.0, diversity=0.29 | INDIVIDUALS: n=200, avg_genome_length=20.815
2021-12-14 22:59:33.466380 | GENERATION: 169 | ERRORS: best=39, median=125.0, diversity=0.255 | INDIVIDUALS: n=200, avg_genome_length=18.965
2021-12-14 22:59:36.011006 | GENERATION: 170 | ERRORS: best=39, median=125.0, diversity=0.29 | INDIVIDUALS: n=200, avg_genome_length=17.03
2021-12-14 22:59:38.411040 | GENERATION: 171 | ERRORS: best=39, median=125.0, diversity=0.265 | INDIVIDUALS: n=200, avg_genome_length=18.555
2021-12-14 22:59:40.917788 | GENERATION: 172 | ERRORS: best=39, median=196.5, diversity=0.255 | INDIVIDUALS: n=200, avg_genome_length=16.635
2021-12-14 22:59:43.495096 | GENERATION: 173 | ERRORS: best=39, median=163.0, diversity=0.245 | INDIVIDUALS: n=200, avg_genome_length=17.215
2021-12-14 22:59:45.867421 | GENERATION: 174 | ERRORS: best=39, median=153.0, diversity=0.245 | INDIVIDUALS: n=200, avg_genome_length=19.165
2021-12-14 22:59:48.232697 | GENERATION: 175 | ERRORS: best=39, median=125.0, diversity=0.2 | INDIVIDUALS: n=200, avg_genome_length=17.95
2021-12-14 22:59:50.678382 | GENERATION: 176 | ERRORS: best=39, median=125.0, diversity=0.21 | INDIVIDUALS: n=200, avg_genome_length=17.455
2021-12-14 22:59:52.699607 | GENERATION: 177 | ERRORS: best=39, median=140.5, diversity=0.215 | INDIVIDUALS: n=200, avg_genome_length=15.86
2021-12-14 22:59:54.802602 | GENERATION: 178 | ERRORS: best=39, median=126.0, diversity=0.24 | INDIVIDUALS: n=200, avg_genome_length=14.61
2021-12-14 22:59:57.189326 | GENERATION: 179 | ERRORS: best=39, median=135.0, diversity=0.225 | INDIVIDUALS: n=200, avg_genome_length=15.265
2021-12-14 22:59:59.792365 | GENERATION: 180 | ERRORS: best=39, median=125.0, diversity=0.175 | INDIVIDUALS: n=200, avg_genome_length=13.375
2021-12-14 23:00:01.954898 | GENERATION: 181 | ERRORS: best=39, median=126.0, diversity=0.24 | INDIVIDUALS: n=200, avg_genome_length=14.375
2021-12-14 23:00:04.108365 | GENERATION: 182 | ERRORS: best=39, median=125.0, diversity=0.235 | INDIVIDUALS: n=200, avg_genome_length=13.005
2021-12-14 23:00:06.384069 | GENERATION: 183 | ERRORS: best=39, median=125.0, diversity=0.205 | INDIVIDUALS: n=200, avg_genome_length=13.175
2021-12-14 23:00:08.199975 | GENERATION: 184 | ERRORS: best=39, median=125.0, diversity=0.16 | INDIVIDUALS: n=200, avg_genome_length=11.68
2021-12-14 23:00:10.147454 | GENERATION: 185 | ERRORS: best=39, median=125.0, diversity=0.17 | INDIVIDUALS: n=200, avg_genome_length=13.43
2021-12-14 23:00:12.313204 | GENERATION: 186 | ERRORS: best=39, median=125.0, diversity=0.19 | INDIVIDUALS: n=200, avg_genome_length=13.265
2021-12-14 23:00:14.547249 | GENERATION: 187 | ERRORS: best=39, median=120.0, diversity=0.23 | INDIVIDUALS: n=200, avg_genome_length=15.47
2021-12-14 23:00:16.656345 | GENERATION: 188 | ERRORS: best=48, median=125.0, diversity=0.205 | INDIVIDUALS: n=200, avg_genome_length=14.845
2021-12-14 23:00:19.168757 | GENERATION: 189 | ERRORS: best=48, median=167.5, diversity=0.215 | INDIVIDUALS: n=200, avg_genome_length=19.0
2021-12-14 23:00:21.809495 | GENERATION: 190 | ERRORS: best=48, median=164.0, diversity=0.2 | INDIVIDUALS: n=200, avg_genome_length=19.615
2021-12-14 23:00:24.286899 | GENERATION: 191 | ERRORS: best=48, median=125.0, diversity=0.235 | INDIVIDUALS: n=200, avg_genome_length=20.93
2021-12-14 23:00:26.922667 | GENERATION: 192 | ERRORS: best=48, median=118.0, diversity=0.245 | INDIVIDUALS: n=200, avg_genome_length=19.91
2021-12-14 23:00:29.291981 | GENERATION: 193 | ERRORS: best=48, median=174.0, diversity=0.265 | INDIVIDUALS: n=200, avg_genome_length=19.185
2021-12-14 23:00:31.858490 | GENERATION: 194 | ERRORS: best=39, median=128.0, diversity=0.23 | INDIVIDUALS: n=200, avg_genome_length=18.575
2021-12-14 23:00:34.632938 | GENERATION: 195 | ERRORS: best=39, median=125.0, diversity=0.255 | INDIVIDUALS: n=200, avg_genome_length=18.145
2021-12-14 23:00:37.101140 | GENERATION: 196 | ERRORS: best=39, median=170.0, diversity=0.25 | INDIVIDUALS: n=200, avg_genome_length=16.445
2021-12-14 23:00:39.689728 | GENERATION: 197 | ERRORS: best=39, median=235.0, diversity=0.205 | INDIVIDUALS: n=200, avg_genome_length=14.56
2021-12-14 23:00:42.417852 | GENERATION: 198 | ERRORS: best=39, median=180.0, diversity=0.22 | INDIVIDUALS: n=200, avg_genome_length=13.285
2021-12-14 23:00:45.056322 | GENERATION: 199 | ERRORS: best=39, median=235.0, diversity=0.255 | INDIVIDUALS: n=200, avg_genome_length=13.62
2021-12-14 23:00:47.622720 | GENERATION: 200 | ERRORS: best=39, median=192.5, diversity=0.225 | INDIVIDUALS: n=200, avg_genome_length=13.32
2021-12-14 23:00:49.923392 | GENERATION: 201 | ERRORS: best=39, median=235.0, diversity=0.185 | INDIVIDUALS: n=200, avg_genome_length=12.135
2021-12-14 23:00:52.044055 | GENERATION: 202 | ERRORS: best=39, median=235.0, diversity=0.21 | INDIVIDUALS: n=200, avg_genome_length=13.175
2021-12-14 23:00:53.930403 | GENERATION: 203 | ERRORS: best=48, median=165.0, diversity=0.175 | INDIVIDUALS: n=200, avg_genome_length=10.845
2021-12-14 23:00:56.014222 | GENERATION: 204 | ERRORS: best=48, median=235.0, diversity=0.23 | INDIVIDUALS: n=200, avg_genome_length=12.375
2021-12-14 23:00:57.617020 | GENERATION: 205 | ERRORS: best=48, median=235.0, diversity=0.195 | INDIVIDUALS: n=200, avg_genome_length=10.695
2021-12-14 23:00:59.099770 | GENERATION: 206 | ERRORS: best=48, median=235.0, diversity=0.185 | INDIVIDUALS: n=200, avg_genome_length=9.1
2021-12-14 23:01:00.741168 | GENERATION: 207 | ERRORS: best=48, median=196.0, diversity=0.2 | INDIVIDUALS: n=200, avg_genome_length=9.755
2021-12-14 23:01:02.502722 | GENERATION: 208 | ERRORS: best=48, median=235.0, diversity=0.185 | INDIVIDUALS: n=200, avg_genome_length=10.515
2021-12-14 23:01:04.024070 | GENERATION: 209 | ERRORS: best=48, median=235.0, diversity=0.19 | INDIVIDUALS: n=200, avg_genome_length=9.1
2021-12-14 23:01:05.640184 | GENERATION: 210 | ERRORS: best=48, median=235.0, diversity=0.15 | INDIVIDUALS: n=200, avg_genome_length=9.89
2021-12-14 23:01:07.586718 | GENERATION: 211 | ERRORS: best=48, median=235.0, diversity=0.225 | INDIVIDUALS: n=200, avg_genome_length=11.505
2021-12-14 23:01:09.541189 | GENERATION: 212 | ERRORS: best=48, median=235.0, diversity=0.175 | INDIVIDUALS: n=200, avg_genome_length=10.63
2021-12-14 23:01:11.594085 | GENERATION: 213 | ERRORS: best=86, median=235.0, diversity=0.14 | INDIVIDUALS: n=200, avg_genome_length=10.325
2021-12-14 23:01:13.493758 | GENERATION: 214 | ERRORS: best=86, median=176.0, diversity=0.16 | INDIVIDUALS: n=200, avg_genome_length=11.23
2021-12-14 23:01:15.340669 | GENERATION: 215 | ERRORS: best=86, median=165.5, diversity=0.16 | INDIVIDUALS: n=200, avg_genome_length=11.795
2021-12-14 23:01:17.296145 | GENERATION: 216 | ERRORS: best=86, median=235.0, diversity=0.18 | INDIVIDUALS: n=200, avg_genome_length=12.005
2021-12-14 23:01:19.003138 | GENERATION: 217 | ERRORS: best=86, median=228.5, diversity=0.17 | INDIVIDUALS: n=200, avg_genome_length=10.4
2021-12-14 23:01:20.669250 | GENERATION: 218 | ERRORS: best=86, median=235.0, diversity=0.11 | INDIVIDUALS: n=200, avg_genome_length=9.47
2021-12-14 23:01:22.650645 | GENERATION: 219 | ERRORS: best=86, median=235.0, diversity=0.135 | INDIVIDUALS: n=200, avg_genome_length=9.475
2021-12-14 23:01:24.424191 | GENERATION: 220 | ERRORS: best=86, median=235.0, diversity=0.115 | INDIVIDUALS: n=200, avg_genome_length=9.31
2021-12-14 23:01:26.371719 | GENERATION: 221 | ERRORS: best=86, median=235.0, diversity=0.115 | INDIVIDUALS: n=200, avg_genome_length=8.93
2021-12-14 23:01:28.122792 | GENERATION: 222 | ERRORS: best=86, median=235.0, diversity=0.14 | INDIVIDUALS: n=200, avg_genome_length=9.53
2021-12-14 23:01:29.781353 | GENERATION: 223 | ERRORS: best=86, median=235.0, diversity=0.115 | INDIVIDUALS: n=200, avg_genome_length=10.005
2021-12-14 23:01:31.429980 | GENERATION: 224 | ERRORS: best=86, median=235.0, diversity=0.135 | INDIVIDUALS: n=200, avg_genome_length=9.6
2021-12-14 23:01:33.235442 | GENERATION: 225 | ERRORS: best=86, median=235.0, diversity=0.11 | INDIVIDUALS: n=200, avg_genome_length=9.675
2021-12-14 23:01:34.840028 | GENERATION: 226 | ERRORS: best=86, median=235.0, diversity=0.095 | INDIVIDUALS: n=200, avg_genome_length=8.395
2021-12-14 23:01:36.447011 | GENERATION: 227 | ERRORS: best=86, median=235.0, diversity=0.115 | INDIVIDUALS: n=200, avg_genome_length=8.195
2021-12-14 23:01:37.853628 | GENERATION: 228 | ERRORS: best=86, median=235.0, diversity=0.1 | INDIVIDUALS: n=200, avg_genome_length=7.91
2021-12-14 23:01:39.371520 | GENERATION: 229 | ERRORS: best=86, median=235.0, diversity=0.125 | INDIVIDUALS: n=200, avg_genome_length=9.235
2021-12-14 23:01:41.003688 | GENERATION: 230 | ERRORS: best=86, median=176.5, diversity=0.155 | INDIVIDUALS: n=200, avg_genome_length=10.49
2021-12-14 23:01:42.744256 | GENERATION: 231 | ERRORS: best=86, median=235.0, diversity=0.135 | INDIVIDUALS: n=200, avg_genome_length=9.755
2021-12-14 23:01:44.463507 | GENERATION: 232 | ERRORS: best=86, median=180.0, diversity=0.15 | INDIVIDUALS: n=200, avg_genome_length=9.765
2021-12-14 23:01:46.102528 | GENERATION: 233 | ERRORS: best=86, median=191.5, diversity=0.165 | INDIVIDUALS: n=200, avg_genome_length=10.33
2021-12-14 23:01:47.836850 | GENERATION: 234 | ERRORS: best=86, median=179.0, diversity=0.19 | INDIVIDUALS: n=200, avg_genome_length=10.665
2021-12-14 23:01:49.632355 | GENERATION: 235 | ERRORS: best=91, median=157.0, diversity=0.2 | INDIVIDUALS: n=200, avg_genome_length=9.96
2021-12-14 23:01:51.158586 | GENERATION: 236 | ERRORS: best=91, median=165.0, diversity=0.195 | INDIVIDUALS: n=200, avg_genome_length=9.85
2021-12-14 23:01:52.668069 | GENERATION: 237 | ERRORS: best=90, median=154.0, diversity=0.16 | INDIVIDUALS: n=200, avg_genome_length=9.705
2021-12-14 23:01:54.327096 | GENERATION: 238 | ERRORS: best=86, median=182.5, diversity=0.25 | INDIVIDUALS: n=200, avg_genome_length=12.625
2021-12-14 23:01:56.340219 | GENERATION: 239 | ERRORS: best=68, median=212.0, diversity=0.26 | INDIVIDUALS: n=200, avg_genome_length=13.3
2021-12-14 23:01:58.363681 | GENERATION: 240 | ERRORS: best=65, median=185.0, diversity=0.37 | INDIVIDUALS: n=200, avg_genome_length=14.705
2021-12-14 23:02:00.717770 | GENERATION: 241 | ERRORS: best=72, median=165.5, diversity=0.33 | INDIVIDUALS: n=200, avg_genome_length=13.315
2021-12-14 23:02:02.455088 | GENERATION: 242 | ERRORS: best=70, median=168.5, diversity=0.3 | INDIVIDUALS: n=200, avg_genome_length=13.255
2021-12-14 23:02:04.431170 | GENERATION: 243 | ERRORS: best=65, median=154.5, diversity=0.415 | INDIVIDUALS: n=200, avg_genome_length=12.955
2021-12-14 23:02:06.501196 | GENERATION: 244 | ERRORS: best=65, median=153.5, diversity=0.42 | INDIVIDUALS: n=200, avg_genome_length=12.345
2021-12-14 23:02:08.445303 | GENERATION: 245 | ERRORS: best=65, median=128.5, diversity=0.34 | INDIVIDUALS: n=200, avg_genome_length=13.005
2021-12-14 23:02:10.450675 | GENERATION: 246 | ERRORS: best=65, median=143.0, diversity=0.32 | INDIVIDUALS: n=200, avg_genome_length=11.83
2021-12-14 23:02:12.369494 | GENERATION: 247 | ERRORS: best=63, median=157.0, diversity=0.31 | INDIVIDUALS: n=200, avg_genome_length=11.555
2021-12-14 23:02:14.377155 | GENERATION: 248 | ERRORS: best=63, median=174.0, diversity=0.37 | INDIVIDUALS: n=200, avg_genome_length=13.155
2021-12-14 23:02:16.528653 | GENERATION: 249 | ERRORS: best=63, median=162.0, diversity=0.345 | INDIVIDUALS: n=200, avg_genome_length=12.865
2021-12-14 23:02:18.437933 | GENERATION: 250 | ERRORS: best=65, median=153.5, diversity=0.3 | INDIVIDUALS: n=200, avg_genome_length=11.315
2021-12-14 23:02:20.437802 | GENERATION: 251 | ERRORS: best=55, median=125.0, diversity=0.275 | INDIVIDUALS: n=200, avg_genome_length=10.375
2021-12-14 23:02:22.552434 | GENERATION: 252 | ERRORS: best=55, median=144.5, diversity=0.285 | INDIVIDUALS: n=200, avg_genome_length=12.96
2021-12-14 23:02:24.457356 | GENERATION: 253 | ERRORS: best=55, median=118.0, diversity=0.245 | INDIVIDUALS: n=200, avg_genome_length=11.375
2021-12-14 23:02:26.497799 | GENERATION: 254 | ERRORS: best=55, median=151.0, diversity=0.17 | INDIVIDUALS: n=200, avg_genome_length=10.6
2021-12-14 23:02:28.411526 | GENERATION: 255 | ERRORS: best=55, median=123.0, diversity=0.225 | INDIVIDUALS: n=200, avg_genome_length=11.285
2021-12-14 23:02:30.403887 | GENERATION: 256 | ERRORS: best=55, median=118.5, diversity=0.215 | INDIVIDUALS: n=200, avg_genome_length=10.585
2021-12-14 23:02:32.418749 | GENERATION: 257 | ERRORS: best=55, median=118.0, diversity=0.215 | INDIVIDUALS: n=200, avg_genome_length=10.315
2021-12-14 23:02:34.135826 | GENERATION: 258 | ERRORS: best=55, median=109.0, diversity=0.185 | INDIVIDUALS: n=200, avg_genome_length=10.42
2021-12-14 23:02:36.063227 | GENERATION: 259 | ERRORS: best=55, median=118.0, diversity=0.235 | INDIVIDUALS: n=200, avg_genome_length=9.67
2021-12-14 23:02:37.934469 | GENERATION: 260 | ERRORS: best=55, median=130.0, diversity=0.265 | INDIVIDUALS: n=200, avg_genome_length=10.21
2021-12-14 23:02:39.548380 | GENERATION: 261 | ERRORS: best=55, median=153.5, diversity=0.19 | INDIVIDUALS: n=200, avg_genome_length=8.675
2021-12-14 23:02:41.245085 | GENERATION: 262 | ERRORS: best=55, median=148.5, diversity=0.205 | INDIVIDUALS: n=200, avg_genome_length=8.035
2021-12-14 23:02:42.903789 | GENERATION: 263 | ERRORS: best=55, median=125.5, diversity=0.165 | INDIVIDUALS: n=200, avg_genome_length=7.29
2021-12-14 23:02:44.296229 | GENERATION: 264 | ERRORS: best=55, median=152.0, diversity=0.12 | INDIVIDUALS: n=200, avg_genome_length=6.635
2021-12-14 23:02:45.829165 | GENERATION: 265 | ERRORS: best=55, median=156.0, diversity=0.14 | INDIVIDUALS: n=200, avg_genome_length=7.49
2021-12-14 23:02:47.300280 | GENERATION: 266 | ERRORS: best=55, median=165.5, diversity=0.165 | INDIVIDUALS: n=200, avg_genome_length=8.76
2021-12-14 23:02:48.783429 | GENERATION: 267 | ERRORS: best=55, median=155.0, diversity=0.205 | INDIVIDUALS: n=200, avg_genome_length=9.8
2021-12-14 23:02:50.303452 | GENERATION: 268 | ERRORS: best=55, median=179.5, diversity=0.22 | INDIVIDUALS: n=200, avg_genome_length=9.83
2021-12-14 23:02:52.193505 | GENERATION: 269 | ERRORS: best=55, median=154.0, diversity=0.215 | INDIVIDUALS: n=200, avg_genome_length=11.19
2021-12-14 23:02:53.721391 | GENERATION: 270 | ERRORS: best=55, median=151.0, diversity=0.215 | INDIVIDUALS: n=200, avg_genome_length=10.675
2021-12-14 23:02:55.390094 | GENERATION: 271 | ERRORS: best=55, median=153.5, diversity=0.185 | INDIVIDUALS: n=200, avg_genome_length=10.91
2021-12-14 23:02:57.239927 | GENERATION: 272 | ERRORS: best=55, median=118.0, diversity=0.23 | INDIVIDUALS: n=200, avg_genome_length=13.16
2021-12-14 23:02:59.167271 | GENERATION: 273 | ERRORS: best=55, median=125.0, diversity=0.245 | INDIVIDUALS: n=200, avg_genome_length=11.725
2021-12-14 23:03:01.050251 | GENERATION: 274 | ERRORS: best=55, median=125.0, diversity=0.31 | INDIVIDUALS: n=200, avg_genome_length=12.135
2021-12-14 23:03:02.960273 | GENERATION: 275 | ERRORS: best=91, median=118.0, diversity=0.28 | INDIVIDUALS: n=200, avg_genome_length=11.76
2021-12-14 23:03:04.607708 | GENERATION: 276 | ERRORS: best=91, median=118.0, diversity=0.185 | INDIVIDUALS: n=200, avg_genome_length=9.615
2021-12-14 23:03:06.688720 | GENERATION: 277 | ERRORS: best=91, median=118.0, diversity=0.22 | INDIVIDUALS: n=200, avg_genome_length=12.42
2021-12-14 23:03:08.647527 | GENERATION: 278 | ERRORS: best=91, median=121.0, diversity=0.205 | INDIVIDUALS: n=200, avg_genome_length=11.665
2021-12-14 23:03:10.699346 | GENERATION: 279 | ERRORS: best=91, median=165.5, diversity=0.25 | INDIVIDUALS: n=200, avg_genome_length=11.295
2021-12-14 23:03:12.403051 | GENERATION: 280 | ERRORS: best=91, median=158.5, diversity=0.21 | INDIVIDUALS: n=200, avg_genome_length=10.405
2021-12-14 23:03:14.119944 | GENERATION: 281 | ERRORS: best=91, median=216.5, diversity=0.16 | INDIVIDUALS: n=200, avg_genome_length=9.16
2021-12-14 23:03:15.992327 | GENERATION: 282 | ERRORS: best=91, median=187.5, diversity=0.2 | INDIVIDUALS: n=200, avg_genome_length=8.28
2021-12-14 23:03:17.566262 | GENERATION: 283 | ERRORS: best=55, median=187.0, diversity=0.155 | INDIVIDUALS: n=200, avg_genome_length=7.72
2021-12-14 23:03:19.238081 | GENERATION: 284 | ERRORS: best=55, median=133.0, diversity=0.25 | INDIVIDUALS: n=200, avg_genome_length=10.39
2021-12-14 23:03:21.081405 | GENERATION: 285 | ERRORS: best=55, median=131.5, diversity=0.23 | INDIVIDUALS: n=200, avg_genome_length=10.965
2021-12-14 23:03:23.212443 | GENERATION: 286 | ERRORS: best=53, median=147.0, diversity=0.28 | INDIVIDUALS: n=200, avg_genome_length=11.615
2021-12-14 23:03:24.947308 | GENERATION: 287 | ERRORS: best=53, median=118.0, diversity=0.23 | INDIVIDUALS: n=200, avg_genome_length=11.29
2021-12-14 23:03:26.875914 | GENERATION: 288 | ERRORS: best=53, median=112.0, diversity=0.235 | INDIVIDUALS: n=200, avg_genome_length=10.395
2021-12-14 23:03:28.630515 | GENERATION: 289 | ERRORS: best=53, median=118.0, diversity=0.23 | INDIVIDUALS: n=200, avg_genome_length=10.685
2021-12-14 23:03:30.432357 | GENERATION: 290 | ERRORS: best=55, median=118.0, diversity=0.26 | INDIVIDUALS: n=200, avg_genome_length=10.38
2021-12-14 23:03:32.230827 | GENERATION: 291 | ERRORS: best=55, median=118.0, diversity=0.255 | INDIVIDUALS: n=200, avg_genome_length=8.915
2021-12-14 23:03:33.686887 | GENERATION: 292 | ERRORS: best=48, median=118.0, diversity=0.21 | INDIVIDUALS: n=200, avg_genome_length=8.275
2021-12-14 23:03:35.181628 | GENERATION: 293 | ERRORS: best=48, median=118.0, diversity=0.195 | INDIVIDUALS: n=200, avg_genome_length=7.995
2021-12-14 23:03:36.771046 | GENERATION: 294 | ERRORS: best=55, median=118.0, diversity=0.14 | INDIVIDUALS: n=200, avg_genome_length=7.475
2021-12-14 23:03:38.464283 | GENERATION: 295 | ERRORS: best=55, median=125.0, diversity=0.185 | INDIVIDUALS: n=200, avg_genome_length=8.06
2021-12-14 23:03:39.887259 | GENERATION: 296 | ERRORS: best=55, median=118.0, diversity=0.17 | INDIVIDUALS: n=200, avg_genome_length=8.205
2021-12-14 23:03:41.328068 | GENERATION: 297 | ERRORS: best=55, median=125.0, diversity=0.15 | INDIVIDUALS: n=200, avg_genome_length=7.26
2021-12-14 23:03:42.637033 | GENERATION: 298 | ERRORS: best=55, median=153.5, diversity=0.155 | INDIVIDUALS: n=200, avg_genome_length=6.09
2021-12-14 23:03:44.021991 | GENERATION: 299 | ERRORS: best=55, median=146.5, diversity=0.145 | INDIVIDUALS: n=200, avg_genome_length=6.595
2021-12-14 23:03:45.406371 | GENERATION: 300 | ERRORS: best=55, median=118.0, diversity=0.135 | INDIVIDUALS: n=200, avg_genome_length=6.5
Simplifying genome of length 20 with total error 38.
Simplified genome by 1 to length 19.
Simplified genome by 2 to length 17.
Simplified genome by 1 to length 16.
Simplified genome by 2 to length 14.
Simplified genome by 1 to length 13.
Simplified genome by 1 to length 12.
Simplified genome by 1 to length 11.
Simplified genome by 1 to length 10.
Simplified genome to length 10 and total error 35.
========================================
End Run
========================================
No solution found.
Best Seen Individual
	Genome:
	 pvector([Input(input_index=2), Input(input_index=1), Input(input_index=1), InstructionMeta(name='exec_yank', code_blocks=0), Input(input_index=0), InstructionMeta(name='int_max', code_blocks=0), InstructionMeta(name='int_min', code_blocks=0), InstructionMeta(name='print_int', code_blocks=0), InstructionMeta(name='exec_do_while', code_blocks=1), InstructionMeta(name='exec_dup_times', code_blocks=1)])
	Program:
	 (input_2 input_1 input_1 exec_yank input_0 int_max int_min print_int exec_do_while (exec_dup_times ()))
	Error vector:
	 [2 0 0 2 0 0 0 0 0 0 0 0 2 2 2 2 0 2 0 0 0 0 0 0 2 2 0 0 0 0 0 2 0 0 0 0 0
 0 0 2 0 0 0 0 2 0 0 1 0 0 0 0 0 0 0 0 0 0 2 0 0 0 0 0 0 0 0 0 0 0 0 0 0 0
 2 0 0 0 0 0 0 0 0 0 0 0 0 2 0 0 0 0 0 2 0 2 0 0 0 0]
	Total error:
	 35
	Test error:
	 389
	Time:
	 00:12:42
