Included 0 edge cases.
Included 100 random cases.
Included 100 cases in total.
Finished formatting.
Included 0 edge cases.
Included 1000 random cases.
Included 1000 cases in total.
Finished formatting.
========================================
Setup
========================================
Search Configuration:
signature: ProgramSignature(push_config=PushConfig(runtime_limit=10, numeric_magnitude_limit=1000000000000.0, growth_cap=500, step_limit=200, collection_size_cap=1000), arity=3, output_stacks=['stdout'])
evaluator: <pyshgp.gp.evaluation.DatasetEvaluator object at 0x7f332f5646d0>
spawner: <pyshgp.gp.genome.GeneSpawner object at 0x7f332f564940>
population_size: 200
max_generations: 300
error_threshold: 0.0
initial_genome_size: (20, 100)
simplification_steps: 500
parallel_context: <pyshgp.gp.search.ParallelContext object at 0x7f3327e70610>
selection: <pyshgp.utils.DiscreteProbDistrib object at 0x7f332f58b8c0>
variation: <pyshgp.utils.DiscreteProbDistrib object at 0x7f332f589b00>
Instructions:
int_add, int_sub, int_mult, int_div, int_mod, int_min, int_max, int_inc, int_dec, int_lt, int_lte, int_gt, int_gte, int_from_bool, bool_and, bool_or, bool_not, bool_xor, bool_invert_first_then_and, bool_second_first_then_and, bool_from_int, noop, noop_open, exec_do_range, exec_do_count, exec_while, exec_do_while, exec_if, exec_when, print_bool, println_bool, print_int, println_int, print_exec, println_exec, bool_pop, bool_dup, bool_dup_times, bool_swap, bool_rot, bool_flush, bool_eq, bool_stack_depth, bool_yank, bool_yank_dup, bool_shove, bool_shove_dup, bool_is_empty, int_pop, int_dup, int_dup_times, int_swap, int_rot, int_flush, int_eq, int_stack_depth, int_yank, int_yank_dup, int_shove, int_shove_dup, int_is_empty, exec_pop, exec_dup, exec_dup_times, exec_swap, exec_rot, exec_flush, exec_eq, exec_stack_depth, exec_yank, exec_yank_dup, exec_shove, exec_shove_dup, exec_is_empty
Literals:
[]
ERC Generators:
[<function rand_int at 0x7f332f568a60>]
========================================
Start Run
========================================
2021-12-15 04:09:25.934336 | GENERATION: 1 | ERRORS: best=215, median=321.5, diversity=0.215 | INDIVIDUALS: n=200, avg_genome_length=57.855
2021-12-15 04:09:29.589254 | GENERATION: 2 | ERRORS: best=180, median=227.0, diversity=0.28 | INDIVIDUALS: n=200, avg_genome_length=48.52
2021-12-15 04:09:33.396512 | GENERATION: 3 | ERRORS: best=97, median=240.0, diversity=0.475 | INDIVIDUALS: n=200, avg_genome_length=52.02
2021-12-15 04:09:36.776834 | GENERATION: 4 | ERRORS: best=97, median=124.0, diversity=0.255 | INDIVIDUALS: n=200, avg_genome_length=58.675
2021-12-15 04:09:39.703173 | GENERATION: 5 | ERRORS: best=97, median=124.0, diversity=0.245 | INDIVIDUALS: n=200, avg_genome_length=66.07
2021-12-15 04:09:42.541944 | GENERATION: 6 | ERRORS: best=97, median=124.0, diversity=0.215 | INDIVIDUALS: n=200, avg_genome_length=65.78
2021-12-15 04:09:45.385736 | GENERATION: 7 | ERRORS: best=97, median=124.0, diversity=0.26 | INDIVIDUALS: n=200, avg_genome_length=68.945
2021-12-15 04:09:48.767544 | GENERATION: 8 | ERRORS: best=97, median=125.0, diversity=0.28 | INDIVIDUALS: n=200, avg_genome_length=68.195
2021-12-15 04:09:52.131314 | GENERATION: 9 | ERRORS: best=97, median=125.0, diversity=0.275 | INDIVIDUALS: n=200, avg_genome_length=68.57
2021-12-15 04:09:55.359635 | GENERATION: 10 | ERRORS: best=97, median=130.0, diversity=0.335 | INDIVIDUALS: n=200, avg_genome_length=68.98
2021-12-15 04:09:58.187436 | GENERATION: 11 | ERRORS: best=97, median=155.0, diversity=0.31 | INDIVIDUALS: n=200, avg_genome_length=69.17
2021-12-15 04:10:00.743377 | GENERATION: 12 | ERRORS: best=97, median=125.0, diversity=0.355 | INDIVIDUALS: n=200, avg_genome_length=68.77
2021-12-15 04:10:03.710871 | GENERATION: 13 | ERRORS: best=97, median=124.0, diversity=0.34 | INDIVIDUALS: n=200, avg_genome_length=71.405
2021-12-15 04:10:07.033194 | GENERATION: 14 | ERRORS: best=88, median=140.0, diversity=0.345 | INDIVIDUALS: n=200, avg_genome_length=67.91
2021-12-15 04:10:10.018982 | GENERATION: 15 | ERRORS: best=88, median=124.0, diversity=0.32 | INDIVIDUALS: n=200, avg_genome_length=66.31
2021-12-15 04:10:13.075186 | GENERATION: 16 | ERRORS: best=88, median=113.0, diversity=0.32 | INDIVIDUALS: n=200, avg_genome_length=64.41
2021-12-15 04:10:16.239464 | GENERATION: 17 | ERRORS: best=88, median=114.0, diversity=0.38 | INDIVIDUALS: n=200, avg_genome_length=64.535
2021-12-15 04:10:19.787675 | GENERATION: 18 | ERRORS: best=88, median=116.0, diversity=0.39 | INDIVIDUALS: n=200, avg_genome_length=65.46
2021-12-15 04:10:23.131700 | GENERATION: 19 | ERRORS: best=88, median=124.0, diversity=0.415 | INDIVIDUALS: n=200, avg_genome_length=64.805
2021-12-15 04:10:26.261532 | GENERATION: 20 | ERRORS: best=88, median=113.0, diversity=0.385 | INDIVIDUALS: n=200, avg_genome_length=63.93
2021-12-15 04:10:29.340561 | GENERATION: 21 | ERRORS: best=66, median=108.5, diversity=0.37 | INDIVIDUALS: n=200, avg_genome_length=63.675
2021-12-15 04:10:32.811238 | GENERATION: 22 | ERRORS: best=66, median=123.5, diversity=0.445 | INDIVIDUALS: n=200, avg_genome_length=65.5
2021-12-15 04:10:36.756446 | GENERATION: 23 | ERRORS: best=66, median=124.0, diversity=0.52 | INDIVIDUALS: n=200, avg_genome_length=67.735
2021-12-15 04:10:40.113402 | GENERATION: 24 | ERRORS: best=66, median=119.0, diversity=0.44 | INDIVIDUALS: n=200, avg_genome_length=66.525
2021-12-15 04:10:43.419464 | GENERATION: 25 | ERRORS: best=66, median=124.0, diversity=0.46 | INDIVIDUALS: n=200, avg_genome_length=65.87
2021-12-15 04:10:47.028056 | GENERATION: 26 | ERRORS: best=58, median=118.0, diversity=0.475 | INDIVIDUALS: n=200, avg_genome_length=70.575
2021-12-15 04:10:50.710827 | GENERATION: 27 | ERRORS: best=43, median=119.0, diversity=0.525 | INDIVIDUALS: n=200, avg_genome_length=70.965
2021-12-15 04:10:56.062878 | GENERATION: 28 | ERRORS: best=43, median=125.0, diversity=0.515 | INDIVIDUALS: n=200, avg_genome_length=74.02
2021-12-15 04:11:01.325309 | GENERATION: 29 | ERRORS: best=43, median=124.0, diversity=0.565 | INDIVIDUALS: n=200, avg_genome_length=74.315
2021-12-15 04:11:06.061969 | GENERATION: 30 | ERRORS: best=43, median=124.0, diversity=0.525 | INDIVIDUALS: n=200, avg_genome_length=75.35
2021-12-15 04:11:10.876214 | GENERATION: 31 | ERRORS: best=43, median=145.0, diversity=0.585 | INDIVIDUALS: n=200, avg_genome_length=76.195
2021-12-15 04:11:15.505997 | GENERATION: 32 | ERRORS: best=43, median=119.0, diversity=0.525 | INDIVIDUALS: n=200, avg_genome_length=75.985
2021-12-15 04:11:20.174040 | GENERATION: 33 | ERRORS: best=43, median=126.0, diversity=0.55 | INDIVIDUALS: n=200, avg_genome_length=76.28
2021-12-15 04:11:24.570463 | GENERATION: 34 | ERRORS: best=43, median=115.5, diversity=0.465 | INDIVIDUALS: n=200, avg_genome_length=77.24
2021-12-15 04:11:28.512443 | GENERATION: 35 | ERRORS: best=43, median=117.0, diversity=0.49 | INDIVIDUALS: n=200, avg_genome_length=77.38
2021-12-15 04:11:32.466972 | GENERATION: 36 | ERRORS: best=43, median=124.0, diversity=0.52 | INDIVIDUALS: n=200, avg_genome_length=76.15
2021-12-15 04:11:36.591255 | GENERATION: 37 | ERRORS: best=43, median=113.5, diversity=0.475 | INDIVIDUALS: n=200, avg_genome_length=78.88
2021-12-15 04:11:40.598318 | GENERATION: 38 | ERRORS: best=43, median=109.0, diversity=0.475 | INDIVIDUALS: n=200, avg_genome_length=76.295
2021-12-15 04:11:44.809323 | GENERATION: 39 | ERRORS: best=43, median=117.0, diversity=0.535 | INDIVIDUALS: n=200, avg_genome_length=77.88
2021-12-15 04:11:48.705744 | GENERATION: 40 | ERRORS: best=43, median=114.5, diversity=0.48 | INDIVIDUALS: n=200, avg_genome_length=79.665
2021-12-15 04:11:53.181516 | GENERATION: 41 | ERRORS: best=43, median=110.5, diversity=0.465 | INDIVIDUALS: n=200, avg_genome_length=81.06
2021-12-15 04:11:57.522994 | GENERATION: 42 | ERRORS: best=43, median=109.0, diversity=0.485 | INDIVIDUALS: n=200, avg_genome_length=80.46
2021-12-15 04:12:01.542591 | GENERATION: 43 | ERRORS: best=43, median=109.0, diversity=0.48 | INDIVIDUALS: n=200, avg_genome_length=82.84
2021-12-15 04:12:06.348493 | GENERATION: 44 | ERRORS: best=43, median=113.5, diversity=0.525 | INDIVIDUALS: n=200, avg_genome_length=82.195
2021-12-15 04:12:10.643600 | GENERATION: 45 | ERRORS: best=43, median=114.0, diversity=0.545 | INDIVIDUALS: n=200, avg_genome_length=81.64
2021-12-15 04:12:14.425841 | GENERATION: 46 | ERRORS: best=43, median=109.0, diversity=0.465 | INDIVIDUALS: n=200, avg_genome_length=79.775
2021-12-15 04:12:18.075822 | GENERATION: 47 | ERRORS: best=43, median=111.5, diversity=0.435 | INDIVIDUALS: n=200, avg_genome_length=78.785
2021-12-15 04:12:21.990927 | GENERATION: 48 | ERRORS: best=43, median=108.5, diversity=0.425 | INDIVIDUALS: n=200, avg_genome_length=82.28
2021-12-15 04:12:25.746040 | GENERATION: 49 | ERRORS: best=43, median=108.0, diversity=0.42 | INDIVIDUALS: n=200, avg_genome_length=83.36
2021-12-15 04:12:29.912736 | GENERATION: 50 | ERRORS: best=43, median=109.0, diversity=0.45 | INDIVIDUALS: n=200, avg_genome_length=86.105
2021-12-15 04:12:34.000931 | GENERATION: 51 | ERRORS: best=43, median=107.5, diversity=0.465 | INDIVIDUALS: n=200, avg_genome_length=86.35
2021-12-15 04:12:38.186454 | GENERATION: 52 | ERRORS: best=43, median=118.5, diversity=0.44 | INDIVIDUALS: n=200, avg_genome_length=86.31
2021-12-15 04:12:42.479568 | GENERATION: 53 | ERRORS: best=43, median=110.5, diversity=0.54 | INDIVIDUALS: n=200, avg_genome_length=83.21
2021-12-15 04:12:47.390287 | GENERATION: 54 | ERRORS: best=43, median=115.0, diversity=0.495 | INDIVIDUALS: n=200, avg_genome_length=85.26
2021-12-15 04:12:51.460846 | GENERATION: 55 | ERRORS: best=43, median=111.0, diversity=0.48 | INDIVIDUALS: n=200, avg_genome_length=85.905
2021-12-15 04:12:55.563893 | GENERATION: 56 | ERRORS: best=43, median=124.0, diversity=0.495 | INDIVIDUALS: n=200, avg_genome_length=85.16
2021-12-15 04:12:59.686279 | GENERATION: 57 | ERRORS: best=43, median=110.5, diversity=0.51 | INDIVIDUALS: n=200, avg_genome_length=84.585
2021-12-15 04:13:04.514546 | GENERATION: 58 | ERRORS: best=43, median=115.0, diversity=0.53 | INDIVIDUALS: n=200, avg_genome_length=85.535
2021-12-15 04:13:09.438340 | GENERATION: 59 | ERRORS: best=43, median=125.0, diversity=0.56 | INDIVIDUALS: n=200, avg_genome_length=87.75
2021-12-15 04:13:14.043938 | GENERATION: 60 | ERRORS: best=43, median=124.0, diversity=0.565 | INDIVIDUALS: n=200, avg_genome_length=89.185
2021-12-15 04:13:19.151067 | GENERATION: 61 | ERRORS: best=43, median=124.5, diversity=0.555 | INDIVIDUALS: n=200, avg_genome_length=88.675
2021-12-15 04:13:23.733722 | GENERATION: 62 | ERRORS: best=43, median=124.5, diversity=0.57 | INDIVIDUALS: n=200, avg_genome_length=88.34
2021-12-15 04:13:28.325985 | GENERATION: 63 | ERRORS: best=43, median=115.0, diversity=0.505 | INDIVIDUALS: n=200, avg_genome_length=82.88
2021-12-15 04:13:32.752415 | GENERATION: 64 | ERRORS: best=43, median=132.5, diversity=0.485 | INDIVIDUALS: n=200, avg_genome_length=85.92
2021-12-15 04:13:37.498034 | GENERATION: 65 | ERRORS: best=26, median=124.5, diversity=0.495 | INDIVIDUALS: n=200, avg_genome_length=83.21
2021-12-15 04:13:41.944320 | GENERATION: 66 | ERRORS: best=26, median=115.0, diversity=0.52 | INDIVIDUALS: n=200, avg_genome_length=80.515
2021-12-15 04:13:46.420168 | GENERATION: 67 | ERRORS: best=26, median=125.0, diversity=0.485 | INDIVIDUALS: n=200, avg_genome_length=81.63
2021-12-15 04:13:50.725408 | GENERATION: 68 | ERRORS: best=26, median=124.0, diversity=0.53 | INDIVIDUALS: n=200, avg_genome_length=82.25
2021-12-15 04:13:54.849198 | GENERATION: 69 | ERRORS: best=26, median=124.0, diversity=0.48 | INDIVIDUALS: n=200, avg_genome_length=80.965
2021-12-15 04:13:58.821439 | GENERATION: 70 | ERRORS: best=26, median=115.0, diversity=0.49 | INDIVIDUALS: n=200, avg_genome_length=82.195
2021-12-15 04:14:02.842318 | GENERATION: 71 | ERRORS: best=26, median=124.0, diversity=0.51 | INDIVIDUALS: n=200, avg_genome_length=83.585
2021-12-15 04:14:06.615935 | GENERATION: 72 | ERRORS: best=26, median=108.0, diversity=0.38 | INDIVIDUALS: n=200, avg_genome_length=77.78
2021-12-15 04:14:10.164851 | GENERATION: 73 | ERRORS: best=26, median=115.0, diversity=0.48 | INDIVIDUALS: n=200, avg_genome_length=76.655
2021-12-15 04:14:13.534409 | GENERATION: 74 | ERRORS: best=26, median=112.0, diversity=0.45 | INDIVIDUALS: n=200, avg_genome_length=77.775
2021-12-15 04:14:17.388152 | GENERATION: 75 | ERRORS: best=26, median=108.0, diversity=0.43 | INDIVIDUALS: n=200, avg_genome_length=78.315
2021-12-15 04:14:20.897141 | GENERATION: 76 | ERRORS: best=26, median=109.0, diversity=0.46 | INDIVIDUALS: n=200, avg_genome_length=80.47
2021-12-15 04:14:24.524591 | GENERATION: 77 | ERRORS: best=18, median=115.0, diversity=0.515 | INDIVIDUALS: n=200, avg_genome_length=80.025
2021-12-15 04:14:28.727352 | GENERATION: 78 | ERRORS: best=18, median=134.5, diversity=0.48 | INDIVIDUALS: n=200, avg_genome_length=82.62
2021-12-15 04:14:33.174666 | GENERATION: 79 | ERRORS: best=18, median=111.5, diversity=0.51 | INDIVIDUALS: n=200, avg_genome_length=82.7
2021-12-15 04:14:38.730293 | GENERATION: 80 | ERRORS: best=18, median=125.0, diversity=0.53 | INDIVIDUALS: n=200, avg_genome_length=83.285
2021-12-15 04:14:44.683927 | GENERATION: 81 | ERRORS: best=18, median=108.0, diversity=0.53 | INDIVIDUALS: n=200, avg_genome_length=82.665
2021-12-15 04:14:49.999124 | GENERATION: 82 | ERRORS: best=18, median=123.5, diversity=0.505 | INDIVIDUALS: n=200, avg_genome_length=84.975
2021-12-15 04:14:55.148081 | GENERATION: 83 | ERRORS: best=18, median=127.0, diversity=0.555 | INDIVIDUALS: n=200, avg_genome_length=84.9
2021-12-15 04:15:00.990117 | GENERATION: 84 | ERRORS: best=18, median=115.0, diversity=0.495 | INDIVIDUALS: n=200, avg_genome_length=85.36
2021-12-15 04:15:05.973647 | GENERATION: 85 | ERRORS: best=18, median=121.0, diversity=0.505 | INDIVIDUALS: n=200, avg_genome_length=83.785
2021-12-15 04:15:11.445912 | GENERATION: 86 | ERRORS: best=18, median=129.0, diversity=0.575 | INDIVIDUALS: n=200, avg_genome_length=84.935
2021-12-15 04:15:15.982294 | GENERATION: 87 | ERRORS: best=18, median=136.0, diversity=0.5 | INDIVIDUALS: n=200, avg_genome_length=86.74
2021-12-15 04:15:20.239426 | GENERATION: 88 | ERRORS: best=18, median=115.0, diversity=0.475 | INDIVIDUALS: n=200, avg_genome_length=82.79
2021-12-15 04:15:24.581611 | GENERATION: 89 | ERRORS: best=18, median=125.0, diversity=0.52 | INDIVIDUALS: n=200, avg_genome_length=84.85
2021-12-15 04:15:29.164299 | GENERATION: 90 | ERRORS: best=18, median=115.0, diversity=0.445 | INDIVIDUALS: n=200, avg_genome_length=85.03
2021-12-15 04:15:33.590796 | GENERATION: 91 | ERRORS: best=18, median=124.5, diversity=0.51 | INDIVIDUALS: n=200, avg_genome_length=85.07
2021-12-15 04:15:37.512572 | GENERATION: 92 | ERRORS: best=18, median=115.0, diversity=0.495 | INDIVIDUALS: n=200, avg_genome_length=86.48
2021-12-15 04:15:41.943078 | GENERATION: 93 | ERRORS: best=18, median=125.0, diversity=0.49 | INDIVIDUALS: n=200, avg_genome_length=90.64
2021-12-15 04:15:46.315843 | GENERATION: 94 | ERRORS: best=18, median=115.0, diversity=0.525 | INDIVIDUALS: n=200, avg_genome_length=95.57
2021-12-15 04:15:50.814610 | GENERATION: 95 | ERRORS: best=18, median=110.5, diversity=0.475 | INDIVIDUALS: n=200, avg_genome_length=92.625
2021-12-15 04:15:55.367352 | GENERATION: 96 | ERRORS: best=18, median=124.0, diversity=0.53 | INDIVIDUALS: n=200, avg_genome_length=95.255
2021-12-15 04:15:59.962199 | GENERATION: 97 | ERRORS: best=18, median=130.5, diversity=0.55 | INDIVIDUALS: n=200, avg_genome_length=97.57
2021-12-15 04:16:04.579591 | GENERATION: 98 | ERRORS: best=18, median=115.0, diversity=0.53 | INDIVIDUALS: n=200, avg_genome_length=101.09
2021-12-15 04:16:09.054080 | GENERATION: 99 | ERRORS: best=18, median=142.0, diversity=0.49 | INDIVIDUALS: n=200, avg_genome_length=100.585
2021-12-15 04:16:13.624474 | GENERATION: 100 | ERRORS: best=18, median=124.0, diversity=0.505 | INDIVIDUALS: n=200, avg_genome_length=98.945
2021-12-15 04:16:18.338706 | GENERATION: 101 | ERRORS: best=18, median=127.0, diversity=0.53 | INDIVIDUALS: n=200, avg_genome_length=96.52
2021-12-15 04:16:22.635925 | GENERATION: 102 | ERRORS: best=18, median=125.0, diversity=0.545 | INDIVIDUALS: n=200, avg_genome_length=95.33
2021-12-15 04:16:27.337953 | GENERATION: 103 | ERRORS: best=18, median=124.0, diversity=0.515 | INDIVIDUALS: n=200, avg_genome_length=97.39
2021-12-15 04:16:32.080744 | GENERATION: 104 | ERRORS: best=18, median=125.0, diversity=0.5 | INDIVIDUALS: n=200, avg_genome_length=93.705
2021-12-15 04:16:37.084875 | GENERATION: 105 | ERRORS: best=18, median=139.0, diversity=0.57 | INDIVIDUALS: n=200, avg_genome_length=95.305
2021-12-15 04:16:41.896213 | GENERATION: 106 | ERRORS: best=18, median=124.0, diversity=0.535 | INDIVIDUALS: n=200, avg_genome_length=97.785
2021-12-15 04:16:46.762716 | GENERATION: 107 | ERRORS: best=18, median=115.0, diversity=0.525 | INDIVIDUALS: n=200, avg_genome_length=104.205
2021-12-15 04:16:51.575484 | GENERATION: 108 | ERRORS: best=18, median=125.0, diversity=0.555 | INDIVIDUALS: n=200, avg_genome_length=102.635
2021-12-15 04:16:56.495666 | GENERATION: 109 | ERRORS: best=18, median=173.5, diversity=0.605 | INDIVIDUALS: n=200, avg_genome_length=106.91
2021-12-15 04:17:01.117007 | GENERATION: 110 | ERRORS: best=18, median=114.0, diversity=0.48 | INDIVIDUALS: n=200, avg_genome_length=103.685
2021-12-15 04:17:06.391616 | GENERATION: 111 | ERRORS: best=18, median=115.5, diversity=0.58 | INDIVIDUALS: n=200, avg_genome_length=105.58
2021-12-15 04:17:11.569750 | GENERATION: 112 | ERRORS: best=18, median=115.0, diversity=0.515 | INDIVIDUALS: n=200, avg_genome_length=106.945
2021-12-15 04:17:16.333474 | GENERATION: 113 | ERRORS: best=18, median=109.0, diversity=0.52 | INDIVIDUALS: n=200, avg_genome_length=103.925
2021-12-15 04:17:20.744354 | GENERATION: 114 | ERRORS: best=18, median=115.0, diversity=0.44 | INDIVIDUALS: n=200, avg_genome_length=104.48
2021-12-15 04:17:25.320193 | GENERATION: 115 | ERRORS: best=18, median=108.0, diversity=0.465 | INDIVIDUALS: n=200, avg_genome_length=103.39
2021-12-15 04:17:29.750249 | GENERATION: 116 | ERRORS: best=18, median=108.0, diversity=0.47 | INDIVIDUALS: n=200, avg_genome_length=108.805
2021-12-15 04:17:33.928628 | GENERATION: 117 | ERRORS: best=18, median=113.0, diversity=0.485 | INDIVIDUALS: n=200, avg_genome_length=109.19
2021-12-15 04:17:38.421873 | GENERATION: 118 | ERRORS: best=18, median=117.5, diversity=0.52 | INDIVIDUALS: n=200, avg_genome_length=110.985
2021-12-15 04:17:43.081174 | GENERATION: 119 | ERRORS: best=18, median=108.0, diversity=0.51 | INDIVIDUALS: n=200, avg_genome_length=111.245
2021-12-15 04:17:47.460272 | GENERATION: 120 | ERRORS: best=18, median=115.5, diversity=0.52 | INDIVIDUALS: n=200, avg_genome_length=111.435
2021-12-15 04:17:51.699138 | GENERATION: 121 | ERRORS: best=18, median=140.0, diversity=0.55 | INDIVIDUALS: n=200, avg_genome_length=111.015
2021-12-15 04:17:56.224885 | GENERATION: 122 | ERRORS: best=18, median=108.0, diversity=0.5 | INDIVIDUALS: n=200, avg_genome_length=106.3
2021-12-15 04:18:00.847722 | GENERATION: 123 | ERRORS: best=18, median=118.0, diversity=0.515 | INDIVIDUALS: n=200, avg_genome_length=105.41
2021-12-15 04:18:05.977207 | GENERATION: 124 | ERRORS: best=18, median=115.0, diversity=0.52 | INDIVIDUALS: n=200, avg_genome_length=103.065
2021-12-15 04:18:10.626904 | GENERATION: 125 | ERRORS: best=18, median=108.0, diversity=0.445 | INDIVIDUALS: n=200, avg_genome_length=107.355
2021-12-15 04:18:14.935264 | GENERATION: 126 | ERRORS: best=18, median=109.0, diversity=0.435 | INDIVIDUALS: n=200, avg_genome_length=108.335
2021-12-15 04:18:18.955400 | GENERATION: 127 | ERRORS: best=18, median=115.0, diversity=0.48 | INDIVIDUALS: n=200, avg_genome_length=109.865
2021-12-15 04:18:23.254876 | GENERATION: 128 | ERRORS: best=18, median=124.0, diversity=0.505 | INDIVIDUALS: n=200, avg_genome_length=105.68
2021-12-15 04:18:27.583041 | GENERATION: 129 | ERRORS: best=18, median=130.0, diversity=0.58 | INDIVIDUALS: n=200, avg_genome_length=107.89
2021-12-15 04:18:32.056928 | GENERATION: 130 | ERRORS: best=18, median=125.0, diversity=0.525 | INDIVIDUALS: n=200, avg_genome_length=105.055
2021-12-15 04:18:36.313714 | GENERATION: 131 | ERRORS: best=18, median=115.0, diversity=0.455 | INDIVIDUALS: n=200, avg_genome_length=106.505
2021-12-15 04:18:40.600273 | GENERATION: 132 | ERRORS: best=18, median=115.5, diversity=0.525 | INDIVIDUALS: n=200, avg_genome_length=102.13
2021-12-15 04:18:44.256051 | GENERATION: 133 | ERRORS: best=18, median=108.5, diversity=0.415 | INDIVIDUALS: n=200, avg_genome_length=108.63
2021-12-15 04:18:48.308335 | GENERATION: 134 | ERRORS: best=18, median=115.0, diversity=0.445 | INDIVIDUALS: n=200, avg_genome_length=105.195
2021-12-15 04:18:52.096694 | GENERATION: 135 | ERRORS: best=18, median=108.0, diversity=0.405 | INDIVIDUALS: n=200, avg_genome_length=106.9
2021-12-15 04:18:55.928008 | GENERATION: 136 | ERRORS: best=18, median=114.0, diversity=0.43 | INDIVIDUALS: n=200, avg_genome_length=109.705
2021-12-15 04:18:59.535251 | GENERATION: 137 | ERRORS: best=18, median=108.0, diversity=0.435 | INDIVIDUALS: n=200, avg_genome_length=104.365
2021-12-15 04:19:03.499744 | GENERATION: 138 | ERRORS: best=18, median=117.5, diversity=0.52 | INDIVIDUALS: n=200, avg_genome_length=106.875
2021-12-15 04:19:07.448827 | GENERATION: 139 | ERRORS: best=18, median=109.0, diversity=0.455 | INDIVIDUALS: n=200, avg_genome_length=108.385
2021-12-15 04:19:11.309193 | GENERATION: 140 | ERRORS: best=18, median=109.0, diversity=0.44 | INDIVIDUALS: n=200, avg_genome_length=117.455
2021-12-15 04:19:14.983238 | GENERATION: 141 | ERRORS: best=18, median=115.0, diversity=0.48 | INDIVIDUALS: n=200, avg_genome_length=113.18
2021-12-15 04:19:18.593978 | GENERATION: 142 | ERRORS: best=18, median=112.0, diversity=0.375 | INDIVIDUALS: n=200, avg_genome_length=118.985
2021-12-15 04:19:22.639211 | GENERATION: 143 | ERRORS: best=18, median=115.0, diversity=0.51 | INDIVIDUALS: n=200, avg_genome_length=120.685
2021-12-15 04:19:26.615642 | GENERATION: 144 | ERRORS: best=18, median=109.0, diversity=0.425 | INDIVIDUALS: n=200, avg_genome_length=119.955
2021-12-15 04:19:30.944267 | GENERATION: 145 | ERRORS: best=18, median=124.5, diversity=0.535 | INDIVIDUALS: n=200, avg_genome_length=120.845
2021-12-15 04:19:35.230452 | GENERATION: 146 | ERRORS: best=14, median=123.5, diversity=0.535 | INDIVIDUALS: n=200, avg_genome_length=125.585
2021-12-15 04:19:39.428832 | GENERATION: 147 | ERRORS: best=14, median=124.5, diversity=0.575 | INDIVIDUALS: n=200, avg_genome_length=105.765
2021-12-15 04:19:43.905168 | GENERATION: 148 | ERRORS: best=14, median=126.5, diversity=0.535 | INDIVIDUALS: n=200, avg_genome_length=110.75
2021-12-15 04:19:48.266582 | GENERATION: 149 | ERRORS: best=14, median=115.0, diversity=0.51 | INDIVIDUALS: n=200, avg_genome_length=107.31
2021-12-15 04:19:52.145618 | GENERATION: 150 | ERRORS: best=14, median=129.0, diversity=0.58 | INDIVIDUALS: n=200, avg_genome_length=104.99
2021-12-15 04:19:56.083420 | GENERATION: 151 | ERRORS: best=14, median=115.0, diversity=0.54 | INDIVIDUALS: n=200, avg_genome_length=98.845
2021-12-15 04:20:00.244691 | GENERATION: 152 | ERRORS: best=14, median=150.0, diversity=0.545 | INDIVIDUALS: n=200, avg_genome_length=102.925
2021-12-15 04:20:04.128739 | GENERATION: 153 | ERRORS: best=14, median=124.0, diversity=0.505 | INDIVIDUALS: n=200, avg_genome_length=100.92
2021-12-15 04:20:07.924753 | GENERATION: 154 | ERRORS: best=14, median=121.0, diversity=0.545 | INDIVIDUALS: n=200, avg_genome_length=102.08
2021-12-15 04:20:12.007046 | GENERATION: 155 | ERRORS: best=12, median=124.5, diversity=0.5 | INDIVIDUALS: n=200, avg_genome_length=102.725
2021-12-15 04:20:15.750693 | GENERATION: 156 | ERRORS: best=12, median=125.0, diversity=0.51 | INDIVIDUALS: n=200, avg_genome_length=104.8
2021-12-15 04:20:19.728912 | GENERATION: 157 | ERRORS: best=12, median=115.0, diversity=0.5 | INDIVIDUALS: n=200, avg_genome_length=105.445
2021-12-15 04:20:23.473162 | GENERATION: 158 | ERRORS: best=12, median=115.5, diversity=0.485 | INDIVIDUALS: n=200, avg_genome_length=106.185
2021-12-15 04:20:27.628280 | GENERATION: 159 | ERRORS: best=12, median=109.0, diversity=0.525 | INDIVIDUALS: n=200, avg_genome_length=106.865
2021-12-15 04:20:31.888840 | GENERATION: 160 | ERRORS: best=12, median=124.0, diversity=0.535 | INDIVIDUALS: n=200, avg_genome_length=102.02
2021-12-15 04:20:36.265681 | GENERATION: 161 | ERRORS: best=12, median=124.0, diversity=0.565 | INDIVIDUALS: n=200, avg_genome_length=103.075
2021-12-15 04:20:40.722648 | GENERATION: 162 | ERRORS: best=12, median=124.0, diversity=0.58 | INDIVIDUALS: n=200, avg_genome_length=97.985
2021-12-15 04:20:44.837932 | GENERATION: 163 | ERRORS: best=12, median=125.0, diversity=0.49 | INDIVIDUALS: n=200, avg_genome_length=96.355
2021-12-15 04:20:49.025243 | GENERATION: 164 | ERRORS: best=12, median=124.0, diversity=0.545 | INDIVIDUALS: n=200, avg_genome_length=92.735
2021-12-15 04:20:52.852970 | GENERATION: 165 | ERRORS: best=12, median=148.5, diversity=0.565 | INDIVIDUALS: n=200, avg_genome_length=90.84
2021-12-15 04:20:57.104201 | GENERATION: 166 | ERRORS: best=12, median=113.5, diversity=0.535 | INDIVIDUALS: n=200, avg_genome_length=89.965
2021-12-15 04:21:01.463103 | GENERATION: 167 | ERRORS: best=12, median=140.5, diversity=0.545 | INDIVIDUALS: n=200, avg_genome_length=88.29
2021-12-15 04:21:05.528725 | GENERATION: 168 | ERRORS: best=12, median=124.5, diversity=0.525 | INDIVIDUALS: n=200, avg_genome_length=84.66
2021-12-15 04:21:10.326857 | GENERATION: 169 | ERRORS: best=12, median=124.0, diversity=0.535 | INDIVIDUALS: n=200, avg_genome_length=88.52
2021-12-15 04:21:14.524438 | GENERATION: 170 | ERRORS: best=12, median=124.5, diversity=0.525 | INDIVIDUALS: n=200, avg_genome_length=84.295
2021-12-15 04:21:18.482739 | GENERATION: 171 | ERRORS: best=12, median=117.0, diversity=0.555 | INDIVIDUALS: n=200, avg_genome_length=86.995
2021-12-15 04:21:22.372405 | GENERATION: 172 | ERRORS: best=12, median=111.0, diversity=0.445 | INDIVIDUALS: n=200, avg_genome_length=83.915
2021-12-15 04:21:26.461097 | GENERATION: 173 | ERRORS: best=12, median=123.0, diversity=0.495 | INDIVIDUALS: n=200, avg_genome_length=86.705
2021-12-15 04:21:31.004417 | GENERATION: 174 | ERRORS: best=12, median=120.5, diversity=0.485 | INDIVIDUALS: n=200, avg_genome_length=92.105
2021-12-15 04:21:35.512674 | GENERATION: 175 | ERRORS: best=12, median=114.5, diversity=0.455 | INDIVIDUALS: n=200, avg_genome_length=88.89
2021-12-15 04:21:40.605297 | GENERATION: 176 | ERRORS: best=12, median=121.0, diversity=0.51 | INDIVIDUALS: n=200, avg_genome_length=92.925
2021-12-15 04:21:45.423574 | GENERATION: 177 | ERRORS: best=12, median=152.0, diversity=0.515 | INDIVIDUALS: n=200, avg_genome_length=89.825
2021-12-15 04:21:50.262409 | GENERATION: 178 | ERRORS: best=12, median=110.5, diversity=0.48 | INDIVIDUALS: n=200, avg_genome_length=92.26
2021-12-15 04:21:54.468642 | GENERATION: 179 | ERRORS: best=12, median=115.0, diversity=0.455 | INDIVIDUALS: n=200, avg_genome_length=91.43
2021-12-15 04:21:59.028906 | GENERATION: 180 | ERRORS: best=12, median=133.5, diversity=0.545 | INDIVIDUALS: n=200, avg_genome_length=94.775
2021-12-15 04:22:03.607410 | GENERATION: 181 | ERRORS: best=12, median=116.0, diversity=0.535 | INDIVIDUALS: n=200, avg_genome_length=94.805
2021-12-15 04:22:07.788068 | GENERATION: 182 | ERRORS: best=12, median=124.0, diversity=0.485 | INDIVIDUALS: n=200, avg_genome_length=93.035
2021-12-15 04:22:16.123996 | GENERATION: 183 | ERRORS: best=12, median=124.0, diversity=0.53 | INDIVIDUALS: n=200, avg_genome_length=89.99
2021-12-15 04:22:20.554785 | GENERATION: 184 | ERRORS: best=12, median=115.0, diversity=0.51 | INDIVIDUALS: n=200, avg_genome_length=90.78
2021-12-15 04:22:25.199930 | GENERATION: 185 | ERRORS: best=12, median=124.0, diversity=0.505 | INDIVIDUALS: n=200, avg_genome_length=96.615
2021-12-15 04:22:30.085381 | GENERATION: 186 | ERRORS: best=12, median=134.5, diversity=0.62 | INDIVIDUALS: n=200, avg_genome_length=95.345
2021-12-15 04:22:34.535312 | GENERATION: 187 | ERRORS: best=12, median=179.5, diversity=0.505 | INDIVIDUALS: n=200, avg_genome_length=93.905
2021-12-15 04:22:39.021850 | GENERATION: 188 | ERRORS: best=12, median=144.5, diversity=0.565 | INDIVIDUALS: n=200, avg_genome_length=89.6
2021-12-15 04:22:43.649941 | GENERATION: 189 | ERRORS: best=12, median=135.0, diversity=0.52 | INDIVIDUALS: n=200, avg_genome_length=96.31
2021-12-15 04:22:47.936320 | GENERATION: 190 | ERRORS: best=12, median=153.5, diversity=0.525 | INDIVIDUALS: n=200, avg_genome_length=92.495
2021-12-15 04:22:52.979860 | GENERATION: 191 | ERRORS: best=12, median=167.5, diversity=0.565 | INDIVIDUALS: n=200, avg_genome_length=93.625
2021-12-15 04:22:57.301863 | GENERATION: 192 | ERRORS: best=12, median=119.0, diversity=0.55 | INDIVIDUALS: n=200, avg_genome_length=96.98
2021-12-15 04:23:01.545646 | GENERATION: 193 | ERRORS: best=12, median=136.0, diversity=0.515 | INDIVIDUALS: n=200, avg_genome_length=93.19
2021-12-15 04:23:06.175961 | GENERATION: 194 | ERRORS: best=12, median=154.5, diversity=0.555 | INDIVIDUALS: n=200, avg_genome_length=99.45
2021-12-15 04:23:10.194126 | GENERATION: 195 | ERRORS: best=12, median=137.5, diversity=0.59 | INDIVIDUALS: n=200, avg_genome_length=96.195
2021-12-15 04:23:14.746460 | GENERATION: 196 | ERRORS: best=12, median=134.5, diversity=0.555 | INDIVIDUALS: n=200, avg_genome_length=97.505
2021-12-15 04:23:19.425991 | GENERATION: 197 | ERRORS: best=12, median=130.0, diversity=0.55 | INDIVIDUALS: n=200, avg_genome_length=98.5
2021-12-15 04:23:24.423471 | GENERATION: 198 | ERRORS: best=12, median=139.0, diversity=0.585 | INDIVIDUALS: n=200, avg_genome_length=91.1
2021-12-15 04:23:29.212926 | GENERATION: 199 | ERRORS: best=12, median=127.5, diversity=0.605 | INDIVIDUALS: n=200, avg_genome_length=92.225
2021-12-15 04:23:33.453928 | GENERATION: 200 | ERRORS: best=12, median=129.0, diversity=0.53 | INDIVIDUALS: n=200, avg_genome_length=87.05
2021-12-15 04:23:37.615095 | GENERATION: 201 | ERRORS: best=12, median=124.0, diversity=0.49 | INDIVIDUALS: n=200, avg_genome_length=83.76
2021-12-15 04:23:41.888921 | GENERATION: 202 | ERRORS: best=12, median=141.0, diversity=0.56 | INDIVIDUALS: n=200, avg_genome_length=80.635
2021-12-15 04:23:46.557742 | GENERATION: 203 | ERRORS: best=12, median=128.0, diversity=0.535 | INDIVIDUALS: n=200, avg_genome_length=77.445
2021-12-15 04:23:51.155402 | GENERATION: 204 | ERRORS: best=12, median=124.0, diversity=0.555 | INDIVIDUALS: n=200, avg_genome_length=81.035
2021-12-15 04:23:55.297920 | GENERATION: 205 | ERRORS: best=12, median=124.0, diversity=0.555 | INDIVIDUALS: n=200, avg_genome_length=77.32
2021-12-15 04:23:59.037131 | GENERATION: 206 | ERRORS: best=12, median=117.0, diversity=0.51 | INDIVIDUALS: n=200, avg_genome_length=84.17
2021-12-15 04:24:02.547863 | GENERATION: 207 | ERRORS: best=12, median=118.0, diversity=0.52 | INDIVIDUALS: n=200, avg_genome_length=85.015
2021-12-15 04:24:06.349083 | GENERATION: 208 | ERRORS: best=12, median=124.5, diversity=0.48 | INDIVIDUALS: n=200, avg_genome_length=82.66
2021-12-15 04:24:10.265699 | GENERATION: 209 | ERRORS: best=12, median=123.0, diversity=0.51 | INDIVIDUALS: n=200, avg_genome_length=90.23
2021-12-15 04:24:14.167761 | GENERATION: 210 | ERRORS: best=12, median=118.0, diversity=0.505 | INDIVIDUALS: n=200, avg_genome_length=90.29
2021-12-15 04:24:17.998787 | GENERATION: 211 | ERRORS: best=12, median=125.0, diversity=0.565 | INDIVIDUALS: n=200, avg_genome_length=90.865
2021-12-15 04:24:21.956249 | GENERATION: 212 | ERRORS: best=12, median=124.0, diversity=0.48 | INDIVIDUALS: n=200, avg_genome_length=85.185
2021-12-15 04:24:25.864726 | GENERATION: 213 | ERRORS: best=12, median=124.0, diversity=0.515 | INDIVIDUALS: n=200, avg_genome_length=80.905
2021-12-15 04:24:29.826765 | GENERATION: 214 | ERRORS: best=12, median=124.0, diversity=0.53 | INDIVIDUALS: n=200, avg_genome_length=86.38
2021-12-15 04:24:33.900351 | GENERATION: 215 | ERRORS: best=12, median=123.5, diversity=0.55 | INDIVIDUALS: n=200, avg_genome_length=82.24
2021-12-15 04:24:38.406703 | GENERATION: 216 | ERRORS: best=12, median=160.0, diversity=0.55 | INDIVIDUALS: n=200, avg_genome_length=80.54
2021-12-15 04:24:43.386876 | GENERATION: 217 | ERRORS: best=12, median=115.0, diversity=0.505 | INDIVIDUALS: n=200, avg_genome_length=93.715
2021-12-15 04:24:48.680587 | GENERATION: 218 | ERRORS: best=12, median=124.5, diversity=0.51 | INDIVIDUALS: n=200, avg_genome_length=95.635
2021-12-15 04:24:53.315803 | GENERATION: 219 | ERRORS: best=12, median=144.0, diversity=0.525 | INDIVIDUALS: n=200, avg_genome_length=88.645
2021-12-15 04:24:57.425810 | GENERATION: 220 | ERRORS: best=12, median=147.5, diversity=0.51 | INDIVIDUALS: n=200, avg_genome_length=84.46
2021-12-15 04:25:01.231272 | GENERATION: 221 | ERRORS: best=12, median=124.0, diversity=0.56 | INDIVIDUALS: n=200, avg_genome_length=84.55
2021-12-15 04:25:05.324687 | GENERATION: 222 | ERRORS: best=12, median=124.5, diversity=0.52 | INDIVIDUALS: n=200, avg_genome_length=93.97
2021-12-15 04:25:09.676881 | GENERATION: 223 | ERRORS: best=12, median=125.0, diversity=0.535 | INDIVIDUALS: n=200, avg_genome_length=82.985
2021-12-15 04:25:13.898576 | GENERATION: 224 | ERRORS: best=12, median=141.5, diversity=0.54 | INDIVIDUALS: n=200, avg_genome_length=89.49
2021-12-15 04:25:18.569088 | GENERATION: 225 | ERRORS: best=12, median=151.0, diversity=0.52 | INDIVIDUALS: n=200, avg_genome_length=100.37
2021-12-15 04:25:23.044324 | GENERATION: 226 | ERRORS: best=12, median=150.0, diversity=0.565 | INDIVIDUALS: n=200, avg_genome_length=100.23
2021-12-15 04:25:27.552635 | GENERATION: 227 | ERRORS: best=12, median=176.0, diversity=0.56 | INDIVIDUALS: n=200, avg_genome_length=103.26
2021-12-15 04:25:32.180344 | GENERATION: 228 | ERRORS: best=12, median=125.5, diversity=0.535 | INDIVIDUALS: n=200, avg_genome_length=104.885
2021-12-15 04:25:36.758415 | GENERATION: 229 | ERRORS: best=12, median=135.5, diversity=0.53 | INDIVIDUALS: n=200, avg_genome_length=98.5
2021-12-15 04:25:41.531970 | GENERATION: 230 | ERRORS: best=12, median=166.0, diversity=0.615 | INDIVIDUALS: n=200, avg_genome_length=100.07
2021-12-15 04:25:45.951085 | GENERATION: 231 | ERRORS: best=12, median=126.5, diversity=0.545 | INDIVIDUALS: n=200, avg_genome_length=92.52
2021-12-15 04:25:50.265999 | GENERATION: 232 | ERRORS: best=12, median=119.0, diversity=0.565 | INDIVIDUALS: n=200, avg_genome_length=89.725
2021-12-15 04:25:54.313604 | GENERATION: 233 | ERRORS: best=12, median=125.0, diversity=0.54 | INDIVIDUALS: n=200, avg_genome_length=95.01
2021-12-15 04:25:58.144634 | GENERATION: 234 | ERRORS: best=12, median=124.0, diversity=0.52 | INDIVIDUALS: n=200, avg_genome_length=95.385
2021-12-15 04:26:02.078336 | GENERATION: 235 | ERRORS: best=12, median=127.5, diversity=0.525 | INDIVIDUALS: n=200, avg_genome_length=83.18
2021-12-15 04:26:06.104582 | GENERATION: 236 | ERRORS: best=12, median=125.5, diversity=0.52 | INDIVIDUALS: n=200, avg_genome_length=88.75
2021-12-15 04:26:10.197483 | GENERATION: 237 | ERRORS: best=12, median=150.5, diversity=0.56 | INDIVIDUALS: n=200, avg_genome_length=93.335
2021-12-15 04:26:14.186236 | GENERATION: 238 | ERRORS: best=12, median=156.0, diversity=0.58 | INDIVIDUALS: n=200, avg_genome_length=91.725
2021-12-15 04:26:18.458615 | GENERATION: 239 | ERRORS: best=12, median=124.0, diversity=0.605 | INDIVIDUALS: n=200, avg_genome_length=98.98
2021-12-15 04:26:22.508843 | GENERATION: 240 | ERRORS: best=12, median=124.0, diversity=0.545 | INDIVIDUALS: n=200, avg_genome_length=87.255
2021-12-15 04:26:26.449917 | GENERATION: 241 | ERRORS: best=12, median=135.0, diversity=0.54 | INDIVIDUALS: n=200, avg_genome_length=92.805
2021-12-15 04:26:30.641851 | GENERATION: 242 | ERRORS: best=12, median=143.0, diversity=0.565 | INDIVIDUALS: n=200, avg_genome_length=87.115
2021-12-15 04:26:34.973977 | GENERATION: 243 | ERRORS: best=12, median=124.0, diversity=0.58 | INDIVIDUALS: n=200, avg_genome_length=86.945
2021-12-15 04:26:38.967336 | GENERATION: 244 | ERRORS: best=12, median=125.0, diversity=0.585 | INDIVIDUALS: n=200, avg_genome_length=91.145
2021-12-15 04:26:42.858158 | GENERATION: 245 | ERRORS: best=12, median=124.0, diversity=0.535 | INDIVIDUALS: n=200, avg_genome_length=97.035
2021-12-15 04:26:46.764861 | GENERATION: 246 | ERRORS: best=12, median=112.0, diversity=0.46 | INDIVIDUALS: n=200, avg_genome_length=96.255
2021-12-15 04:26:50.787168 | GENERATION: 247 | ERRORS: best=12, median=124.0, diversity=0.5 | INDIVIDUALS: n=200, avg_genome_length=92.41
2021-12-15 04:26:54.332626 | GENERATION: 248 | ERRORS: best=12, median=124.0, diversity=0.47 | INDIVIDUALS: n=200, avg_genome_length=88.82
2021-12-15 04:26:58.222779 | GENERATION: 249 | ERRORS: best=12, median=131.5, diversity=0.585 | INDIVIDUALS: n=200, avg_genome_length=87.54
2021-12-15 04:27:01.890507 | GENERATION: 250 | ERRORS: best=12, median=125.0, diversity=0.5 | INDIVIDUALS: n=200, avg_genome_length=95.225
2021-12-15 04:27:05.788938 | GENERATION: 251 | ERRORS: best=12, median=140.0, diversity=0.515 | INDIVIDUALS: n=200, avg_genome_length=86.04
2021-12-15 04:27:09.749799 | GENERATION: 252 | ERRORS: best=12, median=125.0, diversity=0.565 | INDIVIDUALS: n=200, avg_genome_length=85.67
2021-12-15 04:27:14.158086 | GENERATION: 253 | ERRORS: best=12, median=143.5, diversity=0.545 | INDIVIDUALS: n=200, avg_genome_length=98.02
2021-12-15 04:27:18.062244 | GENERATION: 254 | ERRORS: best=12, median=124.0, diversity=0.495 | INDIVIDUALS: n=200, avg_genome_length=83.365
2021-12-15 04:27:21.683411 | GENERATION: 255 | ERRORS: best=12, median=118.5, diversity=0.515 | INDIVIDUALS: n=200, avg_genome_length=92.68
2021-12-15 04:27:25.774169 | GENERATION: 256 | ERRORS: best=12, median=115.0, diversity=0.45 | INDIVIDUALS: n=200, avg_genome_length=100.515
2021-12-15 04:27:29.410359 | GENERATION: 257 | ERRORS: best=12, median=124.0, diversity=0.51 | INDIVIDUALS: n=200, avg_genome_length=88.76
2021-12-15 04:27:33.685764 | GENERATION: 258 | ERRORS: best=12, median=124.0, diversity=0.545 | INDIVIDUALS: n=200, avg_genome_length=86.775
2021-12-15 04:27:37.508361 | GENERATION: 259 | ERRORS: best=12, median=117.5, diversity=0.46 | INDIVIDUALS: n=200, avg_genome_length=85.185
2021-12-15 04:27:41.566813 | GENERATION: 260 | ERRORS: best=12, median=127.0, diversity=0.51 | INDIVIDUALS: n=200, avg_genome_length=88.98
2021-12-15 04:27:45.513201 | GENERATION: 261 | ERRORS: best=12, median=126.0, diversity=0.515 | INDIVIDUALS: n=200, avg_genome_length=82.745
2021-12-15 04:27:48.885841 | GENERATION: 262 | ERRORS: best=12, median=124.0, diversity=0.475 | INDIVIDUALS: n=200, avg_genome_length=78.23
2021-12-15 04:27:52.319594 | GENERATION: 263 | ERRORS: best=12, median=124.0, diversity=0.51 | INDIVIDUALS: n=200, avg_genome_length=80.355
2021-12-15 04:27:55.825488 | GENERATION: 264 | ERRORS: best=12, median=131.0, diversity=0.525 | INDIVIDUALS: n=200, avg_genome_length=79.575
2021-12-15 04:27:59.282916 | GENERATION: 265 | ERRORS: best=12, median=138.5, diversity=0.525 | INDIVIDUALS: n=200, avg_genome_length=79.305
2021-12-15 04:28:02.547099 | GENERATION: 266 | ERRORS: best=12, median=120.0, diversity=0.47 | INDIVIDUALS: n=200, avg_genome_length=80.2
2021-12-15 04:28:05.759230 | GENERATION: 267 | ERRORS: best=12, median=124.0, diversity=0.455 | INDIVIDUALS: n=200, avg_genome_length=75.74
2021-12-15 04:28:09.085453 | GENERATION: 268 | ERRORS: best=10, median=124.5, diversity=0.515 | INDIVIDUALS: n=200, avg_genome_length=75.555
2021-12-15 04:28:13.124039 | GENERATION: 269 | ERRORS: best=10, median=124.0, diversity=0.48 | INDIVIDUALS: n=200, avg_genome_length=88.85
2021-12-15 04:28:16.365468 | GENERATION: 270 | ERRORS: best=10, median=124.0, diversity=0.63 | INDIVIDUALS: n=200, avg_genome_length=74.04
2021-12-15 04:28:19.591052 | GENERATION: 271 | ERRORS: best=10, median=115.0, diversity=0.515 | INDIVIDUALS: n=200, avg_genome_length=72.585
2021-12-15 04:28:22.932772 | GENERATION: 272 | ERRORS: best=10, median=121.0, diversity=0.49 | INDIVIDUALS: n=200, avg_genome_length=70.995
2021-12-15 04:28:26.423615 | GENERATION: 273 | ERRORS: best=10, median=124.0, diversity=0.525 | INDIVIDUALS: n=200, avg_genome_length=78.89
2021-12-15 04:28:29.866314 | GENERATION: 274 | ERRORS: best=10, median=124.5, diversity=0.56 | INDIVIDUALS: n=200, avg_genome_length=79.02
2021-12-15 04:28:33.528337 | GENERATION: 275 | ERRORS: best=10, median=124.0, diversity=0.56 | INDIVIDUALS: n=200, avg_genome_length=83.73
2021-12-15 04:28:36.974599 | GENERATION: 276 | ERRORS: best=10, median=124.0, diversity=0.505 | INDIVIDUALS: n=200, avg_genome_length=81.655
2021-12-15 04:28:40.248450 | GENERATION: 277 | ERRORS: best=10, median=115.0, diversity=0.48 | INDIVIDUALS: n=200, avg_genome_length=81.65
2021-12-15 04:28:43.561453 | GENERATION: 278 | ERRORS: best=10, median=124.0, diversity=0.465 | INDIVIDUALS: n=200, avg_genome_length=79.805
2021-12-15 04:28:46.784264 | GENERATION: 279 | ERRORS: best=10, median=115.0, diversity=0.465 | INDIVIDUALS: n=200, avg_genome_length=78.84
2021-12-15 04:28:50.505892 | GENERATION: 280 | ERRORS: best=10, median=118.0, diversity=0.495 | INDIVIDUALS: n=200, avg_genome_length=76.76
2021-12-15 04:29:01.130310 | GENERATION: 281 | ERRORS: best=10, median=130.0, diversity=0.56 | INDIVIDUALS: n=200, avg_genome_length=72.575
2021-12-15 04:29:05.499364 | GENERATION: 282 | ERRORS: best=10, median=131.5, diversity=0.55 | INDIVIDUALS: n=200, avg_genome_length=89.225
2021-12-15 04:29:09.354781 | GENERATION: 283 | ERRORS: best=10, median=124.0, diversity=0.53 | INDIVIDUALS: n=200, avg_genome_length=79.4
2021-12-15 04:29:13.830334 | GENERATION: 284 | ERRORS: best=10, median=143.0, diversity=0.6 | INDIVIDUALS: n=200, avg_genome_length=80.13
2021-12-15 04:29:18.129462 | GENERATION: 285 | ERRORS: best=10, median=124.0, diversity=0.545 | INDIVIDUALS: n=200, avg_genome_length=68.45
2021-12-15 04:29:22.166894 | GENERATION: 286 | ERRORS: best=10, median=124.0, diversity=0.585 | INDIVIDUALS: n=200, avg_genome_length=77.935
2021-12-15 04:29:25.964348 | GENERATION: 287 | ERRORS: best=10, median=134.5, diversity=0.585 | INDIVIDUALS: n=200, avg_genome_length=73.39
2021-12-15 04:29:29.764877 | GENERATION: 288 | ERRORS: best=10, median=124.0, diversity=0.505 | INDIVIDUALS: n=200, avg_genome_length=81.77
2021-12-15 04:29:33.575730 | GENERATION: 289 | ERRORS: best=10, median=121.5, diversity=0.555 | INDIVIDUALS: n=200, avg_genome_length=74.615
2021-12-15 04:29:37.439024 | GENERATION: 290 | ERRORS: best=10, median=124.5, diversity=0.55 | INDIVIDUALS: n=200, avg_genome_length=74.315
2021-12-15 04:29:41.091667 | GENERATION: 291 | ERRORS: best=10, median=116.5, diversity=0.57 | INDIVIDUALS: n=200, avg_genome_length=77.225
2021-12-15 04:29:44.822168 | GENERATION: 292 | ERRORS: best=10, median=118.5, diversity=0.57 | INDIVIDUALS: n=200, avg_genome_length=75.955
2021-12-15 04:29:48.633590 | GENERATION: 293 | ERRORS: best=10, median=115.0, diversity=0.525 | INDIVIDUALS: n=200, avg_genome_length=74.205
2021-12-15 04:29:52.226207 | GENERATION: 294 | ERRORS: best=10, median=117.0, diversity=0.515 | INDIVIDUALS: n=200, avg_genome_length=74.235
2021-12-15 04:29:55.888077 | GENERATION: 295 | ERRORS: best=10, median=116.5, diversity=0.505 | INDIVIDUALS: n=200, avg_genome_length=87.47
2021-12-15 04:29:59.628980 | GENERATION: 296 | ERRORS: best=10, median=114.5, diversity=0.47 | INDIVIDUALS: n=200, avg_genome_length=79.39
2021-12-15 04:30:02.983659 | GENERATION: 297 | ERRORS: best=10, median=109.5, diversity=0.46 | INDIVIDUALS: n=200, avg_genome_length=83.425
2021-12-15 04:30:06.530529 | GENERATION: 298 | ERRORS: best=10, median=124.0, diversity=0.505 | INDIVIDUALS: n=200, avg_genome_length=82.46
2021-12-15 04:30:10.013640 | GENERATION: 299 | ERRORS: best=10, median=124.0, diversity=0.525 | INDIVIDUALS: n=200, avg_genome_length=81.055
2021-12-15 04:30:13.572218 | GENERATION: 300 | ERRORS: best=10, median=124.0, diversity=0.51 | INDIVIDUALS: n=200, avg_genome_length=77.965
Simplifying genome of length 34 with total error 10.
Simplified genome by 3 to length 31.
Simplified genome by 2 to length 29.
Simplified genome by 3 to length 26.
Simplified genome by 3 to length 23.
Simplified genome by 3 to length 20.
Simplified genome by 3 to length 17.
Simplified genome by 3 to length 14.
Simplified genome by 1 to length 13.
Simplified genome by 1 to length 12.
Simplified genome by 1 to length 11.
Simplified genome to length 11 and total error 10.
========================================
End Run
========================================
No solution found.
Best Seen Individual
	Genome:
	 pvector([Input(input_index=1), Input(input_index=2), Input(input_index=0), InstructionMeta(name='exec_dup', code_blocks=1), InstructionMeta(name='int_rot', code_blocks=0), InstructionMeta(name='int_dup', code_blocks=0), InstructionMeta(name='int_shove', code_blocks=0), Closer(), InstructionMeta(name='int_max', code_blocks=0), InstructionMeta(name='int_min', code_blocks=0), InstructionMeta(name='print_int', code_blocks=0)])
	Program:
	 (input_1 input_2 input_0 exec_dup (int_rot int_dup int_shove) int_max int_min print_int)
	Error vector:
	 [0 0 0 0 0 0 0 0 0 0 0 0 0 1 2 0 0 0 0 0 0 0 0 2 0 0 0 0 0 0 0 0 0 0 0 0 0
 0 0 0 0 0 0 0 0 0 0 0 0 0 0 0 0 0 0 0 0 0 0 0 0 0 0 0 0 0 0 0 0 0 0 0 0 0
 0 0 0 2 0 0 0 0 0 0 0 0 0 0 0 1 0 0 0 0 0 0 2 0 0 0]
	Total error:
	 10
	Test error:
	 119
	Time:
	 00:21:10
