Included 0 edge cases.
Included 100 random cases.
Included 100 cases in total.
Finished formatting.
Included 0 edge cases.
Included 1000 random cases.
Included 1000 cases in total.
Finished formatting.
========================================
Setup
========================================
Search Configuration:
signature: ProgramSignature(output_stacks=['stdout'], arity=3, push_config=PushConfig(runtime_limit=10, growth_cap=500, numeric_magnitude_limit=1000000000000.0, collection_size_cap=1000, step_limit=200))
evaluator: <pyshgp.gp.evaluation.DatasetEvaluator object at 0x7f33198a2700>
spawner: <pyshgp.gp.genome.GeneSpawner object at 0x7f33198a2a90>
population_size: 200
max_generations: 300
error_threshold: 0.0
initial_genome_size: (20, 100)
simplification_steps: 500
parallel_context: <pyshgp.gp.search.ParallelContext object at 0x7f33121b2040>
selection: <pyshgp.utils.DiscreteProbDistrib object at 0x7f33198b2540>
variation: <pyshgp.utils.DiscreteProbDistrib object at 0x7f33198b2ec0>
Instructions:
int_add, int_sub, int_mult, int_div, int_mod, int_min, int_max, int_inc, int_dec, int_lt, int_lte, int_gt, int_gte, int_from_bool, bool_and, bool_or, bool_not, bool_xor, bool_invert_first_then_and, bool_second_first_then_and, bool_from_int, noop, noop_open, exec_do_range, exec_do_count, exec_while, exec_do_while, exec_if, exec_when, print_bool, println_bool, print_int, println_int, print_exec, println_exec, bool_pop, bool_dup, bool_dup_times, bool_swap, bool_rot, bool_flush, bool_eq, bool_stack_depth, bool_yank, bool_yank_dup, bool_shove, bool_shove_dup, bool_is_empty, int_pop, int_dup, int_dup_times, int_swap, int_rot, int_flush, int_eq, int_stack_depth, int_yank, int_yank_dup, int_shove, int_shove_dup, int_is_empty, exec_pop, exec_dup, exec_dup_times, exec_swap, exec_rot, exec_flush, exec_eq, exec_stack_depth, exec_yank, exec_yank_dup, exec_shove, exec_shove_dup, exec_is_empty
Literals:
[]
ERC Generators:
[<function rand_int at 0x7f33198a8a60>]
========================================
Start Run
========================================
2021-12-15 00:40:54.222298 | GENERATION: 1 | ERRORS: best=237, median=4688.0, diversity=0.09 | INDIVIDUALS: n=200, avg_genome_length=60.335
2021-12-15 00:40:56.868470 | GENERATION: 2 | ERRORS: best=96, median=237.0, diversity=0.18 | INDIVIDUALS: n=200, avg_genome_length=55.785
2021-12-15 00:40:59.884294 | GENERATION: 3 | ERRORS: best=96, median=96.0, diversity=0.155 | INDIVIDUALS: n=200, avg_genome_length=41.8
2021-12-15 00:41:03.084137 | GENERATION: 4 | ERRORS: best=96, median=209.5, diversity=0.255 | INDIVIDUALS: n=200, avg_genome_length=43.255
2021-12-15 00:41:06.016195 | GENERATION: 5 | ERRORS: best=96, median=217.0, diversity=0.255 | INDIVIDUALS: n=200, avg_genome_length=42.57
2021-12-15 00:41:09.182108 | GENERATION: 6 | ERRORS: best=96, median=105.0, diversity=0.23 | INDIVIDUALS: n=200, avg_genome_length=44.73
2021-12-15 00:41:12.436805 | GENERATION: 7 | ERRORS: best=96, median=151.0, diversity=0.25 | INDIVIDUALS: n=200, avg_genome_length=44.88
2021-12-15 00:41:15.642023 | GENERATION: 8 | ERRORS: best=90, median=105.0, diversity=0.23 | INDIVIDUALS: n=200, avg_genome_length=46.455
2021-12-15 00:41:18.952944 | GENERATION: 9 | ERRORS: best=90, median=111.5, diversity=0.285 | INDIVIDUALS: n=200, avg_genome_length=45.665
2021-12-15 00:41:22.610708 | GENERATION: 10 | ERRORS: best=90, median=105.0, diversity=0.26 | INDIVIDUALS: n=200, avg_genome_length=45.72
2021-12-15 00:41:25.802548 | GENERATION: 11 | ERRORS: best=90, median=105.0, diversity=0.285 | INDIVIDUALS: n=200, avg_genome_length=46.355
2021-12-15 00:41:29.262942 | GENERATION: 12 | ERRORS: best=90, median=105.0, diversity=0.295 | INDIVIDUALS: n=200, avg_genome_length=46.44
2021-12-15 00:41:32.833461 | GENERATION: 13 | ERRORS: best=90, median=105.0, diversity=0.245 | INDIVIDUALS: n=200, avg_genome_length=46.45
2021-12-15 00:41:36.499769 | GENERATION: 14 | ERRORS: best=90, median=105.0, diversity=0.275 | INDIVIDUALS: n=200, avg_genome_length=45.875
2021-12-15 00:41:39.964168 | GENERATION: 15 | ERRORS: best=90, median=105.0, diversity=0.31 | INDIVIDUALS: n=200, avg_genome_length=45.725
2021-12-15 00:41:43.714800 | GENERATION: 16 | ERRORS: best=90, median=105.0, diversity=0.305 | INDIVIDUALS: n=200, avg_genome_length=45.93
2021-12-15 00:41:47.358929 | GENERATION: 17 | ERRORS: best=90, median=108.5, diversity=0.405 | INDIVIDUALS: n=200, avg_genome_length=51.33
2021-12-15 00:41:51.682056 | GENERATION: 18 | ERRORS: best=90, median=105.0, diversity=0.37 | INDIVIDUALS: n=200, avg_genome_length=52.92
2021-12-15 00:41:55.598084 | GENERATION: 19 | ERRORS: best=90, median=117.0, diversity=0.41 | INDIVIDUALS: n=200, avg_genome_length=52.49
2021-12-15 00:41:59.559757 | GENERATION: 20 | ERRORS: best=90, median=149.0, diversity=0.44 | INDIVIDUALS: n=200, avg_genome_length=52.67
2021-12-15 00:42:04.427515 | GENERATION: 21 | ERRORS: best=90, median=111.5, diversity=0.415 | INDIVIDUALS: n=200, avg_genome_length=51.91
2021-12-15 00:42:08.763835 | GENERATION: 22 | ERRORS: best=90, median=105.0, diversity=0.41 | INDIVIDUALS: n=200, avg_genome_length=54.085
2021-12-15 00:42:13.136956 | GENERATION: 23 | ERRORS: best=88, median=105.0, diversity=0.43 | INDIVIDUALS: n=200, avg_genome_length=52.25
2021-12-15 00:42:17.609599 | GENERATION: 24 | ERRORS: best=86, median=150.5, diversity=0.555 | INDIVIDUALS: n=200, avg_genome_length=53.29
2021-12-15 00:42:22.058785 | GENERATION: 25 | ERRORS: best=86, median=152.0, diversity=0.615 | INDIVIDUALS: n=200, avg_genome_length=55.27
2021-12-15 00:42:26.464706 | GENERATION: 26 | ERRORS: best=86, median=154.0, diversity=0.66 | INDIVIDUALS: n=200, avg_genome_length=56.61
2021-12-15 00:42:30.464236 | GENERATION: 27 | ERRORS: best=81, median=140.5, diversity=0.605 | INDIVIDUALS: n=200, avg_genome_length=56.78
2021-12-15 00:42:34.901392 | GENERATION: 28 | ERRORS: best=78, median=139.0, diversity=0.64 | INDIVIDUALS: n=200, avg_genome_length=58.115
2021-12-15 00:42:39.167335 | GENERATION: 29 | ERRORS: best=75, median=176.5, diversity=0.66 | INDIVIDUALS: n=200, avg_genome_length=57.455
2021-12-15 00:42:43.710286 | GENERATION: 30 | ERRORS: best=75, median=185.0, diversity=0.58 | INDIVIDUALS: n=200, avg_genome_length=57.09
2021-12-15 00:42:48.314075 | GENERATION: 31 | ERRORS: best=75, median=154.5, diversity=0.665 | INDIVIDUALS: n=200, avg_genome_length=55.57
2021-12-15 00:42:52.685101 | GENERATION: 32 | ERRORS: best=75, median=106.0, diversity=0.56 | INDIVIDUALS: n=200, avg_genome_length=53.2
2021-12-15 00:42:56.811426 | GENERATION: 33 | ERRORS: best=75, median=105.0, diversity=0.475 | INDIVIDUALS: n=200, avg_genome_length=50.965
2021-12-15 00:43:01.492697 | GENERATION: 34 | ERRORS: best=75, median=104.0, diversity=0.495 | INDIVIDUALS: n=200, avg_genome_length=50.51
2021-12-15 00:43:06.388979 | GENERATION: 35 | ERRORS: best=75, median=140.0, diversity=0.585 | INDIVIDUALS: n=200, avg_genome_length=51.64
2021-12-15 00:43:11.445017 | GENERATION: 36 | ERRORS: best=75, median=139.0, diversity=0.6 | INDIVIDUALS: n=200, avg_genome_length=51.87
2021-12-15 00:43:16.797787 | GENERATION: 37 | ERRORS: best=75, median=139.5, diversity=0.565 | INDIVIDUALS: n=200, avg_genome_length=53.335
2021-12-15 00:43:21.998007 | GENERATION: 38 | ERRORS: best=63, median=110.0, diversity=0.555 | INDIVIDUALS: n=200, avg_genome_length=51.94
2021-12-15 00:43:27.178163 | GENERATION: 39 | ERRORS: best=53, median=108.5, diversity=0.655 | INDIVIDUALS: n=200, avg_genome_length=55.975
2021-12-15 00:43:32.798316 | GENERATION: 40 | ERRORS: best=41, median=105.5, diversity=0.585 | INDIVIDUALS: n=200, avg_genome_length=56.39
2021-12-15 00:43:38.700135 | GENERATION: 41 | ERRORS: best=41, median=105.0, diversity=0.555 | INDIVIDUALS: n=200, avg_genome_length=58.025
2021-12-15 00:43:44.546344 | GENERATION: 42 | ERRORS: best=36, median=103.0, diversity=0.485 | INDIVIDUALS: n=200, avg_genome_length=57.165
2021-12-15 00:43:50.482302 | GENERATION: 43 | ERRORS: best=36, median=115.0, diversity=0.53 | INDIVIDUALS: n=200, avg_genome_length=60.08
2021-12-15 00:43:56.295903 | GENERATION: 44 | ERRORS: best=36, median=115.0, diversity=0.565 | INDIVIDUALS: n=200, avg_genome_length=60.17
2021-12-15 00:44:02.134103 | GENERATION: 45 | ERRORS: best=36, median=115.0, diversity=0.515 | INDIVIDUALS: n=200, avg_genome_length=59.07
2021-12-15 00:44:07.877335 | GENERATION: 46 | ERRORS: best=36, median=112.0, diversity=0.51 | INDIVIDUALS: n=200, avg_genome_length=61.67
2021-12-15 00:44:12.644669 | GENERATION: 47 | ERRORS: best=34, median=105.0, diversity=0.475 | INDIVIDUALS: n=200, avg_genome_length=60.28
2021-12-15 00:44:16.958739 | GENERATION: 48 | ERRORS: best=18, median=112.5, diversity=0.595 | INDIVIDUALS: n=200, avg_genome_length=59.205
2021-12-15 00:44:21.157611 | GENERATION: 49 | ERRORS: best=18, median=150.0, diversity=0.675 | INDIVIDUALS: n=200, avg_genome_length=61.635
2021-12-15 00:44:25.386699 | GENERATION: 50 | ERRORS: best=18, median=120.5, diversity=0.64 | INDIVIDUALS: n=200, avg_genome_length=62.515
2021-12-15 00:44:29.426989 | GENERATION: 51 | ERRORS: best=18, median=118.0, diversity=0.595 | INDIVIDUALS: n=200, avg_genome_length=63.33
2021-12-15 00:44:33.799067 | GENERATION: 52 | ERRORS: best=18, median=119.0, diversity=0.585 | INDIVIDUALS: n=200, avg_genome_length=63.57
2021-12-15 00:44:38.485331 | GENERATION: 53 | ERRORS: best=18, median=124.5, diversity=0.675 | INDIVIDUALS: n=200, avg_genome_length=63.125
2021-12-15 00:44:43.062404 | GENERATION: 54 | ERRORS: best=18, median=107.0, diversity=0.58 | INDIVIDUALS: n=200, avg_genome_length=63.075
2021-12-15 00:44:47.206203 | GENERATION: 55 | ERRORS: best=16, median=120.0, diversity=0.63 | INDIVIDUALS: n=200, avg_genome_length=62.765
2021-12-15 00:44:51.515354 | GENERATION: 56 | ERRORS: best=16, median=120.0, diversity=0.64 | INDIVIDUALS: n=200, avg_genome_length=58.56
2021-12-15 00:44:55.642619 | GENERATION: 57 | ERRORS: best=16, median=120.0, diversity=0.61 | INDIVIDUALS: n=200, avg_genome_length=56.22
2021-12-15 00:45:00.299509 | GENERATION: 58 | ERRORS: best=14, median=127.0, diversity=0.615 | INDIVIDUALS: n=200, avg_genome_length=56.06
2021-12-15 00:45:04.806805 | GENERATION: 59 | ERRORS: best=14, median=126.0, diversity=0.63 | INDIVIDUALS: n=200, avg_genome_length=52.95
2021-12-15 00:45:09.232817 | GENERATION: 60 | ERRORS: best=12, median=128.0, diversity=0.575 | INDIVIDUALS: n=200, avg_genome_length=53.745
2021-12-15 00:45:13.891478 | GENERATION: 61 | ERRORS: best=12, median=142.0, diversity=0.595 | INDIVIDUALS: n=200, avg_genome_length=52.63
2021-12-15 00:45:18.114053 | GENERATION: 62 | ERRORS: best=12, median=154.5, diversity=0.64 | INDIVIDUALS: n=200, avg_genome_length=51.32
2021-12-15 00:45:22.023809 | GENERATION: 63 | ERRORS: best=12, median=144.0, diversity=0.665 | INDIVIDUALS: n=200, avg_genome_length=50.55
2021-12-15 00:45:25.810753 | GENERATION: 64 | ERRORS: best=12, median=202.5, diversity=0.655 | INDIVIDUALS: n=200, avg_genome_length=50.275
2021-12-15 00:45:29.602673 | GENERATION: 65 | ERRORS: best=12, median=150.5, diversity=0.665 | INDIVIDUALS: n=200, avg_genome_length=49.815
2021-12-15 00:45:33.223659 | GENERATION: 66 | ERRORS: best=12, median=123.5, diversity=0.615 | INDIVIDUALS: n=200, avg_genome_length=51.49
2021-12-15 00:45:37.488324 | GENERATION: 67 | ERRORS: best=12, median=142.0, diversity=0.645 | INDIVIDUALS: n=200, avg_genome_length=55.225
2021-12-15 00:45:41.685069 | GENERATION: 68 | ERRORS: best=12, median=144.0, diversity=0.685 | INDIVIDUALS: n=200, avg_genome_length=54.35
2021-12-15 00:45:45.943790 | GENERATION: 69 | ERRORS: best=12, median=142.0, diversity=0.735 | INDIVIDUALS: n=200, avg_genome_length=53.205
2021-12-15 00:45:49.912582 | GENERATION: 70 | ERRORS: best=12, median=149.0, diversity=0.72 | INDIVIDUALS: n=200, avg_genome_length=52.28
2021-12-15 00:45:53.902361 | GENERATION: 71 | ERRORS: best=12, median=145.5, diversity=0.705 | INDIVIDUALS: n=200, avg_genome_length=50.505
2021-12-15 00:45:57.616988 | GENERATION: 72 | ERRORS: best=12, median=128.0, diversity=0.665 | INDIVIDUALS: n=200, avg_genome_length=47.775
2021-12-15 00:46:01.286546 | GENERATION: 73 | ERRORS: best=12, median=127.5, diversity=0.735 | INDIVIDUALS: n=200, avg_genome_length=47.035
2021-12-15 00:46:05.300989 | GENERATION: 74 | ERRORS: best=12, median=147.0, diversity=0.705 | INDIVIDUALS: n=200, avg_genome_length=46.79
2021-12-15 00:46:08.983149 | GENERATION: 75 | ERRORS: best=12, median=117.0, diversity=0.71 | INDIVIDUALS: n=200, avg_genome_length=48.325
2021-12-15 00:46:12.811926 | GENERATION: 76 | ERRORS: best=12, median=139.0, diversity=0.705 | INDIVIDUALS: n=200, avg_genome_length=49.9
2021-12-15 00:46:16.790906 | GENERATION: 77 | ERRORS: best=12, median=143.5, diversity=0.67 | INDIVIDUALS: n=200, avg_genome_length=50.96
2021-12-15 00:46:20.690815 | GENERATION: 78 | ERRORS: best=12, median=138.0, diversity=0.755 | INDIVIDUALS: n=200, avg_genome_length=51.82
2021-12-15 00:46:25.051803 | GENERATION: 79 | ERRORS: best=12, median=179.5, diversity=0.785 | INDIVIDUALS: n=200, avg_genome_length=53.18
2021-12-15 00:46:29.219788 | GENERATION: 80 | ERRORS: best=12, median=231.0, diversity=0.72 | INDIVIDUALS: n=200, avg_genome_length=52.655
2021-12-15 00:46:33.142504 | GENERATION: 81 | ERRORS: best=12, median=148.0, diversity=0.695 | INDIVIDUALS: n=200, avg_genome_length=50.595
2021-12-15 00:46:37.017805 | GENERATION: 82 | ERRORS: best=12, median=116.5, diversity=0.65 | INDIVIDUALS: n=200, avg_genome_length=50.135
2021-12-15 00:46:41.222740 | GENERATION: 83 | ERRORS: best=12, median=145.0, diversity=0.785 | INDIVIDUALS: n=200, avg_genome_length=51.67
2021-12-15 00:46:45.455086 | GENERATION: 84 | ERRORS: best=12, median=129.5, diversity=0.75 | INDIVIDUALS: n=200, avg_genome_length=52.465
2021-12-15 00:46:50.077241 | GENERATION: 85 | ERRORS: best=12, median=143.5, diversity=0.7 | INDIVIDUALS: n=200, avg_genome_length=51.7
2021-12-15 00:46:54.502529 | GENERATION: 86 | ERRORS: best=12, median=142.0, diversity=0.67 | INDIVIDUALS: n=200, avg_genome_length=52.67
2021-12-15 00:46:58.707553 | GENERATION: 87 | ERRORS: best=12, median=117.5, diversity=0.695 | INDIVIDUALS: n=200, avg_genome_length=52.32
2021-12-15 00:47:02.830616 | GENERATION: 88 | ERRORS: best=12, median=112.0, diversity=0.7 | INDIVIDUALS: n=200, avg_genome_length=51.96
2021-12-15 00:47:07.337178 | GENERATION: 89 | ERRORS: best=12, median=147.0, diversity=0.785 | INDIVIDUALS: n=200, avg_genome_length=53.63
2021-12-15 00:47:11.820394 | GENERATION: 90 | ERRORS: best=12, median=142.5, diversity=0.68 | INDIVIDUALS: n=200, avg_genome_length=52.955
2021-12-15 00:47:16.355578 | GENERATION: 91 | ERRORS: best=12, median=142.0, diversity=0.705 | INDIVIDUALS: n=200, avg_genome_length=52.505
2021-12-15 00:47:21.030954 | GENERATION: 92 | ERRORS: best=12, median=143.0, diversity=0.68 | INDIVIDUALS: n=200, avg_genome_length=51.8
2021-12-15 00:47:25.269066 | GENERATION: 93 | ERRORS: best=12, median=110.0, diversity=0.595 | INDIVIDUALS: n=200, avg_genome_length=51.18
2021-12-15 00:47:29.804152 | GENERATION: 94 | ERRORS: best=12, median=122.5, diversity=0.695 | INDIVIDUALS: n=200, avg_genome_length=50.095
2021-12-15 00:47:34.414541 | GENERATION: 95 | ERRORS: best=12, median=112.0, diversity=0.705 | INDIVIDUALS: n=200, avg_genome_length=50.35
2021-12-15 00:47:38.764178 | GENERATION: 96 | ERRORS: best=12, median=114.5, diversity=0.785 | INDIVIDUALS: n=200, avg_genome_length=49.02
2021-12-15 00:47:43.305987 | GENERATION: 97 | ERRORS: best=12, median=121.0, diversity=0.77 | INDIVIDUALS: n=200, avg_genome_length=49.06
2021-12-15 00:47:47.708163 | GENERATION: 98 | ERRORS: best=12, median=135.0, diversity=0.725 | INDIVIDUALS: n=200, avg_genome_length=47.18
2021-12-15 00:47:51.761525 | GENERATION: 99 | ERRORS: best=12, median=130.0, diversity=0.715 | INDIVIDUALS: n=200, avg_genome_length=47.28
2021-12-15 00:47:55.555340 | GENERATION: 100 | ERRORS: best=12, median=119.0, diversity=0.695 | INDIVIDUALS: n=200, avg_genome_length=46.565
2021-12-15 00:47:59.546436 | GENERATION: 101 | ERRORS: best=12, median=133.5, diversity=0.7 | INDIVIDUALS: n=200, avg_genome_length=47.06
2021-12-15 00:48:03.634229 | GENERATION: 102 | ERRORS: best=12, median=110.5, diversity=0.705 | INDIVIDUALS: n=200, avg_genome_length=48.905
2021-12-15 00:48:07.774165 | GENERATION: 103 | ERRORS: best=12, median=111.5, diversity=0.755 | INDIVIDUALS: n=200, avg_genome_length=48.54
2021-12-15 00:48:12.236341 | GENERATION: 104 | ERRORS: best=12, median=122.0, diversity=0.78 | INDIVIDUALS: n=200, avg_genome_length=48.71
2021-12-15 00:48:16.475053 | GENERATION: 105 | ERRORS: best=12, median=113.5, diversity=0.745 | INDIVIDUALS: n=200, avg_genome_length=51.945
2021-12-15 00:48:20.797610 | GENERATION: 106 | ERRORS: best=12, median=135.0, diversity=0.705 | INDIVIDUALS: n=200, avg_genome_length=50.035
2021-12-15 00:48:25.009289 | GENERATION: 107 | ERRORS: best=12, median=144.0, diversity=0.785 | INDIVIDUALS: n=200, avg_genome_length=51.595
2021-12-15 00:48:29.522004 | GENERATION: 108 | ERRORS: best=12, median=130.0, diversity=0.745 | INDIVIDUALS: n=200, avg_genome_length=50.745
2021-12-15 00:48:33.716505 | GENERATION: 109 | ERRORS: best=12, median=119.0, diversity=0.76 | INDIVIDUALS: n=200, avg_genome_length=51.735
2021-12-15 00:48:37.823416 | GENERATION: 110 | ERRORS: best=12, median=109.0, diversity=0.695 | INDIVIDUALS: n=200, avg_genome_length=49.33
2021-12-15 00:48:41.814327 | GENERATION: 111 | ERRORS: best=12, median=109.0, diversity=0.715 | INDIVIDUALS: n=200, avg_genome_length=51.05
2021-12-15 00:48:45.635135 | GENERATION: 112 | ERRORS: best=12, median=118.5, diversity=0.715 | INDIVIDUALS: n=200, avg_genome_length=47.6
2021-12-15 00:48:49.747860 | GENERATION: 113 | ERRORS: best=12, median=107.0, diversity=0.735 | INDIVIDUALS: n=200, avg_genome_length=51.595
2021-12-15 00:48:54.222579 | GENERATION: 114 | ERRORS: best=12, median=120.0, diversity=0.71 | INDIVIDUALS: n=200, avg_genome_length=58.475
2021-12-15 00:48:58.884381 | GENERATION: 115 | ERRORS: best=12, median=188.0, diversity=0.745 | INDIVIDUALS: n=200, avg_genome_length=60.77
2021-12-15 00:49:03.365204 | GENERATION: 116 | ERRORS: best=12, median=146.5, diversity=0.77 | INDIVIDUALS: n=200, avg_genome_length=60.51
2021-12-15 00:49:08.142588 | GENERATION: 117 | ERRORS: best=12, median=162.0, diversity=0.75 | INDIVIDUALS: n=200, avg_genome_length=62.0
2021-12-15 00:49:12.576887 | GENERATION: 118 | ERRORS: best=12, median=145.0, diversity=0.69 | INDIVIDUALS: n=200, avg_genome_length=61.9
2021-12-15 00:49:16.925477 | GENERATION: 119 | ERRORS: best=12, median=117.0, diversity=0.615 | INDIVIDUALS: n=200, avg_genome_length=62.4
2021-12-15 00:49:21.539228 | GENERATION: 120 | ERRORS: best=12, median=172.0, diversity=0.725 | INDIVIDUALS: n=200, avg_genome_length=64.27
2021-12-15 00:49:26.076438 | GENERATION: 121 | ERRORS: best=12, median=153.5, diversity=0.725 | INDIVIDUALS: n=200, avg_genome_length=63.97
2021-12-15 00:49:30.350938 | GENERATION: 122 | ERRORS: best=12, median=152.5, diversity=0.705 | INDIVIDUALS: n=200, avg_genome_length=63.695
2021-12-15 00:49:35.208578 | GENERATION: 123 | ERRORS: best=12, median=137.0, diversity=0.745 | INDIVIDUALS: n=200, avg_genome_length=64.625
2021-12-15 00:49:40.154768 | GENERATION: 124 | ERRORS: best=12, median=145.0, diversity=0.715 | INDIVIDUALS: n=200, avg_genome_length=64.215
2021-12-15 00:49:45.002766 | GENERATION: 125 | ERRORS: best=12, median=178.0, diversity=0.805 | INDIVIDUALS: n=200, avg_genome_length=70.485
2021-12-15 00:49:49.835762 | GENERATION: 126 | ERRORS: best=12, median=158.0, diversity=0.775 | INDIVIDUALS: n=200, avg_genome_length=73.595
2021-12-15 00:49:54.967510 | GENERATION: 127 | ERRORS: best=11, median=191.0, diversity=0.84 | INDIVIDUALS: n=200, avg_genome_length=75.33
2021-12-15 00:49:59.662521 | GENERATION: 128 | ERRORS: best=12, median=180.5, diversity=0.875 | INDIVIDUALS: n=200, avg_genome_length=75.32
2021-12-15 00:50:04.375538 | GENERATION: 129 | ERRORS: best=12, median=163.0, diversity=0.79 | INDIVIDUALS: n=200, avg_genome_length=73.795
2021-12-15 00:50:09.433504 | GENERATION: 130 | ERRORS: best=11, median=182.5, diversity=0.79 | INDIVIDUALS: n=200, avg_genome_length=74.645
2021-12-15 00:50:14.257345 | GENERATION: 131 | ERRORS: best=12, median=145.5, diversity=0.815 | INDIVIDUALS: n=200, avg_genome_length=74.57
2021-12-15 00:50:18.935528 | GENERATION: 132 | ERRORS: best=12, median=189.0, diversity=0.8 | INDIVIDUALS: n=200, avg_genome_length=75.655
2021-12-15 00:50:23.623441 | GENERATION: 133 | ERRORS: best=12, median=177.5, diversity=0.785 | INDIVIDUALS: n=200, avg_genome_length=76.88
2021-12-15 00:50:28.234286 | GENERATION: 134 | ERRORS: best=12, median=138.0, diversity=0.755 | INDIVIDUALS: n=200, avg_genome_length=77.96
2021-12-15 00:50:32.637273 | GENERATION: 135 | ERRORS: best=12, median=183.0, diversity=0.785 | INDIVIDUALS: n=200, avg_genome_length=77.565
2021-12-15 00:50:37.325935 | GENERATION: 136 | ERRORS: best=12, median=200.5, diversity=0.81 | INDIVIDUALS: n=200, avg_genome_length=77.395
2021-12-15 00:50:41.920998 | GENERATION: 137 | ERRORS: best=12, median=151.5, diversity=0.795 | INDIVIDUALS: n=200, avg_genome_length=78.27
2021-12-15 00:50:46.372055 | GENERATION: 138 | ERRORS: best=12, median=148.5, diversity=0.75 | INDIVIDUALS: n=200, avg_genome_length=78.89
2021-12-15 00:50:50.779853 | GENERATION: 139 | ERRORS: best=12, median=128.0, diversity=0.69 | INDIVIDUALS: n=200, avg_genome_length=83.345
2021-12-15 00:50:55.111397 | GENERATION: 140 | ERRORS: best=12, median=141.0, diversity=0.71 | INDIVIDUALS: n=200, avg_genome_length=83.715
2021-12-15 00:50:59.775166 | GENERATION: 141 | ERRORS: best=12, median=181.0, diversity=0.74 | INDIVIDUALS: n=200, avg_genome_length=88.77
2021-12-15 00:51:04.423932 | GENERATION: 142 | ERRORS: best=12, median=145.0, diversity=0.685 | INDIVIDUALS: n=200, avg_genome_length=88.385
2021-12-15 00:51:09.076189 | GENERATION: 143 | ERRORS: best=12, median=151.5, diversity=0.68 | INDIVIDUALS: n=200, avg_genome_length=87.76
2021-12-15 00:51:14.133158 | GENERATION: 144 | ERRORS: best=12, median=148.5, diversity=0.66 | INDIVIDUALS: n=200, avg_genome_length=87.89
2021-12-15 00:51:18.627080 | GENERATION: 145 | ERRORS: best=12, median=142.5, diversity=0.67 | INDIVIDUALS: n=200, avg_genome_length=87.085
2021-12-15 00:51:23.125789 | GENERATION: 146 | ERRORS: best=12, median=169.0, diversity=0.685 | INDIVIDUALS: n=200, avg_genome_length=87.965
2021-12-15 00:51:27.781491 | GENERATION: 147 | ERRORS: best=12, median=134.5, diversity=0.645 | INDIVIDUALS: n=200, avg_genome_length=89.485
2021-12-15 00:51:32.532923 | GENERATION: 148 | ERRORS: best=12, median=150.5, diversity=0.755 | INDIVIDUALS: n=200, avg_genome_length=91.47
2021-12-15 00:51:37.206969 | GENERATION: 149 | ERRORS: best=12, median=187.5, diversity=0.73 | INDIVIDUALS: n=200, avg_genome_length=92.13
2021-12-15 00:51:41.891489 | GENERATION: 150 | ERRORS: best=12, median=162.5, diversity=0.685 | INDIVIDUALS: n=200, avg_genome_length=90.885
2021-12-15 00:51:46.638014 | GENERATION: 151 | ERRORS: best=12, median=162.0, diversity=0.705 | INDIVIDUALS: n=200, avg_genome_length=93.35
2021-12-15 00:51:51.321102 | GENERATION: 152 | ERRORS: best=12, median=149.0, diversity=0.705 | INDIVIDUALS: n=200, avg_genome_length=93.33
2021-12-15 00:51:56.217299 | GENERATION: 153 | ERRORS: best=12, median=150.5, diversity=0.72 | INDIVIDUALS: n=200, avg_genome_length=95.345
2021-12-15 00:52:01.295474 | GENERATION: 154 | ERRORS: best=12, median=167.0, diversity=0.755 | INDIVIDUALS: n=200, avg_genome_length=87.77
2021-12-15 00:52:06.138443 | GENERATION: 155 | ERRORS: best=12, median=225.0, diversity=0.735 | INDIVIDUALS: n=200, avg_genome_length=88.84
2021-12-15 00:52:10.779012 | GENERATION: 156 | ERRORS: best=12, median=194.5, diversity=0.665 | INDIVIDUALS: n=200, avg_genome_length=87.48
2021-12-15 00:52:15.530323 | GENERATION: 157 | ERRORS: best=12, median=135.0, diversity=0.66 | INDIVIDUALS: n=200, avg_genome_length=88.01
2021-12-15 00:52:20.431835 | GENERATION: 158 | ERRORS: best=12, median=187.0, diversity=0.72 | INDIVIDUALS: n=200, avg_genome_length=87.08
2021-12-15 00:52:24.903836 | GENERATION: 159 | ERRORS: best=12, median=154.0, diversity=0.685 | INDIVIDUALS: n=200, avg_genome_length=86.405
2021-12-15 00:52:29.286746 | GENERATION: 160 | ERRORS: best=12, median=149.0, diversity=0.695 | INDIVIDUALS: n=200, avg_genome_length=85.76
2021-12-15 00:52:33.860244 | GENERATION: 161 | ERRORS: best=14, median=219.5, diversity=0.74 | INDIVIDUALS: n=200, avg_genome_length=85.415
2021-12-15 00:52:38.514630 | GENERATION: 162 | ERRORS: best=12, median=153.0, diversity=0.715 | INDIVIDUALS: n=200, avg_genome_length=86.02
2021-12-15 00:52:42.764373 | GENERATION: 163 | ERRORS: best=12, median=150.0, diversity=0.7 | INDIVIDUALS: n=200, avg_genome_length=85.435
2021-12-15 00:52:47.017176 | GENERATION: 164 | ERRORS: best=12, median=125.5, diversity=0.67 | INDIVIDUALS: n=200, avg_genome_length=84.665
2021-12-15 00:52:50.810581 | GENERATION: 165 | ERRORS: best=12, median=151.5, diversity=0.62 | INDIVIDUALS: n=200, avg_genome_length=84.02
2021-12-15 00:52:54.840752 | GENERATION: 166 | ERRORS: best=12, median=128.5, diversity=0.675 | INDIVIDUALS: n=200, avg_genome_length=83.47
2021-12-15 00:52:58.719081 | GENERATION: 167 | ERRORS: best=12, median=112.0, diversity=0.67 | INDIVIDUALS: n=200, avg_genome_length=81.77
2021-12-15 00:53:02.975919 | GENERATION: 168 | ERRORS: best=12, median=132.5, diversity=0.655 | INDIVIDUALS: n=200, avg_genome_length=82.595
2021-12-15 00:53:06.766836 | GENERATION: 169 | ERRORS: best=12, median=120.5, diversity=0.65 | INDIVIDUALS: n=200, avg_genome_length=80.635
2021-12-15 00:53:10.663940 | GENERATION: 170 | ERRORS: best=12, median=133.5, diversity=0.67 | INDIVIDUALS: n=200, avg_genome_length=79.96
2021-12-15 00:53:14.434273 | GENERATION: 171 | ERRORS: best=12, median=116.5, diversity=0.64 | INDIVIDUALS: n=200, avg_genome_length=78.285
2021-12-15 00:53:18.684063 | GENERATION: 172 | ERRORS: best=12, median=174.0, diversity=0.64 | INDIVIDUALS: n=200, avg_genome_length=79.045
2021-12-15 00:53:22.651818 | GENERATION: 173 | ERRORS: best=12, median=148.5, diversity=0.63 | INDIVIDUALS: n=200, avg_genome_length=77.09
2021-12-15 00:53:26.676346 | GENERATION: 174 | ERRORS: best=12, median=146.5, diversity=0.69 | INDIVIDUALS: n=200, avg_genome_length=77.74
2021-12-15 00:53:30.457503 | GENERATION: 175 | ERRORS: best=12, median=152.5, diversity=0.685 | INDIVIDUALS: n=200, avg_genome_length=77.485
2021-12-15 00:53:34.158842 | GENERATION: 176 | ERRORS: best=12, median=119.0, diversity=0.62 | INDIVIDUALS: n=200, avg_genome_length=79.89
2021-12-15 00:53:37.940590 | GENERATION: 177 | ERRORS: best=12, median=106.0, diversity=0.6 | INDIVIDUALS: n=200, avg_genome_length=78.76
2021-12-15 00:53:42.051916 | GENERATION: 178 | ERRORS: best=12, median=123.0, diversity=0.675 | INDIVIDUALS: n=200, avg_genome_length=76.975
2021-12-15 00:53:45.723263 | GENERATION: 179 | ERRORS: best=12, median=119.5, diversity=0.6 | INDIVIDUALS: n=200, avg_genome_length=78.01
2021-12-15 00:53:49.512458 | GENERATION: 180 | ERRORS: best=12, median=109.0, diversity=0.625 | INDIVIDUALS: n=200, avg_genome_length=75.495
2021-12-15 00:53:53.327019 | GENERATION: 181 | ERRORS: best=12, median=118.5, diversity=0.67 | INDIVIDUALS: n=200, avg_genome_length=74.685
2021-12-15 00:53:57.153112 | GENERATION: 182 | ERRORS: best=12, median=130.0, diversity=0.64 | INDIVIDUALS: n=200, avg_genome_length=74.475
2021-12-15 00:54:00.935143 | GENERATION: 183 | ERRORS: best=12, median=119.5, diversity=0.675 | INDIVIDUALS: n=200, avg_genome_length=75.55
2021-12-15 00:54:04.592489 | GENERATION: 184 | ERRORS: best=12, median=124.0, diversity=0.69 | INDIVIDUALS: n=200, avg_genome_length=72.855
2021-12-15 00:54:08.317076 | GENERATION: 185 | ERRORS: best=12, median=130.0, diversity=0.64 | INDIVIDUALS: n=200, avg_genome_length=76.065
2021-12-15 00:54:12.278770 | GENERATION: 186 | ERRORS: best=12, median=129.0, diversity=0.66 | INDIVIDUALS: n=200, avg_genome_length=76.455
2021-12-15 00:54:16.018289 | GENERATION: 187 | ERRORS: best=12, median=130.0, diversity=0.65 | INDIVIDUALS: n=200, avg_genome_length=77.085
2021-12-15 00:54:19.840377 | GENERATION: 188 | ERRORS: best=12, median=156.5, diversity=0.605 | INDIVIDUALS: n=200, avg_genome_length=73.815
2021-12-15 00:54:23.523679 | GENERATION: 189 | ERRORS: best=12, median=137.5, diversity=0.66 | INDIVIDUALS: n=200, avg_genome_length=74.865
2021-12-15 00:54:27.352628 | GENERATION: 190 | ERRORS: best=12, median=136.5, diversity=0.625 | INDIVIDUALS: n=200, avg_genome_length=73.585
2021-12-15 00:54:31.275662 | GENERATION: 191 | ERRORS: best=12, median=152.0, diversity=0.635 | INDIVIDUALS: n=200, avg_genome_length=73.315
2021-12-15 00:54:34.915885 | GENERATION: 192 | ERRORS: best=12, median=122.5, diversity=0.58 | INDIVIDUALS: n=200, avg_genome_length=72.575
2021-12-15 00:54:39.411850 | GENERATION: 193 | ERRORS: best=12, median=147.0, diversity=0.6 | INDIVIDUALS: n=200, avg_genome_length=71.95
2021-12-15 00:54:43.681071 | GENERATION: 194 | ERRORS: best=12, median=152.0, diversity=0.6 | INDIVIDUALS: n=200, avg_genome_length=70.975
2021-12-15 00:54:48.044487 | GENERATION: 195 | ERRORS: best=12, median=147.0, diversity=0.625 | INDIVIDUALS: n=200, avg_genome_length=71.51
2021-12-15 00:54:51.751197 | GENERATION: 196 | ERRORS: best=12, median=119.5, diversity=0.595 | INDIVIDUALS: n=200, avg_genome_length=68.25
2021-12-15 00:54:55.557187 | GENERATION: 197 | ERRORS: best=12, median=137.0, diversity=0.64 | INDIVIDUALS: n=200, avg_genome_length=68.575
2021-12-15 00:54:59.383916 | GENERATION: 198 | ERRORS: best=12, median=146.0, diversity=0.635 | INDIVIDUALS: n=200, avg_genome_length=65.705
2021-12-15 00:55:03.296232 | GENERATION: 199 | ERRORS: best=12, median=137.0, diversity=0.625 | INDIVIDUALS: n=200, avg_genome_length=67.17
2021-12-15 00:55:07.172619 | GENERATION: 200 | ERRORS: best=12, median=112.0, diversity=0.54 | INDIVIDUALS: n=200, avg_genome_length=68.84
2021-12-15 00:55:10.813882 | GENERATION: 201 | ERRORS: best=12, median=148.0, diversity=0.62 | INDIVIDUALS: n=200, avg_genome_length=69.57
2021-12-15 00:55:14.806731 | GENERATION: 202 | ERRORS: best=12, median=143.5, diversity=0.655 | INDIVIDUALS: n=200, avg_genome_length=71.05
2021-12-15 00:55:18.496805 | GENERATION: 203 | ERRORS: best=12, median=132.0, diversity=0.67 | INDIVIDUALS: n=200, avg_genome_length=68.725
2021-12-15 00:55:22.579602 | GENERATION: 204 | ERRORS: best=12, median=160.0, diversity=0.605 | INDIVIDUALS: n=200, avg_genome_length=73.54
2021-12-15 00:55:26.754443 | GENERATION: 205 | ERRORS: best=12, median=144.5, diversity=0.64 | INDIVIDUALS: n=200, avg_genome_length=73.955
2021-12-15 00:55:30.844951 | GENERATION: 206 | ERRORS: best=12, median=148.0, diversity=0.65 | INDIVIDUALS: n=200, avg_genome_length=72.195
2021-12-15 00:55:34.616283 | GENERATION: 207 | ERRORS: best=12, median=165.0, diversity=0.68 | INDIVIDUALS: n=200, avg_genome_length=68.295
2021-12-15 00:55:38.009463 | GENERATION: 208 | ERRORS: best=12, median=117.5, diversity=0.62 | INDIVIDUALS: n=200, avg_genome_length=64.335
2021-12-15 00:55:41.426135 | GENERATION: 209 | ERRORS: best=14, median=135.5, diversity=0.65 | INDIVIDUALS: n=200, avg_genome_length=62.165
2021-12-15 00:55:45.082758 | GENERATION: 210 | ERRORS: best=14, median=169.0, diversity=0.67 | INDIVIDUALS: n=200, avg_genome_length=69.195
2021-12-15 00:55:49.021055 | GENERATION: 211 | ERRORS: best=12, median=131.5, diversity=0.68 | INDIVIDUALS: n=200, avg_genome_length=67.88
2021-12-15 00:55:53.003593 | GENERATION: 212 | ERRORS: best=12, median=151.5, diversity=0.63 | INDIVIDUALS: n=200, avg_genome_length=73.405
2021-12-15 00:55:56.522933 | GENERATION: 213 | ERRORS: best=12, median=122.5, diversity=0.645 | INDIVIDUALS: n=200, avg_genome_length=68.72
2021-12-15 00:56:00.274072 | GENERATION: 214 | ERRORS: best=12, median=135.5, diversity=0.68 | INDIVIDUALS: n=200, avg_genome_length=69.155
2021-12-15 00:56:04.061823 | GENERATION: 215 | ERRORS: best=12, median=136.0, diversity=0.685 | INDIVIDUALS: n=200, avg_genome_length=65.795
2021-12-15 00:56:08.025395 | GENERATION: 216 | ERRORS: best=12, median=145.0, diversity=0.72 | INDIVIDUALS: n=200, avg_genome_length=65.61
2021-12-15 00:56:11.922376 | GENERATION: 217 | ERRORS: best=12, median=187.5, diversity=0.695 | INDIVIDUALS: n=200, avg_genome_length=66.79
2021-12-15 00:56:15.611538 | GENERATION: 218 | ERRORS: best=12, median=191.5, diversity=0.645 | INDIVIDUALS: n=200, avg_genome_length=65.465
2021-12-15 00:56:19.723323 | GENERATION: 219 | ERRORS: best=12, median=215.0, diversity=0.655 | INDIVIDUALS: n=200, avg_genome_length=68.535
2021-12-15 00:56:23.847428 | GENERATION: 220 | ERRORS: best=12, median=165.0, diversity=0.645 | INDIVIDUALS: n=200, avg_genome_length=63.36
2021-12-15 00:56:27.667431 | GENERATION: 221 | ERRORS: best=12, median=132.0, diversity=0.63 | INDIVIDUALS: n=200, avg_genome_length=63.195
2021-12-15 00:56:31.832973 | GENERATION: 222 | ERRORS: best=12, median=152.5, diversity=0.72 | INDIVIDUALS: n=200, avg_genome_length=67.935
2021-12-15 00:56:35.803408 | GENERATION: 223 | ERRORS: best=12, median=119.0, diversity=0.63 | INDIVIDUALS: n=200, avg_genome_length=66.805
2021-12-15 00:56:39.673790 | GENERATION: 224 | ERRORS: best=12, median=138.0, diversity=0.655 | INDIVIDUALS: n=200, avg_genome_length=67.185
2021-12-15 00:56:43.830603 | GENERATION: 225 | ERRORS: best=12, median=123.5, diversity=0.63 | INDIVIDUALS: n=200, avg_genome_length=68.135
2021-12-15 00:56:47.834115 | GENERATION: 226 | ERRORS: best=12, median=140.0, diversity=0.675 | INDIVIDUALS: n=200, avg_genome_length=73.525
2021-12-15 00:56:51.971569 | GENERATION: 227 | ERRORS: best=12, median=128.0, diversity=0.7 | INDIVIDUALS: n=200, avg_genome_length=70.735
2021-12-15 00:56:56.172531 | GENERATION: 228 | ERRORS: best=12, median=129.0, diversity=0.665 | INDIVIDUALS: n=200, avg_genome_length=64.955
2021-12-15 00:57:00.155830 | GENERATION: 229 | ERRORS: best=12, median=145.5, diversity=0.685 | INDIVIDUALS: n=200, avg_genome_length=68.03
2021-12-15 00:57:04.284155 | GENERATION: 230 | ERRORS: best=12, median=145.0, diversity=0.655 | INDIVIDUALS: n=200, avg_genome_length=68.88
2021-12-15 00:57:08.346646 | GENERATION: 231 | ERRORS: best=12, median=135.0, diversity=0.7 | INDIVIDUALS: n=200, avg_genome_length=67.525
2021-12-15 00:57:12.368874 | GENERATION: 232 | ERRORS: best=12, median=131.0, diversity=0.605 | INDIVIDUALS: n=200, avg_genome_length=63.43
2021-12-15 00:57:16.430687 | GENERATION: 233 | ERRORS: best=12, median=128.5, diversity=0.715 | INDIVIDUALS: n=200, avg_genome_length=61.69
2021-12-15 00:57:20.459312 | GENERATION: 234 | ERRORS: best=12, median=122.0, diversity=0.675 | INDIVIDUALS: n=200, avg_genome_length=54.845
2021-12-15 00:57:24.231648 | GENERATION: 235 | ERRORS: best=12, median=142.0, diversity=0.64 | INDIVIDUALS: n=200, avg_genome_length=61.07
2021-12-15 00:57:27.983397 | GENERATION: 236 | ERRORS: best=12, median=126.5, diversity=0.58 | INDIVIDUALS: n=200, avg_genome_length=58.17
2021-12-15 00:57:31.905826 | GENERATION: 237 | ERRORS: best=12, median=115.5, diversity=0.62 | INDIVIDUALS: n=200, avg_genome_length=57.12
2021-12-15 00:57:35.734767 | GENERATION: 238 | ERRORS: best=12, median=109.0, diversity=0.625 | INDIVIDUALS: n=200, avg_genome_length=55.665
2021-12-15 00:57:39.417384 | GENERATION: 239 | ERRORS: best=12, median=126.0, diversity=0.65 | INDIVIDUALS: n=200, avg_genome_length=53.415
2021-12-15 00:57:43.420883 | GENERATION: 240 | ERRORS: best=12, median=148.0, diversity=0.635 | INDIVIDUALS: n=200, avg_genome_length=61.305
2021-12-15 00:57:47.234838 | GENERATION: 241 | ERRORS: best=12, median=176.5, diversity=0.645 | INDIVIDUALS: n=200, avg_genome_length=60.12
2021-12-15 00:57:51.397111 | GENERATION: 242 | ERRORS: best=12, median=148.5, diversity=0.62 | INDIVIDUALS: n=200, avg_genome_length=59.64
2021-12-15 00:57:55.703642 | GENERATION: 243 | ERRORS: best=12, median=152.5, diversity=0.695 | INDIVIDUALS: n=200, avg_genome_length=61.24
2021-12-15 00:57:59.781298 | GENERATION: 244 | ERRORS: best=12, median=144.0, diversity=0.575 | INDIVIDUALS: n=200, avg_genome_length=59.79
2021-12-15 00:58:03.888633 | GENERATION: 245 | ERRORS: best=12, median=197.0, diversity=0.575 | INDIVIDUALS: n=200, avg_genome_length=61.5
2021-12-15 00:58:07.918698 | GENERATION: 246 | ERRORS: best=12, median=145.5, diversity=0.605 | INDIVIDUALS: n=200, avg_genome_length=60.64
2021-12-15 00:58:11.590995 | GENERATION: 247 | ERRORS: best=12, median=148.5, diversity=0.57 | INDIVIDUALS: n=200, avg_genome_length=64.615
2021-12-15 00:58:15.612951 | GENERATION: 248 | ERRORS: best=12, median=127.5, diversity=0.61 | INDIVIDUALS: n=200, avg_genome_length=58.495
2021-12-15 00:58:19.297181 | GENERATION: 249 | ERRORS: best=12, median=157.5, diversity=0.625 | INDIVIDUALS: n=200, avg_genome_length=56.825
2021-12-15 00:58:23.277729 | GENERATION: 250 | ERRORS: best=12, median=147.5, diversity=0.63 | INDIVIDUALS: n=200, avg_genome_length=61.78
2021-12-15 00:58:27.210031 | GENERATION: 251 | ERRORS: best=12, median=117.0, diversity=0.61 | INDIVIDUALS: n=200, avg_genome_length=67.09
2021-12-15 00:58:31.191300 | GENERATION: 252 | ERRORS: best=12, median=111.5, diversity=0.66 | INDIVIDUALS: n=200, avg_genome_length=64.37
2021-12-15 00:58:35.311738 | GENERATION: 253 | ERRORS: best=12, median=135.0, diversity=0.645 | INDIVIDUALS: n=200, avg_genome_length=65.9
2021-12-15 00:58:39.557454 | GENERATION: 254 | ERRORS: best=12, median=146.5, diversity=0.565 | INDIVIDUALS: n=200, avg_genome_length=66.03
2021-12-15 00:58:43.418761 | GENERATION: 255 | ERRORS: best=12, median=153.5, diversity=0.625 | INDIVIDUALS: n=200, avg_genome_length=63.565
2021-12-15 00:58:47.109793 | GENERATION: 256 | ERRORS: best=12, median=120.0, diversity=0.655 | INDIVIDUALS: n=200, avg_genome_length=64.455
2021-12-15 00:58:50.804730 | GENERATION: 257 | ERRORS: best=12, median=109.5, diversity=0.595 | INDIVIDUALS: n=200, avg_genome_length=61.37
2021-12-15 00:58:54.534882 | GENERATION: 258 | ERRORS: best=12, median=110.0, diversity=0.565 | INDIVIDUALS: n=200, avg_genome_length=61.05
2021-12-15 00:58:58.057749 | GENERATION: 259 | ERRORS: best=12, median=110.0, diversity=0.59 | INDIVIDUALS: n=200, avg_genome_length=58.655
2021-12-15 00:59:01.796733 | GENERATION: 260 | ERRORS: best=12, median=107.0, diversity=0.67 | INDIVIDUALS: n=200, avg_genome_length=58.325
2021-12-15 00:59:05.260012 | GENERATION: 261 | ERRORS: best=12, median=110.0, diversity=0.61 | INDIVIDUALS: n=200, avg_genome_length=59.19
2021-12-15 00:59:09.063522 | GENERATION: 262 | ERRORS: best=14, median=130.0, diversity=0.65 | INDIVIDUALS: n=200, avg_genome_length=62.495
2021-12-15 00:59:12.495723 | GENERATION: 263 | ERRORS: best=14, median=109.0, diversity=0.635 | INDIVIDUALS: n=200, avg_genome_length=59.81
2021-12-15 00:59:16.032606 | GENERATION: 264 | ERRORS: best=12, median=140.5, diversity=0.595 | INDIVIDUALS: n=200, avg_genome_length=57.28
2021-12-15 00:59:19.625221 | GENERATION: 265 | ERRORS: best=12, median=109.5, diversity=0.615 | INDIVIDUALS: n=200, avg_genome_length=65.25
2021-12-15 00:59:23.339354 | GENERATION: 266 | ERRORS: best=12, median=106.5, diversity=0.625 | INDIVIDUALS: n=200, avg_genome_length=61.825
2021-12-15 00:59:27.024232 | GENERATION: 267 | ERRORS: best=12, median=112.0, diversity=0.59 | INDIVIDUALS: n=200, avg_genome_length=63.885
2021-12-15 00:59:30.908982 | GENERATION: 268 | ERRORS: best=12, median=121.5, diversity=0.63 | INDIVIDUALS: n=200, avg_genome_length=64.96
2021-12-15 00:59:34.820534 | GENERATION: 269 | ERRORS: best=12, median=116.0, diversity=0.62 | INDIVIDUALS: n=200, avg_genome_length=68.11
2021-12-15 00:59:38.418398 | GENERATION: 270 | ERRORS: best=12, median=115.5, diversity=0.61 | INDIVIDUALS: n=200, avg_genome_length=64.56
2021-12-15 00:59:42.159285 | GENERATION: 271 | ERRORS: best=12, median=139.5, diversity=0.595 | INDIVIDUALS: n=200, avg_genome_length=64.095
2021-12-15 00:59:45.803099 | GENERATION: 272 | ERRORS: best=12, median=134.0, diversity=0.61 | INDIVIDUALS: n=200, avg_genome_length=62.59
2021-12-15 00:59:49.990181 | GENERATION: 273 | ERRORS: best=12, median=161.5, diversity=0.595 | INDIVIDUALS: n=200, avg_genome_length=63.54
2021-12-15 00:59:54.095956 | GENERATION: 274 | ERRORS: best=12, median=114.0, diversity=0.595 | INDIVIDUALS: n=200, avg_genome_length=64.14
2021-12-15 00:59:58.454567 | GENERATION: 275 | ERRORS: best=12, median=147.5, diversity=0.67 | INDIVIDUALS: n=200, avg_genome_length=68.025
2021-12-15 01:00:02.112649 | GENERATION: 276 | ERRORS: best=12, median=140.0, diversity=0.605 | INDIVIDUALS: n=200, avg_genome_length=63.59
2021-12-15 01:00:05.655558 | GENERATION: 277 | ERRORS: best=12, median=142.0, diversity=0.64 | INDIVIDUALS: n=200, avg_genome_length=63.14
2021-12-15 01:00:08.924299 | GENERATION: 278 | ERRORS: best=12, median=110.0, diversity=0.56 | INDIVIDUALS: n=200, avg_genome_length=58.65
2021-12-15 01:00:12.518984 | GENERATION: 279 | ERRORS: best=12, median=115.0, diversity=0.595 | INDIVIDUALS: n=200, avg_genome_length=59.255
2021-12-15 01:00:16.142884 | GENERATION: 280 | ERRORS: best=12, median=105.0, diversity=0.595 | INDIVIDUALS: n=200, avg_genome_length=58.6
2021-12-15 01:00:19.645972 | GENERATION: 281 | ERRORS: best=12, median=105.0, diversity=0.58 | INDIVIDUALS: n=200, avg_genome_length=58.505
2021-12-15 01:00:23.566689 | GENERATION: 282 | ERRORS: best=12, median=113.0, diversity=0.58 | INDIVIDUALS: n=200, avg_genome_length=59.6
2021-12-15 01:00:27.206047 | GENERATION: 283 | ERRORS: best=12, median=110.5, diversity=0.645 | INDIVIDUALS: n=200, avg_genome_length=58.04
2021-12-15 01:00:30.942925 | GENERATION: 284 | ERRORS: best=12, median=105.0, diversity=0.56 | INDIVIDUALS: n=200, avg_genome_length=60.495
2021-12-15 01:00:34.923865 | GENERATION: 285 | ERRORS: best=12, median=112.5, diversity=0.6 | INDIVIDUALS: n=200, avg_genome_length=57.435
2021-12-15 01:00:38.421295 | GENERATION: 286 | ERRORS: best=12, median=113.5, diversity=0.61 | INDIVIDUALS: n=200, avg_genome_length=61.475
2021-12-15 01:00:42.140057 | GENERATION: 287 | ERRORS: best=12, median=104.0, diversity=0.555 | INDIVIDUALS: n=200, avg_genome_length=63.34
2021-12-15 01:00:45.624068 | GENERATION: 288 | ERRORS: best=12, median=113.0, diversity=0.645 | INDIVIDUALS: n=200, avg_genome_length=65.1
2021-12-15 01:00:49.720051 | GENERATION: 289 | ERRORS: best=12, median=117.0, diversity=0.57 | INDIVIDUALS: n=200, avg_genome_length=68.275
2021-12-15 01:00:53.522509 | GENERATION: 290 | ERRORS: best=14, median=111.0, diversity=0.62 | INDIVIDUALS: n=200, avg_genome_length=67.225
2021-12-15 01:00:57.468722 | GENERATION: 291 | ERRORS: best=14, median=109.0, diversity=0.62 | INDIVIDUALS: n=200, avg_genome_length=63.0
2021-12-15 01:01:01.588137 | GENERATION: 292 | ERRORS: best=12, median=105.0, diversity=0.59 | INDIVIDUALS: n=200, avg_genome_length=62.84
2021-12-15 01:01:05.602198 | GENERATION: 293 | ERRORS: best=12, median=112.5, diversity=0.585 | INDIVIDUALS: n=200, avg_genome_length=63.255
2021-12-15 01:01:10.109347 | GENERATION: 294 | ERRORS: best=12, median=119.0, diversity=0.635 | INDIVIDUALS: n=200, avg_genome_length=64.825
2021-12-15 01:01:14.397164 | GENERATION: 295 | ERRORS: best=12, median=105.0, diversity=0.59 | INDIVIDUALS: n=200, avg_genome_length=66.815
2021-12-15 01:01:18.695671 | GENERATION: 296 | ERRORS: best=12, median=115.5, diversity=0.62 | INDIVIDUALS: n=200, avg_genome_length=69.31
2021-12-15 01:01:23.127331 | GENERATION: 297 | ERRORS: best=12, median=120.5, diversity=0.63 | INDIVIDUALS: n=200, avg_genome_length=75.22
2021-12-15 01:01:27.541294 | GENERATION: 298 | ERRORS: best=12, median=146.0, diversity=0.65 | INDIVIDUALS: n=200, avg_genome_length=71.82
2021-12-15 01:01:31.836661 | GENERATION: 299 | ERRORS: best=12, median=110.5, diversity=0.64 | INDIVIDUALS: n=200, avg_genome_length=74.095
2021-12-15 01:01:36.016137 | GENERATION: 300 | ERRORS: best=14, median=109.0, diversity=0.57 | INDIVIDUALS: n=200, avg_genome_length=69.77
Simplifying genome of length 78 with total error 11.
Simplified genome by 2 to length 76.
Simplified genome by 1 to length 75.
Simplified genome by 1 to length 74.
Simplified genome by 1 to length 73.
Simplified genome by 1 to length 72.
Simplified genome by 1 to length 71.
Simplified genome by 2 to length 69.
Simplified genome by 1 to length 68.
Simplified genome by 1 to length 67.
Simplified genome by 1 to length 66.
Simplified genome by 1 to length 65.
Simplified genome by 1 to length 64.
Simplified genome by 3 to length 61.
Simplified genome by 2 to length 59.
Simplified genome by 2 to length 57.
Simplified genome by 1 to length 56.
Simplified genome by 1 to length 55.
Simplified genome by 1 to length 54.
Simplified genome by 1 to length 53.
Simplified genome by 1 to length 52.
Simplified genome by 1 to length 51.
Simplified genome by 2 to length 49.
Simplified genome by 1 to length 48.
Simplified genome by 3 to length 45.
Simplified genome by 1 to length 44.
Simplified genome by 1 to length 43.
Simplified genome by 2 to length 41.
Simplified genome by 2 to length 39.
Simplified genome by 1 to length 38.
Simplified genome by 1 to length 37.
Simplified genome by 1 to length 36.
Simplified genome by 1 to length 35.
Simplified genome by 1 to length 34.
Simplified genome by 1 to length 33.
Simplified genome to length 33 and total error 11.
========================================
End Run
========================================
No solution found.
Best Seen Individual
	Genome:
	 pvector([Input(input_index=0), Input(input_index=1), InstructionMeta(name='exec_yank', code_blocks=0), InstructionMeta(name='int_sub', code_blocks=0), InstructionMeta(name='int_mod', code_blocks=0), InstructionMeta(name='int_from_bool', code_blocks=0), InstructionMeta(name='bool_dup', code_blocks=0), InstructionMeta(name='bool_swap', code_blocks=0), InstructionMeta(name='bool_swap', code_blocks=0), InstructionMeta(name='int_add', code_blocks=0), InstructionMeta(name='int_pop', code_blocks=0), InstructionMeta(name='bool_from_int', code_blocks=0), InstructionMeta(name='int_lte', code_blocks=0), InstructionMeta(name='int_yank_dup', code_blocks=0), InstructionMeta(name='bool_rot', code_blocks=0), InstructionMeta(name='bool_invert_first_then_and', code_blocks=0), Input(input_index=1), Input(input_index=2), Input(input_index=0), Input(input_index=1), InstructionMeta(name='exec_shove_dup', code_blocks=1), Input(input_index=1), Closer(), InstructionMeta(name='noop', code_blocks=0), InstructionMeta(name='println_bool', code_blocks=0), InstructionMeta(name='exec_dup_times', code_blocks=1), Closer(), InstructionMeta(name='int_max', code_blocks=0), InstructionMeta(name='int_min', code_blocks=0), InstructionMeta(name='int_rot', code_blocks=0), InstructionMeta(name='int_max', code_blocks=0), InstructionMeta(name='print_int', code_blocks=0), InstructionMeta(name='exec_if', code_blocks=2)])
	Program:
	 (input_0 input_1 exec_yank int_sub int_mod int_from_bool bool_dup bool_swap bool_swap int_add int_pop bool_from_int int_lte int_yank_dup bool_rot bool_invert_first_then_and input_1 input_2 input_0 input_1 exec_shove_dup (input_1) noop println_bool exec_dup_times () int_max int_min int_rot int_max print_int exec_if () ())
	Error vector:
	 [2 0 0 0 0 0 0 0 0 0 0 0 0 0 0 0 0 2 0 0 0 2 0 0 0 0 0 0 0 0 2 0 0 0 0 0 0
 0 0 0 0 0 0 0 0 0 0 0 0 0 0 0 0 0 0 0 0 0 0 0 0 0 0 0 0 0 0 0 0 2 0 0 0 0
 0 0 0 0 0 0 0 0 0 0 0 0 0 0 0 0 0 1 0 0 0 0 0 0 0 0]
	Total error:
	 11
	Test error:
	 149
	Time:
	 00:21:23
