Included 27 edge cases.
Included 73 random cases.
Included 100 cases in total.
Finished formatting.
Included 0 edge cases.
Included 1000 random cases.
Included 1000 cases in total.
Finished formatting.
========================================
Setup
========================================
Search Configuration:
signature: ProgramSignature(push_config=PushConfig(numeric_magnitude_limit=1000000000000.0, runtime_limit=10, step_limit=300, collection_size_cap=1000, growth_cap=500), output_stacks=['stdout'], arity=1)
evaluator: <pyshgp.gp.evaluation.DatasetEvaluator object at 0x7fed9c114400>
spawner: <pyshgp.gp.genome.GeneSpawner object at 0x7fed9c114670>
population_size: 200
max_generations: 300
error_threshold: 0.0
initial_genome_size: (20, 100)
simplification_steps: 500
parallel_context: <pyshgp.gp.search.ParallelContext object at 0x7fed9c1147f0>
selection: <pyshgp.utils.DiscreteProbDistrib object at 0x7fed9c1c3240>
variation: <pyshgp.utils.DiscreteProbDistrib object at 0x7feda3878280>
Instructions:
int_add, int_sub, int_mult, int_div, int_mod, int_min, int_max, int_inc, int_dec, int_lt, int_lte, int_gt, int_gte, int_from_bool, str_concat, str_insert_str, str_from_first_char, str_from_last_char, str_from_nth_char, str_contains_str, str_index_of_str, str_split_on_str, str_replace_first_str, str_replace_n_str, str_replace_all_str, str_remove_first_str, str_remove_n_str, str_remove_all_str, str_occurrences_of_str, str_reverse, str_head, str_tail, str_rest, str_but_last, str_drop, str_but_last_n, str_length, str_make_empty, str_is_empty_string, str_remove_nth, str_strip_whitespace, str_from_bool, str_from_int, bool_and, bool_or, bool_not, bool_xor, bool_invert_first_then_and, bool_second_first_then_and, bool_from_int, noop, noop_open, exec_do_range, exec_do_count, exec_while, exec_do_while, exec_if, exec_when, print_bool, println_bool, print_int, println_int, print_str, println_str, print_exec, println_exec, bool_pop, bool_dup, bool_dup_times, bool_swap, bool_rot, bool_flush, bool_eq, bool_stack_depth, bool_yank, bool_yank_dup, bool_shove, bool_shove_dup, bool_is_empty, int_pop, int_dup, int_dup_times, int_swap, int_rot, int_flush, int_eq, int_stack_depth, int_yank, int_yank_dup, int_shove, int_shove_dup, int_is_empty, str_pop, str_dup, str_dup_times, str_swap, str_rot, str_flush, str_eq, str_stack_depth, str_yank, str_yank_dup, str_shove, str_shove_dup, str_is_empty, exec_pop, exec_dup, exec_dup_times, exec_swap, exec_rot, exec_flush, exec_eq, exec_stack_depth, exec_yank, exec_yank_dup, exec_shove, exec_shove_dup, exec_is_empty
Literals:
[Literal(value='small', push_type=<pyshgp.push.types.PushStrType object at 0x7fed9e52e760>), Literal(value='large', push_type=<pyshgp.push.types.PushStrType object at 0x7fed9e52e760>)]
ERC Generators:
[<function rand_int at 0x7fed9e3e6f70>]
========================================
Start Run
========================================
2021-12-09 18:44:56.546785 | GENERATION: 1 | ERRORS: best=370, median=435.0, diversity=0.045 | INDIVIDUALS: n=200, avg_genome_length=67.155
2021-12-09 18:44:57.580328 | GENERATION: 2 | ERRORS: best=280, median=401.0, diversity=0.12 | INDIVIDUALS: n=200, avg_genome_length=51.865
2021-12-09 18:44:58.761250 | GENERATION: 3 | ERRORS: best=280, median=285.0, diversity=0.13 | INDIVIDUALS: n=200, avg_genome_length=52.62
2021-12-09 18:44:59.792084 | GENERATION: 4 | ERRORS: best=280, median=285.0, diversity=0.115 | INDIVIDUALS: n=200, avg_genome_length=49.96
2021-12-09 18:45:01.079375 | GENERATION: 5 | ERRORS: best=280, median=418.0, diversity=0.145 | INDIVIDUALS: n=200, avg_genome_length=47.615
2021-12-09 18:45:02.109730 | GENERATION: 6 | ERRORS: best=280, median=292.5, diversity=0.14 | INDIVIDUALS: n=200, avg_genome_length=46.0
2021-12-09 18:45:03.122806 | GENERATION: 7 | ERRORS: best=280, median=300.0, diversity=0.14 | INDIVIDUALS: n=200, avg_genome_length=44.455
2021-12-09 18:45:04.205068 | GENERATION: 8 | ERRORS: best=280, median=435.0, diversity=0.15 | INDIVIDUALS: n=200, avg_genome_length=42.61
2021-12-09 18:45:05.277919 | GENERATION: 9 | ERRORS: best=280, median=435.0, diversity=0.09 | INDIVIDUALS: n=200, avg_genome_length=40.03
2021-12-09 18:45:06.296748 | GENERATION: 10 | ERRORS: best=280, median=410.0, diversity=0.145 | INDIVIDUALS: n=200, avg_genome_length=37.36
2021-12-09 18:45:07.363088 | GENERATION: 11 | ERRORS: best=280, median=300.0, diversity=0.115 | INDIVIDUALS: n=200, avg_genome_length=34.73
2021-12-09 18:45:08.267469 | GENERATION: 12 | ERRORS: best=280, median=419.0, diversity=0.155 | INDIVIDUALS: n=200, avg_genome_length=31.74
2021-12-09 18:45:09.434029 | GENERATION: 13 | ERRORS: best=215, median=435.0, diversity=0.1 | INDIVIDUALS: n=200, avg_genome_length=29.385
2021-12-09 18:45:10.431161 | GENERATION: 14 | ERRORS: best=215, median=285.0, diversity=0.105 | INDIVIDUALS: n=200, avg_genome_length=28.795
2021-12-09 18:45:11.389855 | GENERATION: 15 | ERRORS: best=215, median=285.0, diversity=0.145 | INDIVIDUALS: n=200, avg_genome_length=27.275
2021-12-09 18:45:12.264691 | GENERATION: 16 | ERRORS: best=215, median=285.0, diversity=0.105 | INDIVIDUALS: n=200, avg_genome_length=25.555
2021-12-09 18:45:13.290879 | GENERATION: 17 | ERRORS: best=215, median=285.0, diversity=0.11 | INDIVIDUALS: n=200, avg_genome_length=25.335
2021-12-09 18:45:14.434323 | GENERATION: 18 | ERRORS: best=65, median=285.0, diversity=0.1 | INDIVIDUALS: n=200, avg_genome_length=24.635
2021-12-09 18:45:15.297172 | GENERATION: 19 | ERRORS: best=65, median=285.0, diversity=0.185 | INDIVIDUALS: n=200, avg_genome_length=28.495
2021-12-09 18:45:16.332122 | GENERATION: 20 | ERRORS: best=65, median=435.0, diversity=0.165 | INDIVIDUALS: n=200, avg_genome_length=27.57
2021-12-09 18:45:17.412040 | GENERATION: 21 | ERRORS: best=65, median=285.0, diversity=0.19 | INDIVIDUALS: n=200, avg_genome_length=27.275
2021-12-09 18:45:18.456712 | GENERATION: 22 | ERRORS: best=65, median=285.0, diversity=0.165 | INDIVIDUALS: n=200, avg_genome_length=26.135
2021-12-09 18:45:19.525722 | GENERATION: 23 | ERRORS: best=65, median=345.5, diversity=0.19 | INDIVIDUALS: n=200, avg_genome_length=24.685
2021-12-09 18:45:20.723026 | GENERATION: 24 | ERRORS: best=65, median=285.0, diversity=0.17 | INDIVIDUALS: n=200, avg_genome_length=24.295
2021-12-09 18:45:21.826275 | GENERATION: 25 | ERRORS: best=65, median=345.0, diversity=0.185 | INDIVIDUALS: n=200, avg_genome_length=23.305
2021-12-09 18:45:22.853203 | GENERATION: 26 | ERRORS: best=65, median=435.0, diversity=0.17 | INDIVIDUALS: n=200, avg_genome_length=22.13
2021-12-09 18:45:23.904588 | GENERATION: 27 | ERRORS: best=65, median=315.0, diversity=0.135 | INDIVIDUALS: n=200, avg_genome_length=22.46
2021-12-09 18:45:24.761125 | GENERATION: 28 | ERRORS: best=65, median=307.0, diversity=0.165 | INDIVIDUALS: n=200, avg_genome_length=22.045
2021-12-09 18:45:26.123330 | GENERATION: 29 | ERRORS: best=65, median=435.0, diversity=0.135 | INDIVIDUALS: n=200, avg_genome_length=21.52
2021-12-09 18:45:27.062303 | GENERATION: 30 | ERRORS: best=65, median=285.0, diversity=0.13 | INDIVIDUALS: n=200, avg_genome_length=21.36
2021-12-09 18:45:27.940487 | GENERATION: 31 | ERRORS: best=65, median=285.0, diversity=0.135 | INDIVIDUALS: n=200, avg_genome_length=21.065
2021-12-09 18:45:28.924796 | GENERATION: 32 | ERRORS: best=65, median=285.0, diversity=0.115 | INDIVIDUALS: n=200, avg_genome_length=22.51
2021-12-09 18:45:29.667689 | GENERATION: 33 | ERRORS: best=65, median=345.0, diversity=0.16 | INDIVIDUALS: n=200, avg_genome_length=21.8
2021-12-09 18:45:30.580048 | GENERATION: 34 | ERRORS: best=65, median=285.0, diversity=0.165 | INDIVIDUALS: n=200, avg_genome_length=22.09
2021-12-09 18:45:31.645105 | GENERATION: 35 | ERRORS: best=65, median=341.0, diversity=0.23 | INDIVIDUALS: n=200, avg_genome_length=22.45
2021-12-09 18:45:32.719420 | GENERATION: 36 | ERRORS: best=65, median=345.0, diversity=0.175 | INDIVIDUALS: n=200, avg_genome_length=21.615
2021-12-09 18:45:33.847388 | GENERATION: 37 | ERRORS: best=65, median=285.0, diversity=0.15 | INDIVIDUALS: n=200, avg_genome_length=20.855
2021-12-09 18:45:34.930154 | GENERATION: 38 | ERRORS: best=65, median=342.5, diversity=0.17 | INDIVIDUALS: n=200, avg_genome_length=20.66
2021-12-09 18:45:35.761960 | GENERATION: 39 | ERRORS: best=65, median=285.0, diversity=0.15 | INDIVIDUALS: n=200, avg_genome_length=20.355
2021-12-09 18:45:36.797700 | GENERATION: 40 | ERRORS: best=65, median=329.5, diversity=0.175 | INDIVIDUALS: n=200, avg_genome_length=20.03
2021-12-09 18:45:37.971724 | GENERATION: 41 | ERRORS: best=65, median=285.0, diversity=0.17 | INDIVIDUALS: n=200, avg_genome_length=20.57
2021-12-09 18:45:38.910668 | GENERATION: 42 | ERRORS: best=65, median=285.0, diversity=0.14 | INDIVIDUALS: n=200, avg_genome_length=19.71
2021-12-09 18:45:39.620138 | GENERATION: 43 | ERRORS: best=65, median=315.0, diversity=0.17 | INDIVIDUALS: n=200, avg_genome_length=18.49
2021-12-09 18:45:40.324905 | GENERATION: 44 | ERRORS: best=65, median=285.0, diversity=0.155 | INDIVIDUALS: n=200, avg_genome_length=17.87
2021-12-09 18:45:41.229892 | GENERATION: 45 | ERRORS: best=65, median=345.0, diversity=0.105 | INDIVIDUALS: n=200, avg_genome_length=17.64
2021-12-09 18:45:42.261015 | GENERATION: 46 | ERRORS: best=65, median=285.0, diversity=0.11 | INDIVIDUALS: n=200, avg_genome_length=17.65
2021-12-09 18:45:43.147271 | GENERATION: 47 | ERRORS: best=65, median=285.0, diversity=0.12 | INDIVIDUALS: n=200, avg_genome_length=17.48
2021-12-09 18:45:44.367059 | GENERATION: 48 | ERRORS: best=65, median=285.0, diversity=0.125 | INDIVIDUALS: n=200, avg_genome_length=18.98
2021-12-09 18:45:45.506244 | GENERATION: 49 | ERRORS: best=65, median=285.0, diversity=0.14 | INDIVIDUALS: n=200, avg_genome_length=19.04
2021-12-09 18:45:46.806319 | GENERATION: 50 | ERRORS: best=65, median=285.0, diversity=0.105 | INDIVIDUALS: n=200, avg_genome_length=18.56
2021-12-09 18:45:47.630863 | GENERATION: 51 | ERRORS: best=65, median=285.0, diversity=0.13 | INDIVIDUALS: n=200, avg_genome_length=17.885
2021-12-09 18:45:48.515654 | GENERATION: 52 | ERRORS: best=65, median=285.0, diversity=0.125 | INDIVIDUALS: n=200, avg_genome_length=18.335
2021-12-09 18:45:49.543494 | GENERATION: 53 | ERRORS: best=65, median=285.0, diversity=0.16 | INDIVIDUALS: n=200, avg_genome_length=17.955
2021-12-09 18:45:50.465506 | GENERATION: 54 | ERRORS: best=65, median=285.0, diversity=0.15 | INDIVIDUALS: n=200, avg_genome_length=17.07
2021-12-09 18:45:51.429600 | GENERATION: 55 | ERRORS: best=65, median=285.0, diversity=0.135 | INDIVIDUALS: n=200, avg_genome_length=15.95
2021-12-09 18:45:52.132321 | GENERATION: 56 | ERRORS: best=65, median=285.0, diversity=0.155 | INDIVIDUALS: n=200, avg_genome_length=16.09
2021-12-09 18:45:53.069127 | GENERATION: 57 | ERRORS: best=65, median=285.0, diversity=0.105 | INDIVIDUALS: n=200, avg_genome_length=15.885
2021-12-09 18:45:54.204204 | GENERATION: 58 | ERRORS: best=65, median=315.0, diversity=0.135 | INDIVIDUALS: n=200, avg_genome_length=16.48
2021-12-09 18:45:55.311688 | GENERATION: 59 | ERRORS: best=65, median=285.0, diversity=0.12 | INDIVIDUALS: n=200, avg_genome_length=16.275
2021-12-09 18:45:56.245698 | GENERATION: 60 | ERRORS: best=65, median=285.0, diversity=0.1 | INDIVIDUALS: n=200, avg_genome_length=15.995
2021-12-09 18:45:57.341584 | GENERATION: 61 | ERRORS: best=65, median=285.0, diversity=0.135 | INDIVIDUALS: n=200, avg_genome_length=15.775
2021-12-09 18:45:58.289374 | GENERATION: 62 | ERRORS: best=65, median=285.0, diversity=0.12 | INDIVIDUALS: n=200, avg_genome_length=15.465
2021-12-09 18:45:59.296196 | GENERATION: 63 | ERRORS: best=65, median=285.0, diversity=0.09 | INDIVIDUALS: n=200, avg_genome_length=16.195
2021-12-09 18:46:00.228261 | GENERATION: 64 | ERRORS: best=65, median=285.0, diversity=0.115 | INDIVIDUALS: n=200, avg_genome_length=16.885
2021-12-09 18:46:00.917859 | GENERATION: 65 | ERRORS: best=65, median=285.0, diversity=0.105 | INDIVIDUALS: n=200, avg_genome_length=16.44
2021-12-09 18:46:01.569598 | GENERATION: 66 | ERRORS: best=65, median=285.0, diversity=0.145 | INDIVIDUALS: n=200, avg_genome_length=16.625
2021-12-09 18:46:02.524050 | GENERATION: 67 | ERRORS: best=65, median=285.0, diversity=0.1 | INDIVIDUALS: n=200, avg_genome_length=17.695
2021-12-09 18:46:03.613687 | GENERATION: 68 | ERRORS: best=65, median=285.0, diversity=0.115 | INDIVIDUALS: n=200, avg_genome_length=18.45
2021-12-09 18:46:04.735557 | GENERATION: 69 | ERRORS: best=65, median=285.0, diversity=0.105 | INDIVIDUALS: n=200, avg_genome_length=18.31
2021-12-09 18:46:05.794369 | GENERATION: 70 | ERRORS: best=65, median=285.0, diversity=0.13 | INDIVIDUALS: n=200, avg_genome_length=17.34
2021-12-09 18:46:06.464680 | GENERATION: 71 | ERRORS: best=65, median=285.0, diversity=0.11 | INDIVIDUALS: n=200, avg_genome_length=17.155
2021-12-09 18:46:07.502301 | GENERATION: 72 | ERRORS: best=65, median=285.0, diversity=0.12 | INDIVIDUALS: n=200, avg_genome_length=17.405
2021-12-09 18:46:08.309440 | GENERATION: 73 | ERRORS: best=65, median=435.0, diversity=0.155 | INDIVIDUALS: n=200, avg_genome_length=17.67
2021-12-09 18:46:08.986946 | GENERATION: 74 | ERRORS: best=65, median=285.0, diversity=0.13 | INDIVIDUALS: n=200, avg_genome_length=17.175
2021-12-09 18:46:10.013578 | GENERATION: 75 | ERRORS: best=65, median=285.0, diversity=0.14 | INDIVIDUALS: n=200, avg_genome_length=18.53
2021-12-09 18:46:10.957866 | GENERATION: 76 | ERRORS: best=65, median=285.0, diversity=0.15 | INDIVIDUALS: n=200, avg_genome_length=18.79
2021-12-09 18:46:12.062491 | GENERATION: 77 | ERRORS: best=65, median=285.0, diversity=0.115 | INDIVIDUALS: n=200, avg_genome_length=17.695
2021-12-09 18:46:12.788497 | GENERATION: 78 | ERRORS: best=65, median=285.0, diversity=0.115 | INDIVIDUALS: n=200, avg_genome_length=18.955
2021-12-09 18:46:13.476494 | GENERATION: 79 | ERRORS: best=65, median=285.0, diversity=0.13 | INDIVIDUALS: n=200, avg_genome_length=18.31
2021-12-09 18:46:14.386724 | GENERATION: 80 | ERRORS: best=65, median=285.0, diversity=0.18 | INDIVIDUALS: n=200, avg_genome_length=18.325
2021-12-09 18:46:15.579406 | GENERATION: 81 | ERRORS: best=65, median=285.0, diversity=0.125 | INDIVIDUALS: n=200, avg_genome_length=18.475
2021-12-09 18:46:17.577567 | GENERATION: 82 | ERRORS: best=65, median=285.0, diversity=0.135 | INDIVIDUALS: n=200, avg_genome_length=18.155
2021-12-09 18:46:18.657971 | GENERATION: 83 | ERRORS: best=65, median=345.0, diversity=0.155 | INDIVIDUALS: n=200, avg_genome_length=17.55
2021-12-09 18:46:19.879420 | GENERATION: 84 | ERRORS: best=65, median=285.0, diversity=0.125 | INDIVIDUALS: n=200, avg_genome_length=16.515
2021-12-09 18:46:20.836571 | GENERATION: 85 | ERRORS: best=65, median=345.0, diversity=0.14 | INDIVIDUALS: n=200, avg_genome_length=16.48
2021-12-09 18:46:21.938925 | GENERATION: 86 | ERRORS: best=65, median=345.0, diversity=0.135 | INDIVIDUALS: n=200, avg_genome_length=16.685
2021-12-09 18:46:22.843611 | GENERATION: 87 | ERRORS: best=65, median=345.0, diversity=0.16 | INDIVIDUALS: n=200, avg_genome_length=16.285
2021-12-09 18:46:23.812438 | GENERATION: 88 | ERRORS: best=65, median=315.0, diversity=0.11 | INDIVIDUALS: n=200, avg_genome_length=16.595
2021-12-09 18:46:24.893595 | GENERATION: 89 | ERRORS: best=65, median=435.0, diversity=0.125 | INDIVIDUALS: n=200, avg_genome_length=15.715
2021-12-09 18:46:25.933052 | GENERATION: 90 | ERRORS: best=65, median=285.0, diversity=0.11 | INDIVIDUALS: n=200, avg_genome_length=15.48
2021-12-09 18:46:26.772564 | GENERATION: 91 | ERRORS: best=65, median=345.0, diversity=0.135 | INDIVIDUALS: n=200, avg_genome_length=16.925
2021-12-09 18:46:27.625656 | GENERATION: 92 | ERRORS: best=65, median=285.0, diversity=0.095 | INDIVIDUALS: n=200, avg_genome_length=16.2
2021-12-09 18:46:28.589676 | GENERATION: 93 | ERRORS: best=65, median=285.0, diversity=0.13 | INDIVIDUALS: n=200, avg_genome_length=16.54
2021-12-09 18:46:29.595071 | GENERATION: 94 | ERRORS: best=65, median=435.0, diversity=0.15 | INDIVIDUALS: n=200, avg_genome_length=15.62
2021-12-09 18:46:30.611474 | GENERATION: 95 | ERRORS: best=65, median=345.0, diversity=0.095 | INDIVIDUALS: n=200, avg_genome_length=14.975
2021-12-09 18:46:31.293644 | GENERATION: 96 | ERRORS: best=65, median=353.0, diversity=0.115 | INDIVIDUALS: n=200, avg_genome_length=15.67
2021-12-09 18:46:32.402797 | GENERATION: 97 | ERRORS: best=65, median=345.0, diversity=0.125 | INDIVIDUALS: n=200, avg_genome_length=17.355
2021-12-09 18:46:33.016943 | GENERATION: 98 | ERRORS: best=65, median=345.0, diversity=0.11 | INDIVIDUALS: n=200, avg_genome_length=17.015
2021-12-09 18:46:33.607459 | GENERATION: 99 | ERRORS: best=65, median=285.0, diversity=0.09 | INDIVIDUALS: n=200, avg_genome_length=17.27
2021-12-09 18:46:34.387904 | GENERATION: 100 | ERRORS: best=65, median=345.0, diversity=0.13 | INDIVIDUALS: n=200, avg_genome_length=17.96
2021-12-09 18:46:35.350383 | GENERATION: 101 | ERRORS: best=65, median=285.0, diversity=0.095 | INDIVIDUALS: n=200, avg_genome_length=17.665
2021-12-09 18:46:36.303374 | GENERATION: 102 | ERRORS: best=65, median=285.0, diversity=0.125 | INDIVIDUALS: n=200, avg_genome_length=17.47
2021-12-09 18:46:37.333195 | GENERATION: 103 | ERRORS: best=65, median=285.0, diversity=0.145 | INDIVIDUALS: n=200, avg_genome_length=17.835
2021-12-09 18:46:38.092132 | GENERATION: 104 | ERRORS: best=65, median=285.0, diversity=0.12 | INDIVIDUALS: n=200, avg_genome_length=17.695
2021-12-09 18:46:38.894194 | GENERATION: 105 | ERRORS: best=65, median=285.0, diversity=0.14 | INDIVIDUALS: n=200, avg_genome_length=18.16
2021-12-09 18:46:39.900728 | GENERATION: 106 | ERRORS: best=65, median=285.0, diversity=0.125 | INDIVIDUALS: n=200, avg_genome_length=18.635
2021-12-09 18:46:40.781379 | GENERATION: 107 | ERRORS: best=65, median=285.0, diversity=0.11 | INDIVIDUALS: n=200, avg_genome_length=18.77
2021-12-09 18:46:41.708000 | GENERATION: 108 | ERRORS: best=65, median=285.0, diversity=0.11 | INDIVIDUALS: n=200, avg_genome_length=17.95
2021-12-09 18:46:42.846246 | GENERATION: 109 | ERRORS: best=65, median=345.0, diversity=0.11 | INDIVIDUALS: n=200, avg_genome_length=19.16
2021-12-09 18:46:43.772066 | GENERATION: 110 | ERRORS: best=65, median=285.0, diversity=0.1 | INDIVIDUALS: n=200, avg_genome_length=19.555
2021-12-09 18:46:44.705058 | GENERATION: 111 | ERRORS: best=65, median=285.0, diversity=0.12 | INDIVIDUALS: n=200, avg_genome_length=19.185
2021-12-09 18:46:45.778826 | GENERATION: 112 | ERRORS: best=65, median=285.0, diversity=0.12 | INDIVIDUALS: n=200, avg_genome_length=18.445
2021-12-09 18:46:46.503445 | GENERATION: 113 | ERRORS: best=65, median=285.0, diversity=0.115 | INDIVIDUALS: n=200, avg_genome_length=18.435
2021-12-09 18:46:47.472281 | GENERATION: 114 | ERRORS: best=65, median=285.0, diversity=0.115 | INDIVIDUALS: n=200, avg_genome_length=17.81
2021-12-09 18:46:48.380664 | GENERATION: 115 | ERRORS: best=65, median=285.0, diversity=0.095 | INDIVIDUALS: n=200, avg_genome_length=17.455
2021-12-09 18:46:49.260841 | GENERATION: 116 | ERRORS: best=65, median=285.0, diversity=0.085 | INDIVIDUALS: n=200, avg_genome_length=16.54
2021-12-09 18:46:50.119996 | GENERATION: 117 | ERRORS: best=65, median=285.0, diversity=0.135 | INDIVIDUALS: n=200, avg_genome_length=16.115
2021-12-09 18:46:50.912020 | GENERATION: 118 | ERRORS: best=65, median=285.0, diversity=0.115 | INDIVIDUALS: n=200, avg_genome_length=16.215
2021-12-09 18:46:51.832233 | GENERATION: 119 | ERRORS: best=65, median=285.0, diversity=0.11 | INDIVIDUALS: n=200, avg_genome_length=16.545
2021-12-09 18:46:52.937854 | GENERATION: 120 | ERRORS: best=65, median=285.0, diversity=0.125 | INDIVIDUALS: n=200, avg_genome_length=15.86
2021-12-09 18:46:54.076224 | GENERATION: 121 | ERRORS: best=65, median=345.0, diversity=0.11 | INDIVIDUALS: n=200, avg_genome_length=15.91
2021-12-09 18:46:55.198295 | GENERATION: 122 | ERRORS: best=65, median=435.0, diversity=0.11 | INDIVIDUALS: n=200, avg_genome_length=15.145
2021-12-09 18:46:56.122168 | GENERATION: 123 | ERRORS: best=65, median=345.0, diversity=0.11 | INDIVIDUALS: n=200, avg_genome_length=14.18
2021-12-09 18:46:56.940864 | GENERATION: 124 | ERRORS: best=65, median=285.0, diversity=0.085 | INDIVIDUALS: n=200, avg_genome_length=13.69
2021-12-09 18:46:57.581938 | GENERATION: 125 | ERRORS: best=65, median=330.0, diversity=0.14 | INDIVIDUALS: n=200, avg_genome_length=14.13
2021-12-09 18:46:58.445282 | GENERATION: 126 | ERRORS: best=65, median=378.5, diversity=0.16 | INDIVIDUALS: n=200, avg_genome_length=13.86
2021-12-09 18:46:59.163130 | GENERATION: 127 | ERRORS: best=65, median=285.0, diversity=0.165 | INDIVIDUALS: n=200, avg_genome_length=13.395
2021-12-09 18:47:00.041253 | GENERATION: 128 | ERRORS: best=65, median=435.0, diversity=0.145 | INDIVIDUALS: n=200, avg_genome_length=12.95
2021-12-09 18:47:00.944577 | GENERATION: 129 | ERRORS: best=65, median=285.0, diversity=0.13 | INDIVIDUALS: n=200, avg_genome_length=12.99
2021-12-09 18:47:01.871712 | GENERATION: 130 | ERRORS: best=65, median=435.0, diversity=0.135 | INDIVIDUALS: n=200, avg_genome_length=13.265
2021-12-09 18:47:02.510261 | GENERATION: 131 | ERRORS: best=65, median=435.0, diversity=0.14 | INDIVIDUALS: n=200, avg_genome_length=13.405
2021-12-09 18:47:03.550552 | GENERATION: 132 | ERRORS: best=65, median=435.0, diversity=0.15 | INDIVIDUALS: n=200, avg_genome_length=13.385
2021-12-09 18:47:04.393995 | GENERATION: 133 | ERRORS: best=65, median=435.0, diversity=0.14 | INDIVIDUALS: n=200, avg_genome_length=14.14
2021-12-09 18:47:05.373221 | GENERATION: 134 | ERRORS: best=65, median=345.0, diversity=0.14 | INDIVIDUALS: n=200, avg_genome_length=13.855
2021-12-09 18:47:06.455873 | GENERATION: 135 | ERRORS: best=65, median=435.0, diversity=0.155 | INDIVIDUALS: n=200, avg_genome_length=13.48
2021-12-09 18:47:07.597566 | GENERATION: 136 | ERRORS: best=65, median=345.0, diversity=0.14 | INDIVIDUALS: n=200, avg_genome_length=12.96
2021-12-09 18:47:08.690071 | GENERATION: 137 | ERRORS: best=65, median=435.0, diversity=0.105 | INDIVIDUALS: n=200, avg_genome_length=13.245
2021-12-09 18:47:09.548593 | GENERATION: 138 | ERRORS: best=65, median=435.0, diversity=0.125 | INDIVIDUALS: n=200, avg_genome_length=12.25
2021-12-09 18:47:10.211084 | GENERATION: 139 | ERRORS: best=65, median=315.0, diversity=0.1 | INDIVIDUALS: n=200, avg_genome_length=12.3
2021-12-09 18:47:11.087701 | GENERATION: 140 | ERRORS: best=65, median=435.0, diversity=0.125 | INDIVIDUALS: n=200, avg_genome_length=10.845
2021-12-09 18:47:11.712406 | GENERATION: 141 | ERRORS: best=65, median=435.0, diversity=0.105 | INDIVIDUALS: n=200, avg_genome_length=11.415
2021-12-09 18:47:12.301638 | GENERATION: 142 | ERRORS: best=65, median=435.0, diversity=0.105 | INDIVIDUALS: n=200, avg_genome_length=11.875
2021-12-09 18:47:13.055823 | GENERATION: 143 | ERRORS: best=65, median=285.0, diversity=0.08 | INDIVIDUALS: n=200, avg_genome_length=11.6
2021-12-09 18:47:13.683005 | GENERATION: 144 | ERRORS: best=65, median=435.0, diversity=0.115 | INDIVIDUALS: n=200, avg_genome_length=12.395
2021-12-09 18:47:14.727912 | GENERATION: 145 | ERRORS: best=65, median=435.0, diversity=0.155 | INDIVIDUALS: n=200, avg_genome_length=11.88
2021-12-09 18:47:15.334217 | GENERATION: 146 | ERRORS: best=65, median=435.0, diversity=0.145 | INDIVIDUALS: n=200, avg_genome_length=11.94
2021-12-09 18:47:15.951150 | GENERATION: 147 | ERRORS: best=65, median=435.0, diversity=0.115 | INDIVIDUALS: n=200, avg_genome_length=12.29
2021-12-09 18:47:16.538238 | GENERATION: 148 | ERRORS: best=65, median=345.0, diversity=0.1 | INDIVIDUALS: n=200, avg_genome_length=12.055
2021-12-09 18:47:17.385321 | GENERATION: 149 | ERRORS: best=65, median=435.0, diversity=0.1 | INDIVIDUALS: n=200, avg_genome_length=11.89
2021-12-09 18:47:18.152089 | GENERATION: 150 | ERRORS: best=65, median=435.0, diversity=0.07 | INDIVIDUALS: n=200, avg_genome_length=10.59
2021-12-09 18:47:18.914699 | GENERATION: 151 | ERRORS: best=65, median=435.0, diversity=0.13 | INDIVIDUALS: n=200, avg_genome_length=11.18
2021-12-09 18:47:19.881311 | GENERATION: 152 | ERRORS: best=65, median=410.0, diversity=0.105 | INDIVIDUALS: n=200, avg_genome_length=11.43
2021-12-09 18:47:20.740354 | GENERATION: 153 | ERRORS: best=65, median=435.0, diversity=0.07 | INDIVIDUALS: n=200, avg_genome_length=11.07
2021-12-09 18:47:21.348382 | GENERATION: 154 | ERRORS: best=65, median=435.0, diversity=0.08 | INDIVIDUALS: n=200, avg_genome_length=11.35
2021-12-09 18:47:22.134123 | GENERATION: 155 | ERRORS: best=65, median=435.0, diversity=0.11 | INDIVIDUALS: n=200, avg_genome_length=10.795
2021-12-09 18:47:23.139940 | GENERATION: 156 | ERRORS: best=65, median=332.5, diversity=0.105 | INDIVIDUALS: n=200, avg_genome_length=10.925
2021-12-09 18:47:24.064185 | GENERATION: 157 | ERRORS: best=65, median=435.0, diversity=0.135 | INDIVIDUALS: n=200, avg_genome_length=11.37
2021-12-09 18:47:24.849620 | GENERATION: 158 | ERRORS: best=65, median=435.0, diversity=0.135 | INDIVIDUALS: n=200, avg_genome_length=11.16
2021-12-09 18:47:25.924491 | GENERATION: 159 | ERRORS: best=65, median=435.0, diversity=0.11 | INDIVIDUALS: n=200, avg_genome_length=10.615
2021-12-09 18:47:26.916625 | GENERATION: 160 | ERRORS: best=65, median=435.0, diversity=0.11 | INDIVIDUALS: n=200, avg_genome_length=11.2
2021-12-09 18:47:27.841786 | GENERATION: 161 | ERRORS: best=65, median=345.0, diversity=0.125 | INDIVIDUALS: n=200, avg_genome_length=11.045
2021-12-09 18:47:28.401424 | GENERATION: 162 | ERRORS: best=65, median=285.0, diversity=0.09 | INDIVIDUALS: n=200, avg_genome_length=10.555
2021-12-09 18:47:29.096070 | GENERATION: 163 | ERRORS: best=65, median=435.0, diversity=0.12 | INDIVIDUALS: n=200, avg_genome_length=11.295
2021-12-09 18:47:29.730346 | GENERATION: 164 | ERRORS: best=65, median=285.0, diversity=0.09 | INDIVIDUALS: n=200, avg_genome_length=10.655
2021-12-09 18:47:30.466874 | GENERATION: 165 | ERRORS: best=65, median=435.0, diversity=0.11 | INDIVIDUALS: n=200, avg_genome_length=10.92
2021-12-09 18:47:30.994295 | GENERATION: 166 | ERRORS: best=65, median=345.0, diversity=0.09 | INDIVIDUALS: n=200, avg_genome_length=11.13
2021-12-09 18:47:31.760773 | GENERATION: 167 | ERRORS: best=65, median=285.0, diversity=0.105 | INDIVIDUALS: n=200, avg_genome_length=11.485
2021-12-09 18:47:32.763477 | GENERATION: 168 | ERRORS: best=65, median=285.0, diversity=0.085 | INDIVIDUALS: n=200, avg_genome_length=11.16
2021-12-09 18:47:33.562164 | GENERATION: 169 | ERRORS: best=65, median=435.0, diversity=0.105 | INDIVIDUALS: n=200, avg_genome_length=11.055
2021-12-09 18:47:34.195011 | GENERATION: 170 | ERRORS: best=65, median=329.5, diversity=0.095 | INDIVIDUALS: n=200, avg_genome_length=12.335
2021-12-09 18:47:35.070274 | GENERATION: 171 | ERRORS: best=65, median=435.0, diversity=0.09 | INDIVIDUALS: n=200, avg_genome_length=12.135
2021-12-09 18:47:36.141532 | GENERATION: 172 | ERRORS: best=65, median=345.0, diversity=0.095 | INDIVIDUALS: n=200, avg_genome_length=12.25
2021-12-09 18:47:37.079658 | GENERATION: 173 | ERRORS: best=65, median=435.0, diversity=0.1 | INDIVIDUALS: n=200, avg_genome_length=11.995
2021-12-09 18:47:37.681517 | GENERATION: 174 | ERRORS: best=65, median=435.0, diversity=0.095 | INDIVIDUALS: n=200, avg_genome_length=11.645
2021-12-09 18:47:38.292776 | GENERATION: 175 | ERRORS: best=65, median=345.0, diversity=0.095 | INDIVIDUALS: n=200, avg_genome_length=11.69
2021-12-09 18:47:38.877945 | GENERATION: 176 | ERRORS: best=65, median=435.0, diversity=0.115 | INDIVIDUALS: n=200, avg_genome_length=11.465
2021-12-09 18:47:39.644142 | GENERATION: 177 | ERRORS: best=65, median=435.0, diversity=0.085 | INDIVIDUALS: n=200, avg_genome_length=11.075
2021-12-09 18:47:40.478550 | GENERATION: 178 | ERRORS: best=65, median=435.0, diversity=0.115 | INDIVIDUALS: n=200, avg_genome_length=11.605
2021-12-09 18:47:41.150888 | GENERATION: 179 | ERRORS: best=65, median=345.0, diversity=0.09 | INDIVIDUALS: n=200, avg_genome_length=11.615
2021-12-09 18:47:41.870072 | GENERATION: 180 | ERRORS: best=65, median=285.0, diversity=0.1 | INDIVIDUALS: n=200, avg_genome_length=10.84
2021-12-09 18:47:42.858267 | GENERATION: 181 | ERRORS: best=65, median=402.5, diversity=0.09 | INDIVIDUALS: n=200, avg_genome_length=11.285
2021-12-09 18:47:43.784086 | GENERATION: 182 | ERRORS: best=65, median=345.0, diversity=0.1 | INDIVIDUALS: n=200, avg_genome_length=10.785
2021-12-09 18:47:44.718366 | GENERATION: 183 | ERRORS: best=65, median=435.0, diversity=0.12 | INDIVIDUALS: n=200, avg_genome_length=10.995
2021-12-09 18:47:45.427185 | GENERATION: 184 | ERRORS: best=65, median=435.0, diversity=0.1 | INDIVIDUALS: n=200, avg_genome_length=10.96
2021-12-09 18:47:46.018204 | GENERATION: 185 | ERRORS: best=65, median=435.0, diversity=0.105 | INDIVIDUALS: n=200, avg_genome_length=10.74
2021-12-09 18:47:46.752078 | GENERATION: 186 | ERRORS: best=65, median=435.0, diversity=0.095 | INDIVIDUALS: n=200, avg_genome_length=10.375
2021-12-09 18:47:47.539488 | GENERATION: 187 | ERRORS: best=65, median=435.0, diversity=0.09 | INDIVIDUALS: n=200, avg_genome_length=10.56
2021-12-09 18:47:48.356379 | GENERATION: 188 | ERRORS: best=65, median=435.0, diversity=0.08 | INDIVIDUALS: n=200, avg_genome_length=10.45
2021-12-09 18:47:49.094638 | GENERATION: 189 | ERRORS: best=65, median=315.0, diversity=0.075 | INDIVIDUALS: n=200, avg_genome_length=10.58
2021-12-09 18:47:49.750953 | GENERATION: 190 | ERRORS: best=65, median=435.0, diversity=0.105 | INDIVIDUALS: n=200, avg_genome_length=10.325
2021-12-09 18:47:50.478824 | GENERATION: 191 | ERRORS: best=65, median=435.0, diversity=0.09 | INDIVIDUALS: n=200, avg_genome_length=10.59
2021-12-09 18:47:51.199568 | GENERATION: 192 | ERRORS: best=65, median=285.0, diversity=0.085 | INDIVIDUALS: n=200, avg_genome_length=10.16
2021-12-09 18:47:52.080836 | GENERATION: 193 | ERRORS: best=65, median=435.0, diversity=0.08 | INDIVIDUALS: n=200, avg_genome_length=10.235
2021-12-09 18:47:52.840472 | GENERATION: 194 | ERRORS: best=65, median=315.0, diversity=0.095 | INDIVIDUALS: n=200, avg_genome_length=9.83
2021-12-09 18:47:53.419402 | GENERATION: 195 | ERRORS: best=65, median=435.0, diversity=0.09 | INDIVIDUALS: n=200, avg_genome_length=10.145
2021-12-09 18:47:54.245335 | GENERATION: 196 | ERRORS: best=65, median=435.0, diversity=0.07 | INDIVIDUALS: n=200, avg_genome_length=9.555
2021-12-09 18:47:54.822459 | GENERATION: 197 | ERRORS: best=65, median=435.0, diversity=0.1 | INDIVIDUALS: n=200, avg_genome_length=9.805
2021-12-09 18:47:55.415427 | GENERATION: 198 | ERRORS: best=65, median=435.0, diversity=0.09 | INDIVIDUALS: n=200, avg_genome_length=10.1
2021-12-09 18:47:56.120199 | GENERATION: 199 | ERRORS: best=65, median=435.0, diversity=0.075 | INDIVIDUALS: n=200, avg_genome_length=9.935
2021-12-09 18:47:56.957364 | GENERATION: 200 | ERRORS: best=65, median=435.0, diversity=0.105 | INDIVIDUALS: n=200, avg_genome_length=10.23
2021-12-09 18:47:57.529304 | GENERATION: 201 | ERRORS: best=65, median=390.0, diversity=0.1 | INDIVIDUALS: n=200, avg_genome_length=9.605
2021-12-09 18:47:58.532040 | GENERATION: 202 | ERRORS: best=65, median=435.0, diversity=0.115 | INDIVIDUALS: n=200, avg_genome_length=9.785
2021-12-09 18:47:59.346128 | GENERATION: 203 | ERRORS: best=65, median=435.0, diversity=0.11 | INDIVIDUALS: n=200, avg_genome_length=10.0
2021-12-09 18:48:00.284314 | GENERATION: 204 | ERRORS: best=65, median=435.0, diversity=0.115 | INDIVIDUALS: n=200, avg_genome_length=9.64
2021-12-09 18:48:00.844750 | GENERATION: 205 | ERRORS: best=65, median=435.0, diversity=0.075 | INDIVIDUALS: n=200, avg_genome_length=9.505
2021-12-09 18:48:01.355663 | GENERATION: 206 | ERRORS: best=65, median=435.0, diversity=0.1 | INDIVIDUALS: n=200, avg_genome_length=9.5
2021-12-09 18:48:02.080767 | GENERATION: 207 | ERRORS: best=65, median=435.0, diversity=0.1 | INDIVIDUALS: n=200, avg_genome_length=9.01
2021-12-09 18:48:02.991696 | GENERATION: 208 | ERRORS: best=65, median=435.0, diversity=0.105 | INDIVIDUALS: n=200, avg_genome_length=8.995
2021-12-09 18:48:03.566093 | GENERATION: 209 | ERRORS: best=65, median=435.0, diversity=0.09 | INDIVIDUALS: n=200, avg_genome_length=9.235
2021-12-09 18:48:04.132402 | GENERATION: 210 | ERRORS: best=65, median=424.5, diversity=0.085 | INDIVIDUALS: n=200, avg_genome_length=9.15
2021-12-09 18:48:05.000683 | GENERATION: 211 | ERRORS: best=65, median=435.0, diversity=0.09 | INDIVIDUALS: n=200, avg_genome_length=9.02
2021-12-09 18:48:05.748047 | GENERATION: 212 | ERRORS: best=65, median=435.0, diversity=0.055 | INDIVIDUALS: n=200, avg_genome_length=9.39
2021-12-09 18:48:06.752503 | GENERATION: 213 | ERRORS: best=65, median=435.0, diversity=0.095 | INDIVIDUALS: n=200, avg_genome_length=9.63
2021-12-09 18:48:07.687781 | GENERATION: 214 | ERRORS: best=65, median=435.0, diversity=0.095 | INDIVIDUALS: n=200, avg_genome_length=9.65
2021-12-09 18:48:08.405359 | GENERATION: 215 | ERRORS: best=65, median=435.0, diversity=0.085 | INDIVIDUALS: n=200, avg_genome_length=9.09
2021-12-09 18:48:09.326049 | GENERATION: 216 | ERRORS: best=65, median=435.0, diversity=0.1 | INDIVIDUALS: n=200, avg_genome_length=8.575
2021-12-09 18:48:10.088481 | GENERATION: 217 | ERRORS: best=65, median=435.0, diversity=0.095 | INDIVIDUALS: n=200, avg_genome_length=8.72
2021-12-09 18:48:10.647992 | GENERATION: 218 | ERRORS: best=65, median=435.0, diversity=0.1 | INDIVIDUALS: n=200, avg_genome_length=8.495
2021-12-09 18:48:11.517317 | GENERATION: 219 | ERRORS: best=65, median=435.0, diversity=0.11 | INDIVIDUALS: n=200, avg_genome_length=8.855
2021-12-09 18:48:12.239522 | GENERATION: 220 | ERRORS: best=65, median=435.0, diversity=0.115 | INDIVIDUALS: n=200, avg_genome_length=8.77
2021-12-09 18:48:13.165927 | GENERATION: 221 | ERRORS: best=65, median=435.0, diversity=0.095 | INDIVIDUALS: n=200, avg_genome_length=8.225
2021-12-09 18:48:13.723870 | GENERATION: 222 | ERRORS: best=65, median=435.0, diversity=0.095 | INDIVIDUALS: n=200, avg_genome_length=8.38
2021-12-09 18:48:14.568158 | GENERATION: 223 | ERRORS: best=65, median=435.0, diversity=0.08 | INDIVIDUALS: n=200, avg_genome_length=7.7
2021-12-09 18:48:15.424789 | GENERATION: 224 | ERRORS: best=65, median=435.0, diversity=0.06 | INDIVIDUALS: n=200, avg_genome_length=7.555
2021-12-09 18:48:16.348576 | GENERATION: 225 | ERRORS: best=65, median=435.0, diversity=0.08 | INDIVIDUALS: n=200, avg_genome_length=7.755
2021-12-09 18:48:16.866718 | GENERATION: 226 | ERRORS: best=65, median=435.0, diversity=0.075 | INDIVIDUALS: n=200, avg_genome_length=8.365
2021-12-09 18:48:17.657903 | GENERATION: 227 | ERRORS: best=65, median=435.0, diversity=0.085 | INDIVIDUALS: n=200, avg_genome_length=8.225
2021-12-09 18:48:18.462981 | GENERATION: 228 | ERRORS: best=65, median=435.0, diversity=0.09 | INDIVIDUALS: n=200, avg_genome_length=8.355
2021-12-09 18:48:19.009673 | GENERATION: 229 | ERRORS: best=65, median=435.0, diversity=0.09 | INDIVIDUALS: n=200, avg_genome_length=8.24
2021-12-09 18:48:19.757953 | GENERATION: 230 | ERRORS: best=65, median=367.5, diversity=0.08 | INDIVIDUALS: n=200, avg_genome_length=8.17
2021-12-09 18:48:20.268615 | GENERATION: 231 | ERRORS: best=65, median=435.0, diversity=0.075 | INDIVIDUALS: n=200, avg_genome_length=8.3
2021-12-09 18:48:20.818854 | GENERATION: 232 | ERRORS: best=65, median=435.0, diversity=0.07 | INDIVIDUALS: n=200, avg_genome_length=8.335
2021-12-09 18:48:21.674685 | GENERATION: 233 | ERRORS: best=65, median=435.0, diversity=0.095 | INDIVIDUALS: n=200, avg_genome_length=8.185
2021-12-09 18:48:22.395836 | GENERATION: 234 | ERRORS: best=65, median=435.0, diversity=0.095 | INDIVIDUALS: n=200, avg_genome_length=8.27
2021-12-09 18:48:23.189065 | GENERATION: 235 | ERRORS: best=65, median=435.0, diversity=0.09 | INDIVIDUALS: n=200, avg_genome_length=8.54
2021-12-09 18:48:23.972533 | GENERATION: 236 | ERRORS: best=65, median=285.0, diversity=0.09 | INDIVIDUALS: n=200, avg_genome_length=8.835
2021-12-09 18:48:24.707646 | GENERATION: 237 | ERRORS: best=65, median=435.0, diversity=0.07 | INDIVIDUALS: n=200, avg_genome_length=8.35
2021-12-09 18:48:25.238735 | GENERATION: 238 | ERRORS: best=65, median=435.0, diversity=0.08 | INDIVIDUALS: n=200, avg_genome_length=8.735
2021-12-09 18:48:25.931913 | GENERATION: 239 | ERRORS: best=65, median=435.0, diversity=0.07 | INDIVIDUALS: n=200, avg_genome_length=9.03
2021-12-09 18:48:26.698637 | GENERATION: 240 | ERRORS: best=65, median=435.0, diversity=0.095 | INDIVIDUALS: n=200, avg_genome_length=9.855
2021-12-09 18:48:27.330656 | GENERATION: 241 | ERRORS: best=65, median=435.0, diversity=0.1 | INDIVIDUALS: n=200, avg_genome_length=10.165
2021-12-09 18:48:27.887700 | GENERATION: 242 | ERRORS: best=65, median=298.0, diversity=0.09 | INDIVIDUALS: n=200, avg_genome_length=10.055
2021-12-09 18:48:28.834286 | GENERATION: 243 | ERRORS: best=65, median=435.0, diversity=0.105 | INDIVIDUALS: n=200, avg_genome_length=10.135
2021-12-09 18:48:29.550726 | GENERATION: 244 | ERRORS: best=65, median=435.0, diversity=0.095 | INDIVIDUALS: n=200, avg_genome_length=9.905
2021-12-09 18:48:30.440329 | GENERATION: 245 | ERRORS: best=65, median=435.0, diversity=0.1 | INDIVIDUALS: n=200, avg_genome_length=10.735
2021-12-09 18:48:31.332352 | GENERATION: 246 | ERRORS: best=65, median=435.0, diversity=0.09 | INDIVIDUALS: n=200, avg_genome_length=10.28
2021-12-09 18:48:32.128015 | GENERATION: 247 | ERRORS: best=65, median=435.0, diversity=0.095 | INDIVIDUALS: n=200, avg_genome_length=10.14
2021-12-09 18:48:32.713959 | GENERATION: 248 | ERRORS: best=65, median=435.0, diversity=0.105 | INDIVIDUALS: n=200, avg_genome_length=10.025
2021-12-09 18:48:33.613251 | GENERATION: 249 | ERRORS: best=65, median=435.0, diversity=0.085 | INDIVIDUALS: n=200, avg_genome_length=10.295
2021-12-09 18:48:34.218775 | GENERATION: 250 | ERRORS: best=65, median=435.0, diversity=0.075 | INDIVIDUALS: n=200, avg_genome_length=10.265
2021-12-09 18:48:35.256034 | GENERATION: 251 | ERRORS: best=65, median=435.0, diversity=0.085 | INDIVIDUALS: n=200, avg_genome_length=10.05
2021-12-09 18:48:35.965739 | GENERATION: 252 | ERRORS: best=65, median=435.0, diversity=0.08 | INDIVIDUALS: n=200, avg_genome_length=9.91
2021-12-09 18:48:36.811319 | GENERATION: 253 | ERRORS: best=65, median=435.0, diversity=0.08 | INDIVIDUALS: n=200, avg_genome_length=9.785
2021-12-09 18:48:37.392041 | GENERATION: 254 | ERRORS: best=65, median=435.0, diversity=0.075 | INDIVIDUALS: n=200, avg_genome_length=9.955
2021-12-09 18:48:38.267328 | GENERATION: 255 | ERRORS: best=65, median=435.0, diversity=0.11 | INDIVIDUALS: n=200, avg_genome_length=10.185
2021-12-09 18:48:38.823180 | GENERATION: 256 | ERRORS: best=65, median=435.0, diversity=0.08 | INDIVIDUALS: n=200, avg_genome_length=10.005
2021-12-09 18:48:39.601794 | GENERATION: 257 | ERRORS: best=65, median=435.0, diversity=0.07 | INDIVIDUALS: n=200, avg_genome_length=10.285
2021-12-09 18:48:40.621315 | GENERATION: 258 | ERRORS: best=65, median=435.0, diversity=0.095 | INDIVIDUALS: n=200, avg_genome_length=10.395
2021-12-09 18:48:41.277905 | GENERATION: 259 | ERRORS: best=65, median=435.0, diversity=0.095 | INDIVIDUALS: n=200, avg_genome_length=10.4
2021-12-09 18:48:41.895189 | GENERATION: 260 | ERRORS: best=65, median=435.0, diversity=0.11 | INDIVIDUALS: n=200, avg_genome_length=11.585
2021-12-09 18:48:42.776077 | GENERATION: 261 | ERRORS: best=65, median=435.0, diversity=0.1 | INDIVIDUALS: n=200, avg_genome_length=10.49
2021-12-09 18:48:43.349457 | GENERATION: 262 | ERRORS: best=65, median=285.0, diversity=0.09 | INDIVIDUALS: n=200, avg_genome_length=10.155
2021-12-09 18:48:43.932437 | GENERATION: 263 | ERRORS: best=65, median=435.0, diversity=0.095 | INDIVIDUALS: n=200, avg_genome_length=9.955
2021-12-09 18:48:44.775341 | GENERATION: 264 | ERRORS: best=65, median=435.0, diversity=0.075 | INDIVIDUALS: n=200, avg_genome_length=10.02
2021-12-09 18:48:45.798630 | GENERATION: 265 | ERRORS: best=65, median=435.0, diversity=0.12 | INDIVIDUALS: n=200, avg_genome_length=10.045
2021-12-09 18:48:46.616702 | GENERATION: 266 | ERRORS: best=65, median=285.0, diversity=0.105 | INDIVIDUALS: n=200, avg_genome_length=9.425
2021-12-09 18:48:47.461871 | GENERATION: 267 | ERRORS: best=65, median=435.0, diversity=0.09 | INDIVIDUALS: n=200, avg_genome_length=9.34
2021-12-09 18:48:48.020203 | GENERATION: 268 | ERRORS: best=65, median=435.0, diversity=0.08 | INDIVIDUALS: n=200, avg_genome_length=9.135
2021-12-09 18:48:48.739447 | GENERATION: 269 | ERRORS: best=65, median=435.0, diversity=0.1 | INDIVIDUALS: n=200, avg_genome_length=9.88
2021-12-09 18:48:49.442477 | GENERATION: 270 | ERRORS: best=65, median=435.0, diversity=0.09 | INDIVIDUALS: n=200, avg_genome_length=9.735
2021-12-09 18:48:50.263979 | GENERATION: 271 | ERRORS: best=65, median=435.0, diversity=0.12 | INDIVIDUALS: n=200, avg_genome_length=9.91
2021-12-09 18:48:50.816662 | GENERATION: 272 | ERRORS: best=65, median=435.0, diversity=0.095 | INDIVIDUALS: n=200, avg_genome_length=9.46
2021-12-09 18:48:51.521330 | GENERATION: 273 | ERRORS: best=65, median=435.0, diversity=0.08 | INDIVIDUALS: n=200, avg_genome_length=9.915
2021-12-09 18:48:52.525832 | GENERATION: 274 | ERRORS: best=65, median=435.0, diversity=0.095 | INDIVIDUALS: n=200, avg_genome_length=9.735
2021-12-09 18:48:53.208150 | GENERATION: 275 | ERRORS: best=65, median=435.0, diversity=0.085 | INDIVIDUALS: n=200, avg_genome_length=9.28
2021-12-09 18:48:54.190136 | GENERATION: 276 | ERRORS: best=65, median=435.0, diversity=0.105 | INDIVIDUALS: n=200, avg_genome_length=9.405
2021-12-09 18:48:54.971683 | GENERATION: 277 | ERRORS: best=65, median=435.0, diversity=0.075 | INDIVIDUALS: n=200, avg_genome_length=9.64
2021-12-09 18:48:55.606910 | GENERATION: 278 | ERRORS: best=65, median=435.0, diversity=0.075 | INDIVIDUALS: n=200, avg_genome_length=9.485
2021-12-09 18:48:56.165317 | GENERATION: 279 | ERRORS: best=65, median=435.0, diversity=0.08 | INDIVIDUALS: n=200, avg_genome_length=9.41
2021-12-09 18:48:57.087652 | GENERATION: 280 | ERRORS: best=65, median=435.0, diversity=0.085 | INDIVIDUALS: n=200, avg_genome_length=8.905
2021-12-09 18:48:57.969117 | GENERATION: 281 | ERRORS: best=65, median=435.0, diversity=0.07 | INDIVIDUALS: n=200, avg_genome_length=8.955
2021-12-09 18:48:58.895859 | GENERATION: 282 | ERRORS: best=65, median=435.0, diversity=0.085 | INDIVIDUALS: n=200, avg_genome_length=9.06
2021-12-09 18:48:59.775178 | GENERATION: 283 | ERRORS: best=65, median=435.0, diversity=0.085 | INDIVIDUALS: n=200, avg_genome_length=9.08
2021-12-09 18:49:00.333021 | GENERATION: 284 | ERRORS: best=65, median=435.0, diversity=0.095 | INDIVIDUALS: n=200, avg_genome_length=9.36
2021-12-09 18:49:01.252751 | GENERATION: 285 | ERRORS: best=65, median=435.0, diversity=0.085 | INDIVIDUALS: n=200, avg_genome_length=9.31
2021-12-09 18:49:02.244787 | GENERATION: 286 | ERRORS: best=65, median=435.0, diversity=0.085 | INDIVIDUALS: n=200, avg_genome_length=9.305
2021-12-09 18:49:03.088235 | GENERATION: 287 | ERRORS: best=65, median=435.0, diversity=0.09 | INDIVIDUALS: n=200, avg_genome_length=8.88
2021-12-09 18:49:04.090775 | GENERATION: 288 | ERRORS: best=65, median=435.0, diversity=0.095 | INDIVIDUALS: n=200, avg_genome_length=9.145
2021-12-09 18:49:04.961526 | GENERATION: 289 | ERRORS: best=65, median=288.0, diversity=0.12 | INDIVIDUALS: n=200, avg_genome_length=9.12
2021-12-09 18:49:05.819582 | GENERATION: 290 | ERRORS: best=65, median=435.0, diversity=0.08 | INDIVIDUALS: n=200, avg_genome_length=9.165
2021-12-09 18:49:06.336772 | GENERATION: 291 | ERRORS: best=65, median=285.0, diversity=0.085 | INDIVIDUALS: n=200, avg_genome_length=8.92
2021-12-09 18:49:07.307848 | GENERATION: 292 | ERRORS: best=65, median=435.0, diversity=0.085 | INDIVIDUALS: n=200, avg_genome_length=9.085
2021-12-09 18:49:07.883646 | GENERATION: 293 | ERRORS: best=65, median=435.0, diversity=0.12 | INDIVIDUALS: n=200, avg_genome_length=9.295
2021-12-09 18:49:08.763033 | GENERATION: 294 | ERRORS: best=65, median=435.0, diversity=0.1 | INDIVIDUALS: n=200, avg_genome_length=9.295
2021-12-09 18:49:09.323429 | GENERATION: 295 | ERRORS: best=65, median=285.0, diversity=0.11 | INDIVIDUALS: n=200, avg_genome_length=8.87
2021-12-09 18:49:10.258282 | GENERATION: 296 | ERRORS: best=65, median=435.0, diversity=0.095 | INDIVIDUALS: n=200, avg_genome_length=8.785
2021-12-09 18:49:10.762068 | GENERATION: 297 | ERRORS: best=65, median=435.0, diversity=0.09 | INDIVIDUALS: n=200, avg_genome_length=8.69
2021-12-09 18:49:11.320687 | GENERATION: 298 | ERRORS: best=65, median=435.0, diversity=0.1 | INDIVIDUALS: n=200, avg_genome_length=9.205
2021-12-09 18:49:12.319450 | GENERATION: 299 | ERRORS: best=65, median=435.0, diversity=0.1 | INDIVIDUALS: n=200, avg_genome_length=9.215
2021-12-09 18:49:13.300774 | GENERATION: 300 | ERRORS: best=65, median=435.0, diversity=0.08 | INDIVIDUALS: n=200, avg_genome_length=9.195
Simplifying genome of length 31 with total error 65.
Simplified genome by 1 to length 30.
Simplified genome by 1 to length 29.
Simplified genome by 1 to length 28.
Simplified genome by 3 to length 25.
Simplified genome by 1 to length 24.
Simplified genome by 2 to length 22.
Simplified genome by 2 to length 20.
Simplified genome by 1 to length 19.
Simplified genome by 1 to length 18.
Simplified genome by 1 to length 17.
Simplified genome by 2 to length 15.
Simplified genome by 2 to length 13.
Simplified genome by 1 to length 12.
Simplified genome by 1 to length 11.
Simplified genome by 2 to length 9.
Simplified genome to length 9 and total error 65.
========================================
End Run
========================================
No solution found.
Best Seen Individual
	Genome:
	 pvector([Input(input_index=0), Literal(value=1000, push_type=<pyshgp.push.types.PushIntType object at 0x7fed9be798b0>), InstructionMeta(name='int_lt', code_blocks=0), InstructionMeta(name='exec_if', code_blocks=2), Literal(value='small', push_type=<pyshgp.push.types.PushStrType object at 0x7fed9be798e0>), InstructionMeta(name='print_str', code_blocks=0), Closer(), Literal(value='large', push_type=<pyshgp.push.types.PushStrType object at 0x7fed9be79a00>), InstructionMeta(name='print_str', code_blocks=0)])
	Program:
	 (input_0 1000 int_lt exec_if ("small" print_str) ("large" print_str))
	Error vector:
	 [0 0 0 0 0 0 0 0 0 5 0 0 0 0 0 0 0 0 0 0 0 0 0 5 0 0 0 0 0 0 0 0 0 0 0 0 0
 0 0 0 5 0 0 0 0 0 0 0 0 5 0 0 0 0 0 0 0 0 0 0 0 0 5 5 0 0 0 0 0 5 0 0 0 5
 0 5 0 0 0 5 5 0 0 0 0 0 0 0 0 0 0 0 0 0 5 0 5 0 0 0]
	Total error:
	 65
	Test error:
	 215
	Time:
	 00:04:30
