Included 27 edge cases.
Included 73 random cases.
Included 100 cases in total.
Finished formatting.
Included 0 edge cases.
Included 1000 random cases.
Included 1000 cases in total.
Finished formatting.
========================================
Setup
========================================
Search Configuration:
signature: ProgramSignature(output_stacks=['stdout'], push_config=PushConfig(numeric_magnitude_limit=1000000000000.0, collection_size_cap=1000, runtime_limit=10, growth_cap=500, step_limit=300), arity=1)
evaluator: <pyshgp.gp.evaluation.DatasetEvaluator object at 0x7f330031d6d0>
spawner: <pyshgp.gp.genome.GeneSpawner object at 0x7f330030fa60>
population_size: 200
max_generations: 300
error_threshold: 0.0
initial_genome_size: (20, 100)
simplification_steps: 500
parallel_context: <pyshgp.gp.search.ParallelContext object at 0x7f330031d460>
selection: <pyshgp.utils.DiscreteProbDistrib object at 0x7f32fe0d2080>
variation: <pyshgp.utils.DiscreteProbDistrib object at 0x7f32fe0d28c0>
Instructions:
int_add, int_sub, int_mult, int_div, int_mod, int_min, int_max, int_inc, int_dec, int_lt, int_lte, int_gt, int_gte, int_from_bool, str_concat, str_insert_str, str_from_first_char, str_from_last_char, str_from_nth_char, str_contains_str, str_index_of_str, str_split_on_str, str_replace_first_str, str_replace_n_str, str_replace_all_str, str_remove_first_str, str_remove_n_str, str_remove_all_str, str_occurrences_of_str, str_reverse, str_head, str_tail, str_rest, str_but_last, str_drop, str_but_last_n, str_length, str_make_empty, str_is_empty_string, str_remove_nth, str_strip_whitespace, str_from_bool, str_from_int, bool_and, bool_or, bool_not, bool_xor, bool_invert_first_then_and, bool_second_first_then_and, bool_from_int, noop, noop_open, exec_do_range, exec_do_count, exec_while, exec_do_while, exec_if, exec_when, print_bool, println_bool, print_int, println_int, print_str, println_str, print_exec, println_exec, bool_pop, bool_dup, bool_dup_times, bool_swap, bool_rot, bool_flush, bool_eq, bool_stack_depth, bool_yank, bool_yank_dup, bool_shove, bool_shove_dup, bool_is_empty, int_pop, int_dup, int_dup_times, int_swap, int_rot, int_flush, int_eq, int_stack_depth, int_yank, int_yank_dup, int_shove, int_shove_dup, int_is_empty, str_pop, str_dup, str_dup_times, str_swap, str_rot, str_flush, str_eq, str_stack_depth, str_yank, str_yank_dup, str_shove, str_shove_dup, str_is_empty, exec_pop, exec_dup, exec_dup_times, exec_swap, exec_rot, exec_flush, exec_eq, exec_stack_depth, exec_yank, exec_yank_dup, exec_shove, exec_shove_dup, exec_is_empty
Literals:
[Literal(value='small', push_type=<pyshgp.push.types.PushStrType object at 0x7f330045f760>), Literal(value='large', push_type=<pyshgp.push.types.PushStrType object at 0x7f330045f760>)]
ERC Generators:
[<function rand_int at 0x7f3300316f70>]
========================================
Start Run
========================================
2021-12-09 18:12:59.108946 | GENERATION: 1 | ERRORS: best=304, median=469.0, diversity=0.04 | INDIVIDUALS: n=200, avg_genome_length=57.39
2021-12-09 18:13:00.243986 | GENERATION: 2 | ERRORS: best=304, median=420.0, diversity=0.13 | INDIVIDUALS: n=200, avg_genome_length=59.48
2021-12-09 18:13:01.743504 | GENERATION: 3 | ERRORS: best=304, median=420.0, diversity=0.135 | INDIVIDUALS: n=200, avg_genome_length=58.25
2021-12-09 18:13:03.290445 | GENERATION: 4 | ERRORS: best=235, median=420.0, diversity=0.135 | INDIVIDUALS: n=200, avg_genome_length=51.595
2021-12-09 18:13:04.549686 | GENERATION: 5 | ERRORS: best=235, median=420.0, diversity=0.185 | INDIVIDUALS: n=200, avg_genome_length=54.725
2021-12-09 18:13:05.870811 | GENERATION: 6 | ERRORS: best=235, median=420.0, diversity=0.155 | INDIVIDUALS: n=200, avg_genome_length=51.4
2021-12-09 18:13:06.979355 | GENERATION: 7 | ERRORS: best=235, median=420.0, diversity=0.135 | INDIVIDUALS: n=200, avg_genome_length=51.99
2021-12-09 18:13:08.388207 | GENERATION: 8 | ERRORS: best=235, median=420.0, diversity=0.165 | INDIVIDUALS: n=200, avg_genome_length=48.985
2021-12-09 18:13:09.991839 | GENERATION: 9 | ERRORS: best=235, median=410.0, diversity=0.165 | INDIVIDUALS: n=200, avg_genome_length=43.82
2021-12-09 18:13:11.585598 | GENERATION: 10 | ERRORS: best=235, median=345.0, diversity=0.12 | INDIVIDUALS: n=200, avg_genome_length=27.765
2021-12-09 18:13:13.076418 | GENERATION: 11 | ERRORS: best=235, median=345.0, diversity=0.125 | INDIVIDUALS: n=200, avg_genome_length=26.24
2021-12-09 18:13:14.516110 | GENERATION: 12 | ERRORS: best=235, median=345.0, diversity=0.16 | INDIVIDUALS: n=200, avg_genome_length=22.97
2021-12-09 18:13:15.773122 | GENERATION: 13 | ERRORS: best=155, median=345.0, diversity=0.135 | INDIVIDUALS: n=200, avg_genome_length=21.785
2021-12-09 18:13:16.555544 | GENERATION: 14 | ERRORS: best=155, median=345.0, diversity=0.135 | INDIVIDUALS: n=200, avg_genome_length=24.795
2021-12-09 18:13:17.723571 | GENERATION: 15 | ERRORS: best=155, median=296.0, diversity=0.185 | INDIVIDUALS: n=200, avg_genome_length=23.085
2021-12-09 18:13:18.773859 | GENERATION: 16 | ERRORS: best=155, median=345.0, diversity=0.185 | INDIVIDUALS: n=200, avg_genome_length=21.53
2021-12-09 18:13:19.846705 | GENERATION: 17 | ERRORS: best=155, median=345.0, diversity=0.16 | INDIVIDUALS: n=200, avg_genome_length=20.12
2021-12-09 18:13:20.884701 | GENERATION: 18 | ERRORS: best=155, median=345.0, diversity=0.175 | INDIVIDUALS: n=200, avg_genome_length=18.945
2021-12-09 18:13:22.089477 | GENERATION: 19 | ERRORS: best=155, median=420.0, diversity=0.16 | INDIVIDUALS: n=200, avg_genome_length=19.365
2021-12-09 18:13:23.310161 | GENERATION: 20 | ERRORS: best=155, median=345.0, diversity=0.17 | INDIVIDUALS: n=200, avg_genome_length=19.61
2021-12-09 18:13:24.241692 | GENERATION: 21 | ERRORS: best=155, median=345.0, diversity=0.16 | INDIVIDUALS: n=200, avg_genome_length=18.465
2021-12-09 18:13:25.305196 | GENERATION: 22 | ERRORS: best=155, median=345.0, diversity=0.165 | INDIVIDUALS: n=200, avg_genome_length=17.17
2021-12-09 18:13:26.581307 | GENERATION: 23 | ERRORS: best=155, median=378.5, diversity=0.2 | INDIVIDUALS: n=200, avg_genome_length=16.975
2021-12-09 18:13:27.793074 | GENERATION: 24 | ERRORS: best=155, median=345.0, diversity=0.14 | INDIVIDUALS: n=200, avg_genome_length=17.13
2021-12-09 18:13:28.545350 | GENERATION: 25 | ERRORS: best=155, median=345.0, diversity=0.135 | INDIVIDUALS: n=200, avg_genome_length=18.2
2021-12-09 18:13:29.756259 | GENERATION: 26 | ERRORS: best=155, median=345.0, diversity=0.11 | INDIVIDUALS: n=200, avg_genome_length=18.005
2021-12-09 18:13:30.612965 | GENERATION: 27 | ERRORS: best=155, median=345.0, diversity=0.115 | INDIVIDUALS: n=200, avg_genome_length=18.16
2021-12-09 18:13:31.742530 | GENERATION: 28 | ERRORS: best=155, median=345.0, diversity=0.115 | INDIVIDUALS: n=200, avg_genome_length=18.28
2021-12-09 18:13:32.493368 | GENERATION: 29 | ERRORS: best=155, median=345.0, diversity=0.145 | INDIVIDUALS: n=200, avg_genome_length=17.685
2021-12-09 18:13:33.278527 | GENERATION: 30 | ERRORS: best=155, median=345.0, diversity=0.155 | INDIVIDUALS: n=200, avg_genome_length=16.195
2021-12-09 18:13:34.379134 | GENERATION: 31 | ERRORS: best=155, median=345.0, diversity=0.19 | INDIVIDUALS: n=200, avg_genome_length=15.73
2021-12-09 18:13:35.151267 | GENERATION: 32 | ERRORS: best=155, median=345.0, diversity=0.16 | INDIVIDUALS: n=200, avg_genome_length=16.765
2021-12-09 18:13:36.013102 | GENERATION: 33 | ERRORS: best=155, median=345.0, diversity=0.135 | INDIVIDUALS: n=200, avg_genome_length=16.475
2021-12-09 18:13:36.910096 | GENERATION: 34 | ERRORS: best=155, median=345.0, diversity=0.155 | INDIVIDUALS: n=200, avg_genome_length=15.09
2021-12-09 18:13:37.734123 | GENERATION: 35 | ERRORS: best=155, median=345.0, diversity=0.115 | INDIVIDUALS: n=200, avg_genome_length=13.685
2021-12-09 18:13:38.681894 | GENERATION: 36 | ERRORS: best=155, median=345.0, diversity=0.115 | INDIVIDUALS: n=200, avg_genome_length=14.615
2021-12-09 18:13:39.701203 | GENERATION: 37 | ERRORS: best=155, median=420.0, diversity=0.14 | INDIVIDUALS: n=200, avg_genome_length=13.735
2021-12-09 18:13:40.327811 | GENERATION: 38 | ERRORS: best=155, median=345.0, diversity=0.095 | INDIVIDUALS: n=200, avg_genome_length=13.075
2021-12-09 18:13:41.379340 | GENERATION: 39 | ERRORS: best=155, median=345.0, diversity=0.125 | INDIVIDUALS: n=200, avg_genome_length=13.33
2021-12-09 18:13:42.416452 | GENERATION: 40 | ERRORS: best=155, median=345.0, diversity=0.09 | INDIVIDUALS: n=200, avg_genome_length=13.725
2021-12-09 18:13:43.335928 | GENERATION: 41 | ERRORS: best=155, median=345.0, diversity=0.095 | INDIVIDUALS: n=200, avg_genome_length=13.7
2021-12-09 18:13:44.019504 | GENERATION: 42 | ERRORS: best=155, median=345.0, diversity=0.095 | INDIVIDUALS: n=200, avg_genome_length=13.615
2021-12-09 18:13:44.823612 | GENERATION: 43 | ERRORS: best=155, median=382.5, diversity=0.09 | INDIVIDUALS: n=200, avg_genome_length=11.875
2021-12-09 18:13:45.916686 | GENERATION: 44 | ERRORS: best=155, median=345.0, diversity=0.13 | INDIVIDUALS: n=200, avg_genome_length=11.65
2021-12-09 18:13:46.982896 | GENERATION: 45 | ERRORS: best=155, median=345.0, diversity=0.12 | INDIVIDUALS: n=200, avg_genome_length=11.015
2021-12-09 18:13:48.032253 | GENERATION: 46 | ERRORS: best=155, median=345.0, diversity=0.13 | INDIVIDUALS: n=200, avg_genome_length=11.865
2021-12-09 18:13:48.948622 | GENERATION: 47 | ERRORS: best=155, median=420.0, diversity=0.11 | INDIVIDUALS: n=200, avg_genome_length=11.09
2021-12-09 18:13:49.987269 | GENERATION: 48 | ERRORS: best=155, median=345.0, diversity=0.09 | INDIVIDUALS: n=200, avg_genome_length=12.34
2021-12-09 18:13:51.035743 | GENERATION: 49 | ERRORS: best=155, median=345.0, diversity=0.115 | INDIVIDUALS: n=200, avg_genome_length=12.795
2021-12-09 18:13:51.780214 | GENERATION: 50 | ERRORS: best=155, median=345.0, diversity=0.07 | INDIVIDUALS: n=200, avg_genome_length=12.425
2021-12-09 18:13:52.753927 | GENERATION: 51 | ERRORS: best=155, median=420.0, diversity=0.15 | INDIVIDUALS: n=200, avg_genome_length=12.0
2021-12-09 18:13:53.766241 | GENERATION: 52 | ERRORS: best=155, median=345.0, diversity=0.1 | INDIVIDUALS: n=200, avg_genome_length=11.565
2021-12-09 18:13:54.738687 | GENERATION: 53 | ERRORS: best=155, median=382.0, diversity=0.11 | INDIVIDUALS: n=200, avg_genome_length=12.055
2021-12-09 18:13:55.765837 | GENERATION: 54 | ERRORS: best=155, median=372.0, diversity=0.1 | INDIVIDUALS: n=200, avg_genome_length=12.5
2021-12-09 18:13:56.581573 | GENERATION: 55 | ERRORS: best=155, median=345.0, diversity=0.11 | INDIVIDUALS: n=200, avg_genome_length=12.185
2021-12-09 18:13:57.238182 | GENERATION: 56 | ERRORS: best=155, median=420.0, diversity=0.085 | INDIVIDUALS: n=200, avg_genome_length=11.88
2021-12-09 18:13:58.140064 | GENERATION: 57 | ERRORS: best=155, median=345.0, diversity=0.08 | INDIVIDUALS: n=200, avg_genome_length=11.075
2021-12-09 18:13:59.004637 | GENERATION: 58 | ERRORS: best=155, median=420.0, diversity=0.095 | INDIVIDUALS: n=200, avg_genome_length=10.92
2021-12-09 18:13:59.881214 | GENERATION: 59 | ERRORS: best=155, median=420.0, diversity=0.08 | INDIVIDUALS: n=200, avg_genome_length=11.355
2021-12-09 18:14:00.522869 | GENERATION: 60 | ERRORS: best=155, median=345.0, diversity=0.075 | INDIVIDUALS: n=200, avg_genome_length=11.39
2021-12-09 18:14:01.325109 | GENERATION: 61 | ERRORS: best=155, median=345.0, diversity=0.085 | INDIVIDUALS: n=200, avg_genome_length=12.8
2021-12-09 18:14:02.116903 | GENERATION: 62 | ERRORS: best=155, median=345.0, diversity=0.085 | INDIVIDUALS: n=200, avg_genome_length=13.26
2021-12-09 18:14:03.170077 | GENERATION: 63 | ERRORS: best=155, median=420.0, diversity=0.11 | INDIVIDUALS: n=200, avg_genome_length=13.94
2021-12-09 18:14:03.859759 | GENERATION: 64 | ERRORS: best=155, median=345.0, diversity=0.1 | INDIVIDUALS: n=200, avg_genome_length=13.205
2021-12-09 18:14:04.978091 | GENERATION: 65 | ERRORS: best=155, median=420.0, diversity=0.07 | INDIVIDUALS: n=200, avg_genome_length=12.005
2021-12-09 18:14:05.780916 | GENERATION: 66 | ERRORS: best=155, median=345.0, diversity=0.09 | INDIVIDUALS: n=200, avg_genome_length=12.235
2021-12-09 18:14:06.398368 | GENERATION: 67 | ERRORS: best=155, median=345.0, diversity=0.065 | INDIVIDUALS: n=200, avg_genome_length=10.49
2021-12-09 18:14:07.411537 | GENERATION: 68 | ERRORS: best=155, median=345.0, diversity=0.075 | INDIVIDUALS: n=200, avg_genome_length=11.125
2021-12-09 18:14:08.429731 | GENERATION: 69 | ERRORS: best=155, median=345.0, diversity=0.055 | INDIVIDUALS: n=200, avg_genome_length=11.365
2021-12-09 18:14:09.035493 | GENERATION: 70 | ERRORS: best=155, median=345.0, diversity=0.085 | INDIVIDUALS: n=200, avg_genome_length=11.09
2021-12-09 18:14:09.580770 | GENERATION: 71 | ERRORS: best=155, median=378.5, diversity=0.065 | INDIVIDUALS: n=200, avg_genome_length=10.74
2021-12-09 18:14:10.381742 | GENERATION: 72 | ERRORS: best=155, median=420.0, diversity=0.08 | INDIVIDUALS: n=200, avg_genome_length=10.985
2021-12-09 18:14:11.150832 | GENERATION: 73 | ERRORS: best=155, median=345.0, diversity=0.065 | INDIVIDUALS: n=200, avg_genome_length=10.8
2021-12-09 18:14:11.979740 | GENERATION: 74 | ERRORS: best=155, median=345.0, diversity=0.1 | INDIVIDUALS: n=200, avg_genome_length=11.085
2021-12-09 18:14:12.662733 | GENERATION: 75 | ERRORS: best=155, median=345.0, diversity=0.085 | INDIVIDUALS: n=200, avg_genome_length=10.64
2021-12-09 18:14:13.553274 | GENERATION: 76 | ERRORS: best=155, median=345.0, diversity=0.105 | INDIVIDUALS: n=200, avg_genome_length=10.675
2021-12-09 18:14:14.470938 | GENERATION: 77 | ERRORS: best=155, median=345.0, diversity=0.075 | INDIVIDUALS: n=200, avg_genome_length=10.12
2021-12-09 18:14:15.030713 | GENERATION: 78 | ERRORS: best=155, median=345.0, diversity=0.075 | INDIVIDUALS: n=200, avg_genome_length=9.915
2021-12-09 18:14:15.613085 | GENERATION: 79 | ERRORS: best=155, median=345.0, diversity=0.085 | INDIVIDUALS: n=200, avg_genome_length=9.5
2021-12-09 18:14:16.178427 | GENERATION: 80 | ERRORS: best=155, median=345.0, diversity=0.085 | INDIVIDUALS: n=200, avg_genome_length=9.15
2021-12-09 18:14:17.079510 | GENERATION: 81 | ERRORS: best=155, median=345.0, diversity=0.065 | INDIVIDUALS: n=200, avg_genome_length=8.795
2021-12-09 18:14:17.869944 | GENERATION: 82 | ERRORS: best=155, median=420.0, diversity=0.09 | INDIVIDUALS: n=200, avg_genome_length=8.91
2021-12-09 18:14:18.452958 | GENERATION: 83 | ERRORS: best=155, median=345.0, diversity=0.075 | INDIVIDUALS: n=200, avg_genome_length=9.715
2021-12-09 18:14:19.156875 | GENERATION: 84 | ERRORS: best=155, median=393.5, diversity=0.095 | INDIVIDUALS: n=200, avg_genome_length=9.92
2021-12-09 18:14:19.696015 | GENERATION: 85 | ERRORS: best=155, median=345.0, diversity=0.075 | INDIVIDUALS: n=200, avg_genome_length=9.04
2021-12-09 18:14:20.493590 | GENERATION: 86 | ERRORS: best=155, median=420.0, diversity=0.075 | INDIVIDUALS: n=200, avg_genome_length=9.155
2021-12-09 18:14:21.035460 | GENERATION: 87 | ERRORS: best=155, median=406.0, diversity=0.075 | INDIVIDUALS: n=200, avg_genome_length=9.01
2021-12-09 18:14:21.623607 | GENERATION: 88 | ERRORS: best=155, median=235.0, diversity=0.075 | INDIVIDUALS: n=200, avg_genome_length=10.52
2021-12-09 18:14:22.230956 | GENERATION: 89 | ERRORS: best=155, median=389.5, diversity=0.095 | INDIVIDUALS: n=200, avg_genome_length=10.44
2021-12-09 18:14:23.108115 | GENERATION: 90 | ERRORS: best=155, median=345.0, diversity=0.08 | INDIVIDUALS: n=200, avg_genome_length=9.245
2021-12-09 18:14:23.659959 | GENERATION: 91 | ERRORS: best=155, median=420.0, diversity=0.075 | INDIVIDUALS: n=200, avg_genome_length=8.845
2021-12-09 18:14:24.518397 | GENERATION: 92 | ERRORS: best=155, median=420.0, diversity=0.08 | INDIVIDUALS: n=200, avg_genome_length=8.485
2021-12-09 18:14:25.485072 | GENERATION: 93 | ERRORS: best=155, median=345.0, diversity=0.085 | INDIVIDUALS: n=200, avg_genome_length=9.425
2021-12-09 18:14:26.346832 | GENERATION: 94 | ERRORS: best=155, median=420.0, diversity=0.1 | INDIVIDUALS: n=200, avg_genome_length=9.835
2021-12-09 18:14:27.332679 | GENERATION: 95 | ERRORS: best=155, median=345.0, diversity=0.09 | INDIVIDUALS: n=200, avg_genome_length=10.87
2021-12-09 18:14:28.077650 | GENERATION: 96 | ERRORS: best=155, median=345.0, diversity=0.1 | INDIVIDUALS: n=200, avg_genome_length=10.24
2021-12-09 18:14:28.753114 | GENERATION: 97 | ERRORS: best=155, median=345.0, diversity=0.11 | INDIVIDUALS: n=200, avg_genome_length=9.565
2021-12-09 18:14:29.600417 | GENERATION: 98 | ERRORS: best=155, median=345.0, diversity=0.08 | INDIVIDUALS: n=200, avg_genome_length=9.385
2021-12-09 18:14:30.483623 | GENERATION: 99 | ERRORS: best=155, median=420.0, diversity=0.075 | INDIVIDUALS: n=200, avg_genome_length=8.95
2021-12-09 18:14:31.057963 | GENERATION: 100 | ERRORS: best=155, median=345.0, diversity=0.09 | INDIVIDUALS: n=200, avg_genome_length=8.815
2021-12-09 18:14:31.620215 | GENERATION: 101 | ERRORS: best=155, median=420.0, diversity=0.135 | INDIVIDUALS: n=200, avg_genome_length=9.225
2021-12-09 18:14:32.551419 | GENERATION: 102 | ERRORS: best=155, median=345.0, diversity=0.08 | INDIVIDUALS: n=200, avg_genome_length=8.475
2021-12-09 18:14:33.072798 | GENERATION: 103 | ERRORS: best=155, median=345.0, diversity=0.07 | INDIVIDUALS: n=200, avg_genome_length=8.175
2021-12-09 18:14:33.642846 | GENERATION: 104 | ERRORS: best=155, median=345.0, diversity=0.09 | INDIVIDUALS: n=200, avg_genome_length=8.925
2021-12-09 18:14:34.242341 | GENERATION: 105 | ERRORS: best=155, median=420.0, diversity=0.07 | INDIVIDUALS: n=200, avg_genome_length=8.13
2021-12-09 18:14:34.899312 | GENERATION: 106 | ERRORS: best=155, median=420.0, diversity=0.065 | INDIVIDUALS: n=200, avg_genome_length=7.76
2021-12-09 18:14:35.527050 | GENERATION: 107 | ERRORS: best=155, median=345.0, diversity=0.055 | INDIVIDUALS: n=200, avg_genome_length=7.615
2021-12-09 18:14:36.563375 | GENERATION: 108 | ERRORS: best=155, median=420.0, diversity=0.09 | INDIVIDUALS: n=200, avg_genome_length=7.455
2021-12-09 18:14:37.601651 | GENERATION: 109 | ERRORS: best=155, median=420.0, diversity=0.075 | INDIVIDUALS: n=200, avg_genome_length=7.21
2021-12-09 18:14:38.742035 | GENERATION: 110 | ERRORS: best=155, median=420.0, diversity=0.07 | INDIVIDUALS: n=200, avg_genome_length=7.395
2021-12-09 18:14:39.744697 | GENERATION: 111 | ERRORS: best=155, median=420.0, diversity=0.08 | INDIVIDUALS: n=200, avg_genome_length=7.67
2021-12-09 18:14:40.859090 | GENERATION: 112 | ERRORS: best=155, median=345.0, diversity=0.08 | INDIVIDUALS: n=200, avg_genome_length=8.135
2021-12-09 18:14:41.537096 | GENERATION: 113 | ERRORS: best=155, median=368.5, diversity=0.095 | INDIVIDUALS: n=200, avg_genome_length=8.075
2021-12-09 18:14:42.071894 | GENERATION: 114 | ERRORS: best=155, median=420.0, diversity=0.105 | INDIVIDUALS: n=200, avg_genome_length=8.445
2021-12-09 18:14:42.708158 | GENERATION: 115 | ERRORS: best=155, median=345.0, diversity=0.065 | INDIVIDUALS: n=200, avg_genome_length=8.01
2021-12-09 18:14:43.248713 | GENERATION: 116 | ERRORS: best=155, median=345.0, diversity=0.055 | INDIVIDUALS: n=200, avg_genome_length=8.585
2021-12-09 18:14:43.807050 | GENERATION: 117 | ERRORS: best=155, median=382.5, diversity=0.085 | INDIVIDUALS: n=200, avg_genome_length=7.965
2021-12-09 18:14:44.533444 | GENERATION: 118 | ERRORS: best=155, median=365.0, diversity=0.08 | INDIVIDUALS: n=200, avg_genome_length=7.41
2021-12-09 18:14:45.028080 | GENERATION: 119 | ERRORS: best=155, median=345.0, diversity=0.08 | INDIVIDUALS: n=200, avg_genome_length=8.575
2021-12-09 18:14:45.523941 | GENERATION: 120 | ERRORS: best=155, median=345.0, diversity=0.06 | INDIVIDUALS: n=200, avg_genome_length=7.285
2021-12-09 18:14:46.048833 | GENERATION: 121 | ERRORS: best=155, median=420.0, diversity=0.075 | INDIVIDUALS: n=200, avg_genome_length=7.475
2021-12-09 18:14:46.573229 | GENERATION: 122 | ERRORS: best=155, median=382.5, diversity=0.075 | INDIVIDUALS: n=200, avg_genome_length=7.36
2021-12-09 18:14:47.130116 | GENERATION: 123 | ERRORS: best=155, median=420.0, diversity=0.06 | INDIVIDUALS: n=200, avg_genome_length=6.88
2021-12-09 18:14:47.702778 | GENERATION: 124 | ERRORS: best=155, median=420.0, diversity=0.08 | INDIVIDUALS: n=200, avg_genome_length=7.305
2021-12-09 18:14:48.252318 | GENERATION: 125 | ERRORS: best=155, median=420.0, diversity=0.08 | INDIVIDUALS: n=200, avg_genome_length=7.39
2021-12-09 18:14:48.785123 | GENERATION: 126 | ERRORS: best=155, median=382.5, diversity=0.07 | INDIVIDUALS: n=200, avg_genome_length=6.8
2021-12-09 18:14:49.387089 | GENERATION: 127 | ERRORS: best=155, median=420.0, diversity=0.06 | INDIVIDUALS: n=200, avg_genome_length=6.85
2021-12-09 18:14:50.007687 | GENERATION: 128 | ERRORS: best=155, median=420.0, diversity=0.07 | INDIVIDUALS: n=200, avg_genome_length=8.005
2021-12-09 18:14:50.547685 | GENERATION: 129 | ERRORS: best=155, median=420.0, diversity=0.075 | INDIVIDUALS: n=200, avg_genome_length=7.51
2021-12-09 18:14:51.243750 | GENERATION: 130 | ERRORS: best=155, median=420.0, diversity=0.065 | INDIVIDUALS: n=200, avg_genome_length=7.635
2021-12-09 18:14:52.195831 | GENERATION: 131 | ERRORS: best=155, median=345.0, diversity=0.1 | INDIVIDUALS: n=200, avg_genome_length=7.285
2021-12-09 18:14:52.998265 | GENERATION: 132 | ERRORS: best=155, median=420.0, diversity=0.07 | INDIVIDUALS: n=200, avg_genome_length=8.325
2021-12-09 18:14:53.589427 | GENERATION: 133 | ERRORS: best=155, median=420.0, diversity=0.07 | INDIVIDUALS: n=200, avg_genome_length=9.93
2021-12-09 18:14:54.142229 | GENERATION: 134 | ERRORS: best=155, median=386.0, diversity=0.085 | INDIVIDUALS: n=200, avg_genome_length=9.315
2021-12-09 18:14:54.794618 | GENERATION: 135 | ERRORS: best=155, median=382.5, diversity=0.075 | INDIVIDUALS: n=200, avg_genome_length=9.43
2021-12-09 18:14:55.628007 | GENERATION: 136 | ERRORS: best=155, median=420.0, diversity=0.065 | INDIVIDUALS: n=200, avg_genome_length=9.315
2021-12-09 18:14:56.213924 | GENERATION: 137 | ERRORS: best=155, median=420.0, diversity=0.08 | INDIVIDUALS: n=200, avg_genome_length=9.1
2021-12-09 18:14:56.810078 | GENERATION: 138 | ERRORS: best=155, median=345.0, diversity=0.1 | INDIVIDUALS: n=200, avg_genome_length=9.625
2021-12-09 18:14:57.545564 | GENERATION: 139 | ERRORS: best=155, median=420.0, diversity=0.095 | INDIVIDUALS: n=200, avg_genome_length=8.22
2021-12-09 18:14:58.344644 | GENERATION: 140 | ERRORS: best=155, median=420.0, diversity=0.115 | INDIVIDUALS: n=200, avg_genome_length=9.57
2021-12-09 18:14:59.188975 | GENERATION: 141 | ERRORS: best=155, median=420.0, diversity=0.1 | INDIVIDUALS: n=200, avg_genome_length=8.765
2021-12-09 18:14:59.869594 | GENERATION: 142 | ERRORS: best=155, median=420.0, diversity=0.08 | INDIVIDUALS: n=200, avg_genome_length=9.795
2021-12-09 18:15:00.727160 | GENERATION: 143 | ERRORS: best=155, median=420.0, diversity=0.08 | INDIVIDUALS: n=200, avg_genome_length=9.1
2021-12-09 18:15:01.308646 | GENERATION: 144 | ERRORS: best=155, median=382.5, diversity=0.08 | INDIVIDUALS: n=200, avg_genome_length=9.305
2021-12-09 18:15:02.194275 | GENERATION: 145 | ERRORS: best=155, median=420.0, diversity=0.085 | INDIVIDUALS: n=200, avg_genome_length=9.69
2021-12-09 18:15:03.138905 | GENERATION: 146 | ERRORS: best=155, median=420.0, diversity=0.095 | INDIVIDUALS: n=200, avg_genome_length=8.89
2021-12-09 18:15:03.696381 | GENERATION: 147 | ERRORS: best=155, median=345.0, diversity=0.075 | INDIVIDUALS: n=200, avg_genome_length=8.91
2021-12-09 18:15:04.269547 | GENERATION: 148 | ERRORS: best=155, median=345.0, diversity=0.1 | INDIVIDUALS: n=200, avg_genome_length=9.675
2021-12-09 18:15:04.851251 | GENERATION: 149 | ERRORS: best=155, median=345.0, diversity=0.06 | INDIVIDUALS: n=200, avg_genome_length=9.425
2021-12-09 18:15:05.481405 | GENERATION: 150 | ERRORS: best=155, median=345.0, diversity=0.065 | INDIVIDUALS: n=200, avg_genome_length=8.8
2021-12-09 18:15:06.066541 | GENERATION: 151 | ERRORS: best=155, median=420.0, diversity=0.075 | INDIVIDUALS: n=200, avg_genome_length=8.6
2021-12-09 18:15:06.841363 | GENERATION: 152 | ERRORS: best=155, median=345.0, diversity=0.08 | INDIVIDUALS: n=200, avg_genome_length=8.455
2021-12-09 18:15:07.826246 | GENERATION: 153 | ERRORS: best=155, median=345.0, diversity=0.055 | INDIVIDUALS: n=200, avg_genome_length=7.44
2021-12-09 18:15:08.518549 | GENERATION: 154 | ERRORS: best=155, median=345.0, diversity=0.075 | INDIVIDUALS: n=200, avg_genome_length=8.515
2021-12-09 18:15:09.096522 | GENERATION: 155 | ERRORS: best=155, median=345.0, diversity=0.05 | INDIVIDUALS: n=200, avg_genome_length=8.72
2021-12-09 18:15:09.622474 | GENERATION: 156 | ERRORS: best=155, median=420.0, diversity=0.06 | INDIVIDUALS: n=200, avg_genome_length=8.215
2021-12-09 18:15:10.165886 | GENERATION: 157 | ERRORS: best=155, median=352.0, diversity=0.075 | INDIVIDUALS: n=200, avg_genome_length=7.915
2021-12-09 18:15:10.989701 | GENERATION: 158 | ERRORS: best=155, median=420.0, diversity=0.07 | INDIVIDUALS: n=200, avg_genome_length=7.635
2021-12-09 18:15:11.642306 | GENERATION: 159 | ERRORS: best=155, median=420.0, diversity=0.075 | INDIVIDUALS: n=200, avg_genome_length=6.95
2021-12-09 18:15:12.173029 | GENERATION: 160 | ERRORS: best=155, median=420.0, diversity=0.065 | INDIVIDUALS: n=200, avg_genome_length=7.015
2021-12-09 18:15:13.011766 | GENERATION: 161 | ERRORS: best=155, median=345.0, diversity=0.09 | INDIVIDUALS: n=200, avg_genome_length=7.82
2021-12-09 18:15:13.980991 | GENERATION: 162 | ERRORS: best=155, median=345.0, diversity=0.06 | INDIVIDUALS: n=200, avg_genome_length=6.885
2021-12-09 18:15:14.586156 | GENERATION: 163 | ERRORS: best=155, median=420.0, diversity=0.07 | INDIVIDUALS: n=200, avg_genome_length=6.3
2021-12-09 18:15:15.127942 | GENERATION: 164 | ERRORS: best=155, median=420.0, diversity=0.055 | INDIVIDUALS: n=200, avg_genome_length=6.87
2021-12-09 18:15:15.954082 | GENERATION: 165 | ERRORS: best=155, median=345.0, diversity=0.07 | INDIVIDUALS: n=200, avg_genome_length=6.82
2021-12-09 18:15:16.679583 | GENERATION: 166 | ERRORS: best=155, median=420.0, diversity=0.075 | INDIVIDUALS: n=200, avg_genome_length=6.315
2021-12-09 18:15:17.193236 | GENERATION: 167 | ERRORS: best=155, median=420.0, diversity=0.065 | INDIVIDUALS: n=200, avg_genome_length=6.125
2021-12-09 18:15:17.933236 | GENERATION: 168 | ERRORS: best=155, median=420.0, diversity=0.07 | INDIVIDUALS: n=200, avg_genome_length=6.4
2021-12-09 18:15:18.573399 | GENERATION: 169 | ERRORS: best=155, median=420.0, diversity=0.06 | INDIVIDUALS: n=200, avg_genome_length=5.385
2021-12-09 18:15:19.034652 | GENERATION: 170 | ERRORS: best=155, median=420.0, diversity=0.055 | INDIVIDUALS: n=200, avg_genome_length=4.795
2021-12-09 18:15:19.782978 | GENERATION: 171 | ERRORS: best=155, median=420.0, diversity=0.045 | INDIVIDUALS: n=200, avg_genome_length=4.9
2021-12-09 18:15:20.276952 | GENERATION: 172 | ERRORS: best=155, median=420.0, diversity=0.055 | INDIVIDUALS: n=200, avg_genome_length=5.105
2021-12-09 18:15:20.754508 | GENERATION: 173 | ERRORS: best=155, median=420.0, diversity=0.05 | INDIVIDUALS: n=200, avg_genome_length=5.17
2021-12-09 18:15:21.220689 | GENERATION: 174 | ERRORS: best=155, median=420.0, diversity=0.05 | INDIVIDUALS: n=200, avg_genome_length=4.835
2021-12-09 18:15:21.713583 | GENERATION: 175 | ERRORS: best=155, median=420.0, diversity=0.045 | INDIVIDUALS: n=200, avg_genome_length=4.69
2021-12-09 18:15:22.265921 | GENERATION: 176 | ERRORS: best=155, median=420.0, diversity=0.045 | INDIVIDUALS: n=200, avg_genome_length=4.66
2021-12-09 18:15:22.769191 | GENERATION: 177 | ERRORS: best=155, median=420.0, diversity=0.045 | INDIVIDUALS: n=200, avg_genome_length=5.13
2021-12-09 18:15:23.266431 | GENERATION: 178 | ERRORS: best=155, median=420.0, diversity=0.045 | INDIVIDUALS: n=200, avg_genome_length=4.8
2021-12-09 18:15:23.753754 | GENERATION: 179 | ERRORS: best=155, median=420.0, diversity=0.06 | INDIVIDUALS: n=200, avg_genome_length=4.635
2021-12-09 18:15:24.223897 | GENERATION: 180 | ERRORS: best=155, median=420.0, diversity=0.035 | INDIVIDUALS: n=200, avg_genome_length=4.79
2021-12-09 18:15:24.713342 | GENERATION: 181 | ERRORS: best=155, median=420.0, diversity=0.035 | INDIVIDUALS: n=200, avg_genome_length=4.74
2021-12-09 18:15:25.334070 | GENERATION: 182 | ERRORS: best=155, median=420.0, diversity=0.045 | INDIVIDUALS: n=200, avg_genome_length=4.82
2021-12-09 18:15:26.035601 | GENERATION: 183 | ERRORS: best=155, median=420.0, diversity=0.055 | INDIVIDUALS: n=200, avg_genome_length=4.87
2021-12-09 18:15:26.521931 | GENERATION: 184 | ERRORS: best=155, median=420.0, diversity=0.045 | INDIVIDUALS: n=200, avg_genome_length=4.995
2021-12-09 18:15:27.015288 | GENERATION: 185 | ERRORS: best=155, median=420.0, diversity=0.04 | INDIVIDUALS: n=200, avg_genome_length=4.705
2021-12-09 18:15:27.722894 | GENERATION: 186 | ERRORS: best=155, median=420.0, diversity=0.07 | INDIVIDUALS: n=200, avg_genome_length=5.275
2021-12-09 18:15:28.225421 | GENERATION: 187 | ERRORS: best=155, median=420.0, diversity=0.045 | INDIVIDUALS: n=200, avg_genome_length=5.21
2021-12-09 18:15:28.709097 | GENERATION: 188 | ERRORS: best=155, median=420.0, diversity=0.045 | INDIVIDUALS: n=200, avg_genome_length=5.06
2021-12-09 18:15:29.223943 | GENERATION: 189 | ERRORS: best=155, median=420.0, diversity=0.045 | INDIVIDUALS: n=200, avg_genome_length=5.245
2021-12-09 18:15:29.831742 | GENERATION: 190 | ERRORS: best=155, median=420.0, diversity=0.045 | INDIVIDUALS: n=200, avg_genome_length=4.715
2021-12-09 18:15:30.290347 | GENERATION: 191 | ERRORS: best=155, median=420.0, diversity=0.04 | INDIVIDUALS: n=200, avg_genome_length=4.86
2021-12-09 18:15:30.866486 | GENERATION: 192 | ERRORS: best=155, median=420.0, diversity=0.06 | INDIVIDUALS: n=200, avg_genome_length=5.035
2021-12-09 18:15:31.459774 | GENERATION: 193 | ERRORS: best=155, median=420.0, diversity=0.05 | INDIVIDUALS: n=200, avg_genome_length=5.2
2021-12-09 18:15:31.961608 | GENERATION: 194 | ERRORS: best=155, median=420.0, diversity=0.045 | INDIVIDUALS: n=200, avg_genome_length=4.875
2021-12-09 18:15:32.481773 | GENERATION: 195 | ERRORS: best=155, median=420.0, diversity=0.05 | INDIVIDUALS: n=200, avg_genome_length=4.63
2021-12-09 18:15:33.128075 | GENERATION: 196 | ERRORS: best=155, median=420.0, diversity=0.06 | INDIVIDUALS: n=200, avg_genome_length=4.98
2021-12-09 18:15:33.720646 | GENERATION: 197 | ERRORS: best=155, median=420.0, diversity=0.05 | INDIVIDUALS: n=200, avg_genome_length=4.785
2021-12-09 18:15:34.496728 | GENERATION: 198 | ERRORS: best=155, median=420.0, diversity=0.07 | INDIVIDUALS: n=200, avg_genome_length=5.02
2021-12-09 18:15:34.980513 | GENERATION: 199 | ERRORS: best=155, median=420.0, diversity=0.05 | INDIVIDUALS: n=200, avg_genome_length=4.965
2021-12-09 18:15:35.478684 | GENERATION: 200 | ERRORS: best=155, median=420.0, diversity=0.045 | INDIVIDUALS: n=200, avg_genome_length=4.95
2021-12-09 18:15:35.977767 | GENERATION: 201 | ERRORS: best=155, median=420.0, diversity=0.045 | INDIVIDUALS: n=200, avg_genome_length=4.715
2021-12-09 18:15:36.470013 | GENERATION: 202 | ERRORS: best=155, median=420.0, diversity=0.045 | INDIVIDUALS: n=200, avg_genome_length=4.605
2021-12-09 18:15:37.143126 | GENERATION: 203 | ERRORS: best=155, median=420.0, diversity=0.055 | INDIVIDUALS: n=200, avg_genome_length=5.115
2021-12-09 18:15:37.637732 | GENERATION: 204 | ERRORS: best=155, median=420.0, diversity=0.045 | INDIVIDUALS: n=200, avg_genome_length=4.875
2021-12-09 18:15:38.123983 | GENERATION: 205 | ERRORS: best=155, median=420.0, diversity=0.045 | INDIVIDUALS: n=200, avg_genome_length=5.19
2021-12-09 18:15:38.897468 | GENERATION: 206 | ERRORS: best=155, median=420.0, diversity=0.055 | INDIVIDUALS: n=200, avg_genome_length=5.455
2021-12-09 18:15:39.687540 | GENERATION: 207 | ERRORS: best=155, median=420.0, diversity=0.06 | INDIVIDUALS: n=200, avg_genome_length=5.495
2021-12-09 18:15:40.304019 | GENERATION: 208 | ERRORS: best=155, median=420.0, diversity=0.06 | INDIVIDUALS: n=200, avg_genome_length=5.41
2021-12-09 18:15:40.761487 | GENERATION: 209 | ERRORS: best=155, median=420.0, diversity=0.055 | INDIVIDUALS: n=200, avg_genome_length=5.12
2021-12-09 18:15:41.263961 | GENERATION: 210 | ERRORS: best=155, median=420.0, diversity=0.045 | INDIVIDUALS: n=200, avg_genome_length=4.9
2021-12-09 18:15:41.770797 | GENERATION: 211 | ERRORS: best=155, median=420.0, diversity=0.04 | INDIVIDUALS: n=200, avg_genome_length=5.2
2021-12-09 18:15:42.608637 | GENERATION: 212 | ERRORS: best=155, median=420.0, diversity=0.04 | INDIVIDUALS: n=200, avg_genome_length=4.645
2021-12-09 18:15:43.075803 | GENERATION: 213 | ERRORS: best=155, median=420.0, diversity=0.05 | INDIVIDUALS: n=200, avg_genome_length=4.62
2021-12-09 18:15:43.574386 | GENERATION: 214 | ERRORS: best=155, median=420.0, diversity=0.035 | INDIVIDUALS: n=200, avg_genome_length=5.12
2021-12-09 18:15:44.066374 | GENERATION: 215 | ERRORS: best=155, median=420.0, diversity=0.05 | INDIVIDUALS: n=200, avg_genome_length=5.015
2021-12-09 18:15:44.738336 | GENERATION: 216 | ERRORS: best=155, median=420.0, diversity=0.045 | INDIVIDUALS: n=200, avg_genome_length=4.825
2021-12-09 18:15:45.203435 | GENERATION: 217 | ERRORS: best=155, median=420.0, diversity=0.04 | INDIVIDUALS: n=200, avg_genome_length=4.61
2021-12-09 18:15:45.816554 | GENERATION: 218 | ERRORS: best=155, median=420.0, diversity=0.05 | INDIVIDUALS: n=200, avg_genome_length=4.845
2021-12-09 18:15:46.310540 | GENERATION: 219 | ERRORS: best=155, median=420.0, diversity=0.05 | INDIVIDUALS: n=200, avg_genome_length=5.0
2021-12-09 18:15:47.221149 | GENERATION: 220 | ERRORS: best=155, median=420.0, diversity=0.045 | INDIVIDUALS: n=200, avg_genome_length=5.51
2021-12-09 18:15:48.080472 | GENERATION: 221 | ERRORS: best=155, median=420.0, diversity=0.055 | INDIVIDUALS: n=200, avg_genome_length=5.08
2021-12-09 18:15:48.659178 | GENERATION: 222 | ERRORS: best=155, median=420.0, diversity=0.05 | INDIVIDUALS: n=200, avg_genome_length=5.15
2021-12-09 18:15:49.544994 | GENERATION: 223 | ERRORS: best=155, median=420.0, diversity=0.055 | INDIVIDUALS: n=200, avg_genome_length=5.405
2021-12-09 18:15:50.037229 | GENERATION: 224 | ERRORS: best=155, median=420.0, diversity=0.055 | INDIVIDUALS: n=200, avg_genome_length=5.24
2021-12-09 18:15:50.916335 | GENERATION: 225 | ERRORS: best=155, median=420.0, diversity=0.065 | INDIVIDUALS: n=200, avg_genome_length=5.585
2021-12-09 18:15:51.528018 | GENERATION: 226 | ERRORS: best=155, median=420.0, diversity=0.045 | INDIVIDUALS: n=200, avg_genome_length=5.135
2021-12-09 18:15:52.026243 | GENERATION: 227 | ERRORS: best=155, median=420.0, diversity=0.05 | INDIVIDUALS: n=200, avg_genome_length=4.895
2021-12-09 18:15:52.530483 | GENERATION: 228 | ERRORS: best=155, median=420.0, diversity=0.055 | INDIVIDUALS: n=200, avg_genome_length=5.31
2021-12-09 18:15:53.011035 | GENERATION: 229 | ERRORS: best=155, median=420.0, diversity=0.05 | INDIVIDUALS: n=200, avg_genome_length=4.96
2021-12-09 18:15:53.562877 | GENERATION: 230 | ERRORS: best=155, median=420.0, diversity=0.05 | INDIVIDUALS: n=200, avg_genome_length=4.835
2021-12-09 18:15:54.035734 | GENERATION: 231 | ERRORS: best=155, median=420.0, diversity=0.065 | INDIVIDUALS: n=200, avg_genome_length=4.94
2021-12-09 18:15:54.473406 | GENERATION: 232 | ERRORS: best=155, median=420.0, diversity=0.04 | INDIVIDUALS: n=200, avg_genome_length=4.795
2021-12-09 18:15:54.992246 | GENERATION: 233 | ERRORS: best=155, median=420.0, diversity=0.04 | INDIVIDUALS: n=200, avg_genome_length=5.24
2021-12-09 18:15:55.404648 | GENERATION: 234 | ERRORS: best=155, median=420.0, diversity=0.05 | INDIVIDUALS: n=200, avg_genome_length=4.975
2021-12-09 18:15:55.824268 | GENERATION: 235 | ERRORS: best=155, median=420.0, diversity=0.04 | INDIVIDUALS: n=200, avg_genome_length=5.1
2021-12-09 18:15:56.614668 | GENERATION: 236 | ERRORS: best=155, median=420.0, diversity=0.045 | INDIVIDUALS: n=200, avg_genome_length=5.11
2021-12-09 18:15:57.122543 | GENERATION: 237 | ERRORS: best=155, median=420.0, diversity=0.05 | INDIVIDUALS: n=200, avg_genome_length=4.72
2021-12-09 18:15:57.614575 | GENERATION: 238 | ERRORS: best=155, median=420.0, diversity=0.06 | INDIVIDUALS: n=200, avg_genome_length=4.96
2021-12-09 18:15:58.130922 | GENERATION: 239 | ERRORS: best=155, median=420.0, diversity=0.05 | INDIVIDUALS: n=200, avg_genome_length=4.83
2021-12-09 18:15:58.764702 | GENERATION: 240 | ERRORS: best=155, median=420.0, diversity=0.075 | INDIVIDUALS: n=200, avg_genome_length=5.02
2021-12-09 18:15:59.222649 | GENERATION: 241 | ERRORS: best=155, median=420.0, diversity=0.04 | INDIVIDUALS: n=200, avg_genome_length=4.585
2021-12-09 18:16:00.109719 | GENERATION: 242 | ERRORS: best=155, median=420.0, diversity=0.045 | INDIVIDUALS: n=200, avg_genome_length=4.925
2021-12-09 18:16:00.782227 | GENERATION: 243 | ERRORS: best=155, median=420.0, diversity=0.065 | INDIVIDUALS: n=200, avg_genome_length=5.175
2021-12-09 18:16:01.286248 | GENERATION: 244 | ERRORS: best=155, median=420.0, diversity=0.045 | INDIVIDUALS: n=200, avg_genome_length=5.04
2021-12-09 18:16:02.148085 | GENERATION: 245 | ERRORS: best=155, median=420.0, diversity=0.065 | INDIVIDUALS: n=200, avg_genome_length=5.035
2021-12-09 18:16:02.660207 | GENERATION: 246 | ERRORS: best=155, median=420.0, diversity=0.045 | INDIVIDUALS: n=200, avg_genome_length=4.865
2021-12-09 18:16:03.477832 | GENERATION: 247 | ERRORS: best=155, median=420.0, diversity=0.045 | INDIVIDUALS: n=200, avg_genome_length=5.13
2021-12-09 18:16:04.007594 | GENERATION: 248 | ERRORS: best=155, median=420.0, diversity=0.04 | INDIVIDUALS: n=200, avg_genome_length=4.885
2021-12-09 18:16:04.503023 | GENERATION: 249 | ERRORS: best=155, median=420.0, diversity=0.075 | INDIVIDUALS: n=200, avg_genome_length=5.53
2021-12-09 18:16:05.051859 | GENERATION: 250 | ERRORS: best=155, median=420.0, diversity=0.06 | INDIVIDUALS: n=200, avg_genome_length=5.385
2021-12-09 18:16:05.541675 | GENERATION: 251 | ERRORS: best=155, median=420.0, diversity=0.055 | INDIVIDUALS: n=200, avg_genome_length=5.24
2021-12-09 18:16:06.087802 | GENERATION: 252 | ERRORS: best=155, median=420.0, diversity=0.055 | INDIVIDUALS: n=200, avg_genome_length=4.97
2021-12-09 18:16:06.958651 | GENERATION: 253 | ERRORS: best=155, median=420.0, diversity=0.045 | INDIVIDUALS: n=200, avg_genome_length=4.735
2021-12-09 18:16:07.788513 | GENERATION: 254 | ERRORS: best=155, median=420.0, diversity=0.04 | INDIVIDUALS: n=200, avg_genome_length=4.84
2021-12-09 18:16:08.288246 | GENERATION: 255 | ERRORS: best=155, median=420.0, diversity=0.035 | INDIVIDUALS: n=200, avg_genome_length=4.62
2021-12-09 18:16:08.756815 | GENERATION: 256 | ERRORS: best=155, median=420.0, diversity=0.04 | INDIVIDUALS: n=200, avg_genome_length=5.52
2021-12-09 18:16:09.433727 | GENERATION: 257 | ERRORS: best=155, median=420.0, diversity=0.05 | INDIVIDUALS: n=200, avg_genome_length=5.635
2021-12-09 18:16:10.010572 | GENERATION: 258 | ERRORS: best=155, median=420.0, diversity=0.05 | INDIVIDUALS: n=200, avg_genome_length=5.41
2021-12-09 18:16:10.661665 | GENERATION: 259 | ERRORS: best=155, median=420.0, diversity=0.055 | INDIVIDUALS: n=200, avg_genome_length=5.595
2021-12-09 18:16:11.317913 | GENERATION: 260 | ERRORS: best=155, median=420.0, diversity=0.05 | INDIVIDUALS: n=200, avg_genome_length=5.42
2021-12-09 18:16:11.788252 | GENERATION: 261 | ERRORS: best=155, median=420.0, diversity=0.055 | INDIVIDUALS: n=200, avg_genome_length=5.335
2021-12-09 18:16:12.224939 | GENERATION: 262 | ERRORS: best=155, median=420.0, diversity=0.035 | INDIVIDUALS: n=200, avg_genome_length=4.89
2021-12-09 18:16:12.700071 | GENERATION: 263 | ERRORS: best=155, median=420.0, diversity=0.045 | INDIVIDUALS: n=200, avg_genome_length=4.95
2021-12-09 18:16:13.198850 | GENERATION: 264 | ERRORS: best=155, median=420.0, diversity=0.045 | INDIVIDUALS: n=200, avg_genome_length=4.79
2021-12-09 18:16:13.654661 | GENERATION: 265 | ERRORS: best=155, median=420.0, diversity=0.06 | INDIVIDUALS: n=200, avg_genome_length=4.955
2021-12-09 18:16:14.118109 | GENERATION: 266 | ERRORS: best=155, median=420.0, diversity=0.055 | INDIVIDUALS: n=200, avg_genome_length=4.85
2021-12-09 18:16:14.739239 | GENERATION: 267 | ERRORS: best=155, median=420.0, diversity=0.05 | INDIVIDUALS: n=200, avg_genome_length=4.935
2021-12-09 18:16:15.335788 | GENERATION: 268 | ERRORS: best=155, median=420.0, diversity=0.045 | INDIVIDUALS: n=200, avg_genome_length=5.035
2021-12-09 18:16:15.834311 | GENERATION: 269 | ERRORS: best=155, median=420.0, diversity=0.055 | INDIVIDUALS: n=200, avg_genome_length=5.06
2021-12-09 18:16:16.372370 | GENERATION: 270 | ERRORS: best=155, median=420.0, diversity=0.04 | INDIVIDUALS: n=200, avg_genome_length=4.66
2021-12-09 18:16:16.983630 | GENERATION: 271 | ERRORS: best=155, median=420.0, diversity=0.035 | INDIVIDUALS: n=200, avg_genome_length=4.735
2021-12-09 18:16:17.469926 | GENERATION: 272 | ERRORS: best=155, median=420.0, diversity=0.04 | INDIVIDUALS: n=200, avg_genome_length=5.78
2021-12-09 18:16:17.942001 | GENERATION: 273 | ERRORS: best=155, median=420.0, diversity=0.055 | INDIVIDUALS: n=200, avg_genome_length=5.405
2021-12-09 18:16:18.584109 | GENERATION: 274 | ERRORS: best=155, median=420.0, diversity=0.045 | INDIVIDUALS: n=200, avg_genome_length=5.255
2021-12-09 18:16:19.079264 | GENERATION: 275 | ERRORS: best=155, median=420.0, diversity=0.06 | INDIVIDUALS: n=200, avg_genome_length=5.205
2021-12-09 18:16:19.557082 | GENERATION: 276 | ERRORS: best=155, median=420.0, diversity=0.05 | INDIVIDUALS: n=200, avg_genome_length=4.925
2021-12-09 18:16:20.196782 | GENERATION: 277 | ERRORS: best=155, median=420.0, diversity=0.04 | INDIVIDUALS: n=200, avg_genome_length=4.65
2021-12-09 18:16:20.701568 | GENERATION: 278 | ERRORS: best=155, median=420.0, diversity=0.055 | INDIVIDUALS: n=200, avg_genome_length=5.635
2021-12-09 18:16:21.196410 | GENERATION: 279 | ERRORS: best=155, median=420.0, diversity=0.045 | INDIVIDUALS: n=200, avg_genome_length=5.355
2021-12-09 18:16:21.867306 | GENERATION: 280 | ERRORS: best=155, median=420.0, diversity=0.04 | INDIVIDUALS: n=200, avg_genome_length=4.96
2021-12-09 18:16:22.618525 | GENERATION: 281 | ERRORS: best=155, median=420.0, diversity=0.05 | INDIVIDUALS: n=200, avg_genome_length=4.775
2021-12-09 18:16:23.237555 | GENERATION: 282 | ERRORS: best=155, median=420.0, diversity=0.05 | INDIVIDUALS: n=200, avg_genome_length=4.995
2021-12-09 18:16:23.947194 | GENERATION: 283 | ERRORS: best=155, median=420.0, diversity=0.035 | INDIVIDUALS: n=200, avg_genome_length=4.605
2021-12-09 18:16:24.405047 | GENERATION: 284 | ERRORS: best=155, median=420.0, diversity=0.05 | INDIVIDUALS: n=200, avg_genome_length=4.83
2021-12-09 18:16:24.914048 | GENERATION: 285 | ERRORS: best=155, median=420.0, diversity=0.04 | INDIVIDUALS: n=200, avg_genome_length=5.265
2021-12-09 18:16:25.415068 | GENERATION: 286 | ERRORS: best=155, median=420.0, diversity=0.04 | INDIVIDUALS: n=200, avg_genome_length=5.295
2021-12-09 18:16:25.927664 | GENERATION: 287 | ERRORS: best=155, median=420.0, diversity=0.05 | INDIVIDUALS: n=200, avg_genome_length=5.07
2021-12-09 18:16:26.459246 | GENERATION: 288 | ERRORS: best=155, median=420.0, diversity=0.05 | INDIVIDUALS: n=200, avg_genome_length=4.96
2021-12-09 18:16:26.959881 | GENERATION: 289 | ERRORS: best=155, median=420.0, diversity=0.055 | INDIVIDUALS: n=200, avg_genome_length=4.805
2021-12-09 18:16:27.459655 | GENERATION: 290 | ERRORS: best=155, median=420.0, diversity=0.06 | INDIVIDUALS: n=200, avg_genome_length=4.95
2021-12-09 18:16:27.965510 | GENERATION: 291 | ERRORS: best=155, median=420.0, diversity=0.04 | INDIVIDUALS: n=200, avg_genome_length=5.07
2021-12-09 18:16:28.458531 | GENERATION: 292 | ERRORS: best=155, median=420.0, diversity=0.045 | INDIVIDUALS: n=200, avg_genome_length=5.025
2021-12-09 18:16:28.966394 | GENERATION: 293 | ERRORS: best=155, median=420.0, diversity=0.06 | INDIVIDUALS: n=200, avg_genome_length=5.155
2021-12-09 18:16:29.589080 | GENERATION: 294 | ERRORS: best=155, median=420.0, diversity=0.045 | INDIVIDUALS: n=200, avg_genome_length=4.75
2021-12-09 18:16:30.180374 | GENERATION: 295 | ERRORS: best=155, median=420.0, diversity=0.055 | INDIVIDUALS: n=200, avg_genome_length=4.63
2021-12-09 18:16:30.821026 | GENERATION: 296 | ERRORS: best=155, median=420.0, diversity=0.05 | INDIVIDUALS: n=200, avg_genome_length=4.895
2021-12-09 18:16:31.692422 | GENERATION: 297 | ERRORS: best=155, median=420.0, diversity=0.04 | INDIVIDUALS: n=200, avg_genome_length=4.7
2021-12-09 18:16:32.426928 | GENERATION: 298 | ERRORS: best=155, median=420.0, diversity=0.045 | INDIVIDUALS: n=200, avg_genome_length=4.9
2021-12-09 18:16:32.923138 | GENERATION: 299 | ERRORS: best=155, median=420.0, diversity=0.055 | INDIVIDUALS: n=200, avg_genome_length=4.505
2021-12-09 18:16:33.423709 | GENERATION: 300 | ERRORS: best=155, median=420.0, diversity=0.045 | INDIVIDUALS: n=200, avg_genome_length=5.085
Simplifying genome of length 27 with total error 155.
Simplified genome by 2 to length 25.
Simplified genome by 2 to length 23.
Simplified genome by 1 to length 22.
Simplified genome by 1 to length 21.
Simplified genome by 1 to length 20.
Simplified genome by 1 to length 19.
Simplified genome by 1 to length 18.
Simplified genome by 1 to length 17.
Simplified genome by 1 to length 16.
Simplified genome by 1 to length 15.
Simplified genome by 1 to length 14.
Simplified genome by 1 to length 13.
Simplified genome by 1 to length 12.
Simplified genome by 1 to length 11.
Simplified genome by 2 to length 9.
Simplified genome by 1 to length 8.
Simplified genome by 1 to length 7.
Simplified genome by 1 to length 6.
Simplified genome to length 6 and total error 155.
========================================
End Run
========================================
No solution found.
Best Seen Individual
	Genome:
	 pvector([Input(input_index=0), Literal(value=1000, push_type=<pyshgp.push.types.PushIntType object at 0x7f32fde4af70>), InstructionMeta(name='int_lt', code_blocks=0), InstructionMeta(name='exec_if', code_blocks=2), Literal(value='small', push_type=<pyshgp.push.types.PushStrType object at 0x7f32fde4a460>), InstructionMeta(name='print_str', code_blocks=0)])
	Program:
	 (input_0 1000 int_lt exec_if ("small" print_str) ())
	Error vector:
	 [0 5 0 0 5 0 0 0 0 0 0 0 0 0 5 5 0 5 0 0 5 0 0 5 0 0 0 0 0 0 0 0 0 0 0 5 0
 0 5 0 0 5 0 5 5 5 0 0 0 0 5 5 0 0 0 0 0 5 5 0 0 5 5 5 0 0 0 0 5 0 0 0 0 0
 0 5 5 5 0 5 0 0 5 5 5 0 0 0 0 0 5 0 0 0 0 0 5 5 0 0]
	Total error:
	 155
	Test error:
	 1925
	Time:
	 00:03:46
