Included 27 edge cases.
Included 73 random cases.
Included 100 cases in total.
Finished formatting.
Included 0 edge cases.
Included 1000 random cases.
Included 1000 cases in total.
Finished formatting.
========================================
Setup
========================================
Search Configuration:
signature: ProgramSignature(push_config=PushConfig(collection_size_cap=1000, runtime_limit=10, numeric_magnitude_limit=1000000000000.0, step_limit=300, growth_cap=500), output_stacks=['stdout'], arity=1)
evaluator: <pyshgp.gp.evaluation.DatasetEvaluator object at 0x7f6418fdeee0>
spawner: <pyshgp.gp.genome.GeneSpawner object at 0x7f6418fde820>
population_size: 200
max_generations: 300
error_threshold: 0.0
initial_genome_size: (20, 100)
simplification_steps: 500
parallel_context: <pyshgp.gp.search.ParallelContext object at 0x7f6416c9c340>
selection: <pyshgp.utils.DiscreteProbDistrib object at 0x7f6416d8a200>
variation: <pyshgp.utils.DiscreteProbDistrib object at 0x7f6416d8af80>
Instructions:
int_add, int_sub, int_mult, int_div, int_mod, int_min, int_max, int_inc, int_dec, int_lt, int_lte, int_gt, int_gte, int_from_bool, str_concat, str_insert_str, str_from_first_char, str_from_last_char, str_from_nth_char, str_contains_str, str_index_of_str, str_split_on_str, str_replace_first_str, str_replace_n_str, str_replace_all_str, str_remove_first_str, str_remove_n_str, str_remove_all_str, str_occurrences_of_str, str_reverse, str_head, str_tail, str_rest, str_but_last, str_drop, str_but_last_n, str_length, str_make_empty, str_is_empty_string, str_remove_nth, str_strip_whitespace, str_from_bool, str_from_int, bool_and, bool_or, bool_not, bool_xor, bool_invert_first_then_and, bool_second_first_then_and, bool_from_int, noop, noop_open, exec_do_range, exec_do_count, exec_while, exec_do_while, exec_if, exec_when, print_bool, println_bool, print_int, println_int, print_str, println_str, print_exec, println_exec, bool_pop, bool_dup, bool_dup_times, bool_swap, bool_rot, bool_flush, bool_eq, bool_stack_depth, bool_yank, bool_yank_dup, bool_shove, bool_shove_dup, bool_is_empty, int_pop, int_dup, int_dup_times, int_swap, int_rot, int_flush, int_eq, int_stack_depth, int_yank, int_yank_dup, int_shove, int_shove_dup, int_is_empty, str_pop, str_dup, str_dup_times, str_swap, str_rot, str_flush, str_eq, str_stack_depth, str_yank, str_yank_dup, str_shove, str_shove_dup, str_is_empty, exec_pop, exec_dup, exec_dup_times, exec_swap, exec_rot, exec_flush, exec_eq, exec_stack_depth, exec_yank, exec_yank_dup, exec_shove, exec_shove_dup, exec_is_empty
Literals:
[Literal(value='small', push_type=<pyshgp.push.types.PushStrType object at 0x7f6419125be0>), Literal(value='large', push_type=<pyshgp.push.types.PushStrType object at 0x7f6419125be0>)]
ERC Generators:
[<function rand_int at 0x7f6416d8c670>]
========================================
Start Run
========================================
2021-12-22 20:19:31.009265 | GENERATION: 1 | ERRORS: best=430, median=2478.0, diversity=0.03 | INDIVIDUALS: n=200, avg_genome_length=71.825 | VIRUSES: gene_rate=0.000
2021-12-22 20:19:32.811576 | GENERATION: 2 | ERRORS: best=310, median=462.0, diversity=0.18 | INDIVIDUALS: n=200, avg_genome_length=89.43 | VIRUSES: gene_rate=0.006
2021-12-22 20:19:34.157452 | GENERATION: 3 | ERRORS: best=310, median=430.0, diversity=0.08 | INDIVIDUALS: n=200, avg_genome_length=58.395 | VIRUSES: gene_rate=0.029
2021-12-22 20:19:35.461415 | GENERATION: 4 | ERRORS: best=260, median=430.0, diversity=0.06 | INDIVIDUALS: n=200, avg_genome_length=52.235 | VIRUSES: gene_rate=0.041
2021-12-22 20:19:37.423845 | GENERATION: 5 | ERRORS: best=260, median=310.0, diversity=0.085 | INDIVIDUALS: n=200, avg_genome_length=39.375 | VIRUSES: gene_rate=0.062
2021-12-22 20:19:39.113557 | GENERATION: 6 | ERRORS: best=260, median=343.0, diversity=0.1 | INDIVIDUALS: n=200, avg_genome_length=36.005 | VIRUSES: gene_rate=0.069
2021-12-22 20:19:40.675776 | GENERATION: 7 | ERRORS: best=260, median=310.0, diversity=0.1 | INDIVIDUALS: n=200, avg_genome_length=33.55 | VIRUSES: gene_rate=0.086
2021-12-22 20:19:41.802279 | GENERATION: 8 | ERRORS: best=260, median=310.0, diversity=0.075 | INDIVIDUALS: n=200, avg_genome_length=33.235 | VIRUSES: gene_rate=0.091
2021-12-22 20:19:42.891127 | GENERATION: 9 | ERRORS: best=260, median=310.0, diversity=0.075 | INDIVIDUALS: n=200, avg_genome_length=30.825 | VIRUSES: gene_rate=0.103
2021-12-22 20:19:43.912633 | GENERATION: 10 | ERRORS: best=260, median=310.0, diversity=0.085 | INDIVIDUALS: n=200, avg_genome_length=28.84 | VIRUSES: gene_rate=0.117
2021-12-22 20:19:44.733352 | GENERATION: 11 | ERRORS: best=260, median=310.0, diversity=0.07 | INDIVIDUALS: n=200, avg_genome_length=26.82 | VIRUSES: gene_rate=0.123
2021-12-22 20:19:45.675768 | GENERATION: 12 | ERRORS: best=260, median=310.0, diversity=0.055 | INDIVIDUALS: n=200, avg_genome_length=24.38 | VIRUSES: gene_rate=0.135
2021-12-22 20:19:46.558985 | GENERATION: 13 | ERRORS: best=260, median=310.0, diversity=0.05 | INDIVIDUALS: n=200, avg_genome_length=24.255 | VIRUSES: gene_rate=0.136
2021-12-22 20:19:47.387412 | GENERATION: 14 | ERRORS: best=260, median=310.0, diversity=0.045 | INDIVIDUALS: n=200, avg_genome_length=22.145 | VIRUSES: gene_rate=0.151
2021-12-22 20:19:48.224224 | GENERATION: 15 | ERRORS: best=260, median=310.0, diversity=0.065 | INDIVIDUALS: n=200, avg_genome_length=22.155 | VIRUSES: gene_rate=0.158
2021-12-22 20:19:49.605080 | GENERATION: 16 | ERRORS: best=260, median=310.0, diversity=0.07 | INDIVIDUALS: n=200, avg_genome_length=21.33 | VIRUSES: gene_rate=0.165
2021-12-22 20:19:50.737234 | GENERATION: 17 | ERRORS: best=260, median=310.0, diversity=0.045 | INDIVIDUALS: n=200, avg_genome_length=22.59 | VIRUSES: gene_rate=0.176
2021-12-22 20:19:51.840677 | GENERATION: 18 | ERRORS: best=260, median=310.0, diversity=0.05 | INDIVIDUALS: n=200, avg_genome_length=23.945 | VIRUSES: gene_rate=0.160
2021-12-22 20:19:52.868720 | GENERATION: 19 | ERRORS: best=260, median=310.0, diversity=0.055 | INDIVIDUALS: n=200, avg_genome_length=21.095 | VIRUSES: gene_rate=0.184
2021-12-22 20:19:53.999816 | GENERATION: 20 | ERRORS: best=256, median=310.0, diversity=0.06 | INDIVIDUALS: n=200, avg_genome_length=22.355 | VIRUSES: gene_rate=0.172
2021-12-22 20:19:55.149212 | GENERATION: 21 | ERRORS: best=260, median=310.0, diversity=0.065 | INDIVIDUALS: n=200, avg_genome_length=25.12 | VIRUSES: gene_rate=0.155
2021-12-22 20:19:56.316763 | GENERATION: 22 | ERRORS: best=250, median=430.0, diversity=0.06 | INDIVIDUALS: n=200, avg_genome_length=24.1 | VIRUSES: gene_rate=0.166
2021-12-22 20:20:00.755821 | GENERATION: 23 | ERRORS: best=250, median=310.0, diversity=0.1 | INDIVIDUALS: n=200, avg_genome_length=37.235 | VIRUSES: gene_rate=0.129
2021-12-22 20:20:02.520185 | GENERATION: 24 | ERRORS: best=245, median=310.0, diversity=0.085 | INDIVIDUALS: n=200, avg_genome_length=42.185 | VIRUSES: gene_rate=0.130
2021-12-22 20:20:04.400519 | GENERATION: 25 | ERRORS: best=245, median=310.0, diversity=0.14 | INDIVIDUALS: n=200, avg_genome_length=44.575 | VIRUSES: gene_rate=0.137
2021-12-22 20:20:06.034054 | GENERATION: 26 | ERRORS: best=245, median=310.0, diversity=0.145 | INDIVIDUALS: n=200, avg_genome_length=45.745 | VIRUSES: gene_rate=0.135
2021-12-22 20:20:07.703368 | GENERATION: 27 | ERRORS: best=245, median=310.0, diversity=0.135 | INDIVIDUALS: n=200, avg_genome_length=45.675 | VIRUSES: gene_rate=0.134
2021-12-22 20:20:09.178804 | GENERATION: 28 | ERRORS: best=245, median=310.0, diversity=0.125 | INDIVIDUALS: n=200, avg_genome_length=46.215 | VIRUSES: gene_rate=0.140
2021-12-22 20:20:10.625994 | GENERATION: 29 | ERRORS: best=245, median=310.0, diversity=0.115 | INDIVIDUALS: n=200, avg_genome_length=46.68 | VIRUSES: gene_rate=0.153
2021-12-22 20:20:12.026985 | GENERATION: 30 | ERRORS: best=245, median=310.0, diversity=0.09 | INDIVIDUALS: n=200, avg_genome_length=46.455 | VIRUSES: gene_rate=0.165
2021-12-22 20:20:13.543630 | GENERATION: 31 | ERRORS: best=245, median=310.0, diversity=0.12 | INDIVIDUALS: n=200, avg_genome_length=46.555 | VIRUSES: gene_rate=0.168
2021-12-22 20:20:14.832861 | GENERATION: 32 | ERRORS: best=245, median=310.0, diversity=0.185 | INDIVIDUALS: n=200, avg_genome_length=45.67 | VIRUSES: gene_rate=0.164
2021-12-22 20:20:16.199345 | GENERATION: 33 | ERRORS: best=245, median=335.0, diversity=0.19 | INDIVIDUALS: n=200, avg_genome_length=41.96 | VIRUSES: gene_rate=0.166
2021-12-22 20:20:17.726760 | GENERATION: 34 | ERRORS: best=190, median=310.0, diversity=0.21 | INDIVIDUALS: n=200, avg_genome_length=41.19 | VIRUSES: gene_rate=0.165
2021-12-22 20:20:18.847821 | GENERATION: 35 | ERRORS: best=190, median=310.0, diversity=0.175 | INDIVIDUALS: n=200, avg_genome_length=42.025 | VIRUSES: gene_rate=0.175
2021-12-22 20:20:20.008118 | GENERATION: 36 | ERRORS: best=190, median=310.0, diversity=0.195 | INDIVIDUALS: n=200, avg_genome_length=41.785 | VIRUSES: gene_rate=0.186
2021-12-22 20:20:21.442947 | GENERATION: 37 | ERRORS: best=190, median=310.0, diversity=0.175 | INDIVIDUALS: n=200, avg_genome_length=41.605 | VIRUSES: gene_rate=0.181
2021-12-22 20:20:22.632068 | GENERATION: 38 | ERRORS: best=70, median=310.0, diversity=0.145 | INDIVIDUALS: n=200, avg_genome_length=40.19 | VIRUSES: gene_rate=0.196
2021-12-22 20:20:23.759069 | GENERATION: 39 | ERRORS: best=70, median=310.0, diversity=0.14 | INDIVIDUALS: n=200, avg_genome_length=38.72 | VIRUSES: gene_rate=0.255
2021-12-22 20:20:24.737095 | GENERATION: 40 | ERRORS: best=70, median=310.0, diversity=0.12 | INDIVIDUALS: n=200, avg_genome_length=37.79 | VIRUSES: gene_rate=0.276
2021-12-22 20:20:26.006843 | GENERATION: 41 | ERRORS: best=70, median=430.0, diversity=0.16 | INDIVIDUALS: n=200, avg_genome_length=36.915 | VIRUSES: gene_rate=0.288
2021-12-22 20:20:27.828467 | GENERATION: 42 | ERRORS: best=70, median=430.0, diversity=0.145 | INDIVIDUALS: n=200, avg_genome_length=34.66 | VIRUSES: gene_rate=0.295
2021-12-22 20:20:28.848650 | GENERATION: 43 | ERRORS: best=70, median=430.0, diversity=0.16 | INDIVIDUALS: n=200, avg_genome_length=34.04 | VIRUSES: gene_rate=0.310
2021-12-22 20:20:29.815870 | GENERATION: 44 | ERRORS: best=70, median=310.0, diversity=0.13 | INDIVIDUALS: n=200, avg_genome_length=32.05 | VIRUSES: gene_rate=0.325
2021-12-22 20:20:30.982306 | GENERATION: 45 | ERRORS: best=70, median=430.0, diversity=0.115 | INDIVIDUALS: n=200, avg_genome_length=31.745 | VIRUSES: gene_rate=0.323
2021-12-22 20:20:31.907941 | GENERATION: 46 | ERRORS: best=70, median=430.0, diversity=0.14 | INDIVIDUALS: n=200, avg_genome_length=31.285 | VIRUSES: gene_rate=0.322
2021-12-22 20:20:32.863087 | GENERATION: 47 | ERRORS: best=70, median=310.0, diversity=0.12 | INDIVIDUALS: n=200, avg_genome_length=29.695 | VIRUSES: gene_rate=0.338
2021-12-22 20:20:33.992356 | GENERATION: 48 | ERRORS: best=70, median=430.0, diversity=0.14 | INDIVIDUALS: n=200, avg_genome_length=28.73 | VIRUSES: gene_rate=0.351
2021-12-22 20:20:35.173623 | GENERATION: 49 | ERRORS: best=70, median=310.0, diversity=0.125 | INDIVIDUALS: n=200, avg_genome_length=28.385 | VIRUSES: gene_rate=0.368
2021-12-22 20:20:36.228235 | GENERATION: 50 | ERRORS: best=70, median=430.0, diversity=0.115 | INDIVIDUALS: n=200, avg_genome_length=28.325 | VIRUSES: gene_rate=0.379
2021-12-22 20:20:37.075998 | GENERATION: 51 | ERRORS: best=70, median=376.0, diversity=0.19 | INDIVIDUALS: n=200, avg_genome_length=27.235 | VIRUSES: gene_rate=0.369
2021-12-22 20:20:38.257547 | GENERATION: 52 | ERRORS: best=70, median=430.0, diversity=0.175 | INDIVIDUALS: n=200, avg_genome_length=25.155 | VIRUSES: gene_rate=0.381
2021-12-22 20:20:39.338587 | GENERATION: 53 | ERRORS: best=70, median=430.0, diversity=0.185 | INDIVIDUALS: n=200, avg_genome_length=25.11 | VIRUSES: gene_rate=0.395
2021-12-22 20:20:40.158223 | GENERATION: 54 | ERRORS: best=70, median=430.0, diversity=0.13 | INDIVIDUALS: n=200, avg_genome_length=22.975 | VIRUSES: gene_rate=0.415
2021-12-22 20:20:40.996849 | GENERATION: 55 | ERRORS: best=70, median=430.0, diversity=0.145 | INDIVIDUALS: n=200, avg_genome_length=22.735 | VIRUSES: gene_rate=0.417
2021-12-22 20:20:41.793296 | GENERATION: 56 | ERRORS: best=70, median=430.0, diversity=0.145 | INDIVIDUALS: n=200, avg_genome_length=22.4 | VIRUSES: gene_rate=0.412
2021-12-22 20:20:42.627863 | GENERATION: 57 | ERRORS: best=70, median=430.0, diversity=0.14 | INDIVIDUALS: n=200, avg_genome_length=22.295 | VIRUSES: gene_rate=0.428
2021-12-22 20:20:43.399488 | GENERATION: 58 | ERRORS: best=70, median=430.0, diversity=0.11 | INDIVIDUALS: n=200, avg_genome_length=22.4 | VIRUSES: gene_rate=0.413
2021-12-22 20:20:44.556046 | GENERATION: 59 | ERRORS: best=70, median=430.0, diversity=0.115 | INDIVIDUALS: n=200, avg_genome_length=21.66 | VIRUSES: gene_rate=0.416
2021-12-22 20:20:45.526842 | GENERATION: 60 | ERRORS: best=70, median=430.0, diversity=0.135 | INDIVIDUALS: n=200, avg_genome_length=21.3 | VIRUSES: gene_rate=0.416
2021-12-22 20:20:46.530279 | GENERATION: 61 | ERRORS: best=70, median=430.0, diversity=0.125 | INDIVIDUALS: n=200, avg_genome_length=22.48 | VIRUSES: gene_rate=0.395
2021-12-22 20:20:47.525469 | GENERATION: 62 | ERRORS: best=70, median=430.0, diversity=0.13 | INDIVIDUALS: n=200, avg_genome_length=22.5 | VIRUSES: gene_rate=0.388
Simplifying genome of length 19 with total error 0.
Simplified genome by 2 to length 17.
Simplified genome by 1 to length 16.
Simplified genome by 1 to length 15.
Simplified genome by 1 to length 14.
Simplified genome by 1 to length 13.
Simplified genome to length 13 and total error 0.
========================================
End Run
========================================
Solution found.
Best Seen Individual
	Genome:
	 pvector([VirusInput(input_index=0), VirusLiteral(value=2000, push_type=<pyshgp.push.types.PushIntType object at 0x7f6416ada5b0>), VirusInstructionMeta(name='int_gte', code_blocks=0), VirusInput(input_index=0), VirusLiteral(value=1000, push_type=<pyshgp.push.types.PushIntType object at 0x7f6416ada760>), VirusInstructionMeta(name='int_lt', code_blocks=0), VirusInstructionMeta(name='exec_if', code_blocks=2), VirusLiteral(value='small', push_type=<pyshgp.push.types.PushStrType object at 0x7f6416ada190>), VirusInstructionMeta(name='print_str', code_blocks=0), Closer(), VirusLiteral(value='large', push_type=<pyshgp.push.types.PushStrType object at 0x7f6416adac70>), VirusInstructionMeta(name='exec_if', code_blocks=2), VirusInstructionMeta(name='print_str', code_blocks=0)])
	Program:
	 (vinput_0 v2000 vint_gte vinput_0 v1000 vint_lt vexec_if (v"small" vprint_str) (v"large" vexec_if (vprint_str) ()))
	Error vector:
	 [0 0 0 0 0 0 0 0 0 0 0 0 0 0 0 0 0 0 0 0 0 0 0 0 0 0 0 0 0 0 0 0 0 0 0 0 0
 0 0 0 0 0 0 0 0 0 0 0 0 0 0 0 0 0 0 0 0 0 0 0 0 0 0 0 0 0 0 0 0 0 0 0 0 0
 0 0 0 0 0 0 0 0 0 0 0 0 0 0 0 0 0 0 0 0 0 0 0 0 0 0]
	Total error:
	 0
	Test error:
	 0
	Time:
	 00:01:33
