Included 27 edge cases.
Included 73 random cases.
Included 100 cases in total.
Finished formatting.
Included 0 edge cases.
Included 1000 random cases.
Included 1000 cases in total.
Finished formatting.
========================================
Setup
========================================
Search Configuration:
signature: ProgramSignature(push_config=PushConfig(runtime_limit=10, numeric_magnitude_limit=1000000000000.0, collection_size_cap=1000, growth_cap=500, step_limit=300), output_stacks=['stdout'], arity=1)
evaluator: <pyshgp.gp.evaluation.DatasetEvaluator object at 0x7f9a86308e80>
spawner: <pyshgp.gp.genome.GeneSpawner object at 0x7f9a863087c0>
population_size: 200
max_generations: 300
error_threshold: 0.0
initial_genome_size: (20, 100)
simplification_steps: 500
parallel_context: <pyshgp.gp.search.ParallelContext object at 0x7f9a86308fd0>
selection: <pyshgp.utils.DiscreteProbDistrib object at 0x7f9a840b2a00>
variation: <pyshgp.utils.DiscreteProbDistrib object at 0x7f9a83f68880>
Instructions:
int_add, int_sub, int_mult, int_div, int_mod, int_min, int_max, int_inc, int_dec, int_lt, int_lte, int_gt, int_gte, int_from_bool, str_concat, str_insert_str, str_from_first_char, str_from_last_char, str_from_nth_char, str_contains_str, str_index_of_str, str_split_on_str, str_replace_first_str, str_replace_n_str, str_replace_all_str, str_remove_first_str, str_remove_n_str, str_remove_all_str, str_occurrences_of_str, str_reverse, str_head, str_tail, str_rest, str_but_last, str_drop, str_but_last_n, str_length, str_make_empty, str_is_empty_string, str_remove_nth, str_strip_whitespace, str_from_bool, str_from_int, bool_and, bool_or, bool_not, bool_xor, bool_invert_first_then_and, bool_second_first_then_and, bool_from_int, noop, noop_open, exec_do_range, exec_do_count, exec_while, exec_do_while, exec_if, exec_when, print_bool, println_bool, print_int, println_int, print_str, println_str, print_exec, println_exec, bool_pop, bool_dup, bool_dup_times, bool_swap, bool_rot, bool_flush, bool_eq, bool_stack_depth, bool_yank, bool_yank_dup, bool_shove, bool_shove_dup, bool_is_empty, int_pop, int_dup, int_dup_times, int_swap, int_rot, int_flush, int_eq, int_stack_depth, int_yank, int_yank_dup, int_shove, int_shove_dup, int_is_empty, str_pop, str_dup, str_dup_times, str_swap, str_rot, str_flush, str_eq, str_stack_depth, str_yank, str_yank_dup, str_shove, str_shove_dup, str_is_empty, exec_pop, exec_dup, exec_dup_times, exec_swap, exec_rot, exec_flush, exec_eq, exec_stack_depth, exec_yank, exec_yank_dup, exec_shove, exec_shove_dup, exec_is_empty
Literals:
[Literal(value='small', push_type=<pyshgp.push.types.PushStrType object at 0x7f9a8644fb80>), Literal(value='large', push_type=<pyshgp.push.types.PushStrType object at 0x7f9a8644fb80>)]
ERC Generators:
[<function rand_int at 0x7f9a8404b670>]
========================================
Start Run
========================================
2021-12-20 19:19:07.055263 | GENERATION: 1 | ERRORS: best=420, median=479.0, diversity=0.035 | INDIVIDUALS: n=200, avg_genome_length=62.4 | VIRUSES: gene_rate=0.000
2021-12-20 19:19:08.738712 | GENERATION: 2 | ERRORS: best=379, median=479.0, diversity=0.07 | INDIVIDUALS: n=200, avg_genome_length=75.35 | VIRUSES: gene_rate=0.000
2021-12-20 19:19:09.936795 | GENERATION: 3 | ERRORS: best=265, median=420.0, diversity=0.07 | INDIVIDUALS: n=200, avg_genome_length=75.275 | VIRUSES: gene_rate=0.000
2021-12-20 19:19:11.185437 | GENERATION: 4 | ERRORS: best=265, median=410.0, diversity=0.105 | INDIVIDUALS: n=200, avg_genome_length=75.125 | VIRUSES: gene_rate=0.000
2021-12-20 19:19:12.762580 | GENERATION: 5 | ERRORS: best=265, median=379.0, diversity=0.125 | INDIVIDUALS: n=200, avg_genome_length=75.29 | VIRUSES: gene_rate=0.000
2021-12-20 19:19:14.488100 | GENERATION: 6 | ERRORS: best=265, median=415.0, diversity=0.135 | INDIVIDUALS: n=200, avg_genome_length=75.97 | VIRUSES: gene_rate=0.000
2021-12-20 19:19:16.222221 | GENERATION: 7 | ERRORS: best=265, median=363.0, diversity=0.11 | INDIVIDUALS: n=200, avg_genome_length=75.85 | VIRUSES: gene_rate=0.000
2021-12-20 19:19:17.985159 | GENERATION: 8 | ERRORS: best=265, median=381.0, diversity=0.135 | INDIVIDUALS: n=200, avg_genome_length=75.495 | VIRUSES: gene_rate=0.000
2021-12-20 19:19:19.798841 | GENERATION: 9 | ERRORS: best=265, median=315.0, diversity=0.125 | INDIVIDUALS: n=200, avg_genome_length=70.735 | VIRUSES: gene_rate=0.000
2021-12-20 19:19:21.379304 | GENERATION: 10 | ERRORS: best=265, median=315.0, diversity=0.155 | INDIVIDUALS: n=200, avg_genome_length=69.935 | VIRUSES: gene_rate=0.000
2021-12-20 19:19:23.146920 | GENERATION: 11 | ERRORS: best=265, median=315.0, diversity=0.12 | INDIVIDUALS: n=200, avg_genome_length=69.32 | VIRUSES: gene_rate=0.000
2021-12-20 19:19:24.858384 | GENERATION: 12 | ERRORS: best=265, median=315.0, diversity=0.13 | INDIVIDUALS: n=200, avg_genome_length=68.35 | VIRUSES: gene_rate=0.000
2021-12-20 19:19:26.623268 | GENERATION: 13 | ERRORS: best=265, median=315.0, diversity=0.155 | INDIVIDUALS: n=200, avg_genome_length=67.845 | VIRUSES: gene_rate=0.000
2021-12-20 19:19:28.417172 | GENERATION: 14 | ERRORS: best=259, median=315.0, diversity=0.145 | INDIVIDUALS: n=200, avg_genome_length=67.045 | VIRUSES: gene_rate=0.000
2021-12-20 19:19:30.236092 | GENERATION: 15 | ERRORS: best=265, median=315.0, diversity=0.11 | INDIVIDUALS: n=200, avg_genome_length=66.365 | VIRUSES: gene_rate=0.000
2021-12-20 19:19:32.274219 | GENERATION: 16 | ERRORS: best=265, median=315.0, diversity=0.14 | INDIVIDUALS: n=200, avg_genome_length=66.955 | VIRUSES: gene_rate=0.000
2021-12-20 19:19:34.051327 | GENERATION: 17 | ERRORS: best=265, median=315.0, diversity=0.15 | INDIVIDUALS: n=200, avg_genome_length=66.545 | VIRUSES: gene_rate=0.000
2021-12-20 19:19:35.901575 | GENERATION: 18 | ERRORS: best=265, median=315.0, diversity=0.12 | INDIVIDUALS: n=200, avg_genome_length=67.33 | VIRUSES: gene_rate=0.000
2021-12-20 19:19:37.764441 | GENERATION: 19 | ERRORS: best=265, median=315.0, diversity=0.13 | INDIVIDUALS: n=200, avg_genome_length=66.21 | VIRUSES: gene_rate=0.000
2021-12-20 19:19:39.744779 | GENERATION: 20 | ERRORS: best=259, median=315.0, diversity=0.16 | INDIVIDUALS: n=200, avg_genome_length=66.305 | VIRUSES: gene_rate=0.000
2021-12-20 19:19:41.794850 | GENERATION: 21 | ERRORS: best=265, median=315.0, diversity=0.165 | INDIVIDUALS: n=200, avg_genome_length=65.52 | VIRUSES: gene_rate=0.000
2021-12-20 19:19:43.897758 | GENERATION: 22 | ERRORS: best=265, median=315.0, diversity=0.165 | INDIVIDUALS: n=200, avg_genome_length=66.35 | VIRUSES: gene_rate=0.000
2021-12-20 19:19:45.999583 | GENERATION: 23 | ERRORS: best=265, median=315.0, diversity=0.17 | INDIVIDUALS: n=200, avg_genome_length=65.37 | VIRUSES: gene_rate=0.000
2021-12-20 19:19:48.158687 | GENERATION: 24 | ERRORS: best=265, median=315.0, diversity=0.16 | INDIVIDUALS: n=200, avg_genome_length=64.065 | VIRUSES: gene_rate=0.000
2021-12-20 19:19:49.993959 | GENERATION: 25 | ERRORS: best=265, median=315.0, diversity=0.15 | INDIVIDUALS: n=200, avg_genome_length=63.165 | VIRUSES: gene_rate=0.000
2021-12-20 19:19:51.817692 | GENERATION: 26 | ERRORS: best=265, median=315.0, diversity=0.175 | INDIVIDUALS: n=200, avg_genome_length=63.425 | VIRUSES: gene_rate=0.000
2021-12-20 19:19:53.981541 | GENERATION: 27 | ERRORS: best=259, median=315.0, diversity=0.135 | INDIVIDUALS: n=200, avg_genome_length=64.04 | VIRUSES: gene_rate=0.000
2021-12-20 19:19:55.919148 | GENERATION: 28 | ERRORS: best=259, median=315.0, diversity=0.14 | INDIVIDUALS: n=200, avg_genome_length=63.965 | VIRUSES: gene_rate=0.000
2021-12-20 19:19:57.819510 | GENERATION: 29 | ERRORS: best=225, median=315.0, diversity=0.135 | INDIVIDUALS: n=200, avg_genome_length=63.51 | VIRUSES: gene_rate=0.000
2021-12-20 19:19:59.454924 | GENERATION: 30 | ERRORS: best=225, median=315.0, diversity=0.145 | INDIVIDUALS: n=200, avg_genome_length=63.925 | VIRUSES: gene_rate=0.000
2021-12-20 19:20:00.973494 | GENERATION: 31 | ERRORS: best=225, median=315.0, diversity=0.13 | INDIVIDUALS: n=200, avg_genome_length=64.49 | VIRUSES: gene_rate=0.000
2021-12-20 19:20:02.882473 | GENERATION: 32 | ERRORS: best=212, median=315.0, diversity=0.125 | INDIVIDUALS: n=200, avg_genome_length=64.105 | VIRUSES: gene_rate=0.000
2021-12-20 19:20:04.682622 | GENERATION: 33 | ERRORS: best=212, median=315.0, diversity=0.165 | INDIVIDUALS: n=200, avg_genome_length=63.81 | VIRUSES: gene_rate=0.000
2021-12-20 19:20:06.361645 | GENERATION: 34 | ERRORS: best=212, median=315.0, diversity=0.185 | INDIVIDUALS: n=200, avg_genome_length=63.73 | VIRUSES: gene_rate=0.000
2021-12-20 19:20:08.107929 | GENERATION: 35 | ERRORS: best=204, median=315.0, diversity=0.155 | INDIVIDUALS: n=200, avg_genome_length=62.695 | VIRUSES: gene_rate=0.000
2021-12-20 19:20:10.484178 | GENERATION: 36 | ERRORS: best=196, median=315.0, diversity=0.185 | INDIVIDUALS: n=200, avg_genome_length=62.365 | VIRUSES: gene_rate=0.000
2021-12-20 19:20:12.038450 | GENERATION: 37 | ERRORS: best=196, median=315.0, diversity=0.13 | INDIVIDUALS: n=200, avg_genome_length=60.1 | VIRUSES: gene_rate=0.000
2021-12-20 19:20:14.615052 | GENERATION: 38 | ERRORS: best=196, median=315.0, diversity=0.17 | INDIVIDUALS: n=200, avg_genome_length=59.67 | VIRUSES: gene_rate=0.000
2021-12-20 19:20:16.734788 | GENERATION: 39 | ERRORS: best=120, median=315.0, diversity=0.165 | INDIVIDUALS: n=200, avg_genome_length=59.695 | VIRUSES: gene_rate=0.000
2021-12-20 19:20:19.634530 | GENERATION: 40 | ERRORS: best=120, median=265.0, diversity=0.195 | INDIVIDUALS: n=200, avg_genome_length=60.15 | VIRUSES: gene_rate=0.000
2021-12-20 19:20:22.850781 | GENERATION: 41 | ERRORS: best=120, median=265.0, diversity=0.24 | INDIVIDUALS: n=200, avg_genome_length=59.815 | VIRUSES: gene_rate=0.000
2021-12-20 19:20:25.802711 | GENERATION: 42 | ERRORS: best=120, median=265.0, diversity=0.225 | INDIVIDUALS: n=200, avg_genome_length=58.88 | VIRUSES: gene_rate=0.000
2021-12-20 19:20:28.801325 | GENERATION: 43 | ERRORS: best=120, median=265.0, diversity=0.245 | INDIVIDUALS: n=200, avg_genome_length=58.04 | VIRUSES: gene_rate=0.000
2021-12-20 19:20:32.235861 | GENERATION: 44 | ERRORS: best=120, median=265.0, diversity=0.22 | INDIVIDUALS: n=200, avg_genome_length=57.41 | VIRUSES: gene_rate=0.000
2021-12-20 19:20:35.378361 | GENERATION: 45 | ERRORS: best=120, median=265.0, diversity=0.245 | INDIVIDUALS: n=200, avg_genome_length=57.015 | VIRUSES: gene_rate=0.000
2021-12-20 19:20:38.683424 | GENERATION: 46 | ERRORS: best=120, median=238.5, diversity=0.255 | INDIVIDUALS: n=200, avg_genome_length=56.92 | VIRUSES: gene_rate=0.000
2021-12-20 19:20:41.867233 | GENERATION: 47 | ERRORS: best=120, median=232.5, diversity=0.27 | INDIVIDUALS: n=200, avg_genome_length=56.24 | VIRUSES: gene_rate=0.000
2021-12-20 19:20:45.222706 | GENERATION: 48 | ERRORS: best=120, median=236.0, diversity=0.3 | INDIVIDUALS: n=200, avg_genome_length=56.18 | VIRUSES: gene_rate=0.000
2021-12-20 19:20:47.253181 | GENERATION: 49 | ERRORS: best=120, median=239.0, diversity=0.305 | INDIVIDUALS: n=200, avg_genome_length=54.835 | VIRUSES: gene_rate=0.000
2021-12-20 19:20:50.340519 | GENERATION: 50 | ERRORS: best=120, median=265.0, diversity=0.395 | INDIVIDUALS: n=200, avg_genome_length=55.8 | VIRUSES: gene_rate=0.000
2021-12-20 19:20:53.557943 | GENERATION: 51 | ERRORS: best=120, median=252.0, diversity=0.345 | INDIVIDUALS: n=200, avg_genome_length=55.165 | VIRUSES: gene_rate=0.000
2021-12-20 19:20:55.456250 | GENERATION: 52 | ERRORS: best=120, median=265.0, diversity=0.335 | INDIVIDUALS: n=200, avg_genome_length=54.87 | VIRUSES: gene_rate=0.000
2021-12-20 19:20:58.291827 | GENERATION: 53 | ERRORS: best=120, median=265.0, diversity=0.385 | INDIVIDUALS: n=200, avg_genome_length=54.79 | VIRUSES: gene_rate=0.000
2021-12-20 19:21:01.314048 | GENERATION: 54 | ERRORS: best=120, median=250.0, diversity=0.29 | INDIVIDUALS: n=200, avg_genome_length=54.61 | VIRUSES: gene_rate=0.000
2021-12-20 19:21:04.579238 | GENERATION: 55 | ERRORS: best=120, median=265.0, diversity=0.36 | INDIVIDUALS: n=200, avg_genome_length=54.105 | VIRUSES: gene_rate=0.000
2021-12-20 19:21:06.968252 | GENERATION: 56 | ERRORS: best=120, median=246.0, diversity=0.32 | INDIVIDUALS: n=200, avg_genome_length=52.86 | VIRUSES: gene_rate=0.000
2021-12-20 19:21:08.594073 | GENERATION: 57 | ERRORS: best=120, median=240.5, diversity=0.355 | INDIVIDUALS: n=200, avg_genome_length=53.825 | VIRUSES: gene_rate=0.000
2021-12-20 19:21:10.371170 | GENERATION: 58 | ERRORS: best=120, median=250.5, diversity=0.42 | INDIVIDUALS: n=200, avg_genome_length=53.44 | VIRUSES: gene_rate=0.000
2021-12-20 19:21:12.220217 | GENERATION: 59 | ERRORS: best=120, median=265.0, diversity=0.395 | INDIVIDUALS: n=200, avg_genome_length=54.36 | VIRUSES: gene_rate=0.000
2021-12-20 19:21:14.188965 | GENERATION: 60 | ERRORS: best=100, median=265.0, diversity=0.37 | INDIVIDUALS: n=200, avg_genome_length=55.315 | VIRUSES: gene_rate=0.000
2021-12-20 19:21:16.255519 | GENERATION: 61 | ERRORS: best=100, median=265.0, diversity=0.33 | INDIVIDUALS: n=200, avg_genome_length=56.01 | VIRUSES: gene_rate=0.000
2021-12-20 19:21:18.414088 | GENERATION: 62 | ERRORS: best=100, median=265.0, diversity=0.355 | INDIVIDUALS: n=200, avg_genome_length=54.865 | VIRUSES: gene_rate=0.000
2021-12-20 19:21:20.487206 | GENERATION: 63 | ERRORS: best=100, median=265.0, diversity=0.37 | INDIVIDUALS: n=200, avg_genome_length=54.77 | VIRUSES: gene_rate=0.000
2021-12-20 19:21:22.674698 | GENERATION: 64 | ERRORS: best=100, median=265.0, diversity=0.32 | INDIVIDUALS: n=200, avg_genome_length=54.32 | VIRUSES: gene_rate=0.000
2021-12-20 19:21:25.624968 | GENERATION: 65 | ERRORS: best=80, median=265.0, diversity=0.365 | INDIVIDUALS: n=200, avg_genome_length=54.025 | VIRUSES: gene_rate=0.000
2021-12-20 19:21:27.738683 | GENERATION: 66 | ERRORS: best=80, median=265.0, diversity=0.34 | INDIVIDUALS: n=200, avg_genome_length=53.365 | VIRUSES: gene_rate=0.000
2021-12-20 19:21:29.861907 | GENERATION: 67 | ERRORS: best=80, median=265.0, diversity=0.305 | INDIVIDUALS: n=200, avg_genome_length=54.19 | VIRUSES: gene_rate=0.000
2021-12-20 19:21:33.931603 | GENERATION: 68 | ERRORS: best=80, median=265.0, diversity=0.32 | INDIVIDUALS: n=200, avg_genome_length=53.94 | VIRUSES: gene_rate=0.000
2021-12-20 19:21:39.862109 | GENERATION: 69 | ERRORS: best=80, median=265.0, diversity=0.335 | INDIVIDUALS: n=200, avg_genome_length=54.055 | VIRUSES: gene_rate=0.000
2021-12-20 19:21:42.186012 | GENERATION: 70 | ERRORS: best=80, median=265.0, diversity=0.275 | INDIVIDUALS: n=200, avg_genome_length=54.09 | VIRUSES: gene_rate=0.000
2021-12-20 19:21:45.636193 | GENERATION: 71 | ERRORS: best=80, median=265.0, diversity=0.295 | INDIVIDUALS: n=200, avg_genome_length=54.03 | VIRUSES: gene_rate=0.000
2021-12-20 19:21:49.342709 | GENERATION: 72 | ERRORS: best=80, median=265.0, diversity=0.37 | INDIVIDUALS: n=200, avg_genome_length=54.215 | VIRUSES: gene_rate=0.000
2021-12-20 19:21:52.668110 | GENERATION: 73 | ERRORS: best=80, median=265.0, diversity=0.365 | INDIVIDUALS: n=200, avg_genome_length=54.665 | VIRUSES: gene_rate=0.000
2021-12-20 19:21:56.186245 | GENERATION: 74 | ERRORS: best=80, median=265.0, diversity=0.305 | INDIVIDUALS: n=200, avg_genome_length=53.63 | VIRUSES: gene_rate=0.000
2021-12-20 19:21:59.458043 | GENERATION: 75 | ERRORS: best=80, median=262.0, diversity=0.32 | INDIVIDUALS: n=200, avg_genome_length=53.25 | VIRUSES: gene_rate=0.000
2021-12-20 19:22:03.189747 | GENERATION: 76 | ERRORS: best=80, median=265.0, diversity=0.295 | INDIVIDUALS: n=200, avg_genome_length=52.85 | VIRUSES: gene_rate=0.000
2021-12-20 19:22:07.057027 | GENERATION: 77 | ERRORS: best=80, median=265.0, diversity=0.375 | INDIVIDUALS: n=200, avg_genome_length=52.68 | VIRUSES: gene_rate=0.000
2021-12-20 19:22:10.480813 | GENERATION: 78 | ERRORS: best=80, median=225.0, diversity=0.355 | INDIVIDUALS: n=200, avg_genome_length=52.92 | VIRUSES: gene_rate=0.000
2021-12-20 19:22:14.314384 | GENERATION: 79 | ERRORS: best=80, median=265.0, diversity=0.375 | INDIVIDUALS: n=200, avg_genome_length=51.585 | VIRUSES: gene_rate=0.000
2021-12-20 19:22:18.196452 | GENERATION: 80 | ERRORS: best=80, median=265.0, diversity=0.295 | INDIVIDUALS: n=200, avg_genome_length=50.51 | VIRUSES: gene_rate=0.000
2021-12-20 19:22:21.695993 | GENERATION: 81 | ERRORS: best=80, median=265.0, diversity=0.275 | INDIVIDUALS: n=200, avg_genome_length=50.35 | VIRUSES: gene_rate=0.000
2021-12-20 19:22:24.043061 | GENERATION: 82 | ERRORS: best=80, median=265.0, diversity=0.245 | INDIVIDUALS: n=200, avg_genome_length=50.29 | VIRUSES: gene_rate=0.000
2021-12-20 19:22:26.350230 | GENERATION: 83 | ERRORS: best=80, median=265.0, diversity=0.315 | INDIVIDUALS: n=200, avg_genome_length=49.825 | VIRUSES: gene_rate=0.000
2021-12-20 19:22:28.940328 | GENERATION: 84 | ERRORS: best=80, median=265.0, diversity=0.265 | INDIVIDUALS: n=200, avg_genome_length=49.665 | VIRUSES: gene_rate=0.000
2021-12-20 19:22:32.457226 | GENERATION: 85 | ERRORS: best=80, median=265.0, diversity=0.28 | INDIVIDUALS: n=200, avg_genome_length=48.71 | VIRUSES: gene_rate=0.000
2021-12-20 19:22:34.912377 | GENERATION: 86 | ERRORS: best=80, median=265.0, diversity=0.305 | INDIVIDUALS: n=200, avg_genome_length=49.165 | VIRUSES: gene_rate=0.000
2021-12-20 19:22:37.069957 | GENERATION: 87 | ERRORS: best=80, median=265.0, diversity=0.315 | INDIVIDUALS: n=200, avg_genome_length=48.855 | VIRUSES: gene_rate=0.000
2021-12-20 19:22:40.332996 | GENERATION: 88 | ERRORS: best=80, median=265.0, diversity=0.33 | INDIVIDUALS: n=200, avg_genome_length=47.995 | VIRUSES: gene_rate=0.000
2021-12-20 19:22:43.549178 | GENERATION: 89 | ERRORS: best=80, median=265.0, diversity=0.315 | INDIVIDUALS: n=200, avg_genome_length=48.76 | VIRUSES: gene_rate=0.000
2021-12-20 19:22:45.779363 | GENERATION: 90 | ERRORS: best=80, median=265.0, diversity=0.315 | INDIVIDUALS: n=200, avg_genome_length=48.945 | VIRUSES: gene_rate=0.000
2021-12-20 19:22:48.792551 | GENERATION: 91 | ERRORS: best=80, median=265.0, diversity=0.31 | INDIVIDUALS: n=200, avg_genome_length=48.635 | VIRUSES: gene_rate=0.000
2021-12-20 19:22:52.583822 | GENERATION: 92 | ERRORS: best=80, median=265.0, diversity=0.345 | INDIVIDUALS: n=200, avg_genome_length=49.035 | VIRUSES: gene_rate=0.000
2021-12-20 19:22:55.175617 | GENERATION: 93 | ERRORS: best=80, median=265.0, diversity=0.295 | INDIVIDUALS: n=200, avg_genome_length=49.14 | VIRUSES: gene_rate=0.000
2021-12-20 19:22:58.369473 | GENERATION: 94 | ERRORS: best=80, median=265.0, diversity=0.27 | INDIVIDUALS: n=200, avg_genome_length=49.745 | VIRUSES: gene_rate=0.000
2021-12-20 19:23:01.750508 | GENERATION: 95 | ERRORS: best=80, median=265.0, diversity=0.28 | INDIVIDUALS: n=200, avg_genome_length=49.295 | VIRUSES: gene_rate=0.000
2021-12-20 19:23:04.600974 | GENERATION: 96 | ERRORS: best=80, median=265.0, diversity=0.31 | INDIVIDUALS: n=200, avg_genome_length=48.94 | VIRUSES: gene_rate=0.000
2021-12-20 19:23:08.128514 | GENERATION: 97 | ERRORS: best=80, median=262.5, diversity=0.32 | INDIVIDUALS: n=200, avg_genome_length=49.26 | VIRUSES: gene_rate=0.000
2021-12-20 19:23:11.068276 | GENERATION: 98 | ERRORS: best=80, median=265.0, diversity=0.315 | INDIVIDUALS: n=200, avg_genome_length=49.98 | VIRUSES: gene_rate=0.000
2021-12-20 19:23:14.904541 | GENERATION: 99 | ERRORS: best=80, median=265.0, diversity=0.295 | INDIVIDUALS: n=200, avg_genome_length=49.81 | VIRUSES: gene_rate=0.000
2021-12-20 19:23:18.275926 | GENERATION: 100 | ERRORS: best=80, median=265.0, diversity=0.36 | INDIVIDUALS: n=200, avg_genome_length=49.665 | VIRUSES: gene_rate=0.000
2021-12-20 19:23:20.450478 | GENERATION: 101 | ERRORS: best=80, median=265.0, diversity=0.33 | INDIVIDUALS: n=200, avg_genome_length=49.07 | VIRUSES: gene_rate=0.000
2021-12-20 19:23:22.951436 | GENERATION: 102 | ERRORS: best=80, median=265.0, diversity=0.375 | INDIVIDUALS: n=200, avg_genome_length=49.445 | VIRUSES: gene_rate=0.000
2021-12-20 19:23:25.650692 | GENERATION: 103 | ERRORS: best=80, median=240.0, diversity=0.35 | INDIVIDUALS: n=200, avg_genome_length=49.535 | VIRUSES: gene_rate=0.000
2021-12-20 19:23:28.542644 | GENERATION: 104 | ERRORS: best=80, median=265.0, diversity=0.36 | INDIVIDUALS: n=200, avg_genome_length=49.23 | VIRUSES: gene_rate=0.000
2021-12-20 19:23:31.990147 | GENERATION: 105 | ERRORS: best=80, median=265.0, diversity=0.39 | INDIVIDUALS: n=200, avg_genome_length=48.98 | VIRUSES: gene_rate=0.000
2021-12-20 19:23:35.460352 | GENERATION: 106 | ERRORS: best=80, median=265.0, diversity=0.3 | INDIVIDUALS: n=200, avg_genome_length=48.295 | VIRUSES: gene_rate=0.000
2021-12-20 19:23:38.472205 | GENERATION: 107 | ERRORS: best=80, median=265.0, diversity=0.3 | INDIVIDUALS: n=200, avg_genome_length=47.735 | VIRUSES: gene_rate=0.000
2021-12-20 19:23:42.131007 | GENERATION: 108 | ERRORS: best=80, median=246.5, diversity=0.335 | INDIVIDUALS: n=200, avg_genome_length=48.37 | VIRUSES: gene_rate=0.000
2021-12-20 19:23:45.451536 | GENERATION: 109 | ERRORS: best=80, median=251.5, diversity=0.29 | INDIVIDUALS: n=200, avg_genome_length=47.53 | VIRUSES: gene_rate=0.000
2021-12-20 19:23:48.794842 | GENERATION: 110 | ERRORS: best=80, median=265.0, diversity=0.28 | INDIVIDUALS: n=200, avg_genome_length=47.895 | VIRUSES: gene_rate=0.000
2021-12-20 19:23:52.279776 | GENERATION: 111 | ERRORS: best=80, median=265.0, diversity=0.315 | INDIVIDUALS: n=200, avg_genome_length=48.295 | VIRUSES: gene_rate=0.000
2021-12-20 19:23:55.398451 | GENERATION: 112 | ERRORS: best=80, median=265.0, diversity=0.305 | INDIVIDUALS: n=200, avg_genome_length=48.195 | VIRUSES: gene_rate=0.000
2021-12-20 19:23:59.047051 | GENERATION: 113 | ERRORS: best=80, median=225.0, diversity=0.335 | INDIVIDUALS: n=200, avg_genome_length=49.63 | VIRUSES: gene_rate=0.000
2021-12-20 19:24:02.332611 | GENERATION: 114 | ERRORS: best=80, median=265.0, diversity=0.32 | INDIVIDUALS: n=200, avg_genome_length=49.09 | VIRUSES: gene_rate=0.000
2021-12-20 19:24:05.433604 | GENERATION: 115 | ERRORS: best=80, median=229.0, diversity=0.285 | INDIVIDUALS: n=200, avg_genome_length=49.25 | VIRUSES: gene_rate=0.000
2021-12-20 19:24:09.322706 | GENERATION: 116 | ERRORS: best=80, median=265.0, diversity=0.3 | INDIVIDUALS: n=200, avg_genome_length=49.98 | VIRUSES: gene_rate=0.000
2021-12-20 19:24:12.458156 | GENERATION: 117 | ERRORS: best=80, median=265.0, diversity=0.315 | INDIVIDUALS: n=200, avg_genome_length=50.545 | VIRUSES: gene_rate=0.000
2021-12-20 19:24:16.659426 | GENERATION: 118 | ERRORS: best=80, median=265.0, diversity=0.3 | INDIVIDUALS: n=200, avg_genome_length=51.03 | VIRUSES: gene_rate=0.000
2021-12-20 19:24:19.823236 | GENERATION: 119 | ERRORS: best=80, median=265.0, diversity=0.31 | INDIVIDUALS: n=200, avg_genome_length=51.305 | VIRUSES: gene_rate=0.000
2021-12-20 19:24:22.746586 | GENERATION: 120 | ERRORS: best=80, median=225.0, diversity=0.29 | INDIVIDUALS: n=200, avg_genome_length=50.96 | VIRUSES: gene_rate=0.000
2021-12-20 19:24:26.160603 | GENERATION: 121 | ERRORS: best=80, median=240.0, diversity=0.25 | INDIVIDUALS: n=200, avg_genome_length=49.935 | VIRUSES: gene_rate=0.000
2021-12-20 19:24:29.935546 | GENERATION: 122 | ERRORS: best=80, median=225.0, diversity=0.27 | INDIVIDUALS: n=200, avg_genome_length=50.33 | VIRUSES: gene_rate=0.000
2021-12-20 19:24:33.028844 | GENERATION: 123 | ERRORS: best=80, median=225.0, diversity=0.25 | INDIVIDUALS: n=200, avg_genome_length=49.61 | VIRUSES: gene_rate=0.000
2021-12-20 19:24:35.342069 | GENERATION: 124 | ERRORS: best=80, median=265.0, diversity=0.345 | INDIVIDUALS: n=200, avg_genome_length=50.07 | VIRUSES: gene_rate=0.000
2021-12-20 19:24:38.804082 | GENERATION: 125 | ERRORS: best=80, median=265.0, diversity=0.25 | INDIVIDUALS: n=200, avg_genome_length=48.68 | VIRUSES: gene_rate=0.000
2021-12-20 19:24:42.895110 | GENERATION: 126 | ERRORS: best=80, median=265.0, diversity=0.295 | INDIVIDUALS: n=200, avg_genome_length=49.335 | VIRUSES: gene_rate=0.000
2021-12-20 19:24:44.994712 | GENERATION: 127 | ERRORS: best=80, median=265.0, diversity=0.29 | INDIVIDUALS: n=200, avg_genome_length=47.985 | VIRUSES: gene_rate=0.000
2021-12-20 19:24:48.137392 | GENERATION: 128 | ERRORS: best=80, median=265.0, diversity=0.3 | INDIVIDUALS: n=200, avg_genome_length=47.975 | VIRUSES: gene_rate=0.000
2021-12-20 19:24:50.469473 | GENERATION: 129 | ERRORS: best=80, median=265.0, diversity=0.26 | INDIVIDUALS: n=200, avg_genome_length=48.535 | VIRUSES: gene_rate=0.000
2021-12-20 19:24:53.448360 | GENERATION: 130 | ERRORS: best=80, median=265.0, diversity=0.28 | INDIVIDUALS: n=200, avg_genome_length=48.91 | VIRUSES: gene_rate=0.000
2021-12-20 19:24:56.916650 | GENERATION: 131 | ERRORS: best=80, median=265.0, diversity=0.275 | INDIVIDUALS: n=200, avg_genome_length=49.41 | VIRUSES: gene_rate=0.000
2021-12-20 19:24:59.175858 | GENERATION: 132 | ERRORS: best=80, median=262.5, diversity=0.285 | INDIVIDUALS: n=200, avg_genome_length=48.97 | VIRUSES: gene_rate=0.000
2021-12-20 19:25:02.678747 | GENERATION: 133 | ERRORS: best=80, median=265.0, diversity=0.255 | INDIVIDUALS: n=200, avg_genome_length=48.375 | VIRUSES: gene_rate=0.000
2021-12-20 19:25:05.562430 | GENERATION: 134 | ERRORS: best=80, median=265.0, diversity=0.285 | INDIVIDUALS: n=200, avg_genome_length=46.675 | VIRUSES: gene_rate=0.000
2021-12-20 19:25:11.260414 | GENERATION: 135 | ERRORS: best=80, median=265.0, diversity=0.295 | INDIVIDUALS: n=200, avg_genome_length=47.56 | VIRUSES: gene_rate=0.000
2021-12-20 19:25:14.820452 | GENERATION: 136 | ERRORS: best=80, median=265.0, diversity=0.295 | INDIVIDUALS: n=200, avg_genome_length=47.845 | VIRUSES: gene_rate=0.000
2021-12-20 19:25:18.313783 | GENERATION: 137 | ERRORS: best=80, median=265.0, diversity=0.305 | INDIVIDUALS: n=200, avg_genome_length=48.33 | VIRUSES: gene_rate=0.000
2021-12-20 19:25:21.198670 | GENERATION: 138 | ERRORS: best=80, median=262.0, diversity=0.295 | INDIVIDUALS: n=200, avg_genome_length=47.71 | VIRUSES: gene_rate=0.000
2021-12-20 19:25:25.236708 | GENERATION: 139 | ERRORS: best=80, median=265.0, diversity=0.245 | INDIVIDUALS: n=200, avg_genome_length=48.375 | VIRUSES: gene_rate=0.000
2021-12-20 19:25:28.909940 | GENERATION: 140 | ERRORS: best=80, median=263.0, diversity=0.24 | INDIVIDUALS: n=200, avg_genome_length=47.645 | VIRUSES: gene_rate=0.000
2021-12-20 19:25:32.611165 | GENERATION: 141 | ERRORS: best=80, median=265.0, diversity=0.315 | INDIVIDUALS: n=200, avg_genome_length=48.58 | VIRUSES: gene_rate=0.000
2021-12-20 19:25:36.119537 | GENERATION: 142 | ERRORS: best=80, median=265.0, diversity=0.24 | INDIVIDUALS: n=200, avg_genome_length=49.285 | VIRUSES: gene_rate=0.000
2021-12-20 19:25:40.049161 | GENERATION: 143 | ERRORS: best=80, median=265.0, diversity=0.275 | INDIVIDUALS: n=200, avg_genome_length=48.885 | VIRUSES: gene_rate=0.000
2021-12-20 19:25:43.668264 | GENERATION: 144 | ERRORS: best=80, median=265.0, diversity=0.235 | INDIVIDUALS: n=200, avg_genome_length=48.615 | VIRUSES: gene_rate=0.000
2021-12-20 19:25:47.453800 | GENERATION: 145 | ERRORS: best=80, median=265.0, diversity=0.235 | INDIVIDUALS: n=200, avg_genome_length=49.39 | VIRUSES: gene_rate=0.000
2021-12-20 19:25:50.729320 | GENERATION: 146 | ERRORS: best=80, median=265.0, diversity=0.25 | INDIVIDUALS: n=200, avg_genome_length=49.255 | VIRUSES: gene_rate=0.000
2021-12-20 19:25:54.556375 | GENERATION: 147 | ERRORS: best=80, median=265.0, diversity=0.325 | INDIVIDUALS: n=200, avg_genome_length=48.48 | VIRUSES: gene_rate=0.000
2021-12-20 19:25:58.132888 | GENERATION: 148 | ERRORS: best=80, median=265.0, diversity=0.275 | INDIVIDUALS: n=200, avg_genome_length=49.5 | VIRUSES: gene_rate=0.000
2021-12-20 19:26:01.284074 | GENERATION: 149 | ERRORS: best=80, median=265.0, diversity=0.305 | INDIVIDUALS: n=200, avg_genome_length=49.48 | VIRUSES: gene_rate=0.000
2021-12-20 19:26:03.565983 | GENERATION: 150 | ERRORS: best=80, median=265.0, diversity=0.27 | INDIVIDUALS: n=200, avg_genome_length=49.435 | VIRUSES: gene_rate=0.000
2021-12-20 19:26:06.904507 | GENERATION: 151 | ERRORS: best=80, median=225.0, diversity=0.28 | INDIVIDUALS: n=200, avg_genome_length=49.67 | VIRUSES: gene_rate=0.000
2021-12-20 19:26:09.104820 | GENERATION: 152 | ERRORS: best=80, median=265.0, diversity=0.29 | INDIVIDUALS: n=200, avg_genome_length=49.705 | VIRUSES: gene_rate=0.000
2021-12-20 19:26:13.067604 | GENERATION: 153 | ERRORS: best=80, median=265.0, diversity=0.295 | INDIVIDUALS: n=200, avg_genome_length=49.79 | VIRUSES: gene_rate=0.000
2021-12-20 19:26:16.307820 | GENERATION: 154 | ERRORS: best=80, median=265.0, diversity=0.24 | INDIVIDUALS: n=200, avg_genome_length=50.575 | VIRUSES: gene_rate=0.000
2021-12-20 19:26:20.809140 | GENERATION: 155 | ERRORS: best=80, median=225.0, diversity=0.25 | INDIVIDUALS: n=200, avg_genome_length=50.51 | VIRUSES: gene_rate=0.000
2021-12-20 19:26:24.570271 | GENERATION: 156 | ERRORS: best=80, median=225.0, diversity=0.265 | INDIVIDUALS: n=200, avg_genome_length=49.59 | VIRUSES: gene_rate=0.000
2021-12-20 19:26:27.298606 | GENERATION: 157 | ERRORS: best=80, median=232.5, diversity=0.33 | INDIVIDUALS: n=200, avg_genome_length=49.43 | VIRUSES: gene_rate=0.000
2021-12-20 19:26:30.947934 | GENERATION: 158 | ERRORS: best=80, median=257.0, diversity=0.3 | INDIVIDUALS: n=200, avg_genome_length=48.655 | VIRUSES: gene_rate=0.000
2021-12-20 19:26:34.516086 | GENERATION: 159 | ERRORS: best=80, median=225.0, diversity=0.275 | INDIVIDUALS: n=200, avg_genome_length=48.345 | VIRUSES: gene_rate=0.000
2021-12-20 19:26:37.677940 | GENERATION: 160 | ERRORS: best=80, median=231.5, diversity=0.245 | INDIVIDUALS: n=200, avg_genome_length=47.53 | VIRUSES: gene_rate=0.000
2021-12-20 19:26:41.667084 | GENERATION: 161 | ERRORS: best=80, median=225.0, diversity=0.27 | INDIVIDUALS: n=200, avg_genome_length=47.8 | VIRUSES: gene_rate=0.000
2021-12-20 19:26:45.233464 | GENERATION: 162 | ERRORS: best=80, median=265.0, diversity=0.27 | INDIVIDUALS: n=200, avg_genome_length=47.695 | VIRUSES: gene_rate=0.000
2021-12-20 19:26:48.571382 | GENERATION: 163 | ERRORS: best=80, median=244.0, diversity=0.215 | INDIVIDUALS: n=200, avg_genome_length=48.09 | VIRUSES: gene_rate=0.000
2021-12-20 19:26:52.285560 | GENERATION: 164 | ERRORS: best=80, median=225.0, diversity=0.24 | INDIVIDUALS: n=200, avg_genome_length=48.43 | VIRUSES: gene_rate=0.000
2021-12-20 19:26:56.856465 | GENERATION: 165 | ERRORS: best=80, median=265.0, diversity=0.275 | INDIVIDUALS: n=200, avg_genome_length=48.07 | VIRUSES: gene_rate=0.000
2021-12-20 19:26:59.616786 | GENERATION: 166 | ERRORS: best=80, median=265.0, diversity=0.275 | INDIVIDUALS: n=200, avg_genome_length=48.715 | VIRUSES: gene_rate=0.000
2021-12-20 19:27:03.365824 | GENERATION: 167 | ERRORS: best=65, median=251.5, diversity=0.305 | INDIVIDUALS: n=200, avg_genome_length=47.4 | VIRUSES: gene_rate=0.000
2021-12-20 19:27:08.485750 | GENERATION: 168 | ERRORS: best=65, median=254.5, diversity=0.305 | INDIVIDUALS: n=200, avg_genome_length=51.055 | VIRUSES: gene_rate=0.000
2021-12-20 19:27:12.564380 | GENERATION: 169 | ERRORS: best=40, median=247.5, diversity=0.265 | INDIVIDUALS: n=200, avg_genome_length=51.02 | VIRUSES: gene_rate=0.000
2021-12-20 19:27:18.298121 | GENERATION: 170 | ERRORS: best=35, median=265.0, diversity=0.29 | INDIVIDUALS: n=200, avg_genome_length=49.5 | VIRUSES: gene_rate=0.000
2021-12-20 19:27:22.735619 | GENERATION: 171 | ERRORS: best=35, median=265.0, diversity=0.26 | INDIVIDUALS: n=200, avg_genome_length=45.69 | VIRUSES: gene_rate=0.000
2021-12-20 19:27:27.405354 | GENERATION: 172 | ERRORS: best=35, median=235.0, diversity=0.25 | INDIVIDUALS: n=200, avg_genome_length=45.005 | VIRUSES: gene_rate=0.000
2021-12-20 19:27:32.477476 | GENERATION: 173 | ERRORS: best=35, median=265.0, diversity=0.3 | INDIVIDUALS: n=200, avg_genome_length=44.45 | VIRUSES: gene_rate=0.000
2021-12-20 19:27:37.098279 | GENERATION: 174 | ERRORS: best=35, median=265.0, diversity=0.255 | INDIVIDUALS: n=200, avg_genome_length=44.61 | VIRUSES: gene_rate=0.000
2021-12-20 19:27:42.836685 | GENERATION: 175 | ERRORS: best=35, median=254.5, diversity=0.27 | INDIVIDUALS: n=200, avg_genome_length=43.04 | VIRUSES: gene_rate=0.000
2021-12-20 19:27:47.831379 | GENERATION: 176 | ERRORS: best=35, median=225.0, diversity=0.25 | INDIVIDUALS: n=200, avg_genome_length=43.145 | VIRUSES: gene_rate=0.000
2021-12-20 19:27:52.887367 | GENERATION: 177 | ERRORS: best=35, median=225.0, diversity=0.25 | INDIVIDUALS: n=200, avg_genome_length=43.37 | VIRUSES: gene_rate=0.000
2021-12-20 19:27:57.502787 | GENERATION: 178 | ERRORS: best=35, median=225.0, diversity=0.275 | INDIVIDUALS: n=200, avg_genome_length=43.485 | VIRUSES: gene_rate=0.000
2021-12-20 19:28:01.732678 | GENERATION: 179 | ERRORS: best=35, median=225.0, diversity=0.21 | INDIVIDUALS: n=200, avg_genome_length=42.98 | VIRUSES: gene_rate=0.000
2021-12-20 19:28:05.817659 | GENERATION: 180 | ERRORS: best=35, median=242.5, diversity=0.245 | INDIVIDUALS: n=200, avg_genome_length=43.085 | VIRUSES: gene_rate=0.000
2021-12-20 19:28:10.101542 | GENERATION: 181 | ERRORS: best=35, median=225.0, diversity=0.24 | INDIVIDUALS: n=200, avg_genome_length=43.3 | VIRUSES: gene_rate=0.000
2021-12-20 19:28:14.388928 | GENERATION: 182 | ERRORS: best=35, median=242.5, diversity=0.245 | INDIVIDUALS: n=200, avg_genome_length=43.155 | VIRUSES: gene_rate=0.000
2021-12-20 19:28:18.673224 | GENERATION: 183 | ERRORS: best=35, median=247.5, diversity=0.27 | INDIVIDUALS: n=200, avg_genome_length=42.725 | VIRUSES: gene_rate=0.000
2021-12-20 19:28:23.136770 | GENERATION: 184 | ERRORS: best=35, median=225.0, diversity=0.315 | INDIVIDUALS: n=200, avg_genome_length=42.865 | VIRUSES: gene_rate=0.000
2021-12-20 19:28:28.706362 | GENERATION: 185 | ERRORS: best=35, median=225.0, diversity=0.275 | INDIVIDUALS: n=200, avg_genome_length=42.225 | VIRUSES: gene_rate=0.000
2021-12-20 19:28:33.178810 | GENERATION: 186 | ERRORS: best=35, median=225.0, diversity=0.235 | INDIVIDUALS: n=200, avg_genome_length=41.41 | VIRUSES: gene_rate=0.000
2021-12-20 19:28:37.385434 | GENERATION: 187 | ERRORS: best=35, median=227.5, diversity=0.345 | INDIVIDUALS: n=200, avg_genome_length=41.805 | VIRUSES: gene_rate=0.000
2021-12-20 19:28:41.766676 | GENERATION: 188 | ERRORS: best=35, median=265.0, diversity=0.295 | INDIVIDUALS: n=200, avg_genome_length=42.275 | VIRUSES: gene_rate=0.000
2021-12-20 19:28:46.548963 | GENERATION: 189 | ERRORS: best=35, median=225.0, diversity=0.3 | INDIVIDUALS: n=200, avg_genome_length=42.075 | VIRUSES: gene_rate=0.000
2021-12-20 19:28:50.667270 | GENERATION: 190 | ERRORS: best=35, median=225.0, diversity=0.285 | INDIVIDUALS: n=200, avg_genome_length=42.655 | VIRUSES: gene_rate=0.000
2021-12-20 19:28:55.677603 | GENERATION: 191 | ERRORS: best=35, median=232.5, diversity=0.345 | INDIVIDUALS: n=200, avg_genome_length=42.7 | VIRUSES: gene_rate=0.000
2021-12-20 19:28:59.788877 | GENERATION: 192 | ERRORS: best=35, median=265.0, diversity=0.335 | INDIVIDUALS: n=200, avg_genome_length=42.275 | VIRUSES: gene_rate=0.000
2021-12-20 19:29:04.281830 | GENERATION: 193 | ERRORS: best=35, median=225.0, diversity=0.305 | INDIVIDUALS: n=200, avg_genome_length=42.56 | VIRUSES: gene_rate=0.000
2021-12-20 19:29:08.444942 | GENERATION: 194 | ERRORS: best=35, median=245.5, diversity=0.26 | INDIVIDUALS: n=200, avg_genome_length=41.62 | VIRUSES: gene_rate=0.000
2021-12-20 19:29:13.402634 | GENERATION: 195 | ERRORS: best=35, median=225.5, diversity=0.25 | INDIVIDUALS: n=200, avg_genome_length=41.6 | VIRUSES: gene_rate=0.000
2021-12-20 19:29:18.368072 | GENERATION: 196 | ERRORS: best=35, median=244.5, diversity=0.29 | INDIVIDUALS: n=200, avg_genome_length=41.24 | VIRUSES: gene_rate=0.000
2021-12-20 19:29:22.812964 | GENERATION: 197 | ERRORS: best=35, median=225.0, diversity=0.21 | INDIVIDUALS: n=200, avg_genome_length=42.475 | VIRUSES: gene_rate=0.000
2021-12-20 19:29:27.057515 | GENERATION: 198 | ERRORS: best=35, median=225.0, diversity=0.265 | INDIVIDUALS: n=200, avg_genome_length=42.315 | VIRUSES: gene_rate=0.000
2021-12-20 19:29:31.239330 | GENERATION: 199 | ERRORS: best=35, median=225.0, diversity=0.26 | INDIVIDUALS: n=200, avg_genome_length=41.545 | VIRUSES: gene_rate=0.000
2021-12-20 19:29:35.179628 | GENERATION: 200 | ERRORS: best=35, median=225.0, diversity=0.26 | INDIVIDUALS: n=200, avg_genome_length=42.09 | VIRUSES: gene_rate=0.000
2021-12-20 19:29:39.509239 | GENERATION: 201 | ERRORS: best=35, median=243.0, diversity=0.255 | INDIVIDUALS: n=200, avg_genome_length=42.49 | VIRUSES: gene_rate=0.000
2021-12-20 19:29:43.583839 | GENERATION: 202 | ERRORS: best=35, median=225.0, diversity=0.21 | INDIVIDUALS: n=200, avg_genome_length=42.39 | VIRUSES: gene_rate=0.000
2021-12-20 19:29:47.752285 | GENERATION: 203 | ERRORS: best=35, median=225.0, diversity=0.25 | INDIVIDUALS: n=200, avg_genome_length=42.225 | VIRUSES: gene_rate=0.000
2021-12-20 19:29:51.929511 | GENERATION: 204 | ERRORS: best=35, median=225.0, diversity=0.23 | INDIVIDUALS: n=200, avg_genome_length=43.615 | VIRUSES: gene_rate=0.000
2021-12-20 19:29:56.280177 | GENERATION: 205 | ERRORS: best=35, median=225.0, diversity=0.235 | INDIVIDUALS: n=200, avg_genome_length=44.385 | VIRUSES: gene_rate=0.000
2021-12-20 19:30:01.297071 | GENERATION: 206 | ERRORS: best=35, median=230.0, diversity=0.28 | INDIVIDUALS: n=200, avg_genome_length=44.505 | VIRUSES: gene_rate=0.000
2021-12-20 19:30:05.767565 | GENERATION: 207 | ERRORS: best=35, median=225.0, diversity=0.265 | INDIVIDUALS: n=200, avg_genome_length=44.69 | VIRUSES: gene_rate=0.000
2021-12-20 19:30:10.012932 | GENERATION: 208 | ERRORS: best=35, median=225.0, diversity=0.23 | INDIVIDUALS: n=200, avg_genome_length=44.735 | VIRUSES: gene_rate=0.000
2021-12-20 19:30:14.262092 | GENERATION: 209 | ERRORS: best=35, median=230.0, diversity=0.3 | INDIVIDUALS: n=200, avg_genome_length=44.92 | VIRUSES: gene_rate=0.000
2021-12-20 19:30:18.381175 | GENERATION: 210 | ERRORS: best=35, median=264.5, diversity=0.285 | INDIVIDUALS: n=200, avg_genome_length=45.365 | VIRUSES: gene_rate=0.000
2021-12-20 19:30:22.661512 | GENERATION: 211 | ERRORS: best=35, median=225.0, diversity=0.225 | INDIVIDUALS: n=200, avg_genome_length=45.18 | VIRUSES: gene_rate=0.000
2021-12-20 19:30:27.042223 | GENERATION: 212 | ERRORS: best=35, median=225.0, diversity=0.275 | INDIVIDUALS: n=200, avg_genome_length=45.64 | VIRUSES: gene_rate=0.000
2021-12-20 19:30:31.288098 | GENERATION: 213 | ERRORS: best=35, median=225.0, diversity=0.275 | INDIVIDUALS: n=200, avg_genome_length=45.96 | VIRUSES: gene_rate=0.000
2021-12-20 19:30:35.452507 | GENERATION: 214 | ERRORS: best=35, median=225.0, diversity=0.23 | INDIVIDUALS: n=200, avg_genome_length=45.755 | VIRUSES: gene_rate=0.000
2021-12-20 19:30:39.786978 | GENERATION: 215 | ERRORS: best=35, median=225.0, diversity=0.215 | INDIVIDUALS: n=200, avg_genome_length=45.65 | VIRUSES: gene_rate=0.000
2021-12-20 19:30:43.800815 | GENERATION: 216 | ERRORS: best=35, median=225.0, diversity=0.23 | INDIVIDUALS: n=200, avg_genome_length=45.65 | VIRUSES: gene_rate=0.000
2021-12-20 19:30:49.142107 | GENERATION: 217 | ERRORS: best=35, median=225.0, diversity=0.26 | INDIVIDUALS: n=200, avg_genome_length=45.27 | VIRUSES: gene_rate=0.000
2021-12-20 19:30:53.913841 | GENERATION: 218 | ERRORS: best=35, median=225.0, diversity=0.265 | INDIVIDUALS: n=200, avg_genome_length=45.595 | VIRUSES: gene_rate=0.000
2021-12-20 19:30:58.608763 | GENERATION: 219 | ERRORS: best=35, median=225.0, diversity=0.28 | INDIVIDUALS: n=200, avg_genome_length=45.01 | VIRUSES: gene_rate=0.000
2021-12-20 19:31:03.836346 | GENERATION: 220 | ERRORS: best=35, median=225.0, diversity=0.26 | INDIVIDUALS: n=200, avg_genome_length=44.81 | VIRUSES: gene_rate=0.000
2021-12-20 19:31:08.808994 | GENERATION: 221 | ERRORS: best=35, median=225.0, diversity=0.23 | INDIVIDUALS: n=200, avg_genome_length=44.435 | VIRUSES: gene_rate=0.000
2021-12-20 19:31:12.915781 | GENERATION: 222 | ERRORS: best=35, median=225.0, diversity=0.25 | INDIVIDUALS: n=200, avg_genome_length=44.795 | VIRUSES: gene_rate=0.000
2021-12-20 19:31:17.516117 | GENERATION: 223 | ERRORS: best=35, median=235.0, diversity=0.275 | INDIVIDUALS: n=200, avg_genome_length=44.755 | VIRUSES: gene_rate=0.000
2021-12-20 19:31:23.275364 | GENERATION: 224 | ERRORS: best=35, median=225.0, diversity=0.295 | INDIVIDUALS: n=200, avg_genome_length=44.955 | VIRUSES: gene_rate=0.000
2021-12-20 19:31:27.669826 | GENERATION: 225 | ERRORS: best=35, median=236.5, diversity=0.26 | INDIVIDUALS: n=200, avg_genome_length=44.53 | VIRUSES: gene_rate=0.000
2021-12-20 19:31:32.093732 | GENERATION: 226 | ERRORS: best=35, median=225.0, diversity=0.23 | INDIVIDUALS: n=200, avg_genome_length=45.055 | VIRUSES: gene_rate=0.000
2021-12-20 19:31:36.346193 | GENERATION: 227 | ERRORS: best=35, median=225.0, diversity=0.255 | INDIVIDUALS: n=200, avg_genome_length=45.365 | VIRUSES: gene_rate=0.000
2021-12-20 19:31:40.912537 | GENERATION: 228 | ERRORS: best=35, median=225.0, diversity=0.26 | INDIVIDUALS: n=200, avg_genome_length=45.205 | VIRUSES: gene_rate=0.000
2021-12-20 19:31:44.988749 | GENERATION: 229 | ERRORS: best=35, median=225.0, diversity=0.31 | INDIVIDUALS: n=200, avg_genome_length=45.185 | VIRUSES: gene_rate=0.000
2021-12-20 19:31:48.840403 | GENERATION: 230 | ERRORS: best=35, median=225.0, diversity=0.26 | INDIVIDUALS: n=200, avg_genome_length=44.685 | VIRUSES: gene_rate=0.000
2021-12-20 19:31:53.874599 | GENERATION: 231 | ERRORS: best=35, median=225.0, diversity=0.24 | INDIVIDUALS: n=200, avg_genome_length=44.62 | VIRUSES: gene_rate=0.000
2021-12-20 19:31:57.925112 | GENERATION: 232 | ERRORS: best=35, median=238.0, diversity=0.28 | INDIVIDUALS: n=200, avg_genome_length=45.13 | VIRUSES: gene_rate=0.000
2021-12-20 19:32:02.097521 | GENERATION: 233 | ERRORS: best=35, median=225.0, diversity=0.26 | INDIVIDUALS: n=200, avg_genome_length=44.88 | VIRUSES: gene_rate=0.000
2021-12-20 19:32:06.085476 | GENERATION: 234 | ERRORS: best=35, median=225.0, diversity=0.24 | INDIVIDUALS: n=200, avg_genome_length=44.735 | VIRUSES: gene_rate=0.000
2021-12-20 19:32:10.087423 | GENERATION: 235 | ERRORS: best=35, median=225.0, diversity=0.255 | INDIVIDUALS: n=200, avg_genome_length=44.79 | VIRUSES: gene_rate=0.000
2021-12-20 19:32:14.172582 | GENERATION: 236 | ERRORS: best=35, median=225.0, diversity=0.3 | INDIVIDUALS: n=200, avg_genome_length=44.99 | VIRUSES: gene_rate=0.000
2021-12-20 19:32:19.164906 | GENERATION: 237 | ERRORS: best=35, median=225.0, diversity=0.26 | INDIVIDUALS: n=200, avg_genome_length=45.33 | VIRUSES: gene_rate=0.000
2021-12-20 19:32:24.647080 | GENERATION: 238 | ERRORS: best=35, median=225.0, diversity=0.275 | INDIVIDUALS: n=200, avg_genome_length=45.11 | VIRUSES: gene_rate=0.000
2021-12-20 19:32:28.660919 | GENERATION: 239 | ERRORS: best=35, median=225.0, diversity=0.27 | INDIVIDUALS: n=200, avg_genome_length=45.205 | VIRUSES: gene_rate=0.000
2021-12-20 19:32:32.657418 | GENERATION: 240 | ERRORS: best=35, median=225.0, diversity=0.275 | INDIVIDUALS: n=200, avg_genome_length=45.345 | VIRUSES: gene_rate=0.000
2021-12-20 19:32:37.227432 | GENERATION: 241 | ERRORS: best=35, median=225.0, diversity=0.245 | INDIVIDUALS: n=200, avg_genome_length=45.1 | VIRUSES: gene_rate=0.000
2021-12-20 19:32:44.468478 | GENERATION: 242 | ERRORS: best=35, median=232.5, diversity=0.245 | INDIVIDUALS: n=200, avg_genome_length=44.61 | VIRUSES: gene_rate=0.000
2021-12-20 19:32:49.949158 | GENERATION: 243 | ERRORS: best=35, median=225.0, diversity=0.29 | INDIVIDUALS: n=200, avg_genome_length=44.225 | VIRUSES: gene_rate=0.000
2021-12-20 19:32:54.795424 | GENERATION: 244 | ERRORS: best=35, median=265.0, diversity=0.29 | INDIVIDUALS: n=200, avg_genome_length=44.49 | VIRUSES: gene_rate=0.000
2021-12-20 19:32:58.986302 | GENERATION: 245 | ERRORS: best=35, median=225.0, diversity=0.305 | INDIVIDUALS: n=200, avg_genome_length=44.39 | VIRUSES: gene_rate=0.000
2021-12-20 19:33:03.164627 | GENERATION: 246 | ERRORS: best=35, median=225.0, diversity=0.285 | INDIVIDUALS: n=200, avg_genome_length=44.705 | VIRUSES: gene_rate=0.000
2021-12-20 19:33:08.781650 | GENERATION: 247 | ERRORS: best=35, median=225.0, diversity=0.21 | INDIVIDUALS: n=200, avg_genome_length=44.52 | VIRUSES: gene_rate=0.000
2021-12-20 19:33:13.075314 | GENERATION: 248 | ERRORS: best=35, median=225.0, diversity=0.23 | INDIVIDUALS: n=200, avg_genome_length=44.63 | VIRUSES: gene_rate=0.000
2021-12-20 19:33:17.011330 | GENERATION: 249 | ERRORS: best=35, median=225.0, diversity=0.235 | INDIVIDUALS: n=200, avg_genome_length=44.645 | VIRUSES: gene_rate=0.000
2021-12-20 19:33:21.275793 | GENERATION: 250 | ERRORS: best=35, median=225.0, diversity=0.24 | INDIVIDUALS: n=200, avg_genome_length=44.51 | VIRUSES: gene_rate=0.000
2021-12-20 19:33:26.038328 | GENERATION: 251 | ERRORS: best=35, median=225.0, diversity=0.275 | INDIVIDUALS: n=200, avg_genome_length=44.55 | VIRUSES: gene_rate=0.000
2021-12-20 19:33:30.863170 | GENERATION: 252 | ERRORS: best=35, median=225.0, diversity=0.235 | INDIVIDUALS: n=200, avg_genome_length=44.605 | VIRUSES: gene_rate=0.000
2021-12-20 19:33:36.526830 | GENERATION: 253 | ERRORS: best=35, median=225.0, diversity=0.28 | INDIVIDUALS: n=200, avg_genome_length=44.435 | VIRUSES: gene_rate=0.000
2021-12-20 19:33:41.729443 | GENERATION: 254 | ERRORS: best=35, median=237.5, diversity=0.315 | INDIVIDUALS: n=200, avg_genome_length=44.65 | VIRUSES: gene_rate=0.000
2021-12-20 19:33:45.773546 | GENERATION: 255 | ERRORS: best=35, median=225.0, diversity=0.26 | INDIVIDUALS: n=200, avg_genome_length=44.395 | VIRUSES: gene_rate=0.000
2021-12-20 19:33:49.875291 | GENERATION: 256 | ERRORS: best=35, median=225.0, diversity=0.325 | INDIVIDUALS: n=200, avg_genome_length=44.21 | VIRUSES: gene_rate=0.000
2021-12-20 19:33:54.764394 | GENERATION: 257 | ERRORS: best=35, median=235.0, diversity=0.275 | INDIVIDUALS: n=200, avg_genome_length=43.68 | VIRUSES: gene_rate=0.000
2021-12-20 19:34:00.290899 | GENERATION: 258 | ERRORS: best=35, median=225.0, diversity=0.26 | INDIVIDUALS: n=200, avg_genome_length=44.385 | VIRUSES: gene_rate=0.000
2021-12-20 19:34:04.898621 | GENERATION: 259 | ERRORS: best=35, median=225.0, diversity=0.24 | INDIVIDUALS: n=200, avg_genome_length=44.57 | VIRUSES: gene_rate=0.000
2021-12-20 19:34:11.422201 | GENERATION: 260 | ERRORS: best=35, median=225.0, diversity=0.245 | INDIVIDUALS: n=200, avg_genome_length=45.65 | VIRUSES: gene_rate=0.000
2021-12-20 19:34:15.998985 | GENERATION: 261 | ERRORS: best=35, median=225.0, diversity=0.3 | INDIVIDUALS: n=200, avg_genome_length=45.32 | VIRUSES: gene_rate=0.000
2021-12-20 19:34:21.521909 | GENERATION: 262 | ERRORS: best=35, median=225.0, diversity=0.23 | INDIVIDUALS: n=200, avg_genome_length=46.0 | VIRUSES: gene_rate=0.000
2021-12-20 19:34:26.768315 | GENERATION: 263 | ERRORS: best=35, median=225.0, diversity=0.265 | INDIVIDUALS: n=200, avg_genome_length=45.735 | VIRUSES: gene_rate=0.000
2021-12-20 19:34:33.795005 | GENERATION: 264 | ERRORS: best=35, median=225.0, diversity=0.255 | INDIVIDUALS: n=200, avg_genome_length=45.38 | VIRUSES: gene_rate=0.000
2021-12-20 19:34:39.041642 | GENERATION: 265 | ERRORS: best=35, median=225.0, diversity=0.255 | INDIVIDUALS: n=200, avg_genome_length=45.19 | VIRUSES: gene_rate=0.000
2021-12-20 19:34:43.955192 | GENERATION: 266 | ERRORS: best=35, median=225.0, diversity=0.32 | INDIVIDUALS: n=200, avg_genome_length=46.275 | VIRUSES: gene_rate=0.000
2021-12-20 19:34:49.195353 | GENERATION: 267 | ERRORS: best=35, median=225.0, diversity=0.285 | INDIVIDUALS: n=200, avg_genome_length=45.495 | VIRUSES: gene_rate=0.000
2021-12-20 19:34:54.598778 | GENERATION: 268 | ERRORS: best=35, median=230.0, diversity=0.31 | INDIVIDUALS: n=200, avg_genome_length=46.07 | VIRUSES: gene_rate=0.000
2021-12-20 19:34:59.765921 | GENERATION: 269 | ERRORS: best=35, median=225.0, diversity=0.245 | INDIVIDUALS: n=200, avg_genome_length=46.09 | VIRUSES: gene_rate=0.000
2021-12-20 19:35:03.848708 | GENERATION: 270 | ERRORS: best=35, median=225.0, diversity=0.23 | INDIVIDUALS: n=200, avg_genome_length=46.31 | VIRUSES: gene_rate=0.000
2021-12-20 19:35:08.516616 | GENERATION: 271 | ERRORS: best=35, median=225.0, diversity=0.17 | INDIVIDUALS: n=200, avg_genome_length=47.135 | VIRUSES: gene_rate=0.000
2021-12-20 19:35:13.620526 | GENERATION: 272 | ERRORS: best=35, median=225.0, diversity=0.27 | INDIVIDUALS: n=200, avg_genome_length=47.205 | VIRUSES: gene_rate=0.000
2021-12-20 19:35:18.688037 | GENERATION: 273 | ERRORS: best=35, median=230.0, diversity=0.33 | INDIVIDUALS: n=200, avg_genome_length=46.79 | VIRUSES: gene_rate=0.000
2021-12-20 19:35:23.131766 | GENERATION: 274 | ERRORS: best=35, median=225.0, diversity=0.235 | INDIVIDUALS: n=200, avg_genome_length=47.06 | VIRUSES: gene_rate=0.000
2021-12-20 19:35:28.632075 | GENERATION: 275 | ERRORS: best=35, median=225.0, diversity=0.24 | INDIVIDUALS: n=200, avg_genome_length=46.07 | VIRUSES: gene_rate=0.000
2021-12-20 19:35:34.093497 | GENERATION: 276 | ERRORS: best=35, median=225.0, diversity=0.235 | INDIVIDUALS: n=200, avg_genome_length=46.4 | VIRUSES: gene_rate=0.000
2021-12-20 19:35:38.984955 | GENERATION: 277 | ERRORS: best=35, median=225.0, diversity=0.305 | INDIVIDUALS: n=200, avg_genome_length=47.2 | VIRUSES: gene_rate=0.000
2021-12-20 19:35:43.359695 | GENERATION: 278 | ERRORS: best=35, median=225.0, diversity=0.285 | INDIVIDUALS: n=200, avg_genome_length=47.64 | VIRUSES: gene_rate=0.000
2021-12-20 19:35:49.044134 | GENERATION: 279 | ERRORS: best=35, median=225.0, diversity=0.295 | INDIVIDUALS: n=200, avg_genome_length=47.805 | VIRUSES: gene_rate=0.000
2021-12-20 19:35:53.655819 | GENERATION: 280 | ERRORS: best=35, median=257.0, diversity=0.245 | INDIVIDUALS: n=200, avg_genome_length=47.095 | VIRUSES: gene_rate=0.000
2021-12-20 19:35:57.951309 | GENERATION: 281 | ERRORS: best=35, median=225.0, diversity=0.265 | INDIVIDUALS: n=200, avg_genome_length=47.67 | VIRUSES: gene_rate=0.000
2021-12-20 19:36:02.149332 | GENERATION: 282 | ERRORS: best=35, median=234.0, diversity=0.28 | INDIVIDUALS: n=200, avg_genome_length=47.32 | VIRUSES: gene_rate=0.000
2021-12-20 19:36:06.849119 | GENERATION: 283 | ERRORS: best=35, median=225.0, diversity=0.265 | INDIVIDUALS: n=200, avg_genome_length=48.28 | VIRUSES: gene_rate=0.000
2021-12-20 19:36:11.826263 | GENERATION: 284 | ERRORS: best=35, median=225.0, diversity=0.25 | INDIVIDUALS: n=200, avg_genome_length=47.025 | VIRUSES: gene_rate=0.000
2021-12-20 19:36:17.098401 | GENERATION: 285 | ERRORS: best=35, median=225.0, diversity=0.245 | INDIVIDUALS: n=200, avg_genome_length=47.655 | VIRUSES: gene_rate=0.000
2021-12-20 19:36:21.981984 | GENERATION: 286 | ERRORS: best=35, median=225.0, diversity=0.21 | INDIVIDUALS: n=200, avg_genome_length=46.65 | VIRUSES: gene_rate=0.000
2021-12-20 19:36:26.081417 | GENERATION: 287 | ERRORS: best=35, median=225.0, diversity=0.21 | INDIVIDUALS: n=200, avg_genome_length=47.79 | VIRUSES: gene_rate=0.000
2021-12-20 19:36:30.661468 | GENERATION: 288 | ERRORS: best=35, median=225.0, diversity=0.195 | INDIVIDUALS: n=200, avg_genome_length=46.925 | VIRUSES: gene_rate=0.000
2021-12-20 19:36:34.952962 | GENERATION: 289 | ERRORS: best=35, median=225.0, diversity=0.245 | INDIVIDUALS: n=200, avg_genome_length=47.62 | VIRUSES: gene_rate=0.000
2021-12-20 19:36:40.284057 | GENERATION: 290 | ERRORS: best=35, median=225.0, diversity=0.275 | INDIVIDUALS: n=200, avg_genome_length=47.725 | VIRUSES: gene_rate=0.000
2021-12-20 19:36:45.615777 | GENERATION: 291 | ERRORS: best=35, median=232.5, diversity=0.275 | INDIVIDUALS: n=200, avg_genome_length=47.77 | VIRUSES: gene_rate=0.000
2021-12-20 19:36:49.639340 | GENERATION: 292 | ERRORS: best=35, median=225.0, diversity=0.27 | INDIVIDUALS: n=200, avg_genome_length=47.75 | VIRUSES: gene_rate=0.000
2021-12-20 19:36:57.420286 | GENERATION: 293 | ERRORS: best=35, median=225.0, diversity=0.235 | INDIVIDUALS: n=200, avg_genome_length=47.365 | VIRUSES: gene_rate=0.000
2021-12-20 19:37:02.436384 | GENERATION: 294 | ERRORS: best=35, median=225.0, diversity=0.265 | INDIVIDUALS: n=200, avg_genome_length=47.845 | VIRUSES: gene_rate=0.000
2021-12-20 19:37:06.729578 | GENERATION: 295 | ERRORS: best=35, median=225.0, diversity=0.25 | INDIVIDUALS: n=200, avg_genome_length=48.205 | VIRUSES: gene_rate=0.000
2021-12-20 19:37:10.719454 | GENERATION: 296 | ERRORS: best=35, median=225.0, diversity=0.215 | INDIVIDUALS: n=200, avg_genome_length=48.585 | VIRUSES: gene_rate=0.000
2021-12-20 19:37:15.252476 | GENERATION: 297 | ERRORS: best=35, median=225.0, diversity=0.28 | INDIVIDUALS: n=200, avg_genome_length=47.35 | VIRUSES: gene_rate=0.000
2021-12-20 19:37:19.362494 | GENERATION: 298 | ERRORS: best=35, median=225.0, diversity=0.28 | INDIVIDUALS: n=200, avg_genome_length=46.835 | VIRUSES: gene_rate=0.000
2021-12-20 19:37:23.561530 | GENERATION: 299 | ERRORS: best=35, median=225.0, diversity=0.24 | INDIVIDUALS: n=200, avg_genome_length=46.03 | VIRUSES: gene_rate=0.000
2021-12-20 19:37:28.601725 | GENERATION: 300 | ERRORS: best=35, median=225.0, diversity=0.275 | INDIVIDUALS: n=200, avg_genome_length=47.19 | VIRUSES: gene_rate=0.000
Simplifying genome of length 43 with total error 35.
Simplified genome by 2 to length 41.
Simplified genome by 3 to length 38.
Simplified genome by 3 to length 35.
Simplified genome by 2 to length 33.
Simplified genome by 1 to length 32.
Simplified genome by 1 to length 31.
Simplified genome by 1 to length 30.
Simplified genome by 1 to length 29.
Simplified genome by 3 to length 26.
Simplified genome by 1 to length 25.
Simplified genome by 1 to length 24.
Simplified genome by 1 to length 23.
Simplified genome by 1 to length 22.
Simplified genome by 1 to length 21.
Simplified genome by 1 to length 20.
Simplified genome by 1 to length 19.
Simplified genome by 1 to length 18.
Simplified genome to length 18 and total error 35.
========================================
End Run
========================================
No solution found.
Best Seen Individual
	Genome:
	 pvector([Literal(value='small', push_type=<pyshgp.push.types.PushStrType object at 0x7f9a83c61880>), Input(input_index=0), InstructionMeta(name='exec_shove', code_blocks=1), InstructionMeta(name='print_str', code_blocks=0), Closer(), Literal(value=2, push_type=<pyshgp.push.types.PushIntType object at 0x7f9a83c612b0>), InstructionMeta(name='exec_do_count', code_blocks=1), Input(input_index=0), InstructionMeta(name='exec_dup', code_blocks=1), Input(input_index=0), InstructionMeta(name='int_dup_times', code_blocks=0), Literal(value='large', push_type=<pyshgp.push.types.PushStrType object at 0x7f9a83c613d0>), Input(input_index=0), Closer(), InstructionMeta(name='int_inc', code_blocks=0), InstructionMeta(name='int_yank_dup', code_blocks=0), InstructionMeta(name='exec_dup_times', code_blocks=1), InstructionMeta(name='str_yank_dup', code_blocks=0)])
	Program:
	 ("small" input_0 exec_shove (print_str) 2 exec_do_count (input_0 exec_dup (input_0 int_dup_times "large" input_0) int_inc int_yank_dup exec_dup_times (str_yank_dup)))
	Error vector:
	 [0 0 0 0 0 0 0 0 0 0 0 0 0 0 0 5 0 0 0 0 0 0 0 0 0 0 0 0 0 5 0 0 0 0 0 0 0
 0 0 0 0 0 0 0 0 0 5 0 0 0 0 0 0 0 0 0 5 0 0 0 0 0 0 5 0 0 0 0 0 0 0 0 0 0
 0 0 0 0 0 0 0 0 0 0 0 0 0 0 5 5 0 0 0 0 0 0 0 0 0 0]
	Total error:
	 35
	Test error:
	 195
	Time:
	 00:20:31
