Included 27 edge cases.
Included 73 random cases.
Included 100 cases in total.
Finished formatting.
Included 0 edge cases.
Included 1000 random cases.
Included 1000 cases in total.
Finished formatting.
========================================
Setup
========================================
Search Configuration:
signature: ProgramSignature(output_stacks=['stdout'], arity=1, push_config=PushConfig(collection_size_cap=1000, growth_cap=500, step_limit=300, numeric_magnitude_limit=1000000000000.0, runtime_limit=10))
evaluator: <pyshgp.gp.evaluation.DatasetEvaluator object at 0x7fb72c8b91f0>
spawner: <pyshgp.gp.genome.GeneSpawner object at 0x7fb72c8b9040>
population_size: 200
max_generations: 300
error_threshold: 0.0
initial_genome_size: (20, 100)
simplification_steps: 500
parallel_context: <pyshgp.gp.search.ParallelContext object at 0x7fb72c8b9820>
selection: <pyshgp.utils.DiscreteProbDistrib object at 0x7fb72c8f4280>
variation: <pyshgp.utils.DiscreteProbDistrib object at 0x7fb72c8f4180>
Instructions:
int_add, int_sub, int_mult, int_div, int_mod, int_min, int_max, int_inc, int_dec, int_lt, int_lte, int_gt, int_gte, int_from_bool, str_concat, str_insert_str, str_from_first_char, str_from_last_char, str_from_nth_char, str_contains_str, str_index_of_str, str_split_on_str, str_replace_first_str, str_replace_n_str, str_replace_all_str, str_remove_first_str, str_remove_n_str, str_remove_all_str, str_occurrences_of_str, str_reverse, str_head, str_tail, str_rest, str_but_last, str_drop, str_but_last_n, str_length, str_make_empty, str_is_empty_string, str_remove_nth, str_strip_whitespace, str_from_bool, str_from_int, bool_and, bool_or, bool_not, bool_xor, bool_invert_first_then_and, bool_second_first_then_and, bool_from_int, noop, noop_open, exec_do_range, exec_do_count, exec_while, exec_do_while, exec_if, exec_when, print_bool, println_bool, print_int, println_int, print_str, println_str, print_exec, println_exec, bool_pop, bool_dup, bool_dup_times, bool_swap, bool_rot, bool_flush, bool_eq, bool_stack_depth, bool_yank, bool_yank_dup, bool_shove, bool_shove_dup, bool_is_empty, int_pop, int_dup, int_dup_times, int_swap, int_rot, int_flush, int_eq, int_stack_depth, int_yank, int_yank_dup, int_shove, int_shove_dup, int_is_empty, str_pop, str_dup, str_dup_times, str_swap, str_rot, str_flush, str_eq, str_stack_depth, str_yank, str_yank_dup, str_shove, str_shove_dup, str_is_empty, exec_pop, exec_dup, exec_dup_times, exec_swap, exec_rot, exec_flush, exec_eq, exec_stack_depth, exec_yank, exec_yank_dup, exec_shove, exec_shove_dup, exec_is_empty
Literals:
[Literal(value='small', push_type=<pyshgp.push.types.PushStrType object at 0x7fb72ec74790>), Literal(value='large', push_type=<pyshgp.push.types.PushStrType object at 0x7fb72ec74790>)]
ERC Generators:
[<function rand_int at 0x7fb72eb2cf70>]
========================================
Start Run
========================================
2021-12-07 14:37:39.669930 | GENERATION: 1 | ERRORS: best=430, median=2478.0, diversity=0.03 | INDIVIDUALS: n=200, avg_genome_length=71.79
2021-12-07 14:37:41.471695 | GENERATION: 2 | ERRORS: best=260, median=462.0, diversity=0.175 | INDIVIDUALS: n=200, avg_genome_length=85.63
2021-12-07 14:37:43.075561 | GENERATION: 3 | ERRORS: best=260, median=310.0, diversity=0.14 | INDIVIDUALS: n=200, avg_genome_length=55.9
2021-12-07 14:37:44.595314 | GENERATION: 4 | ERRORS: best=260, median=430.0, diversity=0.13 | INDIVIDUALS: n=200, avg_genome_length=53.92
2021-12-07 14:37:46.145969 | GENERATION: 5 | ERRORS: best=260, median=430.0, diversity=0.13 | INDIVIDUALS: n=200, avg_genome_length=51.43
2021-12-07 14:37:47.645524 | GENERATION: 6 | ERRORS: best=260, median=310.0, diversity=0.09 | INDIVIDUALS: n=200, avg_genome_length=49.5
2021-12-07 14:37:48.938348 | GENERATION: 7 | ERRORS: best=260, median=310.0, diversity=0.07 | INDIVIDUALS: n=200, avg_genome_length=48.695
2021-12-07 14:37:50.192121 | GENERATION: 8 | ERRORS: best=260, median=310.0, diversity=0.085 | INDIVIDUALS: n=200, avg_genome_length=44.83
2021-12-07 14:37:51.503006 | GENERATION: 9 | ERRORS: best=260, median=310.0, diversity=0.1 | INDIVIDUALS: n=200, avg_genome_length=44.725
2021-12-07 14:37:52.713093 | GENERATION: 10 | ERRORS: best=260, median=310.0, diversity=0.075 | INDIVIDUALS: n=200, avg_genome_length=40.19
2021-12-07 14:37:53.806318 | GENERATION: 11 | ERRORS: best=260, median=360.0, diversity=0.11 | INDIVIDUALS: n=200, avg_genome_length=37.31
2021-12-07 14:37:55.116901 | GENERATION: 12 | ERRORS: best=260, median=310.0, diversity=0.075 | INDIVIDUALS: n=200, avg_genome_length=34.395
2021-12-07 14:37:56.286607 | GENERATION: 13 | ERRORS: best=260, median=310.0, diversity=0.095 | INDIVIDUALS: n=200, avg_genome_length=32.97
2021-12-07 14:37:57.429119 | GENERATION: 14 | ERRORS: best=260, median=310.0, diversity=0.09 | INDIVIDUALS: n=200, avg_genome_length=31.17
2021-12-07 14:37:58.629319 | GENERATION: 15 | ERRORS: best=240, median=310.0, diversity=0.07 | INDIVIDUALS: n=200, avg_genome_length=29.105
2021-12-07 14:38:00.151181 | GENERATION: 16 | ERRORS: best=240, median=310.0, diversity=0.155 | INDIVIDUALS: n=200, avg_genome_length=43.455
2021-12-07 14:38:01.588462 | GENERATION: 17 | ERRORS: best=240, median=310.0, diversity=0.14 | INDIVIDUALS: n=200, avg_genome_length=44.455
2021-12-07 14:38:03.151801 | GENERATION: 18 | ERRORS: best=240, median=315.0, diversity=0.19 | INDIVIDUALS: n=200, avg_genome_length=44.875
2021-12-07 14:38:04.918962 | GENERATION: 19 | ERRORS: best=240, median=402.0, diversity=0.225 | INDIVIDUALS: n=200, avg_genome_length=44.32
2021-12-07 14:38:06.442048 | GENERATION: 20 | ERRORS: best=240, median=421.0, diversity=0.16 | INDIVIDUALS: n=200, avg_genome_length=43.415
2021-12-07 14:38:08.114960 | GENERATION: 21 | ERRORS: best=240, median=260.0, diversity=0.2 | INDIVIDUALS: n=200, avg_genome_length=43.045
2021-12-07 14:38:09.618174 | GENERATION: 22 | ERRORS: best=240, median=310.0, diversity=0.16 | INDIVIDUALS: n=200, avg_genome_length=42.69
2021-12-07 14:38:11.151023 | GENERATION: 23 | ERRORS: best=240, median=312.0, diversity=0.17 | INDIVIDUALS: n=200, avg_genome_length=41.905
2021-12-07 14:38:12.532550 | GENERATION: 24 | ERRORS: best=240, median=310.0, diversity=0.165 | INDIVIDUALS: n=200, avg_genome_length=38.895
2021-12-07 14:38:13.760632 | GENERATION: 25 | ERRORS: best=240, median=310.0, diversity=0.145 | INDIVIDUALS: n=200, avg_genome_length=38.35
2021-12-07 14:38:15.057358 | GENERATION: 26 | ERRORS: best=240, median=310.0, diversity=0.15 | INDIVIDUALS: n=200, avg_genome_length=37.625
2021-12-07 14:38:16.444067 | GENERATION: 27 | ERRORS: best=240, median=310.0, diversity=0.19 | INDIVIDUALS: n=200, avg_genome_length=36.98
2021-12-07 14:38:17.866623 | GENERATION: 28 | ERRORS: best=240, median=260.0, diversity=0.15 | INDIVIDUALS: n=200, avg_genome_length=36.585
2021-12-07 14:38:19.308624 | GENERATION: 29 | ERRORS: best=240, median=285.0, diversity=0.205 | INDIVIDUALS: n=200, avg_genome_length=35.225
2021-12-07 14:38:20.754355 | GENERATION: 30 | ERRORS: best=240, median=310.0, diversity=0.175 | INDIVIDUALS: n=200, avg_genome_length=33.86
2021-12-07 14:38:22.339798 | GENERATION: 31 | ERRORS: best=240, median=310.0, diversity=0.175 | INDIVIDUALS: n=200, avg_genome_length=33.5
2021-12-07 14:38:23.310890 | GENERATION: 32 | ERRORS: best=240, median=260.0, diversity=0.115 | INDIVIDUALS: n=200, avg_genome_length=32.735
2021-12-07 14:38:24.672558 | GENERATION: 33 | ERRORS: best=240, median=260.0, diversity=0.17 | INDIVIDUALS: n=200, avg_genome_length=32.13
2021-12-07 14:38:25.961753 | GENERATION: 34 | ERRORS: best=240, median=310.0, diversity=0.155 | INDIVIDUALS: n=200, avg_genome_length=32.09
2021-12-07 14:38:27.269693 | GENERATION: 35 | ERRORS: best=240, median=310.0, diversity=0.16 | INDIVIDUALS: n=200, avg_genome_length=31.385
2021-12-07 14:38:28.798282 | GENERATION: 36 | ERRORS: best=240, median=310.0, diversity=0.18 | INDIVIDUALS: n=200, avg_genome_length=30.32
2021-12-07 14:38:30.126106 | GENERATION: 37 | ERRORS: best=240, median=310.0, diversity=0.165 | INDIVIDUALS: n=200, avg_genome_length=28.56
2021-12-07 14:38:31.529879 | GENERATION: 38 | ERRORS: best=240, median=310.0, diversity=0.13 | INDIVIDUALS: n=200, avg_genome_length=27.845
2021-12-07 14:38:32.798416 | GENERATION: 39 | ERRORS: best=240, median=310.0, diversity=0.14 | INDIVIDUALS: n=200, avg_genome_length=27.205
2021-12-07 14:38:33.986646 | GENERATION: 40 | ERRORS: best=240, median=294.0, diversity=0.19 | INDIVIDUALS: n=200, avg_genome_length=27.435
2021-12-07 14:38:34.834041 | GENERATION: 41 | ERRORS: best=240, median=260.0, diversity=0.13 | INDIVIDUALS: n=200, avg_genome_length=28.195
2021-12-07 14:38:36.128190 | GENERATION: 42 | ERRORS: best=240, median=310.0, diversity=0.165 | INDIVIDUALS: n=200, avg_genome_length=27.41
2021-12-07 14:38:37.211638 | GENERATION: 43 | ERRORS: best=240, median=310.0, diversity=0.175 | INDIVIDUALS: n=200, avg_genome_length=26.005
2021-12-07 14:38:38.140076 | GENERATION: 44 | ERRORS: best=240, median=260.0, diversity=0.135 | INDIVIDUALS: n=200, avg_genome_length=26.29
2021-12-07 14:38:39.252861 | GENERATION: 45 | ERRORS: best=240, median=315.0, diversity=0.125 | INDIVIDUALS: n=200, avg_genome_length=24.035
2021-12-07 14:38:40.310544 | GENERATION: 46 | ERRORS: best=240, median=310.0, diversity=0.11 | INDIVIDUALS: n=200, avg_genome_length=23.28
2021-12-07 14:38:41.522989 | GENERATION: 47 | ERRORS: best=240, median=310.0, diversity=0.145 | INDIVIDUALS: n=200, avg_genome_length=22.27
2021-12-07 14:38:42.536951 | GENERATION: 48 | ERRORS: best=240, median=260.0, diversity=0.095 | INDIVIDUALS: n=200, avg_genome_length=22.91
2021-12-07 14:38:43.532941 | GENERATION: 49 | ERRORS: best=240, median=310.0, diversity=0.14 | INDIVIDUALS: n=200, avg_genome_length=21.27
2021-12-07 14:38:44.507779 | GENERATION: 50 | ERRORS: best=240, median=310.0, diversity=0.125 | INDIVIDUALS: n=200, avg_genome_length=21.3
2021-12-07 14:38:46.048603 | GENERATION: 51 | ERRORS: best=240, median=260.0, diversity=0.12 | INDIVIDUALS: n=200, avg_genome_length=21.39
2021-12-07 14:38:47.042592 | GENERATION: 52 | ERRORS: best=240, median=310.0, diversity=0.1 | INDIVIDUALS: n=200, avg_genome_length=18.53
2021-12-07 14:38:48.048955 | GENERATION: 53 | ERRORS: best=240, median=310.0, diversity=0.095 | INDIVIDUALS: n=200, avg_genome_length=17.805
2021-12-07 14:38:49.142707 | GENERATION: 54 | ERRORS: best=240, median=310.0, diversity=0.105 | INDIVIDUALS: n=200, avg_genome_length=18.165
2021-12-07 14:38:49.959298 | GENERATION: 55 | ERRORS: best=240, median=310.0, diversity=0.095 | INDIVIDUALS: n=200, avg_genome_length=18.13
2021-12-07 14:38:51.124871 | GENERATION: 56 | ERRORS: best=104, median=310.0, diversity=0.09 | INDIVIDUALS: n=200, avg_genome_length=17.425
2021-12-07 14:38:52.101799 | GENERATION: 57 | ERRORS: best=104, median=421.0, diversity=0.15 | INDIVIDUALS: n=200, avg_genome_length=17.03
2021-12-07 14:38:53.091659 | GENERATION: 58 | ERRORS: best=70, median=310.0, diversity=0.15 | INDIVIDUALS: n=200, avg_genome_length=16.925
2021-12-07 14:38:54.104687 | GENERATION: 59 | ERRORS: best=70, median=420.0, diversity=0.075 | INDIVIDUALS: n=200, avg_genome_length=10.59
2021-12-07 14:38:54.898948 | GENERATION: 60 | ERRORS: best=70, median=310.0, diversity=0.085 | INDIVIDUALS: n=200, avg_genome_length=9.865
2021-12-07 14:38:55.541550 | GENERATION: 61 | ERRORS: best=70, median=430.0, diversity=0.055 | INDIVIDUALS: n=200, avg_genome_length=11.28
2021-12-07 14:38:56.568288 | GENERATION: 62 | ERRORS: best=70, median=310.0, diversity=0.1 | INDIVIDUALS: n=200, avg_genome_length=11.685
2021-12-07 14:38:57.478765 | GENERATION: 63 | ERRORS: best=70, median=430.0, diversity=0.09 | INDIVIDUALS: n=200, avg_genome_length=12.09
2021-12-07 14:38:58.472729 | GENERATION: 64 | ERRORS: best=70, median=430.0, diversity=0.105 | INDIVIDUALS: n=200, avg_genome_length=10.725
2021-12-07 14:38:59.361515 | GENERATION: 65 | ERRORS: best=70, median=430.0, diversity=0.085 | INDIVIDUALS: n=200, avg_genome_length=9.91
2021-12-07 14:39:00.017446 | GENERATION: 66 | ERRORS: best=70, median=430.0, diversity=0.065 | INDIVIDUALS: n=200, avg_genome_length=9.445
2021-12-07 14:39:00.971493 | GENERATION: 67 | ERRORS: best=70, median=310.0, diversity=0.1 | INDIVIDUALS: n=200, avg_genome_length=10.67
2021-12-07 14:39:01.741337 | GENERATION: 68 | ERRORS: best=70, median=430.0, diversity=0.095 | INDIVIDUALS: n=200, avg_genome_length=10.195
2021-12-07 14:39:02.670219 | GENERATION: 69 | ERRORS: best=70, median=430.0, diversity=0.085 | INDIVIDUALS: n=200, avg_genome_length=9.665
2021-12-07 14:39:03.515862 | GENERATION: 70 | ERRORS: best=70, median=430.0, diversity=0.08 | INDIVIDUALS: n=200, avg_genome_length=9.845
2021-12-07 14:39:04.476544 | GENERATION: 71 | ERRORS: best=70, median=410.0, diversity=0.115 | INDIVIDUALS: n=200, avg_genome_length=10.55
2021-12-07 14:39:05.445741 | GENERATION: 72 | ERRORS: best=70, median=430.0, diversity=0.11 | INDIVIDUALS: n=200, avg_genome_length=10.765
2021-12-07 14:39:06.454975 | GENERATION: 73 | ERRORS: best=70, median=411.0, diversity=0.13 | INDIVIDUALS: n=200, avg_genome_length=10.475
2021-12-07 14:39:07.419105 | GENERATION: 74 | ERRORS: best=190, median=430.0, diversity=0.11 | INDIVIDUALS: n=200, avg_genome_length=10.305
2021-12-07 14:39:08.262728 | GENERATION: 75 | ERRORS: best=70, median=430.0, diversity=0.085 | INDIVIDUALS: n=200, avg_genome_length=9.305
2021-12-07 14:39:09.007958 | GENERATION: 76 | ERRORS: best=70, median=430.0, diversity=0.075 | INDIVIDUALS: n=200, avg_genome_length=9.37
2021-12-07 14:39:09.644109 | GENERATION: 77 | ERRORS: best=70, median=430.0, diversity=0.09 | INDIVIDUALS: n=200, avg_genome_length=9.55
2021-12-07 14:39:10.568982 | GENERATION: 78 | ERRORS: best=70, median=430.0, diversity=0.09 | INDIVIDUALS: n=200, avg_genome_length=10.15
2021-12-07 14:39:11.160416 | GENERATION: 79 | ERRORS: best=70, median=430.0, diversity=0.075 | INDIVIDUALS: n=200, avg_genome_length=10.055
2021-12-07 14:39:11.847825 | GENERATION: 80 | ERRORS: best=70, median=430.0, diversity=0.08 | INDIVIDUALS: n=200, avg_genome_length=9.785
2021-12-07 14:39:12.415146 | GENERATION: 81 | ERRORS: best=70, median=430.0, diversity=0.09 | INDIVIDUALS: n=200, avg_genome_length=9.775
2021-12-07 14:39:13.294770 | GENERATION: 82 | ERRORS: best=70, median=430.0, diversity=0.08 | INDIVIDUALS: n=200, avg_genome_length=9.475
2021-12-07 14:39:14.278105 | GENERATION: 83 | ERRORS: best=70, median=430.0, diversity=0.09 | INDIVIDUALS: n=200, avg_genome_length=10.1
2021-12-07 14:39:14.810668 | GENERATION: 84 | ERRORS: best=70, median=430.0, diversity=0.07 | INDIVIDUALS: n=200, avg_genome_length=9.465
2021-12-07 14:39:15.720724 | GENERATION: 85 | ERRORS: best=70, median=430.0, diversity=0.085 | INDIVIDUALS: n=200, avg_genome_length=9.665
2021-12-07 14:39:16.725601 | GENERATION: 86 | ERRORS: best=70, median=430.0, diversity=0.095 | INDIVIDUALS: n=200, avg_genome_length=9.615
2021-12-07 14:39:17.670966 | GENERATION: 87 | ERRORS: best=70, median=430.0, diversity=0.095 | INDIVIDUALS: n=200, avg_genome_length=9.485
2021-12-07 14:39:18.493191 | GENERATION: 88 | ERRORS: best=70, median=430.0, diversity=0.09 | INDIVIDUALS: n=200, avg_genome_length=9.315
2021-12-07 14:39:19.025622 | GENERATION: 89 | ERRORS: best=70, median=430.0, diversity=0.085 | INDIVIDUALS: n=200, avg_genome_length=8.81
2021-12-07 14:39:19.817284 | GENERATION: 90 | ERRORS: best=70, median=430.0, diversity=0.09 | INDIVIDUALS: n=200, avg_genome_length=9.165
2021-12-07 14:39:20.445496 | GENERATION: 91 | ERRORS: best=70, median=430.0, diversity=0.075 | INDIVIDUALS: n=200, avg_genome_length=9.395
2021-12-07 14:39:21.183865 | GENERATION: 92 | ERRORS: best=70, median=430.0, diversity=0.08 | INDIVIDUALS: n=200, avg_genome_length=9.28
2021-12-07 14:39:21.857905 | GENERATION: 93 | ERRORS: best=70, median=430.0, diversity=0.075 | INDIVIDUALS: n=200, avg_genome_length=8.745
2021-12-07 14:39:22.474231 | GENERATION: 94 | ERRORS: best=70, median=430.0, diversity=0.07 | INDIVIDUALS: n=200, avg_genome_length=8.955
2021-12-07 14:39:23.434027 | GENERATION: 95 | ERRORS: best=70, median=430.0, diversity=0.075 | INDIVIDUALS: n=200, avg_genome_length=9.02
2021-12-07 14:39:24.348928 | GENERATION: 96 | ERRORS: best=70, median=430.0, diversity=0.075 | INDIVIDUALS: n=200, avg_genome_length=9.26
2021-12-07 14:39:25.183826 | GENERATION: 97 | ERRORS: best=70, median=430.0, diversity=0.075 | INDIVIDUALS: n=200, avg_genome_length=9.185
2021-12-07 14:39:26.076913 | GENERATION: 98 | ERRORS: best=70, median=310.0, diversity=0.08 | INDIVIDUALS: n=200, avg_genome_length=8.5
2021-12-07 14:39:27.074177 | GENERATION: 99 | ERRORS: best=70, median=430.0, diversity=0.08 | INDIVIDUALS: n=200, avg_genome_length=9.115
2021-12-07 14:39:27.783916 | GENERATION: 100 | ERRORS: best=70, median=430.0, diversity=0.09 | INDIVIDUALS: n=200, avg_genome_length=8.81
2021-12-07 14:39:28.356687 | GENERATION: 101 | ERRORS: best=70, median=430.0, diversity=0.075 | INDIVIDUALS: n=200, avg_genome_length=9.045
2021-12-07 14:39:29.231372 | GENERATION: 102 | ERRORS: best=70, median=310.0, diversity=0.06 | INDIVIDUALS: n=200, avg_genome_length=8.52
2021-12-07 14:39:29.750514 | GENERATION: 103 | ERRORS: best=70, median=430.0, diversity=0.07 | INDIVIDUALS: n=200, avg_genome_length=8.195
2021-12-07 14:39:30.674634 | GENERATION: 104 | ERRORS: best=70, median=430.0, diversity=0.08 | INDIVIDUALS: n=200, avg_genome_length=8.45
2021-12-07 14:39:31.670944 | GENERATION: 105 | ERRORS: best=70, median=430.0, diversity=0.075 | INDIVIDUALS: n=200, avg_genome_length=8.12
2021-12-07 14:39:32.691742 | GENERATION: 106 | ERRORS: best=70, median=430.0, diversity=0.07 | INDIVIDUALS: n=200, avg_genome_length=7.925
2021-12-07 14:39:33.460229 | GENERATION: 107 | ERRORS: best=70, median=430.0, diversity=0.09 | INDIVIDUALS: n=200, avg_genome_length=9.355
2021-12-07 14:39:34.472621 | GENERATION: 108 | ERRORS: best=70, median=430.0, diversity=0.14 | INDIVIDUALS: n=200, avg_genome_length=8.88
2021-12-07 14:39:35.514092 | GENERATION: 109 | ERRORS: best=70, median=430.0, diversity=0.11 | INDIVIDUALS: n=200, avg_genome_length=8.49
2021-12-07 14:39:36.570356 | GENERATION: 110 | ERRORS: best=70, median=430.0, diversity=0.145 | INDIVIDUALS: n=200, avg_genome_length=9.31
2021-12-07 14:39:37.655769 | GENERATION: 111 | ERRORS: best=70, median=430.0, diversity=0.145 | INDIVIDUALS: n=200, avg_genome_length=9.37
2021-12-07 14:39:38.613252 | GENERATION: 112 | ERRORS: best=70, median=430.0, diversity=0.115 | INDIVIDUALS: n=200, avg_genome_length=9.175
2021-12-07 14:39:39.680327 | GENERATION: 113 | ERRORS: best=70, median=430.0, diversity=0.14 | INDIVIDUALS: n=200, avg_genome_length=11.55
2021-12-07 14:39:40.755956 | GENERATION: 114 | ERRORS: best=70, median=430.0, diversity=0.135 | INDIVIDUALS: n=200, avg_genome_length=11.91
2021-12-07 14:39:41.676496 | GENERATION: 115 | ERRORS: best=70, median=430.0, diversity=0.14 | INDIVIDUALS: n=200, avg_genome_length=11.975
2021-12-07 14:39:42.594125 | GENERATION: 116 | ERRORS: best=70, median=430.0, diversity=0.14 | INDIVIDUALS: n=200, avg_genome_length=12.49
2021-12-07 14:39:43.582140 | GENERATION: 117 | ERRORS: best=70, median=430.0, diversity=0.155 | INDIVIDUALS: n=200, avg_genome_length=12.17
2021-12-07 14:39:44.177487 | GENERATION: 118 | ERRORS: best=70, median=310.0, diversity=0.105 | INDIVIDUALS: n=200, avg_genome_length=11.41
2021-12-07 14:39:44.790336 | GENERATION: 119 | ERRORS: best=70, median=430.0, diversity=0.13 | INDIVIDUALS: n=200, avg_genome_length=11.46
2021-12-07 14:39:45.780241 | GENERATION: 120 | ERRORS: best=70, median=430.0, diversity=0.07 | INDIVIDUALS: n=200, avg_genome_length=10.13
2021-12-07 14:39:46.660195 | GENERATION: 121 | ERRORS: best=70, median=430.0, diversity=0.08 | INDIVIDUALS: n=200, avg_genome_length=11.18
2021-12-07 14:39:47.643683 | GENERATION: 122 | ERRORS: best=70, median=430.0, diversity=0.075 | INDIVIDUALS: n=200, avg_genome_length=11.585
2021-12-07 14:39:48.377320 | GENERATION: 123 | ERRORS: best=70, median=430.0, diversity=0.08 | INDIVIDUALS: n=200, avg_genome_length=11.745
2021-12-07 14:39:49.288218 | GENERATION: 124 | ERRORS: best=70, median=430.0, diversity=0.09 | INDIVIDUALS: n=200, avg_genome_length=11.815
2021-12-07 14:39:49.949881 | GENERATION: 125 | ERRORS: best=70, median=430.0, diversity=0.095 | INDIVIDUALS: n=200, avg_genome_length=11.475
2021-12-07 14:39:50.899466 | GENERATION: 126 | ERRORS: best=70, median=430.0, diversity=0.07 | INDIVIDUALS: n=200, avg_genome_length=11.14
2021-12-07 14:39:51.803944 | GENERATION: 127 | ERRORS: best=70, median=310.0, diversity=0.09 | INDIVIDUALS: n=200, avg_genome_length=11.76
2021-12-07 14:39:52.781718 | GENERATION: 128 | ERRORS: best=70, median=430.0, diversity=0.1 | INDIVIDUALS: n=200, avg_genome_length=11.395
2021-12-07 14:39:53.725354 | GENERATION: 129 | ERRORS: best=70, median=430.0, diversity=0.085 | INDIVIDUALS: n=200, avg_genome_length=11.705
2021-12-07 14:39:54.622839 | GENERATION: 130 | ERRORS: best=70, median=430.0, diversity=0.11 | INDIVIDUALS: n=200, avg_genome_length=11.415
2021-12-07 14:39:55.687095 | GENERATION: 131 | ERRORS: best=70, median=345.0, diversity=0.095 | INDIVIDUALS: n=200, avg_genome_length=12.035
2021-12-07 14:39:56.764031 | GENERATION: 132 | ERRORS: best=70, median=430.0, diversity=0.095 | INDIVIDUALS: n=200, avg_genome_length=11.94
2021-12-07 14:39:57.374150 | GENERATION: 133 | ERRORS: best=70, median=430.0, diversity=0.11 | INDIVIDUALS: n=200, avg_genome_length=11.685
2021-12-07 14:39:58.003982 | GENERATION: 134 | ERRORS: best=70, median=430.0, diversity=0.13 | INDIVIDUALS: n=200, avg_genome_length=11.755
2021-12-07 14:39:59.044899 | GENERATION: 135 | ERRORS: best=70, median=382.5, diversity=0.12 | INDIVIDUALS: n=200, avg_genome_length=10.875
2021-12-07 14:39:59.894631 | GENERATION: 136 | ERRORS: best=70, median=430.0, diversity=0.11 | INDIVIDUALS: n=200, avg_genome_length=10.73
2021-12-07 14:40:00.754148 | GENERATION: 137 | ERRORS: best=70, median=430.0, diversity=0.09 | INDIVIDUALS: n=200, avg_genome_length=10.565
2021-12-07 14:40:01.312501 | GENERATION: 138 | ERRORS: best=70, median=430.0, diversity=0.075 | INDIVIDUALS: n=200, avg_genome_length=10.695
2021-12-07 14:40:02.171535 | GENERATION: 139 | ERRORS: best=70, median=430.0, diversity=0.09 | INDIVIDUALS: n=200, avg_genome_length=11.205
2021-12-07 14:40:03.169469 | GENERATION: 140 | ERRORS: best=70, median=430.0, diversity=0.085 | INDIVIDUALS: n=200, avg_genome_length=10.725
2021-12-07 14:40:03.945681 | GENERATION: 141 | ERRORS: best=70, median=430.0, diversity=0.085 | INDIVIDUALS: n=200, avg_genome_length=10.66
2021-12-07 14:40:04.864979 | GENERATION: 142 | ERRORS: best=70, median=430.0, diversity=0.11 | INDIVIDUALS: n=200, avg_genome_length=10.35
2021-12-07 14:40:05.711811 | GENERATION: 143 | ERRORS: best=70, median=430.0, diversity=0.105 | INDIVIDUALS: n=200, avg_genome_length=10.005
2021-12-07 14:40:06.607122 | GENERATION: 144 | ERRORS: best=70, median=430.0, diversity=0.12 | INDIVIDUALS: n=200, avg_genome_length=10.72
2021-12-07 14:40:07.615032 | GENERATION: 145 | ERRORS: best=70, median=430.0, diversity=0.125 | INDIVIDUALS: n=200, avg_genome_length=10.345
2021-12-07 14:40:08.411059 | GENERATION: 146 | ERRORS: best=70, median=421.0, diversity=0.115 | INDIVIDUALS: n=200, avg_genome_length=9.95
2021-12-07 14:40:09.135852 | GENERATION: 147 | ERRORS: best=70, median=430.0, diversity=0.12 | INDIVIDUALS: n=200, avg_genome_length=9.89
2021-12-07 14:40:09.684851 | GENERATION: 148 | ERRORS: best=70, median=430.0, diversity=0.13 | INDIVIDUALS: n=200, avg_genome_length=10.05
2021-12-07 14:40:10.396747 | GENERATION: 149 | ERRORS: best=70, median=430.0, diversity=0.13 | INDIVIDUALS: n=200, avg_genome_length=10.475
2021-12-07 14:40:11.434823 | GENERATION: 150 | ERRORS: best=70, median=430.0, diversity=0.145 | INDIVIDUALS: n=200, avg_genome_length=10.53
2021-12-07 14:40:12.265807 | GENERATION: 151 | ERRORS: best=70, median=310.0, diversity=0.105 | INDIVIDUALS: n=200, avg_genome_length=10.195
2021-12-07 14:40:13.268666 | GENERATION: 152 | ERRORS: best=70, median=380.0, diversity=0.105 | INDIVIDUALS: n=200, avg_genome_length=10.21
2021-12-07 14:40:14.052981 | GENERATION: 153 | ERRORS: best=70, median=430.0, diversity=0.075 | INDIVIDUALS: n=200, avg_genome_length=10.05
2021-12-07 14:40:14.986210 | GENERATION: 154 | ERRORS: best=70, median=380.0, diversity=0.11 | INDIVIDUALS: n=200, avg_genome_length=10.17
2021-12-07 14:40:15.841780 | GENERATION: 155 | ERRORS: best=70, median=310.0, diversity=0.095 | INDIVIDUALS: n=200, avg_genome_length=10.31
2021-12-07 14:40:16.606079 | GENERATION: 156 | ERRORS: best=70, median=380.0, diversity=0.105 | INDIVIDUALS: n=200, avg_genome_length=10.105
2021-12-07 14:40:17.183337 | GENERATION: 157 | ERRORS: best=70, median=310.0, diversity=0.085 | INDIVIDUALS: n=200, avg_genome_length=9.885
2021-12-07 14:40:17.750636 | GENERATION: 158 | ERRORS: best=70, median=345.0, diversity=0.1 | INDIVIDUALS: n=200, avg_genome_length=9.535
2021-12-07 14:40:18.270895 | GENERATION: 159 | ERRORS: best=70, median=430.0, diversity=0.08 | INDIVIDUALS: n=200, avg_genome_length=9.345
2021-12-07 14:40:19.195271 | GENERATION: 160 | ERRORS: best=70, median=430.0, diversity=0.105 | INDIVIDUALS: n=200, avg_genome_length=9.475
2021-12-07 14:40:20.050032 | GENERATION: 161 | ERRORS: best=70, median=430.0, diversity=0.09 | INDIVIDUALS: n=200, avg_genome_length=9.225
2021-12-07 14:40:20.804290 | GENERATION: 162 | ERRORS: best=70, median=430.0, diversity=0.13 | INDIVIDUALS: n=200, avg_genome_length=8.72
2021-12-07 14:40:21.753124 | GENERATION: 163 | ERRORS: best=70, median=430.0, diversity=0.085 | INDIVIDUALS: n=200, avg_genome_length=8.53
2021-12-07 14:40:22.486300 | GENERATION: 164 | ERRORS: best=70, median=430.0, diversity=0.09 | INDIVIDUALS: n=200, avg_genome_length=8.62
2021-12-07 14:40:23.326173 | GENERATION: 165 | ERRORS: best=70, median=430.0, diversity=0.08 | INDIVIDUALS: n=200, avg_genome_length=8.475
2021-12-07 14:40:24.086860 | GENERATION: 166 | ERRORS: best=70, median=430.0, diversity=0.085 | INDIVIDUALS: n=200, avg_genome_length=8.79
2021-12-07 14:40:24.960043 | GENERATION: 167 | ERRORS: best=70, median=430.0, diversity=0.08 | INDIVIDUALS: n=200, avg_genome_length=8.285
2021-12-07 14:40:26.004906 | GENERATION: 168 | ERRORS: best=70, median=430.0, diversity=0.085 | INDIVIDUALS: n=200, avg_genome_length=8.315
2021-12-07 14:40:26.965588 | GENERATION: 169 | ERRORS: best=70, median=430.0, diversity=0.095 | INDIVIDUALS: n=200, avg_genome_length=8.15
2021-12-07 14:40:27.804372 | GENERATION: 170 | ERRORS: best=70, median=430.0, diversity=0.085 | INDIVIDUALS: n=200, avg_genome_length=7.995
2021-12-07 14:40:28.649034 | GENERATION: 171 | ERRORS: best=70, median=430.0, diversity=0.075 | INDIVIDUALS: n=200, avg_genome_length=8.31
2021-12-07 14:40:29.577728 | GENERATION: 172 | ERRORS: best=70, median=430.0, diversity=0.065 | INDIVIDUALS: n=200, avg_genome_length=8.295
2021-12-07 14:40:30.459632 | GENERATION: 173 | ERRORS: best=70, median=430.0, diversity=0.065 | INDIVIDUALS: n=200, avg_genome_length=8.33
2021-12-07 14:40:31.289229 | GENERATION: 174 | ERRORS: best=70, median=430.0, diversity=0.075 | INDIVIDUALS: n=200, avg_genome_length=8.435
2021-12-07 14:40:32.019697 | GENERATION: 175 | ERRORS: best=70, median=430.0, diversity=0.095 | INDIVIDUALS: n=200, avg_genome_length=8.43
2021-12-07 14:40:32.949936 | GENERATION: 176 | ERRORS: best=70, median=430.0, diversity=0.075 | INDIVIDUALS: n=200, avg_genome_length=8.35
2021-12-07 14:40:33.876461 | GENERATION: 177 | ERRORS: best=70, median=430.0, diversity=0.085 | INDIVIDUALS: n=200, avg_genome_length=8.25
2021-12-07 14:40:34.399959 | GENERATION: 178 | ERRORS: best=70, median=430.0, diversity=0.08 | INDIVIDUALS: n=200, avg_genome_length=7.48
2021-12-07 14:40:35.214610 | GENERATION: 179 | ERRORS: best=70, median=430.0, diversity=0.07 | INDIVIDUALS: n=200, avg_genome_length=8.32
2021-12-07 14:40:36.171575 | GENERATION: 180 | ERRORS: best=70, median=430.0, diversity=0.11 | INDIVIDUALS: n=200, avg_genome_length=8.07
2021-12-07 14:40:36.944901 | GENERATION: 181 | ERRORS: best=70, median=430.0, diversity=0.07 | INDIVIDUALS: n=200, avg_genome_length=8.27
2021-12-07 14:40:37.828890 | GENERATION: 182 | ERRORS: best=70, median=430.0, diversity=0.075 | INDIVIDUALS: n=200, avg_genome_length=8.42
2021-12-07 14:40:38.691765 | GENERATION: 183 | ERRORS: best=70, median=430.0, diversity=0.075 | INDIVIDUALS: n=200, avg_genome_length=8.62
2021-12-07 14:40:39.583697 | GENERATION: 184 | ERRORS: best=70, median=430.0, diversity=0.085 | INDIVIDUALS: n=200, avg_genome_length=8.66
2021-12-07 14:40:40.354924 | GENERATION: 185 | ERRORS: best=70, median=405.0, diversity=0.08 | INDIVIDUALS: n=200, avg_genome_length=9.355
2021-12-07 14:40:41.152264 | GENERATION: 186 | ERRORS: best=70, median=430.0, diversity=0.07 | INDIVIDUALS: n=200, avg_genome_length=9.93
2021-12-07 14:40:42.119750 | GENERATION: 187 | ERRORS: best=70, median=430.0, diversity=0.1 | INDIVIDUALS: n=200, avg_genome_length=9.965
2021-12-07 14:40:43.060634 | GENERATION: 188 | ERRORS: best=70, median=430.0, diversity=0.095 | INDIVIDUALS: n=200, avg_genome_length=9.895
2021-12-07 14:40:44.038810 | GENERATION: 189 | ERRORS: best=70, median=430.0, diversity=0.1 | INDIVIDUALS: n=200, avg_genome_length=9.915
2021-12-07 14:40:44.995017 | GENERATION: 190 | ERRORS: best=70, median=430.0, diversity=0.115 | INDIVIDUALS: n=200, avg_genome_length=9.12
2021-12-07 14:40:46.032087 | GENERATION: 191 | ERRORS: best=70, median=310.0, diversity=0.14 | INDIVIDUALS: n=200, avg_genome_length=9.68
2021-12-07 14:40:47.101987 | GENERATION: 192 | ERRORS: best=70, median=430.0, diversity=0.125 | INDIVIDUALS: n=200, avg_genome_length=9.48
2021-12-07 14:40:48.113666 | GENERATION: 193 | ERRORS: best=70, median=310.0, diversity=0.11 | INDIVIDUALS: n=200, avg_genome_length=9.485
2021-12-07 14:40:49.205028 | GENERATION: 194 | ERRORS: best=70, median=430.0, diversity=0.11 | INDIVIDUALS: n=200, avg_genome_length=9.965
2021-12-07 14:40:50.302821 | GENERATION: 195 | ERRORS: best=70, median=430.0, diversity=0.14 | INDIVIDUALS: n=200, avg_genome_length=10.07
2021-12-07 14:40:51.399160 | GENERATION: 196 | ERRORS: best=70, median=430.0, diversity=0.125 | INDIVIDUALS: n=200, avg_genome_length=10.18
2021-12-07 14:40:52.505470 | GENERATION: 197 | ERRORS: best=70, median=430.0, diversity=0.11 | INDIVIDUALS: n=200, avg_genome_length=9.715
2021-12-07 14:40:53.465416 | GENERATION: 198 | ERRORS: best=70, median=430.0, diversity=0.095 | INDIVIDUALS: n=200, avg_genome_length=9.565
2021-12-07 14:40:54.058466 | GENERATION: 199 | ERRORS: best=70, median=430.0, diversity=0.09 | INDIVIDUALS: n=200, avg_genome_length=10.185
2021-12-07 14:40:54.661436 | GENERATION: 200 | ERRORS: best=70, median=430.0, diversity=0.075 | INDIVIDUALS: n=200, avg_genome_length=10.55
2021-12-07 14:40:55.623125 | GENERATION: 201 | ERRORS: best=70, median=430.0, diversity=0.095 | INDIVIDUALS: n=200, avg_genome_length=10.615
2021-12-07 14:40:56.374108 | GENERATION: 202 | ERRORS: best=70, median=430.0, diversity=0.11 | INDIVIDUALS: n=200, avg_genome_length=10.2
2021-12-07 14:40:56.961133 | GENERATION: 203 | ERRORS: best=70, median=430.0, diversity=0.09 | INDIVIDUALS: n=200, avg_genome_length=9.935
2021-12-07 14:40:57.784497 | GENERATION: 204 | ERRORS: best=70, median=421.0, diversity=0.075 | INDIVIDUALS: n=200, avg_genome_length=10.56
2021-12-07 14:40:58.725492 | GENERATION: 205 | ERRORS: best=70, median=430.0, diversity=0.11 | INDIVIDUALS: n=200, avg_genome_length=11.055
2021-12-07 14:40:59.710191 | GENERATION: 206 | ERRORS: best=70, median=399.0, diversity=0.08 | INDIVIDUALS: n=200, avg_genome_length=10.27
2021-12-07 14:41:00.638237 | GENERATION: 207 | ERRORS: best=70, median=430.0, diversity=0.07 | INDIVIDUALS: n=200, avg_genome_length=10.305
2021-12-07 14:41:01.507556 | GENERATION: 208 | ERRORS: best=70, median=405.0, diversity=0.085 | INDIVIDUALS: n=200, avg_genome_length=10.56
2021-12-07 14:41:02.300975 | GENERATION: 209 | ERRORS: best=70, median=430.0, diversity=0.09 | INDIVIDUALS: n=200, avg_genome_length=10.14
2021-12-07 14:41:03.107464 | GENERATION: 210 | ERRORS: best=70, median=430.0, diversity=0.095 | INDIVIDUALS: n=200, avg_genome_length=10.095
2021-12-07 14:41:03.677319 | GENERATION: 211 | ERRORS: best=70, median=430.0, diversity=0.07 | INDIVIDUALS: n=200, avg_genome_length=9.745
2021-12-07 14:41:04.276584 | GENERATION: 212 | ERRORS: best=70, median=430.0, diversity=0.1 | INDIVIDUALS: n=200, avg_genome_length=10.965
2021-12-07 14:41:05.296017 | GENERATION: 213 | ERRORS: best=70, median=430.0, diversity=0.105 | INDIVIDUALS: n=200, avg_genome_length=10.815
2021-12-07 14:41:05.906630 | GENERATION: 214 | ERRORS: best=70, median=430.0, diversity=0.115 | INDIVIDUALS: n=200, avg_genome_length=11.455
2021-12-07 14:41:06.609001 | GENERATION: 215 | ERRORS: best=70, median=430.0, diversity=0.14 | INDIVIDUALS: n=200, avg_genome_length=11.585
2021-12-07 14:41:07.213991 | GENERATION: 216 | ERRORS: best=70, median=430.0, diversity=0.12 | INDIVIDUALS: n=200, avg_genome_length=11.17
2021-12-07 14:41:08.089753 | GENERATION: 217 | ERRORS: best=70, median=430.0, diversity=0.125 | INDIVIDUALS: n=200, avg_genome_length=11.11
2021-12-07 14:41:08.669492 | GENERATION: 218 | ERRORS: best=70, median=430.0, diversity=0.085 | INDIVIDUALS: n=200, avg_genome_length=11.205
2021-12-07 14:41:09.558988 | GENERATION: 219 | ERRORS: best=70, median=310.0, diversity=0.075 | INDIVIDUALS: n=200, avg_genome_length=10.92
2021-12-07 14:41:10.296817 | GENERATION: 220 | ERRORS: best=70, median=430.0, diversity=0.11 | INDIVIDUALS: n=200, avg_genome_length=11.555
2021-12-07 14:41:11.054719 | GENERATION: 221 | ERRORS: best=70, median=430.0, diversity=0.09 | INDIVIDUALS: n=200, avg_genome_length=12.53
2021-12-07 14:41:11.772852 | GENERATION: 222 | ERRORS: best=70, median=430.0, diversity=0.095 | INDIVIDUALS: n=200, avg_genome_length=12.34
2021-12-07 14:41:12.392674 | GENERATION: 223 | ERRORS: best=70, median=405.0, diversity=0.1 | INDIVIDUALS: n=200, avg_genome_length=12.845
2021-12-07 14:41:13.000313 | GENERATION: 224 | ERRORS: best=70, median=430.0, diversity=0.08 | INDIVIDUALS: n=200, avg_genome_length=12.58
2021-12-07 14:41:13.987839 | GENERATION: 225 | ERRORS: best=70, median=405.0, diversity=0.08 | INDIVIDUALS: n=200, avg_genome_length=12.69
2021-12-07 14:41:14.940983 | GENERATION: 226 | ERRORS: best=70, median=430.0, diversity=0.09 | INDIVIDUALS: n=200, avg_genome_length=12.175
2021-12-07 14:41:15.516149 | GENERATION: 227 | ERRORS: best=70, median=380.0, diversity=0.125 | INDIVIDUALS: n=200, avg_genome_length=11.915
2021-12-07 14:41:16.299717 | GENERATION: 228 | ERRORS: best=70, median=380.0, diversity=0.085 | INDIVIDUALS: n=200, avg_genome_length=11.63
2021-12-07 14:41:17.214696 | GENERATION: 229 | ERRORS: best=70, median=310.0, diversity=0.095 | INDIVIDUALS: n=200, avg_genome_length=11.74
2021-12-07 14:41:18.204214 | GENERATION: 230 | ERRORS: best=70, median=396.0, diversity=0.11 | INDIVIDUALS: n=200, avg_genome_length=11.59
2021-12-07 14:41:19.189809 | GENERATION: 231 | ERRORS: best=70, median=430.0, diversity=0.09 | INDIVIDUALS: n=200, avg_genome_length=11.29
2021-12-07 14:41:20.141658 | GENERATION: 232 | ERRORS: best=70, median=430.0, diversity=0.08 | INDIVIDUALS: n=200, avg_genome_length=11.515
2021-12-07 14:41:21.108913 | GENERATION: 233 | ERRORS: best=70, median=380.0, diversity=0.115 | INDIVIDUALS: n=200, avg_genome_length=11.455
2021-12-07 14:41:22.141884 | GENERATION: 234 | ERRORS: best=70, median=405.0, diversity=0.095 | INDIVIDUALS: n=200, avg_genome_length=12.16
2021-12-07 14:41:22.827820 | GENERATION: 235 | ERRORS: best=70, median=421.0, diversity=0.085 | INDIVIDUALS: n=200, avg_genome_length=11.465
2021-12-07 14:41:23.871892 | GENERATION: 236 | ERRORS: best=70, median=380.0, diversity=0.105 | INDIVIDUALS: n=200, avg_genome_length=11.475
2021-12-07 14:41:24.918108 | GENERATION: 237 | ERRORS: best=70, median=430.0, diversity=0.105 | INDIVIDUALS: n=200, avg_genome_length=10.91
2021-12-07 14:41:25.765642 | GENERATION: 238 | ERRORS: best=70, median=430.0, diversity=0.12 | INDIVIDUALS: n=200, avg_genome_length=11.44
2021-12-07 14:41:26.597253 | GENERATION: 239 | ERRORS: best=70, median=310.0, diversity=0.075 | INDIVIDUALS: n=200, avg_genome_length=10.395
2021-12-07 14:41:27.517115 | GENERATION: 240 | ERRORS: best=70, median=367.5, diversity=0.095 | INDIVIDUALS: n=200, avg_genome_length=11.145
2021-12-07 14:41:28.623698 | GENERATION: 241 | ERRORS: best=70, median=405.0, diversity=0.115 | INDIVIDUALS: n=200, avg_genome_length=11.105
2021-12-07 14:41:29.598757 | GENERATION: 242 | ERRORS: best=70, median=430.0, diversity=0.16 | INDIVIDUALS: n=200, avg_genome_length=11.185
2021-12-07 14:41:30.648335 | GENERATION: 243 | ERRORS: best=70, median=430.0, diversity=0.085 | INDIVIDUALS: n=200, avg_genome_length=11.405
2021-12-07 14:41:31.747607 | GENERATION: 244 | ERRORS: best=70, median=400.0, diversity=0.115 | INDIVIDUALS: n=200, avg_genome_length=11.94
2021-12-07 14:41:32.889615 | GENERATION: 245 | ERRORS: best=70, median=380.0, diversity=0.105 | INDIVIDUALS: n=200, avg_genome_length=12.145
2021-12-07 14:41:33.874637 | GENERATION: 246 | ERRORS: best=70, median=430.0, diversity=0.12 | INDIVIDUALS: n=200, avg_genome_length=12.49
2021-12-07 14:41:34.497120 | GENERATION: 247 | ERRORS: best=70, median=430.0, diversity=0.105 | INDIVIDUALS: n=200, avg_genome_length=12.64
2021-12-07 14:41:35.525609 | GENERATION: 248 | ERRORS: best=70, median=396.0, diversity=0.115 | INDIVIDUALS: n=200, avg_genome_length=12.84
2021-12-07 14:41:36.492727 | GENERATION: 249 | ERRORS: best=70, median=388.0, diversity=0.09 | INDIVIDUALS: n=200, avg_genome_length=12.05
Simplifying genome of length 15 with total error 0.
Simplified genome by 1 to length 14.
Simplified genome by 1 to length 13.
Simplified genome to length 13 and total error 0.
========================================
End Run
========================================
Solution found.
Best Seen Individual
	Genome:
	 pvector([Input(input_index=0), Literal(value=2000, push_type=<pyshgp.push.types.PushIntType object at 0x7fb72c69e970>), InstructionMeta(name='int_gte', code_blocks=0), InstructionMeta(name='exec_if', code_blocks=2), Literal(value='large', push_type=<pyshgp.push.types.PushStrType object at 0x7fb72c69e8e0>), InstructionMeta(name='print_str', code_blocks=0), Closer(), Input(input_index=0), Literal(value=1000, push_type=<pyshgp.push.types.PushIntType object at 0x7fb72c69e3d0>), InstructionMeta(name='int_lt', code_blocks=0), Literal(value='small', push_type=<pyshgp.push.types.PushStrType object at 0x7fb72c69e340>), InstructionMeta(name='exec_if', code_blocks=2), InstructionMeta(name='print_str', code_blocks=0)])
	Program:
	 (input_0 2000 int_gte exec_if ("large" print_str) (input_0 1000 int_lt "small" exec_if (print_str) ()))
	Error vector:
	 [0 0 0 0 0 0 0 0 0 0 0 0 0 0 0 0 0 0 0 0 0 0 0 0 0 0 0 0 0 0 0 0 0 0 0 0 0
 0 0 0 0 0 0 0 0 0 0 0 0 0 0 0 0 0 0 0 0 0 0 0 0 0 0 0 0 0 0 0 0 0 0 0 0 0
 0 0 0 0 0 0 0 0 0 0 0 0 0 0 0 0 0 0 0 0 0 0 0 0 0 0]
	Total error:
	 0
	Test error:
	 0
	Time:
	 00:04:13
