Included 27 edge cases.
Included 73 random cases.
Included 100 cases in total.
Finished formatting.
Included 0 edge cases.
Included 1000 random cases.
Included 1000 cases in total.
Finished formatting.
========================================
Setup
========================================
Search Configuration:
signature: ProgramSignature(arity=1, push_config=PushConfig(collection_size_cap=1000, step_limit=300, growth_cap=500, runtime_limit=10, numeric_magnitude_limit=1000000000000.0), output_stacks=['stdout'])
evaluator: <pyshgp.gp.evaluation.DatasetEvaluator object at 0x7f2bf8114ee0>
spawner: <pyshgp.gp.genome.GeneSpawner object at 0x7f2bf8114820>
population_size: 200
max_generations: 300
error_threshold: 0.0
initial_genome_size: (20, 100)
simplification_steps: 500
parallel_context: <pyshgp.gp.search.ParallelContext object at 0x7f2bf5dd2340>
selection: <pyshgp.utils.DiscreteProbDistrib object at 0x7f2bf5e29480>
variation: <pyshgp.utils.DiscreteProbDistrib object at 0x7f2bf5e292c0>
Instructions:
int_add, int_sub, int_mult, int_div, int_mod, int_min, int_max, int_inc, int_dec, int_lt, int_lte, int_gt, int_gte, int_from_bool, str_concat, str_insert_str, str_from_first_char, str_from_last_char, str_from_nth_char, str_contains_str, str_index_of_str, str_split_on_str, str_replace_first_str, str_replace_n_str, str_replace_all_str, str_remove_first_str, str_remove_n_str, str_remove_all_str, str_occurrences_of_str, str_reverse, str_head, str_tail, str_rest, str_but_last, str_drop, str_but_last_n, str_length, str_make_empty, str_is_empty_string, str_remove_nth, str_strip_whitespace, str_from_bool, str_from_int, bool_and, bool_or, bool_not, bool_xor, bool_invert_first_then_and, bool_second_first_then_and, bool_from_int, noop, noop_open, exec_do_range, exec_do_count, exec_while, exec_do_while, exec_if, exec_when, print_bool, println_bool, print_int, println_int, print_str, println_str, print_exec, println_exec, bool_pop, bool_dup, bool_dup_times, bool_swap, bool_rot, bool_flush, bool_eq, bool_stack_depth, bool_yank, bool_yank_dup, bool_shove, bool_shove_dup, bool_is_empty, int_pop, int_dup, int_dup_times, int_swap, int_rot, int_flush, int_eq, int_stack_depth, int_yank, int_yank_dup, int_shove, int_shove_dup, int_is_empty, str_pop, str_dup, str_dup_times, str_swap, str_rot, str_flush, str_eq, str_stack_depth, str_yank, str_yank_dup, str_shove, str_shove_dup, str_is_empty, exec_pop, exec_dup, exec_dup_times, exec_swap, exec_rot, exec_flush, exec_eq, exec_stack_depth, exec_yank, exec_yank_dup, exec_shove, exec_shove_dup, exec_is_empty
Literals:
[Literal(value='small', push_type=<pyshgp.push.types.PushStrType object at 0x7f2bf825bbe0>), Literal(value='large', push_type=<pyshgp.push.types.PushStrType object at 0x7f2bf825bbe0>)]
ERC Generators:
[<function rand_int at 0x7f2bf5e18670>]
========================================
Start Run
========================================
2021-12-22 20:14:40.273965 | GENERATION: 1 | ERRORS: best=420, median=5413.0, diversity=0.055 | INDIVIDUALS: n=200, avg_genome_length=68.28 | VIRUSES: gene_rate=0.000
2021-12-22 20:14:42.651945 | GENERATION: 2 | ERRORS: best=245, median=420.0, diversity=0.105 | INDIVIDUALS: n=200, avg_genome_length=69.31 | VIRUSES: gene_rate=0.009
2021-12-22 20:14:44.630992 | GENERATION: 3 | ERRORS: best=245, median=420.0, diversity=0.13 | INDIVIDUALS: n=200, avg_genome_length=63.565 | VIRUSES: gene_rate=0.035
2021-12-22 20:14:46.714005 | GENERATION: 4 | ERRORS: best=245, median=335.0, diversity=0.11 | INDIVIDUALS: n=200, avg_genome_length=63.605 | VIRUSES: gene_rate=0.038
2021-12-22 20:14:48.558678 | GENERATION: 5 | ERRORS: best=200, median=335.0, diversity=0.11 | INDIVIDUALS: n=200, avg_genome_length=61.26 | VIRUSES: gene_rate=0.049
2021-12-22 20:14:50.775536 | GENERATION: 6 | ERRORS: best=200, median=335.0, diversity=0.155 | INDIVIDUALS: n=200, avg_genome_length=58.385 | VIRUSES: gene_rate=0.052
2021-12-22 20:14:52.957126 | GENERATION: 7 | ERRORS: best=200, median=335.0, diversity=0.16 | INDIVIDUALS: n=200, avg_genome_length=57.475 | VIRUSES: gene_rate=0.059
2021-12-22 20:14:55.162703 | GENERATION: 8 | ERRORS: best=200, median=335.0, diversity=0.16 | INDIVIDUALS: n=200, avg_genome_length=57.565 | VIRUSES: gene_rate=0.067
2021-12-22 20:14:57.440699 | GENERATION: 9 | ERRORS: best=200, median=335.0, diversity=0.185 | INDIVIDUALS: n=200, avg_genome_length=54.015 | VIRUSES: gene_rate=0.074
2021-12-22 20:14:59.385716 | GENERATION: 10 | ERRORS: best=165, median=376.0, diversity=0.18 | INDIVIDUALS: n=200, avg_genome_length=51.045 | VIRUSES: gene_rate=0.082
2021-12-22 20:15:00.764044 | GENERATION: 11 | ERRORS: best=165, median=335.0, diversity=0.165 | INDIVIDUALS: n=200, avg_genome_length=53.595 | VIRUSES: gene_rate=0.084
2021-12-22 20:15:02.179183 | GENERATION: 12 | ERRORS: best=165, median=335.0, diversity=0.16 | INDIVIDUALS: n=200, avg_genome_length=53.335 | VIRUSES: gene_rate=0.102
2021-12-22 20:15:03.630364 | GENERATION: 13 | ERRORS: best=165, median=335.0, diversity=0.13 | INDIVIDUALS: n=200, avg_genome_length=53.71 | VIRUSES: gene_rate=0.111
2021-12-22 20:15:05.084859 | GENERATION: 14 | ERRORS: best=165, median=373.0, diversity=0.16 | INDIVIDUALS: n=200, avg_genome_length=53.555 | VIRUSES: gene_rate=0.113
2021-12-22 20:15:06.447994 | GENERATION: 15 | ERRORS: best=165, median=335.0, diversity=0.175 | INDIVIDUALS: n=200, avg_genome_length=53.42 | VIRUSES: gene_rate=0.124
2021-12-22 20:15:07.622831 | GENERATION: 16 | ERRORS: best=120, median=335.0, diversity=0.175 | INDIVIDUALS: n=200, avg_genome_length=53.86 | VIRUSES: gene_rate=0.136
2021-12-22 20:15:08.696076 | GENERATION: 17 | ERRORS: best=120, median=335.0, diversity=0.235 | INDIVIDUALS: n=200, avg_genome_length=51.61 | VIRUSES: gene_rate=0.176
2021-12-22 20:15:10.035391 | GENERATION: 18 | ERRORS: best=120, median=335.0, diversity=0.24 | INDIVIDUALS: n=200, avg_genome_length=51.58 | VIRUSES: gene_rate=0.180
2021-12-22 20:15:11.078407 | GENERATION: 19 | ERRORS: best=120, median=335.0, diversity=0.195 | INDIVIDUALS: n=200, avg_genome_length=50.56 | VIRUSES: gene_rate=0.177
2021-12-22 20:15:12.205332 | GENERATION: 20 | ERRORS: best=120, median=335.0, diversity=0.205 | INDIVIDUALS: n=200, avg_genome_length=49.96 | VIRUSES: gene_rate=0.187
2021-12-22 20:15:13.524160 | GENERATION: 21 | ERRORS: best=120, median=335.0, diversity=0.22 | INDIVIDUALS: n=200, avg_genome_length=49.06 | VIRUSES: gene_rate=0.199
2021-12-22 20:15:14.808340 | GENERATION: 22 | ERRORS: best=120, median=335.0, diversity=0.165 | INDIVIDUALS: n=200, avg_genome_length=48.39 | VIRUSES: gene_rate=0.207
2021-12-22 20:15:15.864138 | GENERATION: 23 | ERRORS: best=120, median=335.0, diversity=0.225 | INDIVIDUALS: n=200, avg_genome_length=47.375 | VIRUSES: gene_rate=0.212
2021-12-22 20:15:17.009792 | GENERATION: 24 | ERRORS: best=120, median=350.0, diversity=0.19 | INDIVIDUALS: n=200, avg_genome_length=46.905 | VIRUSES: gene_rate=0.224
2021-12-22 20:15:18.222523 | GENERATION: 25 | ERRORS: best=120, median=335.0, diversity=0.21 | INDIVIDUALS: n=200, avg_genome_length=45.4 | VIRUSES: gene_rate=0.241
2021-12-22 20:15:19.524062 | GENERATION: 26 | ERRORS: best=120, median=335.0, diversity=0.22 | INDIVIDUALS: n=200, avg_genome_length=43.325 | VIRUSES: gene_rate=0.227
2021-12-22 20:15:20.789135 | GENERATION: 27 | ERRORS: best=120, median=390.0, diversity=0.23 | INDIVIDUALS: n=200, avg_genome_length=42.125 | VIRUSES: gene_rate=0.234
2021-12-22 20:15:22.059650 | GENERATION: 28 | ERRORS: best=120, median=335.0, diversity=0.265 | INDIVIDUALS: n=200, avg_genome_length=42.455 | VIRUSES: gene_rate=0.245
2021-12-22 20:15:23.341152 | GENERATION: 29 | ERRORS: best=120, median=335.0, diversity=0.24 | INDIVIDUALS: n=200, avg_genome_length=43.015 | VIRUSES: gene_rate=0.247
2021-12-22 20:15:24.723972 | GENERATION: 30 | ERRORS: best=120, median=335.0, diversity=0.25 | INDIVIDUALS: n=200, avg_genome_length=42.595 | VIRUSES: gene_rate=0.249
2021-12-22 20:15:25.859307 | GENERATION: 31 | ERRORS: best=120, median=335.0, diversity=0.245 | INDIVIDUALS: n=200, avg_genome_length=42.425 | VIRUSES: gene_rate=0.254
2021-12-22 20:15:27.029133 | GENERATION: 32 | ERRORS: best=120, median=335.0, diversity=0.225 | INDIVIDUALS: n=200, avg_genome_length=42.525 | VIRUSES: gene_rate=0.251
2021-12-22 20:15:28.326127 | GENERATION: 33 | ERRORS: best=120, median=387.0, diversity=0.24 | INDIVIDUALS: n=200, avg_genome_length=41.285 | VIRUSES: gene_rate=0.254
2021-12-22 20:15:29.625446 | GENERATION: 34 | ERRORS: best=120, median=335.0, diversity=0.2 | INDIVIDUALS: n=200, avg_genome_length=41.28 | VIRUSES: gene_rate=0.254
2021-12-22 20:15:30.699859 | GENERATION: 35 | ERRORS: best=120, median=335.0, diversity=0.215 | INDIVIDUALS: n=200, avg_genome_length=41.395 | VIRUSES: gene_rate=0.270
2021-12-22 20:15:31.920876 | GENERATION: 36 | ERRORS: best=120, median=335.0, diversity=0.19 | INDIVIDUALS: n=200, avg_genome_length=39.505 | VIRUSES: gene_rate=0.277
2021-12-22 20:15:33.277891 | GENERATION: 37 | ERRORS: best=120, median=365.0, diversity=0.21 | INDIVIDUALS: n=200, avg_genome_length=39.605 | VIRUSES: gene_rate=0.282
2021-12-22 20:15:34.337383 | GENERATION: 38 | ERRORS: best=120, median=335.0, diversity=0.195 | INDIVIDUALS: n=200, avg_genome_length=40.83 | VIRUSES: gene_rate=0.299
2021-12-22 20:15:35.412919 | GENERATION: 39 | ERRORS: best=120, median=335.0, diversity=0.155 | INDIVIDUALS: n=200, avg_genome_length=41.75 | VIRUSES: gene_rate=0.326
2021-12-22 20:15:36.808573 | GENERATION: 40 | ERRORS: best=80, median=335.0, diversity=0.195 | INDIVIDUALS: n=200, avg_genome_length=41.035 | VIRUSES: gene_rate=0.317
2021-12-22 20:15:38.244988 | GENERATION: 41 | ERRORS: best=40, median=255.0, diversity=0.21 | INDIVIDUALS: n=200, avg_genome_length=44.455 | VIRUSES: gene_rate=0.367
2021-12-22 20:15:39.340819 | GENERATION: 42 | ERRORS: best=40, median=245.0, diversity=0.155 | INDIVIDUALS: n=200, avg_genome_length=47.0 | VIRUSES: gene_rate=0.350
2021-12-22 20:15:40.415006 | GENERATION: 43 | ERRORS: best=40, median=255.0, diversity=0.175 | INDIVIDUALS: n=200, avg_genome_length=44.235 | VIRUSES: gene_rate=0.336
2021-12-22 20:15:41.440998 | GENERATION: 44 | ERRORS: best=40, median=245.0, diversity=0.15 | INDIVIDUALS: n=200, avg_genome_length=45.495 | VIRUSES: gene_rate=0.332
2021-12-22 20:15:42.588385 | GENERATION: 45 | ERRORS: best=40, median=245.0, diversity=0.165 | INDIVIDUALS: n=200, avg_genome_length=42.945 | VIRUSES: gene_rate=0.318
2021-12-22 20:15:43.547038 | GENERATION: 46 | ERRORS: best=40, median=245.0, diversity=0.135 | INDIVIDUALS: n=200, avg_genome_length=43.64 | VIRUSES: gene_rate=0.318
2021-12-22 20:15:44.487046 | GENERATION: 47 | ERRORS: best=40, median=245.0, diversity=0.16 | INDIVIDUALS: n=200, avg_genome_length=44.59 | VIRUSES: gene_rate=0.329
2021-12-22 20:15:45.455669 | GENERATION: 48 | ERRORS: best=40, median=255.0, diversity=0.19 | INDIVIDUALS: n=200, avg_genome_length=42.205 | VIRUSES: gene_rate=0.338
2021-12-22 20:15:46.417767 | GENERATION: 49 | ERRORS: best=40, median=255.0, diversity=0.18 | INDIVIDUALS: n=200, avg_genome_length=42.045 | VIRUSES: gene_rate=0.328
2021-12-22 20:15:47.489183 | GENERATION: 50 | ERRORS: best=40, median=255.0, diversity=0.18 | INDIVIDUALS: n=200, avg_genome_length=43.15 | VIRUSES: gene_rate=0.349
2021-12-22 20:15:48.534605 | GENERATION: 51 | ERRORS: best=40, median=255.0, diversity=0.225 | INDIVIDUALS: n=200, avg_genome_length=43.53 | VIRUSES: gene_rate=0.350
2021-12-22 20:15:49.591640 | GENERATION: 52 | ERRORS: best=40, median=255.0, diversity=0.21 | INDIVIDUALS: n=200, avg_genome_length=42.605 | VIRUSES: gene_rate=0.346
2021-12-22 20:15:50.644349 | GENERATION: 53 | ERRORS: best=40, median=245.0, diversity=0.22 | INDIVIDUALS: n=200, avg_genome_length=43.235 | VIRUSES: gene_rate=0.342
2021-12-22 20:15:51.790306 | GENERATION: 54 | ERRORS: best=40, median=255.0, diversity=0.255 | INDIVIDUALS: n=200, avg_genome_length=42.96 | VIRUSES: gene_rate=0.352
2021-12-22 20:15:52.741656 | GENERATION: 55 | ERRORS: best=40, median=335.0, diversity=0.2 | INDIVIDUALS: n=200, avg_genome_length=42.8 | VIRUSES: gene_rate=0.361
2021-12-22 20:15:53.666406 | GENERATION: 56 | ERRORS: best=40, median=255.0, diversity=0.25 | INDIVIDUALS: n=200, avg_genome_length=41.81 | VIRUSES: gene_rate=0.356
2021-12-22 20:15:55.045302 | GENERATION: 57 | ERRORS: best=40, median=255.0, diversity=0.23 | INDIVIDUALS: n=200, avg_genome_length=42.555 | VIRUSES: gene_rate=0.357
2021-12-22 20:15:55.992528 | GENERATION: 58 | ERRORS: best=40, median=255.0, diversity=0.22 | INDIVIDUALS: n=200, avg_genome_length=41.345 | VIRUSES: gene_rate=0.360
2021-12-22 20:15:56.936778 | GENERATION: 59 | ERRORS: best=40, median=335.0, diversity=0.215 | INDIVIDUALS: n=200, avg_genome_length=41.645 | VIRUSES: gene_rate=0.368
2021-12-22 20:15:57.868965 | GENERATION: 60 | ERRORS: best=40, median=255.0, diversity=0.195 | INDIVIDUALS: n=200, avg_genome_length=40.405 | VIRUSES: gene_rate=0.398
2021-12-22 20:15:58.997407 | GENERATION: 61 | ERRORS: best=40, median=335.0, diversity=0.27 | INDIVIDUALS: n=200, avg_genome_length=42.2 | VIRUSES: gene_rate=0.410
2021-12-22 20:16:00.005438 | GENERATION: 62 | ERRORS: best=40, median=370.0, diversity=0.255 | INDIVIDUALS: n=200, avg_genome_length=39.24 | VIRUSES: gene_rate=0.395
2021-12-22 20:16:01.070996 | GENERATION: 63 | ERRORS: best=40, median=335.0, diversity=0.235 | INDIVIDUALS: n=200, avg_genome_length=41.345 | VIRUSES: gene_rate=0.387
2021-12-22 20:16:02.065149 | GENERATION: 64 | ERRORS: best=40, median=420.0, diversity=0.22 | INDIVIDUALS: n=200, avg_genome_length=38.005 | VIRUSES: gene_rate=0.403
2021-12-22 20:16:02.977047 | GENERATION: 65 | ERRORS: best=40, median=335.0, diversity=0.22 | INDIVIDUALS: n=200, avg_genome_length=38.435 | VIRUSES: gene_rate=0.417
2021-12-22 20:16:03.865131 | GENERATION: 66 | ERRORS: best=40, median=255.0, diversity=0.225 | INDIVIDUALS: n=200, avg_genome_length=37.82 | VIRUSES: gene_rate=0.433
2021-12-22 20:16:04.814809 | GENERATION: 67 | ERRORS: best=40, median=367.5, diversity=0.225 | INDIVIDUALS: n=200, avg_genome_length=36.7 | VIRUSES: gene_rate=0.429
2021-12-22 20:16:05.980519 | GENERATION: 68 | ERRORS: best=40, median=335.0, diversity=0.255 | INDIVIDUALS: n=200, avg_genome_length=41.765 | VIRUSES: gene_rate=0.399
2021-12-22 20:16:07.084482 | GENERATION: 69 | ERRORS: best=40, median=255.0, diversity=0.24 | INDIVIDUALS: n=200, avg_genome_length=43.57 | VIRUSES: gene_rate=0.371
2021-12-22 20:16:08.062048 | GENERATION: 70 | ERRORS: best=40, median=335.0, diversity=0.18 | INDIVIDUALS: n=200, avg_genome_length=43.0 | VIRUSES: gene_rate=0.363
2021-12-22 20:16:09.073262 | GENERATION: 71 | ERRORS: best=40, median=255.0, diversity=0.23 | INDIVIDUALS: n=200, avg_genome_length=45.265 | VIRUSES: gene_rate=0.344
2021-12-22 20:16:10.300745 | GENERATION: 72 | ERRORS: best=40, median=335.0, diversity=0.22 | INDIVIDUALS: n=200, avg_genome_length=45.38 | VIRUSES: gene_rate=0.366
2021-12-22 20:16:11.433384 | GENERATION: 73 | ERRORS: best=40, median=255.0, diversity=0.225 | INDIVIDUALS: n=200, avg_genome_length=44.945 | VIRUSES: gene_rate=0.368
2021-12-22 20:16:12.737483 | GENERATION: 74 | ERRORS: best=40, median=255.0, diversity=0.25 | INDIVIDUALS: n=200, avg_genome_length=45.28 | VIRUSES: gene_rate=0.372
2021-12-22 20:16:13.994623 | GENERATION: 75 | ERRORS: best=40, median=335.0, diversity=0.255 | INDIVIDUALS: n=200, avg_genome_length=45.57 | VIRUSES: gene_rate=0.375
2021-12-22 20:16:15.266199 | GENERATION: 76 | ERRORS: best=40, median=290.0, diversity=0.21 | INDIVIDUALS: n=200, avg_genome_length=44.965 | VIRUSES: gene_rate=0.388
2021-12-22 20:16:16.478140 | GENERATION: 77 | ERRORS: best=40, median=270.0, diversity=0.295 | INDIVIDUALS: n=200, avg_genome_length=46.385 | VIRUSES: gene_rate=0.423
2021-12-22 20:16:17.730103 | GENERATION: 78 | ERRORS: best=40, median=255.0, diversity=0.285 | INDIVIDUALS: n=200, avg_genome_length=46.52 | VIRUSES: gene_rate=0.409
2021-12-22 20:16:18.956972 | GENERATION: 79 | ERRORS: best=40, median=255.0, diversity=0.265 | INDIVIDUALS: n=200, avg_genome_length=48.025 | VIRUSES: gene_rate=0.426
2021-12-22 20:16:20.378570 | GENERATION: 80 | ERRORS: best=40, median=335.0, diversity=0.295 | INDIVIDUALS: n=200, avg_genome_length=48.06 | VIRUSES: gene_rate=0.422
2021-12-22 20:16:21.821690 | GENERATION: 81 | ERRORS: best=40, median=350.0, diversity=0.35 | INDIVIDUALS: n=200, avg_genome_length=46.48 | VIRUSES: gene_rate=0.441
2021-12-22 20:16:22.849298 | GENERATION: 82 | ERRORS: best=40, median=255.0, diversity=0.26 | INDIVIDUALS: n=200, avg_genome_length=46.22 | VIRUSES: gene_rate=0.428
2021-12-22 20:16:24.155927 | GENERATION: 83 | ERRORS: best=40, median=255.0, diversity=0.21 | INDIVIDUALS: n=200, avg_genome_length=46.42 | VIRUSES: gene_rate=0.434
2021-12-22 20:16:25.344459 | GENERATION: 84 | ERRORS: best=40, median=255.0, diversity=0.2 | INDIVIDUALS: n=200, avg_genome_length=46.435 | VIRUSES: gene_rate=0.421
2021-12-22 20:16:26.502629 | GENERATION: 85 | ERRORS: best=40, median=255.0, diversity=0.225 | INDIVIDUALS: n=200, avg_genome_length=45.925 | VIRUSES: gene_rate=0.419
2021-12-22 20:16:27.629022 | GENERATION: 86 | ERRORS: best=40, median=255.0, diversity=0.2 | INDIVIDUALS: n=200, avg_genome_length=47.295 | VIRUSES: gene_rate=0.427
2021-12-22 20:16:28.778484 | GENERATION: 87 | ERRORS: best=40, median=245.0, diversity=0.19 | INDIVIDUALS: n=200, avg_genome_length=47.465 | VIRUSES: gene_rate=0.403
2021-12-22 20:16:29.805379 | GENERATION: 88 | ERRORS: best=40, median=245.0, diversity=0.2 | INDIVIDUALS: n=200, avg_genome_length=48.14 | VIRUSES: gene_rate=0.398
2021-12-22 20:16:31.250746 | GENERATION: 89 | ERRORS: best=40, median=255.0, diversity=0.23 | INDIVIDUALS: n=200, avg_genome_length=47.86 | VIRUSES: gene_rate=0.397
2021-12-22 20:16:32.491482 | GENERATION: 90 | ERRORS: best=40, median=245.0, diversity=0.205 | INDIVIDUALS: n=200, avg_genome_length=47.545 | VIRUSES: gene_rate=0.384
Simplifying genome of length 48 with total error 0.
Simplified genome by 1 to length 47.
Simplified genome by 2 to length 45.
Simplified genome by 1 to length 44.
Simplified genome by 1 to length 43.
Simplified genome by 2 to length 41.
Simplified genome by 1 to length 40.
Simplified genome by 1 to length 39.
Simplified genome by 1 to length 38.
Simplified genome by 1 to length 37.
Simplified genome by 3 to length 34.
Simplified genome by 2 to length 32.
Simplified genome by 1 to length 31.
Simplified genome by 2 to length 29.
Simplified genome by 1 to length 28.
Simplified genome by 2 to length 26.
Simplified genome by 1 to length 25.
Simplified genome by 3 to length 22.
Simplified genome by 1 to length 21.
Simplified genome by 2 to length 19.
Simplified genome by 1 to length 18.
Simplified genome by 1 to length 17.
Simplified genome by 1 to length 16.
Simplified genome by 1 to length 15.
Simplified genome by 1 to length 14.
Simplified genome by 1 to length 13.
Simplified genome to length 13 and total error 0.
========================================
End Run
========================================
Solution found.
Best Seen Individual
	Genome:
	 pvector([VirusInput(input_index=0), VirusLiteral(value=1000, push_type=<pyshgp.push.types.PushIntType object at 0x7f2bf5cbc700>), VirusInstructionMeta(name='int_lt', code_blocks=0), VirusInput(input_index=0), VirusLiteral(value=2000, push_type=<pyshgp.push.types.PushIntType object at 0x7f2bf5cbc8e0>), VirusInstructionMeta(name='int_gte', code_blocks=0), VirusInstructionMeta(name='exec_if', code_blocks=2), VirusLiteral(value='large', push_type=<pyshgp.push.types.PushStrType object at 0x7f2bf5cbc760>), VirusInstructionMeta(name='print_str', code_blocks=0), Closer(), VirusInstructionMeta(name='exec_if', code_blocks=2), VirusLiteral(value='small', push_type=<pyshgp.push.types.PushStrType object at 0x7f2bf5ec4160>), VirusInstructionMeta(name='print_str', code_blocks=0)])
	Program:
	 (vinput_0 v1000 vint_lt vinput_0 v2000 vint_gte vexec_if (v"large" vprint_str) (vexec_if (v"small" vprint_str) ()))
	Error vector:
	 [0 0 0 0 0 0 0 0 0 0 0 0 0 0 0 0 0 0 0 0 0 0 0 0 0 0 0 0 0 0 0 0 0 0 0 0 0
 0 0 0 0 0 0 0 0 0 0 0 0 0 0 0 0 0 0 0 0 0 0 0 0 0 0 0 0 0 0 0 0 0 0 0 0 0
 0 0 0 0 0 0 0 0 0 0 0 0 0 0 0 0 0 0 0 0 0 0 0 0 0 0]
	Total error:
	 0
	Test error:
	 0
	Time:
	 00:02:11
