Included 27 edge cases.
Included 73 random cases.
Included 100 cases in total.
Finished formatting.
Included 0 edge cases.
Included 1000 random cases.
Included 1000 cases in total.
Finished formatting.
========================================
Setup
========================================
Search Configuration:
signature: ProgramSignature(push_config=PushConfig(runtime_limit=10, growth_cap=500, step_limit=300, collection_size_cap=1000, numeric_magnitude_limit=1000000000000.0), output_stacks=['stdout'], arity=1)
evaluator: <pyshgp.gp.evaluation.DatasetEvaluator object at 0x7f0d651095b0>
spawner: <pyshgp.gp.genome.GeneSpawner object at 0x7f0d65109670>
population_size: 200
max_generations: 300
error_threshold: 0.0
initial_genome_size: (20, 100)
simplification_steps: 500
parallel_context: <pyshgp.gp.search.ParallelContext object at 0x7f0d65109760>
selection: <pyshgp.utils.DiscreteProbDistrib object at 0x7f0d6511f080>
variation: <pyshgp.utils.DiscreteProbDistrib object at 0x7f0d65140300>
Instructions:
int_add, int_sub, int_mult, int_div, int_mod, int_min, int_max, int_inc, int_dec, int_lt, int_lte, int_gt, int_gte, int_from_bool, str_concat, str_insert_str, str_from_first_char, str_from_last_char, str_from_nth_char, str_contains_str, str_index_of_str, str_split_on_str, str_replace_first_str, str_replace_n_str, str_replace_all_str, str_remove_first_str, str_remove_n_str, str_remove_all_str, str_occurrences_of_str, str_reverse, str_head, str_tail, str_rest, str_but_last, str_drop, str_but_last_n, str_length, str_make_empty, str_is_empty_string, str_remove_nth, str_strip_whitespace, str_from_bool, str_from_int, bool_and, bool_or, bool_not, bool_xor, bool_invert_first_then_and, bool_second_first_then_and, bool_from_int, noop, noop_open, exec_do_range, exec_do_count, exec_while, exec_do_while, exec_if, exec_when, print_bool, println_bool, print_int, println_int, print_str, println_str, print_exec, println_exec, bool_pop, bool_dup, bool_dup_times, bool_swap, bool_rot, bool_flush, bool_eq, bool_stack_depth, bool_yank, bool_yank_dup, bool_shove, bool_shove_dup, bool_is_empty, int_pop, int_dup, int_dup_times, int_swap, int_rot, int_flush, int_eq, int_stack_depth, int_yank, int_yank_dup, int_shove, int_shove_dup, int_is_empty, str_pop, str_dup, str_dup_times, str_swap, str_rot, str_flush, str_eq, str_stack_depth, str_yank, str_yank_dup, str_shove, str_shove_dup, str_is_empty, exec_pop, exec_dup, exec_dup_times, exec_swap, exec_rot, exec_flush, exec_eq, exec_stack_depth, exec_yank, exec_yank_dup, exec_shove, exec_shove_dup, exec_is_empty
Literals:
[Literal(value='small', push_type=<pyshgp.push.types.PushStrType object at 0x7f0d674c8760>), Literal(value='large', push_type=<pyshgp.push.types.PushStrType object at 0x7f0d674c8760>)]
ERC Generators:
[<function rand_int at 0x7f0d6737ff70>]
========================================
Start Run
========================================
2021-12-07 17:37:16.400867 | GENERATION: 1 | ERRORS: best=395, median=395.0, diversity=0.025 | INDIVIDUALS: n=200, avg_genome_length=63.145
2021-12-07 17:37:18.088448 | GENERATION: 2 | ERRORS: best=250, median=395.0, diversity=0.145 | INDIVIDUALS: n=200, avg_genome_length=60.475
2021-12-07 17:37:19.763772 | GENERATION: 3 | ERRORS: best=180, median=355.0, diversity=0.16 | INDIVIDUALS: n=200, avg_genome_length=61.65
2021-12-07 17:37:23.017240 | GENERATION: 4 | ERRORS: best=180, median=355.0, diversity=0.23 | INDIVIDUALS: n=200, avg_genome_length=75.86
2021-12-07 17:37:26.382871 | GENERATION: 5 | ERRORS: best=180, median=355.0, diversity=0.205 | INDIVIDUALS: n=200, avg_genome_length=73.935
2021-12-07 17:37:29.824941 | GENERATION: 6 | ERRORS: best=180, median=355.0, diversity=0.27 | INDIVIDUALS: n=200, avg_genome_length=73.63
2021-12-07 17:37:32.884264 | GENERATION: 7 | ERRORS: best=180, median=355.0, diversity=0.21 | INDIVIDUALS: n=200, avg_genome_length=70.79
2021-12-07 17:37:35.922427 | GENERATION: 8 | ERRORS: best=180, median=355.0, diversity=0.23 | INDIVIDUALS: n=200, avg_genome_length=67.645
2021-12-07 17:37:38.950668 | GENERATION: 9 | ERRORS: best=180, median=355.0, diversity=0.235 | INDIVIDUALS: n=200, avg_genome_length=61.75
2021-12-07 17:37:41.957895 | GENERATION: 10 | ERRORS: best=180, median=355.0, diversity=0.175 | INDIVIDUALS: n=200, avg_genome_length=59.48
2021-12-07 17:37:44.915702 | GENERATION: 11 | ERRORS: best=180, median=395.0, diversity=0.24 | INDIVIDUALS: n=200, avg_genome_length=57.31
2021-12-07 17:37:47.738326 | GENERATION: 12 | ERRORS: best=180, median=355.0, diversity=0.2 | INDIVIDUALS: n=200, avg_genome_length=53.67
2021-12-07 17:37:50.473438 | GENERATION: 13 | ERRORS: best=180, median=395.0, diversity=0.205 | INDIVIDUALS: n=200, avg_genome_length=50.47
2021-12-07 17:37:53.111342 | GENERATION: 14 | ERRORS: best=180, median=355.0, diversity=0.22 | INDIVIDUALS: n=200, avg_genome_length=48.33
2021-12-07 17:37:55.674613 | GENERATION: 15 | ERRORS: best=180, median=355.0, diversity=0.17 | INDIVIDUALS: n=200, avg_genome_length=46.055
2021-12-07 17:37:57.971446 | GENERATION: 16 | ERRORS: best=180, median=355.0, diversity=0.17 | INDIVIDUALS: n=200, avg_genome_length=43.945
2021-12-07 17:38:00.403147 | GENERATION: 17 | ERRORS: best=180, median=360.5, diversity=0.2 | INDIVIDUALS: n=200, avg_genome_length=43.53
2021-12-07 17:38:02.710953 | GENERATION: 18 | ERRORS: best=180, median=355.0, diversity=0.185 | INDIVIDUALS: n=200, avg_genome_length=42.315
2021-12-07 17:38:04.959505 | GENERATION: 19 | ERRORS: best=180, median=395.0, diversity=0.175 | INDIVIDUALS: n=200, avg_genome_length=39.91
2021-12-07 17:38:07.372344 | GENERATION: 20 | ERRORS: best=180, median=388.5, diversity=0.165 | INDIVIDUALS: n=200, avg_genome_length=40.02
2021-12-07 17:38:09.530664 | GENERATION: 21 | ERRORS: best=180, median=395.0, diversity=0.155 | INDIVIDUALS: n=200, avg_genome_length=36.1
2021-12-07 17:38:11.570144 | GENERATION: 22 | ERRORS: best=180, median=395.0, diversity=0.215 | INDIVIDUALS: n=200, avg_genome_length=37.605
2021-12-07 17:38:14.443893 | GENERATION: 23 | ERRORS: best=180, median=395.0, diversity=0.16 | INDIVIDUALS: n=200, avg_genome_length=37.185
2021-12-07 17:38:16.568378 | GENERATION: 24 | ERRORS: best=180, median=355.0, diversity=0.155 | INDIVIDUALS: n=200, avg_genome_length=37.925
2021-12-07 17:38:18.589635 | GENERATION: 25 | ERRORS: best=180, median=395.0, diversity=0.14 | INDIVIDUALS: n=200, avg_genome_length=35.53
2021-12-07 17:38:20.341538 | GENERATION: 26 | ERRORS: best=180, median=395.0, diversity=0.15 | INDIVIDUALS: n=200, avg_genome_length=34.095
2021-12-07 17:38:21.945786 | GENERATION: 27 | ERRORS: best=180, median=355.0, diversity=0.165 | INDIVIDUALS: n=200, avg_genome_length=33.55
2021-12-07 17:38:24.645852 | GENERATION: 28 | ERRORS: best=180, median=355.0, diversity=0.145 | INDIVIDUALS: n=200, avg_genome_length=33.205
2021-12-07 17:38:26.631418 | GENERATION: 29 | ERRORS: best=180, median=395.0, diversity=0.15 | INDIVIDUALS: n=200, avg_genome_length=31.065
2021-12-07 17:38:28.096125 | GENERATION: 30 | ERRORS: best=155, median=355.0, diversity=0.13 | INDIVIDUALS: n=200, avg_genome_length=31.89
2021-12-07 17:38:29.563816 | GENERATION: 31 | ERRORS: best=150, median=250.5, diversity=0.195 | INDIVIDUALS: n=200, avg_genome_length=35.75
2021-12-07 17:38:31.374325 | GENERATION: 32 | ERRORS: best=150, median=317.5, diversity=0.13 | INDIVIDUALS: n=200, avg_genome_length=33.115
2021-12-07 17:38:32.876257 | GENERATION: 33 | ERRORS: best=150, median=250.0, diversity=0.13 | INDIVIDUALS: n=200, avg_genome_length=31.57
2021-12-07 17:38:34.362101 | GENERATION: 34 | ERRORS: best=150, median=355.0, diversity=0.145 | INDIVIDUALS: n=200, avg_genome_length=29.675
2021-12-07 17:38:35.883367 | GENERATION: 35 | ERRORS: best=150, median=395.0, diversity=0.135 | INDIVIDUALS: n=200, avg_genome_length=28.685
2021-12-07 17:38:37.347788 | GENERATION: 36 | ERRORS: best=150, median=395.0, diversity=0.12 | INDIVIDUALS: n=200, avg_genome_length=29.055
2021-12-07 17:38:38.868149 | GENERATION: 37 | ERRORS: best=150, median=395.0, diversity=0.15 | INDIVIDUALS: n=200, avg_genome_length=28.665
2021-12-07 17:38:40.225811 | GENERATION: 38 | ERRORS: best=150, median=353.5, diversity=0.115 | INDIVIDUALS: n=200, avg_genome_length=28.065
2021-12-07 17:38:41.663923 | GENERATION: 39 | ERRORS: best=150, median=395.0, diversity=0.175 | INDIVIDUALS: n=200, avg_genome_length=27.365
2021-12-07 17:38:42.997230 | GENERATION: 40 | ERRORS: best=150, median=395.0, diversity=0.185 | INDIVIDUALS: n=200, avg_genome_length=26.45
2021-12-07 17:38:44.400207 | GENERATION: 41 | ERRORS: best=150, median=302.0, diversity=0.095 | INDIVIDUALS: n=200, avg_genome_length=24.18
2021-12-07 17:38:45.620936 | GENERATION: 42 | ERRORS: best=150, median=355.0, diversity=0.145 | INDIVIDUALS: n=200, avg_genome_length=24.245
2021-12-07 17:38:46.980235 | GENERATION: 43 | ERRORS: best=150, median=279.0, diversity=0.13 | INDIVIDUALS: n=200, avg_genome_length=25.205
2021-12-07 17:38:48.309294 | GENERATION: 44 | ERRORS: best=150, median=355.0, diversity=0.195 | INDIVIDUALS: n=200, avg_genome_length=28.44
2021-12-07 17:38:49.673712 | GENERATION: 45 | ERRORS: best=150, median=395.0, diversity=0.13 | INDIVIDUALS: n=200, avg_genome_length=25.48
2021-12-07 17:38:50.897133 | GENERATION: 46 | ERRORS: best=150, median=375.0, diversity=0.125 | INDIVIDUALS: n=200, avg_genome_length=26.445
2021-12-07 17:38:52.178283 | GENERATION: 47 | ERRORS: best=150, median=355.0, diversity=0.13 | INDIVIDUALS: n=200, avg_genome_length=26.84
2021-12-07 17:38:53.742306 | GENERATION: 48 | ERRORS: best=150, median=395.0, diversity=0.195 | INDIVIDUALS: n=200, avg_genome_length=26.42
2021-12-07 17:38:55.132712 | GENERATION: 49 | ERRORS: best=150, median=395.0, diversity=0.15 | INDIVIDUALS: n=200, avg_genome_length=25.845
2021-12-07 17:38:56.467979 | GENERATION: 50 | ERRORS: best=150, median=395.0, diversity=0.145 | INDIVIDUALS: n=200, avg_genome_length=24.46
2021-12-07 17:38:57.636173 | GENERATION: 51 | ERRORS: best=150, median=395.0, diversity=0.135 | INDIVIDUALS: n=200, avg_genome_length=24.535
2021-12-07 17:38:58.802707 | GENERATION: 52 | ERRORS: best=150, median=393.5, diversity=0.175 | INDIVIDUALS: n=200, avg_genome_length=24.98
2021-12-07 17:39:00.176184 | GENERATION: 53 | ERRORS: best=150, median=395.0, diversity=0.195 | INDIVIDUALS: n=200, avg_genome_length=26.79
2021-12-07 17:39:01.420270 | GENERATION: 54 | ERRORS: best=144, median=355.0, diversity=0.225 | INDIVIDUALS: n=200, avg_genome_length=27.145
2021-12-07 17:39:03.609009 | GENERATION: 55 | ERRORS: best=144, median=395.0, diversity=0.2 | INDIVIDUALS: n=200, avg_genome_length=23.515
2021-12-07 17:39:04.753518 | GENERATION: 56 | ERRORS: best=144, median=366.5, diversity=0.19 | INDIVIDUALS: n=200, avg_genome_length=22.905
2021-12-07 17:39:05.856456 | GENERATION: 57 | ERRORS: best=140, median=395.0, diversity=0.185 | INDIVIDUALS: n=200, avg_genome_length=23.455
2021-12-07 17:39:06.964174 | GENERATION: 58 | ERRORS: best=140, median=395.0, diversity=0.185 | INDIVIDUALS: n=200, avg_genome_length=22.97
2021-12-07 17:39:09.111519 | GENERATION: 59 | ERRORS: best=140, median=355.0, diversity=0.215 | INDIVIDUALS: n=200, avg_genome_length=24.385
2021-12-07 17:39:10.178405 | GENERATION: 60 | ERRORS: best=140, median=395.0, diversity=0.18 | INDIVIDUALS: n=200, avg_genome_length=24.08
2021-12-07 17:39:11.401752 | GENERATION: 61 | ERRORS: best=140, median=375.0, diversity=0.21 | INDIVIDUALS: n=200, avg_genome_length=24.41
2021-12-07 17:39:12.712605 | GENERATION: 62 | ERRORS: best=140, median=355.0, diversity=0.17 | INDIVIDUALS: n=200, avg_genome_length=21.575
2021-12-07 17:39:13.932409 | GENERATION: 63 | ERRORS: best=140, median=347.5, diversity=0.18 | INDIVIDUALS: n=200, avg_genome_length=22.525
2021-12-07 17:39:15.224249 | GENERATION: 64 | ERRORS: best=140, median=395.0, diversity=0.14 | INDIVIDUALS: n=200, avg_genome_length=21.915
2021-12-07 17:39:16.419739 | GENERATION: 65 | ERRORS: best=140, median=395.0, diversity=0.11 | INDIVIDUALS: n=200, avg_genome_length=20.775
2021-12-07 17:39:17.678621 | GENERATION: 66 | ERRORS: best=140, median=395.0, diversity=0.125 | INDIVIDUALS: n=200, avg_genome_length=21.025
2021-12-07 17:39:18.915746 | GENERATION: 67 | ERRORS: best=140, median=377.0, diversity=0.125 | INDIVIDUALS: n=200, avg_genome_length=20.205
2021-12-07 17:39:20.326575 | GENERATION: 68 | ERRORS: best=140, median=395.0, diversity=0.12 | INDIVIDUALS: n=200, avg_genome_length=19.93
2021-12-07 17:39:21.653030 | GENERATION: 69 | ERRORS: best=140, median=355.0, diversity=0.165 | INDIVIDUALS: n=200, avg_genome_length=20.71
2021-12-07 17:39:23.053718 | GENERATION: 70 | ERRORS: best=150, median=355.0, diversity=0.13 | INDIVIDUALS: n=200, avg_genome_length=22.355
2021-12-07 17:39:24.189588 | GENERATION: 71 | ERRORS: best=145, median=355.0, diversity=0.16 | INDIVIDUALS: n=200, avg_genome_length=22.24
2021-12-07 17:39:25.316133 | GENERATION: 72 | ERRORS: best=140, median=355.0, diversity=0.135 | INDIVIDUALS: n=200, avg_genome_length=21.6
2021-12-07 17:39:26.460085 | GENERATION: 73 | ERRORS: best=140, median=355.0, diversity=0.145 | INDIVIDUALS: n=200, avg_genome_length=20.61
2021-12-07 17:39:27.600932 | GENERATION: 74 | ERRORS: best=140, median=375.0, diversity=0.17 | INDIVIDUALS: n=200, avg_genome_length=18.92
2021-12-07 17:39:29.320792 | GENERATION: 75 | ERRORS: best=140, median=355.0, diversity=0.16 | INDIVIDUALS: n=200, avg_genome_length=20.675
2021-12-07 17:39:30.428425 | GENERATION: 76 | ERRORS: best=140, median=349.0, diversity=0.13 | INDIVIDUALS: n=200, avg_genome_length=20.06
2021-12-07 17:39:31.535358 | GENERATION: 77 | ERRORS: best=140, median=358.5, diversity=0.18 | INDIVIDUALS: n=200, avg_genome_length=20.005
2021-12-07 17:39:32.654768 | GENERATION: 78 | ERRORS: best=140, median=395.0, diversity=0.165 | INDIVIDUALS: n=200, avg_genome_length=19.365
2021-12-07 17:39:33.889001 | GENERATION: 79 | ERRORS: best=140, median=355.0, diversity=0.12 | INDIVIDUALS: n=200, avg_genome_length=20.255
2021-12-07 17:39:35.073341 | GENERATION: 80 | ERRORS: best=140, median=375.0, diversity=0.14 | INDIVIDUALS: n=200, avg_genome_length=18.055
2021-12-07 17:39:36.295454 | GENERATION: 81 | ERRORS: best=150, median=355.0, diversity=0.135 | INDIVIDUALS: n=200, avg_genome_length=18.14
2021-12-07 17:39:37.333788 | GENERATION: 82 | ERRORS: best=150, median=395.0, diversity=0.095 | INDIVIDUALS: n=200, avg_genome_length=16.45
2021-12-07 17:39:40.092101 | GENERATION: 83 | ERRORS: best=150, median=395.0, diversity=0.1 | INDIVIDUALS: n=200, avg_genome_length=16.335
2021-12-07 17:39:41.972789 | GENERATION: 84 | ERRORS: best=150, median=395.0, diversity=0.075 | INDIVIDUALS: n=200, avg_genome_length=16.185
2021-12-07 17:39:42.965359 | GENERATION: 85 | ERRORS: best=150, median=395.0, diversity=0.065 | INDIVIDUALS: n=200, avg_genome_length=14.185
2021-12-07 17:39:45.282272 | GENERATION: 86 | ERRORS: best=140, median=395.0, diversity=0.1 | INDIVIDUALS: n=200, avg_genome_length=15.865
2021-12-07 17:39:46.430730 | GENERATION: 87 | ERRORS: best=140, median=355.0, diversity=0.105 | INDIVIDUALS: n=200, avg_genome_length=16.57
2021-12-07 17:39:47.717132 | GENERATION: 88 | ERRORS: best=140, median=395.0, diversity=0.11 | INDIVIDUALS: n=200, avg_genome_length=15.89
2021-12-07 17:39:49.189377 | GENERATION: 89 | ERRORS: best=140, median=395.0, diversity=0.12 | INDIVIDUALS: n=200, avg_genome_length=17.005
2021-12-07 17:39:50.263723 | GENERATION: 90 | ERRORS: best=140, median=395.0, diversity=0.13 | INDIVIDUALS: n=200, avg_genome_length=16.44
2021-12-07 17:39:51.499293 | GENERATION: 91 | ERRORS: best=140, median=395.0, diversity=0.16 | INDIVIDUALS: n=200, avg_genome_length=18.735
2021-12-07 17:39:52.697379 | GENERATION: 92 | ERRORS: best=140, median=395.0, diversity=0.16 | INDIVIDUALS: n=200, avg_genome_length=18.37
2021-12-07 17:39:54.096703 | GENERATION: 93 | ERRORS: best=140, median=395.0, diversity=0.145 | INDIVIDUALS: n=200, avg_genome_length=19.185
2021-12-07 17:39:55.925919 | GENERATION: 94 | ERRORS: best=140, median=395.0, diversity=0.11 | INDIVIDUALS: n=200, avg_genome_length=18.05
2021-12-07 17:39:57.153025 | GENERATION: 95 | ERRORS: best=140, median=395.0, diversity=0.135 | INDIVIDUALS: n=200, avg_genome_length=19.265
2021-12-07 17:39:58.341296 | GENERATION: 96 | ERRORS: best=140, median=349.0, diversity=0.165 | INDIVIDUALS: n=200, avg_genome_length=21.95
2021-12-07 17:39:59.605768 | GENERATION: 97 | ERRORS: best=140, median=395.0, diversity=0.15 | INDIVIDUALS: n=200, avg_genome_length=21.72
2021-12-07 17:40:00.724454 | GENERATION: 98 | ERRORS: best=140, median=355.0, diversity=0.13 | INDIVIDUALS: n=200, avg_genome_length=21.52
2021-12-07 17:40:02.022957 | GENERATION: 99 | ERRORS: best=140, median=355.0, diversity=0.16 | INDIVIDUALS: n=200, avg_genome_length=20.905
2021-12-07 17:40:03.285080 | GENERATION: 100 | ERRORS: best=140, median=355.0, diversity=0.1 | INDIVIDUALS: n=200, avg_genome_length=20.245
2021-12-07 17:40:04.472473 | GENERATION: 101 | ERRORS: best=140, median=395.0, diversity=0.165 | INDIVIDUALS: n=200, avg_genome_length=19.33
2021-12-07 17:40:05.726646 | GENERATION: 102 | ERRORS: best=140, median=355.0, diversity=0.15 | INDIVIDUALS: n=200, avg_genome_length=18.145
2021-12-07 17:40:06.785788 | GENERATION: 103 | ERRORS: best=140, median=395.0, diversity=0.12 | INDIVIDUALS: n=200, avg_genome_length=17.785
2021-12-07 17:40:07.967150 | GENERATION: 104 | ERRORS: best=140, median=353.5, diversity=0.155 | INDIVIDUALS: n=200, avg_genome_length=18.06
2021-12-07 17:40:09.078858 | GENERATION: 105 | ERRORS: best=140, median=355.0, diversity=0.125 | INDIVIDUALS: n=200, avg_genome_length=18.2
2021-12-07 17:40:10.464792 | GENERATION: 106 | ERRORS: best=140, median=395.0, diversity=0.115 | INDIVIDUALS: n=200, avg_genome_length=18.77
2021-12-07 17:40:11.537496 | GENERATION: 107 | ERRORS: best=140, median=355.0, diversity=0.11 | INDIVIDUALS: n=200, avg_genome_length=19.05
2021-12-07 17:40:12.689217 | GENERATION: 108 | ERRORS: best=140, median=395.0, diversity=0.125 | INDIVIDUALS: n=200, avg_genome_length=18.68
2021-12-07 17:40:14.320564 | GENERATION: 109 | ERRORS: best=140, median=395.0, diversity=0.13 | INDIVIDUALS: n=200, avg_genome_length=18.62
2021-12-07 17:40:15.377906 | GENERATION: 110 | ERRORS: best=140, median=395.0, diversity=0.135 | INDIVIDUALS: n=200, avg_genome_length=17.68
2021-12-07 17:40:16.465567 | GENERATION: 111 | ERRORS: best=140, median=395.0, diversity=0.155 | INDIVIDUALS: n=200, avg_genome_length=18.255
2021-12-07 17:40:17.302090 | GENERATION: 112 | ERRORS: best=140, median=395.0, diversity=0.115 | INDIVIDUALS: n=200, avg_genome_length=16.595
2021-12-07 17:40:18.326848 | GENERATION: 113 | ERRORS: best=140, median=395.0, diversity=0.145 | INDIVIDUALS: n=200, avg_genome_length=16.875
2021-12-07 17:40:19.414484 | GENERATION: 114 | ERRORS: best=140, median=395.0, diversity=0.1 | INDIVIDUALS: n=200, avg_genome_length=16.57
2021-12-07 17:40:20.354357 | GENERATION: 115 | ERRORS: best=140, median=395.0, diversity=0.14 | INDIVIDUALS: n=200, avg_genome_length=17.77
2021-12-07 17:40:21.195046 | GENERATION: 116 | ERRORS: best=140, median=355.0, diversity=0.13 | INDIVIDUALS: n=200, avg_genome_length=19.15
2021-12-07 17:40:22.025544 | GENERATION: 117 | ERRORS: best=140, median=395.0, diversity=0.15 | INDIVIDUALS: n=200, avg_genome_length=21.2
2021-12-07 17:40:22.977298 | GENERATION: 118 | ERRORS: best=140, median=355.0, diversity=0.16 | INDIVIDUALS: n=200, avg_genome_length=19.58
2021-12-07 17:40:24.028657 | GENERATION: 119 | ERRORS: best=140, median=395.0, diversity=0.165 | INDIVIDUALS: n=200, avg_genome_length=20.64
2021-12-07 17:40:25.175907 | GENERATION: 120 | ERRORS: best=140, median=355.0, diversity=0.19 | INDIVIDUALS: n=200, avg_genome_length=21.62
2021-12-07 17:40:26.252442 | GENERATION: 121 | ERRORS: best=140, median=395.0, diversity=0.17 | INDIVIDUALS: n=200, avg_genome_length=21.36
2021-12-07 17:40:27.173460 | GENERATION: 122 | ERRORS: best=140, median=395.0, diversity=0.175 | INDIVIDUALS: n=200, avg_genome_length=20.7
2021-12-07 17:40:28.120305 | GENERATION: 123 | ERRORS: best=140, median=395.0, diversity=0.15 | INDIVIDUALS: n=200, avg_genome_length=20.5
2021-12-07 17:40:28.993926 | GENERATION: 124 | ERRORS: best=140, median=355.0, diversity=0.145 | INDIVIDUALS: n=200, avg_genome_length=21.74
2021-12-07 17:40:30.260509 | GENERATION: 125 | ERRORS: best=140, median=395.0, diversity=0.135 | INDIVIDUALS: n=200, avg_genome_length=21.605
2021-12-07 17:40:31.347217 | GENERATION: 126 | ERRORS: best=140, median=395.0, diversity=0.13 | INDIVIDUALS: n=200, avg_genome_length=21.61
2021-12-07 17:40:32.471988 | GENERATION: 127 | ERRORS: best=140, median=395.0, diversity=0.185 | INDIVIDUALS: n=200, avg_genome_length=21.705
2021-12-07 17:40:33.707865 | GENERATION: 128 | ERRORS: best=140, median=395.0, diversity=0.185 | INDIVIDUALS: n=200, avg_genome_length=23.79
2021-12-07 17:40:34.806151 | GENERATION: 129 | ERRORS: best=140, median=391.0, diversity=0.2 | INDIVIDUALS: n=200, avg_genome_length=24.795
2021-12-07 17:40:36.001991 | GENERATION: 130 | ERRORS: best=140, median=355.0, diversity=0.205 | INDIVIDUALS: n=200, avg_genome_length=24.085
2021-12-07 17:40:37.414542 | GENERATION: 131 | ERRORS: best=140, median=395.0, diversity=0.235 | INDIVIDUALS: n=200, avg_genome_length=23.385
2021-12-07 17:40:38.602426 | GENERATION: 132 | ERRORS: best=140, median=395.0, diversity=0.18 | INDIVIDUALS: n=200, avg_genome_length=21.335
2021-12-07 17:40:39.776106 | GENERATION: 133 | ERRORS: best=140, median=395.0, diversity=0.205 | INDIVIDUALS: n=200, avg_genome_length=21.075
2021-12-07 17:40:40.712624 | GENERATION: 134 | ERRORS: best=140, median=355.0, diversity=0.18 | INDIVIDUALS: n=200, avg_genome_length=21.665
2021-12-07 17:40:41.764338 | GENERATION: 135 | ERRORS: best=140, median=395.0, diversity=0.21 | INDIVIDUALS: n=200, avg_genome_length=21.555
2021-12-07 17:40:42.593257 | GENERATION: 136 | ERRORS: best=140, median=395.0, diversity=0.23 | INDIVIDUALS: n=200, avg_genome_length=19.16
2021-12-07 17:40:43.466573 | GENERATION: 137 | ERRORS: best=140, median=395.0, diversity=0.225 | INDIVIDUALS: n=200, avg_genome_length=21.335
2021-12-07 17:40:44.556847 | GENERATION: 138 | ERRORS: best=140, median=395.0, diversity=0.21 | INDIVIDUALS: n=200, avg_genome_length=21.405
2021-12-07 17:40:45.434734 | GENERATION: 139 | ERRORS: best=140, median=373.5, diversity=0.2 | INDIVIDUALS: n=200, avg_genome_length=21.44
2021-12-07 17:40:46.325205 | GENERATION: 140 | ERRORS: best=140, median=363.0, diversity=0.24 | INDIVIDUALS: n=200, avg_genome_length=21.92
2021-12-07 17:40:47.205145 | GENERATION: 141 | ERRORS: best=140, median=395.0, diversity=0.16 | INDIVIDUALS: n=200, avg_genome_length=19.515
2021-12-07 17:40:48.331554 | GENERATION: 142 | ERRORS: best=140, median=395.0, diversity=0.205 | INDIVIDUALS: n=200, avg_genome_length=19.87
2021-12-07 17:40:49.479560 | GENERATION: 143 | ERRORS: best=140, median=395.0, diversity=0.2 | INDIVIDUALS: n=200, avg_genome_length=20.41
2021-12-07 17:40:50.313211 | GENERATION: 144 | ERRORS: best=140, median=395.0, diversity=0.2 | INDIVIDUALS: n=200, avg_genome_length=20.87
2021-12-07 17:40:51.540589 | GENERATION: 145 | ERRORS: best=140, median=355.0, diversity=0.15 | INDIVIDUALS: n=200, avg_genome_length=22.185
2021-12-07 17:40:52.686124 | GENERATION: 146 | ERRORS: best=140, median=395.0, diversity=0.145 | INDIVIDUALS: n=200, avg_genome_length=22.25
2021-12-07 17:40:54.011888 | GENERATION: 147 | ERRORS: best=140, median=395.0, diversity=0.205 | INDIVIDUALS: n=200, avg_genome_length=23.32
2021-12-07 17:40:55.005756 | GENERATION: 148 | ERRORS: best=140, median=355.0, diversity=0.24 | INDIVIDUALS: n=200, avg_genome_length=27.55
2021-12-07 17:40:56.543259 | GENERATION: 149 | ERRORS: best=140, median=355.0, diversity=0.285 | INDIVIDUALS: n=200, avg_genome_length=28.57
2021-12-07 17:40:57.617813 | GENERATION: 150 | ERRORS: best=140, median=395.0, diversity=0.23 | INDIVIDUALS: n=200, avg_genome_length=27.045
2021-12-07 17:40:58.666933 | GENERATION: 151 | ERRORS: best=145, median=395.0, diversity=0.23 | INDIVIDUALS: n=200, avg_genome_length=23.78
2021-12-07 17:40:59.596471 | GENERATION: 152 | ERRORS: best=140, median=395.0, diversity=0.27 | INDIVIDUALS: n=200, avg_genome_length=24.235
2021-12-07 17:41:00.677953 | GENERATION: 153 | ERRORS: best=140, median=395.0, diversity=0.25 | INDIVIDUALS: n=200, avg_genome_length=23.335
2021-12-07 17:41:01.874444 | GENERATION: 154 | ERRORS: best=140, median=395.0, diversity=0.22 | INDIVIDUALS: n=200, avg_genome_length=24.705
2021-12-07 17:41:02.929187 | GENERATION: 155 | ERRORS: best=140, median=355.0, diversity=0.2 | INDIVIDUALS: n=200, avg_genome_length=24.775
2021-12-07 17:41:03.971103 | GENERATION: 156 | ERRORS: best=140, median=355.0, diversity=0.195 | INDIVIDUALS: n=200, avg_genome_length=24.12
2021-12-07 17:41:05.116642 | GENERATION: 157 | ERRORS: best=140, median=355.0, diversity=0.215 | INDIVIDUALS: n=200, avg_genome_length=23.495
2021-12-07 17:41:06.201779 | GENERATION: 158 | ERRORS: best=140, median=355.0, diversity=0.215 | INDIVIDUALS: n=200, avg_genome_length=23.435
2021-12-07 17:41:07.096464 | GENERATION: 159 | ERRORS: best=140, median=355.0, diversity=0.23 | INDIVIDUALS: n=200, avg_genome_length=23.2
2021-12-07 17:41:08.075031 | GENERATION: 160 | ERRORS: best=140, median=355.0, diversity=0.17 | INDIVIDUALS: n=200, avg_genome_length=21.53
2021-12-07 17:41:08.980239 | GENERATION: 161 | ERRORS: best=140, median=395.0, diversity=0.195 | INDIVIDUALS: n=200, avg_genome_length=21.555
2021-12-07 17:41:09.978696 | GENERATION: 162 | ERRORS: best=140, median=395.0, diversity=0.175 | INDIVIDUALS: n=200, avg_genome_length=22.48
2021-12-07 17:41:10.960496 | GENERATION: 163 | ERRORS: best=140, median=395.0, diversity=0.195 | INDIVIDUALS: n=200, avg_genome_length=22.605
2021-12-07 17:41:11.841815 | GENERATION: 164 | ERRORS: best=140, median=395.0, diversity=0.195 | INDIVIDUALS: n=200, avg_genome_length=22.505
2021-12-07 17:41:13.190651 | GENERATION: 165 | ERRORS: best=140, median=355.0, diversity=0.205 | INDIVIDUALS: n=200, avg_genome_length=22.01
2021-12-07 17:41:14.326542 | GENERATION: 166 | ERRORS: best=140, median=395.0, diversity=0.23 | INDIVIDUALS: n=200, avg_genome_length=22.79
2021-12-07 17:41:15.353439 | GENERATION: 167 | ERRORS: best=140, median=395.0, diversity=0.21 | INDIVIDUALS: n=200, avg_genome_length=22.415
2021-12-07 17:41:16.513998 | GENERATION: 168 | ERRORS: best=140, median=395.0, diversity=0.2 | INDIVIDUALS: n=200, avg_genome_length=21.935
2021-12-07 17:41:17.734511 | GENERATION: 169 | ERRORS: best=140, median=395.0, diversity=0.195 | INDIVIDUALS: n=200, avg_genome_length=21.45
2021-12-07 17:41:19.003747 | GENERATION: 170 | ERRORS: best=140, median=395.0, diversity=0.225 | INDIVIDUALS: n=200, avg_genome_length=22.17
2021-12-07 17:41:20.035251 | GENERATION: 171 | ERRORS: best=140, median=395.0, diversity=0.225 | INDIVIDUALS: n=200, avg_genome_length=22.05
2021-12-07 17:41:21.065302 | GENERATION: 172 | ERRORS: best=140, median=395.0, diversity=0.195 | INDIVIDUALS: n=200, avg_genome_length=21.465
2021-12-07 17:41:22.013177 | GENERATION: 173 | ERRORS: best=140, median=395.0, diversity=0.175 | INDIVIDUALS: n=200, avg_genome_length=19.925
2021-12-07 17:41:22.924677 | GENERATION: 174 | ERRORS: best=144, median=395.0, diversity=0.18 | INDIVIDUALS: n=200, avg_genome_length=18.42
2021-12-07 17:41:23.945792 | GENERATION: 175 | ERRORS: best=144, median=395.0, diversity=0.195 | INDIVIDUALS: n=200, avg_genome_length=19.385
2021-12-07 17:41:24.840427 | GENERATION: 176 | ERRORS: best=150, median=395.0, diversity=0.205 | INDIVIDUALS: n=200, avg_genome_length=19.945
2021-12-07 17:41:25.657726 | GENERATION: 177 | ERRORS: best=150, median=395.0, diversity=0.16 | INDIVIDUALS: n=200, avg_genome_length=19.61
2021-12-07 17:41:26.647995 | GENERATION: 178 | ERRORS: best=150, median=395.0, diversity=0.13 | INDIVIDUALS: n=200, avg_genome_length=17.955
2021-12-07 17:41:27.430403 | GENERATION: 179 | ERRORS: best=150, median=395.0, diversity=0.095 | INDIVIDUALS: n=200, avg_genome_length=18.385
2021-12-07 17:41:28.384097 | GENERATION: 180 | ERRORS: best=150, median=392.5, diversity=0.16 | INDIVIDUALS: n=200, avg_genome_length=19.14
2021-12-07 17:41:29.350419 | GENERATION: 181 | ERRORS: best=150, median=395.0, diversity=0.17 | INDIVIDUALS: n=200, avg_genome_length=19.715
2021-12-07 17:41:30.170293 | GENERATION: 182 | ERRORS: best=150, median=395.0, diversity=0.15 | INDIVIDUALS: n=200, avg_genome_length=20.28
2021-12-07 17:41:31.131204 | GENERATION: 183 | ERRORS: best=150, median=395.0, diversity=0.16 | INDIVIDUALS: n=200, avg_genome_length=19.0
2021-12-07 17:41:32.111642 | GENERATION: 184 | ERRORS: best=150, median=395.0, diversity=0.15 | INDIVIDUALS: n=200, avg_genome_length=18.955
2021-12-07 17:41:33.241326 | GENERATION: 185 | ERRORS: best=150, median=395.0, diversity=0.135 | INDIVIDUALS: n=200, avg_genome_length=20.845
2021-12-07 17:41:34.466737 | GENERATION: 186 | ERRORS: best=150, median=395.0, diversity=0.165 | INDIVIDUALS: n=200, avg_genome_length=21.335
2021-12-07 17:41:35.805247 | GENERATION: 187 | ERRORS: best=150, median=395.0, diversity=0.195 | INDIVIDUALS: n=200, avg_genome_length=24.205
2021-12-07 17:41:37.189635 | GENERATION: 188 | ERRORS: best=150, median=375.0, diversity=0.13 | INDIVIDUALS: n=200, avg_genome_length=23.8
2021-12-07 17:41:38.568029 | GENERATION: 189 | ERRORS: best=150, median=355.0, diversity=0.195 | INDIVIDUALS: n=200, avg_genome_length=23.685
2021-12-07 17:41:40.106802 | GENERATION: 190 | ERRORS: best=150, median=395.0, diversity=0.19 | INDIVIDUALS: n=200, avg_genome_length=23.525
2021-12-07 17:41:41.289458 | GENERATION: 191 | ERRORS: best=150, median=395.0, diversity=0.16 | INDIVIDUALS: n=200, avg_genome_length=21.245
2021-12-07 17:41:42.693065 | GENERATION: 192 | ERRORS: best=150, median=355.0, diversity=0.195 | INDIVIDUALS: n=200, avg_genome_length=21.35
2021-12-07 17:41:43.946650 | GENERATION: 193 | ERRORS: best=150, median=395.0, diversity=0.185 | INDIVIDUALS: n=200, avg_genome_length=21.6
2021-12-07 17:41:45.108496 | GENERATION: 194 | ERRORS: best=150, median=395.0, diversity=0.195 | INDIVIDUALS: n=200, avg_genome_length=22.46
2021-12-07 17:41:46.293788 | GENERATION: 195 | ERRORS: best=150, median=395.0, diversity=0.175 | INDIVIDUALS: n=200, avg_genome_length=21.215
2021-12-07 17:41:47.379592 | GENERATION: 196 | ERRORS: best=150, median=375.0, diversity=0.175 | INDIVIDUALS: n=200, avg_genome_length=21.56
2021-12-07 17:41:48.394737 | GENERATION: 197 | ERRORS: best=150, median=267.0, diversity=0.125 | INDIVIDUALS: n=200, avg_genome_length=20.64
2021-12-07 17:41:49.459288 | GENERATION: 198 | ERRORS: best=150, median=395.0, diversity=0.14 | INDIVIDUALS: n=200, avg_genome_length=25.19
2021-12-07 17:41:50.661385 | GENERATION: 199 | ERRORS: best=145, median=355.0, diversity=0.15 | INDIVIDUALS: n=200, avg_genome_length=25.845
2021-12-07 17:41:51.992958 | GENERATION: 200 | ERRORS: best=145, median=355.0, diversity=0.165 | INDIVIDUALS: n=200, avg_genome_length=31.1
2021-12-07 17:41:53.309234 | GENERATION: 201 | ERRORS: best=141, median=250.0, diversity=0.17 | INDIVIDUALS: n=200, avg_genome_length=35.86
2021-12-07 17:41:54.861010 | GENERATION: 202 | ERRORS: best=140, median=279.5, diversity=0.315 | INDIVIDUALS: n=200, avg_genome_length=41.625
2021-12-07 17:41:56.187262 | GENERATION: 203 | ERRORS: best=140, median=250.0, diversity=0.225 | INDIVIDUALS: n=200, avg_genome_length=42.885
2021-12-07 17:41:57.415305 | GENERATION: 204 | ERRORS: best=140, median=250.0, diversity=0.235 | INDIVIDUALS: n=200, avg_genome_length=43.55
2021-12-07 17:41:58.663046 | GENERATION: 205 | ERRORS: best=140, median=250.0, diversity=0.215 | INDIVIDUALS: n=200, avg_genome_length=42.685
2021-12-07 17:41:59.868131 | GENERATION: 206 | ERRORS: best=140, median=250.0, diversity=0.255 | INDIVIDUALS: n=200, avg_genome_length=42.15
2021-12-07 17:42:01.084360 | GENERATION: 207 | ERRORS: best=140, median=250.0, diversity=0.26 | INDIVIDUALS: n=200, avg_genome_length=41.335
2021-12-07 17:42:02.417566 | GENERATION: 208 | ERRORS: best=140, median=339.5, diversity=0.245 | INDIVIDUALS: n=200, avg_genome_length=40.23
2021-12-07 17:42:03.611933 | GENERATION: 209 | ERRORS: best=140, median=325.0, diversity=0.24 | INDIVIDUALS: n=200, avg_genome_length=39.06
2021-12-07 17:42:04.859134 | GENERATION: 210 | ERRORS: best=140, median=267.0, diversity=0.27 | INDIVIDUALS: n=200, avg_genome_length=40.63
2021-12-07 17:42:06.244329 | GENERATION: 211 | ERRORS: best=140, median=359.5, diversity=0.28 | INDIVIDUALS: n=200, avg_genome_length=41.36
2021-12-07 17:42:07.793376 | GENERATION: 212 | ERRORS: best=140, median=355.0, diversity=0.255 | INDIVIDUALS: n=200, avg_genome_length=42.77
2021-12-07 17:42:09.350971 | GENERATION: 213 | ERRORS: best=140, median=325.0, diversity=0.2 | INDIVIDUALS: n=200, avg_genome_length=42.35
2021-12-07 17:42:11.149827 | GENERATION: 214 | ERRORS: best=140, median=325.0, diversity=0.175 | INDIVIDUALS: n=200, avg_genome_length=43.635
2021-12-07 17:42:13.002817 | GENERATION: 215 | ERRORS: best=140, median=355.0, diversity=0.215 | INDIVIDUALS: n=200, avg_genome_length=47.77
2021-12-07 17:42:14.732825 | GENERATION: 216 | ERRORS: best=140, median=355.0, diversity=0.25 | INDIVIDUALS: n=200, avg_genome_length=47.37
2021-12-07 17:42:16.835281 | GENERATION: 217 | ERRORS: best=140, median=297.0, diversity=0.285 | INDIVIDUALS: n=200, avg_genome_length=48.52
2021-12-07 17:42:18.635261 | GENERATION: 218 | ERRORS: best=140, median=325.0, diversity=0.245 | INDIVIDUALS: n=200, avg_genome_length=48.76
2021-12-07 17:42:20.383740 | GENERATION: 219 | ERRORS: best=140, median=325.0, diversity=0.245 | INDIVIDUALS: n=200, avg_genome_length=44.58
2021-12-07 17:42:22.128771 | GENERATION: 220 | ERRORS: best=140, median=355.0, diversity=0.24 | INDIVIDUALS: n=200, avg_genome_length=45.01
2021-12-07 17:42:23.920846 | GENERATION: 221 | ERRORS: best=140, median=325.0, diversity=0.275 | INDIVIDUALS: n=200, avg_genome_length=43.745
2021-12-07 17:42:25.549634 | GENERATION: 222 | ERRORS: best=140, median=355.0, diversity=0.245 | INDIVIDUALS: n=200, avg_genome_length=42.695
2021-12-07 17:42:27.137892 | GENERATION: 223 | ERRORS: best=140, median=355.0, diversity=0.27 | INDIVIDUALS: n=200, avg_genome_length=43.535
2021-12-07 17:42:28.741423 | GENERATION: 224 | ERRORS: best=140, median=350.0, diversity=0.24 | INDIVIDUALS: n=200, avg_genome_length=45.07
2021-12-07 17:42:30.521173 | GENERATION: 225 | ERRORS: best=140, median=355.0, diversity=0.26 | INDIVIDUALS: n=200, avg_genome_length=41.63
2021-12-07 17:42:33.220116 | GENERATION: 226 | ERRORS: best=140, median=393.5, diversity=0.275 | INDIVIDUALS: n=200, avg_genome_length=42.89
2021-12-07 17:42:34.978301 | GENERATION: 227 | ERRORS: best=140, median=355.0, diversity=0.245 | INDIVIDUALS: n=200, avg_genome_length=42.23
2021-12-07 17:42:36.865904 | GENERATION: 228 | ERRORS: best=140, median=265.5, diversity=0.235 | INDIVIDUALS: n=200, avg_genome_length=46.325
2021-12-07 17:42:38.774428 | GENERATION: 229 | ERRORS: best=140, median=355.0, diversity=0.25 | INDIVIDUALS: n=200, avg_genome_length=48.33
2021-12-07 17:42:40.539760 | GENERATION: 230 | ERRORS: best=140, median=355.0, diversity=0.23 | INDIVIDUALS: n=200, avg_genome_length=46.875
2021-12-07 17:42:42.559960 | GENERATION: 231 | ERRORS: best=140, median=355.0, diversity=0.25 | INDIVIDUALS: n=200, avg_genome_length=43.95
2021-12-07 17:42:44.307121 | GENERATION: 232 | ERRORS: best=140, median=276.0, diversity=0.275 | INDIVIDUALS: n=200, avg_genome_length=46.02
2021-12-07 17:42:46.071029 | GENERATION: 233 | ERRORS: best=140, median=331.0, diversity=0.25 | INDIVIDUALS: n=200, avg_genome_length=41.97
2021-12-07 17:42:49.159506 | GENERATION: 234 | ERRORS: best=140, median=322.5, diversity=0.245 | INDIVIDUALS: n=200, avg_genome_length=43.545
2021-12-07 17:42:50.973689 | GENERATION: 235 | ERRORS: best=140, median=352.5, diversity=0.22 | INDIVIDUALS: n=200, avg_genome_length=42.48
2021-12-07 17:42:52.943360 | GENERATION: 236 | ERRORS: best=140, median=372.5, diversity=0.21 | INDIVIDUALS: n=200, avg_genome_length=41.245
2021-12-07 17:42:54.744659 | GENERATION: 237 | ERRORS: best=140, median=395.0, diversity=0.17 | INDIVIDUALS: n=200, avg_genome_length=40.34
2021-12-07 17:42:56.503456 | GENERATION: 238 | ERRORS: best=140, median=355.0, diversity=0.26 | INDIVIDUALS: n=200, avg_genome_length=38.185
2021-12-07 17:42:58.152004 | GENERATION: 239 | ERRORS: best=140, median=360.5, diversity=0.235 | INDIVIDUALS: n=200, avg_genome_length=37.445
2021-12-07 17:43:01.182311 | GENERATION: 240 | ERRORS: best=140, median=355.0, diversity=0.185 | INDIVIDUALS: n=200, avg_genome_length=36.1
2021-12-07 17:43:03.360044 | GENERATION: 241 | ERRORS: best=140, median=355.0, diversity=0.18 | INDIVIDUALS: n=200, avg_genome_length=36.955
2021-12-07 17:43:05.017079 | GENERATION: 242 | ERRORS: best=140, median=331.0, diversity=0.205 | INDIVIDUALS: n=200, avg_genome_length=34.32
2021-12-07 17:43:06.755655 | GENERATION: 243 | ERRORS: best=140, median=250.0, diversity=0.205 | INDIVIDUALS: n=200, avg_genome_length=35.655
2021-12-07 17:43:08.277472 | GENERATION: 244 | ERRORS: best=140, median=395.0, diversity=0.245 | INDIVIDUALS: n=200, avg_genome_length=32.36
2021-12-07 17:43:09.892395 | GENERATION: 245 | ERRORS: best=140, median=355.0, diversity=0.23 | INDIVIDUALS: n=200, avg_genome_length=31.425
2021-12-07 17:43:11.266283 | GENERATION: 246 | ERRORS: best=140, median=355.0, diversity=0.185 | INDIVIDUALS: n=200, avg_genome_length=29.205
2021-12-07 17:43:12.737644 | GENERATION: 247 | ERRORS: best=140, median=355.0, diversity=0.155 | INDIVIDUALS: n=200, avg_genome_length=29.64
2021-12-07 17:43:15.006637 | GENERATION: 248 | ERRORS: best=140, median=395.0, diversity=0.215 | INDIVIDUALS: n=200, avg_genome_length=29.14
2021-12-07 17:43:16.366229 | GENERATION: 249 | ERRORS: best=140, median=395.0, diversity=0.18 | INDIVIDUALS: n=200, avg_genome_length=28.63
2021-12-07 17:43:17.710712 | GENERATION: 250 | ERRORS: best=140, median=355.0, diversity=0.195 | INDIVIDUALS: n=200, avg_genome_length=27.61
2021-12-07 17:43:19.109606 | GENERATION: 251 | ERRORS: best=140, median=395.0, diversity=0.195 | INDIVIDUALS: n=200, avg_genome_length=28.305
2021-12-07 17:43:20.419812 | GENERATION: 252 | ERRORS: best=140, median=395.0, diversity=0.185 | INDIVIDUALS: n=200, avg_genome_length=28.01
2021-12-07 17:43:21.784558 | GENERATION: 253 | ERRORS: best=140, median=395.0, diversity=0.22 | INDIVIDUALS: n=200, avg_genome_length=28.935
2021-12-07 17:43:23.268420 | GENERATION: 254 | ERRORS: best=140, median=395.0, diversity=0.16 | INDIVIDUALS: n=200, avg_genome_length=27.555
2021-12-07 17:43:24.698827 | GENERATION: 255 | ERRORS: best=140, median=395.0, diversity=0.2 | INDIVIDUALS: n=200, avg_genome_length=26.535
2021-12-07 17:43:26.030699 | GENERATION: 256 | ERRORS: best=140, median=395.0, diversity=0.15 | INDIVIDUALS: n=200, avg_genome_length=25.405
2021-12-07 17:43:27.200111 | GENERATION: 257 | ERRORS: best=140, median=395.0, diversity=0.17 | INDIVIDUALS: n=200, avg_genome_length=22.365
2021-12-07 17:43:28.314863 | GENERATION: 258 | ERRORS: best=140, median=395.0, diversity=0.11 | INDIVIDUALS: n=200, avg_genome_length=20.565
2021-12-07 17:43:29.527252 | GENERATION: 259 | ERRORS: best=140, median=395.0, diversity=0.16 | INDIVIDUALS: n=200, avg_genome_length=21.265
2021-12-07 17:43:31.405730 | GENERATION: 260 | ERRORS: best=140, median=395.0, diversity=0.16 | INDIVIDUALS: n=200, avg_genome_length=22.025
2021-12-07 17:43:32.741178 | GENERATION: 261 | ERRORS: best=140, median=395.0, diversity=0.14 | INDIVIDUALS: n=200, avg_genome_length=23.17
2021-12-07 17:43:34.123063 | GENERATION: 262 | ERRORS: best=140, median=395.0, diversity=0.155 | INDIVIDUALS: n=200, avg_genome_length=22.765
2021-12-07 17:43:35.369536 | GENERATION: 263 | ERRORS: best=140, median=395.0, diversity=0.14 | INDIVIDUALS: n=200, avg_genome_length=22.2
2021-12-07 17:43:36.589835 | GENERATION: 264 | ERRORS: best=140, median=395.0, diversity=0.15 | INDIVIDUALS: n=200, avg_genome_length=22.625
2021-12-07 17:43:37.864030 | GENERATION: 265 | ERRORS: best=140, median=395.0, diversity=0.14 | INDIVIDUALS: n=200, avg_genome_length=20.995
2021-12-07 17:43:39.311772 | GENERATION: 266 | ERRORS: best=140, median=395.0, diversity=0.145 | INDIVIDUALS: n=200, avg_genome_length=23.795
2021-12-07 17:43:40.664843 | GENERATION: 267 | ERRORS: best=140, median=395.0, diversity=0.155 | INDIVIDUALS: n=200, avg_genome_length=22.375
2021-12-07 17:43:41.971793 | GENERATION: 268 | ERRORS: best=140, median=395.0, diversity=0.165 | INDIVIDUALS: n=200, avg_genome_length=23.815
2021-12-07 17:43:43.319276 | GENERATION: 269 | ERRORS: best=140, median=395.0, diversity=0.145 | INDIVIDUALS: n=200, avg_genome_length=24.445
2021-12-07 17:43:44.702563 | GENERATION: 270 | ERRORS: best=140, median=395.0, diversity=0.17 | INDIVIDUALS: n=200, avg_genome_length=25.62
2021-12-07 17:43:46.137425 | GENERATION: 271 | ERRORS: best=140, median=395.0, diversity=0.185 | INDIVIDUALS: n=200, avg_genome_length=24.49
2021-12-07 17:43:48.704600 | GENERATION: 272 | ERRORS: best=140, median=395.0, diversity=0.16 | INDIVIDUALS: n=200, avg_genome_length=25.42
2021-12-07 17:43:51.446393 | GENERATION: 273 | ERRORS: best=140, median=395.0, diversity=0.175 | INDIVIDUALS: n=200, avg_genome_length=25.78
2021-12-07 17:43:53.297118 | GENERATION: 274 | ERRORS: best=140, median=395.0, diversity=0.205 | INDIVIDUALS: n=200, avg_genome_length=28.69
2021-12-07 17:43:55.111701 | GENERATION: 275 | ERRORS: best=140, median=390.0, diversity=0.205 | INDIVIDUALS: n=200, avg_genome_length=28.685
2021-12-07 17:43:56.527403 | GENERATION: 276 | ERRORS: best=140, median=395.0, diversity=0.21 | INDIVIDUALS: n=200, avg_genome_length=28.295
2021-12-07 17:43:57.922155 | GENERATION: 277 | ERRORS: best=140, median=395.0, diversity=0.2 | INDIVIDUALS: n=200, avg_genome_length=27.175
2021-12-07 17:44:00.664795 | GENERATION: 278 | ERRORS: best=140, median=395.0, diversity=0.18 | INDIVIDUALS: n=200, avg_genome_length=26.105
2021-12-07 17:44:02.016890 | GENERATION: 279 | ERRORS: best=140, median=395.0, diversity=0.17 | INDIVIDUALS: n=200, avg_genome_length=26.825
2021-12-07 17:44:04.080514 | GENERATION: 280 | ERRORS: best=140, median=395.0, diversity=0.2 | INDIVIDUALS: n=200, avg_genome_length=26.68
2021-12-07 17:44:05.455171 | GENERATION: 281 | ERRORS: best=140, median=395.0, diversity=0.215 | INDIVIDUALS: n=200, avg_genome_length=27.255
2021-12-07 17:44:06.932724 | GENERATION: 282 | ERRORS: best=140, median=395.0, diversity=0.185 | INDIVIDUALS: n=200, avg_genome_length=26.23
2021-12-07 17:44:08.378416 | GENERATION: 283 | ERRORS: best=140, median=395.0, diversity=0.155 | INDIVIDUALS: n=200, avg_genome_length=25.75
2021-12-07 17:44:09.748851 | GENERATION: 284 | ERRORS: best=140, median=355.0, diversity=0.17 | INDIVIDUALS: n=200, avg_genome_length=24.985
2021-12-07 17:44:11.122719 | GENERATION: 285 | ERRORS: best=140, median=395.0, diversity=0.17 | INDIVIDUALS: n=200, avg_genome_length=24.805
2021-12-07 17:44:12.552888 | GENERATION: 286 | ERRORS: best=140, median=395.0, diversity=0.14 | INDIVIDUALS: n=200, avg_genome_length=25.09
2021-12-07 17:44:13.940274 | GENERATION: 287 | ERRORS: best=140, median=352.0, diversity=0.195 | INDIVIDUALS: n=200, avg_genome_length=25.595
2021-12-07 17:44:15.183182 | GENERATION: 288 | ERRORS: best=140, median=395.0, diversity=0.195 | INDIVIDUALS: n=200, avg_genome_length=23.56
2021-12-07 17:44:16.373549 | GENERATION: 289 | ERRORS: best=140, median=395.0, diversity=0.14 | INDIVIDUALS: n=200, avg_genome_length=20.845
2021-12-07 17:44:17.671845 | GENERATION: 290 | ERRORS: best=140, median=395.0, diversity=0.145 | INDIVIDUALS: n=200, avg_genome_length=21.62
2021-12-07 17:44:19.087095 | GENERATION: 291 | ERRORS: best=140, median=395.0, diversity=0.15 | INDIVIDUALS: n=200, avg_genome_length=22.66
2021-12-07 17:44:20.361170 | GENERATION: 292 | ERRORS: best=140, median=395.0, diversity=0.145 | INDIVIDUALS: n=200, avg_genome_length=22.575
2021-12-07 17:44:23.145596 | GENERATION: 293 | ERRORS: best=140, median=395.0, diversity=0.155 | INDIVIDUALS: n=200, avg_genome_length=20.755
2021-12-07 17:44:24.467966 | GENERATION: 294 | ERRORS: best=140, median=377.0, diversity=0.145 | INDIVIDUALS: n=200, avg_genome_length=21.61
2021-12-07 17:44:25.642700 | GENERATION: 295 | ERRORS: best=140, median=395.0, diversity=0.135 | INDIVIDUALS: n=200, avg_genome_length=20.215
2021-12-07 17:44:26.848927 | GENERATION: 296 | ERRORS: best=140, median=395.0, diversity=0.165 | INDIVIDUALS: n=200, avg_genome_length=20.005
2021-12-07 17:44:28.036999 | GENERATION: 297 | ERRORS: best=140, median=395.0, diversity=0.195 | INDIVIDUALS: n=200, avg_genome_length=18.855
2021-12-07 17:44:29.109504 | GENERATION: 298 | ERRORS: best=140, median=395.0, diversity=0.14 | INDIVIDUALS: n=200, avg_genome_length=17.95
2021-12-07 17:44:30.630602 | GENERATION: 299 | ERRORS: best=140, median=395.0, diversity=0.19 | INDIVIDUALS: n=200, avg_genome_length=19.46
2021-12-07 17:44:31.802844 | GENERATION: 300 | ERRORS: best=140, median=395.0, diversity=0.16 | INDIVIDUALS: n=200, avg_genome_length=19.455
Simplifying genome of length 32 with total error 140.
Simplified genome by 2 to length 30.
Simplified genome by 2 to length 28.
Simplified genome by 3 to length 25.
Simplified genome by 2 to length 23.
Simplified genome by 1 to length 22.
Simplified genome by 1 to length 21.
Simplified genome by 1 to length 20.
Simplified genome by 1 to length 19.
Simplified genome by 1 to length 18.
Simplified genome by 1 to length 17.
Simplified genome to length 17 and total error 140.
========================================
End Run
========================================
No solution found.
Best Seen Individual
	Genome:
	 pvector([Literal(value=7779, push_type=<pyshgp.push.types.PushIntType object at 0x7f0d64eecaf0>), Literal(value='small', push_type=<pyshgp.push.types.PushStrType object at 0x7f0d64eecf40>), Input(input_index=0), InstructionMeta(name='int_mod', code_blocks=0), InstructionMeta(name='exec_shove', code_blocks=1), InstructionMeta(name='print_str', code_blocks=0), Closer(), Literal(value='small', push_type=<pyshgp.push.types.PushStrType object at 0x7f0d64eec7c0>), InstructionMeta(name='str_tail', code_blocks=0), InstructionMeta(name='int_add', code_blocks=0), InstructionMeta(name='str_pop', code_blocks=0), InstructionMeta(name='str_from_int', code_blocks=0), InstructionMeta(name='str_strip_whitespace', code_blocks=0), InstructionMeta(name='bool_eq', code_blocks=0), InstructionMeta(name='int_shove_dup', code_blocks=0), InstructionMeta(name='str_tail', code_blocks=0), Literal(value='large', push_type=<pyshgp.push.types.PushStrType object at 0x7f0d64eec340>)])
	Program:
	 (7779 "small" input_0 int_mod exec_shove (print_str) "small" str_tail int_add str_pop str_from_int str_strip_whitespace bool_eq int_shove_dup str_tail "large")
	Error vector:
	 [5 0 0 0 0 0 5 5 5 0 0 0 0 0 5 0 0 0 0 0 0 5 5 5 0 0 0 0 0 0 5 0 5 0 0 0 5
 0 0 0 0 0 0 0 5 0 0 0 5 0 0 0 0 0 0 0 5 5 5 5 0 5 5 0 0 0 0 0 0 0 0 0 0 0
 0 5 0 5 0 0 0 5 0 0 0 5 0 0 5 0 0 0 0 5 0 5 0 0 5 5]
	Total error:
	 140
	Test error:
	 465
	Time:
	 00:07:33
