Included 27 edge cases.
Included 73 random cases.
Included 100 cases in total.
Finished formatting.
Included 0 edge cases.
Included 1000 random cases.
Included 1000 cases in total.
Finished formatting.
========================================
Setup
========================================
Search Configuration:
signature: ProgramSignature(arity=1, push_config=PushConfig(numeric_magnitude_limit=1000000000000.0, runtime_limit=10, step_limit=300, collection_size_cap=1000, growth_cap=500), output_stacks=['stdout'])
evaluator: <pyshgp.gp.evaluation.DatasetEvaluator object at 0x7ff90b69ff10>
spawner: <pyshgp.gp.genome.GeneSpawner object at 0x7ff90b69f850>
population_size: 200
max_generations: 300
error_threshold: 0.0
initial_genome_size: (20, 100)
simplification_steps: 500
parallel_context: <pyshgp.gp.search.ParallelContext object at 0x7ff909356340>
selection: <pyshgp.utils.DiscreteProbDistrib object at 0x7ff909346c40>
variation: <pyshgp.utils.DiscreteProbDistrib object at 0x7ff9093046c0>
Instructions:
int_add, int_sub, int_mult, int_div, int_mod, int_min, int_max, int_inc, int_dec, int_lt, int_lte, int_gt, int_gte, int_from_bool, str_concat, str_insert_str, str_from_first_char, str_from_last_char, str_from_nth_char, str_contains_str, str_index_of_str, str_split_on_str, str_replace_first_str, str_replace_n_str, str_replace_all_str, str_remove_first_str, str_remove_n_str, str_remove_all_str, str_occurrences_of_str, str_reverse, str_head, str_tail, str_rest, str_but_last, str_drop, str_but_last_n, str_length, str_make_empty, str_is_empty_string, str_remove_nth, str_strip_whitespace, str_from_bool, str_from_int, bool_and, bool_or, bool_not, bool_xor, bool_invert_first_then_and, bool_second_first_then_and, bool_from_int, noop, noop_open, exec_do_range, exec_do_count, exec_while, exec_do_while, exec_if, exec_when, print_bool, println_bool, print_int, println_int, print_str, println_str, print_exec, println_exec, bool_pop, bool_dup, bool_dup_times, bool_swap, bool_rot, bool_flush, bool_eq, bool_stack_depth, bool_yank, bool_yank_dup, bool_shove, bool_shove_dup, bool_is_empty, int_pop, int_dup, int_dup_times, int_swap, int_rot, int_flush, int_eq, int_stack_depth, int_yank, int_yank_dup, int_shove, int_shove_dup, int_is_empty, str_pop, str_dup, str_dup_times, str_swap, str_rot, str_flush, str_eq, str_stack_depth, str_yank, str_yank_dup, str_shove, str_shove_dup, str_is_empty, exec_pop, exec_dup, exec_dup_times, exec_swap, exec_rot, exec_flush, exec_eq, exec_stack_depth, exec_yank, exec_yank_dup, exec_shove, exec_shove_dup, exec_is_empty
Literals:
[Literal(value='small', push_type=<pyshgp.push.types.PushStrType object at 0x7ff90b7e6c10>), Literal(value='large', push_type=<pyshgp.push.types.PushStrType object at 0x7ff90b7e6c10>)]
ERC Generators:
[<function rand_int at 0x7ff9093a3670>]
========================================
Start Run
========================================
2021-12-22 21:47:13.495000 | GENERATION: 1 | ERRORS: best=425, median=839.0, diversity=0.035 | INDIVIDUALS: n=200, avg_genome_length=69.515 | VIRUSES: gene_rate=0.000
2021-12-22 21:47:15.125174 | GENERATION: 2 | ERRORS: best=265, median=425.0, diversity=0.16 | INDIVIDUALS: n=200, avg_genome_length=60.65 | VIRUSES: gene_rate=0.011
2021-12-22 21:47:16.848700 | GENERATION: 3 | ERRORS: best=265, median=425.0, diversity=0.19 | INDIVIDUALS: n=200, avg_genome_length=55.32 | VIRUSES: gene_rate=0.035
2021-12-22 21:47:18.863229 | GENERATION: 4 | ERRORS: best=265, median=310.0, diversity=0.17 | INDIVIDUALS: n=200, avg_genome_length=53.41 | VIRUSES: gene_rate=0.042
2021-12-22 21:47:20.623434 | GENERATION: 5 | ERRORS: best=235, median=310.0, diversity=0.18 | INDIVIDUALS: n=200, avg_genome_length=50.495 | VIRUSES: gene_rate=0.052
2021-12-22 21:47:23.753445 | GENERATION: 6 | ERRORS: best=235, median=310.0, diversity=0.225 | INDIVIDUALS: n=200, avg_genome_length=41.39 | VIRUSES: gene_rate=0.064
2021-12-22 21:47:25.555382 | GENERATION: 7 | ERRORS: best=235, median=369.0, diversity=0.18 | INDIVIDUALS: n=200, avg_genome_length=31.01 | VIRUSES: gene_rate=0.114
2021-12-22 21:47:27.312868 | GENERATION: 8 | ERRORS: best=190, median=425.0, diversity=0.23 | INDIVIDUALS: n=200, avg_genome_length=28.28 | VIRUSES: gene_rate=0.136
2021-12-22 21:47:29.308770 | GENERATION: 9 | ERRORS: best=189, median=425.0, diversity=0.205 | INDIVIDUALS: n=200, avg_genome_length=27.53 | VIRUSES: gene_rate=0.159
2021-12-22 21:47:30.763836 | GENERATION: 10 | ERRORS: best=189, median=425.0, diversity=0.195 | INDIVIDUALS: n=200, avg_genome_length=26.91 | VIRUSES: gene_rate=0.191
2021-12-22 21:47:32.230654 | GENERATION: 11 | ERRORS: best=189, median=423.5, diversity=0.225 | INDIVIDUALS: n=200, avg_genome_length=27.575 | VIRUSES: gene_rate=0.203
2021-12-22 21:47:33.475896 | GENERATION: 12 | ERRORS: best=159, median=425.0, diversity=0.18 | INDIVIDUALS: n=200, avg_genome_length=23.75 | VIRUSES: gene_rate=0.210
2021-12-22 21:47:34.689792 | GENERATION: 13 | ERRORS: best=159, median=310.0, diversity=0.19 | INDIVIDUALS: n=200, avg_genome_length=24.12 | VIRUSES: gene_rate=0.238
2021-12-22 21:47:35.792112 | GENERATION: 14 | ERRORS: best=159, median=425.0, diversity=0.21 | INDIVIDUALS: n=200, avg_genome_length=23.195 | VIRUSES: gene_rate=0.244
2021-12-22 21:47:36.781091 | GENERATION: 15 | ERRORS: best=159, median=420.0, diversity=0.17 | INDIVIDUALS: n=200, avg_genome_length=23.43 | VIRUSES: gene_rate=0.253
2021-12-22 21:47:37.723341 | GENERATION: 16 | ERRORS: best=189, median=425.0, diversity=0.18 | INDIVIDUALS: n=200, avg_genome_length=21.565 | VIRUSES: gene_rate=0.237
2021-12-22 21:47:39.001041 | GENERATION: 17 | ERRORS: best=75, median=425.0, diversity=0.235 | INDIVIDUALS: n=200, avg_genome_length=24.325 | VIRUSES: gene_rate=0.266
2021-12-22 21:47:39.888277 | GENERATION: 18 | ERRORS: best=75, median=425.0, diversity=0.19 | INDIVIDUALS: n=200, avg_genome_length=23.785 | VIRUSES: gene_rate=0.330
2021-12-22 21:47:41.068022 | GENERATION: 19 | ERRORS: best=75, median=425.0, diversity=0.165 | INDIVIDUALS: n=200, avg_genome_length=22.7 | VIRUSES: gene_rate=0.338
2021-12-22 21:47:42.072342 | GENERATION: 20 | ERRORS: best=75, median=425.0, diversity=0.235 | INDIVIDUALS: n=200, avg_genome_length=22.99 | VIRUSES: gene_rate=0.327
2021-12-22 21:47:42.901731 | GENERATION: 21 | ERRORS: best=75, median=425.0, diversity=0.2 | INDIVIDUALS: n=200, avg_genome_length=22.715 | VIRUSES: gene_rate=0.367
2021-12-22 21:47:44.010802 | GENERATION: 22 | ERRORS: best=75, median=425.0, diversity=0.165 | INDIVIDUALS: n=200, avg_genome_length=21.53 | VIRUSES: gene_rate=0.292
2021-12-22 21:47:45.201289 | GENERATION: 23 | ERRORS: best=75, median=425.0, diversity=0.23 | INDIVIDUALS: n=200, avg_genome_length=21.515 | VIRUSES: gene_rate=0.288
2021-12-22 21:47:46.186844 | GENERATION: 24 | ERRORS: best=75, median=425.0, diversity=0.235 | INDIVIDUALS: n=200, avg_genome_length=21.04 | VIRUSES: gene_rate=0.290
2021-12-22 21:47:48.147073 | GENERATION: 25 | ERRORS: best=75, median=425.0, diversity=0.235 | INDIVIDUALS: n=200, avg_genome_length=20.395 | VIRUSES: gene_rate=0.284
2021-12-22 21:47:49.029042 | GENERATION: 26 | ERRORS: best=75, median=425.0, diversity=0.245 | INDIVIDUALS: n=200, avg_genome_length=20.78 | VIRUSES: gene_rate=0.260
2021-12-22 21:47:49.982817 | GENERATION: 27 | ERRORS: best=75, median=425.0, diversity=0.195 | INDIVIDUALS: n=200, avg_genome_length=21.175 | VIRUSES: gene_rate=0.255
2021-12-22 21:47:50.926694 | GENERATION: 28 | ERRORS: best=75, median=425.0, diversity=0.18 | INDIVIDUALS: n=200, avg_genome_length=20.75 | VIRUSES: gene_rate=0.253
2021-12-22 21:47:51.913080 | GENERATION: 29 | ERRORS: best=75, median=425.0, diversity=0.205 | INDIVIDUALS: n=200, avg_genome_length=20.26 | VIRUSES: gene_rate=0.279
2021-12-22 21:47:52.879972 | GENERATION: 30 | ERRORS: best=75, median=425.0, diversity=0.195 | INDIVIDUALS: n=200, avg_genome_length=19.395 | VIRUSES: gene_rate=0.297
2021-12-22 21:47:53.735168 | GENERATION: 31 | ERRORS: best=75, median=349.0, diversity=0.195 | INDIVIDUALS: n=200, avg_genome_length=19.445 | VIRUSES: gene_rate=0.294
2021-12-22 21:47:54.840982 | GENERATION: 32 | ERRORS: best=75, median=425.0, diversity=0.165 | INDIVIDUALS: n=200, avg_genome_length=19.35 | VIRUSES: gene_rate=0.292
2021-12-22 21:47:55.959507 | GENERATION: 33 | ERRORS: best=75, median=425.0, diversity=0.175 | INDIVIDUALS: n=200, avg_genome_length=16.835 | VIRUSES: gene_rate=0.317
2021-12-22 21:47:56.745059 | GENERATION: 34 | ERRORS: best=75, median=425.0, diversity=0.19 | INDIVIDUALS: n=200, avg_genome_length=17.755 | VIRUSES: gene_rate=0.307
2021-12-22 21:47:57.583253 | GENERATION: 35 | ERRORS: best=75, median=425.0, diversity=0.245 | INDIVIDUALS: n=200, avg_genome_length=17.73 | VIRUSES: gene_rate=0.292
2021-12-22 21:47:58.606260 | GENERATION: 36 | ERRORS: best=75, median=425.0, diversity=0.13 | INDIVIDUALS: n=200, avg_genome_length=20.65 | VIRUSES: gene_rate=0.279
2021-12-22 21:47:59.921720 | GENERATION: 37 | ERRORS: best=75, median=425.0, diversity=0.15 | INDIVIDUALS: n=200, avg_genome_length=20.1 | VIRUSES: gene_rate=0.278
2021-12-22 21:48:00.881335 | GENERATION: 38 | ERRORS: best=45, median=310.0, diversity=0.195 | INDIVIDUALS: n=200, avg_genome_length=21.515 | VIRUSES: gene_rate=0.307
2021-12-22 21:48:01.963127 | GENERATION: 39 | ERRORS: best=45, median=425.0, diversity=0.16 | INDIVIDUALS: n=200, avg_genome_length=24.205 | VIRUSES: gene_rate=0.345
2021-12-22 21:48:03.250812 | GENERATION: 40 | ERRORS: best=45, median=310.0, diversity=0.16 | INDIVIDUALS: n=200, avg_genome_length=24.475 | VIRUSES: gene_rate=0.346
2021-12-22 21:48:04.195496 | GENERATION: 41 | ERRORS: best=45, median=425.0, diversity=0.17 | INDIVIDUALS: n=200, avg_genome_length=23.74 | VIRUSES: gene_rate=0.374
2021-12-22 21:48:05.057397 | GENERATION: 42 | ERRORS: best=45, median=425.0, diversity=0.175 | INDIVIDUALS: n=200, avg_genome_length=23.45 | VIRUSES: gene_rate=0.362
2021-12-22 21:48:06.200133 | GENERATION: 43 | ERRORS: best=45, median=425.0, diversity=0.175 | INDIVIDUALS: n=200, avg_genome_length=23.96 | VIRUSES: gene_rate=0.345
2021-12-22 21:48:07.259700 | GENERATION: 44 | ERRORS: best=45, median=420.0, diversity=0.225 | INDIVIDUALS: n=200, avg_genome_length=24.755 | VIRUSES: gene_rate=0.294
2021-12-22 21:48:08.287147 | GENERATION: 45 | ERRORS: best=45, median=317.5, diversity=0.19 | INDIVIDUALS: n=200, avg_genome_length=23.8 | VIRUSES: gene_rate=0.318
2021-12-22 21:48:09.356473 | GENERATION: 46 | ERRORS: best=45, median=360.0, diversity=0.165 | INDIVIDUALS: n=200, avg_genome_length=25.59 | VIRUSES: gene_rate=0.290
2021-12-22 21:48:10.521066 | GENERATION: 47 | ERRORS: best=45, median=425.0, diversity=0.145 | INDIVIDUALS: n=200, avg_genome_length=24.09 | VIRUSES: gene_rate=0.297
2021-12-22 21:48:11.755412 | GENERATION: 48 | ERRORS: best=45, median=425.0, diversity=0.18 | INDIVIDUALS: n=200, avg_genome_length=21.0 | VIRUSES: gene_rate=0.298
2021-12-22 21:48:12.829710 | GENERATION: 49 | ERRORS: best=45, median=310.0, diversity=0.18 | INDIVIDUALS: n=200, avg_genome_length=19.0 | VIRUSES: gene_rate=0.307
2021-12-22 21:48:13.858942 | GENERATION: 50 | ERRORS: best=45, median=310.0, diversity=0.18 | INDIVIDUALS: n=200, avg_genome_length=19.24 | VIRUSES: gene_rate=0.306
2021-12-22 21:48:14.779733 | GENERATION: 51 | ERRORS: best=45, median=285.0, diversity=0.165 | INDIVIDUALS: n=200, avg_genome_length=20.565 | VIRUSES: gene_rate=0.293
2021-12-22 21:48:15.609184 | GENERATION: 52 | ERRORS: best=45, median=265.0, diversity=0.185 | INDIVIDUALS: n=200, avg_genome_length=21.22 | VIRUSES: gene_rate=0.292
2021-12-22 21:48:16.503155 | GENERATION: 53 | ERRORS: best=45, median=307.5, diversity=0.16 | INDIVIDUALS: n=200, avg_genome_length=22.21 | VIRUSES: gene_rate=0.300
2021-12-22 21:48:17.749049 | GENERATION: 54 | ERRORS: best=45, median=310.0, diversity=0.17 | INDIVIDUALS: n=200, avg_genome_length=21.51 | VIRUSES: gene_rate=0.307
2021-12-22 21:48:19.051615 | GENERATION: 55 | ERRORS: best=45, median=310.0, diversity=0.185 | INDIVIDUALS: n=200, avg_genome_length=22.985 | VIRUSES: gene_rate=0.299
2021-12-22 21:48:20.303144 | GENERATION: 56 | ERRORS: best=45, median=310.0, diversity=0.19 | INDIVIDUALS: n=200, avg_genome_length=24.19 | VIRUSES: gene_rate=0.291
2021-12-22 21:48:21.598652 | GENERATION: 57 | ERRORS: best=45, median=310.0, diversity=0.195 | INDIVIDUALS: n=200, avg_genome_length=23.345 | VIRUSES: gene_rate=0.300
2021-12-22 21:48:22.655025 | GENERATION: 58 | ERRORS: best=45, median=420.0, diversity=0.21 | INDIVIDUALS: n=200, avg_genome_length=23.045 | VIRUSES: gene_rate=0.302
2021-12-22 21:48:23.613124 | GENERATION: 59 | ERRORS: best=45, median=310.0, diversity=0.215 | INDIVIDUALS: n=200, avg_genome_length=21.18 | VIRUSES: gene_rate=0.347
2021-12-22 21:48:24.531163 | GENERATION: 60 | ERRORS: best=45, median=357.0, diversity=0.215 | INDIVIDUALS: n=200, avg_genome_length=19.48 | VIRUSES: gene_rate=0.390
2021-12-22 21:48:25.598423 | GENERATION: 61 | ERRORS: best=45, median=310.0, diversity=0.23 | INDIVIDUALS: n=200, avg_genome_length=19.62 | VIRUSES: gene_rate=0.374
2021-12-22 21:48:26.508317 | GENERATION: 62 | ERRORS: best=45, median=310.0, diversity=0.22 | INDIVIDUALS: n=200, avg_genome_length=19.115 | VIRUSES: gene_rate=0.333
2021-12-22 21:48:27.515682 | GENERATION: 63 | ERRORS: best=45, median=310.0, diversity=0.175 | INDIVIDUALS: n=200, avg_genome_length=17.835 | VIRUSES: gene_rate=0.373
2021-12-22 21:48:28.269023 | GENERATION: 64 | ERRORS: best=45, median=310.0, diversity=0.165 | INDIVIDUALS: n=200, avg_genome_length=17.835 | VIRUSES: gene_rate=0.387
2021-12-22 21:48:29.201762 | GENERATION: 65 | ERRORS: best=45, median=310.0, diversity=0.175 | INDIVIDUALS: n=200, avg_genome_length=17.735 | VIRUSES: gene_rate=0.404
2021-12-22 21:48:30.102082 | GENERATION: 66 | ERRORS: best=45, median=310.0, diversity=0.17 | INDIVIDUALS: n=200, avg_genome_length=18.955 | VIRUSES: gene_rate=0.402
2021-12-22 21:48:31.052452 | GENERATION: 67 | ERRORS: best=45, median=310.0, diversity=0.17 | INDIVIDUALS: n=200, avg_genome_length=20.125 | VIRUSES: gene_rate=0.376
2021-12-22 21:48:32.006140 | GENERATION: 68 | ERRORS: best=45, median=310.0, diversity=0.18 | INDIVIDUALS: n=200, avg_genome_length=20.025 | VIRUSES: gene_rate=0.357
2021-12-22 21:48:33.128467 | GENERATION: 69 | ERRORS: best=45, median=310.0, diversity=0.21 | INDIVIDUALS: n=200, avg_genome_length=19.925 | VIRUSES: gene_rate=0.362
2021-12-22 21:48:34.165528 | GENERATION: 70 | ERRORS: best=45, median=381.0, diversity=0.27 | INDIVIDUALS: n=200, avg_genome_length=21.71 | VIRUSES: gene_rate=0.337
2021-12-22 21:48:35.035276 | GENERATION: 71 | ERRORS: best=45, median=385.0, diversity=0.265 | INDIVIDUALS: n=200, avg_genome_length=19.115 | VIRUSES: gene_rate=0.364
2021-12-22 21:48:35.907014 | GENERATION: 72 | ERRORS: best=45, median=385.0, diversity=0.215 | INDIVIDUALS: n=200, avg_genome_length=17.395 | VIRUSES: gene_rate=0.377
2021-12-22 21:48:36.905751 | GENERATION: 73 | ERRORS: best=45, median=377.0, diversity=0.255 | INDIVIDUALS: n=200, avg_genome_length=17.53 | VIRUSES: gene_rate=0.431
2021-12-22 21:48:37.619385 | GENERATION: 74 | ERRORS: best=45, median=425.0, diversity=0.25 | INDIVIDUALS: n=200, avg_genome_length=15.99 | VIRUSES: gene_rate=0.433
2021-12-22 21:48:38.496044 | GENERATION: 75 | ERRORS: best=45, median=386.0, diversity=0.23 | INDIVIDUALS: n=200, avg_genome_length=15.94 | VIRUSES: gene_rate=0.431
2021-12-22 21:48:39.435248 | GENERATION: 76 | ERRORS: best=45, median=412.0, diversity=0.22 | INDIVIDUALS: n=200, avg_genome_length=17.1 | VIRUSES: gene_rate=0.436
2021-12-22 21:48:40.359978 | GENERATION: 77 | ERRORS: best=45, median=400.5, diversity=0.225 | INDIVIDUALS: n=200, avg_genome_length=17.855 | VIRUSES: gene_rate=0.450
2021-12-22 21:48:41.383313 | GENERATION: 78 | ERRORS: best=45, median=425.0, diversity=0.255 | INDIVIDUALS: n=200, avg_genome_length=18.225 | VIRUSES: gene_rate=0.467
2021-12-22 21:48:42.128925 | GENERATION: 79 | ERRORS: best=45, median=398.0, diversity=0.2 | INDIVIDUALS: n=200, avg_genome_length=16.54 | VIRUSES: gene_rate=0.476
2021-12-22 21:48:43.208373 | GENERATION: 80 | ERRORS: best=45, median=425.0, diversity=0.16 | INDIVIDUALS: n=200, avg_genome_length=16.065 | VIRUSES: gene_rate=0.491
2021-12-22 21:48:44.310682 | GENERATION: 81 | ERRORS: best=45, median=425.0, diversity=0.17 | INDIVIDUALS: n=200, avg_genome_length=15.18 | VIRUSES: gene_rate=0.478
2021-12-22 21:48:45.224593 | GENERATION: 82 | ERRORS: best=75, median=401.0, diversity=0.185 | INDIVIDUALS: n=200, avg_genome_length=14.62 | VIRUSES: gene_rate=0.496
2021-12-22 21:48:45.950662 | GENERATION: 83 | ERRORS: best=75, median=425.0, diversity=0.115 | INDIVIDUALS: n=200, avg_genome_length=13.565 | VIRUSES: gene_rate=0.501
2021-12-22 21:48:46.864619 | GENERATION: 84 | ERRORS: best=75, median=310.0, diversity=0.135 | INDIVIDUALS: n=200, avg_genome_length=13.155 | VIRUSES: gene_rate=0.475
2021-12-22 21:48:47.523293 | GENERATION: 85 | ERRORS: best=75, median=425.0, diversity=0.11 | INDIVIDUALS: n=200, avg_genome_length=13.045 | VIRUSES: gene_rate=0.476
2021-12-22 21:48:48.200738 | GENERATION: 86 | ERRORS: best=75, median=310.0, diversity=0.125 | INDIVIDUALS: n=200, avg_genome_length=12.46 | VIRUSES: gene_rate=0.495
2021-12-22 21:48:48.972013 | GENERATION: 87 | ERRORS: best=75, median=425.0, diversity=0.125 | INDIVIDUALS: n=200, avg_genome_length=11.635 | VIRUSES: gene_rate=0.494
2021-12-22 21:48:49.985347 | GENERATION: 88 | ERRORS: best=75, median=425.0, diversity=0.12 | INDIVIDUALS: n=200, avg_genome_length=11.15 | VIRUSES: gene_rate=0.504
2021-12-22 21:48:50.774692 | GENERATION: 89 | ERRORS: best=75, median=425.0, diversity=0.105 | INDIVIDUALS: n=200, avg_genome_length=11.18 | VIRUSES: gene_rate=0.542
2021-12-22 21:48:51.454045 | GENERATION: 90 | ERRORS: best=75, median=425.0, diversity=0.12 | INDIVIDUALS: n=200, avg_genome_length=11.03 | VIRUSES: gene_rate=0.603
2021-12-22 21:48:52.435857 | GENERATION: 91 | ERRORS: best=75, median=425.0, diversity=0.1 | INDIVIDUALS: n=200, avg_genome_length=12.025 | VIRUSES: gene_rate=0.638
2021-12-22 21:48:53.088730 | GENERATION: 92 | ERRORS: best=75, median=425.0, diversity=0.11 | INDIVIDUALS: n=200, avg_genome_length=12.09 | VIRUSES: gene_rate=0.577
2021-12-22 21:48:54.112873 | GENERATION: 93 | ERRORS: best=75, median=425.0, diversity=0.125 | INDIVIDUALS: n=200, avg_genome_length=13.43 | VIRUSES: gene_rate=0.557
2021-12-22 21:48:55.001171 | GENERATION: 94 | ERRORS: best=75, median=310.0, diversity=0.125 | INDIVIDUALS: n=200, avg_genome_length=12.13 | VIRUSES: gene_rate=0.583
2021-12-22 21:48:55.917120 | GENERATION: 95 | ERRORS: best=75, median=425.0, diversity=0.14 | INDIVIDUALS: n=200, avg_genome_length=12.9 | VIRUSES: gene_rate=0.576
2021-12-22 21:48:56.847689 | GENERATION: 96 | ERRORS: best=75, median=425.0, diversity=0.175 | INDIVIDUALS: n=200, avg_genome_length=13.105 | VIRUSES: gene_rate=0.553
2021-12-22 21:48:57.503514 | GENERATION: 97 | ERRORS: best=75, median=310.0, diversity=0.1 | INDIVIDUALS: n=200, avg_genome_length=12.32 | VIRUSES: gene_rate=0.526
2021-12-22 21:48:58.425745 | GENERATION: 98 | ERRORS: best=75, median=310.0, diversity=0.125 | INDIVIDUALS: n=200, avg_genome_length=12.63 | VIRUSES: gene_rate=0.537
2021-12-22 21:48:59.517795 | GENERATION: 99 | ERRORS: best=75, median=425.0, diversity=0.14 | INDIVIDUALS: n=200, avg_genome_length=12.53 | VIRUSES: gene_rate=0.554
2021-12-22 21:49:00.341598 | GENERATION: 100 | ERRORS: best=75, median=425.0, diversity=0.115 | INDIVIDUALS: n=200, avg_genome_length=13.15 | VIRUSES: gene_rate=0.529
2021-12-22 21:49:00.994644 | GENERATION: 101 | ERRORS: best=75, median=310.0, diversity=0.185 | INDIVIDUALS: n=200, avg_genome_length=12.73 | VIRUSES: gene_rate=0.522
2021-12-22 21:49:02.186902 | GENERATION: 102 | ERRORS: best=75, median=425.0, diversity=0.135 | INDIVIDUALS: n=200, avg_genome_length=13.04 | VIRUSES: gene_rate=0.483
2021-12-22 21:49:03.144844 | GENERATION: 103 | ERRORS: best=75, median=425.0, diversity=0.145 | INDIVIDUALS: n=200, avg_genome_length=12.11 | VIRUSES: gene_rate=0.537
2021-12-22 21:49:04.103815 | GENERATION: 104 | ERRORS: best=75, median=425.0, diversity=0.085 | INDIVIDUALS: n=200, avg_genome_length=11.735 | VIRUSES: gene_rate=0.529
2021-12-22 21:49:04.751818 | GENERATION: 105 | ERRORS: best=75, median=417.5, diversity=0.085 | INDIVIDUALS: n=200, avg_genome_length=12.69 | VIRUSES: gene_rate=0.496
2021-12-22 21:49:05.426624 | GENERATION: 106 | ERRORS: best=75, median=377.0, diversity=0.15 | INDIVIDUALS: n=200, avg_genome_length=12.65 | VIRUSES: gene_rate=0.466
2021-12-22 21:49:06.341756 | GENERATION: 107 | ERRORS: best=75, median=425.0, diversity=0.13 | INDIVIDUALS: n=200, avg_genome_length=13.165 | VIRUSES: gene_rate=0.468
2021-12-22 21:49:07.102282 | GENERATION: 108 | ERRORS: best=75, median=310.0, diversity=0.15 | INDIVIDUALS: n=200, avg_genome_length=15.25 | VIRUSES: gene_rate=0.483
2021-12-22 21:49:07.836395 | GENERATION: 109 | ERRORS: best=75, median=425.0, diversity=0.14 | INDIVIDUALS: n=200, avg_genome_length=14.145 | VIRUSES: gene_rate=0.502
2021-12-22 21:49:08.650212 | GENERATION: 110 | ERRORS: best=75, median=310.0, diversity=0.155 | INDIVIDUALS: n=200, avg_genome_length=16.67 | VIRUSES: gene_rate=0.451
2021-12-22 21:49:09.729816 | GENERATION: 111 | ERRORS: best=75, median=425.0, diversity=0.16 | INDIVIDUALS: n=200, avg_genome_length=18.46 | VIRUSES: gene_rate=0.391
2021-12-22 21:49:10.594922 | GENERATION: 112 | ERRORS: best=75, median=310.0, diversity=0.14 | INDIVIDUALS: n=200, avg_genome_length=17.165 | VIRUSES: gene_rate=0.395
2021-12-22 21:49:11.487683 | GENERATION: 113 | ERRORS: best=75, median=310.0, diversity=0.215 | INDIVIDUALS: n=200, avg_genome_length=16.795 | VIRUSES: gene_rate=0.377
2021-12-22 21:49:12.514745 | GENERATION: 114 | ERRORS: best=75, median=310.0, diversity=0.14 | INDIVIDUALS: n=200, avg_genome_length=17.29 | VIRUSES: gene_rate=0.367
2021-12-22 21:49:14.609117 | GENERATION: 115 | ERRORS: best=75, median=310.0, diversity=0.165 | INDIVIDUALS: n=200, avg_genome_length=17.085 | VIRUSES: gene_rate=0.387
2021-12-22 21:49:15.633216 | GENERATION: 116 | ERRORS: best=75, median=310.0, diversity=0.12 | INDIVIDUALS: n=200, avg_genome_length=16.4 | VIRUSES: gene_rate=0.371
2021-12-22 21:49:16.700227 | GENERATION: 117 | ERRORS: best=75, median=330.0, diversity=0.17 | INDIVIDUALS: n=200, avg_genome_length=17.7 | VIRUSES: gene_rate=0.370
2021-12-22 21:49:17.717298 | GENERATION: 118 | ERRORS: best=75, median=425.0, diversity=0.165 | INDIVIDUALS: n=200, avg_genome_length=17.95 | VIRUSES: gene_rate=0.407
2021-12-22 21:49:18.683584 | GENERATION: 119 | ERRORS: best=75, median=343.0, diversity=0.185 | INDIVIDUALS: n=200, avg_genome_length=19.79 | VIRUSES: gene_rate=0.395
2021-12-22 21:49:19.575601 | GENERATION: 120 | ERRORS: best=75, median=310.0, diversity=0.115 | INDIVIDUALS: n=200, avg_genome_length=17.925 | VIRUSES: gene_rate=0.421
2021-12-22 21:49:20.431742 | GENERATION: 121 | ERRORS: best=75, median=310.0, diversity=0.135 | INDIVIDUALS: n=200, avg_genome_length=17.96 | VIRUSES: gene_rate=0.405
2021-12-22 21:49:21.509959 | GENERATION: 122 | ERRORS: best=75, median=387.0, diversity=0.19 | INDIVIDUALS: n=200, avg_genome_length=17.29 | VIRUSES: gene_rate=0.397
2021-12-22 21:49:22.456492 | GENERATION: 123 | ERRORS: best=75, median=370.0, diversity=0.135 | INDIVIDUALS: n=200, avg_genome_length=17.32 | VIRUSES: gene_rate=0.416
2021-12-22 21:49:23.665001 | GENERATION: 124 | ERRORS: best=75, median=310.0, diversity=0.165 | INDIVIDUALS: n=200, avg_genome_length=20.5 | VIRUSES: gene_rate=0.413
2021-12-22 21:49:24.660815 | GENERATION: 125 | ERRORS: best=75, median=310.0, diversity=0.12 | INDIVIDUALS: n=200, avg_genome_length=17.77 | VIRUSES: gene_rate=0.408
2021-12-22 21:49:25.509861 | GENERATION: 126 | ERRORS: best=75, median=310.0, diversity=0.155 | INDIVIDUALS: n=200, avg_genome_length=15.57 | VIRUSES: gene_rate=0.430
2021-12-22 21:49:26.687499 | GENERATION: 127 | ERRORS: best=75, median=310.0, diversity=0.2 | INDIVIDUALS: n=200, avg_genome_length=14.835 | VIRUSES: gene_rate=0.382
2021-12-22 21:49:27.827477 | GENERATION: 128 | ERRORS: best=75, median=310.0, diversity=0.135 | INDIVIDUALS: n=200, avg_genome_length=14.645 | VIRUSES: gene_rate=0.345
2021-12-22 21:49:28.904671 | GENERATION: 129 | ERRORS: best=75, median=336.5, diversity=0.135 | INDIVIDUALS: n=200, avg_genome_length=14.145 | VIRUSES: gene_rate=0.376
2021-12-22 21:49:30.124897 | GENERATION: 130 | ERRORS: best=75, median=310.0, diversity=0.135 | INDIVIDUALS: n=200, avg_genome_length=13.42 | VIRUSES: gene_rate=0.359
2021-12-22 21:49:31.214502 | GENERATION: 131 | ERRORS: best=75, median=310.0, diversity=0.15 | INDIVIDUALS: n=200, avg_genome_length=12.975 | VIRUSES: gene_rate=0.383
2021-12-22 21:49:32.355271 | GENERATION: 132 | ERRORS: best=75, median=351.5, diversity=0.12 | INDIVIDUALS: n=200, avg_genome_length=13.24 | VIRUSES: gene_rate=0.383
2021-12-22 21:49:33.573931 | GENERATION: 133 | ERRORS: best=75, median=425.0, diversity=0.125 | INDIVIDUALS: n=200, avg_genome_length=12.12 | VIRUSES: gene_rate=0.358
2021-12-22 21:49:34.792688 | GENERATION: 134 | ERRORS: best=75, median=387.0, diversity=0.18 | INDIVIDUALS: n=200, avg_genome_length=13.86 | VIRUSES: gene_rate=0.336
2021-12-22 21:49:35.927384 | GENERATION: 135 | ERRORS: best=75, median=310.0, diversity=0.19 | INDIVIDUALS: n=200, avg_genome_length=13.9 | VIRUSES: gene_rate=0.352
2021-12-22 21:49:37.478176 | GENERATION: 136 | ERRORS: best=75, median=310.0, diversity=0.17 | INDIVIDUALS: n=200, avg_genome_length=14.42 | VIRUSES: gene_rate=0.347
2021-12-22 21:49:38.490099 | GENERATION: 137 | ERRORS: best=75, median=425.0, diversity=0.17 | INDIVIDUALS: n=200, avg_genome_length=15.27 | VIRUSES: gene_rate=0.348
2021-12-22 21:49:39.414192 | GENERATION: 138 | ERRORS: best=75, median=310.0, diversity=0.185 | INDIVIDUALS: n=200, avg_genome_length=13.665 | VIRUSES: gene_rate=0.348
2021-12-22 21:49:40.245572 | GENERATION: 139 | ERRORS: best=75, median=385.0, diversity=0.185 | INDIVIDUALS: n=200, avg_genome_length=13.46 | VIRUSES: gene_rate=0.332
2021-12-22 21:49:41.433489 | GENERATION: 140 | ERRORS: best=75, median=425.0, diversity=0.18 | INDIVIDUALS: n=200, avg_genome_length=12.91 | VIRUSES: gene_rate=0.380
2021-12-22 21:49:42.501745 | GENERATION: 141 | ERRORS: best=75, median=310.0, diversity=0.18 | INDIVIDUALS: n=200, avg_genome_length=14.015 | VIRUSES: gene_rate=0.370
2021-12-22 21:49:43.482748 | GENERATION: 142 | ERRORS: best=75, median=371.0, diversity=0.175 | INDIVIDUALS: n=200, avg_genome_length=14.8 | VIRUSES: gene_rate=0.378
2021-12-22 21:49:44.235415 | GENERATION: 143 | ERRORS: best=75, median=403.5, diversity=0.175 | INDIVIDUALS: n=200, avg_genome_length=15.645 | VIRUSES: gene_rate=0.328
2021-12-22 21:49:45.288998 | GENERATION: 144 | ERRORS: best=75, median=422.5, diversity=0.21 | INDIVIDUALS: n=200, avg_genome_length=16.15 | VIRUSES: gene_rate=0.335
2021-12-22 21:49:46.017874 | GENERATION: 145 | ERRORS: best=75, median=425.0, diversity=0.14 | INDIVIDUALS: n=200, avg_genome_length=15.955 | VIRUSES: gene_rate=0.310
2021-12-22 21:49:46.783780 | GENERATION: 146 | ERRORS: best=75, median=422.0, diversity=0.18 | INDIVIDUALS: n=200, avg_genome_length=15.035 | VIRUSES: gene_rate=0.359
2021-12-22 21:49:47.711933 | GENERATION: 147 | ERRORS: best=75, median=411.0, diversity=0.185 | INDIVIDUALS: n=200, avg_genome_length=15.005 | VIRUSES: gene_rate=0.373
2021-12-22 21:49:48.931776 | GENERATION: 148 | ERRORS: best=75, median=310.0, diversity=0.165 | INDIVIDUALS: n=200, avg_genome_length=15.055 | VIRUSES: gene_rate=0.380
2021-12-22 21:49:49.921647 | GENERATION: 149 | ERRORS: best=75, median=425.0, diversity=0.15 | INDIVIDUALS: n=200, avg_genome_length=14.925 | VIRUSES: gene_rate=0.393
2021-12-22 21:49:50.846533 | GENERATION: 150 | ERRORS: best=75, median=425.0, diversity=0.18 | INDIVIDUALS: n=200, avg_genome_length=16.45 | VIRUSES: gene_rate=0.368
2021-12-22 21:49:51.902231 | GENERATION: 151 | ERRORS: best=75, median=387.0, diversity=0.13 | INDIVIDUALS: n=200, avg_genome_length=15.12 | VIRUSES: gene_rate=0.354
2021-12-22 21:49:52.629126 | GENERATION: 152 | ERRORS: best=75, median=425.0, diversity=0.13 | INDIVIDUALS: n=200, avg_genome_length=15.205 | VIRUSES: gene_rate=0.370
2021-12-22 21:49:53.430009 | GENERATION: 153 | ERRORS: best=75, median=425.0, diversity=0.14 | INDIVIDUALS: n=200, avg_genome_length=14.225 | VIRUSES: gene_rate=0.374
2021-12-22 21:49:54.235458 | GENERATION: 154 | ERRORS: best=75, median=425.0, diversity=0.15 | INDIVIDUALS: n=200, avg_genome_length=13.435 | VIRUSES: gene_rate=0.393
2021-12-22 21:49:55.068123 | GENERATION: 155 | ERRORS: best=75, median=425.0, diversity=0.13 | INDIVIDUALS: n=200, avg_genome_length=14.22 | VIRUSES: gene_rate=0.378
2021-12-22 21:49:55.809958 | GENERATION: 156 | ERRORS: best=75, median=425.0, diversity=0.125 | INDIVIDUALS: n=200, avg_genome_length=14.155 | VIRUSES: gene_rate=0.375
2021-12-22 21:49:56.553719 | GENERATION: 157 | ERRORS: best=75, median=425.0, diversity=0.13 | INDIVIDUALS: n=200, avg_genome_length=13.555 | VIRUSES: gene_rate=0.401
2021-12-22 21:49:57.302315 | GENERATION: 158 | ERRORS: best=75, median=425.0, diversity=0.13 | INDIVIDUALS: n=200, avg_genome_length=14.06 | VIRUSES: gene_rate=0.447
2021-12-22 21:49:58.043804 | GENERATION: 159 | ERRORS: best=75, median=425.0, diversity=0.075 | INDIVIDUALS: n=200, avg_genome_length=13.18 | VIRUSES: gene_rate=0.402
2021-12-22 21:49:58.899789 | GENERATION: 160 | ERRORS: best=75, median=343.5, diversity=0.075 | INDIVIDUALS: n=200, avg_genome_length=12.54 | VIRUSES: gene_rate=0.396
2021-12-22 21:49:59.758984 | GENERATION: 161 | ERRORS: best=75, median=425.0, diversity=0.1 | INDIVIDUALS: n=200, avg_genome_length=11.285 | VIRUSES: gene_rate=0.428
2021-12-22 21:50:00.613044 | GENERATION: 162 | ERRORS: best=75, median=425.0, diversity=0.15 | INDIVIDUALS: n=200, avg_genome_length=12.64 | VIRUSES: gene_rate=0.413
2021-12-22 21:50:01.577653 | GENERATION: 163 | ERRORS: best=75, median=425.0, diversity=0.115 | INDIVIDUALS: n=200, avg_genome_length=11.225 | VIRUSES: gene_rate=0.389
2021-12-22 21:50:02.355576 | GENERATION: 164 | ERRORS: best=75, median=359.5, diversity=0.12 | INDIVIDUALS: n=200, avg_genome_length=12.63 | VIRUSES: gene_rate=0.346
2021-12-22 21:50:03.031914 | GENERATION: 165 | ERRORS: best=75, median=310.0, diversity=0.11 | INDIVIDUALS: n=200, avg_genome_length=11.17 | VIRUSES: gene_rate=0.383
2021-12-22 21:50:03.631932 | GENERATION: 166 | ERRORS: best=75, median=425.0, diversity=0.095 | INDIVIDUALS: n=200, avg_genome_length=10.675 | VIRUSES: gene_rate=0.370
2021-12-22 21:50:04.300615 | GENERATION: 167 | ERRORS: best=75, median=425.0, diversity=0.1 | INDIVIDUALS: n=200, avg_genome_length=10.885 | VIRUSES: gene_rate=0.491
2021-12-22 21:50:05.130556 | GENERATION: 168 | ERRORS: best=75, median=425.0, diversity=0.11 | INDIVIDUALS: n=200, avg_genome_length=11.535 | VIRUSES: gene_rate=0.480
2021-12-22 21:50:05.794209 | GENERATION: 169 | ERRORS: best=75, median=382.0, diversity=0.105 | INDIVIDUALS: n=200, avg_genome_length=11.97 | VIRUSES: gene_rate=0.421
2021-12-22 21:50:06.672201 | GENERATION: 170 | ERRORS: best=75, median=425.0, diversity=0.15 | INDIVIDUALS: n=200, avg_genome_length=10.935 | VIRUSES: gene_rate=0.426
2021-12-22 21:50:07.672596 | GENERATION: 171 | ERRORS: best=75, median=425.0, diversity=0.07 | INDIVIDUALS: n=200, avg_genome_length=9.67 | VIRUSES: gene_rate=0.453
2021-12-22 21:50:08.508704 | GENERATION: 172 | ERRORS: best=75, median=425.0, diversity=0.09 | INDIVIDUALS: n=200, avg_genome_length=9.47 | VIRUSES: gene_rate=0.414
2021-12-22 21:50:09.166136 | GENERATION: 173 | ERRORS: best=75, median=425.0, diversity=0.135 | INDIVIDUALS: n=200, avg_genome_length=11.15 | VIRUSES: gene_rate=0.409
2021-12-22 21:50:10.185868 | GENERATION: 174 | ERRORS: best=75, median=425.0, diversity=0.125 | INDIVIDUALS: n=200, avg_genome_length=12.115 | VIRUSES: gene_rate=0.396
2021-12-22 21:50:10.802555 | GENERATION: 175 | ERRORS: best=75, median=425.0, diversity=0.12 | INDIVIDUALS: n=200, avg_genome_length=11.92 | VIRUSES: gene_rate=0.392
2021-12-22 21:50:11.576260 | GENERATION: 176 | ERRORS: best=75, median=425.0, diversity=0.115 | INDIVIDUALS: n=200, avg_genome_length=12.035 | VIRUSES: gene_rate=0.458
2021-12-22 21:50:12.503109 | GENERATION: 177 | ERRORS: best=75, median=310.0, diversity=0.105 | INDIVIDUALS: n=200, avg_genome_length=11.66 | VIRUSES: gene_rate=0.452
2021-12-22 21:50:13.606600 | GENERATION: 178 | ERRORS: best=75, median=382.0, diversity=0.14 | INDIVIDUALS: n=200, avg_genome_length=11.19 | VIRUSES: gene_rate=0.501
2021-12-22 21:50:14.667019 | GENERATION: 179 | ERRORS: best=75, median=425.0, diversity=0.08 | INDIVIDUALS: n=200, avg_genome_length=10.335 | VIRUSES: gene_rate=0.513
2021-12-22 21:50:15.674752 | GENERATION: 180 | ERRORS: best=75, median=310.0, diversity=0.095 | INDIVIDUALS: n=200, avg_genome_length=11.855 | VIRUSES: gene_rate=0.415
2021-12-22 21:50:16.369435 | GENERATION: 181 | ERRORS: best=75, median=425.0, diversity=0.12 | INDIVIDUALS: n=200, avg_genome_length=11.325 | VIRUSES: gene_rate=0.416
2021-12-22 21:50:17.018999 | GENERATION: 182 | ERRORS: best=75, median=310.0, diversity=0.095 | INDIVIDUALS: n=200, avg_genome_length=10.27 | VIRUSES: gene_rate=0.423
2021-12-22 21:50:17.646964 | GENERATION: 183 | ERRORS: best=75, median=425.0, diversity=0.115 | INDIVIDUALS: n=200, avg_genome_length=10.365 | VIRUSES: gene_rate=0.425
2021-12-22 21:50:18.677958 | GENERATION: 184 | ERRORS: best=75, median=425.0, diversity=0.105 | INDIVIDUALS: n=200, avg_genome_length=10.655 | VIRUSES: gene_rate=0.426
2021-12-22 21:50:19.710523 | GENERATION: 185 | ERRORS: best=75, median=425.0, diversity=0.12 | INDIVIDUALS: n=200, avg_genome_length=10.165 | VIRUSES: gene_rate=0.478
2021-12-22 21:50:20.491968 | GENERATION: 186 | ERRORS: best=75, median=425.0, diversity=0.11 | INDIVIDUALS: n=200, avg_genome_length=10.97 | VIRUSES: gene_rate=0.497
2021-12-22 21:50:21.112703 | GENERATION: 187 | ERRORS: best=75, median=425.0, diversity=0.085 | INDIVIDUALS: n=200, avg_genome_length=11.12 | VIRUSES: gene_rate=0.467
2021-12-22 21:50:21.835414 | GENERATION: 188 | ERRORS: best=75, median=310.0, diversity=0.075 | INDIVIDUALS: n=200, avg_genome_length=11.205 | VIRUSES: gene_rate=0.445
2021-12-22 21:50:22.448522 | GENERATION: 189 | ERRORS: best=75, median=425.0, diversity=0.1 | INDIVIDUALS: n=200, avg_genome_length=10.92 | VIRUSES: gene_rate=0.399
2021-12-22 21:50:23.082214 | GENERATION: 190 | ERRORS: best=75, median=425.0, diversity=0.115 | INDIVIDUALS: n=200, avg_genome_length=10.41 | VIRUSES: gene_rate=0.434
2021-12-22 21:50:23.672266 | GENERATION: 191 | ERRORS: best=75, median=425.0, diversity=0.115 | INDIVIDUALS: n=200, avg_genome_length=9.465 | VIRUSES: gene_rate=0.455
2021-12-22 21:50:24.291523 | GENERATION: 192 | ERRORS: best=75, median=425.0, diversity=0.115 | INDIVIDUALS: n=200, avg_genome_length=9.205 | VIRUSES: gene_rate=0.548
2021-12-22 21:50:24.904962 | GENERATION: 193 | ERRORS: best=75, median=425.0, diversity=0.095 | INDIVIDUALS: n=200, avg_genome_length=9.26 | VIRUSES: gene_rate=0.481
2021-12-22 21:50:25.495603 | GENERATION: 194 | ERRORS: best=75, median=425.0, diversity=0.06 | INDIVIDUALS: n=200, avg_genome_length=8.36 | VIRUSES: gene_rate=0.468
2021-12-22 21:50:26.215781 | GENERATION: 195 | ERRORS: best=75, median=425.0, diversity=0.075 | INDIVIDUALS: n=200, avg_genome_length=9.395 | VIRUSES: gene_rate=0.492
2021-12-22 21:50:26.743245 | GENERATION: 196 | ERRORS: best=75, median=425.0, diversity=0.075 | INDIVIDUALS: n=200, avg_genome_length=8.805 | VIRUSES: gene_rate=0.476
2021-12-22 21:50:27.603195 | GENERATION: 197 | ERRORS: best=75, median=425.0, diversity=0.1 | INDIVIDUALS: n=200, avg_genome_length=9.49 | VIRUSES: gene_rate=0.466
2021-12-22 21:50:28.407263 | GENERATION: 198 | ERRORS: best=75, median=425.0, diversity=0.085 | INDIVIDUALS: n=200, avg_genome_length=9.71 | VIRUSES: gene_rate=0.470
2021-12-22 21:50:29.208917 | GENERATION: 199 | ERRORS: best=75, median=425.0, diversity=0.14 | INDIVIDUALS: n=200, avg_genome_length=10.055 | VIRUSES: gene_rate=0.508
2021-12-22 21:50:29.725992 | GENERATION: 200 | ERRORS: best=75, median=425.0, diversity=0.13 | INDIVIDUALS: n=200, avg_genome_length=9.54 | VIRUSES: gene_rate=0.494
2021-12-22 21:50:30.700115 | GENERATION: 201 | ERRORS: best=75, median=425.0, diversity=0.105 | INDIVIDUALS: n=200, avg_genome_length=10.205 | VIRUSES: gene_rate=0.439
2021-12-22 21:50:31.416794 | GENERATION: 202 | ERRORS: best=75, median=310.0, diversity=0.14 | INDIVIDUALS: n=200, avg_genome_length=11.47 | VIRUSES: gene_rate=0.480
2021-12-22 21:50:32.230412 | GENERATION: 203 | ERRORS: best=75, median=425.0, diversity=0.11 | INDIVIDUALS: n=200, avg_genome_length=10.56 | VIRUSES: gene_rate=0.443
2021-12-22 21:50:32.867587 | GENERATION: 204 | ERRORS: best=75, median=425.0, diversity=0.12 | INDIVIDUALS: n=200, avg_genome_length=10.17 | VIRUSES: gene_rate=0.424
2021-12-22 21:50:33.827078 | GENERATION: 205 | ERRORS: best=75, median=425.0, diversity=0.11 | INDIVIDUALS: n=200, avg_genome_length=10.675 | VIRUSES: gene_rate=0.471
2021-12-22 21:50:34.619189 | GENERATION: 206 | ERRORS: best=75, median=425.0, diversity=0.11 | INDIVIDUALS: n=200, avg_genome_length=10.42 | VIRUSES: gene_rate=0.488
2021-12-22 21:50:35.369407 | GENERATION: 207 | ERRORS: best=75, median=425.0, diversity=0.1 | INDIVIDUALS: n=200, avg_genome_length=10.515 | VIRUSES: gene_rate=0.508
2021-12-22 21:50:36.397879 | GENERATION: 208 | ERRORS: best=75, median=425.0, diversity=0.105 | INDIVIDUALS: n=200, avg_genome_length=10.97 | VIRUSES: gene_rate=0.501
2021-12-22 21:50:37.161592 | GENERATION: 209 | ERRORS: best=75, median=425.0, diversity=0.11 | INDIVIDUALS: n=200, avg_genome_length=10.87 | VIRUSES: gene_rate=0.495
2021-12-22 21:50:37.991472 | GENERATION: 210 | ERRORS: best=75, median=425.0, diversity=0.105 | INDIVIDUALS: n=200, avg_genome_length=10.985 | VIRUSES: gene_rate=0.456
2021-12-22 21:50:38.621393 | GENERATION: 211 | ERRORS: best=75, median=425.0, diversity=0.085 | INDIVIDUALS: n=200, avg_genome_length=11.51 | VIRUSES: gene_rate=0.460
2021-12-22 21:50:39.501353 | GENERATION: 212 | ERRORS: best=75, median=425.0, diversity=0.12 | INDIVIDUALS: n=200, avg_genome_length=11.435 | VIRUSES: gene_rate=0.441
2021-12-22 21:50:40.362126 | GENERATION: 213 | ERRORS: best=75, median=425.0, diversity=0.145 | INDIVIDUALS: n=200, avg_genome_length=12.3 | VIRUSES: gene_rate=0.477
2021-12-22 21:50:41.034619 | GENERATION: 214 | ERRORS: best=75, median=425.0, diversity=0.175 | INDIVIDUALS: n=200, avg_genome_length=11.685 | VIRUSES: gene_rate=0.487
2021-12-22 21:50:41.861768 | GENERATION: 215 | ERRORS: best=75, median=310.0, diversity=0.11 | INDIVIDUALS: n=200, avg_genome_length=11.865 | VIRUSES: gene_rate=0.434
2021-12-22 21:50:42.604759 | GENERATION: 216 | ERRORS: best=75, median=425.0, diversity=0.13 | INDIVIDUALS: n=200, avg_genome_length=12.555 | VIRUSES: gene_rate=0.421
2021-12-22 21:50:43.527215 | GENERATION: 217 | ERRORS: best=75, median=420.0, diversity=0.095 | INDIVIDUALS: n=200, avg_genome_length=12.41 | VIRUSES: gene_rate=0.396
2021-12-22 21:50:44.532790 | GENERATION: 218 | ERRORS: best=75, median=393.5, diversity=0.125 | INDIVIDUALS: n=200, avg_genome_length=12.985 | VIRUSES: gene_rate=0.421
2021-12-22 21:50:45.190854 | GENERATION: 219 | ERRORS: best=75, median=425.0, diversity=0.145 | INDIVIDUALS: n=200, avg_genome_length=12.75 | VIRUSES: gene_rate=0.412
2021-12-22 21:50:46.153396 | GENERATION: 220 | ERRORS: best=75, median=425.0, diversity=0.16 | INDIVIDUALS: n=200, avg_genome_length=12.33 | VIRUSES: gene_rate=0.373
2021-12-22 21:50:46.939393 | GENERATION: 221 | ERRORS: best=75, median=420.0, diversity=0.13 | INDIVIDUALS: n=200, avg_genome_length=12.04 | VIRUSES: gene_rate=0.365
2021-12-22 21:50:47.863177 | GENERATION: 222 | ERRORS: best=75, median=425.0, diversity=0.155 | INDIVIDUALS: n=200, avg_genome_length=14.765 | VIRUSES: gene_rate=0.352
2021-12-22 21:50:48.905397 | GENERATION: 223 | ERRORS: best=75, median=425.0, diversity=0.195 | INDIVIDUALS: n=200, avg_genome_length=14.11 | VIRUSES: gene_rate=0.362
2021-12-22 21:50:49.632517 | GENERATION: 224 | ERRORS: best=75, median=425.0, diversity=0.15 | INDIVIDUALS: n=200, avg_genome_length=13.99 | VIRUSES: gene_rate=0.335
2021-12-22 21:50:50.422409 | GENERATION: 225 | ERRORS: best=75, median=425.0, diversity=0.115 | INDIVIDUALS: n=200, avg_genome_length=12.65 | VIRUSES: gene_rate=0.343
2021-12-22 21:50:51.199325 | GENERATION: 226 | ERRORS: best=75, median=425.0, diversity=0.12 | INDIVIDUALS: n=200, avg_genome_length=12.55 | VIRUSES: gene_rate=0.357
2021-12-22 21:50:51.887258 | GENERATION: 227 | ERRORS: best=75, median=425.0, diversity=0.14 | INDIVIDUALS: n=200, avg_genome_length=11.88 | VIRUSES: gene_rate=0.344
2021-12-22 21:50:52.886544 | GENERATION: 228 | ERRORS: best=75, median=425.0, diversity=0.085 | INDIVIDUALS: n=200, avg_genome_length=10.705 | VIRUSES: gene_rate=0.373
2021-12-22 21:50:53.642305 | GENERATION: 229 | ERRORS: best=75, median=425.0, diversity=0.095 | INDIVIDUALS: n=200, avg_genome_length=10.705 | VIRUSES: gene_rate=0.386
2021-12-22 21:50:54.211277 | GENERATION: 230 | ERRORS: best=75, median=425.0, diversity=0.11 | INDIVIDUALS: n=200, avg_genome_length=10.715 | VIRUSES: gene_rate=0.413
2021-12-22 21:50:54.983987 | GENERATION: 231 | ERRORS: best=75, median=425.0, diversity=0.115 | INDIVIDUALS: n=200, avg_genome_length=11.04 | VIRUSES: gene_rate=0.437
2021-12-22 21:50:55.768344 | GENERATION: 232 | ERRORS: best=75, median=425.0, diversity=0.115 | INDIVIDUALS: n=200, avg_genome_length=11.01 | VIRUSES: gene_rate=0.431
2021-12-22 21:50:56.532699 | GENERATION: 233 | ERRORS: best=75, median=425.0, diversity=0.11 | INDIVIDUALS: n=200, avg_genome_length=11.77 | VIRUSES: gene_rate=0.432
Simplifying genome of length 18 with total error 0.
Simplified genome by 2 to length 16.
Simplified genome by 1 to length 15.
Simplified genome by 1 to length 14.
Simplified genome by 1 to length 13.
Simplified genome by 1 to length 12.
Simplified genome to length 12 and total error 0.
========================================
End Run
========================================
Solution found.
Best Seen Individual
	Genome:
	 pvector([VirusInput(input_index=0), VirusLiteral(value=1000, push_type=<pyshgp.push.types.PushIntType object at 0x7ff90909b6a0>), VirusInstructionMeta(name='int_lt', code_blocks=0), VirusInput(input_index=0), VirusLiteral(value=2000, push_type=<pyshgp.push.types.PushIntType object at 0x7ff90909bc10>), VirusInstructionMeta(name='int_gte', code_blocks=0), Literal(value='small', push_type=<pyshgp.push.types.PushStrType object at 0x7ff90909b460>), InstructionMeta(name='exec_while', code_blocks=1), VirusLiteral(value='large', push_type=<pyshgp.push.types.PushStrType object at 0x7ff90909ba00>), Closer(), VirusInstructionMeta(name='exec_if', code_blocks=2), VirusInstructionMeta(name='print_str', code_blocks=0)])
	Program:
	 (vinput_0 v1000 vint_lt vinput_0 v2000 vint_gte "small" exec_while (v"large") vexec_if (vprint_str) ())
	Error vector:
	 [0 0 0 0 0 0 0 0 0 0 0 0 0 0 0 0 0 0 0 0 0 0 0 0 0 0 0 0 0 0 0 0 0 0 0 0 0
 0 0 0 0 0 0 0 0 0 0 0 0 0 0 0 0 0 0 0 0 0 0 0 0 0 0 0 0 0 0 0 0 0 0 0 0 0
 0 0 0 0 0 0 0 0 0 0 0 0 0 0 0 0 0 0 0 0 0 0 0 0 0 0]
	Total error:
	 0
	Test error:
	 0
	Time:
	 00:03:59
