Included 27 edge cases.
Included 73 random cases.
Included 100 cases in total.
Finished formatting.
Included 0 edge cases.
Included 1000 random cases.
Included 1000 cases in total.
Finished formatting.
========================================
Setup
========================================
Search Configuration:
signature: ProgramSignature(arity=1, push_config=PushConfig(collection_size_cap=1000, growth_cap=500, step_limit=300, numeric_magnitude_limit=1000000000000.0, runtime_limit=10), output_stacks=['stdout'])
evaluator: <pyshgp.gp.evaluation.DatasetEvaluator object at 0x7fb9d0e92a00>
spawner: <pyshgp.gp.genome.GeneSpawner object at 0x7fb9d0e92520>
population_size: 200
max_generations: 300
error_threshold: 0.0
initial_genome_size: (20, 100)
simplification_steps: 500
parallel_context: <pyshgp.gp.search.ParallelContext object at 0x7fb9d0e92b50>
selection: <pyshgp.utils.DiscreteProbDistrib object at 0x7fb9ceb31bc0>
variation: <pyshgp.utils.DiscreteProbDistrib object at 0x7fb9cec55f80>
Instructions:
int_add, int_sub, int_mult, int_div, int_mod, int_min, int_max, int_inc, int_dec, int_lt, int_lte, int_gt, int_gte, int_from_bool, str_concat, str_insert_str, str_from_first_char, str_from_last_char, str_from_nth_char, str_contains_str, str_index_of_str, str_split_on_str, str_replace_first_str, str_replace_n_str, str_replace_all_str, str_remove_first_str, str_remove_n_str, str_remove_all_str, str_occurrences_of_str, str_reverse, str_head, str_tail, str_rest, str_but_last, str_drop, str_but_last_n, str_length, str_make_empty, str_is_empty_string, str_remove_nth, str_strip_whitespace, str_from_bool, str_from_int, bool_and, bool_or, bool_not, bool_xor, bool_invert_first_then_and, bool_second_first_then_and, bool_from_int, noop, noop_open, exec_do_range, exec_do_count, exec_while, exec_do_while, exec_if, exec_when, print_bool, println_bool, print_int, println_int, print_str, println_str, print_exec, println_exec, bool_pop, bool_dup, bool_dup_times, bool_swap, bool_rot, bool_flush, bool_eq, bool_stack_depth, bool_yank, bool_yank_dup, bool_shove, bool_shove_dup, bool_is_empty, int_pop, int_dup, int_dup_times, int_swap, int_rot, int_flush, int_eq, int_stack_depth, int_yank, int_yank_dup, int_shove, int_shove_dup, int_is_empty, str_pop, str_dup, str_dup_times, str_swap, str_rot, str_flush, str_eq, str_stack_depth, str_yank, str_yank_dup, str_shove, str_shove_dup, str_is_empty, exec_pop, exec_dup, exec_dup_times, exec_swap, exec_rot, exec_flush, exec_eq, exec_stack_depth, exec_yank, exec_yank_dup, exec_shove, exec_shove_dup, exec_is_empty
Literals:
[Literal(value='small', push_type=<pyshgp.push.types.PushStrType object at 0x7fb9d0fd09a0>), Literal(value='large', push_type=<pyshgp.push.types.PushStrType object at 0x7fb9d0fd09a0>)]
ERC Generators:
[<function rand_int at 0x7fb9d0e9d280>]
========================================
Start Run
========================================
2021-12-14 20:52:45.848962 | GENERATION: 1 | ERRORS: best=430, median=430.0, diversity=0.025 | INDIVIDUALS: n=200, avg_genome_length=56.095
2021-12-14 20:52:47.635922 | GENERATION: 2 | ERRORS: best=250, median=430.0, diversity=0.17 | INDIVIDUALS: n=200, avg_genome_length=47.065
2021-12-14 20:52:49.156757 | GENERATION: 3 | ERRORS: best=250, median=430.0, diversity=0.225 | INDIVIDUALS: n=200, avg_genome_length=45.31
2021-12-14 20:52:50.410867 | GENERATION: 4 | ERRORS: best=250, median=430.0, diversity=0.155 | INDIVIDUALS: n=200, avg_genome_length=43.07
2021-12-14 20:52:51.567942 | GENERATION: 5 | ERRORS: best=250, median=430.0, diversity=0.185 | INDIVIDUALS: n=200, avg_genome_length=39.98
2021-12-14 20:52:52.692087 | GENERATION: 6 | ERRORS: best=250, median=430.0, diversity=0.18 | INDIVIDUALS: n=200, avg_genome_length=38.005
2021-12-14 20:52:53.822340 | GENERATION: 7 | ERRORS: best=250, median=364.0, diversity=0.175 | INDIVIDUALS: n=200, avg_genome_length=37.515
2021-12-14 20:52:54.964063 | GENERATION: 8 | ERRORS: best=250, median=430.0, diversity=0.18 | INDIVIDUALS: n=200, avg_genome_length=35.66
2021-12-14 20:52:55.969150 | GENERATION: 9 | ERRORS: best=250, median=430.0, diversity=0.145 | INDIVIDUALS: n=200, avg_genome_length=32.55
2021-12-14 20:52:57.099680 | GENERATION: 10 | ERRORS: best=250, median=430.0, diversity=0.14 | INDIVIDUALS: n=200, avg_genome_length=29.87
2021-12-14 20:52:58.218262 | GENERATION: 11 | ERRORS: best=250, median=430.0, diversity=0.14 | INDIVIDUALS: n=200, avg_genome_length=29.075
2021-12-14 20:52:59.205396 | GENERATION: 12 | ERRORS: best=250, median=430.0, diversity=0.115 | INDIVIDUALS: n=200, avg_genome_length=26.865
2021-12-14 20:53:00.204297 | GENERATION: 13 | ERRORS: best=250, median=331.0, diversity=0.105 | INDIVIDUALS: n=200, avg_genome_length=26.445
2021-12-14 20:53:01.383059 | GENERATION: 14 | ERRORS: best=250, median=414.0, diversity=0.105 | INDIVIDUALS: n=200, avg_genome_length=26.255
2021-12-14 20:53:02.617815 | GENERATION: 15 | ERRORS: best=245, median=392.5, diversity=0.155 | INDIVIDUALS: n=200, avg_genome_length=27.48
2021-12-14 20:53:03.864981 | GENERATION: 16 | ERRORS: best=245, median=354.5, diversity=0.125 | INDIVIDUALS: n=200, avg_genome_length=28.835
2021-12-14 20:53:06.002739 | GENERATION: 17 | ERRORS: best=245, median=430.0, diversity=0.125 | INDIVIDUALS: n=200, avg_genome_length=26.445
2021-12-14 20:53:07.459375 | GENERATION: 18 | ERRORS: best=245, median=430.0, diversity=0.105 | INDIVIDUALS: n=200, avg_genome_length=27.01
2021-12-14 20:53:08.812421 | GENERATION: 19 | ERRORS: best=230, median=430.0, diversity=0.11 | INDIVIDUALS: n=200, avg_genome_length=26.61
2021-12-14 20:53:10.418862 | GENERATION: 20 | ERRORS: best=230, median=320.0, diversity=0.17 | INDIVIDUALS: n=200, avg_genome_length=29.03
2021-12-14 20:53:11.889198 | GENERATION: 21 | ERRORS: best=230, median=430.0, diversity=0.14 | INDIVIDUALS: n=200, avg_genome_length=27.7
2021-12-14 20:53:13.260408 | GENERATION: 22 | ERRORS: best=230, median=430.0, diversity=0.105 | INDIVIDUALS: n=200, avg_genome_length=26.195
2021-12-14 20:53:14.808409 | GENERATION: 23 | ERRORS: best=230, median=365.5, diversity=0.15 | INDIVIDUALS: n=200, avg_genome_length=26.5
2021-12-14 20:53:16.293216 | GENERATION: 24 | ERRORS: best=230, median=320.0, diversity=0.165 | INDIVIDUALS: n=200, avg_genome_length=26.02
2021-12-14 20:53:17.765101 | GENERATION: 25 | ERRORS: best=230, median=430.0, diversity=0.14 | INDIVIDUALS: n=200, avg_genome_length=26.94
2021-12-14 20:53:19.177539 | GENERATION: 26 | ERRORS: best=230, median=320.0, diversity=0.145 | INDIVIDUALS: n=200, avg_genome_length=26.415
2021-12-14 20:53:20.623316 | GENERATION: 27 | ERRORS: best=230, median=320.0, diversity=0.135 | INDIVIDUALS: n=200, avg_genome_length=24.87
2021-12-14 20:53:22.138220 | GENERATION: 28 | ERRORS: best=230, median=320.0, diversity=0.105 | INDIVIDUALS: n=200, avg_genome_length=22.615
2021-12-14 20:53:23.594542 | GENERATION: 29 | ERRORS: best=230, median=322.0, diversity=0.135 | INDIVIDUALS: n=200, avg_genome_length=20.745
2021-12-14 20:53:25.148850 | GENERATION: 30 | ERRORS: best=230, median=399.0, diversity=0.125 | INDIVIDUALS: n=200, avg_genome_length=19.175
2021-12-14 20:53:26.544995 | GENERATION: 31 | ERRORS: best=180, median=342.0, diversity=0.115 | INDIVIDUALS: n=200, avg_genome_length=17.95
2021-12-14 20:53:27.414597 | GENERATION: 32 | ERRORS: best=180, median=430.0, diversity=0.105 | INDIVIDUALS: n=200, avg_genome_length=19.205
2021-12-14 20:53:28.272799 | GENERATION: 33 | ERRORS: best=180, median=430.0, diversity=0.125 | INDIVIDUALS: n=200, avg_genome_length=19.07
2021-12-14 20:53:29.042755 | GENERATION: 34 | ERRORS: best=180, median=430.0, diversity=0.105 | INDIVIDUALS: n=200, avg_genome_length=16.86
2021-12-14 20:53:29.881289 | GENERATION: 35 | ERRORS: best=180, median=430.0, diversity=0.11 | INDIVIDUALS: n=200, avg_genome_length=18.03
2021-12-14 20:53:30.980644 | GENERATION: 36 | ERRORS: best=180, median=430.0, diversity=0.13 | INDIVIDUALS: n=200, avg_genome_length=18.83
2021-12-14 20:53:31.943144 | GENERATION: 37 | ERRORS: best=180, median=405.0, diversity=0.115 | INDIVIDUALS: n=200, avg_genome_length=19.96
2021-12-14 20:53:32.971301 | GENERATION: 38 | ERRORS: best=180, median=430.0, diversity=0.12 | INDIVIDUALS: n=200, avg_genome_length=19.805
2021-12-14 20:53:34.041838 | GENERATION: 39 | ERRORS: best=180, median=320.0, diversity=0.08 | INDIVIDUALS: n=200, avg_genome_length=19.66
2021-12-14 20:53:34.861043 | GENERATION: 40 | ERRORS: best=180, median=430.0, diversity=0.11 | INDIVIDUALS: n=200, avg_genome_length=18.5
2021-12-14 20:53:35.822083 | GENERATION: 41 | ERRORS: best=180, median=430.0, diversity=0.115 | INDIVIDUALS: n=200, avg_genome_length=18.42
2021-12-14 20:53:36.602169 | GENERATION: 42 | ERRORS: best=180, median=430.0, diversity=0.1 | INDIVIDUALS: n=200, avg_genome_length=17.945
2021-12-14 20:53:37.451780 | GENERATION: 43 | ERRORS: best=180, median=430.0, diversity=0.1 | INDIVIDUALS: n=200, avg_genome_length=18.01
2021-12-14 20:53:38.680770 | GENERATION: 44 | ERRORS: best=180, median=430.0, diversity=0.085 | INDIVIDUALS: n=200, avg_genome_length=17.895
2021-12-14 20:53:39.577693 | GENERATION: 45 | ERRORS: best=180, median=430.0, diversity=0.095 | INDIVIDUALS: n=200, avg_genome_length=17.645
2021-12-14 20:53:40.358343 | GENERATION: 46 | ERRORS: best=180, median=430.0, diversity=0.1 | INDIVIDUALS: n=200, avg_genome_length=16.78
2021-12-14 20:53:41.121092 | GENERATION: 47 | ERRORS: best=180, median=430.0, diversity=0.06 | INDIVIDUALS: n=200, avg_genome_length=15.885
2021-12-14 20:53:42.138227 | GENERATION: 48 | ERRORS: best=180, median=430.0, diversity=0.075 | INDIVIDUALS: n=200, avg_genome_length=13.79
2021-12-14 20:53:43.170746 | GENERATION: 49 | ERRORS: best=180, median=430.0, diversity=0.08 | INDIVIDUALS: n=200, avg_genome_length=13.105
2021-12-14 20:53:44.094767 | GENERATION: 50 | ERRORS: best=180, median=430.0, diversity=0.075 | INDIVIDUALS: n=200, avg_genome_length=13.36
2021-12-14 20:53:45.086222 | GENERATION: 51 | ERRORS: best=180, median=430.0, diversity=0.09 | INDIVIDUALS: n=200, avg_genome_length=14.725
2021-12-14 20:53:45.984974 | GENERATION: 52 | ERRORS: best=180, median=430.0, diversity=0.085 | INDIVIDUALS: n=200, avg_genome_length=16.2
2021-12-14 20:53:47.028365 | GENERATION: 53 | ERRORS: best=180, median=430.0, diversity=0.125 | INDIVIDUALS: n=200, avg_genome_length=16.085
2021-12-14 20:53:47.927992 | GENERATION: 54 | ERRORS: best=180, median=430.0, diversity=0.085 | INDIVIDUALS: n=200, avg_genome_length=15.345
2021-12-14 20:53:48.983485 | GENERATION: 55 | ERRORS: best=180, median=430.0, diversity=0.085 | INDIVIDUALS: n=200, avg_genome_length=15.175
2021-12-14 20:53:49.890212 | GENERATION: 56 | ERRORS: best=180, median=320.0, diversity=0.075 | INDIVIDUALS: n=200, avg_genome_length=14.6
2021-12-14 20:53:50.850812 | GENERATION: 57 | ERRORS: best=180, median=430.0, diversity=0.12 | INDIVIDUALS: n=200, avg_genome_length=14.82
2021-12-14 20:53:51.747914 | GENERATION: 58 | ERRORS: best=180, median=430.0, diversity=0.115 | INDIVIDUALS: n=200, avg_genome_length=14.47
2021-12-14 20:53:52.562276 | GENERATION: 59 | ERRORS: best=180, median=425.0, diversity=0.11 | INDIVIDUALS: n=200, avg_genome_length=13.98
2021-12-14 20:53:53.592540 | GENERATION: 60 | ERRORS: best=180, median=430.0, diversity=0.1 | INDIVIDUALS: n=200, avg_genome_length=15.2
2021-12-14 20:53:54.539522 | GENERATION: 61 | ERRORS: best=180, median=430.0, diversity=0.095 | INDIVIDUALS: n=200, avg_genome_length=15.195
2021-12-14 20:53:55.442225 | GENERATION: 62 | ERRORS: best=180, median=430.0, diversity=0.075 | INDIVIDUALS: n=200, avg_genome_length=14.695
2021-12-14 20:53:56.255724 | GENERATION: 63 | ERRORS: best=180, median=430.0, diversity=0.075 | INDIVIDUALS: n=200, avg_genome_length=15.565
2021-12-14 20:53:57.141296 | GENERATION: 64 | ERRORS: best=180, median=430.0, diversity=0.095 | INDIVIDUALS: n=200, avg_genome_length=14.65
2021-12-14 20:53:57.914719 | GENERATION: 65 | ERRORS: best=180, median=430.0, diversity=0.07 | INDIVIDUALS: n=200, avg_genome_length=14.0
2021-12-14 20:53:59.027183 | GENERATION: 66 | ERRORS: best=180, median=430.0, diversity=0.085 | INDIVIDUALS: n=200, avg_genome_length=13.775
2021-12-14 20:54:00.195896 | GENERATION: 67 | ERRORS: best=180, median=430.0, diversity=0.1 | INDIVIDUALS: n=200, avg_genome_length=13.425
2021-12-14 20:54:01.133036 | GENERATION: 68 | ERRORS: best=180, median=430.0, diversity=0.095 | INDIVIDUALS: n=200, avg_genome_length=12.605
2021-12-14 20:54:01.932027 | GENERATION: 69 | ERRORS: best=180, median=430.0, diversity=0.1 | INDIVIDUALS: n=200, avg_genome_length=13.64
2021-12-14 20:54:03.059578 | GENERATION: 70 | ERRORS: best=180, median=430.0, diversity=0.105 | INDIVIDUALS: n=200, avg_genome_length=16.22
2021-12-14 20:54:04.298496 | GENERATION: 71 | ERRORS: best=180, median=430.0, diversity=0.085 | INDIVIDUALS: n=200, avg_genome_length=18.475
2021-12-14 20:54:05.359800 | GENERATION: 72 | ERRORS: best=180, median=430.0, diversity=0.135 | INDIVIDUALS: n=200, avg_genome_length=19.725
2021-12-14 20:54:07.005327 | GENERATION: 73 | ERRORS: best=180, median=430.0, diversity=0.1 | INDIVIDUALS: n=200, avg_genome_length=20.35
2021-12-14 20:54:08.216873 | GENERATION: 74 | ERRORS: best=180, median=419.0, diversity=0.11 | INDIVIDUALS: n=200, avg_genome_length=20.0
2021-12-14 20:54:09.534106 | GENERATION: 75 | ERRORS: best=180, median=379.0, diversity=0.115 | INDIVIDUALS: n=200, avg_genome_length=20.61
2021-12-14 20:54:10.714099 | GENERATION: 76 | ERRORS: best=180, median=320.0, diversity=0.095 | INDIVIDUALS: n=200, avg_genome_length=20.24
2021-12-14 20:54:11.939342 | GENERATION: 77 | ERRORS: best=180, median=430.0, diversity=0.105 | INDIVIDUALS: n=200, avg_genome_length=19.23
2021-12-14 20:54:13.165845 | GENERATION: 78 | ERRORS: best=180, median=430.0, diversity=0.1 | INDIVIDUALS: n=200, avg_genome_length=18.5
2021-12-14 20:54:14.338340 | GENERATION: 79 | ERRORS: best=180, median=430.0, diversity=0.095 | INDIVIDUALS: n=200, avg_genome_length=18.14
2021-12-14 20:54:15.470894 | GENERATION: 80 | ERRORS: best=180, median=430.0, diversity=0.105 | INDIVIDUALS: n=200, avg_genome_length=21.495
2021-12-14 20:54:16.319919 | GENERATION: 81 | ERRORS: best=180, median=430.0, diversity=0.095 | INDIVIDUALS: n=200, avg_genome_length=22.115
2021-12-14 20:54:17.442802 | GENERATION: 82 | ERRORS: best=180, median=430.0, diversity=0.11 | INDIVIDUALS: n=200, avg_genome_length=22.04
2021-12-14 20:54:18.304126 | GENERATION: 83 | ERRORS: best=180, median=430.0, diversity=0.11 | INDIVIDUALS: n=200, avg_genome_length=20.335
2021-12-14 20:54:19.254997 | GENERATION: 84 | ERRORS: best=180, median=430.0, diversity=0.1 | INDIVIDUALS: n=200, avg_genome_length=18.455
2021-12-14 20:54:20.207933 | GENERATION: 85 | ERRORS: best=178, median=430.0, diversity=0.085 | INDIVIDUALS: n=200, avg_genome_length=17.94
2021-12-14 20:54:21.177343 | GENERATION: 86 | ERRORS: best=178, median=430.0, diversity=0.105 | INDIVIDUALS: n=200, avg_genome_length=16.365
2021-12-14 20:54:22.065556 | GENERATION: 87 | ERRORS: best=180, median=430.0, diversity=0.105 | INDIVIDUALS: n=200, avg_genome_length=16.28
2021-12-14 20:54:23.192328 | GENERATION: 88 | ERRORS: best=178, median=430.0, diversity=0.105 | INDIVIDUALS: n=200, avg_genome_length=16.315
2021-12-14 20:54:24.094054 | GENERATION: 89 | ERRORS: best=180, median=430.0, diversity=0.1 | INDIVIDUALS: n=200, avg_genome_length=16.115
2021-12-14 20:54:24.854807 | GENERATION: 90 | ERRORS: best=178, median=430.0, diversity=0.105 | INDIVIDUALS: n=200, avg_genome_length=16.5
2021-12-14 20:54:25.649782 | GENERATION: 91 | ERRORS: best=178, median=430.0, diversity=0.14 | INDIVIDUALS: n=200, avg_genome_length=17.365
2021-12-14 20:54:26.919555 | GENERATION: 92 | ERRORS: best=178, median=430.0, diversity=0.165 | INDIVIDUALS: n=200, avg_genome_length=19.325
2021-12-14 20:54:27.988998 | GENERATION: 93 | ERRORS: best=178, median=430.0, diversity=0.16 | INDIVIDUALS: n=200, avg_genome_length=20.73
2021-12-14 20:54:29.100358 | GENERATION: 94 | ERRORS: best=178, median=430.0, diversity=0.19 | INDIVIDUALS: n=200, avg_genome_length=20.325
2021-12-14 20:54:29.888211 | GENERATION: 95 | ERRORS: best=178, median=430.0, diversity=0.17 | INDIVIDUALS: n=200, avg_genome_length=19.53
2021-12-14 20:54:31.030225 | GENERATION: 96 | ERRORS: best=178, median=430.0, diversity=0.15 | INDIVIDUALS: n=200, avg_genome_length=20.18
2021-12-14 20:54:31.931345 | GENERATION: 97 | ERRORS: best=178, median=430.0, diversity=0.18 | INDIVIDUALS: n=200, avg_genome_length=19.455
2021-12-14 20:54:33.197088 | GENERATION: 98 | ERRORS: best=178, median=430.0, diversity=0.21 | INDIVIDUALS: n=200, avg_genome_length=18.185
2021-12-14 20:54:34.294166 | GENERATION: 99 | ERRORS: best=70, median=430.0, diversity=0.17 | INDIVIDUALS: n=200, avg_genome_length=17.635
2021-12-14 20:54:35.390418 | GENERATION: 100 | ERRORS: best=70, median=430.0, diversity=0.145 | INDIVIDUALS: n=200, avg_genome_length=18.185
2021-12-14 20:54:36.348707 | GENERATION: 101 | ERRORS: best=70, median=430.0, diversity=0.15 | INDIVIDUALS: n=200, avg_genome_length=17.845
2021-12-14 20:54:37.127881 | GENERATION: 102 | ERRORS: best=70, median=430.0, diversity=0.15 | INDIVIDUALS: n=200, avg_genome_length=16.245
2021-12-14 20:54:37.869624 | GENERATION: 103 | ERRORS: best=70, median=430.0, diversity=0.145 | INDIVIDUALS: n=200, avg_genome_length=15.915
2021-12-14 20:54:38.816179 | GENERATION: 104 | ERRORS: best=70, median=430.0, diversity=0.185 | INDIVIDUALS: n=200, avg_genome_length=17.635
2021-12-14 20:54:40.002128 | GENERATION: 105 | ERRORS: best=70, median=414.0, diversity=0.15 | INDIVIDUALS: n=200, avg_genome_length=18.805
2021-12-14 20:54:40.888570 | GENERATION: 106 | ERRORS: best=70, median=430.0, diversity=0.245 | INDIVIDUALS: n=200, avg_genome_length=19.505
2021-12-14 20:54:42.061432 | GENERATION: 107 | ERRORS: best=70, median=430.0, diversity=0.205 | INDIVIDUALS: n=200, avg_genome_length=19.03
2021-12-14 20:54:43.492582 | GENERATION: 108 | ERRORS: best=70, median=430.0, diversity=0.195 | INDIVIDUALS: n=200, avg_genome_length=19.565
2021-12-14 20:54:44.551630 | GENERATION: 109 | ERRORS: best=70, median=430.0, diversity=0.175 | INDIVIDUALS: n=200, avg_genome_length=17.27
2021-12-14 20:54:45.657574 | GENERATION: 110 | ERRORS: best=70, median=430.0, diversity=0.135 | INDIVIDUALS: n=200, avg_genome_length=16.8
Simplifying genome of length 21 with total error 0.
Simplified genome by 1 to length 20.
Simplified genome by 1 to length 19.
Simplified genome by 1 to length 18.
Simplified genome by 1 to length 17.
Simplified genome by 2 to length 15.
Simplified genome by 1 to length 14.
Simplified genome by 1 to length 13.
Simplified genome to length 13 and total error 0.
========================================
End Run
========================================
Solution found.
Best Seen Individual
	Genome:
	 pvector([Input(input_index=0), Literal(value=2000, push_type=<pyshgp.push.types.PushIntType object at 0x7fb9ce9e6eb0>), InstructionMeta(name='int_gte', code_blocks=0), Literal(value='small', push_type=<pyshgp.push.types.PushStrType object at 0x7fb9ce9e6ca0>), Input(input_index=0), Literal(value=1000, push_type=<pyshgp.push.types.PushIntType object at 0x7fb9ce9e6b20>), InstructionMeta(name='int_lt', code_blocks=0), InstructionMeta(name='exec_if', code_blocks=2), InstructionMeta(name='print_str', code_blocks=0), Closer(), Literal(value='large', push_type=<pyshgp.push.types.PushStrType object at 0x7fb9ce9e6430>), InstructionMeta(name='exec_if', code_blocks=2), InstructionMeta(name='print_str', code_blocks=0)])
	Program:
	 (input_0 2000 int_gte "small" input_0 1000 int_lt exec_if (print_str) ("large" exec_if (print_str) ()))
	Error vector:
	 [0 0 0 0 0 0 0 0 0 0 0 0 0 0 0 0 0 0 0 0 0 0 0 0 0 0 0 0 0 0 0 0 0 0 0 0 0
 0 0 0 0 0 0 0 0 0 0 0 0 0 0 0 0 0 0 0 0 0 0 0 0 0 0 0 0 0 0 0 0 0 0 0 0 0
 0 0 0 0 0 0 0 0 0 0 0 0 0 0 0 0 0 0 0 0 0 0 0 0 0 0]
	Total error:
	 0
	Test error:
	 0
	Time:
	 00:02:16
