Included 27 edge cases.
Included 73 random cases.
Included 100 cases in total.
Finished formatting.
Included 0 edge cases.
Included 1000 random cases.
Included 1000 cases in total.
Finished formatting.
========================================
Setup
========================================
Search Configuration:
signature: ProgramSignature(output_stacks=['stdout'], arity=1, push_config=PushConfig(growth_cap=500, collection_size_cap=1000, numeric_magnitude_limit=1000000000000.0, step_limit=300, runtime_limit=10))
evaluator: <pyshgp.gp.evaluation.DatasetEvaluator object at 0x7f161a02d5b0>
spawner: <pyshgp.gp.genome.GeneSpawner object at 0x7f161a02d670>
population_size: 200
max_generations: 300
error_threshold: 0.0
initial_genome_size: (20, 100)
simplification_steps: 500
parallel_context: <pyshgp.gp.search.ParallelContext object at 0x7f161a02d7c0>
selection: <pyshgp.utils.DiscreteProbDistrib object at 0x7f161a06c940>
variation: <pyshgp.utils.DiscreteProbDistrib object at 0x7f161a06c5c0>
Instructions:
int_add, int_sub, int_mult, int_div, int_mod, int_min, int_max, int_inc, int_dec, int_lt, int_lte, int_gt, int_gte, int_from_bool, str_concat, str_insert_str, str_from_first_char, str_from_last_char, str_from_nth_char, str_contains_str, str_index_of_str, str_split_on_str, str_replace_first_str, str_replace_n_str, str_replace_all_str, str_remove_first_str, str_remove_n_str, str_remove_all_str, str_occurrences_of_str, str_reverse, str_head, str_tail, str_rest, str_but_last, str_drop, str_but_last_n, str_length, str_make_empty, str_is_empty_string, str_remove_nth, str_strip_whitespace, str_from_bool, str_from_int, bool_and, bool_or, bool_not, bool_xor, bool_invert_first_then_and, bool_second_first_then_and, bool_from_int, noop, noop_open, exec_do_range, exec_do_count, exec_while, exec_do_while, exec_if, exec_when, print_bool, println_bool, print_int, println_int, print_str, println_str, print_exec, println_exec, bool_pop, bool_dup, bool_dup_times, bool_swap, bool_rot, bool_flush, bool_eq, bool_stack_depth, bool_yank, bool_yank_dup, bool_shove, bool_shove_dup, bool_is_empty, int_pop, int_dup, int_dup_times, int_swap, int_rot, int_flush, int_eq, int_stack_depth, int_yank, int_yank_dup, int_shove, int_shove_dup, int_is_empty, str_pop, str_dup, str_dup_times, str_swap, str_rot, str_flush, str_eq, str_stack_depth, str_yank, str_yank_dup, str_shove, str_shove_dup, str_is_empty, exec_pop, exec_dup, exec_dup_times, exec_swap, exec_rot, exec_flush, exec_eq, exec_stack_depth, exec_yank, exec_yank_dup, exec_shove, exec_shove_dup, exec_is_empty
Literals:
[Literal(value='small', push_type=<pyshgp.push.types.PushStrType object at 0x7f161c3e9760>), Literal(value='large', push_type=<pyshgp.push.types.PushStrType object at 0x7f161c3e9760>)]
ERC Generators:
[<function rand_int at 0x7f161c2a0f70>]
========================================
Start Run
========================================
2021-12-07 17:14:21.140751 | GENERATION: 1 | ERRORS: best=405, median=4903.0, diversity=0.045 | INDIVIDUALS: n=200, avg_genome_length=56.55
2021-12-07 17:14:22.944868 | GENERATION: 2 | ERRORS: best=273, median=420.0, diversity=0.205 | INDIVIDUALS: n=200, avg_genome_length=41.495
2021-12-07 17:14:24.600305 | GENERATION: 3 | ERRORS: best=230, median=405.0, diversity=0.24 | INDIVIDUALS: n=200, avg_genome_length=39.575
2021-12-07 17:14:26.252611 | GENERATION: 4 | ERRORS: best=230, median=405.0, diversity=0.215 | INDIVIDUALS: n=200, avg_genome_length=38.18
2021-12-07 17:14:27.750034 | GENERATION: 5 | ERRORS: best=230, median=405.0, diversity=0.195 | INDIVIDUALS: n=200, avg_genome_length=37.21
2021-12-07 17:14:29.174581 | GENERATION: 6 | ERRORS: best=230, median=405.0, diversity=0.175 | INDIVIDUALS: n=200, avg_genome_length=33.74
2021-12-07 17:14:30.575213 | GENERATION: 7 | ERRORS: best=229, median=405.0, diversity=0.14 | INDIVIDUALS: n=200, avg_genome_length=30.535
2021-12-07 17:14:32.096256 | GENERATION: 8 | ERRORS: best=185, median=405.0, diversity=0.175 | INDIVIDUALS: n=200, avg_genome_length=28.065
2021-12-07 17:14:33.819765 | GENERATION: 9 | ERRORS: best=185, median=405.0, diversity=0.215 | INDIVIDUALS: n=200, avg_genome_length=25.66
2021-12-07 17:14:35.583360 | GENERATION: 10 | ERRORS: best=185, median=405.0, diversity=0.235 | INDIVIDUALS: n=200, avg_genome_length=24.19
2021-12-07 17:14:37.222715 | GENERATION: 11 | ERRORS: best=185, median=405.0, diversity=0.18 | INDIVIDUALS: n=200, avg_genome_length=21.875
2021-12-07 17:14:38.991298 | GENERATION: 12 | ERRORS: best=185, median=405.0, diversity=0.165 | INDIVIDUALS: n=200, avg_genome_length=19.285
2021-12-07 17:14:40.503664 | GENERATION: 13 | ERRORS: best=185, median=405.0, diversity=0.13 | INDIVIDUALS: n=200, avg_genome_length=17.24
2021-12-07 17:14:41.872743 | GENERATION: 14 | ERRORS: best=185, median=405.0, diversity=0.125 | INDIVIDUALS: n=200, avg_genome_length=15.75
2021-12-07 17:14:43.377326 | GENERATION: 15 | ERRORS: best=185, median=405.0, diversity=0.17 | INDIVIDUALS: n=200, avg_genome_length=15.34
2021-12-07 17:14:44.723247 | GENERATION: 16 | ERRORS: best=185, median=405.0, diversity=0.135 | INDIVIDUALS: n=200, avg_genome_length=15.14
2021-12-07 17:14:46.469475 | GENERATION: 17 | ERRORS: best=180, median=405.0, diversity=0.105 | INDIVIDUALS: n=200, avg_genome_length=15.695
2021-12-07 17:14:47.344552 | GENERATION: 18 | ERRORS: best=180, median=405.0, diversity=0.06 | INDIVIDUALS: n=200, avg_genome_length=11.795
2021-12-07 17:14:48.226269 | GENERATION: 19 | ERRORS: best=180, median=405.0, diversity=0.06 | INDIVIDUALS: n=200, avg_genome_length=9.705
2021-12-07 17:14:49.240303 | GENERATION: 20 | ERRORS: best=180, median=405.0, diversity=0.065 | INDIVIDUALS: n=200, avg_genome_length=10.475
2021-12-07 17:14:50.063810 | GENERATION: 21 | ERRORS: best=180, median=405.0, diversity=0.065 | INDIVIDUALS: n=200, avg_genome_length=9.485
2021-12-07 17:14:50.855508 | GENERATION: 22 | ERRORS: best=180, median=405.0, diversity=0.075 | INDIVIDUALS: n=200, avg_genome_length=8.69
2021-12-07 17:14:51.586267 | GENERATION: 23 | ERRORS: best=180, median=405.0, diversity=0.075 | INDIVIDUALS: n=200, avg_genome_length=8.985
2021-12-07 17:14:52.335831 | GENERATION: 24 | ERRORS: best=180, median=405.0, diversity=0.065 | INDIVIDUALS: n=200, avg_genome_length=8.505
2021-12-07 17:14:53.090635 | GENERATION: 25 | ERRORS: best=180, median=405.0, diversity=0.06 | INDIVIDUALS: n=200, avg_genome_length=8.235
2021-12-07 17:14:53.825680 | GENERATION: 26 | ERRORS: best=180, median=405.0, diversity=0.06 | INDIVIDUALS: n=200, avg_genome_length=7.84
2021-12-07 17:14:54.818427 | GENERATION: 27 | ERRORS: best=180, median=405.0, diversity=0.065 | INDIVIDUALS: n=200, avg_genome_length=9.27
2021-12-07 17:14:55.767152 | GENERATION: 28 | ERRORS: best=180, median=405.0, diversity=0.075 | INDIVIDUALS: n=200, avg_genome_length=9.82
2021-12-07 17:14:56.706712 | GENERATION: 29 | ERRORS: best=180, median=405.0, diversity=0.08 | INDIVIDUALS: n=200, avg_genome_length=9.905
2021-12-07 17:14:57.703067 | GENERATION: 30 | ERRORS: best=180, median=405.0, diversity=0.095 | INDIVIDUALS: n=200, avg_genome_length=10.58
2021-12-07 17:14:58.628237 | GENERATION: 31 | ERRORS: best=180, median=405.0, diversity=0.075 | INDIVIDUALS: n=200, avg_genome_length=9.655
2021-12-07 17:14:59.498469 | GENERATION: 32 | ERRORS: best=180, median=405.0, diversity=0.07 | INDIVIDUALS: n=200, avg_genome_length=8.925
2021-12-07 17:15:00.453295 | GENERATION: 33 | ERRORS: best=180, median=405.0, diversity=0.085 | INDIVIDUALS: n=200, avg_genome_length=10.52
2021-12-07 17:15:01.291057 | GENERATION: 34 | ERRORS: best=180, median=405.0, diversity=0.09 | INDIVIDUALS: n=200, avg_genome_length=10.24
2021-12-07 17:15:02.190349 | GENERATION: 35 | ERRORS: best=180, median=405.0, diversity=0.09 | INDIVIDUALS: n=200, avg_genome_length=9.81
2021-12-07 17:15:03.176813 | GENERATION: 36 | ERRORS: best=180, median=405.0, diversity=0.055 | INDIVIDUALS: n=200, avg_genome_length=8.935
2021-12-07 17:15:03.921015 | GENERATION: 37 | ERRORS: best=180, median=405.0, diversity=0.06 | INDIVIDUALS: n=200, avg_genome_length=8.695
2021-12-07 17:15:04.732621 | GENERATION: 38 | ERRORS: best=180, median=405.0, diversity=0.07 | INDIVIDUALS: n=200, avg_genome_length=9.305
2021-12-07 17:15:05.556699 | GENERATION: 39 | ERRORS: best=180, median=405.0, diversity=0.06 | INDIVIDUALS: n=200, avg_genome_length=9.435
2021-12-07 17:15:06.505861 | GENERATION: 40 | ERRORS: best=180, median=405.0, diversity=0.06 | INDIVIDUALS: n=200, avg_genome_length=10.2
2021-12-07 17:15:07.491173 | GENERATION: 41 | ERRORS: best=180, median=405.0, diversity=0.06 | INDIVIDUALS: n=200, avg_genome_length=10.605
2021-12-07 17:15:08.451269 | GENERATION: 42 | ERRORS: best=180, median=405.0, diversity=0.06 | INDIVIDUALS: n=200, avg_genome_length=10.02
2021-12-07 17:15:09.333634 | GENERATION: 43 | ERRORS: best=180, median=405.0, diversity=0.075 | INDIVIDUALS: n=200, avg_genome_length=9.38
2021-12-07 17:15:10.118555 | GENERATION: 44 | ERRORS: best=180, median=405.0, diversity=0.065 | INDIVIDUALS: n=200, avg_genome_length=8.095
2021-12-07 17:15:10.894131 | GENERATION: 45 | ERRORS: best=180, median=405.0, diversity=0.055 | INDIVIDUALS: n=200, avg_genome_length=8.145
2021-12-07 17:15:11.819786 | GENERATION: 46 | ERRORS: best=180, median=405.0, diversity=0.05 | INDIVIDUALS: n=200, avg_genome_length=8.715
2021-12-07 17:15:13.796536 | GENERATION: 47 | ERRORS: best=180, median=405.0, diversity=0.075 | INDIVIDUALS: n=200, avg_genome_length=8.09
2021-12-07 17:15:14.602169 | GENERATION: 48 | ERRORS: best=180, median=405.0, diversity=0.055 | INDIVIDUALS: n=200, avg_genome_length=7.435
2021-12-07 17:15:15.367057 | GENERATION: 49 | ERRORS: best=180, median=405.0, diversity=0.06 | INDIVIDUALS: n=200, avg_genome_length=7.275
2021-12-07 17:15:17.168830 | GENERATION: 50 | ERRORS: best=180, median=405.0, diversity=0.075 | INDIVIDUALS: n=200, avg_genome_length=7.95
2021-12-07 17:15:18.064511 | GENERATION: 51 | ERRORS: best=180, median=405.0, diversity=0.06 | INDIVIDUALS: n=200, avg_genome_length=8.025
2021-12-07 17:15:18.885267 | GENERATION: 52 | ERRORS: best=180, median=405.0, diversity=0.055 | INDIVIDUALS: n=200, avg_genome_length=7.995
2021-12-07 17:15:19.808728 | GENERATION: 53 | ERRORS: best=180, median=405.0, diversity=0.095 | INDIVIDUALS: n=200, avg_genome_length=8.555
2021-12-07 17:15:20.720486 | GENERATION: 54 | ERRORS: best=180, median=405.0, diversity=0.07 | INDIVIDUALS: n=200, avg_genome_length=8.46
2021-12-07 17:15:21.706949 | GENERATION: 55 | ERRORS: best=180, median=405.0, diversity=0.115 | INDIVIDUALS: n=200, avg_genome_length=10.145
2021-12-07 17:15:22.651701 | GENERATION: 56 | ERRORS: best=180, median=405.0, diversity=0.12 | INDIVIDUALS: n=200, avg_genome_length=9.77
2021-12-07 17:15:23.629374 | GENERATION: 57 | ERRORS: best=180, median=405.0, diversity=0.105 | INDIVIDUALS: n=200, avg_genome_length=10.64
2021-12-07 17:15:24.590031 | GENERATION: 58 | ERRORS: best=180, median=405.0, diversity=0.1 | INDIVIDUALS: n=200, avg_genome_length=11.345
2021-12-07 17:15:26.152532 | GENERATION: 59 | ERRORS: best=180, median=405.0, diversity=0.14 | INDIVIDUALS: n=200, avg_genome_length=12.98
2021-12-07 17:15:28.452657 | GENERATION: 60 | ERRORS: best=180, median=405.0, diversity=0.105 | INDIVIDUALS: n=200, avg_genome_length=12.73
2021-12-07 17:15:29.613338 | GENERATION: 61 | ERRORS: best=180, median=405.0, diversity=0.13 | INDIVIDUALS: n=200, avg_genome_length=12.955
2021-12-07 17:15:30.682642 | GENERATION: 62 | ERRORS: best=180, median=405.0, diversity=0.125 | INDIVIDUALS: n=200, avg_genome_length=12.53
2021-12-07 17:15:31.805481 | GENERATION: 63 | ERRORS: best=180, median=405.0, diversity=0.115 | INDIVIDUALS: n=200, avg_genome_length=11.34
2021-12-07 17:15:33.048398 | GENERATION: 64 | ERRORS: best=180, median=405.0, diversity=0.115 | INDIVIDUALS: n=200, avg_genome_length=11.47
2021-12-07 17:15:34.072431 | GENERATION: 65 | ERRORS: best=180, median=405.0, diversity=0.105 | INDIVIDUALS: n=200, avg_genome_length=11.855
2021-12-07 17:15:35.027437 | GENERATION: 66 | ERRORS: best=180, median=405.0, diversity=0.105 | INDIVIDUALS: n=200, avg_genome_length=10.665
2021-12-07 17:15:35.865016 | GENERATION: 67 | ERRORS: best=180, median=405.0, diversity=0.095 | INDIVIDUALS: n=200, avg_genome_length=9.21
2021-12-07 17:15:37.453872 | GENERATION: 68 | ERRORS: best=180, median=405.0, diversity=0.105 | INDIVIDUALS: n=200, avg_genome_length=10.92
2021-12-07 17:15:39.090622 | GENERATION: 69 | ERRORS: best=180, median=405.0, diversity=0.175 | INDIVIDUALS: n=200, avg_genome_length=16.25
2021-12-07 17:15:40.431942 | GENERATION: 70 | ERRORS: best=180, median=405.0, diversity=0.165 | INDIVIDUALS: n=200, avg_genome_length=18.355
2021-12-07 17:15:41.793941 | GENERATION: 71 | ERRORS: best=180, median=405.0, diversity=0.195 | INDIVIDUALS: n=200, avg_genome_length=16.845
2021-12-07 17:15:42.957407 | GENERATION: 72 | ERRORS: best=180, median=405.0, diversity=0.14 | INDIVIDUALS: n=200, avg_genome_length=13.835
2021-12-07 17:15:43.851188 | GENERATION: 73 | ERRORS: best=180, median=405.0, diversity=0.125 | INDIVIDUALS: n=200, avg_genome_length=13.135
2021-12-07 17:15:45.266738 | GENERATION: 74 | ERRORS: best=180, median=405.0, diversity=0.11 | INDIVIDUALS: n=200, avg_genome_length=12.6
2021-12-07 17:15:46.250944 | GENERATION: 75 | ERRORS: best=180, median=405.0, diversity=0.09 | INDIVIDUALS: n=200, avg_genome_length=13.435
2021-12-07 17:15:47.196679 | GENERATION: 76 | ERRORS: best=180, median=405.0, diversity=0.1 | INDIVIDUALS: n=200, avg_genome_length=12.015
2021-12-07 17:15:48.092574 | GENERATION: 77 | ERRORS: best=180, median=405.0, diversity=0.11 | INDIVIDUALS: n=200, avg_genome_length=11.435
2021-12-07 17:15:49.031936 | GENERATION: 78 | ERRORS: best=180, median=405.0, diversity=0.095 | INDIVIDUALS: n=200, avg_genome_length=11.215
2021-12-07 17:15:50.021017 | GENERATION: 79 | ERRORS: best=180, median=405.0, diversity=0.08 | INDIVIDUALS: n=200, avg_genome_length=11.29
2021-12-07 17:15:50.948061 | GENERATION: 80 | ERRORS: best=180, median=405.0, diversity=0.07 | INDIVIDUALS: n=200, avg_genome_length=10.665
2021-12-07 17:15:51.816180 | GENERATION: 81 | ERRORS: best=180, median=405.0, diversity=0.065 | INDIVIDUALS: n=200, avg_genome_length=10.32
2021-12-07 17:15:52.631179 | GENERATION: 82 | ERRORS: best=180, median=405.0, diversity=0.09 | INDIVIDUALS: n=200, avg_genome_length=10.235
2021-12-07 17:15:53.594411 | GENERATION: 83 | ERRORS: best=180, median=405.0, diversity=0.065 | INDIVIDUALS: n=200, avg_genome_length=10.215
2021-12-07 17:15:54.806808 | GENERATION: 84 | ERRORS: best=180, median=405.0, diversity=0.1 | INDIVIDUALS: n=200, avg_genome_length=11.81
2021-12-07 17:15:55.821703 | GENERATION: 85 | ERRORS: best=180, median=405.0, diversity=0.08 | INDIVIDUALS: n=200, avg_genome_length=11.155
2021-12-07 17:15:56.827883 | GENERATION: 86 | ERRORS: best=180, median=405.0, diversity=0.075 | INDIVIDUALS: n=200, avg_genome_length=11.145
2021-12-07 17:15:58.689713 | GENERATION: 87 | ERRORS: best=180, median=405.0, diversity=0.08 | INDIVIDUALS: n=200, avg_genome_length=9.705
2021-12-07 17:15:59.575536 | GENERATION: 88 | ERRORS: best=180, median=405.0, diversity=0.065 | INDIVIDUALS: n=200, avg_genome_length=8.5
2021-12-07 17:16:00.450007 | GENERATION: 89 | ERRORS: best=180, median=405.0, diversity=0.08 | INDIVIDUALS: n=200, avg_genome_length=8.775
2021-12-07 17:16:01.234394 | GENERATION: 90 | ERRORS: best=180, median=405.0, diversity=0.07 | INDIVIDUALS: n=200, avg_genome_length=8.7
2021-12-07 17:16:02.204149 | GENERATION: 91 | ERRORS: best=180, median=405.0, diversity=0.06 | INDIVIDUALS: n=200, avg_genome_length=10.37
2021-12-07 17:16:03.227789 | GENERATION: 92 | ERRORS: best=180, median=405.0, diversity=0.085 | INDIVIDUALS: n=200, avg_genome_length=10.985
2021-12-07 17:16:04.269363 | GENERATION: 93 | ERRORS: best=180, median=405.0, diversity=0.075 | INDIVIDUALS: n=200, avg_genome_length=11.155
2021-12-07 17:16:05.311403 | GENERATION: 94 | ERRORS: best=180, median=405.0, diversity=0.075 | INDIVIDUALS: n=200, avg_genome_length=10.895
2021-12-07 17:16:07.234982 | GENERATION: 95 | ERRORS: best=180, median=405.0, diversity=0.08 | INDIVIDUALS: n=200, avg_genome_length=9.475
2021-12-07 17:16:08.233439 | GENERATION: 96 | ERRORS: best=180, median=405.0, diversity=0.075 | INDIVIDUALS: n=200, avg_genome_length=10.125
2021-12-07 17:16:09.251093 | GENERATION: 97 | ERRORS: best=180, median=405.0, diversity=0.11 | INDIVIDUALS: n=200, avg_genome_length=10.89
2021-12-07 17:16:10.582696 | GENERATION: 98 | ERRORS: best=180, median=405.0, diversity=0.1 | INDIVIDUALS: n=200, avg_genome_length=12.295
2021-12-07 17:16:11.576879 | GENERATION: 99 | ERRORS: best=180, median=405.0, diversity=0.12 | INDIVIDUALS: n=200, avg_genome_length=10.52
2021-12-07 17:16:12.728429 | GENERATION: 100 | ERRORS: best=180, median=405.0, diversity=0.11 | INDIVIDUALS: n=200, avg_genome_length=10.43
2021-12-07 17:16:13.678243 | GENERATION: 101 | ERRORS: best=180, median=405.0, diversity=0.08 | INDIVIDUALS: n=200, avg_genome_length=9.76
2021-12-07 17:16:14.555057 | GENERATION: 102 | ERRORS: best=180, median=405.0, diversity=0.1 | INDIVIDUALS: n=200, avg_genome_length=9.98
2021-12-07 17:16:15.555124 | GENERATION: 103 | ERRORS: best=180, median=405.0, diversity=0.1 | INDIVIDUALS: n=200, avg_genome_length=10.505
2021-12-07 17:16:16.642717 | GENERATION: 104 | ERRORS: best=180, median=405.0, diversity=0.12 | INDIVIDUALS: n=200, avg_genome_length=11.375
2021-12-07 17:16:17.692439 | GENERATION: 105 | ERRORS: best=180, median=405.0, diversity=0.11 | INDIVIDUALS: n=200, avg_genome_length=11.66
2021-12-07 17:16:18.774864 | GENERATION: 106 | ERRORS: best=180, median=405.0, diversity=0.12 | INDIVIDUALS: n=200, avg_genome_length=12.37
2021-12-07 17:16:19.716235 | GENERATION: 107 | ERRORS: best=180, median=405.0, diversity=0.105 | INDIVIDUALS: n=200, avg_genome_length=11.675
2021-12-07 17:16:20.672089 | GENERATION: 108 | ERRORS: best=180, median=405.0, diversity=0.085 | INDIVIDUALS: n=200, avg_genome_length=10.11
2021-12-07 17:16:21.628991 | GENERATION: 109 | ERRORS: best=180, median=405.0, diversity=0.12 | INDIVIDUALS: n=200, avg_genome_length=11.23
2021-12-07 17:16:22.575225 | GENERATION: 110 | ERRORS: best=180, median=405.0, diversity=0.11 | INDIVIDUALS: n=200, avg_genome_length=10.75
2021-12-07 17:16:23.596557 | GENERATION: 111 | ERRORS: best=180, median=405.0, diversity=0.07 | INDIVIDUALS: n=200, avg_genome_length=12.205
2021-12-07 17:16:24.789558 | GENERATION: 112 | ERRORS: best=180, median=405.0, diversity=0.11 | INDIVIDUALS: n=200, avg_genome_length=12.385
2021-12-07 17:16:25.809765 | GENERATION: 113 | ERRORS: best=180, median=405.0, diversity=0.08 | INDIVIDUALS: n=200, avg_genome_length=11.07
2021-12-07 17:16:26.766495 | GENERATION: 114 | ERRORS: best=180, median=405.0, diversity=0.085 | INDIVIDUALS: n=200, avg_genome_length=10.21
2021-12-07 17:16:27.760112 | GENERATION: 115 | ERRORS: best=180, median=405.0, diversity=0.065 | INDIVIDUALS: n=200, avg_genome_length=11.58
2021-12-07 17:16:28.737917 | GENERATION: 116 | ERRORS: best=180, median=405.0, diversity=0.09 | INDIVIDUALS: n=200, avg_genome_length=10.94
2021-12-07 17:16:29.809035 | GENERATION: 117 | ERRORS: best=180, median=405.0, diversity=0.105 | INDIVIDUALS: n=200, avg_genome_length=12.42
2021-12-07 17:16:30.919743 | GENERATION: 118 | ERRORS: best=180, median=405.0, diversity=0.07 | INDIVIDUALS: n=200, avg_genome_length=13.555
2021-12-07 17:16:31.975464 | GENERATION: 119 | ERRORS: best=180, median=405.0, diversity=0.07 | INDIVIDUALS: n=200, avg_genome_length=14.1
2021-12-07 17:16:33.048590 | GENERATION: 120 | ERRORS: best=180, median=405.0, diversity=0.08 | INDIVIDUALS: n=200, avg_genome_length=13.305
2021-12-07 17:16:34.141845 | GENERATION: 121 | ERRORS: best=180, median=405.0, diversity=0.09 | INDIVIDUALS: n=200, avg_genome_length=14.18
2021-12-07 17:16:35.233412 | GENERATION: 122 | ERRORS: best=180, median=405.0, diversity=0.09 | INDIVIDUALS: n=200, avg_genome_length=13.605
2021-12-07 17:16:36.367421 | GENERATION: 123 | ERRORS: best=180, median=405.0, diversity=0.1 | INDIVIDUALS: n=200, avg_genome_length=13.86
2021-12-07 17:16:37.360362 | GENERATION: 124 | ERRORS: best=180, median=405.0, diversity=0.09 | INDIVIDUALS: n=200, avg_genome_length=11.78
2021-12-07 17:16:38.467680 | GENERATION: 125 | ERRORS: best=180, median=405.0, diversity=0.09 | INDIVIDUALS: n=200, avg_genome_length=12.545
2021-12-07 17:16:39.490267 | GENERATION: 126 | ERRORS: best=180, median=405.0, diversity=0.095 | INDIVIDUALS: n=200, avg_genome_length=11.955
2021-12-07 17:16:40.427326 | GENERATION: 127 | ERRORS: best=180, median=405.0, diversity=0.09 | INDIVIDUALS: n=200, avg_genome_length=10.575
2021-12-07 17:16:41.326453 | GENERATION: 128 | ERRORS: best=180, median=405.0, diversity=0.08 | INDIVIDUALS: n=200, avg_genome_length=9.21
2021-12-07 17:16:42.239632 | GENERATION: 129 | ERRORS: best=180, median=405.0, diversity=0.08 | INDIVIDUALS: n=200, avg_genome_length=9.825
2021-12-07 17:16:43.116237 | GENERATION: 130 | ERRORS: best=180, median=405.0, diversity=0.075 | INDIVIDUALS: n=200, avg_genome_length=8.405
2021-12-07 17:16:45.169355 | GENERATION: 131 | ERRORS: best=180, median=405.0, diversity=0.065 | INDIVIDUALS: n=200, avg_genome_length=6.96
2021-12-07 17:16:46.111947 | GENERATION: 132 | ERRORS: best=180, median=405.0, diversity=0.06 | INDIVIDUALS: n=200, avg_genome_length=8.2
2021-12-07 17:16:46.838247 | GENERATION: 133 | ERRORS: best=180, median=405.0, diversity=0.045 | INDIVIDUALS: n=200, avg_genome_length=6.95
2021-12-07 17:16:47.518022 | GENERATION: 134 | ERRORS: best=180, median=405.0, diversity=0.05 | INDIVIDUALS: n=200, avg_genome_length=7.445
2021-12-07 17:16:48.385945 | GENERATION: 135 | ERRORS: best=180, median=405.0, diversity=0.07 | INDIVIDUALS: n=200, avg_genome_length=9.01
2021-12-07 17:16:49.419644 | GENERATION: 136 | ERRORS: best=180, median=405.0, diversity=0.055 | INDIVIDUALS: n=200, avg_genome_length=8.07
2021-12-07 17:16:50.155390 | GENERATION: 137 | ERRORS: best=180, median=405.0, diversity=0.07 | INDIVIDUALS: n=200, avg_genome_length=7.935
2021-12-07 17:16:50.886760 | GENERATION: 138 | ERRORS: best=180, median=405.0, diversity=0.06 | INDIVIDUALS: n=200, avg_genome_length=7.19
2021-12-07 17:16:51.631251 | GENERATION: 139 | ERRORS: best=180, median=405.0, diversity=0.065 | INDIVIDUALS: n=200, avg_genome_length=6.395
2021-12-07 17:16:52.483756 | GENERATION: 140 | ERRORS: best=180, median=405.0, diversity=0.06 | INDIVIDUALS: n=200, avg_genome_length=8.53
2021-12-07 17:16:53.364416 | GENERATION: 141 | ERRORS: best=180, median=405.0, diversity=0.08 | INDIVIDUALS: n=200, avg_genome_length=8.835
2021-12-07 17:16:54.161816 | GENERATION: 142 | ERRORS: best=180, median=365.0, diversity=0.065 | INDIVIDUALS: n=200, avg_genome_length=8.725
2021-12-07 17:16:54.987477 | GENERATION: 143 | ERRORS: best=180, median=405.0, diversity=0.065 | INDIVIDUALS: n=200, avg_genome_length=9.07
2021-12-07 17:16:55.714155 | GENERATION: 144 | ERRORS: best=180, median=405.0, diversity=0.065 | INDIVIDUALS: n=200, avg_genome_length=8.085
2021-12-07 17:16:56.566078 | GENERATION: 145 | ERRORS: best=180, median=405.0, diversity=0.05 | INDIVIDUALS: n=200, avg_genome_length=8.995
2021-12-07 17:16:57.498606 | GENERATION: 146 | ERRORS: best=180, median=405.0, diversity=0.065 | INDIVIDUALS: n=200, avg_genome_length=10.365
2021-12-07 17:16:58.316888 | GENERATION: 147 | ERRORS: best=180, median=405.0, diversity=0.075 | INDIVIDUALS: n=200, avg_genome_length=9.355
2021-12-07 17:16:59.392468 | GENERATION: 148 | ERRORS: best=180, median=405.0, diversity=0.08 | INDIVIDUALS: n=200, avg_genome_length=9.19
2021-12-07 17:17:00.539951 | GENERATION: 149 | ERRORS: best=180, median=405.0, diversity=0.095 | INDIVIDUALS: n=200, avg_genome_length=10.64
2021-12-07 17:17:01.625961 | GENERATION: 150 | ERRORS: best=180, median=405.0, diversity=0.07 | INDIVIDUALS: n=200, avg_genome_length=12.0
2021-12-07 17:17:02.639495 | GENERATION: 151 | ERRORS: best=180, median=365.0, diversity=0.065 | INDIVIDUALS: n=200, avg_genome_length=13.07
2021-12-07 17:17:03.800903 | GENERATION: 152 | ERRORS: best=180, median=405.0, diversity=0.09 | INDIVIDUALS: n=200, avg_genome_length=12.925
2021-12-07 17:17:04.928141 | GENERATION: 153 | ERRORS: best=180, median=405.0, diversity=0.095 | INDIVIDUALS: n=200, avg_genome_length=12.495
2021-12-07 17:17:06.070632 | GENERATION: 154 | ERRORS: best=180, median=405.0, diversity=0.11 | INDIVIDUALS: n=200, avg_genome_length=13.74
2021-12-07 17:17:07.408838 | GENERATION: 155 | ERRORS: best=180, median=405.0, diversity=0.115 | INDIVIDUALS: n=200, avg_genome_length=13.965
2021-12-07 17:17:08.456057 | GENERATION: 156 | ERRORS: best=180, median=401.0, diversity=0.085 | INDIVIDUALS: n=200, avg_genome_length=13.075
2021-12-07 17:17:09.777077 | GENERATION: 157 | ERRORS: best=180, median=373.0, diversity=0.115 | INDIVIDUALS: n=200, avg_genome_length=14.755
2021-12-07 17:17:10.895166 | GENERATION: 158 | ERRORS: best=180, median=365.0, diversity=0.095 | INDIVIDUALS: n=200, avg_genome_length=14.69
2021-12-07 17:17:12.179703 | GENERATION: 159 | ERRORS: best=180, median=365.0, diversity=0.11 | INDIVIDUALS: n=200, avg_genome_length=14.4
2021-12-07 17:17:13.203401 | GENERATION: 160 | ERRORS: best=180, median=365.0, diversity=0.09 | INDIVIDUALS: n=200, avg_genome_length=13.13
2021-12-07 17:17:14.147101 | GENERATION: 161 | ERRORS: best=180, median=365.0, diversity=0.07 | INDIVIDUALS: n=200, avg_genome_length=12.175
2021-12-07 17:17:15.361367 | GENERATION: 162 | ERRORS: best=180, median=405.0, diversity=0.12 | INDIVIDUALS: n=200, avg_genome_length=12.19
2021-12-07 17:17:16.303932 | GENERATION: 163 | ERRORS: best=180, median=405.0, diversity=0.09 | INDIVIDUALS: n=200, avg_genome_length=11.1
2021-12-07 17:17:18.616052 | GENERATION: 164 | ERRORS: best=180, median=405.0, diversity=0.115 | INDIVIDUALS: n=200, avg_genome_length=12.11
2021-12-07 17:17:19.941935 | GENERATION: 165 | ERRORS: best=180, median=405.0, diversity=0.11 | INDIVIDUALS: n=200, avg_genome_length=12.75
2021-12-07 17:17:20.950355 | GENERATION: 166 | ERRORS: best=180, median=369.0, diversity=0.1 | INDIVIDUALS: n=200, avg_genome_length=13.025
2021-12-07 17:17:21.821170 | GENERATION: 167 | ERRORS: best=180, median=405.0, diversity=0.07 | INDIVIDUALS: n=200, avg_genome_length=11.71
2021-12-07 17:17:22.719238 | GENERATION: 168 | ERRORS: best=180, median=405.0, diversity=0.06 | INDIVIDUALS: n=200, avg_genome_length=10.955
2021-12-07 17:17:23.703229 | GENERATION: 169 | ERRORS: best=180, median=405.0, diversity=0.085 | INDIVIDUALS: n=200, avg_genome_length=10.77
2021-12-07 17:17:24.593881 | GENERATION: 170 | ERRORS: best=180, median=365.0, diversity=0.1 | INDIVIDUALS: n=200, avg_genome_length=11.57
2021-12-07 17:17:25.786296 | GENERATION: 171 | ERRORS: best=180, median=405.0, diversity=0.08 | INDIVIDUALS: n=200, avg_genome_length=11.81
2021-12-07 17:17:26.786342 | GENERATION: 172 | ERRORS: best=180, median=405.0, diversity=0.095 | INDIVIDUALS: n=200, avg_genome_length=10.455
2021-12-07 17:17:27.569040 | GENERATION: 173 | ERRORS: best=180, median=405.0, diversity=0.11 | INDIVIDUALS: n=200, avg_genome_length=10.27
2021-12-07 17:17:28.412789 | GENERATION: 174 | ERRORS: best=145, median=405.0, diversity=0.095 | INDIVIDUALS: n=200, avg_genome_length=9.71
2021-12-07 17:17:29.144729 | GENERATION: 175 | ERRORS: best=145, median=365.0, diversity=0.08 | INDIVIDUALS: n=200, avg_genome_length=10.805
2021-12-07 17:17:29.758481 | GENERATION: 176 | ERRORS: best=145, median=373.0, diversity=0.08 | INDIVIDUALS: n=200, avg_genome_length=9.46
2021-12-07 17:17:30.378003 | GENERATION: 177 | ERRORS: best=145, median=405.0, diversity=0.065 | INDIVIDUALS: n=200, avg_genome_length=6.89
2021-12-07 17:17:30.912955 | GENERATION: 178 | ERRORS: best=145, median=405.0, diversity=0.09 | INDIVIDUALS: n=200, avg_genome_length=8.1
2021-12-07 17:17:31.480140 | GENERATION: 179 | ERRORS: best=145, median=405.0, diversity=0.085 | INDIVIDUALS: n=200, avg_genome_length=7.175
2021-12-07 17:17:32.016420 | GENERATION: 180 | ERRORS: best=145, median=405.0, diversity=0.07 | INDIVIDUALS: n=200, avg_genome_length=6.36
2021-12-07 17:17:32.552081 | GENERATION: 181 | ERRORS: best=145, median=405.0, diversity=0.055 | INDIVIDUALS: n=200, avg_genome_length=6.71
2021-12-07 17:17:33.083290 | GENERATION: 182 | ERRORS: best=145, median=405.0, diversity=0.075 | INDIVIDUALS: n=200, avg_genome_length=7.22
2021-12-07 17:17:33.659795 | GENERATION: 183 | ERRORS: best=145, median=405.0, diversity=0.075 | INDIVIDUALS: n=200, avg_genome_length=7.74
2021-12-07 17:17:34.187643 | GENERATION: 184 | ERRORS: best=145, median=405.0, diversity=0.055 | INDIVIDUALS: n=200, avg_genome_length=7.19
2021-12-07 17:17:34.761987 | GENERATION: 185 | ERRORS: best=145, median=405.0, diversity=0.09 | INDIVIDUALS: n=200, avg_genome_length=8.325
2021-12-07 17:17:35.364616 | GENERATION: 186 | ERRORS: best=145, median=405.0, diversity=0.075 | INDIVIDUALS: n=200, avg_genome_length=10.09
2021-12-07 17:17:35.953413 | GENERATION: 187 | ERRORS: best=143, median=405.0, diversity=0.09 | INDIVIDUALS: n=200, avg_genome_length=11.735
2021-12-07 17:17:36.582031 | GENERATION: 188 | ERRORS: best=145, median=405.0, diversity=0.08 | INDIVIDUALS: n=200, avg_genome_length=10.755
2021-12-07 17:17:37.188403 | GENERATION: 189 | ERRORS: best=145, median=405.0, diversity=0.095 | INDIVIDUALS: n=200, avg_genome_length=10.43
2021-12-07 17:17:37.796934 | GENERATION: 190 | ERRORS: best=145, median=405.0, diversity=0.07 | INDIVIDUALS: n=200, avg_genome_length=9.315
2021-12-07 17:17:38.365656 | GENERATION: 191 | ERRORS: best=145, median=405.0, diversity=0.075 | INDIVIDUALS: n=200, avg_genome_length=8.69
2021-12-07 17:17:38.931108 | GENERATION: 192 | ERRORS: best=145, median=405.0, diversity=0.06 | INDIVIDUALS: n=200, avg_genome_length=8.285
2021-12-07 17:17:39.531977 | GENERATION: 193 | ERRORS: best=145, median=365.0, diversity=0.085 | INDIVIDUALS: n=200, avg_genome_length=10.185
2021-12-07 17:17:40.137349 | GENERATION: 194 | ERRORS: best=145, median=405.0, diversity=0.075 | INDIVIDUALS: n=200, avg_genome_length=9.09
2021-12-07 17:17:40.747753 | GENERATION: 195 | ERRORS: best=145, median=405.0, diversity=0.075 | INDIVIDUALS: n=200, avg_genome_length=11.175
2021-12-07 17:17:41.352562 | GENERATION: 196 | ERRORS: best=145, median=365.0, diversity=0.12 | INDIVIDUALS: n=200, avg_genome_length=11.79
2021-12-07 17:17:42.139596 | GENERATION: 197 | ERRORS: best=145, median=405.0, diversity=0.12 | INDIVIDUALS: n=200, avg_genome_length=11.715
2021-12-07 17:17:42.803707 | GENERATION: 198 | ERRORS: best=145, median=405.0, diversity=0.1 | INDIVIDUALS: n=200, avg_genome_length=11.345
2021-12-07 17:17:43.478508 | GENERATION: 199 | ERRORS: best=145, median=365.0, diversity=0.15 | INDIVIDUALS: n=200, avg_genome_length=13.375
2021-12-07 17:17:44.337281 | GENERATION: 200 | ERRORS: best=145, median=389.0, diversity=0.11 | INDIVIDUALS: n=200, avg_genome_length=13.26
2021-12-07 17:17:45.111963 | GENERATION: 201 | ERRORS: best=145, median=365.0, diversity=0.13 | INDIVIDUALS: n=200, avg_genome_length=15.955
2021-12-07 17:17:46.064333 | GENERATION: 202 | ERRORS: best=145, median=405.0, diversity=0.14 | INDIVIDUALS: n=200, avg_genome_length=15.4
2021-12-07 17:17:47.092134 | GENERATION: 203 | ERRORS: best=145, median=365.0, diversity=0.12 | INDIVIDUALS: n=200, avg_genome_length=16.095
2021-12-07 17:17:47.947501 | GENERATION: 204 | ERRORS: best=145, median=365.0, diversity=0.15 | INDIVIDUALS: n=200, avg_genome_length=15.025
2021-12-07 17:17:48.674772 | GENERATION: 205 | ERRORS: best=145, median=365.0, diversity=0.12 | INDIVIDUALS: n=200, avg_genome_length=15.12
2021-12-07 17:17:49.368752 | GENERATION: 206 | ERRORS: best=145, median=405.0, diversity=0.12 | INDIVIDUALS: n=200, avg_genome_length=14.545
2021-12-07 17:17:50.130967 | GENERATION: 207 | ERRORS: best=145, median=405.0, diversity=0.115 | INDIVIDUALS: n=200, avg_genome_length=13.975
2021-12-07 17:17:50.722427 | GENERATION: 208 | ERRORS: best=143, median=365.0, diversity=0.115 | INDIVIDUALS: n=200, avg_genome_length=13.395
2021-12-07 17:17:51.330229 | GENERATION: 209 | ERRORS: best=145, median=373.0, diversity=0.1 | INDIVIDUALS: n=200, avg_genome_length=12.945
2021-12-07 17:17:51.970727 | GENERATION: 210 | ERRORS: best=145, median=365.0, diversity=0.09 | INDIVIDUALS: n=200, avg_genome_length=12.515
2021-12-07 17:17:52.576725 | GENERATION: 211 | ERRORS: best=145, median=405.0, diversity=0.09 | INDIVIDUALS: n=200, avg_genome_length=12.27
2021-12-07 17:17:53.220736 | GENERATION: 212 | ERRORS: best=145, median=365.0, diversity=0.09 | INDIVIDUALS: n=200, avg_genome_length=11.695
2021-12-07 17:17:53.926341 | GENERATION: 213 | ERRORS: best=145, median=365.0, diversity=0.105 | INDIVIDUALS: n=200, avg_genome_length=13.915
2021-12-07 17:17:54.622252 | GENERATION: 214 | ERRORS: best=145, median=365.0, diversity=0.09 | INDIVIDUALS: n=200, avg_genome_length=12.55
2021-12-07 17:17:55.494763 | GENERATION: 215 | ERRORS: best=145, median=405.0, diversity=0.13 | INDIVIDUALS: n=200, avg_genome_length=14.37
2021-12-07 17:17:56.153961 | GENERATION: 216 | ERRORS: best=145, median=405.0, diversity=0.12 | INDIVIDUALS: n=200, avg_genome_length=14.09
2021-12-07 17:17:56.833572 | GENERATION: 217 | ERRORS: best=143, median=369.0, diversity=0.12 | INDIVIDUALS: n=200, avg_genome_length=14.09
2021-12-07 17:17:57.450908 | GENERATION: 218 | ERRORS: best=145, median=405.0, diversity=0.1 | INDIVIDUALS: n=200, avg_genome_length=11.94
2021-12-07 17:17:58.093572 | GENERATION: 219 | ERRORS: best=145, median=365.0, diversity=0.07 | INDIVIDUALS: n=200, avg_genome_length=12.195
2021-12-07 17:17:58.721615 | GENERATION: 220 | ERRORS: best=145, median=230.0, diversity=0.095 | INDIVIDUALS: n=200, avg_genome_length=12.36
2021-12-07 17:17:59.538373 | GENERATION: 221 | ERRORS: best=145, median=365.0, diversity=0.09 | INDIVIDUALS: n=200, avg_genome_length=11.885
2021-12-07 17:18:00.124107 | GENERATION: 222 | ERRORS: best=145, median=365.0, diversity=0.09 | INDIVIDUALS: n=200, avg_genome_length=13.01
2021-12-07 17:18:00.845394 | GENERATION: 223 | ERRORS: best=145, median=365.0, diversity=0.065 | INDIVIDUALS: n=200, avg_genome_length=12.49
2021-12-07 17:18:01.460507 | GENERATION: 224 | ERRORS: best=145, median=365.0, diversity=0.085 | INDIVIDUALS: n=200, avg_genome_length=12.6
2021-12-07 17:18:02.097849 | GENERATION: 225 | ERRORS: best=145, median=365.0, diversity=0.065 | INDIVIDUALS: n=200, avg_genome_length=12.12
2021-12-07 17:18:02.719720 | GENERATION: 226 | ERRORS: best=145, median=230.0, diversity=0.075 | INDIVIDUALS: n=200, avg_genome_length=11.265
2021-12-07 17:18:03.307714 | GENERATION: 227 | ERRORS: best=145, median=365.0, diversity=0.08 | INDIVIDUALS: n=200, avg_genome_length=11.06
2021-12-07 17:18:04.070100 | GENERATION: 228 | ERRORS: best=145, median=230.0, diversity=0.07 | INDIVIDUALS: n=200, avg_genome_length=9.75
2021-12-07 17:18:04.631654 | GENERATION: 229 | ERRORS: best=145, median=405.0, diversity=0.08 | INDIVIDUALS: n=200, avg_genome_length=9.53
2021-12-07 17:18:05.212827 | GENERATION: 230 | ERRORS: best=145, median=365.0, diversity=0.055 | INDIVIDUALS: n=200, avg_genome_length=11.115
2021-12-07 17:18:05.870393 | GENERATION: 231 | ERRORS: best=145, median=365.0, diversity=0.085 | INDIVIDUALS: n=200, avg_genome_length=11.475
2021-12-07 17:18:06.438581 | GENERATION: 232 | ERRORS: best=145, median=405.0, diversity=0.075 | INDIVIDUALS: n=200, avg_genome_length=10.18
2021-12-07 17:18:06.997163 | GENERATION: 233 | ERRORS: best=145, median=405.0, diversity=0.1 | INDIVIDUALS: n=200, avg_genome_length=9.805
2021-12-07 17:18:07.606902 | GENERATION: 234 | ERRORS: best=145, median=405.0, diversity=0.09 | INDIVIDUALS: n=200, avg_genome_length=10.925
2021-12-07 17:18:08.267979 | GENERATION: 235 | ERRORS: best=145, median=297.5, diversity=0.12 | INDIVIDUALS: n=200, avg_genome_length=12.4
2021-12-07 17:18:08.898885 | GENERATION: 236 | ERRORS: best=145, median=365.0, diversity=0.105 | INDIVIDUALS: n=200, avg_genome_length=12.81
2021-12-07 17:18:09.539920 | GENERATION: 237 | ERRORS: best=145, median=365.0, diversity=0.085 | INDIVIDUALS: n=200, avg_genome_length=13.01
2021-12-07 17:18:10.234094 | GENERATION: 238 | ERRORS: best=145, median=405.0, diversity=0.11 | INDIVIDUALS: n=200, avg_genome_length=13.395
2021-12-07 17:18:10.878112 | GENERATION: 239 | ERRORS: best=145, median=405.0, diversity=0.105 | INDIVIDUALS: n=200, avg_genome_length=12.895
2021-12-07 17:18:11.530770 | GENERATION: 240 | ERRORS: best=145, median=230.0, diversity=0.11 | INDIVIDUALS: n=200, avg_genome_length=12.72
2021-12-07 17:18:12.146288 | GENERATION: 241 | ERRORS: best=145, median=230.0, diversity=0.095 | INDIVIDUALS: n=200, avg_genome_length=11.315
2021-12-07 17:18:12.767492 | GENERATION: 242 | ERRORS: best=145, median=365.0, diversity=0.095 | INDIVIDUALS: n=200, avg_genome_length=10.475
2021-12-07 17:18:13.377727 | GENERATION: 243 | ERRORS: best=145, median=365.0, diversity=0.065 | INDIVIDUALS: n=200, avg_genome_length=10.165
2021-12-07 17:18:13.997762 | GENERATION: 244 | ERRORS: best=145, median=230.0, diversity=0.08 | INDIVIDUALS: n=200, avg_genome_length=11.36
2021-12-07 17:18:14.586060 | GENERATION: 245 | ERRORS: best=145, median=230.0, diversity=0.07 | INDIVIDUALS: n=200, avg_genome_length=9.78
2021-12-07 17:18:15.170804 | GENERATION: 246 | ERRORS: best=145, median=389.0, diversity=0.075 | INDIVIDUALS: n=200, avg_genome_length=8.465
2021-12-07 17:18:15.687705 | GENERATION: 247 | ERRORS: best=145, median=405.0, diversity=0.065 | INDIVIDUALS: n=200, avg_genome_length=8.43
2021-12-07 17:18:16.191334 | GENERATION: 248 | ERRORS: best=145, median=365.0, diversity=0.055 | INDIVIDUALS: n=200, avg_genome_length=8.085
2021-12-07 17:18:16.922839 | GENERATION: 249 | ERRORS: best=145, median=405.0, diversity=0.07 | INDIVIDUALS: n=200, avg_genome_length=8.685
2021-12-07 17:18:17.481849 | GENERATION: 250 | ERRORS: best=185, median=371.5, diversity=0.065 | INDIVIDUALS: n=200, avg_genome_length=7.9
2021-12-07 17:18:17.989256 | GENERATION: 251 | ERRORS: best=185, median=405.0, diversity=0.045 | INDIVIDUALS: n=200, avg_genome_length=6.275
2021-12-07 17:18:18.478152 | GENERATION: 252 | ERRORS: best=185, median=405.0, diversity=0.065 | INDIVIDUALS: n=200, avg_genome_length=6.6
2021-12-07 17:18:19.133666 | GENERATION: 253 | ERRORS: best=185, median=405.0, diversity=0.05 | INDIVIDUALS: n=200, avg_genome_length=7.39
2021-12-07 17:18:19.666617 | GENERATION: 254 | ERRORS: best=185, median=405.0, diversity=0.045 | INDIVIDUALS: n=200, avg_genome_length=6.525
2021-12-07 17:18:20.187515 | GENERATION: 255 | ERRORS: best=185, median=405.0, diversity=0.055 | INDIVIDUALS: n=200, avg_genome_length=6.685
2021-12-07 17:18:20.745173 | GENERATION: 256 | ERRORS: best=185, median=405.0, diversity=0.06 | INDIVIDUALS: n=200, avg_genome_length=8.11
2021-12-07 17:18:21.267526 | GENERATION: 257 | ERRORS: best=185, median=405.0, diversity=0.06 | INDIVIDUALS: n=200, avg_genome_length=7.6
2021-12-07 17:18:21.770580 | GENERATION: 258 | ERRORS: best=185, median=405.0, diversity=0.035 | INDIVIDUALS: n=200, avg_genome_length=6.53
2021-12-07 17:18:22.383981 | GENERATION: 259 | ERRORS: best=185, median=405.0, diversity=0.055 | INDIVIDUALS: n=200, avg_genome_length=7.62
2021-12-07 17:18:22.908105 | GENERATION: 260 | ERRORS: best=145, median=405.0, diversity=0.055 | INDIVIDUALS: n=200, avg_genome_length=7.01
2021-12-07 17:18:23.427536 | GENERATION: 261 | ERRORS: best=145, median=230.0, diversity=0.08 | INDIVIDUALS: n=200, avg_genome_length=9.825
2021-12-07 17:18:23.938163 | GENERATION: 262 | ERRORS: best=145, median=365.0, diversity=0.08 | INDIVIDUALS: n=200, avg_genome_length=8.135
2021-12-07 17:18:24.416100 | GENERATION: 263 | ERRORS: best=145, median=405.0, diversity=0.075 | INDIVIDUALS: n=200, avg_genome_length=6.925
2021-12-07 17:18:24.891899 | GENERATION: 264 | ERRORS: best=145, median=365.0, diversity=0.065 | INDIVIDUALS: n=200, avg_genome_length=7.23
2021-12-07 17:18:25.628478 | GENERATION: 265 | ERRORS: best=145, median=389.0, diversity=0.065 | INDIVIDUALS: n=200, avg_genome_length=7.51
2021-12-07 17:18:26.166980 | GENERATION: 266 | ERRORS: best=145, median=230.0, diversity=0.07 | INDIVIDUALS: n=200, avg_genome_length=8.66
2021-12-07 17:18:26.743718 | GENERATION: 267 | ERRORS: best=145, median=365.0, diversity=0.075 | INDIVIDUALS: n=200, avg_genome_length=8.21
2021-12-07 17:18:27.334776 | GENERATION: 268 | ERRORS: best=145, median=230.0, diversity=0.07 | INDIVIDUALS: n=200, avg_genome_length=7.9
2021-12-07 17:18:27.837817 | GENERATION: 269 | ERRORS: best=145, median=365.0, diversity=0.05 | INDIVIDUALS: n=200, avg_genome_length=6.21
2021-12-07 17:18:28.336359 | GENERATION: 270 | ERRORS: best=185, median=365.0, diversity=0.055 | INDIVIDUALS: n=200, avg_genome_length=5.95
2021-12-07 17:18:28.775267 | GENERATION: 271 | ERRORS: best=230, median=405.0, diversity=0.03 | INDIVIDUALS: n=200, avg_genome_length=5.555
2021-12-07 17:18:29.217978 | GENERATION: 272 | ERRORS: best=230, median=405.0, diversity=0.035 | INDIVIDUALS: n=200, avg_genome_length=5.11
2021-12-07 17:18:29.671502 | GENERATION: 273 | ERRORS: best=230, median=405.0, diversity=0.04 | INDIVIDUALS: n=200, avg_genome_length=5.155
2021-12-07 17:18:30.138587 | GENERATION: 274 | ERRORS: best=230, median=405.0, diversity=0.04 | INDIVIDUALS: n=200, avg_genome_length=4.77
2021-12-07 17:18:30.621879 | GENERATION: 275 | ERRORS: best=230, median=405.0, diversity=0.025 | INDIVIDUALS: n=200, avg_genome_length=4.97
2021-12-07 17:18:31.045066 | GENERATION: 276 | ERRORS: best=230, median=405.0, diversity=0.03 | INDIVIDUALS: n=200, avg_genome_length=5.745
2021-12-07 17:18:31.536404 | GENERATION: 277 | ERRORS: best=230, median=405.0, diversity=0.04 | INDIVIDUALS: n=200, avg_genome_length=5.515
2021-12-07 17:18:31.958837 | GENERATION: 278 | ERRORS: best=230, median=405.0, diversity=0.035 | INDIVIDUALS: n=200, avg_genome_length=5.67
2021-12-07 17:18:32.418160 | GENERATION: 279 | ERRORS: best=185, median=405.0, diversity=0.035 | INDIVIDUALS: n=200, avg_genome_length=5.59
2021-12-07 17:18:32.913123 | GENERATION: 280 | ERRORS: best=230, median=405.0, diversity=0.04 | INDIVIDUALS: n=200, avg_genome_length=4.99
2021-12-07 17:18:33.396984 | GENERATION: 281 | ERRORS: best=185, median=405.0, diversity=0.035 | INDIVIDUALS: n=200, avg_genome_length=5.005
2021-12-07 17:18:33.877778 | GENERATION: 282 | ERRORS: best=230, median=405.0, diversity=0.02 | INDIVIDUALS: n=200, avg_genome_length=4.895
2021-12-07 17:18:34.319754 | GENERATION: 283 | ERRORS: best=230, median=405.0, diversity=0.02 | INDIVIDUALS: n=200, avg_genome_length=4.75
2021-12-07 17:18:34.752694 | GENERATION: 284 | ERRORS: best=230, median=405.0, diversity=0.035 | INDIVIDUALS: n=200, avg_genome_length=4.905
2021-12-07 17:18:35.207739 | GENERATION: 285 | ERRORS: best=230, median=405.0, diversity=0.025 | INDIVIDUALS: n=200, avg_genome_length=5.305
2021-12-07 17:18:35.855724 | GENERATION: 286 | ERRORS: best=230, median=405.0, diversity=0.025 | INDIVIDUALS: n=200, avg_genome_length=5.4
2021-12-07 17:18:36.366839 | GENERATION: 287 | ERRORS: best=230, median=405.0, diversity=0.025 | INDIVIDUALS: n=200, avg_genome_length=6.09
2021-12-07 17:18:36.847410 | GENERATION: 288 | ERRORS: best=230, median=405.0, diversity=0.03 | INDIVIDUALS: n=200, avg_genome_length=5.72
2021-12-07 17:18:37.634174 | GENERATION: 289 | ERRORS: best=230, median=405.0, diversity=0.035 | INDIVIDUALS: n=200, avg_genome_length=6.645
2021-12-07 17:18:38.152191 | GENERATION: 290 | ERRORS: best=230, median=405.0, diversity=0.035 | INDIVIDUALS: n=200, avg_genome_length=6.85
2021-12-07 17:18:38.660960 | GENERATION: 291 | ERRORS: best=230, median=405.0, diversity=0.04 | INDIVIDUALS: n=200, avg_genome_length=6.57
2021-12-07 17:18:39.108181 | GENERATION: 292 | ERRORS: best=230, median=405.0, diversity=0.03 | INDIVIDUALS: n=200, avg_genome_length=6.325
2021-12-07 17:18:39.635504 | GENERATION: 293 | ERRORS: best=230, median=405.0, diversity=0.04 | INDIVIDUALS: n=200, avg_genome_length=6.76
2021-12-07 17:18:40.165702 | GENERATION: 294 | ERRORS: best=230, median=405.0, diversity=0.055 | INDIVIDUALS: n=200, avg_genome_length=6.91
2021-12-07 17:18:40.700580 | GENERATION: 295 | ERRORS: best=230, median=405.0, diversity=0.035 | INDIVIDUALS: n=200, avg_genome_length=7.155
2021-12-07 17:18:41.264402 | GENERATION: 296 | ERRORS: best=230, median=405.0, diversity=0.045 | INDIVIDUALS: n=200, avg_genome_length=6.715
2021-12-07 17:18:41.776495 | GENERATION: 297 | ERRORS: best=230, median=405.0, diversity=0.065 | INDIVIDUALS: n=200, avg_genome_length=6.26
2021-12-07 17:18:42.285204 | GENERATION: 298 | ERRORS: best=230, median=405.0, diversity=0.06 | INDIVIDUALS: n=200, avg_genome_length=5.915
2021-12-07 17:18:42.782496 | GENERATION: 299 | ERRORS: best=230, median=405.0, diversity=0.05 | INDIVIDUALS: n=200, avg_genome_length=5.75
2021-12-07 17:18:43.272167 | GENERATION: 300 | ERRORS: best=230, median=405.0, diversity=0.05 | INDIVIDUALS: n=200, avg_genome_length=5.235
Simplifying genome of length 17 with total error 143.
Simplified genome by 2 to length 15.
Simplified genome by 2 to length 13.
Simplified genome by 1 to length 12.
Simplified genome by 2 to length 10.
Simplified genome by 2 to length 8.
Simplified genome by 1 to length 7.
Simplified genome by 1 to length 6.
Simplified genome to length 6 and total error 143.
========================================
End Run
========================================
No solution found.
Best Seen Individual
	Genome:
	 pvector([Literal(value='large', push_type=<pyshgp.push.types.PushStrType object at 0x7f1619fc2220>), InstructionMeta(name='str_but_last', code_blocks=0), Input(input_index=0), InstructionMeta(name='exec_yank', code_blocks=0), Literal(value='small', push_type=<pyshgp.push.types.PushStrType object at 0x7f1619fc2ca0>), InstructionMeta(name='print_str', code_blocks=0)])
	Program:
	 ("large" str_but_last input_0 exec_yank "small" print_str)
	Error vector:
	 [0 4 0 4 0 0 0 0 1 1 1 1 0 4 4 1 0 1 0 4 1 1 0 4 0 4 0 1 0 4 4 0 4 0 0 4 1
 1 0 1 4 1 1 4 0 1 4 1 0 0 0 0 0 1 0 4 4 4 4 0 0 0 0 0 0 0 4 4 4 4 1 0 0 4
 1 4 0 1 0 0 0 1 1 1 0 1 4 0 1 4 0 0 4 1 4 4 0 1 0 0]
	Total error:
	 143
	Test error:
	 786
	Time:
	 00:04:33
