Included 27 edge cases.
Included 73 random cases.
Included 100 cases in total.
Finished formatting.
Included 0 edge cases.
Included 1000 random cases.
Included 1000 cases in total.
Finished formatting.
========================================
Setup
========================================
Search Configuration:
signature: ProgramSignature(arity=1, output_stacks=['stdout'], push_config=PushConfig(collection_size_cap=1000, numeric_magnitude_limit=1000000000000.0, growth_cap=500, runtime_limit=10, step_limit=300))
evaluator: <pyshgp.gp.evaluation.DatasetEvaluator object at 0x7f3cfba0eee0>
spawner: <pyshgp.gp.genome.GeneSpawner object at 0x7f3cfba0e820>
population_size: 200
max_generations: 300
error_threshold: 0.0
initial_genome_size: (20, 100)
simplification_steps: 500
parallel_context: <pyshgp.gp.search.ParallelContext object at 0x7f3cf96c9340>
selection: <pyshgp.utils.DiscreteProbDistrib object at 0x7f3cf97d4180>
variation: <pyshgp.utils.DiscreteProbDistrib object at 0x7f3cf97de780>
Instructions:
int_add, int_sub, int_mult, int_div, int_mod, int_min, int_max, int_inc, int_dec, int_lt, int_lte, int_gt, int_gte, int_from_bool, str_concat, str_insert_str, str_from_first_char, str_from_last_char, str_from_nth_char, str_contains_str, str_index_of_str, str_split_on_str, str_replace_first_str, str_replace_n_str, str_replace_all_str, str_remove_first_str, str_remove_n_str, str_remove_all_str, str_occurrences_of_str, str_reverse, str_head, str_tail, str_rest, str_but_last, str_drop, str_but_last_n, str_length, str_make_empty, str_is_empty_string, str_remove_nth, str_strip_whitespace, str_from_bool, str_from_int, bool_and, bool_or, bool_not, bool_xor, bool_invert_first_then_and, bool_second_first_then_and, bool_from_int, noop, noop_open, exec_do_range, exec_do_count, exec_while, exec_do_while, exec_if, exec_when, print_bool, println_bool, print_int, println_int, print_str, println_str, print_exec, println_exec, bool_pop, bool_dup, bool_dup_times, bool_swap, bool_rot, bool_flush, bool_eq, bool_stack_depth, bool_yank, bool_yank_dup, bool_shove, bool_shove_dup, bool_is_empty, int_pop, int_dup, int_dup_times, int_swap, int_rot, int_flush, int_eq, int_stack_depth, int_yank, int_yank_dup, int_shove, int_shove_dup, int_is_empty, str_pop, str_dup, str_dup_times, str_swap, str_rot, str_flush, str_eq, str_stack_depth, str_yank, str_yank_dup, str_shove, str_shove_dup, str_is_empty, exec_pop, exec_dup, exec_dup_times, exec_swap, exec_rot, exec_flush, exec_eq, exec_stack_depth, exec_yank, exec_yank_dup, exec_shove, exec_shove_dup, exec_is_empty
Literals:
[Literal(value='small', push_type=<pyshgp.push.types.PushStrType object at 0x7f3cfbb56bb0>), Literal(value='large', push_type=<pyshgp.push.types.PushStrType object at 0x7f3cfbb56bb0>)]
ERC Generators:
[<function rand_int at 0x7f3cf9712670>]
========================================
Start Run
========================================
2021-12-22 21:05:56.703902 | GENERATION: 1 | ERRORS: best=370, median=2586.5, diversity=0.045 | INDIVIDUALS: n=200, avg_genome_length=67.06 | VIRUSES: gene_rate=0.000
2021-12-22 21:05:57.981200 | GENERATION: 2 | ERRORS: best=280, median=401.0, diversity=0.16 | INDIVIDUALS: n=200, avg_genome_length=53.24 | VIRUSES: gene_rate=0.019
2021-12-22 21:05:59.506280 | GENERATION: 3 | ERRORS: best=280, median=349.0, diversity=0.185 | INDIVIDUALS: n=200, avg_genome_length=47.035 | VIRUSES: gene_rate=0.065
2021-12-22 21:06:06.342744 | GENERATION: 4 | ERRORS: best=220, median=435.0, diversity=0.215 | INDIVIDUALS: n=200, avg_genome_length=46.785 | VIRUSES: gene_rate=0.083
2021-12-22 21:06:08.735953 | GENERATION: 5 | ERRORS: best=220, median=369.0, diversity=0.275 | INDIVIDUALS: n=200, avg_genome_length=53.965 | VIRUSES: gene_rate=0.106
2021-12-22 21:06:12.076300 | GENERATION: 6 | ERRORS: best=215, median=300.5, diversity=0.28 | INDIVIDUALS: n=200, avg_genome_length=53.485 | VIRUSES: gene_rate=0.117
2021-12-22 21:06:14.045503 | GENERATION: 7 | ERRORS: best=215, median=435.0, diversity=0.285 | INDIVIDUALS: n=200, avg_genome_length=51.775 | VIRUSES: gene_rate=0.135
2021-12-22 21:06:16.122202 | GENERATION: 8 | ERRORS: best=65, median=435.0, diversity=0.325 | INDIVIDUALS: n=200, avg_genome_length=52.185 | VIRUSES: gene_rate=0.143
2021-12-22 21:06:18.455918 | GENERATION: 9 | ERRORS: best=65, median=285.0, diversity=0.225 | INDIVIDUALS: n=200, avg_genome_length=55.85 | VIRUSES: gene_rate=0.135
2021-12-22 21:06:21.001935 | GENERATION: 10 | ERRORS: best=65, median=285.0, diversity=0.195 | INDIVIDUALS: n=200, avg_genome_length=55.02 | VIRUSES: gene_rate=0.142
2021-12-22 21:06:23.916132 | GENERATION: 11 | ERRORS: best=65, median=285.0, diversity=0.255 | INDIVIDUALS: n=200, avg_genome_length=54.535 | VIRUSES: gene_rate=0.148
2021-12-22 21:06:26.323054 | GENERATION: 12 | ERRORS: best=65, median=295.5, diversity=0.32 | INDIVIDUALS: n=200, avg_genome_length=50.43 | VIRUSES: gene_rate=0.165
Simplifying genome of length 44 with total error 0.
Simplified genome by 2 to length 42.
Simplified genome by 2 to length 40.
Simplified genome by 2 to length 38.
Simplified genome by 1 to length 37.
Simplified genome by 1 to length 36.
Simplified genome by 2 to length 34.
Simplified genome by 3 to length 31.
Simplified genome by 1 to length 30.
Simplified genome by 2 to length 28.
Simplified genome by 1 to length 27.
Simplified genome by 2 to length 25.
Simplified genome by 1 to length 24.
Simplified genome by 1 to length 23.
Simplified genome by 2 to length 21.
Simplified genome by 1 to length 20.
Simplified genome by 1 to length 19.
Simplified genome by 1 to length 18.
Simplified genome by 1 to length 17.
Simplified genome by 1 to length 16.
Simplified genome to length 16 and total error 0.
========================================
End Run
========================================
Solution found.
Best Seen Individual
	Genome:
	 pvector([VirusInput(input_index=0), VirusLiteral(value=2000, push_type=<pyshgp.push.types.PushIntType object at 0x7f3cf9570910>), VirusInstructionMeta(name='int_gte', code_blocks=0), InstructionMeta(name='exec_when', code_blocks=1), VirusLiteral(value='large', push_type=<pyshgp.push.types.PushStrType object at 0x7f3cf9570190>), VirusInstructionMeta(name='print_str', code_blocks=0), Closer(), VirusInput(input_index=0), VirusLiteral(value=1000, push_type=<pyshgp.push.types.PushIntType object at 0x7f3cf9570490>), VirusInstructionMeta(name='int_lt', code_blocks=0), InstructionMeta(name='bool_not', code_blocks=0), InstructionMeta(name='exec_while', code_blocks=1), InstructionMeta(name='int_is_empty', code_blocks=0), Closer(), VirusLiteral(value='small', push_type=<pyshgp.push.types.PushStrType object at 0x7f3cf9570250>), VirusInstructionMeta(name='print_str', code_blocks=0)])
	Program:
	 (vinput_0 v2000 vint_gte exec_when (v"large" vprint_str) vinput_0 v1000 vint_lt bool_not exec_while (int_is_empty) v"small" vprint_str)
	Error vector:
	 [0 0 0 0 0 0 0 0 0 0 0 0 0 0 0 0 0 0 0 0 0 0 0 0 0 0 0 0 0 0 0 0 0 0 0 0 0
 0 0 0 0 0 0 0 0 0 0 0 0 0 0 0 0 0 0 0 0 0 0 0 0 0 0 0 0 0 0 0 0 0 0 0 0 0
 0 0 0 0 0 0 0 0 0 0 0 0 0 0 0 0 0 0 0 0 0 0 0 0 0 0]
	Total error:
	 0
	Test error:
	 0
	Time:
	 00:01:23
