Included 27 edge cases.
Included 73 random cases.
Included 100 cases in total.
Finished formatting.
Included 0 edge cases.
Included 1000 random cases.
Included 1000 cases in total.
Finished formatting.
========================================
Setup
========================================
Search Configuration:
signature: ProgramSignature(arity=1, push_config=PushConfig(step_limit=300, numeric_magnitude_limit=1000000000000.0, growth_cap=500, runtime_limit=10, collection_size_cap=1000), output_stacks=['stdout'])
evaluator: <pyshgp.gp.evaluation.DatasetEvaluator object at 0x7f248e8a90a0>
spawner: <pyshgp.gp.genome.GeneSpawner object at 0x7f2490b36a30>
population_size: 200
max_generations: 300
error_threshold: 0.0
initial_genome_size: (20, 100)
simplification_steps: 500
parallel_context: <pyshgp.gp.search.ParallelContext object at 0x7f248e8a9280>
selection: <pyshgp.utils.DiscreteProbDistrib object at 0x7f248e9390c0>
variation: <pyshgp.utils.DiscreteProbDistrib object at 0x7f248e79c240>
Instructions:
int_add, int_sub, int_mult, int_div, int_mod, int_min, int_max, int_inc, int_dec, int_lt, int_lte, int_gt, int_gte, int_from_bool, str_concat, str_insert_str, str_from_first_char, str_from_last_char, str_from_nth_char, str_contains_str, str_index_of_str, str_split_on_str, str_replace_first_str, str_replace_n_str, str_replace_all_str, str_remove_first_str, str_remove_n_str, str_remove_all_str, str_occurrences_of_str, str_reverse, str_head, str_tail, str_rest, str_but_last, str_drop, str_but_last_n, str_length, str_make_empty, str_is_empty_string, str_remove_nth, str_strip_whitespace, str_from_bool, str_from_int, bool_and, bool_or, bool_not, bool_xor, bool_invert_first_then_and, bool_second_first_then_and, bool_from_int, noop, noop_open, exec_do_range, exec_do_count, exec_while, exec_do_while, exec_if, exec_when, print_bool, println_bool, print_int, println_int, print_str, println_str, print_exec, println_exec, bool_pop, bool_dup, bool_dup_times, bool_swap, bool_rot, bool_flush, bool_eq, bool_stack_depth, bool_yank, bool_yank_dup, bool_shove, bool_shove_dup, bool_is_empty, int_pop, int_dup, int_dup_times, int_swap, int_rot, int_flush, int_eq, int_stack_depth, int_yank, int_yank_dup, int_shove, int_shove_dup, int_is_empty, str_pop, str_dup, str_dup_times, str_swap, str_rot, str_flush, str_eq, str_stack_depth, str_yank, str_yank_dup, str_shove, str_shove_dup, str_is_empty, exec_pop, exec_dup, exec_dup_times, exec_swap, exec_rot, exec_flush, exec_eq, exec_stack_depth, exec_yank, exec_yank_dup, exec_shove, exec_shove_dup, exec_is_empty
Literals:
[Literal(value='small', push_type=<pyshgp.push.types.PushStrType object at 0x7f2490c89730>), Literal(value='large', push_type=<pyshgp.push.types.PushStrType object at 0x7f2490c89730>)]
ERC Generators:
[<function rand_int at 0x7f2490b3ff70>]
========================================
Start Run
========================================
2021-12-07 15:03:23.088362 | GENERATION: 1 | ERRORS: best=250, median=425.0, diversity=0.03 | INDIVIDUALS: n=200, avg_genome_length=52.015
2021-12-07 15:03:24.702525 | GENERATION: 2 | ERRORS: best=250, median=400.0, diversity=0.22 | INDIVIDUALS: n=200, avg_genome_length=54.135
2021-12-07 15:03:26.158514 | GENERATION: 3 | ERRORS: best=250, median=345.0, diversity=0.22 | INDIVIDUALS: n=200, avg_genome_length=54.465
2021-12-07 15:03:27.802499 | GENERATION: 4 | ERRORS: best=250, median=340.0, diversity=0.195 | INDIVIDUALS: n=200, avg_genome_length=54.58
2021-12-07 15:03:29.526841 | GENERATION: 5 | ERRORS: best=250, median=325.0, diversity=0.195 | INDIVIDUALS: n=200, avg_genome_length=55.335
2021-12-07 15:03:31.190163 | GENERATION: 6 | ERRORS: best=250, median=325.0, diversity=0.205 | INDIVIDUALS: n=200, avg_genome_length=55.15
2021-12-07 15:03:32.923285 | GENERATION: 7 | ERRORS: best=250, median=325.0, diversity=0.19 | INDIVIDUALS: n=200, avg_genome_length=56.71
2021-12-07 15:03:34.872884 | GENERATION: 8 | ERRORS: best=250, median=325.0, diversity=0.215 | INDIVIDUALS: n=200, avg_genome_length=57.215
2021-12-07 15:03:36.627822 | GENERATION: 9 | ERRORS: best=250, median=375.5, diversity=0.215 | INDIVIDUALS: n=200, avg_genome_length=56.88
2021-12-07 15:03:38.776282 | GENERATION: 10 | ERRORS: best=250, median=385.0, diversity=0.255 | INDIVIDUALS: n=200, avg_genome_length=56.285
2021-12-07 15:03:40.408319 | GENERATION: 11 | ERRORS: best=225, median=325.0, diversity=0.17 | INDIVIDUALS: n=200, avg_genome_length=55.335
2021-12-07 15:03:41.918503 | GENERATION: 12 | ERRORS: best=220, median=325.0, diversity=0.205 | INDIVIDUALS: n=200, avg_genome_length=53.805
2021-12-07 15:03:43.776457 | GENERATION: 13 | ERRORS: best=220, median=405.0, diversity=0.275 | INDIVIDUALS: n=200, avg_genome_length=54.63
2021-12-07 15:03:45.764570 | GENERATION: 14 | ERRORS: best=220, median=425.0, diversity=0.305 | INDIVIDUALS: n=200, avg_genome_length=54.935
2021-12-07 15:03:47.529648 | GENERATION: 15 | ERRORS: best=220, median=375.0, diversity=0.25 | INDIVIDUALS: n=200, avg_genome_length=52.675
2021-12-07 15:03:49.436709 | GENERATION: 16 | ERRORS: best=220, median=325.0, diversity=0.285 | INDIVIDUALS: n=200, avg_genome_length=52.555
2021-12-07 15:03:51.213290 | GENERATION: 17 | ERRORS: best=215, median=425.0, diversity=0.325 | INDIVIDUALS: n=200, avg_genome_length=52.955
2021-12-07 15:03:53.161699 | GENERATION: 18 | ERRORS: best=215, median=380.0, diversity=0.265 | INDIVIDUALS: n=200, avg_genome_length=53.6
2021-12-07 15:03:55.008636 | GENERATION: 19 | ERRORS: best=215, median=425.0, diversity=0.285 | INDIVIDUALS: n=200, avg_genome_length=52.865
2021-12-07 15:03:56.710681 | GENERATION: 20 | ERRORS: best=215, median=325.0, diversity=0.27 | INDIVIDUALS: n=200, avg_genome_length=52.84
2021-12-07 15:03:58.622203 | GENERATION: 21 | ERRORS: best=215, median=325.0, diversity=0.285 | INDIVIDUALS: n=200, avg_genome_length=52.02
2021-12-07 15:04:00.474650 | GENERATION: 22 | ERRORS: best=215, median=412.5, diversity=0.29 | INDIVIDUALS: n=200, avg_genome_length=53.005
2021-12-07 15:04:02.248050 | GENERATION: 23 | ERRORS: best=215, median=422.5, diversity=0.275 | INDIVIDUALS: n=200, avg_genome_length=53.075
2021-12-07 15:04:12.492771 | GENERATION: 24 | ERRORS: best=215, median=380.0, diversity=0.29 | INDIVIDUALS: n=200, avg_genome_length=53.49
2021-12-07 15:04:14.245426 | GENERATION: 25 | ERRORS: best=125, median=335.0, diversity=0.245 | INDIVIDUALS: n=200, avg_genome_length=55.165
2021-12-07 15:04:16.960513 | GENERATION: 26 | ERRORS: best=125, median=425.0, diversity=0.335 | INDIVIDUALS: n=200, avg_genome_length=61.495
2021-12-07 15:04:19.269225 | GENERATION: 27 | ERRORS: best=125, median=425.0, diversity=0.275 | INDIVIDUALS: n=200, avg_genome_length=61.445
2021-12-07 15:04:21.681745 | GENERATION: 28 | ERRORS: best=125, median=425.0, diversity=0.255 | INDIVIDUALS: n=200, avg_genome_length=60.79
2021-12-07 15:04:24.168782 | GENERATION: 29 | ERRORS: best=125, median=425.0, diversity=0.305 | INDIVIDUALS: n=200, avg_genome_length=59.3
2021-12-07 15:04:26.346479 | GENERATION: 30 | ERRORS: best=125, median=425.0, diversity=0.265 | INDIVIDUALS: n=200, avg_genome_length=62.425
2021-12-07 15:04:28.596839 | GENERATION: 31 | ERRORS: best=125, median=425.0, diversity=0.31 | INDIVIDUALS: n=200, avg_genome_length=61.91
2021-12-07 15:04:30.793593 | GENERATION: 32 | ERRORS: best=125, median=425.0, diversity=0.29 | INDIVIDUALS: n=200, avg_genome_length=59.945
2021-12-07 15:04:33.116888 | GENERATION: 33 | ERRORS: best=125, median=325.0, diversity=0.29 | INDIVIDUALS: n=200, avg_genome_length=58.285
2021-12-07 15:04:35.136318 | GENERATION: 34 | ERRORS: best=125, median=294.5, diversity=0.27 | INDIVIDUALS: n=200, avg_genome_length=58.025
2021-12-07 15:04:37.213361 | GENERATION: 35 | ERRORS: best=125, median=320.0, diversity=0.215 | INDIVIDUALS: n=200, avg_genome_length=54.59
2021-12-07 15:04:39.131686 | GENERATION: 36 | ERRORS: best=125, median=325.0, diversity=0.215 | INDIVIDUALS: n=200, avg_genome_length=54.295
2021-12-07 15:04:41.195423 | GENERATION: 37 | ERRORS: best=125, median=325.0, diversity=0.26 | INDIVIDUALS: n=200, avg_genome_length=53.955
2021-12-07 15:04:43.240016 | GENERATION: 38 | ERRORS: best=125, median=340.0, diversity=0.265 | INDIVIDUALS: n=200, avg_genome_length=53.505
2021-12-07 15:04:45.116221 | GENERATION: 39 | ERRORS: best=125, median=325.0, diversity=0.265 | INDIVIDUALS: n=200, avg_genome_length=51.265
2021-12-07 15:04:47.130940 | GENERATION: 40 | ERRORS: best=125, median=250.0, diversity=0.275 | INDIVIDUALS: n=200, avg_genome_length=52.61
2021-12-07 15:04:49.403630 | GENERATION: 41 | ERRORS: best=125, median=355.0, diversity=0.31 | INDIVIDUALS: n=200, avg_genome_length=51.5
2021-12-07 15:04:51.427868 | GENERATION: 42 | ERRORS: best=125, median=250.0, diversity=0.235 | INDIVIDUALS: n=200, avg_genome_length=52.325
2021-12-07 15:04:53.544651 | GENERATION: 43 | ERRORS: best=125, median=315.0, diversity=0.235 | INDIVIDUALS: n=200, avg_genome_length=50.155
2021-12-07 15:04:56.068820 | GENERATION: 44 | ERRORS: best=125, median=325.0, diversity=0.285 | INDIVIDUALS: n=200, avg_genome_length=52.71
2021-12-07 15:04:58.089398 | GENERATION: 45 | ERRORS: best=125, median=250.0, diversity=0.195 | INDIVIDUALS: n=200, avg_genome_length=50.155
2021-12-07 15:05:00.041623 | GENERATION: 46 | ERRORS: best=125, median=250.0, diversity=0.235 | INDIVIDUALS: n=200, avg_genome_length=49.215
2021-12-07 15:05:01.913746 | GENERATION: 47 | ERRORS: best=125, median=304.0, diversity=0.21 | INDIVIDUALS: n=200, avg_genome_length=50.415
2021-12-07 15:05:03.982727 | GENERATION: 48 | ERRORS: best=125, median=250.0, diversity=0.23 | INDIVIDUALS: n=200, avg_genome_length=48.295
2021-12-07 15:05:05.804210 | GENERATION: 49 | ERRORS: best=125, median=325.0, diversity=0.28 | INDIVIDUALS: n=200, avg_genome_length=48.1
2021-12-07 15:05:07.535700 | GENERATION: 50 | ERRORS: best=125, median=250.0, diversity=0.225 | INDIVIDUALS: n=200, avg_genome_length=48.28
2021-12-07 15:05:09.292942 | GENERATION: 51 | ERRORS: best=125, median=250.0, diversity=0.2 | INDIVIDUALS: n=200, avg_genome_length=47.67
2021-12-07 15:05:11.301019 | GENERATION: 52 | ERRORS: best=125, median=250.0, diversity=0.215 | INDIVIDUALS: n=200, avg_genome_length=47.59
2021-12-07 15:05:13.051141 | GENERATION: 53 | ERRORS: best=125, median=250.0, diversity=0.245 | INDIVIDUALS: n=200, avg_genome_length=47.03
2021-12-07 15:05:15.123621 | GENERATION: 54 | ERRORS: best=125, median=250.0, diversity=0.245 | INDIVIDUALS: n=200, avg_genome_length=47.255
2021-12-07 15:05:16.827219 | GENERATION: 55 | ERRORS: best=125, median=250.0, diversity=0.19 | INDIVIDUALS: n=200, avg_genome_length=44.105
2021-12-07 15:05:18.418988 | GENERATION: 56 | ERRORS: best=125, median=250.0, diversity=0.15 | INDIVIDUALS: n=200, avg_genome_length=41.56
2021-12-07 15:05:20.103438 | GENERATION: 57 | ERRORS: best=125, median=250.0, diversity=0.17 | INDIVIDUALS: n=200, avg_genome_length=40.025
2021-12-07 15:05:21.817062 | GENERATION: 58 | ERRORS: best=125, median=250.0, diversity=0.195 | INDIVIDUALS: n=200, avg_genome_length=40.725
2021-12-07 15:05:23.608845 | GENERATION: 59 | ERRORS: best=125, median=250.0, diversity=0.17 | INDIVIDUALS: n=200, avg_genome_length=40.31
2021-12-07 15:05:25.535598 | GENERATION: 60 | ERRORS: best=125, median=250.0, diversity=0.21 | INDIVIDUALS: n=200, avg_genome_length=41.555
2021-12-07 15:05:27.436116 | GENERATION: 61 | ERRORS: best=125, median=250.0, diversity=0.165 | INDIVIDUALS: n=200, avg_genome_length=42.245
2021-12-07 15:05:29.216760 | GENERATION: 62 | ERRORS: best=125, median=250.0, diversity=0.175 | INDIVIDUALS: n=200, avg_genome_length=39.54
2021-12-07 15:05:31.000728 | GENERATION: 63 | ERRORS: best=125, median=250.0, diversity=0.18 | INDIVIDUALS: n=200, avg_genome_length=37.68
2021-12-07 15:05:32.699444 | GENERATION: 64 | ERRORS: best=125, median=250.0, diversity=0.2 | INDIVIDUALS: n=200, avg_genome_length=36.84
2021-12-07 15:05:34.427283 | GENERATION: 65 | ERRORS: best=125, median=250.0, diversity=0.205 | INDIVIDUALS: n=200, avg_genome_length=36.045
2021-12-07 15:05:36.262884 | GENERATION: 66 | ERRORS: best=125, median=250.0, diversity=0.27 | INDIVIDUALS: n=200, avg_genome_length=35.095
2021-12-07 15:05:38.025416 | GENERATION: 67 | ERRORS: best=125, median=250.0, diversity=0.215 | INDIVIDUALS: n=200, avg_genome_length=35.225
2021-12-07 15:05:39.788841 | GENERATION: 68 | ERRORS: best=125, median=250.0, diversity=0.235 | INDIVIDUALS: n=200, avg_genome_length=35.675
2021-12-07 15:05:41.415149 | GENERATION: 69 | ERRORS: best=125, median=250.0, diversity=0.23 | INDIVIDUALS: n=200, avg_genome_length=34.38
2021-12-07 15:05:43.130452 | GENERATION: 70 | ERRORS: best=125, median=250.0, diversity=0.255 | INDIVIDUALS: n=200, avg_genome_length=35.345
2021-12-07 15:05:45.106158 | GENERATION: 71 | ERRORS: best=125, median=250.0, diversity=0.195 | INDIVIDUALS: n=200, avg_genome_length=35.375
2021-12-07 15:05:47.020498 | GENERATION: 72 | ERRORS: best=125, median=250.0, diversity=0.21 | INDIVIDUALS: n=200, avg_genome_length=35.76
2021-12-07 15:05:48.779291 | GENERATION: 73 | ERRORS: best=125, median=250.0, diversity=0.215 | INDIVIDUALS: n=200, avg_genome_length=35.755
2021-12-07 15:05:50.615565 | GENERATION: 74 | ERRORS: best=125, median=250.0, diversity=0.23 | INDIVIDUALS: n=200, avg_genome_length=35.21
2021-12-07 15:05:52.445141 | GENERATION: 75 | ERRORS: best=125, median=250.0, diversity=0.215 | INDIVIDUALS: n=200, avg_genome_length=37.29
2021-12-07 15:05:54.326705 | GENERATION: 76 | ERRORS: best=125, median=250.0, diversity=0.25 | INDIVIDUALS: n=200, avg_genome_length=38.675
2021-12-07 15:05:56.277693 | GENERATION: 77 | ERRORS: best=125, median=250.0, diversity=0.26 | INDIVIDUALS: n=200, avg_genome_length=38.24
2021-12-07 15:05:58.036377 | GENERATION: 78 | ERRORS: best=125, median=250.0, diversity=0.265 | INDIVIDUALS: n=200, avg_genome_length=39.0
2021-12-07 15:05:59.768608 | GENERATION: 79 | ERRORS: best=125, median=250.0, diversity=0.28 | INDIVIDUALS: n=200, avg_genome_length=39.37
2021-12-07 15:06:01.528142 | GENERATION: 80 | ERRORS: best=125, median=251.0, diversity=0.245 | INDIVIDUALS: n=200, avg_genome_length=39.51
2021-12-07 15:06:03.415483 | GENERATION: 81 | ERRORS: best=125, median=250.0, diversity=0.27 | INDIVIDUALS: n=200, avg_genome_length=38.61
2021-12-07 15:06:05.335416 | GENERATION: 82 | ERRORS: best=125, median=250.0, diversity=0.29 | INDIVIDUALS: n=200, avg_genome_length=38.06
2021-12-07 15:06:07.061680 | GENERATION: 83 | ERRORS: best=125, median=250.0, diversity=0.26 | INDIVIDUALS: n=200, avg_genome_length=38.2
2021-12-07 15:06:09.012133 | GENERATION: 84 | ERRORS: best=125, median=250.0, diversity=0.265 | INDIVIDUALS: n=200, avg_genome_length=37.625
2021-12-07 15:06:11.036312 | GENERATION: 85 | ERRORS: best=125, median=250.0, diversity=0.315 | INDIVIDUALS: n=200, avg_genome_length=37.99
2021-12-07 15:06:13.156079 | GENERATION: 86 | ERRORS: best=125, median=250.0, diversity=0.315 | INDIVIDUALS: n=200, avg_genome_length=37.935
2021-12-07 15:06:15.181254 | GENERATION: 87 | ERRORS: best=125, median=250.0, diversity=0.31 | INDIVIDUALS: n=200, avg_genome_length=38.605
2021-12-07 15:06:17.239085 | GENERATION: 88 | ERRORS: best=125, median=250.0, diversity=0.305 | INDIVIDUALS: n=200, avg_genome_length=39.96
2021-12-07 15:06:19.228300 | GENERATION: 89 | ERRORS: best=125, median=250.0, diversity=0.265 | INDIVIDUALS: n=200, avg_genome_length=40.105
2021-12-07 15:06:21.426957 | GENERATION: 90 | ERRORS: best=125, median=250.0, diversity=0.32 | INDIVIDUALS: n=200, avg_genome_length=38.61
2021-12-07 15:06:23.540772 | GENERATION: 91 | ERRORS: best=125, median=250.0, diversity=0.255 | INDIVIDUALS: n=200, avg_genome_length=39.595
2021-12-07 15:06:25.382874 | GENERATION: 92 | ERRORS: best=125, median=250.0, diversity=0.275 | INDIVIDUALS: n=200, avg_genome_length=39.34
2021-12-07 15:06:27.269231 | GENERATION: 93 | ERRORS: best=125, median=250.0, diversity=0.235 | INDIVIDUALS: n=200, avg_genome_length=37.995
2021-12-07 15:06:29.135022 | GENERATION: 94 | ERRORS: best=125, median=250.0, diversity=0.3 | INDIVIDUALS: n=200, avg_genome_length=36.825
2021-12-07 15:06:30.989437 | GENERATION: 95 | ERRORS: best=125, median=261.5, diversity=0.315 | INDIVIDUALS: n=200, avg_genome_length=37.235
2021-12-07 15:06:32.687567 | GENERATION: 96 | ERRORS: best=125, median=250.0, diversity=0.28 | INDIVIDUALS: n=200, avg_genome_length=37.36
2021-12-07 15:06:34.379259 | GENERATION: 97 | ERRORS: best=125, median=325.0, diversity=0.275 | INDIVIDUALS: n=200, avg_genome_length=38.665
2021-12-07 15:06:36.220680 | GENERATION: 98 | ERRORS: best=125, median=250.0, diversity=0.335 | INDIVIDUALS: n=200, avg_genome_length=36.275
2021-12-07 15:06:38.050938 | GENERATION: 99 | ERRORS: best=125, median=250.0, diversity=0.285 | INDIVIDUALS: n=200, avg_genome_length=35.485
2021-12-07 15:06:39.779900 | GENERATION: 100 | ERRORS: best=125, median=250.0, diversity=0.255 | INDIVIDUALS: n=200, avg_genome_length=36.57
2021-12-07 15:06:41.631460 | GENERATION: 101 | ERRORS: best=125, median=314.5, diversity=0.33 | INDIVIDUALS: n=200, avg_genome_length=37.77
2021-12-07 15:06:43.652536 | GENERATION: 102 | ERRORS: best=125, median=260.5, diversity=0.33 | INDIVIDUALS: n=200, avg_genome_length=37.295
2021-12-07 15:06:45.457940 | GENERATION: 103 | ERRORS: best=125, median=325.0, diversity=0.295 | INDIVIDUALS: n=200, avg_genome_length=37.925
2021-12-07 15:06:47.161089 | GENERATION: 104 | ERRORS: best=125, median=250.0, diversity=0.32 | INDIVIDUALS: n=200, avg_genome_length=37.035
2021-12-07 15:06:48.846461 | GENERATION: 105 | ERRORS: best=125, median=250.0, diversity=0.305 | INDIVIDUALS: n=200, avg_genome_length=38.065
2021-12-07 15:06:50.586311 | GENERATION: 106 | ERRORS: best=125, median=250.0, diversity=0.32 | INDIVIDUALS: n=200, avg_genome_length=37.73
2021-12-07 15:06:52.364601 | GENERATION: 107 | ERRORS: best=125, median=250.0, diversity=0.3 | INDIVIDUALS: n=200, avg_genome_length=38.19
2021-12-07 15:06:54.245972 | GENERATION: 108 | ERRORS: best=125, median=250.0, diversity=0.295 | INDIVIDUALS: n=200, avg_genome_length=39.615
2021-12-07 15:06:55.987887 | GENERATION: 109 | ERRORS: best=125, median=250.0, diversity=0.245 | INDIVIDUALS: n=200, avg_genome_length=40.45
2021-12-07 15:06:57.749361 | GENERATION: 110 | ERRORS: best=125, median=250.0, diversity=0.23 | INDIVIDUALS: n=200, avg_genome_length=40.685
2021-12-07 15:06:59.509855 | GENERATION: 111 | ERRORS: best=125, median=250.0, diversity=0.26 | INDIVIDUALS: n=200, avg_genome_length=40.435
2021-12-07 15:07:01.424095 | GENERATION: 112 | ERRORS: best=125, median=250.0, diversity=0.265 | INDIVIDUALS: n=200, avg_genome_length=41.375
2021-12-07 15:07:03.537039 | GENERATION: 113 | ERRORS: best=125, median=250.0, diversity=0.25 | INDIVIDUALS: n=200, avg_genome_length=40.84
2021-12-07 15:07:05.400900 | GENERATION: 114 | ERRORS: best=125, median=250.0, diversity=0.245 | INDIVIDUALS: n=200, avg_genome_length=40.785
2021-12-07 15:07:07.278756 | GENERATION: 115 | ERRORS: best=125, median=250.0, diversity=0.265 | INDIVIDUALS: n=200, avg_genome_length=39.77
2021-12-07 15:07:09.085304 | GENERATION: 116 | ERRORS: best=125, median=250.0, diversity=0.225 | INDIVIDUALS: n=200, avg_genome_length=39.495
2021-12-07 15:07:10.775668 | GENERATION: 117 | ERRORS: best=125, median=250.0, diversity=0.235 | INDIVIDUALS: n=200, avg_genome_length=38.94
2021-12-07 15:07:12.588297 | GENERATION: 118 | ERRORS: best=125, median=250.0, diversity=0.26 | INDIVIDUALS: n=200, avg_genome_length=40.57
2021-12-07 15:07:14.553891 | GENERATION: 119 | ERRORS: best=125, median=250.0, diversity=0.27 | INDIVIDUALS: n=200, avg_genome_length=41.305
2021-12-07 15:07:16.654980 | GENERATION: 120 | ERRORS: best=125, median=250.0, diversity=0.245 | INDIVIDUALS: n=200, avg_genome_length=41.045
2021-12-07 15:07:18.400093 | GENERATION: 121 | ERRORS: best=125, median=250.0, diversity=0.255 | INDIVIDUALS: n=200, avg_genome_length=41.52
2021-12-07 15:07:20.173361 | GENERATION: 122 | ERRORS: best=125, median=250.0, diversity=0.265 | INDIVIDUALS: n=200, avg_genome_length=41.22
2021-12-07 15:07:22.104043 | GENERATION: 123 | ERRORS: best=125, median=250.0, diversity=0.32 | INDIVIDUALS: n=200, avg_genome_length=42.515
2021-12-07 15:07:23.895016 | GENERATION: 124 | ERRORS: best=125, median=250.5, diversity=0.265 | INDIVIDUALS: n=200, avg_genome_length=43.165
2021-12-07 15:07:25.736003 | GENERATION: 125 | ERRORS: best=125, median=250.0, diversity=0.315 | INDIVIDUALS: n=200, avg_genome_length=43.61
2021-12-07 15:07:27.689894 | GENERATION: 126 | ERRORS: best=125, median=250.0, diversity=0.31 | INDIVIDUALS: n=200, avg_genome_length=44.3
2021-12-07 15:07:29.744297 | GENERATION: 127 | ERRORS: best=125, median=250.0, diversity=0.215 | INDIVIDUALS: n=200, avg_genome_length=45.285
2021-12-07 15:07:31.425355 | GENERATION: 128 | ERRORS: best=125, median=250.0, diversity=0.295 | INDIVIDUALS: n=200, avg_genome_length=46.345
2021-12-07 15:07:33.176635 | GENERATION: 129 | ERRORS: best=125, median=309.5, diversity=0.285 | INDIVIDUALS: n=200, avg_genome_length=48.195
2021-12-07 15:07:35.177963 | GENERATION: 130 | ERRORS: best=125, median=250.0, diversity=0.35 | INDIVIDUALS: n=200, avg_genome_length=48.1
2021-12-07 15:07:36.930947 | GENERATION: 131 | ERRORS: best=125, median=250.0, diversity=0.255 | INDIVIDUALS: n=200, avg_genome_length=47.965
2021-12-07 15:07:38.618459 | GENERATION: 132 | ERRORS: best=125, median=250.0, diversity=0.295 | INDIVIDUALS: n=200, avg_genome_length=46.43
2021-12-07 15:07:40.480329 | GENERATION: 133 | ERRORS: best=125, median=250.0, diversity=0.29 | INDIVIDUALS: n=200, avg_genome_length=46.77
2021-12-07 15:07:42.279753 | GENERATION: 134 | ERRORS: best=125, median=250.0, diversity=0.305 | INDIVIDUALS: n=200, avg_genome_length=45.66
2021-12-07 15:07:44.178473 | GENERATION: 135 | ERRORS: best=125, median=250.0, diversity=0.245 | INDIVIDUALS: n=200, avg_genome_length=44.545
2021-12-07 15:07:45.945119 | GENERATION: 136 | ERRORS: best=125, median=250.0, diversity=0.285 | INDIVIDUALS: n=200, avg_genome_length=42.495
2021-12-07 15:07:47.831644 | GENERATION: 137 | ERRORS: best=125, median=250.0, diversity=0.255 | INDIVIDUALS: n=200, avg_genome_length=42.935
2021-12-07 15:07:49.543825 | GENERATION: 138 | ERRORS: best=125, median=250.0, diversity=0.24 | INDIVIDUALS: n=200, avg_genome_length=41.045
2021-12-07 15:07:51.193914 | GENERATION: 139 | ERRORS: best=125, median=250.0, diversity=0.22 | INDIVIDUALS: n=200, avg_genome_length=40.63
2021-12-07 15:07:52.760498 | GENERATION: 140 | ERRORS: best=125, median=250.0, diversity=0.18 | INDIVIDUALS: n=200, avg_genome_length=40.03
2021-12-07 15:07:54.351435 | GENERATION: 141 | ERRORS: best=125, median=250.0, diversity=0.24 | INDIVIDUALS: n=200, avg_genome_length=41.375
2021-12-07 15:07:56.211373 | GENERATION: 142 | ERRORS: best=125, median=250.0, diversity=0.24 | INDIVIDUALS: n=200, avg_genome_length=40.73
2021-12-07 15:07:58.159818 | GENERATION: 143 | ERRORS: best=125, median=250.0, diversity=0.23 | INDIVIDUALS: n=200, avg_genome_length=40.535
2021-12-07 15:08:00.276408 | GENERATION: 144 | ERRORS: best=125, median=250.0, diversity=0.305 | INDIVIDUALS: n=200, avg_genome_length=39.8
2021-12-07 15:08:02.143330 | GENERATION: 145 | ERRORS: best=125, median=250.0, diversity=0.24 | INDIVIDUALS: n=200, avg_genome_length=38.79
2021-12-07 15:08:03.940360 | GENERATION: 146 | ERRORS: best=125, median=250.0, diversity=0.255 | INDIVIDUALS: n=200, avg_genome_length=38.02
2021-12-07 15:08:06.302126 | GENERATION: 147 | ERRORS: best=125, median=250.0, diversity=0.22 | INDIVIDUALS: n=200, avg_genome_length=39.75
2021-12-07 15:08:08.199043 | GENERATION: 148 | ERRORS: best=125, median=250.0, diversity=0.255 | INDIVIDUALS: n=200, avg_genome_length=39.08
2021-12-07 15:08:09.958861 | GENERATION: 149 | ERRORS: best=125, median=250.0, diversity=0.24 | INDIVIDUALS: n=200, avg_genome_length=38.705
2021-12-07 15:08:11.871217 | GENERATION: 150 | ERRORS: best=125, median=250.0, diversity=0.255 | INDIVIDUALS: n=200, avg_genome_length=37.355
2021-12-07 15:08:13.581327 | GENERATION: 151 | ERRORS: best=125, median=250.0, diversity=0.24 | INDIVIDUALS: n=200, avg_genome_length=37.415
2021-12-07 15:08:15.492209 | GENERATION: 152 | ERRORS: best=125, median=250.0, diversity=0.28 | INDIVIDUALS: n=200, avg_genome_length=36.745
2021-12-07 15:08:17.403233 | GENERATION: 153 | ERRORS: best=125, median=250.0, diversity=0.27 | INDIVIDUALS: n=200, avg_genome_length=37.875
2021-12-07 15:08:19.290359 | GENERATION: 154 | ERRORS: best=125, median=250.0, diversity=0.29 | INDIVIDUALS: n=200, avg_genome_length=36.405
2021-12-07 15:08:21.286607 | GENERATION: 155 | ERRORS: best=125, median=250.0, diversity=0.265 | INDIVIDUALS: n=200, avg_genome_length=35.685
2021-12-07 15:08:22.968067 | GENERATION: 156 | ERRORS: best=125, median=250.0, diversity=0.23 | INDIVIDUALS: n=200, avg_genome_length=35.445
2021-12-07 15:08:24.720854 | GENERATION: 157 | ERRORS: best=125, median=250.0, diversity=0.26 | INDIVIDUALS: n=200, avg_genome_length=35.61
2021-12-07 15:08:26.282286 | GENERATION: 158 | ERRORS: best=125, median=250.0, diversity=0.245 | INDIVIDUALS: n=200, avg_genome_length=37.055
2021-12-07 15:08:28.066178 | GENERATION: 159 | ERRORS: best=125, median=250.0, diversity=0.29 | INDIVIDUALS: n=200, avg_genome_length=36.31
2021-12-07 15:08:29.765441 | GENERATION: 160 | ERRORS: best=125, median=250.0, diversity=0.205 | INDIVIDUALS: n=200, avg_genome_length=35.52
2021-12-07 15:08:31.499963 | GENERATION: 161 | ERRORS: best=125, median=250.0, diversity=0.26 | INDIVIDUALS: n=200, avg_genome_length=34.84
2021-12-07 15:08:33.139851 | GENERATION: 162 | ERRORS: best=125, median=250.0, diversity=0.255 | INDIVIDUALS: n=200, avg_genome_length=34.37
2021-12-07 15:08:35.032563 | GENERATION: 163 | ERRORS: best=125, median=250.0, diversity=0.245 | INDIVIDUALS: n=200, avg_genome_length=33.775
2021-12-07 15:08:36.737664 | GENERATION: 164 | ERRORS: best=125, median=250.0, diversity=0.215 | INDIVIDUALS: n=200, avg_genome_length=33.855
2021-12-07 15:08:38.350663 | GENERATION: 165 | ERRORS: best=125, median=250.0, diversity=0.225 | INDIVIDUALS: n=200, avg_genome_length=32.595
2021-12-07 15:08:40.065924 | GENERATION: 166 | ERRORS: best=125, median=250.0, diversity=0.225 | INDIVIDUALS: n=200, avg_genome_length=32.815
2021-12-07 15:08:41.692901 | GENERATION: 167 | ERRORS: best=125, median=250.0, diversity=0.255 | INDIVIDUALS: n=200, avg_genome_length=32.36
2021-12-07 15:08:43.237578 | GENERATION: 168 | ERRORS: best=125, median=250.0, diversity=0.25 | INDIVIDUALS: n=200, avg_genome_length=31.47
2021-12-07 15:08:44.881278 | GENERATION: 169 | ERRORS: best=125, median=250.0, diversity=0.28 | INDIVIDUALS: n=200, avg_genome_length=31.02
2021-12-07 15:08:46.410647 | GENERATION: 170 | ERRORS: best=125, median=250.0, diversity=0.235 | INDIVIDUALS: n=200, avg_genome_length=31.515
2021-12-07 15:08:48.420854 | GENERATION: 171 | ERRORS: best=125, median=250.0, diversity=0.215 | INDIVIDUALS: n=200, avg_genome_length=30.86
2021-12-07 15:08:49.907505 | GENERATION: 172 | ERRORS: best=125, median=250.0, diversity=0.235 | INDIVIDUALS: n=200, avg_genome_length=28.85
2021-12-07 15:08:51.461527 | GENERATION: 173 | ERRORS: best=125, median=250.0, diversity=0.285 | INDIVIDUALS: n=200, avg_genome_length=27.915
2021-12-07 15:08:52.823385 | GENERATION: 174 | ERRORS: best=125, median=250.0, diversity=0.19 | INDIVIDUALS: n=200, avg_genome_length=28.74
2021-12-07 15:08:54.275797 | GENERATION: 175 | ERRORS: best=125, median=250.0, diversity=0.24 | INDIVIDUALS: n=200, avg_genome_length=28.745
2021-12-07 15:08:55.865750 | GENERATION: 176 | ERRORS: best=125, median=250.0, diversity=0.245 | INDIVIDUALS: n=200, avg_genome_length=30.54
2021-12-07 15:08:57.239494 | GENERATION: 177 | ERRORS: best=125, median=250.0, diversity=0.21 | INDIVIDUALS: n=200, avg_genome_length=29.09
2021-12-07 15:08:58.989307 | GENERATION: 178 | ERRORS: best=125, median=250.0, diversity=0.25 | INDIVIDUALS: n=200, avg_genome_length=30.165
2021-12-07 15:09:00.460551 | GENERATION: 179 | ERRORS: best=125, median=250.0, diversity=0.2 | INDIVIDUALS: n=200, avg_genome_length=27.73
2021-12-07 15:09:01.940000 | GENERATION: 180 | ERRORS: best=125, median=220.0, diversity=0.19 | INDIVIDUALS: n=200, avg_genome_length=26.14
2021-12-07 15:09:03.287278 | GENERATION: 181 | ERRORS: best=125, median=225.0, diversity=0.205 | INDIVIDUALS: n=200, avg_genome_length=25.25
2021-12-07 15:09:04.708094 | GENERATION: 182 | ERRORS: best=125, median=250.0, diversity=0.21 | INDIVIDUALS: n=200, avg_genome_length=26.825
2021-12-07 15:09:06.145454 | GENERATION: 183 | ERRORS: best=125, median=250.0, diversity=0.22 | INDIVIDUALS: n=200, avg_genome_length=26.805
2021-12-07 15:09:07.581414 | GENERATION: 184 | ERRORS: best=125, median=237.5, diversity=0.205 | INDIVIDUALS: n=200, avg_genome_length=24.675
2021-12-07 15:09:09.588774 | GENERATION: 185 | ERRORS: best=125, median=250.0, diversity=0.21 | INDIVIDUALS: n=200, avg_genome_length=24.295
2021-12-07 15:09:11.114954 | GENERATION: 186 | ERRORS: best=125, median=250.0, diversity=0.235 | INDIVIDUALS: n=200, avg_genome_length=24.41
2021-12-07 15:09:12.743429 | GENERATION: 187 | ERRORS: best=125, median=250.0, diversity=0.21 | INDIVIDUALS: n=200, avg_genome_length=24.34
2021-12-07 15:09:14.729199 | GENERATION: 188 | ERRORS: best=125, median=250.0, diversity=0.18 | INDIVIDUALS: n=200, avg_genome_length=24.02
2021-12-07 15:09:16.140684 | GENERATION: 189 | ERRORS: best=125, median=225.0, diversity=0.22 | INDIVIDUALS: n=200, avg_genome_length=23.815
2021-12-07 15:09:17.793052 | GENERATION: 190 | ERRORS: best=125, median=215.0, diversity=0.24 | INDIVIDUALS: n=200, avg_genome_length=23.87
2021-12-07 15:09:19.816692 | GENERATION: 191 | ERRORS: best=125, median=250.0, diversity=0.215 | INDIVIDUALS: n=200, avg_genome_length=23.46
2021-12-07 15:09:21.526940 | GENERATION: 192 | ERRORS: best=125, median=250.0, diversity=0.23 | INDIVIDUALS: n=200, avg_genome_length=24.025
2021-12-07 15:09:23.149999 | GENERATION: 193 | ERRORS: best=125, median=250.0, diversity=0.22 | INDIVIDUALS: n=200, avg_genome_length=22.975
2021-12-07 15:09:24.733504 | GENERATION: 194 | ERRORS: best=125, median=250.0, diversity=0.24 | INDIVIDUALS: n=200, avg_genome_length=22.81
2021-12-07 15:09:26.336074 | GENERATION: 195 | ERRORS: best=125, median=250.0, diversity=0.265 | INDIVIDUALS: n=200, avg_genome_length=22.99
2021-12-07 15:09:28.016646 | GENERATION: 196 | ERRORS: best=125, median=250.0, diversity=0.24 | INDIVIDUALS: n=200, avg_genome_length=24.255
2021-12-07 15:09:29.586450 | GENERATION: 197 | ERRORS: best=125, median=248.0, diversity=0.275 | INDIVIDUALS: n=200, avg_genome_length=24.03
2021-12-07 15:09:31.027944 | GENERATION: 198 | ERRORS: best=125, median=250.0, diversity=0.245 | INDIVIDUALS: n=200, avg_genome_length=23.985
2021-12-07 15:09:32.400627 | GENERATION: 199 | ERRORS: best=125, median=250.0, diversity=0.26 | INDIVIDUALS: n=200, avg_genome_length=24.09
2021-12-07 15:09:33.848395 | GENERATION: 200 | ERRORS: best=125, median=250.0, diversity=0.225 | INDIVIDUALS: n=200, avg_genome_length=23.39
2021-12-07 15:09:35.292311 | GENERATION: 201 | ERRORS: best=125, median=250.0, diversity=0.27 | INDIVIDUALS: n=200, avg_genome_length=23.255
2021-12-07 15:09:36.854587 | GENERATION: 202 | ERRORS: best=125, median=250.0, diversity=0.26 | INDIVIDUALS: n=200, avg_genome_length=22.065
2021-12-07 15:09:38.228960 | GENERATION: 203 | ERRORS: best=125, median=250.0, diversity=0.25 | INDIVIDUALS: n=200, avg_genome_length=22.71
2021-12-07 15:09:39.886601 | GENERATION: 204 | ERRORS: best=125, median=227.0, diversity=0.23 | INDIVIDUALS: n=200, avg_genome_length=23.04
2021-12-07 15:09:41.410821 | GENERATION: 205 | ERRORS: best=125, median=235.0, diversity=0.23 | INDIVIDUALS: n=200, avg_genome_length=23.125
2021-12-07 15:09:42.756579 | GENERATION: 206 | ERRORS: best=125, median=225.0, diversity=0.22 | INDIVIDUALS: n=200, avg_genome_length=22.63
2021-12-07 15:09:44.081525 | GENERATION: 207 | ERRORS: best=125, median=249.5, diversity=0.25 | INDIVIDUALS: n=200, avg_genome_length=23.225
2021-12-07 15:09:45.427253 | GENERATION: 208 | ERRORS: best=125, median=250.0, diversity=0.235 | INDIVIDUALS: n=200, avg_genome_length=22.48
2021-12-07 15:09:46.724042 | GENERATION: 209 | ERRORS: best=125, median=250.0, diversity=0.2 | INDIVIDUALS: n=200, avg_genome_length=22.955
2021-12-07 15:09:48.013773 | GENERATION: 210 | ERRORS: best=125, median=250.0, diversity=0.225 | INDIVIDUALS: n=200, avg_genome_length=23.935
2021-12-07 15:09:49.398843 | GENERATION: 211 | ERRORS: best=125, median=250.0, diversity=0.21 | INDIVIDUALS: n=200, avg_genome_length=24.055
2021-12-07 15:09:50.800503 | GENERATION: 212 | ERRORS: best=125, median=220.0, diversity=0.19 | INDIVIDUALS: n=200, avg_genome_length=24.2
2021-12-07 15:09:52.182990 | GENERATION: 213 | ERRORS: best=125, median=250.0, diversity=0.2 | INDIVIDUALS: n=200, avg_genome_length=23.895
2021-12-07 15:09:53.604279 | GENERATION: 214 | ERRORS: best=125, median=250.0, diversity=0.215 | INDIVIDUALS: n=200, avg_genome_length=25.08
2021-12-07 15:09:54.932542 | GENERATION: 215 | ERRORS: best=125, median=225.0, diversity=0.23 | INDIVIDUALS: n=200, avg_genome_length=24.92
2021-12-07 15:09:56.232014 | GENERATION: 216 | ERRORS: best=125, median=250.0, diversity=0.175 | INDIVIDUALS: n=200, avg_genome_length=24.495
2021-12-07 15:09:57.514804 | GENERATION: 217 | ERRORS: best=125, median=250.0, diversity=0.205 | INDIVIDUALS: n=200, avg_genome_length=23.655
2021-12-07 15:09:58.755466 | GENERATION: 218 | ERRORS: best=125, median=250.0, diversity=0.2 | INDIVIDUALS: n=200, avg_genome_length=23.18
2021-12-07 15:09:59.975546 | GENERATION: 219 | ERRORS: best=125, median=230.0, diversity=0.17 | INDIVIDUALS: n=200, avg_genome_length=22.4
2021-12-07 15:10:01.344059 | GENERATION: 220 | ERRORS: best=125, median=250.0, diversity=0.215 | INDIVIDUALS: n=200, avg_genome_length=22.9
2021-12-07 15:10:02.704311 | GENERATION: 221 | ERRORS: best=125, median=250.0, diversity=0.215 | INDIVIDUALS: n=200, avg_genome_length=22.07
2021-12-07 15:10:04.078968 | GENERATION: 222 | ERRORS: best=125, median=250.0, diversity=0.21 | INDIVIDUALS: n=200, avg_genome_length=21.725
2021-12-07 15:10:05.343316 | GENERATION: 223 | ERRORS: best=125, median=250.0, diversity=0.18 | INDIVIDUALS: n=200, avg_genome_length=21.73
2021-12-07 15:10:06.621149 | GENERATION: 224 | ERRORS: best=125, median=250.0, diversity=0.235 | INDIVIDUALS: n=200, avg_genome_length=22.0
2021-12-07 15:10:07.908298 | GENERATION: 225 | ERRORS: best=125, median=250.0, diversity=0.2 | INDIVIDUALS: n=200, avg_genome_length=22.025
2021-12-07 15:10:09.202582 | GENERATION: 226 | ERRORS: best=125, median=250.0, diversity=0.2 | INDIVIDUALS: n=200, avg_genome_length=22.035
2021-12-07 15:10:10.539389 | GENERATION: 227 | ERRORS: best=125, median=225.0, diversity=0.175 | INDIVIDUALS: n=200, avg_genome_length=21.255
2021-12-07 15:10:11.827742 | GENERATION: 228 | ERRORS: best=125, median=250.0, diversity=0.225 | INDIVIDUALS: n=200, avg_genome_length=22.195
2021-12-07 15:10:13.099570 | GENERATION: 229 | ERRORS: best=125, median=250.0, diversity=0.185 | INDIVIDUALS: n=200, avg_genome_length=22.8
2021-12-07 15:10:14.366085 | GENERATION: 230 | ERRORS: best=125, median=250.0, diversity=0.18 | INDIVIDUALS: n=200, avg_genome_length=22.72
2021-12-07 15:10:15.666006 | GENERATION: 231 | ERRORS: best=125, median=227.0, diversity=0.22 | INDIVIDUALS: n=200, avg_genome_length=22.42
2021-12-07 15:10:17.013051 | GENERATION: 232 | ERRORS: best=125, median=250.0, diversity=0.21 | INDIVIDUALS: n=200, avg_genome_length=23.67
2021-12-07 15:10:18.313590 | GENERATION: 233 | ERRORS: best=125, median=250.0, diversity=0.21 | INDIVIDUALS: n=200, avg_genome_length=23.55
2021-12-07 15:10:19.708538 | GENERATION: 234 | ERRORS: best=125, median=250.0, diversity=0.235 | INDIVIDUALS: n=200, avg_genome_length=23.02
2021-12-07 15:10:20.969911 | GENERATION: 235 | ERRORS: best=125, median=250.0, diversity=0.235 | INDIVIDUALS: n=200, avg_genome_length=21.695
2021-12-07 15:10:22.285587 | GENERATION: 236 | ERRORS: best=125, median=250.0, diversity=0.255 | INDIVIDUALS: n=200, avg_genome_length=22.715
2021-12-07 15:10:23.587933 | GENERATION: 237 | ERRORS: best=125, median=250.0, diversity=0.23 | INDIVIDUALS: n=200, avg_genome_length=21.115
2021-12-07 15:10:24.889576 | GENERATION: 238 | ERRORS: best=125, median=250.0, diversity=0.195 | INDIVIDUALS: n=200, avg_genome_length=20.955
2021-12-07 15:10:26.335722 | GENERATION: 239 | ERRORS: best=125, median=230.0, diversity=0.22 | INDIVIDUALS: n=200, avg_genome_length=21.665
2021-12-07 15:10:27.871308 | GENERATION: 240 | ERRORS: best=125, median=245.0, diversity=0.25 | INDIVIDUALS: n=200, avg_genome_length=22.12
2021-12-07 15:10:29.318199 | GENERATION: 241 | ERRORS: best=125, median=250.0, diversity=0.235 | INDIVIDUALS: n=200, avg_genome_length=21.27
2021-12-07 15:10:30.779921 | GENERATION: 242 | ERRORS: best=125, median=250.0, diversity=0.22 | INDIVIDUALS: n=200, avg_genome_length=21.025
2021-12-07 15:10:32.383708 | GENERATION: 243 | ERRORS: best=125, median=230.0, diversity=0.235 | INDIVIDUALS: n=200, avg_genome_length=21.36
2021-12-07 15:10:34.088906 | GENERATION: 244 | ERRORS: best=125, median=225.0, diversity=0.215 | INDIVIDUALS: n=200, avg_genome_length=22.32
2021-12-07 15:10:35.501580 | GENERATION: 245 | ERRORS: best=125, median=250.0, diversity=0.19 | INDIVIDUALS: n=200, avg_genome_length=22.36
2021-12-07 15:10:37.355121 | GENERATION: 246 | ERRORS: best=125, median=222.5, diversity=0.225 | INDIVIDUALS: n=200, avg_genome_length=22.905
2021-12-07 15:10:38.957798 | GENERATION: 247 | ERRORS: best=125, median=250.0, diversity=0.2 | INDIVIDUALS: n=200, avg_genome_length=21.66
2021-12-07 15:10:40.674830 | GENERATION: 248 | ERRORS: best=125, median=230.0, diversity=0.18 | INDIVIDUALS: n=200, avg_genome_length=22.17
2021-12-07 15:10:42.593968 | GENERATION: 249 | ERRORS: best=125, median=250.0, diversity=0.18 | INDIVIDUALS: n=200, avg_genome_length=22.585
2021-12-07 15:10:44.204111 | GENERATION: 250 | ERRORS: best=125, median=250.0, diversity=0.215 | INDIVIDUALS: n=200, avg_genome_length=20.495
2021-12-07 15:10:45.780172 | GENERATION: 251 | ERRORS: best=125, median=250.0, diversity=0.18 | INDIVIDUALS: n=200, avg_genome_length=21.27
2021-12-07 15:10:47.282925 | GENERATION: 252 | ERRORS: best=125, median=250.0, diversity=0.205 | INDIVIDUALS: n=200, avg_genome_length=19.715
2021-12-07 15:10:49.874737 | GENERATION: 253 | ERRORS: best=125, median=250.0, diversity=0.17 | INDIVIDUALS: n=200, avg_genome_length=21.46
2021-12-07 15:10:51.351885 | GENERATION: 254 | ERRORS: best=125, median=225.0, diversity=0.185 | INDIVIDUALS: n=200, avg_genome_length=21.105
2021-12-07 15:10:53.099922 | GENERATION: 255 | ERRORS: best=125, median=250.0, diversity=0.275 | INDIVIDUALS: n=200, avg_genome_length=21.45
2021-12-07 15:10:54.925634 | GENERATION: 256 | ERRORS: best=125, median=250.0, diversity=0.215 | INDIVIDUALS: n=200, avg_genome_length=22.17
2021-12-07 15:10:56.797838 | GENERATION: 257 | ERRORS: best=125, median=250.0, diversity=0.21 | INDIVIDUALS: n=200, avg_genome_length=21.61
2021-12-07 15:10:58.334820 | GENERATION: 258 | ERRORS: best=125, median=250.0, diversity=0.21 | INDIVIDUALS: n=200, avg_genome_length=20.6
2021-12-07 15:10:59.961568 | GENERATION: 259 | ERRORS: best=125, median=250.0, diversity=0.22 | INDIVIDUALS: n=200, avg_genome_length=20.4
2021-12-07 15:11:02.018231 | GENERATION: 260 | ERRORS: best=125, median=250.0, diversity=0.24 | INDIVIDUALS: n=200, avg_genome_length=21.115
2021-12-07 15:11:03.480789 | GENERATION: 261 | ERRORS: best=125, median=242.5, diversity=0.195 | INDIVIDUALS: n=200, avg_genome_length=21.17
2021-12-07 15:11:04.890005 | GENERATION: 262 | ERRORS: best=125, median=250.0, diversity=0.195 | INDIVIDUALS: n=200, avg_genome_length=20.885
2021-12-07 15:11:06.548320 | GENERATION: 263 | ERRORS: best=125, median=250.0, diversity=0.215 | INDIVIDUALS: n=200, avg_genome_length=20.66
2021-12-07 15:11:07.882393 | GENERATION: 264 | ERRORS: best=125, median=250.0, diversity=0.2 | INDIVIDUALS: n=200, avg_genome_length=21.515
2021-12-07 15:11:09.200317 | GENERATION: 265 | ERRORS: best=125, median=250.0, diversity=0.265 | INDIVIDUALS: n=200, avg_genome_length=20.74
2021-12-07 15:11:10.663837 | GENERATION: 266 | ERRORS: best=125, median=250.0, diversity=0.245 | INDIVIDUALS: n=200, avg_genome_length=20.81
2021-12-07 15:11:11.937856 | GENERATION: 267 | ERRORS: best=125, median=222.5, diversity=0.2 | INDIVIDUALS: n=200, avg_genome_length=19.04
2021-12-07 15:11:13.175812 | GENERATION: 268 | ERRORS: best=125, median=250.0, diversity=0.19 | INDIVIDUALS: n=200, avg_genome_length=19.645
2021-12-07 15:11:14.479204 | GENERATION: 269 | ERRORS: best=125, median=250.0, diversity=0.21 | INDIVIDUALS: n=200, avg_genome_length=20.515
2021-12-07 15:11:15.775800 | GENERATION: 270 | ERRORS: best=125, median=250.0, diversity=0.195 | INDIVIDUALS: n=200, avg_genome_length=20.465
2021-12-07 15:11:17.059145 | GENERATION: 271 | ERRORS: best=125, median=215.0, diversity=0.18 | INDIVIDUALS: n=200, avg_genome_length=20.16
2021-12-07 15:11:18.467585 | GENERATION: 272 | ERRORS: best=125, median=250.0, diversity=0.2 | INDIVIDUALS: n=200, avg_genome_length=21.17
2021-12-07 15:11:19.769725 | GENERATION: 273 | ERRORS: best=125, median=230.5, diversity=0.21 | INDIVIDUALS: n=200, avg_genome_length=20.05
2021-12-07 15:11:21.197140 | GENERATION: 274 | ERRORS: best=125, median=245.5, diversity=0.215 | INDIVIDUALS: n=200, avg_genome_length=20.69
2021-12-07 15:11:22.601112 | GENERATION: 275 | ERRORS: best=125, median=250.0, diversity=0.23 | INDIVIDUALS: n=200, avg_genome_length=21.71
2021-12-07 15:11:23.843521 | GENERATION: 276 | ERRORS: best=125, median=250.0, diversity=0.2 | INDIVIDUALS: n=200, avg_genome_length=20.565
2021-12-07 15:11:25.054713 | GENERATION: 277 | ERRORS: best=125, median=250.0, diversity=0.185 | INDIVIDUALS: n=200, avg_genome_length=21.245
2021-12-07 15:11:26.375765 | GENERATION: 278 | ERRORS: best=125, median=215.0, diversity=0.195 | INDIVIDUALS: n=200, avg_genome_length=22.01
2021-12-07 15:11:27.673797 | GENERATION: 279 | ERRORS: best=125, median=250.0, diversity=0.195 | INDIVIDUALS: n=200, avg_genome_length=22.02
2021-12-07 15:11:29.069251 | GENERATION: 280 | ERRORS: best=125, median=225.0, diversity=0.22 | INDIVIDUALS: n=200, avg_genome_length=23.535
2021-12-07 15:11:30.362310 | GENERATION: 281 | ERRORS: best=125, median=250.0, diversity=0.19 | INDIVIDUALS: n=200, avg_genome_length=23.315
2021-12-07 15:11:31.994290 | GENERATION: 282 | ERRORS: best=125, median=250.0, diversity=0.245 | INDIVIDUALS: n=200, avg_genome_length=23.91
2021-12-07 15:11:33.310381 | GENERATION: 283 | ERRORS: best=125, median=250.0, diversity=0.2 | INDIVIDUALS: n=200, avg_genome_length=22.5
2021-12-07 15:11:34.610252 | GENERATION: 284 | ERRORS: best=125, median=250.0, diversity=0.205 | INDIVIDUALS: n=200, avg_genome_length=22.515
2021-12-07 15:11:35.960180 | GENERATION: 285 | ERRORS: best=125, median=250.0, diversity=0.21 | INDIVIDUALS: n=200, avg_genome_length=23.235
2021-12-07 15:11:37.264113 | GENERATION: 286 | ERRORS: best=125, median=250.0, diversity=0.205 | INDIVIDUALS: n=200, avg_genome_length=23.675
2021-12-07 15:11:38.736476 | GENERATION: 287 | ERRORS: best=125, median=250.0, diversity=0.22 | INDIVIDUALS: n=200, avg_genome_length=23.725
2021-12-07 15:11:40.126791 | GENERATION: 288 | ERRORS: best=125, median=250.0, diversity=0.255 | INDIVIDUALS: n=200, avg_genome_length=22.915
2021-12-07 15:11:41.429958 | GENERATION: 289 | ERRORS: best=125, median=250.0, diversity=0.19 | INDIVIDUALS: n=200, avg_genome_length=23.18
2021-12-07 15:11:42.752800 | GENERATION: 290 | ERRORS: best=125, median=250.0, diversity=0.23 | INDIVIDUALS: n=200, avg_genome_length=22.22
2021-12-07 15:11:44.257871 | GENERATION: 291 | ERRORS: best=125, median=225.0, diversity=0.285 | INDIVIDUALS: n=200, avg_genome_length=22.22
2021-12-07 15:11:45.561205 | GENERATION: 292 | ERRORS: best=125, median=250.0, diversity=0.205 | INDIVIDUALS: n=200, avg_genome_length=22.77
2021-12-07 15:11:46.912750 | GENERATION: 293 | ERRORS: best=125, median=225.0, diversity=0.23 | INDIVIDUALS: n=200, avg_genome_length=20.66
2021-12-07 15:11:48.174500 | GENERATION: 294 | ERRORS: best=125, median=225.0, diversity=0.205 | INDIVIDUALS: n=200, avg_genome_length=19.9
2021-12-07 15:11:49.357132 | GENERATION: 295 | ERRORS: best=125, median=250.0, diversity=0.23 | INDIVIDUALS: n=200, avg_genome_length=20.75
2021-12-07 15:11:50.713526 | GENERATION: 296 | ERRORS: best=125, median=250.0, diversity=0.25 | INDIVIDUALS: n=200, avg_genome_length=22.445
2021-12-07 15:11:52.187252 | GENERATION: 297 | ERRORS: best=125, median=250.0, diversity=0.25 | INDIVIDUALS: n=200, avg_genome_length=23.115
2021-12-07 15:11:53.525907 | GENERATION: 298 | ERRORS: best=125, median=250.0, diversity=0.205 | INDIVIDUALS: n=200, avg_genome_length=21.425
2021-12-07 15:11:54.817021 | GENERATION: 299 | ERRORS: best=125, median=215.0, diversity=0.175 | INDIVIDUALS: n=200, avg_genome_length=21.205
2021-12-07 15:11:56.198376 | GENERATION: 300 | ERRORS: best=125, median=250.0, diversity=0.215 | INDIVIDUALS: n=200, avg_genome_length=20.88
Simplifying genome of length 64 with total error 125.
Simplified genome by 1 to length 63.
Simplified genome by 2 to length 61.
Simplified genome by 1 to length 60.
Simplified genome by 1 to length 59.
Simplified genome by 2 to length 57.
Simplified genome by 2 to length 55.
Simplified genome by 1 to length 54.
Simplified genome by 3 to length 51.
Simplified genome by 1 to length 50.
Simplified genome by 1 to length 49.
Simplified genome by 2 to length 47.
Simplified genome by 3 to length 44.
Simplified genome by 2 to length 42.
Simplified genome by 3 to length 39.
Simplified genome by 2 to length 37.
Simplified genome by 1 to length 36.
Simplified genome by 1 to length 35.
Simplified genome by 1 to length 34.
Simplified genome by 1 to length 33.
Simplified genome by 1 to length 32.
Simplified genome by 1 to length 31.
Simplified genome by 1 to length 30.
Simplified genome by 2 to length 28.
Simplified genome by 1 to length 27.
Simplified genome by 2 to length 25.
Simplified genome by 1 to length 24.
Simplified genome by 1 to length 23.
Simplified genome by 2 to length 21.
Simplified genome by 3 to length 18.
Simplified genome by 2 to length 16.
Simplified genome by 1 to length 15.
Simplified genome by 1 to length 14.
Simplified genome by 1 to length 13.
Simplified genome by 1 to length 12.
Simplified genome by 1 to length 11.
Simplified genome by 2 to length 9.
Simplified genome by 1 to length 8.
Simplified genome to length 8 and total error 125.
========================================
End Run
========================================
No solution found.
Best Seen Individual
	Genome:
	 pvector([Literal(value='small', push_type=<pyshgp.push.types.PushStrType object at 0x7f248e724a00>), InstructionMeta(name='exec_swap', code_blocks=2), InstructionMeta(name='print_str', code_blocks=0), Closer(), Input(input_index=0), InstructionMeta(name='exec_yank_dup', code_blocks=0), Closer(), Literal(value='large', push_type=<pyshgp.push.types.PushStrType object at 0x7f248e724820>)])
	Program:
	 ("small" exec_swap (print_str) (input_0 exec_yank_dup) "large")
	Error vector:
	 [5 0 0 0 0 0 0 0 0 5 0 0 0 0 5 0 0 0 0 0 0 0 0 0 0 0 5 5 0 0 0 0 5 0 5 0 5
 0 0 5 0 5 0 0 0 0 0 0 0 0 5 0 5 0 0 0 0 5 0 0 0 0 0 0 0 0 0 0 5 5 0 0 0 0
 0 0 5 0 0 0 0 5 0 5 5 0 0 0 0 5 0 0 5 5 0 0 5 5 0 5]
	Total error:
	 125
	Test error:
	 545
	Time:
	 00:08:50
